Log file open, 06/10/17 19:56:19
LogInit:Display: Running engine for game: UNNAMED
LogPlatformFile: Not using cached read wrapper
LogInit:Display: RandInit(967349144) SRandInit(967349144).
LogTaskGraph: Started task graph with 5 named threads and 8 total threads with 1 sets of task threads.
LogStats: Stats thread started at 0.096201
LogInit: Using libcurl 7.47.1
LogInit:  - built for x86_64-pc-win32
LogInit:  - supports SSL with OpenSSL/1.0.2g
LogInit:  - supports HTTP deflate (compression) using libz 1.2.8
LogInit:  - other features:
LogInit:      CURL_VERSION_SSL
LogInit:      CURL_VERSION_LIBZ
LogInit:      CURL_VERSION_IPV6
LogInit:      CURL_VERSION_ASYNCHDNS
LogInit:      CURL_VERSION_LARGEFILE
LogInit:      CURL_VERSION_IDN
LogInit:  CurlRequestOptions (configurable via config and command line):
LogInit:  - bVerifyPeer = false  - Libcurl will NOT verify peer certificate
LogInit:  - bUseHttpProxy = false  - Libcurl will NOT use HTTP proxy
LogInit:  - bDontReuseConnections = false  - Libcurl will reuse connections
LogInit:  - CertBundlePath = nullptr  - Libcurl will use whatever was configured at build time.
LogOnline:Display: STEAM: Loading Steam SDK 1.32
LogInit: WinSock: version 1.1 (2.2), MaxSocks=32767, MaxUdp=65467
LogInit: Build: ++UE4+Release-4.15-CL-3450819
LogInit: Engine Version: 4.15.3-3450819+++UE4+Release-4.15
LogInit: Compatible Engine Version: 4.15.0-3299760+++UE4+Release-4.15
LogInit: Net CL: 3299760
LogDevObjectVersion: Number of dev versions registered: 14
LogDevObjectVersion:   Dev-Blueprints (B0D832E4-1F89-4F0D-ACCF-7EB736FD4AA2): 8
LogDevObjectVersion:   Dev-Build (E1C64328-A22C-4D53-A36C-8E866417BD8C): 0
LogDevObjectVersion:   Dev-Core (375EC13C-06E4-48FB-B500-84F0262A717E): 2
LogDevObjectVersion:   Dev-Editor (E4B068ED-F494-42E9-A231-DA0B2E46BB41): 14
LogDevObjectVersion:   Dev-Framework (CFFC743F-43B0-4480-9391-14DF171D2073): 22
LogDevObjectVersion:   Dev-Mobile (B02B49B5-BB20-44E9-A304-32B752E40360): 0
LogDevObjectVersion:   Dev-Networking (A4E4105C-59A1-49B5-A7C5-40C4547EDFEE): 0
LogDevObjectVersion:   Dev-Online (39C831C9-5AE6-47DC-9A44-9C173E1C8E7C): 0
LogDevObjectVersion:   Dev-Physics (78F01B33-EBEA-4F98-B9B4-84EACCB95AA2): 0
LogDevObjectVersion:   Dev-Platform (6631380F-2D4D-43E0-8009-CF276956A95A): 0
LogDevObjectVersion:   Dev-Rendering (12F88B9F-8875-4AFC-A67C-D90C383ABD29): 12
LogDevObjectVersion:   Dev-Sequencer (7B5AE74C-D270-4C10-A958-57980B212A5A): 3
LogDevObjectVersion:   Dev-VR (D7296918-1DD6-4BDD-9DE2-64A83CC13884): 0
LogDevObjectVersion:   Dev-LoadTimes (C2A15278-BFE7-4AFE-6C17-90FF531DF755): 1
LogInit: Compiled (64-bit): May 21 2017 11:02:34
LogInit: Compiled with Visual C++: 19.00.23026.00
LogInit: Build Configuration: Development
LogInit: Branch Name: ++UE4+Release-4.15
LogInit: Command line:  /Temp/Autosaves/Game/Map/UEDPCMainR -game -PIEVIACONSOLE -WinX=100 -WinY=100 -ResX=1600 -ResY=900  -Multiprocess -messaging -SessionName="Play in Standalone Game" -windowed 
LogInit: Base directory: C:/Program Files/Epic Games/UE_4.15/Engine/Binaries/Win64/
LogInit: Installed Engine Build: 1
LogInit: Presizing for max 8388607 objects, including 0 objects not considered by GC, pre-allocating 0 bytes for permanent pool.
LogInit: Object subsystem initialized
[2017.06.10-10.56.21:191][  0]LogInit: Selected Device Profile: [Windows]
[2017.06.10-10.56.21:191][  0]LogInit: Applying CVar settings loaded from the selected device profile: [Windows]
[2017.06.10-10.56.21:196][  0]LogInit: Computer: DESKTOP-5I3HB32
[2017.06.10-10.56.21:196][  0]LogInit: User: jcy
[2017.06.10-10.56.21:196][  0]LogInit: CPU Page size=65536, Cores=4
[2017.06.10-10.56.21:196][  0]LogInit: High frequency timer resolution =2.533211 MHz
[2017.06.10-10.56.21:196][  0]LogMemory: Memory total: Physical=11.9GB (12GB approx)
[2017.06.10-10.56.21:196][  0]LogMemory: Platform Memory Stats for Windows
[2017.06.10-10.56.21:196][  0]LogMemory: Process Physical Memory: 303.60 MB used, 303.60 MB peak
[2017.06.10-10.56.21:196][  0]LogMemory: Process Virtual Memory: 283.75 MB used, 283.75 MB peak
[2017.06.10-10.56.21:196][  0]LogMemory: Physical Memory: 6899.64 MB used,  5310.22 MB free, 12209.86 MB total
[2017.06.10-10.56.21:196][  0]LogMemory: Virtual Memory: 751.90 MB used,  5310.22 MB free, 134217728.00 MB total
[2017.06.10-10.56.21:321][  0]LogTextLocalizationManager: No specific translations for ('ko-KR') exist, so ('ko') translations will be used.
[2017.06.10-10.56.21:380][  0]LogTextLocalizationManager:Warning: Loaded localization resources contain conflicting entries for (Namespace:KismetSchema, Key:Default):
Localization Resource: (C:/Program Files/Epic Games/UE_4.15/Engine/Content/Localization/EditorTutorials/ko/EditorTutorials.locres) Source String Hash: (940523119) Localized String: (디폴트)
Localization Resource: (C:/Program Files/Epic Games/UE_4.15/Engine/Content/Localization/Engine/ko/Engine.locres) Source String Hash: (940523119) Localized String: (기본)
[2017.06.10-10.56.21:380][  0]LogTextLocalizationManager:Warning: Loaded localization resources contain conflicting entries for (Namespace:UObjectToolTips, Key:AnimNode_AssetPlayerBase:InternalTimeAccumulator):
Localization Resource: (C:/Program Files/Epic Games/UE_4.15/Engine/Content/Localization/EditorTutorials/ko/EditorTutorials.locres) Source String Hash: (502993589) Localized String: (이 노드에서 애셋을 레퍼런싱하는 데 사용되는 누적 시간입니다.)
Localization Resource: (C:/Program Files/Epic Games/UE_4.15/Engine/Content/Localization/ToolTips/ko/ToolTips.locres) Source String Hash: (502993589) Localized String: (내부 시간 누산기 - 이 노드에서 애셋을 레퍼런싱하는 데 사용된 누적 시간입니다.)
Localization Resource: (C:/Program Files/Epic Games/UE_4.15/Engine/Content/Localization/Engine/ko/Engine.locres) Source String Hash: (502993589) Localized String: (이 노드에서 애셋을 레퍼런싱하는 데 사용된 누적 시간입니다.)
[2017.06.10-10.56.21:380][  0]LogTextLocalizationManager:Warning: Loaded localization resources contain conflicting entries for (Namespace:UObjectToolTips, Key:AnimNode_AssetPlayerBase:bIgnoreForRelevancyTest):
Localization Resource: (C:/Program Files/Epic Games/UE_4.15/Engine/Content/Localization/EditorTutorials/ko/EditorTutorials.locres) Source String Hash: (319969718) Localized String: (True 면, 스테이트에서 최고 가중치 애니메이션을 찾는 "Relevant anim" 노드는 이 노드를 무시합니다.
 )
Localization Resource: (C:/Program Files/Epic Games/UE_4.15/Engine/Content/Localization/ToolTips/ko/ToolTips.locres) Source String Hash: (319969718) Localized String: (연관성 테스트에 무시 - true 인 경우 스테이트 내 최고 웨이팅된 애니메이션을 찾는 "Relevant anim" (연관 애님) 노드가
이 노드를 무시합니다.)
Localization Resource: (C:/Program Files/Epic Games/UE_4.15/Engine/Content/Localization/Engine/ko/Engine.locres) Source String Hash: (319969718) Localized String: (True 면 스테이트 내 최고 웨이팅된 애니메이션을 찾는 "Relevant anim" 노드가 무시됩니다.
 )
[2017.06.10-10.56.21:380][  0]LogTextLocalizationManager:Warning: Loaded localization resources contain conflicting entries for (Namespace:UObjectToolTips, Key:AnimNode_AssetPlayerBase:BlendWeight):
Localization Resource: (C:/Program Files/Epic Games/UE_4.15/Engine/Content/Localization/EditorTutorials/ko/EditorTutorials.locres) Source String Hash: (-1232800293) Localized String: (이 노드에 마지막 걸린 블렌드웨이트 입니다.)
Localization Resource: (C:/Program Files/Epic Games/UE_4.15/Engine/Content/Localization/ToolTips/ko/ToolTips.locres) Source String Hash: (-1232800293) Localized String: (블렌드 웨이트 - 이 노드에 대해 마지막으로 접한 블렌드 웨이트입니다.)
Localization Resource: (C:/Program Files/Epic Games/UE_4.15/Engine/Content/Localization/Engine/ko/Engine.locres) Source String Hash: (-1232800293) Localized String: (이 노드에 대해 마지막 접한 블렌드 웨이트)
[2017.06.10-10.56.21:380][  0]LogTextLocalizationManager:Warning: Loaded localization resources contain conflicting entries for (Namespace:UObjectToolTips, Key:AnimNode_BlendSpacePlayer:bLoop):
Localization Resource: (C:/Program Files/Epic Games/UE_4.15/Engine/Content/Localization/EditorTutorials/ko/EditorTutorials.locres) Source String Hash: (2133979316) Localized String: (애니메이션이 끝까지 재생되면 반복할까요?)
Localization Resource: (C:/Program Files/Epic Games/UE_4.15/Engine/Content/Localization/ToolTips/ko/ToolTips.locres) Source String Hash: (2133979316) Localized String: (루프 - 애니메이션이 끝에 도달했을 때 계속 반복할까요?)
[2017.06.10-10.56.21:380][  0]LogTextLocalizationManager:Warning: Loaded localization resources contain conflicting entries for (Namespace:UObjectToolTips, Key:AnimNode_StateMachine:bSkipFirstUpdateTransition):
Localization Resource: (C:/Program Files/Epic Games/UE_4.15/Engine/Content/Localization/EditorTutorials/ko/EditorTutorials.locres) Source String Hash: (1865475011) Localized String: (첫 업데이트시 도입 상태에서의 트랜지션을 건너뛸까요? 
기본은 true 로, 첫 업데이트시에는 트랜지션 데이터를 버립니다.)
Localization Resource: (C:/Program Files/Epic Games/UE_4.15/Engine/Content/Localization/ToolTips/ko/ToolTips.locres) Source String Hash: (1865475011) Localized String: (첫 번째 업데이트 트랜지션 건너뛰기 - 첫 번째 업데이트에서 입력 스테이트의 트랜지션을 건너뜁니까?
디폴트는 true 고 첫 번째 업데이트의 트랜지션 데이터를 버립니다.)
[2017.06.10-10.56.21:380][  0]LogTextLocalizationManager:Warning: Loaded localization resources contain conflicting entries for (Namespace:UObjectToolTips, Key:AnimNode_BlendSpacePlayer:X):
Localization Resource: (C:/Program Files/Epic Games/UE_4.15/Engine/Content/Localization/EditorTutorials/ko/EditorTutorials.locres) Source String Hash: (2060772590) Localized String: (블렌드스페이스에서 샘플링할 X 좌표입니다.)
Localization Resource: (C:/Program Files/Epic Games/UE_4.15/Engine/Content/Localization/ToolTips/ko/ToolTips.locres) Source String Hash: (2060772590) Localized String: (X - 블렌드스페이스 샘플의 X 좌표입니다.)
[2017.06.10-10.56.21:380][  0]LogTextLocalizationManager:Warning: Loaded localization resources contain conflicting entries for (Namespace:UObjectToolTips, Key:AnimNode_BlendSpacePlayer:Y):
Localization Resource: (C:/Program Files/Epic Games/UE_4.15/Engine/Content/Localization/EditorTutorials/ko/EditorTutorials.locres) Source String Hash: (-1719607538) Localized String: (블렌드스페이스에서 샘플링할 Y 좌표입니다.)
Localization Resource: (C:/Program Files/Epic Games/UE_4.15/Engine/Content/Localization/ToolTips/ko/ToolTips.locres) Source String Hash: (-1719607538) Localized String: (Y - 블렌드스페이스 샘플의 Y 좌표입니다.)
[2017.06.10-10.56.21:380][  0]LogTextLocalizationManager:Warning: Loaded localization resources contain conflicting entries for (Namespace:UObjectToolTips, Key:AnimNode_BlendSpacePlayer:Z):
Localization Resource: (C:/Program Files/Epic Games/UE_4.15/Engine/Content/Localization/EditorTutorials/ko/EditorTutorials.locres) Source String Hash: (1728943471) Localized String: (블렌드스페이스에서 샘플링할 Z 좌표입니다.)
Localization Resource: (C:/Program Files/Epic Games/UE_4.15/Engine/Content/Localization/ToolTips/ko/ToolTips.locres) Source String Hash: (1728943471) Localized String: (Z - 블렌드스페이스 샘플의 Z 좌표입니다.)
[2017.06.10-10.56.21:380][  0]LogTextLocalizationManager:Warning: Loaded localization resources contain conflicting entries for (Namespace:UObjectToolTips, Key:AnimNode_BlendSpacePlayer:BlendSpace):
Localization Resource: (C:/Program Files/Epic Games/UE_4.15/Engine/Content/Localization/EditorTutorials/ko/EditorTutorials.locres) Source String Hash: (1599043277) Localized String: (재생할 블렌드스페이스 애셋입니다.)
Localization Resource: (C:/Program Files/Epic Games/UE_4.15/Engine/Content/Localization/ToolTips/ko/ToolTips.locres) Source String Hash: (1599043277) Localized String: (블렌드스페이스 - 재생할 블렌드스페이스 애셋입니다.)
[2017.06.10-10.56.21:380][  0]LogTextLocalizationManager:Warning: Loaded localization resources contain conflicting entries for (Namespace:UObjectToolTips, Key:AnimNode_StateMachine:MaxTransitionsPerFrame):
Localization Resource: (C:/Program Files/Epic Games/UE_4.15/Engine/Content/Localization/EditorTutorials/ko/EditorTutorials.locres) Source String Hash: (1567650430) Localized String: (이 머신에서 한 프레임 내 '동시에' 취할 수 있는 트랜지션 최대 수입니다.)
Localization Resource: (C:/Program Files/Epic Games/UE_4.15/Engine/Content/Localization/ToolTips/ko/ToolTips.locres) Source String Hash: (1567650430) Localized String: (프레임 당 최대 트랜지션 - 한 프레임에서 이 머신이 동시에 취할 수 있는 트랜지션 최대 수입니다.)
[2017.06.10-10.56.21:380][  0]LogTextLocalizationManager:Warning: Loaded localization resources contain conflicting entries for (Namespace:UObjectToolTips, Key:AnimNode_BlendSpacePlayer:PlayRate):
Localization Resource: (C:/Program Files/Epic Games/UE_4.15/Engine/Content/Localization/EditorTutorials/ko/EditorTutorials.locres) Source String Hash: (-1274923958) Localized String: (재생 속도 배수입니다. 음수가 되면 애니메이션을 역순으로 재생하게 됩니다.)
Localization Resource: (C:/Program Files/Epic Games/UE_4.15/Engine/Content/Localization/ToolTips/ko/ToolTips.locres) Source String Hash: (-1274923958) Localized String: (재생 속도 - 재생 속도 배수입니다. 음수가 되면 애니메이션을 거꾸로 재생합니다.)
[2017.06.10-10.56.21:380][  0]LogTextLocalizationManager:Warning: Loaded localization resources contain conflicting entries for (Namespace:UObjectToolTips, Key:AnimNode_BlendSpacePlayer:StartPosition):
Localization Resource: (C:/Program Files/Epic Games/UE_4.15/Engine/Content/Localization/EditorTutorials/ko/EditorTutorials.locres) Source String Hash: (-207153555) Localized String: (시작 위치 범위는 [0,1] 이며, 재초기화시에만 적용됩니다.
루핑을 하면, 1 회전 후 0.f 부터 시작할 것입니다.)
Localization Resource: (C:/Program Files/Epic Games/UE_4.15/Engine/Content/Localization/ToolTips/ko/ToolTips.locres) Source String Hash: (-207153555) Localized String: (시작 위치 - [0, 1] 범위의 시작 위치로, 재초기화할 때만 적용됩니다.
반복하면 1회전 후 0.f 부터 시작됩니다.)
[2017.06.10-10.56.21:380][  0]LogTextLocalizationManager:Warning: Loaded localization resources contain conflicting entries for (Namespace:UObjectToolTips, Key:CameraFilmbackSettings:SensorWidth):
Localization Resource: (C:/Program Files/Epic Games/UE_4.15/Engine/Content/Localization/ToolTips/ko/ToolTips.locres) Source String Hash: (-1448580153) Localized String: (센서 폭 - 필름백 또는 디지털 센서의 가로 크기로, mm 단위입니다.)
Localization Resource: (C:/Program Files/Epic Games/UE_4.15/Engine/Content/Localization/Engine/ko/Engine.locres) Source String Hash: (-1448580153) Localized String: (필름백 또는 디지털 센서의 가로 크기로, mm 단위입니다.)
[2017.06.10-10.56.21:380][  0]LogTextLocalizationManager:Warning: Loaded localization resources contain conflicting entries for (Namespace:UObjectToolTips, Key:CameraFilmbackSettings:SensorAspectRatio):
Localization Resource: (C:/Program Files/Epic Games/UE_4.15/Engine/Content/Localization/ToolTips/ko/ToolTips.locres) Source String Hash: (-194807515) Localized String: (센서 종횡비 - 읽기 전용입니다. 센서 치수에서 계산했습니다.)
Localization Resource: (C:/Program Files/Epic Games/UE_4.15/Engine/Content/Localization/Engine/ko/Engine.locres) Source String Hash: (-194807515) Localized String: (읽기 전용입니다. 센서 크기에서 계산했습니다.)
[2017.06.10-10.56.21:380][  0]LogTextLocalizationManager:Warning: Loaded localization resources contain conflicting entries for (Namespace:UObjectToolTips, Key:AnimNode_SequencePlayer:bLoopAnimation):
Localization Resource: (C:/Program Files/Epic Games/UE_4.15/Engine/Content/Localization/ToolTips/ko/ToolTips.locres) Source String Hash: (2133979316) Localized String: (루프 - 애니메이션이 끝에 도달했을 때 계속 반복시켜야 할까요?)
Localization Resource: (C:/Program Files/Epic Games/UE_4.15/Engine/Content/Localization/Engine/ko/Engine.locres) Source String Hash: (2133979316) Localized String: (애니메이션이 끝에 도달하면 계속해서 루핑시킬것인지 입니다.)
[2017.06.10-10.56.21:380][  0]LogTextLocalizationManager:Warning: Loaded localization resources contain conflicting entries for (Namespace:UObjectToolTips, Key:AnimNode_SequencePlayer:Sequence):
Localization Resource: (C:/Program Files/Epic Games/UE_4.15/Engine/Content/Localization/ToolTips/ko/ToolTips.locres) Source String Hash: (421436424) Localized String: (시퀀스 - 재생할 애니메이션 시퀀스 애셋입니다.)
Localization Resource: (C:/Program Files/Epic Games/UE_4.15/Engine/Content/Localization/Engine/ko/Engine.locres) Source String Hash: (421436424) Localized String: (재생할 애니메이션 시퀀스 애셋입니다.)
[2017.06.10-10.56.21:380][  0]LogTextLocalizationManager:Warning: Loaded localization resources contain conflicting entries for (Namespace:UObjectToolTips, Key:AnimNode_SequencePlayer:PlayRate):
Localization Resource: (C:/Program Files/Epic Games/UE_4.15/Engine/Content/Localization/ToolTips/ko/ToolTips.locres) Source String Hash: (-1274923958) Localized String: (재생 속도 - 재생 속도 배수입니다. 음수가 될 수 있으며, 그러면 애니메이션이 거꾸로 재생됩니다.)
Localization Resource: (C:/Program Files/Epic Games/UE_4.15/Engine/Content/Localization/Engine/ko/Engine.locres) Source String Hash: (-1274923958) Localized String: (플레이 속도 배수입니다. 음수가 되면 애니메이션이 역방향으로 재생됩니다.)
[2017.06.10-10.56.21:380][  0]LogTextLocalizationManager:Warning: Loaded localization resources contain conflicting entries for (Namespace:UObjectToolTips, Key:AnimNode_SequencePlayer:StartPosition):
Localization Resource: (C:/Program Files/Epic Games/UE_4.15/Engine/Content/Localization/ToolTips/ko/ToolTips.locres) Source String Hash: (771611000) Localized String: (시작 위치 - 시작 위치로 재초기화할 때만 적용됩니다.
반복하면, 1회전 후 0.f 부터 시작됩니다.)
Localization Resource: (C:/Program Files/Epic Games/UE_4.15/Engine/Content/Localization/Engine/ko/Engine.locres) Source String Hash: (771611000) Localized String: (시작 위치로, 재초기화시에만 적용됩니다.
루핑을 하면, 1회전 후 0.f 부터 시작할 것입니다.)
[2017.06.10-10.56.21:380][  0]LogTextLocalizationManager:Warning: Loaded localization resources contain conflicting entries for (Namespace:UObjectToolTips, Key:CameraFilmbackSettings:SensorHeight):
Localization Resource: (C:/Program Files/Epic Games/UE_4.15/Engine/Content/Localization/ToolTips/ko/ToolTips.locres) Source String Hash: (-1311569777) Localized String: (센서 높이 - 필름백 또는 디지털 센서의 세로 크기로, mm 단위입니다.)
Localization Resource: (C:/Program Files/Epic Games/UE_4.15/Engine/Content/Localization/Engine/ko/Engine.locres) Source String Hash: (-1311569777) Localized String: (필름백 또는 디지털 센서의 세로 크기로, mm 단위입니다.)
[2017.06.10-10.56.21:581][  0]LogD3D11RHI: D3D11 adapters:
[2017.06.10-10.56.22:220][  0]LogD3D11RHI:    0. 'NVIDIA GeForce GTX 960M' (Feature Level 11_0)
[2017.06.10-10.56.22:220][  0]LogD3D11RHI:       2019/0/6104 MB DedicatedVideo/DedicatedSystem/SharedSystem, Outputs:2, VendorId:0x10de
[2017.06.10-10.56.22:228][  0]LogD3D11RHI:    1. 'Intel(R) HD Graphics 4600' (Feature Level 11_0)
[2017.06.10-10.56.22:228][  0]LogD3D11RHI:       112/0/2048 MB DedicatedVideo/DedicatedSystem/SharedSystem, Outputs:0, VendorId:0x8086
[2017.06.10-10.56.22:231][  0]LogD3D11RHI:    2. 'Microsoft Basic Render Driver' (Feature Level 11_0)
[2017.06.10-10.56.22:231][  0]LogD3D11RHI:       0/0/6104 MB DedicatedVideo/DedicatedSystem/SharedSystem, Outputs:0, VendorId:0x1414
[2017.06.10-10.56.22:231][  0]LogD3D11RHI: Chosen D3D11 Adapter: 0
[2017.06.10-10.56.22:240][  0]LogD3D11RHI: Creating new Direct3DDevice
[2017.06.10-10.56.22:240][  0]LogD3D11RHI:     GPU DeviceId: 0x139b (for the marketing name, search the web for "GPU Device Id")
[2017.06.10-10.56.22:240][  0]LogWindows: EnumDisplayDevices:
[2017.06.10-10.56.22:241][  0]LogWindows:    0. 'Intel(R) HD Graphics 4600' (P:1 D:1)
[2017.06.10-10.56.22:242][  0]LogWindows:    1. 'Intel(R) HD Graphics 4600' (P:0 D:1)
[2017.06.10-10.56.22:243][  0]LogWindows:    2. 'Intel(R) HD Graphics 4600' (P:0 D:0)
[2017.06.10-10.56.22:243][  0]LogWindows: DebugString: PrimaryIsNotTheChoosenAdapter PrimaryIsNotTheChoosenAdapter PrimaryIsNotTheChoosenAdapter FoundDriverCount:0 
[2017.06.10-10.56.22:243][  0]LogD3D11RHI:     Adapter Name: NVIDIA GeForce GTX 960M
[2017.06.10-10.56.22:243][  0]LogD3D11RHI:   Driver Version: Unknown (internal:Unknown, unified:Unknown)
[2017.06.10-10.56.22:243][  0]LogD3D11RHI:      Driver Date: Unknown
[2017.06.10-10.56.22:243][  0]LogRHI: Texture pool is 1361 MB (70% of 1945 MB)
[2017.06.10-10.56.22:804][  0]LogD3D11RHI: Async texture creation enabled
[2017.06.10-10.56.23:117][  0]LogD3D11RHI: GPU Timing Frequency: 1000.000000 (Debug: 2 1)
[2017.06.10-10.56.23:120][  0]LogShaderCompilers: Guid format shader working directory is -17 characters bigger than the processId version (../../../../../../Users/jcy/Documents/GitHub/UNNAMED/UNNAMED/Intermediate/Shaders/WorkingDirectory/18880/).
[2017.06.10-10.56.23:120][  0]LogShaderCompilers: Cleaned the shader compiler working directory 'C:/Users/jcy/AppData/Local/Temp/UnrealShaderWorkingDir/ED5839DF482A8D9F2F465C8813BF3647/'.
[2017.06.10-10.56.23:120][  0]LogShaderCompilers:Display: Using Local Shader Compiler.
[2017.06.10-10.56.24:467][  0]LogTemp:Display: Loaded TP WindowsClientTargetPlatform
[2017.06.10-10.56.24:542][  0]LogTemp:Display: Loaded TP WindowsNoEditorTargetPlatform
[2017.06.10-10.56.24:616][  0]LogTemp:Display: Loaded TP WindowsServerTargetPlatform
[2017.06.10-10.56.24:679][  0]LogTemp:Display: Loaded TP WindowsTargetPlatform
[2017.06.10-10.56.24:679][  0]LogTargetPlatformManager:Display: Building Assets For Windows
[2017.06.10-10.56.25:294][  0]LogDerivedDataCache:Display: Max Cache Size: 512 MB
[2017.06.10-10.56.25:358][  0]LogDerivedDataCache: Loaded boot cache 0.06s 60MB C:/Users/jcy/AppData/Local/UnrealEngine/4.15/DerivedDataCache/Boot.ddc.
[2017.06.10-10.56.25:358][  0]LogDerivedDataCache:Display: Loaded Boot cache: C:/Users/jcy/AppData/Local/UnrealEngine/4.15/DerivedDataCache/Boot.ddc
[2017.06.10-10.56.25:358][  0]LogDerivedDataCache: FDerivedDataBackendGraph:  Pak pak cache file ../../../../../../Users/jcy/Documents/GitHub/UNNAMED/UNNAMED/DerivedDataCache/DDC.ddp not found, will not use a pak cache.
[2017.06.10-10.56.25:358][  0]LogDerivedDataCache: Unable to find inner node Pak for hierarchical cache Hierarchy.
[2017.06.10-10.56.25:358][  0]LogDerivedDataCache: FDerivedDataBackendGraph:  CompressedPak pak cache file ../../../../../../Users/jcy/Documents/GitHub/UNNAMED/UNNAMED/DerivedDataCache/Compressed.ddp not found, will not use a pak cache.
[2017.06.10-10.56.25:358][  0]LogDerivedDataCache: Unable to find inner node CompressedPak for hierarchical cache Hierarchy.
[2017.06.10-10.56.25:375][  0]LogDerivedDataCache:Display: Pak cache opened for reading ../../../Engine/DerivedDataCache/Compressed.ddp.
[2017.06.10-10.56.25:387][  0]LogDerivedDataCache: Using Local data cache path C:/Users/jcy/AppData/Local/UnrealEngine/Common/DerivedDataCache: Writable
[2017.06.10-10.56.25:397][  0]LogSlate: Using Freetype 2.6.0
[2017.06.10-10.56.25:398][  0]LogSlate: SlateFontCache - WITH_FREETYPE: 1, WITH_HARFBUZZ: 1
[2017.06.10-10.56.25:398][  0]LogSlate: SlateFontCache - WITH_FREETYPE: 1, WITH_HARFBUZZ: 1
[2017.06.10-10.56.25:897][  0]LogAssetRegistry: FAssetRegistry took 0.0001 seconds to start up
[2017.06.10-10.56.25:903][  0]LogPackageLocalizationCache: Processed 3 localized package path(s) for 2 prioritized culture(s) in 0.005868 seconds
[2017.06.10-10.56.25:921][  0]LogInit: Selected Device Profile: [Windows]
[2017.06.10-10.56.25:922][  0]LogContentStreaming: Texture pool size is 1000.00 MB
[2017.06.10-10.56.26:178][  0]LogMeshUtilities: Using QuadricMeshReduction for automatic static mesh reduction
[2017.06.10-10.56.26:240][  0]LogSimplygon: Simplygon DLL not present - disabling.
[2017.06.10-10.56.26:318][  0]LogMeshUtilities: Using SimplygonSwarm for distributed automatic mesh merging
[2017.06.10-10.56.26:318][  0]LogMeshUtilities: No automatic skeletal mesh reduction module available
[2017.06.10-10.56.26:318][  0]LogMeshUtilities: No automatic mesh merging module available
[2017.06.10-10.56.26:877][  0]LogNetVersion: GetLocalNetworkVersion: CL: 3299760, ProjectName: unnamed, ProjectVersion: , EngineNetworkVersion: 2, GameNetworkVersion: 0, NetworkChecksum: 1184173371
[2017.06.10-10.56.28:048][  0]LogMoviePlayer: Initializing movie player
[2017.06.10-10.56.28:178][  0]LogWindowsTextInputMethodSystem:Display: IME system now activated using TSF (Microsoft 입력기).
[2017.06.10-10.56.28:677][  0]LogTcpMessaging: Initializing TcpMessaging bridge
[2017.06.10-10.56.28:730][  0]LogUdpMessaging: Initializing bridge on interface 0.0.0.0:0 to multicast group 230.0.0.1:6666.
[2017.06.10-10.56.29:142][  0]SourceControl: 정보 소스 콘트롤이 꺼졌습니다.
[2017.06.10-10.56.29:142][  0]SourceControl: 정보 소스 콘트롤이 꺼졌습니다.
[2017.06.10-10.56.29:216][  0]SourceControl: 정보 소스 콘트롤이 꺼졌습니다.
[2017.06.10-10.56.30:201][  0]LogUObjectArray: 34415 objects as part of root set at end of initial load.
[2017.06.10-10.56.30:201][  0]LogUObjectAllocator: 7853176 out of 0 bytes used by permanent object pool.
[2017.06.10-10.56.30:201][  0]LogUObjectArray: CloseDisregardForGC: 0/0 objects in disregard for GC pool
[2017.06.10-10.56.30:331][  0]LogEngine: Initializing Engine...
[2017.06.10-10.56.30:332][  0]LogHMD: Failed to initialize OpenVR with code 110
[2017.06.10-10.56.30:435][  0]LogStats: UGameplayTagsManager::ConstructGameplayTagTree: Construct from data asset -  0.000 s
[2017.06.10-10.56.30:435][  0]LogStats: UGameplayTagsManager::ConstructGameplayTagTree: GameplayTagTreeChangedEvent.Broadcast -  0.000 s
[2017.06.10-10.56.30:454][  0]LogInit: XAudio2 using '스피커(Realtek High Definition Audio)' : 2 channels at 48 kHz using 32 bits per sample (channel mask 0x3)
[2017.06.10-10.56.30:534][  0]LogInit: FAudioDevice initialized.
[2017.06.10-10.56.30:554][  0]LogInit: Texture streaming: Enabled
[2017.06.10-10.56.30:567][  0]LogMaterial: Uniform references updated for custom material expression Custom.
[2017.06.10-10.56.32:019][  0]LogClass:Warning: Enum '/Game/BP/E_GameState.E_GameState' was upgraded to use FText to store its display name data. Please re-save this asset to avoid issues with localization and determinstic cooking.
[2017.06.10-10.56.32:929][  0]LogInit:Display: Game Engine Initialized.
[2017.06.10-10.56.33:184][  0]LogInit:Display: Starting Game.
[2017.06.10-10.56.33:184][  0]LogNet: Browse: /Temp/Autosaves/Game/Map/UEDPCMainR?Name=Player
[2017.06.10-10.56.33:184][  0]LogLoad: LoadMap: /Temp/Autosaves/Game/Map/UEDPCMainR?Name=Player
[2017.06.10-10.56.33:256][  0]LogMemory: Platform Memory Stats for Windows
[2017.06.10-10.56.33:256][  0]LogMemory: Process Physical Memory: 856.25 MB used, 858.22 MB peak
[2017.06.10-10.56.33:256][  0]LogMemory: Process Virtual Memory: 928.77 MB used, 928.77 MB peak
[2017.06.10-10.56.33:256][  0]LogMemory: Physical Memory: 7508.64 MB used,  4701.22 MB free, 12209.86 MB total
[2017.06.10-10.56.33:256][  0]LogMemory: Virtual Memory: 1589.44 MB used,  4701.22 MB free, 134217728.00 MB total
[2017.06.10-10.56.33:256][  0]LogMemory: 
[2017.06.10-10.56.33:256][  0]Allocator Stats for TBB: (not implemented)
[2017.06.10-10.56.33:479][  0]LogAIModule: Creating AISystem for world MainR
[2017.06.10-10.56.33:479][  0]LogLoad: Game class is 'pregame_C'
[2017.06.10-10.56.33:481][  0]LogWorld: Bringing World /Temp/Autosaves/Game/Map/UEDPCMainR.MainR up for play (max tick rate 0) at 2017.06.10-19.56.33
[2017.06.10-10.56.33:481][  0]LogWorld: Bringing up level for play took: 0.001108
[2017.06.10-10.56.33:483][  0]LogSpawn:Warning: SpawnActor failed because no class was specified
[2017.06.10-10.56.33:483][  0]LogGameMode:Display: Match State Changed from EnteringMap to WaitingToStart
[2017.06.10-10.56.33:483][  0]LogGameState: Match State Changed from EnteringMap to WaitingToStart
[2017.06.10-10.56.33:483][  0]LogGameMode:Display: Match State Changed from WaitingToStart to InProgress
[2017.06.10-10.56.33:489][  0]LogBlueprintUserMessages: [MainR_C_0] 1.0
[2017.06.10-10.56.33:489][  0]LogGameState: Match State Changed from WaitingToStart to InProgress
[2017.06.10-10.56.33:489][  0]LogLoad: Took 0.305465 seconds to LoadMap(/Temp/Autosaves/Game/Map/UEDPCMainR)
[2017.06.10-10.56.33:494][  0]LogSlate: Took 0.003361 seconds to synchronously load lazily loaded font '../../../Engine/Content/Slate/Fonts/NanumGothic.ttf' (4243K)
[2017.06.10-10.56.33:759][  0]LogRenderer: Reallocating scene render targets to support 1600x900 NumSamples 1 (Frame:2).
[2017.06.10-10.56.33:759][  0]LogLoad: (Engine Initialization) Total time: 16.04 seconds
[2017.06.10-10.56.33:759][  0]LogLoad: (Engine Initialization) Total Blueprint compile time: 1.16 seconds
[2017.06.10-10.56.33:759][  0]LogExternalProfiler: Found external profiler: VSPerf
[2017.06.10-10.56.33:759][  0]LogExternalProfiler: Using external profiler: VSPerf
[2017.06.10-10.56.33:779][  0]LogOcInput: OculusInput pre-init called
[2017.06.10-10.56.34:270][ 22]LogAudio:Warning: Detected orphaned looping sound '메인화면'.
[2017.06.10-10.56.40:445][401]r.SetRes = "1920x1080"
[2017.06.10-10.56.40:510][401]LogRenderer: Reallocating scene render targets to support 1920x1080 NumSamples 1 (Frame:404).
[2017.06.10-10.56.42:399][516]r.SetRes = "1366x768"
[2017.06.10-10.56.42:423][516]LogRenderer: Reallocating scene render targets to support 1368x768 NumSamples 1 (Frame:520).
[2017.06.10-10.56.44:930][665]r.PostProcessAAQuality = "6"
[2017.06.10-10.56.44:931][665]sg.ShadowQuality = "3"
[2017.06.10-10.56.44:931][665]sg.TextureQuality = "3"
[2017.06.10-10.56.46:286][749]r.PostProcessAAQuality = "0"
[2017.06.10-10.56.46:286][749]sg.ShadowQuality = "0"
[2017.06.10-10.56.46:286][749]sg.TextureQuality = "0"
[2017.06.10-10.56.46:287][749]LogContentStreaming: Texture pool size now 400 MB
[2017.06.10-10.56.46:288][750]LogRenderer: Reallocating scene render targets to support 1368x768 NumSamples 1 (Frame:754).
[2017.06.10-10.56.48:769][903]r.PostProcessAAQuality = "6"
[2017.06.10-10.56.48:769][903]sg.ShadowQuality = "3"
[2017.06.10-10.56.48:769][903]sg.TextureQuality = "3"
[2017.06.10-10.56.48:770][903]LogContentStreaming: Texture pool size now 1000 MB
[2017.06.10-10.56.48:771][904]LogRenderer: Reallocating scene render targets to support 1368x768 NumSamples 1 (Frame:908).
[2017.06.10-10.56.51:134][ 49]r.PostProcessAAQuality = "0"
[2017.06.10-10.56.51:134][ 49]sg.ShadowQuality = "0"
[2017.06.10-10.56.51:134][ 49]sg.TextureQuality = "0"
[2017.06.10-10.56.51:136][ 50]LogRenderer: Reallocating scene render targets to support 1368x768 NumSamples 1 (Frame:1054).
[2017.06.10-10.56.51:150][ 50]LogContentStreaming: Texture pool size now 400 MB
[2017.06.10-10.56.54:079][231]r.PostProcessAAQuality = "2"
[2017.06.10-10.56.54:079][231]sg.ShadowQuality = "1"
[2017.06.10-10.56.54:079][231]sg.TextureQuality = "1"
[2017.06.10-10.56.54:081][232]LogRenderer: Reallocating scene render targets to support 1368x768 NumSamples 1 (Frame:1236).
[2017.06.10-10.56.54:096][232]LogContentStreaming: Texture pool size now 600 MB
[2017.06.10-10.56.56:057][353]r.PostProcessAAQuality = "4"
[2017.06.10-10.56.56:057][353]sg.ShadowQuality = "2"
[2017.06.10-10.56.56:057][353]sg.TextureQuality = "2"
[2017.06.10-10.56.56:138][358]LogContentStreaming: Texture pool size now 800 MB
[2017.06.10-10.56.57:525][444]r.PostProcessAAQuality = "6"
[2017.06.10-10.56.57:525][444]sg.ShadowQuality = "3"
[2017.06.10-10.56.57:525][444]sg.TextureQuality = "3"
[2017.06.10-10.56.57:527][445]LogRenderer: Reallocating scene render targets to support 1368x768 NumSamples 1 (Frame:1449).
[2017.06.10-10.56.57:606][449]LogContentStreaming: Texture pool size now 1000 MB
[2017.06.10-10.57.00:478][627]LogBlueprintUserMessages: [Setting_114] lsk
[2017.06.10-10.57.03:591][821]LogOnline:Warning: Unknown or unsupported data type from Steam key data tks4s_searchable_int_atter 131105
[2017.06.10-10.57.03:591][821]LogOnline:Warning: STEAM: Failed to parse setting from key tks4s_searchable_int_atter value 131105
[2017.06.10-10.57.03:592][821]LogOnline:Warning: Unknown or unsupported data type from Steam key data tksex_area 1
[2017.06.10-10.57.03:592][821]LogOnline:Warning: STEAM: Failed to parse setting from key tksex_area value 1
[2017.06.10-10.57.03:592][821]LogOnline:Warning: Unknown or unsupported data type from Steam key data tksex_disconnect_num 0
[2017.06.10-10.57.03:592][821]LogOnline:Warning: STEAM: Failed to parse setting from key tksex_disconnect_num value 0
[2017.06.10-10.57.03:592][821]LogOnline:Warning: Unknown or unsupported data type from Steam key data tksex_fighter.win_count 5
[2017.06.10-10.57.03:592][821]LogOnline:Warning: STEAM: Failed to parse setting from key tksex_fighter.win_count value 5
[2017.06.10-10.57.03:592][821]LogOnline:Warning: Unknown or unsupported data type from Steam key data tksex_join_max 0
[2017.06.10-10.57.03:592][821]LogOnline:Warning: STEAM: Failed to parse setting from key tksex_join_max value 0
[2017.06.10-10.57.03:592][821]LogOnline:Warning: Unknown or unsupported data type from Steam key data tksex_join_num 1
[2017.06.10-10.57.03:592][821]LogOnline:Warning: STEAM: Failed to parse setting from key tksex_join_num value 1
[2017.06.10-10.57.03:592][821]LogOnline:Warning: Unknown or unsupported data type from Steam key data tksex_join_slot_num 0
[2017.06.10-10.57.03:592][821]LogOnline:Warning: STEAM: Failed to parse setting from key tksex_join_slot_num value 0
[2017.06.10-10.57.03:592][821]LogOnline:Warning: Unknown or unsupported data type from Steam key data tksex_match_type 0
[2017.06.10-10.57.03:592][821]LogOnline:Warning: STEAM: Failed to parse setting from key tksex_match_type value 0
[2017.06.10-10.57.03:592][821]LogOnline:Warning: Unknown or unsupported data type from Steam key data tksex_max_rank_fighter.win_count 5
[2017.06.10-10.57.03:592][821]LogOnline:Warning: STEAM: Failed to parse setting from key tksex_max_rank_fighter.win_count value 5
[2017.06.10-10.57.03:593][821]LogOnline:Warning: Unknown or unsupported data type from Steam key data tksex_nat_type 2
[2017.06.10-10.57.03:593][821]LogOnline:Warning: STEAM: Failed to parse setting from key tksex_nat_type value 2
[2017.06.10-10.57.03:593][821]LogOnline:Warning: Unknown or unsupported data type from Steam key data tksex_owner_player_name jdm0703
[2017.06.10-10.57.03:593][821]LogOnline:Warning: STEAM: Failed to parse setting from key tksex_owner_player_name value jdm0703
[2017.06.10-10.57.03:593][821]LogOnline:Warning: Unknown or unsupported data type from Steam key data tksex_practice 0
[2017.06.10-10.57.03:593][821]LogOnline:Warning: STEAM: Failed to parse setting from key tksex_practice value 0
[2017.06.10-10.57.03:593][821]LogOnline:Warning: Unknown or unsupported data type from Steam key data tksex_rounds 0
[2017.06.10-10.57.03:593][821]LogOnline:Warning: STEAM: Failed to parse setting from key tksex_rounds value 0
[2017.06.10-10.57.03:593][821]LogOnline:Warning: Unknown or unsupported data type from Steam key data tksex_session_name 0
[2017.06.10-10.57.03:593][821]LogOnline:Warning: STEAM: Failed to parse setting from key tksex_session_name value 0
[2017.06.10-10.57.03:593][821]LogOnline:Warning: Unknown or unsupported data type from Steam key data tkstma_ID 76561198358091448
[2017.06.10-10.57.03:593][821]LogOnline:Warning: STEAM: Failed to parse setting from key tkstma_ID value 76561198358091448
[2017.06.10-10.57.03:593][821]LogOnline:Warning: Unknown or unsupported data type from Steam key data tkstma_ID2 775
[2017.06.10-10.57.03:593][821]LogOnline:Warning: STEAM: Failed to parse setting from key tkstma_ID2 value 775
[2017.06.10-10.57.03:593][821]LogOnline:Warning: STEAM: Unable to parse search result for lobby 'Lobby [0x1860000C2D25E04]'
[2017.06.10-10.57.03:593][821]LogOnline:Warning: Unknown or unsupported data type from Steam key data 0 1
[2017.06.10-10.57.03:593][821]LogOnline:Warning: STEAM: Failed to parse setting from key 0 value 1
[2017.06.10-10.57.03:593][821]LogOnline:Warning: Unknown or unsupported data type from Steam key data 1 0
[2017.06.10-10.57.03:593][821]LogOnline:Warning: STEAM: Failed to parse setting from key 1 value 0
[2017.06.10-10.57.03:593][821]LogOnline:Warning: Unknown or unsupported data type from Steam key data 2 1
[2017.06.10-10.57.03:593][821]LogOnline:Warning: STEAM: Failed to parse setting from key 2 value 1
[2017.06.10-10.57.03:593][821]LogOnline:Warning: Unknown or unsupported data type from Steam key data 3 38
[2017.06.10-10.57.03:593][821]LogOnline:Warning: STEAM: Failed to parse setting from key 3 value 38
[2017.06.10-10.57.03:593][821]LogOnline:Warning: Unknown or unsupported data type from Steam key data 4 1
[2017.06.10-10.57.03:593][821]LogOnline:Warning: STEAM: Failed to parse setting from key 4 value 1
[2017.06.10-10.57.03:593][821]LogOnline:Warning: Unknown or unsupported data type from Steam key data 5 1
[2017.06.10-10.57.03:593][821]LogOnline:Warning: STEAM: Failed to parse setting from key 5 value 1
[2017.06.10-10.57.03:593][821]LogOnline:Warning: Unknown or unsupported data type from Steam key data 6 30663
[2017.06.10-10.57.03:593][821]LogOnline:Warning: STEAM: Failed to parse setting from key 6 value 30663
[2017.06.10-10.57.03:593][821]LogOnline:Warning: Unknown or unsupported data type from Steam key data 7 0
[2017.06.10-10.57.03:593][821]LogOnline:Warning: STEAM: Failed to parse setting from key 7 value 0
[2017.06.10-10.57.03:593][821]LogOnline:Warning: Unknown or unsupported data type from Steam key data data 73997c18d7df|1|0|1|1|38|1| | | | | | | | | | | | | |
[2017.06.10-10.57.03:593][821]LogOnline:Warning: STEAM: Failed to parse setting from key data value 73997c18d7df|1|0|1|1|38|1| | | | | | | | | | | | | |
[2017.06.10-10.57.03:594][821]LogOnline:Warning: Unknown or unsupported data type from Steam key data name Harsh.Man.SJ
[2017.06.10-10.57.03:594][821]LogOnline:Warning: STEAM: Failed to parse setting from key name value Harsh.Man.SJ
[2017.06.10-10.57.03:594][821]LogOnline:Warning: Unknown or unsupported data type from Steam key data __gameserverIP 0
[2017.06.10-10.57.03:594][821]LogOnline:Warning: STEAM: Failed to parse setting from key __gameserverIP value 0
[2017.06.10-10.57.03:594][821]LogOnline:Warning: Unknown or unsupported data type from Steam key data __gameserverPort 0
[2017.06.10-10.57.03:594][821]LogOnline:Warning: STEAM: Failed to parse setting from key __gameserverPort value 0
[2017.06.10-10.57.03:594][821]LogOnline:Warning: Unknown or unsupported data type from Steam key data __gameserverSteamID 76561198151223748
[2017.06.10-10.57.03:594][821]LogOnline:Warning: STEAM: Failed to parse setting from key __gameserverSteamID value 76561198151223748
[2017.06.10-10.57.03:594][821]LogOnline:Warning: STEAM: Unable to parse search result for lobby 'Lobby [0x1860000C2D1DE5A]'
[2017.06.10-10.57.03:594][821]LogOnline:Warning: Unknown or unsupported data type from Steam key data currentmembers 7
[2017.06.10-10.57.03:594][821]LogOnline:Warning: STEAM: Failed to parse setting from key currentmembers value 7
[2017.06.10-10.57.03:594][821]LogOnline:Warning: Unknown or unsupported data type from Steam key data guid 24dae229-a28a-42c5-8e15-361984d03f5d
[2017.06.10-10.57.03:594][821]LogOnline:Warning: STEAM: Failed to parse setting from key guid value 24dae229-a28a-42c5-8e15-361984d03f5d
[2017.06.10-10.57.03:594][821]LogOnline:Warning: Unknown or unsupported data type from Steam key data name sex (Primeum Apex)
[2017.06.10-10.57.03:594][821]LogOnline:Warning: STEAM: Failed to parse setting from key name value sex (Primeum Apex)
[2017.06.10-10.57.03:594][821]LogOnline:Warning: Unknown or unsupported data type from Steam key data __gameserverIP 0
[2017.06.10-10.57.03:594][821]LogOnline:Warning: STEAM: Failed to parse setting from key __gameserverIP value 0
[2017.06.10-10.57.03:594][821]LogOnline:Warning: Unknown or unsupported data type from Steam key data __gameserverPort 0
[2017.06.10-10.57.03:594][821]LogOnline:Warning: STEAM: Failed to parse setting from key __gameserverPort value 0
[2017.06.10-10.57.03:594][821]LogOnline:Warning: Unknown or unsupported data type from Steam key data __gameserverSteamID 90109207376900102
[2017.06.10-10.57.03:594][821]LogOnline:Warning: STEAM: Failed to parse setting from key __gameserverSteamID value 90109207376900102
[2017.06.10-10.57.03:594][821]LogOnline:Warning: STEAM: Unable to parse search result for lobby 'Lobby [0x1860000C2D1F6D4]'
[2017.06.10-10.57.03:594][821]LogOnline:Warning: Unknown or unsupported data type from Steam key data currentmembers 3
[2017.06.10-10.57.03:594][821]LogOnline:Warning: STEAM: Failed to parse setting from key currentmembers value 3
[2017.06.10-10.57.03:594][821]LogOnline:Warning: Unknown or unsupported data type from Steam key data guid 98029468-819a-4a09-b1e6-3c5532738b4f
[2017.06.10-10.57.03:594][821]LogOnline:Warning: STEAM: Failed to parse setting from key guid value 98029468-819a-4a09-b1e6-3c5532738b4f
[2017.06.10-10.57.03:594][821]LogOnline:Warning: Unknown or unsupported data type from Steam key data name 555 (B<3)
[2017.06.10-10.57.03:594][821]LogOnline:Warning: STEAM: Failed to parse setting from key name value 555 (B<3)
[2017.06.10-10.57.03:594][821]LogOnline:Warning: Unknown or unsupported data type from Steam key data __gameserverIP 0
[2017.06.10-10.57.03:594][821]LogOnline:Warning: STEAM: Failed to parse setting from key __gameserverIP value 0
[2017.06.10-10.57.03:594][821]LogOnline:Warning: Unknown or unsupported data type from Steam key data __gameserverPort 0
[2017.06.10-10.57.03:594][821]LogOnline:Warning: STEAM: Failed to parse setting from key __gameserverPort value 0
[2017.06.10-10.57.03:594][821]LogOnline:Warning: Unknown or unsupported data type from Steam key data __gameserverSteamID 90109205042733058
[2017.06.10-10.57.03:594][821]LogOnline:Warning: STEAM: Failed to parse setting from key __gameserverSteamID value 90109205042733058
[2017.06.10-10.57.03:594][821]LogOnline:Warning: STEAM: Unable to parse search result for lobby 'Lobby [0x1860000C2CEEFAA]'
[2017.06.10-10.57.03:594][821]LogOnline:Warning: Unknown or unsupported data type from Steam key data 0 1
[2017.06.10-10.57.03:594][821]LogOnline:Warning: STEAM: Failed to parse setting from key 0 value 1
[2017.06.10-10.57.03:594][821]LogOnline:Warning: Unknown or unsupported data type from Steam key data 1 1
[2017.06.10-10.57.03:594][821]LogOnline:Warning: STEAM: Failed to parse setting from key 1 value 1
[2017.06.10-10.57.03:594][821]LogOnline:Warning: Unknown or unsupported data type from Steam key data 2 1
[2017.06.10-10.57.03:594][821]LogOnline:Warning: STEAM: Failed to parse setting from key 2 value 1
[2017.06.10-10.57.03:594][821]LogOnline:Warning: Unknown or unsupported data type from Steam key data 3 38
[2017.06.10-10.57.03:594][821]LogOnline:Warning: STEAM: Failed to parse setting from key 3 value 38
[2017.06.10-10.57.03:594][821]LogOnline:Warning: Unknown or unsupported data type from Steam key data 4 1
[2017.06.10-10.57.03:594][821]LogOnline:Warning: STEAM: Failed to parse setting from key 4 value 1
[2017.06.10-10.57.03:595][821]LogOnline:Warning: Unknown or unsupported data type from Steam key data 5 1
[2017.06.10-10.57.03:595][821]LogOnline:Warning: STEAM: Failed to parse setting from key 5 value 1
[2017.06.10-10.57.03:595][821]LogOnline:Warning: Unknown or unsupported data type from Steam key data 6 30663
[2017.06.10-10.57.03:595][821]LogOnline:Warning: STEAM: Failed to parse setting from key 6 value 30663
[2017.06.10-10.57.03:595][821]LogOnline:Warning: Unknown or unsupported data type from Steam key data 7 0
[2017.06.10-10.57.03:595][821]LogOnline:Warning: STEAM: Failed to parse setting from key 7 value 0
[2017.06.10-10.57.03:595][821]LogOnline:Warning: Unknown or unsupported data type from Steam key data data 73997c18d7df|1|0|1|1|38|1|planet_121|0|0|3|23|12|0|0|1181101003|357|111| |244,77|
[2017.06.10-10.57.03:595][821]LogOnline:Warning: STEAM: Failed to parse setting from key data value 73997c18d7df|1|0|1|1|38|1|planet_121|0|0|3|23|12|0|0|1181101003|357|111| |244,77|
[2017.06.10-10.57.03:595][821]LogOnline:Warning: Unknown or unsupported data type from Steam key data name ????????????
[2017.06.10-10.57.03:595][821]LogOnline:Warning: STEAM: Failed to parse setting from key name value ????????????
[2017.06.10-10.57.03:595][821]LogOnline:Warning: Unknown or unsupported data type from Steam key data __gameserverIP 0
[2017.06.10-10.57.03:595][821]LogOnline:Warning: STEAM: Failed to parse setting from key __gameserverIP value 0
[2017.06.10-10.57.03:595][821]LogOnline:Warning: Unknown or unsupported data type from Steam key data __gameserverPort 0
[2017.06.10-10.57.03:595][821]LogOnline:Warning: STEAM: Failed to parse setting from key __gameserverPort value 0
[2017.06.10-10.57.03:595][821]LogOnline:Warning: Unknown or unsupported data type from Steam key data __gameserverSteamID 76561198174215575
[2017.06.10-10.57.03:595][821]LogOnline:Warning: STEAM: Failed to parse setting from key __gameserverSteamID value 76561198174215575
[2017.06.10-10.57.03:595][821]LogOnline:Warning: STEAM: Unable to parse search result for lobby 'Lobby [0x1860000C2D1928D]'
[2017.06.10-10.57.03:595][821]LogOnline:Warning: Unknown or unsupported data type from Steam key data _NAME_ ????????????????????? ??????
[2017.06.10-10.57.03:595][821]LogOnline:Warning: STEAM: Failed to parse setting from key _NAME_ value ????????????????????? ??????
[2017.06.10-10.57.03:595][821]LogOnline:Warning: Unknown or unsupported data type from Steam key data Initialized 1
[2017.06.10-10.57.03:595][821]LogOnline:Warning: STEAM: Failed to parse setting from key Initialized value 1
[2017.06.10-10.57.03:595][821]LogOnline:Warning: Unknown or unsupported data type from Steam key data GameSpeed -1649545904
[2017.06.10-10.57.03:595][821]LogOnline:Warning: STEAM: Failed to parse setting from key GameSpeed value -1649545904
[2017.06.10-10.57.03:595][821]LogOnline:Warning: Unknown or unsupported data type from Steam key data GameSpeedName {"LOC_GAMESPEED_ONLINE_NAME":[{"locale":"en_US", "text":"Online"}, {"locale":"fr_FR", "text":"En ligne"}, {"locale":"de_DE", "text":"Online"}, {"locale":"it_IT", "text":"Online"}, {"locale":"es_ES", "text":"En l??nea"}, {"locale":"ja_JP", "text":"???????????????"}, {"locale":"ru_RU", "text":"??????????????"}, {"locale":"pl_PL", "text":"Sieciowa"}, {"locale":"ko_KR", "text":"?????????"}, {"locale":"zh_Hant_HK", "text":"??????"}, {"locale":"zh_Hans_CN", "text":"??????"}, {"locale":"pt_BR", "text":"Online"}]}
[2017.06.10-10.57.03:595][821]LogOnline:Warning: STEAM: Failed to parse setting from key GameSpeedName value {"LOC_GAMESPEED_ONLINE_NAME":[{"locale":"en_US", "text":"Online"}, {"locale":"fr_FR", "text":"En ligne"}, {"locale":"de_DE", "text":"Online"}, {"locale":"it_IT", "text":"Online"}, {"locale":"es_ES", "text":"En l??nea"}, {"locale":"ja_JP", "text":"???????????????"}, {"locale":"ru_RU", "text":"??????????????"}, {"locale":"pl_PL", "text":"Sieciowa"}, {"locale":"ko_KR", "text":"?????????"}, {"locale":"zh_Hant_HK", "text":"??????"}, {"locale":"zh_Hans_CN", "text":"??????"}, {"locale":"pt_BR", "text":"Online"}]}
[2017.06.10-10.57.03:595][821]LogOnline:Warning: Unknown or unsupported data type from Steam key data MapName Pangaea.lua
[2017.06.10-10.57.03:595][821]LogOnline:Warning: STEAM: Failed to parse setting from key MapName value Pangaea.lua
[2017.06.10-10.57.03:595][821]LogOnline:Warning: Unknown or unsupported data type from Steam key data MapDisplayName {"LOC_MAP_PANGAEA":[{"locale":"en_US", "text":"Pangaea"}, {"locale":"fr_FR", "text":"Pang??e"}, {"locale":"de_DE", "text":"Pang??a"}, {"locale":"it_IT", "text":"Pangea"}, {"locale":"es_ES", "text":"Pangea"}, {"locale":"ja_JP", "text":"????????????"}, {"locale":"ru_RU", "text":"????????????"}, {"locale":"pl_PL", "text":"Pangea"}, {"locale":"ko_KR", "text":"?????????"}, {"locale":"zh_Hant_HK", "text":"????????????"}, {"locale":"zh_Hans_CN", "text":"????????????"}, {"locale":"pt_BR", "text":"Pangeia"}]}
[2017.06.10-10.57.03:595][821]LogOnline:Warning: STEAM: Failed to parse setting from key MapDisplayName value {"LOC_MAP_PANGAEA":[{"locale":"en_US", "text":"Pangaea"}, {"locale":"fr_FR", "text":"Pang??e"}, {"locale":"de_DE", "text":"Pang??a"}, {"locale":"it_IT", "text":"Pangea"}, {"locale":"es_ES", "text":"Pangea"}, {"locale":"ja_JP", "text":"????????????"}, {"locale":"ru_RU", "text":"????????????"}, {"locale":"pl_PL", "text":"Pangea"}, {"locale":"ko_KR", "text":"?????????"}, {"locale":"zh_Hant_HK", "text":"????????????"}, {"locale":"zh_Hans_CN", "text":"????????????"}, {"locale":"pt_BR", "text":"Pangeia"}]}
[2017.06.10-10.57.03:595][821]LogOnline:Warning: Unknown or unsupported data type from Steam key data MapSize -1837222328
[2017.06.10-10.57.03:595][821]LogOnline:Warning: STEAM: Failed to parse setting from key MapSize value -1837222328
[2017.06.10-10.57.03:595][821]LogOnline:Warning: Unknown or unsupported data type from Steam key data RuleSet RULESET_STANDARD
[2017.06.10-10.57.03:595][821]LogOnline:Warning: STEAM: Failed to parse setting from key RuleSet value RULESET_STANDARD
[2017.06.10-10.57.03:595][821]LogOnline:Warning: Unknown or unsupported data type from Steam key data RuleSetName {"LOC_RULESET_NAME":[{"locale":"en_US", "text":"Standard Rules"}, {"locale":"fr_FR", "text":"R??gles classiques"}, {"locale":"de_DE", "text":"Standardregeln"}, {"locale":"it_IT", "text":"Regole Standard"}, {"locale":"es_ES", "text":"Reglas est??ndar"}, {"locale":"ja_JP", "text":"???????????????"}, {"locale":"ru_RU", "text":"?????????????????????? ??????????????"}, {"locale":"pl_PL", "text":"Standardowe zasady"}, {"locale":"ko_KR", "text":"?????? ??????"}, {"locale":"zh_Hant_HK", "text":"???????????????"}, {"locale":"zh_Hans_CN", "text":"???????????????"}, {"locale":"pt_BR", "text":"Regras padr??o"}]}
[2017.06.10-10.57.03:595][821]LogOnline:Warning: STEAM: Failed to parse setting from key RuleSetName value {"LOC_RULESET_NAME":[{"locale":"en_US", "text":"Standard Rules"}, {"locale":"fr_FR", "text":"R??gles classiques"}, {"locale":"de_DE", "text":"Standardregeln"}, {"locale":"it_IT", "text":"Regole Standard"}, {"locale":"es_ES", "text":"Reglas est??ndar"}, {"locale":"ja_JP", "text":"???????????????"}, {"locale":"ru_RU", "text":"?????????????????????? ??????????????"}, {"locale":"pl_PL", "text":"Standardowe zasady"}, {"locale":"ko_KR", "text":"?????? ??????"}, {"locale":"zh_Hant_HK", "text":"???????????????"}, {"locale":"zh_Hans_CN", "text":"???????????????"}, {"locale":"pt_BR", "text":"Regras padr??o"}]}
[2017.06.10-10.57.03:595][821]LogOnline:Warning: Unknown or unsupported data type from Steam key data EnabledMods {
    "mods": [
        {
            "modid": "02A8BDDE-67EA-4D38-9540-26E685E3156E",
            "version": "1",
            "title": "{\"LOC_AZTEC_MONTEZUMA_MOD_TITLE\":[]}",
            "subscriptionid": null
        }
    ]
}
[2017.06.10-10.57.03:595][821]LogOnline:Warning: STEAM: Failed to parse setting from key EnabledMods value {
    "mods": [
        {
            "modid": "02A8BDDE-67EA-4D38-9540-26E685E3156E",
            "version": "1",
            "title": "{\"LOC_AZTEC_MONTEZUMA_MOD_TITLE\":[]}",
            "subscriptionid": null
        }
    ]
}
[2017.06.10-10.57.03:595][821]LogOnline:Warning: STEAM: Unable to parse search result for lobby 'Lobby [0x1860000C2D25869]'
[2017.06.10-10.57.03:596][821]LogOnline:Warning: Unknown or unsupported data type from Steam key data tks4s_searchable_int_atter 131105
[2017.06.10-10.57.03:596][821]LogOnline:Warning: STEAM: Failed to parse setting from key tks4s_searchable_int_atter value 131105
[2017.06.10-10.57.03:596][821]LogOnline:Warning: Unknown or unsupported data type from Steam key data tksex_area 1
[2017.06.10-10.57.03:596][821]LogOnline:Warning: STEAM: Failed to parse setting from key tksex_area value 1
[2017.06.10-10.57.03:596][821]LogOnline:Warning: Unknown or unsupported data type from Steam key data tksex_disconnect_num 0
[2017.06.10-10.57.03:596][821]LogOnline:Warning: STEAM: Failed to parse setting from key tksex_disconnect_num value 0
[2017.06.10-10.57.03:596][821]LogOnline:Warning: Unknown or unsupported data type from Steam key data tksex_fighter.win_count 4
[2017.06.10-10.57.03:596][821]LogOnline:Warning: STEAM: Failed to parse setting from key tksex_fighter.win_count value 4
[2017.06.10-10.57.03:596][821]LogOnline:Warning: Unknown or unsupported data type from Steam key data tksex_join_max 2
[2017.06.10-10.57.03:596][821]LogOnline:Warning: STEAM: Failed to parse setting from key tksex_join_max value 2
[2017.06.10-10.57.03:596][821]LogOnline:Warning: Unknown or unsupported data type from Steam key data tksex_join_num 1
[2017.06.10-10.57.03:596][821]LogOnline:Warning: STEAM: Failed to parse setting from key tksex_join_num value 1
[2017.06.10-10.57.03:596][821]LogOnline:Warning: Unknown or unsupported data type from Steam key data tksex_join_slot_num 0
[2017.06.10-10.57.03:596][821]LogOnline:Warning: STEAM: Failed to parse setting from key tksex_join_slot_num value 0
[2017.06.10-10.57.03:596][821]LogOnline:Warning: Unknown or unsupported data type from Steam key data tksex_match_type 0
[2017.06.10-10.57.03:596][821]LogOnline:Warning: STEAM: Failed to parse setting from key tksex_match_type value 0
[2017.06.10-10.57.03:596][821]LogOnline:Warning: Unknown or unsupported data type from Steam key data tksex_max_rank_fighter.win_count 4
[2017.06.10-10.57.03:596][821]LogOnline:Warning: STEAM: Failed to parse setting from key tksex_max_rank_fighter.win_count value 4
[2017.06.10-10.57.03:596][821]LogOnline:Warning: Unknown or unsupported data type from Steam key data tksex_nat_type 2
[2017.06.10-10.57.03:596][821]LogOnline:Warning: STEAM: Failed to parse setting from key tksex_nat_type value 2
[2017.06.10-10.57.03:596][821]LogOnline:Warning: Unknown or unsupported data type from Steam key data tksex_owner_player_name unicorn9717
[2017.06.10-10.57.03:596][821]LogOnline:Warning: STEAM: Failed to parse setting from key tksex_owner_player_name value unicorn9717
[2017.06.10-10.57.03:596][821]LogOnline:Warning: Unknown or unsupported data type from Steam key data tksex_practice 0
[2017.06.10-10.57.03:596][821]LogOnline:Warning: STEAM: Failed to parse setting from key tksex_practice value 0
[2017.06.10-10.57.03:596][821]LogOnline:Warning: Unknown or unsupported data type from Steam key data tksex_rounds 0
[2017.06.10-10.57.03:596][821]LogOnline:Warning: STEAM: Failed to parse setting from key tksex_rounds value 0
[2017.06.10-10.57.03:596][821]LogOnline:Warning: Unknown or unsupported data type from Steam key data tksex_session_name 0
[2017.06.10-10.57.03:596][821]LogOnline:Warning: STEAM: Failed to parse setting from key tksex_session_name value 0
[2017.06.10-10.57.03:597][821]LogOnline:Warning: Unknown or unsupported data type from Steam key data tkstma_ID 76561198395847075
[2017.06.10-10.57.03:597][821]LogOnline:Warning: STEAM: Failed to parse setting from key tkstma_ID value 76561198395847075
[2017.06.10-10.57.03:597][821]LogOnline:Warning: Unknown or unsupported data type from Steam key data tkstma_ID2 779
[2017.06.10-10.57.03:597][821]LogOnline:Warning: STEAM: Failed to parse setting from key tkstma_ID2 value 779
[2017.06.10-10.57.03:597][821]LogOnline:Warning: STEAM: Unable to parse search result for lobby 'Lobby [0x1860000C2D25C44]'
[2017.06.10-10.57.03:597][821]LogOnline:Warning: Unknown or unsupported data type from Steam key data BinaryData CQEBAQAAAAD4AQAAAgIAAAAXAAA=
[2017.06.10-10.57.03:597][821]LogOnline:Warning: STEAM: Failed to parse setting from key BinaryData value CQEBAQAAAAD4AQAAAgIAAAAXAAA=
[2017.06.10-10.57.03:597][821]LogOnline:Warning: Unknown or unsupported data type from Steam key data BinarySize 20
[2017.06.10-10.57.03:597][821]LogOnline:Warning: STEAM: Failed to parse setting from key BinarySize value 20
[2017.06.10-10.57.03:597][821]LogOnline:Warning: Unknown or unsupported data type from Steam key data name ??????
[2017.06.10-10.57.03:597][821]LogOnline:Warning: STEAM: Failed to parse setting from key name value ??????
[2017.06.10-10.57.03:597][821]LogOnline:Warning: Unknown or unsupported data type from Steam key data OwnerID 0110000102EC29B6
[2017.06.10-10.57.03:597][821]LogOnline:Warning: STEAM: Failed to parse setting from key OwnerID value 0110000102EC29B6
[2017.06.10-10.57.03:597][821]LogOnline:Warning: Unknown or unsupported data type from Steam key data SearchKey0 0
[2017.06.10-10.57.03:597][821]LogOnline:Warning: STEAM: Failed to parse setting from key SearchKey0 value 0
[2017.06.10-10.57.03:597][821]LogOnline:Warning: Unknown or unsupported data type from Steam key data SearchKey1 7
[2017.06.10-10.57.03:597][821]LogOnline:Warning: STEAM: Failed to parse setting from key SearchKey1 value 7
[2017.06.10-10.57.03:597][821]LogOnline:Warning: Unknown or unsupported data type from Steam key data SearchKey2 23
[2017.06.10-10.57.03:597][821]LogOnline:Warning: STEAM: Failed to parse setting from key SearchKey2 value 23
[2017.06.10-10.57.03:597][821]LogOnline:Warning: Unknown or unsupported data type from Steam key data SearchKey3 3
[2017.06.10-10.57.03:597][821]LogOnline:Warning: STEAM: Failed to parse setting from key SearchKey3 value 3
[2017.06.10-10.57.03:597][821]LogOnline:Warning: Unknown or unsupported data type from Steam key data SearchKey4 1
[2017.06.10-10.57.03:597][821]LogOnline:Warning: STEAM: Failed to parse setting from key SearchKey4 value 1
[2017.06.10-10.57.03:597][821]LogOnline:Warning: Unknown or unsupported data type from Steam key data SearchKey5 1
[2017.06.10-10.57.03:597][821]LogOnline:Warning: STEAM: Failed to parse setting from key SearchKey5 value 1
[2017.06.10-10.57.03:597][821]LogOnline:Warning: Unknown or unsupported data type from Steam key data SearchKey6 0
[2017.06.10-10.57.03:597][821]LogOnline:Warning: STEAM: Failed to parse setting from key SearchKey6 value 0
[2017.06.10-10.57.03:597][821]LogOnline:Warning: Unknown or unsupported data type from Steam key data SearchKey7 1
[2017.06.10-10.57.03:597][821]LogOnline:Warning: STEAM: Failed to parse setting from key SearchKey7 value 1
[2017.06.10-10.57.03:597][821]LogOnline:Warning: Unknown or unsupported data type from Steam key data SearchKey8 9
[2017.06.10-10.57.03:597][821]LogOnline:Warning: STEAM: Failed to parse setting from key SearchKey8 value 9
[2017.06.10-10.57.03:597][821]LogOnline:Warning: Unknown or unsupported data type from Steam key data SearchKeyNum 9
[2017.06.10-10.57.03:597][821]LogOnline:Warning: STEAM: Failed to parse setting from key SearchKeyNum value 9
[2017.06.10-10.57.03:597][821]LogOnline:Warning: Unknown or unsupported data type from Steam key data SlotPrivateMax 0
[2017.06.10-10.57.03:597][821]LogOnline:Warning: STEAM: Failed to parse setting from key SlotPrivateMax value 0
[2017.06.10-10.57.03:597][821]LogOnline:Warning: Unknown or unsupported data type from Steam key data SlotPrivateOpen 0
[2017.06.10-10.57.03:597][821]LogOnline:Warning: STEAM: Failed to parse setting from key SlotPrivateOpen value 0
[2017.06.10-10.57.03:597][821]LogOnline:Warning: Unknown or unsupported data type from Steam key data SlotPublicMax 4
[2017.06.10-10.57.03:597][821]LogOnline:Warning: STEAM: Failed to parse setting from key SlotPublicMax value 4
[2017.06.10-10.57.03:597][821]LogOnline:Warning: Unknown or unsupported data type from Steam key data SlotPublicOpen 2
[2017.06.10-10.57.03:597][821]LogOnline:Warning: STEAM: Failed to parse setting from key SlotPublicOpen value 2
[2017.06.10-10.57.03:597][821]LogOnline:Warning: STEAM: Unable to parse search result for lobby 'Lobby [0x1860000C2D14463]'
[2017.06.10-10.57.03:597][821]LogOnline:Warning: Unknown or unsupported data type from Steam key data guid 8a83894c-2758-4f91-a1c3-3fa8de49baf0
[2017.06.10-10.57.03:597][821]LogOnline:Warning: STEAM: Failed to parse setting from key guid value 8a83894c-2758-4f91-a1c3-3fa8de49baf0
[2017.06.10-10.57.03:597][821]LogOnline:Warning: Unknown or unsupported data type from Steam key data name ddddd (koty08)
[2017.06.10-10.57.03:597][821]LogOnline:Warning: STEAM: Failed to parse setting from key name value ddddd (koty08)
[2017.06.10-10.57.03:597][821]LogOnline:Warning: STEAM: Unable to parse search result for lobby 'Lobby [0x1860000C2D25D95]'
[2017.06.10-10.57.03:598][821]LogOnline:Warning: Unknown or unsupported data type from Steam key data currentmembers 2
[2017.06.10-10.57.03:598][821]LogOnline:Warning: STEAM: Failed to parse setting from key currentmembers value 2
[2017.06.10-10.57.03:598][821]LogOnline:Warning: Unknown or unsupported data type from Steam key data guid b76d6631-a57a-44dd-b53c-76f4d42c2b48
[2017.06.10-10.57.03:598][821]LogOnline:Warning: STEAM: Failed to parse setting from key guid value b76d6631-a57a-44dd-b53c-76f4d42c2b48
[2017.06.10-10.57.03:598][821]LogOnline:Warning: Unknown or unsupported data type from Steam key data name iphone7 (yongpyo8231)
[2017.06.10-10.57.03:598][821]LogOnline:Warning: STEAM: Failed to parse setting from key name value iphone7 (yongpyo8231)
[2017.06.10-10.57.03:598][821]LogOnline:Warning: Unknown or unsupported data type from Steam key data __gameserverIP 0
[2017.06.10-10.57.03:598][821]LogOnline:Warning: STEAM: Failed to parse setting from key __gameserverIP value 0
[2017.06.10-10.57.03:598][821]LogOnline:Warning: Unknown or unsupported data type from Steam key data __gameserverPort 0
[2017.06.10-10.57.03:598][821]LogOnline:Warning: STEAM: Failed to parse setting from key __gameserverPort value 0
[2017.06.10-10.57.03:598][821]LogOnline:Warning: Unknown or unsupported data type from Steam key data __gameserverSteamID 90109207251591174
[2017.06.10-10.57.03:598][821]LogOnline:Warning: STEAM: Failed to parse setting from key __gameserverSteamID value 90109207251591174
[2017.06.10-10.57.03:598][821]LogOnline:Warning: STEAM: Unable to parse search result for lobby 'Lobby [0x1860000C2D1C37F]'
[2017.06.10-10.57.03:598][821]LogOnline:Warning: Unknown or unsupported data type from Steam key data currentmembers 3
[2017.06.10-10.57.03:598][821]LogOnline:Warning: STEAM: Failed to parse setting from key currentmembers value 3
[2017.06.10-10.57.03:598][821]LogOnline:Warning: Unknown or unsupported data type from Steam key data guid db239e1f-402a-4c1c-8b71-bc45c5a8be1d
[2017.06.10-10.57.03:598][821]LogOnline:Warning: STEAM: Failed to parse setting from key guid value db239e1f-402a-4c1c-8b71-bc45c5a8be1d
[2017.06.10-10.57.03:598][821]LogOnline:Warning: Unknown or unsupported data type from Steam key data name The Forest Game (????????????)
[2017.06.10-10.57.03:598][821]LogOnline:Warning: STEAM: Failed to parse setting from key name value The Forest Game (????????????)
[2017.06.10-10.57.03:598][821]LogOnline:Warning: Unknown or unsupported data type from Steam key data __gameserverIP 0
[2017.06.10-10.57.03:598][821]LogOnline:Warning: STEAM: Failed to parse setting from key __gameserverIP value 0
[2017.06.10-10.57.03:598][821]LogOnline:Warning: Unknown or unsupported data type from Steam key data __gameserverPort 0
[2017.06.10-10.57.03:598][821]LogOnline:Warning: STEAM: Failed to parse setting from key __gameserverPort value 0
[2017.06.10-10.57.03:598][821]LogOnline:Warning: Unknown or unsupported data type from Steam key data __gameserverSteamID 90109207676590085
[2017.06.10-10.57.03:598][821]LogOnline:Warning: STEAM: Failed to parse setting from key __gameserverSteamID value 90109207676590085
[2017.06.10-10.57.03:598][821]LogOnline:Warning: STEAM: Unable to parse search result for lobby 'Lobby [0x1860000C2D239B5]'
[2017.06.10-10.57.03:598][821]LogOnline:Warning: Unknown or unsupported data type from Steam key data tks4s_searchable_int_atter 131108
[2017.06.10-10.57.03:598][821]LogOnline:Warning: STEAM: Failed to parse setting from key tks4s_searchable_int_atter value 131108
[2017.06.10-10.57.03:598][821]LogOnline:Warning: Unknown or unsupported data type from Steam key data tks4s_session_type 0
[2017.06.10-10.57.03:598][821]LogOnline:Warning: STEAM: Failed to parse setting from key tks4s_session_type value 0
[2017.06.10-10.57.03:598][821]LogOnline:Warning: Unknown or unsupported data type from Steam key data tksex_area 1
[2017.06.10-10.57.03:598][821]LogOnline:Warning: STEAM: Failed to parse setting from key tksex_area value 1
[2017.06.10-10.57.03:598][821]LogOnline:Warning: Unknown or unsupported data type from Steam key data tksex_disconnect_num 0
[2017.06.10-10.57.03:598][821]LogOnline:Warning: STEAM: Failed to parse setting from key tksex_disconnect_num value 0
[2017.06.10-10.57.03:598][821]LogOnline:Warning: Unknown or unsupported data type from Steam key data tksex_fighter.win_count 0
[2017.06.10-10.57.03:598][821]LogOnline:Warning: STEAM: Failed to parse setting from key tksex_fighter.win_count value 0
[2017.06.10-10.57.03:598][821]LogOnline:Warning: Unknown or unsupported data type from Steam key data tksex_join_max 4
[2017.06.10-10.57.03:598][821]LogOnline:Warning: STEAM: Failed to parse setting from key tksex_join_max value 4
[2017.06.10-10.57.03:598][821]LogOnline:Warning: Unknown or unsupported data type from Steam key data tksex_join_num 2
[2017.06.10-10.57.03:598][821]LogOnline:Warning: STEAM: Failed to parse setting from key tksex_join_num value 2
[2017.06.10-10.57.03:598][821]LogOnline:Warning: Unknown or unsupported data type from Steam key data tksex_join_slot_num 0
[2017.06.10-10.57.03:598][821]LogOnline:Warning: STEAM: Failed to parse setting from key tksex_join_slot_num value 0
[2017.06.10-10.57.03:599][821]LogOnline:Warning: Unknown or unsupported data type from Steam key data tksex_match_type 2
[2017.06.10-10.57.03:599][821]LogOnline:Warning: STEAM: Failed to parse setting from key tksex_match_type value 2
[2017.06.10-10.57.03:599][821]LogOnline:Warning: Unknown or unsupported data type from Steam key data tksex_max_rank_fighter.win_count 1
[2017.06.10-10.57.03:599][821]LogOnline:Warning: STEAM: Failed to parse setting from key tksex_max_rank_fighter.win_count value 1
[2017.06.10-10.57.03:599][821]LogOnline:Warning: Unknown or unsupported data type from Steam key data tksex_nat_type 2
[2017.06.10-10.57.03:599][821]LogOnline:Warning: STEAM: Failed to parse setting from key tksex_nat_type value 2
[2017.06.10-10.57.03:599][821]LogOnline:Warning: Unknown or unsupported data type from Steam key data tksex_owner_player_name SHINHWA
[2017.06.10-10.57.03:599][821]LogOnline:Warning: STEAM: Failed to parse setting from key tksex_owner_player_name value SHINHWA
[2017.06.10-10.57.03:599][821]LogOnline:Warning: Unknown or unsupported data type from Steam key data tksex_practice 0
[2017.06.10-10.57.03:599][821]LogOnline:Warning: STEAM: Failed to parse setting from key tksex_practice value 0
[2017.06.10-10.57.03:599][821]LogOnline:Warning: Unknown or unsupported data type from Steam key data tksex_rounds 1
[2017.06.10-10.57.03:599][821]LogOnline:Warning: STEAM: Failed to parse setting from key tksex_rounds value 1
[2017.06.10-10.57.03:599][821]LogOnline:Warning: Unknown or unsupported data type from Steam key data tksex_session_name 0
[2017.06.10-10.57.03:599][821]LogOnline:Warning: STEAM: Failed to parse setting from key tksex_session_name value 0
[2017.06.10-10.57.03:599][821]LogOnline:Warning: Unknown or unsupported data type from Steam key data tkstma_ID 76561198107807564,76561198142357896
[2017.06.10-10.57.03:599][821]LogOnline:Warning: STEAM: Failed to parse setting from key tkstma_ID value 76561198107807564,76561198142357896
[2017.06.10-10.57.03:599][821]LogOnline:Warning: Unknown or unsupported data type from Steam key data tkstma_ID2 771,773
[2017.06.10-10.57.03:599][821]LogOnline:Warning: STEAM: Failed to parse setting from key tkstma_ID2 value 771,773
[2017.06.10-10.57.03:599][821]LogOnline:Warning: Unknown or unsupported data type from Steam key data tks_area 1
[2017.06.10-10.57.03:599][821]LogOnline:Warning: STEAM: Failed to parse setting from key tks_area value 1
[2017.06.10-10.57.03:599][821]LogOnline:Warning: Unknown or unsupported data type from Steam key data tks_a_member_rest 0,0,0,0,0,0,0,0
[2017.06.10-10.57.03:599][821]LogOnline:Warning: STEAM: Failed to parse setting from key tks_a_member_rest value 0,0,0,0,0,0,0,0
[2017.06.10-10.57.03:600][821]LogOnline:Warning: Unknown or unsupported data type from Steam key data tks_connection_quality 3
[2017.06.10-10.57.03:600][821]LogOnline:Warning: STEAM: Failed to parse setting from key tks_connection_quality value 3
[2017.06.10-10.57.03:600][821]LogOnline:Warning: Unknown or unsupported data type from Steam key data tks_host_win_count 0
[2017.06.10-10.57.03:600][821]LogOnline:Warning: STEAM: Failed to parse setting from key tks_host_win_count value 0
[2017.06.10-10.57.03:600][821]LogOnline:Warning: Unknown or unsupported data type from Steam key data tks_member_id_winner 0
[2017.06.10-10.57.03:600][821]LogOnline:Warning: STEAM: Failed to parse setting from key tks_member_id_winner value 0
[2017.06.10-10.57.03:600][821]LogOnline:Warning: Unknown or unsupported data type from Steam key data tks_plactice_end 0
[2017.06.10-10.57.03:600][821]LogOnline:Warning: STEAM: Failed to parse setting from key tks_plactice_end value 0
[2017.06.10-10.57.03:600][821]LogOnline:Warning: Unknown or unsupported data type from Steam key data tks_room_data_type 1
[2017.06.10-10.57.03:600][821]LogOnline:Warning: STEAM: Failed to parse setting from key tks_room_data_type value 1
[2017.06.10-10.57.03:600][821]LogOnline:Warning: Unknown or unsupported data type from Steam key data tks_rounds 1
[2017.06.10-10.57.03:600][821]LogOnline:Warning: STEAM: Failed to parse setting from key tks_rounds value 1
[2017.06.10-10.57.03:600][821]LogOnline:Warning: Unknown or unsupported data type from Steam key data tks_session_join_max 4
[2017.06.10-10.57.03:600][821]LogOnline:Warning: STEAM: Failed to parse setting from key tks_session_join_max value 4
[2017.06.10-10.57.03:600][821]LogOnline:Warning: Unknown or unsupported data type from Steam key data tks_session_name 0
[2017.06.10-10.57.03:600][821]LogOnline:Warning: STEAM: Failed to parse setting from key tks_session_name value 0
[2017.06.10-10.57.03:600][821]LogOnline:Warning: Unknown or unsupported data type from Steam key data tks_update_count 167
[2017.06.10-10.57.03:600][821]LogOnline:Warning: STEAM: Failed to parse setting from key tks_update_count value 167
[2017.06.10-10.57.03:600][821]LogOnline:Warning: STEAM: Unable to parse search result for lobby 'Lobby [0x1860000C2D16A37]'
[2017.06.10-10.57.03:600][821]LogOnline:Warning: Unknown or unsupported data type from Steam key data allowcustomfactions True
[2017.06.10-10.57.03:600][821]LogOnline:Warning: STEAM: Failed to parse setting from key allowcustomfactions value True
[2017.06.10-10.57.03:600][821]LogOnline:Warning: Unknown or unsupported data type from Steam key data allowspacebattlerewatch True
[2017.06.10-10.57.03:600][821]LogOnline:Warning: STEAM: Failed to parse setting from key allowspacebattlerewatch value True
[2017.06.10-10.57.03:600][821]LogOnline:Warning: Unknown or unsupported data type from Steam key data animationspeedmultiplier 1
[2017.06.10-10.57.03:600][821]LogOnline:Warning: STEAM: Failed to parse setting from key animationspeedmultiplier value 1
[2017.06.10-10.57.03:600][821]LogOnline:Warning: Unknown or unsupported data type from Steam key data battleautostarttimer False
[2017.06.10-10.57.03:600][821]LogOnline:Warning: STEAM: Failed to parse setting from key battleautostarttimer value False
[2017.06.10-10.57.03:600][821]LogOnline:Warning: Unknown or unsupported data type from Steam key data battleautostarttimerduration 20
[2017.06.10-10.57.03:600][821]LogOnline:Warning: STEAM: Failed to parse setting from key battleautostarttimerduration value 20
[2017.06.10-10.57.03:600][821]LogOnline:Warning: Unknown or unsupported data type from Steam key data competitorcount 12
[2017.06.10-10.57.03:600][821]LogOnline:Warning: STEAM: Failed to parse setting from key competitorcount value 12
[2017.06.10-10.57.03:600][821]LogOnline:Warning: Unknown or unsupported data type from Steam key data economy True
[2017.06.10-10.57.03:601][821]LogOnline:Warning: STEAM: Failed to parse setting from key economy value True
[2017.06.10-10.57.03:601][821]LogOnline:Warning: Unknown or unsupported data type from Steam key data endturntimer False
[2017.06.10-10.57.03:601][821]LogOnline:Warning: STEAM: Failed to parse setting from key endturntimer value False
[2017.06.10-10.57.03:601][821]LogOnline:Warning: Unknown or unsupported data type from Steam key data endturntimerduration 60
[2017.06.10-10.57.03:601][821]LogOnline:Warning: STEAM: Failed to parse setting from key endturntimerduration value 60
[2017.06.10-10.57.03:601][821]LogOnline:Warning: Unknown or unsupported data type from Steam key data galaxyshape Ovoid
[2017.06.10-10.57.03:601][821]LogOnline:Warning: STEAM: Failed to parse setting from key galaxyshape value Ovoid
[2017.06.10-10.57.03:601][821]LogOnline:Warning: Unknown or unsupported data type from Steam key data galaxysize Colossal
[2017.06.10-10.57.03:601][821]LogOnline:Warning: STEAM: Failed to parse setting from key galaxysize value Colossal
[2017.06.10-10.57.03:601][821]LogOnline:Warning: Unknown or unsupported data type from Steam key data gamedifficulty Normal
[2017.06.10-10.57.03:601][821]LogOnline:Warning: STEAM: Failed to parse setting from key gamedifficulty value Normal
[2017.06.10-10.57.03:601][821]LogOnline:Warning: Unknown or unsupported data type from Steam key data GameSpeed Normal
[2017.06.10-10.57.03:601][821]LogOnline:Warning: STEAM: Failed to parse setting from key GameSpeed value Normal
[2017.06.10-10.57.03:601][821]LogOnline:Warning: Unknown or unsupported data type from Steam key data groundbattleautostarttimer False
[2017.06.10-10.57.03:601][821]LogOnline:Warning: STEAM: Failed to parse setting from key groundbattleautostarttimer value False
[2017.06.10-10.57.03:601][821]LogOnline:Warning: Unknown or unsupported data type from Steam key data groundbattleautostarttimerduration 15
[2017.06.10-10.57.03:601][821]LogOnline:Warning: STEAM: Failed to parse setting from key groundbattleautostarttimerduration value 15
[2017.06.10-10.57.03:601][821]LogOnline:Warning: Unknown or unsupported data type from Steam key data metaplotprobability True
[2017.06.10-10.57.03:601][821]LogOnline:Warning: STEAM: Failed to parse setting from key metaplotprobability value True
[2017.06.10-10.57.03:601][821]LogOnline:Warning: Unknown or unsupported data type from Steam key data military True
[2017.06.10-10.57.03:601][821]LogOnline:Warning: STEAM: Failed to parse setting from key military value True
[2017.06.10-10.57.03:601][821]LogOnline:Warning: Unknown or unsupported data type from Steam key data multiplayerquestseventsprobability True
[2017.06.10-10.57.03:601][821]LogOnline:Warning: STEAM: Failed to parse setting from key multiplayerquestseventsprobability value True
[2017.06.10-10.57.03:601][821]LogOnline:Warning: Unknown or unsupported data type from Steam key data owner 76561198015284571
[2017.06.10-10.57.03:601][821]LogOnline:Warning: STEAM: Failed to parse setting from key owner value 76561198015284571
[2017.06.10-10.57.03:601][821]LogOnline:Warning: Unknown or unsupported data type from Steam key data piratesenabled True
[2017.06.10-10.57.03:601][821]LogOnline:Warning: STEAM: Failed to parse setting from key piratesenabled value True
[2017.06.10-10.57.03:601][821]LogOnline:Warning: Unknown or unsupported data type from Steam key data runtimeconfiguration Endless Space 2
[2017.06.10-10.57.03:601][821]LogOnline:Warning: STEAM: Failed to parse setting from key runtimeconfiguration value Endless Space 2
[2017.06.10-10.57.03:601][821]LogOnline:Warning: Unknown or unsupported data type from Steam key data runtimehash 90FA430FD6747508A396765A28586AE5
[2017.06.10-10.57.03:601][821]LogOnline:Warning: STEAM: Failed to parse setting from key runtimehash value 90FA430FD6747508A396765A28586AE5
[2017.06.10-10.57.03:601][821]LogOnline:Warning: Unknown or unsupported data type from Steam key data sbs 28
[2017.06.10-10.57.03:601][821]LogOnline:Warning: STEAM: Failed to parse setting from key sbs value 28
[2017.06.10-10.57.03:601][821]LogOnline:Warning: Unknown or unsupported data type from Steam key data science True
[2017.06.10-10.57.03:601][821]LogOnline:Warning: STEAM: Failed to parse setting from key science value True
[2017.06.10-10.57.03:601][821]LogOnline:Warning: Unknown or unsupported data type from Steam key data score True
[2017.06.10-10.57.03:601][821]LogOnline:Warning: STEAM: Failed to parse setting from key score value True
[2017.06.10-10.57.03:601][821]LogOnline:Warning: Unknown or unsupported data type from Steam key data sessionmode Protected
[2017.06.10-10.57.03:601][821]LogOnline:Warning: STEAM: Failed to parse setting from key sessionmode value Protected
[2017.06.10-10.57.03:601][821]LogOnline:Warning: Unknown or unsupported data type from Steam key data sessionname RS?????????
[2017.06.10-10.57.03:601][821]LogOnline:Warning: STEAM: Failed to parse setting from key sessionname value RS?????????
[2017.06.10-10.57.03:601][821]LogOnline:Warning: Unknown or unsupported data type from Steam key data version 281474980118533
[2017.06.10-10.57.03:601][821]LogOnline:Warning: STEAM: Failed to parse setting from key version value 281474980118533
[2017.06.10-10.57.03:601][821]LogOnline:Warning: Unknown or unsupported data type from Steam key data versionlabel GOLD-Public
[2017.06.10-10.57.03:601][821]LogOnline:Warning: STEAM: Failed to parse setting from key versionlabel value GOLD-Public
[2017.06.10-10.57.03:601][821]LogOnline:Warning: Unknown or unsupported data type from Steam key data withrandomevents True
[2017.06.10-10.57.03:601][821]LogOnline:Warning: STEAM: Failed to parse setting from key withrandomevents value True
[2017.06.10-10.57.03:601][821]LogOnline:Warning: Unknown or unsupported data type from Steam key data wonder True
[2017.06.10-10.57.03:601][821]LogOnline:Warning: STEAM: Failed to parse setting from key wonder value True
[2017.06.10-10.57.03:601][821]LogOnline:Warning: Unknown or unsupported data type from Steam key data _gameinprogress True
[2017.06.10-10.57.03:601][821]LogOnline:Warning: STEAM: Failed to parse setting from key _gameinprogress value True
[2017.06.10-10.57.03:601][821]LogOnline:Warning: Unknown or unsupported data type from Steam key data _turn 67
[2017.06.10-10.57.03:601][821]LogOnline:Warning: STEAM: Failed to parse setting from key _turn value 67
[2017.06.10-10.57.03:601][821]LogOnline:Warning: Unknown or unsupported data type from Steam key data __gameserverIP 0
[2017.06.10-10.57.03:602][821]LogOnline:Warning: STEAM: Failed to parse setting from key __gameserverIP value 0
[2017.06.10-10.57.03:602][821]LogOnline:Warning: Unknown or unsupported data type from Steam key data __gameserverPort 0
[2017.06.10-10.57.03:602][821]LogOnline:Warning: STEAM: Failed to parse setting from key __gameserverPort value 0
[2017.06.10-10.57.03:602][821]LogOnline:Warning: Unknown or unsupported data type from Steam key data __gameserverSteamID 90109205389529089
[2017.06.10-10.57.03:602][821]LogOnline:Warning: STEAM: Failed to parse setting from key __gameserverSteamID value 90109205389529089
[2017.06.10-10.57.03:602][821]LogOnline:Warning: STEAM: Unable to parse search result for lobby 'Lobby [0x1860000C2CF3930]'
[2017.06.10-10.57.03:602][821]LogNetVersion: GetLocalNetworkVersion: CL: 3299760, ProjectName: unnamed, ProjectVersion: 1.0.0.0, EngineNetworkVersion: 2, GameNetworkVersion: 0, NetworkChecksum: 2893060150
[2017.06.10-10.57.03:602][821]LogOnline:Warning: STEAM: Removed incompatible build: ServerBuildUniqueId = 0x3f332627, GetBuildUniqueId() = 0x042a847a
[2017.06.10-10.57.03:602][821]LogOnline:Warning: STEAM: Unable to parse search result for lobby 'Lobby [0x1860000C2D2567C]'
[2017.06.10-10.57.03:603][821]LogOnline:Warning: STEAM: Removed incompatible build: ServerBuildUniqueId = 0x325e4c19, GetBuildUniqueId() = 0x042a847a
[2017.06.10-10.57.03:603][821]LogOnline:Warning: STEAM: Unable to parse search result for lobby 'Lobby [0x1860000C2D25596]'
[2017.06.10-10.57.11:006][279]Closing by request
[2017.06.10-10.57.11:006][279]LogWindows: FPlatformMisc::RequestExit(0)
[2017.06.10-10.57.11:008][280]LogMoviePlayer: Shutting down movie player
[2017.06.10-10.57.11:376][280]LogWindowsTextInputMethodSystem:Display: IME system now activated using TSF (Microsoft 입력기).
[2017.06.10-10.57.11:381][280]LogWindowsTextInputMethodSystem:Display: IME system now activated using TSF (Microsoft 입력기).
[2017.06.10-10.57.11:385][280]LogExit: Preparing to exit.
[2017.06.10-10.57.11:892][280]LogExit: Game engine shut down
[2017.06.10-10.57.11:958][280]LogObj: Freed 0b from 0 cluster array pools.
[2017.06.10-10.57.11:958][280]LogExit: Object subsystem successfully closed.
[2017.06.10-10.57.11:974][280]LogD3D11RHI: Shutdown
[2017.06.10-10.57.11:974][280]LogD3D11RHI: CleanupD3DDevice
[2017.06.10-10.57.12:010][280]LogD3D11RHI: ~FD3D11DynamicRHI
[2017.06.10-10.57.12:025][280]LogModuleManager: Shutting down and abandoning module SequenceRecorderSections (266)
[2017.06.10-10.57.12:025][280]LogModuleManager: Shutting down and abandoning module SequenceRecorder (264)
[2017.06.10-10.57.12:025][280]LogModuleManager: Shutting down and abandoning module AutomationController (262)
[2017.06.10-10.57.12:025][280]LogModuleManager: Shutting down and abandoning module AutomationWorker (260)
[2017.06.10-10.57.12:025][280]LogModuleManager: Shutting down and abandoning module AIModule (258)
[2017.06.10-10.57.12:025][280]LogModuleManager: Shutting down and abandoning module GameplayDebugger (257)
[2017.06.10-10.57.12:026][280]LogModuleManager: Shutting down and abandoning module AITestSuite (255)
[2017.06.10-10.57.12:026][280]LogModuleManager: Shutting down and abandoning module WmfMediaFactory (252)
[2017.06.10-10.57.12:026][280]LogModuleManager: Shutting down and abandoning module MfMediaFactory (250)
[2017.06.10-10.57.12:026][280]LogModuleManager: Shutting down and abandoning module AvfMediaFactory (248)
[2017.06.10-10.57.12:026][280]LogModuleManager: Shutting down and abandoning module AndroidMediaFactory (246)
[2017.06.10-10.57.12:026][280]LogModuleManager: Shutting down and abandoning module Media (245)
[2017.06.10-10.57.12:026][280]LogModuleManager: Shutting down and abandoning module CharacterAI (242)
[2017.06.10-10.57.12:026][280]LogModuleManager: Shutting down and abandoning module SessionServices (240)
[2017.06.10-10.57.12:026][280]LogModuleManager: Shutting down and abandoning module MovieSceneCapture (238)
[2017.06.10-10.57.12:026][280]LogModuleManager: Shutting down and abandoning module GeometryCache (236)
[2017.06.10-10.57.12:026][280]LogModuleManager: Shutting down and abandoning module GeometryCacheEd (235)
[2017.06.10-10.57.12:026][280]LogModuleManager: Shutting down and abandoning module Niagara (232)
[2017.06.10-10.57.12:026][280]LogModuleManager: Shutting down and abandoning module StreamingPauseRendering (230)
[2017.06.10-10.57.12:026][280]LogModuleManager: Shutting down and abandoning module PortalServices (228)
[2017.06.10-10.57.12:026][280]LogModuleManager: Shutting down and abandoning module PortalRpc (226)
[2017.06.10-10.57.12:026][280]LogModuleManager: Shutting down and abandoning module MessagingRpc (224)
[2017.06.10-10.57.12:026][280]LogModuleManager: Shutting down and abandoning module ProfilerService (222)
[2017.06.10-10.57.12:105][280]LogModuleManager: Shutting down and abandoning module TaskGraph (220)
[2017.06.10-10.57.12:105][280]LogModuleManager: Shutting down and abandoning module SteamVRController (218)
[2017.06.10-10.57.12:105][280]LogModuleManager: Shutting down and abandoning module SteamVR (216)
[2017.06.10-10.57.12:105][280]LogModuleManager: Shutting down and abandoning module ProceduralMeshComponent (214)
[2017.06.10-10.57.12:105][280]LogModuleManager: Shutting down and abandoning module OculusLibrary (212)
[2017.06.10-10.57.12:105][280]LogModuleManager: Shutting down and abandoning module OculusInput (210)
[2017.06.10-10.57.12:105][280]LogModuleManager: Shutting down and abandoning module MobilePatchingUtils (208)
[2017.06.10-10.57.12:105][280]LogModuleManager: Shutting down and abandoning module CustomMeshComponent (206)
[2017.06.10-10.57.12:105][280]LogModuleManager: Shutting down and abandoning module CableComponent (204)
[2017.06.10-10.57.12:105][280]LogModuleManager: Shutting down and abandoning module ArchVisCharacter (202)
[2017.06.10-10.57.12:105][280]LogModuleManager: Shutting down and abandoning module HTML5Networking (198)
[2017.06.10-10.57.12:105][280]LogModuleManager: Shutting down and abandoning module VisualStudioSourceCodeAccess (196)
[2017.06.10-10.57.12:105][280]LogModuleManager: Shutting down and abandoning module DesktopPlatform (195)
[2017.06.10-10.57.12:105][280]LogModuleManager: Shutting down and abandoning module HotReload (193)
[2017.06.10-10.57.12:105][280]LogModuleManager: Shutting down and abandoning module DirectoryWatcher (192)
[2017.06.10-10.57.12:105][280]LogModuleManager: Shutting down and abandoning module UObjectPlugin (188)
[2017.06.10-10.57.12:105][280]LogModuleManager: Shutting down and abandoning module SubversionSourceControl (186)
[2017.06.10-10.57.12:105][280]LogModuleManager: Shutting down and abandoning module PerforceSourceControl (184)
[2017.06.10-10.57.12:105][280]LogModuleManager: Shutting down and abandoning module SourceControl (183)
[2017.06.10-10.57.12:105][280]LogModuleManager: Shutting down and abandoning module PhysXVehiclesEditor (180)
[2017.06.10-10.57.12:105][280]LogModuleManager: Shutting down and abandoning module PhysXVehicles (178)
[2017.06.10-10.57.12:105][280]LogModuleManager: Shutting down and abandoning module LocationServicesBPLibrary (176)
[2017.06.10-10.57.12:105][280]LogModuleManager: Shutting down and abandoning module UdpMessaging (174)
[2017.06.10-10.57.12:205][280]LogModuleManager: Shutting down and abandoning module TcpMessaging (172)
[2017.06.10-10.57.12:700][280]LogModuleManager: Shutting down and abandoning module GameplayTagsEditor (170)
[2017.06.10-10.57.12:700][280]LogModuleManager: Shutting down and abandoning module FacialAnimation (168)
[2017.06.10-10.57.12:700][280]LogModuleManager: Shutting down and abandoning module LightPropagationVolumeRuntime (166)
[2017.06.10-10.57.12:700][280]LogModuleManager: Shutting down and abandoning module Paper2D (164)
[2017.06.10-10.57.12:700][280]LogModuleManager: Shutting down and abandoning module WindowsMoviePlayer (162)
[2017.06.10-10.57.12:700][280]LogModuleManager: Shutting down and abandoning module WmfMedia (160)
[2017.06.10-10.57.12:700][280]LogModuleManager: Shutting down and abandoning module MfMedia (158)
[2017.06.10-10.57.12:700][280]LogModuleManager: Shutting down and abandoning module MediaAssets (156)
[2017.06.10-10.57.12:700][280]LogModuleManager: Shutting down and abandoning module GameLiveStreaming (154)
[2017.06.10-10.57.12:700][280]LogModuleManager: Shutting down and abandoning module VREditor (152)
[2017.06.10-10.57.12:700][280]LogModuleManager: Shutting down and abandoning module GameplayTasksEditor (150)
[2017.06.10-10.57.12:700][280]LogModuleManager: Shutting down and abandoning module BehaviorTreeEditor (148)
[2017.06.10-10.57.12:700][280]LogModuleManager: Shutting down and abandoning module FunctionalTesting (146)
[2017.06.10-10.57.12:700][280]LogModuleManager: Shutting down and abandoning module CollisionAnalyzer (144)
[2017.06.10-10.57.12:700][280]LogModuleManager: Shutting down and abandoning module UMG (142)
[2017.06.10-10.57.12:700][280]LogModuleManager: Shutting down and abandoning module UMGEditor (141)
[2017.06.10-10.57.12:700][280]LogModuleManager: Shutting down and abandoning module Sequencer (140)
[2017.06.10-10.57.12:700][280]LogModuleManager: Shutting down and abandoning module AssetTools (138)
[2017.06.10-10.57.12:700][280]LogModuleManager: Shutting down and abandoning module MessageLog (137)
[2017.06.10-10.57.12:700][280]LogModuleManager: Shutting down and abandoning module WorkspaceMenuStructure (136)
[2017.06.10-10.57.12:700][280]LogModuleManager: Shutting down and abandoning module SlateReflector (130)
[2017.06.10-10.57.12:700][280]LogModuleManager: Shutting down and abandoning module Slate (128)
[2017.06.10-10.57.12:700][280]LogModuleManager: Shutting down and abandoning module EditorStyle (126)
[2017.06.10-10.57.12:703][280]LogModuleManager: Shutting down and abandoning module Messaging (124)
[2017.06.10-10.57.12:703][280]LogModuleManager: Shutting down and abandoning module SourceCodeAccess (122)
[2017.06.10-10.57.12:703][280]LogModuleManager: Shutting down and abandoning module HeadMountedDisplay (120)
[2017.06.10-10.57.12:703][280]LogModuleManager: Shutting down and abandoning module XAudio2 (118)
[2017.06.10-10.57.12:703][280]LogModuleManager: Shutting down and abandoning module Networking (116)
[2017.06.10-10.57.12:703][280]LogModuleManager: Shutting down and abandoning module Core (114)
[2017.06.10-10.57.12:703][280]LogModuleManager: Shutting down and abandoning module KismetCompiler (112)
[2017.06.10-10.57.12:703][280]LogModuleManager: Shutting down and abandoning module PhysXFormats (110)
[2017.06.10-10.57.12:703][280]LogModuleManager: Shutting down and abandoning module MeshUtilities (108)
[2017.06.10-10.57.12:703][280]LogModuleManager: Shutting down and abandoning module SimplygonSwarm (107)
[2017.06.10-10.57.12:703][280]LogModuleManager: Shutting down and abandoning module SimplygonMeshReduction (105)
[2017.06.10-10.57.12:703][280]LogModuleManager: Shutting down and abandoning module QuadricMeshReduction (103)
[2017.06.10-10.57.12:703][280]LogModuleManager: Shutting down and abandoning module PropertyEditor (101)
[2017.06.10-10.57.12:703][280]LogModuleManager: Shutting down and abandoning module AssetRegistry (98)
[2017.06.10-10.57.12:703][280]LogModuleManager: Shutting down and abandoning module DerivedDataCache (96)
[2017.06.10-10.57.12:911][280]LogDerivedDataCache: Shutdown
[2017.06.10-10.57.12:912][280]LogModuleManager: Shutting down and abandoning module TargetPlatform (94)
[2017.06.10-10.57.12:912][280]LogModuleManager: Shutting down and abandoning module VulkanShaderFormat (93)
[2017.06.10-10.57.12:912][280]LogModuleManager: Shutting down and abandoning module ShaderFormatOpenGL (91)
[2017.06.10-10.57.12:912][280]LogModuleManager: Shutting down and abandoning module ShaderFormatD3D (89)
[2017.06.10-10.57.12:912][280]LogModuleManager: Shutting down and abandoning module MetalShaderFormat (87)
[2017.06.10-10.57.12:912][280]LogModuleManager: Shutting down and abandoning module TextureFormatUncompressed (85)
[2017.06.10-10.57.12:912][280]LogModuleManager: Shutting down and abandoning module TextureFormatPVR (83)
[2017.06.10-10.57.12:912][280]LogModuleManager: Shutting down and abandoning module TextureFormatDXT (81)
[2017.06.10-10.57.12:912][280]LogModuleManager: Shutting down and abandoning module TextureFormatIntelISPCTexComp (79)
[2017.06.10-10.57.12:912][280]LogModuleManager: Shutting down and abandoning module TextureFormatASTC (77)
[2017.06.10-10.57.12:912][280]LogModuleManager: Shutting down and abandoning module ImageWrapper (76)
[2017.06.10-10.57.12:912][280]LogModuleManager: Shutting down and abandoning module TextureFormatAndroid (73)
[2017.06.10-10.57.12:912][280]LogModuleManager: Shutting down and abandoning module AudioFormatOpus (71)
[2017.06.10-10.57.12:912][280]LogModuleManager: Shutting down and abandoning module AudioFormatOgg (69)
[2017.06.10-10.57.12:912][280]LogModuleManager: Shutting down and abandoning module AudioFormatADPCM (67)
[2017.06.10-10.57.12:912][280]LogModuleManager: Shutting down and abandoning module WindowsTargetPlatform (65)
[2017.06.10-10.57.12:912][280]LogModuleManager: Shutting down and abandoning module WindowsServerTargetPlatform (63)
[2017.06.10-10.57.12:912][280]LogModuleManager: Shutting down and abandoning module WindowsNoEditorTargetPlatform (61)
[2017.06.10-10.57.12:912][280]LogModuleManager: Shutting down and abandoning module WindowsClientTargetPlatform (59)
[2017.06.10-10.57.12:912][280]LogModuleManager: Shutting down and abandoning module InputCore (56)
[2017.06.10-10.57.12:912][280]LogModuleManager: Shutting down and abandoning module Settings (54)
[2017.06.10-10.57.12:912][280]LogModuleManager: Shutting down and abandoning module OculusRift (52)
[2017.06.10-10.57.12:912][280]LogModuleManager: Shutting down and abandoning module GearVR (50)
[2017.06.10-10.57.12:912][280]LogModuleManager: Shutting down and abandoning module ExampleDeviceProfileSelector (48)
[2017.06.10-10.57.12:912][280]LogModuleManager: Shutting down and abandoning module OnlineBlueprintSupport (46)
[2017.06.10-10.57.12:912][280]LogModuleManager: Shutting down and abandoning module OnlineSubsystem (42)
[2017.06.10-10.57.12:912][280]LogOnline:Display: STEAM: OnlineSubsystemSteam::Shutdown()
[2017.06.10-10.57.12:927][280]LogOnline:Display: Unloading online subsystem: STEAM
[2017.06.10-10.57.12:927][280]LogOnline:Display: STEAM: OnlineSubsystemSteam::Shutdown()
[2017.06.10-10.57.12:927][280]LogOnline:Display: Unloading online subsystem: NULL
[2017.06.10-10.57.12:927][280]LogModuleManager: Shutting down and abandoning module XMPP (37)
[2017.06.10-10.57.12:927][280]LogModuleManager: Shutting down and abandoning module HTTP (35)
[2017.06.10-10.57.12:955][280]LogModuleManager: Shutting down and abandoning module SSL (34)
[2017.06.10-10.57.12:956][280]LogModuleManager: Shutting down and abandoning module AudioEditor (30)
[2017.06.10-10.57.12:956][280]LogModuleManager: Shutting down and abandoning module TextureCompressor (28)
[2017.06.10-10.57.12:956][280]LogModuleManager: Shutting down and abandoning module ShaderCore (26)
[2017.06.10-10.57.12:956][280]LogModuleManager: Shutting down and abandoning module Landscape (24)
[2017.06.10-10.57.12:956][280]LogModuleManager: Shutting down and abandoning module SlateRHIRenderer (22)
[2017.06.10-10.57.12:958][280]LogModuleManager: Shutting down and abandoning module OpenGLDrv (20)
[2017.06.10-10.57.12:958][280]LogModuleManager: Shutting down and abandoning module D3D11RHI (18)
[2017.06.10-10.57.12:958][280]LogModuleManager: Shutting down and abandoning module AnimGraphRuntime (16)
[2017.06.10-10.57.12:958][280]LogModuleManager: Shutting down and abandoning module Renderer (14)
[2017.06.10-10.57.12:958][280]LogModuleManager: Shutting down and abandoning module Engine (12)
[2017.06.10-10.57.12:958][280]LogModuleManager: Shutting down and abandoning module CoreUObject (10)
[2017.06.10-10.57.12:958][280]LogModuleManager: Shutting down and abandoning module NetworkFile (8)
[2017.06.10-10.57.12:958][280]LogModuleManager: Shutting down and abandoning module StreamingFile (6)
[2017.06.10-10.57.12:958][280]LogModuleManager: Shutting down and abandoning module SandboxFile (4)
[2017.06.10-10.57.12:958][280]LogModuleManager: Shutting down and abandoning module PakFile (2)
[2017.06.10-10.57.12:959][280]LogExit: Exiting.
[2017.06.10-10.57.12:961][280]Log file closed, 06/10/17 19:57:12
