Log file open, 11/29/17 20:57:20
LogInit:Display: Running engine for game: UNNAMED
LogPlatformFile: Not using cached read wrapper
LogInit:Display: RandInit(716689824) SRandInit(716689824).
LogTaskGraph: Started task graph with 5 named threads and 8 total threads with 1 sets of task threads.
LogStats: Stats thread started at 0.105589
LogInit: Using libcurl 7.47.1
LogInit:  - built for x86_64-pc-win32
LogInit:  - supports SSL with OpenSSL/1.0.2g
LogInit:  - supports HTTP deflate (compression) using libz 1.2.8
LogInit:  - other features:
LogInit:      CURL_VERSION_SSL
LogInit:      CURL_VERSION_LIBZ
LogInit:      CURL_VERSION_IPV6
LogInit:      CURL_VERSION_ASYNCHDNS
LogInit:      CURL_VERSION_LARGEFILE
LogInit:      CURL_VERSION_IDN
LogInit:  CurlRequestOptions (configurable via config and command line):
LogInit:  - bVerifyPeer = false  - Libcurl will NOT verify peer certificate
LogInit:  - bUseHttpProxy = false  - Libcurl will NOT use HTTP proxy
LogInit:  - bDontReuseConnections = false  - Libcurl will reuse connections
LogInit:  - CertBundlePath = nullptr  - Libcurl will use whatever was configured at build time.
LogOnline:Display: STEAM: Loading Steam SDK 1.32
LogOnline:Warning: STEAM: Steamworks: SteamUtils() failed!
LogOnline:Warning: STEAM: Steamworks: SteamUser() failed!
LogOnline:Warning: STEAM: Steamworks: SteamFriends() failed!
LogOnline:Warning: STEAM: Steamworks: SteamRemoteStorage() failed!
LogOnline:Warning: STEAM: Steamworks: SteamUserStats() failed!
LogOnline:Warning: STEAM: Steamworks: SteamMatchmakingServers() failed!
LogOnline:Warning: STEAM: Steamworks: SteamApps() failed!
LogOnline:Warning: STEAM: Steamworks: SteamNetworking() failed!
LogOnline:Warning: STEAM: Steamworks: SteamMatchmaking() failed!
LogOnline:Display: STEAM: OnlineSubsystemSteam::Shutdown()
LogOnline:Warning: STEAM: Steam API failed to initialize!
LogOnline:Display: STEAM: OnlineSubsystemSteam::Shutdown()
LogInit: WinSock: version 1.1 (2.2), MaxSocks=32767, MaxUdp=65467
LogInit: Build: ++UE4+Release-4.15-CL-3450819
LogInit: Engine Version: 4.15.3-3450819+++UE4+Release-4.15
LogInit: Compatible Engine Version: 4.15.0-3299760+++UE4+Release-4.15
LogInit: Net CL: 3299760
LogDevObjectVersion: Number of dev versions registered: 14
LogDevObjectVersion:   Dev-Blueprints (B0D832E4-1F89-4F0D-ACCF-7EB736FD4AA2): 8
LogDevObjectVersion:   Dev-Build (E1C64328-A22C-4D53-A36C-8E866417BD8C): 0
LogDevObjectVersion:   Dev-Core (375EC13C-06E4-48FB-B500-84F0262A717E): 2
LogDevObjectVersion:   Dev-Editor (E4B068ED-F494-42E9-A231-DA0B2E46BB41): 14
LogDevObjectVersion:   Dev-Framework (CFFC743F-43B0-4480-9391-14DF171D2073): 22
LogDevObjectVersion:   Dev-Mobile (B02B49B5-BB20-44E9-A304-32B752E40360): 0
LogDevObjectVersion:   Dev-Networking (A4E4105C-59A1-49B5-A7C5-40C4547EDFEE): 0
LogDevObjectVersion:   Dev-Online (39C831C9-5AE6-47DC-9A44-9C173E1C8E7C): 0
LogDevObjectVersion:   Dev-Physics (78F01B33-EBEA-4F98-B9B4-84EACCB95AA2): 0
LogDevObjectVersion:   Dev-Platform (6631380F-2D4D-43E0-8009-CF276956A95A): 0
LogDevObjectVersion:   Dev-Rendering (12F88B9F-8875-4AFC-A67C-D90C383ABD29): 12
LogDevObjectVersion:   Dev-Sequencer (7B5AE74C-D270-4C10-A958-57980B212A5A): 3
LogDevObjectVersion:   Dev-VR (D7296918-1DD6-4BDD-9DE2-64A83CC13884): 0
LogDevObjectVersion:   Dev-LoadTimes (C2A15278-BFE7-4AFE-6C17-90FF531DF755): 1
LogInit: Compiled (64-bit): May 21 2017 11:02:34
LogInit: Compiled with Visual C++: 19.00.23026.00
LogInit: Build Configuration: Development
LogInit: Branch Name: ++UE4+Release-4.15
LogInit: Command line:  /Temp/Autosaves/Game/ThirdPersonBP/Maps/UEDPCnewMap -game -PIEVIACONSOLE -WinX=100 -WinY=100 -ResX=1600 -ResY=900  -Multiprocess -messaging -SessionName="Play in Standalone Game" -windowed 
LogInit: Base directory: C:/Program Files/Epic Games/UE_4.15/Engine/Binaries/Win64/
LogInit: Installed Engine Build: 1
LogInit: Presizing for max 8388607 objects, including 0 objects not considered by GC, pre-allocating 0 bytes for permanent pool.
LogInit: Object subsystem initialized
[2017.11.29-11.57.22:255][  0]LogInit: Selected Device Profile: [Windows]
[2017.11.29-11.57.22:255][  0]LogInit: Applying CVar settings loaded from the selected device profile: [Windows]
[2017.11.29-11.57.22:260][  0]LogInit: Computer: DESKTOP-5I3HB32
[2017.11.29-11.57.22:260][  0]LogInit: User: jcy
[2017.11.29-11.57.22:260][  0]LogInit: CPU Page size=65536, Cores=4
[2017.11.29-11.57.22:260][  0]LogInit: High frequency timer resolution =2.533209 MHz
[2017.11.29-11.57.22:260][  0]LogMemory: Memory total: Physical=11.9GB (12GB approx)
[2017.11.29-11.57.22:260][  0]LogMemory: Platform Memory Stats for Windows
[2017.11.29-11.57.22:260][  0]LogMemory: Process Physical Memory: 267.73 MB used, 267.73 MB peak
[2017.11.29-11.57.22:260][  0]LogMemory: Process Virtual Memory: 262.71 MB used, 262.71 MB peak
[2017.11.29-11.57.22:260][  0]LogMemory: Physical Memory: 6261.15 MB used,  5948.71 MB free, 12209.86 MB total
[2017.11.29-11.57.22:260][  0]LogMemory: Virtual Memory: 667.20 MB used,  5948.71 MB free, 134217728.00 MB total
[2017.11.29-11.57.22:396][  0]LogTextLocalizationManager: No specific translations for ('ko-KR') exist, so ('ko') translations will be used.
[2017.11.29-11.57.22:456][  0]LogTextLocalizationManager:Warning: Loaded localization resources contain conflicting entries for (Namespace:KismetSchema, Key:Default):
Localization Resource: (C:/Program Files/Epic Games/UE_4.15/Engine/Content/Localization/EditorTutorials/ko/EditorTutorials.locres) Source String Hash: (940523119) Localized String: (디폴트)
Localization Resource: (C:/Program Files/Epic Games/UE_4.15/Engine/Content/Localization/Engine/ko/Engine.locres) Source String Hash: (940523119) Localized String: (기본)
[2017.11.29-11.57.22:456][  0]LogTextLocalizationManager:Warning: Loaded localization resources contain conflicting entries for (Namespace:UObjectToolTips, Key:AnimNode_AssetPlayerBase:InternalTimeAccumulator):
Localization Resource: (C:/Program Files/Epic Games/UE_4.15/Engine/Content/Localization/EditorTutorials/ko/EditorTutorials.locres) Source String Hash: (502993589) Localized String: (이 노드에서 애셋을 레퍼런싱하는 데 사용되는 누적 시간입니다.)
Localization Resource: (C:/Program Files/Epic Games/UE_4.15/Engine/Content/Localization/ToolTips/ko/ToolTips.locres) Source String Hash: (502993589) Localized String: (내부 시간 누산기 - 이 노드에서 애셋을 레퍼런싱하는 데 사용된 누적 시간입니다.)
Localization Resource: (C:/Program Files/Epic Games/UE_4.15/Engine/Content/Localization/Engine/ko/Engine.locres) Source String Hash: (502993589) Localized String: (이 노드에서 애셋을 레퍼런싱하는 데 사용된 누적 시간입니다.)
[2017.11.29-11.57.22:456][  0]LogTextLocalizationManager:Warning: Loaded localization resources contain conflicting entries for (Namespace:UObjectToolTips, Key:AnimNode_AssetPlayerBase:bIgnoreForRelevancyTest):
Localization Resource: (C:/Program Files/Epic Games/UE_4.15/Engine/Content/Localization/EditorTutorials/ko/EditorTutorials.locres) Source String Hash: (319969718) Localized String: (True 면, 스테이트에서 최고 가중치 애니메이션을 찾는 "Relevant anim" 노드는 이 노드를 무시합니다.
 )
Localization Resource: (C:/Program Files/Epic Games/UE_4.15/Engine/Content/Localization/ToolTips/ko/ToolTips.locres) Source String Hash: (319969718) Localized String: (연관성 테스트에 무시 - true 인 경우 스테이트 내 최고 웨이팅된 애니메이션을 찾는 "Relevant anim" (연관 애님) 노드가
이 노드를 무시합니다.)
Localization Resource: (C:/Program Files/Epic Games/UE_4.15/Engine/Content/Localization/Engine/ko/Engine.locres) Source String Hash: (319969718) Localized String: (True 면 스테이트 내 최고 웨이팅된 애니메이션을 찾는 "Relevant anim" 노드가 무시됩니다.
 )
[2017.11.29-11.57.22:456][  0]LogTextLocalizationManager:Warning: Loaded localization resources contain conflicting entries for (Namespace:UObjectToolTips, Key:AnimNode_AssetPlayerBase:BlendWeight):
Localization Resource: (C:/Program Files/Epic Games/UE_4.15/Engine/Content/Localization/EditorTutorials/ko/EditorTutorials.locres) Source String Hash: (-1232800293) Localized String: (이 노드에 마지막 걸린 블렌드웨이트 입니다.)
Localization Resource: (C:/Program Files/Epic Games/UE_4.15/Engine/Content/Localization/ToolTips/ko/ToolTips.locres) Source String Hash: (-1232800293) Localized String: (블렌드 웨이트 - 이 노드에 대해 마지막으로 접한 블렌드 웨이트입니다.)
Localization Resource: (C:/Program Files/Epic Games/UE_4.15/Engine/Content/Localization/Engine/ko/Engine.locres) Source String Hash: (-1232800293) Localized String: (이 노드에 대해 마지막 접한 블렌드 웨이트)
[2017.11.29-11.57.22:456][  0]LogTextLocalizationManager:Warning: Loaded localization resources contain conflicting entries for (Namespace:UObjectToolTips, Key:AnimNode_BlendSpacePlayer:bLoop):
Localization Resource: (C:/Program Files/Epic Games/UE_4.15/Engine/Content/Localization/EditorTutorials/ko/EditorTutorials.locres) Source String Hash: (2133979316) Localized String: (애니메이션이 끝까지 재생되면 반복할까요?)
Localization Resource: (C:/Program Files/Epic Games/UE_4.15/Engine/Content/Localization/ToolTips/ko/ToolTips.locres) Source String Hash: (2133979316) Localized String: (루프 - 애니메이션이 끝에 도달했을 때 계속 반복할까요?)
[2017.11.29-11.57.22:456][  0]LogTextLocalizationManager:Warning: Loaded localization resources contain conflicting entries for (Namespace:UObjectToolTips, Key:AnimNode_StateMachine:bSkipFirstUpdateTransition):
Localization Resource: (C:/Program Files/Epic Games/UE_4.15/Engine/Content/Localization/EditorTutorials/ko/EditorTutorials.locres) Source String Hash: (1865475011) Localized String: (첫 업데이트시 도입 상태에서의 트랜지션을 건너뛸까요? 
기본은 true 로, 첫 업데이트시에는 트랜지션 데이터를 버립니다.)
Localization Resource: (C:/Program Files/Epic Games/UE_4.15/Engine/Content/Localization/ToolTips/ko/ToolTips.locres) Source String Hash: (1865475011) Localized String: (첫 번째 업데이트 트랜지션 건너뛰기 - 첫 번째 업데이트에서 입력 스테이트의 트랜지션을 건너뜁니까?
디폴트는 true 고 첫 번째 업데이트의 트랜지션 데이터를 버립니다.)
[2017.11.29-11.57.22:456][  0]LogTextLocalizationManager:Warning: Loaded localization resources contain conflicting entries for (Namespace:UObjectToolTips, Key:AnimNode_BlendSpacePlayer:X):
Localization Resource: (C:/Program Files/Epic Games/UE_4.15/Engine/Content/Localization/EditorTutorials/ko/EditorTutorials.locres) Source String Hash: (2060772590) Localized String: (블렌드스페이스에서 샘플링할 X 좌표입니다.)
Localization Resource: (C:/Program Files/Epic Games/UE_4.15/Engine/Content/Localization/ToolTips/ko/ToolTips.locres) Source String Hash: (2060772590) Localized String: (X - 블렌드스페이스 샘플의 X 좌표입니다.)
[2017.11.29-11.57.22:456][  0]LogTextLocalizationManager:Warning: Loaded localization resources contain conflicting entries for (Namespace:UObjectToolTips, Key:AnimNode_BlendSpacePlayer:Y):
Localization Resource: (C:/Program Files/Epic Games/UE_4.15/Engine/Content/Localization/EditorTutorials/ko/EditorTutorials.locres) Source String Hash: (-1719607538) Localized String: (블렌드스페이스에서 샘플링할 Y 좌표입니다.)
Localization Resource: (C:/Program Files/Epic Games/UE_4.15/Engine/Content/Localization/ToolTips/ko/ToolTips.locres) Source String Hash: (-1719607538) Localized String: (Y - 블렌드스페이스 샘플의 Y 좌표입니다.)
[2017.11.29-11.57.22:456][  0]LogTextLocalizationManager:Warning: Loaded localization resources contain conflicting entries for (Namespace:UObjectToolTips, Key:AnimNode_BlendSpacePlayer:Z):
Localization Resource: (C:/Program Files/Epic Games/UE_4.15/Engine/Content/Localization/EditorTutorials/ko/EditorTutorials.locres) Source String Hash: (1728943471) Localized String: (블렌드스페이스에서 샘플링할 Z 좌표입니다.)
Localization Resource: (C:/Program Files/Epic Games/UE_4.15/Engine/Content/Localization/ToolTips/ko/ToolTips.locres) Source String Hash: (1728943471) Localized String: (Z - 블렌드스페이스 샘플의 Z 좌표입니다.)
[2017.11.29-11.57.22:456][  0]LogTextLocalizationManager:Warning: Loaded localization resources contain conflicting entries for (Namespace:UObjectToolTips, Key:AnimNode_BlendSpacePlayer:BlendSpace):
Localization Resource: (C:/Program Files/Epic Games/UE_4.15/Engine/Content/Localization/EditorTutorials/ko/EditorTutorials.locres) Source String Hash: (1599043277) Localized String: (재생할 블렌드스페이스 애셋입니다.)
Localization Resource: (C:/Program Files/Epic Games/UE_4.15/Engine/Content/Localization/ToolTips/ko/ToolTips.locres) Source String Hash: (1599043277) Localized String: (블렌드스페이스 - 재생할 블렌드스페이스 애셋입니다.)
[2017.11.29-11.57.22:456][  0]LogTextLocalizationManager:Warning: Loaded localization resources contain conflicting entries for (Namespace:UObjectToolTips, Key:AnimNode_StateMachine:MaxTransitionsPerFrame):
Localization Resource: (C:/Program Files/Epic Games/UE_4.15/Engine/Content/Localization/EditorTutorials/ko/EditorTutorials.locres) Source String Hash: (1567650430) Localized String: (이 머신에서 한 프레임 내 '동시에' 취할 수 있는 트랜지션 최대 수입니다.)
Localization Resource: (C:/Program Files/Epic Games/UE_4.15/Engine/Content/Localization/ToolTips/ko/ToolTips.locres) Source String Hash: (1567650430) Localized String: (프레임 당 최대 트랜지션 - 한 프레임에서 이 머신이 동시에 취할 수 있는 트랜지션 최대 수입니다.)
[2017.11.29-11.57.22:456][  0]LogTextLocalizationManager:Warning: Loaded localization resources contain conflicting entries for (Namespace:UObjectToolTips, Key:AnimNode_BlendSpacePlayer:PlayRate):
Localization Resource: (C:/Program Files/Epic Games/UE_4.15/Engine/Content/Localization/EditorTutorials/ko/EditorTutorials.locres) Source String Hash: (-1274923958) Localized String: (재생 속도 배수입니다. 음수가 되면 애니메이션을 역순으로 재생하게 됩니다.)
Localization Resource: (C:/Program Files/Epic Games/UE_4.15/Engine/Content/Localization/ToolTips/ko/ToolTips.locres) Source String Hash: (-1274923958) Localized String: (재생 속도 - 재생 속도 배수입니다. 음수가 되면 애니메이션을 거꾸로 재생합니다.)
[2017.11.29-11.57.22:456][  0]LogTextLocalizationManager:Warning: Loaded localization resources contain conflicting entries for (Namespace:UObjectToolTips, Key:AnimNode_BlendSpacePlayer:StartPosition):
Localization Resource: (C:/Program Files/Epic Games/UE_4.15/Engine/Content/Localization/EditorTutorials/ko/EditorTutorials.locres) Source String Hash: (-207153555) Localized String: (시작 위치 범위는 [0,1] 이며, 재초기화시에만 적용됩니다.
루핑을 하면, 1 회전 후 0.f 부터 시작할 것입니다.)
Localization Resource: (C:/Program Files/Epic Games/UE_4.15/Engine/Content/Localization/ToolTips/ko/ToolTips.locres) Source String Hash: (-207153555) Localized String: (시작 위치 - [0, 1] 범위의 시작 위치로, 재초기화할 때만 적용됩니다.
반복하면 1회전 후 0.f 부터 시작됩니다.)
[2017.11.29-11.57.22:456][  0]LogTextLocalizationManager:Warning: Loaded localization resources contain conflicting entries for (Namespace:UObjectToolTips, Key:CameraFilmbackSettings:SensorWidth):
Localization Resource: (C:/Program Files/Epic Games/UE_4.15/Engine/Content/Localization/ToolTips/ko/ToolTips.locres) Source String Hash: (-1448580153) Localized String: (센서 폭 - 필름백 또는 디지털 센서의 가로 크기로, mm 단위입니다.)
Localization Resource: (C:/Program Files/Epic Games/UE_4.15/Engine/Content/Localization/Engine/ko/Engine.locres) Source String Hash: (-1448580153) Localized String: (필름백 또는 디지털 센서의 가로 크기로, mm 단위입니다.)
[2017.11.29-11.57.22:456][  0]LogTextLocalizationManager:Warning: Loaded localization resources contain conflicting entries for (Namespace:UObjectToolTips, Key:CameraFilmbackSettings:SensorAspectRatio):
Localization Resource: (C:/Program Files/Epic Games/UE_4.15/Engine/Content/Localization/ToolTips/ko/ToolTips.locres) Source String Hash: (-194807515) Localized String: (센서 종횡비 - 읽기 전용입니다. 센서 치수에서 계산했습니다.)
Localization Resource: (C:/Program Files/Epic Games/UE_4.15/Engine/Content/Localization/Engine/ko/Engine.locres) Source String Hash: (-194807515) Localized String: (읽기 전용입니다. 센서 크기에서 계산했습니다.)
[2017.11.29-11.57.22:456][  0]LogTextLocalizationManager:Warning: Loaded localization resources contain conflicting entries for (Namespace:UObjectToolTips, Key:AnimNode_SequencePlayer:bLoopAnimation):
Localization Resource: (C:/Program Files/Epic Games/UE_4.15/Engine/Content/Localization/ToolTips/ko/ToolTips.locres) Source String Hash: (2133979316) Localized String: (루프 - 애니메이션이 끝에 도달했을 때 계속 반복시켜야 할까요?)
Localization Resource: (C:/Program Files/Epic Games/UE_4.15/Engine/Content/Localization/Engine/ko/Engine.locres) Source String Hash: (2133979316) Localized String: (애니메이션이 끝에 도달하면 계속해서 루핑시킬것인지 입니다.)
[2017.11.29-11.57.22:456][  0]LogTextLocalizationManager:Warning: Loaded localization resources contain conflicting entries for (Namespace:UObjectToolTips, Key:AnimNode_SequencePlayer:Sequence):
Localization Resource: (C:/Program Files/Epic Games/UE_4.15/Engine/Content/Localization/ToolTips/ko/ToolTips.locres) Source String Hash: (421436424) Localized String: (시퀀스 - 재생할 애니메이션 시퀀스 애셋입니다.)
Localization Resource: (C:/Program Files/Epic Games/UE_4.15/Engine/Content/Localization/Engine/ko/Engine.locres) Source String Hash: (421436424) Localized String: (재생할 애니메이션 시퀀스 애셋입니다.)
[2017.11.29-11.57.22:456][  0]LogTextLocalizationManager:Warning: Loaded localization resources contain conflicting entries for (Namespace:UObjectToolTips, Key:AnimNode_SequencePlayer:PlayRate):
Localization Resource: (C:/Program Files/Epic Games/UE_4.15/Engine/Content/Localization/ToolTips/ko/ToolTips.locres) Source String Hash: (-1274923958) Localized String: (재생 속도 - 재생 속도 배수입니다. 음수가 될 수 있으며, 그러면 애니메이션이 거꾸로 재생됩니다.)
Localization Resource: (C:/Program Files/Epic Games/UE_4.15/Engine/Content/Localization/Engine/ko/Engine.locres) Source String Hash: (-1274923958) Localized String: (플레이 속도 배수입니다. 음수가 되면 애니메이션이 역방향으로 재생됩니다.)
[2017.11.29-11.57.22:456][  0]LogTextLocalizationManager:Warning: Loaded localization resources contain conflicting entries for (Namespace:UObjectToolTips, Key:AnimNode_SequencePlayer:StartPosition):
Localization Resource: (C:/Program Files/Epic Games/UE_4.15/Engine/Content/Localization/ToolTips/ko/ToolTips.locres) Source String Hash: (771611000) Localized String: (시작 위치 - 시작 위치로 재초기화할 때만 적용됩니다.
반복하면, 1회전 후 0.f 부터 시작됩니다.)
Localization Resource: (C:/Program Files/Epic Games/UE_4.15/Engine/Content/Localization/Engine/ko/Engine.locres) Source String Hash: (771611000) Localized String: (시작 위치로, 재초기화시에만 적용됩니다.
루핑을 하면, 1회전 후 0.f 부터 시작할 것입니다.)
[2017.11.29-11.57.22:456][  0]LogTextLocalizationManager:Warning: Loaded localization resources contain conflicting entries for (Namespace:UObjectToolTips, Key:CameraFilmbackSettings:SensorHeight):
Localization Resource: (C:/Program Files/Epic Games/UE_4.15/Engine/Content/Localization/ToolTips/ko/ToolTips.locres) Source String Hash: (-1311569777) Localized String: (센서 높이 - 필름백 또는 디지털 센서의 세로 크기로, mm 단위입니다.)
Localization Resource: (C:/Program Files/Epic Games/UE_4.15/Engine/Content/Localization/Engine/ko/Engine.locres) Source String Hash: (-1311569777) Localized String: (필름백 또는 디지털 센서의 세로 크기로, mm 단위입니다.)
[2017.11.29-11.57.22:632][  0]LogD3D11RHI: D3D11 adapters:
[2017.11.29-11.57.22:671][  0]LogD3D11RHI:    0. 'NVIDIA GeForce GTX 960M' (Feature Level 11_0)
[2017.11.29-11.57.22:671][  0]LogD3D11RHI:       2019/0/6104 MB DedicatedVideo/DedicatedSystem/SharedSystem, Outputs:2, VendorId:0x10de
[2017.11.29-11.57.22:677][  0]LogD3D11RHI:    1. 'Intel(R) HD Graphics 4600' (Feature Level 11_0)
[2017.11.29-11.57.22:677][  0]LogD3D11RHI:       112/0/2048 MB DedicatedVideo/DedicatedSystem/SharedSystem, Outputs:0, VendorId:0x8086
[2017.11.29-11.57.22:679][  0]LogD3D11RHI:    2. 'Microsoft Basic Render Driver' (Feature Level 11_0)
[2017.11.29-11.57.22:679][  0]LogD3D11RHI:       0/0/6104 MB DedicatedVideo/DedicatedSystem/SharedSystem, Outputs:0, VendorId:0x1414
[2017.11.29-11.57.22:679][  0]LogD3D11RHI: Chosen D3D11 Adapter: 0
[2017.11.29-11.57.22:685][  0]LogD3D11RHI: Creating new Direct3DDevice
[2017.11.29-11.57.22:685][  0]LogD3D11RHI:     GPU DeviceId: 0x139b (for the marketing name, search the web for "GPU Device Id")
[2017.11.29-11.57.22:685][  0]LogWindows: EnumDisplayDevices:
[2017.11.29-11.57.22:685][  0]LogWindows:    0. 'Intel(R) HD Graphics 4600' (P:0 D:1)
[2017.11.29-11.57.22:685][  0]LogWindows:    1. 'Intel(R) HD Graphics 4600' (P:1 D:1)
[2017.11.29-11.57.22:685][  0]LogWindows:    2. 'Intel(R) HD Graphics 4600' (P:0 D:0)
[2017.11.29-11.57.22:685][  0]LogWindows: DebugString: GetVideoDriverDetailsInvalid PrimaryIsNotTheChoosenAdapter GetVideoDriverDetailsInvalid PrimaryIsNotTheChoosenAdapter GetVideoDriverDetailsInvalid PrimaryIsNotTheChoosenAdapter FoundDriverCount:0 
[2017.11.29-11.57.22:685][  0]LogD3D11RHI:     Adapter Name: NVIDIA GeForce GTX 960M
[2017.11.29-11.57.22:685][  0]LogD3D11RHI:   Driver Version: Unknown (internal:Unknown, unified:Unknown)
[2017.11.29-11.57.22:685][  0]LogD3D11RHI:      Driver Date: Unknown
[2017.11.29-11.57.22:685][  0]LogRHI: Texture pool is 1361 MB (70% of 1945 MB)
[2017.11.29-11.57.22:709][  0]LogD3D11RHI: Async texture creation enabled
[2017.11.29-11.57.22:727][  0]LogD3D11RHI: GPU Timing Frequency: 1000.000000 (Debug: 2 1)
[2017.11.29-11.57.22:728][  0]LogShaderCompilers: Guid format shader working directory is -16 characters bigger than the processId version (../../../../../../Users/jcy/Documents/GitHub/UNNAMED/UNNAMED/Intermediate/Shaders/WorkingDirectory/5960/).
[2017.11.29-11.57.22:728][  0]LogShaderCompilers: Cleaned the shader compiler working directory 'C:/Users/jcy/AppData/Local/Temp/UnrealShaderWorkingDir/5DD1F0D24C8DC81D453D0791E59DAE66/'.
[2017.11.29-11.57.22:728][  0]LogShaderCompilers:Display: Using Local Shader Compiler.
[2017.11.29-11.57.23:903][  0]LogTemp:Display: Loaded TP WindowsClientTargetPlatform
[2017.11.29-11.57.23:971][  0]LogTemp:Display: Loaded TP WindowsNoEditorTargetPlatform
[2017.11.29-11.57.24:038][  0]LogTemp:Display: Loaded TP WindowsServerTargetPlatform
[2017.11.29-11.57.24:096][  0]LogTemp:Display: Loaded TP WindowsTargetPlatform
[2017.11.29-11.57.24:096][  0]LogTargetPlatformManager:Display: Building Assets For Windows
[2017.11.29-11.57.24:659][  0]LogDerivedDataCache:Display: Max Cache Size: 512 MB
[2017.11.29-11.57.24:715][  0]LogDerivedDataCache: Loaded boot cache 0.06s 60MB C:/Users/jcy/AppData/Local/UnrealEngine/4.15/DerivedDataCache/Boot.ddc.
[2017.11.29-11.57.24:715][  0]LogDerivedDataCache:Display: Loaded Boot cache: C:/Users/jcy/AppData/Local/UnrealEngine/4.15/DerivedDataCache/Boot.ddc
[2017.11.29-11.57.24:715][  0]LogDerivedDataCache: FDerivedDataBackendGraph:  Pak pak cache file ../../../../../../Users/jcy/Documents/GitHub/UNNAMED/UNNAMED/DerivedDataCache/DDC.ddp not found, will not use a pak cache.
[2017.11.29-11.57.24:715][  0]LogDerivedDataCache: Unable to find inner node Pak for hierarchical cache Hierarchy.
[2017.11.29-11.57.24:715][  0]LogDerivedDataCache: FDerivedDataBackendGraph:  CompressedPak pak cache file ../../../../../../Users/jcy/Documents/GitHub/UNNAMED/UNNAMED/DerivedDataCache/Compressed.ddp not found, will not use a pak cache.
[2017.11.29-11.57.24:715][  0]LogDerivedDataCache: Unable to find inner node CompressedPak for hierarchical cache Hierarchy.
[2017.11.29-11.57.24:733][  0]LogDerivedDataCache:Display: Pak cache opened for reading ../../../Engine/DerivedDataCache/Compressed.ddp.
[2017.11.29-11.57.24:746][  0]LogDerivedDataCache: Using Local data cache path C:/Users/jcy/AppData/Local/UnrealEngine/Common/DerivedDataCache: Writable
[2017.11.29-11.57.24:756][  0]LogSlate: Using Freetype 2.6.0
[2017.11.29-11.57.24:757][  0]LogSlate: SlateFontCache - WITH_FREETYPE: 1, WITH_HARFBUZZ: 1
[2017.11.29-11.57.24:757][  0]LogSlate: SlateFontCache - WITH_FREETYPE: 1, WITH_HARFBUZZ: 1
[2017.11.29-11.57.25:092][  0]LogAssetRegistry: FAssetRegistry took 0.0001 seconds to start up
[2017.11.29-11.57.25:104][  0]LogPackageLocalizationCache: Processed 3 localized package path(s) for 2 prioritized culture(s) in 0.011262 seconds
[2017.11.29-11.57.25:122][  0]LogInit: Selected Device Profile: [Windows]
[2017.11.29-11.57.25:124][  0]LogContentStreaming: Texture pool size is 1000.00 MB
[2017.11.29-11.57.25:367][  0]LogMeshUtilities: Using QuadricMeshReduction for automatic static mesh reduction
[2017.11.29-11.57.25:425][  0]LogSimplygon: Simplygon DLL not present - disabling.
[2017.11.29-11.57.25:493][  0]LogMeshUtilities: Using SimplygonSwarm for distributed automatic mesh merging
[2017.11.29-11.57.25:493][  0]LogMeshUtilities: No automatic skeletal mesh reduction module available
[2017.11.29-11.57.25:493][  0]LogMeshUtilities: No automatic mesh merging module available
[2017.11.29-11.57.26:055][  0]LogNetVersion: GetLocalNetworkVersion: CL: 3299760, ProjectName: unnamed, ProjectVersion: , EngineNetworkVersion: 2, GameNetworkVersion: 0, NetworkChecksum: 1184173371
[2017.11.29-11.57.27:167][  0]LogMoviePlayer: Initializing movie player
[2017.11.29-11.57.27:253][  0]LogWindowsTextInputMethodSystem:Display: IME system now activated using TSF (Microsoft 입력기).
[2017.11.29-11.57.27:625][  0]LogTcpMessaging: Initializing TcpMessaging bridge
[2017.11.29-11.57.27:676][  0]LogUdpMessaging: Initializing bridge on interface 0.0.0.0:0 to multicast group 230.0.0.1:6666.
[2017.11.29-11.57.28:054][  0]SourceControl: 정보 소스 콘트롤이 꺼졌습니다.
[2017.11.29-11.57.28:054][  0]SourceControl: 정보 소스 콘트롤이 꺼졌습니다.
[2017.11.29-11.57.28:120][  0]SourceControl: 정보 소스 콘트롤이 꺼졌습니다.
[2017.11.29-11.57.28:988][  0]LogUObjectArray: 34417 objects as part of root set at end of initial load.
[2017.11.29-11.57.28:988][  0]LogUObjectAllocator: 7853624 out of 0 bytes used by permanent object pool.
[2017.11.29-11.57.28:988][  0]LogUObjectArray: CloseDisregardForGC: 0/0 objects in disregard for GC pool
[2017.11.29-11.57.29:108][  0]LogEngine: Initializing Engine...
[2017.11.29-11.57.29:110][  0]LogHMD: Failed to initialize OpenVR with code 110
[2017.11.29-11.57.29:217][  0]LogStats: UGameplayTagsManager::ConstructGameplayTagTree: Construct from data asset -  0.000 s
[2017.11.29-11.57.29:217][  0]LogStats: UGameplayTagsManager::ConstructGameplayTagTree: GameplayTagTreeChangedEvent.Broadcast -  0.000 s
[2017.11.29-11.57.29:228][  0]LogInit: XAudio2 using '스피커(Realtek High Definition Audio)' : 2 channels at 48 kHz using 32 bits per sample (channel mask 0x3)
[2017.11.29-11.57.29:271][  0]LogInit: FAudioDevice initialized.
[2017.11.29-11.57.29:291][  0]LogInit: Texture streaming: Enabled
[2017.11.29-11.57.29:304][  0]LogMaterial: Uniform references updated for custom material expression Custom.
[2017.11.29-11.57.31:142][  0]LogClass:Warning: Enum '/Game/BP/E_GameState.E_GameState' was upgraded to use FText to store its display name data. Please re-save this asset to avoid issues with localization and determinstic cooking.
[2017.11.29-11.57.32:442][  0]LogInit:Display: Game Engine Initialized.
[2017.11.29-11.57.32:698][  0]LogInit:Display: Starting Game.
[2017.11.29-11.57.32:698][  0]LogNet: Browse: /Temp/Autosaves/Game/ThirdPersonBP/Maps/UEDPCnewMap?Name=Player
[2017.11.29-11.57.32:698][  0]LogLoad: LoadMap: /Temp/Autosaves/Game/ThirdPersonBP/Maps/UEDPCnewMap?Name=Player
[2017.11.29-11.57.32:800][  0]LogMemory: Platform Memory Stats for Windows
[2017.11.29-11.57.32:800][  0]LogMemory: Process Physical Memory: 854.95 MB used, 854.95 MB peak
[2017.11.29-11.57.32:800][  0]LogMemory: Process Virtual Memory: 947.86 MB used, 947.87 MB peak
[2017.11.29-11.57.32:800][  0]LogMemory: Physical Memory: 6794.86 MB used,  5415.00 MB free, 12209.86 MB total
[2017.11.29-11.57.32:800][  0]LogMemory: Virtual Memory: 1559.95 MB used,  5415.00 MB free, 134217728.00 MB total
[2017.11.29-11.57.32:800][  0]LogMemory: 
[2017.11.29-11.57.32:800][  0]Allocator Stats for TBB: (not implemented)
[2017.11.29-11.57.33:565][  0]LogMaterial: Missing cached shader map for material 01_-_Default, compiling. 
[2017.11.29-11.57.33:566][  0]LogMaterial:Warning: Failed to compile Material /Game/b/01_-_Default.01_-_Default for platform PCD3D_SM5, Default Material will be used in game.
[2017.11.29-11.57.33:566][  0]LogMaterial:Warning: 	(Node TextureSample) TextureSample> Missing input texture
[2017.11.29-11.57.34:080][  0]LogAIModule: Creating AISystem for world newMap
[2017.11.29-11.57.34:081][  0]LogLoad: Game class is 'MyGameMode_C'
[2017.11.29-11.57.34:137][  0]LogWorld: Bringing World /Temp/Autosaves/Game/ThirdPersonBP/Maps/UEDPCnewMap.newMap up for play (max tick rate 0) at 2017.11.29-20.57.34
[2017.11.29-11.57.34:139][  0]LogWorld: Bringing up level for play took: 0.057041
[2017.11.29-11.57.34:164][  0]LogGameMode:Display: Match State Changed from EnteringMap to WaitingToStart
[2017.11.29-11.57.34:164][  0]LogGameState: Match State Changed from EnteringMap to WaitingToStart
[2017.11.29-11.57.34:165][  0]LogGameMode:Display: Match State Changed from WaitingToStart to InProgress
[2017.11.29-11.57.34:174][  0]LogBlueprintUserMessages: [messageScroll_116] DESKTOP-5I3HB32-D1E8
[2017.11.29-11.57.34:180][  0]LogGameState: Match State Changed from WaitingToStart to InProgress
[2017.11.29-11.57.34:180][  0]LogLoad: Took 1.481436 seconds to LoadMap(/Temp/Autosaves/Game/ThirdPersonBP/Maps/UEDPCnewMap)
[2017.11.29-11.57.34:180][  0]LogSlate: Took 0.000307 seconds to synchronously load lazily loaded font '../../../Engine/Content/Slate/Fonts/Roboto-Regular.ttf' (155K)
[2017.11.29-11.57.34:185][  0]LogSlate: Took 0.002169 seconds to synchronously load lazily loaded font '../../../Engine/Content/Slate/Fonts/NanumGothic.ttf' (4243K)
[2017.11.29-11.57.34:448][  0]LogRenderer: Reallocating scene render targets to support 1600x900 NumSamples 1 (Frame:2).
[2017.11.29-11.57.34:448][  0]LogLoad: (Engine Initialization) Total time: 15.57 seconds
[2017.11.29-11.57.34:448][  0]LogLoad: (Engine Initialization) Total Blueprint compile time: 1.63 seconds
[2017.11.29-11.57.34:448][  0]LogExternalProfiler: Found external profiler: VSPerf
[2017.11.29-11.57.34:448][  0]LogExternalProfiler: Using external profiler: VSPerf
[2017.11.29-11.57.34:469][  0]LogOcInput: OculusInput pre-init called
[2017.11.29-11.57.34:662][  8]PIE:Warning: 경고 위젯이 포커스를 지원하지 않습니다. UserWidget 인 경우, bIsFocusable 을 true 로 설정해야 합니다.
[2017.11.29-11.57.38:659][255]PIE:Error: 오류 SetInputMode_GameOnly 는 유효한 플레이어 컨트롤러를 타겟으로 기대합니다.
[2017.11.29-11.57.38:659][255]PIE:Error: 오류 SetInputMode_GameOnly 는 유효한 플레이어 컨트롤러를 타겟으로 기대합니다.
[2017.11.29-11.57.38:662][255]LogScriptCore:Warning: Script Msg: Divide by zero
Script call stack:
	Function /Game/Widget/PHUD.PHUD_C:RMouseSkillCoolTimeBar

[2017.11.29-11.57.38:662][255]LogScriptCore:Warning: Script Msg: Divide by zero
Script call stack:
	Function /Game/Widget/PHUD.PHUD_C:ShiftSkillCoolTimeBar

[2017.11.29-11.57.38:675][256]LogScriptCore:Warning: Script Msg: Divide by zero
Script call stack:
	Function /Game/Widget/PHUD.PHUD_C:RMouseSkillCoolTimeBar

[2017.11.29-11.57.38:675][256]LogScriptCore:Warning: Script Msg: Divide by zero
Script call stack:
	Function /Game/Widget/PHUD.PHUD_C:ShiftSkillCoolTimeBar

[2017.11.29-11.57.38:691][257]LogScriptCore:Warning: Script Msg: Divide by zero
Script call stack:
	Function /Game/Widget/PHUD.PHUD_C:RMouseSkillCoolTimeBar

[2017.11.29-11.57.38:691][257]LogScriptCore:Warning: Script Msg: Divide by zero
Script call stack:
	Function /Game/Widget/PHUD.PHUD_C:ShiftSkillCoolTimeBar

[2017.11.29-11.57.38:708][258]LogScriptCore:Warning: Script Msg: Divide by zero
Script call stack:
	Function /Game/Widget/PHUD.PHUD_C:RMouseSkillCoolTimeBar

[2017.11.29-11.57.38:708][258]LogScriptCore:Warning: Script Msg: Divide by zero
Script call stack:
	Function /Game/Widget/PHUD.PHUD_C:ShiftSkillCoolTimeBar

[2017.11.29-11.57.38:724][259]LogScriptCore:Warning: Script Msg: Divide by zero
Script call stack:
	Function /Game/Widget/PHUD.PHUD_C:RMouseSkillCoolTimeBar

[2017.11.29-11.57.38:724][259]LogScriptCore:Warning: Script Msg: Divide by zero
Script call stack:
	Function /Game/Widget/PHUD.PHUD_C:ShiftSkillCoolTimeBar

[2017.11.29-11.57.38:741][260]LogScriptCore:Warning: Script Msg: Divide by zero
Script call stack:
	Function /Game/Widget/PHUD.PHUD_C:RMouseSkillCoolTimeBar

[2017.11.29-11.57.38:741][260]LogScriptCore:Warning: Script Msg: Divide by zero
Script call stack:
	Function /Game/Widget/PHUD.PHUD_C:ShiftSkillCoolTimeBar

[2017.11.29-11.57.53:639][182]LogWindowsTextInputMethodSystem:Display: IME system now activated using TSF (Microsoft 입력기).
[2017.11.29-11.57.53:645][182]LogWindowsTextInputMethodSystem:Display: IME system now activated using TSF (Microsoft 입력기).
[2017.11.29-11.57.53:648][182]LogScript:Warning: Accessed None 이 CallFunc_K2_GetPawn_ReturnValue2 프로퍼티를 읽으려 합니다.
	MyGameMode_C /Temp/Autosaves/Game/ThirdPersonBP/Maps/UEDPCnewMap.newMap:PersistentLevel.MyGameMode_C_0
	Function /Game/BP/MyGameMode.MyGameMode_C:ExecuteUbergraph_MyGameMode:0E45
[2017.11.29-11.57.53:648][182]LogScript:Warning: Script call stack:
	Function /Game/BP/MyGameMode.MyGameMode_C:K2_OnLogout
	Function /Game/BP/MyGameMode.MyGameMode_C:ExecuteUbergraph_MyGameMode

[2017.11.29-11.57.53:649][182]LogEngine: All Windows Closed
[2017.11.29-11.57.53:649][182]LogWindows: FPlatformMisc::RequestExit(0)
[2017.11.29-11.57.53:650][183]LogMoviePlayer: Shutting down movie player
[2017.11.29-11.57.54:134][183]LogExit: Preparing to exit.
[2017.11.29-11.57.54:863][183]LogExit: Game engine shut down
[2017.11.29-11.57.54:959][183]LogObj: Freed 0b from 0 cluster array pools.
[2017.11.29-11.57.54:959][183]LogExit: Object subsystem successfully closed.
[2017.11.29-11.57.54:976][183]LogD3D11RHI: Shutdown
[2017.11.29-11.57.54:976][183]LogD3D11RHI: CleanupD3DDevice
[2017.11.29-11.57.55:061][183]LogD3D11RHI: ~FD3D11DynamicRHI
[2017.11.29-11.57.55:075][183]LogModuleManager: Shutting down and abandoning module SequenceRecorderSections (268)
[2017.11.29-11.57.55:075][183]LogModuleManager: Shutting down and abandoning module SequenceRecorder (266)
[2017.11.29-11.57.55:075][183]LogModuleManager: Shutting down and abandoning module AutomationController (264)
[2017.11.29-11.57.55:075][183]LogModuleManager: Shutting down and abandoning module AutomationWorker (262)
[2017.11.29-11.57.55:075][183]LogModuleManager: Shutting down and abandoning module Voice (260)
[2017.11.29-11.57.55:075][183]LogModuleManager: Shutting down and abandoning module AIModule (258)
[2017.11.29-11.57.55:075][183]LogModuleManager: Shutting down and abandoning module GameplayDebugger (257)
[2017.11.29-11.57.55:075][183]LogModuleManager: Shutting down and abandoning module AITestSuite (255)
[2017.11.29-11.57.55:075][183]LogModuleManager: Shutting down and abandoning module WmfMediaFactory (252)
[2017.11.29-11.57.55:075][183]LogModuleManager: Shutting down and abandoning module MfMediaFactory (250)
[2017.11.29-11.57.55:075][183]LogModuleManager: Shutting down and abandoning module AvfMediaFactory (248)
[2017.11.29-11.57.55:075][183]LogModuleManager: Shutting down and abandoning module AndroidMediaFactory (246)
[2017.11.29-11.57.55:075][183]LogModuleManager: Shutting down and abandoning module Media (245)
[2017.11.29-11.57.55:075][183]LogModuleManager: Shutting down and abandoning module CharacterAI (242)
[2017.11.29-11.57.55:075][183]LogModuleManager: Shutting down and abandoning module SessionServices (240)
[2017.11.29-11.57.55:075][183]LogModuleManager: Shutting down and abandoning module MovieSceneCapture (238)
[2017.11.29-11.57.55:075][183]LogModuleManager: Shutting down and abandoning module GeometryCache (236)
[2017.11.29-11.57.55:075][183]LogModuleManager: Shutting down and abandoning module GeometryCacheEd (235)
[2017.11.29-11.57.55:075][183]LogModuleManager: Shutting down and abandoning module Niagara (232)
[2017.11.29-11.57.55:075][183]LogModuleManager: Shutting down and abandoning module StreamingPauseRendering (230)
[2017.11.29-11.57.55:075][183]LogModuleManager: Shutting down and abandoning module PortalServices (228)
[2017.11.29-11.57.55:075][183]LogModuleManager: Shutting down and abandoning module PortalRpc (226)
[2017.11.29-11.57.55:075][183]LogModuleManager: Shutting down and abandoning module MessagingRpc (224)
[2017.11.29-11.57.55:075][183]LogModuleManager: Shutting down and abandoning module ProfilerService (222)
[2017.11.29-11.57.55:105][183]LogModuleManager: Shutting down and abandoning module TaskGraph (220)
[2017.11.29-11.57.55:105][183]LogModuleManager: Shutting down and abandoning module SteamVRController (218)
[2017.11.29-11.57.55:105][183]LogModuleManager: Shutting down and abandoning module SteamVR (216)
[2017.11.29-11.57.55:105][183]LogModuleManager: Shutting down and abandoning module ProceduralMeshComponent (214)
[2017.11.29-11.57.55:105][183]LogModuleManager: Shutting down and abandoning module OculusLibrary (212)
[2017.11.29-11.57.55:105][183]LogModuleManager: Shutting down and abandoning module OculusInput (210)
[2017.11.29-11.57.55:105][183]LogModuleManager: Shutting down and abandoning module MobilePatchingUtils (208)
[2017.11.29-11.57.55:105][183]LogModuleManager: Shutting down and abandoning module CustomMeshComponent (206)
[2017.11.29-11.57.55:105][183]LogModuleManager: Shutting down and abandoning module CableComponent (204)
[2017.11.29-11.57.55:105][183]LogModuleManager: Shutting down and abandoning module ArchVisCharacter (202)
[2017.11.29-11.57.55:105][183]LogModuleManager: Shutting down and abandoning module HTML5Networking (200)
[2017.11.29-11.57.55:105][183]LogModuleManager: Shutting down and abandoning module VisualStudioSourceCodeAccess (198)
[2017.11.29-11.57.55:105][183]LogModuleManager: Shutting down and abandoning module DesktopPlatform (197)
[2017.11.29-11.57.55:105][183]LogModuleManager: Shutting down and abandoning module HotReload (195)
[2017.11.29-11.57.55:105][183]LogModuleManager: Shutting down and abandoning module DirectoryWatcher (194)
[2017.11.29-11.57.55:105][183]LogModuleManager: Shutting down and abandoning module UObjectPlugin (190)
[2017.11.29-11.57.55:105][183]LogModuleManager: Shutting down and abandoning module SubversionSourceControl (188)
[2017.11.29-11.57.55:105][183]LogModuleManager: Shutting down and abandoning module PerforceSourceControl (186)
[2017.11.29-11.57.55:105][183]LogModuleManager: Shutting down and abandoning module SourceControl (185)
[2017.11.29-11.57.55:105][183]LogModuleManager: Shutting down and abandoning module PhysXVehiclesEditor (182)
[2017.11.29-11.57.55:105][183]LogModuleManager: Shutting down and abandoning module PhysXVehicles (180)
[2017.11.29-11.57.55:105][183]LogModuleManager: Shutting down and abandoning module LocationServicesBPLibrary (178)
[2017.11.29-11.57.55:105][183]LogModuleManager: Shutting down and abandoning module UdpMessaging (176)
[2017.11.29-11.57.55:205][183]LogModuleManager: Shutting down and abandoning module TcpMessaging (174)
[2017.11.29-11.57.55:635][183]LogModuleManager: Shutting down and abandoning module GameplayTagsEditor (172)
[2017.11.29-11.57.55:635][183]LogModuleManager: Shutting down and abandoning module FacialAnimation (170)
[2017.11.29-11.57.55:635][183]LogModuleManager: Shutting down and abandoning module LightPropagationVolumeRuntime (168)
[2017.11.29-11.57.55:635][183]LogModuleManager: Shutting down and abandoning module Paper2D (166)
[2017.11.29-11.57.55:635][183]LogModuleManager: Shutting down and abandoning module WindowsMoviePlayer (164)
[2017.11.29-11.57.55:635][183]LogModuleManager: Shutting down and abandoning module WmfMedia (162)
[2017.11.29-11.57.55:636][183]LogModuleManager: Shutting down and abandoning module MfMedia (160)
[2017.11.29-11.57.55:636][183]LogModuleManager: Shutting down and abandoning module MediaAssets (158)
[2017.11.29-11.57.55:636][183]LogModuleManager: Shutting down and abandoning module GameLiveStreaming (156)
[2017.11.29-11.57.55:636][183]LogModuleManager: Shutting down and abandoning module VREditor (154)
[2017.11.29-11.57.55:636][183]LogModuleManager: Shutting down and abandoning module GameplayTasksEditor (152)
[2017.11.29-11.57.55:636][183]LogModuleManager: Shutting down and abandoning module BehaviorTreeEditor (150)
[2017.11.29-11.57.55:636][183]LogModuleManager: Shutting down and abandoning module FunctionalTesting (148)
[2017.11.29-11.57.55:636][183]LogModuleManager: Shutting down and abandoning module CollisionAnalyzer (146)
[2017.11.29-11.57.55:636][183]LogModuleManager: Shutting down and abandoning module UMG (144)
[2017.11.29-11.57.55:636][183]LogModuleManager: Shutting down and abandoning module UMGEditor (143)
[2017.11.29-11.57.55:637][183]LogModuleManager: Shutting down and abandoning module Sequencer (142)
[2017.11.29-11.57.55:637][183]LogModuleManager: Shutting down and abandoning module AssetTools (140)
[2017.11.29-11.57.55:637][183]LogModuleManager: Shutting down and abandoning module MessageLog (139)
[2017.11.29-11.57.55:637][183]LogModuleManager: Shutting down and abandoning module WorkspaceMenuStructure (138)
[2017.11.29-11.57.55:637][183]LogModuleManager: Shutting down and abandoning module SlateReflector (132)
[2017.11.29-11.57.55:637][183]LogModuleManager: Shutting down and abandoning module Slate (130)
[2017.11.29-11.57.55:637][183]LogModuleManager: Shutting down and abandoning module EditorStyle (128)
[2017.11.29-11.57.55:639][183]LogModuleManager: Shutting down and abandoning module Messaging (126)
[2017.11.29-11.57.55:639][183]LogModuleManager: Shutting down and abandoning module SourceCodeAccess (124)
[2017.11.29-11.57.55:639][183]LogModuleManager: Shutting down and abandoning module HeadMountedDisplay (122)
[2017.11.29-11.57.55:639][183]LogModuleManager: Shutting down and abandoning module XAudio2 (120)
[2017.11.29-11.57.55:639][183]LogModuleManager: Shutting down and abandoning module Networking (118)
[2017.11.29-11.57.55:639][183]LogModuleManager: Shutting down and abandoning module Core (116)
[2017.11.29-11.57.55:639][183]LogModuleManager: Shutting down and abandoning module KismetCompiler (114)
[2017.11.29-11.57.55:639][183]LogModuleManager: Shutting down and abandoning module PhysXFormats (112)
[2017.11.29-11.57.55:639][183]LogModuleManager: Shutting down and abandoning module MeshUtilities (110)
[2017.11.29-11.57.55:639][183]LogModuleManager: Shutting down and abandoning module SimplygonSwarm (109)
[2017.11.29-11.57.55:639][183]LogModuleManager: Shutting down and abandoning module SimplygonMeshReduction (107)
[2017.11.29-11.57.55:639][183]LogModuleManager: Shutting down and abandoning module QuadricMeshReduction (105)
[2017.11.29-11.57.55:639][183]LogModuleManager: Shutting down and abandoning module PropertyEditor (103)
[2017.11.29-11.57.55:639][183]LogModuleManager: Shutting down and abandoning module AssetRegistry (100)
[2017.11.29-11.57.55:639][183]LogModuleManager: Shutting down and abandoning module DerivedDataCache (98)
[2017.11.29-11.57.55:762][183]LogDerivedDataCache: Shutdown
[2017.11.29-11.57.55:762][183]LogModuleManager: Shutting down and abandoning module TargetPlatform (96)
[2017.11.29-11.57.55:762][183]LogModuleManager: Shutting down and abandoning module VulkanShaderFormat (95)
[2017.11.29-11.57.55:762][183]LogModuleManager: Shutting down and abandoning module ShaderFormatOpenGL (93)
[2017.11.29-11.57.55:762][183]LogModuleManager: Shutting down and abandoning module ShaderFormatD3D (91)
[2017.11.29-11.57.55:762][183]LogModuleManager: Shutting down and abandoning module MetalShaderFormat (89)
[2017.11.29-11.57.55:762][183]LogModuleManager: Shutting down and abandoning module TextureFormatUncompressed (87)
[2017.11.29-11.57.55:762][183]LogModuleManager: Shutting down and abandoning module TextureFormatPVR (85)
[2017.11.29-11.57.55:762][183]LogModuleManager: Shutting down and abandoning module TextureFormatDXT (83)
[2017.11.29-11.57.55:762][183]LogModuleManager: Shutting down and abandoning module TextureFormatIntelISPCTexComp (81)
[2017.11.29-11.57.55:762][183]LogModuleManager: Shutting down and abandoning module TextureFormatASTC (79)
[2017.11.29-11.57.55:762][183]LogModuleManager: Shutting down and abandoning module ImageWrapper (78)
[2017.11.29-11.57.55:762][183]LogModuleManager: Shutting down and abandoning module TextureFormatAndroid (75)
[2017.11.29-11.57.55:762][183]LogModuleManager: Shutting down and abandoning module AudioFormatOpus (73)
[2017.11.29-11.57.55:762][183]LogModuleManager: Shutting down and abandoning module AudioFormatOgg (71)
[2017.11.29-11.57.55:762][183]LogModuleManager: Shutting down and abandoning module AudioFormatADPCM (69)
[2017.11.29-11.57.55:762][183]LogModuleManager: Shutting down and abandoning module WindowsTargetPlatform (67)
[2017.11.29-11.57.55:762][183]LogModuleManager: Shutting down and abandoning module WindowsServerTargetPlatform (65)
[2017.11.29-11.57.55:762][183]LogModuleManager: Shutting down and abandoning module WindowsNoEditorTargetPlatform (63)
[2017.11.29-11.57.55:762][183]LogModuleManager: Shutting down and abandoning module WindowsClientTargetPlatform (61)
[2017.11.29-11.57.55:762][183]LogModuleManager: Shutting down and abandoning module InputCore (58)
[2017.11.29-11.57.55:762][183]LogModuleManager: Shutting down and abandoning module Settings (56)
[2017.11.29-11.57.55:762][183]LogModuleManager: Shutting down and abandoning module OculusRift (54)
[2017.11.29-11.57.55:762][183]LogModuleManager: Shutting down and abandoning module GearVR (52)
[2017.11.29-11.57.55:762][183]LogModuleManager: Shutting down and abandoning module ExampleDeviceProfileSelector (50)
[2017.11.29-11.57.55:762][183]LogModuleManager: Shutting down and abandoning module OnlineBlueprintSupport (48)
[2017.11.29-11.57.55:762][183]LogModuleManager: Shutting down and abandoning module OnlineSubsystem (44)
[2017.11.29-11.57.55:762][183]LogOnline:Display: OSS: FOnlineSubsystemNull::Shutdown()
[2017.11.29-11.57.55:762][183]LogOnline:Display: Unloading online subsystem: STEAM
[2017.11.29-11.57.55:762][183]LogOnline:Display: Unloading online subsystem: NULL
[2017.11.29-11.57.55:762][183]LogModuleManager: Shutting down and abandoning module XMPP (37)
[2017.11.29-11.57.55:762][183]LogModuleManager: Shutting down and abandoning module HTTP (35)
[2017.11.29-11.57.55:778][183]LogModuleManager: Shutting down and abandoning module SSL (34)
[2017.11.29-11.57.55:779][183]LogModuleManager: Shutting down and abandoning module AudioEditor (30)
[2017.11.29-11.57.55:779][183]LogModuleManager: Shutting down and abandoning module TextureCompressor (28)
[2017.11.29-11.57.55:779][183]LogModuleManager: Shutting down and abandoning module ShaderCore (26)
[2017.11.29-11.57.55:779][183]LogModuleManager: Shutting down and abandoning module Landscape (24)
[2017.11.29-11.57.55:779][183]LogModuleManager: Shutting down and abandoning module SlateRHIRenderer (22)
[2017.11.29-11.57.55:781][183]LogModuleManager: Shutting down and abandoning module OpenGLDrv (20)
[2017.11.29-11.57.55:781][183]LogModuleManager: Shutting down and abandoning module D3D11RHI (18)
[2017.11.29-11.57.55:781][183]LogModuleManager: Shutting down and abandoning module AnimGraphRuntime (16)
[2017.11.29-11.57.55:781][183]LogModuleManager: Shutting down and abandoning module Renderer (14)
[2017.11.29-11.57.55:781][183]LogModuleManager: Shutting down and abandoning module Engine (12)
[2017.11.29-11.57.55:781][183]LogModuleManager: Shutting down and abandoning module CoreUObject (10)
[2017.11.29-11.57.55:781][183]LogModuleManager: Shutting down and abandoning module NetworkFile (8)
[2017.11.29-11.57.55:781][183]LogModuleManager: Shutting down and abandoning module StreamingFile (6)
[2017.11.29-11.57.55:781][183]LogModuleManager: Shutting down and abandoning module SandboxFile (4)
[2017.11.29-11.57.55:781][183]LogModuleManager: Shutting down and abandoning module PakFile (2)
[2017.11.29-11.57.55:782][183]LogExit: Exiting.
[2017.11.29-11.57.55:785][183]Log file closed, 11/29/17 20:57:55
