Log file open, 11/13/16 16:47:21
LogInit:Display: Running engine for game: UNNAMED
LogPlatformFile: Not using cached read wrapper
LogInit:Display: RandInit(-1361310779) SRandInit(-1361310778).
LogTaskGraph: Started task graph with 4 named threads and 7 total threads with 1 sets of task threads.
LogStats: Stats thread started at 0.078440
LogInit: Version: 4.12.5-3039270+++UE4+Release-4.12
LogInit: API Version: 2992821
LogInit: Net Version: 3039270
LogDevObjectVersion: Number of dev versions registered: 13
LogDevObjectVersion:   Dev-Blueprints (B0D832E4-1F89-4F0D-ACCF-7EB736FD4AA2): 3
LogDevObjectVersion:   Dev-Build (E1C64328-A22C-4D53-A36C-8E866417BD8C): 0
LogDevObjectVersion:   Dev-Core (375EC13C-06E4-48FB-B500-84F0262A717E): 1
LogDevObjectVersion:   Dev-Editor (E4B068ED-F494-42E9-A231-DA0B2E46BB41): 2
LogDevObjectVersion:   Dev-Framework (CFFC743F-43B0-4480-9391-14DF171D2073): 6
LogDevObjectVersion:   Dev-Mobile (B02B49B5-BB20-44E9-A304-32B752E40360): 0
LogDevObjectVersion:   Dev-Networking (A4E4105C-59A1-49B5-A7C5-40C4547EDFEE): 0
LogDevObjectVersion:   Dev-Online (39C831C9-5AE6-47DC-9A44-9C173E1C8E7C): 0
LogDevObjectVersion:   Dev-Physics (78F01B33-EBEA-4F98-B9B4-84EACCB95AA2): 0
LogDevObjectVersion:   Dev-Platform (6631380F-2D4D-43E0-8009-CF276956A95A): 0
LogDevObjectVersion:   Dev-Rendering (12F88B9F-8875-4AFC-A67C-D90C383ABD29): 2
LogDevObjectVersion:   Dev-Sequencer (7B5AE74C-D270-4C10-A958-57980B212A5A): 0
LogDevObjectVersion:   Dev-VR (D7296918-1DD6-4BDD-9DE2-64A83CC13884): 0
LogInit: Compiled (64-bit): Jul  6 2016 09:09:46
LogInit: Compiled with Visual C++: 19.00.23026.00
LogInit: Build Configuration: Development
LogInit: Branch Name: ++UE4+Release-4.12
LogInit: Command line:  
LogInit: Base directory: C:/Program Files (x86)/Epic Games/4.12/Engine/Binaries/Win64/
LogInit: Installed Engine Build: 1
LogInit: Using libcurl 7.41.0
LogInit:  - built for x86_64-pc-win32
LogInit:  - supports SSL with WinSSL
LogInit:  - other features:
LogInit:      CURL_VERSION_SSL
LogInit:      CURL_VERSION_IPV6
LogInit:      CURL_VERSION_ASYNCHDNS
LogInit:      CURL_VERSION_LARGEFILE
LogInit:      CURL_VERSION_IDN
LogInit:  CurlRequestOptions (configurable via config and command line):
LogInit:  - bVerifyPeer = true  - Libcurl will verify peer certificate
LogInit:  - bUseHttpProxy = false  - Libcurl will NOT use HTTP proxy
LogInit:  - bDontReuseConnections = false  - Libcurl will reuse connections
LogInit:  - CertBundlePath = nullptr  - Libcurl will use whatever was configured at build time.
LogModuleManager:Warning: No filename provided for module OnlineSubsystemLAN
LogModuleManager:Warning: ModuleManager: Unable to load module 'OnlineSubsystemLAN' because the file 'C:/Program Files (x86)/Epic Games/4.12/Engine/Binaries/Win64/' was not found.
LogInit: WinSock: version 1.1 (2.2), MaxSocks=32767, MaxUdp=65467
LogVoice:Warning: Failed to initialize voice interface
LogInit: Presizing for max 8388607 objects, including 0 objects not considered by GC, pre-allocating 0 bytes for permanent pool.
LogInit: Object subsystem initialized
[2016.11.13-07.47.21:753][  0]LogInit: Selected Device Profile: [Windows]
[2016.11.13-07.47.21:753][  0]LogInit: Applying CVar settings loaded from the selected device profile: [Windows]
[2016.11.13-07.47.21:761][  0]LogInit: Computer: DESKTOP-5I3HB32
[2016.11.13-07.47.21:761][  0]LogInit: User: jcy
[2016.11.13-07.47.21:761][  0]LogInit: CPU Page size=65536, Cores=4
[2016.11.13-07.47.21:761][  0]LogInit: High frequency timer resolution =2.533196 MHz
[2016.11.13-07.47.21:761][  0]LogMemory: Memory total: Physical=7.9GB (8GB approx)
[2016.11.13-07.47.21:761][  0]LogMemory: Platform Memory Stats for Windows
[2016.11.13-07.47.21:761][  0]LogMemory: Process Physical Memory: 192.62 MB used, 192.62 MB peak
[2016.11.13-07.47.21:761][  0]LogMemory: Process Virtual Memory: 195.54 MB used, 195.54 MB peak
[2016.11.13-07.47.21:761][  0]LogMemory: Physical Memory: 2874.09 MB used, 8113.86 MB total
[2016.11.13-07.47.21:761][  0]LogMemory: Virtual Memory: 555.32 MB used, 134217728.00 MB total
[2016.11.13-07.47.22:206][  0]LogD3D11RHI: D3D11 adapters:
[2016.11.13-07.47.22:749][  0]LogD3D11RHI:    0. 'NVIDIA GeForce GTX 960M' (Feature Level 11_0)
[2016.11.13-07.47.22:749][  0]LogD3D11RHI:       2018/0/4056 MB DedicatedVideo/DedicatedSystem/SharedSystem, Outputs:2, VendorId:0x10de
[2016.11.13-07.47.22:755][  0]LogD3D11RHI:    1. 'Intel(R) HD Graphics 4600' (Feature Level 11_0)
[2016.11.13-07.47.22:755][  0]LogD3D11RHI:       112/0/2048 MB DedicatedVideo/DedicatedSystem/SharedSystem, Outputs:0, VendorId:0x8086
[2016.11.13-07.47.22:757][  0]LogD3D11RHI:    2. 'Microsoft Basic Render Driver' (Feature Level 11_0)
[2016.11.13-07.47.22:757][  0]LogD3D11RHI:       0/0/4056 MB DedicatedVideo/DedicatedSystem/SharedSystem, Outputs:0, VendorId:0x1414
[2016.11.13-07.47.22:757][  0]LogD3D11RHI: Chosen D3D11 Adapter: 0
[2016.11.13-07.47.22:761][  0]LogD3D11RHI: Creating new Direct3DDevice
[2016.11.13-07.47.22:761][  0]LogD3D11RHI:     GPU DeviceId: 0x139b (for the marketing name, search the web for "GPU Device Id")
[2016.11.13-07.47.22:761][  0]LogWindows: EnumDisplayDevices:
[2016.11.13-07.47.22:761][  0]LogWindows:    0. 'Intel(R) HD Graphics 4600' (P:1 D:1)
[2016.11.13-07.47.22:762][  0]LogWindows:    1. 'Intel(R) HD Graphics 4600' (P:0 D:1)
[2016.11.13-07.47.22:762][  0]LogWindows:    2. 'Intel(R) HD Graphics 4600' (P:0 D:0)
[2016.11.13-07.47.22:762][  0]LogWindows: DebugString: PrimaryIsNotTheChoosenAdapter PrimaryIsNotTheChoosenAdapter PrimaryIsNotTheChoosenAdapter FoundDriverCount:0 
[2016.11.13-07.47.22:762][  0]LogD3D11RHI:     Adapter Name: NVIDIA GeForce GTX 960M
[2016.11.13-07.47.22:762][  0]LogD3D11RHI:   Driver Version: Unknown (internal:Unknown, unified:Unknown)
[2016.11.13-07.47.22:762][  0]LogD3D11RHI:      Driver Date: Unknown
[2016.11.13-07.47.22:762][  0]LogRHI: Texture pool is 1361 MB (70% of 1945 MB)
[2016.11.13-07.47.23:269][  0]LogD3D11RHI: Async texture creation enabled
[2016.11.13-07.47.23:589][  0]LogD3D11RHI: GPU Timing Frequency: 1000.000000 (Debug: 2 1)
[2016.11.13-07.47.23:589][  0]LogShaderCompilers: Guid format shader working directory is -16 characters bigger than the processId version (../../../../../../Users/jcy/Documents/GitHub/UNNAMED/UNNAMED/Intermediate/Shaders/WorkingDirectory/7692/).
[2016.11.13-07.47.23:589][  0]LogShaderCompilers: Cleaned the shader compiler working directory 'C:/Users/jcy/AppData/Local/Temp/UnrealShaderWorkingDir/415FF6C84DE50856FBF0A1853AAE281E/'.
[2016.11.13-07.47.23:589][  0]LogShaderCompilers:Display: Using Local Shader Compiler.
[2016.11.13-07.47.24:558][  0]LogTemp:Display: Loaded TP AllDesktopTargetPlatform
[2016.11.13-07.47.24:569][  0]LogTemp:Display: Loaded TP WindowsClientTargetPlatform
[2016.11.13-07.47.24:580][  0]LogTemp:Display: Loaded TP WindowsNoEditorTargetPlatform
[2016.11.13-07.47.24:591][  0]LogTemp:Display: Loaded TP WindowsServerTargetPlatform
[2016.11.13-07.47.24:601][  0]LogTemp:Display: Loaded TP WindowsTargetPlatform
[2016.11.13-07.47.24:609][  0]LogTemp:Display: Loaded TP AndroidTargetPlatform
[2016.11.13-07.47.24:617][  0]LogTemp:Display: Loaded TP Android_ASTCTargetPlatform
[2016.11.13-07.47.24:626][  0]LogTemp:Display: Loaded TP Android_ATCTargetPlatform
[2016.11.13-07.47.24:634][  0]LogTemp:Display: Loaded TP Android_DXTTargetPlatform
[2016.11.13-07.47.24:643][  0]LogTemp:Display: Loaded TP Android_ETC1TargetPlatform
[2016.11.13-07.47.24:651][  0]LogTemp:Display: Loaded TP Android_ETC2TargetPlatform
[2016.11.13-07.47.24:668][  0]LogTemp:Display: Loaded TP Android_MultiTargetPlatform
[2016.11.13-07.47.24:668][  0]LogTemp:Display: Loaded TP Android_PVRTCTargetPlatform
[2016.11.13-07.47.24:669][  0]LogTemp:Display: Loaded TP HTML5TargetPlatform
[2016.11.13-07.47.24:692][  0]LogTemp:Display: Loaded TP IOSTargetPlatform
[2016.11.13-07.47.24:699][  0]LogTemp:Display: Loaded TP TVOSTargetPlatform
[2016.11.13-07.47.24:706][  0]LogTemp:Display: Loaded TP LinuxNoEditorTargetPlatform
[2016.11.13-07.47.24:714][  0]LogTemp:Display: Loaded TP LinuxServerTargetPlatform
[2016.11.13-07.47.24:722][  0]LogTemp:Display: Loaded TP LinuxTargetPlatform
[2016.11.13-07.47.24:722][  0]LogTargetPlatformManager:Display: Building Assets For Windows
[2016.11.13-07.47.24:805][  0]LogDerivedDataCache:Display: Max Cache Size: 512 MB
[2016.11.13-07.47.24:865][  0]LogDerivedDataCache: Loaded boot cache 0.06s 48MB C:/Users/jcy/AppData/Local/UnrealEngine/4.12/DerivedDataCache/Boot.ddc.
[2016.11.13-07.47.24:866][  0]LogDerivedDataCache:Display: Loaded Boot cache: C:/Users/jcy/AppData/Local/UnrealEngine/4.12/DerivedDataCache/Boot.ddc
[2016.11.13-07.47.24:866][  0]LogDerivedDataCache: FDerivedDataBackendGraph:  Pak pak cache file ../../../../../../Users/jcy/Documents/GitHub/UNNAMED/UNNAMED/DerivedDataCache/DDC.ddp not found, will not use a pak cache.
[2016.11.13-07.47.24:866][  0]LogDerivedDataCache: Unable to find inner node Pak for hierarchical cache Hierarchy.
[2016.11.13-07.47.24:866][  0]LogDerivedDataCache: FDerivedDataBackendGraph:  CompressedPak pak cache file ../../../../../../Users/jcy/Documents/GitHub/UNNAMED/UNNAMED/DerivedDataCache/Compressed.ddp not found, will not use a pak cache.
[2016.11.13-07.47.24:866][  0]LogDerivedDataCache: Unable to find inner node CompressedPak for hierarchical cache Hierarchy.
[2016.11.13-07.47.24:882][  0]LogDerivedDataCache:Display: Pak cache opened for reading ../../../Engine/DerivedDataCache/Compressed.ddp.
[2016.11.13-07.47.24:894][  0]LogDerivedDataCache: Using Local data cache path C:/Users/jcy/AppData/Local/UnrealEngine/Common/DerivedDataCache: Writable
[2016.11.13-07.47.25:091][  0]LogInit: Selected Device Profile: [Windows]
[2016.11.13-07.47.25:092][  0]LogContentStreaming: Texture pool size is 0.00 MB
[2016.11.13-07.47.25:306][  0]LogMeshUtilities: No automatic mesh reduction module available
[2016.11.13-07.47.25:306][  0]LogMeshUtilities: No automatic mesh merging module available
[2016.11.13-07.47.25:306][  0]LogMeshUtilities: No distributed automatic mesh merging module available
[2016.11.13-07.47.25:696][  0]LogAssetRegistry: FAssetRegistry took 0.0216 seconds to start up
[2016.11.13-07.47.25:713][  0]LogPackageLocalizationCache: Processed 3 localized package path(s) for 1 prioritized culture(s) in 0.013744 seconds
[2016.11.13-07.47.25:718][  0]LogUObjectArray: 28739 objects as part of root set at end of initial load.
[2016.11.13-07.47.25:718][  0]LogUObjectAllocator: 5855624 out of 0 bytes used by permanent object pool.
[2016.11.13-07.47.25:718][  0]LogUObjectArray: CloseDisregardForGC: 0/0 objects in disregard for GC pool
[2016.11.13-07.47.25:921][  0]LogSlate: SlateFontCache - WITH_FREETYPE: 1, WITH_HARFBUZZ: 1
[2016.11.13-07.47.25:921][  0]LogSlate: SlateFontCache - WITH_FREETYPE: 1, WITH_HARFBUZZ: 1
[2016.11.13-07.47.26:780][  0]LogUdpMessaging: Initializing bridge on interface 0.0.0.0:0 to multicast group 230.0.0.1:6666.
[2016.11.13-07.47.27:016][  0]SourceControl: Info Source control is disabled
[2016.11.13-07.47.27:017][  0]SourceControl: Info Source control is disabled
[2016.11.13-07.47.27:028][  0]SourceControl: Info Source control is disabled
[2016.11.13-07.47.27:038][  0]SourceControl: Info Source control is disabled
[2016.11.13-07.47.27:330][  0]LogEngine: Initializing Engine...
[2016.11.13-07.47.27:331][  0]LogHMD: SteamVR failed to initialize.  Err: 110
[2016.11.13-07.47.27:332][  0]LogHMD: SteamVR failed to initialize.  Err: 110
[2016.11.13-07.47.27:563][  0]LogAIModule: Creating AISystem for world NewWorld
[2016.11.13-07.47.27:570][  0]LogInit: XAudio2 using '스피커(Realtek High Definition Audio)' : 2 channels at 48 kHz using 32 bits per sample (channel mask 0x3)
[2016.11.13-07.47.27:637][  0]LogInit: FAudioDevice initialized.
[2016.11.13-07.47.27:675][  0]LogDerivedDataCache: Saved boot cache 0.04s 48MB C:/Users/jcy/AppData/Local/UnrealEngine/4.12/DerivedDataCache/Boot.ddc.
[2016.11.13-07.47.27:682][  0]LogInit: Texture streaming: Enabled
[2016.11.13-07.47.27:706][  0]LogInit: Transaction tracking system initialized
[2016.11.13-07.47.27:731][  0]BlueprintLog: New page: Editor Load
[2016.11.13-07.47.27:812][  0]LocalizationService: Info Localization service is disabled
[2016.11.13-07.47.27:884][  0]LogConsoleResponse:Display: 
[2016.11.13-07.47.27:999][  0]LogCook:Display: Max memory allowance for cook 8192mb
[2016.11.13-07.47.27:999][  0]LogCook:Display: Mobile HDR setting 1
[2016.11.13-07.47.28:118][  0]LogFileCache: Scanning file cache for directory 'C:/Users/jcy/Documents/GitHub/UNNAMED/UNNAMED/Content/' took 0.02s
[2016.11.13-07.47.28:118][  0]SourceControl: Info Source control is disabled
[2016.11.13-07.47.28:118][  0]Cmd: MAP LOAD FILE="../../../../../../Users/jcy/Documents/GitHub/UNNAMED/UNNAMED/Content/Map/Main.umap" TEMPLATE=0 SHOWPROGRESS=1 FEATURELEVEL=3
[2016.11.13-07.47.28:119][  0]LightingResults: New page: Lighting Build
[2016.11.13-07.47.28:122][  0]MapCheck: New page: Map Check
[2016.11.13-07.47.28:122][  0]LightingResults: New page: Lighting Build
[2016.11.13-07.47.28:422][  0]LogAIModule: Creating AISystem for world Main
[2016.11.13-07.47.28:423][  0]LogEditorServer: Finished looking for orphan Actors (0.000 secs)
[2016.11.13-07.47.28:423][  0]Cmd: MAP CHECKDEP NOCLEARLOG
[2016.11.13-07.47.28:507][  0]MapCheck: Info Map check complete: 0 Error(s), 0 Warning(s), took 83.421ms to complete.
[2016.11.13-07.47.28:507][  0]LogFileHelpers: Loading map 'Main' took 0.389
[2016.11.13-07.47.28:649][  0]LogCollectionManager: Loaded 1 collections in 0.002826 seconds
[2016.11.13-07.47.28:694][  0]LogFileCache: Scanning file cache for directory 'C:/Users/jcy/Documents/GitHub/UNNAMED/UNNAMED/Saved/Collections/' took 0.01s
[2016.11.13-07.47.28:694][  0]LogFileCache: Scanning file cache for directory 'C:/Users/jcy/Documents/GitHub/UNNAMED/UNNAMED/Content/Developers/jcy/Collections/' took 0.01s
[2016.11.13-07.47.28:694][  0]LogFileCache: Scanning file cache for directory 'C:/Users/jcy/Documents/GitHub/UNNAMED/UNNAMED/Content/Collections/' took 0.01s
[2016.11.13-07.47.28:694][  0]LogCollectionManager: Rebuilt the GUID cache for 1 collections in 0.000006 seconds
[2016.11.13-07.47.28:694][  0]LogCollectionManager: Rebuilt the hierarchy cache for 1 collections in 0.000000 seconds
[2016.11.13-07.47.28:702][  0]LogContentBrowser: Native class hierarchy populated in 0.0082 seconds. Added 2047 classes and 369 folders.
[2016.11.13-07.47.28:707][  0]LogStats: UGameplayTagsManager::ConstructGameplayTagTree: Construct from data asset -  0.000 s
[2016.11.13-07.47.28:707][  0]LogStats: UGameplayTagsManager::ConstructGameplayTagTree: GameplayTagTreeChangedEvent.Broadcast -  0.000 s
[2016.11.13-07.47.28:707][  0]LogContentBrowser: Native class hierarchy updated for 'GameplayTags' in 0.0005 seconds. Added 12 classes and 0 folders.
[2016.11.13-07.47.28:712][  0]LogContentBrowser: Native class hierarchy updated for 'WidgetCarousel' in 0.0004 seconds. Added 0 classes and 0 folders.
[2016.11.13-07.47.28:774][  0]LogContentBrowser: Native class hierarchy updated for 'AddContentDialog' in 0.0004 seconds. Added 0 classes and 0 folders.
[2016.11.13-07.47.28:778][  0]LogContentBrowser: Native class hierarchy updated for 'SceneOutliner' in 0.0004 seconds. Added 1 classes and 2 folders.
[2016.11.13-07.47.28:828][  0]LogCrashTracker: Crashtracker disabled due to settings.
[2016.11.13-07.47.28:834][  0]LogUObjectGlobals:Warning: Failed to find object 'Class None.'
[2016.11.13-07.47.28:861][  0]LogContentBrowser: Native class hierarchy updated for 'HierarchicalLODOutliner' in 0.0004 seconds. Added 1 classes and 2 folders.
[2016.11.13-07.47.28:861][  0]LogLoad: Full Startup: 7.95 seconds (BP compile: 0.09 seconds)
[2016.11.13-07.47.28:861][  0]LogExternalProfiler: Found external profiler: VSPerf
[2016.11.13-07.47.28:861][  0]LogExternalProfiler: Using external profiler: VSPerf
[2016.11.13-07.47.28:894][  0]LogWindowsTextInputMethodSystem:Display: IME system now activated using TSF (Microsoft 입력기).
[2016.11.13-07.47.28:896][  0]LogOcInput: OculusInput pre-init called
[2016.11.13-07.47.28:914][  0]LogContentStreaming: Texture pool size now 1000 MB
[2016.11.13-07.47.29:084][  0]LogRenderer: Reallocating scene render targets to support 1144x576 (Frame:2).
[2016.11.13-07.47.29:297][  2]LogAssetRegistry: Asset discovery search completed in 3.6227 seconds
[2016.11.13-07.47.29:297][  2]LogCollectionManager: Rebuilt the object cache for 1 collections in 0.000006 seconds (found 0 objects)
[2016.11.13-07.47.29:297][  2]LogCollectionManager: Fixed up redirectors for 1 collections in 0.000021 seconds (updated 0 objects)
[2016.11.13-07.47.30:307][ 37]LogContentBrowser: Native class hierarchy updated for 'BlueprintGraph' in 0.0009 seconds. Added 111 classes and 0 folders.
[2016.11.13-07.48.27:512][841]Cmd: OBJ SAVEPACKAGE PACKAGE="/Game/server/MP_Find_Button" FILE="../../../../../../Users/jcy/Documents/GitHub/UNNAMED/UNNAMED/Content/server/MP_Find_Button.uasset" SILENT=true
[2016.11.13-07.48.27:620][841]LogSavePackage: Save=26.21ms
[2016.11.13-07.48.27:620][841]LogSavePackage: Moving '../../../../../../Users/jcy/Documents/GitHub/UNNAMED/UNNAMED/Saved/MP_Find_ButtonFCD0C4D34E30771F8D996FBBF98CAB14.tmp' to '../../../../../../Users/jcy/Documents/GitHub/UNNAMED/UNNAMED/Content/server/MP_Find_Button.uasset'
[2016.11.13-07.48.27:622][841]LogSavePackage:Display: Finished SavePackage ../../../../../../Users/jcy/Documents/GitHub/UNNAMED/UNNAMED/Content/server/MP_Find_Button.uasset
[2016.11.13-07.48.28:808][906]Cmd: OBJ SAVEPACKAGE PACKAGE="/Game/server/MP_HostGame" FILE="../../../../../../Users/jcy/Documents/GitHub/UNNAMED/UNNAMED/Content/server/MP_HostGame.uasset" SILENT=true
[2016.11.13-07.48.28:920][906]LogSavePackage: Save=32.26ms
[2016.11.13-07.48.28:920][906]LogSavePackage: Moving '../../../../../../Users/jcy/Documents/GitHub/UNNAMED/UNNAMED/Saved/MP_HostGame181746034DA8C1E12CD74EBDC283649B.tmp' to '../../../../../../Users/jcy/Documents/GitHub/UNNAMED/UNNAMED/Content/server/MP_HostGame.uasset'
[2016.11.13-07.48.28:923][906]LogSavePackage:Display: Finished SavePackage ../../../../../../Users/jcy/Documents/GitHub/UNNAMED/UNNAMED/Content/server/MP_HostGame.uasset
[2016.11.13-07.48.30:172][968]BlueprintLog: New page: Compile MP_ServerBrowser
[2016.11.13-07.48.30:356][968]BlueprintEditorCompileResults: Info [0069.45] Compile of MP_ServerBrowser successful! [in 184 ms] (/Game/server/MP_ServerBrowser.MP_ServerBrowser)
[2016.11.13-07.48.32:386][ 71]BlueprintLog: New page: Compile MainMenu_W
[2016.11.13-07.48.32:517][ 71]BlueprintEditorCompileResults: Info [0071.61] Compile of MainMenu_W successful! [in 131 ms] (/Game/server/MainMenu_W.MainMenu_W)
[2016.11.13-07.48.37:425][337]LogBlueprintUserMessages: Early PlayInEditor Detection: Level '/Game/Map/Main.Main:PersistentLevel' has LevelScriptBlueprint '/Game/Map/Main.Main:PersistentLevel.Main' with GeneratedClass '/Game/Map/Main.Main_C' with ClassGeneratedBy '/Game/Map/Main.Main:PersistentLevel.Main'
[2016.11.13-07.48.37:425][337]LogPlayLevel: PlayLevel: No blueprints needed recompiling
[2016.11.13-07.48.37:434][337]PIE: New page: PIE session: Main (Nov 14, 2016, 1:48:37 AM)
[2016.11.13-07.48.37:434][337]LogPlayLevel: Creating play world package: /Game/Map/UEDPIE_1_Main
[2016.11.13-07.48.37:435][337]LogPlayLevel: PIE: StaticDuplicateObject took: (0.001402s)
[2016.11.13-07.48.37:436][337]LogAIModule: Creating AISystem for world Main
[2016.11.13-07.48.37:436][337]LogPlayLevel: PIE: World Init took: (0.000724s)
[2016.11.13-07.48.37:436][337]LogPlayLevel: PIE: Created PIE world by copying editor world from /Game/Map/Main.Main to /Game/Map/UEDPIE_1_Main.Main (0.002410s)
[2016.11.13-07.48.37:466][337]LogInit: XAudio2 using '스피커(Realtek High Definition Audio)' : 2 channels at 48 kHz using 32 bits per sample (channel mask 0x3)
[2016.11.13-07.48.37:492][337]LogInit: FAudioDevice initialized.
[2016.11.13-07.48.37:570][337]LogWorld: Game class is 'pregame_C'
[2016.11.13-07.48.37:572][337]LogWorld: Bringing World /Game/Map/UEDPIE_1_Main.Main up for play (max tick rate 60) at 2016.11.13-16.48.37
[2016.11.13-07.48.37:573][337]LogWorld: Bringing up level for play took: 0.001378
[2016.11.13-07.48.37:584][337]LogVoice:Warning: Failed to initialize voice interface
[2016.11.13-07.48.37:586][337]LogSpawn:Warning: SpawnActor failed because no class was specified
[2016.11.13-07.48.37:589][337]LogContentBrowser: Native class hierarchy updated for 'MovieSceneCapture' in 0.0005 seconds. Added 11 classes and 0 folders.
[2016.11.13-07.48.37:589][337]LogInit: WinSock: Socket queue 131072 / 131072
[2016.11.13-07.48.37:589][337]LogInit: WinSock: I am DESKTOP-5I3HB32 (192.168.0.3:0)
[2016.11.13-07.48.37:590][337]PacketHandlerLog: Loaded PacketHandler component: Engine.EngineHandlerComponentFactory (StatelessConnectHandlerComponent)
[2016.11.13-07.48.37:590][337]LogNet: GameNetDriver IpNetDriver_0 IpNetDriver listening on port 7777
[2016.11.13-07.48.37:604][337]PIE: Info Play in editor start time for /Game/Map/UEDPIE_1_Main 1.167
[2016.11.13-07.48.37:612][337]PIE: New page: PIE session: Main (Nov 14, 2016, 1:48:37 AM)
[2016.11.13-07.48.37:696][337]LogNet: Browse: 127.0.0.1//Game/Map/Main
[2016.11.13-07.48.37:696][337]LogInit: WinSock: Socket queue 32768 / 32768
[2016.11.13-07.48.37:698][337]PacketHandlerLog: Loaded PacketHandler component: Engine.EngineHandlerComponentFactory (StatelessConnectHandlerComponent)
[2016.11.13-07.48.37:698][337]LogNet: Game client on port 7777, rate 10000
[2016.11.13-07.48.37:699][337]LogNet: GetLocalNetworkVersion: GEngineNetVersion: 3039270, ProjectName: unnamed, ProjectVersion: 1.0.0.0, InternalProtocolVersion: 9, LocalNetworkVersion: 1745645396
[2016.11.13-07.48.37:777][337]PIE: Info Play in editor start time for /Game/Map/Main 1.34
[2016.11.13-07.48.37:788][337]PIE: New page: PIE session: Main (Nov 14, 2016, 1:48:37 AM)
[2016.11.13-07.48.37:868][337]LogNet: Browse: 127.0.0.1//Game/Map/Main
[2016.11.13-07.48.37:869][337]LogInit: WinSock: Socket queue 32768 / 32768
[2016.11.13-07.48.37:869][337]PacketHandlerLog: Loaded PacketHandler component: Engine.EngineHandlerComponentFactory (StatelessConnectHandlerComponent)
[2016.11.13-07.48.37:869][337]LogNet: Game client on port 7777, rate 10000
[2016.11.13-07.48.37:869][337]LogNet: GetLocalNetworkVersion: GEngineNetVersion: 3039270, ProjectName: unnamed, ProjectVersion: 1.0.0.0, InternalProtocolVersion: 9, LocalNetworkVersion: 1745645396
[2016.11.13-07.48.37:942][337]PIE: Info Play in editor start time for /Game/Map/Main 1.505
[2016.11.13-07.48.37:959][337]LogBlueprintUserMessages: Late PlayInEditor Detection: Level '/Game/Map/Main.Main:PersistentLevel' has LevelScriptBlueprint '/Game/Map/Main.Main:PersistentLevel.Main' with GeneratedClass '/Game/Map/Main.Main_C' with ClassGeneratedBy '/Game/Map/Main.Main:PersistentLevel.Main'
[2016.11.13-07.48.37:959][337]LogNet: NotifyAcceptingConnection: Server Main accept
[2016.11.13-07.48.37:959][337]LogHandshake: SendConnectChallenge. Timestamp: 0.016667, Cookie: 137029098059129083220181221242003196188223228074182010060027
[2016.11.13-07.48.37:959][337]LogNet: NotifyAcceptingConnection: Server Main accept
[2016.11.13-07.48.37:959][337]LogNet: NotifyAcceptingConnection: Server Main accept
[2016.11.13-07.48.37:959][337]LogHandshake: SendConnectChallenge. Timestamp: 0.016667, Cookie: 031191074084233175090056127249019015140098062211001185152095
[2016.11.13-07.48.37:959][337]LogNet: NotifyAcceptingConnection: Server Main accept
[2016.11.13-07.48.37:966][337]LogHandshake: SendChallengeResponse. Timestamp: 0.016667, Cookie: 137029098059129083220181221242003196188223228074182010060027
[2016.11.13-07.48.37:967][337]LogHandshake: SendChallengeResponse. Timestamp: 0.016667, Cookie: 031191074084233175090056127249019015140098062211001185152095
[2016.11.13-07.48.38:011][337]LogRenderer: Reallocating scene render targets to support 1292x756 (Frame:17).
[2016.11.13-07.48.38:135][338]LogNet: NotifyAcceptingConnection: Server Main accept
[2016.11.13-07.48.38:135][338]LogNet: Server accepting post-challenge connection from: 127.0.0.1:55516
[2016.11.13-07.48.38:136][338]PacketHandlerLog: Loaded PacketHandler component: Engine.EngineHandlerComponentFactory (StatelessConnectHandlerComponent)
[2016.11.13-07.48.38:136][338]LogNet: NotifyAcceptedConnection: Name: Main, TimeStamp: 11/13/16 16:48:38, [UNetConnection] RemoteAddr: 127.0.0.1:55516, Name: IpConnection_2, Driver: GameNetDriver IpNetDriver_0, IsServer: YES, PC: NULL, Owner: NULL
[2016.11.13-07.48.38:136][338]LogNet: AddClientConnection: Added client connection: [UNetConnection] RemoteAddr: 127.0.0.1:55516, Name: IpConnection_2, Driver: GameNetDriver IpNetDriver_0, IsServer: YES, PC: NULL, Owner: NULL
[2016.11.13-07.48.38:136][338]LogNet: NotifyAcceptingConnection: Server Main accept
[2016.11.13-07.48.38:136][338]LogNet: Server accepting post-challenge connection from: 127.0.0.1:55517
[2016.11.13-07.48.38:136][338]PacketHandlerLog: Loaded PacketHandler component: Engine.EngineHandlerComponentFactory (StatelessConnectHandlerComponent)
[2016.11.13-07.48.38:136][338]LogNet: NotifyAcceptedConnection: Name: Main, TimeStamp: 11/13/16 16:48:38, [UNetConnection] RemoteAddr: 127.0.0.1:55517, Name: IpConnection_3, Driver: GameNetDriver IpNetDriver_0, IsServer: YES, PC: NULL, Owner: NULL
[2016.11.13-07.48.38:136][338]LogNet: AddClientConnection: Added client connection: [UNetConnection] RemoteAddr: 127.0.0.1:55517, Name: IpConnection_3, Driver: GameNetDriver IpNetDriver_0, IsServer: YES, PC: NULL, Owner: NULL
[2016.11.13-07.48.38:214][340]LogNet: NotifyAcceptingChannel Control 0 server World /Game/Map/UEDPIE_1_Main.Main: Accepted
[2016.11.13-07.48.38:214][340]LogNet: Remote platform little endian=1
[2016.11.13-07.48.38:214][340]LogNet: This platform little endian=1
[2016.11.13-07.48.38:214][340]LogNet: GetLocalNetworkVersion: GEngineNetVersion: 3039270, ProjectName: unnamed, ProjectVersion: 1.0.0.0, InternalProtocolVersion: 9, LocalNetworkVersion: 1745645396
[2016.11.13-07.48.38:214][340]LogNet: NotifyAcceptingChannel Control 0 server World /Game/Map/UEDPIE_1_Main.Main: Accepted
[2016.11.13-07.48.38:214][340]LogNet: Remote platform little endian=1
[2016.11.13-07.48.38:214][340]LogNet: This platform little endian=1
[2016.11.13-07.48.38:214][340]LogNet: GetLocalNetworkVersion: GEngineNetVersion: 3039270, ProjectName: unnamed, ProjectVersion: 1.0.0.0, InternalProtocolVersion: 9, LocalNetworkVersion: 1745645396
[2016.11.13-07.48.38:227][340]LogVoice:Warning: Failed to initialize voice interface
[2016.11.13-07.48.38:240][340]LogVoice:Warning: Failed to initialize voice interface
[2016.11.13-07.48.38:253][341]LogNet: Login request: /Game/Map/Main?Name=DESKTOP-5I3HB32-EB701764421EB72918766E94D316C9C8 userId: DESKTOP-5I3HB32-EB701764421EB72918766E94D316C9C8
[2016.11.13-07.48.38:253][341]LogNet: Login request: /Game/Map/Main?Name=DESKTOP-5I3HB32-7F6450544B776289969948917412B43A userId: DESKTOP-5I3HB32-7F6450544B776289969948917412B43A
[2016.11.13-07.48.38:253][341]LogNet: Welcomed by server (Level: /Game/Map/UEDPIE_1_Main, Game: /Game/BP/pregame.pregame_C)
[2016.11.13-07.48.38:264][341]LogLoad: LoadMap: 127.0.0.1//Game/Map/UEDPIE_1_Main?game=/Game/BP/pregame.pregame_C
[2016.11.13-07.48.38:286][341]Cmd: MEM
[2016.11.13-07.48.38:304][341]LogMemory: Platform Memory Stats for Windows
[2016.11.13-07.48.38:304][341]LogMemory: Process Physical Memory: 1234.86 MB used, 1234.86 MB peak
[2016.11.13-07.48.38:304][341]LogMemory: Process Virtual Memory: 1787.93 MB used, 2073.83 MB peak
[2016.11.13-07.48.38:304][341]LogMemory: Physical Memory: 3923.85 MB used, 8113.86 MB total
[2016.11.13-07.48.38:304][341]LogMemory: Virtual Memory: 2620.85 MB used, 134217728.00 MB total
[2016.11.13-07.48.38:304][341]LogMemory: 
[2016.11.13-07.48.38:304][341]Allocator Stats for TBB: (not implemented)
[2016.11.13-07.48.38:305][341]LogWorld: PIE: Copying PIE streaming level from /Game/Map/Main.Main to /Game/Map/UEDPIE_2_Main.Main. OwningWorld: None
[2016.11.13-07.48.38:306][341]LogAIModule: Creating AISystem for world Main
[2016.11.13-07.48.38:308][341]LogWorld: Bringing World /Game/Map/UEDPIE_2_Main.Main up for play (max tick rate 60) at 2016.11.13-16.48.38
[2016.11.13-07.48.38:308][341]LogWorld: Bringing up level for play took: 0.001304
[2016.11.13-07.48.38:309][341]LogLoad: Took 0.044905 seconds to LoadMap(/Game/Map/UEDPIE_1_Main)
[2016.11.13-07.48.38:309][341]LogNet: Welcomed by server (Level: /Game/Map/UEDPIE_1_Main, Game: /Game/BP/pregame.pregame_C)
[2016.11.13-07.48.38:320][341]LogLoad: LoadMap: 127.0.0.1//Game/Map/UEDPIE_1_Main?game=/Game/BP/pregame.pregame_C
[2016.11.13-07.48.38:337][341]Cmd: MEM
[2016.11.13-07.48.38:357][341]LogMemory: Platform Memory Stats for Windows
[2016.11.13-07.48.38:357][341]LogMemory: Process Physical Memory: 1248.19 MB used, 1248.19 MB peak
[2016.11.13-07.48.38:357][341]LogMemory: Process Virtual Memory: 1786.02 MB used, 2073.83 MB peak
[2016.11.13-07.48.38:357][341]LogMemory: Physical Memory: 3939.89 MB used, 8113.86 MB total
[2016.11.13-07.48.38:357][341]LogMemory: Virtual Memory: 2620.85 MB used, 134217728.00 MB total
[2016.11.13-07.48.38:357][341]LogMemory: 
[2016.11.13-07.48.38:357][341]Allocator Stats for TBB: (not implemented)
[2016.11.13-07.48.38:358][341]LogWorld: PIE: Copying PIE streaming level from /Game/Map/Main.Main to /Game/Map/UEDPIE_3_Main.Main. OwningWorld: None
[2016.11.13-07.48.38:359][341]LogAIModule: Creating AISystem for world Main
[2016.11.13-07.48.38:361][341]LogWorld: Bringing World /Game/Map/UEDPIE_3_Main.Main up for play (max tick rate 60) at 2016.11.13-16.48.38
[2016.11.13-07.48.38:361][341]LogWorld: Bringing up level for play took: 0.001547
[2016.11.13-07.48.38:362][341]LogLoad: Took 0.042098 seconds to LoadMap(/Game/Map/UEDPIE_1_Main)
[2016.11.13-07.48.38:376][342]LogNet: Client netspeed is 10000
[2016.11.13-07.48.38:376][342]LogNet: Join request: /Game/Map/Main?Name=DESKTOP-5I3HB32-EB701764421EB72918766E94D316C9C8?SplitscreenCount=1
[2016.11.13-07.48.38:377][342]LogOnline:Warning: NULL: No game present to join for session (Game)
[2016.11.13-07.48.38:378][342]LogNet: Join succeeded: DESKTOP-5I3HB32-EB70
[2016.11.13-07.48.38:378][342]LogNet: Client netspeed is 10000
[2016.11.13-07.48.38:378][342]LogNet: Join request: /Game/Map/Main?Name=DESKTOP-5I3HB32-7F6450544B776289969948917412B43A?SplitscreenCount=1
[2016.11.13-07.48.38:379][342]LogOnline:Warning: NULL: No game present to join for session (Game)
[2016.11.13-07.48.38:379][342]LogNet: Join succeeded: DESKTOP-5I3HB32-7F64
[2016.11.13-07.48.38:388][342]LogSpawn:Warning: SpawnActor failed because no class was specified
[2016.11.13-07.48.38:390][342]LogSpawn:Warning: SpawnActor failed because no class was specified
[2016.11.13-07.48.38:415][343]LogOnline:Warning: NULL: No game present to join for session (Game)
[2016.11.13-07.48.38:418][343]LogOnline:Warning: NULL: No game present to join for session (Game)
[2016.11.13-07.48.38:419][343]LogOnline:Warning: NULL: No game present to join for session (Game)
[2016.11.13-07.48.38:422][343]LogOnline:Warning: NULL: No game present to join for session (Game)
[2016.11.13-07.48.38:423][343]LogOnline:Warning: NULL: No game present to join for session (Game)
[2016.11.13-07.48.38:423][343]LogOnline:Warning: NULL: No game present to join for session (Game)
[2016.11.13-07.48.50:021][854]Set new viewmode: Unlit
[2016.11.13-07.48.52:688][994]LogNet: Browse: /Game/Map/dd?listen
[2016.11.13-07.48.52:698][994]LogLoad: LoadMap: /Game/Map/dd?listen
[2016.11.13-07.48.52:698][994]LogNet: World NetDriver shutdown IpNetDriver_0 [GameNetDriver]
[2016.11.13-07.48.52:698][994]LogNet: DestroyNamedNetDriver IpNetDriver_0 [GameNetDriver]
[2016.11.13-07.48.52:699][994]LogNet: UNetConnection::Cleanup: Closing open connection. [UNetConnection] RemoteAddr: 127.0.0.1:55517, Name: IpConnection_3, Driver: GameNetDriver IpNetDriver_0, IsServer: YES, PC: maincon_C_2, Owner: maincon_C_2
[2016.11.13-07.48.52:699][994]LogNet: UNetConnection::Close: [UNetConnection] RemoteAddr: 127.0.0.1:55517, Name: IpConnection_3, Driver: GameNetDriver IpNetDriver_0, IsServer: YES, PC: maincon_C_2, Owner: maincon_C_2, Channels: 10, Time: 2016.11.13-07.48.52
[2016.11.13-07.48.52:699][994]LogNet: UChannel::Close: Sending CloseBunch. ChIndex == 0. Name: [UChannel] ChIndex: 0, Closing: 0 [UNetConnection] RemoteAddr: 127.0.0.1:55517, Name: IpConnection_3, Driver: GameNetDriver IpNetDriver_0, IsServer: YES, PC: maincon_C_2, Owner: maincon_C_2
[2016.11.13-07.48.52:700][994]LogNet: UNetConnection::Cleanup: Closing open connection. [UNetConnection] RemoteAddr: 127.0.0.1:55516, Name: IpConnection_2, Driver: GameNetDriver IpNetDriver_0, IsServer: YES, PC: maincon_C_1, Owner: maincon_C_1
[2016.11.13-07.48.52:700][994]LogNet: UNetConnection::Close: [UNetConnection] RemoteAddr: 127.0.0.1:55516, Name: IpConnection_2, Driver: GameNetDriver IpNetDriver_0, IsServer: YES, PC: maincon_C_1, Owner: maincon_C_1, Channels: 10, Time: 2016.11.13-07.48.52
[2016.11.13-07.48.52:700][994]LogNet: UChannel::Close: Sending CloseBunch. ChIndex == 0. Name: [UChannel] ChIndex: 0, Closing: 0 [UNetConnection] RemoteAddr: 127.0.0.1:55516, Name: IpConnection_2, Driver: GameNetDriver IpNetDriver_0, IsServer: YES, PC: maincon_C_1, Owner: maincon_C_1
[2016.11.13-07.48.52:700][994]LogExit: GameNetDriver IpNetDriver_0 shut down
[2016.11.13-07.48.52:729][994]Cmd: MEM
[2016.11.13-07.48.52:747][994]LogMemory: Platform Memory Stats for Windows
[2016.11.13-07.48.52:747][994]LogMemory: Process Physical Memory: 1239.70 MB used, 1280.90 MB peak
[2016.11.13-07.48.52:747][994]LogMemory: Process Virtual Memory: 1687.89 MB used, 2073.83 MB peak
[2016.11.13-07.48.52:747][994]LogMemory: Physical Memory: 3922.87 MB used, 8113.86 MB total
[2016.11.13-07.48.52:747][994]LogMemory: Virtual Memory: 2532.89 MB used, 134217728.00 MB total
[2016.11.13-07.48.52:747][994]LogMemory: 
[2016.11.13-07.48.52:747][994]Allocator Stats for TBB: (not implemented)
[2016.11.13-07.48.53:573][994]LogAIModule: Creating AISystem for world dd
[2016.11.13-07.48.53:574][994]LogWorld: Game class is 'ThirdPersonGameMode_C'
[2016.11.13-07.48.53:574][994]LogInit: WinSock: Socket queue 131072 / 131072
[2016.11.13-07.48.53:575][994]PacketHandlerLog: Loaded PacketHandler component: Engine.EngineHandlerComponentFactory (StatelessConnectHandlerComponent)
[2016.11.13-07.48.53:575][994]LogNet: GameNetDriver IpNetDriver_3 IpNetDriver listening on port 7777
[2016.11.13-07.48.53:578][994]LogWorld: Bringing World /Game/Map/UEDPIE_1_dd.dd up for play (max tick rate 60) at 2016.11.13-16.48.53
[2016.11.13-07.48.53:579][994]LogWorld: Bringing up level for play took: 0.003615
[2016.11.13-07.48.53:580][994]LogSpawn:Warning: SpawnActor failed because no class was specified
[2016.11.13-07.48.53:583][994]LogBlueprintUserMessages: [ThirdPersonGameMode_C_0] Server: 2
[2016.11.13-07.48.53:583][994]LogOnline:Warning: NULL: Can't start an online session (Game) in state InProgress
[2016.11.13-07.48.53:585][994]LogLoad: Took 0.886048 seconds to LoadMap(/Game/Map/dd)
[2016.11.13-07.48.53:588][994]LogNet:Warning: Network Failure: GameNetDriver[FailureReceived]: Host closed the connection.
[2016.11.13-07.48.53:588][994]LogNet:Warning: Network Failure: GameNetDriver[FailureReceived]: Host closed the connection.
[2016.11.13-07.48.53:588][994]LogNet:Warning: Network Failure: GameNetDriver[FailureReceived]: Host closed the connection.
[2016.11.13-07.48.53:588][994]LogNet: NetworkFailure: FailureReceived, Error: 'Host closed the connection.'
[2016.11.13-07.48.53:588][994]LogNet: UNetConnection::Close: [UNetConnection] RemoteAddr: 127.0.0.1:7777, Name: IpConnection_0, Driver: GameNetDriver IpNetDriver_1, IsServer: NO, PC: maincon_C_0, Owner: maincon_C_0, Channels: 10, Time: 2016.11.13-07.48.53
[2016.11.13-07.48.53:588][994]LogNet: UChannel::Close: Sending CloseBunch. ChIndex == 0. Name: [UChannel] ChIndex: 0, Closing: 0 [UNetConnection] RemoteAddr: 127.0.0.1:7777, Name: IpConnection_0, Driver: GameNetDriver IpNetDriver_1, IsServer: NO, PC: maincon_C_0, Owner: maincon_C_0
[2016.11.13-07.48.53:588][994]LogNet:Warning: Network Failure: GameNetDriver[ConnectionLost]: Your connection to the host has been lost.
[2016.11.13-07.48.53:588][994]LogNet:Warning: Network Failure: GameNetDriver[ConnectionLost]: Your connection to the host has been lost.
[2016.11.13-07.48.53:588][994]LogNet:Warning: Network Failure: GameNetDriver[ConnectionLost]: Your connection to the host has been lost.
[2016.11.13-07.48.53:588][994]LogNet: NetworkFailure: ConnectionLost, Error: 'Your connection to the host has been lost.'
[2016.11.13-07.48.53:588][994]LogNet:Warning: Network Failure: GameNetDriver[FailureReceived]: Host closed the connection.
[2016.11.13-07.48.53:588][994]LogNet:Warning: Network Failure: GameNetDriver[FailureReceived]: Host closed the connection.
[2016.11.13-07.48.53:588][994]LogNet:Warning: Network Failure: GameNetDriver[FailureReceived]: Host closed the connection.
[2016.11.13-07.48.53:588][994]LogNet: NetworkFailure: FailureReceived, Error: 'Host closed the connection.'
[2016.11.13-07.48.53:588][994]LogNet: UNetConnection::Close: [UNetConnection] RemoteAddr: 127.0.0.1:7777, Name: IpConnection_1, Driver: GameNetDriver IpNetDriver_2, IsServer: NO, PC: maincon_C_0, Owner: maincon_C_0, Channels: 10, Time: 2016.11.13-07.48.53
[2016.11.13-07.48.53:589][994]LogNet: UChannel::Close: Sending CloseBunch. ChIndex == 0. Name: [UChannel] ChIndex: 0, Closing: 0 [UNetConnection] RemoteAddr: 127.0.0.1:7777, Name: IpConnection_1, Driver: GameNetDriver IpNetDriver_2, IsServer: NO, PC: maincon_C_0, Owner: maincon_C_0
[2016.11.13-07.48.53:589][994]LogNet:Warning: Network Failure: GameNetDriver[ConnectionLost]: Your connection to the host has been lost.
[2016.11.13-07.48.53:589][994]LogNet:Warning: Network Failure: GameNetDriver[ConnectionLost]: Your connection to the host has been lost.
[2016.11.13-07.48.53:589][994]LogNet:Warning: Network Failure: GameNetDriver[ConnectionLost]: Your connection to the host has been lost.
[2016.11.13-07.48.53:589][994]LogNet: NetworkFailure: ConnectionLost, Error: 'Your connection to the host has been lost.'
[2016.11.13-07.48.53:611][995]LogNet: NotifyAcceptingConnection: Server dd accept
[2016.11.13-07.48.53:611][995]LogNet: NotifyAcceptingConnection: Server dd accept
[2016.11.13-07.48.53:611][995]LogNet: NotifyAcceptingConnection: Server dd accept
[2016.11.13-07.48.53:611][995]LogNet: NotifyAcceptingConnection: Server dd accept
[2016.11.13-07.48.53:612][995]LogNet: Browse: /Game/Map/Main?closed
[2016.11.13-07.48.53:612][995]LogNet: Failed; returning to Entry
[2016.11.13-07.48.53:644][995]LogLoad: LoadMap: /Game/Map/Main?closed
[2016.11.13-07.48.53:644][995]LogNet: World NetDriver shutdown IpNetDriver_1 [GameNetDriver]
[2016.11.13-07.48.53:644][995]LogNet: DestroyNamedNetDriver IpNetDriver_1 [GameNetDriver]
[2016.11.13-07.48.53:645][995]LogExit: GameNetDriver IpNetDriver_1 shut down
[2016.11.13-07.48.53:694][995]Cmd: MEM
[2016.11.13-07.48.53:712][995]LogMemory: Platform Memory Stats for Windows
[2016.11.13-07.48.53:712][995]LogMemory: Process Physical Memory: 1281.08 MB used, 1281.08 MB peak
[2016.11.13-07.48.53:712][995]LogMemory: Process Virtual Memory: 1800.48 MB used, 2073.83 MB peak
[2016.11.13-07.48.53:712][995]LogMemory: Physical Memory: 3981.72 MB used, 8113.86 MB total
[2016.11.13-07.48.53:712][995]LogMemory: Virtual Memory: 2584.64 MB used, 134217728.00 MB total
[2016.11.13-07.48.53:712][995]LogMemory: 
[2016.11.13-07.48.53:712][995]Allocator Stats for TBB: (not implemented)
[2016.11.13-07.48.53:712][995]LogPlayLevel: Creating play world package: /Game/Map/UEDPIE_2_Main
[2016.11.13-07.48.53:713][995]LogPlayLevel: PIE: StaticDuplicateObject took: (0.001265s)
[2016.11.13-07.48.53:713][995]LogAIModule: Creating AISystem for world Main
[2016.11.13-07.48.53:714][995]LogPlayLevel: PIE: World Init took: (0.000626s)
[2016.11.13-07.48.53:714][995]LogPlayLevel: PIE: Created PIE world by copying editor world from /Game/Map/Main.Main to /Game/Map/UEDPIE_2_Main.Main (0.002108s)
[2016.11.13-07.48.53:714][995]LogWorld: Game class is 'pregame_C'
[2016.11.13-07.48.53:716][995]LogWorld: Bringing World /Game/Map/UEDPIE_2_Main.Main up for play (max tick rate 60) at 2016.11.13-16.48.53
[2016.11.13-07.48.53:717][995]LogWorld: Bringing up level for play took: 0.001674
[2016.11.13-07.48.53:719][995]LogGameMode: Warning - PATHS NOT DEFINED or NO PLAYERSTART with positive rating
[2016.11.13-07.48.53:720][995]LogSpawn:Warning: SpawnActor failed because no class was specified
[2016.11.13-07.48.53:722][995]LogLoad: Took 0.077594 seconds to LoadMap(/Game/Map/UEDPIE_2_Main)
[2016.11.13-07.48.53:740][995]LogNet: Browse: /Game/Map/Main?closed
[2016.11.13-07.48.53:740][995]LogNet: Failed; returning to Entry
[2016.11.13-07.48.53:740][995]LogLoad: LoadMap: /Game/Map/Main?closed
[2016.11.13-07.48.53:740][995]LogNet: World NetDriver shutdown IpNetDriver_2 [GameNetDriver]
[2016.11.13-07.48.53:740][995]LogNet: DestroyNamedNetDriver IpNetDriver_2 [GameNetDriver]
[2016.11.13-07.48.53:740][995]LogExit: GameNetDriver IpNetDriver_2 shut down
[2016.11.13-07.48.53:761][995]Cmd: MEM
[2016.11.13-07.48.53:779][995]LogMemory: Platform Memory Stats for Windows
[2016.11.13-07.48.53:779][995]LogMemory: Process Physical Memory: 1305.10 MB used, 1305.11 MB peak
[2016.11.13-07.48.53:779][995]LogMemory: Process Virtual Memory: 1808.49 MB used, 2073.83 MB peak
[2016.11.13-07.48.53:779][995]LogMemory: Physical Memory: 4006.26 MB used, 8113.86 MB total
[2016.11.13-07.48.53:779][995]LogMemory: Virtual Memory: 2592.64 MB used, 134217728.00 MB total
[2016.11.13-07.48.53:779][995]LogMemory: 
[2016.11.13-07.48.53:779][995]Allocator Stats for TBB: (not implemented)
[2016.11.13-07.48.53:779][995]LogPlayLevel: Creating play world package: /Game/Map/UEDPIE_3_Main
[2016.11.13-07.48.53:781][995]LogPlayLevel: PIE: StaticDuplicateObject took: (0.001416s)
[2016.11.13-07.48.53:781][995]LogAIModule: Creating AISystem for world Main
[2016.11.13-07.48.53:781][995]LogPlayLevel: PIE: World Init took: (0.000674s)
[2016.11.13-07.48.53:781][995]LogPlayLevel: PIE: Created PIE world by copying editor world from /Game/Map/Main.Main to /Game/Map/UEDPIE_3_Main.Main (0.002385s)
[2016.11.13-07.48.53:781][995]LogWorld: Game class is 'pregame_C'
[2016.11.13-07.48.53:784][995]LogWorld: Bringing World /Game/Map/UEDPIE_3_Main.Main up for play (max tick rate 60) at 2016.11.13-16.48.53
[2016.11.13-07.48.53:786][995]LogWorld: Bringing up level for play took: 0.002842
[2016.11.13-07.48.53:787][995]LogGameMode: Warning - PATHS NOT DEFINED or NO PLAYERSTART with positive rating
[2016.11.13-07.48.53:787][995]LogSpawn:Warning: SpawnActor failed because no class was specified
[2016.11.13-07.48.53:788][995]LogLoad: Took 0.048512 seconds to LoadMap(/Game/Map/UEDPIE_3_Main)
[2016.11.13-07.49.12:404][894]LogNet: Browse: 192.168.0.3//Game/Map/Main
[2016.11.13-07.49.12:405][894]LogInit: WinSock: Socket queue 32768 / 32768
[2016.11.13-07.49.12:407][894]PacketHandlerLog: Loaded PacketHandler component: Engine.EngineHandlerComponentFactory (StatelessConnectHandlerComponent)
[2016.11.13-07.49.12:407][894]LogNet: Game client on port 7777, rate 10000
[2016.11.13-07.49.12:407][894]LogNet: GetLocalNetworkVersion: GEngineNetVersion: 3039270, ProjectName: unnamed, ProjectVersion: 1.0.0.0, InternalProtocolVersion: 9, LocalNetworkVersion: 1745645396
[2016.11.13-07.49.12:425][895]LogNet: NotifyAcceptingConnection: Server dd accept
[2016.11.13-07.49.12:425][895]LogHandshake: SendConnectChallenge. Timestamp: 19.759056, Cookie: 115198232147172081024079160005135214199178167027035080120084
[2016.11.13-07.49.12:425][895]LogNet: NotifyAcceptingConnection: Server dd accept
[2016.11.13-07.49.12:427][895]LogHandshake: SendChallengeResponse. Timestamp: 19.759056, Cookie: 115198232147172081024079160005135214199178167027035080120084
[2016.11.13-07.49.12:444][896]LogNet: NotifyAcceptingConnection: Server dd accept
[2016.11.13-07.49.12:444][896]LogNet: Server accepting post-challenge connection from: 192.168.0.3:65417
[2016.11.13-07.49.12:444][896]PacketHandlerLog: Loaded PacketHandler component: Engine.EngineHandlerComponentFactory (StatelessConnectHandlerComponent)
[2016.11.13-07.49.12:444][896]LogNet: NotifyAcceptedConnection: Name: dd, TimeStamp: 11/13/16 16:49:12, [UNetConnection] RemoteAddr: 192.168.0.3:65417, Name: IpConnection_5, Driver: GameNetDriver IpNetDriver_3, IsServer: YES, PC: NULL, Owner: NULL
[2016.11.13-07.49.12:444][896]LogNet: AddClientConnection: Added client connection: [UNetConnection] RemoteAddr: 192.168.0.3:65417, Name: IpConnection_5, Driver: GameNetDriver IpNetDriver_3, IsServer: YES, PC: NULL, Owner: NULL
[2016.11.13-07.49.12:681][907]LogNet: NotifyAcceptingChannel Control 0 server World /Game/Map/UEDPIE_1_dd.dd: Accepted
[2016.11.13-07.49.12:681][907]LogNet: Remote platform little endian=1
[2016.11.13-07.49.12:681][907]LogNet: This platform little endian=1
[2016.11.13-07.49.12:681][907]LogNet: GetLocalNetworkVersion: GEngineNetVersion: 3039270, ProjectName: unnamed, ProjectVersion: 1.0.0.0, InternalProtocolVersion: 9, LocalNetworkVersion: 1745645396
[2016.11.13-07.49.12:709][908]LogNet: Login request: /Game/Map/Main?Name=DESKTOP-5I3HB32-7F6450544B776289969948917412B43A userId: DESKTOP-5I3HB32-7F6450544B776289969948917412B43A
[2016.11.13-07.49.12:710][908]LogNet: Welcomed by server (Level: /Game/Map/UEDPIE_1_dd, Game: /Game/ThirdPersonBP/Blueprints/ThirdPersonGameMode.ThirdPersonGameMode_C)
[2016.11.13-07.49.12:723][908]LogLoad: LoadMap: 192.168.0.3//Game/Map/UEDPIE_1_dd?game=/Game/ThirdPersonBP/Blueprints/ThirdPersonGameMode.ThirdPersonGameMode_C
[2016.11.13-07.49.12:754][908]Cmd: MEM
[2016.11.13-07.49.12:777][908]LogMemory: Platform Memory Stats for Windows
[2016.11.13-07.49.12:777][908]LogMemory: Process Physical Memory: 1282.96 MB used, 1313.20 MB peak
[2016.11.13-07.49.12:777][908]LogMemory: Process Virtual Memory: 1741.82 MB used, 2073.83 MB peak
[2016.11.13-07.49.12:777][908]LogMemory: Physical Memory: 3949.09 MB used, 8113.86 MB total
[2016.11.13-07.49.12:777][908]LogMemory: Virtual Memory: 2636.32 MB used, 134217728.00 MB total
[2016.11.13-07.49.12:777][908]LogMemory: 
[2016.11.13-07.49.12:777][908]Allocator Stats for TBB: (not implemented)
[2016.11.13-07.49.12:893][908]LogAIModule: Creating AISystem for world dd
[2016.11.13-07.49.12:897][908]LogWorld: Bringing World /Game/Map/UEDPIE_3_dd.dd up for play (max tick rate 60) at 2016.11.13-16.49.12
[2016.11.13-07.49.12:897][908]LogWorld: Bringing up level for play took: 0.002975
[2016.11.13-07.49.12:897][908]LogLoad: Took 0.174270 seconds to LoadMap(/Game/Map/UEDPIE_1_dd)
[2016.11.13-07.49.12:924][909]LogNet: Client netspeed is 10000
[2016.11.13-07.49.12:924][909]LogNet: Join request: /Game/Map/Main?Name=DESKTOP-5I3HB32-7F6450544B776289969948917412B43A?SplitscreenCount=1
[2016.11.13-07.49.12:930][909]LogBlueprintUserMessages: [ThirdPersonGameMode_C_0] Server: 3
[2016.11.13-07.49.12:930][909]LogNet: Join succeeded: DESKTOP-5I3HB32-7F64
[2016.11.13-07.49.12:930][909]LogCharacterMovement:Warning: GetSimulationTimeStep() - Max iterations 8 hit while remaining time 19.382179 > MaxSimulationTimeStep (0.050) for 'ThirdPersonCharacter_C_1', movement 'Falling'
[2016.11.13-07.49.12:933][909]LogSpawn:Warning: SpawnActor failed because no class was specified
[2016.11.13-07.49.17:503][114]LogBlueprintUserMessages: Early EndPlayMap Detection: Level '/Game/Map/Main.Main:PersistentLevel' has LevelScriptBlueprint '/Game/Map/Main.Main:PersistentLevel.Main' with GeneratedClass '/Game/Map/Main.Main_C' with ClassGeneratedBy '/Game/Map/Main.Main:PersistentLevel.Main'
[2016.11.13-07.49.17:562][114]LogOnline:Display: NULL: FOnlineSubsystemNull::Shutdown()
[2016.11.13-07.49.17:563][114]LogSpawn:Warning: SpawnActor failed because we are in the process of tearing down the world
[2016.11.13-07.49.17:625][114]LogOnline:Display: NULL: FOnlineSubsystemNull::Shutdown()
[2016.11.13-07.49.17:629][114]LogSpawn:Warning: SpawnActor failed because we are in the process of tearing down the world
[2016.11.13-07.49.17:678][114]LogOnline:Display: NULL: FOnlineSubsystemNull::Shutdown()
[2016.11.13-07.49.17:681][114]LogPlayLevel:Display: Shutting down PIE online subsystems
[2016.11.13-07.49.17:682][114]LogBlueprintUserMessages: Late EndPlayMap Detection: Level '/Game/Map/Main.Main:PersistentLevel' has LevelScriptBlueprint '/Game/Map/Main.Main:PersistentLevel.Main' with GeneratedClass '/Game/Map/Main.Main_C' with ClassGeneratedBy '/Game/Map/Main.Main:PersistentLevel.Main'
[2016.11.13-07.49.17:712][114]LogNet: UChannel::CleanUp: ChIndex == 0. Closing connection. [UChannel] ChIndex: 0, Closing: 0 [UNetConnection] RemoteAddr: 192.168.0.3:65417, Name: IpConnection_5, Driver: GameNetDriver IpNetDriver_3, IsServer: YES, PC: None, Owner: None
[2016.11.13-07.49.17:712][114]LogNet: UNetConnection::Close: [UNetConnection] RemoteAddr: 192.168.0.3:65417, Name: IpConnection_5, Driver: GameNetDriver IpNetDriver_3, IsServer: YES, PC: None, Owner: None, Channels: 2, Time: 2016.11.13-07.49.17
[2016.11.13-07.49.17:712][114]LogNet: UChannel::Close: Sending CloseBunch. ChIndex == 0. Name: [UChannel] ChIndex: 0, Closing: 0 [UNetConnection] RemoteAddr: 192.168.0.3:65417, Name: IpConnection_5, Driver: GameNetDriver IpNetDriver_3, IsServer: YES, PC: None, Owner: None
[2016.11.13-07.49.17:713][114]LogNet: UChannel::CleanUp: ChIndex == 0. Closing connection. [UChannel] ChIndex: 0, Closing: 0 [UNetConnection] RemoteAddr: 192.168.0.3:7777, Name: IpConnection_4, Driver: GameNetDriver IpNetDriver_4, IsServer: NO, PC: None, Owner: None
[2016.11.13-07.49.17:713][114]LogNet: UNetConnection::Close: [UNetConnection] RemoteAddr: 192.168.0.3:7777, Name: IpConnection_4, Driver: GameNetDriver IpNetDriver_4, IsServer: NO, PC: None, Owner: None, Channels: 2, Time: 2016.11.13-07.49.17
[2016.11.13-07.49.17:713][114]LogNet: UChannel::Close: Sending CloseBunch. ChIndex == 0. Name: [UChannel] ChIndex: 0, Closing: 0 [UNetConnection] RemoteAddr: 192.168.0.3:7777, Name: IpConnection_4, Driver: GameNetDriver IpNetDriver_4, IsServer: NO, PC: None, Owner: None
[2016.11.13-07.49.17:717][114]LogExit: GameNetDriver None shut down
[2016.11.13-07.49.17:718][114]LogExit: GameNetDriver None shut down
[2016.11.13-07.49.17:738][115]LogPlayLevel:Display: Destroying online subsystem :Context_15
[2016.11.13-07.49.17:738][115]LogOnline:Display: NULL: FOnlineSubsystemNull::Shutdown()
[2016.11.13-07.49.17:738][115]LogPlayLevel:Display: Destroying online subsystem :Context_14
[2016.11.13-07.49.17:738][115]LogOnline:Display: NULL: FOnlineSubsystemNull::Shutdown()
[2016.11.13-07.49.17:739][115]LogPlayLevel:Display: Destroying online subsystem :Context_13
[2016.11.13-07.49.17:739][115]LogOnline:Display: NULL: FOnlineSubsystemNull::Shutdown()
[2016.11.13-07.50.03:500][718]Cmd: OBJ SAVEPACKAGE PACKAGE="/Game/server/MainMenu_W" FILE="../../../../../../Users/jcy/Documents/GitHub/UNNAMED/UNNAMED/Content/server/MainMenu_W.uasset" SILENT=true
[2016.11.13-07.50.03:598][718]LogSavePackage: Save=22.40ms
[2016.11.13-07.50.03:598][718]LogSavePackage: Moving '../../../../../../Users/jcy/Documents/GitHub/UNNAMED/UNNAMED/Saved/MainMenu_WD8836A594E4E85253B55F6A6F65BF826.tmp' to '../../../../../../Users/jcy/Documents/GitHub/UNNAMED/UNNAMED/Content/server/MainMenu_W.uasset'
[2016.11.13-07.50.03:601][718]LogSavePackage:Display: Finished SavePackage ../../../../../../Users/jcy/Documents/GitHub/UNNAMED/UNNAMED/Content/server/MainMenu_W.uasset
[2016.11.13-07.50.03:610][718]Cmd: OBJ SAVEPACKAGE PACKAGE="/Game/server/MP_MENU" FILE="../../../../../../Users/jcy/Documents/GitHub/UNNAMED/UNNAMED/Content/server/MP_MENU.uasset" SILENT=true
[2016.11.13-07.50.03:713][718]LogSavePackage: Save=31.01ms
[2016.11.13-07.50.03:713][718]LogSavePackage: Moving '../../../../../../Users/jcy/Documents/GitHub/UNNAMED/UNNAMED/Saved/MP_MENU72EBFFA04D75CD7B95188185EFF92F70.tmp' to '../../../../../../Users/jcy/Documents/GitHub/UNNAMED/UNNAMED/Content/server/MP_MENU.uasset'
[2016.11.13-07.50.03:716][718]LogSavePackage:Display: Finished SavePackage ../../../../../../Users/jcy/Documents/GitHub/UNNAMED/UNNAMED/Content/server/MP_MENU.uasset
[2016.11.13-07.50.03:721][718]Cmd: OBJ SAVEPACKAGE PACKAGE="/Game/server/MP_ServerBrowser" FILE="../../../../../../Users/jcy/Documents/GitHub/UNNAMED/UNNAMED/Content/server/MP_ServerBrowser.uasset" SILENT=true
[2016.11.13-07.50.03:863][718]LogSavePackage: Save=67.02ms
[2016.11.13-07.50.03:863][718]LogSavePackage: Moving '../../../../../../Users/jcy/Documents/GitHub/UNNAMED/UNNAMED/Saved/MP_ServerBrowserB65C60834AA42808798A6EA2989EF8CB.tmp' to '../../../../../../Users/jcy/Documents/GitHub/UNNAMED/UNNAMED/Content/server/MP_ServerBrowser.uasset'
[2016.11.13-07.50.03:867][718]LogSavePackage:Display: Finished SavePackage ../../../../../../Users/jcy/Documents/GitHub/UNNAMED/UNNAMED/Content/server/MP_ServerBrowser.uasset
[2016.11.13-07.50.03:965][718]LogWindowsTextInputMethodSystem:Display: IME system now activated using TSF (Microsoft 입력기).
[2016.11.13-07.50.04:148][719]Cmd: QUIT_EDITOR
[2016.11.13-07.50.04:618][719]LogExit: Preparing to exit.
[2016.11.13-07.50.05:014][719]LogExit: Editor shut down
[2016.11.13-07.50.05:014][719]LogExit: Transaction tracking system shut down
[2016.11.13-07.50.05:168][719]LogObj: Freed 0b from 0 cluster array pools.
[2016.11.13-07.50.05:168][719]LogExit: Object subsystem successfully closed.
[2016.11.13-07.50.05:187][719]LogD3D11RHI: Shutdown
[2016.11.13-07.50.05:187][719]LogD3D11RHI: CleanupD3DDevice
[2016.11.13-07.50.05:270][719]LogD3D11RHI: ~FD3D11DynamicRHI
[2016.11.13-07.50.05:291][719]LogModuleManager: Shutting down and abandoning module MovieSceneCapture (219)
[2016.11.13-07.50.05:291][719]LogModuleManager: Shutting down and abandoning module SequencerWidgets (218)
[2016.11.13-07.50.05:291][719]LogModuleManager: Shutting down and abandoning module BlueprintGraph (217)
[2016.11.13-07.50.05:291][719]LogModuleManager: Shutting down and abandoning module HierarchicalLODOutliner (216)
[2016.11.13-07.50.05:291][719]LogModuleManager: Shutting down and abandoning module CrashTracker (215)
[2016.11.13-07.50.05:291][719]LogModuleManager: Shutting down and abandoning module SceneOutliner (214)
[2016.11.13-07.50.05:291][719]LogModuleManager: Shutting down and abandoning module WidgetCarousel (213)
[2016.11.13-07.50.05:291][719]LogModuleManager: Shutting down and abandoning module AddContentDialog (212)
[2016.11.13-07.50.05:293][719]LogModuleManager: Shutting down and abandoning module GameplayTags (211)
[2016.11.13-07.50.05:293][719]LogModuleManager: Shutting down and abandoning module EditorWidgets (210)
[2016.11.13-07.50.05:293][719]LogModuleManager: Shutting down and abandoning module CollectionManager (209)
[2016.11.13-07.50.05:293][719]LogModuleManager: Shutting down and abandoning module StatsViewer (208)
[2016.11.13-07.50.05:293][719]LogModuleManager: Shutting down and abandoning module FoliageEdit (207)
[2016.11.13-07.50.05:293][719]LogModuleManager: Shutting down and abandoning module LandscapeEditor (206)
[2016.11.13-07.50.05:293][719]LogModuleManager: Shutting down and abandoning module SceneDepthPickerMode (205)
[2016.11.13-07.50.05:293][719]LogModuleManager: Shutting down and abandoning module ActorPickerMode (204)
[2016.11.13-07.50.05:293][719]LogModuleManager: Shutting down and abandoning module GeometryMode (203)
[2016.11.13-07.50.05:293][719]LogModuleManager: Shutting down and abandoning module TextureAlignMode (202)
[2016.11.13-07.50.05:293][719]LogModuleManager: Shutting down and abandoning module BspMode (201)
[2016.11.13-07.50.05:293][719]LogModuleManager: Shutting down and abandoning module HardwareSurvey (200)
[2016.11.13-07.50.05:293][719]LogModuleManager: Shutting down and abandoning module SequenceRecorderSections (199)
[2016.11.13-07.50.05:293][719]LogModuleManager: Shutting down and abandoning module SequenceRecorder (198)
[2016.11.13-07.50.05:293][719]LogModuleManager: Shutting down and abandoning module AutomationWorker (197)
[2016.11.13-07.50.05:293][719]LogModuleManager: Shutting down and abandoning module MatineeToLevelSequence (196)
[2016.11.13-07.50.05:293][719]LogModuleManager: Shutting down and abandoning module PlacementMode (195)
[2016.11.13-07.50.05:293][719]LogModuleManager: Shutting down and abandoning module LevelSequenceEditor (194)
[2016.11.13-07.50.05:293][719]LogModuleManager: Shutting down and abandoning module CharacterAI (193)
[2016.11.13-07.50.05:293][719]LogModuleManager: Shutting down and abandoning module SmartSnapping (192)
[2016.11.13-07.50.05:293][719]LogModuleManager: Shutting down and abandoning module SessionServices (191)
[2016.11.13-07.50.05:293][719]LogModuleManager: Shutting down and abandoning module ViewportSnapping (190)
[2016.11.13-07.50.05:293][719]LogModuleManager: Shutting down and abandoning module LogVisualizer (189)
[2016.11.13-07.50.05:293][719]LogModuleManager: Shutting down and abandoning module GameProjectGeneration (188)
[2016.11.13-07.50.05:293][719]LogModuleManager: Shutting down and abandoning module IntroTutorials (187)
[2016.11.13-07.50.05:294][719]LogModuleManager: Shutting down and abandoning module EditorLiveStreaming (186)
[2016.11.13-07.50.05:294][719]LogModuleManager: Shutting down and abandoning module IOSPlatformEditor (185)
[2016.11.13-07.50.05:294][719]LogModuleManager: Shutting down and abandoning module HTML5PlatformEditor (184)
[2016.11.13-07.50.05:294][719]LogModuleManager: Shutting down and abandoning module AndroidDeviceDetection (183)
[2016.11.13-07.50.05:908][719]LogModuleManager: Shutting down and abandoning module AndroidPlatformEditor (182)
[2016.11.13-07.50.05:908][719]LogModuleManager: Shutting down and abandoning module IOSRuntimeSettings (181)
[2016.11.13-07.50.05:908][719]LogModuleManager: Shutting down and abandoning module AndroidRuntimeSettings (180)
[2016.11.13-07.50.05:908][719]LogModuleManager: Shutting down and abandoning module MergeActors (179)
[2016.11.13-07.50.05:908][719]LogModuleManager: Shutting down and abandoning module SizeMap (178)
[2016.11.13-07.50.05:908][719]LogModuleManager: Shutting down and abandoning module TreeMap (177)
[2016.11.13-07.50.05:908][719]LogModuleManager: Shutting down and abandoning module ReferenceViewer (176)
[2016.11.13-07.50.05:908][719]LogModuleManager: Shutting down and abandoning module LocalizationService (175)
[2016.11.13-07.50.05:908][719]LogModuleManager: Shutting down and abandoning module LocalizationDashboard (174)
[2016.11.13-07.50.05:908][719]LogModuleManager: Shutting down and abandoning module HardwareTargeting (173)
[2016.11.13-07.50.05:908][719]LogModuleManager: Shutting down and abandoning module DeviceProfileEditor (172)
[2016.11.13-07.50.05:908][719]LogModuleManager: Shutting down and abandoning module UndoHistory (171)
[2016.11.13-07.50.05:908][719]LogModuleManager: Shutting down and abandoning module UserFeedback (170)
[2016.11.13-07.50.05:908][719]LogModuleManager: Shutting down and abandoning module XmlParser (169)
[2016.11.13-07.50.05:908][719]LogModuleManager: Shutting down and abandoning module Blutility (168)
[2016.11.13-07.50.05:908][719]LogModuleManager: Shutting down and abandoning module ProjectTargetPlatformEditor (167)
[2016.11.13-07.50.05:909][719]LogModuleManager: Shutting down and abandoning module ProjectSettingsViewer (166)
[2016.11.13-07.50.05:909][719]LogModuleManager: Shutting down and abandoning module InputBindingEditor (165)
[2016.11.13-07.50.05:909][719]LogModuleManager: Shutting down and abandoning module EditorSettingsViewer (164)
[2016.11.13-07.50.05:909][719]LogModuleManager: Shutting down and abandoning module SettingsEditor (163)
[2016.11.13-07.50.05:909][719]LogModuleManager: Shutting down and abandoning module ProjectLauncher (162)
[2016.11.13-07.50.05:909][719]LogModuleManager: Shutting down and abandoning module SessionFrontend (161)
[2016.11.13-07.50.05:909][719]LogModuleManager: Shutting down and abandoning module ProfilerClient (160)
[2016.11.13-07.50.05:909][719]LogModuleManager: Shutting down and abandoning module TargetDeviceServices (159)
[2016.11.13-07.50.05:909][719]LogModuleManager: Shutting down and abandoning module DeviceManager (158)
[2016.11.13-07.50.05:951][719]LogModuleManager: Shutting down and abandoning module AutomationController (157)
[2016.11.13-07.50.05:951][719]LogModuleManager: Shutting down and abandoning module AutomationWindow (156)
[2016.11.13-07.50.05:951][719]LogModuleManager: Shutting down and abandoning module Layers (155)
[2016.11.13-07.50.05:951][719]LogModuleManager: Shutting down and abandoning module ComponentVisualizers (154)
[2016.11.13-07.50.05:951][719]LogModuleManager: Shutting down and abandoning module DetailCustomizations (153)
[2016.11.13-07.50.05:951][719]LogModuleManager: Shutting down and abandoning module PackagesDialog (152)
[2016.11.13-07.50.05:951][719]LogModuleManager: Shutting down and abandoning module Persona (151)
[2016.11.13-07.50.05:951][719]LogModuleManager: Shutting down and abandoning module Kismet (150)
[2016.11.13-07.50.05:951][719]LogModuleManager: Shutting down and abandoning module GraphEditor (149)
[2016.11.13-07.50.05:951][719]LogModuleManager: Shutting down and abandoning module ClassViewer (148)
[2016.11.13-07.50.05:951][719]LogModuleManager: Shutting down and abandoning module Toolbox (147)
[2016.11.13-07.50.05:951][719]LogModuleManager: Shutting down and abandoning module ModuleUI (146)
[2016.11.13-07.50.05:951][719]LogModuleManager: Shutting down and abandoning module MovieSceneTools (145)
[2016.11.13-07.50.05:951][719]LogModuleManager: Shutting down and abandoning module OutputLog (144)
[2016.11.13-07.50.05:951][719]LogModuleManager: Shutting down and abandoning module GammaUI (143)
[2016.11.13-07.50.05:951][719]LogModuleManager: Shutting down and abandoning module Documentation (142)
[2016.11.13-07.50.05:951][719]LogModuleManager: Shutting down and abandoning module StreamingPauseRendering (141)
[2016.11.13-07.50.05:951][719]LogModuleManager: Shutting down and abandoning module AnalyticsET (140)
[2016.11.13-07.50.05:951][719]LogModuleManager: Shutting down and abandoning module Analytics (139)
[2016.11.13-07.50.05:951][719]LogModuleManager: Shutting down and abandoning module PortalServices (138)
[2016.11.13-07.50.05:951][719]LogModuleManager: Shutting down and abandoning module PortalRpc (137)
[2016.11.13-07.50.05:951][719]LogModuleManager: Shutting down and abandoning module MessagingRpc (136)
[2016.11.13-07.50.05:951][719]LogModuleManager: Shutting down and abandoning module GameplayDebugger (135)
[2016.11.13-07.50.05:951][719]LogModuleManager: Shutting down and abandoning module AITestSuite (134)
[2016.11.13-07.50.05:951][719]LogModuleManager: Shutting down and abandoning module AIModule (133)
[2016.11.13-07.50.05:951][719]LogModuleManager: Shutting down and abandoning module ProfilerService (132)
[2016.11.13-07.50.06:003][719]LogModuleManager: Shutting down and abandoning module TaskGraph (131)
[2016.11.13-07.50.06:003][719]LogModuleManager: Shutting down and abandoning module SlateRemote (130)
[2016.11.13-07.50.06:003][719]LogModuleManager: Shutting down and abandoning module SteamVRController (129)
[2016.11.13-07.50.06:003][719]LogModuleManager: Shutting down and abandoning module SteamVR (128)
[2016.11.13-07.50.06:003][719]LogModuleManager: Shutting down and abandoning module ProceduralMeshComponent (127)
[2016.11.13-07.50.06:003][719]LogModuleManager: Shutting down and abandoning module OculusLibrary (126)
[2016.11.13-07.50.06:003][719]LogModuleManager: Shutting down and abandoning module OculusInput (125)
[2016.11.13-07.50.06:003][719]LogModuleManager: Shutting down and abandoning module CustomMeshComponent (124)
[2016.11.13-07.50.06:003][719]LogModuleManager: Shutting down and abandoning module CableComponent (123)
[2016.11.13-07.50.06:003][719]LogModuleManager: Shutting down and abandoning module ArchVisCharacter (122)
[2016.11.13-07.50.06:003][719]LogModuleManager: Shutting down and abandoning module MediaPlayerEditor (121)
[2016.11.13-07.50.06:003][719]LogModuleManager: Shutting down and abandoning module HTML5Networking (120)
[2016.11.13-07.50.06:003][719]LogModuleManager: Shutting down and abandoning module SuperSearch (119)
[2016.11.13-07.50.06:003][719]LogModuleManager: Shutting down and abandoning module SuperSearchEditor (118)
[2016.11.13-07.50.06:003][719]LogModuleManager: Shutting down and abandoning module SpeedTreeImporter (117)
[2016.11.13-07.50.06:003][719]LogModuleManager: Shutting down and abandoning module PluginBrowser (116)
[2016.11.13-07.50.06:003][719]LogModuleManager: Shutting down and abandoning module EpicSurvey (115)
[2016.11.13-07.50.06:004][719]LogModuleManager: Shutting down and abandoning module DesktopPlatform (114)
[2016.11.13-07.50.06:004][719]LogModuleManager: Shutting down and abandoning module VisualStudioSourceCodeAccess (113)
[2016.11.13-07.50.06:004][719]LogModuleManager: Shutting down and abandoning module UObjectPlugin (112)
[2016.11.13-07.50.06:004][719]LogModuleManager: Shutting down and abandoning module SubversionSourceControl (111)
[2016.11.13-07.50.06:004][719]LogModuleManager: Shutting down and abandoning module PerforceSourceControl (110)
[2016.11.13-07.50.06:004][719]LogModuleManager: Shutting down and abandoning module SourceControl (109)
[2016.11.13-07.50.06:004][719]LogModuleManager: Shutting down and abandoning module GitSourceControl (108)
[2016.11.13-07.50.06:004][719]LogModuleManager: Shutting down and abandoning module LightPropagationVolumeEditor (107)
[2016.11.13-07.50.06:004][719]LogModuleManager: Shutting down and abandoning module PaperTiledImporter (106)
[2016.11.13-07.50.06:004][719]LogModuleManager: Shutting down and abandoning module PaperSpriteSheetImporter (105)
[2016.11.13-07.50.06:004][719]LogModuleManager: Shutting down and abandoning module MeshPaint (104)
[2016.11.13-07.50.06:004][719]LogModuleManager: Shutting down and abandoning module PixelInspectorModule (103)
[2016.11.13-07.50.06:004][719]LogModuleManager: Shutting down and abandoning module HotReload (102)
[2016.11.13-07.50.06:004][719]LogModuleManager: Shutting down and abandoning module MainFrame (101)
[2016.11.13-07.50.06:004][719]LogModuleManager: Shutting down and abandoning module LevelEditor (100)
[2016.11.13-07.50.06:005][719]LogModuleManager: Shutting down and abandoning module ContentBrowser (99)
[2016.11.13-07.50.06:005][719]LogModuleManager: Shutting down and abandoning module Paper2DEditor (98)
[2016.11.13-07.50.06:006][719]LogModuleManager: Shutting down and abandoning module UdpMessaging (97)
[2016.11.13-07.50.06:107][719]LogModuleManager: Shutting down and abandoning module LightPropagationVolumeRuntime (96)
[2016.11.13-07.50.06:107][719]LogModuleManager: Shutting down and abandoning module Paper2D (95)
[2016.11.13-07.50.06:107][719]LogModuleManager: Shutting down and abandoning module WindowsMoviePlayer (94)
[2016.11.13-07.50.06:107][719]LogModuleManager: Shutting down and abandoning module Media (93)
[2016.11.13-07.50.06:107][719]LogModuleManager: Shutting down and abandoning module WmfMedia (92)
[2016.11.13-07.50.06:107][719]LogModuleManager: Shutting down and abandoning module MediaAssets (91)
[2016.11.13-07.50.06:107][719]LogModuleManager: Shutting down and abandoning module GameLiveStreaming (90)
[2016.11.13-07.50.06:107][719]LogModuleManager: Shutting down and abandoning module GameplayTagsEditor (89)
[2016.11.13-07.50.06:107][719]LogModuleManager: Shutting down and abandoning module OnlineBlueprintSupport (88)
[2016.11.13-07.50.06:107][719]LogModuleManager: Shutting down and abandoning module VREditor (87)
[2016.11.13-07.50.06:107][719]LogModuleManager: Shutting down and abandoning module GameplayTasksEditor (86)
[2016.11.13-07.50.06:107][719]LogModuleManager: Shutting down and abandoning module PropertyEditor (85)
[2016.11.13-07.50.06:107][719]LogModuleManager: Shutting down and abandoning module BehaviorTreeEditor (84)
[2016.11.13-07.50.06:107][719]LogModuleManager: Shutting down and abandoning module FunctionalTesting (83)
[2016.11.13-07.50.06:107][719]LogModuleManager: Shutting down and abandoning module CollisionAnalyzer (82)
[2016.11.13-07.50.06:107][719]LogModuleManager: Shutting down and abandoning module Sequencer (81)
[2016.11.13-07.50.06:107][719]LogModuleManager: Shutting down and abandoning module WorkspaceMenuStructure (80)
[2016.11.13-07.50.06:107][719]LogModuleManager: Shutting down and abandoning module MessageLog (79)
[2016.11.13-07.50.06:107][719]LogModuleManager: Shutting down and abandoning module AssetTools (78)
[2016.11.13-07.50.06:107][719]LogModuleManager: Shutting down and abandoning module UMGEditor (77)
[2016.11.13-07.50.06:107][719]LogModuleManager: Shutting down and abandoning module UMG (76)
[2016.11.13-07.50.06:107][719]LogModuleManager: Shutting down and abandoning module SlateReflector (75)
[2016.11.13-07.50.06:107][719]LogModuleManager: Shutting down and abandoning module Slate (74)
[2016.11.13-07.50.06:107][719]LogModuleManager: Shutting down and abandoning module EditorStyle (73)
[2016.11.13-07.50.06:110][719]LogModuleManager: Shutting down and abandoning module SourceCodeAccess (72)
[2016.11.13-07.50.06:110][719]LogModuleManager: Shutting down and abandoning module HeadMountedDisplay (71)
[2016.11.13-07.50.06:110][719]LogModuleManager: Shutting down and abandoning module XAudio2 (70)
[2016.11.13-07.50.06:110][719]LogModuleManager: Shutting down and abandoning module Networking (69)
[2016.11.13-07.50.06:110][719]LogModuleManager: Shutting down and abandoning module Core (68)
[2016.11.13-07.50.06:110][719]LogModuleManager: Shutting down and abandoning module DirectoryWatcher (67)
[2016.11.13-07.50.06:112][719]LogModuleManager: Shutting down and abandoning module AssetRegistry (66)
[2016.11.13-07.50.06:259][719]LogModuleManager: Shutting down and abandoning module KismetCompiler (65)
[2016.11.13-07.50.06:259][719]LogModuleManager: Shutting down and abandoning module PhysXFormats (64)
[2016.11.13-07.50.06:259][719]LogModuleManager: Shutting down and abandoning module MeshUtilities (63)
[2016.11.13-07.50.06:259][719]LogModuleManager: Shutting down and abandoning module DerivedDataCache (62)
[2016.11.13-07.50.06:352][719]LogDerivedDataCache: Shutdown
[2016.11.13-07.50.06:352][719]LogModuleManager: Shutting down and abandoning module VulkanShaderFormat (61)
[2016.11.13-07.50.06:352][719]LogModuleManager: Shutting down and abandoning module ShaderFormatOpenGL (60)
[2016.11.13-07.50.06:352][719]LogModuleManager: Shutting down and abandoning module ShaderFormatD3D (59)
[2016.11.13-07.50.06:352][719]LogModuleManager: Shutting down and abandoning module MetalShaderFormat (58)
[2016.11.13-07.50.06:352][719]LogModuleManager: Shutting down and abandoning module TextureFormatUncompressed (57)
[2016.11.13-07.50.06:352][719]LogModuleManager: Shutting down and abandoning module TextureFormatPVR (56)
[2016.11.13-07.50.06:352][719]LogModuleManager: Shutting down and abandoning module TextureFormatIntelISPCTexComp (55)
[2016.11.13-07.50.06:352][719]LogModuleManager: Shutting down and abandoning module TextureFormatDXT (54)
[2016.11.13-07.50.06:352][719]LogModuleManager: Shutting down and abandoning module ImageWrapper (53)
[2016.11.13-07.50.06:352][719]LogModuleManager: Shutting down and abandoning module TextureFormatASTC (52)
[2016.11.13-07.50.06:352][719]LogModuleManager: Shutting down and abandoning module TextureFormatAndroid (51)
[2016.11.13-07.50.06:352][719]LogModuleManager: Shutting down and abandoning module AudioFormatOpus (50)
[2016.11.13-07.50.06:352][719]LogModuleManager: Shutting down and abandoning module AudioFormatOgg (49)
[2016.11.13-07.50.06:352][719]LogModuleManager: Shutting down and abandoning module AudioFormatADPCM (48)
[2016.11.13-07.50.06:352][719]LogModuleManager: Shutting down and abandoning module LinuxTargetPlatform (47)
[2016.11.13-07.50.06:353][719]LogModuleManager: Shutting down and abandoning module LinuxServerTargetPlatform (46)
[2016.11.13-07.50.06:353][719]LogModuleManager: Shutting down and abandoning module LinuxNoEditorTargetPlatform (45)
[2016.11.13-07.50.06:353][719]LogModuleManager: Shutting down and abandoning module TVOSTargetPlatform (44)
[2016.11.13-07.50.06:353][719]LogModuleManager: Shutting down and abandoning module Messaging (43)
[2016.11.13-07.50.06:353][719]LogModuleManager: Shutting down and abandoning module IOSTargetPlatform (42)
[2016.11.13-07.50.06:353][719]LogModuleManager: Shutting down and abandoning module HTML5TargetPlatform (41)
[2016.11.13-07.50.06:353][719]LogModuleManager: Shutting down and abandoning module Android_PVRTCTargetPlatform (40)
[2016.11.13-07.50.06:353][719]LogModuleManager: Shutting down and abandoning module Android_MultiTargetPlatform (39)
[2016.11.13-07.50.06:353][719]LogModuleManager: Shutting down and abandoning module Android_ETC2TargetPlatform (38)
[2016.11.13-07.50.06:353][719]LogModuleManager: Shutting down and abandoning module Android_ETC1TargetPlatform (37)
[2016.11.13-07.50.06:353][719]LogModuleManager: Shutting down and abandoning module Android_DXTTargetPlatform (36)
[2016.11.13-07.50.06:353][719]LogModuleManager: Shutting down and abandoning module Android_ATCTargetPlatform (35)
[2016.11.13-07.50.06:353][719]LogModuleManager: Shutting down and abandoning module Android_ASTCTargetPlatform (34)
[2016.11.13-07.50.06:353][719]LogModuleManager: Shutting down and abandoning module AndroidTargetPlatform (33)
[2016.11.13-07.50.06:353][719]LogModuleManager: Shutting down and abandoning module WindowsTargetPlatform (32)
[2016.11.13-07.50.06:353][719]LogModuleManager: Shutting down and abandoning module WindowsServerTargetPlatform (31)
[2016.11.13-07.50.06:353][719]LogModuleManager: Shutting down and abandoning module WindowsNoEditorTargetPlatform (30)
[2016.11.13-07.50.06:353][719]LogModuleManager: Shutting down and abandoning module WindowsClientTargetPlatform (29)
[2016.11.13-07.50.06:353][719]LogModuleManager: Shutting down and abandoning module AllDesktopTargetPlatform (28)
[2016.11.13-07.50.06:353][719]LogModuleManager: Shutting down and abandoning module TargetPlatform (27)
[2016.11.13-07.50.06:353][719]LogModuleManager: Shutting down and abandoning module InputCore (26)
[2016.11.13-07.50.06:353][719]LogModuleManager: Shutting down and abandoning module Settings (25)
[2016.11.13-07.50.06:353][719]LogModuleManager: Shutting down and abandoning module Voice (23)
[2016.11.13-07.50.06:353][719]LogModuleManager: Shutting down and abandoning module OnlineSubsystem (19)
[2016.11.13-07.50.06:353][719]LogOnline:Display: NULL: FOnlineSubsystemNull::Shutdown()
[2016.11.13-07.50.06:353][719]LogOnline:Display: Unloading online subsystem: NULL
[2016.11.13-07.50.06:353][719]LogModuleManager: Shutting down and abandoning module HTTP (18)
[2016.11.13-07.50.07:855][719]LogModuleManager: Shutting down and abandoning module XMPP (17)
[2016.11.13-07.50.07:855][719]LogModuleManager: Shutting down and abandoning module OculusRift (16)
[2016.11.13-07.50.07:855][719]LogModuleManager: Shutting down and abandoning module ExampleDeviceProfileSelector (15)
[2016.11.13-07.50.07:855][719]LogModuleManager: Shutting down and abandoning module TextureCompressor (14)
[2016.11.13-07.50.07:855][719]LogModuleManager: Shutting down and abandoning module ShaderCore (13)
[2016.11.13-07.50.07:855][719]LogModuleManager: Shutting down and abandoning module Landscape (12)
[2016.11.13-07.50.07:855][719]LogModuleManager: Shutting down and abandoning module SlateRHIRenderer (11)
[2016.11.13-07.50.07:858][719]LogModuleManager: Shutting down and abandoning module OpenGLDrv (10)
[2016.11.13-07.50.07:858][719]LogModuleManager: Shutting down and abandoning module D3D11RHI (9)
[2016.11.13-07.50.07:858][719]LogModuleManager: Shutting down and abandoning module AnimGraphRuntime (8)
[2016.11.13-07.50.07:858][719]LogModuleManager: Shutting down and abandoning module Renderer (7)
[2016.11.13-07.50.07:858][719]LogModuleManager: Shutting down and abandoning module Engine (6)
[2016.11.13-07.50.07:858][719]LogModuleManager: Shutting down and abandoning module CoreUObject (5)
[2016.11.13-07.50.07:858][719]LogModuleManager: Shutting down and abandoning module NetworkFile (4)
[2016.11.13-07.50.07:858][719]LogModuleManager: Shutting down and abandoning module StreamingFile (3)
[2016.11.13-07.50.07:858][719]LogModuleManager: Shutting down and abandoning module SandboxFile (2)
[2016.11.13-07.50.07:858][719]LogModuleManager: Shutting down and abandoning module PakFile (1)
[2016.11.13-07.50.07:860][719]LogExit: Exiting.
[2016.11.13-07.50.07:862][719]Log file closed, 11/13/16 16:50:07
