Log file open, 10/31/16 01:21:32
LogInit:Display: Running engine for game: UNNAMED
LogPlatformFile: Not using cached read wrapper
LogInit:Display: RandInit(492165023) SRandInit(492165024).
LogTaskGraph: Started task graph with 4 named threads and 7 total threads with 1 sets of task threads.
LogStats: Stats thread started at 0.084445
LogInit: Version: 4.12.5-3039270+++UE4+Release-4.12
LogInit: API Version: 2992821
LogInit: Net Version: 3039270
LogDevObjectVersion: Number of dev versions registered: 13
LogDevObjectVersion:   Dev-Blueprints (B0D832E4-1F89-4F0D-ACCF-7EB736FD4AA2): 3
LogDevObjectVersion:   Dev-Build (E1C64328-A22C-4D53-A36C-8E866417BD8C): 0
LogDevObjectVersion:   Dev-Core (375EC13C-06E4-48FB-B500-84F0262A717E): 1
LogDevObjectVersion:   Dev-Editor (E4B068ED-F494-42E9-A231-DA0B2E46BB41): 2
LogDevObjectVersion:   Dev-Framework (CFFC743F-43B0-4480-9391-14DF171D2073): 6
LogDevObjectVersion:   Dev-Mobile (B02B49B5-BB20-44E9-A304-32B752E40360): 0
LogDevObjectVersion:   Dev-Networking (A4E4105C-59A1-49B5-A7C5-40C4547EDFEE): 0
LogDevObjectVersion:   Dev-Online (39C831C9-5AE6-47DC-9A44-9C173E1C8E7C): 0
LogDevObjectVersion:   Dev-Physics (78F01B33-EBEA-4F98-B9B4-84EACCB95AA2): 0
LogDevObjectVersion:   Dev-Platform (6631380F-2D4D-43E0-8009-CF276956A95A): 0
LogDevObjectVersion:   Dev-Rendering (12F88B9F-8875-4AFC-A67C-D90C383ABD29): 2
LogDevObjectVersion:   Dev-Sequencer (7B5AE74C-D270-4C10-A958-57980B212A5A): 0
LogDevObjectVersion:   Dev-VR (D7296918-1DD6-4BDD-9DE2-64A83CC13884): 0
LogInit: Compiled (64-bit): Jul  6 2016 09:09:46
LogInit: Compiled with Visual C++: 19.00.23026.00
LogInit: Build Configuration: Development
LogInit: Branch Name: ++UE4+Release-4.12
LogInit: Command line:  
LogInit: Base directory: C:/Program Files (x86)/Epic Games/4.12/Engine/Binaries/Win64/
LogInit: Installed Engine Build: 1
LogInit: Using libcurl 7.41.0
LogInit:  - built for x86_64-pc-win32
LogInit:  - supports SSL with WinSSL
LogInit:  - other features:
LogInit:      CURL_VERSION_SSL
LogInit:      CURL_VERSION_IPV6
LogInit:      CURL_VERSION_ASYNCHDNS
LogInit:      CURL_VERSION_LARGEFILE
LogInit:      CURL_VERSION_IDN
LogInit:  CurlRequestOptions (configurable via config and command line):
LogInit:  - bVerifyPeer = true  - Libcurl will verify peer certificate
LogInit:  - bUseHttpProxy = false  - Libcurl will NOT use HTTP proxy
LogInit:  - bDontReuseConnections = false  - Libcurl will reuse connections
LogInit:  - CertBundlePath = nullptr  - Libcurl will use whatever was configured at build time.
LogInit: Presizing for max 8388607 objects, including 0 objects not considered by GC, pre-allocating 0 bytes for permanent pool.
LogInit: Object subsystem initialized
[2016.10.30-16.21.32:476][  0]LogInit: Selected Device Profile: [Windows]
[2016.10.30-16.21.32:476][  0]LogInit: Applying CVar settings loaded from the selected device profile: [Windows]
[2016.10.30-16.21.32:491][  0]LogInit: Computer: DESKTOP-5I3HB32
[2016.10.30-16.21.32:491][  0]LogInit: User: jcy
[2016.10.30-16.21.32:491][  0]LogInit: CPU Page size=65536, Cores=4
[2016.10.30-16.21.32:491][  0]LogInit: High frequency timer resolution =2.533208 MHz
[2016.10.30-16.21.32:491][  0]LogMemory: Memory total: Physical=7.9GB (8GB approx)
[2016.10.30-16.21.32:491][  0]LogMemory: Platform Memory Stats for Windows
[2016.10.30-16.21.32:491][  0]LogMemory: Process Physical Memory: 191.11 MB used, 191.11 MB peak
[2016.10.30-16.21.32:491][  0]LogMemory: Process Virtual Memory: 195.24 MB used, 195.24 MB peak
[2016.10.30-16.21.32:491][  0]LogMemory: Physical Memory: 3776.97 MB used, 8113.86 MB total
[2016.10.30-16.21.32:491][  0]LogMemory: Virtual Memory: 553.27 MB used, 134217728.00 MB total
[2016.10.30-16.21.33:030][  0]LogD3D11RHI: D3D11 adapters:
[2016.10.30-16.21.33:653][  0]LogD3D11RHI:    0. 'NVIDIA GeForce GTX 960M' (Feature Level 11_0)
[2016.10.30-16.21.33:653][  0]LogD3D11RHI:       2018/0/4056 MB DedicatedVideo/DedicatedSystem/SharedSystem, Outputs:2, VendorId:0x10de
[2016.10.30-16.21.33:659][  0]LogD3D11RHI:    1. 'Intel(R) HD Graphics 4600' (Feature Level 11_0)
[2016.10.30-16.21.33:659][  0]LogD3D11RHI:       112/0/2048 MB DedicatedVideo/DedicatedSystem/SharedSystem, Outputs:0, VendorId:0x8086
[2016.10.30-16.21.33:661][  0]LogD3D11RHI:    2. 'Microsoft Basic Render Driver' (Feature Level 11_0)
[2016.10.30-16.21.33:661][  0]LogD3D11RHI:       0/0/4056 MB DedicatedVideo/DedicatedSystem/SharedSystem, Outputs:0, VendorId:0x1414
[2016.10.30-16.21.33:661][  0]LogD3D11RHI: Chosen D3D11 Adapter: 0
[2016.10.30-16.21.33:668][  0]LogD3D11RHI: Creating new Direct3DDevice
[2016.10.30-16.21.33:668][  0]LogD3D11RHI:     GPU DeviceId: 0x139b (for the marketing name, search the web for "GPU Device Id")
[2016.10.30-16.21.33:668][  0]LogWindows: EnumDisplayDevices:
[2016.10.30-16.21.33:668][  0]LogWindows:    0. 'Intel(R) HD Graphics 4600' (P:1 D:1)
[2016.10.30-16.21.33:668][  0]LogWindows:    1. 'Intel(R) HD Graphics 4600' (P:0 D:1)
[2016.10.30-16.21.33:669][  0]LogWindows:    2. 'Intel(R) HD Graphics 4600' (P:0 D:0)
[2016.10.30-16.21.33:669][  0]LogWindows: DebugString: PrimaryIsNotTheChoosenAdapter PrimaryIsNotTheChoosenAdapter PrimaryIsNotTheChoosenAdapter FoundDriverCount:0 
[2016.10.30-16.21.33:669][  0]LogD3D11RHI:     Adapter Name: NVIDIA GeForce GTX 960M
[2016.10.30-16.21.33:669][  0]LogD3D11RHI:   Driver Version: Unknown (internal:Unknown, unified:Unknown)
[2016.10.30-16.21.33:669][  0]LogD3D11RHI:      Driver Date: Unknown
[2016.10.30-16.21.33:669][  0]LogRHI: Texture pool is 1361 MB (70% of 1945 MB)
[2016.10.30-16.21.34:261][  0]LogD3D11RHI: Async texture creation enabled
[2016.10.30-16.21.34:306][  0]LogD3D11RHI: GPU Timing Frequency: 1000.000000 (Debug: 2 1)
[2016.10.30-16.21.34:307][  0]LogShaderCompilers: Guid format shader working directory is -16 characters bigger than the processId version (../../../../../../Users/jcy/Documents/GitHub/UNNAMED/UNNAMED/Intermediate/Shaders/WorkingDirectory/4528/).
[2016.10.30-16.21.34:307][  0]LogShaderCompilers: Cleaned the shader compiler working directory 'C:/Users/jcy/AppData/Local/Temp/UnrealShaderWorkingDir/412514A344B479B2AE3541BC1DC7AA86/'.
[2016.10.30-16.21.34:307][  0]LogShaderCompilers:Display: Using Local Shader Compiler.
[2016.10.30-16.21.35:448][  0]LogTemp:Display: Loaded TP AllDesktopTargetPlatform
[2016.10.30-16.21.35:459][  0]LogTemp:Display: Loaded TP WindowsClientTargetPlatform
[2016.10.30-16.21.35:469][  0]LogTemp:Display: Loaded TP WindowsNoEditorTargetPlatform
[2016.10.30-16.21.35:480][  0]LogTemp:Display: Loaded TP WindowsServerTargetPlatform
[2016.10.30-16.21.35:490][  0]LogTemp:Display: Loaded TP WindowsTargetPlatform
[2016.10.30-16.21.35:504][  0]LogTemp:Display: Loaded TP AndroidTargetPlatform
[2016.10.30-16.21.35:531][  0]LogTemp:Display: Loaded TP Android_ASTCTargetPlatform
[2016.10.30-16.21.35:578][  0]LogTemp:Display: Loaded TP Android_ATCTargetPlatform
[2016.10.30-16.21.35:620][  0]LogTemp:Display: Loaded TP Android_DXTTargetPlatform
[2016.10.30-16.21.35:635][  0]LogTemp:Display: Loaded TP Android_ETC1TargetPlatform
[2016.10.30-16.21.35:683][  0]LogTemp:Display: Loaded TP Android_ETC2TargetPlatform
[2016.10.30-16.21.35:724][  0]LogTemp:Display: Loaded TP Android_MultiTargetPlatform
[2016.10.30-16.21.35:724][  0]LogTemp:Display: Loaded TP Android_PVRTCTargetPlatform
[2016.10.30-16.21.35:746][  0]LogTemp:Display: Loaded TP HTML5TargetPlatform
[2016.10.30-16.21.35:805][  0]LogTemp:Display: Loaded TP IOSTargetPlatform
[2016.10.30-16.21.35:825][  0]LogTemp:Display: Loaded TP TVOSTargetPlatform
[2016.10.30-16.21.35:839][  0]LogTemp:Display: Loaded TP LinuxNoEditorTargetPlatform
[2016.10.30-16.21.35:859][  0]LogTemp:Display: Loaded TP LinuxServerTargetPlatform
[2016.10.30-16.21.35:887][  0]LogTemp:Display: Loaded TP LinuxTargetPlatform
[2016.10.30-16.21.35:887][  0]LogTargetPlatformManager:Display: Building Assets For Windows
[2016.10.30-16.21.35:993][  0]LogDerivedDataCache:Display: Max Cache Size: 512 MB
[2016.10.30-16.21.36:060][  0]LogDerivedDataCache: Loaded boot cache 0.07s 47MB C:/Users/jcy/AppData/Local/UnrealEngine/4.12/DerivedDataCache/Boot.ddc.
[2016.10.30-16.21.36:061][  0]LogDerivedDataCache:Display: Loaded Boot cache: C:/Users/jcy/AppData/Local/UnrealEngine/4.12/DerivedDataCache/Boot.ddc
[2016.10.30-16.21.36:061][  0]LogDerivedDataCache: FDerivedDataBackendGraph:  Pak pak cache file ../../../../../../Users/jcy/Documents/GitHub/UNNAMED/UNNAMED/DerivedDataCache/DDC.ddp not found, will not use a pak cache.
[2016.10.30-16.21.36:061][  0]LogDerivedDataCache: Unable to find inner node Pak for hierarchical cache Hierarchy.
[2016.10.30-16.21.36:061][  0]LogDerivedDataCache: FDerivedDataBackendGraph:  CompressedPak pak cache file ../../../../../../Users/jcy/Documents/GitHub/UNNAMED/UNNAMED/DerivedDataCache/Compressed.ddp not found, will not use a pak cache.
[2016.10.30-16.21.36:061][  0]LogDerivedDataCache: Unable to find inner node CompressedPak for hierarchical cache Hierarchy.
[2016.10.30-16.21.36:082][  0]LogDerivedDataCache:Display: Pak cache opened for reading ../../../Engine/DerivedDataCache/Compressed.ddp.
[2016.10.30-16.21.36:094][  0]LogDerivedDataCache: Using Local data cache path C:/Users/jcy/AppData/Local/UnrealEngine/Common/DerivedDataCache: Writable
[2016.10.30-16.21.36:354][  0]LogInit: Selected Device Profile: [Windows]
[2016.10.30-16.21.36:355][  0]LogContentStreaming: Texture pool size is 0.00 MB
[2016.10.30-16.21.36:587][  0]LogMeshUtilities: No automatic mesh reduction module available
[2016.10.30-16.21.36:587][  0]LogMeshUtilities: No automatic mesh merging module available
[2016.10.30-16.21.36:587][  0]LogMeshUtilities: No distributed automatic mesh merging module available
[2016.10.30-16.21.37:287][  0]LogAssetRegistry: FAssetRegistry took 0.0218 seconds to start up
[2016.10.30-16.21.37:307][  0]LogPackageLocalizationCache: Processed 3 localized package path(s) for 1 prioritized culture(s) in 0.015652 seconds
[2016.10.30-16.21.37:315][  0]LogUObjectArray: 28739 objects as part of root set at end of initial load.
[2016.10.30-16.21.37:315][  0]LogUObjectAllocator: 5855632 out of 0 bytes used by permanent object pool.
[2016.10.30-16.21.37:315][  0]LogUObjectArray: CloseDisregardForGC: 0/0 objects in disregard for GC pool
[2016.10.30-16.21.37:325][  0]LogInit: WinSock: version 1.1 (2.2), MaxSocks=32767, MaxUdp=65467
[2016.10.30-16.21.37:688][  0]LogSlate: SlateFontCache - WITH_FREETYPE: 1, WITH_HARFBUZZ: 1
[2016.10.30-16.21.37:689][  0]LogSlate: SlateFontCache - WITH_FREETYPE: 1, WITH_HARFBUZZ: 1
[2016.10.30-16.21.50:142][  0]LogUdpMessaging: Initializing bridge on interface 0.0.0.0:0 to multicast group 230.0.0.1:6666.
[2016.10.30-16.21.51:737][  0]SourceControl: Info Source control is disabled
[2016.10.30-16.21.51:738][  0]SourceControl: Info Source control is disabled
[2016.10.30-16.21.51:751][  0]SourceControl: Info Source control is disabled
[2016.10.30-16.21.51:763][  0]SourceControl: Info Source control is disabled
[2016.10.30-16.21.52:475][  0]LogEngine: Initializing Engine...
[2016.10.30-16.21.52:476][  0]LogHMD: SteamVR failed to initialize.  Err: 110
[2016.10.30-16.21.52:476][  0]LogHMD: SteamVR failed to initialize.  Err: 110
[2016.10.30-16.21.52:736][  0]LogAIModule: Creating AISystem for world NewWorld
[2016.10.30-16.21.52:742][  0]LogInit: XAudio2 using '스피커(Realtek High Definition Audio)' : 2 channels at 48 kHz using 32 bits per sample (channel mask 0x3)
[2016.10.30-16.21.52:775][  0]LogInit: FAudioDevice initialized.
[2016.10.30-16.21.52:812][  0]LogDerivedDataCache: Saved boot cache 0.04s 48MB C:/Users/jcy/AppData/Local/UnrealEngine/4.12/DerivedDataCache/Boot.ddc.
[2016.10.30-16.21.52:825][  0]LogInit: Texture streaming: Enabled
[2016.10.30-16.21.52:889][  0]LogInit: Transaction tracking system initialized
[2016.10.30-16.21.53:064][  0]BlueprintLog: New page: Editor Load
[2016.10.30-16.21.54:095][  0]LocalizationService: Info Localization service is disabled
[2016.10.30-16.21.54:694][  0]LogConsoleResponse:Display: 
[2016.10.30-16.21.56:210][  0]LogCook:Display: Max memory allowance for cook 8192mb
[2016.10.30-16.21.56:210][  0]LogCook:Display: Mobile HDR setting 1
[2016.10.30-16.21.57:248][  0]LogFileCache: Scanning file cache for directory 'C:/Users/jcy/Documents/GitHub/UNNAMED/UNNAMED/Content/' took 0.02s
[2016.10.30-16.21.57:349][  0]SourceControl: Info Source control is disabled
[2016.10.30-16.21.57:349][  0]Cmd: MAP LOAD FILE="../../../../../../Users/jcy/Documents/GitHub/UNNAMED/UNNAMED/Content/ThirdPersonBP/Maps/ThirdPersonExampleMap.umap" TEMPLATE=0 SHOWPROGRESS=1 FEATURELEVEL=3
[2016.10.30-16.21.57:350][  0]LightingResults: New page: Lighting Build
[2016.10.30-16.21.57:353][  0]MapCheck: New page: Map Check
[2016.10.30-16.21.57:353][  0]LightingResults: New page: Lighting Build
[2016.10.30-16.21.58:346][  0]LogAIModule: Creating AISystem for world ThirdPersonExampleMap
[2016.10.30-16.21.58:394][  0]LogEditorServer: Finished looking for orphan Actors (0.000 secs)
[2016.10.30-16.21.58:394][  0]Cmd: MAP CHECKDEP NOCLEARLOG
[2016.10.30-16.21.58:512][  0]MapCheck: Info Map check complete: 0 Error(s), 0 Warning(s), took 118.079ms to complete.
[2016.10.30-16.21.58:512][  0]LogFileHelpers: Loading map 'ThirdPersonExampleMap' took 1.164
[2016.10.30-16.21.58:728][  0]LogCollectionManager: Loaded 1 collections in 0.003485 seconds
[2016.10.30-16.21.58:776][  0]LogFileCache: Scanning file cache for directory 'C:/Users/jcy/Documents/GitHub/UNNAMED/UNNAMED/Saved/Collections/' took 0.01s
[2016.10.30-16.21.58:776][  0]LogFileCache: Scanning file cache for directory 'C:/Users/jcy/Documents/GitHub/UNNAMED/UNNAMED/Content/Developers/jcy/Collections/' took 0.01s
[2016.10.30-16.21.58:776][  0]LogFileCache: Scanning file cache for directory 'C:/Users/jcy/Documents/GitHub/UNNAMED/UNNAMED/Content/Collections/' took 0.01s
[2016.10.30-16.21.58:776][  0]LogCollectionManager: Rebuilt the GUID cache for 1 collections in 0.000005 seconds
[2016.10.30-16.21.58:776][  0]LogCollectionManager: Rebuilt the hierarchy cache for 1 collections in 0.000000 seconds
[2016.10.30-16.21.58:784][  0]LogContentBrowser: Native class hierarchy populated in 0.0080 seconds. Added 2047 classes and 369 folders.
[2016.10.30-16.21.58:790][  0]LogStats: UGameplayTagsManager::ConstructGameplayTagTree: Construct from data asset -  0.000 s
[2016.10.30-16.21.58:791][  0]LogStats: UGameplayTagsManager::ConstructGameplayTagTree: GameplayTagTreeChangedEvent.Broadcast -  0.000 s
[2016.10.30-16.21.58:791][  0]LogContentBrowser: Native class hierarchy updated for 'GameplayTags' in 0.0005 seconds. Added 12 classes and 0 folders.
[2016.10.30-16.21.58:797][  0]LogContentBrowser: Native class hierarchy updated for 'WidgetCarousel' in 0.0004 seconds. Added 0 classes and 0 folders.
[2016.10.30-16.21.59:773][  0]LogContentBrowser: Native class hierarchy updated for 'AddContentDialog' in 0.0005 seconds. Added 0 classes and 0 folders.
[2016.10.30-16.21.59:843][  0]LogContentBrowser: Native class hierarchy updated for 'SceneOutliner' in 0.0004 seconds. Added 1 classes and 2 folders.
[2016.10.30-16.21.59:933][  0]LogCrashTracker: Crashtracker disabled due to settings.
[2016.10.30-16.21.59:940][  0]LogUObjectGlobals:Warning: Failed to find object 'Class None.'
[2016.10.30-16.22.00:017][  0]LogContentBrowser: Native class hierarchy updated for 'HierarchicalLODOutliner' in 0.0005 seconds. Added 1 classes and 2 folders.
[2016.10.30-16.22.00:018][  0]LogLoad: Full Startup: 28.55 seconds (BP compile: 0.30 seconds)
[2016.10.30-16.22.00:018][  0]LogExternalProfiler: Found external profiler: VSPerf
[2016.10.30-16.22.00:018][  0]LogExternalProfiler: Using external profiler: VSPerf
[2016.10.30-16.22.00:050][  0]LogWindowsTextInputMethodSystem:Display: IME system now activated using TSF (Microsoft 입력기).
[2016.10.30-16.22.00:057][  0]LogOcInput: OculusInput pre-init called
[2016.10.30-16.22.00:082][  0]LogContentStreaming: Texture pool size now 1000 MB
[2016.10.30-16.22.00:384][  0]LogRenderer: Reallocating scene render targets to support 1144x576 (Frame:2).
[2016.10.30-16.22.00:715][  2]LogAssetRegistry: Asset discovery search completed in 23.4495 seconds
[2016.10.30-16.22.00:715][  2]LogCollectionManager: Rebuilt the object cache for 1 collections in 0.000006 seconds (found 0 objects)
[2016.10.30-16.22.00:715][  2]LogCollectionManager: Fixed up redirectors for 1 collections in 0.000024 seconds (updated 0 objects)
[2016.10.30-16.22.01:602][ 14]LogContentBrowser: Native class hierarchy updated for 'BlueprintGraph' in 0.0014 seconds. Added 111 classes and 0 folders.
[2016.10.30-16.29.36:943][ 78]LogBlueprintUserMessages: Early PlayInEditor Detection: Level '/Game/ThirdPersonBP/Maps/ThirdPersonExampleMap.ThirdPersonExampleMap:PersistentLevel' has LevelScriptBlueprint '/Game/ThirdPersonBP/Maps/ThirdPersonExampleMap.ThirdPersonExampleMap:PersistentLevel.ThirdPersonExampleMap' with GeneratedClass '/Game/ThirdPersonBP/Maps/ThirdPersonExampleMap.ThirdPersonExampleMap_C' with ClassGeneratedBy '/Game/ThirdPersonBP/Maps/ThirdPersonExampleMap.ThirdPersonExampleMap:PersistentLevel.ThirdPersonExampleMap'
[2016.10.30-16.29.36:943][ 78]BlueprintLog: New page: Pre-Play auto-recompile
[2016.10.30-16.29.36:972][ 78]LogPlayLevel: [PlayLevel] Compiling ThirdPersonGameMode before play...
[2016.10.30-16.29.37:218][ 78]LogPlayLevel: PlayLevel: Blueprint regeneration took 275 ms (3 blueprints)
[2016.10.30-16.29.37:219][ 78]LogPlayLevel: [PlayLevel] Compiling playercon before play...
[2016.10.30-16.29.37:426][ 78]LogPlayLevel: PlayLevel: Blueprint regeneration took 483 ms (5 blueprints)
[2016.10.30-16.29.37:427][ 78]LogPlayLevel: [PlayLevel] Compiling ThirdPersonCharacter before play...
[2016.10.30-16.29.37:655][ 78]LogPlayLevel: PlayLevel: Blueprint regeneration took 712 ms (6 blueprints)
[2016.10.30-16.29.37:656][ 78]LogPlayLevel: [PlayLevel] Compiling ChattingTXT before play...
[2016.10.30-16.29.37:788][ 78]LogPlayLevel: PlayLevel: Blueprint regeneration took 845 ms (6 blueprints)
[2016.10.30-16.29.37:789][ 78]LogPlayLevel: [PlayLevel] Compiling PHUD before play...
[2016.10.30-16.29.37:934][ 78]LogPlayLevel: PlayLevel: Blueprint regeneration took 991 ms (6 blueprints)
[2016.10.30-16.29.37:935][ 78]LogPlayLevel: [PlayLevel] Compiling observer before play...
[2016.10.30-16.29.38:095][ 78]LogPlayLevel: PlayLevel: Blueprint regeneration took 1152 ms (6 blueprints)
[2016.10.30-16.29.38:264][ 78]PIE: New page: PIE session: ThirdPersonExampleMap (Oct 31, 2016, 10:29:38 AM)
[2016.10.30-16.29.38:264][ 78]LogPlayLevel: Creating play world package: /Game/ThirdPersonBP/Maps/UEDPIE_1_ThirdPersonExampleMap
[2016.10.30-16.29.38:269][ 78]LogPlayLevel: PIE: StaticDuplicateObject took: (0.005246s)
[2016.10.30-16.29.38:270][ 78]LogAIModule: Creating AISystem for world ThirdPersonExampleMap
[2016.10.30-16.29.38:270][ 78]LogPlayLevel: PIE: World Init took: (0.000745s)
[2016.10.30-16.29.38:270][ 78]LogPlayLevel: PIE: Created PIE world by copying editor world from /Game/ThirdPersonBP/Maps/ThirdPersonExampleMap.ThirdPersonExampleMap to /Game/ThirdPersonBP/Maps/UEDPIE_1_ThirdPersonExampleMap.ThirdPersonExampleMap (0.006271s)
[2016.10.30-16.29.38:297][ 78]LogInit: XAudio2 using '스피커(Realtek High Definition Audio)' : 2 channels at 48 kHz using 32 bits per sample (channel mask 0x3)
[2016.10.30-16.29.38:336][ 78]LogInit: FAudioDevice initialized.
[2016.10.30-16.29.38:416][ 78]LogWorld: Game class is 'ThirdPersonGameMode_C'
[2016.10.30-16.29.38:421][ 78]LogWorld: Bringing World /Game/ThirdPersonBP/Maps/UEDPIE_1_ThirdPersonExampleMap.ThirdPersonExampleMap up for play (max tick rate 60) at 2016.10.31-01.29.38
[2016.10.30-16.29.38:421][ 78]LogWorld: Bringing up level for play took: 0.004149
[2016.10.30-16.29.38:430][ 78]LogContentBrowser: Native class hierarchy updated for 'MovieSceneCapture' in 0.0022 seconds. Added 11 classes and 0 folders.
[2016.10.30-16.29.38:434][ 78]LogInit: WinSock: Socket queue 131072 / 131072
[2016.10.30-16.29.38:436][ 78]LogInit: WinSock: I am DESKTOP-5I3HB32 (192.168.0.3:0)
[2016.10.30-16.29.38:437][ 78]PacketHandlerLog: Loaded PacketHandler component: Engine.EngineHandlerComponentFactory (StatelessConnectHandlerComponent)
[2016.10.30-16.29.38:437][ 78]LogNet: GameNetDriver IpNetDriver_0 IpNetDriver listening on port 7777
[2016.10.30-16.29.38:592][ 78]PIE: Info Play in editor start time for /Game/ThirdPersonBP/Maps/UEDPIE_1_ThirdPersonExampleMap 1.233
[2016.10.30-16.29.38:601][ 78]PIE: New page: PIE session: ThirdPersonExampleMap (Oct 31, 2016, 10:29:38 AM)
[2016.10.30-16.29.38:676][ 78]LogNet: Browse: 127.0.0.1//Game/ThirdPersonBP/Maps/ThirdPersonExampleMap
[2016.10.30-16.29.38:676][ 78]LogInit: WinSock: Socket queue 32768 / 32768
[2016.10.30-16.29.38:677][ 78]PacketHandlerLog: Loaded PacketHandler component: Engine.EngineHandlerComponentFactory (StatelessConnectHandlerComponent)
[2016.10.30-16.29.38:677][ 78]LogNet: Game client on port 7777, rate 10000
[2016.10.30-16.29.38:679][ 78]LogNet: GetLocalNetworkVersion: GEngineNetVersion: 3039270, ProjectName: unnamed, ProjectVersion: 1.0.0.0, InternalProtocolVersion: 9, LocalNetworkVersion: 1745645396
[2016.10.30-16.29.38:827][ 78]PIE: Info Play in editor start time for /Game/ThirdPersonBP/Maps/ThirdPersonExampleMap 1.468
[2016.10.30-16.29.38:838][ 78]PIE: New page: PIE session: ThirdPersonExampleMap (Oct 31, 2016, 10:29:38 AM)
[2016.10.30-16.29.38:913][ 78]LogNet: Browse: 127.0.0.1//Game/ThirdPersonBP/Maps/ThirdPersonExampleMap
[2016.10.30-16.29.38:914][ 78]LogInit: WinSock: Socket queue 32768 / 32768
[2016.10.30-16.29.38:916][ 78]PacketHandlerLog: Loaded PacketHandler component: Engine.EngineHandlerComponentFactory (StatelessConnectHandlerComponent)
[2016.10.30-16.29.38:916][ 78]LogNet: Game client on port 7777, rate 10000
[2016.10.30-16.29.38:916][ 78]LogNet: GetLocalNetworkVersion: GEngineNetVersion: 3039270, ProjectName: unnamed, ProjectVersion: 1.0.0.0, InternalProtocolVersion: 9, LocalNetworkVersion: 1745645396
[2016.10.30-16.29.39:073][ 78]PIE: Info Play in editor start time for /Game/ThirdPersonBP/Maps/ThirdPersonExampleMap 1.715
[2016.10.30-16.29.39:083][ 78]PIE: New page: PIE session: ThirdPersonExampleMap (Oct 31, 2016, 10:29:39 AM)
[2016.10.30-16.29.39:161][ 78]LogNet: Browse: 127.0.0.1//Game/ThirdPersonBP/Maps/ThirdPersonExampleMap
[2016.10.30-16.29.39:162][ 78]LogInit: WinSock: Socket queue 32768 / 32768
[2016.10.30-16.29.39:164][ 78]PacketHandlerLog: Loaded PacketHandler component: Engine.EngineHandlerComponentFactory (StatelessConnectHandlerComponent)
[2016.10.30-16.29.39:164][ 78]LogNet: Game client on port 7777, rate 10000
[2016.10.30-16.29.39:164][ 78]LogNet: GetLocalNetworkVersion: GEngineNetVersion: 3039270, ProjectName: unnamed, ProjectVersion: 1.0.0.0, InternalProtocolVersion: 9, LocalNetworkVersion: 1745645396
[2016.10.30-16.29.39:323][ 78]PIE: Info Play in editor start time for /Game/ThirdPersonBP/Maps/ThirdPersonExampleMap 1.965
[2016.10.30-16.29.39:461][ 78]LogBlueprintUserMessages: Late PlayInEditor Detection: Level '/Game/ThirdPersonBP/Maps/ThirdPersonExampleMap.ThirdPersonExampleMap:PersistentLevel' has LevelScriptBlueprint '/Game/ThirdPersonBP/Maps/ThirdPersonExampleMap.ThirdPersonExampleMap:PersistentLevel.ThirdPersonExampleMap' with GeneratedClass '/Game/ThirdPersonBP/Maps/ThirdPersonExampleMap.ThirdPersonExampleMap_C' with ClassGeneratedBy '/Game/ThirdPersonBP/Maps/ThirdPersonExampleMap.ThirdPersonExampleMap:PersistentLevel.ThirdPersonExampleMap'
[2016.10.30-16.29.39:461][ 78]LogNet: NotifyAcceptingConnection: Server ThirdPersonExampleMap accept
[2016.10.30-16.29.39:461][ 78]LogHandshake: SendConnectChallenge. Timestamp: 0.023440, Cookie: 252223077129255166098228223046075138236168092168188050135078
[2016.10.30-16.29.39:462][ 78]LogNet: NotifyAcceptingConnection: Server ThirdPersonExampleMap accept
[2016.10.30-16.29.39:462][ 78]LogNet: NotifyAcceptingConnection: Server ThirdPersonExampleMap accept
[2016.10.30-16.29.39:462][ 78]LogHandshake: SendConnectChallenge. Timestamp: 0.023440, Cookie: 112182135077084129129202219141210093137144162208116060159111
[2016.10.30-16.29.39:462][ 78]LogNet: NotifyAcceptingConnection: Server ThirdPersonExampleMap accept
[2016.10.30-16.29.39:462][ 78]LogNet: NotifyAcceptingConnection: Server ThirdPersonExampleMap accept
[2016.10.30-16.29.39:462][ 78]LogHandshake: SendConnectChallenge. Timestamp: 0.023440, Cookie: 145123107117154002021024044059159112032147108242136100026125
[2016.10.30-16.29.39:462][ 78]LogNet: NotifyAcceptingConnection: Server ThirdPersonExampleMap accept
[2016.10.30-16.29.39:471][ 78]LogHandshake: SendChallengeResponse. Timestamp: 0.023440, Cookie: 252223077129255166098228223046075138236168092168188050135078
[2016.10.30-16.29.39:472][ 78]LogHandshake: SendChallengeResponse. Timestamp: 0.023440, Cookie: 112182135077084129129202219141210093137144162208116060159111
[2016.10.30-16.29.39:472][ 78]LogHandshake: SendChallengeResponse. Timestamp: 0.023440, Cookie: 145123107117154002021024044059159112032147108242136100026125
[2016.10.30-16.29.39:713][ 78]LogRenderer: Reallocating scene render targets to support 1292x756 (Frame:5).
[2016.10.30-16.29.39:880][ 79]LogNet: NotifyAcceptingConnection: Server ThirdPersonExampleMap accept
[2016.10.30-16.29.39:880][ 79]LogNet: Server accepting post-challenge connection from: 127.0.0.1:56131
[2016.10.30-16.29.39:881][ 79]PacketHandlerLog: Loaded PacketHandler component: Engine.EngineHandlerComponentFactory (StatelessConnectHandlerComponent)
[2016.10.30-16.29.39:881][ 79]LogNet: NotifyAcceptedConnection: Name: ThirdPersonExampleMap, TimeStamp: 10/31/16 01:29:39, [UNetConnection] RemoteAddr: 127.0.0.1:56131, Name: IpConnection_3, Driver: GameNetDriver IpNetDriver_0, IsServer: YES, PC: NULL, Owner: NULL
[2016.10.30-16.29.39:881][ 79]LogNet: AddClientConnection: Added client connection: [UNetConnection] RemoteAddr: 127.0.0.1:56131, Name: IpConnection_3, Driver: GameNetDriver IpNetDriver_0, IsServer: YES, PC: NULL, Owner: NULL
[2016.10.30-16.29.39:881][ 79]LogNet: NotifyAcceptingConnection: Server ThirdPersonExampleMap accept
[2016.10.30-16.29.39:882][ 79]LogNet: Server accepting post-challenge connection from: 127.0.0.1:56132
[2016.10.30-16.29.39:882][ 79]PacketHandlerLog: Loaded PacketHandler component: Engine.EngineHandlerComponentFactory (StatelessConnectHandlerComponent)
[2016.10.30-16.29.39:882][ 79]LogNet: NotifyAcceptedConnection: Name: ThirdPersonExampleMap, TimeStamp: 10/31/16 01:29:39, [UNetConnection] RemoteAddr: 127.0.0.1:56132, Name: IpConnection_4, Driver: GameNetDriver IpNetDriver_0, IsServer: YES, PC: NULL, Owner: NULL
[2016.10.30-16.29.39:882][ 79]LogNet: AddClientConnection: Added client connection: [UNetConnection] RemoteAddr: 127.0.0.1:56132, Name: IpConnection_4, Driver: GameNetDriver IpNetDriver_0, IsServer: YES, PC: NULL, Owner: NULL
[2016.10.30-16.29.39:882][ 79]LogNet: NotifyAcceptingConnection: Server ThirdPersonExampleMap accept
[2016.10.30-16.29.39:882][ 79]LogNet: Server accepting post-challenge connection from: 127.0.0.1:56134
[2016.10.30-16.29.39:883][ 79]PacketHandlerLog: Loaded PacketHandler component: Engine.EngineHandlerComponentFactory (StatelessConnectHandlerComponent)
[2016.10.30-16.29.39:883][ 79]LogNet: NotifyAcceptedConnection: Name: ThirdPersonExampleMap, TimeStamp: 10/31/16 01:29:39, [UNetConnection] RemoteAddr: 127.0.0.1:56134, Name: IpConnection_5, Driver: GameNetDriver IpNetDriver_0, IsServer: YES, PC: NULL, Owner: NULL
[2016.10.30-16.29.39:883][ 79]LogNet: AddClientConnection: Added client connection: [UNetConnection] RemoteAddr: 127.0.0.1:56134, Name: IpConnection_5, Driver: GameNetDriver IpNetDriver_0, IsServer: YES, PC: NULL, Owner: NULL
[2016.10.30-16.29.39:951][ 80]LogNet: NotifyAcceptingChannel Control 0 server World /Game/ThirdPersonBP/Maps/UEDPIE_1_ThirdPersonExampleMap.ThirdPersonExampleMap: Accepted
[2016.10.30-16.29.39:951][ 80]LogNet: Remote platform little endian=1
[2016.10.30-16.29.39:951][ 80]LogNet: This platform little endian=1
[2016.10.30-16.29.39:952][ 80]LogNet: GetLocalNetworkVersion: GEngineNetVersion: 3039270, ProjectName: unnamed, ProjectVersion: 1.0.0.0, InternalProtocolVersion: 9, LocalNetworkVersion: 1745645396
[2016.10.30-16.29.39:952][ 80]LogNet: NotifyAcceptingChannel Control 0 server World /Game/ThirdPersonBP/Maps/UEDPIE_1_ThirdPersonExampleMap.ThirdPersonExampleMap: Accepted
[2016.10.30-16.29.39:952][ 80]LogNet: Remote platform little endian=1
[2016.10.30-16.29.39:952][ 80]LogNet: This platform little endian=1
[2016.10.30-16.29.39:952][ 80]LogNet: GetLocalNetworkVersion: GEngineNetVersion: 3039270, ProjectName: unnamed, ProjectVersion: 1.0.0.0, InternalProtocolVersion: 9, LocalNetworkVersion: 1745645396
[2016.10.30-16.29.39:952][ 80]LogNet: NotifyAcceptingChannel Control 0 server World /Game/ThirdPersonBP/Maps/UEDPIE_1_ThirdPersonExampleMap.ThirdPersonExampleMap: Accepted
[2016.10.30-16.29.39:952][ 80]LogNet: Remote platform little endian=1
[2016.10.30-16.29.39:952][ 80]LogNet: This platform little endian=1
[2016.10.30-16.29.39:952][ 80]LogNet: GetLocalNetworkVersion: GEngineNetVersion: 3039270, ProjectName: unnamed, ProjectVersion: 1.0.0.0, InternalProtocolVersion: 9, LocalNetworkVersion: 1745645396
[2016.10.30-16.29.40:031][ 81]LogNet: Login request: /Game/ThirdPersonBP/Maps/ThirdPersonExampleMap userId: Invalid
[2016.10.30-16.29.40:031][ 81]LogNet: Login request: /Game/ThirdPersonBP/Maps/ThirdPersonExampleMap userId: Invalid
[2016.10.30-16.29.40:031][ 81]LogNet: Login request: /Game/ThirdPersonBP/Maps/ThirdPersonExampleMap userId: Invalid
[2016.10.30-16.29.40:032][ 81]LogNet: Welcomed by server (Level: /Game/ThirdPersonBP/Maps/UEDPIE_1_ThirdPersonExampleMap, Game: /Game/ThirdPersonBP/Blueprints/ThirdPersonGameMode.ThirdPersonGameMode_C)
[2016.10.30-16.29.40:050][ 81]LogLoad: LoadMap: 127.0.0.1//Game/ThirdPersonBP/Maps/UEDPIE_1_ThirdPersonExampleMap?game=/Game/ThirdPersonBP/Blueprints/ThirdPersonGameMode.ThirdPersonGameMode_C
[2016.10.30-16.29.40:084][ 81]Cmd: MEM
[2016.10.30-16.29.40:117][ 81]LogMemory: Platform Memory Stats for Windows
[2016.10.30-16.29.40:117][ 81]LogMemory: Process Physical Memory: 1056.82 MB used, 1056.82 MB peak
[2016.10.30-16.29.40:117][ 81]LogMemory: Process Virtual Memory: 1896.43 MB used, 1896.43 MB peak
[2016.10.30-16.29.40:117][ 81]LogMemory: Physical Memory: 4637.40 MB used, 8113.86 MB total
[2016.10.30-16.29.40:117][ 81]LogMemory: Virtual Memory: 2637.00 MB used, 134217728.00 MB total
[2016.10.30-16.29.40:117][ 81]LogMemory: 
[2016.10.30-16.29.40:117][ 81]Allocator Stats for TBB: (not implemented)
[2016.10.30-16.29.40:122][ 81]LogWorld: PIE: Copying PIE streaming level from /Game/ThirdPersonBP/Maps/ThirdPersonExampleMap.ThirdPersonExampleMap to /Game/ThirdPersonBP/Maps/UEDPIE_2_ThirdPersonExampleMap.ThirdPersonExampleMap. OwningWorld: None
[2016.10.30-16.29.40:123][ 81]LogAIModule: Creating AISystem for world ThirdPersonExampleMap
[2016.10.30-16.29.40:133][ 81]LogWorld: Bringing World /Game/ThirdPersonBP/Maps/UEDPIE_2_ThirdPersonExampleMap.ThirdPersonExampleMap up for play (max tick rate 60) at 2016.10.31-01.29.40
[2016.10.30-16.29.40:133][ 81]LogWorld: Bringing up level for play took: 0.009067
[2016.10.30-16.29.40:134][ 81]LogLoad: Took 0.082773 seconds to LoadMap(/Game/ThirdPersonBP/Maps/UEDPIE_1_ThirdPersonExampleMap)
[2016.10.30-16.29.40:134][ 81]LogNet: Welcomed by server (Level: /Game/ThirdPersonBP/Maps/UEDPIE_1_ThirdPersonExampleMap, Game: /Game/ThirdPersonBP/Blueprints/ThirdPersonGameMode.ThirdPersonGameMode_C)
[2016.10.30-16.29.40:154][ 81]LogLoad: LoadMap: 127.0.0.1//Game/ThirdPersonBP/Maps/UEDPIE_1_ThirdPersonExampleMap?game=/Game/ThirdPersonBP/Blueprints/ThirdPersonGameMode.ThirdPersonGameMode_C
[2016.10.30-16.29.40:184][ 81]Cmd: MEM
[2016.10.30-16.29.40:219][ 81]LogMemory: Platform Memory Stats for Windows
[2016.10.30-16.29.40:219][ 81]LogMemory: Process Physical Memory: 1069.31 MB used, 1072.86 MB peak
[2016.10.30-16.29.40:219][ 81]LogMemory: Process Virtual Memory: 1899.21 MB used, 1902.28 MB peak
[2016.10.30-16.29.40:219][ 81]LogMemory: Physical Memory: 4654.71 MB used, 8113.86 MB total
[2016.10.30-16.29.40:219][ 81]LogMemory: Virtual Memory: 2653.00 MB used, 134217728.00 MB total
[2016.10.30-16.29.40:219][ 81]LogMemory: 
[2016.10.30-16.29.40:219][ 81]Allocator Stats for TBB: (not implemented)
[2016.10.30-16.29.40:224][ 81]LogWorld: PIE: Copying PIE streaming level from /Game/ThirdPersonBP/Maps/ThirdPersonExampleMap.ThirdPersonExampleMap to /Game/ThirdPersonBP/Maps/UEDPIE_3_ThirdPersonExampleMap.ThirdPersonExampleMap. OwningWorld: None
[2016.10.30-16.29.40:225][ 81]LogAIModule: Creating AISystem for world ThirdPersonExampleMap
[2016.10.30-16.29.40:235][ 81]LogWorld: Bringing World /Game/ThirdPersonBP/Maps/UEDPIE_3_ThirdPersonExampleMap.ThirdPersonExampleMap up for play (max tick rate 60) at 2016.10.31-01.29.40
[2016.10.30-16.29.40:236][ 81]LogWorld: Bringing up level for play took: 0.009668
[2016.10.30-16.29.40:237][ 81]LogLoad: Took 0.082748 seconds to LoadMap(/Game/ThirdPersonBP/Maps/UEDPIE_1_ThirdPersonExampleMap)
[2016.10.30-16.29.40:238][ 81]LogNet: Welcomed by server (Level: /Game/ThirdPersonBP/Maps/UEDPIE_1_ThirdPersonExampleMap, Game: /Game/ThirdPersonBP/Blueprints/ThirdPersonGameMode.ThirdPersonGameMode_C)
[2016.10.30-16.29.40:276][ 81]LogLoad: LoadMap: 127.0.0.1//Game/ThirdPersonBP/Maps/UEDPIE_1_ThirdPersonExampleMap?game=/Game/ThirdPersonBP/Blueprints/ThirdPersonGameMode.ThirdPersonGameMode_C
[2016.10.30-16.29.40:299][ 81]Cmd: MEM
[2016.10.30-16.29.40:323][ 81]LogMemory: Platform Memory Stats for Windows
[2016.10.30-16.29.40:323][ 81]LogMemory: Process Physical Memory: 1088.30 MB used, 1088.30 MB peak
[2016.10.30-16.29.40:323][ 81]LogMemory: Process Virtual Memory: 1899.21 MB used, 1902.28 MB peak
[2016.10.30-16.29.40:323][ 81]LogMemory: Physical Memory: 4673.33 MB used, 8113.86 MB total
[2016.10.30-16.29.40:324][ 81]LogMemory: Virtual Memory: 2653.00 MB used, 134217728.00 MB total
[2016.10.30-16.29.40:324][ 81]LogMemory: 
[2016.10.30-16.29.40:324][ 81]Allocator Stats for TBB: (not implemented)
[2016.10.30-16.29.40:329][ 81]LogWorld: PIE: Copying PIE streaming level from /Game/ThirdPersonBP/Maps/ThirdPersonExampleMap.ThirdPersonExampleMap to /Game/ThirdPersonBP/Maps/UEDPIE_4_ThirdPersonExampleMap.ThirdPersonExampleMap. OwningWorld: None
[2016.10.30-16.29.40:329][ 81]LogAIModule: Creating AISystem for world ThirdPersonExampleMap
[2016.10.30-16.29.40:338][ 81]LogWorld: Bringing World /Game/ThirdPersonBP/Maps/UEDPIE_4_ThirdPersonExampleMap.ThirdPersonExampleMap up for play (max tick rate 60) at 2016.10.31-01.29.40
[2016.10.30-16.29.40:339][ 81]LogWorld: Bringing up level for play took: 0.008664
[2016.10.30-16.29.40:341][ 81]LogLoad: Took 0.064858 seconds to LoadMap(/Game/ThirdPersonBP/Maps/UEDPIE_1_ThirdPersonExampleMap)
[2016.10.30-16.29.40:378][ 82]LogNet: Client netspeed is 10000
[2016.10.30-16.29.40:378][ 82]LogNet: Join request: /Game/ThirdPersonBP/Maps/ThirdPersonExampleMap?SplitscreenCount=1
[2016.10.30-16.29.40:383][ 82]LogNet: Join succeeded: 257
[2016.10.30-16.29.40:384][ 82]LogNet: Client netspeed is 10000
[2016.10.30-16.29.40:384][ 82]LogNet: Join request: /Game/ThirdPersonBP/Maps/ThirdPersonExampleMap?SplitscreenCount=1
[2016.10.30-16.29.40:388][ 82]LogNet: Join succeeded: 258
[2016.10.30-16.29.40:388][ 82]LogNet: Client netspeed is 10000
[2016.10.30-16.29.40:388][ 82]LogNet: Join request: /Game/ThirdPersonBP/Maps/ThirdPersonExampleMap?SplitscreenCount=1
[2016.10.30-16.29.40:396][ 82]LogScriptCore:Warning: Attempted to get an item from array CallFunc_GetAllActorsOfClass_OutActors2 out of bounds [7/6]!

[2016.10.30-16.29.40:396][ 82]LogScript:Warning: Accessed None trying to read property CallFunc_Array_Get_Item
	ThirdPersonGameMode_C /Game/ThirdPersonBP/Maps/UEDPIE_1_ThirdPersonExampleMap.ThirdPersonExampleMap:PersistentLevel.ThirdPersonGameMode_C_0
	Function /Game/ThirdPersonBP/Blueprints/ThirdPersonGameMode.ThirdPersonGameMode_C:ExecuteUbergraph_ThirdPersonGameMode:0673
[2016.10.30-16.29.40:397][ 82]PIE:Error: Error Blueprint Runtime Error: Accessed None trying to read property CallFunc_Array_Get_Item from function: 'ExecuteUbergraph_ThirdPersonGameMode' from node: SpawnActor Third Person Character in graph: EventGraph in object: ThirdPersonGameMode with description: Accessed None trying to read property CallFunc_Array_Get_Item
[2016.10.30-16.29.40:398][ 82]LogScriptCore:Warning: Attempted to get an item from array CallFunc_GetAllActorsOfClass_OutActors2 out of bounds [7/6]!

[2016.10.30-16.29.40:398][ 82]LogScript:Warning: Accessed None trying to read property CallFunc_Array_Get_Item
	ThirdPersonGameMode_C /Game/ThirdPersonBP/Maps/UEDPIE_1_ThirdPersonExampleMap.ThirdPersonExampleMap:PersistentLevel.ThirdPersonGameMode_C_0
	Function /Game/ThirdPersonBP/Blueprints/ThirdPersonGameMode.ThirdPersonGameMode_C:ExecuteUbergraph_ThirdPersonGameMode:0722
[2016.10.30-16.29.40:398][ 82]PIE:Error: Error Blueprint Runtime Error: Accessed None trying to read property CallFunc_Array_Get_Item from function: 'ExecuteUbergraph_ThirdPersonGameMode' from node: SpawnActor Third Person Character in graph: EventGraph in object: ThirdPersonGameMode with description: Accessed None trying to read property CallFunc_Array_Get_Item
[2016.10.30-16.29.40:399][ 82]LogNet: Join succeeded: 259
[2016.10.30-16.29.42:892][129]LogBlueprintUserMessages: [ThirdPersonGameMode_C_0] Server: 플레이어가 나갔습니다
[2016.10.30-16.29.42:892][129]LogBlueprintUserMessages: [ThirdPersonGameMode_C_0] Server: 10
[2016.10.30-16.29.42:895][129]LogBlueprintUserMessages: Early EndPlayMap Detection: Level '/Game/ThirdPersonBP/Maps/ThirdPersonExampleMap.ThirdPersonExampleMap:PersistentLevel' has LevelScriptBlueprint '/Game/ThirdPersonBP/Maps/ThirdPersonExampleMap.ThirdPersonExampleMap:PersistentLevel.ThirdPersonExampleMap' with GeneratedClass '/Game/ThirdPersonBP/Maps/ThirdPersonExampleMap.ThirdPersonExampleMap_C' with ClassGeneratedBy '/Game/ThirdPersonBP/Maps/ThirdPersonExampleMap.ThirdPersonExampleMap:PersistentLevel.ThirdPersonExampleMap'
[2016.10.30-16.29.43:145][129]LogBlueprintUserMessages: Late EndPlayMap Detection: Level '/Game/ThirdPersonBP/Maps/ThirdPersonExampleMap.ThirdPersonExampleMap:PersistentLevel' has LevelScriptBlueprint '/Game/ThirdPersonBP/Maps/ThirdPersonExampleMap.ThirdPersonExampleMap:PersistentLevel.ThirdPersonExampleMap' with GeneratedClass '/Game/ThirdPersonBP/Maps/ThirdPersonExampleMap.ThirdPersonExampleMap_C' with ClassGeneratedBy '/Game/ThirdPersonBP/Maps/ThirdPersonExampleMap.ThirdPersonExampleMap:PersistentLevel.ThirdPersonExampleMap'
[2016.10.30-16.29.43:181][129]LogNet: UChannel::CleanUp: ChIndex == 0. Closing connection. [UChannel] ChIndex: 0, Closing: 0 [UNetConnection] RemoteAddr: 127.0.0.1:56134, Name: IpConnection_5, Driver: GameNetDriver IpNetDriver_0, IsServer: YES, PC: None, Owner: None
[2016.10.30-16.29.43:181][129]LogNet: UNetConnection::Close: [UNetConnection] RemoteAddr: 127.0.0.1:56134, Name: IpConnection_5, Driver: GameNetDriver IpNetDriver_0, IsServer: YES, PC: None, Owner: None, Channels: 2, Time: 2016.10.30-16.29.43
[2016.10.30-16.29.43:181][129]LogNet: UChannel::Close: Sending CloseBunch. ChIndex == 0. Name: [UChannel] ChIndex: 0, Closing: 0 [UNetConnection] RemoteAddr: 127.0.0.1:56134, Name: IpConnection_5, Driver: GameNetDriver IpNetDriver_0, IsServer: YES, PC: None, Owner: None
[2016.10.30-16.29.43:181][129]LogNet: UChannel::CleanUp: ChIndex == 0. Closing connection. [UChannel] ChIndex: 0, Closing: 0 [UNetConnection] RemoteAddr: 127.0.0.1:56132, Name: IpConnection_4, Driver: GameNetDriver IpNetDriver_0, IsServer: YES, PC: None, Owner: None
[2016.10.30-16.29.43:181][129]LogNet: UNetConnection::Close: [UNetConnection] RemoteAddr: 127.0.0.1:56132, Name: IpConnection_4, Driver: GameNetDriver IpNetDriver_0, IsServer: YES, PC: None, Owner: None, Channels: 2, Time: 2016.10.30-16.29.43
[2016.10.30-16.29.43:181][129]LogNet: UChannel::Close: Sending CloseBunch. ChIndex == 0. Name: [UChannel] ChIndex: 0, Closing: 0 [UNetConnection] RemoteAddr: 127.0.0.1:56132, Name: IpConnection_4, Driver: GameNetDriver IpNetDriver_0, IsServer: YES, PC: None, Owner: None
[2016.10.30-16.29.43:181][129]LogNet: UChannel::CleanUp: ChIndex == 0. Closing connection. [UChannel] ChIndex: 0, Closing: 0 [UNetConnection] RemoteAddr: 127.0.0.1:56131, Name: IpConnection_3, Driver: GameNetDriver IpNetDriver_0, IsServer: YES, PC: None, Owner: None
[2016.10.30-16.29.43:181][129]LogNet: UNetConnection::Close: [UNetConnection] RemoteAddr: 127.0.0.1:56131, Name: IpConnection_3, Driver: GameNetDriver IpNetDriver_0, IsServer: YES, PC: None, Owner: None, Channels: 2, Time: 2016.10.30-16.29.43
[2016.10.30-16.29.43:182][129]LogNet: UChannel::Close: Sending CloseBunch. ChIndex == 0. Name: [UChannel] ChIndex: 0, Closing: 0 [UNetConnection] RemoteAddr: 127.0.0.1:56131, Name: IpConnection_3, Driver: GameNetDriver IpNetDriver_0, IsServer: YES, PC: None, Owner: None
[2016.10.30-16.29.43:182][129]LogNet: UChannel::CleanUp: ChIndex == 0. Closing connection. [UChannel] ChIndex: 0, Closing: 0 [UNetConnection] RemoteAddr: 127.0.0.1:7777, Name: IpConnection_2, Driver: GameNetDriver IpNetDriver_3, IsServer: NO, PC: None, Owner: None
[2016.10.30-16.29.43:182][129]LogNet: UNetConnection::Close: [UNetConnection] RemoteAddr: 127.0.0.1:7777, Name: IpConnection_2, Driver: GameNetDriver IpNetDriver_3, IsServer: NO, PC: None, Owner: None, Channels: 2, Time: 2016.10.30-16.29.43
[2016.10.30-16.29.43:182][129]LogNet: UChannel::Close: Sending CloseBunch. ChIndex == 0. Name: [UChannel] ChIndex: 0, Closing: 0 [UNetConnection] RemoteAddr: 127.0.0.1:7777, Name: IpConnection_2, Driver: GameNetDriver IpNetDriver_3, IsServer: NO, PC: None, Owner: None
[2016.10.30-16.29.43:182][129]LogNet: UChannel::CleanUp: ChIndex == 0. Closing connection. [UChannel] ChIndex: 0, Closing: 0 [UNetConnection] RemoteAddr: 127.0.0.1:7777, Name: IpConnection_1, Driver: GameNetDriver IpNetDriver_2, IsServer: NO, PC: None, Owner: None
[2016.10.30-16.29.43:182][129]LogNet: UNetConnection::Close: [UNetConnection] RemoteAddr: 127.0.0.1:7777, Name: IpConnection_1, Driver: GameNetDriver IpNetDriver_2, IsServer: NO, PC: None, Owner: None, Channels: 2, Time: 2016.10.30-16.29.43
[2016.10.30-16.29.43:182][129]LogNet: UChannel::Close: Sending CloseBunch. ChIndex == 0. Name: [UChannel] ChIndex: 0, Closing: 0 [UNetConnection] RemoteAddr: 127.0.0.1:7777, Name: IpConnection_1, Driver: GameNetDriver IpNetDriver_2, IsServer: NO, PC: None, Owner: None
[2016.10.30-16.29.43:182][129]LogNet: UChannel::CleanUp: ChIndex == 0. Closing connection. [UChannel] ChIndex: 0, Closing: 0 [UNetConnection] RemoteAddr: 127.0.0.1:7777, Name: IpConnection_0, Driver: GameNetDriver IpNetDriver_1, IsServer: NO, PC: None, Owner: None
[2016.10.30-16.29.43:182][129]LogNet: UNetConnection::Close: [UNetConnection] RemoteAddr: 127.0.0.1:7777, Name: IpConnection_0, Driver: GameNetDriver IpNetDriver_1, IsServer: NO, PC: None, Owner: None, Channels: 2, Time: 2016.10.30-16.29.43
[2016.10.30-16.29.43:182][129]LogNet: UChannel::Close: Sending CloseBunch. ChIndex == 0. Name: [UChannel] ChIndex: 0, Closing: 0 [UNetConnection] RemoteAddr: 127.0.0.1:7777, Name: IpConnection_0, Driver: GameNetDriver IpNetDriver_1, IsServer: NO, PC: None, Owner: None
[2016.10.30-16.29.43:193][129]LogExit: GameNetDriver None shut down
[2016.10.30-16.29.43:193][129]LogExit: GameNetDriver None shut down
[2016.10.30-16.29.43:194][129]LogExit: GameNetDriver None shut down
[2016.10.30-16.29.43:194][129]LogExit: GameNetDriver None shut down
[2016.10.30-16.32.02:375][294]LogEditorViewport: Clicking on Actor (LMB): StaticMeshActor (test)
[2016.10.30-16.32.06:142][305]LogEditorViewport: Clicking on Actor (LMB): StaticMeshActor (test)
[2016.10.30-16.32.07:541][309]LogFileHelpers: Editor autosave (incl. sublevels) for '/Game/ThirdPersonBP/Maps/ThirdPersonExampleMap' took 0.023
[2016.10.30-16.32.07:545][309]OBJ SavePackage: Generating thumbnails for [0] asset(s) in package [/Game/ThirdPersonBP/Blueprints/ThirdPersonGameMode] ([1] browsable assets)...
[2016.10.30-16.32.07:545][309]OBJ SavePackage: Finished generating thumbnails for package [/Game/ThirdPersonBP/Blueprints/ThirdPersonGameMode]
[2016.10.30-16.32.07:940][309]LogSavePackage: Save=113.97ms
[2016.10.30-16.32.07:940][309]LogSavePackage: Moving '../../../../../../Users/jcy/Documents/GitHub/UNNAMED/UNNAMED/Saved/ThirdPersonGameMode_Auto15692DB464B741BE4ED59E9B9ECA97600.tmp' to '../../../../../../Users/jcy/Documents/GitHub/UNNAMED/UNNAMED/Saved/Autosaves/Game/ThirdPersonBP/Blueprints/ThirdPersonGameMode_Auto1.uasset'
[2016.10.30-16.32.07:957][309]LogSavePackage:Display: Finished SavePackage ../../../../../../Users/jcy/Documents/GitHub/UNNAMED/UNNAMED/Saved/Autosaves/Game/ThirdPersonBP/Blueprints/ThirdPersonGameMode_Auto1.uasset
[2016.10.30-16.32.07:958][309]LogFileHelpers: Auto-saving content packages took 0.416
[2016.10.30-16.37.18:427][634]BlueprintLog: New page: Compile ThirdPersonGameMode
[2016.10.30-16.37.18:605][634]BlueprintEditorCompileResults: Info [0947.14] Compile of ThirdPersonGameMode successful! [in 177 ms] (/Game/ThirdPersonBP/Blueprints/ThirdPersonGameMode.ThirdPersonGameMode)
[2016.10.30-16.37.19:688][674]LogSavePackage: Save=100.26ms
[2016.10.30-16.37.19:688][674]LogSavePackage: Moving '../../../../../../Users/jcy/Documents/GitHub/UNNAMED/UNNAMED/Saved/ThirdPersonGameModeEC8B744B4B64E56459028D8C1DB6D487.tmp' to '../../../../../../Users/jcy/Documents/GitHub/UNNAMED/UNNAMED/Content/ThirdPersonBP/Blueprints/ThirdPersonGameMode.uasset'
[2016.10.30-16.37.19:717][674]LogSavePackage:Display: Finished SavePackage ../../../../../../Users/jcy/Documents/GitHub/UNNAMED/UNNAMED/Content/ThirdPersonBP/Blueprints/ThirdPersonGameMode.uasset
[2016.10.30-16.37.22:894][797]LogWindowsTextInputMethodSystem:Display: IME system now activated using TSF (Microsoft 입력기).
[2016.10.30-16.37.23:207][798]Cmd: QUIT_EDITOR
[2016.10.30-16.37.23:606][798]LogExit: Preparing to exit.
[2016.10.30-16.37.24:916][798]LogExit: Editor shut down
[2016.10.30-16.37.24:917][798]LogExit: Transaction tracking system shut down
[2016.10.30-16.37.25:092][798]LogObj: Freed 0b from 0 cluster array pools.
[2016.10.30-16.37.25:093][798]LogExit: Object subsystem successfully closed.
[2016.10.30-16.37.25:111][798]LogD3D11RHI: Shutdown
[2016.10.30-16.37.25:111][798]LogD3D11RHI: CleanupD3DDevice
[2016.10.30-16.37.25:198][798]LogD3D11RHI: ~FD3D11DynamicRHI
[2016.10.30-16.37.25:223][798]LogModuleManager: Shutting down and abandoning module MovieSceneCapture (215)
[2016.10.30-16.37.25:223][798]LogModuleManager: Shutting down and abandoning module BlueprintGraph (214)
[2016.10.30-16.37.25:223][798]LogModuleManager: Shutting down and abandoning module HierarchicalLODOutliner (213)
[2016.10.30-16.37.25:223][798]LogModuleManager: Shutting down and abandoning module CrashTracker (212)
[2016.10.30-16.37.25:223][798]LogModuleManager: Shutting down and abandoning module SceneOutliner (211)
[2016.10.30-16.37.25:223][798]LogModuleManager: Shutting down and abandoning module WidgetCarousel (210)
[2016.10.30-16.37.25:223][798]LogModuleManager: Shutting down and abandoning module AddContentDialog (209)
[2016.10.30-16.37.25:227][798]LogModuleManager: Shutting down and abandoning module GameplayTags (208)
[2016.10.30-16.37.25:227][798]LogModuleManager: Shutting down and abandoning module EditorWidgets (207)
[2016.10.30-16.37.25:227][798]LogModuleManager: Shutting down and abandoning module CollectionManager (206)
[2016.10.30-16.37.25:227][798]LogModuleManager: Shutting down and abandoning module StatsViewer (205)
[2016.10.30-16.37.25:227][798]LogModuleManager: Shutting down and abandoning module FoliageEdit (204)
[2016.10.30-16.37.25:227][798]LogModuleManager: Shutting down and abandoning module LandscapeEditor (203)
[2016.10.30-16.37.25:228][798]LogModuleManager: Shutting down and abandoning module SceneDepthPickerMode (202)
[2016.10.30-16.37.25:228][798]LogModuleManager: Shutting down and abandoning module ActorPickerMode (201)
[2016.10.30-16.37.25:228][798]LogModuleManager: Shutting down and abandoning module GeometryMode (200)
[2016.10.30-16.37.25:228][798]LogModuleManager: Shutting down and abandoning module TextureAlignMode (199)
[2016.10.30-16.37.25:228][798]LogModuleManager: Shutting down and abandoning module BspMode (198)
[2016.10.30-16.37.25:228][798]LogModuleManager: Shutting down and abandoning module HardwareSurvey (197)
[2016.10.30-16.37.25:228][798]LogModuleManager: Shutting down and abandoning module SequenceRecorderSections (196)
[2016.10.30-16.37.25:228][798]LogModuleManager: Shutting down and abandoning module SequenceRecorder (195)
[2016.10.30-16.37.25:228][798]LogModuleManager: Shutting down and abandoning module AutomationWorker (194)
[2016.10.30-16.37.25:228][798]LogModuleManager: Shutting down and abandoning module MatineeToLevelSequence (193)
[2016.10.30-16.37.25:228][798]LogModuleManager: Shutting down and abandoning module PlacementMode (192)
[2016.10.30-16.37.25:228][798]LogModuleManager: Shutting down and abandoning module LevelSequenceEditor (191)
[2016.10.30-16.37.25:228][798]LogModuleManager: Shutting down and abandoning module CharacterAI (190)
[2016.10.30-16.37.25:228][798]LogModuleManager: Shutting down and abandoning module SmartSnapping (189)
[2016.10.30-16.37.25:228][798]LogModuleManager: Shutting down and abandoning module SessionServices (188)
[2016.10.30-16.37.25:228][798]LogModuleManager: Shutting down and abandoning module ViewportSnapping (187)
[2016.10.30-16.37.25:228][798]LogModuleManager: Shutting down and abandoning module LogVisualizer (186)
[2016.10.30-16.37.25:228][798]LogModuleManager: Shutting down and abandoning module GameProjectGeneration (185)
[2016.10.30-16.37.25:228][798]LogModuleManager: Shutting down and abandoning module IntroTutorials (184)
[2016.10.30-16.37.25:228][798]LogModuleManager: Shutting down and abandoning module EditorLiveStreaming (183)
[2016.10.30-16.37.25:228][798]LogModuleManager: Shutting down and abandoning module IOSPlatformEditor (182)
[2016.10.30-16.37.25:228][798]LogModuleManager: Shutting down and abandoning module HTML5PlatformEditor (181)
[2016.10.30-16.37.25:228][798]LogModuleManager: Shutting down and abandoning module AndroidDeviceDetection (180)
[2016.10.30-16.37.25:746][798]LogModuleManager: Shutting down and abandoning module AndroidPlatformEditor (179)
[2016.10.30-16.37.25:747][798]LogModuleManager: Shutting down and abandoning module IOSRuntimeSettings (178)
[2016.10.30-16.37.25:747][798]LogModuleManager: Shutting down and abandoning module AndroidRuntimeSettings (177)
[2016.10.30-16.37.25:747][798]LogModuleManager: Shutting down and abandoning module MergeActors (176)
[2016.10.30-16.37.25:747][798]LogModuleManager: Shutting down and abandoning module SizeMap (175)
[2016.10.30-16.37.25:747][798]LogModuleManager: Shutting down and abandoning module TreeMap (174)
[2016.10.30-16.37.25:747][798]LogModuleManager: Shutting down and abandoning module ReferenceViewer (173)
[2016.10.30-16.37.25:747][798]LogModuleManager: Shutting down and abandoning module LocalizationService (172)
[2016.10.30-16.37.25:747][798]LogModuleManager: Shutting down and abandoning module LocalizationDashboard (171)
[2016.10.30-16.37.25:747][798]LogModuleManager: Shutting down and abandoning module HardwareTargeting (170)
[2016.10.30-16.37.25:747][798]LogModuleManager: Shutting down and abandoning module DeviceProfileEditor (169)
[2016.10.30-16.37.25:747][798]LogModuleManager: Shutting down and abandoning module UndoHistory (168)
[2016.10.30-16.37.25:747][798]LogModuleManager: Shutting down and abandoning module UserFeedback (167)
[2016.10.30-16.37.25:747][798]LogModuleManager: Shutting down and abandoning module XmlParser (166)
[2016.10.30-16.37.25:747][798]LogModuleManager: Shutting down and abandoning module Blutility (165)
[2016.10.30-16.37.25:747][798]LogModuleManager: Shutting down and abandoning module ProjectTargetPlatformEditor (164)
[2016.10.30-16.37.25:747][798]LogModuleManager: Shutting down and abandoning module ProjectSettingsViewer (163)
[2016.10.30-16.37.25:747][798]LogModuleManager: Shutting down and abandoning module InputBindingEditor (162)
[2016.10.30-16.37.25:747][798]LogModuleManager: Shutting down and abandoning module EditorSettingsViewer (161)
[2016.10.30-16.37.25:747][798]LogModuleManager: Shutting down and abandoning module SettingsEditor (160)
[2016.10.30-16.37.25:747][798]LogModuleManager: Shutting down and abandoning module ProjectLauncher (159)
[2016.10.30-16.37.25:747][798]LogModuleManager: Shutting down and abandoning module SessionFrontend (158)
[2016.10.30-16.37.25:747][798]LogModuleManager: Shutting down and abandoning module ProfilerClient (157)
[2016.10.30-16.37.25:747][798]LogModuleManager: Shutting down and abandoning module TargetDeviceServices (156)
[2016.10.30-16.37.25:747][798]LogModuleManager: Shutting down and abandoning module DeviceManager (155)
[2016.10.30-16.37.25:790][798]LogModuleManager: Shutting down and abandoning module AutomationController (154)
[2016.10.30-16.37.25:790][798]LogModuleManager: Shutting down and abandoning module AutomationWindow (153)
[2016.10.30-16.37.25:790][798]LogModuleManager: Shutting down and abandoning module Layers (152)
[2016.10.30-16.37.25:790][798]LogModuleManager: Shutting down and abandoning module ComponentVisualizers (151)
[2016.10.30-16.37.25:790][798]LogModuleManager: Shutting down and abandoning module DetailCustomizations (150)
[2016.10.30-16.37.25:790][798]LogModuleManager: Shutting down and abandoning module PackagesDialog (149)
[2016.10.30-16.37.25:790][798]LogModuleManager: Shutting down and abandoning module Persona (148)
[2016.10.30-16.37.25:790][798]LogModuleManager: Shutting down and abandoning module Kismet (147)
[2016.10.30-16.37.25:790][798]LogModuleManager: Shutting down and abandoning module GraphEditor (146)
[2016.10.30-16.37.25:791][798]LogModuleManager: Shutting down and abandoning module ClassViewer (145)
[2016.10.30-16.37.25:791][798]LogModuleManager: Shutting down and abandoning module Toolbox (144)
[2016.10.30-16.37.25:791][798]LogModuleManager: Shutting down and abandoning module ModuleUI (143)
[2016.10.30-16.37.25:791][798]LogModuleManager: Shutting down and abandoning module MovieSceneTools (142)
[2016.10.30-16.37.25:791][798]LogModuleManager: Shutting down and abandoning module OutputLog (141)
[2016.10.30-16.37.25:791][798]LogModuleManager: Shutting down and abandoning module GammaUI (140)
[2016.10.30-16.37.25:791][798]LogModuleManager: Shutting down and abandoning module Documentation (139)
[2016.10.30-16.37.25:791][798]LogModuleManager: Shutting down and abandoning module StreamingPauseRendering (138)
[2016.10.30-16.37.25:791][798]LogModuleManager: Shutting down and abandoning module AnalyticsET (137)
[2016.10.30-16.37.25:791][798]LogModuleManager: Shutting down and abandoning module Analytics (136)
[2016.10.30-16.37.25:791][798]LogModuleManager: Shutting down and abandoning module PortalServices (135)
[2016.10.30-16.37.25:791][798]LogModuleManager: Shutting down and abandoning module PortalRpc (134)
[2016.10.30-16.37.25:791][798]LogModuleManager: Shutting down and abandoning module MessagingRpc (133)
[2016.10.30-16.37.25:791][798]LogModuleManager: Shutting down and abandoning module GameplayDebugger (132)
[2016.10.30-16.37.25:791][798]LogModuleManager: Shutting down and abandoning module AITestSuite (131)
[2016.10.30-16.37.25:791][798]LogModuleManager: Shutting down and abandoning module AIModule (130)
[2016.10.30-16.37.25:791][798]LogModuleManager: Shutting down and abandoning module ProfilerService (129)
[2016.10.30-16.37.25:951][798]LogModuleManager: Shutting down and abandoning module TaskGraph (128)
[2016.10.30-16.37.25:951][798]LogModuleManager: Shutting down and abandoning module SlateRemote (127)
[2016.10.30-16.37.25:951][798]LogModuleManager: Shutting down and abandoning module SteamVRController (126)
[2016.10.30-16.37.25:951][798]LogModuleManager: Shutting down and abandoning module SteamVR (125)
[2016.10.30-16.37.25:951][798]LogModuleManager: Shutting down and abandoning module ProceduralMeshComponent (124)
[2016.10.30-16.37.25:951][798]LogModuleManager: Shutting down and abandoning module OculusLibrary (123)
[2016.10.30-16.37.25:951][798]LogModuleManager: Shutting down and abandoning module OculusInput (122)
[2016.10.30-16.37.25:951][798]LogModuleManager: Shutting down and abandoning module CustomMeshComponent (121)
[2016.10.30-16.37.25:951][798]LogModuleManager: Shutting down and abandoning module CableComponent (120)
[2016.10.30-16.37.25:951][798]LogModuleManager: Shutting down and abandoning module ArchVisCharacter (119)
[2016.10.30-16.37.25:951][798]LogModuleManager: Shutting down and abandoning module MediaPlayerEditor (118)
[2016.10.30-16.37.25:951][798]LogModuleManager: Shutting down and abandoning module HTML5Networking (117)
[2016.10.30-16.37.25:951][798]LogModuleManager: Shutting down and abandoning module SuperSearch (116)
[2016.10.30-16.37.25:951][798]LogModuleManager: Shutting down and abandoning module SuperSearchEditor (115)
[2016.10.30-16.37.25:951][798]LogModuleManager: Shutting down and abandoning module SpeedTreeImporter (114)
[2016.10.30-16.37.25:951][798]LogModuleManager: Shutting down and abandoning module PluginBrowser (113)
[2016.10.30-16.37.25:951][798]LogModuleManager: Shutting down and abandoning module EpicSurvey (112)
[2016.10.30-16.37.25:952][798]LogModuleManager: Shutting down and abandoning module DesktopPlatform (111)
[2016.10.30-16.37.25:952][798]LogModuleManager: Shutting down and abandoning module VisualStudioSourceCodeAccess (110)
[2016.10.30-16.37.25:952][798]LogModuleManager: Shutting down and abandoning module UObjectPlugin (109)
[2016.10.30-16.37.25:952][798]LogModuleManager: Shutting down and abandoning module SubversionSourceControl (108)
[2016.10.30-16.37.25:952][798]LogModuleManager: Shutting down and abandoning module PerforceSourceControl (107)
[2016.10.30-16.37.25:952][798]LogModuleManager: Shutting down and abandoning module SourceControl (106)
[2016.10.30-16.37.25:952][798]LogModuleManager: Shutting down and abandoning module GitSourceControl (105)
[2016.10.30-16.37.25:952][798]LogModuleManager: Shutting down and abandoning module LightPropagationVolumeEditor (104)
[2016.10.30-16.37.25:952][798]LogModuleManager: Shutting down and abandoning module PaperTiledImporter (103)
[2016.10.30-16.37.25:952][798]LogModuleManager: Shutting down and abandoning module PaperSpriteSheetImporter (102)
[2016.10.30-16.37.25:952][798]LogModuleManager: Shutting down and abandoning module MeshPaint (101)
[2016.10.30-16.37.25:952][798]LogModuleManager: Shutting down and abandoning module PixelInspectorModule (100)
[2016.10.30-16.37.25:952][798]LogModuleManager: Shutting down and abandoning module HotReload (99)
[2016.10.30-16.37.25:952][798]LogModuleManager: Shutting down and abandoning module MainFrame (98)
[2016.10.30-16.37.25:952][798]LogModuleManager: Shutting down and abandoning module LevelEditor (97)
[2016.10.30-16.37.25:953][798]LogModuleManager: Shutting down and abandoning module ContentBrowser (96)
[2016.10.30-16.37.25:954][798]LogModuleManager: Shutting down and abandoning module Paper2DEditor (95)
[2016.10.30-16.37.25:954][798]LogModuleManager: Shutting down and abandoning module UdpMessaging (94)
[2016.10.30-16.37.26:055][798]LogModuleManager: Shutting down and abandoning module LightPropagationVolumeRuntime (93)
[2016.10.30-16.37.26:055][798]LogModuleManager: Shutting down and abandoning module Paper2D (92)
[2016.10.30-16.37.26:055][798]LogModuleManager: Shutting down and abandoning module WindowsMoviePlayer (91)
[2016.10.30-16.37.26:055][798]LogModuleManager: Shutting down and abandoning module Media (90)
[2016.10.30-16.37.26:055][798]LogModuleManager: Shutting down and abandoning module WmfMedia (89)
[2016.10.30-16.37.26:056][798]LogModuleManager: Shutting down and abandoning module MediaAssets (88)
[2016.10.30-16.37.26:056][798]LogModuleManager: Shutting down and abandoning module GameLiveStreaming (87)
[2016.10.30-16.37.26:057][798]LogModuleManager: Shutting down and abandoning module GameplayTagsEditor (86)
[2016.10.30-16.37.26:057][798]LogModuleManager: Shutting down and abandoning module OnlineBlueprintSupport (85)
[2016.10.30-16.37.26:057][798]LogModuleManager: Shutting down and abandoning module VREditor (84)
[2016.10.30-16.37.26:057][798]LogModuleManager: Shutting down and abandoning module GameplayTasksEditor (83)
[2016.10.30-16.37.26:057][798]LogModuleManager: Shutting down and abandoning module PropertyEditor (82)
[2016.10.30-16.37.26:057][798]LogModuleManager: Shutting down and abandoning module BehaviorTreeEditor (81)
[2016.10.30-16.37.26:057][798]LogModuleManager: Shutting down and abandoning module FunctionalTesting (80)
[2016.10.30-16.37.26:057][798]LogModuleManager: Shutting down and abandoning module CollisionAnalyzer (79)
[2016.10.30-16.37.26:057][798]LogModuleManager: Shutting down and abandoning module Sequencer (78)
[2016.10.30-16.37.26:057][798]LogModuleManager: Shutting down and abandoning module WorkspaceMenuStructure (77)
[2016.10.30-16.37.26:057][798]LogModuleManager: Shutting down and abandoning module MessageLog (76)
[2016.10.30-16.37.26:057][798]LogModuleManager: Shutting down and abandoning module AssetTools (75)
[2016.10.30-16.37.26:057][798]LogModuleManager: Shutting down and abandoning module UMGEditor (74)
[2016.10.30-16.37.26:057][798]LogModuleManager: Shutting down and abandoning module UMG (73)
[2016.10.30-16.37.26:058][798]LogModuleManager: Shutting down and abandoning module SlateReflector (72)
[2016.10.30-16.37.26:058][798]LogModuleManager: Shutting down and abandoning module Slate (71)
[2016.10.30-16.37.26:058][798]LogModuleManager: Shutting down and abandoning module EditorStyle (70)
[2016.10.30-16.37.26:060][798]LogModuleManager: Shutting down and abandoning module SourceCodeAccess (69)
[2016.10.30-16.37.26:060][798]LogModuleManager: Shutting down and abandoning module HeadMountedDisplay (68)
[2016.10.30-16.37.26:060][798]LogModuleManager: Shutting down and abandoning module XAudio2 (67)
[2016.10.30-16.37.26:060][798]LogModuleManager: Shutting down and abandoning module Networking (65)
[2016.10.30-16.37.26:060][798]LogModuleManager: Shutting down and abandoning module Core (64)
[2016.10.30-16.37.26:060][798]LogModuleManager: Shutting down and abandoning module DirectoryWatcher (63)
[2016.10.30-16.37.26:061][798]LogModuleManager: Shutting down and abandoning module AssetRegistry (62)
[2016.10.30-16.37.26:235][798]LogModuleManager: Shutting down and abandoning module KismetCompiler (61)
[2016.10.30-16.37.26:235][798]LogModuleManager: Shutting down and abandoning module PhysXFormats (60)
[2016.10.30-16.37.26:235][798]LogModuleManager: Shutting down and abandoning module MeshUtilities (59)
[2016.10.30-16.37.26:235][798]LogModuleManager: Shutting down and abandoning module DerivedDataCache (58)
[2016.10.30-16.37.26:296][798]LogDerivedDataCache: Shutdown
[2016.10.30-16.37.26:296][798]LogModuleManager: Shutting down and abandoning module VulkanShaderFormat (57)
[2016.10.30-16.37.26:296][798]LogModuleManager: Shutting down and abandoning module ShaderFormatOpenGL (56)
[2016.10.30-16.37.26:296][798]LogModuleManager: Shutting down and abandoning module ShaderFormatD3D (55)
[2016.10.30-16.37.26:296][798]LogModuleManager: Shutting down and abandoning module MetalShaderFormat (54)
[2016.10.30-16.37.26:296][798]LogModuleManager: Shutting down and abandoning module TextureFormatUncompressed (53)
[2016.10.30-16.37.26:296][798]LogModuleManager: Shutting down and abandoning module TextureFormatPVR (52)
[2016.10.30-16.37.26:296][798]LogModuleManager: Shutting down and abandoning module TextureFormatIntelISPCTexComp (51)
[2016.10.30-16.37.26:296][798]LogModuleManager: Shutting down and abandoning module TextureFormatDXT (50)
[2016.10.30-16.37.26:296][798]LogModuleManager: Shutting down and abandoning module ImageWrapper (49)
[2016.10.30-16.37.26:296][798]LogModuleManager: Shutting down and abandoning module TextureFormatASTC (48)
[2016.10.30-16.37.26:296][798]LogModuleManager: Shutting down and abandoning module TextureFormatAndroid (47)
[2016.10.30-16.37.26:296][798]LogModuleManager: Shutting down and abandoning module AudioFormatOpus (46)
[2016.10.30-16.37.26:296][798]LogModuleManager: Shutting down and abandoning module AudioFormatOgg (45)
[2016.10.30-16.37.26:296][798]LogModuleManager: Shutting down and abandoning module AudioFormatADPCM (44)
[2016.10.30-16.37.26:296][798]LogModuleManager: Shutting down and abandoning module LinuxTargetPlatform (43)
[2016.10.30-16.37.26:296][798]LogModuleManager: Shutting down and abandoning module LinuxServerTargetPlatform (42)
[2016.10.30-16.37.26:296][798]LogModuleManager: Shutting down and abandoning module LinuxNoEditorTargetPlatform (41)
[2016.10.30-16.37.26:296][798]LogModuleManager: Shutting down and abandoning module TVOSTargetPlatform (40)
[2016.10.30-16.37.26:296][798]LogModuleManager: Shutting down and abandoning module Messaging (39)
[2016.10.30-16.37.26:296][798]LogModuleManager: Shutting down and abandoning module IOSTargetPlatform (38)
[2016.10.30-16.37.26:296][798]LogModuleManager: Shutting down and abandoning module HTML5TargetPlatform (37)
[2016.10.30-16.37.26:296][798]LogModuleManager: Shutting down and abandoning module Android_PVRTCTargetPlatform (36)
[2016.10.30-16.37.26:296][798]LogModuleManager: Shutting down and abandoning module Android_MultiTargetPlatform (35)
[2016.10.30-16.37.26:296][798]LogModuleManager: Shutting down and abandoning module Android_ETC2TargetPlatform (34)
[2016.10.30-16.37.26:296][798]LogModuleManager: Shutting down and abandoning module Android_ETC1TargetPlatform (33)
[2016.10.30-16.37.26:296][798]LogModuleManager: Shutting down and abandoning module Android_DXTTargetPlatform (32)
[2016.10.30-16.37.26:296][798]LogModuleManager: Shutting down and abandoning module Android_ATCTargetPlatform (31)
[2016.10.30-16.37.26:296][798]LogModuleManager: Shutting down and abandoning module Android_ASTCTargetPlatform (30)
[2016.10.30-16.37.26:296][798]LogModuleManager: Shutting down and abandoning module AndroidTargetPlatform (29)
[2016.10.30-16.37.26:296][798]LogModuleManager: Shutting down and abandoning module WindowsTargetPlatform (28)
[2016.10.30-16.37.26:296][798]LogModuleManager: Shutting down and abandoning module WindowsServerTargetPlatform (27)
[2016.10.30-16.37.26:296][798]LogModuleManager: Shutting down and abandoning module WindowsNoEditorTargetPlatform (26)
[2016.10.30-16.37.26:296][798]LogModuleManager: Shutting down and abandoning module WindowsClientTargetPlatform (25)
[2016.10.30-16.37.26:296][798]LogModuleManager: Shutting down and abandoning module AllDesktopTargetPlatform (24)
[2016.10.30-16.37.26:296][798]LogModuleManager: Shutting down and abandoning module TargetPlatform (23)
[2016.10.30-16.37.26:297][798]LogModuleManager: Shutting down and abandoning module InputCore (22)
[2016.10.30-16.37.26:297][798]LogModuleManager: Shutting down and abandoning module Settings (21)
[2016.10.30-16.37.26:297][798]LogModuleManager: Shutting down and abandoning module OnlineSubsystem (19)
[2016.10.30-16.37.26:297][798]LogModuleManager: Shutting down and abandoning module HTTP (18)
[2016.10.30-16.37.30:807][798]LogModuleManager: Shutting down and abandoning module XMPP (17)
[2016.10.30-16.37.30:807][798]LogModuleManager: Shutting down and abandoning module OculusRift (16)
[2016.10.30-16.37.30:807][798]LogModuleManager: Shutting down and abandoning module ExampleDeviceProfileSelector (15)
[2016.10.30-16.37.30:807][798]LogModuleManager: Shutting down and abandoning module TextureCompressor (14)
[2016.10.30-16.37.30:807][798]LogModuleManager: Shutting down and abandoning module ShaderCore (13)
[2016.10.30-16.37.30:807][798]LogModuleManager: Shutting down and abandoning module Landscape (12)
[2016.10.30-16.37.30:807][798]LogModuleManager: Shutting down and abandoning module SlateRHIRenderer (11)
[2016.10.30-16.37.30:811][798]LogModuleManager: Shutting down and abandoning module OpenGLDrv (10)
[2016.10.30-16.37.30:811][798]LogModuleManager: Shutting down and abandoning module D3D11RHI (9)
[2016.10.30-16.37.30:811][798]LogModuleManager: Shutting down and abandoning module AnimGraphRuntime (8)
[2016.10.30-16.37.30:811][798]LogModuleManager: Shutting down and abandoning module Renderer (7)
[2016.10.30-16.37.30:811][798]LogModuleManager: Shutting down and abandoning module Engine (6)
[2016.10.30-16.37.30:811][798]LogModuleManager: Shutting down and abandoning module CoreUObject (5)
[2016.10.30-16.37.30:811][798]LogModuleManager: Shutting down and abandoning module NetworkFile (4)
[2016.10.30-16.37.30:811][798]LogModuleManager: Shutting down and abandoning module StreamingFile (3)
[2016.10.30-16.37.30:811][798]LogModuleManager: Shutting down and abandoning module SandboxFile (2)
[2016.10.30-16.37.30:811][798]LogModuleManager: Shutting down and abandoning module PakFile (1)
[2016.10.30-16.37.30:814][798]LogExit: Exiting.
[2016.10.30-16.37.30:815][798]Log file closed, 10/31/16 01:37:30
