Log file open, 10/27/16 22:11:58
LogInit:Display: Running engine for game: UNNAMED
LogPlatformFile: Not using cached read wrapper
LogInit:Display: RandInit(82220931) SRandInit(82220932).
LogTaskGraph: Started task graph with 4 named threads and 7 total threads with 1 sets of task threads.
LogStats: Stats thread started at 0.081693
LogInit: Version: 4.12.5-3039270+++UE4+Release-4.12
LogInit: API Version: 2992821
LogInit: Net Version: 3039270
LogDevObjectVersion: Number of dev versions registered: 13
LogDevObjectVersion:   Dev-Blueprints (B0D832E4-1F89-4F0D-ACCF-7EB736FD4AA2): 3
LogDevObjectVersion:   Dev-Build (E1C64328-A22C-4D53-A36C-8E866417BD8C): 0
LogDevObjectVersion:   Dev-Core (375EC13C-06E4-48FB-B500-84F0262A717E): 1
LogDevObjectVersion:   Dev-Editor (E4B068ED-F494-42E9-A231-DA0B2E46BB41): 2
LogDevObjectVersion:   Dev-Framework (CFFC743F-43B0-4480-9391-14DF171D2073): 6
LogDevObjectVersion:   Dev-Mobile (B02B49B5-BB20-44E9-A304-32B752E40360): 0
LogDevObjectVersion:   Dev-Networking (A4E4105C-59A1-49B5-A7C5-40C4547EDFEE): 0
LogDevObjectVersion:   Dev-Online (39C831C9-5AE6-47DC-9A44-9C173E1C8E7C): 0
LogDevObjectVersion:   Dev-Physics (78F01B33-EBEA-4F98-B9B4-84EACCB95AA2): 0
LogDevObjectVersion:   Dev-Platform (6631380F-2D4D-43E0-8009-CF276956A95A): 0
LogDevObjectVersion:   Dev-Rendering (12F88B9F-8875-4AFC-A67C-D90C383ABD29): 2
LogDevObjectVersion:   Dev-Sequencer (7B5AE74C-D270-4C10-A958-57980B212A5A): 0
LogDevObjectVersion:   Dev-VR (D7296918-1DD6-4BDD-9DE2-64A83CC13884): 0
LogInit: Compiled (64-bit): Jul  6 2016 09:09:46
LogInit: Compiled with Visual C++: 19.00.23026.00
LogInit: Build Configuration: Development
LogInit: Branch Name: ++UE4+Release-4.12
LogInit: Command line:  117.16.45.139 -game
LogInit: Base directory: C:/Program Files (x86)/Epic Games/4.12/Engine/Binaries/Win64/
LogInit: Installed Engine Build: 1
LogInit: Using libcurl 7.41.0
LogInit:  - built for x86_64-pc-win32
LogInit:  - supports SSL with WinSSL
LogInit:  - other features:
LogInit:      CURL_VERSION_SSL
LogInit:      CURL_VERSION_IPV6
LogInit:      CURL_VERSION_ASYNCHDNS
LogInit:      CURL_VERSION_LARGEFILE
LogInit:      CURL_VERSION_IDN
LogInit:  CurlRequestOptions (configurable via config and command line):
LogInit:  - bVerifyPeer = true  - Libcurl will verify peer certificate
LogInit:  - bUseHttpProxy = false  - Libcurl will NOT use HTTP proxy
LogInit:  - bDontReuseConnections = false  - Libcurl will reuse connections
LogInit:  - CertBundlePath = nullptr  - Libcurl will use whatever was configured at build time.
LogInit: Presizing for max 8388607 objects, including 0 objects not considered by GC, pre-allocating 0 bytes for permanent pool.
LogInit: Object subsystem initialized
[2016.10.27-13.11.58:538][  0]LogInit: Selected Device Profile: [Windows]
[2016.10.27-13.11.58:538][  0]LogInit: Applying CVar settings loaded from the selected device profile: [Windows]
[2016.10.27-13.11.58:547][  0]LogInit: Computer: DESKTOP-5I3HB32
[2016.10.27-13.11.58:547][  0]LogInit: User: jcy
[2016.10.27-13.11.58:547][  0]LogInit: CPU Page size=65536, Cores=4
[2016.10.27-13.11.58:547][  0]LogInit: High frequency timer resolution =2.533210 MHz
[2016.10.27-13.11.58:547][  0]LogMemory: Memory total: Physical=7.9GB (8GB approx)
[2016.10.27-13.11.58:547][  0]LogMemory: Platform Memory Stats for Windows
[2016.10.27-13.11.58:547][  0]LogMemory: Process Physical Memory: 191.12 MB used, 191.12 MB peak
[2016.10.27-13.11.58:547][  0]LogMemory: Process Virtual Memory: 195.29 MB used, 195.29 MB peak
[2016.10.27-13.11.58:547][  0]LogMemory: Physical Memory: 3639.80 MB used, 8113.86 MB total
[2016.10.27-13.11.58:547][  0]LogMemory: Virtual Memory: 553.26 MB used, 134217728.00 MB total
[2016.10.27-13.11.59:006][  0]LogD3D11RHI: D3D11 adapters:
[2016.10.27-13.11.59:561][  0]LogD3D11RHI:    0. 'NVIDIA GeForce GTX 960M' (Feature Level 11_0)
[2016.10.27-13.11.59:561][  0]LogD3D11RHI:       2018/0/4056 MB DedicatedVideo/DedicatedSystem/SharedSystem, Outputs:2, VendorId:0x10de
[2016.10.27-13.11.59:567][  0]LogD3D11RHI:    1. 'Intel(R) HD Graphics 4600' (Feature Level 11_0)
[2016.10.27-13.11.59:567][  0]LogD3D11RHI:       112/0/2048 MB DedicatedVideo/DedicatedSystem/SharedSystem, Outputs:0, VendorId:0x8086
[2016.10.27-13.11.59:569][  0]LogD3D11RHI:    2. 'Microsoft Basic Render Driver' (Feature Level 11_0)
[2016.10.27-13.11.59:569][  0]LogD3D11RHI:       0/0/4056 MB DedicatedVideo/DedicatedSystem/SharedSystem, Outputs:0, VendorId:0x1414
[2016.10.27-13.11.59:569][  0]LogD3D11RHI: Chosen D3D11 Adapter: 0
[2016.10.27-13.11.59:574][  0]LogD3D11RHI: Creating new Direct3DDevice
[2016.10.27-13.11.59:574][  0]LogD3D11RHI:     GPU DeviceId: 0x139b (for the marketing name, search the web for "GPU Device Id")
[2016.10.27-13.11.59:574][  0]LogWindows: EnumDisplayDevices:
[2016.10.27-13.11.59:574][  0]LogWindows:    0. 'Intel(R) HD Graphics 4600' (P:1 D:1)
[2016.10.27-13.11.59:575][  0]LogWindows:    1. 'Intel(R) HD Graphics 4600' (P:0 D:1)
[2016.10.27-13.11.59:575][  0]LogWindows:    2. 'Intel(R) HD Graphics 4600' (P:0 D:0)
[2016.10.27-13.11.59:575][  0]LogWindows: DebugString: PrimaryIsNotTheChoosenAdapter PrimaryIsNotTheChoosenAdapter PrimaryIsNotTheChoosenAdapter FoundDriverCount:0 
[2016.10.27-13.11.59:575][  0]LogD3D11RHI:     Adapter Name: NVIDIA GeForce GTX 960M
[2016.10.27-13.11.59:575][  0]LogD3D11RHI:   Driver Version: Unknown (internal:Unknown, unified:Unknown)
[2016.10.27-13.11.59:575][  0]LogD3D11RHI:      Driver Date: Unknown
[2016.10.27-13.11.59:575][  0]LogRHI: Texture pool is 1361 MB (70% of 1945 MB)
[2016.10.27-13.12.00:108][  0]LogD3D11RHI: Async texture creation enabled
[2016.10.27-13.12.00:154][  0]LogD3D11RHI: GPU Timing Frequency: 1000.000000 (Debug: 2 1)
[2016.10.27-13.12.00:154][  0]LogShaderCompilers: Guid format shader working directory is -16 characters bigger than the processId version (../../../../../../Users/jcy/Documents/GitHub/UNNAMED/UNNAMED/Intermediate/Shaders/WorkingDirectory/6576/).
[2016.10.27-13.12.00:154][  0]LogShaderCompilers: Cleaned the shader compiler working directory 'C:/Users/jcy/AppData/Local/Temp/UnrealShaderWorkingDir/83D1EB174AB659825800AF8D868A8C7C/'.
[2016.10.27-13.12.00:155][  0]LogShaderCompilers:Display: Using Local Shader Compiler.
[2016.10.27-13.12.01:229][  0]LogTemp:Display: Loaded TP WindowsClientTargetPlatform
[2016.10.27-13.12.01:239][  0]LogTemp:Display: Loaded TP WindowsNoEditorTargetPlatform
[2016.10.27-13.12.01:249][  0]LogTemp:Display: Loaded TP WindowsServerTargetPlatform
[2016.10.27-13.12.01:259][  0]LogTemp:Display: Loaded TP WindowsTargetPlatform
[2016.10.27-13.12.01:259][  0]LogTargetPlatformManager:Display: Building Assets For Windows
[2016.10.27-13.12.01:350][  0]LogDerivedDataCache:Display: Max Cache Size: 512 MB
[2016.10.27-13.12.01:410][  0]LogDerivedDataCache: Loaded boot cache 0.06s 48MB C:/Users/jcy/AppData/Local/UnrealEngine/4.12/DerivedDataCache/Boot.ddc.
[2016.10.27-13.12.01:411][  0]LogDerivedDataCache:Display: Loaded Boot cache: C:/Users/jcy/AppData/Local/UnrealEngine/4.12/DerivedDataCache/Boot.ddc
[2016.10.27-13.12.01:411][  0]LogDerivedDataCache: FDerivedDataBackendGraph:  Pak pak cache file ../../../../../../Users/jcy/Documents/GitHub/UNNAMED/UNNAMED/DerivedDataCache/DDC.ddp not found, will not use a pak cache.
[2016.10.27-13.12.01:411][  0]LogDerivedDataCache: Unable to find inner node Pak for hierarchical cache Hierarchy.
[2016.10.27-13.12.01:411][  0]LogDerivedDataCache: FDerivedDataBackendGraph:  CompressedPak pak cache file ../../../../../../Users/jcy/Documents/GitHub/UNNAMED/UNNAMED/DerivedDataCache/Compressed.ddp not found, will not use a pak cache.
[2016.10.27-13.12.01:411][  0]LogDerivedDataCache: Unable to find inner node CompressedPak for hierarchical cache Hierarchy.
[2016.10.27-13.12.01:428][  0]LogDerivedDataCache:Display: Pak cache opened for reading ../../../Engine/DerivedDataCache/Compressed.ddp.
[2016.10.27-13.12.01:441][  0]LogDerivedDataCache: Using Local data cache path C:/Users/jcy/AppData/Local/UnrealEngine/Common/DerivedDataCache: Writable
[2016.10.27-13.12.01:696][  0]LogAssetRegistry: FAssetRegistry took 0.0001 seconds to start up
[2016.10.27-13.12.01:726][  0]LogPackageLocalizationCache: Processed 3 localized package path(s) for 1 prioritized culture(s) in 0.029955 seconds
[2016.10.27-13.12.01:730][  0]LogInit: Selected Device Profile: [Windows]
[2016.10.27-13.12.01:731][  0]LogContentStreaming: Texture pool size is 1000.00 MB
[2016.10.27-13.12.01:893][  0]LogMeshUtilities: No automatic mesh reduction module available
[2016.10.27-13.12.01:893][  0]LogMeshUtilities: No automatic mesh merging module available
[2016.10.27-13.12.01:893][  0]LogMeshUtilities: No distributed automatic mesh merging module available
[2016.10.27-13.12.02:124][  0]LogInit: WinSock: version 1.1 (2.2), MaxSocks=32767, MaxUdp=65467
[2016.10.27-13.12.02:290][  0]LogSlate: SlateFontCache - WITH_FREETYPE: 1, WITH_HARFBUZZ: 1
[2016.10.27-13.12.02:290][  0]LogSlate: SlateFontCache - WITH_FREETYPE: 1, WITH_HARFBUZZ: 1
[2016.10.27-13.12.02:383][  0]LogMoviePlayer: Initializing movie player
[2016.10.27-13.12.02:667][  0]LogWindowsMoviePlayer: Unable to load movie: ../../../../../../Users/jcy/Documents/GitHub/UNNAMED/UNNAMED/Content/Movies/Default_Startup.mp4
[2016.10.27-13.12.02:823][  0]SourceControl: Info Source control is disabled
[2016.10.27-13.12.02:823][  0]SourceControl: Info Source control is disabled
[2016.10.27-13.12.02:838][  0]SourceControl: Info Source control is disabled
[2016.10.27-13.12.03:043][  0]LogUObjectArray: 30985 objects as part of root set at end of initial load.
[2016.10.27-13.12.03:043][  0]LogUObjectAllocator: 6717232 out of 0 bytes used by permanent object pool.
[2016.10.27-13.12.03:043][  0]LogUObjectArray: CloseDisregardForGC: 0/0 objects in disregard for GC pool
[2016.10.27-13.12.03:104][  0]LogEngine: Initializing Engine...
[2016.10.27-13.12.03:105][  0]LogHMD: SteamVR failed to initialize.  Err: 110
[2016.10.27-13.12.03:106][  0]LogHMD: SteamVR failed to initialize.  Err: 110
[2016.10.27-13.12.03:253][  0]LogInit: XAudio2 using '스피커(Realtek High Definition Audio)' : 2 channels at 48 kHz using 32 bits per sample (channel mask 0x3)
[2016.10.27-13.12.03:284][  0]LogInit: FAudioDevice initialized.
[2016.10.27-13.12.03:327][  0]LogDerivedDataCache: Saved boot cache 0.04s 48MB C:/Users/jcy/AppData/Local/UnrealEngine/4.12/DerivedDataCache/Boot.ddc.
[2016.10.27-13.12.03:338][  0]LogInit: Texture streaming: Enabled
[2016.10.27-13.12.03:423][  0]LogNet: Browse: 117.16.45.139//Game/ThirdPersonBP/Maps/ThirdPersonExampleMap?Name=Player
[2016.10.27-13.12.03:423][  0]LogInit: WinSock: Socket queue 32768 / 32768
[2016.10.27-13.12.03:428][  0]LogInit: WinSock: I am DESKTOP-5I3HB32 (192.168.0.3:0)
[2016.10.27-13.12.03:429][  0]PacketHandlerLog: Loaded PacketHandler component: Engine.EngineHandlerComponentFactory (StatelessConnectHandlerComponent)
[2016.10.27-13.12.03:429][  0]LogNet: Game client on port 7777, rate 10000
[2016.10.27-13.12.03:429][  0]LogNet: GetLocalNetworkVersion: GEngineNetVersion: 3039270, ProjectName: unnamed, ProjectVersion: 1.0.0.0, InternalProtocolVersion: 9, LocalNetworkVersion: 1745645396
[2016.10.27-13.12.03:429][  0]LogLoad:Error: Failed to enter /Game/ThirdPersonBP/Maps/ThirdPersonExampleMap: . Please check the log for errors.
[2016.10.27-13.12.03:429][  0]LogNet: Browse: /Game/ThirdPersonBP/Maps/ThirdPersonExampleMap?Name=Player
[2016.10.27-13.12.03:430][  0]LogLoad: LoadMap: /Game/ThirdPersonBP/Maps/ThirdPersonExampleMap?Name=Player
[2016.10.27-13.12.03:450][  0]LogMemory: Platform Memory Stats for Windows
[2016.10.27-13.12.03:450][  0]LogMemory: Process Physical Memory: 570.61 MB used, 586.61 MB peak
[2016.10.27-13.12.03:450][  0]LogMemory: Process Virtual Memory: 638.46 MB used, 638.47 MB peak
[2016.10.27-13.12.03:450][  0]LogMemory: Physical Memory: 4144.99 MB used, 8113.86 MB total
[2016.10.27-13.12.03:450][  0]LogMemory: Virtual Memory: 1254.68 MB used, 134217728.00 MB total
[2016.10.27-13.12.03:450][  0]LogMemory: 
[2016.10.27-13.12.03:450][  0]Allocator Stats for TBB: (not implemented)
[2016.10.27-13.12.04:139][  0]LogAIModule: Creating AISystem for world ThirdPersonExampleMap
[2016.10.27-13.12.04:140][  0]LogWorld: Game class is 'ThirdPersonGameMode_C'
[2016.10.27-13.12.04:146][  0]LogWorld: Bringing World /Game/ThirdPersonBP/Maps/ThirdPersonExampleMap.ThirdPersonExampleMap up for play (max tick rate 0) at 2016.10.27-22.12.04
[2016.10.27-13.12.04:146][  0]LogWorld: Bringing up level for play took: 0.005249
[2016.10.27-13.12.04:150][  0]LogBlueprintUserMessages: [ThirdPersonGameMode_C_0] 2
[2016.10.27-13.12.04:152][  0]LogLoad: Took 0.722355 seconds to LoadMap(/Game/ThirdPersonBP/Maps/ThirdPersonExampleMap)
[2016.10.27-13.12.04:152][  0]LogInit:Display: Game Engine Initialized.
[2016.10.27-13.12.04:424][  0]LogLoad: Full Startup: 6.74 seconds (BP compile: 0.21 seconds)
[2016.10.27-13.12.04:425][  0]LogExternalProfiler: Found external profiler: VSPerf
[2016.10.27-13.12.04:425][  0]LogExternalProfiler: Using external profiler: VSPerf
[2016.10.27-13.12.04:451][  0]LogWindowsTextInputMethodSystem:Display: IME system now activated using TSF (Microsoft 입력기).
[2016.10.27-13.12.04:457][  0]LogOcInput: OculusInput pre-init called
[2016.10.27-13.12.04:458][  0]LogHandshake: SendChallengeResponse. Timestamp: 125.347176, Cookie: 075090199118137113195157102243054088055223040228007251041061
[2016.10.27-13.12.04:528][  0]LogRenderer: Reallocating scene render targets to support 128x128 (Frame:1).
[2016.10.27-13.12.04:614][  1]LogRenderer: Reallocating scene render targets to support 1920x1080 (Frame:2).
[2016.10.27-13.12.04:930][ 19]LogNet: Welcomed by server (Level: /Game/ThirdPersonBP/Maps/ThirdPersonExampleMap, Game: /Game/ThirdPersonBP/Blueprints/ThirdPersonGameMode.ThirdPersonGameMode_C)
[2016.10.27-13.12.04:946][ 19]LogLoad: LoadMap: 117.16.45.139//Game/ThirdPersonBP/Maps/ThirdPersonExampleMap?Name=Player?game=/Game/ThirdPersonBP/Blueprints/ThirdPersonGameMode.ThirdPersonGameMode_C
[2016.10.27-13.12.04:947][ 19]LogScript:Warning: Accessed None trying to read property CallFunc_K2_GetPawn_ReturnValue2
	ThirdPersonGameMode_C /Game/ThirdPersonBP/Maps/ThirdPersonExampleMap.ThirdPersonExampleMap:PersistentLevel.ThirdPersonGameMode_C_0
	Function /Game/ThirdPersonBP/Blueprints/ThirdPersonGameMode.ThirdPersonGameMode_C:ExecuteUbergraph_ThirdPersonGameMode:0043
[2016.10.27-13.12.04:947][ 19]LogScript:Warning: Script call stack:
	Function /Game/ThirdPersonBP/Blueprints/ThirdPersonGameMode.ThirdPersonGameMode_C:K2_OnLogout
	Function /Game/ThirdPersonBP/Blueprints/ThirdPersonGameMode.ThirdPersonGameMode_C:ExecuteUbergraph_ThirdPersonGameMode

[2016.10.27-13.12.04:947][ 19]LogScript:Warning: Attempted to access PHUD_C_0 via property HUD, but PHUD_C_0 is pending kill
	playercon_C /Game/ThirdPersonBP/Maps/ThirdPersonExampleMap.ThirdPersonExampleMap:PersistentLevel.playercon_C_0
	Function /Game/playercon.playercon_C:ExecuteUbergraph_playercon:0141
[2016.10.27-13.12.04:947][ 19]LogScript:Warning: Script call stack:
	Function /Game/playercon.playercon_C:ReceiveEndPlay
	Function /Game/playercon.playercon_C:ExecuteUbergraph_playercon

[2016.10.27-13.12.05:005][ 19]LogMemory: Platform Memory Stats for Windows
[2016.10.27-13.12.05:005][ 19]LogMemory: Process Physical Memory: 692.46 MB used, 704.02 MB peak
[2016.10.27-13.12.05:005][ 19]LogMemory: Process Virtual Memory: 1094.97 MB used, 1107.18 MB peak
[2016.10.27-13.12.05:005][ 19]LogMemory: Physical Memory: 4289.12 MB used, 8113.86 MB total
[2016.10.27-13.12.05:005][ 19]LogMemory: Virtual Memory: 1753.19 MB used, 134217728.00 MB total
[2016.10.27-13.12.05:005][ 19]LogMemory: 
[2016.10.27-13.12.05:005][ 19]Allocator Stats for TBB: (not implemented)
[2016.10.27-13.12.05:618][ 19]LogAIModule: Creating AISystem for world ThirdPersonExampleMap
[2016.10.27-13.12.05:622][ 19]LogWorld: Bringing World /Game/ThirdPersonBP/Maps/ThirdPersonExampleMap.ThirdPersonExampleMap up for play (max tick rate 0) at 2016.10.27-22.12.05
[2016.10.27-13.12.05:622][ 19]LogWorld: Bringing up level for play took: 0.003308
[2016.10.27-13.12.05:623][ 19]LogLoad: Took 0.677024 seconds to LoadMap(/Game/ThirdPersonBP/Maps/ThirdPersonExampleMap)
[2016.10.27-13.12.12:883][453]LogScript:Warning: Attempted to access ThirdPersonCharacter_C_0 via property targetplayer, but ThirdPersonCharacter_C_0 is pending kill
	observer_C /Game/ThirdPersonBP/Maps/ThirdPersonExampleMap.ThirdPersonExampleMap:PersistentLevel.observer_C_0
	Function /Game/observer.observer_C:ExecuteUbergraph_observer:0034
[2016.10.27-13.12.12:883][453]LogScript:Warning: Script call stack:
	Function /Game/observer.observer_C:ReceiveTick
	Function /Game/observer.observer_C:ExecuteUbergraph_observer

[2016.10.27-13.12.12:899][454]LogScript:Warning: Attempted to access ThirdPersonCharacter_C_0 via property targetplayer, but ThirdPersonCharacter_C_0 is pending kill
	observer_C /Game/ThirdPersonBP/Maps/ThirdPersonExampleMap.ThirdPersonExampleMap:PersistentLevel.observer_C_0
	Function /Game/observer.observer_C:ExecuteUbergraph_observer:0034
[2016.10.27-13.12.12:899][454]LogScript:Warning: Script call stack:
	Function /Game/observer.observer_C:ReceiveTick
	Function /Game/observer.observer_C:ExecuteUbergraph_observer

[2016.10.27-13.12.12:915][455]LogScript:Warning: Attempted to access ThirdPersonCharacter_C_0 via property targetplayer, but ThirdPersonCharacter_C_0 is pending kill
	observer_C /Game/ThirdPersonBP/Maps/ThirdPersonExampleMap.ThirdPersonExampleMap:PersistentLevel.observer_C_0
	Function /Game/observer.observer_C:ExecuteUbergraph_observer:0034
[2016.10.27-13.12.12:915][455]LogScript:Warning: Script call stack:
	Function /Game/observer.observer_C:ReceiveTick
	Function /Game/observer.observer_C:ExecuteUbergraph_observer

[2016.10.27-13.12.12:933][456]LogScript:Warning: Attempted to access ThirdPersonCharacter_C_0 via property targetplayer, but ThirdPersonCharacter_C_0 is pending kill
	observer_C /Game/ThirdPersonBP/Maps/ThirdPersonExampleMap.ThirdPersonExampleMap:PersistentLevel.observer_C_0
	Function /Game/observer.observer_C:ExecuteUbergraph_observer:0034
[2016.10.27-13.12.12:933][456]LogScript:Warning: Script call stack:
	Function /Game/observer.observer_C:ReceiveTick
	Function /Game/observer.observer_C:ExecuteUbergraph_observer

[2016.10.27-13.12.12:949][457]LogScript:Warning: Attempted to access ThirdPersonCharacter_C_0 via property targetplayer, but ThirdPersonCharacter_C_0 is pending kill
	observer_C /Game/ThirdPersonBP/Maps/ThirdPersonExampleMap.ThirdPersonExampleMap:PersistentLevel.observer_C_0
	Function /Game/observer.observer_C:ExecuteUbergraph_observer:0034
[2016.10.27-13.12.12:949][457]LogScript:Warning: Script call stack:
	Function /Game/observer.observer_C:ReceiveTick
	Function /Game/observer.observer_C:ExecuteUbergraph_observer

[2016.10.27-13.12.12:965][458]LogScript:Warning: Attempted to access ThirdPersonCharacter_C_0 via property targetplayer, but ThirdPersonCharacter_C_0 is pending kill
	observer_C /Game/ThirdPersonBP/Maps/ThirdPersonExampleMap.ThirdPersonExampleMap:PersistentLevel.observer_C_0
	Function /Game/observer.observer_C:ExecuteUbergraph_observer:0034
[2016.10.27-13.12.12:965][458]LogScript:Warning: Script call stack:
	Function /Game/observer.observer_C:ReceiveTick
	Function /Game/observer.observer_C:ExecuteUbergraph_observer

[2016.10.27-13.12.12:982][459]LogScript:Warning: Attempted to access ThirdPersonCharacter_C_0 via property targetplayer, but ThirdPersonCharacter_C_0 is pending kill
	observer_C /Game/ThirdPersonBP/Maps/ThirdPersonExampleMap.ThirdPersonExampleMap:PersistentLevel.observer_C_0
	Function /Game/observer.observer_C:ExecuteUbergraph_observer:0034
[2016.10.27-13.12.12:982][459]LogScript:Warning: Script call stack:
	Function /Game/observer.observer_C:ReceiveTick
	Function /Game/observer.observer_C:ExecuteUbergraph_observer

[2016.10.27-13.12.12:999][460]LogScript:Warning: Attempted to access ThirdPersonCharacter_C_0 via property targetplayer, but ThirdPersonCharacter_C_0 is pending kill
	observer_C /Game/ThirdPersonBP/Maps/ThirdPersonExampleMap.ThirdPersonExampleMap:PersistentLevel.observer_C_0
	Function /Game/observer.observer_C:ExecuteUbergraph_observer:0034
[2016.10.27-13.12.12:999][460]LogScript:Warning: Script call stack:
	Function /Game/observer.observer_C:ReceiveTick
	Function /Game/observer.observer_C:ExecuteUbergraph_observer

[2016.10.27-13.12.13:015][461]LogScript:Warning: Attempted to access ThirdPersonCharacter_C_0 via property targetplayer, but ThirdPersonCharacter_C_0 is pending kill
	observer_C /Game/ThirdPersonBP/Maps/ThirdPersonExampleMap.ThirdPersonExampleMap:PersistentLevel.observer_C_0
	Function /Game/observer.observer_C:ExecuteUbergraph_observer:0034
[2016.10.27-13.12.13:015][461]LogScript:Warning: Script call stack:
	Function /Game/observer.observer_C:ReceiveTick
	Function /Game/observer.observer_C:ExecuteUbergraph_observer

[2016.10.27-13.12.13:031][462]LogScript:Warning: Attempted to access ThirdPersonCharacter_C_0 via property targetplayer, but ThirdPersonCharacter_C_0 is pending kill
	observer_C /Game/ThirdPersonBP/Maps/ThirdPersonExampleMap.ThirdPersonExampleMap:PersistentLevel.observer_C_0
	Function /Game/observer.observer_C:ExecuteUbergraph_observer:0034
[2016.10.27-13.12.13:031][462]LogScript:Warning: Script call stack:
	Function /Game/observer.observer_C:ReceiveTick
	Function /Game/observer.observer_C:ExecuteUbergraph_observer

[2016.10.27-13.12.13:048][463]LogScript:Warning: Attempted to access ThirdPersonCharacter_C_0 via property targetplayer, but ThirdPersonCharacter_C_0 is pending kill
	observer_C /Game/ThirdPersonBP/Maps/ThirdPersonExampleMap.ThirdPersonExampleMap:PersistentLevel.observer_C_0
	Function /Game/observer.observer_C:ExecuteUbergraph_observer:0034
[2016.10.27-13.12.13:048][463]LogScript:Warning: Script call stack:
	Function /Game/observer.observer_C:ReceiveTick
	Function /Game/observer.observer_C:ExecuteUbergraph_observer

[2016.10.27-13.12.13:065][464]LogScript:Warning: Attempted to access ThirdPersonCharacter_C_0 via property targetplayer, but ThirdPersonCharacter_C_0 is pending kill
	observer_C /Game/ThirdPersonBP/Maps/ThirdPersonExampleMap.ThirdPersonExampleMap:PersistentLevel.observer_C_0
	Function /Game/observer.observer_C:ExecuteUbergraph_observer:0034
[2016.10.27-13.12.13:065][464]LogScript:Warning: Script call stack:
	Function /Game/observer.observer_C:ReceiveTick
	Function /Game/observer.observer_C:ExecuteUbergraph_observer

[2016.10.27-13.12.13:082][465]LogScript:Warning: Attempted to access ThirdPersonCharacter_C_0 via property targetplayer, but ThirdPersonCharacter_C_0 is pending kill
	observer_C /Game/ThirdPersonBP/Maps/ThirdPersonExampleMap.ThirdPersonExampleMap:PersistentLevel.observer_C_0
	Function /Game/observer.observer_C:ExecuteUbergraph_observer:0034
[2016.10.27-13.12.13:082][465]LogScript:Warning: Script call stack:
	Function /Game/observer.observer_C:ReceiveTick
	Function /Game/observer.observer_C:ExecuteUbergraph_observer

[2016.10.27-13.12.13:098][466]LogScript:Warning: Attempted to access ThirdPersonCharacter_C_0 via property targetplayer, but ThirdPersonCharacter_C_0 is pending kill
	observer_C /Game/ThirdPersonBP/Maps/ThirdPersonExampleMap.ThirdPersonExampleMap:PersistentLevel.observer_C_0
	Function /Game/observer.observer_C:ExecuteUbergraph_observer:0034
[2016.10.27-13.12.13:098][466]LogScript:Warning: Script call stack:
	Function /Game/observer.observer_C:ReceiveTick
	Function /Game/observer.observer_C:ExecuteUbergraph_observer

[2016.10.27-13.12.13:114][467]LogScript:Warning: Attempted to access ThirdPersonCharacter_C_0 via property targetplayer, but ThirdPersonCharacter_C_0 is pending kill
	observer_C /Game/ThirdPersonBP/Maps/ThirdPersonExampleMap.ThirdPersonExampleMap:PersistentLevel.observer_C_0
	Function /Game/observer.observer_C:ExecuteUbergraph_observer:0034
[2016.10.27-13.12.13:114][467]LogScript:Warning: Script call stack:
	Function /Game/observer.observer_C:ReceiveTick
	Function /Game/observer.observer_C:ExecuteUbergraph_observer

[2016.10.27-13.12.13:131][468]LogScript:Warning: Attempted to access ThirdPersonCharacter_C_0 via property targetplayer, but ThirdPersonCharacter_C_0 is pending kill
	observer_C /Game/ThirdPersonBP/Maps/ThirdPersonExampleMap.ThirdPersonExampleMap:PersistentLevel.observer_C_0
	Function /Game/observer.observer_C:ExecuteUbergraph_observer:0034
[2016.10.27-13.12.13:131][468]LogScript:Warning: Script call stack:
	Function /Game/observer.observer_C:ReceiveTick
	Function /Game/observer.observer_C:ExecuteUbergraph_observer

[2016.10.27-13.12.13:148][469]LogScript:Warning: Attempted to access ThirdPersonCharacter_C_0 via property targetplayer, but ThirdPersonCharacter_C_0 is pending kill
	observer_C /Game/ThirdPersonBP/Maps/ThirdPersonExampleMap.ThirdPersonExampleMap:PersistentLevel.observer_C_0
	Function /Game/observer.observer_C:ExecuteUbergraph_observer:0034
[2016.10.27-13.12.13:148][469]LogScript:Warning: Script call stack:
	Function /Game/observer.observer_C:ReceiveTick
	Function /Game/observer.observer_C:ExecuteUbergraph_observer

[2016.10.27-13.12.13:164][470]LogScript:Warning: Script call stack:
	Function /Game/observer.observer_C:ReceiveTick
	Function /Game/observer.observer_C:ExecuteUbergraph_observer

[2016.10.27-13.12.13:181][471]LogScript:Warning: Script call stack:
	Function /Game/observer.observer_C:ReceiveTick
	Function /Game/observer.observer_C:ExecuteUbergraph_observer

[2016.10.27-13.12.13:197][472]LogScript:Warning: Script call stack:
	Function /Game/observer.observer_C:ReceiveTick
	Function /Game/observer.observer_C:ExecuteUbergraph_observer

[2016.10.27-13.12.13:214][473]LogScript:Warning: Script call stack:
	Function /Game/observer.observer_C:ReceiveTick
	Function /Game/observer.observer_C:ExecuteUbergraph_observer

[2016.10.27-13.12.13:232][474]LogScript:Warning: Script call stack:
	Function /Game/observer.observer_C:ReceiveTick
	Function /Game/observer.observer_C:ExecuteUbergraph_observer

[2016.10.27-13.12.13:248][475]LogScript:Warning: Script call stack:
	Function /Game/observer.observer_C:ReceiveTick
	Function /Game/observer.observer_C:ExecuteUbergraph_observer

[2016.10.27-13.12.13:264][476]LogScript:Warning: Script call stack:
	Function /Game/observer.observer_C:ReceiveTick
	Function /Game/observer.observer_C:ExecuteUbergraph_observer

[2016.10.27-13.12.13:282][477]LogScript:Warning: Script call stack:
	Function /Game/observer.observer_C:ReceiveTick
	Function /Game/observer.observer_C:ExecuteUbergraph_observer

[2016.10.27-13.12.13:299][478]LogScript:Warning: Script call stack:
	Function /Game/observer.observer_C:ReceiveTick
	Function /Game/observer.observer_C:ExecuteUbergraph_observer

[2016.10.27-13.12.13:315][479]LogScript:Warning: Script call stack:
	Function /Game/observer.observer_C:ReceiveTick
	Function /Game/observer.observer_C:ExecuteUbergraph_observer

[2016.10.27-13.12.13:331][480]LogScript:Warning: Script call stack:
	Function /Game/observer.observer_C:ReceiveTick
	Function /Game/observer.observer_C:ExecuteUbergraph_observer

[2016.10.27-13.12.13:348][481]LogScript:Warning: Script call stack:
	Function /Game/observer.observer_C:ReceiveTick
	Function /Game/observer.observer_C:ExecuteUbergraph_observer

[2016.10.27-13.12.13:364][482]LogScript:Warning: Script call stack:
	Function /Game/observer.observer_C:ReceiveTick
	Function /Game/observer.observer_C:ExecuteUbergraph_observer

[2016.10.27-13.12.13:381][483]LogScript:Warning: Script call stack:
	Function /Game/observer.observer_C:ReceiveTick
	Function /Game/observer.observer_C:ExecuteUbergraph_observer

[2016.10.27-13.12.13:397][484]LogScript:Warning: Script call stack:
	Function /Game/observer.observer_C:ReceiveTick
	Function /Game/observer.observer_C:ExecuteUbergraph_observer

[2016.10.27-13.12.13:414][485]LogScript:Warning: Script call stack:
	Function /Game/observer.observer_C:ReceiveTick
	Function /Game/observer.observer_C:ExecuteUbergraph_observer

[2016.10.27-13.12.13:431][486]LogScript:Warning: Script call stack:
	Function /Game/observer.observer_C:ReceiveTick
	Function /Game/observer.observer_C:ExecuteUbergraph_observer

[2016.10.27-13.12.13:448][487]LogScript:Warning: Script call stack:
	Function /Game/observer.observer_C:ReceiveTick
	Function /Game/observer.observer_C:ExecuteUbergraph_observer

[2016.10.27-13.12.13:464][488]LogScript:Warning: Script call stack:
	Function /Game/observer.observer_C:ReceiveTick
	Function /Game/observer.observer_C:ExecuteUbergraph_observer

[2016.10.27-13.12.13:481][489]LogScript:Warning: Script call stack:
	Function /Game/observer.observer_C:ReceiveTick
	Function /Game/observer.observer_C:ExecuteUbergraph_observer

[2016.10.27-13.12.13:497][490]LogScript:Warning: Script call stack:
	Function /Game/observer.observer_C:ReceiveTick
	Function /Game/observer.observer_C:ExecuteUbergraph_observer

[2016.10.27-13.12.13:514][491]LogScript:Warning: Script call stack:
	Function /Game/observer.observer_C:ReceiveTick
	Function /Game/observer.observer_C:ExecuteUbergraph_observer

[2016.10.27-13.12.13:530][492]LogScript:Warning: Script call stack:
	Function /Game/observer.observer_C:ReceiveTick
	Function /Game/observer.observer_C:ExecuteUbergraph_observer

[2016.10.27-13.12.13:546][493]LogScript:Warning: Script call stack:
	Function /Game/observer.observer_C:ReceiveTick
	Function /Game/observer.observer_C:ExecuteUbergraph_observer

[2016.10.27-13.12.13:563][494]LogScript:Warning: Script call stack:
	Function /Game/observer.observer_C:ReceiveTick
	Function /Game/observer.observer_C:ExecuteUbergraph_observer

[2016.10.27-13.12.13:579][495]LogScript:Warning: Script call stack:
	Function /Game/observer.observer_C:ReceiveTick
	Function /Game/observer.observer_C:ExecuteUbergraph_observer

[2016.10.27-13.12.13:595][496]LogScript:Warning: Script call stack:
	Function /Game/observer.observer_C:ReceiveTick
	Function /Game/observer.observer_C:ExecuteUbergraph_observer

[2016.10.27-13.12.13:612][497]LogScript:Warning: Script call stack:
	Function /Game/observer.observer_C:ReceiveTick
	Function /Game/observer.observer_C:ExecuteUbergraph_observer

[2016.10.27-13.12.13:628][498]LogScript:Warning: Script call stack:
	Function /Game/observer.observer_C:ReceiveTick
	Function /Game/observer.observer_C:ExecuteUbergraph_observer

[2016.10.27-13.12.13:644][499]LogScript:Warning: Script call stack:
	Function /Game/observer.observer_C:ReceiveTick
	Function /Game/observer.observer_C:ExecuteUbergraph_observer

[2016.10.27-13.12.13:660][500]LogScript:Warning: Script call stack:
	Function /Game/observer.observer_C:ReceiveTick
	Function /Game/observer.observer_C:ExecuteUbergraph_observer

[2016.10.27-13.12.13:675][501]LogScript:Warning: Script call stack:
	Function /Game/observer.observer_C:ReceiveTick
	Function /Game/observer.observer_C:ExecuteUbergraph_observer

[2016.10.27-13.12.13:691][502]LogScript:Warning: Script call stack:
	Function /Game/observer.observer_C:ReceiveTick
	Function /Game/observer.observer_C:ExecuteUbergraph_observer

[2016.10.27-13.12.13:707][503]LogScript:Warning: Script call stack:
	Function /Game/observer.observer_C:ReceiveTick
	Function /Game/observer.observer_C:ExecuteUbergraph_observer

[2016.10.27-13.12.13:724][504]LogScript:Warning: Script call stack:
	Function /Game/observer.observer_C:ReceiveTick
	Function /Game/observer.observer_C:ExecuteUbergraph_observer

[2016.10.27-13.12.13:740][505]LogScript:Warning: Script call stack:
	Function /Game/observer.observer_C:ReceiveTick
	Function /Game/observer.observer_C:ExecuteUbergraph_observer

[2016.10.27-13.12.13:756][506]LogScript:Warning: Script call stack:
	Function /Game/observer.observer_C:ReceiveTick
	Function /Game/observer.observer_C:ExecuteUbergraph_observer

[2016.10.27-13.12.13:772][507]LogScript:Warning: Script call stack:
	Function /Game/observer.observer_C:ReceiveTick
	Function /Game/observer.observer_C:ExecuteUbergraph_observer

[2016.10.27-13.12.13:788][508]LogScript:Warning: Script call stack:
	Function /Game/observer.observer_C:ReceiveTick
	Function /Game/observer.observer_C:ExecuteUbergraph_observer

[2016.10.27-13.12.13:804][509]LogScript:Warning: Script call stack:
	Function /Game/observer.observer_C:ReceiveTick
	Function /Game/observer.observer_C:ExecuteUbergraph_observer

[2016.10.27-13.12.13:821][510]LogScript:Warning: Script call stack:
	Function /Game/observer.observer_C:ReceiveTick
	Function /Game/observer.observer_C:ExecuteUbergraph_observer

[2016.10.27-13.12.13:837][511]LogScript:Warning: Script call stack:
	Function /Game/observer.observer_C:ReceiveTick
	Function /Game/observer.observer_C:ExecuteUbergraph_observer

[2016.10.27-13.12.13:853][512]LogScript:Warning: Script call stack:
	Function /Game/observer.observer_C:ReceiveTick
	Function /Game/observer.observer_C:ExecuteUbergraph_observer

[2016.10.27-13.12.13:869][513]LogScript:Warning: Script call stack:
	Function /Game/observer.observer_C:ReceiveTick
	Function /Game/observer.observer_C:ExecuteUbergraph_observer

[2016.10.27-13.12.13:885][514]LogScript:Warning: Script call stack:
	Function /Game/observer.observer_C:ReceiveTick
	Function /Game/observer.observer_C:ExecuteUbergraph_observer

[2016.10.27-13.12.13:901][515]LogScript:Warning: Script call stack:
	Function /Game/observer.observer_C:ReceiveTick
	Function /Game/observer.observer_C:ExecuteUbergraph_observer

[2016.10.27-13.12.13:917][516]LogScript:Warning: Script call stack:
	Function /Game/observer.observer_C:ReceiveTick
	Function /Game/observer.observer_C:ExecuteUbergraph_observer

[2016.10.27-13.12.13:933][517]LogScript:Warning: Script call stack:
	Function /Game/observer.observer_C:ReceiveTick
	Function /Game/observer.observer_C:ExecuteUbergraph_observer

[2016.10.27-13.12.13:950][518]LogScript:Warning: Script call stack:
	Function /Game/observer.observer_C:ReceiveTick
	Function /Game/observer.observer_C:ExecuteUbergraph_observer

[2016.10.27-13.12.13:966][519]LogScript:Warning: Script call stack:
	Function /Game/observer.observer_C:ReceiveTick
	Function /Game/observer.observer_C:ExecuteUbergraph_observer

[2016.10.27-13.12.13:982][520]LogScript:Warning: Script call stack:
	Function /Game/observer.observer_C:ReceiveTick
	Function /Game/observer.observer_C:ExecuteUbergraph_observer

[2016.10.27-13.12.13:998][521]LogScript:Warning: Script call stack:
	Function /Game/observer.observer_C:ReceiveTick
	Function /Game/observer.observer_C:ExecuteUbergraph_observer

[2016.10.27-13.12.14:014][522]LogScript:Warning: Script call stack:
	Function /Game/observer.observer_C:ReceiveTick
	Function /Game/observer.observer_C:ExecuteUbergraph_observer

[2016.10.27-13.12.14:030][523]LogScript:Warning: Script call stack:
	Function /Game/observer.observer_C:ReceiveTick
	Function /Game/observer.observer_C:ExecuteUbergraph_observer

[2016.10.27-13.12.14:046][524]LogScript:Warning: Script call stack:
	Function /Game/observer.observer_C:ReceiveTick
	Function /Game/observer.observer_C:ExecuteUbergraph_observer

[2016.10.27-13.12.14:062][525]LogScript:Warning: Script call stack:
	Function /Game/observer.observer_C:ReceiveTick
	Function /Game/observer.observer_C:ExecuteUbergraph_observer

[2016.10.27-13.12.14:079][526]LogScript:Warning: Script call stack:
	Function /Game/observer.observer_C:ReceiveTick
	Function /Game/observer.observer_C:ExecuteUbergraph_observer

[2016.10.27-13.12.14:096][527]LogScript:Warning: Script call stack:
	Function /Game/observer.observer_C:ReceiveTick
	Function /Game/observer.observer_C:ExecuteUbergraph_observer

[2016.10.27-13.12.14:114][528]LogScript:Warning: Script call stack:
	Function /Game/observer.observer_C:ReceiveTick
	Function /Game/observer.observer_C:ExecuteUbergraph_observer

[2016.10.27-13.12.14:130][529]LogScript:Warning: Script call stack:
	Function /Game/observer.observer_C:ReceiveTick
	Function /Game/observer.observer_C:ExecuteUbergraph_observer

[2016.10.27-13.12.14:147][530]LogScript:Warning: Script call stack:
	Function /Game/observer.observer_C:ReceiveTick
	Function /Game/observer.observer_C:ExecuteUbergraph_observer

[2016.10.27-13.12.14:163][531]LogScript:Warning: Script call stack:
	Function /Game/observer.observer_C:ReceiveTick
	Function /Game/observer.observer_C:ExecuteUbergraph_observer

[2016.10.27-13.12.14:180][532]LogScript:Warning: Script call stack:
	Function /Game/observer.observer_C:ReceiveTick
	Function /Game/observer.observer_C:ExecuteUbergraph_observer

[2016.10.27-13.12.14:196][533]LogScript:Warning: Script call stack:
	Function /Game/observer.observer_C:ReceiveTick
	Function /Game/observer.observer_C:ExecuteUbergraph_observer

[2016.10.27-13.12.14:213][534]LogScript:Warning: Script call stack:
	Function /Game/observer.observer_C:ReceiveTick
	Function /Game/observer.observer_C:ExecuteUbergraph_observer

[2016.10.27-13.12.14:232][535]LogScript:Warning: Script call stack:
	Function /Game/observer.observer_C:ReceiveTick
	Function /Game/observer.observer_C:ExecuteUbergraph_observer

[2016.10.27-13.12.14:248][536]LogScript:Warning: Script call stack:
	Function /Game/observer.observer_C:ReceiveTick
	Function /Game/observer.observer_C:ExecuteUbergraph_observer

[2016.10.27-13.12.14:264][537]LogScript:Warning: Script call stack:
	Function /Game/observer.observer_C:ReceiveTick
	Function /Game/observer.observer_C:ExecuteUbergraph_observer

[2016.10.27-13.12.14:280][538]LogScript:Warning: Script call stack:
	Function /Game/observer.observer_C:ReceiveTick
	Function /Game/observer.observer_C:ExecuteUbergraph_observer

[2016.10.27-13.12.14:296][539]LogScript:Warning: Script call stack:
	Function /Game/observer.observer_C:ReceiveTick
	Function /Game/observer.observer_C:ExecuteUbergraph_observer

[2016.10.27-13.12.14:314][540]LogScript:Warning: Script call stack:
	Function /Game/observer.observer_C:ReceiveTick
	Function /Game/observer.observer_C:ExecuteUbergraph_observer

[2016.10.27-13.12.14:330][541]LogScript:Warning: Script call stack:
	Function /Game/observer.observer_C:ReceiveTick
	Function /Game/observer.observer_C:ExecuteUbergraph_observer

[2016.10.27-13.12.14:346][542]LogScript:Warning: Script call stack:
	Function /Game/observer.observer_C:ReceiveTick
	Function /Game/observer.observer_C:ExecuteUbergraph_observer

[2016.10.27-13.12.14:363][543]LogScript:Warning: Script call stack:
	Function /Game/observer.observer_C:ReceiveTick
	Function /Game/observer.observer_C:ExecuteUbergraph_observer

[2016.10.27-13.12.14:379][544]LogScript:Warning: Script call stack:
	Function /Game/observer.observer_C:ReceiveTick
	Function /Game/observer.observer_C:ExecuteUbergraph_observer

[2016.10.27-13.12.14:396][545]LogScript:Warning: Script call stack:
	Function /Game/observer.observer_C:ReceiveTick
	Function /Game/observer.observer_C:ExecuteUbergraph_observer

[2016.10.27-13.12.14:412][546]LogScript:Warning: Script call stack:
	Function /Game/observer.observer_C:ReceiveTick
	Function /Game/observer.observer_C:ExecuteUbergraph_observer

[2016.10.27-13.12.14:429][547]LogScript:Warning: Script call stack:
	Function /Game/observer.observer_C:ReceiveTick
	Function /Game/observer.observer_C:ExecuteUbergraph_observer

[2016.10.27-13.12.14:446][548]LogScript:Warning: Script call stack:
	Function /Game/observer.observer_C:ReceiveTick
	Function /Game/observer.observer_C:ExecuteUbergraph_observer

[2016.10.27-13.12.14:463][549]LogScript:Warning: Script call stack:
	Function /Game/observer.observer_C:ReceiveTick
	Function /Game/observer.observer_C:ExecuteUbergraph_observer

[2016.10.27-13.12.14:480][550]LogScript:Warning: Script call stack:
	Function /Game/observer.observer_C:ReceiveTick
	Function /Game/observer.observer_C:ExecuteUbergraph_observer

[2016.10.27-13.12.14:496][551]LogScript:Warning: Script call stack:
	Function /Game/observer.observer_C:ReceiveTick
	Function /Game/observer.observer_C:ExecuteUbergraph_observer

[2016.10.27-13.12.14:512][552]LogScript:Warning: Script call stack:
	Function /Game/observer.observer_C:ReceiveTick
	Function /Game/observer.observer_C:ExecuteUbergraph_observer

[2016.10.27-13.12.14:528][553]LogScript:Warning: Script call stack:
	Function /Game/observer.observer_C:ReceiveTick
	Function /Game/observer.observer_C:ExecuteUbergraph_observer

[2016.10.27-13.12.14:545][554]LogScript:Warning: Script call stack:
	Function /Game/observer.observer_C:ReceiveTick
	Function /Game/observer.observer_C:ExecuteUbergraph_observer

[2016.10.27-13.12.14:562][555]LogScript:Warning: Script call stack:
	Function /Game/observer.observer_C:ReceiveTick
	Function /Game/observer.observer_C:ExecuteUbergraph_observer

[2016.10.27-13.12.14:578][556]LogScript:Warning: Script call stack:
	Function /Game/observer.observer_C:ReceiveTick
	Function /Game/observer.observer_C:ExecuteUbergraph_observer

[2016.10.27-13.12.14:595][557]LogScript:Warning: Script call stack:
	Function /Game/observer.observer_C:ReceiveTick
	Function /Game/observer.observer_C:ExecuteUbergraph_observer

[2016.10.27-13.12.14:611][558]LogScript:Warning: Script call stack:
	Function /Game/observer.observer_C:ReceiveTick
	Function /Game/observer.observer_C:ExecuteUbergraph_observer

[2016.10.27-13.12.14:629][559]LogScript:Warning: Script call stack:
	Function /Game/observer.observer_C:ReceiveTick
	Function /Game/observer.observer_C:ExecuteUbergraph_observer

[2016.10.27-13.12.14:645][560]LogScript:Warning: Script call stack:
	Function /Game/observer.observer_C:ReceiveTick
	Function /Game/observer.observer_C:ExecuteUbergraph_observer

[2016.10.27-13.12.14:662][561]LogScript:Warning: Script call stack:
	Function /Game/observer.observer_C:ReceiveTick
	Function /Game/observer.observer_C:ExecuteUbergraph_observer

[2016.10.27-13.12.14:678][562]LogScript:Warning: Script call stack:
	Function /Game/observer.observer_C:ReceiveTick
	Function /Game/observer.observer_C:ExecuteUbergraph_observer

[2016.10.27-13.12.14:697][563]LogScript:Warning: Script call stack:
	Function /Game/observer.observer_C:ReceiveTick
	Function /Game/observer.observer_C:ExecuteUbergraph_observer

[2016.10.27-13.12.14:713][564]LogScript:Warning: Script call stack:
	Function /Game/observer.observer_C:ReceiveTick
	Function /Game/observer.observer_C:ExecuteUbergraph_observer

[2016.10.27-13.12.14:729][565]LogScript:Warning: Script call stack:
	Function /Game/observer.observer_C:ReceiveTick
	Function /Game/observer.observer_C:ExecuteUbergraph_observer

[2016.10.27-13.12.14:745][566]LogScript:Warning: Script call stack:
	Function /Game/observer.observer_C:ReceiveTick
	Function /Game/observer.observer_C:ExecuteUbergraph_observer

[2016.10.27-13.12.14:762][567]LogScript:Warning: Script call stack:
	Function /Game/observer.observer_C:ReceiveTick
	Function /Game/observer.observer_C:ExecuteUbergraph_observer

[2016.10.27-13.12.14:779][568]LogScript:Warning: Script call stack:
	Function /Game/observer.observer_C:ReceiveTick
	Function /Game/observer.observer_C:ExecuteUbergraph_observer

[2016.10.27-13.12.14:795][569]LogScript:Warning: Script call stack:
	Function /Game/observer.observer_C:ReceiveTick
	Function /Game/observer.observer_C:ExecuteUbergraph_observer

[2016.10.27-13.12.14:812][570]LogScript:Warning: Script call stack:
	Function /Game/observer.observer_C:ReceiveTick
	Function /Game/observer.observer_C:ExecuteUbergraph_observer

[2016.10.27-13.12.14:828][571]LogScript:Warning: Script call stack:
	Function /Game/observer.observer_C:ReceiveTick
	Function /Game/observer.observer_C:ExecuteUbergraph_observer

[2016.10.27-13.12.14:844][572]LogScript:Warning: Script call stack:
	Function /Game/observer.observer_C:ReceiveTick
	Function /Game/observer.observer_C:ExecuteUbergraph_observer

[2016.10.27-13.12.14:860][573]LogScript:Warning: Script call stack:
	Function /Game/observer.observer_C:ReceiveTick
	Function /Game/observer.observer_C:ExecuteUbergraph_observer

[2016.10.27-13.12.14:877][574]LogScript:Warning: Script call stack:
	Function /Game/observer.observer_C:ReceiveTick
	Function /Game/observer.observer_C:ExecuteUbergraph_observer

[2016.10.27-13.12.14:893][575]LogScript:Warning: Script call stack:
	Function /Game/observer.observer_C:ReceiveTick
	Function /Game/observer.observer_C:ExecuteUbergraph_observer

[2016.10.27-13.12.14:909][576]LogScript:Warning: Script call stack:
	Function /Game/observer.observer_C:ReceiveTick
	Function /Game/observer.observer_C:ExecuteUbergraph_observer

[2016.10.27-13.12.14:926][577]LogScript:Warning: Script call stack:
	Function /Game/observer.observer_C:ReceiveTick
	Function /Game/observer.observer_C:ExecuteUbergraph_observer

[2016.10.27-13.12.14:943][578]LogScript:Warning: Script call stack:
	Function /Game/observer.observer_C:ReceiveTick
	Function /Game/observer.observer_C:ExecuteUbergraph_observer

[2016.10.27-13.12.14:959][579]LogScript:Warning: Script call stack:
	Function /Game/observer.observer_C:ReceiveTick
	Function /Game/observer.observer_C:ExecuteUbergraph_observer

[2016.10.27-13.12.14:973][580]LogScript:Warning: Script call stack:
	Function /Game/observer.observer_C:ReceiveTick
	Function /Game/observer.observer_C:ExecuteUbergraph_observer

[2016.10.27-13.12.14:989][581]LogScript:Warning: Script call stack:
	Function /Game/observer.observer_C:ReceiveTick
	Function /Game/observer.observer_C:ExecuteUbergraph_observer

[2016.10.27-13.12.15:005][582]LogScript:Warning: Script call stack:
	Function /Game/observer.observer_C:ReceiveTick
	Function /Game/observer.observer_C:ExecuteUbergraph_observer

[2016.10.27-13.12.15:022][583]LogScript:Warning: Script call stack:
	Function /Game/observer.observer_C:ReceiveTick
	Function /Game/observer.observer_C:ExecuteUbergraph_observer

[2016.10.27-13.12.15:038][584]LogScript:Warning: Script call stack:
	Function /Game/observer.observer_C:ReceiveTick
	Function /Game/observer.observer_C:ExecuteUbergraph_observer

[2016.10.27-13.12.15:054][585]LogScript:Warning: Script call stack:
	Function /Game/observer.observer_C:ReceiveTick
	Function /Game/observer.observer_C:ExecuteUbergraph_observer

[2016.10.27-13.12.15:070][586]LogScript:Warning: Script call stack:
	Function /Game/observer.observer_C:ReceiveTick
	Function /Game/observer.observer_C:ExecuteUbergraph_observer

[2016.10.27-13.12.15:086][587]LogScript:Warning: Script call stack:
	Function /Game/observer.observer_C:ReceiveTick
	Function /Game/observer.observer_C:ExecuteUbergraph_observer

[2016.10.27-13.12.15:102][588]LogScript:Warning: Script call stack:
	Function /Game/observer.observer_C:ReceiveTick
	Function /Game/observer.observer_C:ExecuteUbergraph_observer

[2016.10.27-13.12.15:118][589]LogScript:Warning: Script call stack:
	Function /Game/observer.observer_C:ReceiveTick
	Function /Game/observer.observer_C:ExecuteUbergraph_observer

[2016.10.27-13.12.15:134][590]LogScript:Warning: Script call stack:
	Function /Game/observer.observer_C:ReceiveTick
	Function /Game/observer.observer_C:ExecuteUbergraph_observer

[2016.10.27-13.12.15:150][591]LogScript:Warning: Script call stack:
	Function /Game/observer.observer_C:ReceiveTick
	Function /Game/observer.observer_C:ExecuteUbergraph_observer

[2016.10.27-13.12.15:167][592]LogScript:Warning: Script call stack:
	Function /Game/observer.observer_C:ReceiveTick
	Function /Game/observer.observer_C:ExecuteUbergraph_observer

[2016.10.27-13.12.15:183][593]LogScript:Warning: Script call stack:
	Function /Game/observer.observer_C:ReceiveTick
	Function /Game/observer.observer_C:ExecuteUbergraph_observer

[2016.10.27-13.12.15:199][594]LogScript:Warning: Script call stack:
	Function /Game/observer.observer_C:ReceiveTick
	Function /Game/observer.observer_C:ExecuteUbergraph_observer

[2016.10.27-13.12.15:215][595]LogScript:Warning: Script call stack:
	Function /Game/observer.observer_C:ReceiveTick
	Function /Game/observer.observer_C:ExecuteUbergraph_observer

[2016.10.27-13.12.15:231][596]LogScript:Warning: Script call stack:
	Function /Game/observer.observer_C:ReceiveTick
	Function /Game/observer.observer_C:ExecuteUbergraph_observer

[2016.10.27-13.12.15:248][597]LogScript:Warning: Script call stack:
	Function /Game/observer.observer_C:ReceiveTick
	Function /Game/observer.observer_C:ExecuteUbergraph_observer

[2016.10.27-13.12.15:264][598]LogScript:Warning: Script call stack:
	Function /Game/observer.observer_C:ReceiveTick
	Function /Game/observer.observer_C:ExecuteUbergraph_observer

[2016.10.27-13.12.15:280][599]LogScript:Warning: Script call stack:
	Function /Game/observer.observer_C:ReceiveTick
	Function /Game/observer.observer_C:ExecuteUbergraph_observer

[2016.10.27-13.12.15:296][600]LogScript:Warning: Script call stack:
	Function /Game/observer.observer_C:ReceiveTick
	Function /Game/observer.observer_C:ExecuteUbergraph_observer

[2016.10.27-13.12.15:313][601]LogScript:Warning: Script call stack:
	Function /Game/observer.observer_C:ReceiveTick
	Function /Game/observer.observer_C:ExecuteUbergraph_observer

[2016.10.27-13.12.15:329][602]LogScript:Warning: Script call stack:
	Function /Game/observer.observer_C:ReceiveTick
	Function /Game/observer.observer_C:ExecuteUbergraph_observer

[2016.10.27-13.12.15:345][603]LogScript:Warning: Script call stack:
	Function /Game/observer.observer_C:ReceiveTick
	Function /Game/observer.observer_C:ExecuteUbergraph_observer

[2016.10.27-13.12.15:361][604]LogScript:Warning: Script call stack:
	Function /Game/observer.observer_C:ReceiveTick
	Function /Game/observer.observer_C:ExecuteUbergraph_observer

[2016.10.27-13.12.15:377][605]LogScript:Warning: Script call stack:
	Function /Game/observer.observer_C:ReceiveTick
	Function /Game/observer.observer_C:ExecuteUbergraph_observer

[2016.10.27-13.12.15:394][606]LogScript:Warning: Script call stack:
	Function /Game/observer.observer_C:ReceiveTick
	Function /Game/observer.observer_C:ExecuteUbergraph_observer

[2016.10.27-13.12.15:411][607]LogScript:Warning: Script call stack:
	Function /Game/observer.observer_C:ReceiveTick
	Function /Game/observer.observer_C:ExecuteUbergraph_observer

[2016.10.27-13.12.15:427][608]LogScript:Warning: Script call stack:
	Function /Game/observer.observer_C:ReceiveTick
	Function /Game/observer.observer_C:ExecuteUbergraph_observer

[2016.10.27-13.12.15:444][609]LogScript:Warning: Script call stack:
	Function /Game/observer.observer_C:ReceiveTick
	Function /Game/observer.observer_C:ExecuteUbergraph_observer

[2016.10.27-13.12.15:461][610]LogScript:Warning: Script call stack:
	Function /Game/observer.observer_C:ReceiveTick
	Function /Game/observer.observer_C:ExecuteUbergraph_observer

[2016.10.27-13.12.15:478][611]LogScript:Warning: Script call stack:
	Function /Game/observer.observer_C:ReceiveTick
	Function /Game/observer.observer_C:ExecuteUbergraph_observer

[2016.10.27-13.12.15:494][612]LogScript:Warning: Script call stack:
	Function /Game/observer.observer_C:ReceiveTick
	Function /Game/observer.observer_C:ExecuteUbergraph_observer

[2016.10.27-13.12.15:512][613]LogScript:Warning: Script call stack:
	Function /Game/observer.observer_C:ReceiveTick
	Function /Game/observer.observer_C:ExecuteUbergraph_observer

[2016.10.27-13.12.15:528][614]LogScript:Warning: Script call stack:
	Function /Game/observer.observer_C:ReceiveTick
	Function /Game/observer.observer_C:ExecuteUbergraph_observer

[2016.10.27-13.12.15:545][615]LogScript:Warning: Script call stack:
	Function /Game/observer.observer_C:ReceiveTick
	Function /Game/observer.observer_C:ExecuteUbergraph_observer

[2016.10.27-13.12.15:561][616]LogScript:Warning: Script call stack:
	Function /Game/observer.observer_C:ReceiveTick
	Function /Game/observer.observer_C:ExecuteUbergraph_observer

[2016.10.27-13.12.15:578][617]LogScript:Warning: Script call stack:
	Function /Game/observer.observer_C:ReceiveTick
	Function /Game/observer.observer_C:ExecuteUbergraph_observer

[2016.10.27-13.12.15:594][618]LogScript:Warning: Script call stack:
	Function /Game/observer.observer_C:ReceiveTick
	Function /Game/observer.observer_C:ExecuteUbergraph_observer

[2016.10.27-13.12.15:611][619]LogScript:Warning: Script call stack:
	Function /Game/observer.observer_C:ReceiveTick
	Function /Game/observer.observer_C:ExecuteUbergraph_observer

[2016.10.27-13.12.15:628][620]LogScript:Warning: Script call stack:
	Function /Game/observer.observer_C:ReceiveTick
	Function /Game/observer.observer_C:ExecuteUbergraph_observer

[2016.10.27-13.12.15:644][621]LogScript:Warning: Script call stack:
	Function /Game/observer.observer_C:ReceiveTick
	Function /Game/observer.observer_C:ExecuteUbergraph_observer

[2016.10.27-13.12.15:661][622]LogScript:Warning: Script call stack:
	Function /Game/observer.observer_C:ReceiveTick
	Function /Game/observer.observer_C:ExecuteUbergraph_observer

[2016.10.27-13.12.15:678][623]LogScript:Warning: Script call stack:
	Function /Game/observer.observer_C:ReceiveTick
	Function /Game/observer.observer_C:ExecuteUbergraph_observer

[2016.10.27-13.12.15:696][624]LogScript:Warning: Script call stack:
	Function /Game/observer.observer_C:ReceiveTick
	Function /Game/observer.observer_C:ExecuteUbergraph_observer

[2016.10.27-13.12.15:712][625]LogScript:Warning: Script call stack:
	Function /Game/observer.observer_C:ReceiveTick
	Function /Game/observer.observer_C:ExecuteUbergraph_observer

[2016.10.27-13.12.15:728][626]LogScript:Warning: Script call stack:
	Function /Game/observer.observer_C:ReceiveTick
	Function /Game/observer.observer_C:ExecuteUbergraph_observer

[2016.10.27-13.12.15:744][627]LogScript:Warning: Script call stack:
	Function /Game/observer.observer_C:ReceiveTick
	Function /Game/observer.observer_C:ExecuteUbergraph_observer

[2016.10.27-13.12.15:760][628]LogScript:Warning: Script call stack:
	Function /Game/observer.observer_C:ReceiveTick
	Function /Game/observer.observer_C:ExecuteUbergraph_observer

[2016.10.27-13.12.15:777][629]LogScriptCore:Warning: Attempted to get an item from array CallFunc_GetAllActorsOfClass_OutActors out of bounds [1/0]!

[2016.10.27-13.12.15:777][629]LogScriptCore:Warning: Attempted to get an item from array CallFunc_GetAllActorsOfClass_OutActors out of bounds [1/0]!

[2016.10.27-13.12.15:777][629]LogScript:Warning: Script call stack:
	Function /Game/observer.observer_C:InpActEvt_LeftMouseButton_K2Node_InputKeyEvent_3
	Function /Game/observer.observer_C:ExecuteUbergraph_observer
	Function /Game/observer.observer_C:look
	Function /Game/observer.observer_C:ExecuteUbergraph_observer

[2016.10.27-13.12.15:777][629]LogScriptCore:Warning: Attempted to get an item from array CallFunc_GetAllActorsOfClass_OutActors out of bounds [1/0]!

[2016.10.27-13.12.15:777][629]LogScript:Warning: Script call stack:
	Function /Game/observer.observer_C:InpActEvt_LeftMouseButton_K2Node_InputKeyEvent_3
	Function /Game/observer.observer_C:ExecuteUbergraph_observer
	Function /Game/observer.observer_C:look
	Function /Game/observer.observer_C:ExecuteUbergraph_observer

[2016.10.27-13.12.15:777][629]LogBlueprintUserMessages: [observer_C_0] 1
[2016.10.27-13.12.15:777][629]LogScript:Warning: Script call stack:
	Function /Game/observer.observer_C:ReceiveTick
	Function /Game/observer.observer_C:ExecuteUbergraph_observer

[2016.10.27-13.12.15:794][630]LogScript:Warning: Script call stack:
	Function /Game/observer.observer_C:ReceiveTick
	Function /Game/observer.observer_C:ExecuteUbergraph_observer

[2016.10.27-13.12.15:810][631]LogScript:Warning: Script call stack:
	Function /Game/observer.observer_C:ReceiveTick
	Function /Game/observer.observer_C:ExecuteUbergraph_observer

[2016.10.27-13.12.15:826][632]LogScript:Warning: Script call stack:
	Function /Game/observer.observer_C:ReceiveTick
	Function /Game/observer.observer_C:ExecuteUbergraph_observer

[2016.10.27-13.12.15:843][633]LogScript:Warning: Script call stack:
	Function /Game/observer.observer_C:ReceiveTick
	Function /Game/observer.observer_C:ExecuteUbergraph_observer

[2016.10.27-13.12.15:860][634]LogScript:Warning: Script call stack:
	Function /Game/observer.observer_C:ReceiveTick
	Function /Game/observer.observer_C:ExecuteUbergraph_observer

[2016.10.27-13.12.15:876][635]LogScript:Warning: Script call stack:
	Function /Game/observer.observer_C:ReceiveTick
	Function /Game/observer.observer_C:ExecuteUbergraph_observer

[2016.10.27-13.12.15:893][636]LogScript:Warning: Script call stack:
	Function /Game/observer.observer_C:ReceiveTick
	Function /Game/observer.observer_C:ExecuteUbergraph_observer

[2016.10.27-13.12.15:911][637]LogScript:Warning: Script call stack:
	Function /Game/observer.observer_C:ReceiveTick
	Function /Game/observer.observer_C:ExecuteUbergraph_observer

[2016.10.27-13.12.15:927][638]LogScript:Warning: Script call stack:
	Function /Game/observer.observer_C:ReceiveTick
	Function /Game/observer.observer_C:ExecuteUbergraph_observer

[2016.10.27-13.12.15:943][639]LogScript:Warning: Script call stack:
	Function /Game/observer.observer_C:ReceiveTick
	Function /Game/observer.observer_C:ExecuteUbergraph_observer

[2016.10.27-13.12.15:960][640]LogScript:Warning: Script call stack:
	Function /Game/observer.observer_C:ReceiveTick
	Function /Game/observer.observer_C:ExecuteUbergraph_observer

[2016.10.27-13.12.15:977][641]LogScript:Warning: Script call stack:
	Function /Game/observer.observer_C:ReceiveTick
	Function /Game/observer.observer_C:ExecuteUbergraph_observer

[2016.10.27-13.12.15:993][642]LogScript:Warning: Script call stack:
	Function /Game/observer.observer_C:ReceiveTick
	Function /Game/observer.observer_C:ExecuteUbergraph_observer

[2016.10.27-13.12.16:009][643]LogScript:Warning: Script call stack:
	Function /Game/observer.observer_C:ReceiveTick
	Function /Game/observer.observer_C:ExecuteUbergraph_observer

[2016.10.27-13.12.16:026][644]LogScript:Warning: Script call stack:
	Function /Game/observer.observer_C:ReceiveTick
	Function /Game/observer.observer_C:ExecuteUbergraph_observer

[2016.10.27-13.12.16:042][645]LogScript:Warning: Script call stack:
	Function /Game/observer.observer_C:ReceiveTick
	Function /Game/observer.observer_C:ExecuteUbergraph_observer

[2016.10.27-13.12.16:059][646]LogScript:Warning: Script call stack:
	Function /Game/observer.observer_C:ReceiveTick
	Function /Game/observer.observer_C:ExecuteUbergraph_observer

[2016.10.27-13.12.16:076][647]LogScript:Warning: Script call stack:
	Function /Game/observer.observer_C:ReceiveTick
	Function /Game/observer.observer_C:ExecuteUbergraph_observer

[2016.10.27-13.12.16:093][648]LogScript:Warning: Script call stack:
	Function /Game/observer.observer_C:ReceiveTick
	Function /Game/observer.observer_C:ExecuteUbergraph_observer

[2016.10.27-13.12.16:110][649]LogScript:Warning: Script call stack:
	Function /Game/observer.observer_C:ReceiveTick
	Function /Game/observer.observer_C:ExecuteUbergraph_observer

[2016.10.27-13.12.16:127][650]LogScript:Warning: Script call stack:
	Function /Game/observer.observer_C:ReceiveTick
	Function /Game/observer.observer_C:ExecuteUbergraph_observer

[2016.10.27-13.12.16:144][651]LogBlueprintUserMessages: [observer_C_0] 0
[2016.10.27-13.12.16:694][684]LogBlueprintUserMessages: [observer_C_0] 0
[2016.10.27-13.13.46:284][128]LogNet:Warning: Network Failure: GameNetDriver[FailureReceived]: 호스트가 접속을 끊었습니다.
[2016.10.27-13.13.46:294][128]LogNet: NetworkFailure: FailureReceived, Error: '호스트가 접속을 끊었습니다.'
[2016.10.27-13.13.46:294][128]LogNet: UNetConnection::Close: [UNetConnection] RemoteAddr: 117.16.45.139:7777, Name: IpConnection_0, Driver: GameNetDriver IpNetDriver_0, IsServer: NO, PC: playercon_C_0, Owner: playercon_C_0, Channels: 11, Time: 2016.10.27-13.13.46
[2016.10.27-13.13.46:294][128]LogNet: UChannel::Close: Sending CloseBunch. ChIndex == 0. Name: [UChannel] ChIndex: 0, Closing: 0 [UNetConnection] RemoteAddr: 117.16.45.139:7777, Name: IpConnection_0, Driver: GameNetDriver IpNetDriver_0, IsServer: NO, PC: playercon_C_0, Owner: playercon_C_0
[2016.10.27-13.13.46:295][128]LogNet:Warning: Network Failure: GameNetDriver[ConnectionLost]: Your connection to the host has been lost.
[2016.10.27-13.13.46:295][128]LogNet: NetworkFailure: ConnectionLost, Error: 'Your connection to the host has been lost.'
[2016.10.27-13.13.46:300][129]LogNet: Browse: /Game/ThirdPersonBP/Maps/ThirdPersonExampleMap?closed
[2016.10.27-13.13.46:300][129]LogNet: Failed; returning to Entry
[2016.10.27-13.13.46:320][129]LogLoad: LoadMap: /Game/ThirdPersonBP/Maps/ThirdPersonExampleMap?closed
[2016.10.27-13.13.46:320][129]LogNet: World NetDriver shutdown IpNetDriver_0 [GameNetDriver]
[2016.10.27-13.13.46:320][129]LogNet: DestroyNamedNetDriver IpNetDriver_0 [GameNetDriver]
[2016.10.27-13.13.46:320][129]LogExit: GameNetDriver IpNetDriver_0 shut down
[2016.10.27-13.13.46:321][129]LogScript:Warning: Attempted to access PHUD_C_0 via property HUD, but PHUD_C_0 is pending kill
	playercon_C /Game/ThirdPersonBP/Maps/ThirdPersonExampleMap.ThirdPersonExampleMap:PersistentLevel.playercon_C_0
	Function /Game/playercon.playercon_C:ExecuteUbergraph_playercon:0141
[2016.10.27-13.13.46:321][129]LogScript:Warning: Script call stack:
	Function /Game/playercon.playercon_C:ReceiveEndPlay
	Function /Game/playercon.playercon_C:ExecuteUbergraph_playercon

[2016.10.27-13.13.46:363][129]LogMemory: Platform Memory Stats for Windows
[2016.10.27-13.13.46:363][129]LogMemory: Process Physical Memory: 683.66 MB used, 745.07 MB peak
[2016.10.27-13.13.46:363][129]LogMemory: Process Virtual Memory: 1061.13 MB used, 1175.29 MB peak
[2016.10.27-13.13.46:363][129]LogMemory: Physical Memory: 4218.77 MB used, 8113.86 MB total
[2016.10.27-13.13.46:363][129]LogMemory: Virtual Memory: 1752.14 MB used, 134217728.00 MB total
[2016.10.27-13.13.46:363][129]LogMemory: 
[2016.10.27-13.13.46:363][129]Allocator Stats for TBB: (not implemented)
[2016.10.27-13.13.46:997][129]LogAIModule: Creating AISystem for world ThirdPersonExampleMap
[2016.10.27-13.13.46:997][129]LogWorld: Game class is 'ThirdPersonGameMode_C'
[2016.10.27-13.13.47:001][129]LogWorld: Bringing World /Game/ThirdPersonBP/Maps/ThirdPersonExampleMap.ThirdPersonExampleMap up for play (max tick rate 0) at 2016.10.27-22.13.47
[2016.10.27-13.13.47:002][129]LogWorld: Bringing up level for play took: 0.003293
[2016.10.27-13.13.47:004][129]LogBlueprintUserMessages: [ThirdPersonGameMode_C_0] 2
[2016.10.27-13.13.47:005][129]LogLoad: Took 0.685549 seconds to LoadMap(/Game/ThirdPersonBP/Maps/ThirdPersonExampleMap)
[2016.10.27-13.13.51:318][389]LogWindowsTextInputMethodSystem:Display: IME system now activated using TSF (Microsoft 입력기).
[2016.10.27-13.13.51:352][389]LogScript:Warning: Accessed None trying to read property CallFunc_K2_GetPawn_ReturnValue2
	ThirdPersonGameMode_C /Game/ThirdPersonBP/Maps/ThirdPersonExampleMap.ThirdPersonExampleMap:PersistentLevel.ThirdPersonGameMode_C_0
	Function /Game/ThirdPersonBP/Blueprints/ThirdPersonGameMode.ThirdPersonGameMode_C:ExecuteUbergraph_ThirdPersonGameMode:0043
[2016.10.27-13.13.51:352][389]LogScript:Warning: Script call stack:
	Function /Game/ThirdPersonBP/Blueprints/ThirdPersonGameMode.ThirdPersonGameMode_C:K2_OnLogout
	Function /Game/ThirdPersonBP/Blueprints/ThirdPersonGameMode.ThirdPersonGameMode_C:ExecuteUbergraph_ThirdPersonGameMode

[2016.10.27-13.13.51:353][389]LogEngine: All Windows Closed
[2016.10.27-13.13.51:353][389]LogWindows: FPlatformMisc::RequestExit(0)
[2016.10.27-13.13.51:355][390]LogMoviePlayer: Shutting down movie player
[2016.10.27-13.13.52:200][390]LogExit: Preparing to exit.
[2016.10.27-13.13.52:301][390]LogExit: Game engine shut down
[2016.10.27-13.13.52:431][390]LogObj: Freed 0b from 0 cluster array pools.
[2016.10.27-13.13.52:431][390]LogExit: Object subsystem successfully closed.
[2016.10.27-13.13.52:444][390]LogD3D11RHI: Shutdown
[2016.10.27-13.13.52:444][390]LogD3D11RHI: CleanupD3DDevice
[2016.10.27-13.13.52:528][390]LogD3D11RHI: ~FD3D11DynamicRHI
[2016.10.27-13.13.52:543][390]LogModuleManager: Shutting down and abandoning module SequenceRecorderSections (112)
[2016.10.27-13.13.52:543][390]LogModuleManager: Shutting down and abandoning module SequenceRecorder (111)
[2016.10.27-13.13.52:543][390]LogModuleManager: Shutting down and abandoning module AutomationController (110)
[2016.10.27-13.13.52:543][390]LogModuleManager: Shutting down and abandoning module AutomationWorker (109)
[2016.10.27-13.13.52:543][390]LogModuleManager: Shutting down and abandoning module CharacterAI (108)
[2016.10.27-13.13.52:543][390]LogModuleManager: Shutting down and abandoning module SessionServices (107)
[2016.10.27-13.13.52:543][390]LogModuleManager: Shutting down and abandoning module GameplayDebugger (106)
[2016.10.27-13.13.52:543][390]LogModuleManager: Shutting down and abandoning module AITestSuite (105)
[2016.10.27-13.13.52:543][390]LogModuleManager: Shutting down and abandoning module AIModule (104)
[2016.10.27-13.13.52:543][390]LogModuleManager: Shutting down and abandoning module MovieSceneCapture (103)
[2016.10.27-13.13.52:543][390]LogModuleManager: Shutting down and abandoning module StreamingPauseRendering (102)
[2016.10.27-13.13.52:543][390]LogModuleManager: Shutting down and abandoning module PortalServices (101)
[2016.10.27-13.13.52:543][390]LogModuleManager: Shutting down and abandoning module PortalRpc (100)
[2016.10.27-13.13.52:543][390]LogModuleManager: Shutting down and abandoning module MessagingRpc (99)
[2016.10.27-13.13.52:543][390]LogModuleManager: Shutting down and abandoning module ProfilerService (98)
[2016.10.27-13.13.52:728][390]LogModuleManager: Shutting down and abandoning module TaskGraph (97)
[2016.10.27-13.13.52:728][390]LogModuleManager: Shutting down and abandoning module SlateRemote (96)
[2016.10.27-13.13.52:728][390]LogModuleManager: Shutting down and abandoning module SteamVRController (95)
[2016.10.27-13.13.52:728][390]LogModuleManager: Shutting down and abandoning module SteamVR (94)
[2016.10.27-13.13.52:728][390]LogModuleManager: Shutting down and abandoning module ProceduralMeshComponent (93)
[2016.10.27-13.13.52:728][390]LogModuleManager: Shutting down and abandoning module OculusLibrary (92)
[2016.10.27-13.13.52:728][390]LogModuleManager: Shutting down and abandoning module OculusInput (91)
[2016.10.27-13.13.52:728][390]LogModuleManager: Shutting down and abandoning module CustomMeshComponent (90)
[2016.10.27-13.13.52:728][390]LogModuleManager: Shutting down and abandoning module CableComponent (89)
[2016.10.27-13.13.52:728][390]LogModuleManager: Shutting down and abandoning module ArchVisCharacter (88)
[2016.10.27-13.13.52:728][390]LogModuleManager: Shutting down and abandoning module HTML5Networking (87)
[2016.10.27-13.13.52:728][390]LogModuleManager: Shutting down and abandoning module DesktopPlatform (86)
[2016.10.27-13.13.52:728][390]LogModuleManager: Shutting down and abandoning module DirectoryWatcher (85)
[2016.10.27-13.13.52:728][390]LogModuleManager: Shutting down and abandoning module HotReload (84)
[2016.10.27-13.13.52:728][390]LogModuleManager: Shutting down and abandoning module VisualStudioSourceCodeAccess (83)
[2016.10.27-13.13.52:728][390]LogModuleManager: Shutting down and abandoning module UObjectPlugin (82)
[2016.10.27-13.13.52:728][390]LogModuleManager: Shutting down and abandoning module SubversionSourceControl (81)
[2016.10.27-13.13.52:728][390]LogModuleManager: Shutting down and abandoning module SourceControl (80)
[2016.10.27-13.13.52:728][390]LogModuleManager: Shutting down and abandoning module PerforceSourceControl (79)
[2016.10.27-13.13.52:728][390]LogModuleManager: Shutting down and abandoning module UdpMessaging (78)
[2016.10.27-13.13.52:728][390]LogModuleManager: Shutting down and abandoning module LightPropagationVolumeRuntime (77)
[2016.10.27-13.13.52:728][390]LogModuleManager: Shutting down and abandoning module Paper2D (76)
[2016.10.27-13.13.52:728][390]LogModuleManager: Shutting down and abandoning module WindowsMoviePlayer (75)
[2016.10.27-13.13.52:728][390]LogModuleManager: Shutting down and abandoning module Media (74)
[2016.10.27-13.13.52:728][390]LogModuleManager: Shutting down and abandoning module WmfMedia (73)
[2016.10.27-13.13.52:729][390]LogModuleManager: Shutting down and abandoning module MediaAssets (72)
[2016.10.27-13.13.52:729][390]LogModuleManager: Shutting down and abandoning module GameLiveStreaming (71)
[2016.10.27-13.13.52:729][390]LogModuleManager: Shutting down and abandoning module GameplayTagsEditor (70)
[2016.10.27-13.13.52:729][390]LogModuleManager: Shutting down and abandoning module OnlineBlueprintSupport (69)
[2016.10.27-13.13.52:729][390]LogModuleManager: Shutting down and abandoning module VREditor (68)
[2016.10.27-13.13.52:729][390]LogModuleManager: Shutting down and abandoning module GameplayTasksEditor (67)
[2016.10.27-13.13.52:729][390]LogModuleManager: Shutting down and abandoning module PropertyEditor (66)
[2016.10.27-13.13.52:729][390]LogModuleManager: Shutting down and abandoning module BehaviorTreeEditor (65)
[2016.10.27-13.13.52:729][390]LogModuleManager: Shutting down and abandoning module FunctionalTesting (64)
[2016.10.27-13.13.52:729][390]LogModuleManager: Shutting down and abandoning module CollisionAnalyzer (63)
[2016.10.27-13.13.52:729][390]LogModuleManager: Shutting down and abandoning module Sequencer (62)
[2016.10.27-13.13.52:729][390]LogModuleManager: Shutting down and abandoning module WorkspaceMenuStructure (61)
[2016.10.27-13.13.52:729][390]LogModuleManager: Shutting down and abandoning module MessageLog (60)
[2016.10.27-13.13.52:729][390]LogModuleManager: Shutting down and abandoning module AssetTools (59)
[2016.10.27-13.13.52:729][390]LogModuleManager: Shutting down and abandoning module UMGEditor (58)
[2016.10.27-13.13.52:729][390]LogModuleManager: Shutting down and abandoning module UMG (57)
[2016.10.27-13.13.52:729][390]LogModuleManager: Shutting down and abandoning module SlateReflector (56)
[2016.10.27-13.13.52:729][390]LogModuleManager: Shutting down and abandoning module Slate (55)
[2016.10.27-13.13.52:729][390]LogModuleManager: Shutting down and abandoning module EditorStyle (54)
[2016.10.27-13.13.52:733][390]LogModuleManager: Shutting down and abandoning module Messaging (53)
[2016.10.27-13.13.52:733][390]LogModuleManager: Shutting down and abandoning module SourceCodeAccess (52)
[2016.10.27-13.13.52:733][390]LogModuleManager: Shutting down and abandoning module HeadMountedDisplay (51)
[2016.10.27-13.13.52:733][390]LogModuleManager: Shutting down and abandoning module XAudio2 (50)
[2016.10.27-13.13.52:733][390]LogModuleManager: Shutting down and abandoning module Networking (48)
[2016.10.27-13.13.52:733][390]LogModuleManager: Shutting down and abandoning module Core (47)
[2016.10.27-13.13.52:733][390]LogModuleManager: Shutting down and abandoning module KismetCompiler (46)
[2016.10.27-13.13.52:733][390]LogModuleManager: Shutting down and abandoning module PhysXFormats (45)
[2016.10.27-13.13.52:733][390]LogModuleManager: Shutting down and abandoning module MeshUtilities (44)
[2016.10.27-13.13.52:733][390]LogModuleManager: Shutting down and abandoning module AssetRegistry (43)
[2016.10.27-13.13.52:734][390]LogModuleManager: Shutting down and abandoning module DerivedDataCache (42)
[2016.10.27-13.13.53:044][390]LogDerivedDataCache: Shutdown
[2016.10.27-13.13.53:044][390]LogModuleManager: Shutting down and abandoning module VulkanShaderFormat (41)
[2016.10.27-13.13.53:044][390]LogModuleManager: Shutting down and abandoning module ShaderFormatOpenGL (40)
[2016.10.27-13.13.53:044][390]LogModuleManager: Shutting down and abandoning module ShaderFormatD3D (39)
[2016.10.27-13.13.53:044][390]LogModuleManager: Shutting down and abandoning module MetalShaderFormat (38)
[2016.10.27-13.13.53:044][390]LogModuleManager: Shutting down and abandoning module TextureFormatUncompressed (37)
[2016.10.27-13.13.53:044][390]LogModuleManager: Shutting down and abandoning module TextureFormatPVR (36)
[2016.10.27-13.13.53:044][390]LogModuleManager: Shutting down and abandoning module TextureFormatIntelISPCTexComp (35)
[2016.10.27-13.13.53:044][390]LogModuleManager: Shutting down and abandoning module TextureFormatDXT (34)
[2016.10.27-13.13.53:044][390]LogModuleManager: Shutting down and abandoning module ImageWrapper (33)
[2016.10.27-13.13.53:044][390]LogModuleManager: Shutting down and abandoning module TextureFormatASTC (32)
[2016.10.27-13.13.53:044][390]LogModuleManager: Shutting down and abandoning module TextureFormatAndroid (31)
[2016.10.27-13.13.53:044][390]LogModuleManager: Shutting down and abandoning module AudioFormatOpus (30)
[2016.10.27-13.13.53:044][390]LogModuleManager: Shutting down and abandoning module AudioFormatOgg (29)
[2016.10.27-13.13.53:044][390]LogModuleManager: Shutting down and abandoning module AudioFormatADPCM (28)
[2016.10.27-13.13.53:044][390]LogModuleManager: Shutting down and abandoning module WindowsTargetPlatform (27)
[2016.10.27-13.13.53:044][390]LogModuleManager: Shutting down and abandoning module WindowsServerTargetPlatform (26)
[2016.10.27-13.13.53:044][390]LogModuleManager: Shutting down and abandoning module WindowsNoEditorTargetPlatform (25)
[2016.10.27-13.13.53:044][390]LogModuleManager: Shutting down and abandoning module WindowsClientTargetPlatform (24)
[2016.10.27-13.13.53:044][390]LogModuleManager: Shutting down and abandoning module TargetPlatform (23)
[2016.10.27-13.13.53:044][390]LogModuleManager: Shutting down and abandoning module InputCore (22)
[2016.10.27-13.13.53:044][390]LogModuleManager: Shutting down and abandoning module Settings (21)
[2016.10.27-13.13.53:044][390]LogModuleManager: Shutting down and abandoning module OnlineSubsystem (19)
[2016.10.27-13.13.53:044][390]LogModuleManager: Shutting down and abandoning module HTTP (18)
[2016.10.27-13.13.53:045][390]LogModuleManager: Shutting down and abandoning module XMPP (17)
[2016.10.27-13.13.53:045][390]LogModuleManager: Shutting down and abandoning module OculusRift (16)
[2016.10.27-13.13.53:045][390]LogModuleManager: Shutting down and abandoning module ExampleDeviceProfileSelector (15)
[2016.10.27-13.13.53:045][390]LogModuleManager: Shutting down and abandoning module TextureCompressor (14)
[2016.10.27-13.13.53:045][390]LogModuleManager: Shutting down and abandoning module ShaderCore (13)
[2016.10.27-13.13.53:045][390]LogModuleManager: Shutting down and abandoning module Landscape (12)
[2016.10.27-13.13.53:045][390]LogModuleManager: Shutting down and abandoning module SlateRHIRenderer (11)
[2016.10.27-13.13.53:045][390]LogModuleManager: Shutting down and abandoning module OpenGLDrv (10)
[2016.10.27-13.13.53:045][390]LogModuleManager: Shutting down and abandoning module D3D11RHI (9)
[2016.10.27-13.13.53:045][390]LogModuleManager: Shutting down and abandoning module AnimGraphRuntime (8)
[2016.10.27-13.13.53:045][390]LogModuleManager: Shutting down and abandoning module Renderer (7)
[2016.10.27-13.13.53:045][390]LogModuleManager: Shutting down and abandoning module Engine (6)
[2016.10.27-13.13.53:045][390]LogModuleManager: Shutting down and abandoning module CoreUObject (5)
[2016.10.27-13.13.53:045][390]LogModuleManager: Shutting down and abandoning module NetworkFile (4)
[2016.10.27-13.13.53:045][390]LogModuleManager: Shutting down and abandoning module StreamingFile (3)
[2016.10.27-13.13.53:045][390]LogModuleManager: Shutting down and abandoning module SandboxFile (2)
[2016.10.27-13.13.53:045][390]LogModuleManager: Shutting down and abandoning module PakFile (1)
[2016.10.27-13.13.53:048][390]LogExit: Exiting.
[2016.10.27-13.13.53:059][390]Log file closed, 10/27/16 22:13:53
