Log file open, 03/09/17 23:19:03
LogInit:Display: Running engine for game: UNNAMED
LogPlatformFile: Not using cached read wrapper
LogInit:Display: RandInit(-379005352) SRandInit(-379005348).
LogTaskGraph: Started task graph with 4 named threads and 7 total threads with 1 sets of task threads.
LogStats: Stats thread started at 0.234795
LogInit: Version: 4.12.5-3039270+++UE4+Release-4.12
LogInit: API Version: 2992821
LogInit: Net Version: 3039270
LogDevObjectVersion: Number of dev versions registered: 13
LogDevObjectVersion:   Dev-Blueprints (B0D832E4-1F89-4F0D-ACCF-7EB736FD4AA2): 3
LogDevObjectVersion:   Dev-Build (E1C64328-A22C-4D53-A36C-8E866417BD8C): 0
LogDevObjectVersion:   Dev-Core (375EC13C-06E4-48FB-B500-84F0262A717E): 1
LogDevObjectVersion:   Dev-Editor (E4B068ED-F494-42E9-A231-DA0B2E46BB41): 2
LogDevObjectVersion:   Dev-Framework (CFFC743F-43B0-4480-9391-14DF171D2073): 6
LogDevObjectVersion:   Dev-Mobile (B02B49B5-BB20-44E9-A304-32B752E40360): 0
LogDevObjectVersion:   Dev-Networking (A4E4105C-59A1-49B5-A7C5-40C4547EDFEE): 0
LogDevObjectVersion:   Dev-Online (39C831C9-5AE6-47DC-9A44-9C173E1C8E7C): 0
LogDevObjectVersion:   Dev-Physics (78F01B33-EBEA-4F98-B9B4-84EACCB95AA2): 0
LogDevObjectVersion:   Dev-Platform (6631380F-2D4D-43E0-8009-CF276956A95A): 0
LogDevObjectVersion:   Dev-Rendering (12F88B9F-8875-4AFC-A67C-D90C383ABD29): 2
LogDevObjectVersion:   Dev-Sequencer (7B5AE74C-D270-4C10-A958-57980B212A5A): 0
LogDevObjectVersion:   Dev-VR (D7296918-1DD6-4BDD-9DE2-64A83CC13884): 0
LogInit: Compiled (64-bit): Jul  6 2016 09:09:46
LogInit: Compiled with Visual C++: 19.00.23026.00
LogInit: Build Configuration: Development
LogInit: Branch Name: ++UE4+Release-4.12
LogInit: Command line:  
LogInit: Base directory: C:/Program Files (x86)/Epic Games/4.12/Engine/Binaries/Win64/
LogInit: Installed Engine Build: 1
LogInit: Using libcurl 7.41.0
LogInit:  - built for x86_64-pc-win32
LogInit:  - supports SSL with WinSSL
LogInit:  - other features:
LogInit:      CURL_VERSION_SSL
LogInit:      CURL_VERSION_IPV6
LogInit:      CURL_VERSION_ASYNCHDNS
LogInit:      CURL_VERSION_LARGEFILE
LogInit:      CURL_VERSION_IDN
LogInit:  CurlRequestOptions (configurable via config and command line):
LogInit:  - bVerifyPeer = true  - Libcurl will verify peer certificate
LogInit:  - bUseHttpProxy = false  - Libcurl will NOT use HTTP proxy
LogInit:  - bDontReuseConnections = false  - Libcurl will reuse connections
LogInit:  - CertBundlePath = nullptr  - Libcurl will use whatever was configured at build time.
LogOnline:Display: STEAM: Loading Steam SDK 1.32
LogOnline:Warning: STEAM: Steam API disabled!
LogOnline:Display: STEAM: OnlineSubsystemSteam::Shutdown()
LogInit: WinSock: version 1.1 (2.2), MaxSocks=32767, MaxUdp=65467
LogVoice:Warning: Failed to initialize voice interface
LogInit: Presizing for max 8388607 objects, including 0 objects not considered by GC, pre-allocating 0 bytes for permanent pool.
LogInit: Object subsystem initialized
[2017.03.09-14.19.04:270][  0]LogInit: Selected Device Profile: [Windows]
[2017.03.09-14.19.04:270][  0]LogInit: Applying CVar settings loaded from the selected device profile: [Windows]
[2017.03.09-14.19.04:306][  0]LogInit: Computer: DESKTOP-5I3HB32
[2017.03.09-14.19.04:306][  0]LogInit: User: jcy
[2017.03.09-14.19.04:306][  0]LogInit: CPU Page size=65536, Cores=4
[2017.03.09-14.19.04:306][  0]LogInit: High frequency timer resolution =2.533199 MHz
[2017.03.09-14.19.04:306][  0]LogMemory: Memory total: Physical=7.9GB (8GB approx)
[2017.03.09-14.19.04:306][  0]LogMemory: Platform Memory Stats for Windows
[2017.03.09-14.19.04:306][  0]LogMemory: Process Physical Memory: 193.19 MB used, 193.19 MB peak
[2017.03.09-14.19.04:307][  0]LogMemory: Process Virtual Memory: 195.58 MB used, 195.58 MB peak
[2017.03.09-14.19.04:307][  0]LogMemory: Physical Memory: 5713.94 MB used, 8113.86 MB total
[2017.03.09-14.19.04:307][  0]LogMemory: Virtual Memory: 556.82 MB used, 134217728.00 MB total
[2017.03.09-14.19.06:277][  0]LogD3D11RHI: D3D11 adapters:
[2017.03.09-14.19.07:393][  0]LogD3D11RHI:    0. 'NVIDIA GeForce GTX 960M' (Feature Level 11_0)
[2017.03.09-14.19.07:393][  0]LogD3D11RHI:       2019/0/4056 MB DedicatedVideo/DedicatedSystem/SharedSystem, Outputs:2, VendorId:0x10de
[2017.03.09-14.19.07:830][  0]LogD3D11RHI:    1. 'Intel(R) HD Graphics 4600' (Feature Level 11_0)
[2017.03.09-14.19.07:830][  0]LogD3D11RHI:       112/0/2048 MB DedicatedVideo/DedicatedSystem/SharedSystem, Outputs:0, VendorId:0x8086
[2017.03.09-14.19.07:833][  0]LogD3D11RHI:    2. 'Microsoft Basic Render Driver' (Feature Level 11_0)
[2017.03.09-14.19.07:833][  0]LogD3D11RHI:       0/0/4056 MB DedicatedVideo/DedicatedSystem/SharedSystem, Outputs:0, VendorId:0x1414
[2017.03.09-14.19.07:833][  0]LogD3D11RHI: Chosen D3D11 Adapter: 0
[2017.03.09-14.19.07:838][  0]LogD3D11RHI: Creating new Direct3DDevice
[2017.03.09-14.19.07:838][  0]LogD3D11RHI:     GPU DeviceId: 0x139b (for the marketing name, search the web for "GPU Device Id")
[2017.03.09-14.19.07:838][  0]LogWindows: EnumDisplayDevices:
[2017.03.09-14.19.07:839][  0]LogWindows:    0. 'Intel(R) HD Graphics 4600' (P:1 D:1)
[2017.03.09-14.19.07:839][  0]LogWindows:    1. 'Intel(R) HD Graphics 4600' (P:0 D:1)
[2017.03.09-14.19.07:839][  0]LogWindows:    2. 'Intel(R) HD Graphics 4600' (P:0 D:0)
[2017.03.09-14.19.07:839][  0]LogWindows: DebugString: PrimaryIsNotTheChoosenAdapter PrimaryIsNotTheChoosenAdapter PrimaryIsNotTheChoosenAdapter FoundDriverCount:0 
[2017.03.09-14.19.07:839][  0]LogD3D11RHI:     Adapter Name: NVIDIA GeForce GTX 960M
[2017.03.09-14.19.07:839][  0]LogD3D11RHI:   Driver Version: Unknown (internal:Unknown, unified:Unknown)
[2017.03.09-14.19.07:839][  0]LogD3D11RHI:      Driver Date: Unknown
[2017.03.09-14.19.07:839][  0]LogRHI: Texture pool is 1361 MB (70% of 1945 MB)
[2017.03.09-14.19.08:480][  0]LogD3D11RHI: Async texture creation enabled
[2017.03.09-14.19.09:696][  0]LogD3D11RHI: GPU Timing Frequency: 1000.000000 (Debug: 2 1)
[2017.03.09-14.19.09:697][  0]LogShaderCompilers: Guid format shader working directory is -16 characters bigger than the processId version (../../../../../../Users/jcy/Documents/GitHub/UNNAMED/UNNAMED/Intermediate/Shaders/WorkingDirectory/1680/).
[2017.03.09-14.19.09:697][  0]LogShaderCompilers: Cleaned the shader compiler working directory 'C:/Users/jcy/AppData/Local/Temp/UnrealShaderWorkingDir/F7A71F0B40E34DB9F12664980E8EFE7D/'.
[2017.03.09-14.19.09:697][  0]LogShaderCompilers:Display: Using Local Shader Compiler.
[2017.03.09-14.19.11:626][  0]LogTemp:Display: Loaded TP AllDesktopTargetPlatform
[2017.03.09-14.19.11:734][  0]LogTemp:Display: Loaded TP WindowsClientTargetPlatform
[2017.03.09-14.19.11:781][  0]LogTemp:Display: Loaded TP WindowsNoEditorTargetPlatform
[2017.03.09-14.19.11:830][  0]LogTemp:Display: Loaded TP WindowsServerTargetPlatform
[2017.03.09-14.19.11:900][  0]LogTemp:Display: Loaded TP WindowsTargetPlatform
[2017.03.09-14.19.11:971][  0]LogTemp:Display: Loaded TP AndroidTargetPlatform
[2017.03.09-14.19.12:040][  0]LogTemp:Display: Loaded TP Android_ASTCTargetPlatform
[2017.03.09-14.19.12:086][  0]LogTemp:Display: Loaded TP Android_ATCTargetPlatform
[2017.03.09-14.19.12:153][  0]LogTemp:Display: Loaded TP Android_DXTTargetPlatform
[2017.03.09-14.19.12:236][  0]LogTemp:Display: Loaded TP Android_ETC1TargetPlatform
[2017.03.09-14.19.12:299][  0]LogTemp:Display: Loaded TP Android_ETC2TargetPlatform
[2017.03.09-14.19.12:448][  0]LogTemp:Display: Loaded TP Android_MultiTargetPlatform
[2017.03.09-14.19.12:448][  0]LogTemp:Display: Loaded TP Android_PVRTCTargetPlatform
[2017.03.09-14.19.12:485][  0]LogTemp:Display: Loaded TP HTML5TargetPlatform
[2017.03.09-14.19.12:665][  0]LogTemp:Display: Loaded TP IOSTargetPlatform
[2017.03.09-14.19.12:709][  0]LogTemp:Display: Loaded TP TVOSTargetPlatform
[2017.03.09-14.19.12:772][  0]LogTemp:Display: Loaded TP LinuxNoEditorTargetPlatform
[2017.03.09-14.19.12:822][  0]LogTemp:Display: Loaded TP LinuxServerTargetPlatform
[2017.03.09-14.19.12:903][  0]LogTemp:Display: Loaded TP LinuxTargetPlatform
[2017.03.09-14.19.12:903][  0]LogTargetPlatformManager:Display: Building Assets For Windows
[2017.03.09-14.19.14:448][  0]LogDerivedDataCache:Display: Max Cache Size: 512 MB
[2017.03.09-14.19.14:585][  0]LogDerivedDataCache: Loaded boot cache 0.14s 73MB C:/Users/jcy/AppData/Local/UnrealEngine/4.12/DerivedDataCache/Boot.ddc.
[2017.03.09-14.19.14:585][  0]LogDerivedDataCache:Display: Loaded Boot cache: C:/Users/jcy/AppData/Local/UnrealEngine/4.12/DerivedDataCache/Boot.ddc
[2017.03.09-14.19.14:585][  0]LogDerivedDataCache: FDerivedDataBackendGraph:  Pak pak cache file ../../../../../../Users/jcy/Documents/GitHub/UNNAMED/UNNAMED/DerivedDataCache/DDC.ddp not found, will not use a pak cache.
[2017.03.09-14.19.14:585][  0]LogDerivedDataCache: Unable to find inner node Pak for hierarchical cache Hierarchy.
[2017.03.09-14.19.14:585][  0]LogDerivedDataCache: FDerivedDataBackendGraph:  CompressedPak pak cache file ../../../../../../Users/jcy/Documents/GitHub/UNNAMED/UNNAMED/DerivedDataCache/Compressed.ddp not found, will not use a pak cache.
[2017.03.09-14.19.14:585][  0]LogDerivedDataCache: Unable to find inner node CompressedPak for hierarchical cache Hierarchy.
[2017.03.09-14.19.14:608][  0]LogDerivedDataCache:Display: Pak cache opened for reading ../../../Engine/DerivedDataCache/Compressed.ddp.
[2017.03.09-14.19.14:620][  0]LogDerivedDataCache: Using Local data cache path C:/Users/jcy/AppData/Local/UnrealEngine/Common/DerivedDataCache: Writable
[2017.03.09-14.19.14:879][  0]LogInit: Selected Device Profile: [Windows]
[2017.03.09-14.19.14:880][  0]LogContentStreaming: Texture pool size is 0.00 MB
[2017.03.09-14.19.15:205][  0]LogMeshUtilities: No automatic mesh reduction module available
[2017.03.09-14.19.15:206][  0]LogMeshUtilities: No automatic mesh merging module available
[2017.03.09-14.19.15:206][  0]LogMeshUtilities: No distributed automatic mesh merging module available
[2017.03.09-14.19.16:061][  0]LogAssetRegistry: FAssetRegistry took 0.0226 seconds to start up
[2017.03.09-14.19.16:160][  0]LogPackageLocalizationCache: Processed 3 localized package path(s) for 1 prioritized culture(s) in 0.089687 seconds
[2017.03.09-14.19.16:165][  0]LogUObjectArray: 28746 objects as part of root set at end of initial load.
[2017.03.09-14.19.16:165][  0]LogUObjectAllocator: 6069096 out of 0 bytes used by permanent object pool.
[2017.03.09-14.19.16:165][  0]LogUObjectArray: CloseDisregardForGC: 0/0 objects in disregard for GC pool
[2017.03.09-14.19.22:641][  0]LogSlate: SlateFontCache - WITH_FREETYPE: 1, WITH_HARFBUZZ: 1
[2017.03.09-14.19.22:641][  0]LogSlate: SlateFontCache - WITH_FREETYPE: 1, WITH_HARFBUZZ: 1
[2017.03.09-14.19.24:401][  0]LogUdpMessaging: Initializing bridge on interface 0.0.0.0:0 to multicast group 230.0.0.1:6666.
[2017.03.09-14.19.25:530][  0]SourceControl: Info Source control is disabled
[2017.03.09-14.19.25:532][  0]SourceControl: Info Source control is disabled
[2017.03.09-14.19.25:695][  0]SourceControl: Info Source control is disabled
[2017.03.09-14.19.25:838][  0]SourceControl: Info Source control is disabled
[2017.03.09-14.19.27:774][  0]LogEngine: Initializing Engine...
[2017.03.09-14.19.27:800][  0]LogHMD: SteamVR failed to initialize.  Err: 110
[2017.03.09-14.19.27:802][  0]LogHMD: SteamVR failed to initialize.  Err: 110
[2017.03.09-14.19.28:067][  0]LogAIModule: Creating AISystem for world NewWorld
[2017.03.09-14.19.28:076][  0]LogInit: XAudio2 using '스피커(Realtek High Definition Audio)' : 2 channels at 48 kHz using 32 bits per sample (channel mask 0x3)
[2017.03.09-14.19.28:156][  0]LogInit: FAudioDevice initialized.
[2017.03.09-14.19.28:265][  0]LogDerivedDataCache: Saved boot cache 0.11s 73MB C:/Users/jcy/AppData/Local/UnrealEngine/4.12/DerivedDataCache/Boot.ddc.
[2017.03.09-14.19.28:277][  0]LogInit: Texture streaming: Enabled
[2017.03.09-14.19.28:637][  0]LogInit: Transaction tracking system initialized
[2017.03.09-14.19.29:345][  0]BlueprintLog: New page: Editor Load
[2017.03.09-14.19.31:364][  0]LocalizationService: Info Localization service is disabled
[2017.03.09-14.19.32:336][  0]LogConsoleResponse:Display: 
[2017.03.09-14.19.32:545][  0]LogCook:Display: Max memory allowance for cook 8192mb
[2017.03.09-14.19.32:545][  0]LogCook:Display: Mobile HDR setting 1
[2017.03.09-14.19.33:283][  0]LogFileCache: Scanning file cache for directory 'C:/Users/jcy/Documents/GitHub/UNNAMED/UNNAMED/Content/' took 0.08s
[2017.03.09-14.19.33:833][  0]SourceControl: Info Source control is disabled
[2017.03.09-14.19.33:833][  0]Cmd: MAP LOAD FILE="../../../../../../Users/jcy/Documents/GitHub/UNNAMED/UNNAMED/Content/Map/Main.umap" TEMPLATE=0 SHOWPROGRESS=1 FEATURELEVEL=3
[2017.03.09-14.19.33:844][  0]LightingResults: New page: Lighting Build
[2017.03.09-14.19.33:862][  0]MapCheck: New page: Map Check
[2017.03.09-14.19.33:862][  0]LightingResults: New page: Lighting Build
[2017.03.09-14.19.34:630][  0]LogAIModule: Creating AISystem for world Main
[2017.03.09-14.19.34:631][  0]LogEditorServer: Finished looking for orphan Actors (0.000 secs)
[2017.03.09-14.19.34:631][  0]Cmd: MAP CHECKDEP NOCLEARLOG
[2017.03.09-14.19.34:727][  0]MapCheck: Info Map check complete: 0 Error(s), 0 Warning(s), took 96.281ms to complete.
[2017.03.09-14.19.34:727][  0]LogFileHelpers: Loading map 'Main' took 0.895
[2017.03.09-14.19.35:036][  0]LogCollectionManager: Loaded 1 collections in 0.005717 seconds
[2017.03.09-14.19.35:082][  0]LogFileCache: Scanning file cache for directory 'C:/Users/jcy/Documents/GitHub/UNNAMED/UNNAMED/Saved/Collections/' took 0.01s
[2017.03.09-14.19.35:082][  0]LogFileCache: Scanning file cache for directory 'C:/Users/jcy/Documents/GitHub/UNNAMED/UNNAMED/Content/Developers/jcy/Collections/' took 0.01s
[2017.03.09-14.19.35:082][  0]LogFileCache: Scanning file cache for directory 'C:/Users/jcy/Documents/GitHub/UNNAMED/UNNAMED/Content/Collections/' took 0.01s
[2017.03.09-14.19.35:082][  0]LogCollectionManager: Rebuilt the GUID cache for 1 collections in 0.000004 seconds
[2017.03.09-14.19.35:082][  0]LogCollectionManager: Rebuilt the hierarchy cache for 1 collections in 0.000000 seconds
[2017.03.09-14.19.35:091][  0]LogContentBrowser: Native class hierarchy populated in 0.0083 seconds. Added 2049 classes and 371 folders.
[2017.03.09-14.19.35:096][  0]LogStats: UGameplayTagsManager::ConstructGameplayTagTree: Construct from data asset -  0.000 s
[2017.03.09-14.19.35:096][  0]LogStats: UGameplayTagsManager::ConstructGameplayTagTree: GameplayTagTreeChangedEvent.Broadcast -  0.000 s
[2017.03.09-14.19.35:096][  0]LogContentBrowser: Native class hierarchy updated for 'GameplayTags' in 0.0004 seconds. Added 12 classes and 0 folders.
[2017.03.09-14.19.35:106][  0]LogContentBrowser: Native class hierarchy updated for 'WidgetCarousel' in 0.0009 seconds. Added 0 classes and 0 folders.
[2017.03.09-14.19.35:186][  0]LogContentBrowser: Native class hierarchy updated for 'AddContentDialog' in 0.0007 seconds. Added 0 classes and 0 folders.
[2017.03.09-14.19.35:298][  0]LogContentBrowser: Native class hierarchy updated for 'SceneOutliner' in 0.0009 seconds. Added 1 classes and 2 folders.
[2017.03.09-14.19.35:387][  0]LogCrashTracker: Crashtracker disabled due to settings.
[2017.03.09-14.19.35:398][  0]LogUObjectGlobals:Warning: Failed to find object 'Class None.'
[2017.03.09-14.19.35:541][  0]LogContentBrowser: Native class hierarchy updated for 'HierarchicalLODOutliner' in 0.0009 seconds. Added 1 classes and 2 folders.
[2017.03.09-14.19.35:542][  0]LogLoad: Full Startup: 35.04 seconds (BP compile: 0.27 seconds)
[2017.03.09-14.19.35:542][  0]LogExternalProfiler: Found external profiler: VSPerf
[2017.03.09-14.19.35:542][  0]LogExternalProfiler: Using external profiler: VSPerf
[2017.03.09-14.19.35:585][  0]LogWindowsTextInputMethodSystem:Display: IME system now activated using TSF (Microsoft 입력기).
[2017.03.09-14.19.35:593][  0]LogOcInput: OculusInput pre-init called
[2017.03.09-14.19.35:617][  0]LogContentStreaming: Texture pool size now 1000 MB
[2017.03.09-14.19.35:805][  0]LogRenderer: Reallocating scene render targets to support 1024x512 (Frame:2).
[2017.03.09-14.19.36:078][  4]LogAssetRegistry: Asset discovery search completed in 20.0400 seconds
[2017.03.09-14.19.36:078][  4]LogCollectionManager: Rebuilt the object cache for 1 collections in 0.000009 seconds (found 0 objects)
[2017.03.09-14.19.36:078][  4]LogCollectionManager: Fixed up redirectors for 1 collections in 0.000025 seconds (updated 0 objects)
[2017.03.09-14.19.43:479][ 33]LogContentBrowser: Native class hierarchy updated for 'BlueprintGraph' in 0.0009 seconds. Added 111 classes and 0 folders.
[2017.03.09-14.19.54:726][294]LogRenderer: Reallocating scene render targets to support 1172x532 (Frame:8).
[2017.03.09-14.21.01:587][247]LogAIModule: Creating AISystem for world TestMap
[2017.03.09-14.21.01:694][247]Cmd: MAP LOAD FILE="../../../../../../Users/jcy/Documents/GitHub/UNNAMED/UNNAMED/Content/Map/TestMap.umap" TEMPLATE=0 SHOWPROGRESS=1 FEATURELEVEL=3
[2017.03.09-14.21.01:694][247]LightingResults: New page: Lighting Build
[2017.03.09-14.21.01:695][247]LoadErrors: New page: Loading map: TestMap.umap
[2017.03.09-14.21.01:695][247]MapCheck: New page: Map Check
[2017.03.09-14.21.01:695][247]LightingResults: New page: Lighting Build
[2017.03.09-14.21.01:862][247]LogEditorServer: Finished looking for orphan Actors (0.000 secs)
[2017.03.09-14.21.02:014][247]Cmd: MAP CHECKDEP NOCLEARLOG
[2017.03.09-14.21.02:176][247]MapCheck: Info Map check complete: 0 Error(s), 0 Warning(s), took 161.807ms to complete.
[2017.03.09-14.21.02:177][247]LogFileHelpers: Loading map 'TestMap' took 0.484
[2017.03.09-14.21.36:638][623]LogPlayLevel: PlayLevel: No blueprints needed recompiling
[2017.03.09-14.21.36:645][623]PIE: New page: PIE session: TestMap (Mar 10, 2017, 8:21:36 AM)
[2017.03.09-14.21.36:645][623]LogPlayLevel: Creating play world package: /Game/Map/UEDPIE_1_TestMap
[2017.03.09-14.21.36:647][623]LogPlayLevel: PIE: StaticDuplicateObject took: (0.001958s)
[2017.03.09-14.21.36:648][623]LogAIModule: Creating AISystem for world TestMap
[2017.03.09-14.21.36:648][623]LogPlayLevel: PIE: World Init took: (0.000734s)
[2017.03.09-14.21.36:648][623]LogPlayLevel: PIE: Created PIE world by copying editor world from /Game/Map/TestMap.TestMap to /Game/Map/UEDPIE_1_TestMap.TestMap (0.002983s)
[2017.03.09-14.21.36:714][623]LogInit: XAudio2 using '스피커(Realtek High Definition Audio)' : 2 channels at 48 kHz using 32 bits per sample (channel mask 0x3)
[2017.03.09-14.21.36:743][623]LogInit: FAudioDevice initialized.
[2017.03.09-14.21.36:825][623]LogWorld: Game class is 'MyGameMode_C'
[2017.03.09-14.21.36:830][623]LogWorld: Bringing World /Game/Map/UEDPIE_1_TestMap.TestMap up for play (max tick rate 60) at 2017.03.09-23.21.36
[2017.03.09-14.21.36:832][623]LogWorld: Bringing up level for play took: 0.005527
[2017.03.09-14.21.36:843][623]LogVoice:Warning: Failed to initialize voice interface
[2017.03.09-14.21.36:850][623]LogContentBrowser: Native class hierarchy updated for 'MovieSceneCapture' in 0.0007 seconds. Added 11 classes and 0 folders.
[2017.03.09-14.21.36:851][623]LogScript:Warning: Accessed None trying to read property CallFunc_K2_GetPawn_ReturnValue
	MyGameMode_C /Game/Map/UEDPIE_1_TestMap.TestMap:PersistentLevel.MyGameMode_C_0
	Function /Game/BP/MyGameMode.MyGameMode_C:ExecuteUbergraph_MyGameMode:0A0F
[2017.03.09-14.21.36:851][623]PIE:Error: Error Blueprint Runtime Error: Accessed None trying to read property CallFunc_K2_GetPawn_ReturnValue from function: 'ExecuteUbergraph_MyGameMode' from node: DestroyActor in graph: EventGraph in object: MyGameMode with description: Accessed None trying to read property CallFunc_K2_GetPawn_ReturnValue
[2017.03.09-14.21.36:851][623]LogScriptCore:Warning: Attempted to get an item from array CallFunc_GetAllActorsOfClass_OutActors out of bounds [1/0]!

[2017.03.09-14.21.36:851][623]LogScript:Warning: Accessed None trying to read property CallFunc_Array_Get_Item
	MyGameMode_C /Game/Map/UEDPIE_1_TestMap.TestMap:PersistentLevel.MyGameMode_C_0
	Function /Game/BP/MyGameMode.MyGameMode_C:ExecuteUbergraph_MyGameMode:097D
[2017.03.09-14.21.36:851][623]PIE:Error: Error Blueprint Runtime Error: Accessed None trying to read property CallFunc_Array_Get_Item from function: 'ExecuteUbergraph_MyGameMode' from node: SpawnActor Mixamo Heraklios in graph: EventGraph in object: MyGameMode with description: Accessed None trying to read property CallFunc_Array_Get_Item
[2017.03.09-14.21.36:855][623]LogScriptCore:Warning: Attempted to get an item from array CallFunc_GetAllActorsOfClass_OutActors out of bounds [1/0]!

[2017.03.09-14.21.36:855][623]LogScript:Warning: Accessed None trying to read property CallFunc_Array_Get_Item
	MyGameMode_C /Game/Map/UEDPIE_1_TestMap.TestMap:PersistentLevel.MyGameMode_C_0
	Function /Game/BP/MyGameMode.MyGameMode_C:ExecuteUbergraph_MyGameMode:08CD
[2017.03.09-14.21.36:855][623]PIE:Error: Error Blueprint Runtime Error: Accessed None trying to read property CallFunc_Array_Get_Item from function: 'ExecuteUbergraph_MyGameMode' from node: SpawnActor Mixamo Heraklios in graph: EventGraph in object: MyGameMode with description: Accessed None trying to read property CallFunc_Array_Get_Item
[2017.03.09-14.21.36:856][623]LogScriptCore:Warning: Attempted to get an item from array CallFunc_GetAllActorsOfClass_OutActors out of bounds [1/0]!

[2017.03.09-14.21.36:856][623]LogScript:Warning: Accessed None trying to read property CallFunc_Array_Get_Item
	MyGameMode_C /Game/Map/UEDPIE_1_TestMap.TestMap:PersistentLevel.MyGameMode_C_0
	Function /Game/BP/MyGameMode.MyGameMode_C:ExecuteUbergraph_MyGameMode:075E
[2017.03.09-14.21.36:856][623]PIE:Error: Error Blueprint Runtime Error: Accessed None trying to read property CallFunc_Array_Get_Item from function: 'ExecuteUbergraph_MyGameMode' from node: Spawn Emitter at Location in graph: EventGraph in object: MyGameMode with description: Accessed None trying to read property CallFunc_Array_Get_Item
[2017.03.09-14.21.36:857][623]LogInit: WinSock: Socket queue 131072 / 131072
[2017.03.09-14.21.36:857][623]LogInit: WinSock: I am DESKTOP-5I3HB32 (172.16.24.111:0)
[2017.03.09-14.21.36:857][623]PacketHandlerLog: Loaded PacketHandler component: Engine.EngineHandlerComponentFactory (StatelessConnectHandlerComponent)
[2017.03.09-14.21.36:857][623]LogNet: GameNetDriver IpNetDriver_0 IpNetDriver listening on port 7777
[2017.03.09-14.21.36:859][623]LogBlueprintUserMessages: [messageScroll_116] Server: DESKTOP-5I3HB32-9CBA
[2017.03.09-14.21.37:030][623]PIE: Info Play in editor start time for /Game/Map/UEDPIE_1_TestMap 0.533
[2017.03.09-14.21.37:037][623]PIE: New page: PIE session: TestMap (Mar 10, 2017, 8:21:37 AM)
[2017.03.09-14.21.37:101][623]LogNet: Browse: 127.0.0.1//Game/Map/Main
[2017.03.09-14.21.37:102][623]LogInit: WinSock: Socket queue 32768 / 32768
[2017.03.09-14.21.37:103][623]PacketHandlerLog: Loaded PacketHandler component: Engine.EngineHandlerComponentFactory (StatelessConnectHandlerComponent)
[2017.03.09-14.21.37:103][623]LogNet: Game client on port 7777, rate 10000
[2017.03.09-14.21.37:104][623]LogNet: GetLocalNetworkVersion: GEngineNetVersion: 3039270, ProjectName: unnamed, ProjectVersion: 1.0.0.0, InternalProtocolVersion: 9, LocalNetworkVersion: 1745645396
[2017.03.09-14.21.37:277][623]PIE: Info Play in editor start time for /Game/Map/Main 0.78
[2017.03.09-14.21.37:284][623]PIE: New page: PIE session: TestMap (Mar 10, 2017, 8:21:37 AM)
[2017.03.09-14.21.37:358][623]LogNet: Browse: 127.0.0.1//Game/Map/Main
[2017.03.09-14.21.37:359][623]LogInit: WinSock: Socket queue 32768 / 32768
[2017.03.09-14.21.37:359][623]PacketHandlerLog: Loaded PacketHandler component: Engine.EngineHandlerComponentFactory (StatelessConnectHandlerComponent)
[2017.03.09-14.21.37:359][623]LogNet: Game client on port 7777, rate 10000
[2017.03.09-14.21.37:359][623]LogNet: GetLocalNetworkVersion: GEngineNetVersion: 3039270, ProjectName: unnamed, ProjectVersion: 1.0.0.0, InternalProtocolVersion: 9, LocalNetworkVersion: 1745645396
[2017.03.09-14.21.37:565][623]PIE: Info Play in editor start time for /Game/Map/Main 1.068
[2017.03.09-14.21.37:706][623]LogNet: NotifyAcceptingConnection: Server TestMap accept
[2017.03.09-14.21.37:706][623]LogHandshake: SendConnectChallenge. Timestamp: 0.016667, Cookie: 128192114212232165188087012135081054237166191136088177180174
[2017.03.09-14.21.37:706][623]LogNet: NotifyAcceptingConnection: Server TestMap accept
[2017.03.09-14.21.37:706][623]LogNet: NotifyAcceptingConnection: Server TestMap accept
[2017.03.09-14.21.37:706][623]LogHandshake: SendConnectChallenge. Timestamp: 0.016667, Cookie: 023006176177018109033231227247126051053106020001251138231010
[2017.03.09-14.21.37:707][623]LogNet: NotifyAcceptingConnection: Server TestMap accept
[2017.03.09-14.21.37:821][623]LogHandshake: SendChallengeResponse. Timestamp: 0.016667, Cookie: 128192114212232165188087012135081054237166191136088177180174
[2017.03.09-14.21.37:822][623]LogHandshake: SendChallengeResponse. Timestamp: 0.016667, Cookie: 023006176177018109033231227247126051053106020001251138231010
[2017.03.09-14.21.37:881][623]LogRenderer: Reallocating scene render targets to support 1172x676 (Frame:719).
[2017.03.09-14.21.37:990][624]LogNet: NotifyAcceptingConnection: Server TestMap accept
[2017.03.09-14.21.37:990][624]LogNet: Server accepting post-challenge connection from: 127.0.0.1:60781
[2017.03.09-14.21.37:990][624]PacketHandlerLog: Loaded PacketHandler component: Engine.EngineHandlerComponentFactory (StatelessConnectHandlerComponent)
[2017.03.09-14.21.37:990][624]LogNet: NotifyAcceptedConnection: Name: TestMap, TimeStamp: 03/09/17 23:21:37, [UNetConnection] RemoteAddr: 127.0.0.1:60781, Name: IpConnection_2, Driver: GameNetDriver IpNetDriver_0, IsServer: YES, PC: NULL, Owner: NULL
[2017.03.09-14.21.37:990][624]LogNet: AddClientConnection: Added client connection: [UNetConnection] RemoteAddr: 127.0.0.1:60781, Name: IpConnection_2, Driver: GameNetDriver IpNetDriver_0, IsServer: YES, PC: NULL, Owner: NULL
[2017.03.09-14.21.37:990][624]LogNet: NotifyAcceptingConnection: Server TestMap accept
[2017.03.09-14.21.37:990][624]LogNet: Server accepting post-challenge connection from: 127.0.0.1:60782
[2017.03.09-14.21.37:990][624]PacketHandlerLog: Loaded PacketHandler component: Engine.EngineHandlerComponentFactory (StatelessConnectHandlerComponent)
[2017.03.09-14.21.37:990][624]LogNet: NotifyAcceptedConnection: Name: TestMap, TimeStamp: 03/09/17 23:21:37, [UNetConnection] RemoteAddr: 127.0.0.1:60782, Name: IpConnection_3, Driver: GameNetDriver IpNetDriver_0, IsServer: YES, PC: NULL, Owner: NULL
[2017.03.09-14.21.37:990][624]LogNet: AddClientConnection: Added client connection: [UNetConnection] RemoteAddr: 127.0.0.1:60782, Name: IpConnection_3, Driver: GameNetDriver IpNetDriver_0, IsServer: YES, PC: NULL, Owner: NULL
[2017.03.09-14.21.38:065][625]LogNet: NotifyAcceptingChannel Control 0 server World /Game/Map/UEDPIE_1_TestMap.TestMap: Accepted
[2017.03.09-14.21.38:065][625]LogNet: Remote platform little endian=1
[2017.03.09-14.21.38:065][625]LogNet: This platform little endian=1
[2017.03.09-14.21.38:065][625]LogNet: GetLocalNetworkVersion: GEngineNetVersion: 3039270, ProjectName: unnamed, ProjectVersion: 1.0.0.0, InternalProtocolVersion: 9, LocalNetworkVersion: 1745645396
[2017.03.09-14.21.38:065][625]LogNet: NotifyAcceptingChannel Control 0 server World /Game/Map/UEDPIE_1_TestMap.TestMap: Accepted
[2017.03.09-14.21.38:066][625]LogNet: Remote platform little endian=1
[2017.03.09-14.21.38:066][625]LogNet: This platform little endian=1
[2017.03.09-14.21.38:066][625]LogNet: GetLocalNetworkVersion: GEngineNetVersion: 3039270, ProjectName: unnamed, ProjectVersion: 1.0.0.0, InternalProtocolVersion: 9, LocalNetworkVersion: 1745645396
[2017.03.09-14.21.38:083][625]LogVoice:Warning: Failed to initialize voice interface
[2017.03.09-14.21.38:095][625]LogVoice:Warning: Failed to initialize voice interface
[2017.03.09-14.21.38:120][626]LogNet: Login request: /Game/Map/Main?Name=DESKTOP-5I3HB32-59867BA6488294DB0D42ABB5BF75FC69 userId: DESKTOP-5I3HB32-59867BA6488294DB0D42ABB5BF75FC69
[2017.03.09-14.21.38:121][626]LogNet: Login request: /Game/Map/Main?Name=DESKTOP-5I3HB32-6174877C4823E6DB45EAFA9D2A2340A0 userId: DESKTOP-5I3HB32-6174877C4823E6DB45EAFA9D2A2340A0
[2017.03.09-14.21.38:122][626]LogNet: Welcomed by server (Level: /Game/Map/UEDPIE_1_TestMap, Game: /Game/BP/MyGameMode.MyGameMode_C)
[2017.03.09-14.21.38:237][626]LogLoad: LoadMap: 127.0.0.1//Game/Map/UEDPIE_1_TestMap?game=/Game/BP/MyGameMode.MyGameMode_C
[2017.03.09-14.21.38:292][626]Cmd: MEM
[2017.03.09-14.21.38:324][626]LogMemory: Platform Memory Stats for Windows
[2017.03.09-14.21.38:324][626]LogMemory: Process Physical Memory: 1316.98 MB used, 1320.50 MB peak
[2017.03.09-14.21.38:324][626]LogMemory: Process Virtual Memory: 2829.91 MB used, 2833.09 MB peak
[2017.03.09-14.21.38:324][626]LogMemory: Physical Memory: 6291.65 MB used, 8113.86 MB total
[2017.03.09-14.21.38:324][626]LogMemory: Virtual Memory: 3578.90 MB used, 134217728.00 MB total
[2017.03.09-14.21.38:324][626]LogMemory: 
[2017.03.09-14.21.38:324][626]Allocator Stats for TBB: (not implemented)
[2017.03.09-14.21.38:327][626]LogWorld: PIE: Copying PIE streaming level from /Game/Map/TestMap.TestMap to /Game/Map/UEDPIE_2_TestMap.TestMap. OwningWorld: None
[2017.03.09-14.21.38:328][626]LogAIModule: Creating AISystem for world TestMap
[2017.03.09-14.21.38:337][626]LogWorld: Bringing World /Game/Map/UEDPIE_2_TestMap.TestMap up for play (max tick rate 60) at 2017.03.09-23.21.38
[2017.03.09-14.21.38:338][626]LogWorld: Bringing up level for play took: 0.008567
[2017.03.09-14.21.38:338][626]LogLoad: Took 0.101735 seconds to LoadMap(/Game/Map/UEDPIE_1_TestMap)
[2017.03.09-14.21.38:339][626]LogNet: Welcomed by server (Level: /Game/Map/UEDPIE_1_TestMap, Game: /Game/BP/MyGameMode.MyGameMode_C)
[2017.03.09-14.21.38:339][626]LogLoad: LoadMap: 127.0.0.1//Game/Map/UEDPIE_1_TestMap?game=/Game/BP/MyGameMode.MyGameMode_C
[2017.03.09-14.21.38:366][626]Cmd: MEM
[2017.03.09-14.21.38:394][626]LogMemory: Platform Memory Stats for Windows
[2017.03.09-14.21.38:394][626]LogMemory: Process Physical Memory: 1326.94 MB used, 1326.94 MB peak
[2017.03.09-14.21.38:394][626]LogMemory: Process Virtual Memory: 2861.98 MB used, 2861.98 MB peak
[2017.03.09-14.21.38:394][626]LogMemory: Physical Memory: 6299.76 MB used, 8113.86 MB total
[2017.03.09-14.21.38:394][626]LogMemory: Virtual Memory: 3610.90 MB used, 134217728.00 MB total
[2017.03.09-14.21.38:394][626]LogMemory: 
[2017.03.09-14.21.38:394][626]Allocator Stats for TBB: (not implemented)
[2017.03.09-14.21.38:398][626]LogWorld: PIE: Copying PIE streaming level from /Game/Map/TestMap.TestMap to /Game/Map/UEDPIE_3_TestMap.TestMap. OwningWorld: None
[2017.03.09-14.21.38:399][626]LogAIModule: Creating AISystem for world TestMap
[2017.03.09-14.21.38:406][626]LogWorld: Bringing World /Game/Map/UEDPIE_3_TestMap.TestMap up for play (max tick rate 60) at 2017.03.09-23.21.38
[2017.03.09-14.21.38:407][626]LogWorld: Bringing up level for play took: 0.006350
[2017.03.09-14.21.38:407][626]LogLoad: Took 0.068496 seconds to LoadMap(/Game/Map/UEDPIE_1_TestMap)
[2017.03.09-14.21.38:443][627]LogNet: Client netspeed is 10000
[2017.03.09-14.21.38:443][627]LogNet: Join request: /Game/Map/Main?Name=DESKTOP-5I3HB32-59867BA6488294DB0D42ABB5BF75FC69?SplitscreenCount=1
[2017.03.09-14.21.38:445][627]LogBlueprintUserMessages: [messageScroll_116] Server: DESKTOP-5I3HB32-9CBA
[2017.03.09-14.21.38:448][627]LogOnline:Warning: NULL: No game present to join for session (Game)
[2017.03.09-14.21.38:453][627]LogScriptCore:Warning: Attempted to get an item from array CallFunc_GetAllActorsOfClass_OutActors out of bounds [2/0]!

[2017.03.09-14.21.38:453][627]LogScript:Warning: Accessed None trying to read property CallFunc_Array_Get_Item
	MyGameMode_C /Game/Map/UEDPIE_1_TestMap.TestMap:PersistentLevel.MyGameMode_C_0
	Function /Game/BP/MyGameMode.MyGameMode_C:ExecuteUbergraph_MyGameMode:097D
[2017.03.09-14.21.38:453][627]PIE:Error: Error Blueprint Runtime Error: Accessed None trying to read property CallFunc_Array_Get_Item from function: 'ExecuteUbergraph_MyGameMode' from node: SpawnActor Mixamo Heraklios in graph: EventGraph in object: MyGameMode with description: Accessed None trying to read property CallFunc_Array_Get_Item
[2017.03.09-14.21.38:454][627]LogScriptCore:Warning: Attempted to get an item from array CallFunc_GetAllActorsOfClass_OutActors out of bounds [2/0]!

[2017.03.09-14.21.38:454][627]LogScript:Warning: Accessed None trying to read property CallFunc_Array_Get_Item
	MyGameMode_C /Game/Map/UEDPIE_1_TestMap.TestMap:PersistentLevel.MyGameMode_C_0
	Function /Game/BP/MyGameMode.MyGameMode_C:ExecuteUbergraph_MyGameMode:08CD
[2017.03.09-14.21.38:454][627]PIE:Error: Error Blueprint Runtime Error: Accessed None trying to read property CallFunc_Array_Get_Item from function: 'ExecuteUbergraph_MyGameMode' from node: SpawnActor Mixamo Heraklios in graph: EventGraph in object: MyGameMode with description: Accessed None trying to read property CallFunc_Array_Get_Item
[2017.03.09-14.21.38:455][627]LogScriptCore:Warning: Attempted to get an item from array CallFunc_GetAllActorsOfClass_OutActors out of bounds [2/0]!

[2017.03.09-14.21.38:455][627]LogScript:Warning: Accessed None trying to read property CallFunc_Array_Get_Item
	MyGameMode_C /Game/Map/UEDPIE_1_TestMap.TestMap:PersistentLevel.MyGameMode_C_0
	Function /Game/BP/MyGameMode.MyGameMode_C:ExecuteUbergraph_MyGameMode:075E
[2017.03.09-14.21.38:455][627]PIE:Error: Error Blueprint Runtime Error: Accessed None trying to read property CallFunc_Array_Get_Item from function: 'ExecuteUbergraph_MyGameMode' from node: Spawn Emitter at Location in graph: EventGraph in object: MyGameMode with description: Accessed None trying to read property CallFunc_Array_Get_Item
[2017.03.09-14.21.38:456][627]LogNet: Join succeeded: DESKTOP-5I3HB32-5986
[2017.03.09-14.21.38:456][627]LogNet: Client netspeed is 10000
[2017.03.09-14.21.38:456][627]LogNet: Join request: /Game/Map/Main?Name=DESKTOP-5I3HB32-6174877C4823E6DB45EAFA9D2A2340A0?SplitscreenCount=1
[2017.03.09-14.21.38:458][627]LogBlueprintUserMessages: [messageScroll_116] Server: DESKTOP-5I3HB32-9CBA
[2017.03.09-14.21.38:460][627]LogOnline:Warning: NULL: No game present to join for session (Game)
[2017.03.09-14.21.38:462][627]LogScriptCore:Warning: Attempted to get an item from array CallFunc_GetAllActorsOfClass_OutActors out of bounds [3/0]!

[2017.03.09-14.21.38:462][627]LogScript:Warning: Accessed None trying to read property CallFunc_Array_Get_Item
	MyGameMode_C /Game/Map/UEDPIE_1_TestMap.TestMap:PersistentLevel.MyGameMode_C_0
	Function /Game/BP/MyGameMode.MyGameMode_C:ExecuteUbergraph_MyGameMode:097D
[2017.03.09-14.21.38:462][627]PIE:Error: Error Blueprint Runtime Error: Accessed None trying to read property CallFunc_Array_Get_Item from function: 'ExecuteUbergraph_MyGameMode' from node: SpawnActor Mixamo Heraklios in graph: EventGraph in object: MyGameMode with description: Accessed None trying to read property CallFunc_Array_Get_Item
[2017.03.09-14.21.38:463][627]LogScriptCore:Warning: Attempted to get an item from array CallFunc_GetAllActorsOfClass_OutActors out of bounds [3/0]!

[2017.03.09-14.21.38:463][627]LogScript:Warning: Accessed None trying to read property CallFunc_Array_Get_Item
	MyGameMode_C /Game/Map/UEDPIE_1_TestMap.TestMap:PersistentLevel.MyGameMode_C_0
	Function /Game/BP/MyGameMode.MyGameMode_C:ExecuteUbergraph_MyGameMode:08CD
[2017.03.09-14.21.38:463][627]PIE:Error: Error Blueprint Runtime Error: Accessed None trying to read property CallFunc_Array_Get_Item from function: 'ExecuteUbergraph_MyGameMode' from node: SpawnActor Mixamo Heraklios in graph: EventGraph in object: MyGameMode with description: Accessed None trying to read property CallFunc_Array_Get_Item
[2017.03.09-14.21.38:464][627]LogScriptCore:Warning: Attempted to get an item from array CallFunc_GetAllActorsOfClass_OutActors out of bounds [3/0]!

[2017.03.09-14.21.38:464][627]LogScript:Warning: Accessed None trying to read property CallFunc_Array_Get_Item
	MyGameMode_C /Game/Map/UEDPIE_1_TestMap.TestMap:PersistentLevel.MyGameMode_C_0
	Function /Game/BP/MyGameMode.MyGameMode_C:ExecuteUbergraph_MyGameMode:075E
[2017.03.09-14.21.38:464][627]PIE:Error: Error Blueprint Runtime Error: Accessed None trying to read property CallFunc_Array_Get_Item from function: 'ExecuteUbergraph_MyGameMode' from node: Spawn Emitter at Location in graph: EventGraph in object: MyGameMode with description: Accessed None trying to read property CallFunc_Array_Get_Item
[2017.03.09-14.21.38:464][627]LogNet: Join succeeded: DESKTOP-5I3HB32-6174
[2017.03.09-14.21.38:466][627]LogCharacterMovement:Warning: GetSimulationTimeStep() - Max iterations 8 hit while remaining time 0.524831 > MaxSimulationTimeStep (0.050) for 'Mixamo_Heraklios_C_1', movement 'Falling'
[2017.03.09-14.21.38:466][627]LogCharacterMovement:Warning: GetSimulationTimeStep() - Max iterations 8 hit while remaining time 0.524831 > MaxSimulationTimeStep (0.050) for 'Mixamo_Heraklios_C_2', movement 'Falling'
[2017.03.09-14.21.38:528][628]LogOnline:Warning: NULL: No game present to join for session (Game)
[2017.03.09-14.21.38:536][628]LogOnline:Warning: NULL: No game present to join for session (Game)
[2017.03.09-14.21.38:537][628]LogOnline:Warning: NULL: No game present to join for session (Game)
[2017.03.09-14.21.38:548][628]LogOnline:Warning: NULL: No game present to join for session (Game)
[2017.03.09-14.21.38:559][628]LogOnline:Warning: NULL: No game present to join for session (Game)
[2017.03.09-14.21.38:559][628]LogOnline:Warning: NULL: No game present to join for session (Game)
[2017.03.09-14.21.41:032][686]LogOnline:Warning: NULL: No game present to leave for session (Game)
[2017.03.09-14.21.41:106][686]LogOnline:Display: NULL: FOnlineSubsystemNull::Shutdown()
[2017.03.09-14.21.41:174][686]LogOnline:Display: NULL: FOnlineSubsystemNull::Shutdown()
[2017.03.09-14.21.41:241][686]LogOnline:Display: NULL: FOnlineSubsystemNull::Shutdown()
[2017.03.09-14.21.41:242][686]LogPlayLevel:Display: Shutting down PIE online subsystems
[2017.03.09-14.21.41:341][686]LogNet: UChannel::CleanUp: ChIndex == 0. Closing connection. [UChannel] ChIndex: 0, Closing: 0 [UNetConnection] RemoteAddr: 127.0.0.1:60782, Name: IpConnection_3, Driver: GameNetDriver IpNetDriver_0, IsServer: YES, PC: None, Owner: None
[2017.03.09-14.21.41:341][686]LogNet: UNetConnection::Close: [UNetConnection] RemoteAddr: 127.0.0.1:60782, Name: IpConnection_3, Driver: GameNetDriver IpNetDriver_0, IsServer: YES, PC: None, Owner: None, Channels: 2, Time: 2017.03.09-14.21.41
[2017.03.09-14.21.41:341][686]LogNet: UChannel::Close: Sending CloseBunch. ChIndex == 0. Name: [UChannel] ChIndex: 0, Closing: 0 [UNetConnection] RemoteAddr: 127.0.0.1:60782, Name: IpConnection_3, Driver: GameNetDriver IpNetDriver_0, IsServer: YES, PC: None, Owner: None
[2017.03.09-14.21.41:341][686]LogNet: UChannel::CleanUp: ChIndex == 0. Closing connection. [UChannel] ChIndex: 0, Closing: 0 [UNetConnection] RemoteAddr: 127.0.0.1:60781, Name: IpConnection_2, Driver: GameNetDriver IpNetDriver_0, IsServer: YES, PC: None, Owner: None
[2017.03.09-14.21.41:341][686]LogNet: UNetConnection::Close: [UNetConnection] RemoteAddr: 127.0.0.1:60781, Name: IpConnection_2, Driver: GameNetDriver IpNetDriver_0, IsServer: YES, PC: None, Owner: None, Channels: 2, Time: 2017.03.09-14.21.41
[2017.03.09-14.21.41:341][686]LogNet: UChannel::Close: Sending CloseBunch. ChIndex == 0. Name: [UChannel] ChIndex: 0, Closing: 0 [UNetConnection] RemoteAddr: 127.0.0.1:60781, Name: IpConnection_2, Driver: GameNetDriver IpNetDriver_0, IsServer: YES, PC: None, Owner: None
[2017.03.09-14.21.41:341][686]LogNet: UChannel::CleanUp: ChIndex == 0. Closing connection. [UChannel] ChIndex: 0, Closing: 0 [UNetConnection] RemoteAddr: 127.0.0.1:7777, Name: IpConnection_1, Driver: GameNetDriver IpNetDriver_2, IsServer: NO, PC: None, Owner: None
[2017.03.09-14.21.41:341][686]LogNet: UNetConnection::Close: [UNetConnection] RemoteAddr: 127.0.0.1:7777, Name: IpConnection_1, Driver: GameNetDriver IpNetDriver_2, IsServer: NO, PC: None, Owner: None, Channels: 2, Time: 2017.03.09-14.21.41
[2017.03.09-14.21.41:341][686]LogNet: UChannel::Close: Sending CloseBunch. ChIndex == 0. Name: [UChannel] ChIndex: 0, Closing: 0 [UNetConnection] RemoteAddr: 127.0.0.1:7777, Name: IpConnection_1, Driver: GameNetDriver IpNetDriver_2, IsServer: NO, PC: None, Owner: None
[2017.03.09-14.21.41:341][686]LogNet: UChannel::CleanUp: ChIndex == 0. Closing connection. [UChannel] ChIndex: 0, Closing: 0 [UNetConnection] RemoteAddr: 127.0.0.1:7777, Name: IpConnection_0, Driver: GameNetDriver IpNetDriver_1, IsServer: NO, PC: None, Owner: None
[2017.03.09-14.21.41:341][686]LogNet: UNetConnection::Close: [UNetConnection] RemoteAddr: 127.0.0.1:7777, Name: IpConnection_0, Driver: GameNetDriver IpNetDriver_1, IsServer: NO, PC: None, Owner: None, Channels: 2, Time: 2017.03.09-14.21.41
[2017.03.09-14.21.41:341][686]LogNet: UChannel::Close: Sending CloseBunch. ChIndex == 0. Name: [UChannel] ChIndex: 0, Closing: 0 [UNetConnection] RemoteAddr: 127.0.0.1:7777, Name: IpConnection_0, Driver: GameNetDriver IpNetDriver_1, IsServer: NO, PC: None, Owner: None
[2017.03.09-14.21.41:347][686]LogExit: GameNetDriver None shut down
[2017.03.09-14.21.41:348][686]LogExit: GameNetDriver None shut down
[2017.03.09-14.21.41:348][686]LogExit: GameNetDriver None shut down
[2017.03.09-14.21.41:434][687]LogPlayLevel:Display: Destroying online subsystem :Context_20
[2017.03.09-14.21.41:434][687]LogOnline:Display: NULL: FOnlineSubsystemNull::Shutdown()
[2017.03.09-14.21.41:434][687]LogPlayLevel:Display: Destroying online subsystem :Context_19
[2017.03.09-14.21.41:434][687]LogOnline:Display: NULL: FOnlineSubsystemNull::Shutdown()
[2017.03.09-14.21.41:434][687]LogPlayLevel:Display: Destroying online subsystem :Context_18
[2017.03.09-14.21.41:434][687]LogOnline:Display: NULL: FOnlineSubsystemNull::Shutdown()
[2017.03.09-14.21.51:338][259]LogEditorViewport: Clicking on Actor (LMB): StaticMeshActor (Cube)
[2017.03.09-14.21.51:947][290]LogEditorViewport: Clicking on Actor (LMB): duek_C (duek)
[2017.03.09-14.21.52:516][316]Cmd: DELETE
[2017.03.09-14.21.52:516][316]Cmd: ACTOR DELETE
[2017.03.09-14.21.52:519][316]LogEditorActor: Deleted Actor: duek_C
[2017.03.09-14.21.52:597][316]LogEditorActor: Deleted 1 Actors (0.081 secs)
[2017.03.09-14.22.12:415][229]LogSlate:Warning: Prevented a slow task dialog from being summoned while a context menu was open
[2017.03.09-14.22.23:167][713]BlueprintLog: New page: Pre-Play auto-recompile
[2017.03.09-14.22.23:204][713]LogPlayLevel: [PlayLevel] Compiling MyGameMode before play...
[2017.03.09-14.22.23:457][713]LogPlayLevel: PlayLevel: Blueprint regeneration took 289 ms (2 blueprints)
[2017.03.09-14.22.23:461][713]LogPlayLevel: [PlayLevel] Compiling playercon before play...
[2017.03.09-14.22.23:823][713]LogPlayLevel: PlayLevel: Blueprint regeneration took 656 ms (7 blueprints)
[2017.03.09-14.22.23:824][713]LogPlayLevel: [PlayLevel] Compiling Mixamo_Heraklios before play...
[2017.03.09-14.22.23:949][713]LogPlayLevel: PlayLevel: Blueprint regeneration took 782 ms (7 blueprints)
[2017.03.09-14.22.23:949][713]LogPlayLevel: [PlayLevel] Compiling ChattingTXT before play...
[2017.03.09-14.22.24:064][713]LogPlayLevel: PlayLevel: Blueprint regeneration took 896 ms (7 blueprints)
[2017.03.09-14.22.24:066][713]LogPlayLevel: [PlayLevel] Compiling AL before play...
[2017.03.09-14.22.24:188][713]LogPlayLevel: PlayLevel: Blueprint regeneration took 1020 ms (7 blueprints)
[2017.03.09-14.22.24:191][713]LogPlayLevel: [PlayLevel] Compiling PlayerInfo before play...
[2017.03.09-14.22.24:323][713]LogPlayLevel: PlayLevel: Blueprint regeneration took 1156 ms (7 blueprints)
[2017.03.09-14.22.24:328][713]LogPlayLevel: [PlayLevel] Compiling PHUD before play...
[2017.03.09-14.22.24:490][713]LogPlayLevel: PlayLevel: Blueprint regeneration took 1323 ms (7 blueprints)
[2017.03.09-14.22.24:538][713]PIE: New page: PIE session: TestMap (Mar 10, 2017, 8:22:24 AM)
[2017.03.09-14.22.24:538][713]LogPlayLevel: Creating play world package: /Game/Map/UEDPIE_0_TestMap
[2017.03.09-14.22.24:540][713]LogPlayLevel: PIE: StaticDuplicateObject took: (0.001626s)
[2017.03.09-14.22.24:541][713]LogAIModule: Creating AISystem for world TestMap
[2017.03.09-14.22.24:541][713]LogPlayLevel: PIE: World Init took: (0.000689s)
[2017.03.09-14.22.24:541][713]LogPlayLevel: PIE: Created PIE world by copying editor world from /Game/Map/TestMap.TestMap to /Game/Map/UEDPIE_0_TestMap.TestMap (0.002538s)
[2017.03.09-14.22.24:568][713]LogInit: XAudio2 using '스피커(Realtek High Definition Audio)' : 2 channels at 48 kHz using 32 bits per sample (channel mask 0x3)
[2017.03.09-14.22.24:595][713]LogInit: FAudioDevice initialized.
[2017.03.09-14.22.24:655][713]LogWorld: Game class is 'MyGameMode_C'
[2017.03.09-14.22.24:658][713]LogWorld: Bringing World /Game/Map/UEDPIE_0_TestMap.TestMap up for play (max tick rate 60) at 2017.03.09-23.22.24
[2017.03.09-14.22.24:659][713]LogWorld: Bringing up level for play took: 0.003242
[2017.03.09-14.22.24:671][713]LogVoice:Warning: Failed to initialize voice interface
[2017.03.09-14.22.24:673][713]LogScript:Warning: Accessed None trying to read property CallFunc_K2_GetPawn_ReturnValue
	MyGameMode_C /Game/Map/UEDPIE_0_TestMap.TestMap:PersistentLevel.MyGameMode_C_0
	Function /Game/BP/MyGameMode.MyGameMode_C:ExecuteUbergraph_MyGameMode:0A0F
[2017.03.09-14.22.24:673][713]PIE:Error: Error Blueprint Runtime Error: Accessed None trying to read property CallFunc_K2_GetPawn_ReturnValue from function: 'ExecuteUbergraph_MyGameMode' from node: DestroyActor in graph: EventGraph in object: MyGameMode with description: Accessed None trying to read property CallFunc_K2_GetPawn_ReturnValue
[2017.03.09-14.22.24:673][713]LogScriptCore:Warning: Attempted to get an item from array CallFunc_GetAllActorsOfClass_OutActors out of bounds [1/0]!

[2017.03.09-14.22.24:673][713]LogScript:Warning: Accessed None trying to read property CallFunc_Array_Get_Item
	MyGameMode_C /Game/Map/UEDPIE_0_TestMap.TestMap:PersistentLevel.MyGameMode_C_0
	Function /Game/BP/MyGameMode.MyGameMode_C:ExecuteUbergraph_MyGameMode:097D
[2017.03.09-14.22.24:673][713]PIE:Error: Error Blueprint Runtime Error: Accessed None trying to read property CallFunc_Array_Get_Item from function: 'ExecuteUbergraph_MyGameMode' from node: SpawnActor Duek in graph: EventGraph in object: MyGameMode with description: Accessed None trying to read property CallFunc_Array_Get_Item
[2017.03.09-14.22.24:674][713]LogScriptCore:Warning: Attempted to get an item from array CallFunc_GetAllActorsOfClass_OutActors out of bounds [1/0]!

[2017.03.09-14.22.24:674][713]LogScript:Warning: Accessed None trying to read property CallFunc_Array_Get_Item
	MyGameMode_C /Game/Map/UEDPIE_0_TestMap.TestMap:PersistentLevel.MyGameMode_C_0
	Function /Game/BP/MyGameMode.MyGameMode_C:ExecuteUbergraph_MyGameMode:08CD
[2017.03.09-14.22.24:674][713]PIE:Error: Error Blueprint Runtime Error: Accessed None trying to read property CallFunc_Array_Get_Item from function: 'ExecuteUbergraph_MyGameMode' from node: SpawnActor Duek in graph: EventGraph in object: MyGameMode with description: Accessed None trying to read property CallFunc_Array_Get_Item
[2017.03.09-14.22.24:675][713]LogScriptCore:Warning: Attempted to get an item from array CallFunc_GetAllActorsOfClass_OutActors out of bounds [1/0]!

[2017.03.09-14.22.24:675][713]LogScript:Warning: Accessed None trying to read property CallFunc_Array_Get_Item
	MyGameMode_C /Game/Map/UEDPIE_0_TestMap.TestMap:PersistentLevel.MyGameMode_C_0
	Function /Game/BP/MyGameMode.MyGameMode_C:ExecuteUbergraph_MyGameMode:075E
[2017.03.09-14.22.24:675][713]PIE:Error: Error Blueprint Runtime Error: Accessed None trying to read property CallFunc_Array_Get_Item from function: 'ExecuteUbergraph_MyGameMode' from node: Spawn Emitter at Location in graph: EventGraph in object: MyGameMode with description: Accessed None trying to read property CallFunc_Array_Get_Item
[2017.03.09-14.22.24:677][713]LogBlueprintUserMessages: [messageScroll_116] DESKTOP-5I3HB32-8AE4
[2017.03.09-14.22.24:890][713]PIE: Info Play in editor start time for /Game/Map/UEDPIE_0_TestMap 2.392
[2017.03.09-14.23.22:064][ 66]LogOnline:Display: NULL: FOnlineSubsystemNull::Shutdown()
[2017.03.09-14.23.22:064][ 66]LogPlayLevel:Display: Shutting down PIE online subsystems
[2017.03.09-14.23.22:206][ 67]LogPlayLevel:Display: Destroying online subsystem :Context_21
[2017.03.09-14.23.22:207][ 67]LogOnline:Display: NULL: FOnlineSubsystemNull::Shutdown()
[2017.03.09-14.23.30:150][423]LogActorComponent: UnregisterComponent: (/Engine/Transient.EditorFloorComp) Not registered. Aborting.
[2017.03.09-14.23.30:300][423]LogActorComponent: UnregisterComponent: (/Engine/Transient.EditorFloorComp) Not registered. Aborting.
[2017.03.09-14.23.31:183][463]Cmd: OBJ SAVEPACKAGE PACKAGE="/Game/Map/TestMap" FILE="../../../../../../Users/jcy/Documents/GitHub/UNNAMED/UNNAMED/Content/Map/TestMap.umap" SILENT=true AUTOSAVING=false KEEPDIRTY=false
[2017.03.09-14.23.35:374][463]LogSavePackage: Save=49.47ms
[2017.03.09-14.23.35:374][463]LogSavePackage: Moving '../../../../../../Users/jcy/Documents/GitHub/UNNAMED/UNNAMED/Saved/TestMapFD8A9AB141BBA61D312EBAB3C48C4F68.tmp' to '../../../../../../Users/jcy/Documents/GitHub/UNNAMED/UNNAMED/Content/Map/TestMap.umap'
[2017.03.09-14.23.35:379][463]LogSavePackage:Display: Finished SavePackage ../../../../../../Users/jcy/Documents/GitHub/UNNAMED/UNNAMED/Content/Map/TestMap.umap
[2017.03.09-14.24.14:368][610]Cmd: OBJ SAVEPACKAGE PACKAGE="/Game/BP/MyGameMode" FILE="../../../../../../Users/jcy/Documents/GitHub/UNNAMED/UNNAMED/Content/BP/MyGameMode.uasset" SILENT=true
[2017.03.09-14.24.14:656][610]LogSavePackage: Save=114.55ms
[2017.03.09-14.24.14:656][610]LogSavePackage: Moving '../../../../../../Users/jcy/Documents/GitHub/UNNAMED/UNNAMED/Saved/MyGameModeDA9B57814DD2EF39CFB5F4A4A0CA3207.tmp' to '../../../../../../Users/jcy/Documents/GitHub/UNNAMED/UNNAMED/Content/BP/MyGameMode.uasset'
[2017.03.09-14.24.14:697][610]LogSavePackage:Display: Finished SavePackage ../../../../../../Users/jcy/Documents/GitHub/UNNAMED/UNNAMED/Content/BP/MyGameMode.uasset
[2017.03.09-14.24.14:901][610]LogWindowsTextInputMethodSystem:Display: IME system now activated using TSF (Microsoft 입력기).
[2017.03.09-14.24.15:239][611]Cmd: QUIT_EDITOR
[2017.03.09-14.24.19:973][611]LogExit: Preparing to exit.
[2017.03.09-14.24.21:540][611]LogExit: Editor shut down
[2017.03.09-14.24.21:541][611]LogExit: Transaction tracking system shut down
[2017.03.09-14.24.30:391][611]LogObj: Freed 0b from 0 cluster array pools.
[2017.03.09-14.24.30:392][611]LogExit: Object subsystem successfully closed.
[2017.03.09-14.24.31:284][611]LogD3D11RHI: Shutdown
[2017.03.09-14.24.31:287][611]LogD3D11RHI: CleanupD3DDevice
[2017.03.09-14.24.32:309][611]LogD3D11RHI: ~FD3D11DynamicRHI
[2017.03.09-14.24.35:847][611]LogModuleManager: Shutting down and abandoning module MovieSceneCapture (219)
[2017.03.09-14.24.35:847][611]LogModuleManager: Shutting down and abandoning module SequencerWidgets (218)
[2017.03.09-14.24.35:847][611]LogModuleManager: Shutting down and abandoning module BlueprintGraph (217)
[2017.03.09-14.24.35:878][611]LogModuleManager: Shutting down and abandoning module HierarchicalLODOutliner (216)
[2017.03.09-14.24.35:921][611]LogModuleManager: Shutting down and abandoning module CrashTracker (215)
[2017.03.09-14.24.35:921][611]LogModuleManager: Shutting down and abandoning module SceneOutliner (214)
[2017.03.09-14.24.35:921][611]LogModuleManager: Shutting down and abandoning module WidgetCarousel (213)
[2017.03.09-14.24.35:952][611]LogModuleManager: Shutting down and abandoning module AddContentDialog (212)
[2017.03.09-14.24.36:015][611]LogModuleManager: Shutting down and abandoning module GameplayTags (211)
[2017.03.09-14.24.36:015][611]LogModuleManager: Shutting down and abandoning module EditorWidgets (210)
[2017.03.09-14.24.36:015][611]LogModuleManager: Shutting down and abandoning module CollectionManager (209)
[2017.03.09-14.24.36:036][611]LogModuleManager: Shutting down and abandoning module StatsViewer (208)
[2017.03.09-14.24.36:068][611]LogModuleManager: Shutting down and abandoning module FoliageEdit (207)
[2017.03.09-14.24.36:099][611]LogModuleManager: Shutting down and abandoning module LandscapeEditor (206)
[2017.03.09-14.24.36:169][611]LogModuleManager: Shutting down and abandoning module SceneDepthPickerMode (205)
[2017.03.09-14.24.36:169][611]LogModuleManager: Shutting down and abandoning module ActorPickerMode (204)
[2017.03.09-14.24.36:169][611]LogModuleManager: Shutting down and abandoning module GeometryMode (203)
[2017.03.09-14.24.36:170][611]LogModuleManager: Shutting down and abandoning module TextureAlignMode (202)
[2017.03.09-14.24.36:170][611]LogModuleManager: Shutting down and abandoning module BspMode (201)
[2017.03.09-14.24.36:185][611]LogModuleManager: Shutting down and abandoning module HardwareSurvey (200)
[2017.03.09-14.24.36:207][611]LogModuleManager: Shutting down and abandoning module SequenceRecorderSections (199)
[2017.03.09-14.24.36:207][611]LogModuleManager: Shutting down and abandoning module SequenceRecorder (198)
[2017.03.09-14.24.36:283][611]LogModuleManager: Shutting down and abandoning module AutomationWorker (197)
[2017.03.09-14.24.36:283][611]LogModuleManager: Shutting down and abandoning module MatineeToLevelSequence (196)
[2017.03.09-14.24.36:317][611]LogModuleManager: Shutting down and abandoning module PlacementMode (195)
[2017.03.09-14.24.36:361][611]LogModuleManager: Shutting down and abandoning module LevelSequenceEditor (194)
[2017.03.09-14.24.36:457][611]LogModuleManager: Shutting down and abandoning module CharacterAI (193)
[2017.03.09-14.24.36:457][611]LogModuleManager: Shutting down and abandoning module SmartSnapping (192)
[2017.03.09-14.24.36:457][611]LogModuleManager: Shutting down and abandoning module SessionServices (191)
[2017.03.09-14.24.36:457][611]LogModuleManager: Shutting down and abandoning module ViewportSnapping (190)
[2017.03.09-14.24.36:457][611]LogModuleManager: Shutting down and abandoning module LogVisualizer (189)
[2017.03.09-14.24.36:488][611]LogModuleManager: Shutting down and abandoning module GameProjectGeneration (188)
[2017.03.09-14.24.36:539][611]LogModuleManager: Shutting down and abandoning module IntroTutorials (187)
[2017.03.09-14.24.36:551][611]LogModuleManager: Shutting down and abandoning module EditorLiveStreaming (186)
[2017.03.09-14.24.36:551][611]LogModuleManager: Shutting down and abandoning module IOSPlatformEditor (185)
[2017.03.09-14.24.36:569][611]LogModuleManager: Shutting down and abandoning module HTML5PlatformEditor (184)
[2017.03.09-14.24.36:569][611]LogModuleManager: Shutting down and abandoning module AndroidDeviceDetection (183)
[2017.03.09-14.24.37:059][611]LogModuleManager: Shutting down and abandoning module AndroidPlatformEditor (182)
[2017.03.09-14.24.37:059][611]LogModuleManager: Shutting down and abandoning module IOSRuntimeSettings (181)
[2017.03.09-14.24.37:059][611]LogModuleManager: Shutting down and abandoning module AndroidRuntimeSettings (180)
[2017.03.09-14.24.37:059][611]LogModuleManager: Shutting down and abandoning module MergeActors (179)
[2017.03.09-14.24.37:059][611]LogModuleManager: Shutting down and abandoning module SizeMap (178)
[2017.03.09-14.24.37:059][611]LogModuleManager: Shutting down and abandoning module TreeMap (177)
[2017.03.09-14.24.37:059][611]LogModuleManager: Shutting down and abandoning module ReferenceViewer (176)
[2017.03.09-14.24.37:059][611]LogModuleManager: Shutting down and abandoning module LocalizationService (175)
[2017.03.09-14.24.37:059][611]LogModuleManager: Shutting down and abandoning module LocalizationDashboard (174)
[2017.03.09-14.24.37:067][611]LogModuleManager: Shutting down and abandoning module HardwareTargeting (173)
[2017.03.09-14.24.37:077][611]LogModuleManager: Shutting down and abandoning module DeviceProfileEditor (172)
[2017.03.09-14.24.37:110][611]LogModuleManager: Shutting down and abandoning module UndoHistory (171)
[2017.03.09-14.24.37:115][611]LogModuleManager: Shutting down and abandoning module UserFeedback (170)
[2017.03.09-14.24.37:115][611]LogModuleManager: Shutting down and abandoning module XmlParser (169)
[2017.03.09-14.24.37:139][611]LogModuleManager: Shutting down and abandoning module Blutility (168)
[2017.03.09-14.24.37:148][611]LogModuleManager: Shutting down and abandoning module ProjectTargetPlatformEditor (167)
[2017.03.09-14.24.37:169][611]LogModuleManager: Shutting down and abandoning module ProjectSettingsViewer (166)
[2017.03.09-14.24.37:169][611]LogModuleManager: Shutting down and abandoning module InputBindingEditor (165)
[2017.03.09-14.24.37:214][611]LogModuleManager: Shutting down and abandoning module EditorSettingsViewer (164)
[2017.03.09-14.24.37:215][611]LogModuleManager: Shutting down and abandoning module SettingsEditor (163)
[2017.03.09-14.24.37:276][611]LogModuleManager: Shutting down and abandoning module ProjectLauncher (162)
[2017.03.09-14.24.37:323][611]LogModuleManager: Shutting down and abandoning module SessionFrontend (161)
[2017.03.09-14.24.37:379][611]LogModuleManager: Shutting down and abandoning module ProfilerClient (160)
[2017.03.09-14.24.37:408][611]LogModuleManager: Shutting down and abandoning module TargetDeviceServices (159)
[2017.03.09-14.24.37:408][611]LogModuleManager: Shutting down and abandoning module DeviceManager (158)
[2017.03.09-14.24.37:475][611]LogModuleManager: Shutting down and abandoning module AutomationController (157)
[2017.03.09-14.24.37:486][611]LogModuleManager: Shutting down and abandoning module AutomationWindow (156)
[2017.03.09-14.24.37:508][611]LogModuleManager: Shutting down and abandoning module Layers (155)
[2017.03.09-14.24.37:566][611]LogModuleManager: Shutting down and abandoning module ComponentVisualizers (154)
[2017.03.09-14.24.37:566][611]LogModuleManager: Shutting down and abandoning module DetailCustomizations (153)
[2017.03.09-14.24.37:595][611]LogModuleManager: Shutting down and abandoning module PackagesDialog (152)
[2017.03.09-14.24.37:595][611]LogModuleManager: Shutting down and abandoning module Persona (151)
[2017.03.09-14.24.37:620][611]LogModuleManager: Shutting down and abandoning module Kismet (150)
[2017.03.09-14.24.37:621][611]LogModuleManager: Shutting down and abandoning module GraphEditor (149)
[2017.03.09-14.24.37:621][611]LogModuleManager: Shutting down and abandoning module ClassViewer (148)
[2017.03.09-14.24.37:627][611]LogModuleManager: Shutting down and abandoning module Toolbox (147)
[2017.03.09-14.24.37:645][611]LogModuleManager: Shutting down and abandoning module ModuleUI (146)
[2017.03.09-14.24.37:657][611]LogModuleManager: Shutting down and abandoning module MovieSceneTools (145)
[2017.03.09-14.24.37:683][611]LogModuleManager: Shutting down and abandoning module OutputLog (144)
[2017.03.09-14.24.37:698][611]LogModuleManager: Shutting down and abandoning module GammaUI (143)
[2017.03.09-14.24.37:729][611]LogModuleManager: Shutting down and abandoning module Documentation (142)
[2017.03.09-14.24.37:730][611]LogModuleManager: Shutting down and abandoning module StreamingPauseRendering (141)
[2017.03.09-14.24.37:730][611]LogModuleManager: Shutting down and abandoning module AnalyticsET (140)
[2017.03.09-14.24.37:730][611]LogModuleManager: Shutting down and abandoning module Analytics (139)
[2017.03.09-14.24.37:730][611]LogModuleManager: Shutting down and abandoning module PortalServices (138)
[2017.03.09-14.24.37:730][611]LogModuleManager: Shutting down and abandoning module PortalRpc (137)
[2017.03.09-14.24.37:730][611]LogModuleManager: Shutting down and abandoning module MessagingRpc (136)
[2017.03.09-14.24.37:730][611]LogModuleManager: Shutting down and abandoning module GameplayDebugger (135)
[2017.03.09-14.24.37:730][611]LogModuleManager: Shutting down and abandoning module AITestSuite (134)
[2017.03.09-14.24.37:734][611]LogModuleManager: Shutting down and abandoning module AIModule (133)
[2017.03.09-14.24.37:734][611]LogModuleManager: Shutting down and abandoning module ProfilerService (132)
[2017.03.09-14.24.37:863][611]LogModuleManager: Shutting down and abandoning module TaskGraph (131)
[2017.03.09-14.24.37:869][611]LogModuleManager: Shutting down and abandoning module SlateRemote (130)
[2017.03.09-14.24.37:869][611]LogModuleManager: Shutting down and abandoning module SteamVRController (129)
[2017.03.09-14.24.37:869][611]LogModuleManager: Shutting down and abandoning module SteamVR (128)
[2017.03.09-14.24.37:869][611]LogModuleManager: Shutting down and abandoning module ProceduralMeshComponent (127)
[2017.03.09-14.24.37:869][611]LogModuleManager: Shutting down and abandoning module OculusLibrary (126)
[2017.03.09-14.24.37:869][611]LogModuleManager: Shutting down and abandoning module OculusInput (125)
[2017.03.09-14.24.37:869][611]LogModuleManager: Shutting down and abandoning module CustomMeshComponent (124)
[2017.03.09-14.24.37:869][611]LogModuleManager: Shutting down and abandoning module CableComponent (123)
[2017.03.09-14.24.37:869][611]LogModuleManager: Shutting down and abandoning module ArchVisCharacter (122)
[2017.03.09-14.24.37:869][611]LogModuleManager: Shutting down and abandoning module MediaPlayerEditor (121)
[2017.03.09-14.24.37:929][611]LogModuleManager: Shutting down and abandoning module HTML5Networking (120)
[2017.03.09-14.24.37:930][611]LogModuleManager: Shutting down and abandoning module SuperSearch (119)
[2017.03.09-14.24.37:930][611]LogModuleManager: Shutting down and abandoning module SuperSearchEditor (118)
[2017.03.09-14.24.37:930][611]LogModuleManager: Shutting down and abandoning module SpeedTreeImporter (117)
[2017.03.09-14.24.37:930][611]LogModuleManager: Shutting down and abandoning module PluginBrowser (116)
[2017.03.09-14.24.37:946][611]LogModuleManager: Shutting down and abandoning module EpicSurvey (115)
[2017.03.09-14.24.37:946][611]LogModuleManager: Shutting down and abandoning module DesktopPlatform (114)
[2017.03.09-14.24.37:954][611]LogModuleManager: Shutting down and abandoning module VisualStudioSourceCodeAccess (113)
[2017.03.09-14.24.37:976][611]LogModuleManager: Shutting down and abandoning module UObjectPlugin (112)
[2017.03.09-14.24.37:976][611]LogModuleManager: Shutting down and abandoning module SubversionSourceControl (111)
[2017.03.09-14.24.38:002][611]LogModuleManager: Shutting down and abandoning module PerforceSourceControl (110)
[2017.03.09-14.24.38:018][611]LogModuleManager: Shutting down and abandoning module SourceControl (109)
[2017.03.09-14.24.38:042][611]LogModuleManager: Shutting down and abandoning module GitSourceControl (108)
[2017.03.09-14.24.38:071][611]LogModuleManager: Shutting down and abandoning module LightPropagationVolumeEditor (107)
[2017.03.09-14.24.38:071][611]LogModuleManager: Shutting down and abandoning module PaperTiledImporter (106)
[2017.03.09-14.24.38:081][611]LogModuleManager: Shutting down and abandoning module PaperSpriteSheetImporter (105)
[2017.03.09-14.24.38:081][611]LogModuleManager: Shutting down and abandoning module MeshPaint (104)
[2017.03.09-14.24.38:106][611]LogModuleManager: Shutting down and abandoning module PixelInspectorModule (103)
[2017.03.09-14.24.38:128][611]LogModuleManager: Shutting down and abandoning module HotReload (102)
[2017.03.09-14.24.38:239][611]LogModuleManager: Shutting down and abandoning module MainFrame (101)
[2017.03.09-14.24.38:321][611]LogModuleManager: Shutting down and abandoning module LevelEditor (100)
[2017.03.09-14.24.38:348][611]LogModuleManager: Shutting down and abandoning module ContentBrowser (99)
[2017.03.09-14.24.38:350][611]LogModuleManager: Shutting down and abandoning module Paper2DEditor (98)
[2017.03.09-14.24.38:459][611]LogModuleManager: Shutting down and abandoning module UdpMessaging (97)
[2017.03.09-14.24.38:559][611]LogModuleManager: Shutting down and abandoning module LightPropagationVolumeRuntime (96)
[2017.03.09-14.24.38:559][611]LogModuleManager: Shutting down and abandoning module Paper2D (95)
[2017.03.09-14.24.38:599][611]LogModuleManager: Shutting down and abandoning module WindowsMoviePlayer (94)
[2017.03.09-14.24.38:599][611]LogModuleManager: Shutting down and abandoning module Media (93)
[2017.03.09-14.24.38:599][611]LogModuleManager: Shutting down and abandoning module WmfMedia (92)
[2017.03.09-14.24.38:614][611]LogModuleManager: Shutting down and abandoning module MediaAssets (91)
[2017.03.09-14.24.38:614][611]LogModuleManager: Shutting down and abandoning module GameLiveStreaming (90)
[2017.03.09-14.24.38:633][611]LogModuleManager: Shutting down and abandoning module GameplayTagsEditor (89)
[2017.03.09-14.24.38:633][611]LogModuleManager: Shutting down and abandoning module OnlineBlueprintSupport (88)
[2017.03.09-14.24.38:633][611]LogModuleManager: Shutting down and abandoning module VREditor (87)
[2017.03.09-14.24.38:647][611]LogModuleManager: Shutting down and abandoning module GameplayTasksEditor (86)
[2017.03.09-14.24.38:647][611]LogModuleManager: Shutting down and abandoning module PropertyEditor (85)
[2017.03.09-14.24.38:667][611]LogModuleManager: Shutting down and abandoning module BehaviorTreeEditor (84)
[2017.03.09-14.24.38:787][611]LogModuleManager: Shutting down and abandoning module FunctionalTesting (83)
[2017.03.09-14.24.38:788][611]LogModuleManager: Shutting down and abandoning module CollisionAnalyzer (82)
[2017.03.09-14.24.38:831][611]LogModuleManager: Shutting down and abandoning module Sequencer (81)
[2017.03.09-14.24.38:831][611]LogModuleManager: Shutting down and abandoning module WorkspaceMenuStructure (80)
[2017.03.09-14.24.38:832][611]LogModuleManager: Shutting down and abandoning module MessageLog (79)
[2017.03.09-14.24.38:832][611]LogModuleManager: Shutting down and abandoning module AssetTools (78)
[2017.03.09-14.24.38:867][611]LogModuleManager: Shutting down and abandoning module UMGEditor (77)
[2017.03.09-14.24.38:868][611]LogModuleManager: Shutting down and abandoning module UMG (76)
[2017.03.09-14.24.38:868][611]LogModuleManager: Shutting down and abandoning module SlateReflector (75)
[2017.03.09-14.24.38:976][611]LogModuleManager: Shutting down and abandoning module Slate (74)
[2017.03.09-14.24.38:976][611]LogModuleManager: Shutting down and abandoning module EditorStyle (73)
[2017.03.09-14.24.39:002][611]LogModuleManager: Shutting down and abandoning module SourceCodeAccess (72)
[2017.03.09-14.24.39:002][611]LogModuleManager: Shutting down and abandoning module HeadMountedDisplay (71)
[2017.03.09-14.24.39:002][611]LogModuleManager: Shutting down and abandoning module XAudio2 (70)
[2017.03.09-14.24.39:002][611]LogModuleManager: Shutting down and abandoning module Networking (69)
[2017.03.09-14.24.39:002][611]LogModuleManager: Shutting down and abandoning module Core (68)
[2017.03.09-14.24.39:002][611]LogModuleManager: Shutting down and abandoning module DirectoryWatcher (67)
[2017.03.09-14.24.39:003][611]LogModuleManager: Shutting down and abandoning module AssetRegistry (66)
[2017.03.09-14.24.39:988][611]LogModuleManager: Shutting down and abandoning module KismetCompiler (65)
[2017.03.09-14.24.39:988][611]LogModuleManager: Shutting down and abandoning module PhysXFormats (64)
[2017.03.09-14.24.40:006][611]LogModuleManager: Shutting down and abandoning module MeshUtilities (63)
[2017.03.09-14.24.40:120][611]LogModuleManager: Shutting down and abandoning module DerivedDataCache (62)
[2017.03.09-14.24.40:220][611]LogDerivedDataCache: Shutdown
[2017.03.09-14.24.40:220][611]LogModuleManager: Shutting down and abandoning module VulkanShaderFormat (61)
[2017.03.09-14.24.40:766][611]LogModuleManager: Shutting down and abandoning module ShaderFormatOpenGL (60)
[2017.03.09-14.24.40:837][611]LogModuleManager: Shutting down and abandoning module ShaderFormatD3D (59)
[2017.03.09-14.24.40:899][611]LogModuleManager: Shutting down and abandoning module MetalShaderFormat (58)
[2017.03.09-14.24.41:075][611]LogModuleManager: Shutting down and abandoning module TextureFormatUncompressed (57)
[2017.03.09-14.24.41:075][611]LogModuleManager: Shutting down and abandoning module TextureFormatPVR (56)
[2017.03.09-14.24.41:208][611]LogModuleManager: Shutting down and abandoning module TextureFormatIntelISPCTexComp (55)
[2017.03.09-14.24.41:862][611]LogModuleManager: Shutting down and abandoning module TextureFormatDXT (54)
[2017.03.09-14.24.41:922][611]LogModuleManager: Shutting down and abandoning module ImageWrapper (53)
[2017.03.09-14.24.41:922][611]LogModuleManager: Shutting down and abandoning module TextureFormatASTC (52)
[2017.03.09-14.24.41:922][611]LogModuleManager: Shutting down and abandoning module TextureFormatAndroid (51)
[2017.03.09-14.24.41:922][611]LogModuleManager: Shutting down and abandoning module AudioFormatOpus (50)
[2017.03.09-14.24.42:111][611]LogModuleManager: Shutting down and abandoning module AudioFormatOgg (49)
[2017.03.09-14.24.42:228][611]LogModuleManager: Shutting down and abandoning module AudioFormatADPCM (48)
[2017.03.09-14.24.42:243][611]LogModuleManager: Shutting down and abandoning module LinuxTargetPlatform (47)
[2017.03.09-14.24.42:243][611]LogModuleManager: Shutting down and abandoning module LinuxServerTargetPlatform (46)
[2017.03.09-14.24.42:264][611]LogModuleManager: Shutting down and abandoning module LinuxNoEditorTargetPlatform (45)
[2017.03.09-14.24.42:284][611]LogModuleManager: Shutting down and abandoning module TVOSTargetPlatform (44)
[2017.03.09-14.24.42:284][611]LogModuleManager: Shutting down and abandoning module Messaging (43)
[2017.03.09-14.24.42:284][611]LogModuleManager: Shutting down and abandoning module IOSTargetPlatform (42)
[2017.03.09-14.24.42:284][611]LogModuleManager: Shutting down and abandoning module HTML5TargetPlatform (41)
[2017.03.09-14.24.42:284][611]LogModuleManager: Shutting down and abandoning module Android_PVRTCTargetPlatform (40)
[2017.03.09-14.24.42:284][611]LogModuleManager: Shutting down and abandoning module Android_MultiTargetPlatform (39)
[2017.03.09-14.24.42:297][611]LogModuleManager: Shutting down and abandoning module Android_ETC2TargetPlatform (38)
[2017.03.09-14.24.42:297][611]LogModuleManager: Shutting down and abandoning module Android_ETC1TargetPlatform (37)
[2017.03.09-14.24.42:297][611]LogModuleManager: Shutting down and abandoning module Android_DXTTargetPlatform (36)
[2017.03.09-14.24.42:297][611]LogModuleManager: Shutting down and abandoning module Android_ATCTargetPlatform (35)
[2017.03.09-14.24.42:297][611]LogModuleManager: Shutting down and abandoning module Android_ASTCTargetPlatform (34)
[2017.03.09-14.24.42:297][611]LogModuleManager: Shutting down and abandoning module AndroidTargetPlatform (33)
[2017.03.09-14.24.42:297][611]LogModuleManager: Shutting down and abandoning module WindowsTargetPlatform (32)
[2017.03.09-14.24.42:297][611]LogModuleManager: Shutting down and abandoning module WindowsServerTargetPlatform (31)
[2017.03.09-14.24.42:309][611]LogModuleManager: Shutting down and abandoning module WindowsNoEditorTargetPlatform (30)
[2017.03.09-14.24.42:324][611]LogModuleManager: Shutting down and abandoning module WindowsClientTargetPlatform (29)
[2017.03.09-14.24.42:336][611]LogModuleManager: Shutting down and abandoning module AllDesktopTargetPlatform (28)
[2017.03.09-14.24.42:336][611]LogModuleManager: Shutting down and abandoning module TargetPlatform (27)
[2017.03.09-14.24.42:359][611]LogModuleManager: Shutting down and abandoning module InputCore (26)
[2017.03.09-14.24.42:359][611]LogModuleManager: Shutting down and abandoning module Settings (25)
[2017.03.09-14.24.42:359][611]LogModuleManager: Shutting down and abandoning module Voice (23)
[2017.03.09-14.24.42:396][611]LogModuleManager: Shutting down and abandoning module OnlineSubsystem (19)
[2017.03.09-14.24.42:396][611]LogOnline:Display: NULL: FOnlineSubsystemNull::Shutdown()
[2017.03.09-14.24.42:424][611]LogOnline:Display: Unloading online subsystem: STEAM
[2017.03.09-14.24.43:744][611]LogOnline:Display: Unloading online subsystem: NULL
[2017.03.09-14.24.43:880][611]LogModuleManager: Shutting down and abandoning module HTTP (18)
[2017.03.09-14.24.47:900][611]LogModuleManager: Shutting down and abandoning module XMPP (17)
[2017.03.09-14.24.47:900][611]LogModuleManager: Shutting down and abandoning module OculusRift (16)
[2017.03.09-14.24.47:900][611]LogModuleManager: Shutting down and abandoning module ExampleDeviceProfileSelector (15)
[2017.03.09-14.24.47:900][611]LogModuleManager: Shutting down and abandoning module TextureCompressor (14)
[2017.03.09-14.24.48:022][611]LogModuleManager: Shutting down and abandoning module ShaderCore (13)
[2017.03.09-14.24.48:023][611]LogModuleManager: Shutting down and abandoning module Landscape (12)
[2017.03.09-14.24.48:023][611]LogModuleManager: Shutting down and abandoning module SlateRHIRenderer (11)
[2017.03.09-14.24.48:034][611]LogModuleManager: Shutting down and abandoning module OpenGLDrv (10)
[2017.03.09-14.24.48:034][611]LogModuleManager: Shutting down and abandoning module D3D11RHI (9)
[2017.03.09-14.24.48:034][611]LogModuleManager: Shutting down and abandoning module AnimGraphRuntime (8)
[2017.03.09-14.24.48:034][611]LogModuleManager: Shutting down and abandoning module Renderer (7)
[2017.03.09-14.24.48:034][611]LogModuleManager: Shutting down and abandoning module Engine (6)
[2017.03.09-14.24.48:034][611]LogModuleManager: Shutting down and abandoning module CoreUObject (5)
[2017.03.09-14.24.48:034][611]LogModuleManager: Shutting down and abandoning module NetworkFile (4)
[2017.03.09-14.24.48:034][611]LogModuleManager: Shutting down and abandoning module StreamingFile (3)
[2017.03.09-14.24.48:034][611]LogModuleManager: Shutting down and abandoning module SandboxFile (2)
[2017.03.09-14.24.48:034][611]LogModuleManager: Shutting down and abandoning module PakFile (1)
[2017.03.09-14.24.48:036][611]LogExit: Exiting.
[2017.03.09-14.24.48:039][611]Log file closed, 03/09/17 23:24:48
