Log file open, 10/15/16 17:32:59
LogInit:Display: Running engine for game: UNNAMED
LogPlatformFile: Not using cached read wrapper
LogInit:Display: RandInit(489470046) SRandInit(489470047).
LogTaskGraph: Started task graph with 4 named threads and 7 total threads with 1 sets of task threads.
LogStats: Stats thread started at 0.823824
LogInit: Version: 4.12.5-3039270+++UE4+Release-4.12
LogInit: API Version: 2992821
LogInit: Net Version: 3039270
LogDevObjectVersion: Number of dev versions registered: 13
LogDevObjectVersion:   Dev-Blueprints (B0D832E4-1F89-4F0D-ACCF-7EB736FD4AA2): 3
LogDevObjectVersion:   Dev-Build (E1C64328-A22C-4D53-A36C-8E866417BD8C): 0
LogDevObjectVersion:   Dev-Core (375EC13C-06E4-48FB-B500-84F0262A717E): 1
LogDevObjectVersion:   Dev-Editor (E4B068ED-F494-42E9-A231-DA0B2E46BB41): 2
LogDevObjectVersion:   Dev-Framework (CFFC743F-43B0-4480-9391-14DF171D2073): 6
LogDevObjectVersion:   Dev-Mobile (B02B49B5-BB20-44E9-A304-32B752E40360): 0
LogDevObjectVersion:   Dev-Networking (A4E4105C-59A1-49B5-A7C5-40C4547EDFEE): 0
LogDevObjectVersion:   Dev-Online (39C831C9-5AE6-47DC-9A44-9C173E1C8E7C): 0
LogDevObjectVersion:   Dev-Physics (78F01B33-EBEA-4F98-B9B4-84EACCB95AA2): 0
LogDevObjectVersion:   Dev-Platform (6631380F-2D4D-43E0-8009-CF276956A95A): 0
LogDevObjectVersion:   Dev-Rendering (12F88B9F-8875-4AFC-A67C-D90C383ABD29): 2
LogDevObjectVersion:   Dev-Sequencer (7B5AE74C-D270-4C10-A958-57980B212A5A): 0
LogDevObjectVersion:   Dev-VR (D7296918-1DD6-4BDD-9DE2-64A83CC13884): 0
LogInit: Compiled (64-bit): Jul  6 2016 09:09:46
LogInit: Compiled with Visual C++: 19.00.23026.00
LogInit: Build Configuration: Development
LogInit: Branch Name: ++UE4+Release-4.12
LogInit: Command line:  117.16.45.139 -game
LogInit: Base directory: C:/Program Files (x86)/Epic Games/4.12/Engine/Binaries/Win64/
LogInit: Installed Engine Build: 1
LogInit: Using libcurl 7.41.0
LogInit:  - built for x86_64-pc-win32
LogInit:  - supports SSL with WinSSL
LogInit:  - other features:
LogInit:      CURL_VERSION_SSL
LogInit:      CURL_VERSION_IPV6
LogInit:      CURL_VERSION_ASYNCHDNS
LogInit:      CURL_VERSION_LARGEFILE
LogInit:      CURL_VERSION_IDN
LogInit:  CurlRequestOptions (configurable via config and command line):
LogInit:  - bVerifyPeer = true  - Libcurl will verify peer certificate
LogInit:  - bUseHttpProxy = false  - Libcurl will NOT use HTTP proxy
LogInit:  - bDontReuseConnections = false  - Libcurl will reuse connections
LogInit:  - CertBundlePath = nullptr  - Libcurl will use whatever was configured at build time.
LogInit: Presizing for max 8388607 objects, including 0 objects not considered by GC, pre-allocating 0 bytes for permanent pool.
LogInit: Object subsystem initialized
[2016.10.15-08.33.00:964][  0]LogInit: Selected Device Profile: [Windows]
[2016.10.15-08.33.00:964][  0]LogInit: Applying CVar settings loaded from the selected device profile: [Windows]
[2016.10.15-08.33.00:973][  0]LogInit: Computer: DESKTOP-5I3HB32
[2016.10.15-08.33.00:973][  0]LogInit: User: jcy
[2016.10.15-08.33.00:973][  0]LogInit: CPU Page size=65536, Cores=4
[2016.10.15-08.33.00:973][  0]LogInit: High frequency timer resolution =2.533207 MHz
[2016.10.15-08.33.00:973][  0]LogMemory: Memory total: Physical=7.9GB (8GB approx)
[2016.10.15-08.33.00:973][  0]LogMemory: Platform Memory Stats for Windows
[2016.10.15-08.33.00:973][  0]LogMemory: Process Physical Memory: 190.99 MB used, 190.99 MB peak
[2016.10.15-08.33.00:973][  0]LogMemory: Process Virtual Memory: 195.16 MB used, 195.16 MB peak
[2016.10.15-08.33.00:973][  0]LogMemory: Physical Memory: 2472.30 MB used, 8113.86 MB total
[2016.10.15-08.33.00:973][  0]LogMemory: Virtual Memory: 553.26 MB used, 134217728.00 MB total
[2016.10.15-08.33.02:730][  0]LogD3D11RHI: D3D11 adapters:
[2016.10.15-08.33.03:307][  0]LogD3D11RHI:    0. 'NVIDIA GeForce GTX 960M' (Feature Level 11_0)
[2016.10.15-08.33.03:307][  0]LogD3D11RHI:       2018/0/4056 MB DedicatedVideo/DedicatedSystem/SharedSystem, Outputs:2, VendorId:0x10de
[2016.10.15-08.33.03:313][  0]LogD3D11RHI:    1. 'Intel(R) HD Graphics 4600' (Feature Level 11_0)
[2016.10.15-08.33.03:313][  0]LogD3D11RHI:       112/0/2048 MB DedicatedVideo/DedicatedSystem/SharedSystem, Outputs:0, VendorId:0x8086
[2016.10.15-08.33.03:315][  0]LogD3D11RHI:    2. 'Microsoft Basic Render Driver' (Feature Level 11_0)
[2016.10.15-08.33.03:315][  0]LogD3D11RHI:       0/0/4056 MB DedicatedVideo/DedicatedSystem/SharedSystem, Outputs:0, VendorId:0x1414
[2016.10.15-08.33.03:315][  0]LogD3D11RHI: Chosen D3D11 Adapter: 0
[2016.10.15-08.33.03:319][  0]LogD3D11RHI: Creating new Direct3DDevice
[2016.10.15-08.33.03:319][  0]LogD3D11RHI:     GPU DeviceId: 0x139b (for the marketing name, search the web for "GPU Device Id")
[2016.10.15-08.33.03:319][  0]LogWindows: EnumDisplayDevices:
[2016.10.15-08.33.03:320][  0]LogWindows:    0. 'Intel(R) HD Graphics 4600' (P:1 D:1)
[2016.10.15-08.33.03:320][  0]LogWindows:    1. 'Intel(R) HD Graphics 4600' (P:0 D:1)
[2016.10.15-08.33.03:320][  0]LogWindows:    2. 'Intel(R) HD Graphics 4600' (P:0 D:0)
[2016.10.15-08.33.03:320][  0]LogWindows: DebugString: PrimaryIsNotTheChoosenAdapter PrimaryIsNotTheChoosenAdapter PrimaryIsNotTheChoosenAdapter FoundDriverCount:0 
[2016.10.15-08.33.03:320][  0]LogD3D11RHI:     Adapter Name: NVIDIA GeForce GTX 960M
[2016.10.15-08.33.03:320][  0]LogD3D11RHI:   Driver Version: Unknown (internal:Unknown, unified:Unknown)
[2016.10.15-08.33.03:320][  0]LogD3D11RHI:      Driver Date: Unknown
[2016.10.15-08.33.03:320][  0]LogRHI: Texture pool is 1361 MB (70% of 1945 MB)
[2016.10.15-08.33.03:823][  0]LogD3D11RHI: Async texture creation enabled
[2016.10.15-08.33.03:980][  0]LogD3D11RHI: GPU Timing Frequency: 1000.000000 (Debug: 2 1)
[2016.10.15-08.33.03:980][  0]LogShaderCompilers: Guid format shader working directory is -15 characters bigger than the processId version (../../../../../../Users/jcy/Documents/GitHub/UNNAMED/UNNAMED/Intermediate/Shaders/WorkingDirectory/400/).
[2016.10.15-08.33.03:981][  0]LogShaderCompilers: Cleaned the shader compiler working directory 'C:/Users/jcy/AppData/Local/Temp/UnrealShaderWorkingDir/0A1E768A4C8F075AEE8B19A23EA11F3D/'.
[2016.10.15-08.33.03:981][  0]LogShaderCompilers:Display: Using Local Shader Compiler.
[2016.10.15-08.33.06:293][  0]LogTemp:Display: Loaded TP WindowsClientTargetPlatform
[2016.10.15-08.33.06:309][  0]LogTemp:Display: Loaded TP WindowsNoEditorTargetPlatform
[2016.10.15-08.33.06:339][  0]LogTemp:Display: Loaded TP WindowsServerTargetPlatform
[2016.10.15-08.33.06:378][  0]LogTemp:Display: Loaded TP WindowsTargetPlatform
[2016.10.15-08.33.06:378][  0]LogTargetPlatformManager:Display: Building Assets For Windows
[2016.10.15-08.33.07:808][  0]LogDerivedDataCache:Display: Max Cache Size: 512 MB
[2016.10.15-08.33.09:769][  0]LogDerivedDataCache: Loaded boot cache 1.95s 47MB C:/Users/jcy/AppData/Local/UnrealEngine/4.12/DerivedDataCache/Boot.ddc.
[2016.10.15-08.33.09:770][  0]LogDerivedDataCache:Display: Loaded Boot cache: C:/Users/jcy/AppData/Local/UnrealEngine/4.12/DerivedDataCache/Boot.ddc
[2016.10.15-08.33.09:770][  0]LogDerivedDataCache: FDerivedDataBackendGraph:  Pak pak cache file ../../../../../../Users/jcy/Documents/GitHub/UNNAMED/UNNAMED/DerivedDataCache/DDC.ddp not found, will not use a pak cache.
[2016.10.15-08.33.09:770][  0]LogDerivedDataCache: Unable to find inner node Pak for hierarchical cache Hierarchy.
[2016.10.15-08.33.09:770][  0]LogDerivedDataCache: FDerivedDataBackendGraph:  CompressedPak pak cache file ../../../../../../Users/jcy/Documents/GitHub/UNNAMED/UNNAMED/DerivedDataCache/Compressed.ddp not found, will not use a pak cache.
[2016.10.15-08.33.09:770][  0]LogDerivedDataCache: Unable to find inner node CompressedPak for hierarchical cache Hierarchy.
[2016.10.15-08.33.09:851][  0]LogDerivedDataCache:Display: Pak cache opened for reading ../../../Engine/DerivedDataCache/Compressed.ddp.
[2016.10.15-08.33.09:898][  0]LogDerivedDataCache: Using Local data cache path C:/Users/jcy/AppData/Local/UnrealEngine/Common/DerivedDataCache: Writable
[2016.10.15-08.33.13:700][  0]LogAssetRegistry: FAssetRegistry took 0.0003 seconds to start up
[2016.10.15-08.33.13:802][  0]LogPackageLocalizationCache: Processed 3 localized package path(s) for 1 prioritized culture(s) in 0.101732 seconds
[2016.10.15-08.33.13:890][  0]LogInit: Selected Device Profile: [Windows]
[2016.10.15-08.33.13:891][  0]LogContentStreaming: Texture pool size is 1000.00 MB
[2016.10.15-08.33.15:249][  0]LogMeshUtilities: No automatic mesh reduction module available
[2016.10.15-08.33.15:249][  0]LogMeshUtilities: No automatic mesh merging module available
[2016.10.15-08.33.15:249][  0]LogMeshUtilities: No distributed automatic mesh merging module available
[2016.10.15-08.33.18:668][  0]LogInit: WinSock: version 1.1 (2.2), MaxSocks=32767, MaxUdp=65467
[2016.10.15-08.33.22:627][  0]LogSlate: SlateFontCache - WITH_FREETYPE: 1, WITH_HARFBUZZ: 1
[2016.10.15-08.33.22:627][  0]LogSlate: SlateFontCache - WITH_FREETYPE: 1, WITH_HARFBUZZ: 1
[2016.10.15-08.33.23:252][  0]LogMoviePlayer: Initializing movie player
[2016.10.15-08.33.23:822][  0]LogWindowsMoviePlayer: Unable to load movie: ../../../../../../Users/jcy/Documents/GitHub/UNNAMED/UNNAMED/Content/Movies/Default_Startup.mp4
[2016.10.15-08.33.24:284][  0]SourceControl: Info Source control is disabled
[2016.10.15-08.33.24:285][  0]SourceControl: Info Source control is disabled
[2016.10.15-08.33.24:334][  0]SourceControl: Info Source control is disabled
[2016.10.15-08.33.25:053][  0]LogUObjectArray: 30985 objects as part of root set at end of initial load.
[2016.10.15-08.33.25:053][  0]LogUObjectAllocator: 6717232 out of 0 bytes used by permanent object pool.
[2016.10.15-08.33.25:053][  0]LogUObjectArray: CloseDisregardForGC: 0/0 objects in disregard for GC pool
[2016.10.15-08.33.25:399][  0]LogEngine: Initializing Engine...
[2016.10.15-08.33.25:454][  0]LogHMD: SteamVR failed to initialize.  Err: 110
[2016.10.15-08.33.25:455][  0]LogHMD: SteamVR failed to initialize.  Err: 110
[2016.10.15-08.33.25:928][  0]LogInit: XAudio2 using '스피커(Realtek High Definition Audio)' : 2 channels at 48 kHz using 32 bits per sample (channel mask 0x3)
[2016.10.15-08.33.25:992][  0]LogInit: FAudioDevice initialized.
[2016.10.15-08.33.26:034][  0]LogDerivedDataCache: Saved boot cache 0.04s 47MB C:/Users/jcy/AppData/Local/UnrealEngine/4.12/DerivedDataCache/Boot.ddc.
[2016.10.15-08.33.26:047][  0]LogInit: Texture streaming: Enabled
[2016.10.15-08.33.32:416][  0]LogNet: Browse: 117.16.45.139//Game/ThirdPersonBP/Maps/ThirdPersonExampleMap?Name=Player
[2016.10.15-08.33.32:416][  0]LogInit: WinSock: Socket queue 32768 / 32768
[2016.10.15-08.33.32:420][  0]LogInit: WinSock: I am DESKTOP-5I3HB32 (192.168.0.72:0)
[2016.10.15-08.33.32:420][  0]PacketHandlerLog: Loaded PacketHandler component: Engine.EngineHandlerComponentFactory (StatelessConnectHandlerComponent)
[2016.10.15-08.33.32:420][  0]LogNet: Game client on port 7777, rate 10000
[2016.10.15-08.33.32:420][  0]LogNet: GetLocalNetworkVersion: GEngineNetVersion: 3039270, ProjectName: unnamed, ProjectVersion: 1.0.0.0, InternalProtocolVersion: 9, LocalNetworkVersion: 1745645396
[2016.10.15-08.33.32:420][  0]LogLoad:Error: Failed to enter /Game/ThirdPersonBP/Maps/ThirdPersonExampleMap: . Please check the log for errors.
[2016.10.15-08.33.32:420][  0]LogNet: Browse: /Game/ThirdPersonBP/Maps/ThirdPersonExampleMap?Name=Player
[2016.10.15-08.33.32:422][  0]LogLoad: LoadMap: /Game/ThirdPersonBP/Maps/ThirdPersonExampleMap?Name=Player
[2016.10.15-08.33.32:450][  0]LogMemory: Platform Memory Stats for Windows
[2016.10.15-08.33.32:450][  0]LogMemory: Process Physical Memory: 542.46 MB used, 586.21 MB peak
[2016.10.15-08.33.32:450][  0]LogMemory: Process Virtual Memory: 615.74 MB used, 615.75 MB peak
[2016.10.15-08.33.32:450][  0]LogMemory: Physical Memory: 3024.37 MB used, 8113.86 MB total
[2016.10.15-08.33.32:450][  0]LogMemory: Virtual Memory: 1244.96 MB used, 134217728.00 MB total
[2016.10.15-08.33.32:450][  0]LogMemory: 
[2016.10.15-08.33.32:450][  0]Allocator Stats for TBB: (not implemented)
[2016.10.15-08.33.39:385][  0]LogAIModule: Creating AISystem for world ThirdPersonExampleMap
[2016.10.15-08.33.39:386][  0]LogWorld: Game class is 'ThirdPersonGameMode_C'
[2016.10.15-08.33.39:392][  0]LogWorld: Bringing World /Game/ThirdPersonBP/Maps/ThirdPersonExampleMap.ThirdPersonExampleMap up for play (max tick rate 0) at 2016.10.15-17.33.39
[2016.10.15-08.33.39:393][  0]LogWorld: Bringing up level for play took: 0.005799
[2016.10.15-08.33.39:422][  0]LogLoad: Took 7.000855 seconds to LoadMap(/Game/ThirdPersonBP/Maps/ThirdPersonExampleMap)
[2016.10.15-08.33.39:422][  0]LogInit:Display: Game Engine Initialized.
[2016.10.15-08.33.40:097][  0]LogLoad: Full Startup: 44.34 seconds (BP compile: 0.42 seconds)
[2016.10.15-08.33.40:097][  0]LogExternalProfiler: Found external profiler: VSPerf
[2016.10.15-08.33.40:097][  0]LogExternalProfiler: Using external profiler: VSPerf
[2016.10.15-08.33.40:154][  0]LogWindowsTextInputMethodSystem:Display: IME system now activated using TSF (Microsoft 입력기).
[2016.10.15-08.33.40:157][  0]LogOcInput: OculusInput pre-init called
[2016.10.15-08.33.40:157][  0]LogNet: UNetDriver::TickDispatch: Very long time between ticks. DeltaTime: 0.02, Realtime: 7.74. IpNetDriver_0
[2016.10.15-08.33.40:157][  0]LogHandshake: SendChallengeResponse. Timestamp: 123.552322, Cookie: 167227030120188128019014019184182133164125004243179093199171
[2016.10.15-08.33.40:254][  0]LogRenderer: Reallocating scene render targets to support 128x128 (Frame:1).
[2016.10.15-08.33.40:359][  1]LogRenderer: Reallocating scene render targets to support 1920x1080 (Frame:2).
[2016.10.15-08.33.40:638][ 17]LogNet: Welcomed by server (Level: /Game/ThirdPersonBP/Maps/ThirdPersonExampleMap, Game: /Game/ThirdPersonBP/Blueprints/ThirdPersonGameMode.ThirdPersonGameMode_C)
[2016.10.15-08.33.40:967][ 17]LogLoad: LoadMap: 117.16.45.139//Game/ThirdPersonBP/Maps/ThirdPersonExampleMap?Name=Player?game=/Game/ThirdPersonBP/Blueprints/ThirdPersonGameMode.ThirdPersonGameMode_C
[2016.10.15-08.33.40:968][ 17]LogScript:Warning: Attempted to access PHUD_C_0 via property HUD, but PHUD_C_0 is pending kill
	playercon_C /Game/ThirdPersonBP/Maps/ThirdPersonExampleMap.ThirdPersonExampleMap:PersistentLevel.playercon_C_0
	Function /Game/playercon.playercon_C:ExecuteUbergraph_playercon:0141
[2016.10.15-08.33.40:968][ 17]LogScript:Warning: Script call stack:
	Function /Game/playercon.playercon_C:ReceiveEndPlay
	Function /Game/playercon.playercon_C:ExecuteUbergraph_playercon

[2016.10.15-08.33.41:021][ 17]LogMemory: Platform Memory Stats for Windows
[2016.10.15-08.33.41:021][ 17]LogMemory: Process Physical Memory: 638.67 MB used, 639.67 MB peak
[2016.10.15-08.33.41:021][ 17]LogMemory: Process Virtual Memory: 1075.69 MB used, 1076.88 MB peak
[2016.10.15-08.33.41:021][ 17]LogMemory: Physical Memory: 3170.39 MB used, 8113.86 MB total
[2016.10.15-08.33.41:021][ 17]LogMemory: Virtual Memory: 1721.97 MB used, 134217728.00 MB total
[2016.10.15-08.33.41:021][ 17]LogMemory: 
[2016.10.15-08.33.41:021][ 17]Allocator Stats for TBB: (not implemented)
[2016.10.15-08.33.41:578][ 17]LogAIModule: Creating AISystem for world ThirdPersonExampleMap
[2016.10.15-08.33.41:583][ 17]LogWorld: Bringing World /Game/ThirdPersonBP/Maps/ThirdPersonExampleMap.ThirdPersonExampleMap up for play (max tick rate 0) at 2016.10.15-17.33.41
[2016.10.15-08.33.41:584][ 17]LogWorld: Bringing up level for play took: 0.003906
[2016.10.15-08.33.41:584][ 17]LogLoad: Took 0.617162 seconds to LoadMap(/Game/ThirdPersonBP/Maps/ThirdPersonExampleMap)
[2016.10.15-08.33.41:847][ 30]LogNet:Warning: Network Failure: GameNetDriver[FailureReceived]: 호스트가 접속을 끊었습니다.
[2016.10.15-08.33.41:847][ 30]LogNet: NetworkFailure: FailureReceived, Error: '호스트가 접속을 끊었습니다.'
[2016.10.15-08.33.41:848][ 30]LogNet: UNetConnection::Close: [UNetConnection] RemoteAddr: 117.16.45.139:7777, Name: IpConnection_0, Driver: GameNetDriver IpNetDriver_0, IsServer: NO, PC: playercon_C_0, Owner: playercon_C_0, Channels: 3, Time: 2016.10.15-08.33.41
[2016.10.15-08.33.41:848][ 30]LogNet: UChannel::Close: Sending CloseBunch. ChIndex == 0. Name: [UChannel] ChIndex: 0, Closing: 0 [UNetConnection] RemoteAddr: 117.16.45.139:7777, Name: IpConnection_0, Driver: GameNetDriver IpNetDriver_0, IsServer: NO, PC: playercon_C_0, Owner: playercon_C_0
[2016.10.15-08.33.41:848][ 30]LogNet:Warning: Network Failure: GameNetDriver[ConnectionLost]: Your connection to the host has been lost.
[2016.10.15-08.33.41:848][ 30]LogNet: NetworkFailure: ConnectionLost, Error: 'Your connection to the host has been lost.'
[2016.10.15-08.33.41:865][ 31]LogNet: Browse: /Game/ThirdPersonBP/Maps/ThirdPersonExampleMap?closed
[2016.10.15-08.33.41:865][ 31]LogNet: Failed; returning to Entry
[2016.10.15-08.33.41:920][ 31]LogLoad: LoadMap: /Game/ThirdPersonBP/Maps/ThirdPersonExampleMap?closed
[2016.10.15-08.33.41:920][ 31]LogNet: World NetDriver shutdown IpNetDriver_0 [GameNetDriver]
[2016.10.15-08.33.41:920][ 31]LogNet: DestroyNamedNetDriver IpNetDriver_0 [GameNetDriver]
[2016.10.15-08.33.41:920][ 31]LogExit: GameNetDriver IpNetDriver_0 shut down
[2016.10.15-08.33.41:973][ 31]LogMemory: Platform Memory Stats for Windows
[2016.10.15-08.33.41:973][ 31]LogMemory: Process Physical Memory: 674.38 MB used, 675.71 MB peak
[2016.10.15-08.33.41:973][ 31]LogMemory: Process Virtual Memory: 1123.06 MB used, 1124.44 MB peak
[2016.10.15-08.33.41:973][ 31]LogMemory: Physical Memory: 3216.27 MB used, 8113.86 MB total
[2016.10.15-08.33.41:973][ 31]LogMemory: Virtual Memory: 1792.48 MB used, 134217728.00 MB total
[2016.10.15-08.33.41:973][ 31]LogMemory: 
[2016.10.15-08.33.41:973][ 31]Allocator Stats for TBB: (not implemented)
[2016.10.15-08.33.42:531][ 31]LogAIModule: Creating AISystem for world ThirdPersonExampleMap
[2016.10.15-08.33.42:531][ 31]LogWorld: Game class is 'ThirdPersonGameMode_C'
[2016.10.15-08.33.42:538][ 31]LogWorld: Bringing World /Game/ThirdPersonBP/Maps/ThirdPersonExampleMap.ThirdPersonExampleMap up for play (max tick rate 0) at 2016.10.15-17.33.42
[2016.10.15-08.33.42:539][ 31]LogWorld: Bringing up level for play took: 0.006852
[2016.10.15-08.33.42:543][ 31]LogLoad: Took 0.623487 seconds to LoadMap(/Game/ThirdPersonBP/Maps/ThirdPersonExampleMap)
[2016.10.15-08.33.58:534][ 13]Set new viewmode: Wireframe
[2016.10.15-08.34.11:659][818]LogWindowsTextInputMethodSystem:Display: IME system now activated using TSF (Microsoft 입력기).
[2016.10.15-08.34.11:667][818]LogEngine: All Windows Closed
[2016.10.15-08.34.11:667][818]LogWindows: FPlatformMisc::RequestExit(0)
[2016.10.15-08.34.11:667][819]LogMoviePlayer: Shutting down movie player
[2016.10.15-08.34.12:502][819]LogExit: Preparing to exit.
[2016.10.15-08.34.12:600][819]LogExit: Game engine shut down
[2016.10.15-08.34.12:702][819]LogObj: Freed 0b from 0 cluster array pools.
[2016.10.15-08.34.12:702][819]LogExit: Object subsystem successfully closed.
[2016.10.15-08.34.12:721][819]LogD3D11RHI: Shutdown
[2016.10.15-08.34.12:721][819]LogD3D11RHI: CleanupD3DDevice
[2016.10.15-08.34.12:782][819]LogD3D11RHI: ~FD3D11DynamicRHI
[2016.10.15-08.34.12:795][819]LogModuleManager: Shutting down and abandoning module SequenceRecorderSections (112)
[2016.10.15-08.34.12:795][819]LogModuleManager: Shutting down and abandoning module SequenceRecorder (111)
[2016.10.15-08.34.12:795][819]LogModuleManager: Shutting down and abandoning module AutomationController (110)
[2016.10.15-08.34.12:795][819]LogModuleManager: Shutting down and abandoning module AutomationWorker (109)
[2016.10.15-08.34.12:795][819]LogModuleManager: Shutting down and abandoning module CharacterAI (108)
[2016.10.15-08.34.12:795][819]LogModuleManager: Shutting down and abandoning module SessionServices (107)
[2016.10.15-08.34.12:795][819]LogModuleManager: Shutting down and abandoning module GameplayDebugger (106)
[2016.10.15-08.34.12:795][819]LogModuleManager: Shutting down and abandoning module AITestSuite (105)
[2016.10.15-08.34.12:795][819]LogModuleManager: Shutting down and abandoning module AIModule (104)
[2016.10.15-08.34.12:795][819]LogModuleManager: Shutting down and abandoning module MovieSceneCapture (103)
[2016.10.15-08.34.12:795][819]LogModuleManager: Shutting down and abandoning module StreamingPauseRendering (102)
[2016.10.15-08.34.12:795][819]LogModuleManager: Shutting down and abandoning module PortalServices (101)
[2016.10.15-08.34.12:795][819]LogModuleManager: Shutting down and abandoning module PortalRpc (100)
[2016.10.15-08.34.12:795][819]LogModuleManager: Shutting down and abandoning module MessagingRpc (99)
[2016.10.15-08.34.12:795][819]LogModuleManager: Shutting down and abandoning module ProfilerService (98)
[2016.10.15-08.34.12:879][819]LogModuleManager: Shutting down and abandoning module TaskGraph (97)
[2016.10.15-08.34.12:879][819]LogModuleManager: Shutting down and abandoning module SlateRemote (96)
[2016.10.15-08.34.12:879][819]LogModuleManager: Shutting down and abandoning module SteamVRController (95)
[2016.10.15-08.34.12:879][819]LogModuleManager: Shutting down and abandoning module SteamVR (94)
[2016.10.15-08.34.12:879][819]LogModuleManager: Shutting down and abandoning module ProceduralMeshComponent (93)
[2016.10.15-08.34.12:879][819]LogModuleManager: Shutting down and abandoning module OculusLibrary (92)
[2016.10.15-08.34.12:879][819]LogModuleManager: Shutting down and abandoning module OculusInput (91)
[2016.10.15-08.34.12:879][819]LogModuleManager: Shutting down and abandoning module CustomMeshComponent (90)
[2016.10.15-08.34.12:879][819]LogModuleManager: Shutting down and abandoning module CableComponent (89)
[2016.10.15-08.34.12:879][819]LogModuleManager: Shutting down and abandoning module ArchVisCharacter (88)
[2016.10.15-08.34.12:879][819]LogModuleManager: Shutting down and abandoning module HTML5Networking (87)
[2016.10.15-08.34.12:879][819]LogModuleManager: Shutting down and abandoning module DesktopPlatform (86)
[2016.10.15-08.34.12:879][819]LogModuleManager: Shutting down and abandoning module DirectoryWatcher (85)
[2016.10.15-08.34.12:879][819]LogModuleManager: Shutting down and abandoning module HotReload (84)
[2016.10.15-08.34.12:879][819]LogModuleManager: Shutting down and abandoning module VisualStudioSourceCodeAccess (83)
[2016.10.15-08.34.12:879][819]LogModuleManager: Shutting down and abandoning module UObjectPlugin (82)
[2016.10.15-08.34.12:879][819]LogModuleManager: Shutting down and abandoning module SubversionSourceControl (81)
[2016.10.15-08.34.12:879][819]LogModuleManager: Shutting down and abandoning module SourceControl (80)
[2016.10.15-08.34.12:879][819]LogModuleManager: Shutting down and abandoning module PerforceSourceControl (79)
[2016.10.15-08.34.12:879][819]LogModuleManager: Shutting down and abandoning module UdpMessaging (78)
[2016.10.15-08.34.12:880][819]LogModuleManager: Shutting down and abandoning module LightPropagationVolumeRuntime (77)
[2016.10.15-08.34.12:880][819]LogModuleManager: Shutting down and abandoning module Paper2D (76)
[2016.10.15-08.34.12:880][819]LogModuleManager: Shutting down and abandoning module WindowsMoviePlayer (75)
[2016.10.15-08.34.12:880][819]LogModuleManager: Shutting down and abandoning module Media (74)
[2016.10.15-08.34.12:880][819]LogModuleManager: Shutting down and abandoning module WmfMedia (73)
[2016.10.15-08.34.12:880][819]LogModuleManager: Shutting down and abandoning module MediaAssets (72)
[2016.10.15-08.34.12:880][819]LogModuleManager: Shutting down and abandoning module GameLiveStreaming (71)
[2016.10.15-08.34.12:880][819]LogModuleManager: Shutting down and abandoning module GameplayTagsEditor (70)
[2016.10.15-08.34.12:880][819]LogModuleManager: Shutting down and abandoning module OnlineBlueprintSupport (69)
[2016.10.15-08.34.12:880][819]LogModuleManager: Shutting down and abandoning module VREditor (68)
[2016.10.15-08.34.12:880][819]LogModuleManager: Shutting down and abandoning module GameplayTasksEditor (67)
[2016.10.15-08.34.12:880][819]LogModuleManager: Shutting down and abandoning module PropertyEditor (66)
[2016.10.15-08.34.12:880][819]LogModuleManager: Shutting down and abandoning module BehaviorTreeEditor (65)
[2016.10.15-08.34.12:880][819]LogModuleManager: Shutting down and abandoning module FunctionalTesting (64)
[2016.10.15-08.34.12:880][819]LogModuleManager: Shutting down and abandoning module CollisionAnalyzer (63)
[2016.10.15-08.34.12:880][819]LogModuleManager: Shutting down and abandoning module Sequencer (62)
[2016.10.15-08.34.12:880][819]LogModuleManager: Shutting down and abandoning module WorkspaceMenuStructure (61)
[2016.10.15-08.34.12:880][819]LogModuleManager: Shutting down and abandoning module MessageLog (60)
[2016.10.15-08.34.12:880][819]LogModuleManager: Shutting down and abandoning module AssetTools (59)
[2016.10.15-08.34.12:880][819]LogModuleManager: Shutting down and abandoning module UMGEditor (58)
[2016.10.15-08.34.12:880][819]LogModuleManager: Shutting down and abandoning module UMG (57)
[2016.10.15-08.34.12:880][819]LogModuleManager: Shutting down and abandoning module SlateReflector (56)
[2016.10.15-08.34.12:880][819]LogModuleManager: Shutting down and abandoning module Slate (55)
[2016.10.15-08.34.12:880][819]LogModuleManager: Shutting down and abandoning module EditorStyle (54)
[2016.10.15-08.34.12:883][819]LogModuleManager: Shutting down and abandoning module Messaging (53)
[2016.10.15-08.34.12:883][819]LogModuleManager: Shutting down and abandoning module SourceCodeAccess (52)
[2016.10.15-08.34.12:883][819]LogModuleManager: Shutting down and abandoning module HeadMountedDisplay (51)
[2016.10.15-08.34.12:883][819]LogModuleManager: Shutting down and abandoning module XAudio2 (50)
[2016.10.15-08.34.12:883][819]LogModuleManager: Shutting down and abandoning module Networking (48)
[2016.10.15-08.34.12:883][819]LogModuleManager: Shutting down and abandoning module Core (47)
[2016.10.15-08.34.12:883][819]LogModuleManager: Shutting down and abandoning module KismetCompiler (46)
[2016.10.15-08.34.12:883][819]LogModuleManager: Shutting down and abandoning module PhysXFormats (45)
[2016.10.15-08.34.12:883][819]LogModuleManager: Shutting down and abandoning module MeshUtilities (44)
[2016.10.15-08.34.12:883][819]LogModuleManager: Shutting down and abandoning module AssetRegistry (43)
[2016.10.15-08.34.12:883][819]LogModuleManager: Shutting down and abandoning module DerivedDataCache (42)
[2016.10.15-08.34.12:952][819]LogDerivedDataCache: Shutdown
[2016.10.15-08.34.12:952][819]LogModuleManager: Shutting down and abandoning module VulkanShaderFormat (41)
[2016.10.15-08.34.12:952][819]LogModuleManager: Shutting down and abandoning module ShaderFormatOpenGL (40)
[2016.10.15-08.34.12:952][819]LogModuleManager: Shutting down and abandoning module ShaderFormatD3D (39)
[2016.10.15-08.34.12:952][819]LogModuleManager: Shutting down and abandoning module MetalShaderFormat (38)
[2016.10.15-08.34.12:952][819]LogModuleManager: Shutting down and abandoning module TextureFormatUncompressed (37)
[2016.10.15-08.34.12:952][819]LogModuleManager: Shutting down and abandoning module TextureFormatPVR (36)
[2016.10.15-08.34.12:952][819]LogModuleManager: Shutting down and abandoning module TextureFormatIntelISPCTexComp (35)
[2016.10.15-08.34.12:952][819]LogModuleManager: Shutting down and abandoning module TextureFormatDXT (34)
[2016.10.15-08.34.12:952][819]LogModuleManager: Shutting down and abandoning module ImageWrapper (33)
[2016.10.15-08.34.12:952][819]LogModuleManager: Shutting down and abandoning module TextureFormatASTC (32)
[2016.10.15-08.34.12:952][819]LogModuleManager: Shutting down and abandoning module TextureFormatAndroid (31)
[2016.10.15-08.34.12:952][819]LogModuleManager: Shutting down and abandoning module AudioFormatOpus (30)
[2016.10.15-08.34.12:952][819]LogModuleManager: Shutting down and abandoning module AudioFormatOgg (29)
[2016.10.15-08.34.12:952][819]LogModuleManager: Shutting down and abandoning module AudioFormatADPCM (28)
[2016.10.15-08.34.12:952][819]LogModuleManager: Shutting down and abandoning module WindowsTargetPlatform (27)
[2016.10.15-08.34.12:952][819]LogModuleManager: Shutting down and abandoning module WindowsServerTargetPlatform (26)
[2016.10.15-08.34.12:952][819]LogModuleManager: Shutting down and abandoning module WindowsNoEditorTargetPlatform (25)
[2016.10.15-08.34.12:952][819]LogModuleManager: Shutting down and abandoning module WindowsClientTargetPlatform (24)
[2016.10.15-08.34.12:952][819]LogModuleManager: Shutting down and abandoning module TargetPlatform (23)
[2016.10.15-08.34.12:952][819]LogModuleManager: Shutting down and abandoning module InputCore (22)
[2016.10.15-08.34.12:952][819]LogModuleManager: Shutting down and abandoning module Settings (21)
[2016.10.15-08.34.12:952][819]LogModuleManager: Shutting down and abandoning module OnlineSubsystem (19)
[2016.10.15-08.34.12:952][819]LogModuleManager: Shutting down and abandoning module HTTP (18)
[2016.10.15-08.34.12:952][819]LogModuleManager: Shutting down and abandoning module XMPP (17)
[2016.10.15-08.34.12:952][819]LogModuleManager: Shutting down and abandoning module OculusRift (16)
[2016.10.15-08.34.12:952][819]LogModuleManager: Shutting down and abandoning module ExampleDeviceProfileSelector (15)
[2016.10.15-08.34.12:952][819]LogModuleManager: Shutting down and abandoning module TextureCompressor (14)
[2016.10.15-08.34.12:962][819]LogModuleManager: Shutting down and abandoning module ShaderCore (13)
[2016.10.15-08.34.12:962][819]LogModuleManager: Shutting down and abandoning module Landscape (12)
[2016.10.15-08.34.12:962][819]LogModuleManager: Shutting down and abandoning module SlateRHIRenderer (11)
[2016.10.15-08.34.12:962][819]LogModuleManager: Shutting down and abandoning module OpenGLDrv (10)
[2016.10.15-08.34.12:962][819]LogModuleManager: Shutting down and abandoning module D3D11RHI (9)
[2016.10.15-08.34.12:962][819]LogModuleManager: Shutting down and abandoning module AnimGraphRuntime (8)
[2016.10.15-08.34.12:962][819]LogModuleManager: Shutting down and abandoning module Renderer (7)
[2016.10.15-08.34.12:962][819]LogModuleManager: Shutting down and abandoning module Engine (6)
[2016.10.15-08.34.12:962][819]LogModuleManager: Shutting down and abandoning module CoreUObject (5)
[2016.10.15-08.34.12:962][819]LogModuleManager: Shutting down and abandoning module NetworkFile (4)
[2016.10.15-08.34.12:962][819]LogModuleManager: Shutting down and abandoning module StreamingFile (3)
[2016.10.15-08.34.12:962][819]LogModuleManager: Shutting down and abandoning module SandboxFile (2)
[2016.10.15-08.34.12:962][819]LogModuleManager: Shutting down and abandoning module PakFile (1)
[2016.10.15-08.34.12:963][819]LogExit: Exiting.
[2016.10.15-08.34.12:967][819]Log file closed, 10/15/16 17:34:12
