Log file open, 10/28/16 00:12:14
LogInit:Display: Running engine for game: UNNAMED
LogPlatformFile: Not using cached read wrapper
LogInit:Display: RandInit(1186277680) SRandInit(1186277681).
LogTaskGraph: Started task graph with 4 named threads and 7 total threads with 1 sets of task threads.
LogStats: Stats thread started at 0.079252
LogInit: Version: 4.12.5-3039270+++UE4+Release-4.12
LogInit: API Version: 2992821
LogInit: Net Version: 3039270
LogDevObjectVersion: Number of dev versions registered: 13
LogDevObjectVersion:   Dev-Blueprints (B0D832E4-1F89-4F0D-ACCF-7EB736FD4AA2): 3
LogDevObjectVersion:   Dev-Build (E1C64328-A22C-4D53-A36C-8E866417BD8C): 0
LogDevObjectVersion:   Dev-Core (375EC13C-06E4-48FB-B500-84F0262A717E): 1
LogDevObjectVersion:   Dev-Editor (E4B068ED-F494-42E9-A231-DA0B2E46BB41): 2
LogDevObjectVersion:   Dev-Framework (CFFC743F-43B0-4480-9391-14DF171D2073): 6
LogDevObjectVersion:   Dev-Mobile (B02B49B5-BB20-44E9-A304-32B752E40360): 0
LogDevObjectVersion:   Dev-Networking (A4E4105C-59A1-49B5-A7C5-40C4547EDFEE): 0
LogDevObjectVersion:   Dev-Online (39C831C9-5AE6-47DC-9A44-9C173E1C8E7C): 0
LogDevObjectVersion:   Dev-Physics (78F01B33-EBEA-4F98-B9B4-84EACCB95AA2): 0
LogDevObjectVersion:   Dev-Platform (6631380F-2D4D-43E0-8009-CF276956A95A): 0
LogDevObjectVersion:   Dev-Rendering (12F88B9F-8875-4AFC-A67C-D90C383ABD29): 2
LogDevObjectVersion:   Dev-Sequencer (7B5AE74C-D270-4C10-A958-57980B212A5A): 0
LogDevObjectVersion:   Dev-VR (D7296918-1DD6-4BDD-9DE2-64A83CC13884): 0
LogInit: Compiled (64-bit): Jul  6 2016 09:09:46
LogInit: Compiled with Visual C++: 19.00.23026.00
LogInit: Build Configuration: Development
LogInit: Branch Name: ++UE4+Release-4.12
LogInit: Command line:  
LogInit: Base directory: C:/Program Files (x86)/Epic Games/4.12/Engine/Binaries/Win64/
LogInit: Installed Engine Build: 1
LogInit: Using libcurl 7.41.0
LogInit:  - built for x86_64-pc-win32
LogInit:  - supports SSL with WinSSL
LogInit:  - other features:
LogInit:      CURL_VERSION_SSL
LogInit:      CURL_VERSION_IPV6
LogInit:      CURL_VERSION_ASYNCHDNS
LogInit:      CURL_VERSION_LARGEFILE
LogInit:      CURL_VERSION_IDN
LogInit:  CurlRequestOptions (configurable via config and command line):
LogInit:  - bVerifyPeer = true  - Libcurl will verify peer certificate
LogInit:  - bUseHttpProxy = false  - Libcurl will NOT use HTTP proxy
LogInit:  - bDontReuseConnections = false  - Libcurl will reuse connections
LogInit:  - CertBundlePath = nullptr  - Libcurl will use whatever was configured at build time.
LogInit: Presizing for max 8388607 objects, including 0 objects not considered by GC, pre-allocating 0 bytes for permanent pool.
LogInit: Object subsystem initialized
[2016.10.27-15.12.14:153][  0]LogInit: Selected Device Profile: [Windows]
[2016.10.27-15.12.14:153][  0]LogInit: Applying CVar settings loaded from the selected device profile: [Windows]
[2016.10.27-15.12.14:162][  0]LogInit: Computer: DESKTOP-5I3HB32
[2016.10.27-15.12.14:162][  0]LogInit: User: jcy
[2016.10.27-15.12.14:162][  0]LogInit: CPU Page size=65536, Cores=4
[2016.10.27-15.12.14:162][  0]LogInit: High frequency timer resolution =2.533210 MHz
[2016.10.27-15.12.14:162][  0]LogMemory: Memory total: Physical=7.9GB (8GB approx)
[2016.10.27-15.12.14:162][  0]LogMemory: Platform Memory Stats for Windows
[2016.10.27-15.12.14:162][  0]LogMemory: Process Physical Memory: 191.09 MB used, 191.09 MB peak
[2016.10.27-15.12.14:162][  0]LogMemory: Process Virtual Memory: 195.30 MB used, 195.30 MB peak
[2016.10.27-15.12.14:162][  0]LogMemory: Physical Memory: 3456.91 MB used, 8113.86 MB total
[2016.10.27-15.12.14:162][  0]LogMemory: Virtual Memory: 553.26 MB used, 134217728.00 MB total
[2016.10.27-15.12.14:640][  0]LogD3D11RHI: D3D11 adapters:
[2016.10.27-15.12.15:237][  0]LogD3D11RHI:    0. 'NVIDIA GeForce GTX 960M' (Feature Level 11_0)
[2016.10.27-15.12.15:237][  0]LogD3D11RHI:       2018/0/4056 MB DedicatedVideo/DedicatedSystem/SharedSystem, Outputs:2, VendorId:0x10de
[2016.10.27-15.12.15:243][  0]LogD3D11RHI:    1. 'Intel(R) HD Graphics 4600' (Feature Level 11_0)
[2016.10.27-15.12.15:243][  0]LogD3D11RHI:       112/0/2048 MB DedicatedVideo/DedicatedSystem/SharedSystem, Outputs:0, VendorId:0x8086
[2016.10.27-15.12.15:245][  0]LogD3D11RHI:    2. 'Microsoft Basic Render Driver' (Feature Level 11_0)
[2016.10.27-15.12.15:245][  0]LogD3D11RHI:       0/0/4056 MB DedicatedVideo/DedicatedSystem/SharedSystem, Outputs:0, VendorId:0x1414
[2016.10.27-15.12.15:245][  0]LogD3D11RHI: Chosen D3D11 Adapter: 0
[2016.10.27-15.12.15:249][  0]LogD3D11RHI: Creating new Direct3DDevice
[2016.10.27-15.12.15:249][  0]LogD3D11RHI:     GPU DeviceId: 0x139b (for the marketing name, search the web for "GPU Device Id")
[2016.10.27-15.12.15:249][  0]LogWindows: EnumDisplayDevices:
[2016.10.27-15.12.15:249][  0]LogWindows:    0. 'Intel(R) HD Graphics 4600' (P:1 D:1)
[2016.10.27-15.12.15:250][  0]LogWindows:    1. 'Intel(R) HD Graphics 4600' (P:0 D:1)
[2016.10.27-15.12.15:250][  0]LogWindows:    2. 'Intel(R) HD Graphics 4600' (P:0 D:0)
[2016.10.27-15.12.15:250][  0]LogWindows: DebugString: PrimaryIsNotTheChoosenAdapter PrimaryIsNotTheChoosenAdapter PrimaryIsNotTheChoosenAdapter FoundDriverCount:0 
[2016.10.27-15.12.15:250][  0]LogD3D11RHI:     Adapter Name: NVIDIA GeForce GTX 960M
[2016.10.27-15.12.15:250][  0]LogD3D11RHI:   Driver Version: Unknown (internal:Unknown, unified:Unknown)
[2016.10.27-15.12.15:250][  0]LogD3D11RHI:      Driver Date: Unknown
[2016.10.27-15.12.15:250][  0]LogRHI: Texture pool is 1361 MB (70% of 1945 MB)
[2016.10.27-15.12.15:749][  0]LogD3D11RHI: Async texture creation enabled
[2016.10.27-15.12.15:790][  0]LogD3D11RHI: GPU Timing Frequency: 1000.000000 (Debug: 2 1)
[2016.10.27-15.12.15:791][  0]LogShaderCompilers: Guid format shader working directory is -16 characters bigger than the processId version (../../../../../../Users/jcy/Documents/GitHub/UNNAMED/UNNAMED/Intermediate/Shaders/WorkingDirectory/3936/).
[2016.10.27-15.12.15:791][  0]LogShaderCompilers: Cleaned the shader compiler working directory 'C:/Users/jcy/AppData/Local/Temp/UnrealShaderWorkingDir/BF8012624E04F37BD982D0907473E70F/'.
[2016.10.27-15.12.15:791][  0]LogShaderCompilers:Display: Using Local Shader Compiler.
[2016.10.27-15.12.16:780][  0]LogTemp:Display: Loaded TP AllDesktopTargetPlatform
[2016.10.27-15.12.16:789][  0]LogTemp:Display: Loaded TP WindowsClientTargetPlatform
[2016.10.27-15.12.16:800][  0]LogTemp:Display: Loaded TP WindowsNoEditorTargetPlatform
[2016.10.27-15.12.16:810][  0]LogTemp:Display: Loaded TP WindowsServerTargetPlatform
[2016.10.27-15.12.16:821][  0]LogTemp:Display: Loaded TP WindowsTargetPlatform
[2016.10.27-15.12.16:831][  0]LogTemp:Display: Loaded TP AndroidTargetPlatform
[2016.10.27-15.12.16:840][  0]LogTemp:Display: Loaded TP Android_ASTCTargetPlatform
[2016.10.27-15.12.16:849][  0]LogTemp:Display: Loaded TP Android_ATCTargetPlatform
[2016.10.27-15.12.16:857][  0]LogTemp:Display: Loaded TP Android_DXTTargetPlatform
[2016.10.27-15.12.16:869][  0]LogTemp:Display: Loaded TP Android_ETC1TargetPlatform
[2016.10.27-15.12.16:878][  0]LogTemp:Display: Loaded TP Android_ETC2TargetPlatform
[2016.10.27-15.12.16:896][  0]LogTemp:Display: Loaded TP Android_MultiTargetPlatform
[2016.10.27-15.12.16:897][  0]LogTemp:Display: Loaded TP Android_PVRTCTargetPlatform
[2016.10.27-15.12.16:898][  0]LogTemp:Display: Loaded TP HTML5TargetPlatform
[2016.10.27-15.12.16:925][  0]LogTemp:Display: Loaded TP IOSTargetPlatform
[2016.10.27-15.12.16:933][  0]LogTemp:Display: Loaded TP TVOSTargetPlatform
[2016.10.27-15.12.16:941][  0]LogTemp:Display: Loaded TP LinuxNoEditorTargetPlatform
[2016.10.27-15.12.16:949][  0]LogTemp:Display: Loaded TP LinuxServerTargetPlatform
[2016.10.27-15.12.16:958][  0]LogTemp:Display: Loaded TP LinuxTargetPlatform
[2016.10.27-15.12.16:958][  0]LogTargetPlatformManager:Display: Building Assets For Windows
[2016.10.27-15.12.17:049][  0]LogDerivedDataCache:Display: Max Cache Size: 512 MB
[2016.10.27-15.12.17:114][  0]LogDerivedDataCache: Loaded boot cache 0.07s 48MB C:/Users/jcy/AppData/Local/UnrealEngine/4.12/DerivedDataCache/Boot.ddc.
[2016.10.27-15.12.17:115][  0]LogDerivedDataCache:Display: Loaded Boot cache: C:/Users/jcy/AppData/Local/UnrealEngine/4.12/DerivedDataCache/Boot.ddc
[2016.10.27-15.12.17:115][  0]LogDerivedDataCache: FDerivedDataBackendGraph:  Pak pak cache file ../../../../../../Users/jcy/Documents/GitHub/UNNAMED/UNNAMED/DerivedDataCache/DDC.ddp not found, will not use a pak cache.
[2016.10.27-15.12.17:115][  0]LogDerivedDataCache: Unable to find inner node Pak for hierarchical cache Hierarchy.
[2016.10.27-15.12.17:115][  0]LogDerivedDataCache: FDerivedDataBackendGraph:  CompressedPak pak cache file ../../../../../../Users/jcy/Documents/GitHub/UNNAMED/UNNAMED/DerivedDataCache/Compressed.ddp not found, will not use a pak cache.
[2016.10.27-15.12.17:115][  0]LogDerivedDataCache: Unable to find inner node CompressedPak for hierarchical cache Hierarchy.
[2016.10.27-15.12.17:131][  0]LogDerivedDataCache:Display: Pak cache opened for reading ../../../Engine/DerivedDataCache/Compressed.ddp.
[2016.10.27-15.12.17:144][  0]LogDerivedDataCache: Using Local data cache path C:/Users/jcy/AppData/Local/UnrealEngine/Common/DerivedDataCache: Writable
[2016.10.27-15.12.17:353][  0]LogInit: Selected Device Profile: [Windows]
[2016.10.27-15.12.17:354][  0]LogContentStreaming: Texture pool size is 0.00 MB
[2016.10.27-15.12.17:520][  0]LogMeshUtilities: No automatic mesh reduction module available
[2016.10.27-15.12.17:520][  0]LogMeshUtilities: No automatic mesh merging module available
[2016.10.27-15.12.17:520][  0]LogMeshUtilities: No distributed automatic mesh merging module available
[2016.10.27-15.12.17:808][  0]LogAssetRegistry: FAssetRegistry took 0.0215 seconds to start up
[2016.10.27-15.12.17:826][  0]LogPackageLocalizationCache: Processed 3 localized package path(s) for 1 prioritized culture(s) in 0.015371 seconds
[2016.10.27-15.12.17:833][  0]LogUObjectArray: 28739 objects as part of root set at end of initial load.
[2016.10.27-15.12.17:833][  0]LogUObjectAllocator: 5855632 out of 0 bytes used by permanent object pool.
[2016.10.27-15.12.17:833][  0]LogUObjectArray: CloseDisregardForGC: 0/0 objects in disregard for GC pool
[2016.10.27-15.12.17:842][  0]LogInit: WinSock: version 1.1 (2.2), MaxSocks=32767, MaxUdp=65467
[2016.10.27-15.12.18:039][  0]LogSlate: SlateFontCache - WITH_FREETYPE: 1, WITH_HARFBUZZ: 1
[2016.10.27-15.12.18:039][  0]LogSlate: SlateFontCache - WITH_FREETYPE: 1, WITH_HARFBUZZ: 1
[2016.10.27-15.12.19:015][  0]LogUdpMessaging: Initializing bridge on interface 0.0.0.0:0 to multicast group 230.0.0.1:6666.
[2016.10.27-15.12.19:287][  0]SourceControl: Info Source control is disabled
[2016.10.27-15.12.19:289][  0]SourceControl: Info Source control is disabled
[2016.10.27-15.12.19:300][  0]SourceControl: Info Source control is disabled
[2016.10.27-15.12.19:310][  0]SourceControl: Info Source control is disabled
[2016.10.27-15.12.19:568][  0]LogEngine: Initializing Engine...
[2016.10.27-15.12.19:569][  0]LogHMD: SteamVR failed to initialize.  Err: 110
[2016.10.27-15.12.19:570][  0]LogHMD: SteamVR failed to initialize.  Err: 110
[2016.10.27-15.12.19:713][  0]LogAIModule: Creating AISystem for world NewWorld
[2016.10.27-15.12.19:719][  0]LogInit: XAudio2 using '스피커(Realtek High Definition Audio)' : 2 channels at 48 kHz using 32 bits per sample (channel mask 0x3)
[2016.10.27-15.12.19:931][  0]LogInit: FAudioDevice initialized.
[2016.10.27-15.12.19:963][  0]LogDerivedDataCache: Saved boot cache 0.03s 48MB C:/Users/jcy/AppData/Local/UnrealEngine/4.12/DerivedDataCache/Boot.ddc.
[2016.10.27-15.12.19:971][  0]LogInit: Texture streaming: Enabled
[2016.10.27-15.12.19:999][  0]LogInit: Transaction tracking system initialized
[2016.10.27-15.12.20:027][  0]BlueprintLog: New page: Editor Load
[2016.10.27-15.12.20:117][  0]LocalizationService: Info Localization service is disabled
[2016.10.27-15.12.20:199][  0]LogConsoleResponse:Display: 
[2016.10.27-15.12.20:325][  0]LogCook:Display: Max memory allowance for cook 8192mb
[2016.10.27-15.12.20:325][  0]LogCook:Display: Mobile HDR setting 1
[2016.10.27-15.12.20:443][  0]LogFileCache: Scanning file cache for directory 'C:/Users/jcy/Documents/GitHub/UNNAMED/UNNAMED/Content/' took 0.02s
[2016.10.27-15.12.20:443][  0]SourceControl: Info Source control is disabled
[2016.10.27-15.12.20:443][  0]Cmd: MAP LOAD FILE="../../../../../../Users/jcy/Documents/GitHub/UNNAMED/UNNAMED/Content/ThirdPersonBP/Maps/ThirdPersonExampleMap.umap" TEMPLATE=0 SHOWPROGRESS=1 FEATURELEVEL=3
[2016.10.27-15.12.20:444][  0]LightingResults: New page: Lighting Build
[2016.10.27-15.12.20:447][  0]MapCheck: New page: Map Check
[2016.10.27-15.12.20:447][  0]LightingResults: New page: Lighting Build
[2016.10.27-15.12.21:325][  0]LogAIModule: Creating AISystem for world ThirdPersonExampleMap
[2016.10.27-15.12.21:331][  0]LogEditorServer: Finished looking for orphan Actors (0.000 secs)
[2016.10.27-15.12.21:332][  0]Cmd: MAP CHECKDEP NOCLEARLOG
[2016.10.27-15.12.21:439][  0]MapCheck: Info Map check complete: 0 Error(s), 0 Warning(s), took 107.48ms to complete.
[2016.10.27-15.12.21:439][  0]LogFileHelpers: Loading map 'ThirdPersonExampleMap' took 0.996
[2016.10.27-15.12.21:632][  0]LogCollectionManager: Loaded 1 collections in 0.002764 seconds
[2016.10.27-15.12.21:682][  0]LogFileCache: Scanning file cache for directory 'C:/Users/jcy/Documents/GitHub/UNNAMED/UNNAMED/Saved/Collections/' took 0.01s
[2016.10.27-15.12.21:682][  0]LogFileCache: Scanning file cache for directory 'C:/Users/jcy/Documents/GitHub/UNNAMED/UNNAMED/Content/Developers/jcy/Collections/' took 0.01s
[2016.10.27-15.12.21:682][  0]LogFileCache: Scanning file cache for directory 'C:/Users/jcy/Documents/GitHub/UNNAMED/UNNAMED/Content/Collections/' took 0.01s
[2016.10.27-15.12.21:682][  0]LogCollectionManager: Rebuilt the GUID cache for 1 collections in 0.000006 seconds
[2016.10.27-15.12.21:682][  0]LogCollectionManager: Rebuilt the hierarchy cache for 1 collections in 0.000000 seconds
[2016.10.27-15.12.21:693][  0]LogContentBrowser: Native class hierarchy populated in 0.0110 seconds. Added 2047 classes and 369 folders.
[2016.10.27-15.12.21:702][  0]LogStats: UGameplayTagsManager::ConstructGameplayTagTree: Construct from data asset -  0.000 s
[2016.10.27-15.12.21:702][  0]LogStats: UGameplayTagsManager::ConstructGameplayTagTree: GameplayTagTreeChangedEvent.Broadcast -  0.000 s
[2016.10.27-15.12.21:703][  0]LogContentBrowser: Native class hierarchy updated for 'GameplayTags' in 0.0011 seconds. Added 12 classes and 0 folders.
[2016.10.27-15.12.21:716][  0]LogContentBrowser: Native class hierarchy updated for 'WidgetCarousel' in 0.0009 seconds. Added 0 classes and 0 folders.
[2016.10.27-15.12.21:788][  0]LogContentBrowser: Native class hierarchy updated for 'AddContentDialog' in 0.0004 seconds. Added 0 classes and 0 folders.
[2016.10.27-15.12.21:793][  0]LogContentBrowser: Native class hierarchy updated for 'SceneOutliner' in 0.0004 seconds. Added 1 classes and 2 folders.
[2016.10.27-15.12.21:856][  0]LogCrashTracker: Crashtracker disabled due to settings.
[2016.10.27-15.12.21:862][  0]LogUObjectGlobals:Warning: Failed to find object 'Class None.'
[2016.10.27-15.12.21:892][  0]LogContentBrowser: Native class hierarchy updated for 'HierarchicalLODOutliner' in 0.0004 seconds. Added 1 classes and 2 folders.
[2016.10.27-15.12.21:892][  0]LogLoad: Full Startup: 8.63 seconds (BP compile: 0.27 seconds)
[2016.10.27-15.12.21:892][  0]LogExternalProfiler: Found external profiler: VSPerf
[2016.10.27-15.12.21:892][  0]LogExternalProfiler: Using external profiler: VSPerf
[2016.10.27-15.12.21:929][  0]LogWindowsTextInputMethodSystem:Display: IME system now activated using TSF (Microsoft 입력기).
[2016.10.27-15.12.21:931][  0]LogOcInput: OculusInput pre-init called
[2016.10.27-15.12.21:962][  0]LogContentStreaming: Texture pool size now 1000 MB
[2016.10.27-15.12.22:136][  0]LogRenderer: Reallocating scene render targets to support 1144x576 (Frame:2).
[2016.10.27-15.12.22:435][  2]LogAssetRegistry: Asset discovery search completed in 4.6477 seconds
[2016.10.27-15.12.22:435][  2]LogCollectionManager: Rebuilt the object cache for 1 collections in 0.000007 seconds (found 0 objects)
[2016.10.27-15.12.22:435][  2]LogCollectionManager: Fixed up redirectors for 1 collections in 0.000037 seconds (updated 0 objects)
[2016.10.27-15.12.26:917][207]LogContentBrowser: Native class hierarchy updated for 'BlueprintGraph' in 0.0009 seconds. Added 111 classes and 0 folders.
[2016.10.27-15.12.59:088][583]LogBlueprintUserMessages: Early PlayInEditor Detection: Level '/Game/ThirdPersonBP/Maps/ThirdPersonExampleMap.ThirdPersonExampleMap:PersistentLevel' has LevelScriptBlueprint '/Game/ThirdPersonBP/Maps/ThirdPersonExampleMap.ThirdPersonExampleMap:PersistentLevel.ThirdPersonExampleMap' with GeneratedClass '/Game/ThirdPersonBP/Maps/ThirdPersonExampleMap.ThirdPersonExampleMap_C' with ClassGeneratedBy '/Game/ThirdPersonBP/Maps/ThirdPersonExampleMap.ThirdPersonExampleMap:PersistentLevel.ThirdPersonExampleMap'
[2016.10.27-15.12.59:088][583]LogPlayLevel: PlayLevel: No blueprints needed recompiling
[2016.10.27-15.12.59:098][583]PIE: New page: PIE session: ThirdPersonExampleMap (Oct 28, 2016, 9:12:59 AM)
[2016.10.27-15.12.59:098][583]LogPlayLevel: Creating play world package: /Game/ThirdPersonBP/Maps/UEDPIE_1_ThirdPersonExampleMap
[2016.10.27-15.12.59:104][583]LogPlayLevel: PIE: StaticDuplicateObject took: (0.005593s)
[2016.10.27-15.12.59:105][583]LogAIModule: Creating AISystem for world ThirdPersonExampleMap
[2016.10.27-15.12.59:105][583]LogPlayLevel: PIE: World Init took: (0.001045s)
[2016.10.27-15.12.59:105][583]LogPlayLevel: PIE: Created PIE world by copying editor world from /Game/ThirdPersonBP/Maps/ThirdPersonExampleMap.ThirdPersonExampleMap to /Game/ThirdPersonBP/Maps/UEDPIE_1_ThirdPersonExampleMap.ThirdPersonExampleMap (0.007099s)
[2016.10.27-15.12.59:184][583]LogInit: XAudio2 using '스피커(Realtek High Definition Audio)' : 2 channels at 48 kHz using 32 bits per sample (channel mask 0x3)
[2016.10.27-15.12.59:220][583]LogInit: FAudioDevice initialized.
[2016.10.27-15.12.59:322][583]LogWorld: Game class is 'ThirdPersonGameMode_C'
[2016.10.27-15.12.59:333][583]LogWorld: Bringing World /Game/ThirdPersonBP/Maps/UEDPIE_1_ThirdPersonExampleMap.ThirdPersonExampleMap up for play (max tick rate 60) at 2016.10.28-00.12.59
[2016.10.27-15.12.59:333][583]LogWorld: Bringing up level for play took: 0.008258
[2016.10.27-15.12.59:346][583]LogContentBrowser: Native class hierarchy updated for 'MovieSceneCapture' in 0.0025 seconds. Added 11 classes and 0 folders.
[2016.10.27-15.12.59:349][583]LogBlueprintUserMessages: [ThirdPersonGameMode_C_0] Server: 2
[2016.10.27-15.12.59:349][583]LogInit: WinSock: Socket queue 131072 / 131072
[2016.10.27-15.12.59:352][583]LogInit: WinSock: I am DESKTOP-5I3HB32 (192.168.0.3:0)
[2016.10.27-15.12.59:352][583]PacketHandlerLog: Loaded PacketHandler component: Engine.EngineHandlerComponentFactory (StatelessConnectHandlerComponent)
[2016.10.27-15.12.59:352][583]LogNet: GameNetDriver IpNetDriver_0 IpNetDriver listening on port 7777
[2016.10.27-15.12.59:642][583]PIE: Info Play in editor start time for /Game/ThirdPersonBP/Maps/UEDPIE_1_ThirdPersonExampleMap 1.369
[2016.10.27-15.12.59:649][583]PIE: New page: PIE session: ThirdPersonExampleMap (Oct 28, 2016, 9:12:59 AM)
[2016.10.27-15.12.59:729][583]LogNet: Browse: 127.0.0.1//Game/ThirdPersonBP/Maps/ThirdPersonExampleMap
[2016.10.27-15.12.59:729][583]LogInit: WinSock: Socket queue 32768 / 32768
[2016.10.27-15.12.59:730][583]PacketHandlerLog: Loaded PacketHandler component: Engine.EngineHandlerComponentFactory (StatelessConnectHandlerComponent)
[2016.10.27-15.12.59:730][583]LogNet: Game client on port 7777, rate 10000
[2016.10.27-15.12.59:730][583]LogNet: GetLocalNetworkVersion: GEngineNetVersion: 3039270, ProjectName: unnamed, ProjectVersion: 1.0.0.0, InternalProtocolVersion: 9, LocalNetworkVersion: 1745645396
[2016.10.27-15.13.00:008][583]PIE: Info Play in editor start time for /Game/ThirdPersonBP/Maps/ThirdPersonExampleMap 1.735
[2016.10.27-15.13.00:015][583]PIE: New page: PIE session: ThirdPersonExampleMap (Oct 28, 2016, 9:13:00 AM)
[2016.10.27-15.13.00:089][583]LogNet: Browse: 127.0.0.1//Game/ThirdPersonBP/Maps/ThirdPersonExampleMap
[2016.10.27-15.13.00:090][583]LogInit: WinSock: Socket queue 32768 / 32768
[2016.10.27-15.13.00:092][583]PacketHandlerLog: Loaded PacketHandler component: Engine.EngineHandlerComponentFactory (StatelessConnectHandlerComponent)
[2016.10.27-15.13.00:092][583]LogNet: Game client on port 7777, rate 10000
[2016.10.27-15.13.00:093][583]LogNet: GetLocalNetworkVersion: GEngineNetVersion: 3039270, ProjectName: unnamed, ProjectVersion: 1.0.0.0, InternalProtocolVersion: 9, LocalNetworkVersion: 1745645396
[2016.10.27-15.13.00:385][583]PIE: Info Play in editor start time for /Game/ThirdPersonBP/Maps/ThirdPersonExampleMap 2.112
[2016.10.27-15.13.00:393][583]PIE: New page: PIE session: ThirdPersonExampleMap (Oct 28, 2016, 9:13:00 AM)
[2016.10.27-15.13.00:468][583]LogNet: Browse: 127.0.0.1//Game/ThirdPersonBP/Maps/ThirdPersonExampleMap
[2016.10.27-15.13.00:469][583]LogInit: WinSock: Socket queue 32768 / 32768
[2016.10.27-15.13.00:469][583]PacketHandlerLog: Loaded PacketHandler component: Engine.EngineHandlerComponentFactory (StatelessConnectHandlerComponent)
[2016.10.27-15.13.00:469][583]LogNet: Game client on port 7777, rate 10000
[2016.10.27-15.13.00:470][583]LogNet: GetLocalNetworkVersion: GEngineNetVersion: 3039270, ProjectName: unnamed, ProjectVersion: 1.0.0.0, InternalProtocolVersion: 9, LocalNetworkVersion: 1745645396
[2016.10.27-15.13.00:774][583]PIE: Info Play in editor start time for /Game/ThirdPersonBP/Maps/ThirdPersonExampleMap 2.501
[2016.10.27-15.13.00:999][583]LogBlueprintUserMessages: Late PlayInEditor Detection: Level '/Game/ThirdPersonBP/Maps/ThirdPersonExampleMap.ThirdPersonExampleMap:PersistentLevel' has LevelScriptBlueprint '/Game/ThirdPersonBP/Maps/ThirdPersonExampleMap.ThirdPersonExampleMap:PersistentLevel.ThirdPersonExampleMap' with GeneratedClass '/Game/ThirdPersonBP/Maps/ThirdPersonExampleMap.ThirdPersonExampleMap_C' with ClassGeneratedBy '/Game/ThirdPersonBP/Maps/ThirdPersonExampleMap.ThirdPersonExampleMap:PersistentLevel.ThirdPersonExampleMap'
[2016.10.27-15.13.00:999][583]LogNet: NotifyAcceptingConnection: Server ThirdPersonExampleMap accept
[2016.10.27-15.13.00:999][583]LogHandshake: SendConnectChallenge. Timestamp: 0.020492, Cookie: 222140059031173186054019175189039025206172083193017015157142
[2016.10.27-15.13.01:000][583]LogNet: NotifyAcceptingConnection: Server ThirdPersonExampleMap accept
[2016.10.27-15.13.01:000][583]LogNet: NotifyAcceptingConnection: Server ThirdPersonExampleMap accept
[2016.10.27-15.13.01:000][583]LogHandshake: SendConnectChallenge. Timestamp: 0.020492, Cookie: 118234095169057253241046212111140237190036005108041136033112
[2016.10.27-15.13.01:000][583]LogNet: NotifyAcceptingConnection: Server ThirdPersonExampleMap accept
[2016.10.27-15.13.01:000][583]LogNet: NotifyAcceptingConnection: Server ThirdPersonExampleMap accept
[2016.10.27-15.13.01:000][583]LogHandshake: SendConnectChallenge. Timestamp: 0.020492, Cookie: 172176028219230064057070056178040049234108231000143000126092
[2016.10.27-15.13.01:000][583]LogNet: NotifyAcceptingConnection: Server ThirdPersonExampleMap accept
[2016.10.27-15.13.01:007][583]LogHandshake: SendChallengeResponse. Timestamp: 0.020492, Cookie: 222140059031173186054019175189039025206172083193017015157142
[2016.10.27-15.13.01:008][583]LogHandshake: SendChallengeResponse. Timestamp: 0.020492, Cookie: 118234095169057253241046212111140237190036005108041136033112
[2016.10.27-15.13.01:009][583]LogHandshake: SendChallengeResponse. Timestamp: 0.020492, Cookie: 172176028219230064057070056178040049234108231000143000126092
[2016.10.27-15.13.01:054][583]LogRenderer: Reallocating scene render targets to support 1292x756 (Frame:437).
[2016.10.27-15.13.01:278][584]LogNet: NotifyAcceptingConnection: Server ThirdPersonExampleMap accept
[2016.10.27-15.13.01:278][584]LogNet: Server accepting post-challenge connection from: 127.0.0.1:64864
[2016.10.27-15.13.01:279][584]PacketHandlerLog: Loaded PacketHandler component: Engine.EngineHandlerComponentFactory (StatelessConnectHandlerComponent)
[2016.10.27-15.13.01:279][584]LogNet: NotifyAcceptedConnection: Name: ThirdPersonExampleMap, TimeStamp: 10/28/16 00:13:01, [UNetConnection] RemoteAddr: 127.0.0.1:64864, Name: IpConnection_3, Driver: GameNetDriver IpNetDriver_0, IsServer: YES, PC: NULL, Owner: NULL
[2016.10.27-15.13.01:279][584]LogNet: AddClientConnection: Added client connection: [UNetConnection] RemoteAddr: 127.0.0.1:64864, Name: IpConnection_3, Driver: GameNetDriver IpNetDriver_0, IsServer: YES, PC: NULL, Owner: NULL
[2016.10.27-15.13.01:279][584]LogNet: NotifyAcceptingConnection: Server ThirdPersonExampleMap accept
[2016.10.27-15.13.01:279][584]LogNet: Server accepting post-challenge connection from: 127.0.0.1:64865
[2016.10.27-15.13.01:279][584]PacketHandlerLog: Loaded PacketHandler component: Engine.EngineHandlerComponentFactory (StatelessConnectHandlerComponent)
[2016.10.27-15.13.01:279][584]LogNet: NotifyAcceptedConnection: Name: ThirdPersonExampleMap, TimeStamp: 10/28/16 00:13:01, [UNetConnection] RemoteAddr: 127.0.0.1:64865, Name: IpConnection_4, Driver: GameNetDriver IpNetDriver_0, IsServer: YES, PC: NULL, Owner: NULL
[2016.10.27-15.13.01:279][584]LogNet: AddClientConnection: Added client connection: [UNetConnection] RemoteAddr: 127.0.0.1:64865, Name: IpConnection_4, Driver: GameNetDriver IpNetDriver_0, IsServer: YES, PC: NULL, Owner: NULL
[2016.10.27-15.13.01:279][584]LogNet: NotifyAcceptingConnection: Server ThirdPersonExampleMap accept
[2016.10.27-15.13.01:279][584]LogNet: Server accepting post-challenge connection from: 127.0.0.1:64866
[2016.10.27-15.13.01:279][584]PacketHandlerLog: Loaded PacketHandler component: Engine.EngineHandlerComponentFactory (StatelessConnectHandlerComponent)
[2016.10.27-15.13.01:279][584]LogNet: NotifyAcceptedConnection: Name: ThirdPersonExampleMap, TimeStamp: 10/28/16 00:13:01, [UNetConnection] RemoteAddr: 127.0.0.1:64866, Name: IpConnection_5, Driver: GameNetDriver IpNetDriver_0, IsServer: YES, PC: NULL, Owner: NULL
[2016.10.27-15.13.01:279][584]LogNet: AddClientConnection: Added client connection: [UNetConnection] RemoteAddr: 127.0.0.1:64866, Name: IpConnection_5, Driver: GameNetDriver IpNetDriver_0, IsServer: YES, PC: NULL, Owner: NULL
[2016.10.27-15.13.01:344][585]LogNet: NotifyAcceptingChannel Control 0 server World /Game/ThirdPersonBP/Maps/UEDPIE_1_ThirdPersonExampleMap.ThirdPersonExampleMap: Accepted
[2016.10.27-15.13.01:344][585]LogNet: Remote platform little endian=1
[2016.10.27-15.13.01:344][585]LogNet: This platform little endian=1
[2016.10.27-15.13.01:344][585]LogNet: GetLocalNetworkVersion: GEngineNetVersion: 3039270, ProjectName: unnamed, ProjectVersion: 1.0.0.0, InternalProtocolVersion: 9, LocalNetworkVersion: 1745645396
[2016.10.27-15.13.01:346][585]LogNet: NotifyAcceptingChannel Control 0 server World /Game/ThirdPersonBP/Maps/UEDPIE_1_ThirdPersonExampleMap.ThirdPersonExampleMap: Accepted
[2016.10.27-15.13.01:346][585]LogNet: Remote platform little endian=1
[2016.10.27-15.13.01:346][585]LogNet: This platform little endian=1
[2016.10.27-15.13.01:346][585]LogNet: GetLocalNetworkVersion: GEngineNetVersion: 3039270, ProjectName: unnamed, ProjectVersion: 1.0.0.0, InternalProtocolVersion: 9, LocalNetworkVersion: 1745645396
[2016.10.27-15.13.01:348][585]LogNet: NotifyAcceptingChannel Control 0 server World /Game/ThirdPersonBP/Maps/UEDPIE_1_ThirdPersonExampleMap.ThirdPersonExampleMap: Accepted
[2016.10.27-15.13.01:348][585]LogNet: Remote platform little endian=1
[2016.10.27-15.13.01:348][585]LogNet: This platform little endian=1
[2016.10.27-15.13.01:348][585]LogNet: GetLocalNetworkVersion: GEngineNetVersion: 3039270, ProjectName: unnamed, ProjectVersion: 1.0.0.0, InternalProtocolVersion: 9, LocalNetworkVersion: 1745645396
[2016.10.27-15.13.01:417][586]LogNet: Login request: /Game/ThirdPersonBP/Maps/ThirdPersonExampleMap userId: Invalid
[2016.10.27-15.13.01:418][586]LogNet: Login request: /Game/ThirdPersonBP/Maps/ThirdPersonExampleMap userId: Invalid
[2016.10.27-15.13.01:418][586]LogNet: Login request: /Game/ThirdPersonBP/Maps/ThirdPersonExampleMap userId: Invalid
[2016.10.27-15.13.01:419][586]LogNet: Welcomed by server (Level: /Game/ThirdPersonBP/Maps/UEDPIE_1_ThirdPersonExampleMap, Game: /Game/ThirdPersonBP/Blueprints/ThirdPersonGameMode.ThirdPersonGameMode_C)
[2016.10.27-15.13.01:443][586]LogLoad: LoadMap: 127.0.0.1//Game/ThirdPersonBP/Maps/UEDPIE_1_ThirdPersonExampleMap?game=/Game/ThirdPersonBP/Blueprints/ThirdPersonGameMode.ThirdPersonGameMode_C
[2016.10.27-15.13.01:473][586]Cmd: MEM
[2016.10.27-15.13.01:497][586]LogMemory: Platform Memory Stats for Windows
[2016.10.27-15.13.01:497][586]LogMemory: Process Physical Memory: 1040.53 MB used, 1040.53 MB peak
[2016.10.27-15.13.01:497][586]LogMemory: Process Virtual Memory: 1996.28 MB used, 1996.28 MB peak
[2016.10.27-15.13.01:497][586]LogMemory: Physical Memory: 4453.62 MB used, 8113.86 MB total
[2016.10.27-15.13.01:497][586]LogMemory: Virtual Memory: 2760.94 MB used, 134217728.00 MB total
[2016.10.27-15.13.01:497][586]LogMemory: 
[2016.10.27-15.13.01:497][586]Allocator Stats for TBB: (not implemented)
[2016.10.27-15.13.01:502][586]LogWorld: PIE: Copying PIE streaming level from /Game/ThirdPersonBP/Maps/ThirdPersonExampleMap.ThirdPersonExampleMap to /Game/ThirdPersonBP/Maps/UEDPIE_2_ThirdPersonExampleMap.ThirdPersonExampleMap. OwningWorld: None
[2016.10.27-15.13.01:504][586]LogAIModule: Creating AISystem for world ThirdPersonExampleMap
[2016.10.27-15.13.01:518][586]LogWorld: Bringing World /Game/ThirdPersonBP/Maps/UEDPIE_2_ThirdPersonExampleMap.ThirdPersonExampleMap up for play (max tick rate 60) at 2016.10.28-00.13.01
[2016.10.27-15.13.01:518][586]LogWorld: Bringing up level for play took: 0.010380
[2016.10.27-15.13.01:519][586]LogLoad: Took 0.075517 seconds to LoadMap(/Game/ThirdPersonBP/Maps/UEDPIE_1_ThirdPersonExampleMap)
[2016.10.27-15.13.01:519][586]LogNet: Welcomed by server (Level: /Game/ThirdPersonBP/Maps/UEDPIE_1_ThirdPersonExampleMap, Game: /Game/ThirdPersonBP/Blueprints/ThirdPersonGameMode.ThirdPersonGameMode_C)
[2016.10.27-15.13.01:539][586]LogLoad: LoadMap: 127.0.0.1//Game/ThirdPersonBP/Maps/UEDPIE_1_ThirdPersonExampleMap?game=/Game/ThirdPersonBP/Blueprints/ThirdPersonGameMode.ThirdPersonGameMode_C
[2016.10.27-15.13.01:560][586]Cmd: MEM
[2016.10.27-15.13.01:584][586]LogMemory: Platform Memory Stats for Windows
[2016.10.27-15.13.01:584][586]LogMemory: Process Physical Memory: 1056.29 MB used, 1056.29 MB peak
[2016.10.27-15.13.01:584][586]LogMemory: Process Virtual Memory: 1999.79 MB used, 1999.79 MB peak
[2016.10.27-15.13.01:584][586]LogMemory: Physical Memory: 4470.02 MB used, 8113.86 MB total
[2016.10.27-15.13.01:584][586]LogMemory: Virtual Memory: 2776.75 MB used, 134217728.00 MB total
[2016.10.27-15.13.01:584][586]LogMemory: 
[2016.10.27-15.13.01:584][586]Allocator Stats for TBB: (not implemented)
[2016.10.27-15.13.01:588][586]LogWorld: PIE: Copying PIE streaming level from /Game/ThirdPersonBP/Maps/ThirdPersonExampleMap.ThirdPersonExampleMap to /Game/ThirdPersonBP/Maps/UEDPIE_3_ThirdPersonExampleMap.ThirdPersonExampleMap. OwningWorld: None
[2016.10.27-15.13.01:589][586]LogAIModule: Creating AISystem for world ThirdPersonExampleMap
[2016.10.27-15.13.01:596][586]LogWorld: Bringing World /Game/ThirdPersonBP/Maps/UEDPIE_3_ThirdPersonExampleMap.ThirdPersonExampleMap up for play (max tick rate 60) at 2016.10.28-00.13.01
[2016.10.27-15.13.01:597][586]LogWorld: Bringing up level for play took: 0.006750
[2016.10.27-15.13.01:598][586]LogLoad: Took 0.058772 seconds to LoadMap(/Game/ThirdPersonBP/Maps/UEDPIE_1_ThirdPersonExampleMap)
[2016.10.27-15.13.01:598][586]LogNet: Welcomed by server (Level: /Game/ThirdPersonBP/Maps/UEDPIE_1_ThirdPersonExampleMap, Game: /Game/ThirdPersonBP/Blueprints/ThirdPersonGameMode.ThirdPersonGameMode_C)
[2016.10.27-15.13.01:642][586]LogLoad: LoadMap: 127.0.0.1//Game/ThirdPersonBP/Maps/UEDPIE_1_ThirdPersonExampleMap?game=/Game/ThirdPersonBP/Blueprints/ThirdPersonGameMode.ThirdPersonGameMode_C
[2016.10.27-15.13.01:663][586]Cmd: MEM
[2016.10.27-15.13.01:687][586]LogMemory: Platform Memory Stats for Windows
[2016.10.27-15.13.01:687][586]LogMemory: Process Physical Memory: 1081.86 MB used, 1081.86 MB peak
[2016.10.27-15.13.01:687][586]LogMemory: Process Virtual Memory: 1999.79 MB used, 1999.79 MB peak
[2016.10.27-15.13.01:687][586]LogMemory: Physical Memory: 4496.54 MB used, 8113.86 MB total
[2016.10.27-15.13.01:687][586]LogMemory: Virtual Memory: 2776.75 MB used, 134217728.00 MB total
[2016.10.27-15.13.01:687][586]LogMemory: 
[2016.10.27-15.13.01:687][586]Allocator Stats for TBB: (not implemented)
[2016.10.27-15.13.01:692][586]LogWorld: PIE: Copying PIE streaming level from /Game/ThirdPersonBP/Maps/ThirdPersonExampleMap.ThirdPersonExampleMap to /Game/ThirdPersonBP/Maps/UEDPIE_4_ThirdPersonExampleMap.ThirdPersonExampleMap. OwningWorld: None
[2016.10.27-15.13.01:692][586]LogAIModule: Creating AISystem for world ThirdPersonExampleMap
[2016.10.27-15.13.01:698][586]LogWorld: Bringing World /Game/ThirdPersonBP/Maps/UEDPIE_4_ThirdPersonExampleMap.ThirdPersonExampleMap up for play (max tick rate 60) at 2016.10.28-00.13.01
[2016.10.27-15.13.01:699][586]LogWorld: Bringing up level for play took: 0.005496
[2016.10.27-15.13.01:699][586]LogLoad: Took 0.057686 seconds to LoadMap(/Game/ThirdPersonBP/Maps/UEDPIE_1_ThirdPersonExampleMap)
[2016.10.27-15.13.01:730][587]LogNet: Client netspeed is 10000
[2016.10.27-15.13.01:730][587]LogNet: Join request: /Game/ThirdPersonBP/Maps/ThirdPersonExampleMap?SplitscreenCount=1
[2016.10.27-15.13.01:735][587]LogBlueprintUserMessages: [ThirdPersonGameMode_C_0] Server: 3
[2016.10.27-15.13.01:736][587]LogNet: Join succeeded: 257
[2016.10.27-15.13.01:736][587]LogNet: Client netspeed is 10000
[2016.10.27-15.13.01:736][587]LogNet: Join request: /Game/ThirdPersonBP/Maps/ThirdPersonExampleMap?SplitscreenCount=1
[2016.10.27-15.13.01:738][587]LogNet: Join succeeded: 258
[2016.10.27-15.13.01:738][587]LogNet: Client netspeed is 10000
[2016.10.27-15.13.01:738][587]LogNet: Join request: /Game/ThirdPersonBP/Maps/ThirdPersonExampleMap?SplitscreenCount=1
[2016.10.27-15.13.01:741][587]LogNet: Join succeeded: 259
[2016.10.27-15.13.04:515][638]LogBlueprintUserMessages: [ThirdPersonGameMode_C_0] Server: 옵저버 나감
[2016.10.27-15.13.04:515][638]LogBlueprintUserMessages: [ThirdPersonGameMode_C_0] Server: 2
[2016.10.27-15.13.04:520][638]LogBlueprintUserMessages: Early EndPlayMap Detection: Level '/Game/ThirdPersonBP/Maps/ThirdPersonExampleMap.ThirdPersonExampleMap:PersistentLevel' has LevelScriptBlueprint '/Game/ThirdPersonBP/Maps/ThirdPersonExampleMap.ThirdPersonExampleMap:PersistentLevel.ThirdPersonExampleMap' with GeneratedClass '/Game/ThirdPersonBP/Maps/ThirdPersonExampleMap.ThirdPersonExampleMap_C' with ClassGeneratedBy '/Game/ThirdPersonBP/Maps/ThirdPersonExampleMap.ThirdPersonExampleMap:PersistentLevel.ThirdPersonExampleMap'
[2016.10.27-15.13.04:722][638]LogBlueprintUserMessages: Late EndPlayMap Detection: Level '/Game/ThirdPersonBP/Maps/ThirdPersonExampleMap.ThirdPersonExampleMap:PersistentLevel' has LevelScriptBlueprint '/Game/ThirdPersonBP/Maps/ThirdPersonExampleMap.ThirdPersonExampleMap:PersistentLevel.ThirdPersonExampleMap' with GeneratedClass '/Game/ThirdPersonBP/Maps/ThirdPersonExampleMap.ThirdPersonExampleMap_C' with ClassGeneratedBy '/Game/ThirdPersonBP/Maps/ThirdPersonExampleMap.ThirdPersonExampleMap:PersistentLevel.ThirdPersonExampleMap'
[2016.10.27-15.13.04:771][638]LogNet: UChannel::CleanUp: ChIndex == 0. Closing connection. [UChannel] ChIndex: 0, Closing: 0 [UNetConnection] RemoteAddr: 127.0.0.1:64866, Name: IpConnection_5, Driver: GameNetDriver IpNetDriver_0, IsServer: YES, PC: None, Owner: None
[2016.10.27-15.13.04:771][638]LogNet: UNetConnection::Close: [UNetConnection] RemoteAddr: 127.0.0.1:64866, Name: IpConnection_5, Driver: GameNetDriver IpNetDriver_0, IsServer: YES, PC: None, Owner: None, Channels: 2, Time: 2016.10.27-15.13.04
[2016.10.27-15.13.04:771][638]LogNet: UChannel::Close: Sending CloseBunch. ChIndex == 0. Name: [UChannel] ChIndex: 0, Closing: 0 [UNetConnection] RemoteAddr: 127.0.0.1:64866, Name: IpConnection_5, Driver: GameNetDriver IpNetDriver_0, IsServer: YES, PC: None, Owner: None
[2016.10.27-15.13.04:771][638]LogNet: UChannel::CleanUp: ChIndex == 0. Closing connection. [UChannel] ChIndex: 0, Closing: 0 [UNetConnection] RemoteAddr: 127.0.0.1:64865, Name: IpConnection_4, Driver: GameNetDriver IpNetDriver_0, IsServer: YES, PC: None, Owner: None
[2016.10.27-15.13.04:771][638]LogNet: UNetConnection::Close: [UNetConnection] RemoteAddr: 127.0.0.1:64865, Name: IpConnection_4, Driver: GameNetDriver IpNetDriver_0, IsServer: YES, PC: None, Owner: None, Channels: 2, Time: 2016.10.27-15.13.04
[2016.10.27-15.13.04:771][638]LogNet: UChannel::Close: Sending CloseBunch. ChIndex == 0. Name: [UChannel] ChIndex: 0, Closing: 0 [UNetConnection] RemoteAddr: 127.0.0.1:64865, Name: IpConnection_4, Driver: GameNetDriver IpNetDriver_0, IsServer: YES, PC: None, Owner: None
[2016.10.27-15.13.04:771][638]LogNet: UChannel::CleanUp: ChIndex == 0. Closing connection. [UChannel] ChIndex: 0, Closing: 0 [UNetConnection] RemoteAddr: 127.0.0.1:64864, Name: IpConnection_3, Driver: GameNetDriver IpNetDriver_0, IsServer: YES, PC: None, Owner: None
[2016.10.27-15.13.04:771][638]LogNet: UNetConnection::Close: [UNetConnection] RemoteAddr: 127.0.0.1:64864, Name: IpConnection_3, Driver: GameNetDriver IpNetDriver_0, IsServer: YES, PC: None, Owner: None, Channels: 2, Time: 2016.10.27-15.13.04
[2016.10.27-15.13.04:771][638]LogNet: UChannel::Close: Sending CloseBunch. ChIndex == 0. Name: [UChannel] ChIndex: 0, Closing: 0 [UNetConnection] RemoteAddr: 127.0.0.1:64864, Name: IpConnection_3, Driver: GameNetDriver IpNetDriver_0, IsServer: YES, PC: None, Owner: None
[2016.10.27-15.13.04:771][638]LogNet: UChannel::CleanUp: ChIndex == 0. Closing connection. [UChannel] ChIndex: 0, Closing: 0 [UNetConnection] RemoteAddr: 127.0.0.1:7777, Name: IpConnection_2, Driver: GameNetDriver IpNetDriver_3, IsServer: NO, PC: None, Owner: None
[2016.10.27-15.13.04:771][638]LogNet: UNetConnection::Close: [UNetConnection] RemoteAddr: 127.0.0.1:7777, Name: IpConnection_2, Driver: GameNetDriver IpNetDriver_3, IsServer: NO, PC: None, Owner: None, Channels: 2, Time: 2016.10.27-15.13.04
[2016.10.27-15.13.04:771][638]LogNet: UChannel::Close: Sending CloseBunch. ChIndex == 0. Name: [UChannel] ChIndex: 0, Closing: 0 [UNetConnection] RemoteAddr: 127.0.0.1:7777, Name: IpConnection_2, Driver: GameNetDriver IpNetDriver_3, IsServer: NO, PC: None, Owner: None
[2016.10.27-15.13.04:772][638]LogNet: UChannel::CleanUp: ChIndex == 0. Closing connection. [UChannel] ChIndex: 0, Closing: 0 [UNetConnection] RemoteAddr: 127.0.0.1:7777, Name: IpConnection_1, Driver: GameNetDriver IpNetDriver_2, IsServer: NO, PC: None, Owner: None
[2016.10.27-15.13.04:772][638]LogNet: UNetConnection::Close: [UNetConnection] RemoteAddr: 127.0.0.1:7777, Name: IpConnection_1, Driver: GameNetDriver IpNetDriver_2, IsServer: NO, PC: None, Owner: None, Channels: 2, Time: 2016.10.27-15.13.04
[2016.10.27-15.13.04:772][638]LogNet: UChannel::Close: Sending CloseBunch. ChIndex == 0. Name: [UChannel] ChIndex: 0, Closing: 0 [UNetConnection] RemoteAddr: 127.0.0.1:7777, Name: IpConnection_1, Driver: GameNetDriver IpNetDriver_2, IsServer: NO, PC: None, Owner: None
[2016.10.27-15.13.04:772][638]LogNet: UChannel::CleanUp: ChIndex == 0. Closing connection. [UChannel] ChIndex: 0, Closing: 0 [UNetConnection] RemoteAddr: 127.0.0.1:7777, Name: IpConnection_0, Driver: GameNetDriver IpNetDriver_1, IsServer: NO, PC: None, Owner: None
[2016.10.27-15.13.04:772][638]LogNet: UNetConnection::Close: [UNetConnection] RemoteAddr: 127.0.0.1:7777, Name: IpConnection_0, Driver: GameNetDriver IpNetDriver_1, IsServer: NO, PC: None, Owner: None, Channels: 2, Time: 2016.10.27-15.13.04
[2016.10.27-15.13.04:772][638]LogNet: UChannel::Close: Sending CloseBunch. ChIndex == 0. Name: [UChannel] ChIndex: 0, Closing: 0 [UNetConnection] RemoteAddr: 127.0.0.1:7777, Name: IpConnection_0, Driver: GameNetDriver IpNetDriver_1, IsServer: NO, PC: None, Owner: None
[2016.10.27-15.13.04:776][638]LogExit: GameNetDriver None shut down
[2016.10.27-15.13.04:777][638]LogExit: GameNetDriver None shut down
[2016.10.27-15.13.04:777][638]LogExit: GameNetDriver None shut down
[2016.10.27-15.13.04:778][638]LogExit: GameNetDriver None shut down
[2016.10.27-15.13.14:092][ 33]LogBlueprintUserMessages: Early PlayInEditor Detection: Level '/Game/ThirdPersonBP/Maps/ThirdPersonExampleMap.ThirdPersonExampleMap:PersistentLevel' has LevelScriptBlueprint '/Game/ThirdPersonBP/Maps/ThirdPersonExampleMap.ThirdPersonExampleMap:PersistentLevel.ThirdPersonExampleMap' with GeneratedClass '/Game/ThirdPersonBP/Maps/ThirdPersonExampleMap.ThirdPersonExampleMap_C' with ClassGeneratedBy '/Game/ThirdPersonBP/Maps/ThirdPersonExampleMap.ThirdPersonExampleMap:PersistentLevel.ThirdPersonExampleMap'
[2016.10.27-15.13.14:092][ 33]BlueprintLog: New page: Pre-Play auto-recompile
[2016.10.27-15.13.14:122][ 33]LogPlayLevel: [PlayLevel] Compiling ThirdPersonGameMode before play...
[2016.10.27-15.13.14:269][ 33]LogPlayLevel: PlayLevel: Blueprint regeneration took 176 ms (2 blueprints)
[2016.10.27-15.13.14:270][ 33]LogPlayLevel: [PlayLevel] Compiling playercon before play...
[2016.10.27-15.13.14:458][ 33]LogPlayLevel: PlayLevel: Blueprint regeneration took 366 ms (4 blueprints)
[2016.10.27-15.13.14:459][ 33]LogPlayLevel: [PlayLevel] Compiling ChattingTXT before play...
[2016.10.27-15.13.14:555][ 33]LogPlayLevel: PlayLevel: Blueprint regeneration took 463 ms (4 blueprints)
[2016.10.27-15.13.14:556][ 33]LogPlayLevel: [PlayLevel] Compiling PHUD before play...
[2016.10.27-15.13.14:670][ 33]LogPlayLevel: PlayLevel: Blueprint regeneration took 577 ms (4 blueprints)
[2016.10.27-15.13.14:709][ 33]PIE: New page: PIE session: ThirdPersonExampleMap (Oct 28, 2016, 9:13:14 AM)
[2016.10.27-15.13.14:709][ 33]LogPlayLevel: Creating play world package: /Game/ThirdPersonBP/Maps/UEDPIE_1_ThirdPersonExampleMap
[2016.10.27-15.13.14:714][ 33]LogPlayLevel: PIE: StaticDuplicateObject took: (0.004760s)
[2016.10.27-15.13.14:715][ 33]LogAIModule: Creating AISystem for world ThirdPersonExampleMap
[2016.10.27-15.13.14:715][ 33]LogPlayLevel: PIE: World Init took: (0.000566s)
[2016.10.27-15.13.14:715][ 33]LogPlayLevel: PIE: Created PIE world by copying editor world from /Game/ThirdPersonBP/Maps/ThirdPersonExampleMap.ThirdPersonExampleMap to /Game/ThirdPersonBP/Maps/UEDPIE_1_ThirdPersonExampleMap.ThirdPersonExampleMap (0.005551s)
[2016.10.27-15.13.14:735][ 33]LogInit: XAudio2 using '스피커(Realtek High Definition Audio)' : 2 channels at 48 kHz using 32 bits per sample (channel mask 0x3)
[2016.10.27-15.13.14:768][ 33]LogInit: FAudioDevice initialized.
[2016.10.27-15.13.14:838][ 33]LogWorld: Game class is 'ThirdPersonGameMode_C'
[2016.10.27-15.13.14:846][ 33]LogWorld: Bringing World /Game/ThirdPersonBP/Maps/UEDPIE_1_ThirdPersonExampleMap.ThirdPersonExampleMap up for play (max tick rate 60) at 2016.10.28-00.13.14
[2016.10.27-15.13.14:849][ 33]LogWorld: Bringing up level for play took: 0.009101
[2016.10.27-15.13.14:854][ 33]LogBlueprintUserMessages: [ThirdPersonGameMode_C_0] Server: 2
[2016.10.27-15.13.14:854][ 33]LogInit: WinSock: Socket queue 131072 / 131072
[2016.10.27-15.13.14:855][ 33]PacketHandlerLog: Loaded PacketHandler component: Engine.EngineHandlerComponentFactory (StatelessConnectHandlerComponent)
[2016.10.27-15.13.14:855][ 33]LogNet: GameNetDriver IpNetDriver_4 IpNetDriver listening on port 7777
[2016.10.27-15.13.15:077][ 33]PIE: Info Play in editor start time for /Game/ThirdPersonBP/Maps/UEDPIE_1_ThirdPersonExampleMap 0.804
[2016.10.27-15.13.15:086][ 33]PIE: New page: PIE session: ThirdPersonExampleMap (Oct 28, 2016, 9:13:15 AM)
[2016.10.27-15.13.15:156][ 33]LogNet: Browse: 127.0.0.1//Game/ThirdPersonBP/Maps/ThirdPersonExampleMap
[2016.10.27-15.13.15:156][ 33]LogInit: WinSock: Socket queue 32768 / 32768
[2016.10.27-15.13.15:156][ 33]PacketHandlerLog: Loaded PacketHandler component: Engine.EngineHandlerComponentFactory (StatelessConnectHandlerComponent)
[2016.10.27-15.13.15:156][ 33]LogNet: Game client on port 7777, rate 10000
[2016.10.27-15.13.15:157][ 33]LogNet: GetLocalNetworkVersion: GEngineNetVersion: 3039270, ProjectName: unnamed, ProjectVersion: 1.0.0.0, InternalProtocolVersion: 9, LocalNetworkVersion: 1745645396
[2016.10.27-15.13.15:341][ 33]PIE: Info Play in editor start time for /Game/ThirdPersonBP/Maps/ThirdPersonExampleMap 1.068
[2016.10.27-15.13.15:350][ 33]PIE: New page: PIE session: ThirdPersonExampleMap (Oct 28, 2016, 9:13:15 AM)
[2016.10.27-15.13.15:432][ 33]LogNet: Browse: 127.0.0.1//Game/ThirdPersonBP/Maps/ThirdPersonExampleMap
[2016.10.27-15.13.15:433][ 33]LogInit: WinSock: Socket queue 32768 / 32768
[2016.10.27-15.13.15:434][ 33]PacketHandlerLog: Loaded PacketHandler component: Engine.EngineHandlerComponentFactory (StatelessConnectHandlerComponent)
[2016.10.27-15.13.15:434][ 33]LogNet: Game client on port 7777, rate 10000
[2016.10.27-15.13.15:434][ 33]LogNet: GetLocalNetworkVersion: GEngineNetVersion: 3039270, ProjectName: unnamed, ProjectVersion: 1.0.0.0, InternalProtocolVersion: 9, LocalNetworkVersion: 1745645396
[2016.10.27-15.13.15:648][ 33]PIE: Info Play in editor start time for /Game/ThirdPersonBP/Maps/ThirdPersonExampleMap 1.376
[2016.10.27-15.13.15:656][ 33]PIE: New page: PIE session: ThirdPersonExampleMap (Oct 28, 2016, 9:13:15 AM)
[2016.10.27-15.13.15:723][ 33]LogNet: Browse: 127.0.0.1//Game/ThirdPersonBP/Maps/ThirdPersonExampleMap
[2016.10.27-15.13.15:723][ 33]LogInit: WinSock: Socket queue 32768 / 32768
[2016.10.27-15.13.15:724][ 33]PacketHandlerLog: Loaded PacketHandler component: Engine.EngineHandlerComponentFactory (StatelessConnectHandlerComponent)
[2016.10.27-15.13.15:724][ 33]LogNet: Game client on port 7777, rate 10000
[2016.10.27-15.13.15:724][ 33]LogNet: GetLocalNetworkVersion: GEngineNetVersion: 3039270, ProjectName: unnamed, ProjectVersion: 1.0.0.0, InternalProtocolVersion: 9, LocalNetworkVersion: 1745645396
[2016.10.27-15.13.15:950][ 33]PIE: Info Play in editor start time for /Game/ThirdPersonBP/Maps/ThirdPersonExampleMap 1.677
[2016.10.27-15.13.16:109][ 33]LogBlueprintUserMessages: Late PlayInEditor Detection: Level '/Game/ThirdPersonBP/Maps/ThirdPersonExampleMap.ThirdPersonExampleMap:PersistentLevel' has LevelScriptBlueprint '/Game/ThirdPersonBP/Maps/ThirdPersonExampleMap.ThirdPersonExampleMap:PersistentLevel.ThirdPersonExampleMap' with GeneratedClass '/Game/ThirdPersonBP/Maps/ThirdPersonExampleMap.ThirdPersonExampleMap_C' with ClassGeneratedBy '/Game/ThirdPersonBP/Maps/ThirdPersonExampleMap.ThirdPersonExampleMap:PersistentLevel.ThirdPersonExampleMap'
[2016.10.27-15.13.16:109][ 33]LogNet: NotifyAcceptingConnection: Server ThirdPersonExampleMap accept
[2016.10.27-15.13.16:109][ 33]LogHandshake: SendConnectChallenge. Timestamp: 0.027348, Cookie: 234149109165225169114170150071067049098029169000067222120133
[2016.10.27-15.13.16:110][ 33]LogNet: NotifyAcceptingConnection: Server ThirdPersonExampleMap accept
[2016.10.27-15.13.16:110][ 33]LogNet: NotifyAcceptingConnection: Server ThirdPersonExampleMap accept
[2016.10.27-15.13.16:110][ 33]LogHandshake: SendConnectChallenge. Timestamp: 0.027348, Cookie: 181143136089024171118177227177038018021204145135223095219201
[2016.10.27-15.13.16:110][ 33]LogNet: NotifyAcceptingConnection: Server ThirdPersonExampleMap accept
[2016.10.27-15.13.16:111][ 33]LogNet: NotifyAcceptingConnection: Server ThirdPersonExampleMap accept
[2016.10.27-15.13.16:111][ 33]LogHandshake: SendConnectChallenge. Timestamp: 0.027348, Cookie: 231171224117067085071085245131107030179056226253159164037209
[2016.10.27-15.13.16:111][ 33]LogNet: NotifyAcceptingConnection: Server ThirdPersonExampleMap accept
[2016.10.27-15.13.16:113][ 33]LogHandshake: SendChallengeResponse. Timestamp: 0.027348, Cookie: 234149109165225169114170150071067049098029169000067222120133
[2016.10.27-15.13.16:114][ 33]LogHandshake: SendChallengeResponse. Timestamp: 0.027348, Cookie: 181143136089024171118177227177038018021204145135223095219201
[2016.10.27-15.13.16:115][ 33]LogHandshake: SendChallengeResponse. Timestamp: 0.027348, Cookie: 231171224117067085071085245131107030179056226253159164037209
[2016.10.27-15.13.16:570][ 34]LogNet: NotifyAcceptingConnection: Server ThirdPersonExampleMap accept
[2016.10.27-15.13.16:570][ 34]LogNet: Server accepting post-challenge connection from: 127.0.0.1:64867
[2016.10.27-15.13.16:570][ 34]PacketHandlerLog: Loaded PacketHandler component: Engine.EngineHandlerComponentFactory (StatelessConnectHandlerComponent)
[2016.10.27-15.13.16:571][ 34]LogNet: NotifyAcceptedConnection: Name: ThirdPersonExampleMap, TimeStamp: 10/28/16 00:13:16, [UNetConnection] RemoteAddr: 127.0.0.1:64867, Name: IpConnection_9, Driver: GameNetDriver IpNetDriver_4, IsServer: YES, PC: NULL, Owner: NULL
[2016.10.27-15.13.16:571][ 34]LogNet: AddClientConnection: Added client connection: [UNetConnection] RemoteAddr: 127.0.0.1:64867, Name: IpConnection_9, Driver: GameNetDriver IpNetDriver_4, IsServer: YES, PC: NULL, Owner: NULL
[2016.10.27-15.13.16:571][ 34]LogNet: NotifyAcceptingConnection: Server ThirdPersonExampleMap accept
[2016.10.27-15.13.16:571][ 34]LogNet: Server accepting post-challenge connection from: 127.0.0.1:64868
[2016.10.27-15.13.16:571][ 34]PacketHandlerLog: Loaded PacketHandler component: Engine.EngineHandlerComponentFactory (StatelessConnectHandlerComponent)
[2016.10.27-15.13.16:571][ 34]LogNet: NotifyAcceptedConnection: Name: ThirdPersonExampleMap, TimeStamp: 10/28/16 00:13:16, [UNetConnection] RemoteAddr: 127.0.0.1:64868, Name: IpConnection_10, Driver: GameNetDriver IpNetDriver_4, IsServer: YES, PC: NULL, Owner: NULL
[2016.10.27-15.13.16:571][ 34]LogNet: AddClientConnection: Added client connection: [UNetConnection] RemoteAddr: 127.0.0.1:64868, Name: IpConnection_10, Driver: GameNetDriver IpNetDriver_4, IsServer: YES, PC: NULL, Owner: NULL
[2016.10.27-15.13.16:571][ 34]LogNet: NotifyAcceptingConnection: Server ThirdPersonExampleMap accept
[2016.10.27-15.13.16:571][ 34]LogNet: Server accepting post-challenge connection from: 127.0.0.1:64869
[2016.10.27-15.13.16:571][ 34]PacketHandlerLog: Loaded PacketHandler component: Engine.EngineHandlerComponentFactory (StatelessConnectHandlerComponent)
[2016.10.27-15.13.16:571][ 34]LogNet: NotifyAcceptedConnection: Name: ThirdPersonExampleMap, TimeStamp: 10/28/16 00:13:16, [UNetConnection] RemoteAddr: 127.0.0.1:64869, Name: IpConnection_11, Driver: GameNetDriver IpNetDriver_4, IsServer: YES, PC: NULL, Owner: NULL
[2016.10.27-15.13.16:571][ 34]LogNet: AddClientConnection: Added client connection: [UNetConnection] RemoteAddr: 127.0.0.1:64869, Name: IpConnection_11, Driver: GameNetDriver IpNetDriver_4, IsServer: YES, PC: NULL, Owner: NULL
[2016.10.27-15.13.16:603][ 35]LogNet: NotifyAcceptingChannel Control 0 server World /Game/ThirdPersonBP/Maps/UEDPIE_1_ThirdPersonExampleMap.ThirdPersonExampleMap: Accepted
[2016.10.27-15.13.16:603][ 35]LogNet: Remote platform little endian=1
[2016.10.27-15.13.16:603][ 35]LogNet: This platform little endian=1
[2016.10.27-15.13.16:603][ 35]LogNet: GetLocalNetworkVersion: GEngineNetVersion: 3039270, ProjectName: unnamed, ProjectVersion: 1.0.0.0, InternalProtocolVersion: 9, LocalNetworkVersion: 1745645396
[2016.10.27-15.13.16:604][ 35]LogNet: NotifyAcceptingChannel Control 0 server World /Game/ThirdPersonBP/Maps/UEDPIE_1_ThirdPersonExampleMap.ThirdPersonExampleMap: Accepted
[2016.10.27-15.13.16:604][ 35]LogNet: Remote platform little endian=1
[2016.10.27-15.13.16:604][ 35]LogNet: This platform little endian=1
[2016.10.27-15.13.16:604][ 35]LogNet: GetLocalNetworkVersion: GEngineNetVersion: 3039270, ProjectName: unnamed, ProjectVersion: 1.0.0.0, InternalProtocolVersion: 9, LocalNetworkVersion: 1745645396
[2016.10.27-15.13.16:604][ 35]LogNet: NotifyAcceptingChannel Control 0 server World /Game/ThirdPersonBP/Maps/UEDPIE_1_ThirdPersonExampleMap.ThirdPersonExampleMap: Accepted
[2016.10.27-15.13.16:604][ 35]LogNet: Remote platform little endian=1
[2016.10.27-15.13.16:604][ 35]LogNet: This platform little endian=1
[2016.10.27-15.13.16:604][ 35]LogNet: GetLocalNetworkVersion: GEngineNetVersion: 3039270, ProjectName: unnamed, ProjectVersion: 1.0.0.0, InternalProtocolVersion: 9, LocalNetworkVersion: 1745645396
[2016.10.27-15.13.16:664][ 36]LogNet: Login request: /Game/ThirdPersonBP/Maps/ThirdPersonExampleMap userId: Invalid
[2016.10.27-15.13.16:664][ 36]LogNet: Login request: /Game/ThirdPersonBP/Maps/ThirdPersonExampleMap userId: Invalid
[2016.10.27-15.13.16:664][ 36]LogNet: Login request: /Game/ThirdPersonBP/Maps/ThirdPersonExampleMap userId: Invalid
[2016.10.27-15.13.16:665][ 36]LogNet: Welcomed by server (Level: /Game/ThirdPersonBP/Maps/UEDPIE_1_ThirdPersonExampleMap, Game: /Game/ThirdPersonBP/Blueprints/ThirdPersonGameMode.ThirdPersonGameMode_C)
[2016.10.27-15.13.16:683][ 36]LogLoad: LoadMap: 127.0.0.1//Game/ThirdPersonBP/Maps/UEDPIE_1_ThirdPersonExampleMap?game=/Game/ThirdPersonBP/Blueprints/ThirdPersonGameMode.ThirdPersonGameMode_C
[2016.10.27-15.13.16:718][ 36]Cmd: MEM
[2016.10.27-15.13.16:736][ 36]LogMemory: Platform Memory Stats for Windows
[2016.10.27-15.13.16:736][ 36]LogMemory: Process Physical Memory: 1093.27 MB used, 1167.54 MB peak
[2016.10.27-15.13.16:736][ 36]LogMemory: Process Virtual Memory: 1965.32 MB used, 2009.90 MB peak
[2016.10.27-15.13.16:736][ 36]LogMemory: Physical Memory: 4505.79 MB used, 8113.86 MB total
[2016.10.27-15.13.16:736][ 36]LogMemory: Virtual Memory: 2756.73 MB used, 134217728.00 MB total
[2016.10.27-15.13.16:736][ 36]LogMemory: 
[2016.10.27-15.13.16:736][ 36]Allocator Stats for TBB: (not implemented)
[2016.10.27-15.13.16:741][ 36]LogWorld: PIE: Copying PIE streaming level from /Game/ThirdPersonBP/Maps/ThirdPersonExampleMap.ThirdPersonExampleMap to /Game/ThirdPersonBP/Maps/UEDPIE_2_ThirdPersonExampleMap.ThirdPersonExampleMap. OwningWorld: None
[2016.10.27-15.13.16:743][ 36]LogAIModule: Creating AISystem for world ThirdPersonExampleMap
[2016.10.27-15.13.16:751][ 36]LogWorld: Bringing World /Game/ThirdPersonBP/Maps/UEDPIE_2_ThirdPersonExampleMap.ThirdPersonExampleMap up for play (max tick rate 60) at 2016.10.28-00.13.16
[2016.10.27-15.13.16:751][ 36]LogWorld: Bringing up level for play took: 0.005384
[2016.10.27-15.13.16:752][ 36]LogLoad: Took 0.069448 seconds to LoadMap(/Game/ThirdPersonBP/Maps/UEDPIE_1_ThirdPersonExampleMap)
[2016.10.27-15.13.16:752][ 36]LogNet: Welcomed by server (Level: /Game/ThirdPersonBP/Maps/UEDPIE_1_ThirdPersonExampleMap, Game: /Game/ThirdPersonBP/Blueprints/ThirdPersonGameMode.ThirdPersonGameMode_C)
[2016.10.27-15.13.16:768][ 36]LogLoad: LoadMap: 127.0.0.1//Game/ThirdPersonBP/Maps/UEDPIE_1_ThirdPersonExampleMap?game=/Game/ThirdPersonBP/Blueprints/ThirdPersonGameMode.ThirdPersonGameMode_C
[2016.10.27-15.13.16:790][ 36]Cmd: MEM
[2016.10.27-15.13.16:815][ 36]LogMemory: Platform Memory Stats for Windows
[2016.10.27-15.13.16:815][ 36]LogMemory: Process Physical Memory: 1095.70 MB used, 1167.54 MB peak
[2016.10.27-15.13.16:815][ 36]LogMemory: Process Virtual Memory: 2037.44 MB used, 2037.44 MB peak
[2016.10.27-15.13.16:815][ 36]LogMemory: Physical Memory: 4501.73 MB used, 8113.86 MB total
[2016.10.27-15.13.16:815][ 36]LogMemory: Virtual Memory: 2812.73 MB used, 134217728.00 MB total
[2016.10.27-15.13.16:815][ 36]LogMemory: 
[2016.10.27-15.13.16:815][ 36]Allocator Stats for TBB: (not implemented)
[2016.10.27-15.13.16:819][ 36]LogWorld: PIE: Copying PIE streaming level from /Game/ThirdPersonBP/Maps/ThirdPersonExampleMap.ThirdPersonExampleMap to /Game/ThirdPersonBP/Maps/UEDPIE_3_ThirdPersonExampleMap.ThirdPersonExampleMap. OwningWorld: None
[2016.10.27-15.13.16:820][ 36]LogAIModule: Creating AISystem for world ThirdPersonExampleMap
[2016.10.27-15.13.16:827][ 36]LogWorld: Bringing World /Game/ThirdPersonBP/Maps/UEDPIE_3_ThirdPersonExampleMap.ThirdPersonExampleMap up for play (max tick rate 60) at 2016.10.28-00.13.16
[2016.10.27-15.13.16:827][ 36]LogWorld: Bringing up level for play took: 0.005804
[2016.10.27-15.13.16:828][ 36]LogLoad: Took 0.059623 seconds to LoadMap(/Game/ThirdPersonBP/Maps/UEDPIE_1_ThirdPersonExampleMap)
[2016.10.27-15.13.16:829][ 36]LogNet: Welcomed by server (Level: /Game/ThirdPersonBP/Maps/UEDPIE_1_ThirdPersonExampleMap, Game: /Game/ThirdPersonBP/Blueprints/ThirdPersonGameMode.ThirdPersonGameMode_C)
[2016.10.27-15.13.16:881][ 36]LogLoad: LoadMap: 127.0.0.1//Game/ThirdPersonBP/Maps/UEDPIE_1_ThirdPersonExampleMap?game=/Game/ThirdPersonBP/Blueprints/ThirdPersonGameMode.ThirdPersonGameMode_C
[2016.10.27-15.13.16:903][ 36]Cmd: MEM
[2016.10.27-15.13.16:927][ 36]LogMemory: Platform Memory Stats for Windows
[2016.10.27-15.13.16:927][ 36]LogMemory: Process Physical Memory: 1149.80 MB used, 1167.54 MB peak
[2016.10.27-15.13.16:927][ 36]LogMemory: Process Virtual Memory: 2037.44 MB used, 2037.44 MB peak
[2016.10.27-15.13.16:927][ 36]LogMemory: Physical Memory: 4557.73 MB used, 8113.86 MB total
[2016.10.27-15.13.16:927][ 36]LogMemory: Virtual Memory: 2812.73 MB used, 134217728.00 MB total
[2016.10.27-15.13.16:927][ 36]LogMemory: 
[2016.10.27-15.13.16:927][ 36]Allocator Stats for TBB: (not implemented)
[2016.10.27-15.13.16:931][ 36]LogWorld: PIE: Copying PIE streaming level from /Game/ThirdPersonBP/Maps/ThirdPersonExampleMap.ThirdPersonExampleMap to /Game/ThirdPersonBP/Maps/UEDPIE_4_ThirdPersonExampleMap.ThirdPersonExampleMap. OwningWorld: None
[2016.10.27-15.13.16:931][ 36]LogAIModule: Creating AISystem for world ThirdPersonExampleMap
[2016.10.27-15.13.16:937][ 36]LogWorld: Bringing World /Game/ThirdPersonBP/Maps/UEDPIE_4_ThirdPersonExampleMap.ThirdPersonExampleMap up for play (max tick rate 60) at 2016.10.28-00.13.16
[2016.10.27-15.13.16:937][ 36]LogWorld: Bringing up level for play took: 0.004983
[2016.10.27-15.13.16:938][ 36]LogLoad: Took 0.057120 seconds to LoadMap(/Game/ThirdPersonBP/Maps/UEDPIE_1_ThirdPersonExampleMap)
[2016.10.27-15.13.16:980][ 37]LogNet: Client netspeed is 10000
[2016.10.27-15.13.16:980][ 37]LogNet: Join request: /Game/ThirdPersonBP/Maps/ThirdPersonExampleMap?SplitscreenCount=1
[2016.10.27-15.13.16:984][ 37]LogBlueprintUserMessages: [ThirdPersonGameMode_C_0] Server: 3
[2016.10.27-15.13.16:984][ 37]LogNet: Join succeeded: 261
[2016.10.27-15.13.16:985][ 37]LogNet: Client netspeed is 10000
[2016.10.27-15.13.16:985][ 37]LogNet: Join request: /Game/ThirdPersonBP/Maps/ThirdPersonExampleMap?SplitscreenCount=1
[2016.10.27-15.13.16:987][ 37]LogNet: Join succeeded: 262
[2016.10.27-15.13.16:987][ 37]LogNet: Client netspeed is 10000
[2016.10.27-15.13.16:987][ 37]LogNet: Join request: /Game/ThirdPersonBP/Maps/ThirdPersonExampleMap?SplitscreenCount=1
[2016.10.27-15.13.16:989][ 37]LogNet: Join succeeded: 263
[2016.10.27-15.13.30:533][301]LogBlueprintUserMessages: [ThirdPersonGameMode_C_0] Server: 옵저버 나감
[2016.10.27-15.13.30:533][301]LogBlueprintUserMessages: [ThirdPersonGameMode_C_0] Server: 2
[2016.10.27-15.13.30:537][301]LogBlueprintUserMessages: Early EndPlayMap Detection: Level '/Game/ThirdPersonBP/Maps/ThirdPersonExampleMap.ThirdPersonExampleMap:PersistentLevel' has LevelScriptBlueprint '/Game/ThirdPersonBP/Maps/ThirdPersonExampleMap.ThirdPersonExampleMap:PersistentLevel.ThirdPersonExampleMap' with GeneratedClass '/Game/ThirdPersonBP/Maps/ThirdPersonExampleMap.ThirdPersonExampleMap_C' with ClassGeneratedBy '/Game/ThirdPersonBP/Maps/ThirdPersonExampleMap.ThirdPersonExampleMap:PersistentLevel.ThirdPersonExampleMap'
[2016.10.27-15.13.30:774][301]LogBlueprintUserMessages: Late EndPlayMap Detection: Level '/Game/ThirdPersonBP/Maps/ThirdPersonExampleMap.ThirdPersonExampleMap:PersistentLevel' has LevelScriptBlueprint '/Game/ThirdPersonBP/Maps/ThirdPersonExampleMap.ThirdPersonExampleMap:PersistentLevel.ThirdPersonExampleMap' with GeneratedClass '/Game/ThirdPersonBP/Maps/ThirdPersonExampleMap.ThirdPersonExampleMap_C' with ClassGeneratedBy '/Game/ThirdPersonBP/Maps/ThirdPersonExampleMap.ThirdPersonExampleMap:PersistentLevel.ThirdPersonExampleMap'
[2016.10.27-15.13.30:819][301]LogNet: UChannel::CleanUp: ChIndex == 0. Closing connection. [UChannel] ChIndex: 0, Closing: 0 [UNetConnection] RemoteAddr: 127.0.0.1:64869, Name: IpConnection_11, Driver: GameNetDriver IpNetDriver_4, IsServer: YES, PC: None, Owner: None
[2016.10.27-15.13.30:819][301]LogNet: UNetConnection::Close: [UNetConnection] RemoteAddr: 127.0.0.1:64869, Name: IpConnection_11, Driver: GameNetDriver IpNetDriver_4, IsServer: YES, PC: None, Owner: None, Channels: 2, Time: 2016.10.27-15.13.30
[2016.10.27-15.13.30:819][301]LogNet: UChannel::Close: Sending CloseBunch. ChIndex == 0. Name: [UChannel] ChIndex: 0, Closing: 0 [UNetConnection] RemoteAddr: 127.0.0.1:64869, Name: IpConnection_11, Driver: GameNetDriver IpNetDriver_4, IsServer: YES, PC: None, Owner: None
[2016.10.27-15.13.30:820][301]LogNet: UChannel::CleanUp: ChIndex == 0. Closing connection. [UChannel] ChIndex: 0, Closing: 0 [UNetConnection] RemoteAddr: 127.0.0.1:64868, Name: IpConnection_10, Driver: GameNetDriver IpNetDriver_4, IsServer: YES, PC: None, Owner: None
[2016.10.27-15.13.30:820][301]LogNet: UNetConnection::Close: [UNetConnection] RemoteAddr: 127.0.0.1:64868, Name: IpConnection_10, Driver: GameNetDriver IpNetDriver_4, IsServer: YES, PC: None, Owner: None, Channels: 2, Time: 2016.10.27-15.13.30
[2016.10.27-15.13.30:820][301]LogNet: UChannel::Close: Sending CloseBunch. ChIndex == 0. Name: [UChannel] ChIndex: 0, Closing: 0 [UNetConnection] RemoteAddr: 127.0.0.1:64868, Name: IpConnection_10, Driver: GameNetDriver IpNetDriver_4, IsServer: YES, PC: None, Owner: None
[2016.10.27-15.13.30:820][301]LogNet: UChannel::CleanUp: ChIndex == 0. Closing connection. [UChannel] ChIndex: 0, Closing: 0 [UNetConnection] RemoteAddr: 127.0.0.1:64867, Name: IpConnection_9, Driver: GameNetDriver IpNetDriver_4, IsServer: YES, PC: None, Owner: None
[2016.10.27-15.13.30:820][301]LogNet: UNetConnection::Close: [UNetConnection] RemoteAddr: 127.0.0.1:64867, Name: IpConnection_9, Driver: GameNetDriver IpNetDriver_4, IsServer: YES, PC: None, Owner: None, Channels: 2, Time: 2016.10.27-15.13.30
[2016.10.27-15.13.30:820][301]LogNet: UChannel::Close: Sending CloseBunch. ChIndex == 0. Name: [UChannel] ChIndex: 0, Closing: 0 [UNetConnection] RemoteAddr: 127.0.0.1:64867, Name: IpConnection_9, Driver: GameNetDriver IpNetDriver_4, IsServer: YES, PC: None, Owner: None
[2016.10.27-15.13.30:820][301]LogNet: UChannel::CleanUp: ChIndex == 0. Closing connection. [UChannel] ChIndex: 0, Closing: 0 [UNetConnection] RemoteAddr: 127.0.0.1:7777, Name: IpConnection_8, Driver: GameNetDriver IpNetDriver_7, IsServer: NO, PC: None, Owner: None
[2016.10.27-15.13.30:820][301]LogNet: UNetConnection::Close: [UNetConnection] RemoteAddr: 127.0.0.1:7777, Name: IpConnection_8, Driver: GameNetDriver IpNetDriver_7, IsServer: NO, PC: None, Owner: None, Channels: 2, Time: 2016.10.27-15.13.30
[2016.10.27-15.13.30:820][301]LogNet: UChannel::Close: Sending CloseBunch. ChIndex == 0. Name: [UChannel] ChIndex: 0, Closing: 0 [UNetConnection] RemoteAddr: 127.0.0.1:7777, Name: IpConnection_8, Driver: GameNetDriver IpNetDriver_7, IsServer: NO, PC: None, Owner: None
[2016.10.27-15.13.30:821][301]LogNet: UChannel::CleanUp: ChIndex == 0. Closing connection. [UChannel] ChIndex: 0, Closing: 0 [UNetConnection] RemoteAddr: 127.0.0.1:7777, Name: IpConnection_7, Driver: GameNetDriver IpNetDriver_6, IsServer: NO, PC: None, Owner: None
[2016.10.27-15.13.30:821][301]LogNet: UNetConnection::Close: [UNetConnection] RemoteAddr: 127.0.0.1:7777, Name: IpConnection_7, Driver: GameNetDriver IpNetDriver_6, IsServer: NO, PC: None, Owner: None, Channels: 2, Time: 2016.10.27-15.13.30
[2016.10.27-15.13.30:821][301]LogNet: UChannel::Close: Sending CloseBunch. ChIndex == 0. Name: [UChannel] ChIndex: 0, Closing: 0 [UNetConnection] RemoteAddr: 127.0.0.1:7777, Name: IpConnection_7, Driver: GameNetDriver IpNetDriver_6, IsServer: NO, PC: None, Owner: None
[2016.10.27-15.13.30:822][301]LogNet: UChannel::CleanUp: ChIndex == 0. Closing connection. [UChannel] ChIndex: 0, Closing: 0 [UNetConnection] RemoteAddr: 127.0.0.1:7777, Name: IpConnection_6, Driver: GameNetDriver IpNetDriver_5, IsServer: NO, PC: None, Owner: None
[2016.10.27-15.13.30:822][301]LogNet: UNetConnection::Close: [UNetConnection] RemoteAddr: 127.0.0.1:7777, Name: IpConnection_6, Driver: GameNetDriver IpNetDriver_5, IsServer: NO, PC: None, Owner: None, Channels: 2, Time: 2016.10.27-15.13.30
[2016.10.27-15.13.30:822][301]LogNet: UChannel::Close: Sending CloseBunch. ChIndex == 0. Name: [UChannel] ChIndex: 0, Closing: 0 [UNetConnection] RemoteAddr: 127.0.0.1:7777, Name: IpConnection_6, Driver: GameNetDriver IpNetDriver_5, IsServer: NO, PC: None, Owner: None
[2016.10.27-15.13.30:831][301]LogExit: GameNetDriver None shut down
[2016.10.27-15.13.30:831][301]LogExit: GameNetDriver None shut down
[2016.10.27-15.13.30:832][301]LogExit: GameNetDriver None shut down
[2016.10.27-15.13.30:833][301]LogExit: GameNetDriver None shut down
[2016.10.27-15.13.53:141][292]LogSavePackage: Save=81.69ms
[2016.10.27-15.13.53:141][292]LogSavePackage: Moving '../../../../../../Users/jcy/Documents/GitHub/UNNAMED/UNNAMED/Saved/ThirdPersonGameMode56A168234296582C278A2E8573F4A72A.tmp' to '../../../../../../Users/jcy/Documents/GitHub/UNNAMED/UNNAMED/Content/ThirdPersonBP/Blueprints/ThirdPersonGameMode.uasset'
[2016.10.27-15.13.53:145][292]LogSavePackage:Display: Finished SavePackage ../../../../../../Users/jcy/Documents/GitHub/UNNAMED/UNNAMED/Content/ThirdPersonBP/Blueprints/ThirdPersonGameMode.uasset
[2016.10.27-15.22.44:595][155]LogFileHelpers: Editor autosave (incl. sublevels) for '/Game/ThirdPersonBP/Maps/ThirdPersonExampleMap' took 0.131
[2016.10.27-15.22.44:600][155]OBJ SavePackage: Generating thumbnails for [0] asset(s) in package [/Game/ThirdPersonBP/Blueprints/ThirdPersonGameMode] ([1] browsable assets)...
[2016.10.27-15.22.44:600][155]OBJ SavePackage: Finished generating thumbnails for package [/Game/ThirdPersonBP/Blueprints/ThirdPersonGameMode]
[2016.10.27-15.22.44:817][155]LogSavePackage: Save=116.48ms
[2016.10.27-15.22.44:817][155]LogSavePackage: Moving '../../../../../../Users/jcy/Documents/GitHub/UNNAMED/UNNAMED/Saved/ThirdPersonGameMode_Auto1AF18121D4EFA7555D58DEE9229C2D59B.tmp' to '../../../../../../Users/jcy/Documents/GitHub/UNNAMED/UNNAMED/Saved/Autosaves/Game/ThirdPersonBP/Blueprints/ThirdPersonGameMode_Auto1.uasset'
[2016.10.27-15.22.44:820][155]LogSavePackage:Display: Finished SavePackage ../../../../../../Users/jcy/Documents/GitHub/UNNAMED/UNNAMED/Saved/Autosaves/Game/ThirdPersonBP/Blueprints/ThirdPersonGameMode_Auto1.uasset
[2016.10.27-15.22.44:820][155]LogFileHelpers: Auto-saving content packages took 0.224
[2016.10.27-15.27.58:404][224]BlueprintLog: New page: Compile ThirdPersonGameMode
[2016.10.27-15.27.58:582][224]BlueprintEditorCompileResults: Info [0945.32] Compile of ThirdPersonGameMode successful! [in 178 ms] (/Game/ThirdPersonBP/Blueprints/ThirdPersonGameMode.ThirdPersonGameMode)
[2016.10.27-15.28.03:639][342]LogSavePackage: Save=81.41ms
[2016.10.27-15.28.03:639][342]LogSavePackage: Moving '../../../../../../Users/jcy/Documents/GitHub/UNNAMED/UNNAMED/Saved/ThirdPersonGameMode804B661044BB64C39F8BE98D8643C158.tmp' to '../../../../../../Users/jcy/Documents/GitHub/UNNAMED/UNNAMED/Content/ThirdPersonBP/Blueprints/ThirdPersonGameMode.uasset'
[2016.10.27-15.28.03:643][342]LogSavePackage:Display: Finished SavePackage ../../../../../../Users/jcy/Documents/GitHub/UNNAMED/UNNAMED/Content/ThirdPersonBP/Blueprints/ThirdPersonGameMode.uasset
[2016.10.27-15.28.03:860][342]LogWindowsTextInputMethodSystem:Display: IME system now activated using TSF (Microsoft 입력기).
[2016.10.27-15.28.04:124][343]Cmd: QUIT_EDITOR
[2016.10.27-15.28.04:757][343]LogExit: Preparing to exit.
[2016.10.27-15.28.06:005][343]LogExit: Editor shut down
[2016.10.27-15.28.06:007][343]LogExit: Transaction tracking system shut down
[2016.10.27-15.28.06:333][343]LogObj: Freed 0b from 0 cluster array pools.
[2016.10.27-15.28.06:336][343]LogExit: Object subsystem successfully closed.
[2016.10.27-15.28.06:371][343]LogD3D11RHI: Shutdown
[2016.10.27-15.28.06:371][343]LogD3D11RHI: CleanupD3DDevice
[2016.10.27-15.28.06:486][343]LogD3D11RHI: ~FD3D11DynamicRHI
[2016.10.27-15.28.06:516][343]LogModuleManager: Shutting down and abandoning module MovieSceneCapture (215)
[2016.10.27-15.28.06:516][343]LogModuleManager: Shutting down and abandoning module BlueprintGraph (214)
[2016.10.27-15.28.06:516][343]LogModuleManager: Shutting down and abandoning module HierarchicalLODOutliner (213)
[2016.10.27-15.28.06:516][343]LogModuleManager: Shutting down and abandoning module CrashTracker (212)
[2016.10.27-15.28.06:516][343]LogModuleManager: Shutting down and abandoning module SceneOutliner (211)
[2016.10.27-15.28.06:516][343]LogModuleManager: Shutting down and abandoning module WidgetCarousel (210)
[2016.10.27-15.28.06:516][343]LogModuleManager: Shutting down and abandoning module AddContentDialog (209)
[2016.10.27-15.28.06:523][343]LogModuleManager: Shutting down and abandoning module GameplayTags (208)
[2016.10.27-15.28.06:523][343]LogModuleManager: Shutting down and abandoning module EditorWidgets (207)
[2016.10.27-15.28.06:523][343]LogModuleManager: Shutting down and abandoning module CollectionManager (206)
[2016.10.27-15.28.06:523][343]LogModuleManager: Shutting down and abandoning module StatsViewer (205)
[2016.10.27-15.28.06:523][343]LogModuleManager: Shutting down and abandoning module FoliageEdit (204)
[2016.10.27-15.28.06:523][343]LogModuleManager: Shutting down and abandoning module LandscapeEditor (203)
[2016.10.27-15.28.06:524][343]LogModuleManager: Shutting down and abandoning module SceneDepthPickerMode (202)
[2016.10.27-15.28.06:524][343]LogModuleManager: Shutting down and abandoning module ActorPickerMode (201)
[2016.10.27-15.28.06:524][343]LogModuleManager: Shutting down and abandoning module GeometryMode (200)
[2016.10.27-15.28.06:524][343]LogModuleManager: Shutting down and abandoning module TextureAlignMode (199)
[2016.10.27-15.28.06:524][343]LogModuleManager: Shutting down and abandoning module BspMode (198)
[2016.10.27-15.28.06:524][343]LogModuleManager: Shutting down and abandoning module HardwareSurvey (197)
[2016.10.27-15.28.06:524][343]LogModuleManager: Shutting down and abandoning module SequenceRecorderSections (196)
[2016.10.27-15.28.06:524][343]LogModuleManager: Shutting down and abandoning module SequenceRecorder (195)
[2016.10.27-15.28.06:524][343]LogModuleManager: Shutting down and abandoning module AutomationWorker (194)
[2016.10.27-15.28.06:524][343]LogModuleManager: Shutting down and abandoning module MatineeToLevelSequence (193)
[2016.10.27-15.28.06:524][343]LogModuleManager: Shutting down and abandoning module PlacementMode (192)
[2016.10.27-15.28.06:524][343]LogModuleManager: Shutting down and abandoning module LevelSequenceEditor (191)
[2016.10.27-15.28.06:524][343]LogModuleManager: Shutting down and abandoning module CharacterAI (190)
[2016.10.27-15.28.06:524][343]LogModuleManager: Shutting down and abandoning module SmartSnapping (189)
[2016.10.27-15.28.06:524][343]LogModuleManager: Shutting down and abandoning module SessionServices (188)
[2016.10.27-15.28.06:524][343]LogModuleManager: Shutting down and abandoning module ViewportSnapping (187)
[2016.10.27-15.28.06:524][343]LogModuleManager: Shutting down and abandoning module LogVisualizer (186)
[2016.10.27-15.28.06:524][343]LogModuleManager: Shutting down and abandoning module GameProjectGeneration (185)
[2016.10.27-15.28.06:524][343]LogModuleManager: Shutting down and abandoning module IntroTutorials (184)
[2016.10.27-15.28.06:525][343]LogModuleManager: Shutting down and abandoning module EditorLiveStreaming (183)
[2016.10.27-15.28.06:525][343]LogModuleManager: Shutting down and abandoning module IOSPlatformEditor (182)
[2016.10.27-15.28.06:525][343]LogModuleManager: Shutting down and abandoning module HTML5PlatformEditor (181)
[2016.10.27-15.28.06:525][343]LogModuleManager: Shutting down and abandoning module AndroidDeviceDetection (180)
[2016.10.27-15.28.06:538][343]LogModuleManager: Shutting down and abandoning module AndroidPlatformEditor (179)
[2016.10.27-15.28.06:538][343]LogModuleManager: Shutting down and abandoning module IOSRuntimeSettings (178)
[2016.10.27-15.28.06:538][343]LogModuleManager: Shutting down and abandoning module AndroidRuntimeSettings (177)
[2016.10.27-15.28.06:538][343]LogModuleManager: Shutting down and abandoning module MergeActors (176)
[2016.10.27-15.28.06:538][343]LogModuleManager: Shutting down and abandoning module SizeMap (175)
[2016.10.27-15.28.06:538][343]LogModuleManager: Shutting down and abandoning module TreeMap (174)
[2016.10.27-15.28.06:538][343]LogModuleManager: Shutting down and abandoning module ReferenceViewer (173)
[2016.10.27-15.28.06:538][343]LogModuleManager: Shutting down and abandoning module LocalizationService (172)
[2016.10.27-15.28.06:538][343]LogModuleManager: Shutting down and abandoning module LocalizationDashboard (171)
[2016.10.27-15.28.06:538][343]LogModuleManager: Shutting down and abandoning module HardwareTargeting (170)
[2016.10.27-15.28.06:538][343]LogModuleManager: Shutting down and abandoning module DeviceProfileEditor (169)
[2016.10.27-15.28.06:538][343]LogModuleManager: Shutting down and abandoning module UndoHistory (168)
[2016.10.27-15.28.06:538][343]LogModuleManager: Shutting down and abandoning module UserFeedback (167)
[2016.10.27-15.28.06:538][343]LogModuleManager: Shutting down and abandoning module XmlParser (166)
[2016.10.27-15.28.06:538][343]LogModuleManager: Shutting down and abandoning module Blutility (165)
[2016.10.27-15.28.06:538][343]LogModuleManager: Shutting down and abandoning module ProjectTargetPlatformEditor (164)
[2016.10.27-15.28.06:538][343]LogModuleManager: Shutting down and abandoning module ProjectSettingsViewer (163)
[2016.10.27-15.28.06:539][343]LogModuleManager: Shutting down and abandoning module InputBindingEditor (162)
[2016.10.27-15.28.06:539][343]LogModuleManager: Shutting down and abandoning module EditorSettingsViewer (161)
[2016.10.27-15.28.06:539][343]LogModuleManager: Shutting down and abandoning module SettingsEditor (160)
[2016.10.27-15.28.06:539][343]LogModuleManager: Shutting down and abandoning module ProjectLauncher (159)
[2016.10.27-15.28.06:539][343]LogModuleManager: Shutting down and abandoning module SessionFrontend (158)
[2016.10.27-15.28.06:539][343]LogModuleManager: Shutting down and abandoning module ProfilerClient (157)
[2016.10.27-15.28.06:539][343]LogModuleManager: Shutting down and abandoning module TargetDeviceServices (156)
[2016.10.27-15.28.06:539][343]LogModuleManager: Shutting down and abandoning module DeviceManager (155)
[2016.10.27-15.28.06:582][343]LogModuleManager: Shutting down and abandoning module AutomationController (154)
[2016.10.27-15.28.06:582][343]LogModuleManager: Shutting down and abandoning module AutomationWindow (153)
[2016.10.27-15.28.06:582][343]LogModuleManager: Shutting down and abandoning module Layers (152)
[2016.10.27-15.28.06:582][343]LogModuleManager: Shutting down and abandoning module ComponentVisualizers (151)
[2016.10.27-15.28.06:582][343]LogModuleManager: Shutting down and abandoning module DetailCustomizations (150)
[2016.10.27-15.28.06:582][343]LogModuleManager: Shutting down and abandoning module PackagesDialog (149)
[2016.10.27-15.28.06:582][343]LogModuleManager: Shutting down and abandoning module Persona (148)
[2016.10.27-15.28.06:583][343]LogModuleManager: Shutting down and abandoning module Kismet (147)
[2016.10.27-15.28.06:583][343]LogModuleManager: Shutting down and abandoning module GraphEditor (146)
[2016.10.27-15.28.06:583][343]LogModuleManager: Shutting down and abandoning module ClassViewer (145)
[2016.10.27-15.28.06:583][343]LogModuleManager: Shutting down and abandoning module Toolbox (144)
[2016.10.27-15.28.06:583][343]LogModuleManager: Shutting down and abandoning module ModuleUI (143)
[2016.10.27-15.28.06:583][343]LogModuleManager: Shutting down and abandoning module MovieSceneTools (142)
[2016.10.27-15.28.06:583][343]LogModuleManager: Shutting down and abandoning module OutputLog (141)
[2016.10.27-15.28.06:583][343]LogModuleManager: Shutting down and abandoning module GammaUI (140)
[2016.10.27-15.28.06:583][343]LogModuleManager: Shutting down and abandoning module Documentation (139)
[2016.10.27-15.28.06:583][343]LogModuleManager: Shutting down and abandoning module StreamingPauseRendering (138)
[2016.10.27-15.28.06:583][343]LogModuleManager: Shutting down and abandoning module AnalyticsET (137)
[2016.10.27-15.28.06:583][343]LogModuleManager: Shutting down and abandoning module Analytics (136)
[2016.10.27-15.28.06:583][343]LogModuleManager: Shutting down and abandoning module PortalServices (135)
[2016.10.27-15.28.06:583][343]LogModuleManager: Shutting down and abandoning module PortalRpc (134)
[2016.10.27-15.28.06:583][343]LogModuleManager: Shutting down and abandoning module MessagingRpc (133)
[2016.10.27-15.28.06:583][343]LogModuleManager: Shutting down and abandoning module GameplayDebugger (132)
[2016.10.27-15.28.06:583][343]LogModuleManager: Shutting down and abandoning module AITestSuite (131)
[2016.10.27-15.28.06:583][343]LogModuleManager: Shutting down and abandoning module AIModule (130)
[2016.10.27-15.28.06:583][343]LogModuleManager: Shutting down and abandoning module ProfilerService (129)
[2016.10.27-15.28.06:644][343]LogModuleManager: Shutting down and abandoning module TaskGraph (128)
[2016.10.27-15.28.06:644][343]LogModuleManager: Shutting down and abandoning module SlateRemote (127)
[2016.10.27-15.28.06:644][343]LogModuleManager: Shutting down and abandoning module SteamVRController (126)
[2016.10.27-15.28.06:644][343]LogModuleManager: Shutting down and abandoning module SteamVR (125)
[2016.10.27-15.28.06:644][343]LogModuleManager: Shutting down and abandoning module ProceduralMeshComponent (124)
[2016.10.27-15.28.06:644][343]LogModuleManager: Shutting down and abandoning module OculusLibrary (123)
[2016.10.27-15.28.06:644][343]LogModuleManager: Shutting down and abandoning module OculusInput (122)
[2016.10.27-15.28.06:644][343]LogModuleManager: Shutting down and abandoning module CustomMeshComponent (121)
[2016.10.27-15.28.06:644][343]LogModuleManager: Shutting down and abandoning module CableComponent (120)
[2016.10.27-15.28.06:644][343]LogModuleManager: Shutting down and abandoning module ArchVisCharacter (119)
[2016.10.27-15.28.06:644][343]LogModuleManager: Shutting down and abandoning module MediaPlayerEditor (118)
[2016.10.27-15.28.06:644][343]LogModuleManager: Shutting down and abandoning module HTML5Networking (117)
[2016.10.27-15.28.06:644][343]LogModuleManager: Shutting down and abandoning module SuperSearch (116)
[2016.10.27-15.28.06:644][343]LogModuleManager: Shutting down and abandoning module SuperSearchEditor (115)
[2016.10.27-15.28.06:644][343]LogModuleManager: Shutting down and abandoning module SpeedTreeImporter (114)
[2016.10.27-15.28.06:644][343]LogModuleManager: Shutting down and abandoning module PluginBrowser (113)
[2016.10.27-15.28.06:645][343]LogModuleManager: Shutting down and abandoning module EpicSurvey (112)
[2016.10.27-15.28.06:645][343]LogModuleManager: Shutting down and abandoning module DesktopPlatform (111)
[2016.10.27-15.28.06:645][343]LogModuleManager: Shutting down and abandoning module VisualStudioSourceCodeAccess (110)
[2016.10.27-15.28.06:645][343]LogModuleManager: Shutting down and abandoning module UObjectPlugin (109)
[2016.10.27-15.28.06:645][343]LogModuleManager: Shutting down and abandoning module SubversionSourceControl (108)
[2016.10.27-15.28.06:645][343]LogModuleManager: Shutting down and abandoning module PerforceSourceControl (107)
[2016.10.27-15.28.06:645][343]LogModuleManager: Shutting down and abandoning module SourceControl (106)
[2016.10.27-15.28.06:645][343]LogModuleManager: Shutting down and abandoning module GitSourceControl (105)
[2016.10.27-15.28.06:645][343]LogModuleManager: Shutting down and abandoning module LightPropagationVolumeEditor (104)
[2016.10.27-15.28.06:645][343]LogModuleManager: Shutting down and abandoning module PaperTiledImporter (103)
[2016.10.27-15.28.06:645][343]LogModuleManager: Shutting down and abandoning module PaperSpriteSheetImporter (102)
[2016.10.27-15.28.06:645][343]LogModuleManager: Shutting down and abandoning module MeshPaint (101)
[2016.10.27-15.28.06:645][343]LogModuleManager: Shutting down and abandoning module PixelInspectorModule (100)
[2016.10.27-15.28.06:645][343]LogModuleManager: Shutting down and abandoning module HotReload (99)
[2016.10.27-15.28.06:645][343]LogModuleManager: Shutting down and abandoning module MainFrame (98)
[2016.10.27-15.28.06:645][343]LogModuleManager: Shutting down and abandoning module LevelEditor (97)
[2016.10.27-15.28.06:646][343]LogModuleManager: Shutting down and abandoning module ContentBrowser (96)
[2016.10.27-15.28.06:648][343]LogModuleManager: Shutting down and abandoning module Paper2DEditor (95)
[2016.10.27-15.28.06:648][343]LogModuleManager: Shutting down and abandoning module UdpMessaging (94)
[2016.10.27-15.28.06:749][343]LogModuleManager: Shutting down and abandoning module LightPropagationVolumeRuntime (93)
[2016.10.27-15.28.06:749][343]LogModuleManager: Shutting down and abandoning module Paper2D (92)
[2016.10.27-15.28.06:749][343]LogModuleManager: Shutting down and abandoning module WindowsMoviePlayer (91)
[2016.10.27-15.28.06:749][343]LogModuleManager: Shutting down and abandoning module Media (90)
[2016.10.27-15.28.06:749][343]LogModuleManager: Shutting down and abandoning module WmfMedia (89)
[2016.10.27-15.28.06:750][343]LogModuleManager: Shutting down and abandoning module MediaAssets (88)
[2016.10.27-15.28.06:750][343]LogModuleManager: Shutting down and abandoning module GameLiveStreaming (87)
[2016.10.27-15.28.06:750][343]LogModuleManager: Shutting down and abandoning module GameplayTagsEditor (86)
[2016.10.27-15.28.06:750][343]LogModuleManager: Shutting down and abandoning module OnlineBlueprintSupport (85)
[2016.10.27-15.28.06:750][343]LogModuleManager: Shutting down and abandoning module VREditor (84)
[2016.10.27-15.28.06:750][343]LogModuleManager: Shutting down and abandoning module GameplayTasksEditor (83)
[2016.10.27-15.28.06:750][343]LogModuleManager: Shutting down and abandoning module PropertyEditor (82)
[2016.10.27-15.28.06:750][343]LogModuleManager: Shutting down and abandoning module BehaviorTreeEditor (81)
[2016.10.27-15.28.06:750][343]LogModuleManager: Shutting down and abandoning module FunctionalTesting (80)
[2016.10.27-15.28.06:750][343]LogModuleManager: Shutting down and abandoning module CollisionAnalyzer (79)
[2016.10.27-15.28.06:750][343]LogModuleManager: Shutting down and abandoning module Sequencer (78)
[2016.10.27-15.28.06:750][343]LogModuleManager: Shutting down and abandoning module WorkspaceMenuStructure (77)
[2016.10.27-15.28.06:750][343]LogModuleManager: Shutting down and abandoning module MessageLog (76)
[2016.10.27-15.28.06:750][343]LogModuleManager: Shutting down and abandoning module AssetTools (75)
[2016.10.27-15.28.06:750][343]LogModuleManager: Shutting down and abandoning module UMGEditor (74)
[2016.10.27-15.28.06:750][343]LogModuleManager: Shutting down and abandoning module UMG (73)
[2016.10.27-15.28.06:750][343]LogModuleManager: Shutting down and abandoning module SlateReflector (72)
[2016.10.27-15.28.06:750][343]LogModuleManager: Shutting down and abandoning module Slate (71)
[2016.10.27-15.28.06:750][343]LogModuleManager: Shutting down and abandoning module EditorStyle (70)
[2016.10.27-15.28.06:754][343]LogModuleManager: Shutting down and abandoning module SourceCodeAccess (69)
[2016.10.27-15.28.06:754][343]LogModuleManager: Shutting down and abandoning module HeadMountedDisplay (68)
[2016.10.27-15.28.06:754][343]LogModuleManager: Shutting down and abandoning module XAudio2 (67)
[2016.10.27-15.28.06:754][343]LogModuleManager: Shutting down and abandoning module Networking (65)
[2016.10.27-15.28.06:754][343]LogModuleManager: Shutting down and abandoning module Core (64)
[2016.10.27-15.28.06:754][343]LogModuleManager: Shutting down and abandoning module DirectoryWatcher (63)
[2016.10.27-15.28.06:759][343]LogModuleManager: Shutting down and abandoning module AssetRegistry (62)
[2016.10.27-15.28.06:894][343]LogModuleManager: Shutting down and abandoning module KismetCompiler (61)
[2016.10.27-15.28.06:894][343]LogModuleManager: Shutting down and abandoning module PhysXFormats (60)
[2016.10.27-15.28.06:894][343]LogModuleManager: Shutting down and abandoning module MeshUtilities (59)
[2016.10.27-15.28.06:894][343]LogModuleManager: Shutting down and abandoning module DerivedDataCache (58)
[2016.10.27-15.28.06:966][343]LogDerivedDataCache: Shutdown
[2016.10.27-15.28.06:966][343]LogModuleManager: Shutting down and abandoning module VulkanShaderFormat (57)
[2016.10.27-15.28.06:966][343]LogModuleManager: Shutting down and abandoning module ShaderFormatOpenGL (56)
[2016.10.27-15.28.06:966][343]LogModuleManager: Shutting down and abandoning module ShaderFormatD3D (55)
[2016.10.27-15.28.06:966][343]LogModuleManager: Shutting down and abandoning module MetalShaderFormat (54)
[2016.10.27-15.28.06:966][343]LogModuleManager: Shutting down and abandoning module TextureFormatUncompressed (53)
[2016.10.27-15.28.06:966][343]LogModuleManager: Shutting down and abandoning module TextureFormatPVR (52)
[2016.10.27-15.28.06:966][343]LogModuleManager: Shutting down and abandoning module TextureFormatIntelISPCTexComp (51)
[2016.10.27-15.28.06:967][343]LogModuleManager: Shutting down and abandoning module TextureFormatDXT (50)
[2016.10.27-15.28.06:967][343]LogModuleManager: Shutting down and abandoning module ImageWrapper (49)
[2016.10.27-15.28.06:967][343]LogModuleManager: Shutting down and abandoning module TextureFormatASTC (48)
[2016.10.27-15.28.06:967][343]LogModuleManager: Shutting down and abandoning module TextureFormatAndroid (47)
[2016.10.27-15.28.06:967][343]LogModuleManager: Shutting down and abandoning module AudioFormatOpus (46)
[2016.10.27-15.28.06:967][343]LogModuleManager: Shutting down and abandoning module AudioFormatOgg (45)
[2016.10.27-15.28.06:967][343]LogModuleManager: Shutting down and abandoning module AudioFormatADPCM (44)
[2016.10.27-15.28.06:967][343]LogModuleManager: Shutting down and abandoning module LinuxTargetPlatform (43)
[2016.10.27-15.28.06:967][343]LogModuleManager: Shutting down and abandoning module LinuxServerTargetPlatform (42)
[2016.10.27-15.28.06:967][343]LogModuleManager: Shutting down and abandoning module LinuxNoEditorTargetPlatform (41)
[2016.10.27-15.28.06:967][343]LogModuleManager: Shutting down and abandoning module TVOSTargetPlatform (40)
[2016.10.27-15.28.06:967][343]LogModuleManager: Shutting down and abandoning module Messaging (39)
[2016.10.27-15.28.06:967][343]LogModuleManager: Shutting down and abandoning module IOSTargetPlatform (38)
[2016.10.27-15.28.06:967][343]LogModuleManager: Shutting down and abandoning module HTML5TargetPlatform (37)
[2016.10.27-15.28.06:967][343]LogModuleManager: Shutting down and abandoning module Android_PVRTCTargetPlatform (36)
[2016.10.27-15.28.06:967][343]LogModuleManager: Shutting down and abandoning module Android_MultiTargetPlatform (35)
[2016.10.27-15.28.06:967][343]LogModuleManager: Shutting down and abandoning module Android_ETC2TargetPlatform (34)
[2016.10.27-15.28.06:967][343]LogModuleManager: Shutting down and abandoning module Android_ETC1TargetPlatform (33)
[2016.10.27-15.28.06:967][343]LogModuleManager: Shutting down and abandoning module Android_DXTTargetPlatform (32)
[2016.10.27-15.28.06:967][343]LogModuleManager: Shutting down and abandoning module Android_ATCTargetPlatform (31)
[2016.10.27-15.28.06:967][343]LogModuleManager: Shutting down and abandoning module Android_ASTCTargetPlatform (30)
[2016.10.27-15.28.06:967][343]LogModuleManager: Shutting down and abandoning module AndroidTargetPlatform (29)
[2016.10.27-15.28.06:967][343]LogModuleManager: Shutting down and abandoning module WindowsTargetPlatform (28)
[2016.10.27-15.28.06:967][343]LogModuleManager: Shutting down and abandoning module WindowsServerTargetPlatform (27)
[2016.10.27-15.28.06:967][343]LogModuleManager: Shutting down and abandoning module WindowsNoEditorTargetPlatform (26)
[2016.10.27-15.28.06:967][343]LogModuleManager: Shutting down and abandoning module WindowsClientTargetPlatform (25)
[2016.10.27-15.28.06:967][343]LogModuleManager: Shutting down and abandoning module AllDesktopTargetPlatform (24)
[2016.10.27-15.28.06:967][343]LogModuleManager: Shutting down and abandoning module TargetPlatform (23)
[2016.10.27-15.28.06:967][343]LogModuleManager: Shutting down and abandoning module InputCore (22)
[2016.10.27-15.28.06:967][343]LogModuleManager: Shutting down and abandoning module Settings (21)
[2016.10.27-15.28.06:967][343]LogModuleManager: Shutting down and abandoning module OnlineSubsystem (19)
[2016.10.27-15.28.06:967][343]LogModuleManager: Shutting down and abandoning module HTTP (18)
[2016.10.27-15.28.08:470][343]LogModuleManager: Shutting down and abandoning module XMPP (17)
[2016.10.27-15.28.08:470][343]LogModuleManager: Shutting down and abandoning module OculusRift (16)
[2016.10.27-15.28.08:470][343]LogModuleManager: Shutting down and abandoning module ExampleDeviceProfileSelector (15)
[2016.10.27-15.28.08:470][343]LogModuleManager: Shutting down and abandoning module TextureCompressor (14)
[2016.10.27-15.28.08:470][343]LogModuleManager: Shutting down and abandoning module ShaderCore (13)
[2016.10.27-15.28.08:470][343]LogModuleManager: Shutting down and abandoning module Landscape (12)
[2016.10.27-15.28.08:470][343]LogModuleManager: Shutting down and abandoning module SlateRHIRenderer (11)
[2016.10.27-15.28.08:496][343]LogModuleManager: Shutting down and abandoning module OpenGLDrv (10)
[2016.10.27-15.28.08:496][343]LogModuleManager: Shutting down and abandoning module D3D11RHI (9)
[2016.10.27-15.28.08:496][343]LogModuleManager: Shutting down and abandoning module AnimGraphRuntime (8)
[2016.10.27-15.28.08:496][343]LogModuleManager: Shutting down and abandoning module Renderer (7)
[2016.10.27-15.28.08:496][343]LogModuleManager: Shutting down and abandoning module Engine (6)
[2016.10.27-15.28.08:496][343]LogModuleManager: Shutting down and abandoning module CoreUObject (5)
[2016.10.27-15.28.08:496][343]LogModuleManager: Shutting down and abandoning module NetworkFile (4)
[2016.10.27-15.28.08:496][343]LogModuleManager: Shutting down and abandoning module StreamingFile (3)
[2016.10.27-15.28.08:496][343]LogModuleManager: Shutting down and abandoning module SandboxFile (2)
[2016.10.27-15.28.08:496][343]LogModuleManager: Shutting down and abandoning module PakFile (1)
[2016.10.27-15.28.08:498][343]LogExit: Exiting.
[2016.10.27-15.28.08:503][343]Log file closed, 10/28/16 00:28:08
