Log file open, 11/11/16 22:19:16
LogInit:Display: Running engine for game: UNNAMED
LogPlatformFile: Not using cached read wrapper
LogInit:Display: RandInit(1373624569) SRandInit(1373624571).
LogTaskGraph: Started task graph with 4 named threads and 7 total threads with 1 sets of task threads.
LogStats: Stats thread started at 0.187885
LogInit: Version: 4.12.5-3039270+++UE4+Release-4.12
LogInit: API Version: 2992821
LogInit: Net Version: 3039270
LogDevObjectVersion: Number of dev versions registered: 13
LogDevObjectVersion:   Dev-Blueprints (B0D832E4-1F89-4F0D-ACCF-7EB736FD4AA2): 3
LogDevObjectVersion:   Dev-Build (E1C64328-A22C-4D53-A36C-8E866417BD8C): 0
LogDevObjectVersion:   Dev-Core (375EC13C-06E4-48FB-B500-84F0262A717E): 1
LogDevObjectVersion:   Dev-Editor (E4B068ED-F494-42E9-A231-DA0B2E46BB41): 2
LogDevObjectVersion:   Dev-Framework (CFFC743F-43B0-4480-9391-14DF171D2073): 6
LogDevObjectVersion:   Dev-Mobile (B02B49B5-BB20-44E9-A304-32B752E40360): 0
LogDevObjectVersion:   Dev-Networking (A4E4105C-59A1-49B5-A7C5-40C4547EDFEE): 0
LogDevObjectVersion:   Dev-Online (39C831C9-5AE6-47DC-9A44-9C173E1C8E7C): 0
LogDevObjectVersion:   Dev-Physics (78F01B33-EBEA-4F98-B9B4-84EACCB95AA2): 0
LogDevObjectVersion:   Dev-Platform (6631380F-2D4D-43E0-8009-CF276956A95A): 0
LogDevObjectVersion:   Dev-Rendering (12F88B9F-8875-4AFC-A67C-D90C383ABD29): 2
LogDevObjectVersion:   Dev-Sequencer (7B5AE74C-D270-4C10-A958-57980B212A5A): 0
LogDevObjectVersion:   Dev-VR (D7296918-1DD6-4BDD-9DE2-64A83CC13884): 0
LogInit: Compiled (64-bit): Jul  6 2016 09:09:46
LogInit: Compiled with Visual C++: 19.00.23026.00
LogInit: Build Configuration: Development
LogInit: Branch Name: ++UE4+Release-4.12
LogInit: Command line:  
LogInit: Base directory: C:/Program Files (x86)/Epic Games/4.12/Engine/Binaries/Win64/
LogInit: Installed Engine Build: 1
LogInit: Using libcurl 7.41.0
LogInit:  - built for x86_64-pc-win32
LogInit:  - supports SSL with WinSSL
LogInit:  - other features:
LogInit:      CURL_VERSION_SSL
LogInit:      CURL_VERSION_IPV6
LogInit:      CURL_VERSION_ASYNCHDNS
LogInit:      CURL_VERSION_LARGEFILE
LogInit:      CURL_VERSION_IDN
LogInit:  CurlRequestOptions (configurable via config and command line):
LogInit:  - bVerifyPeer = true  - Libcurl will verify peer certificate
LogInit:  - bUseHttpProxy = false  - Libcurl will NOT use HTTP proxy
LogInit:  - bDontReuseConnections = false  - Libcurl will reuse connections
LogInit:  - CertBundlePath = nullptr  - Libcurl will use whatever was configured at build time.
LogInit: Presizing for max 8388607 objects, including 0 objects not considered by GC, pre-allocating 0 bytes for permanent pool.
LogInit: Object subsystem initialized
[2016.11.11-13.19.16:554][  0]LogInit: Selected Device Profile: [Windows]
[2016.11.11-13.19.16:554][  0]LogInit: Applying CVar settings loaded from the selected device profile: [Windows]
[2016.11.11-13.19.16:575][  0]LogInit: Computer: DESKTOP-5I3HB32
[2016.11.11-13.19.16:575][  0]LogInit: User: jcy
[2016.11.11-13.19.16:575][  0]LogInit: CPU Page size=65536, Cores=4
[2016.11.11-13.19.16:575][  0]LogInit: High frequency timer resolution =2.533208 MHz
[2016.11.11-13.19.16:575][  0]LogMemory: Memory total: Physical=7.9GB (8GB approx)
[2016.11.11-13.19.16:575][  0]LogMemory: Platform Memory Stats for Windows
[2016.11.11-13.19.16:575][  0]LogMemory: Process Physical Memory: 190.91 MB used, 190.91 MB peak
[2016.11.11-13.19.16:575][  0]LogMemory: Process Virtual Memory: 195.27 MB used, 195.27 MB peak
[2016.11.11-13.19.16:575][  0]LogMemory: Physical Memory: 4590.34 MB used, 8113.86 MB total
[2016.11.11-13.19.16:575][  0]LogMemory: Virtual Memory: 553.27 MB used, 134217728.00 MB total
[2016.11.11-13.19.18:032][  0]LogD3D11RHI: D3D11 adapters:
[2016.11.11-13.19.18:776][  0]LogD3D11RHI:    0. 'NVIDIA GeForce GTX 960M' (Feature Level 11_0)
[2016.11.11-13.19.18:776][  0]LogD3D11RHI:       2018/0/4056 MB DedicatedVideo/DedicatedSystem/SharedSystem, Outputs:3, VendorId:0x10de
[2016.11.11-13.19.18:825][  0]LogD3D11RHI:    1. 'Intel(R) HD Graphics 4600' (Feature Level 11_0)
[2016.11.11-13.19.18:825][  0]LogD3D11RHI:       112/0/2048 MB DedicatedVideo/DedicatedSystem/SharedSystem, Outputs:0, VendorId:0x8086
[2016.11.11-13.19.18:828][  0]LogD3D11RHI:    2. 'Microsoft Basic Render Driver' (Feature Level 11_0)
[2016.11.11-13.19.18:828][  0]LogD3D11RHI:       0/0/4056 MB DedicatedVideo/DedicatedSystem/SharedSystem, Outputs:0, VendorId:0x1414
[2016.11.11-13.19.18:828][  0]LogD3D11RHI: Chosen D3D11 Adapter: 0
[2016.11.11-13.19.18:838][  0]LogD3D11RHI: Creating new Direct3DDevice
[2016.11.11-13.19.18:838][  0]LogD3D11RHI:     GPU DeviceId: 0x139b (for the marketing name, search the web for "GPU Device Id")
[2016.11.11-13.19.18:838][  0]LogWindows: EnumDisplayDevices:
[2016.11.11-13.19.18:838][  0]LogWindows:    0. 'Intel(R) HD Graphics 4600' (P:1 D:1)
[2016.11.11-13.19.18:839][  0]LogWindows:    1. 'Intel(R) HD Graphics 4600' (P:0 D:1)
[2016.11.11-13.19.18:839][  0]LogWindows:    2. 'Intel(R) HD Graphics 4600' (P:0 D:1)
[2016.11.11-13.19.18:839][  0]LogWindows: DebugString: PrimaryIsNotTheChoosenAdapter PrimaryIsNotTheChoosenAdapter PrimaryIsNotTheChoosenAdapter FoundDriverCount:0 
[2016.11.11-13.19.18:839][  0]LogD3D11RHI:     Adapter Name: NVIDIA GeForce GTX 960M
[2016.11.11-13.19.18:839][  0]LogD3D11RHI:   Driver Version: Unknown (internal:Unknown, unified:Unknown)
[2016.11.11-13.19.18:839][  0]LogD3D11RHI:      Driver Date: Unknown
[2016.11.11-13.19.18:839][  0]LogRHI: Texture pool is 1361 MB (70% of 1945 MB)
[2016.11.11-13.19.19:588][  0]LogD3D11RHI: Async texture creation enabled
[2016.11.11-13.19.19:852][  0]LogD3D11RHI: GPU Timing Frequency: 1000.000000 (Debug: 2 1)
[2016.11.11-13.19.19:853][  0]LogShaderCompilers: Guid format shader working directory is -15 characters bigger than the processId version (../../../../../../Users/jcy/Documents/GitHub/UNNAMED/UNNAMED/Intermediate/Shaders/WorkingDirectory/748/).
[2016.11.11-13.19.19:853][  0]LogShaderCompilers: Cleaned the shader compiler working directory 'C:/Users/jcy/AppData/Local/Temp/UnrealShaderWorkingDir/A959C2B0465918924B60F1932BDF1EE7/'.
[2016.11.11-13.19.19:854][  0]LogShaderCompilers:Display: Using Local Shader Compiler.
[2016.11.11-13.19.25:354][  0]LogTemp:Display: Loaded TP AllDesktopTargetPlatform
[2016.11.11-13.19.25:365][  0]LogTemp:Display: Loaded TP WindowsClientTargetPlatform
[2016.11.11-13.19.25:377][  0]LogTemp:Display: Loaded TP WindowsNoEditorTargetPlatform
[2016.11.11-13.19.25:388][  0]LogTemp:Display: Loaded TP WindowsServerTargetPlatform
[2016.11.11-13.19.25:399][  0]LogTemp:Display: Loaded TP WindowsTargetPlatform
[2016.11.11-13.19.25:409][  0]LogTemp:Display: Loaded TP AndroidTargetPlatform
[2016.11.11-13.19.25:418][  0]LogTemp:Display: Loaded TP Android_ASTCTargetPlatform
[2016.11.11-13.19.25:427][  0]LogTemp:Display: Loaded TP Android_ATCTargetPlatform
[2016.11.11-13.19.25:436][  0]LogTemp:Display: Loaded TP Android_DXTTargetPlatform
[2016.11.11-13.19.25:447][  0]LogTemp:Display: Loaded TP Android_ETC1TargetPlatform
[2016.11.11-13.19.25:464][  0]LogTemp:Display: Loaded TP Android_ETC2TargetPlatform
[2016.11.11-13.19.25:487][  0]LogTemp:Display: Loaded TP Android_MultiTargetPlatform
[2016.11.11-13.19.25:487][  0]LogTemp:Display: Loaded TP Android_PVRTCTargetPlatform
[2016.11.11-13.19.25:490][  0]LogTemp:Display: Loaded TP HTML5TargetPlatform
[2016.11.11-13.19.25:548][  0]LogTemp:Display: Loaded TP IOSTargetPlatform
[2016.11.11-13.19.25:556][  0]LogTemp:Display: Loaded TP TVOSTargetPlatform
[2016.11.11-13.19.25:567][  0]LogTemp:Display: Loaded TP LinuxNoEditorTargetPlatform
[2016.11.11-13.19.25:578][  0]LogTemp:Display: Loaded TP LinuxServerTargetPlatform
[2016.11.11-13.19.25:604][  0]LogTemp:Display: Loaded TP LinuxTargetPlatform
[2016.11.11-13.19.25:604][  0]LogTargetPlatformManager:Display: Building Assets For Windows
[2016.11.11-13.19.26:141][  0]LogDerivedDataCache:Display: Max Cache Size: 512 MB
[2016.11.11-13.19.26:837][  0]LogDerivedDataCache: Loaded boot cache 0.70s 50MB C:/Users/jcy/AppData/Local/UnrealEngine/4.12/DerivedDataCache/Boot.ddc.
[2016.11.11-13.19.26:837][  0]LogDerivedDataCache:Display: Loaded Boot cache: C:/Users/jcy/AppData/Local/UnrealEngine/4.12/DerivedDataCache/Boot.ddc
[2016.11.11-13.19.26:837][  0]LogDerivedDataCache: FDerivedDataBackendGraph:  Pak pak cache file ../../../../../../Users/jcy/Documents/GitHub/UNNAMED/UNNAMED/DerivedDataCache/DDC.ddp not found, will not use a pak cache.
[2016.11.11-13.19.26:837][  0]LogDerivedDataCache: Unable to find inner node Pak for hierarchical cache Hierarchy.
[2016.11.11-13.19.26:837][  0]LogDerivedDataCache: FDerivedDataBackendGraph:  CompressedPak pak cache file ../../../../../../Users/jcy/Documents/GitHub/UNNAMED/UNNAMED/DerivedDataCache/Compressed.ddp not found, will not use a pak cache.
[2016.11.11-13.19.26:837][  0]LogDerivedDataCache: Unable to find inner node CompressedPak for hierarchical cache Hierarchy.
[2016.11.11-13.19.26:872][  0]LogDerivedDataCache:Display: Pak cache opened for reading ../../../Engine/DerivedDataCache/Compressed.ddp.
[2016.11.11-13.19.26:886][  0]LogDerivedDataCache: Using Local data cache path C:/Users/jcy/AppData/Local/UnrealEngine/Common/DerivedDataCache: Writable
[2016.11.11-13.19.32:740][  0]LogInit: Selected Device Profile: [Windows]
[2016.11.11-13.19.32:754][  0]LogContentStreaming: Texture pool size is 0.00 MB
[2016.11.11-13.19.33:498][  0]LogMeshUtilities: No automatic mesh reduction module available
[2016.11.11-13.19.33:498][  0]LogMeshUtilities: No automatic mesh merging module available
[2016.11.11-13.19.33:498][  0]LogMeshUtilities: No distributed automatic mesh merging module available
[2016.11.11-13.19.36:436][  0]LogAssetRegistry: FAssetRegistry took 0.0238 seconds to start up
[2016.11.11-13.19.36:501][  0]LogPackageLocalizationCache: Processed 3 localized package path(s) for 1 prioritized culture(s) in 0.060979 seconds
[2016.11.11-13.19.36:507][  0]LogUObjectArray: 28739 objects as part of root set at end of initial load.
[2016.11.11-13.19.36:507][  0]LogUObjectAllocator: 5855632 out of 0 bytes used by permanent object pool.
[2016.11.11-13.19.36:507][  0]LogUObjectArray: CloseDisregardForGC: 0/0 objects in disregard for GC pool
[2016.11.11-13.19.36:577][  0]LogInit: WinSock: version 1.1 (2.2), MaxSocks=32767, MaxUdp=65467
[2016.11.11-13.19.43:079][  0]LogSlate: SlateFontCache - WITH_FREETYPE: 1, WITH_HARFBUZZ: 1
[2016.11.11-13.19.43:079][  0]LogSlate: SlateFontCache - WITH_FREETYPE: 1, WITH_HARFBUZZ: 1
[2016.11.11-13.20.11:937][  0]LogUdpMessaging: Initializing bridge on interface 0.0.0.0:0 to multicast group 230.0.0.1:6666.
[2016.11.11-13.20.14:414][  0]SourceControl: Info Source control is disabled
[2016.11.11-13.20.14:437][  0]SourceControl: Info Source control is disabled
[2016.11.11-13.20.14:492][  0]SourceControl: Info Source control is disabled
[2016.11.11-13.20.14:524][  0]SourceControl: Info Source control is disabled
[2016.11.11-13.20.16:254][  0]LogEngine: Initializing Engine...
[2016.11.11-13.20.16:292][  0]LogHMD: SteamVR failed to initialize.  Err: 110
[2016.11.11-13.20.16:293][  0]LogHMD: SteamVR failed to initialize.  Err: 110
[2016.11.11-13.20.16:847][  0]LogAIModule: Creating AISystem for world NewWorld
[2016.11.11-13.20.16:950][  0]LogInit: XAudio2 using '스피커(Realtek High Definition Audio)' : 2 channels at 48 kHz using 32 bits per sample (channel mask 0x3)
[2016.11.11-13.20.17:083][  0]LogInit: FAudioDevice initialized.
[2016.11.11-13.20.17:125][  0]LogDerivedDataCache: Saved boot cache 0.04s 50MB C:/Users/jcy/AppData/Local/UnrealEngine/4.12/DerivedDataCache/Boot.ddc.
[2016.11.11-13.20.17:139][  0]LogInit: Texture streaming: Enabled
[2016.11.11-13.20.17:389][  0]LogInit: Transaction tracking system initialized
[2016.11.11-13.20.17:607][  0]BlueprintLog: New page: Editor Load
[2016.11.11-13.20.19:117][  0]LocalizationService: Info Localization service is disabled
[2016.11.11-13.20.20:028][  0]LogConsoleResponse:Display: 
[2016.11.11-13.20.23:031][  0]LogFileCache: Scanning file cache for directory 'C:/Users/jcy/Documents/GitHub/UNNAMED/UNNAMED/Content/' took 0.02s
[2016.11.11-13.20.23:031][  0]LogCook:Display: Max memory allowance for cook 8192mb
[2016.11.11-13.20.23:031][  0]LogCook:Display: Mobile HDR setting 1
[2016.11.11-13.20.26:218][  0]SourceControl: Info Source control is disabled
[2016.11.11-13.20.26:367][  0]Cmd: MAP LOAD FILE="../../../../../../Users/jcy/Documents/GitHub/UNNAMED/UNNAMED/Content/Map/dd.umap" TEMPLATE=0 SHOWPROGRESS=1 FEATURELEVEL=3
[2016.11.11-13.20.27:347][  0]LightingResults: New page: Lighting Build
[2016.11.11-13.20.27:751][  0]MapCheck: New page: Map Check
[2016.11.11-13.20.27:751][  0]LightingResults: New page: Lighting Build
[2016.11.11-13.20.33:878][  0]LogAIModule: Creating AISystem for world dd
[2016.11.11-13.20.34:174][  0]LogEditorServer: Finished looking for orphan Actors (0.006 secs)
[2016.11.11-13.20.34:232][  0]Cmd: MAP CHECKDEP NOCLEARLOG
[2016.11.11-13.20.34:414][  0]MapCheck: Info Map check complete: 0 Error(s), 0 Warning(s), took 182.461ms to complete.
[2016.11.11-13.20.34:414][  0]LogFileHelpers: Loading map 'dd' took 8.089
[2016.11.11-13.20.36:786][  0]LogCollectionManager: Loaded 1 collections in 0.004531 seconds
[2016.11.11-13.20.36:982][  0]LogFileCache: Scanning file cache for directory 'C:/Users/jcy/Documents/GitHub/UNNAMED/UNNAMED/Saved/Collections/' took 0.01s
[2016.11.11-13.20.36:983][  0]LogFileCache: Scanning file cache for directory 'C:/Users/jcy/Documents/GitHub/UNNAMED/UNNAMED/Content/Developers/jcy/Collections/' took 0.01s
[2016.11.11-13.20.36:983][  0]LogFileCache: Scanning file cache for directory 'C:/Users/jcy/Documents/GitHub/UNNAMED/UNNAMED/Content/Collections/' took 0.01s
[2016.11.11-13.20.36:983][  0]LogCollectionManager: Rebuilt the GUID cache for 1 collections in 0.000008 seconds
[2016.11.11-13.20.36:983][  0]LogCollectionManager: Rebuilt the hierarchy cache for 1 collections in 0.000000 seconds
[2016.11.11-13.20.37:000][  0]LogContentBrowser: Native class hierarchy populated in 0.0158 seconds. Added 2047 classes and 369 folders.
[2016.11.11-13.20.37:079][  0]LogStats: UGameplayTagsManager::ConstructGameplayTagTree: Construct from data asset -  0.000 s
[2016.11.11-13.20.37:079][  0]LogStats: UGameplayTagsManager::ConstructGameplayTagTree: GameplayTagTreeChangedEvent.Broadcast -  0.000 s
[2016.11.11-13.20.37:080][  0]LogContentBrowser: Native class hierarchy updated for 'GameplayTags' in 0.0006 seconds. Added 12 classes and 0 folders.
[2016.11.11-13.20.37:087][  0]LogContentBrowser: Native class hierarchy updated for 'WidgetCarousel' in 0.0004 seconds. Added 0 classes and 0 folders.
[2016.11.11-13.20.38:388][  0]LogContentBrowser: Native class hierarchy updated for 'AddContentDialog' in 0.0006 seconds. Added 0 classes and 0 folders.
[2016.11.11-13.20.38:456][  0]LogContentBrowser: Native class hierarchy updated for 'SceneOutliner' in 0.0005 seconds. Added 1 classes and 2 folders.
[2016.11.11-13.20.39:098][  0]LogCrashTracker: Crashtracker disabled due to settings.
[2016.11.11-13.20.39:301][  0]LogUObjectGlobals:Warning: Failed to find object 'Class None.'
[2016.11.11-13.20.39:384][  0]LogContentBrowser: Native class hierarchy updated for 'HierarchicalLODOutliner' in 0.0013 seconds. Added 1 classes and 2 folders.
[2016.11.11-13.20.39:384][  0]LogLoad: Full Startup: 84.46 seconds (BP compile: 0.93 seconds)
[2016.11.11-13.20.39:384][  0]LogExternalProfiler: Found external profiler: VSPerf
[2016.11.11-13.20.39:384][  0]LogExternalProfiler: Using external profiler: VSPerf
[2016.11.11-13.20.39:473][  0]LogWindowsTextInputMethodSystem:Display: IME system now activated using TSF (Microsoft 입력기).
[2016.11.11-13.20.39:485][  0]LogOcInput: OculusInput pre-init called
[2016.11.11-13.20.39:716][  0]LogContentStreaming: Texture pool size now 1000 MB
[2016.11.11-13.20.40:503][  0]LogRenderer: Reallocating scene render targets to support 1144x576 (Frame:2).
[2016.11.11-13.20.41:467][  5]LogAssetRegistry: Asset discovery search completed in 65.0533 seconds
[2016.11.11-13.20.41:467][  5]LogCollectionManager: Rebuilt the object cache for 1 collections in 0.000012 seconds (found 0 objects)
[2016.11.11-13.20.41:546][  5]LogCollectionManager: Fixed up redirectors for 1 collections in 0.078200 seconds (updated 0 objects)
[2016.11.11-13.22.37:109][226]LogContentBrowser: Native class hierarchy updated for 'BlueprintGraph' in 0.0012 seconds. Added 111 classes and 0 folders.
[2016.11.11-13.23.25:680][496]LogRenderer: Reallocating scene render targets to support 1144x600 (Frame:374).
[2016.11.11-13.31.20:362][ 26]LogFileHelpers: Editor autosave (incl. sublevels) for '/Game/Map/dd' took 0.290
[2016.11.11-13.31.20:411][ 26]OBJ SavePackage: Generating thumbnails for [0] asset(s) in package [/Game/server/MainMenu_W] ([1] browsable assets)...
[2016.11.11-13.31.20:411][ 26]OBJ SavePackage: Finished generating thumbnails for package [/Game/server/MainMenu_W]
[2016.11.11-13.31.20:411][ 26]Cmd: OBJ SAVEPACKAGE PACKAGE="/Game/server/MainMenu_W" FILE="../../../../../../Users/jcy/Documents/GitHub/UNNAMED/UNNAMED/Saved/Autosaves/Game/server/MainMenu_W_Auto1.uasset" SILENT=false AUTOSAVING=true
[2016.11.11-13.31.20:567][ 26]LogSavePackage: Save=137.25ms
[2016.11.11-13.31.20:568][ 26]LogSavePackage: Moving '../../../../../../Users/jcy/Documents/GitHub/UNNAMED/UNNAMED/Saved/MainMenu_W_Auto1EDEF75914F4502F2AAEC3B996EAD9B37.tmp' to '../../../../../../Users/jcy/Documents/GitHub/UNNAMED/UNNAMED/Saved/Autosaves/Game/server/MainMenu_W_Auto1.uasset'
[2016.11.11-13.31.20:569][ 26]LogSavePackage:Display: Finished SavePackage ../../../../../../Users/jcy/Documents/GitHub/UNNAMED/UNNAMED/Saved/Autosaves/Game/server/MainMenu_W_Auto1.uasset
[2016.11.11-13.31.20:569][ 26]LogFileHelpers: Auto-saving content packages took 0.202
[2016.11.11-13.41.20:797][404]LogFileHelpers: Editor autosave (incl. sublevels) for '/Game/Map/dd' took 0.036
[2016.11.11-13.41.20:801][404]OBJ SavePackage: Generating thumbnails for [0] asset(s) in package [/Game/server/MainMenu_W] ([1] browsable assets)...
[2016.11.11-13.41.20:842][404]OBJ SavePackage: Finished generating thumbnails for package [/Game/server/MainMenu_W]
[2016.11.11-13.41.20:843][404]Cmd: OBJ SAVEPACKAGE PACKAGE="/Game/server/MainMenu_W" FILE="../../../../../../Users/jcy/Documents/GitHub/UNNAMED/UNNAMED/Saved/Autosaves/Game/server/MainMenu_W_Auto2.uasset" SILENT=false AUTOSAVING=true
[2016.11.11-13.41.20:860][404]LogSavePackage: Save=15.00ms
[2016.11.11-13.41.20:860][404]LogSavePackage: Moving '../../../../../../Users/jcy/Documents/GitHub/UNNAMED/UNNAMED/Saved/MainMenu_W_Auto23C318F8D4FE818BF659DE190E2F2D2C1.tmp' to '../../../../../../Users/jcy/Documents/GitHub/UNNAMED/UNNAMED/Saved/Autosaves/Game/server/MainMenu_W_Auto2.uasset'
[2016.11.11-13.41.20:862][404]LogSavePackage:Display: Finished SavePackage ../../../../../../Users/jcy/Documents/GitHub/UNNAMED/UNNAMED/Saved/Autosaves/Game/server/MainMenu_W_Auto2.uasset
[2016.11.11-13.41.20:862][404]LogFileHelpers: Auto-saving content packages took 0.063
[2016.11.11-13.46.51:485][665]BlueprintLog: New page: Compile MainMenu_W
[2016.11.11-13.46.52:010][665]BlueprintEditorCompileResults: Info [1657.07] Compile of MainMenu_W successful! [in 504 ms] (/Game/server/MainMenu_W.MainMenu_W)
[2016.11.11-13.48.20:758][886]LogUObjectHash:Warning: Ambiguous search, could be CanvasPanel /Game/Widget/ChattingTXT.ChattingTXT:WidgetTree.CanvasPanel_0 or CanvasPanel /Game/server/MainMenu_W.MainMenu_W_C:WidgetTree.CanvasPanel_0
[2016.11.11-13.48.20:758][886]LogUObjectHash:Warning: Ambiguous search, could be CanvasPanel /Game/Widget/ChattingTXT.ChattingTXT:WidgetTree.CanvasPanel_0 or CanvasPanel /Game/Widget/PHUD.PHUD:WidgetTree.CanvasPanel_0
[2016.11.11-13.48.20:758][886]LogUObjectHash:Warning: Ambiguous search, could be CanvasPanel /Game/Widget/ChattingTXT.ChattingTXT:WidgetTree.CanvasPanel_0 or CanvasPanel /Engine/Transient.World_4:MainMenu_W_C_13.WidgetTree_13.CanvasPanel_0
[2016.11.11-13.48.20:758][886]LogUObjectHash:Warning: Ambiguous search, could be CanvasPanel /Game/Widget/ChattingTXT.ChattingTXT:WidgetTree.CanvasPanel_0 or CanvasPanel /Engine/Transient.World_4:MainMenu_W_C_12.WidgetTree_12.CanvasPanel_0
[2016.11.11-13.48.20:758][886]LogUObjectHash:Warning: Ambiguous search, could be CanvasPanel /Game/Widget/ChattingTXT.ChattingTXT:WidgetTree.CanvasPanel_0 or CanvasPanel /Game/Widget/ChattingTXT.ChattingTXT_C:WidgetTree.CanvasPanel_0
[2016.11.11-13.48.20:758][886]LogUObjectHash:Warning: Ambiguous search, could be CanvasPanel /Game/Widget/ChattingTXT.ChattingTXT:WidgetTree.CanvasPanel_0 or CanvasPanel /Game/Widget/PHUD.PHUD_C:WidgetTree.CanvasPanel_0
[2016.11.11-13.48.20:758][886]LogUObjectHash:Warning: Ambiguous search, could be CanvasPanel /Game/Widget/ChattingTXT.ChattingTXT:WidgetTree.CanvasPanel_0 or CanvasPanel /Game/server/MainMenu_W.MainMenu_W:WidgetTree.CanvasPanel_0
[2016.11.11-13.48.20:758][886]LogUObjectHash:Warning: Ambiguous search, could be CanvasPanel /Game/Widget/ChattingTXT.ChattingTXT:WidgetTree.CanvasPanel_0 or CanvasPanel /Engine/Transient.World_6:MP_HostGame_C_1.WidgetTree_1.CanvasPanel_0
[2016.11.11-13.48.20:758][886]LogUObjectHash:Warning: Ambiguous search, could be CanvasPanel /Game/Widget/ChattingTXT.ChattingTXT:WidgetTree.CanvasPanel_0 or CanvasPanel /Game/server/MP_HostGame.MP_HostGame_C:WidgetTree_1.CanvasPanel_0
[2016.11.11-13.48.20:758][886]LogUObjectHash:Warning: Ambiguous search, could be CanvasPanel /Game/Widget/ChattingTXT.ChattingTXT:WidgetTree.CanvasPanel_0 or CanvasPanel /Engine/Transient.World_4:MainMenu_W_C_10.WidgetTree_10.CanvasPanel_0
[2016.11.11-13.48.20:758][886]LogUObjectHash:Warning: Ambiguous search, could be CanvasPanel /Game/Widget/ChattingTXT.ChattingTXT:WidgetTree.CanvasPanel_0 or CanvasPanel /Engine/Transient.World_6:MP_HostGame_C_0.WidgetTree_0.CanvasPanel_0
[2016.11.11-13.48.20:758][886]LogUObjectHash:Warning: Ambiguous search, could be CanvasPanel /Game/Widget/ChattingTXT.ChattingTXT:WidgetTree.CanvasPanel_0 or CanvasPanel /Game/server/MP_HostGame.MP_HostGame_C:WidgetTree_0.CanvasPanel_0
[2016.11.11-13.48.20:758][886]LogUObjectHash:Warning: Ambiguous search, could be CanvasPanel /Game/Widget/ChattingTXT.ChattingTXT:WidgetTree.CanvasPanel_0 or CanvasPanel /Game/server/MP_HostGame.MP_HostGame:WidgetTree.CanvasPanel_0
[2016.11.11-13.48.20:758][886]LogUObjectHash:Warning: Ambiguous search, could be CanvasPanel /Game/Widget/ChattingTXT.ChattingTXT:WidgetTree.CanvasPanel_0 or CanvasPanel /Engine/Transient.World_4:MainMenu_W_C_0.WidgetTree_18.CanvasPanel_0
[2016.11.11-13.48.20:758][886]LogUObjectHash:Warning: Ambiguous search, could be CanvasPanel /Game/Widget/ChattingTXT.ChattingTXT:WidgetTree.CanvasPanel_0 or CanvasPanel /Engine/Transient.World_4:MainMenu_W_C_3.WidgetTree_3.CanvasPanel_0
[2016.11.11-13.48.20:758][886]LogUObjectHash:Warning: Ambiguous search, could be CanvasPanel /Game/Widget/ChattingTXT.ChattingTXT:WidgetTree.CanvasPanel_0 or CanvasPanel /Engine/Transient.World_4:REINST_MainMenu_W_C_0.WidgetTree_17.CanvasPanel_0
[2016.11.11-13.48.20:758][886]LogUObjectHash:Warning: Ambiguous search, could be CanvasPanel /Game/Widget/ChattingTXT.ChattingTXT:WidgetTree.CanvasPanel_0 or CanvasPanel /Engine/Transient.TRASHCLASS_MainMenu_W_88:CanvasPanel_0
[2016.11.11-13.48.20:758][886]LogUObjectHash:Warning: Ambiguous search, could be CanvasPanel /Game/Widget/ChattingTXT.ChattingTXT:WidgetTree.CanvasPanel_0 or CanvasPanel /Engine/Transient.World_4:MainMenu_W_C_7.WidgetTree_7.CanvasPanel_0
[2016.11.11-13.48.20:758][886]LogUObjectHash:Warning: Ambiguous search, could be CanvasPanel /Game/Widget/ChattingTXT.ChattingTXT:WidgetTree.CanvasPanel_0 or CanvasPanel /Engine/Transient.World_4:MainMenu_W_C_16.WidgetTree_16.CanvasPanel_0
[2016.11.11-13.48.20:758][886]LogUObjectHash:Warning: Ambiguous search, could be CanvasPanel /Game/Widget/ChattingTXT.ChattingTXT:WidgetTree.CanvasPanel_0 or CanvasPanel /Game/server/MainMenu_W.MainMenu_W_C:WidgetTree_18.CanvasPanel_0
[2016.11.11-13.48.20:758][886]LogUObjectHash:Warning: Ambiguous search, could be CanvasPanel /Game/Widget/ChattingTXT.ChattingTXT:WidgetTree.CanvasPanel_0 or CanvasPanel /Engine/Transient.World_4:MainMenu_W_C_6.WidgetTree_6.CanvasPanel_0
[2016.11.11-13.48.20:758][886]LogUObjectHash:Warning: Ambiguous search, could be CanvasPanel /Game/Widget/ChattingTXT.ChattingTXT:WidgetTree.CanvasPanel_0 or CanvasPanel /Engine/Transient.World_4:MainMenu_W_C_15.WidgetTree_15.CanvasPanel_0
[2016.11.11-13.48.20:758][886]LogProperty:Warning: Illegal TEXT reference to a private object in external package (CanvasPanelSlot /Game/Widget/ChattingTXT.ChattingTXT:WidgetTree.CanvasPanel_0.CanvasPanelSlot_0) from referencer (Border /Engine/UMG/Editor/Transient.Border_13).  Import failed...
[2016.11.11-13.48.20:758][886]LogProperty:Warning: ObjectProperty /Script/UMG.Widget:Slot: unresolved reference to 'CanvasPanelSlot'CanvasPanel_0.CanvasPanelSlot_0''
[2016.11.11-13.52.39:092][237]LogFileHelpers: Editor autosave (incl. sublevels) for '/Game/Map/dd' took 0.046
[2016.11.11-13.52.39:094][237]OBJ SavePackage: Generating thumbnails for [0] asset(s) in package [/Game/server/MainMenu_W] ([1] browsable assets)...
[2016.11.11-13.52.39:094][237]OBJ SavePackage: Finished generating thumbnails for package [/Game/server/MainMenu_W]
[2016.11.11-13.52.39:094][237]Cmd: OBJ SAVEPACKAGE PACKAGE="/Game/server/MainMenu_W" FILE="../../../../../../Users/jcy/Documents/GitHub/UNNAMED/UNNAMED/Saved/Autosaves/Game/server/MainMenu_W_Auto3.uasset" SILENT=false AUTOSAVING=true
[2016.11.11-13.52.39:124][237]LogSavePackage: Save=28.56ms
[2016.11.11-13.52.39:125][237]LogSavePackage: Moving '../../../../../../Users/jcy/Documents/GitHub/UNNAMED/UNNAMED/Saved/MainMenu_W_Auto3131B31744127E15F7F81E5B84FC8C54E.tmp' to '../../../../../../Users/jcy/Documents/GitHub/UNNAMED/UNNAMED/Saved/Autosaves/Game/server/MainMenu_W_Auto3.uasset'
[2016.11.11-13.52.39:130][237]LogSavePackage:Display: Finished SavePackage ../../../../../../Users/jcy/Documents/GitHub/UNNAMED/UNNAMED/Saved/Autosaves/Game/server/MainMenu_W_Auto3.uasset
[2016.11.11-13.52.39:131][237]OBJ SavePackage: Generating thumbnails for [0] asset(s) in package [/Game/server/MP_HostGame] ([1] browsable assets)...
[2016.11.11-13.52.39:131][237]OBJ SavePackage: Finished generating thumbnails for package [/Game/server/MP_HostGame]
[2016.11.11-13.52.39:158][237]LogSavePackage: Save=24.03ms
[2016.11.11-13.52.39:158][237]LogSavePackage: Moving '../../../../../../Users/jcy/Documents/GitHub/UNNAMED/UNNAMED/Saved/MP_HostGame_Auto30EFB54D54423EF656E24EC8CB521BD45.tmp' to '../../../../../../Users/jcy/Documents/GitHub/UNNAMED/UNNAMED/Saved/Autosaves/Game/server/MP_HostGame_Auto3.uasset'
[2016.11.11-13.52.39:160][237]LogSavePackage:Display: Finished SavePackage ../../../../../../Users/jcy/Documents/GitHub/UNNAMED/UNNAMED/Saved/Autosaves/Game/server/MP_HostGame_Auto3.uasset
[2016.11.11-13.52.39:160][237]LogFileHelpers: Auto-saving content packages took 0.067
[2016.11.11-14.02.40:069][869]LogFileHelpers: Editor autosave (incl. sublevels) for '/Game/Map/dd' took 0.031
[2016.11.11-14.02.40:072][869]OBJ SavePackage: Generating thumbnails for [0] asset(s) in package [/Game/server/MP_HostGame] ([1] browsable assets)...
[2016.11.11-14.02.40:072][869]OBJ SavePackage: Finished generating thumbnails for package [/Game/server/MP_HostGame]
[2016.11.11-14.02.40:115][869]LogSavePackage: Save=41.10ms
[2016.11.11-14.02.40:115][869]LogSavePackage: Moving '../../../../../../Users/jcy/Documents/GitHub/UNNAMED/UNNAMED/Saved/MP_HostGame_Auto434FBA1114B586784DB49579A6AC857B8.tmp' to '../../../../../../Users/jcy/Documents/GitHub/UNNAMED/UNNAMED/Saved/Autosaves/Game/server/MP_HostGame_Auto4.uasset'
[2016.11.11-14.02.40:118][869]LogSavePackage:Display: Finished SavePackage ../../../../../../Users/jcy/Documents/GitHub/UNNAMED/UNNAMED/Saved/Autosaves/Game/server/MP_HostGame_Auto4.uasset
[2016.11.11-14.02.40:118][869]LogFileHelpers: Auto-saving content packages took 0.047
[2016.11.11-14.41.34:701][591]LogFileHelpers: Editor autosave (incl. sublevels) for '/Game/Map/dd' took 0.042
[2016.11.11-14.41.34:714][591]OBJ SavePackage: Generating thumbnails for [0] asset(s) in package [/Game/server/MP_HostGame] ([1] browsable assets)...
[2016.11.11-14.41.34:714][591]OBJ SavePackage: Finished generating thumbnails for package [/Game/server/MP_HostGame]
[2016.11.11-14.41.34:785][591]LogSavePackage: Save=67.27ms
[2016.11.11-14.41.34:785][591]LogSavePackage: Moving '../../../../../../Users/jcy/Documents/GitHub/UNNAMED/UNNAMED/Saved/MP_HostGame_Auto58C42B3E74EE43547219D8685F7CCCABC.tmp' to '../../../../../../Users/jcy/Documents/GitHub/UNNAMED/UNNAMED/Saved/Autosaves/Game/server/MP_HostGame_Auto5.uasset'
[2016.11.11-14.41.34:797][591]LogSavePackage:Display: Finished SavePackage ../../../../../../Users/jcy/Documents/GitHub/UNNAMED/UNNAMED/Saved/Autosaves/Game/server/MP_HostGame_Auto5.uasset
[2016.11.11-14.41.34:798][591]LogFileHelpers: Auto-saving content packages took 0.095
[2016.11.11-14.55.17:340][491]LogFileHelpers: Editor autosave (incl. sublevels) for '/Game/Map/dd' took 0.050
[2016.11.11-14.55.17:343][491]OBJ SavePackage: Generating thumbnails for [0] asset(s) in package [/Game/server/MP_HostGame] ([1] browsable assets)...
[2016.11.11-14.55.17:343][491]OBJ SavePackage: Finished generating thumbnails for package [/Game/server/MP_HostGame]
[2016.11.11-14.55.17:419][491]LogSavePackage: Save=74.13ms
[2016.11.11-14.55.17:419][491]LogSavePackage: Moving '../../../../../../Users/jcy/Documents/GitHub/UNNAMED/UNNAMED/Saved/MP_HostGame_Auto602FE6B344E67F8072C4281851BB91122.tmp' to '../../../../../../Users/jcy/Documents/GitHub/UNNAMED/UNNAMED/Saved/Autosaves/Game/server/MP_HostGame_Auto6.uasset'
[2016.11.11-14.55.17:421][491]LogSavePackage:Display: Finished SavePackage ../../../../../../Users/jcy/Documents/GitHub/UNNAMED/UNNAMED/Saved/Autosaves/Game/server/MP_HostGame_Auto6.uasset
[2016.11.11-14.55.17:422][491]LogFileHelpers: Auto-saving content packages took 0.080
[2016.11.11-15.04.02:451][ 82]Cmd: OBJ SAVEPACKAGE PACKAGE="/Game/server/MainMenu_W" FILE="../../../../../../Users/jcy/Documents/GitHub/UNNAMED/UNNAMED/Content/server/MainMenu_W.uasset" SILENT=true
[2016.11.11-15.04.02:487][ 82]LogSavePackage: Save=32.87ms
[2016.11.11-15.04.02:487][ 82]LogSavePackage: Moving '../../../../../../Users/jcy/Documents/GitHub/UNNAMED/UNNAMED/Saved/MainMenu_W321F4CB74978F519E983868D0E995E3F.tmp' to '../../../../../../Users/jcy/Documents/GitHub/UNNAMED/UNNAMED/Content/server/MainMenu_W.uasset'
[2016.11.11-15.04.02:492][ 82]LogSavePackage:Display: Finished SavePackage ../../../../../../Users/jcy/Documents/GitHub/UNNAMED/UNNAMED/Content/server/MainMenu_W.uasset
[2016.11.11-15.04.02:499][ 82]Cmd: OBJ SAVEPACKAGE PACKAGE="/Game/server/MP_HostGame" FILE="../../../../../../Users/jcy/Documents/GitHub/UNNAMED/UNNAMED/Content/server/MP_HostGame.uasset" SILENT=true
[2016.11.11-15.04.02:608][ 82]LogSavePackage: Save=78.84ms
[2016.11.11-15.04.02:608][ 82]LogSavePackage: Moving '../../../../../../Users/jcy/Documents/GitHub/UNNAMED/UNNAMED/Saved/MP_HostGame561B5639468A941519DED9B28BCBB044.tmp' to '../../../../../../Users/jcy/Documents/GitHub/UNNAMED/UNNAMED/Content/server/MP_HostGame.uasset'
[2016.11.11-15.04.02:611][ 82]LogSavePackage:Display: Finished SavePackage ../../../../../../Users/jcy/Documents/GitHub/UNNAMED/UNNAMED/Content/server/MP_HostGame.uasset
[2016.11.11-15.04.12:478][605]LogWindowsTextInputMethodSystem:Display: IME system now activated using TSF (Microsoft 입력기).
[2016.11.11-15.04.13:009][606]Cmd: QUIT_EDITOR
[2016.11.11-15.04.13:424][606]LogExit: Preparing to exit.
[2016.11.11-15.04.15:064][606]LogExit: Editor shut down
[2016.11.11-15.04.15:065][606]LogExit: Transaction tracking system shut down
[2016.11.11-15.04.17:020][606]LogObj: Freed 0b from 0 cluster array pools.
[2016.11.11-15.04.17:021][606]LogExit: Object subsystem successfully closed.
[2016.11.11-15.04.17:212][606]LogD3D11RHI: Shutdown
[2016.11.11-15.04.17:212][606]LogD3D11RHI: CleanupD3DDevice
[2016.11.11-15.04.17:465][606]LogD3D11RHI: ~FD3D11DynamicRHI
[2016.11.11-15.04.18:731][606]LogModuleManager: Shutting down and abandoning module SequencerWidgets (215)
[2016.11.11-15.04.18:732][606]LogModuleManager: Shutting down and abandoning module BlueprintGraph (214)
[2016.11.11-15.04.18:793][606]LogModuleManager: Shutting down and abandoning module HierarchicalLODOutliner (213)
[2016.11.11-15.04.18:825][606]LogModuleManager: Shutting down and abandoning module CrashTracker (212)
[2016.11.11-15.04.18:825][606]LogModuleManager: Shutting down and abandoning module SceneOutliner (211)
[2016.11.11-15.04.18:872][606]LogModuleManager: Shutting down and abandoning module WidgetCarousel (210)
[2016.11.11-15.04.18:890][606]LogModuleManager: Shutting down and abandoning module AddContentDialog (209)
[2016.11.11-15.04.19:042][606]LogModuleManager: Shutting down and abandoning module GameplayTags (208)
[2016.11.11-15.04.19:042][606]LogModuleManager: Shutting down and abandoning module EditorWidgets (207)
[2016.11.11-15.04.19:042][606]LogModuleManager: Shutting down and abandoning module CollectionManager (206)
[2016.11.11-15.04.19:069][606]LogModuleManager: Shutting down and abandoning module StatsViewer (205)
[2016.11.11-15.04.19:087][606]LogModuleManager: Shutting down and abandoning module FoliageEdit (204)
[2016.11.11-15.04.19:102][606]LogModuleManager: Shutting down and abandoning module LandscapeEditor (203)
[2016.11.11-15.04.19:149][606]LogModuleManager: Shutting down and abandoning module SceneDepthPickerMode (202)
[2016.11.11-15.04.19:149][606]LogModuleManager: Shutting down and abandoning module ActorPickerMode (201)
[2016.11.11-15.04.19:149][606]LogModuleManager: Shutting down and abandoning module GeometryMode (200)
[2016.11.11-15.04.19:149][606]LogModuleManager: Shutting down and abandoning module TextureAlignMode (199)
[2016.11.11-15.04.19:149][606]LogModuleManager: Shutting down and abandoning module BspMode (198)
[2016.11.11-15.04.19:165][606]LogModuleManager: Shutting down and abandoning module HardwareSurvey (197)
[2016.11.11-15.04.19:165][606]LogModuleManager: Shutting down and abandoning module SequenceRecorderSections (196)
[2016.11.11-15.04.19:165][606]LogModuleManager: Shutting down and abandoning module SequenceRecorder (195)
[2016.11.11-15.04.19:176][606]LogModuleManager: Shutting down and abandoning module AutomationWorker (194)
[2016.11.11-15.04.19:176][606]LogModuleManager: Shutting down and abandoning module MatineeToLevelSequence (193)
[2016.11.11-15.04.19:187][606]LogModuleManager: Shutting down and abandoning module PlacementMode (192)
[2016.11.11-15.04.19:228][606]LogModuleManager: Shutting down and abandoning module LevelSequenceEditor (191)
[2016.11.11-15.04.19:281][606]LogModuleManager: Shutting down and abandoning module CharacterAI (190)
[2016.11.11-15.04.19:281][606]LogModuleManager: Shutting down and abandoning module SmartSnapping (189)
[2016.11.11-15.04.19:281][606]LogModuleManager: Shutting down and abandoning module SessionServices (188)
[2016.11.11-15.04.19:281][606]LogModuleManager: Shutting down and abandoning module ViewportSnapping (187)
[2016.11.11-15.04.19:281][606]LogModuleManager: Shutting down and abandoning module LogVisualizer (186)
[2016.11.11-15.04.19:372][606]LogModuleManager: Shutting down and abandoning module GameProjectGeneration (185)
[2016.11.11-15.04.19:464][606]LogModuleManager: Shutting down and abandoning module IntroTutorials (184)
[2016.11.11-15.04.19:482][606]LogModuleManager: Shutting down and abandoning module EditorLiveStreaming (183)
[2016.11.11-15.04.19:482][606]LogModuleManager: Shutting down and abandoning module IOSPlatformEditor (182)
[2016.11.11-15.04.19:507][606]LogModuleManager: Shutting down and abandoning module HTML5PlatformEditor (181)
[2016.11.11-15.04.19:507][606]LogModuleManager: Shutting down and abandoning module AndroidDeviceDetection (180)
[2016.11.11-15.04.19:644][606]LogModuleManager: Shutting down and abandoning module AndroidPlatformEditor (179)
[2016.11.11-15.04.19:654][606]LogModuleManager: Shutting down and abandoning module IOSRuntimeSettings (178)
[2016.11.11-15.04.19:654][606]LogModuleManager: Shutting down and abandoning module AndroidRuntimeSettings (177)
[2016.11.11-15.04.19:654][606]LogModuleManager: Shutting down and abandoning module MergeActors (176)
[2016.11.11-15.04.19:704][606]LogModuleManager: Shutting down and abandoning module SizeMap (175)
[2016.11.11-15.04.19:704][606]LogModuleManager: Shutting down and abandoning module TreeMap (174)
[2016.11.11-15.04.19:742][606]LogModuleManager: Shutting down and abandoning module ReferenceViewer (173)
[2016.11.11-15.04.19:773][606]LogModuleManager: Shutting down and abandoning module LocalizationService (172)
[2016.11.11-15.04.19:805][606]LogModuleManager: Shutting down and abandoning module LocalizationDashboard (171)
[2016.11.11-15.04.19:836][606]LogModuleManager: Shutting down and abandoning module HardwareTargeting (170)
[2016.11.11-15.04.19:850][606]LogModuleManager: Shutting down and abandoning module DeviceProfileEditor (169)
[2016.11.11-15.04.19:884][606]LogModuleManager: Shutting down and abandoning module UndoHistory (168)
[2016.11.11-15.04.19:888][606]LogModuleManager: Shutting down and abandoning module UserFeedback (167)
[2016.11.11-15.04.19:888][606]LogModuleManager: Shutting down and abandoning module XmlParser (166)
[2016.11.11-15.04.19:888][606]LogModuleManager: Shutting down and abandoning module Blutility (165)
[2016.11.11-15.04.19:900][606]LogModuleManager: Shutting down and abandoning module ProjectTargetPlatformEditor (164)
[2016.11.11-15.04.19:909][606]LogModuleManager: Shutting down and abandoning module ProjectSettingsViewer (163)
[2016.11.11-15.04.19:909][606]LogModuleManager: Shutting down and abandoning module InputBindingEditor (162)
[2016.11.11-15.04.19:960][606]LogModuleManager: Shutting down and abandoning module EditorSettingsViewer (161)
[2016.11.11-15.04.19:960][606]LogModuleManager: Shutting down and abandoning module SettingsEditor (160)
[2016.11.11-15.04.20:023][606]LogModuleManager: Shutting down and abandoning module ProjectLauncher (159)
[2016.11.11-15.04.20:096][606]LogModuleManager: Shutting down and abandoning module SessionFrontend (158)
[2016.11.11-15.04.20:148][606]LogModuleManager: Shutting down and abandoning module ProfilerClient (157)
[2016.11.11-15.04.20:172][606]LogModuleManager: Shutting down and abandoning module TargetDeviceServices (156)
[2016.11.11-15.04.20:201][606]LogModuleManager: Shutting down and abandoning module DeviceManager (155)
[2016.11.11-15.04.20:276][606]LogModuleManager: Shutting down and abandoning module AutomationController (154)
[2016.11.11-15.04.20:302][606]LogModuleManager: Shutting down and abandoning module AutomationWindow (153)
[2016.11.11-15.04.20:323][606]LogModuleManager: Shutting down and abandoning module Layers (152)
[2016.11.11-15.04.20:340][606]LogModuleManager: Shutting down and abandoning module ComponentVisualizers (151)
[2016.11.11-15.04.20:340][606]LogModuleManager: Shutting down and abandoning module DetailCustomizations (150)
[2016.11.11-15.04.20:367][606]LogModuleManager: Shutting down and abandoning module PackagesDialog (149)
[2016.11.11-15.04.20:439][606]LogModuleManager: Shutting down and abandoning module Persona (148)
[2016.11.11-15.04.20:504][606]LogModuleManager: Shutting down and abandoning module Kismet (147)
[2016.11.11-15.04.20:524][606]LogModuleManager: Shutting down and abandoning module GraphEditor (146)
[2016.11.11-15.04.20:524][606]LogModuleManager: Shutting down and abandoning module ClassViewer (145)
[2016.11.11-15.04.20:545][606]LogModuleManager: Shutting down and abandoning module Toolbox (144)
[2016.11.11-15.04.20:553][606]LogModuleManager: Shutting down and abandoning module ModuleUI (143)
[2016.11.11-15.04.20:564][606]LogModuleManager: Shutting down and abandoning module MovieSceneTools (142)
[2016.11.11-15.04.20:583][606]LogModuleManager: Shutting down and abandoning module OutputLog (141)
[2016.11.11-15.04.20:595][606]LogModuleManager: Shutting down and abandoning module GammaUI (140)
[2016.11.11-15.04.20:605][606]LogModuleManager: Shutting down and abandoning module Documentation (139)
[2016.11.11-15.04.20:605][606]LogModuleManager: Shutting down and abandoning module StreamingPauseRendering (138)
[2016.11.11-15.04.20:605][606]LogModuleManager: Shutting down and abandoning module AnalyticsET (137)
[2016.11.11-15.04.20:605][606]LogModuleManager: Shutting down and abandoning module Analytics (136)
[2016.11.11-15.04.20:605][606]LogModuleManager: Shutting down and abandoning module PortalServices (135)
[2016.11.11-15.04.20:605][606]LogModuleManager: Shutting down and abandoning module PortalRpc (134)
[2016.11.11-15.04.20:605][606]LogModuleManager: Shutting down and abandoning module MessagingRpc (133)
[2016.11.11-15.04.20:605][606]LogModuleManager: Shutting down and abandoning module GameplayDebugger (132)
[2016.11.11-15.04.20:617][606]LogModuleManager: Shutting down and abandoning module AITestSuite (131)
[2016.11.11-15.04.20:624][606]LogModuleManager: Shutting down and abandoning module AIModule (130)
[2016.11.11-15.04.20:624][606]LogModuleManager: Shutting down and abandoning module ProfilerService (129)
[2016.11.11-15.04.20:828][606]LogModuleManager: Shutting down and abandoning module TaskGraph (128)
[2016.11.11-15.04.20:931][606]LogModuleManager: Shutting down and abandoning module SlateRemote (127)
[2016.11.11-15.04.20:931][606]LogModuleManager: Shutting down and abandoning module SteamVRController (126)
[2016.11.11-15.04.20:931][606]LogModuleManager: Shutting down and abandoning module SteamVR (125)
[2016.11.11-15.04.20:931][606]LogModuleManager: Shutting down and abandoning module ProceduralMeshComponent (124)
[2016.11.11-15.04.20:931][606]LogModuleManager: Shutting down and abandoning module OculusLibrary (123)
[2016.11.11-15.04.20:931][606]LogModuleManager: Shutting down and abandoning module OculusInput (122)
[2016.11.11-15.04.20:931][606]LogModuleManager: Shutting down and abandoning module CustomMeshComponent (121)
[2016.11.11-15.04.20:931][606]LogModuleManager: Shutting down and abandoning module CableComponent (120)
[2016.11.11-15.04.20:931][606]LogModuleManager: Shutting down and abandoning module ArchVisCharacter (119)
[2016.11.11-15.04.20:931][606]LogModuleManager: Shutting down and abandoning module MediaPlayerEditor (118)
[2016.11.11-15.04.20:981][606]LogModuleManager: Shutting down and abandoning module HTML5Networking (117)
[2016.11.11-15.04.20:981][606]LogModuleManager: Shutting down and abandoning module SuperSearch (116)
[2016.11.11-15.04.20:981][606]LogModuleManager: Shutting down and abandoning module SuperSearchEditor (115)
[2016.11.11-15.04.20:981][606]LogModuleManager: Shutting down and abandoning module SpeedTreeImporter (114)
[2016.11.11-15.04.20:982][606]LogModuleManager: Shutting down and abandoning module PluginBrowser (113)
[2016.11.11-15.04.21:000][606]LogModuleManager: Shutting down and abandoning module EpicSurvey (112)
[2016.11.11-15.04.21:001][606]LogModuleManager: Shutting down and abandoning module DesktopPlatform (111)
[2016.11.11-15.04.21:036][606]LogModuleManager: Shutting down and abandoning module VisualStudioSourceCodeAccess (110)
[2016.11.11-15.04.21:050][606]LogModuleManager: Shutting down and abandoning module UObjectPlugin (109)
[2016.11.11-15.04.21:050][606]LogModuleManager: Shutting down and abandoning module SubversionSourceControl (108)
[2016.11.11-15.04.21:082][606]LogModuleManager: Shutting down and abandoning module PerforceSourceControl (107)
[2016.11.11-15.04.21:117][606]LogModuleManager: Shutting down and abandoning module SourceControl (106)
[2016.11.11-15.04.21:165][606]LogModuleManager: Shutting down and abandoning module GitSourceControl (105)
[2016.11.11-15.04.21:213][606]LogModuleManager: Shutting down and abandoning module LightPropagationVolumeEditor (104)
[2016.11.11-15.04.21:213][606]LogModuleManager: Shutting down and abandoning module PaperTiledImporter (103)
[2016.11.11-15.04.21:235][606]LogModuleManager: Shutting down and abandoning module PaperSpriteSheetImporter (102)
[2016.11.11-15.04.21:235][606]LogModuleManager: Shutting down and abandoning module MeshPaint (101)
[2016.11.11-15.04.21:264][606]LogModuleManager: Shutting down and abandoning module PixelInspectorModule (100)
[2016.11.11-15.04.21:316][606]LogModuleManager: Shutting down and abandoning module HotReload (99)
[2016.11.11-15.04.21:361][606]LogModuleManager: Shutting down and abandoning module MainFrame (98)
[2016.11.11-15.04.21:370][606]LogModuleManager: Shutting down and abandoning module LevelEditor (97)
[2016.11.11-15.04.21:388][606]LogModuleManager: Shutting down and abandoning module ContentBrowser (96)
[2016.11.11-15.04.21:392][606]LogModuleManager: Shutting down and abandoning module Paper2DEditor (95)
[2016.11.11-15.04.21:405][606]LogModuleManager: Shutting down and abandoning module UdpMessaging (94)
[2016.11.11-15.04.21:506][606]LogModuleManager: Shutting down and abandoning module LightPropagationVolumeRuntime (93)
[2016.11.11-15.04.21:506][606]LogModuleManager: Shutting down and abandoning module Paper2D (92)
[2016.11.11-15.04.21:542][606]LogModuleManager: Shutting down and abandoning module WindowsMoviePlayer (91)
[2016.11.11-15.04.21:543][606]LogModuleManager: Shutting down and abandoning module Media (90)
[2016.11.11-15.04.21:543][606]LogModuleManager: Shutting down and abandoning module WmfMedia (89)
[2016.11.11-15.04.21:544][606]LogModuleManager: Shutting down and abandoning module MediaAssets (88)
[2016.11.11-15.04.21:544][606]LogModuleManager: Shutting down and abandoning module GameLiveStreaming (87)
[2016.11.11-15.04.21:544][606]LogModuleManager: Shutting down and abandoning module GameplayTagsEditor (86)
[2016.11.11-15.04.21:544][606]LogModuleManager: Shutting down and abandoning module OnlineBlueprintSupport (85)
[2016.11.11-15.04.21:544][606]LogModuleManager: Shutting down and abandoning module VREditor (84)
[2016.11.11-15.04.21:552][606]LogModuleManager: Shutting down and abandoning module GameplayTasksEditor (83)
[2016.11.11-15.04.21:552][606]LogModuleManager: Shutting down and abandoning module PropertyEditor (82)
[2016.11.11-15.04.21:562][606]LogModuleManager: Shutting down and abandoning module BehaviorTreeEditor (81)
[2016.11.11-15.04.21:625][606]LogModuleManager: Shutting down and abandoning module FunctionalTesting (80)
[2016.11.11-15.04.21:626][606]LogModuleManager: Shutting down and abandoning module CollisionAnalyzer (79)
[2016.11.11-15.04.21:685][606]LogModuleManager: Shutting down and abandoning module Sequencer (78)
[2016.11.11-15.04.21:685][606]LogModuleManager: Shutting down and abandoning module WorkspaceMenuStructure (77)
[2016.11.11-15.04.21:685][606]LogModuleManager: Shutting down and abandoning module MessageLog (76)
[2016.11.11-15.04.21:685][606]LogModuleManager: Shutting down and abandoning module AssetTools (75)
[2016.11.11-15.04.21:751][606]LogModuleManager: Shutting down and abandoning module UMGEditor (74)
[2016.11.11-15.04.21:751][606]LogModuleManager: Shutting down and abandoning module UMG (73)
[2016.11.11-15.04.21:752][606]LogModuleManager: Shutting down and abandoning module SlateReflector (72)
[2016.11.11-15.04.21:821][606]LogModuleManager: Shutting down and abandoning module Slate (71)
[2016.11.11-15.04.21:821][606]LogModuleManager: Shutting down and abandoning module EditorStyle (70)
[2016.11.11-15.04.21:831][606]LogModuleManager: Shutting down and abandoning module SourceCodeAccess (69)
[2016.11.11-15.04.21:831][606]LogModuleManager: Shutting down and abandoning module HeadMountedDisplay (68)
[2016.11.11-15.04.21:832][606]LogModuleManager: Shutting down and abandoning module XAudio2 (67)
[2016.11.11-15.04.21:832][606]LogModuleManager: Shutting down and abandoning module Networking (65)
[2016.11.11-15.04.21:832][606]LogModuleManager: Shutting down and abandoning module Core (64)
[2016.11.11-15.04.21:832][606]LogModuleManager: Shutting down and abandoning module DirectoryWatcher (63)
[2016.11.11-15.04.21:838][606]LogModuleManager: Shutting down and abandoning module AssetRegistry (62)
[2016.11.11-15.04.22:139][606]LogModuleManager: Shutting down and abandoning module KismetCompiler (61)
[2016.11.11-15.04.22:139][606]LogModuleManager: Shutting down and abandoning module PhysXFormats (60)
[2016.11.11-15.04.22:139][606]LogModuleManager: Shutting down and abandoning module MeshUtilities (59)
[2016.11.11-15.04.22:173][606]LogModuleManager: Shutting down and abandoning module DerivedDataCache (58)
[2016.11.11-15.04.22:224][606]LogDerivedDataCache: Shutdown
[2016.11.11-15.04.22:224][606]LogModuleManager: Shutting down and abandoning module VulkanShaderFormat (57)
[2016.11.11-15.04.22:250][606]LogModuleManager: Shutting down and abandoning module ShaderFormatOpenGL (56)
[2016.11.11-15.04.22:260][606]LogModuleManager: Shutting down and abandoning module ShaderFormatD3D (55)
[2016.11.11-15.04.22:260][606]LogModuleManager: Shutting down and abandoning module MetalShaderFormat (54)
[2016.11.11-15.04.22:310][606]LogModuleManager: Shutting down and abandoning module TextureFormatUncompressed (53)
[2016.11.11-15.04.22:310][606]LogModuleManager: Shutting down and abandoning module TextureFormatPVR (52)
[2016.11.11-15.04.22:310][606]LogModuleManager: Shutting down and abandoning module TextureFormatIntelISPCTexComp (51)
[2016.11.11-15.04.22:311][606]LogModuleManager: Shutting down and abandoning module TextureFormatDXT (50)
[2016.11.11-15.04.22:311][606]LogModuleManager: Shutting down and abandoning module ImageWrapper (49)
[2016.11.11-15.04.22:311][606]LogModuleManager: Shutting down and abandoning module TextureFormatASTC (48)
[2016.11.11-15.04.22:311][606]LogModuleManager: Shutting down and abandoning module TextureFormatAndroid (47)
[2016.11.11-15.04.22:311][606]LogModuleManager: Shutting down and abandoning module AudioFormatOpus (46)
[2016.11.11-15.04.22:331][606]LogModuleManager: Shutting down and abandoning module AudioFormatOgg (45)
[2016.11.11-15.04.22:331][606]LogModuleManager: Shutting down and abandoning module AudioFormatADPCM (44)
[2016.11.11-15.04.22:331][606]LogModuleManager: Shutting down and abandoning module LinuxTargetPlatform (43)
[2016.11.11-15.04.22:331][606]LogModuleManager: Shutting down and abandoning module LinuxServerTargetPlatform (42)
[2016.11.11-15.04.22:331][606]LogModuleManager: Shutting down and abandoning module LinuxNoEditorTargetPlatform (41)
[2016.11.11-15.04.22:332][606]LogModuleManager: Shutting down and abandoning module TVOSTargetPlatform (40)
[2016.11.11-15.04.22:332][606]LogModuleManager: Shutting down and abandoning module Messaging (39)
[2016.11.11-15.04.22:332][606]LogModuleManager: Shutting down and abandoning module IOSTargetPlatform (38)
[2016.11.11-15.04.22:332][606]LogModuleManager: Shutting down and abandoning module HTML5TargetPlatform (37)
[2016.11.11-15.04.22:332][606]LogModuleManager: Shutting down and abandoning module Android_PVRTCTargetPlatform (36)
[2016.11.11-15.04.22:332][606]LogModuleManager: Shutting down and abandoning module Android_MultiTargetPlatform (35)
[2016.11.11-15.04.22:343][606]LogModuleManager: Shutting down and abandoning module Android_ETC2TargetPlatform (34)
[2016.11.11-15.04.22:343][606]LogModuleManager: Shutting down and abandoning module Android_ETC1TargetPlatform (33)
[2016.11.11-15.04.22:343][606]LogModuleManager: Shutting down and abandoning module Android_DXTTargetPlatform (32)
[2016.11.11-15.04.22:343][606]LogModuleManager: Shutting down and abandoning module Android_ATCTargetPlatform (31)
[2016.11.11-15.04.22:343][606]LogModuleManager: Shutting down and abandoning module Android_ASTCTargetPlatform (30)
[2016.11.11-15.04.22:343][606]LogModuleManager: Shutting down and abandoning module AndroidTargetPlatform (29)
[2016.11.11-15.04.22:343][606]LogModuleManager: Shutting down and abandoning module WindowsTargetPlatform (28)
[2016.11.11-15.04.22:343][606]LogModuleManager: Shutting down and abandoning module WindowsServerTargetPlatform (27)
[2016.11.11-15.04.22:343][606]LogModuleManager: Shutting down and abandoning module WindowsNoEditorTargetPlatform (26)
[2016.11.11-15.04.22:343][606]LogModuleManager: Shutting down and abandoning module WindowsClientTargetPlatform (25)
[2016.11.11-15.04.22:344][606]LogModuleManager: Shutting down and abandoning module AllDesktopTargetPlatform (24)
[2016.11.11-15.04.22:344][606]LogModuleManager: Shutting down and abandoning module TargetPlatform (23)
[2016.11.11-15.04.22:383][606]LogModuleManager: Shutting down and abandoning module InputCore (22)
[2016.11.11-15.04.22:383][606]LogModuleManager: Shutting down and abandoning module Settings (21)
[2016.11.11-15.04.22:383][606]LogModuleManager: Shutting down and abandoning module OnlineSubsystem (19)
[2016.11.11-15.04.22:430][606]LogModuleManager: Shutting down and abandoning module HTTP (18)
[2016.11.11-15.04.25:441][606]LogModuleManager: Shutting down and abandoning module XMPP (17)
[2016.11.11-15.04.25:450][606]LogModuleManager: Shutting down and abandoning module OculusRift (16)
[2016.11.11-15.04.25:460][606]LogModuleManager: Shutting down and abandoning module ExampleDeviceProfileSelector (15)
[2016.11.11-15.04.25:460][606]LogModuleManager: Shutting down and abandoning module TextureCompressor (14)
[2016.11.11-15.04.25:466][606]LogModuleManager: Shutting down and abandoning module ShaderCore (13)
[2016.11.11-15.04.25:466][606]LogModuleManager: Shutting down and abandoning module Landscape (12)
[2016.11.11-15.04.25:466][606]LogModuleManager: Shutting down and abandoning module SlateRHIRenderer (11)
[2016.11.11-15.04.25:514][606]LogModuleManager: Shutting down and abandoning module OpenGLDrv (10)
[2016.11.11-15.04.25:521][606]LogModuleManager: Shutting down and abandoning module D3D11RHI (9)
[2016.11.11-15.04.25:521][606]LogModuleManager: Shutting down and abandoning module AnimGraphRuntime (8)
[2016.11.11-15.04.25:521][606]LogModuleManager: Shutting down and abandoning module Renderer (7)
[2016.11.11-15.04.25:521][606]LogModuleManager: Shutting down and abandoning module Engine (6)
[2016.11.11-15.04.25:521][606]LogModuleManager: Shutting down and abandoning module CoreUObject (5)
[2016.11.11-15.04.25:521][606]LogModuleManager: Shutting down and abandoning module NetworkFile (4)
[2016.11.11-15.04.25:533][606]LogModuleManager: Shutting down and abandoning module StreamingFile (3)
[2016.11.11-15.04.25:533][606]LogModuleManager: Shutting down and abandoning module SandboxFile (2)
[2016.11.11-15.04.25:533][606]LogModuleManager: Shutting down and abandoning module PakFile (1)
[2016.11.11-15.04.25:570][606]LogExit: Exiting.
[2016.11.11-15.04.25:576][606]Log file closed, 11/12/16 00:04:25
