Log file open, 05/24/17 19:57:03
LogInit:Display: Running engine for game: UNNAMED
LogPlatformFile: Not using cached read wrapper
LogInit:Display: RandInit(2068138364) SRandInit(2068138365).
LogTaskGraph: Started task graph with 5 named threads and 8 total threads with 1 sets of task threads.
LogStats: Stats thread started at 0.103754
LogInit: Using libcurl 7.47.1
LogInit:  - built for x86_64-pc-win32
LogInit:  - supports SSL with OpenSSL/1.0.2g
LogInit:  - supports HTTP deflate (compression) using libz 1.2.8
LogInit:  - other features:
LogInit:      CURL_VERSION_SSL
LogInit:      CURL_VERSION_LIBZ
LogInit:      CURL_VERSION_IPV6
LogInit:      CURL_VERSION_ASYNCHDNS
LogInit:      CURL_VERSION_LARGEFILE
LogInit:      CURL_VERSION_IDN
LogInit:  CurlRequestOptions (configurable via config and command line):
LogInit:  - bVerifyPeer = false  - Libcurl will NOT verify peer certificate
LogInit:  - bUseHttpProxy = false  - Libcurl will NOT use HTTP proxy
LogInit:  - bDontReuseConnections = false  - Libcurl will reuse connections
LogInit:  - CertBundlePath = nullptr  - Libcurl will use whatever was configured at build time.
LogOnline:Display: STEAM: Loading Steam SDK 1.32
LogOnline:Warning: STEAM: Steam API disabled!
LogOnline:Display: STEAM: OnlineSubsystemSteam::Shutdown()
LogInit: WinSock: version 1.1 (2.2), MaxSocks=32767, MaxUdp=65467
LogInit: Build: ++UE4+Release-4.15-CL-3348071
LogInit: Engine Version: 4.15.1-3348071+++UE4+Release-4.15
LogInit: Compatible Engine Version: 4.15.0-3299760+++UE4+Release-4.15
LogInit: Net CL: 3299760
LogDevObjectVersion: Number of dev versions registered: 14
LogDevObjectVersion:   Dev-Blueprints (B0D832E4-1F89-4F0D-ACCF-7EB736FD4AA2): 8
LogDevObjectVersion:   Dev-Build (E1C64328-A22C-4D53-A36C-8E866417BD8C): 0
LogDevObjectVersion:   Dev-Core (375EC13C-06E4-48FB-B500-84F0262A717E): 2
LogDevObjectVersion:   Dev-Editor (E4B068ED-F494-42E9-A231-DA0B2E46BB41): 14
LogDevObjectVersion:   Dev-Framework (CFFC743F-43B0-4480-9391-14DF171D2073): 22
LogDevObjectVersion:   Dev-Mobile (B02B49B5-BB20-44E9-A304-32B752E40360): 0
LogDevObjectVersion:   Dev-Networking (A4E4105C-59A1-49B5-A7C5-40C4547EDFEE): 0
LogDevObjectVersion:   Dev-Online (39C831C9-5AE6-47DC-9A44-9C173E1C8E7C): 0
LogDevObjectVersion:   Dev-Physics (78F01B33-EBEA-4F98-B9B4-84EACCB95AA2): 0
LogDevObjectVersion:   Dev-Platform (6631380F-2D4D-43E0-8009-CF276956A95A): 0
LogDevObjectVersion:   Dev-Rendering (12F88B9F-8875-4AFC-A67C-D90C383ABD29): 12
LogDevObjectVersion:   Dev-Sequencer (7B5AE74C-D270-4C10-A958-57980B212A5A): 3
LogDevObjectVersion:   Dev-VR (D7296918-1DD6-4BDD-9DE2-64A83CC13884): 0
LogDevObjectVersion:   Dev-LoadTimes (C2A15278-BFE7-4AFE-6C17-90FF531DF755): 1
LogInit: Compiled (64-bit): Mar 15 2017 16:52:47
LogInit: Compiled with Visual C++: 19.00.23026.00
LogInit: Build Configuration: Development
LogInit: Branch Name: ++UE4+Release-4.15
LogInit: Command line:  
LogInit: Base directory: C:/Program Files/Epic Games/UE_4.15/Engine/Binaries/Win64/
LogInit: Installed Engine Build: 1
LogInit: Presizing for max 8388607 objects, including 0 objects not considered by GC, pre-allocating 0 bytes for permanent pool.
LogInit: Object subsystem initialized
[2017.05.24-10.57.04:865][  0]LogInit: Selected Device Profile: [Windows]
[2017.05.24-10.57.04:865][  0]LogInit: Applying CVar settings loaded from the selected device profile: [Windows]
[2017.05.24-10.57.04:876][  0]LogInit: Computer: DESKTOP-5I3HB32
[2017.05.24-10.57.04:876][  0]LogInit: User: jcy
[2017.05.24-10.57.04:876][  0]LogInit: CPU Page size=65536, Cores=4
[2017.05.24-10.57.04:876][  0]LogInit: High frequency timer resolution =2.533205 MHz
[2017.05.24-10.57.04:876][  0]LogMemory: Memory total: Physical=11.9GB (12GB approx)
[2017.05.24-10.57.04:876][  0]LogMemory: Platform Memory Stats for Windows
[2017.05.24-10.57.04:876][  0]LogMemory: Process Physical Memory: 266.85 MB used, 266.85 MB peak
[2017.05.24-10.57.04:876][  0]LogMemory: Process Virtual Memory: 262.72 MB used, 262.72 MB peak
[2017.05.24-10.57.04:876][  0]LogMemory: Physical Memory: 5305.70 MB used,  6904.16 MB free, 12209.86 MB total
[2017.05.24-10.57.04:876][  0]LogMemory: Virtual Memory: 633.55 MB used,  6904.16 MB free, 134217728.00 MB total
[2017.05.24-10.57.05:403][  0]LogInit: Overriding culture en with editor configuration.
[2017.05.24-10.57.06:248][  0]LogD3D11RHI: D3D11 adapters:
[2017.05.24-10.57.06:930][  0]LogD3D11RHI:    0. 'NVIDIA GeForce GTX 960M' (Feature Level 11_0)
[2017.05.24-10.57.06:930][  0]LogD3D11RHI:       2019/0/6104 MB DedicatedVideo/DedicatedSystem/SharedSystem, Outputs:2, VendorId:0x10de
[2017.05.24-10.57.06:936][  0]LogD3D11RHI:    1. 'Intel(R) HD Graphics 4600' (Feature Level 11_0)
[2017.05.24-10.57.06:936][  0]LogD3D11RHI:       112/0/2048 MB DedicatedVideo/DedicatedSystem/SharedSystem, Outputs:0, VendorId:0x8086
[2017.05.24-10.57.06:939][  0]LogD3D11RHI:    2. 'Microsoft Basic Render Driver' (Feature Level 11_0)
[2017.05.24-10.57.06:939][  0]LogD3D11RHI:       0/0/6104 MB DedicatedVideo/DedicatedSystem/SharedSystem, Outputs:0, VendorId:0x1414
[2017.05.24-10.57.06:939][  0]LogD3D11RHI: Chosen D3D11 Adapter: 0
[2017.05.24-10.57.06:947][  0]LogD3D11RHI: Creating new Direct3DDevice
[2017.05.24-10.57.06:947][  0]LogD3D11RHI:     GPU DeviceId: 0x139b (for the marketing name, search the web for "GPU Device Id")
[2017.05.24-10.57.06:947][  0]LogWindows: EnumDisplayDevices:
[2017.05.24-10.57.06:947][  0]LogWindows:    0. 'Intel(R) HD Graphics 4600' (P:1 D:1)
[2017.05.24-10.57.06:947][  0]LogWindows:    1. 'Intel(R) HD Graphics 4600' (P:0 D:1)
[2017.05.24-10.57.06:948][  0]LogWindows:    2. 'Intel(R) HD Graphics 4600' (P:0 D:0)
[2017.05.24-10.57.06:948][  0]LogWindows: DebugString: PrimaryIsNotTheChoosenAdapter PrimaryIsNotTheChoosenAdapter PrimaryIsNotTheChoosenAdapter FoundDriverCount:0 
[2017.05.24-10.57.06:948][  0]LogD3D11RHI:     Adapter Name: NVIDIA GeForce GTX 960M
[2017.05.24-10.57.06:948][  0]LogD3D11RHI:   Driver Version: Unknown (internal:Unknown, unified:Unknown)
[2017.05.24-10.57.06:948][  0]LogD3D11RHI:      Driver Date: Unknown
[2017.05.24-10.57.06:948][  0]LogRHI: Texture pool is 1361 MB (70% of 1945 MB)
[2017.05.24-10.57.07:586][  0]LogD3D11RHI: Async texture creation enabled
[2017.05.24-10.57.07:729][  0]LogD3D11RHI: GPU Timing Frequency: 1000.000000 (Debug: 2 1)
[2017.05.24-10.57.07:730][  0]LogShaderCompilers: Guid format shader working directory is -16 characters bigger than the processId version (../../../../../../Users/jcy/Documents/GitHub/UNNAMED/UNNAMED/Intermediate/Shaders/WorkingDirectory/7336/).
[2017.05.24-10.57.07:730][  0]LogShaderCompilers: Cleaned the shader compiler working directory 'C:/Users/jcy/AppData/Local/Temp/UnrealShaderWorkingDir/4E2B12054E47E954778719AABE08F419/'.
[2017.05.24-10.57.07:730][  0]LogShaderCompilers:Display: Using Local Shader Compiler.
[2017.05.24-10.57.09:042][  0]LogTemp:Display: Loaded TP AllDesktopTargetPlatform
[2017.05.24-10.57.09:120][  0]LogTemp:Display: Loaded TP MacClientTargetPlatform
[2017.05.24-10.57.09:194][  0]LogTemp:Display: Loaded TP MacNoEditorTargetPlatform
[2017.05.24-10.57.09:276][  0]LogTemp:Display: Loaded TP MacServerTargetPlatform
[2017.05.24-10.57.09:361][  0]LogTemp:Display: Loaded TP MacTargetPlatform
[2017.05.24-10.57.09:438][  0]LogTemp:Display: Loaded TP WindowsClientTargetPlatform
[2017.05.24-10.57.09:515][  0]LogTemp:Display: Loaded TP WindowsNoEditorTargetPlatform
[2017.05.24-10.57.09:591][  0]LogTemp:Display: Loaded TP WindowsServerTargetPlatform
[2017.05.24-10.57.09:657][  0]LogTemp:Display: Loaded TP WindowsTargetPlatform
[2017.05.24-10.57.09:730][  0]LogTemp:Display: Loaded TP AndroidTargetPlatform
[2017.05.24-10.57.09:804][  0]LogTemp:Display: Loaded TP Android_ASTCTargetPlatform
[2017.05.24-10.57.09:874][  0]LogTemp:Display: Loaded TP Android_ATCTargetPlatform
[2017.05.24-10.57.09:952][  0]LogTemp:Display: Loaded TP Android_DXTTargetPlatform
[2017.05.24-10.57.10:031][  0]LogTemp:Display: Loaded TP Android_ETC1TargetPlatform
[2017.05.24-10.57.10:104][  0]LogTemp:Display: Loaded TP Android_ETC2TargetPlatform
[2017.05.24-10.57.10:260][  0]LogTemp:Display: Loaded TP Android_MultiTargetPlatform
[2017.05.24-10.57.10:260][  0]LogTemp:Display: Loaded TP Android_PVRTCTargetPlatform
[2017.05.24-10.57.10:319][  0]LogTemp:Display: Loaded TP HTML5TargetPlatform
[2017.05.24-10.57.10:479][  0]LogTemp:Display: Loaded TP IOSTargetPlatform
[2017.05.24-10.57.10:522][  0]LogTemp:Display: Loaded TP TVOSTargetPlatform
[2017.05.24-10.57.10:596][  0]LogTemp:Display: Loaded TP LinuxClientTargetPlatform
[2017.05.24-10.57.10:669][  0]LogTemp:Display: Loaded TP LinuxNoEditorTargetPlatform
[2017.05.24-10.57.10:743][  0]LogTemp:Display: Loaded TP LinuxServerTargetPlatform
[2017.05.24-10.57.10:818][  0]LogTemp:Display: Loaded TP LinuxTargetPlatform
[2017.05.24-10.57.10:818][  0]LogTargetPlatformManager:Display: Building Assets For Windows
[2017.05.24-10.57.11:443][  0]LogDerivedDataCache:Display: Max Cache Size: 512 MB
[2017.05.24-10.57.11:531][  0]LogDerivedDataCache: Loaded boot cache 0.09s 50MB C:/Users/jcy/AppData/Local/UnrealEngine/4.15/DerivedDataCache/Boot.ddc.
[2017.05.24-10.57.11:531][  0]LogDerivedDataCache:Display: Loaded Boot cache: C:/Users/jcy/AppData/Local/UnrealEngine/4.15/DerivedDataCache/Boot.ddc
[2017.05.24-10.57.11:532][  0]LogDerivedDataCache: FDerivedDataBackendGraph:  Pak pak cache file ../../../../../../Users/jcy/Documents/GitHub/UNNAMED/UNNAMED/DerivedDataCache/DDC.ddp not found, will not use a pak cache.
[2017.05.24-10.57.11:532][  0]LogDerivedDataCache: Unable to find inner node Pak for hierarchical cache Hierarchy.
[2017.05.24-10.57.11:532][  0]LogDerivedDataCache: FDerivedDataBackendGraph:  CompressedPak pak cache file ../../../../../../Users/jcy/Documents/GitHub/UNNAMED/UNNAMED/DerivedDataCache/Compressed.ddp not found, will not use a pak cache.
[2017.05.24-10.57.11:532][  0]LogDerivedDataCache: Unable to find inner node CompressedPak for hierarchical cache Hierarchy.
[2017.05.24-10.57.11:551][  0]LogDerivedDataCache:Display: Pak cache opened for reading ../../../Engine/DerivedDataCache/Compressed.ddp.
[2017.05.24-10.57.11:564][  0]LogDerivedDataCache: Using Local data cache path C:/Users/jcy/AppData/Local/UnrealEngine/Common/DerivedDataCache: Writable
[2017.05.24-10.57.11:577][  0]LogSlate: Using Freetype 2.6.0
[2017.05.24-10.57.11:578][  0]LogSlate: SlateFontCache - WITH_FREETYPE: 1, WITH_HARFBUZZ: 1
[2017.05.24-10.57.11:578][  0]LogSlate: SlateFontCache - WITH_FREETYPE: 1, WITH_HARFBUZZ: 1
[2017.05.24-10.57.11:970][  0]LogInit: Selected Device Profile: [Windows]
[2017.05.24-10.57.11:973][  0]LogContentStreaming: Texture pool size is 0.00 MB
[2017.05.24-10.57.12:243][  0]LogMeshUtilities: Using QuadricMeshReduction for automatic static mesh reduction
[2017.05.24-10.57.12:306][  0]LogSimplygon: Simplygon DLL not present - disabling.
[2017.05.24-10.57.12:383][  0]LogMeshUtilities: Using SimplygonSwarm for distributed automatic mesh merging
[2017.05.24-10.57.12:383][  0]LogMeshUtilities: No automatic skeletal mesh reduction module available
[2017.05.24-10.57.12:383][  0]LogMeshUtilities: No automatic mesh merging module available
[2017.05.24-10.57.13:138][  0]LogNetVersion: GetLocalNetworkVersion: CL: 3299760, ProjectName: unnamed, ProjectVersion: , EngineNetworkVersion: 2, GameNetworkVersion: 0, NetworkChecksum: 1184173371
[2017.05.24-10.57.13:194][  0]LogAssetRegistry: FAssetRegistry took 0.0213 seconds to start up
[2017.05.24-10.57.13:247][  0]LogPackageLocalizationCache: Processed 3 localized package path(s) for 1 prioritized culture(s) in 0.023095 seconds
[2017.05.24-10.57.13:253][  0]LogUObjectArray: 32500 objects as part of root set at end of initial load.
[2017.05.24-10.57.13:253][  0]LogUObjectAllocator: 7290880 out of 0 bytes used by permanent object pool.
[2017.05.24-10.57.13:253][  0]LogUObjectArray: CloseDisregardForGC: 0/0 objects in disregard for GC pool
[2017.05.24-10.57.15:692][  0]LogTcpMessaging: Initializing TcpMessaging bridge
[2017.05.24-10.57.15:745][  0]LogUdpMessaging: Initializing bridge on interface 0.0.0.0:0 to multicast group 230.0.0.1:6666.
[2017.05.24-10.57.16:441][  0]LogMaterial: Uniform references updated for custom material expression Custom.
[2017.05.24-10.57.17:005][  0]SourceControl: Info Source control is disabled
[2017.05.24-10.57.17:006][  0]SourceControl: Info Source control is disabled
[2017.05.24-10.57.17:080][  0]SourceControl: Info Source control is disabled
[2017.05.24-10.57.17:155][  0]SourceControl: Info Source control is disabled
[2017.05.24-10.57.18:982][  0]LogEngine: Initializing Engine...
[2017.05.24-10.57.18:983][  0]LogHMD: Failed to initialize OpenVR with code 110
[2017.05.24-10.57.19:313][  0]LogAIModule: Creating AISystem for world Untitled
[2017.05.24-10.57.19:323][  0]LogInit: XAudio2 using '스피커(Realtek High Definition Audio)' : 2 channels at 48 kHz using 32 bits per sample (channel mask 0x3)
[2017.05.24-10.57.19:366][  0]LogInit: FAudioDevice initialized.
[2017.05.24-10.57.19:405][  0]LogDerivedDataCache: Saved boot cache 0.04s 50MB C:/Users/jcy/AppData/Local/UnrealEngine/4.15/DerivedDataCache/Boot.ddc.
[2017.05.24-10.57.19:409][  0]LogInit: Texture streaming: Enabled
[2017.05.24-10.57.19:541][  0]LogEngineSessionManager: EngineSessionManager initialized
[2017.05.24-10.57.19:672][  0]LogInit: Transaction tracking system initialized
[2017.05.24-10.57.20:162][  0]BlueprintLog: New page: Editor Load
[2017.05.24-10.57.21:419][  0]LocalizationService: Info Localization service is disabled
[2017.05.24-10.57.22:391][  0]LogConsoleResponse:Display: 
[2017.05.24-10.57.22:567][  0]LogCook:Display: Max memory allowance for cook 16384mb min free memory 0mb
[2017.05.24-10.57.22:567][  0]LogCook:Display: Mobile HDR setting 1
[2017.05.24-10.57.23:519][  0]LogFileCache: Scanning file cache for directory 'C:/Users/jcy/Documents/GitHub/UNNAMED/UNNAMED/Content/' took 0.06s
[2017.05.24-10.57.24:089][  0]SourceControl: Info Source control is disabled
[2017.05.24-10.57.24:089][  0]Cmd: MAP LOAD FILE="../../../../../../Users/jcy/Documents/GitHub/UNNAMED/UNNAMED/Content/Map/map01.umap" TEMPLATE=0 SHOWPROGRESS=1 FEATURELEVEL=3
[2017.05.24-10.57.24:090][  0]LightingResults: New page: Lighting Build
[2017.05.24-10.57.24:149][  0]MapCheck: New page: Map Check
[2017.05.24-10.57.24:149][  0]LightingResults: New page: Lighting Build
[2017.05.24-10.57.25:304][  0]LogClass:Warning: Enum '/Game/BP/E_GameState.E_GameState' was upgraded to use FText to store its display name data. Please re-save this asset to avoid issues with localization and determinstic cooking.
[2017.05.24-10.57.25:673][  0]LogBlueprint:Warning: [Compiler DariAniBP] Warning  dari_jump_Anim to TripleShot  will never be taken, please connect something to  Can Enter Transition
[2017.05.24-10.57.25:674][  0]LogBlueprint:Warning: [Compiler DariAniBP] Warning  Idle to dari_shift_Anim  will never be taken, please connect something to  Can Enter Transition
[2017.05.24-10.57.25:674][  0]LogBlueprint:Warning: [Compiler DariAniBP] Warning  dari_run_Anim to dari_shift_Anim  will never be taken, please connect something to  Can Enter Transition
[2017.05.24-10.57.25:683][  0]LogBlueprint:Warning: [Compiler DariAniBP] Warning [0023.96] Compile of DariAniBP successful, but with 3 Warning(s) [in 16 ms] (/Game/dari/DariAniBP.DariAniBP)
[2017.05.24-10.57.25:683][  0]LogBlueprint:Warning: [Compiler DariAniBP] Warning [0023.96] Compile of DariAniBP successful, but with 4 Warning(s) [in 0 ms] (/Game/dari/DariAniBP.DariAniBP)
[2017.05.24-10.57.25:683][  0]LogBlueprint:Warning: [Compiler DariAniBP] Warning [0023.96] Compile of DariAniBP successful, but with 5 Warning(s) [in 0 ms] (/Game/dari/DariAniBP.DariAniBP)
[2017.05.24-10.57.26:909][  0]LogBlueprint:Warning: [Compiler DariAniBP] Warning  dari_jump_Anim to TripleShot  will never be taken, please connect something to  Can Enter Transition
[2017.05.24-10.57.26:909][  0]LogBlueprint:Warning: [Compiler DariAniBP] Warning  Idle to dari_shift_Anim  will never be taken, please connect something to  Can Enter Transition
[2017.05.24-10.57.26:909][  0]LogBlueprint:Warning: [Compiler DariAniBP] Warning  dari_run_Anim to dari_shift_Anim  will never be taken, please connect something to  Can Enter Transition
[2017.05.24-10.57.26:922][  0]LogBlueprint:Warning: [Compiler DariAniBP] Warning [0025.19] Compile of DariAniBP successful, but with 3 Warning(s) [in 23 ms] (/Game/dari/DariAniBP.DariAniBP)
[2017.05.24-10.57.26:922][  0]LogBlueprint:Warning: [Compiler DariAniBP] Warning [0025.20] Compile of DariAniBP successful, but with 4 Warning(s) [in 0 ms] (/Game/dari/DariAniBP.DariAniBP)
[2017.05.24-10.57.26:922][  0]LogBlueprint:Warning: [Compiler DariAniBP] Warning [0025.20] Compile of DariAniBP successful, but with 5 Warning(s) [in 0 ms] (/Game/dari/DariAniBP.DariAniBP)
[2017.05.24-10.57.27:263][  0]LogPackageName:Warning: String asset reference "FX_Meshes.UI.SM_SelectionMesh_01" is in short form, which is unsupported and -- even if valid -- resolving it will be really slow.
[2017.05.24-10.57.27:263][  0]LogPackageName:Warning: Please consider resaving package in order to speed-up loading.
[2017.05.24-10.57.27:473][  0]LogPackageName: SearchForPackageOnDisk took   0.210s, but failed to resolve FX_Meshes.
[2017.05.24-10.57.27:473][  0]LogPackageName:Warning: String asset reference "FX_Meshes.UI.SM_SelectionMesh_01" could not be resolved.
[2017.05.24-10.57.28:863][  0]LogAIModule: Creating AISystem for world map01
[2017.05.24-10.57.28:916][  0]LogEditorServer: Finished looking for orphan Actors (0.000 secs)
[2017.05.24-10.57.28:917][  0]Cmd: MAP CHECKDEP NOCLEARLOG
[2017.05.24-10.57.29:096][  0]MapCheck: Info Map check complete: 0 Error(s), 0 Warning(s), took 178.747ms to complete.
[2017.05.24-10.57.29:096][  0]LogFileHelpers: Loading map 'map01' took 5.007
[2017.05.24-10.57.29:192][  0]LogWindowsTextInputMethodSystem:Display: IME system now activated using TSF (Microsoft 입력기).
[2017.05.24-10.57.29:354][  0]LogCollectionManager: Loaded 1 collections in 0.003454 seconds
[2017.05.24-10.57.29:466][  0]LogFileCache: Scanning file cache for directory 'C:/Users/jcy/Documents/GitHub/UNNAMED/UNNAMED/Saved/Collections/' took 0.01s
[2017.05.24-10.57.29:466][  0]LogFileCache: Scanning file cache for directory 'C:/Users/jcy/Documents/GitHub/UNNAMED/UNNAMED/Content/Developers/jcy/Collections/' took 0.01s
[2017.05.24-10.57.29:466][  0]LogFileCache: Scanning file cache for directory 'C:/Users/jcy/Documents/GitHub/UNNAMED/UNNAMED/Content/Collections/' took 0.01s
[2017.05.24-10.57.29:466][  0]LogCollectionManager: Rebuilt the GUID cache for 1 collections in 0.000009 seconds
[2017.05.24-10.57.29:466][  0]LogCollectionManager: Rebuilt the hierarchy cache for 1 collections in 0.000000 seconds
[2017.05.24-10.57.29:479][  0]LogContentBrowser: Native class hierarchy populated in 0.0124 seconds. Added 2247 classes and 456 folders.
[2017.05.24-10.57.29:484][  0]LogStats: UGameplayTagsManager::ConstructGameplayTagTree: Construct from data asset -  0.000 s
[2017.05.24-10.57.29:484][  0]LogStats: UGameplayTagsManager::ConstructGameplayTagTree: GameplayTagTreeChangedEvent.Broadcast -  0.000 s
[2017.05.24-10.57.29:573][  0]LogContentBrowser: Native class hierarchy updated for 'WidgetCarousel' in 0.0005 seconds. Added 0 classes and 0 folders.
[2017.05.24-10.57.29:646][  0]LogContentBrowser: Native class hierarchy updated for 'AddContentDialog' in 0.0006 seconds. Added 0 classes and 0 folders.
[2017.05.24-10.57.29:714][  0]LogContentBrowser: Native class hierarchy updated for 'SceneOutliner' in 0.0012 seconds. Added 1 classes and 2 folders.
[2017.05.24-10.57.29:922][  0]LogCrashTracker: Crashtracker disabled due to settings.
[2017.05.24-10.57.29:931][  0]LogUObjectGlobals:Warning: Failed to find object 'Class None.'
[2017.05.24-10.57.30:036][  0]LogContentBrowser: Native class hierarchy updated for 'HierarchicalLODOutliner' in 0.0012 seconds. Added 1 classes and 2 folders.
[2017.05.24-10.57.30:037][  0]LogLoad: (Engine Initialization) Total time: 28.31 seconds
[2017.05.24-10.57.30:037][  0]LogLoad: (Engine Initialization) Total Blueprint compile time: 1.90 seconds
[2017.05.24-10.57.30:037][  0]LogExternalProfiler: Found external profiler: VSPerf
[2017.05.24-10.57.30:037][  0]LogExternalProfiler: Using external profiler: VSPerf
[2017.05.24-10.57.30:058][  0]LogOcInput: OculusInput pre-init called
[2017.05.24-10.57.30:082][  0]LogContentStreaming: Texture pool size now 1000 MB
[2017.05.24-10.57.30:084][  0]LogSlate: Took 0.000475 seconds to synchronously load lazily loaded font '../../../Engine/Content/Slate/Fonts/Roboto-Regular.ttf' (155K)
[2017.05.24-10.57.30:088][  0]LogSlate: Took 0.000361 seconds to synchronously load lazily loaded font '../../../Engine/Content/Slate/Fonts/Roboto-Bold.ttf' (160K)
[2017.05.24-10.57.30:095][  0]LogSlate: Took 0.000665 seconds to synchronously load lazily loaded font '../../../Engine/Content/Editor/Slate/Fonts/FontAwesome.ttf' (139K)
[2017.05.24-10.57.30:256][  0]LogSlate: Took 0.000192 seconds to synchronously load lazily loaded font '../../../Engine/Content/Slate/Fonts/Roboto-Light.ttf' (159K)
[2017.05.24-10.57.30:298][  0]LogRenderer: Reallocating scene render targets to support 964x540 NumSamples 1 (Frame:2).
[2017.05.24-10.57.30:446][  1]LogSlate: Took 0.002617 seconds to synchronously load lazily loaded font '../../../Engine/Content/Slate/Fonts/DroidSansFallback.ttf' (3848K)
[2017.05.24-10.57.30:538][  3]LogAssetRegistry: Asset discovery search completed in 17.3657 seconds
[2017.05.24-10.57.30:538][  3]LogCollectionManager: Rebuilt the object cache for 1 collections in 0.000006 seconds (found 0 objects)
[2017.05.24-10.57.30:538][  3]LogCollectionManager: Fixed up redirectors for 1 collections in 0.000020 seconds (updated 0 objects)
[2017.05.24-10.57.42:288][673]LogSlate: Took 0.000280 seconds to synchronously load lazily loaded font '../../../Engine/Content/Slate/Fonts/Roboto-Light.ttf' (159K)
[2017.05.24-10.57.42:437][673]LogAIModule: Creating AISystem for world Main
[2017.05.24-10.57.42:536][673]Cmd: MAP LOAD FILE="../../../../../../Users/jcy/Documents/GitHub/UNNAMED/UNNAMED/Content/Map/Main.umap" TEMPLATE=0 SHOWPROGRESS=1 FEATURELEVEL=3
[2017.05.24-10.57.42:536][673]LightingResults: New page: Lighting Build
[2017.05.24-10.57.42:538][673]LoadErrors: New page: Loading map: Main.umap
[2017.05.24-10.57.42:540][673]MapCheck: New page: Map Check
[2017.05.24-10.57.42:541][673]LightingResults: New page: Lighting Build
[2017.05.24-10.57.42:695][673]LogEditorServer: Finished looking for orphan Actors (0.000 secs)
[2017.05.24-10.57.42:736][673]Cmd: MAP CHECKDEP NOCLEARLOG
[2017.05.24-10.57.42:914][673]MapCheck: Info Map check complete: 0 Error(s), 0 Warning(s), took 177.864ms to complete.
[2017.05.24-10.57.42:914][673]LogFileHelpers: Loading map 'Main' took 0.380
[2017.05.24-10.57.49:904][ 24]LogContentBrowser: Native class hierarchy updated for 'BlueprintGraph' in 0.0009 seconds. Added 112 classes and 0 folders.
[2017.05.24-10.57.50:694][ 24]LogSlate: Took 0.000230 seconds to synchronously load lazily loaded font '../../../Engine/Content/Slate/Fonts/Roboto-Light.ttf' (159K)
[2017.05.24-10.57.50:695][ 24]LogSlate: Took 0.000204 seconds to synchronously load lazily loaded font '../../../Engine/Content/Editor/Slate/Fonts/Roboto-BoldCondensed.ttf' (158K)
[2017.05.24-10.58.04:965][630]LogTemp: Repeting last play command: New Editor Window (PIE)
[2017.05.24-10.58.04:992][630]LogBlueprintUserMessages: Early PlayInEditor Detection: Level '/Game/Map/Main.Main:PersistentLevel' has LevelScriptBlueprint '/Game/Map/Main.Main:PersistentLevel.Main' with GeneratedClass '/Game/Map/Main.Main_C' with ClassGeneratedBy '/Game/Map/Main.Main:PersistentLevel.Main'
[2017.05.24-10.58.04:992][630]BlueprintLog: New page: Pre-Play auto-recompile
[2017.05.24-10.58.04:992][630]LogPlayLevel: [PlayLevel] Compiling Setting before play...
[2017.05.24-10.58.05:248][630]LogPlayLevel: PlayLevel: Blueprint regeneration took 255 ms (1 blueprints)
[2017.05.24-10.58.05:248][630]LogOnline:Display: OSS: FOnlineSubsystemNull::Shutdown()
[2017.05.24-10.58.05:249][630]LogOnline:Warning: STEAM: Steam API disabled!
[2017.05.24-10.58.05:249][630]LogOnline:Display: STEAM: OnlineSubsystemSteam::Shutdown()
[2017.05.24-10.58.05:276][630]PIE: New page: PIE session: Main (May 25, 2017, 4:58:05 AM)
[2017.05.24-10.58.05:277][630]LogPlayLevel: Creating play world package: /Game/Map/UEDPIE_1_Main
[2017.05.24-10.58.05:282][630]LogPlayLevel: PIE: StaticDuplicateObject took: (0.004328s)
[2017.05.24-10.58.05:283][630]LogAIModule: Creating AISystem for world Main
[2017.05.24-10.58.05:283][630]LogPlayLevel: PIE: World Init took: (0.001566s)
[2017.05.24-10.58.05:283][630]LogPlayLevel: PIE: Created PIE world by copying editor world from /Game/Map/Main.Main to /Game/Map/UEDPIE_1_Main.Main (0.006277s)
[2017.05.24-10.58.05:308][630]LogInit: XAudio2 using '스피커(Realtek High Definition Audio)' : 2 channels at 48 kHz using 32 bits per sample (channel mask 0x3)
[2017.05.24-10.58.05:338][630]LogInit: FAudioDevice initialized.
[2017.05.24-10.58.05:374][630]LogStats:Warning: MetaData mismatch. Did you assign a stat to two groups? New //STATGROUP_Threads//OnlineAsyncTaskThreadNull DefaultInstance///Thread_213c_0///####STATCAT_Advanced#### old //STATGROUP_Threads//OnlineAsyncTaskThreadNull DefaultInstance///Thread_1df4_0///####STATCAT_Advanced####
[2017.05.24-10.58.05:417][630]LogLoad: Game class is 'pregame_C'
[2017.05.24-10.58.05:419][630]LogWorld: Bringing World /Game/Map/UEDPIE_1_Main.Main up for play (max tick rate 60) at 2017.05.24-19.58.05
[2017.05.24-10.58.05:420][630]LogWorld: Bringing up level for play took: 0.001900
[2017.05.24-10.58.05:432][630]LogSpawn:Warning: SpawnActor failed because no class was specified
[2017.05.24-10.58.05:516][630]LogContentBrowser: Native class hierarchy updated for 'MovieSceneCapture' in 0.0006 seconds. Added 11 classes and 0 folders.
[2017.05.24-10.58.05:517][630]LogBlueprintUserMessages: [pregame_C_0] Server: 0
[2017.05.24-10.58.05:518][630]LogInit: WinSock: Socket queue 131072 / 131072
[2017.05.24-10.58.05:518][630]LogInit: WinSock: I am DESKTOP-5I3HB32 (192.168.1.2:0)
[2017.05.24-10.58.05:518][630]PacketHandlerLog: Loaded PacketHandler component: Engine.EngineHandlerComponentFactory (StatelessConnectHandlerComponent)
[2017.05.24-10.58.05:518][630]LogNet: GameNetDriver IpNetDriver_0 IpNetDriver listening on port 7777
[2017.05.24-10.58.05:518][630]LogGameMode:Display: Match State Changed from EnteringMap to WaitingToStart
[2017.05.24-10.58.05:518][630]LogGameState: Match State Changed from EnteringMap to WaitingToStart
[2017.05.24-10.58.05:518][630]LogGameMode:Display: Match State Changed from WaitingToStart to InProgress
[2017.05.24-10.58.05:519][630]LogBlueprintUserMessages: [Main_C_1] Server: 0.524466
[2017.05.24-10.58.05:526][630]LogGameState: Match State Changed from WaitingToStart to InProgress
[2017.05.24-10.58.05:535][630]PIE: Info Play in editor start time for /Game/Map/UEDPIE_1_Main -0.256
[2017.05.24-10.58.05:541][630]PIE: New page: PIE session: Main (May 25, 2017, 4:58:05 AM)
[2017.05.24-10.58.05:623][630]LogNet: Browse: 127.0.0.1//Game/Map/Main
[2017.05.24-10.58.05:623][630]LogInit: WinSock: Socket queue 32768 / 32768
[2017.05.24-10.58.05:624][630]PacketHandlerLog: Loaded PacketHandler component: Engine.EngineHandlerComponentFactory (StatelessConnectHandlerComponent)
[2017.05.24-10.58.05:624][630]LogNet: Game client on port 7777, rate 10000
[2017.05.24-10.58.05:624][630]LogNetVersion: GetLocalNetworkVersion: CL: 3299760, ProjectName: unnamed, ProjectVersion: 1.0.0.0, EngineNetworkVersion: 2, GameNetworkVersion: 0, NetworkChecksum: 2893060150
[2017.05.24-10.58.05:624][630]LogNet: UPendingNetGame::InitNetDriver: Sending hello. [UNetConnection] RemoteAddr: 127.0.0.1:7777, Name: IpConnection_0, Driver: PendingNetDriver IpNetDriver_1, IsServer: NO, PC: NULL, Owner: NULL
[2017.05.24-10.58.05:635][630]PIE: Info Play in editor start time for /Game/Map/Main -0.155
[2017.05.24-10.58.05:658][630]LogBlueprintUserMessages: Late PlayInEditor Detection: Level '/Game/Map/Main.Main:PersistentLevel' has LevelScriptBlueprint '/Game/Map/Main.Main:PersistentLevel.Main' with GeneratedClass '/Game/Map/Main.Main_C' with ClassGeneratedBy '/Game/Map/Main.Main:PersistentLevel.Main'
[2017.05.24-10.58.05:658][630]LogNet: NotifyAcceptingConnection accepted from: 127.0.0.1:54713
[2017.05.24-10.58.05:658][630]LogHandshake: SendConnectChallenge. Timestamp: 0.020719, Cookie: 013120170149124029105248089055083177146094030171065054152047
[2017.05.24-10.58.05:705][630]LogHandshake: SendChallengeResponse. Timestamp: 0.020719, Cookie: 013120170149124029105248089055083177146094030171065054152047
[2017.05.24-10.58.05:813][630]LogRenderer: Reallocating scene render targets to support 1292x756 NumSamples 1 (Frame:1406).
[2017.05.24-10.58.05:979][631]LogNet: NotifyAcceptingConnection accepted from: 127.0.0.1:54713
[2017.05.24-10.58.05:979][631]LogNet: Server accepting post-challenge connection from: 127.0.0.1:54713
[2017.05.24-10.58.05:979][631]PacketHandlerLog: Loaded PacketHandler component: Engine.EngineHandlerComponentFactory (StatelessConnectHandlerComponent)
[2017.05.24-10.58.05:979][631]LogNet: NotifyAcceptedConnection: Name: Main, TimeStamp: 05/24/17 19:58:05, [UNetConnection] RemoteAddr: 127.0.0.1:54713, Name: IpConnection_1, Driver: GameNetDriver IpNetDriver_0, IsServer: YES, PC: NULL, Owner: NULL
[2017.05.24-10.58.05:979][631]LogNet: AddClientConnection: Added client connection: [UNetConnection] RemoteAddr: 127.0.0.1:54713, Name: IpConnection_1, Driver: GameNetDriver IpNetDriver_0, IsServer: YES, PC: NULL, Owner: NULL
[2017.05.24-10.58.05:979][631]LogNet: NotifyAcceptingChannel Control 0 server World /Game/Map/UEDPIE_1_Main.Main: Accepted
[2017.05.24-10.58.05:979][631]LogNet: Remote platform little endian=1
[2017.05.24-10.58.05:979][631]LogNet: This platform little endian=1
[2017.05.24-10.58.06:064][632]LogNet: Login request: /Game/Map/Main?Name=DESKTOP-5I3HB32-5208F502408B5DDBA5246B909D303B70 userId: DESKTOP-5I3HB32-5208F502408B5DDBA5246B909D303B70
[2017.05.24-10.58.06:065][632]LogNet: Welcomed by server (Level: /Game/Map/UEDPIE_1_Main, Game: /Game/BP/pregame.pregame_C)
[2017.05.24-10.58.06:065][632]LogLoad: LoadMap: 127.0.0.1//Game/Map/UEDPIE_1_Main?game=/Game/BP/pregame.pregame_C
[2017.05.24-10.58.06:093][632]Cmd: MEM
[2017.05.24-10.58.06:112][632]LogMemory: Platform Memory Stats for Windows
[2017.05.24-10.58.06:112][632]LogMemory: Process Physical Memory: 1617.70 MB used, 1617.70 MB peak
[2017.05.24-10.58.06:112][632]LogMemory: Process Virtual Memory: 2167.06 MB used, 2167.06 MB peak
[2017.05.24-10.58.06:112][632]LogMemory: Physical Memory: 6739.70 MB used,  5470.17 MB free, 12209.86 MB total
[2017.05.24-10.58.06:112][632]LogMemory: Virtual Memory: 2919.41 MB used,  5470.17 MB free, 134217728.00 MB total
[2017.05.24-10.58.06:112][632]LogMemory: 
[2017.05.24-10.58.06:112][632]Allocator Stats for TBB: (not implemented)
[2017.05.24-10.58.06:115][632]LogAIModule: Creating AISystem for world Main
[2017.05.24-10.58.06:118][632]LogWorld: Bringing World /Game/Map/UEDPIE_2_Main.Main up for play (max tick rate 60) at 2017.05.24-19.58.06
[2017.05.24-10.58.06:119][632]LogWorld: Bringing up level for play took: 0.002342
[2017.05.24-10.58.06:119][632]LogLoad: Took 0.054051 seconds to LoadMap(/Game/Map/UEDPIE_1_Main)
[2017.05.24-10.58.06:165][633]LogNet: Client netspeed is 10000
[2017.05.24-10.58.06:166][633]LogNet: Join request: /Game/Map/Main?Name=DESKTOP-5I3HB32-5208F502408B5DDBA5246B909D303B70?SplitscreenCount=1
[2017.05.24-10.58.06:166][633]LogOnline:Warning: OSS: No game present to join for session (Game)
[2017.05.24-10.58.06:168][633]LogBlueprintUserMessages: [pregame_C_0] Server: 0
[2017.05.24-10.58.06:168][633]LogNet: Join succeeded: DESKTOP-5I3HB32-5208
[2017.05.24-10.58.06:170][633]LogSpawn:Warning: SpawnActor failed because no class was specified
[2017.05.24-10.58.06:207][634]LogOnline:Warning: OSS: No game present to join for session (Game)
[2017.05.24-10.58.06:207][634]LogOnline:Warning: OSS: No game present to join for session (Game)
[2017.05.24-10.58.06:240][635]LogBlueprintUserMessages: [Main_C_1] Client 1: 0.524466
[2017.05.24-10.58.14:257][903]LogOnline:Warning: OSS: No game present to leave for session (Game)
[2017.05.24-10.58.14:257][903]LogBlueprintUserMessages: Early EndPlayMap Detection: Level '/Game/Map/Main.Main:PersistentLevel' has LevelScriptBlueprint '/Game/Map/Main.Main:PersistentLevel.Main' with GeneratedClass '/Game/Map/Main.Main_C' with ClassGeneratedBy '/Game/Map/Main.Main:PersistentLevel.Main'
[2017.05.24-10.58.14:313][903]LogOnline:Display: OSS: FOnlineSubsystemNull::Shutdown()
[2017.05.24-10.58.14:346][903]LogOnline:Display: OSS: FOnlineSubsystemNull::Shutdown()
[2017.05.24-10.58.14:348][903]LogPlayLevel:Display: Shutting down PIE online subsystems
[2017.05.24-10.58.14:349][903]LogBlueprintUserMessages: Late EndPlayMap Detection: Level '/Game/Map/Main.Main:PersistentLevel' has LevelScriptBlueprint '/Game/Map/Main.Main:PersistentLevel.Main' with GeneratedClass '/Game/Map/Main.Main_C' with ClassGeneratedBy '/Game/Map/Main.Main:PersistentLevel.Main'
[2017.05.24-10.58.14:376][903]LogNet: UChannel::CleanUp: ChIndex == 0. Closing connection. [UChannel] ChIndex: 0, Closing: 0 [UNetConnection] RemoteAddr: 127.0.0.1:54713, Name: IpConnection_1, Driver: GameNetDriver IpNetDriver_0, IsServer: YES, PC: None, Owner: None
[2017.05.24-10.58.14:376][903]LogNet: UNetConnection::Close: [UNetConnection] RemoteAddr: 127.0.0.1:54713, Name: IpConnection_1, Driver: GameNetDriver IpNetDriver_0, IsServer: YES, PC: None, Owner: None, Channels: 2, Time: 2017.05.24-10.58.14
[2017.05.24-10.58.14:376][903]LogNet: UChannel::Close: Sending CloseBunch. ChIndex == 0. Name: [UChannel] ChIndex: 0, Closing: 0 [UNetConnection] RemoteAddr: 127.0.0.1:54713, Name: IpConnection_1, Driver: GameNetDriver IpNetDriver_0, IsServer: YES, PC: None, Owner: None
[2017.05.24-10.58.14:376][903]LogNet: UChannel::CleanUp: ChIndex == 0. Closing connection. [UChannel] ChIndex: 0, Closing: 0 [UNetConnection] RemoteAddr: 127.0.0.1:7777, Name: IpConnection_0, Driver: GameNetDriver IpNetDriver_1, IsServer: NO, PC: None, Owner: None
[2017.05.24-10.58.14:376][903]LogNet: UNetConnection::Close: [UNetConnection] RemoteAddr: 127.0.0.1:7777, Name: IpConnection_0, Driver: GameNetDriver IpNetDriver_1, IsServer: NO, PC: None, Owner: None, Channels: 2, Time: 2017.05.24-10.58.14
[2017.05.24-10.58.14:376][903]LogNet: UChannel::Close: Sending CloseBunch. ChIndex == 0. Name: [UChannel] ChIndex: 0, Closing: 0 [UNetConnection] RemoteAddr: 127.0.0.1:7777, Name: IpConnection_0, Driver: GameNetDriver IpNetDriver_1, IsServer: NO, PC: None, Owner: None
[2017.05.24-10.58.14:381][903]LogExit: GameNetDriver None shut down
[2017.05.24-10.58.14:381][903]LogExit: GameNetDriver None shut down
[2017.05.24-10.58.14:518][904]LogPlayLevel:Display: Destroying online subsystem :Context_4
[2017.05.24-10.58.14:518][904]LogOnline:Display: OSS: FOnlineSubsystemNull::Shutdown()
[2017.05.24-10.58.14:518][904]LogPlayLevel:Display: Destroying online subsystem :Context_3
[2017.05.24-10.58.14:518][904]LogOnline:Display: OSS: FOnlineSubsystemNull::Shutdown()
[2017.05.24-10.58.46:566][284]BlueprintLog: New page: Compile Setting
[2017.05.24-10.58.46:897][284]BlueprintEditorCompileResults: Info 'ReturnValue' is already a 'Setting Save Data', you don't need  Cast To SettingSaveData .
[2017.05.24-10.58.46:897][284]BlueprintEditorCompileResults: Info The execution path doesn't end with a return node.  Cast Failed
[2017.05.24-10.58.46:897][284]BlueprintEditorCompileResults: Info The execution path doesn't end with a return node.  Cast Failed
[2017.05.24-10.59.59:600][ 37]Cmd: OBJ SAVEPACKAGE PACKAGE="/Game/server/Setting" FILE="../../../../../../Users/jcy/Documents/GitHub/UNNAMED/UNNAMED/Content/server/Setting.uasset" SILENT=true
[2017.05.24-10.59.59:765][ 37]LogSavePackage: Save=102.52ms
[2017.05.24-10.59.59:765][ 37]LogSavePackage: Moving '../../../../../../Users/jcy/Documents/GitHub/UNNAMED/UNNAMED/Saved/SettingC2FBAD7943BD305A6A88BF9AB383A80E.tmp' to '../../../../../../Users/jcy/Documents/GitHub/UNNAMED/UNNAMED/Content/server/Setting.uasset'
[2017.05.24-10.59.59:770][ 37]LogSavePackage:Display: Finished SavePackage ../../../../../../Users/jcy/Documents/GitHub/UNNAMED/UNNAMED/Content/server/Setting.uasset
[2017.05.24-10.59.59:773][ 37]Cmd: OBJ SAVEPACKAGE PACKAGE="/Game/server/W_mainMenu" FILE="../../../../../../Users/jcy/Documents/GitHub/UNNAMED/UNNAMED/Content/server/W_mainMenu.uasset" SILENT=true
[2017.05.24-10.59.59:856][ 37]LogSavePackage: Save=72.91ms
[2017.05.24-10.59.59:856][ 37]LogSavePackage: Moving '../../../../../../Users/jcy/Documents/GitHub/UNNAMED/UNNAMED/Saved/W_mainMenuC65579D54CBDF042D7B9309F9050BE2D.tmp' to '../../../../../../Users/jcy/Documents/GitHub/UNNAMED/UNNAMED/Content/server/W_mainMenu.uasset'
[2017.05.24-10.59.59:860][ 37]LogSavePackage:Display: Finished SavePackage ../../../../../../Users/jcy/Documents/GitHub/UNNAMED/UNNAMED/Content/server/W_mainMenu.uasset
[2017.05.24-11.00.00:061][ 37]LogWindowsTextInputMethodSystem:Display: IME system now activated using TSF (Microsoft 입력기).
[2017.05.24-11.00.00:298][ 38]Cmd: QUIT_EDITOR
[2017.05.24-11.00.00:481][ 38]LogExit: Preparing to exit.
[2017.05.24-11.00.00:987][ 38]LogDirectoryWatcher: A directory notification for 'C:/Users/jcy/Documents/GitHub/UNNAMED/UNNAMED/Content/' was aborted.
[2017.05.24-11.00.01:069][ 38]LogExit: Editor shut down
[2017.05.24-11.00.01:069][ 38]LogExit: Transaction tracking system shut down
[2017.05.24-11.00.01:280][ 38]LogObj: Freed 0b from 0 cluster array pools.
[2017.05.24-11.00.01:280][ 38]LogExit: Object subsystem successfully closed.
[2017.05.24-11.00.01:311][ 38]LogD3D11RHI: Shutdown
[2017.05.24-11.00.01:311][ 38]LogD3D11RHI: CleanupD3DDevice
[2017.05.24-11.00.01:416][ 38]LogD3D11RHI: ~FD3D11DynamicRHI
[2017.05.24-11.00.01:449][ 38]LogModuleManager: Shutting down and abandoning module MovieSceneCapture (510)
[2017.05.24-11.00.01:449][ 38]LogModuleManager: Shutting down and abandoning module Voice (508)
[2017.05.24-11.00.01:449][ 38]LogModuleManager: Shutting down and abandoning module SequencerWidgets (506)
[2017.05.24-11.00.01:449][ 38]LogModuleManager: Shutting down and abandoning module BlueprintGraph (504)
[2017.05.24-11.00.01:449][ 38]LogModuleManager: Shutting down and abandoning module BlueprintProfiler (502)
[2017.05.24-11.00.01:449][ 38]LogModuleManager: Shutting down and abandoning module HierarchicalLODOutliner (500)
[2017.05.24-11.00.01:449][ 38]LogModuleManager: Shutting down and abandoning module CrashTracker (498)
[2017.05.24-11.00.01:449][ 38]LogModuleManager: Shutting down and abandoning module SceneOutliner (496)
[2017.05.24-11.00.01:449][ 38]LogModuleManager: Shutting down and abandoning module AddContentDialog (494)
[2017.05.24-11.00.01:449][ 38]LogDirectoryWatcher: A directory notification for 'C:/Program Files/Epic Games/UE_4.15/FeaturePacks/' was aborted.
[2017.05.24-11.00.01:451][ 38]LogModuleManager: Shutting down and abandoning module WidgetCarousel (493)
[2017.05.24-11.00.01:451][ 38]LogModuleManager: Shutting down and abandoning module EditorWidgets (490)
[2017.05.24-11.00.01:451][ 38]LogModuleManager: Shutting down and abandoning module CollectionManager (488)
[2017.05.24-11.00.01:451][ 38]LogDirectoryWatcher: A directory notification for 'C:/Users/jcy/Documents/GitHub/UNNAMED/UNNAMED/Content/Collections/' was aborted.
[2017.05.24-11.00.01:451][ 38]LogDirectoryWatcher: A directory notification for 'C:/Users/jcy/Documents/GitHub/UNNAMED/UNNAMED/Content/Developers/jcy/Collections/' was aborted.
[2017.05.24-11.00.01:451][ 38]LogDirectoryWatcher: A directory notification for 'C:/Users/jcy/Documents/GitHub/UNNAMED/UNNAMED/Saved/Collections/' was aborted.
[2017.05.24-11.00.01:451][ 38]LogModuleManager: Shutting down and abandoning module StatsViewer (486)
[2017.05.24-11.00.01:451][ 38]LogModuleManager: Shutting down and abandoning module FoliageEdit (484)
[2017.05.24-11.00.01:451][ 38]LogModuleManager: Shutting down and abandoning module LandscapeEditor (482)
[2017.05.24-11.00.01:451][ 38]LogModuleManager: Shutting down and abandoning module SceneDepthPickerMode (480)
[2017.05.24-11.00.01:451][ 38]LogModuleManager: Shutting down and abandoning module ActorPickerMode (478)
[2017.05.24-11.00.01:451][ 38]LogModuleManager: Shutting down and abandoning module GeometryMode (476)
[2017.05.24-11.00.01:451][ 38]LogModuleManager: Shutting down and abandoning module TextureAlignMode (474)
[2017.05.24-11.00.01:451][ 38]LogModuleManager: Shutting down and abandoning module BspMode (472)
[2017.05.24-11.00.01:451][ 38]LogModuleManager: Shutting down and abandoning module HardwareSurvey (470)
[2017.05.24-11.00.01:451][ 38]LogModuleManager: Shutting down and abandoning module SequenceRecorderSections (468)
[2017.05.24-11.00.01:451][ 38]LogModuleManager: Shutting down and abandoning module AutomationWorker (466)
[2017.05.24-11.00.01:451][ 38]LogModuleManager: Shutting down and abandoning module MatineeToLevelSequence (464)
[2017.05.24-11.00.01:451][ 38]LogModuleManager: Shutting down and abandoning module LevelSequenceEditor (462)
[2017.05.24-11.00.01:451][ 38]LogModuleManager: Shutting down and abandoning module PlacementMode (461)
[2017.05.24-11.00.01:451][ 38]LogModuleManager: Shutting down and abandoning module WmfMediaFactory (458)
[2017.05.24-11.00.01:451][ 38]LogModuleManager: Shutting down and abandoning module WmfMediaEditor (456)
[2017.05.24-11.00.01:451][ 38]LogModuleManager: Shutting down and abandoning module MfMediaFactory (454)
[2017.05.24-11.00.01:451][ 38]LogModuleManager: Shutting down and abandoning module MfMediaEditor (452)
[2017.05.24-11.00.01:451][ 38]LogModuleManager: Shutting down and abandoning module AvfMediaFactory (450)
[2017.05.24-11.00.01:451][ 38]LogModuleManager: Shutting down and abandoning module AvfMediaEditor (448)
[2017.05.24-11.00.01:451][ 38]LogModuleManager: Shutting down and abandoning module AndroidMediaFactory (446)
[2017.05.24-11.00.01:451][ 38]LogModuleManager: Shutting down and abandoning module Media (445)
[2017.05.24-11.00.01:451][ 38]LogModuleManager: Shutting down and abandoning module AndroidMediaEditor (442)
[2017.05.24-11.00.01:451][ 38]LogModuleManager: Shutting down and abandoning module CharacterAI (440)
[2017.05.24-11.00.01:451][ 38]LogModuleManager: Shutting down and abandoning module AudioCapture (438)
[2017.05.24-11.00.01:451][ 38]LogModuleManager: Shutting down and abandoning module SequenceRecorder (437)
[2017.05.24-11.00.01:451][ 38]LogModuleManager: Shutting down and abandoning module SmartSnapping (434)
[2017.05.24-11.00.01:451][ 38]LogModuleManager: Shutting down and abandoning module SessionServices (432)
[2017.05.24-11.00.01:451][ 38]LogModuleManager: Shutting down and abandoning module ViewportSnapping (430)
[2017.05.24-11.00.01:451][ 38]LogModuleManager: Shutting down and abandoning module ViewportInteraction (428)
[2017.05.24-11.00.01:451][ 38]LogModuleManager: Shutting down and abandoning module LogVisualizer (426)
[2017.05.24-11.00.01:451][ 38]LogModuleManager: Shutting down and abandoning module IntroTutorials (424)
[2017.05.24-11.00.01:451][ 38]LogModuleManager: Shutting down and abandoning module GameProjectGeneration (423)
[2017.05.24-11.00.01:451][ 38]LogModuleManager: Shutting down and abandoning module EditorLiveStreaming (420)
[2017.05.24-11.00.01:451][ 38]LogModuleManager: Shutting down and abandoning module IOSPlatformEditor (418)
[2017.05.24-11.00.01:451][ 38]LogModuleManager: Shutting down and abandoning module HTML5PlatformEditor (416)
[2017.05.24-11.00.01:451][ 38]LogModuleManager: Shutting down and abandoning module AndroidPlatformEditor (414)
[2017.05.24-11.00.01:452][ 38]LogModuleManager: Shutting down and abandoning module AndroidDeviceDetection (413)
[2017.05.24-11.00.02:003][ 38]LogModuleManager: Shutting down and abandoning module IOSRuntimeSettings (410)
[2017.05.24-11.00.02:003][ 38]LogModuleManager: Shutting down and abandoning module AndroidRuntimeSettings (408)
[2017.05.24-11.00.02:003][ 38]LogModuleManager: Shutting down and abandoning module InputBindingEditor (406)
[2017.05.24-11.00.02:003][ 38]LogModuleManager: Shutting down and abandoning module NiagaraEditor (404)
[2017.05.24-11.00.02:003][ 38]LogModuleManager: Shutting down and abandoning module MergeActors (402)
[2017.05.24-11.00.02:003][ 38]LogModuleManager: Shutting down and abandoning module SizeMap (400)
[2017.05.24-11.00.02:003][ 38]LogModuleManager: Shutting down and abandoning module TreeMap (398)
[2017.05.24-11.00.02:003][ 38]LogModuleManager: Shutting down and abandoning module ReferenceViewer (396)
[2017.05.24-11.00.02:003][ 38]LogModuleManager: Shutting down and abandoning module LocalizationDashboard (394)
[2017.05.24-11.00.02:003][ 38]LogModuleManager: Shutting down and abandoning module LocalizationService (393)
[2017.05.24-11.00.02:003][ 38]LogModuleManager: Shutting down and abandoning module HardwareTargeting (390)
[2017.05.24-11.00.02:003][ 38]LogModuleManager: Shutting down and abandoning module DeviceProfileEditor (388)
[2017.05.24-11.00.02:003][ 38]LogModuleManager: Shutting down and abandoning module UndoHistory (386)
[2017.05.24-11.00.02:003][ 38]LogModuleManager: Shutting down and abandoning module UserFeedback (384)
[2017.05.24-11.00.02:003][ 38]LogModuleManager: Shutting down and abandoning module XmlParser (382)
[2017.05.24-11.00.02:003][ 38]LogModuleManager: Shutting down and abandoning module Blutility (380)
[2017.05.24-11.00.02:003][ 38]LogModuleManager: Shutting down and abandoning module ProjectSettingsViewer (378)
[2017.05.24-11.00.02:003][ 38]LogModuleManager: Shutting down and abandoning module ProjectTargetPlatformEditor (377)
[2017.05.24-11.00.02:004][ 38]LogModuleManager: Shutting down and abandoning module EditorSettingsViewer (374)
[2017.05.24-11.00.02:004][ 38]LogModuleManager: Shutting down and abandoning module SettingsEditor (372)
[2017.05.24-11.00.02:004][ 38]LogModuleManager: Shutting down and abandoning module ProjectLauncher (370)
[2017.05.24-11.00.02:004][ 38]LogModuleManager: Shutting down and abandoning module SessionFrontend (368)
[2017.05.24-11.00.02:004][ 38]LogModuleManager: Shutting down and abandoning module ProfilerClient (366)
[2017.05.24-11.00.02:004][ 38]LogModuleManager: Shutting down and abandoning module DeviceManager (364)
[2017.05.24-11.00.02:004][ 38]LogModuleManager: Shutting down and abandoning module TargetDeviceServices (363)
[2017.05.24-11.00.02:045][ 38]LogModuleManager: Shutting down and abandoning module AutomationController (360)
[2017.05.24-11.00.02:045][ 38]LogModuleManager: Shutting down and abandoning module AutomationWindow (358)
[2017.05.24-11.00.02:045][ 38]LogModuleManager: Shutting down and abandoning module Layers (356)
[2017.05.24-11.00.02:045][ 38]LogModuleManager: Shutting down and abandoning module ComponentVisualizers (354)
[2017.05.24-11.00.02:045][ 38]LogModuleManager: Shutting down and abandoning module DetailCustomizations (352)
[2017.05.24-11.00.02:045][ 38]LogModuleManager: Shutting down and abandoning module PackagesDialog (350)
[2017.05.24-11.00.02:045][ 38]LogModuleManager: Shutting down and abandoning module Persona (348)
[2017.05.24-11.00.02:045][ 38]LogModuleManager: Shutting down and abandoning module AnimGraph (347)
[2017.05.24-11.00.02:045][ 38]LogModuleManager: Shutting down and abandoning module Kismet (344)
[2017.05.24-11.00.02:078][ 38]LogModuleManager: Shutting down and abandoning module GraphEditor (342)
[2017.05.24-11.00.02:078][ 38]LogModuleManager: Shutting down and abandoning module ClassViewer (340)
[2017.05.24-11.00.02:078][ 38]LogModuleManager: Shutting down and abandoning module Toolbox (338)
[2017.05.24-11.00.02:078][ 38]LogModuleManager: Shutting down and abandoning module ModuleUI (336)
[2017.05.24-11.00.02:078][ 38]LogModuleManager: Shutting down and abandoning module MovieSceneTools (334)
[2017.05.24-11.00.02:078][ 38]LogModuleManager: Shutting down and abandoning module OutputLog (332)
[2017.05.24-11.00.02:078][ 38]LogModuleManager: Shutting down and abandoning module GammaUI (330)
[2017.05.24-11.00.02:078][ 38]LogModuleManager: Shutting down and abandoning module Documentation (328)
[2017.05.24-11.00.02:078][ 38]LogModuleManager: Shutting down and abandoning module Niagara (326)
[2017.05.24-11.00.02:078][ 38]LogModuleManager: Shutting down and abandoning module StreamingPauseRendering (324)
[2017.05.24-11.00.02:078][ 38]LogModuleManager: Shutting down and abandoning module AnalyticsET (322)
[2017.05.24-11.00.02:078][ 38]LogModuleManager: Shutting down and abandoning module PortalServices (320)
[2017.05.24-11.00.02:079][ 38]LogModuleManager: Shutting down and abandoning module PortalRpc (318)
[2017.05.24-11.00.02:079][ 38]LogModuleManager: Shutting down and abandoning module MessagingRpc (316)
[2017.05.24-11.00.02:079][ 38]LogModuleManager: Shutting down and abandoning module AIModule (314)
[2017.05.24-11.00.02:079][ 38]LogModuleManager: Shutting down and abandoning module GameplayDebugger (313)
[2017.05.24-11.00.02:079][ 38]LogModuleManager: Shutting down and abandoning module AITestSuite (311)
[2017.05.24-11.00.02:079][ 38]LogModuleManager: Shutting down and abandoning module ProfilerService (308)
[2017.05.24-11.00.02:127][ 38]LogModuleManager: Shutting down and abandoning module TaskGraph (306)
[2017.05.24-11.00.02:127][ 38]LogModuleManager: Shutting down and abandoning module SteamVRController (304)
[2017.05.24-11.00.02:127][ 38]LogModuleManager: Shutting down and abandoning module SteamVR (302)
[2017.05.24-11.00.02:127][ 38]LogModuleManager: Shutting down and abandoning module ProceduralMeshComponentEditor (300)
[2017.05.24-11.00.02:127][ 38]LogModuleManager: Shutting down and abandoning module ProceduralMeshComponent (298)
[2017.05.24-11.00.02:127][ 38]LogModuleManager: Shutting down and abandoning module OculusLibrary (296)
[2017.05.24-11.00.02:127][ 38]LogModuleManager: Shutting down and abandoning module OculusInput (294)
[2017.05.24-11.00.02:127][ 38]LogModuleManager: Shutting down and abandoning module MobilePatchingUtils (292)
[2017.05.24-11.00.02:127][ 38]LogModuleManager: Shutting down and abandoning module CustomMeshComponent (290)
[2017.05.24-11.00.02:127][ 38]LogModuleManager: Shutting down and abandoning module CableComponent (288)
[2017.05.24-11.00.02:127][ 38]LogModuleManager: Shutting down and abandoning module ArchVisCharacter (286)
[2017.05.24-11.00.02:127][ 38]LogModuleManager: Shutting down and abandoning module MediaPlayerEditor (284)
[2017.05.24-11.00.02:127][ 38]LogModuleManager: Shutting down and abandoning module HTML5Networking (282)
[2017.05.24-11.00.02:127][ 38]LogModuleManager: Shutting down and abandoning module AlembicImporter (280)
[2017.05.24-11.00.02:127][ 38]LogModuleManager: Shutting down and abandoning module AlembicLibrary (279)
[2017.05.24-11.00.02:127][ 38]LogModuleManager: Shutting down and abandoning module GeometryCache (278)
[2017.05.24-11.00.02:127][ 38]LogModuleManager: Shutting down and abandoning module GeometryCacheEd (277)
[2017.05.24-11.00.02:127][ 38]LogModuleManager: Shutting down and abandoning module SuperSearchEditor (272)
[2017.05.24-11.00.02:127][ 38]LogModuleManager: Shutting down and abandoning module SuperSearch (271)
[2017.05.24-11.00.02:127][ 38]LogModuleManager: Shutting down and abandoning module SpeedTreeImporter (268)
[2017.05.24-11.00.02:127][ 38]LogModuleManager: Shutting down and abandoning module PluginBrowser (266)
[2017.05.24-11.00.02:127][ 38]LogModuleManager: Shutting down and abandoning module MobileLauncherProfileWizard (264)
[2017.05.24-11.00.02:127][ 38]LogModuleManager: Shutting down and abandoning module EpicSurvey (262)
[2017.05.24-11.00.02:127][ 38]LogModuleManager: Shutting down and abandoning module VisualStudioSourceCodeAccess (260)
[2017.05.24-11.00.02:127][ 38]LogModuleManager: Shutting down and abandoning module DesktopPlatform (259)
[2017.05.24-11.00.02:127][ 38]LogModuleManager: Shutting down and abandoning module UObjectPlugin (256)
[2017.05.24-11.00.02:127][ 38]LogModuleManager: Shutting down and abandoning module SubversionSourceControl (254)
[2017.05.24-11.00.02:127][ 38]LogModuleManager: Shutting down and abandoning module PerforceSourceControl (252)
[2017.05.24-11.00.02:127][ 38]LogModuleManager: Shutting down and abandoning module GitSourceControl (250)
[2017.05.24-11.00.02:127][ 38]LogModuleManager: Shutting down and abandoning module SourceControl (249)
[2017.05.24-11.00.02:128][ 38]LogModuleManager: Shutting down and abandoning module LightPropagationVolumeEditor (246)
[2017.05.24-11.00.02:128][ 38]LogModuleManager: Shutting down and abandoning module PaperTiledImporter (244)
[2017.05.24-11.00.02:128][ 38]LogModuleManager: Shutting down and abandoning module PaperSpriteSheetImporter (242)
[2017.05.24-11.00.02:128][ 38]LogModuleManager: Shutting down and abandoning module Paper2DEditor (240)
[2017.05.24-11.00.02:128][ 38]LogModuleManager: Shutting down and abandoning module MeshPaint (239)
[2017.05.24-11.00.02:128][ 38]LogModuleManager: Shutting down and abandoning module LevelEditor (237)
[2017.05.24-11.00.02:129][ 38]LogModuleManager: Shutting down and abandoning module PixelInspectorModule (236)
[2017.05.24-11.00.02:129][ 38]LogModuleManager: Shutting down and abandoning module MainFrame (234)
[2017.05.24-11.00.02:129][ 38]LogModuleManager: Shutting down and abandoning module HotReload (233)
[2017.05.24-11.00.02:130][ 38]LogModuleManager: Shutting down and abandoning module ContentBrowser (229)
[2017.05.24-11.00.02:131][ 38]LogModuleManager: Shutting down and abandoning module PhysXVehiclesEditor (226)
[2017.05.24-11.00.02:131][ 38]LogModuleManager: Shutting down and abandoning module PhysXVehicles (224)
[2017.05.24-11.00.02:132][ 38]LogModuleManager: Shutting down and abandoning module LocationServicesBPLibrary (222)
[2017.05.24-11.00.02:132][ 38]LogModuleManager: Shutting down and abandoning module UdpMessaging (220)
[2017.05.24-11.00.02:232][ 38]LogModuleManager: Shutting down and abandoning module TcpMessaging (218)
[2017.05.24-11.00.02:333][ 38]LogModuleManager: Shutting down and abandoning module GameplayTagsEditor (216)
[2017.05.24-11.00.02:333][ 38]LogModuleManager: Shutting down and abandoning module FacialAnimationEditor (214)
[2017.05.24-11.00.02:333][ 38]LogModuleManager: Shutting down and abandoning module FacialAnimation (212)
[2017.05.24-11.00.02:333][ 38]LogModuleManager: Shutting down and abandoning module LightPropagationVolumeRuntime (210)
[2017.05.24-11.00.02:333][ 38]LogModuleManager: Shutting down and abandoning module Paper2D (208)
[2017.05.24-11.00.02:333][ 38]LogModuleManager: Shutting down and abandoning module WindowsMoviePlayer (206)
[2017.05.24-11.00.02:333][ 38]LogModuleManager: Shutting down and abandoning module WmfMedia (204)
[2017.05.24-11.00.02:333][ 38]LogModuleManager: Shutting down and abandoning module MfMedia (202)
[2017.05.24-11.00.02:333][ 38]LogModuleManager: Shutting down and abandoning module MediaAssets (200)
[2017.05.24-11.00.02:333][ 38]LogModuleManager: Shutting down and abandoning module GameLiveStreaming (198)
[2017.05.24-11.00.02:334][ 38]LogModuleManager: Shutting down and abandoning module VREditor (196)
[2017.05.24-11.00.02:334][ 38]LogModuleManager: Shutting down and abandoning module GameplayTasksEditor (194)
[2017.05.24-11.00.02:334][ 38]LogModuleManager: Shutting down and abandoning module BehaviorTreeEditor (192)
[2017.05.24-11.00.02:334][ 38]LogModuleManager: Shutting down and abandoning module FunctionalTesting (190)
[2017.05.24-11.00.02:334][ 38]LogModuleManager: Shutting down and abandoning module CollisionAnalyzer (188)
[2017.05.24-11.00.02:334][ 38]LogModuleManager: Shutting down and abandoning module UMG (186)
[2017.05.24-11.00.02:334][ 38]LogModuleManager: Shutting down and abandoning module UMGEditor (185)
[2017.05.24-11.00.02:334][ 38]LogModuleManager: Shutting down and abandoning module Sequencer (184)
[2017.05.24-11.00.02:334][ 38]LogModuleManager: Shutting down and abandoning module AssetTools (182)
[2017.05.24-11.00.02:334][ 38]LogModuleManager: Shutting down and abandoning module MessageLog (181)
[2017.05.24-11.00.02:334][ 38]LogModuleManager: Shutting down and abandoning module WorkspaceMenuStructure (180)
[2017.05.24-11.00.02:334][ 38]LogModuleManager: Shutting down and abandoning module SlateReflector (174)
[2017.05.24-11.00.02:334][ 38]LogModuleManager: Shutting down and abandoning module Slate (172)
[2017.05.24-11.00.02:334][ 38]LogModuleManager: Shutting down and abandoning module EditorStyle (170)
[2017.05.24-11.00.02:339][ 38]LogModuleManager: Shutting down and abandoning module SourceCodeAccess (168)
[2017.05.24-11.00.02:339][ 38]LogModuleManager: Shutting down and abandoning module HeadMountedDisplay (166)
[2017.05.24-11.00.02:339][ 38]LogModuleManager: Shutting down and abandoning module XAudio2 (164)
[2017.05.24-11.00.02:339][ 38]LogModuleManager: Shutting down and abandoning module Networking (162)
[2017.05.24-11.00.02:339][ 38]LogModuleManager: Shutting down and abandoning module Core (160)
[2017.05.24-11.00.02:339][ 38]LogModuleManager: Shutting down and abandoning module AssetRegistry (158)
[2017.05.24-11.00.02:646][ 38]LogDirectoryWatcher: A directory notification for '../../../Engine/Content/' was aborted.
[2017.05.24-11.00.02:646][ 38]LogDirectoryWatcher: A directory notification for '../../../../../../Users/jcy/Documents/GitHub/UNNAMED/UNNAMED/Content/' was aborted.
[2017.05.24-11.00.02:646][ 38]LogDirectoryWatcher: A directory notification for '../../../Engine/Plugins/2D/Paper2D/Content/' was aborted.
[2017.05.24-11.00.02:646][ 38]LogModuleManager: Shutting down and abandoning module DirectoryWatcher (157)
[2017.05.24-11.00.02:647][ 38]LogModuleManager: Shutting down and abandoning module KismetCompiler (154)
[2017.05.24-11.00.02:647][ 38]LogModuleManager: Shutting down and abandoning module PhysXFormats (152)
[2017.05.24-11.00.02:647][ 38]LogModuleManager: Shutting down and abandoning module MeshUtilities (150)
[2017.05.24-11.00.02:647][ 38]LogModuleManager: Shutting down and abandoning module SimplygonSwarm (149)
[2017.05.24-11.00.02:647][ 38]LogModuleManager: Shutting down and abandoning module SimplygonMeshReduction (147)
[2017.05.24-11.00.02:647][ 38]LogModuleManager: Shutting down and abandoning module QuadricMeshReduction (145)
[2017.05.24-11.00.02:647][ 38]LogModuleManager: Shutting down and abandoning module PropertyEditor (143)
[2017.05.24-11.00.02:647][ 38]LogModuleManager: Shutting down and abandoning module DerivedDataCache (140)
[2017.05.24-11.00.02:704][ 38]LogDerivedDataCache: Shutdown
[2017.05.24-11.00.02:704][ 38]LogModuleManager: Shutting down and abandoning module TargetPlatform (138)
[2017.05.24-11.00.02:704][ 38]LogModuleManager: Shutting down and abandoning module VulkanShaderFormat (137)
[2017.05.24-11.00.02:704][ 38]LogModuleManager: Shutting down and abandoning module ShaderFormatOpenGL (135)
[2017.05.24-11.00.02:704][ 38]LogModuleManager: Shutting down and abandoning module ShaderFormatD3D (133)
[2017.05.24-11.00.02:704][ 38]LogModuleManager: Shutting down and abandoning module MetalShaderFormat (131)
[2017.05.24-11.00.02:704][ 38]LogModuleManager: Shutting down and abandoning module TextureFormatUncompressed (129)
[2017.05.24-11.00.02:704][ 38]LogModuleManager: Shutting down and abandoning module TextureFormatPVR (127)
[2017.05.24-11.00.02:704][ 38]LogModuleManager: Shutting down and abandoning module TextureFormatDXT (125)
[2017.05.24-11.00.02:704][ 38]LogModuleManager: Shutting down and abandoning module TextureFormatIntelISPCTexComp (123)
[2017.05.24-11.00.02:704][ 38]LogModuleManager: Shutting down and abandoning module TextureFormatASTC (121)
[2017.05.24-11.00.02:704][ 38]LogModuleManager: Shutting down and abandoning module ImageWrapper (120)
[2017.05.24-11.00.02:705][ 38]LogModuleManager: Shutting down and abandoning module TextureFormatAndroid (117)
[2017.05.24-11.00.02:705][ 38]LogModuleManager: Shutting down and abandoning module AudioFormatOpus (115)
[2017.05.24-11.00.02:705][ 38]LogModuleManager: Shutting down and abandoning module AudioFormatOgg (113)
[2017.05.24-11.00.02:705][ 38]LogModuleManager: Shutting down and abandoning module AudioFormatADPCM (111)
[2017.05.24-11.00.02:705][ 38]LogModuleManager: Shutting down and abandoning module LinuxTargetPlatform (109)
[2017.05.24-11.00.02:705][ 38]LogModuleManager: Shutting down and abandoning module LinuxServerTargetPlatform (107)
[2017.05.24-11.00.02:705][ 38]LogModuleManager: Shutting down and abandoning module LinuxNoEditorTargetPlatform (105)
[2017.05.24-11.00.02:705][ 38]LogModuleManager: Shutting down and abandoning module LinuxClientTargetPlatform (103)
[2017.05.24-11.00.02:705][ 38]LogModuleManager: Shutting down and abandoning module TVOSTargetPlatform (101)
[2017.05.24-11.00.02:705][ 38]LogModuleManager: Shutting down and abandoning module Messaging (99)
[2017.05.24-11.00.02:705][ 38]LogModuleManager: Shutting down and abandoning module IOSTargetPlatform (97)
[2017.05.24-11.00.02:705][ 38]LogModuleManager: Shutting down and abandoning module HTML5TargetPlatform (95)
[2017.05.24-11.00.02:705][ 38]LogModuleManager: Shutting down and abandoning module Android_PVRTCTargetPlatform (93)
[2017.05.24-11.00.02:705][ 38]LogModuleManager: Shutting down and abandoning module Android_MultiTargetPlatform (91)
[2017.05.24-11.00.02:705][ 38]LogModuleManager: Shutting down and abandoning module Android_ETC2TargetPlatform (89)
[2017.05.24-11.00.02:705][ 38]LogModuleManager: Shutting down and abandoning module Android_ETC1TargetPlatform (87)
[2017.05.24-11.00.02:705][ 38]LogModuleManager: Shutting down and abandoning module Android_DXTTargetPlatform (85)
[2017.05.24-11.00.02:705][ 38]LogModuleManager: Shutting down and abandoning module Android_ATCTargetPlatform (83)
[2017.05.24-11.00.02:705][ 38]LogModuleManager: Shutting down and abandoning module Android_ASTCTargetPlatform (81)
[2017.05.24-11.00.02:705][ 38]LogModuleManager: Shutting down and abandoning module AndroidTargetPlatform (79)
[2017.05.24-11.00.02:705][ 38]LogModuleManager: Shutting down and abandoning module WindowsTargetPlatform (77)
[2017.05.24-11.00.02:705][ 38]LogModuleManager: Shutting down and abandoning module WindowsServerTargetPlatform (75)
[2017.05.24-11.00.02:705][ 38]LogModuleManager: Shutting down and abandoning module WindowsNoEditorTargetPlatform (73)
[2017.05.24-11.00.02:705][ 38]LogModuleManager: Shutting down and abandoning module WindowsClientTargetPlatform (71)
[2017.05.24-11.00.02:705][ 38]LogModuleManager: Shutting down and abandoning module MacTargetPlatform (69)
[2017.05.24-11.00.02:705][ 38]LogModuleManager: Shutting down and abandoning module MacServerTargetPlatform (67)
[2017.05.24-11.00.02:705][ 38]LogModuleManager: Shutting down and abandoning module MacNoEditorTargetPlatform (65)
[2017.05.24-11.00.02:705][ 38]LogModuleManager: Shutting down and abandoning module MacClientTargetPlatform (63)
[2017.05.24-11.00.02:705][ 38]LogModuleManager: Shutting down and abandoning module AllDesktopTargetPlatform (61)
[2017.05.24-11.00.02:705][ 38]LogModuleManager: Shutting down and abandoning module InputCore (58)
[2017.05.24-11.00.02:705][ 38]LogModuleManager: Shutting down and abandoning module Settings (56)
[2017.05.24-11.00.02:705][ 38]LogModuleManager: Shutting down and abandoning module OculusRift (54)
[2017.05.24-11.00.02:705][ 38]LogModuleManager: Shutting down and abandoning module GearVR (52)
[2017.05.24-11.00.02:705][ 38]LogModuleManager: Shutting down and abandoning module ExampleDeviceProfileSelector (50)
[2017.05.24-11.00.02:705][ 38]LogModuleManager: Shutting down and abandoning module OnlineBlueprintSupport (48)
[2017.05.24-11.00.02:705][ 38]LogModuleManager: Shutting down and abandoning module OnlineSubsystem (44)
[2017.05.24-11.00.02:705][ 38]LogOnline:Display: OSS: FOnlineSubsystemNull::Shutdown()
[2017.05.24-11.00.02:706][ 38]LogOnline:Display: Unloading online subsystem: STEAM
[2017.05.24-11.00.02:706][ 38]LogOnline:Display: Unloading online subsystem: NULL
[2017.05.24-11.00.02:706][ 38]LogModuleManager: Shutting down and abandoning module XMPP (37)
[2017.05.24-11.00.02:706][ 38]LogModuleManager: Shutting down and abandoning module HTTP (35)
[2017.05.24-11.00.02:706][ 38]LogHttp:Display: Http module shutting down, but needs to wait on 1 outstanding Http requests:
[2017.05.24-11.00.02:706][ 38]LogHttp:Display: 	verb=[POST] url=[https://datarouter.ol.epicgames.com/datarouter/api/v1/public/data?SessionID=%7BAC382A05-44AD-A4E0-C90F-71B31E5B043E%7D&AppID=UEEditor.Rocket.Release&AppVersion=4.15.1-3348071%2B%2B%2BUE4%2BRelease-4.15&UserID=a07495f74c58e19515019bb4e70f5d77%7C9b3181ca76214d4d8bfeb8cff36b7c1c%7C26ae4e54-a309-4a23-9817-c1f836c34cfa&AppEnvironment=datacollector-binary&UploadType=eteventstream] status=Processing
[2017.05.24-11.00.02:715][ 38]LogModuleManager: Shutting down and abandoning module SSL (34)
[2017.05.24-11.00.02:717][ 38]LogModuleManager: Shutting down and abandoning module AudioEditor (30)
[2017.05.24-11.00.02:717][ 38]LogModuleManager: Shutting down and abandoning module TextureCompressor (28)
[2017.05.24-11.00.02:717][ 38]LogModuleManager: Shutting down and abandoning module ShaderCore (26)
[2017.05.24-11.00.02:717][ 38]LogModuleManager: Shutting down and abandoning module Landscape (24)
[2017.05.24-11.00.02:717][ 38]LogModuleManager: Shutting down and abandoning module SlateRHIRenderer (22)
[2017.05.24-11.00.02:720][ 38]LogModuleManager: Shutting down and abandoning module OpenGLDrv (20)
[2017.05.24-11.00.02:720][ 38]LogModuleManager: Shutting down and abandoning module D3D11RHI (18)
[2017.05.24-11.00.02:720][ 38]LogModuleManager: Shutting down and abandoning module AnimGraphRuntime (16)
[2017.05.24-11.00.02:720][ 38]LogModuleManager: Shutting down and abandoning module Renderer (14)
[2017.05.24-11.00.02:720][ 38]LogModuleManager: Shutting down and abandoning module Engine (12)
[2017.05.24-11.00.02:720][ 38]LogModuleManager: Shutting down and abandoning module CoreUObject (10)
[2017.05.24-11.00.02:720][ 38]LogModuleManager: Shutting down and abandoning module NetworkFile (8)
[2017.05.24-11.00.02:720][ 38]LogModuleManager: Shutting down and abandoning module StreamingFile (6)
[2017.05.24-11.00.02:720][ 38]LogModuleManager: Shutting down and abandoning module SandboxFile (4)
[2017.05.24-11.00.02:720][ 38]LogModuleManager: Shutting down and abandoning module PakFile (2)
[2017.05.24-11.00.02:722][ 38]LogExit: Exiting.
[2017.05.24-11.00.02:724][ 38]Log file closed, 05/24/17 20:00:02
