Log file open, 12/05/16 00:26:49
LogInit:Display: Running engine for game: UNNAMED
LogPlatformFile: Not using cached read wrapper
LogInit:Display: RandInit(1724895199) SRandInit(1724895202).
LogTaskGraph: Started task graph with 4 named threads and 7 total threads with 1 sets of task threads.
LogStats: Stats thread started at 0.109143
LogInit: Version: 4.12.5-3039270+++UE4+Release-4.12
LogInit: API Version: 2992821
LogInit: Net Version: 3039270
LogDevObjectVersion: Number of dev versions registered: 13
LogDevObjectVersion:   Dev-Blueprints (B0D832E4-1F89-4F0D-ACCF-7EB736FD4AA2): 3
LogDevObjectVersion:   Dev-Build (E1C64328-A22C-4D53-A36C-8E866417BD8C): 0
LogDevObjectVersion:   Dev-Core (375EC13C-06E4-48FB-B500-84F0262A717E): 1
LogDevObjectVersion:   Dev-Editor (E4B068ED-F494-42E9-A231-DA0B2E46BB41): 2
LogDevObjectVersion:   Dev-Framework (CFFC743F-43B0-4480-9391-14DF171D2073): 6
LogDevObjectVersion:   Dev-Mobile (B02B49B5-BB20-44E9-A304-32B752E40360): 0
LogDevObjectVersion:   Dev-Networking (A4E4105C-59A1-49B5-A7C5-40C4547EDFEE): 0
LogDevObjectVersion:   Dev-Online (39C831C9-5AE6-47DC-9A44-9C173E1C8E7C): 0
LogDevObjectVersion:   Dev-Physics (78F01B33-EBEA-4F98-B9B4-84EACCB95AA2): 0
LogDevObjectVersion:   Dev-Platform (6631380F-2D4D-43E0-8009-CF276956A95A): 0
LogDevObjectVersion:   Dev-Rendering (12F88B9F-8875-4AFC-A67C-D90C383ABD29): 2
LogDevObjectVersion:   Dev-Sequencer (7B5AE74C-D270-4C10-A958-57980B212A5A): 0
LogDevObjectVersion:   Dev-VR (D7296918-1DD6-4BDD-9DE2-64A83CC13884): 0
LogInit: Compiled (64-bit): Jul  6 2016 09:09:46
LogInit: Compiled with Visual C++: 19.00.23026.00
LogInit: Build Configuration: Development
LogInit: Branch Name: ++UE4+Release-4.12
LogInit: Command line:  /Temp/Autosaves/Game/Map/UEDPCMain -game -PIEVIACONSOLE -ResX=1280 -ResY=720  -Multiprocess -windowed -messaging -SessionName="Play in Standalone Game" 
LogInit: Base directory: C:/Program Files (x86)/Epic Games/4.12/Engine/Binaries/Win64/
LogInit: Installed Engine Build: 1
LogInit: Using libcurl 7.41.0
LogInit:  - built for x86_64-pc-win32
LogInit:  - supports SSL with WinSSL
LogInit:  - other features:
LogInit:      CURL_VERSION_SSL
LogInit:      CURL_VERSION_IPV6
LogInit:      CURL_VERSION_ASYNCHDNS
LogInit:      CURL_VERSION_LARGEFILE
LogInit:      CURL_VERSION_IDN
LogInit:  CurlRequestOptions (configurable via config and command line):
LogInit:  - bVerifyPeer = true  - Libcurl will verify peer certificate
LogInit:  - bUseHttpProxy = false  - Libcurl will NOT use HTTP proxy
LogInit:  - bDontReuseConnections = false  - Libcurl will reuse connections
LogInit:  - CertBundlePath = nullptr  - Libcurl will use whatever was configured at build time.
LogOnline:Display: STEAM: Loading Steam SDK 1.32
LogInit: WinSock: version 1.1 (2.2), MaxSocks=32767, MaxUdp=65467
LogInit: Presizing for max 8388607 objects, including 0 objects not considered by GC, pre-allocating 0 bytes for permanent pool.
LogInit: Object subsystem initialized
[2016.12.04-15.26.49:585][  0]LogInit: Selected Device Profile: [Windows]
[2016.12.04-15.26.49:585][  0]LogInit: Applying CVar settings loaded from the selected device profile: [Windows]
[2016.12.04-15.26.49:630][  0]LogInit: Computer: DESKTOP-5I3HB32
[2016.12.04-15.26.49:630][  0]LogInit: User: jcy
[2016.12.04-15.26.49:630][  0]LogInit: CPU Page size=65536, Cores=4
[2016.12.04-15.26.49:630][  0]LogInit: High frequency timer resolution =2.533210 MHz
[2016.12.04-15.26.49:630][  0]LogMemory: Memory total: Physical=7.9GB (8GB approx)
[2016.12.04-15.26.49:630][  0]LogMemory: Platform Memory Stats for Windows
[2016.12.04-15.26.49:630][  0]LogMemory: Process Physical Memory: 228.54 MB used, 228.54 MB peak
[2016.12.04-15.26.49:630][  0]LogMemory: Process Virtual Memory: 213.32 MB used, 213.32 MB peak
[2016.12.04-15.26.49:630][  0]LogMemory: Physical Memory: 4759.12 MB used, 8113.86 MB total
[2016.12.04-15.26.49:630][  0]LogMemory: Virtual Memory: 671.23 MB used, 134217728.00 MB total
[2016.12.04-15.26.50:500][  0]LogD3D11RHI: D3D11 adapters:
[2016.12.04-15.26.51:154][  0]LogD3D11RHI:    0. 'NVIDIA GeForce GTX 960M' (Feature Level 11_0)
[2016.12.04-15.26.51:154][  0]LogD3D11RHI:       2018/0/4056 MB DedicatedVideo/DedicatedSystem/SharedSystem, Outputs:2, VendorId:0x10de
[2016.12.04-15.26.51:161][  0]LogD3D11RHI:    1. 'Intel(R) HD Graphics 4600' (Feature Level 11_0)
[2016.12.04-15.26.51:161][  0]LogD3D11RHI:       112/0/2048 MB DedicatedVideo/DedicatedSystem/SharedSystem, Outputs:0, VendorId:0x8086
[2016.12.04-15.26.51:162][  0]LogD3D11RHI:    2. 'Microsoft Basic Render Driver' (Feature Level 11_0)
[2016.12.04-15.26.51:162][  0]LogD3D11RHI:       0/0/4056 MB DedicatedVideo/DedicatedSystem/SharedSystem, Outputs:0, VendorId:0x1414
[2016.12.04-15.26.51:162][  0]LogD3D11RHI: Chosen D3D11 Adapter: 0
[2016.12.04-15.26.51:168][  0]LogD3D11RHI: Creating new Direct3DDevice
[2016.12.04-15.26.51:168][  0]LogD3D11RHI:     GPU DeviceId: 0x139b (for the marketing name, search the web for "GPU Device Id")
[2016.12.04-15.26.51:169][  0]LogWindows: EnumDisplayDevices:
[2016.12.04-15.26.51:169][  0]LogWindows:    0. 'Intel(R) HD Graphics 4600' (P:1 D:1)
[2016.12.04-15.26.51:169][  0]LogWindows:    1. 'Intel(R) HD Graphics 4600' (P:0 D:1)
[2016.12.04-15.26.51:169][  0]LogWindows:    2. 'Intel(R) HD Graphics 4600' (P:0 D:0)
[2016.12.04-15.26.51:169][  0]LogWindows: DebugString: PrimaryIsNotTheChoosenAdapter PrimaryIsNotTheChoosenAdapter PrimaryIsNotTheChoosenAdapter FoundDriverCount:0 
[2016.12.04-15.26.51:169][  0]LogD3D11RHI:     Adapter Name: NVIDIA GeForce GTX 960M
[2016.12.04-15.26.51:169][  0]LogD3D11RHI:   Driver Version: Unknown (internal:Unknown, unified:Unknown)
[2016.12.04-15.26.51:169][  0]LogD3D11RHI:      Driver Date: Unknown
[2016.12.04-15.26.51:169][  0]LogRHI: Texture pool is 1361 MB (70% of 1945 MB)
[2016.12.04-15.26.51:739][  0]LogD3D11RHI: Async texture creation enabled
[2016.12.04-15.26.52:137][  0]LogD3D11RHI: GPU Timing Frequency: 1000.000000 (Debug: 2 1)
[2016.12.04-15.26.52:137][  0]LogShaderCompilers: Guid format shader working directory is -17 characters bigger than the processId version (../../../../../../Users/jcy/Documents/GitHub/UNNAMED/UNNAMED/Intermediate/Shaders/WorkingDirectory/13608/).
[2016.12.04-15.26.52:138][  0]LogShaderCompilers: Cleaned the shader compiler working directory 'C:/Users/jcy/AppData/Local/Temp/UnrealShaderWorkingDir/80C1A9714E1D7CD57D032EB3B79B4F5D/'.
[2016.12.04-15.26.52:138][  0]LogShaderCompilers:Display: Using Local Shader Compiler.
[2016.12.04-15.26.56:712][  0]LogTemp:Display: Loaded TP WindowsClientTargetPlatform
[2016.12.04-15.26.56:722][  0]LogTemp:Display: Loaded TP WindowsNoEditorTargetPlatform
[2016.12.04-15.26.56:733][  0]LogTemp:Display: Loaded TP WindowsServerTargetPlatform
[2016.12.04-15.26.56:747][  0]LogTemp:Display: Loaded TP WindowsTargetPlatform
[2016.12.04-15.26.56:747][  0]LogTargetPlatformManager:Display: Building Assets For Windows
[2016.12.04-15.26.56:856][  0]LogDerivedDataCache:Display: Max Cache Size: 512 MB
[2016.12.04-15.26.56:922][  0]LogDerivedDataCache: Loaded boot cache 0.07s 48MB C:/Users/jcy/AppData/Local/UnrealEngine/4.12/DerivedDataCache/Boot.ddc.
[2016.12.04-15.26.56:923][  0]LogDerivedDataCache:Display: Loaded Boot cache: C:/Users/jcy/AppData/Local/UnrealEngine/4.12/DerivedDataCache/Boot.ddc
[2016.12.04-15.26.56:923][  0]LogDerivedDataCache: FDerivedDataBackendGraph:  Pak pak cache file ../../../../../../Users/jcy/Documents/GitHub/UNNAMED/UNNAMED/DerivedDataCache/DDC.ddp not found, will not use a pak cache.
[2016.12.04-15.26.56:923][  0]LogDerivedDataCache: Unable to find inner node Pak for hierarchical cache Hierarchy.
[2016.12.04-15.26.56:923][  0]LogDerivedDataCache: FDerivedDataBackendGraph:  CompressedPak pak cache file ../../../../../../Users/jcy/Documents/GitHub/UNNAMED/UNNAMED/DerivedDataCache/Compressed.ddp not found, will not use a pak cache.
[2016.12.04-15.26.56:923][  0]LogDerivedDataCache: Unable to find inner node CompressedPak for hierarchical cache Hierarchy.
[2016.12.04-15.26.56:941][  0]LogDerivedDataCache:Display: Pak cache opened for reading ../../../Engine/DerivedDataCache/Compressed.ddp.
[2016.12.04-15.26.56:953][  0]LogDerivedDataCache: Using Local data cache path C:/Users/jcy/AppData/Local/UnrealEngine/Common/DerivedDataCache: Writable
[2016.12.04-15.26.57:217][  0]LogAssetRegistry: FAssetRegistry took 0.0001 seconds to start up
[2016.12.04-15.26.57:219][  0]LogPackageLocalizationCache: Processed 3 localized package path(s) for 1 prioritized culture(s) in 0.002629 seconds
[2016.12.04-15.26.57:242][  0]LogInit: Selected Device Profile: [Windows]
[2016.12.04-15.26.57:243][  0]LogContentStreaming: Texture pool size is 1000.00 MB
[2016.12.04-15.26.57:944][  0]LogMeshUtilities: No automatic mesh reduction module available
[2016.12.04-15.26.57:944][  0]LogMeshUtilities: No automatic mesh merging module available
[2016.12.04-15.26.57:944][  0]LogMeshUtilities: No distributed automatic mesh merging module available
[2016.12.04-15.27.00:941][  0]LogSlate: SlateFontCache - WITH_FREETYPE: 1, WITH_HARFBUZZ: 1
[2016.12.04-15.27.00:941][  0]LogSlate: SlateFontCache - WITH_FREETYPE: 1, WITH_HARFBUZZ: 1
[2016.12.04-15.27.02:694][  0]LogMoviePlayer: Initializing movie player
[2016.12.04-15.27.02:974][  0]LogWindowsMoviePlayer: Unable to load movie: ../../../../../../Users/jcy/Documents/GitHub/UNNAMED/UNNAMED/Content/Movies/Default_Startup.mp4
[2016.12.04-15.27.03:257][  0]LogUdpMessaging: Initializing bridge on interface 0.0.0.0:0 to multicast group 230.0.0.1:6666.
[2016.12.04-15.27.03:338][  0]SourceControl: Info Source control is disabled
[2016.12.04-15.27.03:338][  0]SourceControl: Info Source control is disabled
[2016.12.04-15.27.03:355][  0]SourceControl: Info Source control is disabled
[2016.12.04-15.27.03:524][  0]LogUObjectArray: 30992 objects as part of root set at end of initial load.
[2016.12.04-15.27.03:524][  0]LogUObjectAllocator: 6930712 out of 0 bytes used by permanent object pool.
[2016.12.04-15.27.03:524][  0]LogUObjectArray: CloseDisregardForGC: 0/0 objects in disregard for GC pool
[2016.12.04-15.27.03:940][  0]LogEngine: Initializing Engine...
[2016.12.04-15.27.03:941][  0]LogHMD: SteamVR failed to initialize.  Err: 110
[2016.12.04-15.27.03:942][  0]LogHMD: SteamVR failed to initialize.  Err: 110
[2016.12.04-15.27.04:850][  0]LogInit: XAudio2 using '스피커(Realtek High Definition Audio)' : 2 channels at 48 kHz using 32 bits per sample (channel mask 0x3)
[2016.12.04-15.27.04:938][  0]LogInit: FAudioDevice initialized.
[2016.12.04-15.27.04:957][  0]LogInit: Texture streaming: Enabled
[2016.12.04-15.27.06:235][  0]LogNet: Browse: /Temp/Autosaves/Game/Map/UEDPCMain?Name=Player
[2016.12.04-15.27.06:235][  0]LogLoad: LoadMap: /Temp/Autosaves/Game/Map/UEDPCMain?Name=Player
[2016.12.04-15.27.06:276][  0]LogMemory: Platform Memory Stats for Windows
[2016.12.04-15.27.06:276][  0]LogMemory: Process Physical Memory: 614.75 MB used, 628.67 MB peak
[2016.12.04-15.27.06:276][  0]LogMemory: Process Virtual Memory: 654.25 MB used, 654.26 MB peak
[2016.12.04-15.27.06:276][  0]LogMemory: Physical Memory: 5108.81 MB used, 8113.86 MB total
[2016.12.04-15.27.06:276][  0]LogMemory: Virtual Memory: 1360.21 MB used, 134217728.00 MB total
[2016.12.04-15.27.06:276][  0]LogMemory: 
[2016.12.04-15.27.06:276][  0]Allocator Stats for TBB: (not implemented)
[2016.12.04-15.27.07:905][  0]LogAIModule: Creating AISystem for world Main
[2016.12.04-15.27.07:905][  0]LogWorld: Game class is 'pregame_C'
[2016.12.04-15.27.07:906][  0]LogWorld: Bringing World /Temp/Autosaves/Game/Map/UEDPCMain.Main up for play (max tick rate 0) at 2016.12.05-00.27.07
[2016.12.04-15.27.07:907][  0]LogWorld: Bringing up level for play took: 0.000909
[2016.12.04-15.27.07:909][  0]LogSpawn:Warning: SpawnActor failed because no class was specified
[2016.12.04-15.27.07:909][  0]LogBlueprintUserMessages: [pregame_C_0] 로그인
[2016.12.04-15.27.07:932][  0]LogLoad: Took 1.696977 seconds to LoadMap(/Temp/Autosaves/Game/Map/UEDPCMain)
[2016.12.04-15.27.07:933][  0]LogInit:Display: Game Engine Initialized.
[2016.12.04-15.27.08:273][  0]LogLoad: Full Startup: 21.30 seconds (BP compile: 0.49 seconds)
[2016.12.04-15.27.08:273][  0]LogExternalProfiler: Found external profiler: VSPerf
[2016.12.04-15.27.08:273][  0]LogExternalProfiler: Using external profiler: VSPerf
[2016.12.04-15.27.08:300][  0]LogOcInput: OculusInput pre-init called
[2016.12.04-15.27.08:460][  2]LogRenderer: Reallocating scene render targets to support 1280x720 (Frame:2).
[2016.12.04-15.27.13:742][322]LogOnline:Warning: Unknown or unsupported data type from Steam key data 0 1
[2016.12.04-15.27.13:742][322]LogOnline:Warning: STEAM: Failed to parse setting from key 0 value 1
[2016.12.04-15.27.13:742][322]LogOnline:Warning: Unknown or unsupported data type from Steam key data 1 0
[2016.12.04-15.27.13:742][322]LogOnline:Warning: STEAM: Failed to parse setting from key 1 value 0
[2016.12.04-15.27.13:742][322]LogOnline:Warning: Unknown or unsupported data type from Steam key data 2 1
[2016.12.04-15.27.13:742][322]LogOnline:Warning: STEAM: Failed to parse setting from key 2 value 1
[2016.12.04-15.27.13:742][322]LogOnline:Warning: Unknown or unsupported data type from Steam key data 3 24
[2016.12.04-15.27.13:742][322]LogOnline:Warning: STEAM: Failed to parse setting from key 3 value 24
[2016.12.04-15.27.13:742][322]LogOnline:Warning: Unknown or unsupported data type from Steam key data 4 1
[2016.12.04-15.27.13:742][322]LogOnline:Warning: STEAM: Failed to parse setting from key 4 value 1
[2016.12.04-15.27.13:743][322]LogOnline:Warning: Unknown or unsupported data type from Steam key data 5 1
[2016.12.04-15.27.13:743][322]LogOnline:Warning: STEAM: Failed to parse setting from key 5 value 1
[2016.12.04-15.27.13:743][322]LogOnline:Warning: Unknown or unsupported data type from Steam key data 6 30663
[2016.12.04-15.27.13:743][322]LogOnline:Warning: STEAM: Failed to parse setting from key 6 value 30663
[2016.12.04-15.27.13:743][322]LogOnline:Warning: Unknown or unsupported data type from Steam key data 7 0
[2016.12.04-15.27.13:743][322]LogOnline:Warning: STEAM: Failed to parse setting from key 7 value 0
[2016.12.04-15.27.13:743][322]LogOnline:Warning: Unknown or unsupported data type from Steam key data data 73997c18d7df|1|0|1|1|24|1| | | | | | | | | | | | | |
[2016.12.04-15.27.13:743][322]LogOnline:Warning: STEAM: Failed to parse setting from key data value 73997c18d7df|1|0|1|1|24|1| | | | | | | | | | | | | |
[2016.12.04-15.27.13:743][322]LogOnline:Warning: Unknown or unsupported data type from Steam key data name skynet1023
[2016.12.04-15.27.13:743][322]LogOnline:Warning: STEAM: Failed to parse setting from key name value skynet1023
[2016.12.04-15.27.13:743][322]LogOnline:Warning: Unknown or unsupported data type from Steam key data __gameserverIP 0
[2016.12.04-15.27.13:743][322]LogOnline:Warning: STEAM: Failed to parse setting from key __gameserverIP value 0
[2016.12.04-15.27.13:743][322]LogOnline:Warning: Unknown or unsupported data type from Steam key data __gameserverPort 0
[2016.12.04-15.27.13:743][322]LogOnline:Warning: STEAM: Failed to parse setting from key __gameserverPort value 0
[2016.12.04-15.27.13:743][322]LogOnline:Warning: Unknown or unsupported data type from Steam key data __gameserverSteamID 76561198112603342
[2016.12.04-15.27.13:743][322]LogOnline:Warning: STEAM: Failed to parse setting from key __gameserverSteamID value 76561198112603342
[2016.12.04-15.27.13:743][322]LogOnline:Warning: STEAM: Unable to parse search result for lobby 'Lobby [0x1860000AB617DBF]'
[2016.12.04-15.27.13:744][322]LogOnline:Warning: Unknown or unsupported data type from Steam key data auto_stop_game 50
[2016.12.04-15.27.13:744][322]LogOnline:Warning: STEAM: Failed to parse setting from key auto_stop_game value 50
[2016.12.04-15.27.13:744][322]LogOnline:Warning: Unknown or unsupported data type from Steam key data browsing_timeout 120
[2016.12.04-15.27.13:744][322]LogOnline:Warning: STEAM: Failed to parse setting from key browsing_timeout value 120
[2016.12.04-15.27.13:744][322]LogOnline:Warning: Unknown or unsupported data type from Steam key data database_changes 1
[2016.12.04-15.27.13:744][322]LogOnline:Warning: STEAM: Failed to parse setting from key database_changes value 1
[2016.12.04-15.27.13:744][322]LogOnline:Warning: Unknown or unsupported data type from Steam key data disable_subscribing_to_other_humans 50
[2016.12.04-15.27.13:744][322]LogOnline:Warning: STEAM: Failed to parse setting from key disable_subscribing_to_other_humans value 50
[2016.12.04-15.27.13:744][322]LogOnline:Warning: Unknown or unsupported data type from Steam key data fix_version 2
[2016.12.04-15.27.13:744][322]LogOnline:Warning: STEAM: Failed to parse setting from key fix_version value 2
[2016.12.04-15.27.13:744][322]LogOnline:Warning: Unknown or unsupported data type from Steam key data force_continue_enabled 1
[2016.12.04-15.27.13:744][322]LogOnline:Warning: STEAM: Failed to parse setting from key force_continue_enabled value 1
[2016.12.04-15.27.13:744][322]LogOnline:Warning: Unknown or unsupported data type from Steam key data game_type 4
[2016.12.04-15.27.13:744][322]LogOnline:Warning: STEAM: Failed to parse setting from key game_type value 4
[2016.12.04-15.27.13:744][322]LogOnline:Warning: Unknown or unsupported data type from Steam key data has_password 1
[2016.12.04-15.27.13:744][322]LogOnline:Warning: STEAM: Failed to parse setting from key has_password value 1
[2016.12.04-15.27.13:744][322]LogOnline:Warning: Unknown or unsupported data type from Steam key data highlight_modes 0
[2016.12.04-15.27.13:744][322]LogOnline:Warning: STEAM: Failed to parse setting from key highlight_modes value 0
[2016.12.04-15.27.13:745][322]LogOnline:Warning: Unknown or unsupported data type from Steam key data host_user emdtls2613
[2016.12.04-15.27.13:745][322]LogOnline:Warning: STEAM: Failed to parse setting from key host_user value emdtls2613
[2016.12.04-15.27.13:745][322]LogOnline:Warning: Unknown or unsupported data type from Steam key data in_game_editor_not_allowed 0
[2016.12.04-15.27.13:745][322]LogOnline:Warning: STEAM: Failed to parse setting from key in_game_editor_not_allowed value 0
[2016.12.04-15.27.13:745][322]LogOnline:Warning: Unknown or unsupported data type from Steam key data in_match_timeout 0
[2016.12.04-15.27.13:745][322]LogOnline:Warning: STEAM: Failed to parse setting from key in_match_timeout value 0
[2016.12.04-15.27.13:745][322]LogOnline:Warning: Unknown or unsupported data type from Steam key data major_version 15
[2016.12.04-15.27.13:745][322]LogOnline:Warning: STEAM: Failed to parse setting from key major_version value 15
[2016.12.04-15.27.13:745][322]LogOnline:Warning: Unknown or unsupported data type from Steam key data max_connections 32
[2016.12.04-15.27.13:745][322]LogOnline:Warning: STEAM: Failed to parse setting from key max_connections value 32
[2016.12.04-15.27.13:745][322]LogOnline:Warning: Unknown or unsupported data type from Steam key data max_managers 548
[2016.12.04-15.27.13:745][322]LogOnline:Warning: STEAM: Failed to parse setting from key max_managers value 548
[2016.12.04-15.27.13:745][322]LogOnline:Warning: Unknown or unsupported data type from Steam key data message_timeout 0
[2016.12.04-15.27.13:745][322]LogOnline:Warning: STEAM: Failed to parse setting from key message_timeout value 0
[2016.12.04-15.27.13:745][322]LogOnline:Warning: Unknown or unsupported data type from Steam key data minor_version 3
[2016.12.04-15.27.13:745][322]LogOnline:Warning: STEAM: Failed to parse setting from key minor_version value 3
[2016.12.04-15.27.13:745][322]LogOnline:Warning: Unknown or unsupported data type from Steam key data name cjh2613
[2016.12.04-15.27.13:745][322]LogOnline:Warning: STEAM: Failed to parse setting from key name value cjh2613
[2016.12.04-15.27.13:745][322]LogOnline:Warning: Unknown or unsupported data type from Steam key data name_substring_cj 1
[2016.12.04-15.27.13:745][322]LogOnline:Warning: STEAM: Failed to parse setting from key name_substring_cj value 1
[2016.12.04-15.27.13:745][322]LogOnline:Warning: Unknown or unsupported data type from Steam key data name_substring_cjh 1
[2016.12.04-15.27.13:745][322]LogOnline:Warning: STEAM: Failed to parse setting from key name_substring_cjh value 1
[2016.12.04-15.27.13:745][322]LogOnline:Warning: Unknown or unsupported data type from Steam key data name_substring_cjh2 1
[2016.12.04-15.27.13:745][322]LogOnline:Warning: STEAM: Failed to parse setting from key name_substring_cjh2 value 1
[2016.12.04-15.27.13:746][322]LogOnline:Warning: Unknown or unsupported data type from Steam key data name_substring_cjh26 1
[2016.12.04-15.27.13:746][322]LogOnline:Warning: STEAM: Failed to parse setting from key name_substring_cjh26 value 1
[2016.12.04-15.27.13:746][322]LogOnline:Warning: Unknown or unsupported data type from Steam key data name_substring_cjh261 1
[2016.12.04-15.27.13:746][322]LogOnline:Warning: STEAM: Failed to parse setting from key name_substring_cjh261 value 1
[2016.12.04-15.27.13:746][322]LogOnline:Warning: Unknown or unsupported data type from Steam key data name_substring_cjh2613 1
[2016.12.04-15.27.13:746][322]LogOnline:Warning: STEAM: Failed to parse setting from key name_substring_cjh2613 value 1
[2016.12.04-15.27.13:746][322]LogOnline:Warning: Unknown or unsupported data type from Steam key data network_version 1500
[2016.12.04-15.27.13:746][322]LogOnline:Warning: STEAM: Failed to parse setting from key network_version value 1500
[2016.12.04-15.27.13:746][322]LogOnline:Warning: Unknown or unsupported data type from Steam key data number_managers 2
[2016.12.04-15.27.13:746][322]LogOnline:Warning: STEAM: Failed to parse setting from key number_managers value 2
[2016.12.04-15.27.13:746][322]LogOnline:Warning: Unknown or unsupported data type from Steam key data password wlsgud
[2016.12.04-15.27.13:746][322]LogOnline:Warning: STEAM: Failed to parse setting from key password value wlsgud
[2016.12.04-15.27.13:746][322]LogOnline:Warning: Unknown or unsupported data type from Steam key data prematch_timeout 0
[2016.12.04-15.27.13:746][322]LogOnline:Warning: STEAM: Failed to parse setting from key prematch_timeout value 0
[2016.12.04-15.27.13:746][322]LogOnline:Warning: Unknown or unsupported data type from Steam key data replay_modes 1
[2016.12.04-15.27.13:746][322]LogOnline:Warning: STEAM: Failed to parse setting from key replay_modes value 1
[2016.12.04-15.27.13:746][322]LogOnline:Warning: Unknown or unsupported data type from Steam key data selected_division_1 1
[2016.12.04-15.27.13:746][322]LogOnline:Warning: STEAM: Failed to parse setting from key selected_division_1 value 1
[2016.12.04-15.27.13:747][322]LogOnline:Warning: Unknown or unsupported data type from Steam key data selected_division_102421 1
[2016.12.04-15.27.13:747][322]LogOnline:Warning: STEAM: Failed to parse setting from key selected_division_102421 value 1
[2016.12.04-15.27.13:747][322]LogOnline:Warning: Unknown or unsupported data type from Steam key data selected_division_102422 1
[2016.12.04-15.27.13:747][322]LogOnline:Warning: STEAM: Failed to parse setting from key selected_division_102422 value 1
[2016.12.04-15.27.13:747][322]LogOnline:Warning: Unknown or unsupported data type from Steam key data selected_division_102423 1
[2016.12.04-15.27.13:747][322]LogOnline:Warning: STEAM: Failed to parse setting from key selected_division_102423 value 1
[2016.12.04-15.27.13:747][322]LogOnline:Warning: Unknown or unsupported data type from Steam key data selected_division_107191 1
[2016.12.04-15.27.13:747][322]LogOnline:Warning: STEAM: Failed to parse setting from key selected_division_107191 value 1
[2016.12.04-15.27.13:747][322]LogOnline:Warning: Unknown or unsupported data type from Steam key data selected_division_11 1
[2016.12.04-15.27.13:747][322]LogOnline:Warning: STEAM: Failed to parse setting from key selected_division_11 value 1
[2016.12.04-15.27.13:747][322]LogOnline:Warning: Unknown or unsupported data type from Steam key data selected_division_12 1
[2016.12.04-15.27.13:747][322]LogOnline:Warning: STEAM: Failed to parse setting from key selected_division_12 value 1
[2016.12.04-15.27.13:747][322]LogOnline:Warning: Unknown or unsupported data type from Steam key data selected_division_13 1
[2016.12.04-15.27.13:747][322]LogOnline:Warning: STEAM: Failed to parse setting from key selected_division_13 value 1
[2016.12.04-15.27.13:747][322]LogOnline:Warning: Unknown or unsupported data type from Steam key data selected_division_130286 1
[2016.12.04-15.27.13:747][322]LogOnline:Warning: STEAM: Failed to parse setting from key selected_division_130286 value 1
[2016.12.04-15.27.13:747][322]LogOnline:Warning: Unknown or unsupported data type from Steam key data selected_division_136407 1
[2016.12.04-15.27.13:747][322]LogOnline:Warning: STEAM: Failed to parse setting from key selected_division_136407 value 1
[2016.12.04-15.27.13:747][322]LogOnline:Warning: Unknown or unsupported data type from Steam key data selected_division_16 1
[2016.12.04-15.27.13:747][322]LogOnline:Warning: STEAM: Failed to parse setting from key selected_division_16 value 1
[2016.12.04-15.27.13:747][322]LogOnline:Warning: Unknown or unsupported data type from Steam key data selected_division_17 1
[2016.12.04-15.27.13:747][322]LogOnline:Warning: STEAM: Failed to parse setting from key selected_division_17 value 1
[2016.12.04-15.27.13:747][322]LogOnline:Warning: Unknown or unsupported data type from Steam key data selected_division_2 1
[2016.12.04-15.27.13:747][322]LogOnline:Warning: STEAM: Failed to parse setting from key selected_division_2 value 1
[2016.12.04-15.27.13:748][322]LogOnline:Warning: Unknown or unsupported data type from Steam key data selected_division_22 1
[2016.12.04-15.27.13:748][322]LogOnline:Warning: STEAM: Failed to parse setting from key selected_division_22 value 1
[2016.12.04-15.27.13:748][322]LogOnline:Warning: Unknown or unsupported data type from Steam key data selected_division_23 1
[2016.12.04-15.27.13:748][322]LogOnline:Warning: STEAM: Failed to parse setting from key selected_division_23 value 1
[2016.12.04-15.27.13:748][322]LogOnline:Warning: Unknown or unsupported data type from Steam key data selected_division_29 1
[2016.12.04-15.27.13:748][322]LogOnline:Warning: STEAM: Failed to parse setting from key selected_division_29 value 1
[2016.12.04-15.27.13:748][322]LogOnline:Warning: Unknown or unsupported data type from Steam key data selected_division_30 1
[2016.12.04-15.27.13:748][322]LogOnline:Warning: STEAM: Failed to parse setting from key selected_division_30 value 1
[2016.12.04-15.27.13:748][322]LogOnline:Warning: Unknown or unsupported data type from Steam key data selected_division_32 1
[2016.12.04-15.27.13:748][322]LogOnline:Warning: STEAM: Failed to parse setting from key selected_division_32 value 1
[2016.12.04-15.27.13:748][322]LogOnline:Warning: Unknown or unsupported data type from Steam key data selected_division_33 1
[2016.12.04-15.27.13:748][322]LogOnline:Warning: STEAM: Failed to parse setting from key selected_division_33 value 1
[2016.12.04-15.27.13:748][322]LogOnline:Warning: Unknown or unsupported data type from Steam key data selected_division_45 1
[2016.12.04-15.27.13:748][322]LogOnline:Warning: STEAM: Failed to parse setting from key selected_division_45 value 1
[2016.12.04-15.27.13:748][322]LogOnline:Warning: Unknown or unsupported data type from Steam key data selected_division_46 1
[2016.12.04-15.27.13:748][322]LogOnline:Warning: STEAM: Failed to parse setting from key selected_division_46 value 1
[2016.12.04-15.27.13:749][322]LogOnline:Warning: Unknown or unsupported data type from Steam key data selected_division_463479 1
[2016.12.04-15.27.13:749][322]LogOnline:Warning: STEAM: Failed to parse setting from key selected_division_463479 value 1
[2016.12.04-15.27.13:749][322]LogOnline:Warning: Unknown or unsupported data type from Steam key data selected_division_50 1
[2016.12.04-15.27.13:749][322]LogOnline:Warning: STEAM: Failed to parse setting from key selected_division_50 value 1
[2016.12.04-15.27.13:749][322]LogOnline:Warning: Unknown or unsupported data type from Steam key data selected_division_52 1
[2016.12.04-15.27.13:749][322]LogOnline:Warning: STEAM: Failed to parse setting from key selected_division_52 value 1
[2016.12.04-15.27.13:749][322]LogOnline:Warning: Unknown or unsupported data type from Steam key data selected_division_5250792 1
[2016.12.04-15.27.13:749][322]LogOnline:Warning: STEAM: Failed to parse setting from key selected_division_5250792 value 1
[2016.12.04-15.27.13:749][322]LogOnline:Warning: Unknown or unsupported data type from Steam key data selected_division_5250793 1
[2016.12.04-15.27.13:749][322]LogOnline:Warning: STEAM: Failed to parse setting from key selected_division_5250793 value 1
[2016.12.04-15.27.13:749][322]LogOnline:Warning: Unknown or unsupported data type from Steam key data selected_division_5512770 1
[2016.12.04-15.27.13:749][322]LogOnline:Warning: STEAM: Failed to parse setting from key selected_division_5512770 value 1
[2016.12.04-15.27.13:749][322]LogOnline:Warning: Unknown or unsupported data type from Steam key data selected_division_5512771 1
[2016.12.04-15.27.13:749][322]LogOnline:Warning: STEAM: Failed to parse setting from key selected_division_5512771 value 1
[2016.12.04-15.27.13:749][322]LogOnline:Warning: Unknown or unsupported data type from Steam key data selected_division_60 1
[2016.12.04-15.27.13:749][322]LogOnline:Warning: STEAM: Failed to parse setting from key selected_division_60 value 1
[2016.12.04-15.27.13:749][322]LogOnline:Warning: Unknown or unsupported data type from Steam key data selected_division_61 1
[2016.12.04-15.27.13:749][322]LogOnline:Warning: STEAM: Failed to parse setting from key selected_division_61 value 1
[2016.12.04-15.27.13:750][322]LogOnline:Warning: Unknown or unsupported data type from Steam key data selected_division_66029602 1
[2016.12.04-15.27.13:750][322]LogOnline:Warning: STEAM: Failed to parse setting from key selected_division_66029602 value 1
[2016.12.04-15.27.13:750][322]LogOnline:Warning: Unknown or unsupported data type from Steam key data selected_division_67 1
[2016.12.04-15.27.13:750][322]LogOnline:Warning: STEAM: Failed to parse setting from key selected_division_67 value 1
[2016.12.04-15.27.13:750][322]LogOnline:Warning: Unknown or unsupported data type from Steam key data selected_division_68 1
[2016.12.04-15.27.13:750][322]LogOnline:Warning: STEAM: Failed to parse setting from key selected_division_68 value 1
[2016.12.04-15.27.13:750][322]LogOnline:Warning: Unknown or unsupported data type from Steam key data versus_game_type 4
[2016.12.04-15.27.13:750][322]LogOnline:Warning: STEAM: Failed to parse setting from key versus_game_type value 4
[2016.12.04-15.27.13:750][322]LogOnline:Warning: STEAM: Unable to parse search result for lobby 'Lobby [0x1860000AB59ED1B]'
[2016.12.04-15.27.13:750][322]LogOnline:Warning: Unknown or unsupported data type from Steam key data assets_hash ShaunNeeedsToSetThis!
[2016.12.04-15.27.13:750][322]LogOnline:Warning: STEAM: Failed to parse setting from key assets_hash value ShaunNeeedsToSetThis!
[2016.12.04-15.27.13:750][322]LogOnline:Warning: Unknown or unsupported data type from Steam key data dlc_hosted {293C1EE3-1176-44F6-AC1F-59663826DE74}{B685D5DE-7CCA-4E75-81B4-2F60754E6330}{ECF7C605-BA11-4CAC-8D80-D71306AAC471}{B3030D39-C0D8-4BC7-91B1-7AD1CAF585AB}{112C22B2-5308-42B6-B734-171CCAB3037B}{BBB0D085-A0B1-4475-B007-3E549CF3ADC3}{EA67AED5-5859-4875-BF3A-360FE9E55D1B}{7459BA32-5764-44AE-8E95-01AD0E0EFD48}{3F49DF54-68B6-44D1-A930-A168628FAA59}{46EAEFFC-7B1D-443D-BFC8-F825DFEFB094}{4255F5F7-D3AB-4E55-ACEE-4670082040ED}{0E3751A1-F840-4E1B-9706-519BF484E59D}{6DA07636-4123-4018-B643-6575B4EC336B}{8871E748-29A4-4910-8C57-8C99E32D0167}
[2016.12.04-15.27.13:750][322]LogOnline:Warning: STEAM: Failed to parse setting from key dlc_hosted value {293C1EE3-1176-44F6-AC1F-59663826DE74}{B685D5DE-7CCA-4E75-81B4-2F60754E6330}{ECF7C605-BA11-4CAC-8D80-D71306AAC471}{B3030D39-C0D8-4BC7-91B1-7AD1CAF585AB}{112C22B2-5308-42B6-B734-171CCAB3037B}{BBB0D085-A0B1-4475-B007-3E549CF3ADC3}{EA67AED5-5859-4875-BF3A-360FE9E55D1B}{7459BA32-5764-44AE-8E95-01AD0E0EFD48}{3F49DF54-68B6-44D1-A930-A168628FAA59}{46EAEFFC-7B1D-443D-BFC8-F825DFEFB094}{4255F5F7-D3AB-4E55-ACEE-4670082040ED}{0E3751A1-F840-4E1B-9706-519BF484E59D}{6DA07636-4123-4018-B643-6575B4EC336B}{8871E748-29A4-4910-8C57-8C99E32D0167}
[2016.12.04-15.27.13:750][322]LogOnline:Warning: Unknown or unsupported data type from Steam key data game_version 395131 FINAL_RELEASE
[2016.12.04-15.27.13:750][322]LogOnline:Warning: STEAM: Failed to parse setting from key game_version value 395131 FINAL_RELEASE
[2016.12.04-15.27.13:750][322]LogOnline:Warning: Unknown or unsupported data type from Steam key data MapName Assets\Maps\Pangaea.lua
[2016.12.04-15.27.13:750][322]LogOnline:Warning: STEAM: Failed to parse setting from key MapName value Assets\Maps\Pangaea.lua
[2016.12.04-15.27.13:750][322]LogOnline:Warning: Unknown or unsupported data type from Steam key data WorldSize TXT_KEY_WORLD_STANDARD
[2016.12.04-15.27.13:750][322]LogOnline:Warning: STEAM: Failed to parse setting from key WorldSize value TXT_KEY_WORLD_STANDARD
[2016.12.04-15.27.13:750][322]LogOnline:Warning: Unknown or unsupported data type from Steam key data WorldSizeTranslated ??????
[2016.12.04-15.27.13:750][322]LogOnline:Warning: STEAM: Failed to parse setting from key WorldSizeTranslated value ??????
[2016.12.04-15.27.13:750][322]LogOnline:Warning: Unknown or unsupported data type from Steam key data _NAME_ aaa
[2016.12.04-15.27.13:750][322]LogOnline:Warning: STEAM: Failed to parse setting from key _NAME_ value aaa
[2016.12.04-15.27.13:750][322]LogOnline:Warning: STEAM: Unable to parse search result for lobby 'Lobby [0x1860000AB614730]'
[2016.12.04-15.27.13:751][322]LogOnline:Warning: Unknown or unsupported data type from Steam key data auto_stop_game 50
[2016.12.04-15.27.13:751][322]LogOnline:Warning: STEAM: Failed to parse setting from key auto_stop_game value 50
[2016.12.04-15.27.13:751][322]LogOnline:Warning: Unknown or unsupported data type from Steam key data browsing_timeout 60
[2016.12.04-15.27.13:751][322]LogOnline:Warning: STEAM: Failed to parse setting from key browsing_timeout value 60
[2016.12.04-15.27.13:751][322]LogOnline:Warning: Unknown or unsupported data type from Steam key data database_changes 0
[2016.12.04-15.27.13:751][322]LogOnline:Warning: STEAM: Failed to parse setting from key database_changes value 0
[2016.12.04-15.27.13:751][322]LogOnline:Warning: Unknown or unsupported data type from Steam key data disable_subscribing_to_other_humans 50
[2016.12.04-15.27.13:751][322]LogOnline:Warning: STEAM: Failed to parse setting from key disable_subscribing_to_other_humans value 50
[2016.12.04-15.27.13:751][322]LogOnline:Warning: Unknown or unsupported data type from Steam key data fix_version 2
[2016.12.04-15.27.13:751][322]LogOnline:Warning: STEAM: Failed to parse setting from key fix_version value 2
[2016.12.04-15.27.13:751][322]LogOnline:Warning: Unknown or unsupported data type from Steam key data force_continue_enabled 0
[2016.12.04-15.27.13:751][322]LogOnline:Warning: STEAM: Failed to parse setting from key force_continue_enabled value 0
[2016.12.04-15.27.13:751][322]LogOnline:Warning: Unknown or unsupported data type from Steam key data game_type 4
[2016.12.04-15.27.13:751][322]LogOnline:Warning: STEAM: Failed to parse setting from key game_type value 4
[2016.12.04-15.27.13:751][322]LogOnline:Warning: Unknown or unsupported data type from Steam key data has_password 1
[2016.12.04-15.27.13:751][322]LogOnline:Warning: STEAM: Failed to parse setting from key has_password value 1
[2016.12.04-15.27.13:751][322]LogOnline:Warning: Unknown or unsupported data type from Steam key data highlight_modes 0
[2016.12.04-15.27.13:751][322]LogOnline:Warning: STEAM: Failed to parse setting from key highlight_modes value 0
[2016.12.04-15.27.13:752][322]LogOnline:Warning: Unknown or unsupported data type from Steam key data host_user mk729
[2016.12.04-15.27.13:752][322]LogOnline:Warning: STEAM: Failed to parse setting from key host_user value mk729
[2016.12.04-15.27.13:752][322]LogOnline:Warning: Unknown or unsupported data type from Steam key data in_game_editor_not_allowed 0
[2016.12.04-15.27.13:752][322]LogOnline:Warning: STEAM: Failed to parse setting from key in_game_editor_not_allowed value 0
[2016.12.04-15.27.13:752][322]LogOnline:Warning: Unknown or unsupported data type from Steam key data in_match_timeout 0
[2016.12.04-15.27.13:752][322]LogOnline:Warning: STEAM: Failed to parse setting from key in_match_timeout value 0
[2016.12.04-15.27.13:752][322]LogOnline:Warning: Unknown or unsupported data type from Steam key data major_version 15
[2016.12.04-15.27.13:752][322]LogOnline:Warning: STEAM: Failed to parse setting from key major_version value 15
[2016.12.04-15.27.13:752][322]LogOnline:Warning: Unknown or unsupported data type from Steam key data max_connections 32
[2016.12.04-15.27.13:752][322]LogOnline:Warning: STEAM: Failed to parse setting from key max_connections value 32
[2016.12.04-15.27.13:752][322]LogOnline:Warning: Unknown or unsupported data type from Steam key data max_managers 35
[2016.12.04-15.27.13:752][322]LogOnline:Warning: STEAM: Failed to parse setting from key max_managers value 35
[2016.12.04-15.27.13:752][322]LogOnline:Warning: Unknown or unsupported data type from Steam key data message_timeout 0
[2016.12.04-15.27.13:752][322]LogOnline:Warning: STEAM: Failed to parse setting from key message_timeout value 0
[2016.12.04-15.27.13:752][322]LogOnline:Warning: Unknown or unsupported data type from Steam key data minor_version 3
[2016.12.04-15.27.13:752][322]LogOnline:Warning: STEAM: Failed to parse setting from key minor_version value 3
[2016.12.04-15.27.13:752][322]LogOnline:Warning: Unknown or unsupported data type from Steam key data name hot-san
[2016.12.04-15.27.13:752][322]LogOnline:Warning: STEAM: Failed to parse setting from key name value hot-san
[2016.12.04-15.27.13:752][322]LogOnline:Warning: Unknown or unsupported data type from Steam key data name_substring_ho 1
[2016.12.04-15.27.13:752][322]LogOnline:Warning: STEAM: Failed to parse setting from key name_substring_ho value 1
[2016.12.04-15.27.13:752][322]LogOnline:Warning: Unknown or unsupported data type from Steam key data name_substring_hot 1
[2016.12.04-15.27.13:753][322]LogOnline:Warning: STEAM: Failed to parse setting from key name_substring_hot value 1
[2016.12.04-15.27.13:753][322]LogOnline:Warning: Unknown or unsupported data type from Steam key data name_substring_hot- 1
[2016.12.04-15.27.13:753][322]LogOnline:Warning: STEAM: Failed to parse setting from key name_substring_hot- value 1
[2016.12.04-15.27.13:753][322]LogOnline:Warning: Unknown or unsupported data type from Steam key data name_substring_hot-s 1
[2016.12.04-15.27.13:753][322]LogOnline:Warning: STEAM: Failed to parse setting from key name_substring_hot-s value 1
[2016.12.04-15.27.13:753][322]LogOnline:Warning: Unknown or unsupported data type from Steam key data name_substring_hot-sa 1
[2016.12.04-15.27.13:753][322]LogOnline:Warning: STEAM: Failed to parse setting from key name_substring_hot-sa value 1
[2016.12.04-15.27.13:753][322]LogOnline:Warning: Unknown or unsupported data type from Steam key data name_substring_hot-san 1
[2016.12.04-15.27.13:753][322]LogOnline:Warning: STEAM: Failed to parse setting from key name_substring_hot-san value 1
[2016.12.04-15.27.13:753][322]LogOnline:Warning: Unknown or unsupported data type from Steam key data network_version 1500
[2016.12.04-15.27.13:753][322]LogOnline:Warning: STEAM: Failed to parse setting from key network_version value 1500
[2016.12.04-15.27.13:753][322]LogOnline:Warning: Unknown or unsupported data type from Steam key data number_managers 0
[2016.12.04-15.27.13:753][322]LogOnline:Warning: STEAM: Failed to parse setting from key number_managers value 0
[2016.12.04-15.27.13:753][322]LogOnline:Warning: Unknown or unsupported data type from Steam key data password 1423
[2016.12.04-15.27.13:753][322]LogOnline:Warning: STEAM: Failed to parse setting from key password value 1423
[2016.12.04-15.27.13:753][322]LogOnline:Warning: Unknown or unsupported data type from Steam key data prematch_timeout 0
[2016.12.04-15.27.13:753][322]LogOnline:Warning: STEAM: Failed to parse setting from key prematch_timeout value 0
[2016.12.04-15.27.13:753][322]LogOnline:Warning: Unknown or unsupported data type from Steam key data replay_modes 1
[2016.12.04-15.27.13:753][322]LogOnline:Warning: STEAM: Failed to parse setting from key replay_modes value 1
[2016.12.04-15.27.13:753][322]LogOnline:Warning: Unknown or unsupported data type from Steam key data selected_division_11 1
[2016.12.04-15.27.13:753][322]LogOnline:Warning: STEAM: Failed to parse setting from key selected_division_11 value 1
[2016.12.04-15.27.13:753][322]LogOnline:Warning: Unknown or unsupported data type from Steam key data selected_division_136407 1
[2016.12.04-15.27.13:753][322]LogOnline:Warning: STEAM: Failed to parse setting from key selected_division_136407 value 1
[2016.12.04-15.27.13:754][322]LogOnline:Warning: Unknown or unsupported data type from Steam key data selected_division_67 1
[2016.12.04-15.27.13:754][322]LogOnline:Warning: STEAM: Failed to parse setting from key selected_division_67 value 1
[2016.12.04-15.27.13:754][322]LogOnline:Warning: Unknown or unsupported data type from Steam key data versus_game_type 4
[2016.12.04-15.27.13:754][322]LogOnline:Warning: STEAM: Failed to parse setting from key versus_game_type value 4
[2016.12.04-15.27.13:754][322]LogOnline:Warning: STEAM: Unable to parse search result for lobby 'Lobby [0x1860000AB6055FA]'
[2016.12.04-15.27.13:755][322]LogOnline:Warning: STEAM: Removed incompatible build: ServerBuildUniqueId = 0x000000f7, GetBuildUniqueId() = 0x24675aac
[2016.12.04-15.27.13:755][322]LogOnline:Warning: STEAM: Unable to parse search result for lobby 'Lobby [0x1860000AB5E211A]'
[2016.12.04-15.27.16:932][495]LogPackageName: SearchForPackageOnDisk took   0.118s to resolve dd.umap.
[2016.12.04-15.27.17:043][495]LogPackageName: SearchForPackageOnDisk took   0.110s to resolve dd.umap.
[2016.12.04-15.27.17:043][495]LogNet: Browse: /Game/Map/dd?listen
[2016.12.04-15.27.17:043][495]LogLoad: LoadMap: /Game/Map/dd?listen
[2016.12.04-15.27.17:043][495]LogBlueprintUserMessages: [pregame_C_0] 로그 아웃
[2016.12.04-15.27.17:043][495]LogScript:Warning: Attempted to access PHUD_C_0 via property HUD, but PHUD_C_0 is pending kill
	playercon_C /Temp/Autosaves/Game/Map/UEDPCMain.Main:PersistentLevel.playercon_C_0
	Function /Game/BP/playercon.playercon_C:ExecuteUbergraph_playercon:0093
[2016.12.04-15.27.17:043][495]LogScript:Warning: Script call stack:
	Function /Game/BP/playercon.playercon_C:ReceiveEndPlay
	Function /Game/BP/playercon.playercon_C:ExecuteUbergraph_playercon

[2016.12.04-15.27.17:088][495]LogMemory: Platform Memory Stats for Windows
[2016.12.04-15.27.17:088][495]LogMemory: Process Physical Memory: 690.86 MB used, 707.55 MB peak
[2016.12.04-15.27.17:088][495]LogMemory: Process Virtual Memory: 869.65 MB used, 892.45 MB peak
[2016.12.04-15.27.17:088][495]LogMemory: Physical Memory: 5144.69 MB used, 8113.86 MB total
[2016.12.04-15.27.17:088][495]LogMemory: Virtual Memory: 1582.53 MB used, 134217728.00 MB total
[2016.12.04-15.27.17:088][495]LogMemory: 
[2016.12.04-15.27.17:088][495]Allocator Stats for TBB: (not implemented)
[2016.12.04-15.27.17:753][495]LogAIModule: Creating AISystem for world dd
[2016.12.04-15.27.17:753][495]LogWorld: Game class is 'MyGameMode_C'
[2016.12.04-15.27.17:753][495]LogNet:Display: SteamNetDriver_0 bound to port 7777
[2016.12.04-15.27.17:753][495]PacketHandlerLog: Loaded PacketHandler component: Engine.EngineHandlerComponentFactory (StatelessConnectHandlerComponent)
[2016.12.04-15.27.17:753][495]LogNet: GameNetDriver SteamNetDriver_0 IpNetDriver listening on port 7777
[2016.12.04-15.27.17:756][495]LogWorld: Bringing World /Game/Map/dd.dd up for play (max tick rate 0) at 2016.12.05-00.27.17
[2016.12.04-15.27.17:756][495]LogWorld: Bringing up level for play took: 0.001530
[2016.12.04-15.27.17:756][495]LogScript:Warning: Accessed None trying to read property CallFunc_K2_GetPawn_ReturnValue
	MyGameMode_C /Game/Map/dd.dd:PersistentLevel.MyGameMode_C_0
	Function /Game/BP/MyGameMode.MyGameMode_C:ExecuteUbergraph_MyGameMode:0220
[2016.12.04-15.27.17:756][495]LogScript:Warning: Script call stack:
	Function /Game/BP/MyGameMode.MyGameMode_C:K2_PostLogin
	Function /Game/BP/MyGameMode.MyGameMode_C:ExecuteUbergraph_MyGameMode
	Function /Game/BP/MyGameMode.MyGameMode_C:RespawnPlayerEvent
	Function /Game/BP/MyGameMode.MyGameMode_C:ExecuteUbergraph_MyGameMode

[2016.12.04-15.27.17:758][495]LogOnline:Warning: STEAM: Can't start an online session (Game) in state InProgress
[2016.12.04-15.27.17:760][495]LogScript:Warning: Accessed None trying to read property widget
	MyGameinstance_C /Engine/Transient.GameEngine_0:MyGameinstance_C_0
	Function /Game/BP/MyGameinstance.MyGameinstance_C:HideWidget:000A
[2016.12.04-15.27.17:760][495]LogScript:Warning: Script call stack:
	Function /Game/Map/dd.dd_C:ReceiveBeginPlay
	Function /Game/Map/dd.dd_C:ExecuteUbergraph_dd
	Function /Game/BP/MyGameinstance.MyGameinstance_C:StartPlayingState
	Function /Game/BP/MyGameinstance.MyGameinstance_C:HideWidget

[2016.12.04-15.27.17:760][495]LogLoad: Took 0.717483 seconds to LoadMap(/Game/Map/dd)
[2016.12.04-15.27.22:123][750]LogWindowsTextInputMethodSystem:Display: IME system now activated using TSF (Microsoft 입력기).
[2016.12.04-15.27.22:128][750]LogEngine: All Windows Closed
[2016.12.04-15.27.22:128][750]LogWindows: FPlatformMisc::RequestExit(0)
[2016.12.04-15.27.22:128][751]LogMoviePlayer: Shutting down movie player
[2016.12.04-15.27.22:954][751]LogNet: World NetDriver shutdown SteamNetDriver_0 [GameNetDriver]
[2016.12.04-15.27.22:954][751]LogNet: DestroyNamedNetDriver SteamNetDriver_0 [GameNetDriver]
[2016.12.04-15.27.22:954][751]LogExit: GameNetDriver SteamNetDriver_0 shut down
[2016.12.04-15.27.22:957][751]LogExit: Preparing to exit.
[2016.12.04-15.27.23:442][751]LogExit: Game engine shut down
[2016.12.04-15.27.23:594][751]LogObj: Freed 0b from 0 cluster array pools.
[2016.12.04-15.27.23:594][751]LogExit: Object subsystem successfully closed.
[2016.12.04-15.27.23:612][751]LogD3D11RHI: Shutdown
[2016.12.04-15.27.23:612][751]LogD3D11RHI: CleanupD3DDevice
[2016.12.04-15.27.23:702][751]LogD3D11RHI: ~FD3D11DynamicRHI
[2016.12.04-15.27.23:711][751]LogModuleManager: Shutting down and abandoning module SequenceRecorderSections (113)
[2016.12.04-15.27.23:711][751]LogModuleManager: Shutting down and abandoning module SequenceRecorder (112)
[2016.12.04-15.27.23:711][751]LogModuleManager: Shutting down and abandoning module AutomationController (111)
[2016.12.04-15.27.23:711][751]LogModuleManager: Shutting down and abandoning module AutomationWorker (110)
[2016.12.04-15.27.23:711][751]LogModuleManager: Shutting down and abandoning module CharacterAI (109)
[2016.12.04-15.27.23:711][751]LogModuleManager: Shutting down and abandoning module SessionServices (108)
[2016.12.04-15.27.23:711][751]LogModuleManager: Shutting down and abandoning module GameplayDebugger (107)
[2016.12.04-15.27.23:711][751]LogModuleManager: Shutting down and abandoning module AITestSuite (106)
[2016.12.04-15.27.23:711][751]LogModuleManager: Shutting down and abandoning module AIModule (105)
[2016.12.04-15.27.23:711][751]LogModuleManager: Shutting down and abandoning module MovieSceneCapture (104)
[2016.12.04-15.27.23:711][751]LogModuleManager: Shutting down and abandoning module StreamingPauseRendering (103)
[2016.12.04-15.27.23:711][751]LogModuleManager: Shutting down and abandoning module PortalServices (102)
[2016.12.04-15.27.23:711][751]LogModuleManager: Shutting down and abandoning module PortalRpc (101)
[2016.12.04-15.27.23:711][751]LogModuleManager: Shutting down and abandoning module MessagingRpc (100)
[2016.12.04-15.27.23:711][751]LogModuleManager: Shutting down and abandoning module ProfilerService (99)
[2016.12.04-15.27.23:752][751]LogModuleManager: Shutting down and abandoning module TaskGraph (98)
[2016.12.04-15.27.23:752][751]LogModuleManager: Shutting down and abandoning module SlateRemote (97)
[2016.12.04-15.27.23:752][751]LogModuleManager: Shutting down and abandoning module SteamVRController (96)
[2016.12.04-15.27.23:752][751]LogModuleManager: Shutting down and abandoning module SteamVR (95)
[2016.12.04-15.27.23:753][751]LogModuleManager: Shutting down and abandoning module ProceduralMeshComponent (94)
[2016.12.04-15.27.23:753][751]LogModuleManager: Shutting down and abandoning module OculusLibrary (93)
[2016.12.04-15.27.23:753][751]LogModuleManager: Shutting down and abandoning module OculusInput (92)
[2016.12.04-15.27.23:753][751]LogModuleManager: Shutting down and abandoning module CustomMeshComponent (91)
[2016.12.04-15.27.23:753][751]LogModuleManager: Shutting down and abandoning module CableComponent (90)
[2016.12.04-15.27.23:753][751]LogModuleManager: Shutting down and abandoning module ArchVisCharacter (89)
[2016.12.04-15.27.23:753][751]LogModuleManager: Shutting down and abandoning module HTML5Networking (88)
[2016.12.04-15.27.23:753][751]LogModuleManager: Shutting down and abandoning module DesktopPlatform (87)
[2016.12.04-15.27.23:753][751]LogModuleManager: Shutting down and abandoning module DirectoryWatcher (86)
[2016.12.04-15.27.23:753][751]LogModuleManager: Shutting down and abandoning module HotReload (85)
[2016.12.04-15.27.23:753][751]LogModuleManager: Shutting down and abandoning module VisualStudioSourceCodeAccess (84)
[2016.12.04-15.27.23:753][751]LogModuleManager: Shutting down and abandoning module UObjectPlugin (83)
[2016.12.04-15.27.23:753][751]LogModuleManager: Shutting down and abandoning module SubversionSourceControl (82)
[2016.12.04-15.27.23:753][751]LogModuleManager: Shutting down and abandoning module SourceControl (81)
[2016.12.04-15.27.23:753][751]LogModuleManager: Shutting down and abandoning module PerforceSourceControl (80)
[2016.12.04-15.27.23:753][751]LogModuleManager: Shutting down and abandoning module UdpMessaging (79)
[2016.12.04-15.27.23:854][751]LogModuleManager: Shutting down and abandoning module LightPropagationVolumeRuntime (78)
[2016.12.04-15.27.23:854][751]LogModuleManager: Shutting down and abandoning module Paper2D (77)
[2016.12.04-15.27.23:854][751]LogModuleManager: Shutting down and abandoning module WindowsMoviePlayer (76)
[2016.12.04-15.27.23:854][751]LogModuleManager: Shutting down and abandoning module Media (75)
[2016.12.04-15.27.23:854][751]LogModuleManager: Shutting down and abandoning module WmfMedia (74)
[2016.12.04-15.27.23:854][751]LogModuleManager: Shutting down and abandoning module MediaAssets (73)
[2016.12.04-15.27.23:854][751]LogModuleManager: Shutting down and abandoning module GameLiveStreaming (72)
[2016.12.04-15.27.23:854][751]LogModuleManager: Shutting down and abandoning module GameplayTagsEditor (71)
[2016.12.04-15.27.23:854][751]LogModuleManager: Shutting down and abandoning module OnlineBlueprintSupport (70)
[2016.12.04-15.27.23:854][751]LogModuleManager: Shutting down and abandoning module VREditor (69)
[2016.12.04-15.27.23:854][751]LogModuleManager: Shutting down and abandoning module GameplayTasksEditor (68)
[2016.12.04-15.27.23:854][751]LogModuleManager: Shutting down and abandoning module PropertyEditor (67)
[2016.12.04-15.27.23:854][751]LogModuleManager: Shutting down and abandoning module BehaviorTreeEditor (66)
[2016.12.04-15.27.23:854][751]LogModuleManager: Shutting down and abandoning module FunctionalTesting (65)
[2016.12.04-15.27.23:854][751]LogModuleManager: Shutting down and abandoning module CollisionAnalyzer (64)
[2016.12.04-15.27.23:854][751]LogModuleManager: Shutting down and abandoning module Sequencer (63)
[2016.12.04-15.27.23:854][751]LogModuleManager: Shutting down and abandoning module WorkspaceMenuStructure (62)
[2016.12.04-15.27.23:854][751]LogModuleManager: Shutting down and abandoning module MessageLog (61)
[2016.12.04-15.27.23:854][751]LogModuleManager: Shutting down and abandoning module AssetTools (60)
[2016.12.04-15.27.23:854][751]LogModuleManager: Shutting down and abandoning module UMGEditor (59)
[2016.12.04-15.27.23:854][751]LogModuleManager: Shutting down and abandoning module UMG (58)
[2016.12.04-15.27.23:854][751]LogModuleManager: Shutting down and abandoning module SlateReflector (57)
[2016.12.04-15.27.23:854][751]LogModuleManager: Shutting down and abandoning module Slate (56)
[2016.12.04-15.27.23:854][751]LogModuleManager: Shutting down and abandoning module EditorStyle (55)
[2016.12.04-15.27.23:857][751]LogModuleManager: Shutting down and abandoning module Messaging (54)
[2016.12.04-15.27.23:857][751]LogModuleManager: Shutting down and abandoning module SourceCodeAccess (53)
[2016.12.04-15.27.23:857][751]LogModuleManager: Shutting down and abandoning module HeadMountedDisplay (52)
[2016.12.04-15.27.23:857][751]LogModuleManager: Shutting down and abandoning module XAudio2 (51)
[2016.12.04-15.27.23:857][751]LogModuleManager: Shutting down and abandoning module Networking (50)
[2016.12.04-15.27.23:857][751]LogModuleManager: Shutting down and abandoning module Core (49)
[2016.12.04-15.27.23:857][751]LogModuleManager: Shutting down and abandoning module KismetCompiler (48)
[2016.12.04-15.27.23:857][751]LogModuleManager: Shutting down and abandoning module PhysXFormats (47)
[2016.12.04-15.27.23:857][751]LogModuleManager: Shutting down and abandoning module MeshUtilities (46)
[2016.12.04-15.27.23:857][751]LogModuleManager: Shutting down and abandoning module AssetRegistry (45)
[2016.12.04-15.27.23:857][751]LogModuleManager: Shutting down and abandoning module DerivedDataCache (44)
[2016.12.04-15.27.23:972][751]LogDerivedDataCache: Shutdown
[2016.12.04-15.27.23:972][751]LogModuleManager: Shutting down and abandoning module VulkanShaderFormat (43)
[2016.12.04-15.27.23:972][751]LogModuleManager: Shutting down and abandoning module ShaderFormatOpenGL (42)
[2016.12.04-15.27.23:972][751]LogModuleManager: Shutting down and abandoning module ShaderFormatD3D (41)
[2016.12.04-15.27.23:972][751]LogModuleManager: Shutting down and abandoning module MetalShaderFormat (40)
[2016.12.04-15.27.23:972][751]LogModuleManager: Shutting down and abandoning module TextureFormatUncompressed (39)
[2016.12.04-15.27.23:972][751]LogModuleManager: Shutting down and abandoning module TextureFormatPVR (38)
[2016.12.04-15.27.23:972][751]LogModuleManager: Shutting down and abandoning module TextureFormatIntelISPCTexComp (37)
[2016.12.04-15.27.23:972][751]LogModuleManager: Shutting down and abandoning module TextureFormatDXT (36)
[2016.12.04-15.27.23:972][751]LogModuleManager: Shutting down and abandoning module ImageWrapper (35)
[2016.12.04-15.27.23:972][751]LogModuleManager: Shutting down and abandoning module TextureFormatASTC (34)
[2016.12.04-15.27.23:972][751]LogModuleManager: Shutting down and abandoning module TextureFormatAndroid (33)
[2016.12.04-15.27.23:972][751]LogModuleManager: Shutting down and abandoning module AudioFormatOpus (32)
[2016.12.04-15.27.23:972][751]LogModuleManager: Shutting down and abandoning module AudioFormatOgg (31)
[2016.12.04-15.27.23:972][751]LogModuleManager: Shutting down and abandoning module AudioFormatADPCM (30)
[2016.12.04-15.27.23:972][751]LogModuleManager: Shutting down and abandoning module WindowsTargetPlatform (29)
[2016.12.04-15.27.23:972][751]LogModuleManager: Shutting down and abandoning module WindowsServerTargetPlatform (28)
[2016.12.04-15.27.23:972][751]LogModuleManager: Shutting down and abandoning module WindowsNoEditorTargetPlatform (27)
[2016.12.04-15.27.23:972][751]LogModuleManager: Shutting down and abandoning module WindowsClientTargetPlatform (26)
[2016.12.04-15.27.23:972][751]LogModuleManager: Shutting down and abandoning module TargetPlatform (25)
[2016.12.04-15.27.23:972][751]LogModuleManager: Shutting down and abandoning module InputCore (24)
[2016.12.04-15.27.23:972][751]LogModuleManager: Shutting down and abandoning module Settings (23)
[2016.12.04-15.27.23:972][751]LogModuleManager: Shutting down and abandoning module OnlineSubsystem (19)
[2016.12.04-15.27.23:972][751]LogOnline:Display: STEAM: OnlineSubsystemSteam::Shutdown()
[2016.12.04-15.27.24:031][751]LogOnline:Display: Unloading online subsystem: STEAM
[2016.12.04-15.27.24:031][751]LogOnline:Display: STEAM: OnlineSubsystemSteam::Shutdown()
[2016.12.04-15.27.24:032][751]LogModuleManager: Shutting down and abandoning module HTTP (18)
[2016.12.04-15.27.24:032][751]LogModuleManager: Shutting down and abandoning module XMPP (17)
[2016.12.04-15.27.24:032][751]LogModuleManager: Shutting down and abandoning module OculusRift (16)
[2016.12.04-15.27.24:032][751]LogModuleManager: Shutting down and abandoning module ExampleDeviceProfileSelector (15)
[2016.12.04-15.27.24:032][751]LogModuleManager: Shutting down and abandoning module TextureCompressor (14)
[2016.12.04-15.27.24:033][751]LogModuleManager: Shutting down and abandoning module ShaderCore (13)
[2016.12.04-15.27.24:033][751]LogModuleManager: Shutting down and abandoning module Landscape (12)
[2016.12.04-15.27.24:033][751]LogModuleManager: Shutting down and abandoning module SlateRHIRenderer (11)
[2016.12.04-15.27.24:037][751]LogModuleManager: Shutting down and abandoning module OpenGLDrv (10)
[2016.12.04-15.27.24:037][751]LogModuleManager: Shutting down and abandoning module D3D11RHI (9)
[2016.12.04-15.27.24:037][751]LogModuleManager: Shutting down and abandoning module AnimGraphRuntime (8)
[2016.12.04-15.27.24:037][751]LogModuleManager: Shutting down and abandoning module Renderer (7)
[2016.12.04-15.27.24:037][751]LogModuleManager: Shutting down and abandoning module Engine (6)
[2016.12.04-15.27.24:037][751]LogModuleManager: Shutting down and abandoning module CoreUObject (5)
[2016.12.04-15.27.24:037][751]LogModuleManager: Shutting down and abandoning module NetworkFile (4)
[2016.12.04-15.27.24:038][751]LogModuleManager: Shutting down and abandoning module StreamingFile (3)
[2016.12.04-15.27.24:038][751]LogModuleManager: Shutting down and abandoning module SandboxFile (2)
[2016.12.04-15.27.24:038][751]LogModuleManager: Shutting down and abandoning module PakFile (1)
[2016.12.04-15.27.24:039][751]LogExit: Exiting.
[2016.12.04-15.27.24:041][751]Log file closed, 12/05/16 00:27:24
