Log file open, 12/12/16 22:58:45
LogInit:Display: Running engine for game: UNNAMED
LogPlatformFile: Not using cached read wrapper
LogInit:Display: RandInit(-1713411268) SRandInit(-1713411266).
LogTaskGraph: Started task graph with 4 named threads and 7 total threads with 1 sets of task threads.
LogStats: Stats thread started at 0.096011
LogInit: Version: 4.12.5-3039270+++UE4+Release-4.12
LogInit: API Version: 2992821
LogInit: Net Version: 3039270
LogDevObjectVersion: Number of dev versions registered: 13
LogDevObjectVersion:   Dev-Blueprints (B0D832E4-1F89-4F0D-ACCF-7EB736FD4AA2): 3
LogDevObjectVersion:   Dev-Build (E1C64328-A22C-4D53-A36C-8E866417BD8C): 0
LogDevObjectVersion:   Dev-Core (375EC13C-06E4-48FB-B500-84F0262A717E): 1
LogDevObjectVersion:   Dev-Editor (E4B068ED-F494-42E9-A231-DA0B2E46BB41): 2
LogDevObjectVersion:   Dev-Framework (CFFC743F-43B0-4480-9391-14DF171D2073): 6
LogDevObjectVersion:   Dev-Mobile (B02B49B5-BB20-44E9-A304-32B752E40360): 0
LogDevObjectVersion:   Dev-Networking (A4E4105C-59A1-49B5-A7C5-40C4547EDFEE): 0
LogDevObjectVersion:   Dev-Online (39C831C9-5AE6-47DC-9A44-9C173E1C8E7C): 0
LogDevObjectVersion:   Dev-Physics (78F01B33-EBEA-4F98-B9B4-84EACCB95AA2): 0
LogDevObjectVersion:   Dev-Platform (6631380F-2D4D-43E0-8009-CF276956A95A): 0
LogDevObjectVersion:   Dev-Rendering (12F88B9F-8875-4AFC-A67C-D90C383ABD29): 2
LogDevObjectVersion:   Dev-Sequencer (7B5AE74C-D270-4C10-A958-57980B212A5A): 0
LogDevObjectVersion:   Dev-VR (D7296918-1DD6-4BDD-9DE2-64A83CC13884): 0
LogInit: Compiled (64-bit): Jul  6 2016 09:09:46
LogInit: Compiled with Visual C++: 19.00.23026.00
LogInit: Build Configuration: Development
LogInit: Branch Name: ++UE4+Release-4.12
LogInit: Command line:  /Temp/Autosaves/Game/Map/UEDPCMain -game -PIEVIACONSOLE -ResX=1280 -ResY=720  -Multiprocess -windowed -messaging -SessionName="Play in Standalone Game" 
LogInit: Base directory: C:/Program Files (x86)/Epic Games/4.12/Engine/Binaries/Win64/
LogInit: Installed Engine Build: 1
LogInit: Using libcurl 7.41.0
LogInit:  - built for x86_64-pc-win32
LogInit:  - supports SSL with WinSSL
LogInit:  - other features:
LogInit:      CURL_VERSION_SSL
LogInit:      CURL_VERSION_IPV6
LogInit:      CURL_VERSION_ASYNCHDNS
LogInit:      CURL_VERSION_LARGEFILE
LogInit:      CURL_VERSION_IDN
LogInit:  CurlRequestOptions (configurable via config and command line):
LogInit:  - bVerifyPeer = true  - Libcurl will verify peer certificate
LogInit:  - bUseHttpProxy = false  - Libcurl will NOT use HTTP proxy
LogInit:  - bDontReuseConnections = false  - Libcurl will reuse connections
LogInit:  - CertBundlePath = nullptr  - Libcurl will use whatever was configured at build time.
LogOnline:Display: STEAM: Loading Steam SDK 1.32
LogInit: WinSock: version 1.1 (2.2), MaxSocks=32767, MaxUdp=65467
LogInit: Presizing for max 8388607 objects, including 0 objects not considered by GC, pre-allocating 0 bytes for permanent pool.
LogInit: Object subsystem initialized
[2016.12.12-13.58.49:784][  0]LogInit: Selected Device Profile: [Windows]
[2016.12.12-13.58.49:784][  0]LogInit: Applying CVar settings loaded from the selected device profile: [Windows]
[2016.12.12-13.58.49:787][  0]LogInit: Computer: DESKTOP-5I3HB32
[2016.12.12-13.58.49:787][  0]LogInit: User: jcy
[2016.12.12-13.58.49:787][  0]LogInit: CPU Page size=65536, Cores=4
[2016.12.12-13.58.49:788][  0]LogInit: High frequency timer resolution =2.533206 MHz
[2016.12.12-13.58.49:788][  0]LogMemory: Memory total: Physical=7.9GB (8GB approx)
[2016.12.12-13.58.49:788][  0]LogMemory: Platform Memory Stats for Windows
[2016.12.12-13.58.49:788][  0]LogMemory: Process Physical Memory: 228.33 MB used, 228.33 MB peak
[2016.12.12-13.58.49:788][  0]LogMemory: Process Virtual Memory: 213.27 MB used, 213.27 MB peak
[2016.12.12-13.58.49:788][  0]LogMemory: Physical Memory: 4578.04 MB used, 8113.86 MB total
[2016.12.12-13.58.49:788][  0]LogMemory: Virtual Memory: 660.85 MB used, 134217728.00 MB total
[2016.12.12-13.58.50:257][  0]LogD3D11RHI: D3D11 adapters:
[2016.12.12-13.58.50:831][  0]LogD3D11RHI:    0. 'NVIDIA GeForce GTX 960M' (Feature Level 11_0)
[2016.12.12-13.58.50:831][  0]LogD3D11RHI:       2018/0/4056 MB DedicatedVideo/DedicatedSystem/SharedSystem, Outputs:2, VendorId:0x10de
[2016.12.12-13.58.50:838][  0]LogD3D11RHI:    1. 'Intel(R) HD Graphics 4600' (Feature Level 11_0)
[2016.12.12-13.58.50:838][  0]LogD3D11RHI:       112/0/2048 MB DedicatedVideo/DedicatedSystem/SharedSystem, Outputs:0, VendorId:0x8086
[2016.12.12-13.58.50:840][  0]LogD3D11RHI:    2. 'Microsoft Basic Render Driver' (Feature Level 11_0)
[2016.12.12-13.58.50:840][  0]LogD3D11RHI:       0/0/4056 MB DedicatedVideo/DedicatedSystem/SharedSystem, Outputs:0, VendorId:0x1414
[2016.12.12-13.58.50:840][  0]LogD3D11RHI: Chosen D3D11 Adapter: 0
[2016.12.12-13.58.50:848][  0]LogD3D11RHI: Creating new Direct3DDevice
[2016.12.12-13.58.50:848][  0]LogD3D11RHI:     GPU DeviceId: 0x139b (for the marketing name, search the web for "GPU Device Id")
[2016.12.12-13.58.50:848][  0]LogWindows: EnumDisplayDevices:
[2016.12.12-13.58.50:849][  0]LogWindows:    0. 'Intel(R) HD Graphics 4600' (P:1 D:1)
[2016.12.12-13.58.50:850][  0]LogWindows:    1. 'Intel(R) HD Graphics 4600' (P:0 D:1)
[2016.12.12-13.58.50:851][  0]LogWindows:    2. 'Intel(R) HD Graphics 4600' (P:0 D:0)
[2016.12.12-13.58.50:851][  0]LogWindows: DebugString: PrimaryIsNotTheChoosenAdapter PrimaryIsNotTheChoosenAdapter PrimaryIsNotTheChoosenAdapter FoundDriverCount:0 
[2016.12.12-13.58.50:851][  0]LogD3D11RHI:     Adapter Name: NVIDIA GeForce GTX 960M
[2016.12.12-13.58.50:851][  0]LogD3D11RHI:   Driver Version: Unknown (internal:Unknown, unified:Unknown)
[2016.12.12-13.58.50:851][  0]LogD3D11RHI:      Driver Date: Unknown
[2016.12.12-13.58.50:851][  0]LogRHI: Texture pool is 1361 MB (70% of 1945 MB)
[2016.12.12-13.58.51:362][  0]LogD3D11RHI: Async texture creation enabled
[2016.12.12-13.58.52:132][  0]LogD3D11RHI: GPU Timing Frequency: 1000.000000 (Debug: 2 1)
[2016.12.12-13.58.52:132][  0]LogShaderCompilers: Guid format shader working directory is -15 characters bigger than the processId version (../../../../../../Users/jcy/Documents/GitHub/UNNAMED/UNNAMED/Intermediate/Shaders/WorkingDirectory/320/).
[2016.12.12-13.58.52:133][  0]LogShaderCompilers: Cleaned the shader compiler working directory 'C:/Users/jcy/AppData/Local/Temp/UnrealShaderWorkingDir/C1482C8E4BBDA709ACB6488FCCB6920E/'.
[2016.12.12-13.58.52:133][  0]LogShaderCompilers:Display: Using Local Shader Compiler.
[2016.12.12-13.58.53:592][  0]LogTemp:Display: Loaded TP WindowsClientTargetPlatform
[2016.12.12-13.58.53:603][  0]LogTemp:Display: Loaded TP WindowsNoEditorTargetPlatform
[2016.12.12-13.58.53:614][  0]LogTemp:Display: Loaded TP WindowsServerTargetPlatform
[2016.12.12-13.58.53:629][  0]LogTemp:Display: Loaded TP WindowsTargetPlatform
[2016.12.12-13.58.53:629][  0]LogTargetPlatformManager:Display: Building Assets For Windows
[2016.12.12-13.58.53:739][  0]LogDerivedDataCache:Display: Max Cache Size: 512 MB
[2016.12.12-13.58.53:805][  0]LogDerivedDataCache: Loaded boot cache 0.07s 48MB C:/Users/jcy/AppData/Local/UnrealEngine/4.12/DerivedDataCache/Boot.ddc.
[2016.12.12-13.58.53:806][  0]LogDerivedDataCache:Display: Loaded Boot cache: C:/Users/jcy/AppData/Local/UnrealEngine/4.12/DerivedDataCache/Boot.ddc
[2016.12.12-13.58.53:806][  0]LogDerivedDataCache: FDerivedDataBackendGraph:  Pak pak cache file ../../../../../../Users/jcy/Documents/GitHub/UNNAMED/UNNAMED/DerivedDataCache/DDC.ddp not found, will not use a pak cache.
[2016.12.12-13.58.53:806][  0]LogDerivedDataCache: Unable to find inner node Pak for hierarchical cache Hierarchy.
[2016.12.12-13.58.53:806][  0]LogDerivedDataCache: FDerivedDataBackendGraph:  CompressedPak pak cache file ../../../../../../Users/jcy/Documents/GitHub/UNNAMED/UNNAMED/DerivedDataCache/Compressed.ddp not found, will not use a pak cache.
[2016.12.12-13.58.53:806][  0]LogDerivedDataCache: Unable to find inner node CompressedPak for hierarchical cache Hierarchy.
[2016.12.12-13.58.53:825][  0]LogDerivedDataCache:Display: Pak cache opened for reading ../../../Engine/DerivedDataCache/Compressed.ddp.
[2016.12.12-13.58.53:837][  0]LogDerivedDataCache: Using Local data cache path C:/Users/jcy/AppData/Local/UnrealEngine/Common/DerivedDataCache: Writable
[2016.12.12-13.58.54:157][  0]LogAssetRegistry: FAssetRegistry took 0.0001 seconds to start up
[2016.12.12-13.58.54:160][  0]LogPackageLocalizationCache: Processed 3 localized package path(s) for 1 prioritized culture(s) in 0.003136 seconds
[2016.12.12-13.58.54:164][  0]LogInit: Selected Device Profile: [Windows]
[2016.12.12-13.58.54:164][  0]LogContentStreaming: Texture pool size is 1000.00 MB
[2016.12.12-13.58.54:319][  0]LogMeshUtilities: No automatic mesh reduction module available
[2016.12.12-13.58.54:319][  0]LogMeshUtilities: No automatic mesh merging module available
[2016.12.12-13.58.54:319][  0]LogMeshUtilities: No distributed automatic mesh merging module available
[2016.12.12-13.58.54:941][  0]LogSlate: SlateFontCache - WITH_FREETYPE: 1, WITH_HARFBUZZ: 1
[2016.12.12-13.58.54:941][  0]LogSlate: SlateFontCache - WITH_FREETYPE: 1, WITH_HARFBUZZ: 1
[2016.12.12-13.58.57:659][  0]LogMoviePlayer: Initializing movie player
[2016.12.12-13.58.58:083][  0]LogWindowsMoviePlayer: Unable to load movie: ../../../../../../Users/jcy/Documents/GitHub/UNNAMED/UNNAMED/Content/Movies/Default_Startup.mp4
[2016.12.12-13.58.58:186][  0]LogUdpMessaging: Initializing bridge on interface 0.0.0.0:0 to multicast group 230.0.0.1:6666.
[2016.12.12-13.58.58:282][  0]SourceControl: Info Source control is disabled
[2016.12.12-13.58.58:282][  0]SourceControl: Info Source control is disabled
[2016.12.12-13.58.58:297][  0]SourceControl: Info Source control is disabled
[2016.12.12-13.58.58:475][  0]LogUObjectArray: 30992 objects as part of root set at end of initial load.
[2016.12.12-13.58.58:475][  0]LogUObjectAllocator: 6930712 out of 0 bytes used by permanent object pool.
[2016.12.12-13.58.58:475][  0]LogUObjectArray: CloseDisregardForGC: 0/0 objects in disregard for GC pool
[2016.12.12-13.58.58:666][  0]LogEngine: Initializing Engine...
[2016.12.12-13.58.58:668][  0]LogHMD: SteamVR failed to initialize.  Err: 110
[2016.12.12-13.58.58:670][  0]LogHMD: SteamVR failed to initialize.  Err: 110
[2016.12.12-13.58.58:866][  0]LogInit: XAudio2 using '스피커(Realtek High Definition Audio)' : 2 channels at 48 kHz using 32 bits per sample (channel mask 0x3)
[2016.12.12-13.58.58:950][  0]LogInit: FAudioDevice initialized.
[2016.12.12-13.58.58:960][  0]LogInit: Texture streaming: Enabled
[2016.12.12-13.59.00:377][  0]LogNet: Browse: /Temp/Autosaves/Game/Map/UEDPCMain?Name=Player
[2016.12.12-13.59.00:452][  0]LogLoad: LoadMap: /Temp/Autosaves/Game/Map/UEDPCMain?Name=Player
[2016.12.12-13.59.01:102][  0]LogMemory: Platform Memory Stats for Windows
[2016.12.12-13.59.01:102][  0]LogMemory: Process Physical Memory: 614.23 MB used, 637.01 MB peak
[2016.12.12-13.59.01:102][  0]LogMemory: Process Virtual Memory: 659.03 MB used, 659.05 MB peak
[2016.12.12-13.59.01:102][  0]LogMemory: Physical Memory: 4909.48 MB used, 8113.86 MB total
[2016.12.12-13.59.01:102][  0]LogMemory: Virtual Memory: 1351.71 MB used, 134217728.00 MB total
[2016.12.12-13.59.01:102][  0]LogMemory: 
[2016.12.12-13.59.01:102][  0]Allocator Stats for TBB: (not implemented)
[2016.12.12-13.59.01:158][  0]LogAIModule: Creating AISystem for world Main
[2016.12.12-13.59.01:159][  0]LogWorld: Game class is 'pregame_C'
[2016.12.12-13.59.01:312][  0]LogWorld: Bringing World /Temp/Autosaves/Game/Map/UEDPCMain.Main up for play (max tick rate 0) at 2016.12.12-22.59.01
[2016.12.12-13.59.01:420][  0]LogWorld: Bringing up level for play took: 0.199542
[2016.12.12-13.59.01:979][  0]LogSpawn:Warning: SpawnActor failed because no class was specified
[2016.12.12-13.59.02:027][  0]LogBlueprintUserMessages: [pregame_C_0] 로그인
[2016.12.12-13.59.02:155][  0]LogLoad: Took 1.703198 seconds to LoadMap(/Temp/Autosaves/Game/Map/UEDPCMain)
[2016.12.12-13.59.02:172][  0]LogInit:Display: Game Engine Initialized.
[2016.12.12-13.59.02:467][  0]LogLoad: Full Startup: 17.99 seconds (BP compile: 0.27 seconds)
[2016.12.12-13.59.02:467][  0]LogExternalProfiler: Found external profiler: VSPerf
[2016.12.12-13.59.02:467][  0]LogExternalProfiler: Using external profiler: VSPerf
[2016.12.12-13.59.02:486][  0]LogWindowsTextInputMethodSystem:Display: IME system now activated using TSF (Microsoft 입력기).
[2016.12.12-13.59.02:489][  0]LogOcInput: OculusInput pre-init called
[2016.12.12-13.59.03:717][  1]LogRenderer: Reallocating scene render targets to support 1280x720 (Frame:2).
[2016.12.12-13.59.10:228][352]LogPackageName: SearchForPackageOnDisk took   0.104s to resolve map01.umap.
[2016.12.12-13.59.10:330][352]LogPackageName: SearchForPackageOnDisk took   0.100s to resolve map01.umap.
[2016.12.12-13.59.10:330][352]LogNet: Browse: /Game/Map/map01?listen
[2016.12.12-13.59.10:330][352]LogLoad: LoadMap: /Game/Map/map01?listen
[2016.12.12-13.59.10:343][352]LogBlueprintUserMessages: [pregame_C_0] 로그 아웃
[2016.12.12-13.59.10:478][352]LogMemory: Platform Memory Stats for Windows
[2016.12.12-13.59.10:478][352]LogMemory: Process Physical Memory: 667.13 MB used, 676.54 MB peak
[2016.12.12-13.59.10:478][352]LogMemory: Process Virtual Memory: 834.14 MB used, 850.74 MB peak
[2016.12.12-13.59.10:478][352]LogMemory: Physical Memory: 4964.18 MB used, 8113.86 MB total
[2016.12.12-13.59.10:478][352]LogMemory: Virtual Memory: 1530.16 MB used, 134217728.00 MB total
[2016.12.12-13.59.10:478][352]LogMemory: 
[2016.12.12-13.59.10:478][352]Allocator Stats for TBB: (not implemented)
[2016.12.12-13.59.11:074][352]LogLinker:Warning: CreateImport: Failed to load Outer for resource 'Arrow': Wolf_C /Game/wolf/Wolf.Default__Wolf_C
[2016.12.12-13.59.32:105][352]LogAIModule: Creating AISystem for world map01
[2016.12.12-13.59.32:144][352]LogWorld: Game class is 'MyGameMode_C'
[2016.12.12-13.59.33:192][352]LogNet:Display: SteamNetDriver_0 bound to port 7777
[2016.12.12-13.59.33:451][352]PacketHandlerLog: Loaded PacketHandler component: Engine.EngineHandlerComponentFactory (StatelessConnectHandlerComponent)
[2016.12.12-13.59.33:496][352]LogNet: GameNetDriver SteamNetDriver_0 IpNetDriver listening on port 7777
[2016.12.12-13.59.35:696][352]LogWorld: Bringing World /Game/Map/map01.map01 up for play (max tick rate 0) at 2016.12.12-22.59.35
[2016.12.12-13.59.36:112][352]LogWorld: Bringing up level for play took: 2.615756
[2016.12.12-13.59.36:359][352]LogScript:Warning: Accessed None trying to read property CallFunc_K2_GetPawn_ReturnValue
	MyGameMode_C /Game/Map/map01.map01:PersistentLevel.MyGameMode_C_0
	Function /Game/BP/MyGameMode.MyGameMode_C:ExecuteUbergraph_MyGameMode:0492
[2016.12.12-13.59.36:359][352]LogScript:Warning: Script call stack:
	Function /Game/BP/MyGameMode.MyGameMode_C:K2_PostLogin
	Function /Game/BP/MyGameMode.MyGameMode_C:ExecuteUbergraph_MyGameMode
	Function /Game/BP/MyGameMode.MyGameMode_C:RespawnPlayerEvent
	Function /Game/BP/MyGameMode.MyGameMode_C:ExecuteUbergraph_MyGameMode

[2016.12.12-13.59.36:457][352]LogOnline:Warning: STEAM: Can't start an online session (Game) in state InProgress
[2016.12.12-13.59.36:606][352]LogScript:Warning: Accessed None trying to read property widget
	MyGameinstance_C /Engine/Transient.GameEngine_0:MyGameinstance_C_0
	Function /Game/BP/MyGameinstance.MyGameinstance_C:HideWidget:000A
[2016.12.12-13.59.36:606][352]LogScript:Warning: Script call stack:
	Function /Game/Map/map01.map01_C:ReceiveBeginPlay
	Function /Game/Map/map01.map01_C:ExecuteUbergraph_map01
	Function /Game/BP/MyGameinstance.MyGameinstance_C:StartPlayingState
	Function /Game/BP/MyGameinstance.MyGameinstance_C:HideWidget

[2016.12.12-13.59.36:629][352]LogLoad: Took 26.300256 seconds to LoadMap(/Game/Map/map01)
[2016.12.12-13.59.37:113][353]LogNet: UNetDriver::TickDispatch: Very long time between ticks. DeltaTime: 26.86, Realtime: 0.41. SteamNetDriver_0
[2016.12.12-13.59.42:017][588]LogWindowsTextInputMethodSystem:Display: IME system now activated using TSF (Microsoft 입력기).
[2016.12.12-13.59.42:165][588]LogEngine: All Windows Closed
[2016.12.12-13.59.42:165][588]LogWindows: FPlatformMis