Log file open, 05/31/17 01:32:06
LogInit:Display: Running engine for game: UNNAMED
LogPlatformFile: Not using cached read wrapper
LogInit:Display: RandInit(-1721804153) SRandInit(-1721804153).
LogTaskGraph: Started task graph with 5 named threads and 8 total threads with 1 sets of task threads.
LogStats: Stats thread started at 0.081888
LogInit: Using libcurl 7.47.1
LogInit:  - built for x86_64-pc-win32
LogInit:  - supports SSL with OpenSSL/1.0.2g
LogInit:  - supports HTTP deflate (compression) using libz 1.2.8
LogInit:  - other features:
LogInit:      CURL_VERSION_SSL
LogInit:      CURL_VERSION_LIBZ
LogInit:      CURL_VERSION_IPV6
LogInit:      CURL_VERSION_ASYNCHDNS
LogInit:      CURL_VERSION_LARGEFILE
LogInit:      CURL_VERSION_IDN
LogInit:  CurlRequestOptions (configurable via config and command line):
LogInit:  - bVerifyPeer = false  - Libcurl will NOT verify peer certificate
LogInit:  - bUseHttpProxy = false  - Libcurl will NOT use HTTP proxy
LogInit:  - bDontReuseConnections = false  - Libcurl will reuse connections
LogInit:  - CertBundlePath = nullptr  - Libcurl will use whatever was configured at build time.
LogOnline:Display: STEAM: Loading Steam SDK 1.32
LogOnline:Warning: STEAM: Steam API disabled!
LogOnline:Display: STEAM: OnlineSubsystemSteam::Shutdown()
LogInit: WinSock: version 1.1 (2.2), MaxSocks=32767, MaxUdp=65467
LogInit: Build: ++UE4+Release-4.15-CL-3450819
LogInit: Engine Version: 4.15.3-3450819+++UE4+Release-4.15
LogInit: Compatible Engine Version: 4.15.0-3299760+++UE4+Release-4.15
LogInit: Net CL: 3299760
LogDevObjectVersion: Number of dev versions registered: 14
LogDevObjectVersion:   Dev-Blueprints (B0D832E4-1F89-4F0D-ACCF-7EB736FD4AA2): 8
LogDevObjectVersion:   Dev-Build (E1C64328-A22C-4D53-A36C-8E866417BD8C): 0
LogDevObjectVersion:   Dev-Core (375EC13C-06E4-48FB-B500-84F0262A717E): 2
LogDevObjectVersion:   Dev-Editor (E4B068ED-F494-42E9-A231-DA0B2E46BB41): 14
LogDevObjectVersion:   Dev-Framework (CFFC743F-43B0-4480-9391-14DF171D2073): 22
LogDevObjectVersion:   Dev-Mobile (B02B49B5-BB20-44E9-A304-32B752E40360): 0
LogDevObjectVersion:   Dev-Networking (A4E4105C-59A1-49B5-A7C5-40C4547EDFEE): 0
LogDevObjectVersion:   Dev-Online (39C831C9-5AE6-47DC-9A44-9C173E1C8E7C): 0
LogDevObjectVersion:   Dev-Physics (78F01B33-EBEA-4F98-B9B4-84EACCB95AA2): 0
LogDevObjectVersion:   Dev-Platform (6631380F-2D4D-43E0-8009-CF276956A95A): 0
LogDevObjectVersion:   Dev-Rendering (12F88B9F-8875-4AFC-A67C-D90C383ABD29): 12
LogDevObjectVersion:   Dev-Sequencer (7B5AE74C-D270-4C10-A958-57980B212A5A): 3
LogDevObjectVersion:   Dev-VR (D7296918-1DD6-4BDD-9DE2-64A83CC13884): 0
LogDevObjectVersion:   Dev-LoadTimes (C2A15278-BFE7-4AFE-6C17-90FF531DF755): 1
LogInit: Compiled (64-bit): May 21 2017 11:02:34
LogInit: Compiled with Visual C++: 19.00.23026.00
LogInit: Build Configuration: Development
LogInit: Branch Name: ++UE4+Release-4.15
LogInit: Command line:  
LogInit: Base directory: D:/UE4.15/UE_4.15/Engine/Binaries/Win64/
LogInit: Installed Engine Build: 1
LogInit: Presizing for max 8388607 objects, including 0 objects not considered by GC, pre-allocating 0 bytes for permanent pool.
LogInit: Object subsystem initialized
[2017.05.30-16.32.07:690][  0]LogInit: Selected Device Profile: [Windows]
[2017.05.30-16.32.07:690][  0]LogInit: Applying CVar settings loaded from the selected device profile: [Windows]
[2017.05.30-16.32.07:698][  0]LogInit: Computer: DESKTOP-H2CK12I
[2017.05.30-16.32.07:698][  0]LogInit: User: blue1
[2017.05.30-16.32.07:698][  0]LogInit: CPU Page size=65536, Cores=4
[2017.05.30-16.32.07:698][  0]LogInit: High frequency timer resolution =2.531248 MHz
[2017.05.30-16.32.07:698][  0]LogMemory: Memory total: Physical=7.9GB (8GB approx)
[2017.05.30-16.32.07:698][  0]LogMemory: Platform Memory Stats for Windows
[2017.05.30-16.32.07:698][  0]LogMemory: Process Physical Memory: 266.50 MB used, 266.50 MB peak
[2017.05.30-16.32.07:698][  0]LogMemory: Process Virtual Memory: 262.79 MB used, 262.79 MB peak
[2017.05.30-16.32.07:698][  0]LogMemory: Physical Memory: 3727.52 MB used,  4348.04 MB free, 8075.57 MB total
[2017.05.30-16.32.07:698][  0]LogMemory: Virtual Memory: 634.72 MB used,  4348.04 MB free, 134217728.00 MB total
[2017.05.30-16.32.07:806][  0]LogTextLocalizationManager: No specific translations for ('ko-KR') exist, so ('ko') translations will be used.
[2017.05.30-16.32.07:863][  0]LogTextLocalizationManager:Warning: Loaded localization resources contain conflicting entries for (Namespace:KismetSchema, Key:Default):
Localization Resource: (D:/UE4.15/UE_4.15/Engine/Content/Localization/EditorTutorials/ko/EditorTutorials.locres) Source String Hash: (940523119) Localized String: (디폴트)
Localization Resource: (D:/UE4.15/UE_4.15/Engine/Content/Localization/Engine/ko/Engine.locres) Source String Hash: (940523119) Localized String: (기본)
[2017.05.30-16.32.07:864][  0]LogTextLocalizationManager:Warning: Loaded localization resources contain conflicting entries for (Namespace:UObjectToolTips, Key:AnimNode_AssetPlayerBase:InternalTimeAccumulator):
Localization Resource: (D:/UE4.15/UE_4.15/Engine/Content/Localization/EditorTutorials/ko/EditorTutorials.locres) Source String Hash: (502993589) Localized String: (이 노드에서 애셋을 레퍼런싱하는 데 사용되는 누적 시간입니다.)
Localization Resource: (D:/UE4.15/UE_4.15/Engine/Content/Localization/ToolTips/ko/ToolTips.locres) Source String Hash: (502993589) Localized String: (내부 시간 누산기 - 이 노드에서 애셋을 레퍼런싱하는 데 사용된 누적 시간입니다.)
Localization Resource: (D:/UE4.15/UE_4.15/Engine/Content/Localization/Engine/ko/Engine.locres) Source String Hash: (502993589) Localized String: (이 노드에서 애셋을 레퍼런싱하는 데 사용된 누적 시간입니다.)
[2017.05.30-16.32.07:864][  0]LogTextLocalizationManager:Warning: Loaded localization resources contain conflicting entries for (Namespace:UObjectToolTips, Key:AnimNode_AssetPlayerBase:bIgnoreForRelevancyTest):
Localization Resource: (D:/UE4.15/UE_4.15/Engine/Content/Localization/EditorTutorials/ko/EditorTutorials.locres) Source String Hash: (319969718) Localized String: (True 면, 스테이트에서 최고 가중치 애니메이션을 찾는 "Relevant anim" 노드는 이 노드를 무시합니다.
 )
Localization Resource: (D:/UE4.15/UE_4.15/Engine/Content/Localization/ToolTips/ko/ToolTips.locres) Source String Hash: (319969718) Localized String: (연관성 테스트에 무시 - true 인 경우 스테이트 내 최고 웨이팅된 애니메이션을 찾는 "Relevant anim" (연관 애님) 노드가
이 노드를 무시합니다.)
Localization Resource: (D:/UE4.15/UE_4.15/Engine/Content/Localization/Engine/ko/Engine.locres) Source String Hash: (319969718) Localized String: (True 면 스테이트 내 최고 웨이팅된 애니메이션을 찾는 "Relevant anim" 노드가 무시됩니다.
 )
[2017.05.30-16.32.07:864][  0]LogTextLocalizationManager:Warning: Loaded localization resources contain conflicting entries for (Namespace:UObjectToolTips, Key:AnimNode_AssetPlayerBase:BlendWeight):
Localization Resource: (D:/UE4.15/UE_4.15/Engine/Content/Localization/EditorTutorials/ko/EditorTutorials.locres) Source String Hash: (-1232800293) Localized String: (이 노드에 마지막 걸린 블렌드웨이트 입니다.)
Localization Resource: (D:/UE4.15/UE_4.15/Engine/Content/Localization/ToolTips/ko/ToolTips.locres) Source String Hash: (-1232800293) Localized String: (블렌드 웨이트 - 이 노드에 대해 마지막으로 접한 블렌드 웨이트입니다.)
Localization Resource: (D:/UE4.15/UE_4.15/Engine/Content/Localization/Engine/ko/Engine.locres) Source String Hash: (-1232800293) Localized String: (이 노드에 대해 마지막 접한 블렌드 웨이트)
[2017.05.30-16.32.07:864][  0]LogTextLocalizationManager:Warning: Loaded localization resources contain conflicting entries for (Namespace:UObjectToolTips, Key:AnimNode_BlendSpacePlayer:bLoop):
Localization Resource: (D:/UE4.15/UE_4.15/Engine/Content/Localization/EditorTutorials/ko/EditorTutorials.locres) Source String Hash: (2133979316) Localized String: (애니메이션이 끝까지 재생되면 반복할까요?)
Localization Resource: (D:/UE4.15/UE_4.15/Engine/Content/Localization/ToolTips/ko/ToolTips.locres) Source String Hash: (2133979316) Localized String: (루프 - 애니메이션이 끝에 도달했을 때 계속 반복할까요?)
[2017.05.30-16.32.07:864][  0]LogTextLocalizationManager:Warning: Loaded localization resources contain conflicting entries for (Namespace:UObjectToolTips, Key:AnimNode_StateMachine:bSkipFirstUpdateTransition):
Localization Resource: (D:/UE4.15/UE_4.15/Engine/Content/Localization/EditorTutorials/ko/EditorTutorials.locres) Source String Hash: (1865475011) Localized String: (첫 업데이트시 도입 상태에서의 트랜지션을 건너뛸까요? 
기본은 true 로, 첫 업데이트시에는 트랜지션 데이터를 버립니다.)
Localization Resource: (D:/UE4.15/UE_4.15/Engine/Content/Localization/ToolTips/ko/ToolTips.locres) Source String Hash: (1865475011) Localized String: (첫 번째 업데이트 트랜지션 건너뛰기 - 첫 번째 업데이트에서 입력 스테이트의 트랜지션을 건너뜁니까?
디폴트는 true 고 첫 번째 업데이트의 트랜지션 데이터를 버립니다.)
[2017.05.30-16.32.07:864][  0]LogTextLocalizationManager:Warning: Loaded localization resources contain conflicting entries for (Namespace:UObjectToolTips, Key:AnimNode_BlendSpacePlayer:X):
Localization Resource: (D:/UE4.15/UE_4.15/Engine/Content/Localization/EditorTutorials/ko/EditorTutorials.locres) Source String Hash: (2060772590) Localized String: (블렌드스페이스에서 샘플링할 X 좌표입니다.)
Localization Resource: (D:/UE4.15/UE_4.15/Engine/Content/Localization/ToolTips/ko/ToolTips.locres) Source String Hash: (2060772590) Localized String: (X - 블렌드스페이스 샘플의 X 좌표입니다.)
[2017.05.30-16.32.07:864][  0]LogTextLocalizationManager:Warning: Loaded localization resources contain conflicting entries for (Namespace:UObjectToolTips, Key:AnimNode_BlendSpacePlayer:Y):
Localization Resource: (D:/UE4.15/UE_4.15/Engine/Content/Localization/EditorTutorials/ko/EditorTutorials.locres) Source String Hash: (-1719607538) Localized String: (블렌드스페이스에서 샘플링할 Y 좌표입니다.)
Localization Resource: (D:/UE4.15/UE_4.15/Engine/Content/Localization/ToolTips/ko/ToolTips.locres) Source String Hash: (-1719607538) Localized String: (Y - 블렌드스페이스 샘플의 Y 좌표입니다.)
[2017.05.30-16.32.07:864][  0]LogTextLocalizationManager:Warning: Loaded localization resources contain conflicting entries for (Namespace:UObjectToolTips, Key:AnimNode_BlendSpacePlayer:Z):
Localization Resource: (D:/UE4.15/UE_4.15/Engine/Content/Localization/EditorTutorials/ko/EditorTutorials.locres) Source String Hash: (1728943471) Localized String: (블렌드스페이스에서 샘플링할 Z 좌표입니다.)
Localization Resource: (D:/UE4.15/UE_4.15/Engine/Content/Localization/ToolTips/ko/ToolTips.locres) Source String Hash: (1728943471) Localized String: (Z - 블렌드스페이스 샘플의 Z 좌표입니다.)
[2017.05.30-16.32.07:864][  0]LogTextLocalizationManager:Warning: Loaded localization resources contain conflicting entries for (Namespace:UObjectToolTips, Key:AnimNode_BlendSpacePlayer:BlendSpace):
Localization Resource: (D:/UE4.15/UE_4.15/Engine/Content/Localization/EditorTutorials/ko/EditorTutorials.locres) Source String Hash: (1599043277) Localized String: (재생할 블렌드스페이스 애셋입니다.)
Localization Resource: (D:/UE4.15/UE_4.15/Engine/Content/Localization/ToolTips/ko/ToolTips.locres) Source String Hash: (1599043277) Localized String: (블렌드스페이스 - 재생할 블렌드스페이스 애셋입니다.)
[2017.05.30-16.32.07:864][  0]LogTextLocalizationManager:Warning: Loaded localization resources contain conflicting entries for (Namespace:UObjectToolTips, Key:AnimNode_StateMachine:MaxTransitionsPerFrame):
Localization Resource: (D:/UE4.15/UE_4.15/Engine/Content/Localization/EditorTutorials/ko/EditorTutorials.locres) Source String Hash: (1567650430) Localized String: (이 머신에서 한 프레임 내 '동시에' 취할 수 있는 트랜지션 최대 수입니다.)
Localization Resource: (D:/UE4.15/UE_4.15/Engine/Content/Localization/ToolTips/ko/ToolTips.locres) Source String Hash: (1567650430) Localized String: (프레임 당 최대 트랜지션 - 한 프레임에서 이 머신이 동시에 취할 수 있는 트랜지션 최대 수입니다.)
[2017.05.30-16.32.07:864][  0]LogTextLocalizationManager:Warning: Loaded localization resources contain conflicting entries for (Namespace:UObjectToolTips, Key:AnimNode_BlendSpacePlayer:PlayRate):
Localization Resource: (D:/UE4.15/UE_4.15/Engine/Content/Localization/EditorTutorials/ko/EditorTutorials.locres) Source String Hash: (-1274923958) Localized String: (재생 속도 배수입니다. 음수가 되면 애니메이션을 역순으로 재생하게 됩니다.)
Localization Resource: (D:/UE4.15/UE_4.15/Engine/Content/Localization/ToolTips/ko/ToolTips.locres) Source String Hash: (-1274923958) Localized String: (재생 속도 - 재생 속도 배수입니다. 음수가 되면 애니메이션을 거꾸로 재생합니다.)
[2017.05.30-16.32.07:864][  0]LogTextLocalizationManager:Warning: Loaded localization resources contain conflicting entries for (Namespace:UObjectToolTips, Key:AnimNode_BlendSpacePlayer:StartPosition):
Localization Resource: (D:/UE4.15/UE_4.15/Engine/Content/Localization/EditorTutorials/ko/EditorTutorials.locres) Source String Hash: (-207153555) Localized String: (시작 위치 범위는 [0,1] 이며, 재초기화시에만 적용됩니다.
루핑을 하면, 1 회전 후 0.f 부터 시작할 것입니다.)
Localization Resource: (D:/UE4.15/UE_4.15/Engine/Content/Localization/ToolTips/ko/ToolTips.locres) Source String Hash: (-207153555) Localized String: (시작 위치 - [0, 1] 범위의 시작 위치로, 재초기화할 때만 적용됩니다.
반복하면 1회전 후 0.f 부터 시작됩니다.)
[2017.05.30-16.32.07:864][  0]LogTextLocalizationManager:Warning: Loaded localization resources contain conflicting entries for (Namespace:UObjectToolTips, Key:CameraFilmbackSettings:SensorWidth):
Localization Resource: (D:/UE4.15/UE_4.15/Engine/Content/Localization/ToolTips/ko/ToolTips.locres) Source String Hash: (-1448580153) Localized String: (센서 폭 - 필름백 또는 디지털 센서의 가로 크기로, mm 단위입니다.)
Localization Resource: (D:/UE4.15/UE_4.15/Engine/Content/Localization/Engine/ko/Engine.locres) Source String Hash: (-1448580153) Localized String: (필름백 또는 디지털 센서의 가로 크기로, mm 단위입니다.)
[2017.05.30-16.32.07:864][  0]LogTextLocalizationManager:Warning: Loaded localization resources contain conflicting entries for (Namespace:UObjectToolTips, Key:CameraFilmbackSettings:SensorAspectRatio):
Localization Resource: (D:/UE4.15/UE_4.15/Engine/Content/Localization/ToolTips/ko/ToolTips.locres) Source String Hash: (-194807515) Localized String: (센서 종횡비 - 읽기 전용입니다. 센서 치수에서 계산했습니다.)
Localization Resource: (D:/UE4.15/UE_4.15/Engine/Content/Localization/Engine/ko/Engine.locres) Source String Hash: (-194807515) Localized String: (읽기 전용입니다. 센서 크기에서 계산했습니다.)
[2017.05.30-16.32.07:864][  0]LogTextLocalizationManager:Warning: Loaded localization resources contain conflicting entries for (Namespace:UObjectToolTips, Key:AnimNode_SequencePlayer:bLoopAnimation):
Localization Resource: (D:/UE4.15/UE_4.15/Engine/Content/Localization/ToolTips/ko/ToolTips.locres) Source String Hash: (2133979316) Localized String: (루프 - 애니메이션이 끝에 도달했을 때 계속 반복시켜야 할까요?)
Localization Resource: (D:/UE4.15/UE_4.15/Engine/Content/Localization/Engine/ko/Engine.locres) Source String Hash: (2133979316) Localized String: (애니메이션이 끝에 도달하면 계속해서 루핑시킬것인지 입니다.)
[2017.05.30-16.32.07:864][  0]LogTextLocalizationManager:Warning: Loaded localization resources contain conflicting entries for (Namespace:UObjectToolTips, Key:AnimNode_SequencePlayer:Sequence):
Localization Resource: (D:/UE4.15/UE_4.15/Engine/Content/Localization/ToolTips/ko/ToolTips.locres) Source String Hash: (421436424) Localized String: (시퀀스 - 재생할 애니메이션 시퀀스 애셋입니다.)
Localization Resource: (D:/UE4.15/UE_4.15/Engine/Content/Localization/Engine/ko/Engine.locres) Source String Hash: (421436424) Localized String: (재생할 애니메이션 시퀀스 애셋입니다.)
[2017.05.30-16.32.07:864][  0]LogTextLocalizationManager:Warning: Loaded localization resources contain conflicting entries for (Namespace:UObjectToolTips, Key:AnimNode_SequencePlayer:PlayRate):
Localization Resource: (D:/UE4.15/UE_4.15/Engine/Content/Localization/ToolTips/ko/ToolTips.locres) Source String Hash: (-1274923958) Localized String: (재생 속도 - 재생 속도 배수입니다. 음수가 될 수 있으며, 그러면 애니메이션이 거꾸로 재생됩니다.)
Localization Resource: (D:/UE4.15/UE_4.15/Engine/Content/Localization/Engine/ko/Engine.locres) Source String Hash: (-1274923958) Localized String: (플레이 속도 배수입니다. 음수가 되면 애니메이션이 역방향으로 재생됩니다.)
[2017.05.30-16.32.07:864][  0]LogTextLocalizationManager:Warning: Loaded localization resources contain conflicting entries for (Namespace:UObjectToolTips, Key:AnimNode_SequencePlayer:StartPosition):
Localization Resource: (D:/UE4.15/UE_4.15/Engine/Content/Localization/ToolTips/ko/ToolTips.locres) Source String Hash: (771611000) Localized String: (시작 위치 - 시작 위치로 재초기화할 때만 적용됩니다.
반복하면, 1회전 후 0.f 부터 시작됩니다.)
Localization Resource: (D:/UE4.15/UE_4.15/Engine/Content/Localization/Engine/ko/Engine.locres) Source String Hash: (771611000) Localized String: (시작 위치로, 재초기화시에만 적용됩니다.
루핑을 하면, 1회전 후 0.f 부터 시작할 것입니다.)
[2017.05.30-16.32.07:864][  0]LogTextLocalizationManager:Warning: Loaded localization resources contain conflicting entries for (Namespace:UObjectToolTips, Key:CameraFilmbackSettings:SensorHeight):
Localization Resource: (D:/UE4.15/UE_4.15/Engine/Content/Localization/ToolTips/ko/ToolTips.locres) Source String Hash: (-1311569777) Localized String: (센서 높이 - 필름백 또는 디지털 센서의 세로 크기로, mm 단위입니다.)
Localization Resource: (D:/UE4.15/UE_4.15/Engine/Content/Localization/Engine/ko/Engine.locres) Source String Hash: (-1311569777) Localized String: (필름백 또는 디지털 센서의 세로 크기로, mm 단위입니다.)
[2017.05.30-16.32.08:352][  0]LogD3D11RHI: D3D11 adapters:
[2017.05.30-16.32.08:392][  0]LogD3D11RHI:    0. 'NVIDIA GeForce GTX 970M' (Feature Level 11_0)
[2017.05.30-16.32.08:392][  0]LogD3D11RHI:       6108/0/4037 MB DedicatedVideo/DedicatedSystem/SharedSystem, Outputs:1, VendorId:0x10de
[2017.05.30-16.32.08:402][  0]LogD3D11RHI:    1. 'Intel(R) HD Graphics 530' (Feature Level 11_0)
[2017.05.30-16.32.08:402][  0]LogD3D11RHI:       128/0/4037 MB DedicatedVideo/DedicatedSystem/SharedSystem, Outputs:0, VendorId:0x8086
[2017.05.30-16.32.08:404][  0]LogD3D11RHI:    2. 'Microsoft Basic Render Driver' (Feature Level 11_0)
[2017.05.30-16.32.08:404][  0]LogD3D11RHI:       0/0/4037 MB DedicatedVideo/DedicatedSystem/SharedSystem, Outputs:0, VendorId:0x1414
[2017.05.30-16.32.08:404][  0]LogD3D11RHI: Chosen D3D11 Adapter: 0
[2017.05.30-16.32.08:409][  0]LogD3D11RHI: Creating new Direct3DDevice
[2017.05.30-16.32.08:409][  0]LogD3D11RHI:     GPU DeviceId: 0x13d8 (for the marketing name, search the web for "GPU Device Id")
[2017.05.30-16.32.08:409][  0]LogWindows: EnumDisplayDevices:
[2017.05.30-16.32.08:409][  0]LogWindows:    0. 'Intel(R) HD Graphics 530' (P:1 D:1)
[2017.05.30-16.32.08:409][  0]LogWindows:    1. 'Intel(R) HD Graphics 530' (P:0 D:0)
[2017.05.30-16.32.08:409][  0]LogWindows:    2. 'Intel(R) HD Graphics 530' (P:0 D:0)
[2017.05.30-16.32.08:409][  0]LogWindows: DebugString: PrimaryIsNotTheChoosenAdapter PrimaryIsNotTheChoosenAdapter PrimaryIsNotTheChoosenAdapter FoundDriverCount:0 
[2017.05.30-16.32.08:409][  0]LogD3D11RHI:     Adapter Name: NVIDIA GeForce GTX 970M
[2017.05.30-16.32.08:409][  0]LogD3D11RHI:   Driver Version: Unknown (internal:Unknown, unified:Unknown)
[2017.05.30-16.32.08:409][  0]LogD3D11RHI:      Driver Date: Unknown
[2017.05.30-16.32.08:409][  0]LogRHI: Texture pool is 1361 MB (70% of 1945 MB)
[2017.05.30-16.32.08:431][  0]LogD3D11RHI: Async texture creation enabled
[2017.05.30-16.32.08:442][  0]LogD3D11RHI: GPU Timing Frequency: 1000.000000 (Debug: 2 1)
[2017.05.30-16.32.08:443][  0]LogShaderCompilers: Guid format shader working directory is 4 characters bigger than the processId version (C:/Users/blue1/Desktop/졸작/UNNAMED_/UNNAMED/Intermediate/Shaders/WorkingDirectory/9816/).
[2017.05.30-16.32.08:443][  0]LogShaderCompilers: Cleaned the shader compiler working directory 'C:/Users/blue1/AppData/Local/Temp/UnrealShaderWorkingDir/332914604B98431CB7E25C80F9787AD0/'.
[2017.05.30-16.32.08:443][  0]LogShaderCompilers:Display: Using Local Shader Compiler.
[2017.05.30-16.32.11:350][  0]LogTemp:Display: Loaded TP AllDesktopTargetPlatform
[2017.05.30-16.32.11:408][  0]LogTemp:Display: Loaded TP MacClientTargetPlatform
[2017.05.30-16.32.11:464][  0]LogTemp:Display: Loaded TP MacNoEditorTargetPlatform
[2017.05.30-16.32.11:523][  0]LogTemp:Display: Loaded TP MacServerTargetPlatform
[2017.05.30-16.32.11:580][  0]LogTemp:Display: Loaded TP MacTargetPlatform
[2017.05.30-16.32.11:641][  0]LogTemp:Display: Loaded TP WindowsClientTargetPlatform
[2017.05.30-16.32.11:702][  0]LogTemp:Display: Loaded TP WindowsNoEditorTargetPlatform
[2017.05.30-16.32.11:761][  0]LogTemp:Display: Loaded TP WindowsServerTargetPlatform
[2017.05.30-16.32.11:819][  0]LogTemp:Display: Loaded TP WindowsTargetPlatform
[2017.05.30-16.32.11:880][  0]LogTemp:Display: Loaded TP AndroidTargetPlatform
[2017.05.30-16.32.11:936][  0]LogTemp:Display: Loaded TP Android_ASTCTargetPlatform
[2017.05.30-16.32.11:991][  0]LogTemp:Display: Loaded TP Android_ATCTargetPlatform
[2017.05.30-16.32.12:050][  0]LogTemp:Display: Loaded TP Android_DXTTargetPlatform
[2017.05.30-16.32.12:108][  0]LogTemp:Display: Loaded TP Android_ETC1TargetPlatform
[2017.05.30-16.32.12:165][  0]LogTemp:Display: Loaded TP Android_ETC2TargetPlatform
[2017.05.30-16.32.12:274][  0]LogTemp:Display: Loaded TP Android_MultiTargetPlatform
[2017.05.30-16.32.12:274][  0]LogTemp:Display: Loaded TP Android_PVRTCTargetPlatform
[2017.05.30-16.32.12:317][  0]LogTemp:Display: Loaded TP HTML5TargetPlatform
[2017.05.30-16.32.12:417][  0]LogTemp:Display: Loaded TP IOSTargetPlatform
[2017.05.30-16.32.12:452][  0]LogTemp:Display: Loaded TP TVOSTargetPlatform
[2017.05.30-16.32.12:506][  0]LogTemp:Display: Loaded TP LinuxClientTargetPlatform
[2017.05.30-16.32.12:570][  0]LogTemp:Display: Loaded TP LinuxNoEditorTargetPlatform
[2017.05.30-16.32.12:628][  0]LogTemp:Display: Loaded TP LinuxServerTargetPlatform
[2017.05.30-16.32.12:682][  0]LogTemp:Display: Loaded TP LinuxTargetPlatform
[2017.05.30-16.32.12:682][  0]LogTargetPlatformManager:Display: Building Assets For Windows
[2017.05.30-16.32.13:080][  0]LogDerivedDataCache:Display: Max Cache Size: 512 MB
[2017.05.30-16.32.13:164][  0]LogDerivedDataCache: Loaded boot cache 0.08s 50MB C:/Users/blue1/AppData/Local/UnrealEngine/4.15/DerivedDataCache/Boot.ddc.
[2017.05.30-16.32.13:164][  0]LogDerivedDataCache:Display: Loaded Boot cache: C:/Users/blue1/AppData/Local/UnrealEngine/4.15/DerivedDataCache/Boot.ddc
[2017.05.30-16.32.13:164][  0]LogDerivedDataCache: FDerivedDataBackendGraph:  Pak pak cache file C:/Users/blue1/Desktop/졸작/UNNAMED_/UNNAMED/DerivedDataCache/DDC.ddp not found, will not use a pak cache.
[2017.05.30-16.32.13:164][  0]LogDerivedDataCache: Unable to find inner node Pak for hierarchical cache Hierarchy.
[2017.05.30-16.32.13:164][  0]LogDerivedDataCache: FDerivedDataBackendGraph:  CompressedPak pak cache file C:/Users/blue1/Desktop/졸작/UNNAMED_/UNNAMED/DerivedDataCache/Compressed.ddp not found, will not use a pak cache.
[2017.05.30-16.32.13:164][  0]LogDerivedDataCache: Unable to find inner node CompressedPak for hierarchical cache Hierarchy.
[2017.05.30-16.32.13:187][  0]LogDerivedDataCache:Display: Pak cache opened for reading ../../../Engine/DerivedDataCache/Compressed.ddp.
[2017.05.30-16.32.13:200][  0]LogDerivedDataCache: Using Local data cache path C:/Users/blue1/AppData/Local/UnrealEngine/Common/DerivedDataCache: Writable
[2017.05.30-16.32.13:210][  0]LogSlate: Using Freetype 2.6.0
[2017.05.30-16.32.13:210][  0]LogSlate: SlateFontCache - WITH_FREETYPE: 1, WITH_HARFBUZZ: 1
[2017.05.30-16.32.13:210][  0]LogSlate: SlateFontCache - WITH_FREETYPE: 1, WITH_HARFBUZZ: 1
[2017.05.30-16.32.13:580][  0]LogInit: Selected Device Profile: [Windows]
[2017.05.30-16.32.13:584][  0]LogContentStreaming: Texture pool size is 0.00 MB
[2017.05.30-16.32.13:803][  0]LogMeshUtilities: Using QuadricMeshReduction for automatic static mesh reduction
[2017.05.30-16.32.13:866][  0]LogSimplygon: Simplygon DLL not present - disabling.
[2017.05.30-16.32.13:912][  0]LogMeshUtilities: Using SimplygonSwarm for distributed automatic mesh merging
[2017.05.30-16.32.13:912][  0]LogMeshUtilities: No automatic skeletal mesh reduction module available
[2017.05.30-16.32.13:912][  0]LogMeshUtilities: No automatic mesh merging module available
[2017.05.30-16.32.14:610][  0]LogNetVersion: GetLocalNetworkVersion: CL: 3299760, ProjectName: unnamed, ProjectVersion: , EngineNetworkVersion: 2, GameNetworkVersion: 0, NetworkChecksum: 1184173371
[2017.05.30-16.32.14:653][  0]LogAssetRegistry: FAssetRegistry took 0.0226 seconds to start up
[2017.05.30-16.32.14:713][  0]LogPackageLocalizationCache: Processed 3 localized package path(s) for 2 prioritized culture(s) in 0.036723 seconds
[2017.05.30-16.32.14:720][  0]LogUObjectArray: 32500 objects as part of root set at end of initial load.
[2017.05.30-16.32.14:720][  0]LogUObjectAllocator: 7290880 out of 0 bytes used by permanent object pool.
[2017.05.30-16.32.14:720][  0]LogUObjectArray: CloseDisregardForGC: 0/0 objects in disregard for GC pool
[2017.05.30-16.32.16:540][  0]LogTcpMessaging: Initializing TcpMessaging bridge
[2017.05.30-16.32.16:580][  0]LogUdpMessaging: Initializing bridge on interface 0.0.0.0:0 to multicast group 230.0.0.1:6666.
[2017.05.30-16.32.17:040][  0]LogMaterial: Uniform references updated for custom material expression Custom.
[2017.05.30-16.32.17:427][  0]SourceControl: 정보 소스 콘트롤이 꺼졌습니다.
[2017.05.30-16.32.17:429][  0]SourceControl: 정보 소스 콘트롤이 꺼졌습니다.
[2017.05.30-16.32.17:474][  0]SourceControl: 정보 소스 콘트롤이 꺼졌습니다.
[2017.05.30-16.32.17:521][  0]SourceControl: 정보 소스 콘트롤이 꺼졌습니다.
[2017.05.30-16.32.18:745][  0]LogEngine: Initializing Engine...
[2017.05.30-16.32.18:746][  0]LogHMD: Failed to initialize OpenVR with code 110
[2017.05.30-16.32.18:882][  0]LogStats: UGameplayTagsManager::ConstructGameplayTagTree: Construct from data asset -  0.000 s
[2017.05.30-16.32.18:882][  0]LogStats: UGameplayTagsManager::ConstructGameplayTagTree: GameplayTagTreeChangedEvent.Broadcast -  0.000 s
[2017.05.30-16.32.18:995][  0]LogAIModule: Creating AISystem for world Untitled
[2017.05.30-16.32.19:002][  0]LogInit: XAudio2 using 'Speakers(Realtek High Definition Audio)' : 2 channels at 48 kHz using 32 bits per sample (channel mask 0x3)
[2017.05.30-16.32.19:024][  0]LogAudio:Error: CreateMasteringVoice error: Unhandled error code -2147467261
[2017.05.30-16.32.19:024][  0]LogInit:Warning: Failed to create the mastering voice for XAudio2
[2017.05.30-16.32.19:071][  0]LogDerivedDataCache: Saved boot cache 0.05s 50MB C:/Users/blue1/AppData/Local/UnrealEngine/4.15/DerivedDataCache/Boot.ddc.
[2017.05.30-16.32.19:076][  0]LogInit: Texture streaming: Enabled
[2017.05.30-16.32.19:163][  0]LogEngineSessionManager: EngineSessionManager initialized
[2017.05.30-16.32.19:241][  0]LogInit: Transaction tracking system initialized
[2017.05.30-16.32.19:562][  0]BlueprintLog: New page: 에디터 로드
[2017.05.30-16.32.20:396][  0]LocalizationService: 정보 현지화 서비스가 비활성화되었습니다.
[2017.05.30-16.32.21:033][  0]LogConsoleResponse:Display: 
[2017.05.30-16.32.21:183][  0]LogCook:Display: Max memory allowance for cook 16384mb min free memory 0mb
[2017.05.30-16.32.21:183][  0]LogCook:Display: Mobile HDR setting 1
[2017.05.30-16.32.22:166][  0]LogFileCache: Scanning file cache for directory 'C:/Users/blue1/Desktop/졸작/UNNAMED_/UNNAMED/Content/' took 0.06s
[2017.05.30-16.32.22:207][  0]SourceControl: 정보 소스 콘트롤이 꺼졌습니다.
[2017.05.30-16.32.22:207][  0]Cmd: MAP LOAD FILE="C:/Users/blue1/Desktop/졸작/UNNAMED_/UNNAMED/Content/Map/map01.umap" TEMPLATE=0 SHOWPROGRESS=1 FEATURELEVEL=3
[2017.05.30-16.32.22:214][  0]LightingResults: New page: 라이팅 빌드
[2017.05.30-16.32.22:253][  0]MapCheck: New page: 맵 체크
[2017.05.30-16.32.22:253][  0]LightingResults: New page: 라이팅 빌드
[2017.05.30-16.32.23:530][  0]LogClass:Warning: Enum '/Game/BP/E_GameState.E_GameState' was upgraded to use FText to store its display name data. Please re-save this asset to avoid issues with localization and determinstic cooking.
[2017.05.30-16.32.24:019][  0]LogBlueprint:Warning: [Compiler DariAniBP] 경고  dari_jump_Anim -> TripleShot  will never be taken, please connect something to  Can Enter Transition
[2017.05.30-16.32.24:019][  0]LogBlueprint:Warning: [Compiler DariAniBP] 경고  Idle -> dari_shift_Anim  will never be taken, please connect something to  Can Enter Transition
[2017.05.30-16.32.24:019][  0]LogBlueprint:Warning: [Compiler DariAniBP] 경고  dari_run_Anim -> dari_shift_Anim  will never be taken, please connect something to  Can Enter Transition
[2017.05.30-16.32.24:031][  0]LogBlueprint:Warning: [Compiler DariAniBP] 경고 [0018.75] DariAniBP 컴파일에 성공했습니다만, 경고가 3 회 있습니다. [소요시간 17 ms] (/Game/C_Dari/DariAniBP.DariAniBP)
[2017.05.30-16.32.24:031][  0]LogBlueprint:Warning: [Compiler DariAniBP] 경고 [0018.75] DariAniBP 컴파일에 성공했습니다만, 경고가 4 회 있습니다. [소요시간 0 ms] (/Game/C_Dari/DariAniBP.DariAniBP)
[2017.05.30-16.32.24:031][  0]LogBlueprint:Warning: [Compiler DariAniBP] 경고 [0018.75] DariAniBP 컴파일에 성공했습니다만, 경고가 5 회 있습니다. [소요시간 0 ms] (/Game/C_Dari/DariAniBP.DariAniBP)
[2017.05.30-16.32.25:504][  0]LogBlueprint:Warning: [Compiler DariAniBP] 경고  dari_jump_Anim -> TripleShot  will never be taken, please connect something to  Can Enter Transition
[2017.05.30-16.32.25:504][  0]LogBlueprint:Warning: [Compiler DariAniBP] 경고  Idle -> dari_shift_Anim  will never be taken, please connect something to  Can Enter Transition
[2017.05.30-16.32.25:504][  0]LogBlueprint:Warning: [Compiler DariAniBP] 경고  dari_run_Anim -> dari_shift_Anim  will never be taken, please connect something to  Can Enter Transition
[2017.05.30-16.32.25:515][  0]LogBlueprint:Warning: [Compiler DariAniBP] 경고 [0020.23] DariAniBP 컴파일에 성공했습니다만, 경고가 3 회 있습니다. [소요시간 19 ms] (/Game/C_Dari/DariAniBP.DariAniBP)
[2017.05.30-16.32.25:515][  0]LogBlueprint:Warning: [Compiler DariAniBP] 경고 [0020.23] DariAniBP 컴파일에 성공했습니다만, 경고가 4 회 있습니다. [소요시간 0 ms] (/Game/C_Dari/DariAniBP.DariAniBP)
[2017.05.30-16.32.25:515][  0]LogBlueprint:Warning: [Compiler DariAniBP] 경고 [0020.23] DariAniBP 컴파일에 성공했습니다만, 경고가 5 회 있습니다. [소요시간 0 ms] (/Game/C_Dari/DariAniBP.DariAniBP)
[2017.05.30-16.32.27:517][  0]LogAIModule: Creating AISystem for world map01
[2017.05.30-16.32.27:566][  0]LogEditorServer: Finished looking for orphan Actors (0.000 secs)
[2017.05.30-16.32.27:566][  0]Cmd: MAP CHECKDEP NOCLEARLOG
[2017.05.30-16.32.27:701][  0]MapCheck: 정보 맵 체크 완료: 오류 0 회, 경고 0 회, 소요 시간 135.217ms.
[2017.05.30-16.32.27:701][  0]LogFileHelpers: Loading map 'map01' took 5.495
[2017.05.30-16.32.27:774][  0]LogWindowsTextInputMethodSystem:Display: IME system now activated using TSF (Microsoft 입력기).
[2017.05.30-16.32.27:957][  0]LogCollectionManager: Loaded 1 collections in 0.002364 seconds
[2017.05.30-16.32.28:054][  0]LogFileCache: Scanning file cache for directory 'C:/Users/blue1/Desktop/졸작/UNNAMED_/UNNAMED/Saved/Collections/' took 0.01s
[2017.05.30-16.32.28:054][  0]LogFileCache: Scanning file cache for directory 'C:/Users/blue1/Desktop/졸작/UNNAMED_/UNNAMED/Content/Developers/blue1/Collections/' took 0.02s
[2017.05.30-16.32.28:054][  0]LogFileCache: Scanning file cache for directory 'C:/Users/blue1/Desktop/졸작/UNNAMED_/UNNAMED/Content/Collections/' took 0.01s
[2017.05.30-16.32.28:054][  0]LogCollectionManager: Rebuilt the GUID cache for 1 collections in 0.000020 seconds
[2017.05.30-16.32.28:054][  0]LogCollectionManager: Rebuilt the hierarchy cache for 1 collections in 0.000000 seconds
[2017.05.30-16.32.28:069][  0]LogContentBrowser: Native class hierarchy populated in 0.0135 seconds. Added 2247 classes and 456 folders.
[2017.05.30-16.32.28:137][  0]LogContentBrowser: Native class hierarchy updated for 'WidgetCarousel' in 0.0006 seconds. Added 0 classes and 0 folders.
[2017.05.30-16.32.28:197][  0]LogContentBrowser: Native class hierarchy updated for 'AddContentDialog' in 0.0007 seconds. Added 0 classes and 0 folders.
[2017.05.30-16.32.28:241][  0]LogContentBrowser: Native class hierarchy updated for 'SceneOutliner' in 0.0006 seconds. Added 1 classes and 2 folders.
[2017.05.30-16.32.28:295][  0]LogCrashTracker: Crashtracker disabled due to settings.
[2017.05.30-16.32.28:451][  0]LogContentBrowser: Native class hierarchy updated for 'HierarchicalLODOutliner' in 0.0008 seconds. Added 1 classes and 2 folders.
[2017.05.30-16.32.28:452][  0]LogLoad: (Engine Initialization) Total time: 23.17 seconds
[2017.05.30-16.32.28:452][  0]LogLoad: (Engine Initialization) Total Blueprint compile time: 1.92 seconds
[2017.05.30-16.32.28:452][  0]LogExternalProfiler: No external profilers were discovered.  External profiling features will not be available.
[2017.05.30-16.32.28:472][  0]LogOcInput: OculusInput pre-init called
[2017.05.30-16.32.28:494][  0]LogContentStreaming: Texture pool size now 1000 MB
[2017.05.30-16.32.28:497][  0]LogSlate: Took 0.000337 seconds to synchronously load lazily loaded font '../../../Engine/Content/Slate/Fonts/Roboto-Regular.ttf' (155K)
[2017.05.30-16.32.28:504][  0]LogSlate: Took 0.003005 seconds to synchronously load lazily loaded font '../../../Engine/Content/Slate/Fonts/NanumGothic.ttf' (4243K)
[2017.05.30-16.32.28:506][  0]LogSlate: Took 0.000264 seconds to synchronously load lazily loaded font '../../../Engine/Content/Slate/Fonts/Roboto-Bold.ttf' (160K)
[2017.05.30-16.32.28:513][  0]LogSlate: Took 0.000777 seconds to synchronously load lazily loaded font '../../../Engine/Content/Editor/Slate/Fonts/FontAwesome.ttf' (139K)
[2017.05.30-16.32.28:685][  0]LogSlate: Took 0.000525 seconds to synchronously load lazily loaded font '../../../Engine/Content/Slate/Fonts/Roboto-Light.ttf' (159K)
[2017.05.30-16.32.28:805][  1]LogRenderer: Reallocating scene render targets to support 960x420 NumSamples 1 (Frame:2).
[2017.05.30-16.32.29:096][  4]LogAssetRegistry: Asset discovery search completed in 14.4664 seconds
[2017.05.30-16.32.29:097][  4]LogCollectionManager: Rebuilt the object cache for 1 collections in 0.000011 seconds (found 0 objects)
[2017.05.30-16.32.29:097][  4]LogCollectionManager: Fixed up redirectors for 1 collections in 0.000034 seconds (updated 0 objects)
[2017.05.30-16.32.29:549][ 16]LogSlate: Took 0.000459 seconds to synchronously load lazily loaded font '../../../Engine/Content/Slate/Fonts/Roboto-Light.ttf' (159K)
[2017.05.30-16.32.30:058][ 16]LogContentBrowser: Native class hierarchy updated for 'BlueprintGraph' in 0.0008 seconds. Added 112 classes and 0 folders.
[2017.05.30-16.32.30:881][ 16]LogSlate: Took 0.000384 seconds to synchronously load lazily loaded font '../../../Engine/Content/Slate/Fonts/Roboto-Light.ttf' (159K)
[2017.05.30-16.32.30:882][ 16]LogSlate: Took 0.000158 seconds to synchronously load lazily loaded font '../../../Engine/Content/Editor/Slate/Fonts/Roboto-BoldCondensed.ttf' (158K)
[2017.05.30-16.32.37:434][323]LogBlueprintUserMessages: Early PlayInEditor Detection: Level '/Game/Map/map01.map01:PersistentLevel' has LevelScriptBlueprint '/Game/Map/map01.map01:PersistentLevel.map01' with GeneratedClass '/Game/Map/map01.map01_C' with ClassGeneratedBy '/Game/Map/map01.map01:PersistentLevel.map01'
[2017.05.30-16.32.37:434][323]LogPlayLevel: PlayLevel: No blueprints needed recompiling
[2017.05.30-16.32.37:434][323]LogOnline:Display: OSS: FOnlineSubsystemNull::Shutdown()
[2017.05.30-16.32.37:436][323]LogOnline:Warning: STEAM: Steam API disabled!
[2017.05.30-16.32.37:436][323]LogOnline:Display: STEAM: OnlineSubsystemSteam::Shutdown()
[2017.05.30-16.32.37:448][323]PIE: New page: PIE 세션: map01 (2017. 5. 31. 오전 10:32:37)
[2017.05.30-16.32.37:449][323]LogPlayLevel: Creating play world package: /Game/Map/UEDPIE_0_map01
[2017.05.30-16.32.37:487][323]LogPlayLevel: PIE: StaticDuplicateObject took: (0.037847s)
[2017.05.30-16.32.37:487][323]LogAIModule: Creating AISystem for world map01
[2017.05.30-16.32.37:488][323]LogPlayLevel: PIE: World Init took: (0.000849s)
[2017.05.30-16.32.37:488][323]LogPlayLevel: PIE: Created PIE world by copying editor world from /Game/Map/map01.map01 to /Game/Map/UEDPIE_0_map01.map01 (0.039458s)
[2017.05.30-16.32.37:618][323]LogStats:Warning: MetaData mismatch. Did you assign a stat to two groups? New //STATGROUP_Threads//OnlineAsyncTaskThreadNull DefaultInstance///Thread_af8_0///####STATCAT_Advanced#### old //STATGROUP_Threads//OnlineAsyncTaskThreadNull DefaultInstance///Thread_808_0///####STATCAT_Advanced####
[2017.05.30-16.32.37:645][323]LogLoad: Game class is 'MyGameMode_C'
[2017.05.30-16.32.37:652][323]LogWorld: Bringing World /Game/Map/UEDPIE_0_map01.map01 up for play (max tick rate 60) at 2017.05.31-01.32.37
[2017.05.30-16.32.37:655][323]LogWorld: Bringing up level for play took: 0.008492
[2017.05.30-16.32.37:723][323]LogContentBrowser: Native class hierarchy updated for 'MovieSceneCapture' in 0.0006 seconds. Added 11 classes and 0 folders.
[2017.05.30-16.32.37:723][323]LogGameMode:Display: Match State Changed from EnteringMap to WaitingToStart
[2017.05.30-16.32.37:723][323]LogGameState: Match State Changed from EnteringMap to WaitingToStart
[2017.05.30-16.32.37:723][323]LogGameMode:Display: Match State Changed from WaitingToStart to InProgress
[2017.05.30-16.32.37:731][323]LogBlueprintUserMessages: [messageScroll_116] DESKTOP-H2CK12I-7708
[2017.05.30-16.32.37:735][323]LogBlueprintUserMessages: [playercon_C_0] 1
[2017.05.30-16.32.37:736][323]LogGameState: Match State Changed from WaitingToStart to InProgress
[2017.05.30-16.32.37:741][323]PIE: 정보 /Game/Map/UEDPIE_0_map01 에 대한 에디터에서 플레이 시작 시간: -0.243
[2017.05.30-16.32.37:742][323]LogBlueprintUserMessages: Late PlayInEditor Detection: Level '/Game/Map/map01.map01:PersistentLevel' has LevelScriptBlueprint '/Game/Map/map01.map01:PersistentLevel.map01' with GeneratedClass '/Game/Map/map01.map01_C' with ClassGeneratedBy '/Game/Map/map01.map01:PersistentLevel.map01'
[2017.05.30-16.32.37:824][323]LogRenderer: Reallocating scene render targets to support 1292x756 NumSamples 1 (Frame:83).
[2017.05.30-16.32.37:889][324]PIE:Warning: 경고 위젯이 포커스를 지원하지 않습니다. UserWidget 인 경우, bIsFocusable 을 true 로 설정해야 합니다.
[2017.05.30-16.32.37:890][324]LogBlueprintUserMessages: [CharacterSelect_278] Ribecca_C
[2017.05.30-16.32.43:088][494]LogBlueprintUserMessages: Early EndPlayMap Detection: Level '/Game/Map/map01.map01:PersistentLevel' has LevelScriptBlueprint '/Game/Map/map01.map01:PersistentLevel.map01' with GeneratedClass '/Game/Map/map01.map01_C' with ClassGeneratedBy '/Game/Map/map01.map01:PersistentLevel.map01'
[2017.05.30-16.32.43:136][494]LogOnline:Display: OSS: FOnlineSubsystemNull::Shutdown()
[2017.05.30-16.32.43:136][494]LogPlayLevel:Display: Shutting down PIE online subsystems
[2017.05.30-16.32.43:137][494]LogBlueprintUserMessages: Late EndPlayMap Detection: Level '/Game/Map/map01.map01:PersistentLevel' has LevelScriptBlueprint '/Game/Map/map01.map01:PersistentLevel.map01' with GeneratedClass '/Game/Map/map01.map01_C' with ClassGeneratedBy '/Game/Map/map01.map01:PersistentLevel.map01'
[2017.05.30-16.32.43:220][495]LogPlayLevel:Display: Destroying online subsystem :Context_5
[2017.05.30-16.32.43:220][495]LogOnline:Display: OSS: FOnlineSubsystemNull::Shutdown()
[2017.05.30-16.32.44:357][533]LogWindowsTextInputMethodSystem:Display: IME system now activated using TSF (Microsoft 입력기).
[2017.05.30-16.32.44:564][534]Cmd: QUIT_EDITOR
[2017.05.30-16.32.45:361][534]LogExit: Preparing to exit.
[2017.05.30-16.32.45:929][534]LogExit: Editor shut down
[2017.05.30-16.32.45:929][534]LogExit: Transaction tracking system shut down
[2017.05.30-16.32.46:151][534]LogObj: Freed 0b from 0 cluster array pools.
[2017.05.30-16.32.46:153][534]LogExit: Object subsystem successfully closed.
[2017.05.30-16.32.46:175][534]LogD3D11RHI: Shutdown
[2017.05.30-16.32.46:175][534]LogD3D11RHI: CleanupD3DDevice
[2017.05.30-16.32.46:317][534]LogD3D11RHI: ~FD3D11DynamicRHI
[2017.05.30-16.32.46:332][534]LogModuleManager: Shutting down and abandoning module MovieSceneCapture (510)
[2017.05.30-16.32.46:332][534]LogModuleManager: Shutting down and abandoning module Voice (508)
[2017.05.30-16.32.46:332][534]LogModuleManager: Shutting down and abandoning module SequencerWidgets (506)
[2017.05.30-16.32.46:332][534]LogModuleManager: Shutting down and abandoning module BlueprintGraph (504)
[2017.05.30-16.32.46:332][534]LogModuleManager: Shutting down and abandoning module BlueprintProfiler (502)
[2017.05.30-16.32.46:333][534]LogModuleManager: Shutting down and abandoning module HierarchicalLODOutliner (500)
[2017.05.30-16.32.46:333][534]LogModuleManager: Shutting down and abandoning module CrashTracker (498)
[2017.05.30-16.32.46:333][534]LogModuleManager: Shutting down and abandoning module SceneOutliner (496)
[2017.05.30-16.32.46:333][534]LogModuleManager: Shutting down and abandoning module AddContentDialog (494)
[2017.05.30-16.32.46:333][534]LogDirectoryWatcher: A directory notification for 'D:/UE4.15/UE_4.15/FeaturePacks/' was aborted.
[2017.05.30-16.32.46:335][534]LogModuleManager: Shutting down and abandoning module WidgetCarousel (493)
[2017.05.30-16.32.46:335][534]LogModuleManager: Shutting down and abandoning module EditorWidgets (490)
[2017.05.30-16.32.46:335][534]LogModuleManager: Shutting down and abandoning module CollectionManager (488)
[2017.05.30-16.32.46:335][534]LogDirectoryWatcher: A directory notification for 'C:/Users/blue1/Desktop/졸작/UNNAMED_/UNNAMED/Content/Collections/' was aborted.
[2017.05.30-16.32.46:335][534]LogDirectoryWatcher: A directory notification for 'C:/Users/blue1/Desktop/졸작/UNNAMED_/UNNAMED/Content/Developers/blue1/Collections/' was aborted.
[2017.05.30-16.32.46:335][534]LogDirectoryWatcher: A directory notification for 'C:/Users/blue1/Desktop/졸작/UNNAMED_/UNNAMED/Saved/Collections/' was aborted.
[2017.05.30-16.32.46:336][534]LogModuleManager: Shutting down and abandoning module StatsViewer (486)
[2017.05.30-16.32.46:336][534]LogModuleManager: Shutting down and abandoning module FoliageEdit (484)
[2017.05.30-16.32.46:336][534]LogModuleManager: Shutting down and abandoning module LandscapeEditor (482)
[2017.05.30-16.32.46:336][534]LogModuleManager: Shutting down and abandoning module SceneDepthPickerMode (480)
[2017.05.30-16.32.46:336][534]LogModuleManager: Shutting down and abandoning module ActorPickerMode (478)
[2017.05.30-16.32.46:336][534]LogModuleManager: Shutting down and abandoning module GeometryMode (476)
[2017.05.30-16.32.46:336][534]LogModuleManager: Shutting down and abandoning module TextureAlignMode (474)
[2017.05.30-16.32.46:336][534]LogModuleManager: Shutting down and abandoning module BspMode (472)
[2017.05.30-16.32.46:336][534]LogModuleManager: Shutting down and abandoning module HardwareSurvey (470)
[2017.05.30-16.32.46:336][534]LogModuleManager: Shutting down and abandoning module SequenceRecorderSections (468)
[2017.05.30-16.32.46:336][534]LogModuleManager: Shutting down and abandoning module AutomationWorker (466)
[2017.05.30-16.32.46:336][534]LogModuleManager: Shutting down and abandoning module MatineeToLevelSequence (464)
[2017.05.30-16.32.46:336][534]LogModuleManager: Shutting down and abandoning module LevelSequenceEditor (462)
[2017.05.30-16.32.46:336][534]LogModuleManager: Shutting down and abandoning module PlacementMode (461)
[2017.05.30-16.32.46:336][534]LogModuleManager: Shutting down and abandoning module WmfMediaFactory (458)
[2017.05.30-16.32.46:336][534]LogModuleManager: Shutting down and abandoning module WmfMediaEditor (456)
[2017.05.30-16.32.46:336][534]LogModuleManager: Shutting down and abandoning module MfMediaFactory (454)
[2017.05.30-16.32.46:336][534]LogModuleManager: Shutting down and abandoning module MfMediaEditor (452)
[2017.05.30-16.32.46:336][534]LogModuleManager: Shutting down and abandoning module AvfMediaFactory (450)
[2017.05.30-16.32.46:336][534]LogModuleManager: Shutting down and abandoning module AvfMediaEditor (448)
[2017.05.30-16.32.46:336][534]LogModuleManager: Shutting down and abandoning module AndroidMediaFactory (446)
[2017.05.30-16.32.46:336][534]LogModuleManager: Shutting down and abandoning module Media (445)
[2017.05.30-16.32.46:336][534]LogModuleManager: Shutting down and abandoning module AndroidMediaEditor (442)
[2017.05.30-16.32.46:336][534]LogModuleManager: Shutting down and abandoning module CharacterAI (440)
[2017.05.30-16.32.46:336][534]LogModuleManager: Shutting down and abandoning module AudioCapture (438)
[2017.05.30-16.32.46:336][534]LogModuleManager: Shutting down and abandoning module SequenceRecorder (437)
[2017.05.30-16.32.46:337][534]LogModuleManager: Shutting down and abandoning module SmartSnapping (434)
[2017.05.30-16.32.46:337][534]LogModuleManager: Shutting down and abandoning module SessionServices (432)
[2017.05.30-16.32.46:337][534]LogModuleManager: Shutting down and abandoning module ViewportSnapping (430)
[2017.05.30-16.32.46:337][534]LogModuleManager: Shutting down and abandoning module ViewportInteraction (428)
[2017.05.30-16.32.46:337][534]LogModuleManager: Shutting down and abandoning module LogVisualizer (426)
[2017.05.30-16.32.46:337][534]LogModuleManager: Shutting down and abandoning module IntroTutorials (424)
[2017.05.30-16.32.46:337][534]LogModuleManager: Shutting down and abandoning module GameProjectGeneration (423)
[2017.05.30-16.32.46:337][534]LogModuleManager: Shutting down and abandoning module EditorLiveStreaming (420)
[2017.05.30-16.32.46:337][534]LogModuleManager: Shutting down and abandoning module IOSPlatformEditor (418)
[2017.05.30-16.32.46:337][534]LogModuleManager: Shutting down and abandoning module HTML5PlatformEditor (416)
[2017.05.30-16.32.46:337][534]LogModuleManager: Shutting down and abandoning module AndroidPlatformEditor (414)
[2017.05.30-16.32.46:337][534]LogModuleManager: Shutting down and abandoning module AndroidDeviceDetection (413)
[2017.05.30-16.32.46:753][534]LogModuleManager: Shutting down and abandoning module IOSRuntimeSettings (410)
[2017.05.30-16.32.46:753][534]LogModuleManager: Shutting down and abandoning module AndroidRuntimeSettings (408)
[2017.05.30-16.32.46:753][534]LogModuleManager: Shutting down and abandoning module InputBindingEditor (406)
[2017.05.30-16.32.46:753][534]LogModuleManager: Shutting down and abandoning module NiagaraEditor (404)
[2017.05.30-16.32.46:753][534]LogModuleManager: Shutting down and abandoning module MergeActors (402)
[2017.05.30-16.32.46:753][534]LogModuleManager: Shutting down and abandoning module SizeMap (400)
[2017.05.30-16.32.46:753][534]LogModuleManager: Shutting down and abandoning module TreeMap (398)
[2017.05.30-16.32.46:753][534]LogModuleManager: Shutting down and abandoning module ReferenceViewer (396)
[2017.05.30-16.32.46:753][534]LogModuleManager: Shutting down and abandoning module LocalizationDashboard (394)
[2017.05.30-16.32.46:753][534]LogModuleManager: Shutting down and abandoning module LocalizationService (393)
[2017.05.30-16.32.46:753][534]LogModuleManager: Shutting down and abandoning module HardwareTargeting (390)
[2017.05.30-16.32.46:753][534]LogModuleManager: Shutting down and abandoning module DeviceProfileEditor (388)
[2017.05.30-16.32.46:753][534]LogModuleManager: Shutting down and abandoning module UndoHistory (386)
[2017.05.30-16.32.46:753][534]LogModuleManager: Shutting down and abandoning module UserFeedback (384)
[2017.05.30-16.32.46:753][534]LogModuleManager: Shutting down and abandoning module XmlParser (382)
[2017.05.30-16.32.46:753][534]LogModuleManager: Shutting down and abandoning module Blutility (380)
[2017.05.30-16.32.46:753][534]LogModuleManager: Shutting down and abandoning module ProjectSettingsViewer (378)
[2017.05.30-16.32.46:753][534]LogModuleManager: Shutting down and abandoning module ProjectTargetPlatformEditor (377)
[2017.05.30-16.32.46:753][534]LogModuleManager: Shutting down and abandoning module EditorSettingsViewer (374)
[2017.05.30-16.32.46:753][534]LogModuleManager: Shutting down and abandoning module SettingsEditor (372)
[2017.05.30-16.32.46:753][534]LogModuleManager: Shutting down and abandoning module ProjectLauncher (370)
[2017.05.30-16.32.46:753][534]LogModuleManager: Shutting down and abandoning module SessionFrontend (368)
[2017.05.30-16.32.46:753][534]LogModuleManager: Shutting down and abandoning module ProfilerClient (366)
[2017.05.30-16.32.46:753][534]LogModuleManager: Shutting down and abandoning module DeviceManager (364)
[2017.05.30-16.32.46:753][534]LogModuleManager: Shutting down and abandoning module TargetDeviceServices (363)
[2017.05.30-16.32.46:796][534]LogModuleManager: Shutting down and abandoning module AutomationController (360)
[2017.05.30-16.32.46:796][534]LogModuleManager: Shutting down and abandoning module AutomationWindow (358)
[2017.05.30-16.32.46:796][534]LogModuleManager: Shutting down and abandoning module Layers (356)
[2017.05.30-16.32.46:796][534]LogModuleManager: Shutting down and abandoning module ComponentVisualizers (354)
[2017.05.30-16.32.46:796][534]LogModuleManager: Shutting down and abandoning module DetailCustomizations (352)
[2017.05.30-16.32.46:796][534]LogModuleManager: Shutting down and abandoning module PackagesDialog (350)
[2017.05.30-16.32.46:796][534]LogModuleManager: Shutting down and abandoning module Persona (348)
[2017.05.30-16.32.46:796][534]LogModuleManager: Shutting down and abandoning module AnimGraph (347)
[2017.05.30-16.32.46:796][534]LogModuleManager: Shutting down and abandoning module Kismet (344)
[2017.05.30-16.32.46:804][534]LogModuleManager: Shutting down and abandoning module GraphEditor (342)
[2017.05.30-16.32.46:806][534]LogModuleManager: Shutting down and abandoning module ClassViewer (340)
[2017.05.30-16.32.46:806][534]LogModuleManager: Shutting down and abandoning module Toolbox (338)
[2017.05.30-16.32.46:806][534]LogModuleManager: Shutting down and abandoning module ModuleUI (336)
[2017.05.30-16.32.46:806][534]LogModuleManager: Shutting down and abandoning module MovieSceneTools (334)
[2017.05.30-16.32.46:806][534]LogModuleManager: Shutting down and abandoning module OutputLog (332)
[2017.05.30-16.32.46:806][534]LogModuleManager: Shutting down and abandoning module GammaUI (330)
[2017.05.30-16.32.46:806][534]LogModuleManager: Shutting down and abandoning module Documentation (328)
[2017.05.30-16.32.46:806][534]LogModuleManager: Shutting down and abandoning module Niagara (326)
[2017.05.30-16.32.46:806][534]LogModuleManager: Shutting down and abandoning module StreamingPauseRendering (324)
[2017.05.30-16.32.46:806][534]LogModuleManager: Shutting down and abandoning module AnalyticsET (322)
[2017.05.30-16.32.46:806][534]LogModuleManager: Shutting down and abandoning module PortalServices (320)
[2017.05.30-16.32.46:806][534]LogModuleManager: Shutting down and abandoning module PortalRpc (318)
[2017.05.30-16.32.46:806][534]LogModuleManager: Shutting down and abandoning module MessagingRpc (316)
[2017.05.30-16.32.46:806][534]LogModuleManager: Shutting down and abandoning module AIModule (314)
[2017.05.30-16.32.46:806][534]LogModuleManager: Shutting down and abandoning module GameplayDebugger (313)
[2017.05.30-16.32.46:806][534]LogModuleManager: Shutting down and abandoning module AITestSuite (311)
[2017.05.30-16.32.46:806][534]LogModuleManager: Shutting down and abandoning module ProfilerService (308)
[2017.05.30-16.32.46:976][534]LogModuleManager: Shutting down and abandoning module TaskGraph (306)
[2017.05.30-16.32.46:976][534]LogModuleManager: Shutting down and abandoning module SteamVRController (304)
[2017.05.30-16.32.46:976][534]LogModuleManager: Shutting down and abandoning module SteamVR (302)
[2017.05.30-16.32.46:976][534]LogModuleManager: Shutting down and abandoning module ProceduralMeshComponentEditor (300)
[2017.05.30-16.32.46:976][534]LogModuleManager: Shutting down and abandoning module ProceduralMeshComponent (298)
[2017.05.30-16.32.46:976][534]LogModuleManager: Shutting down and abandoning module OculusLibrary (296)
[2017.05.30-16.32.46:976][534]LogModuleManager: Shutting down and abandoning module OculusInput (294)
[2017.05.30-16.32.46:976][534]LogModuleManager: Shutting down and abandoning module MobilePatchingUtils (292)
[2017.05.30-16.32.46:976][534]LogModuleManager: Shutting down and abandoning module CustomMeshComponent (290)
[2017.05.30-16.32.46:976][534]LogModuleManager: Shutting down and abandoning module CableComponent (288)
[2017.05.30-16.32.46:976][534]LogModuleManager: Shutting down and abandoning module ArchVisCharacter (286)
[2017.05.30-16.32.46:976][534]LogModuleManager: Shutting down and abandoning module MediaPlayerEditor (284)
[2017.05.30-16.32.46:976][534]LogModuleManager: Shutting down and abandoning module HTML5Networking (282)
[2017.05.30-16.32.46:976][534]LogModuleManager: Shutting down and abandoning module AlembicImporter (280)
[2017.05.30-16.32.46:976][534]LogModuleManager: Shutting down and abandoning module AlembicLibrary (279)
[2017.05.30-16.32.46:976][534]LogModuleManager: Shutting down and abandoning module GeometryCache (278)
[2017.05.30-16.32.46:976][534]LogModuleManager: Shutting down and abandoning module GeometryCacheEd (277)
[2017.05.30-16.32.46:976][534]LogModuleManager: Shutting down and abandoning module SuperSearchEditor (272)
[2017.05.30-16.32.46:976][534]LogModuleManager: Shutting down and abandoning module SuperSearch (271)
[2017.05.30-16.32.46:976][534]LogModuleManager: Shutting down and abandoning module SpeedTreeImporter (268)
[2017.05.30-16.32.46:976][534]LogModuleManager: Shutting down and abandoning module PluginBrowser (266)
[2017.05.30-16.32.46:977][534]LogModuleManager: Shutting down and abandoning module MobileLauncherProfileWizard (264)
[2017.05.30-16.32.46:977][534]LogModuleManager: Shutting down and abandoning module EpicSurvey (262)
[2017.05.30-16.32.46:977][534]LogModuleManager: Shutting down and abandoning module VisualStudioSourceCodeAccess (260)
[2017.05.30-16.32.46:977][534]LogModuleManager: Shutting down and abandoning module DesktopPlatform (259)
[2017.05.30-16.32.46:977][534]LogModuleManager: Shutting down and abandoning module UObjectPlugin (256)
[2017.05.30-16.32.46:977][534]LogModuleManager: Shutting down and abandoning module SubversionSourceControl (254)
[2017.05.30-16.32.46:977][534]LogModuleManager: Shutting down and abandoning module PerforceSourceControl (252)
[2017.05.30-16.32.46:977][534]LogModuleManager: Shutting down and abandoning module GitSourceControl (250)
[2017.05.30-16.32.46:977][534]LogModuleManager: Shutting down and abandoning module SourceControl (249)
[2017.05.30-16.32.46:977][534]LogModuleManager: Shutting down and abandoning module LightPropagationVolumeEditor (246)
[2017.05.30-16.32.46:977][534]LogModuleManager: Shutting down and abandoning module PaperTiledImporter (244)
[2017.05.30-16.32.46:977][534]LogModuleManager: Shutting down and abandoning module PaperSpriteSheetImporter (242)
[2017.05.30-16.32.46:977][534]LogModuleManager: Shutting down and abandoning module Paper2DEditor (240)
[2017.05.30-16.32.46:977][534]LogModuleManager: Shutting down and abandoning module MeshPaint (239)
[2017.05.30-16.32.46:977][534]LogModuleManager: Shutting down and abandoning module LevelEditor (237)
[2017.05.30-16.32.46:978][534]LogModuleManager: Shutting down and abandoning module PixelInspectorModule (236)
[2017.05.30-16.32.46:978][534]LogModuleManager: Shutting down and abandoning module MainFrame (234)
[2017.05.30-16.32.46:978][534]LogModuleManager: Shutting down and abandoning module HotReload (233)
[2017.05.30-16.32.46:978][534]LogModuleManager: Shutting down and abandoning module ContentBrowser (229)
[2017.05.30-16.32.46:979][534]LogModuleManager: Shutting down and abandoning module PhysXVehiclesEditor (226)
[2017.05.30-16.32.46:979][534]LogModuleManager: Shutting down and abandoning module PhysXVehicles (224)
[2017.05.30-16.32.46:979][534]LogModuleManager: Shutting down and abandoning module LocationServicesBPLibrary (222)
[2017.05.30-16.32.46:979][534]LogModuleManager: Shutting down and abandoning module UdpMessaging (220)
[2017.05.30-16.32.47:080][534]LogModuleManager: Shutting down and abandoning module TcpMessaging (218)
[2017.05.30-16.32.47:181][534]LogModuleManager: Shutting down and abandoning module GameplayTagsEditor (216)
[2017.05.30-16.32.47:181][534]LogModuleManager: Shutting down and abandoning module FacialAnimationEditor (214)
[2017.05.30-16.32.47:181][534]LogModuleManager: Shutting down and abandoning module FacialAnimation (212)
[2017.05.30-16.32.47:181][534]LogModuleManager: Shutting down and abandoning module LightPropagationVolumeRuntime (210)
[2017.05.30-16.32.47:181][534]LogModuleManager: Shutting down and abandoning module Paper2D (208)
[2017.05.30-16.32.47:181][534]LogModuleManager: Shutting down and abandoning module WindowsMoviePlayer (206)
[2017.05.30-16.32.47:181][534]LogModuleManager: Shutting down and abandoning module WmfMedia (204)
[2017.05.30-16.32.47:181][534]LogModuleManager: Shutting down and abandoning module MfMedia (202)
[2017.05.30-16.32.47:181][534]LogModuleManager: Shutting down and abandoning module MediaAssets (200)
[2017.05.30-16.32.47:181][534]LogModuleManager: Shutting down and abandoning module GameLiveStreaming (198)
[2017.05.30-16.32.47:181][534]LogModuleManager: Shutting down and abandoning module VREditor (196)
[2017.05.30-16.32.47:182][534]LogModuleManager: Shutting down and abandoning module GameplayTasksEditor (194)
[2017.05.30-16.32.47:182][534]LogModuleManager: Shutting down and abandoning module BehaviorTreeEditor (192)
[2017.05.30-16.32.47:182][534]LogModuleManager: Shutting down and abandoning module FunctionalTesting (190)
[2017.05.30-16.32.47:182][534]LogModuleManager: Shutting down and abandoning module CollisionAnalyzer (188)
[2017.05.30-16.32.47:182][534]LogModuleManager: Shutting down and abandoning module UMG (186)
[2017.05.30-16.32.47:182][534]LogModuleManager: Shutting down and abandoning module UMGEditor (185)
[2017.05.30-16.32.47:182][534]LogModuleManager: Shutting down and abandoning module Sequencer (184)
[2017.05.30-16.32.47:182][534]LogModuleManager: Shutting down and abandoning module AssetTools (182)
[2017.05.30-16.32.47:182][534]LogModuleManager: Shutting down and abandoning module MessageLog (181)
[2017.05.30-16.32.47:182][534]LogModuleManager: Shutting down and abandoning module WorkspaceMenuStructure (180)
[2017.05.30-16.32.47:182][534]LogModuleManager: Shutting down and abandoning module SlateReflector (174)
[2017.05.30-16.32.47:182][534]LogModuleManager: Shutting down and abandoning module Slate (172)
[2017.05.30-16.32.47:182][534]LogModuleManager: Shutting down and abandoning module EditorStyle (170)
[2017.05.30-16.32.47:183][534]LogModuleManager: Shutting down and abandoning module SourceCodeAccess (168)
[2017.05.30-16.32.47:183][534]LogModuleManager: Shutting down and abandoning module HeadMountedDisplay (166)
[2017.05.30-16.32.47:183][534]LogModuleManager: Shutting down and abandoning module XAudio2 (164)
[2017.05.30-16.32.47:183][534]LogModuleManager: Shutting down and abandoning module Networking (162)
[2017.05.30-16.32.47:184][534]LogModuleManager: Shutting down and abandoning module Core (160)
[2017.05.30-16.32.47:184][534]LogModuleManager: Shutting down and abandoning module AssetRegistry (158)
[2017.05.30-16.32.47:328][534]LogDirectoryWatcher: A directory notification for '../../../Engine/Content/' was aborted.
[2017.05.30-16.32.47:328][534]LogDirectoryWatcher: A directory notification for 'C:/Users/blue1/Desktop/졸작/UNNAMED_/UNNAMED/Content/' was aborted.
[2017.05.30-16.32.47:328][534]LogDirectoryWatcher: A directory notification for '../../../Engine/Plugins/2D/Paper2D/Content/' was aborted.
[2017.05.30-16.32.47:328][534]LogModuleManager: Shutting down and abandoning module DirectoryWatcher (157)
[2017.05.30-16.32.47:329][534]LogModuleManager: Shutting down and abandoning module KismetCompiler (154)
[2017.05.30-16.32.47:329][534]LogModuleManager: Shutting down and abandoning module PhysXFormats (152)
[2017.05.30-16.32.47:329][534]LogModuleManager: Shutting down and abandoning module MeshUtilities (150)
[2017.05.30-16.32.47:329][534]LogModuleManager: Shutting down and abandoning module SimplygonSwarm (149)
[2017.05.30-16.32.47:329][534]LogModuleManager: Shutting down and abandoning module SimplygonMeshReduction (147)
[2017.05.30-16.32.47:329][534]LogModuleManager: Shutting down and abandoning module QuadricMeshReduction (145)
[2017.05.30-16.32.47:329][534]LogModuleManager: Shutting down and abandoning module PropertyEditor (143)
[2017.05.30-16.32.47:329][534]LogModuleManager: Shutting down and abandoning module DerivedDataCache (140)
[2017.05.30-16.32.47:713][534]LogDerivedDataCache: Shutdown
[2017.05.30-16.32.47:713][534]LogModuleManager: Shutting down and abandoning module TargetPlatform (138)
[2017.05.30-16.32.47:713][534]LogModuleManager: Shutting down and abandoning module VulkanShaderFormat (137)
[2017.05.30-16.32.47:713][534]LogModuleManager: Shutting down and abandoning module ShaderFormatOpenGL (135)
[2017.05.30-16.32.47:713][534]LogModuleManager: Shutting down and abandoning module ShaderFormatD3D (133)
[2017.05.30-16.32.47:713][534]LogModuleManager: Shutting down and abandoning module MetalShaderFormat (131)
[2017.05.30-16.32.47:713][534]LogModuleManager: Shutting down and abandoning module TextureFormatUncompressed (129)
[2017.05.30-16.32.47:713][534]LogModuleManager: Shutting down and abandoning module TextureFormatPVR (127)
[2017.05.30-16.32.47:713][534]LogModuleManager: Shutting down and abandoning module TextureFormatDXT (125)
[2017.05.30-16.32.47:713][534]LogModuleManager: Shutting down and abandoning module TextureFormatIntelISPCTexComp (123)
[2017.05.30-16.32.47:713][534]LogModuleManager: Shutting down and abandoning module TextureFormatASTC (121)
[2017.05.30-16.32.47:713][534]LogModuleManager: Shutting down and abandoning module ImageWrapper (120)
[2017.05.30-16.32.47:713][534]LogModuleManager: Shutting down and abandoning module TextureFormatAndroid (117)
[2017.05.30-16.32.47:713][534]LogModuleManager: Shutting down and abandoning module AudioFormatOpus (115)
[2017.05.30-16.32.47:713][534]LogModuleManager: Shutting down and abandoning module AudioFormatOgg (113)
[2017.05.30-16.32.47:713][534]LogModuleManager: Shutting down and abandoning module AudioFormatADPCM (111)
[2017.05.30-16.32.47:713][534]LogModuleManager: Shutting down and abandoning module LinuxTargetPlatform (109)
[2017.05.30-16.32.47:713][534]LogModuleManager: Shutting down and abandoning module LinuxServerTargetPlatform (107)
[2017.05.30-16.32.47:713][534]LogModuleManager: Shutting down and abandoning module LinuxNoEditorTargetPlatform (105)
[2017.05.30-16.32.47:713][534]LogModuleManager: Shutting down and abandoning module LinuxClientTargetPlatform (103)
[2017.05.30-16.32.47:713][534]LogModuleManager: Shutting down and abandoning module TVOSTargetPlatform (101)
[2017.05.30-16.32.47:713][534]LogModuleManager: Shutting down and abandoning module Messaging (99)
[2017.05.30-16.32.47:713][534]LogModuleManager: Shutting down and abandoning module IOSTargetPlatform (97)
[2017.05.30-16.32.47:713][534]LogModuleManager: Shutting down and abandoning module HTML5TargetPlatform (95)
[2017.05.30-16.32.47:713][534]LogModuleManager: Shutting down and abandoning module Android_PVRTCTargetPlatform (93)
[2017.05.30-16.32.47:713][534]LogModuleManager: Shutting down and abandoning module Android_MultiTargetPlatform (91)
[2017.05.30-16.32.47:713][534]LogModuleManager: Shutting down and abandoning module Android_ETC2TargetPlatform (89)
[2017.05.30-16.32.47:713][534]LogModuleManager: Shutting down and abandoning module Android_ETC1TargetPlatform (87)
[2017.05.30-16.32.47:713][534]LogModuleManager: Shutting down and abandoning module Android_DXTTargetPlatform (85)
[2017.05.30-16.32.47:713][534]LogModuleManager: Shutting down and abandoning module Android_ATCTargetPlatform (83)
[2017.05.30-16.32.47:713][534]LogModuleManager: Shutting down and abandoning module Android_ASTCTargetPlatform (81)
[2017.05.30-16.32.47:713][534]LogModuleManager: Shutting down and abandoning module AndroidTargetPlatform (79)
[2017.05.30-16.32.47:713][534]LogModuleManager: Shutting down and abandoning module WindowsTargetPlatform (77)
[2017.05.30-16.32.47:713][534]LogModuleManager: Shutting down and abandoning module WindowsServerTargetPlatform (75)
[2017.05.30-16.32.47:713][534]LogModuleManager: Shutting down and abandoning module WindowsNoEditorTargetPlatform (73)
[2017.05.30-16.32.47:713][534]LogModuleManager: Shutting down and abandoning module WindowsClientTargetPlatform (71)
[2017.05.30-16.32.47:713][534]LogModuleManager: Shutting down and abandoning module MacTargetPlatform (69)
[2017.05.30-16.32.47:713][534]LogModuleManager: Shutting down and abandoning module MacServerTargetPlatform (67)
[2017.05.30-16.32.47:713][534]LogModuleManager: Shutting down and abandoning module MacNoEditorTargetPlatform (65)
[2017.05.30-16.32.47:714][534]LogModuleManager: Shutting down and abandoning module MacClientTargetPlatform (63)
[2017.05.30-16.32.47:714][534]LogModuleManager: Shutting down and abandoning module AllDesktopTargetPlatform (61)
[2017.05.30-16.32.47:714][534]LogModuleManager: Shutting down and abandoning module InputCore (58)
[2017.05.30-16.32.47:714][534]LogModuleManager: Shutting down and abandoning module Settings (56)
[2017.05.30-16.32.47:714][534]LogModuleManager: Shutting down and abandoning module OculusRift (54)
[2017.05.30-16.32.47:714][534]LogModuleManager: Shutting down and abandoning module GearVR (52)
[2017.05.30-16.32.47:714][534]LogModuleManager: Shutting down and abandoning module ExampleDeviceProfileSelector (50)
[2017.05.30-16.32.47:714][534]LogModuleManager: Shutting down and abandoning module OnlineBlueprintSupport (48)
[2017.05.30-16.32.47:714][534]LogModuleManager: Shutting down and abandoning module OnlineSubsystem (44)
[2017.05.30-16.32.47:714][534]LogOnline:Display: OSS: FOnlineSubsystemNull::Shutdown()
[2017.05.30-16.32.47:714][534]LogOnline:Display: Unloading online subsystem: STEAM
[2017.05.30-16.32.47:714][534]LogOnline:Display: Unloading online subsystem: NULL
[2017.05.30-16.32.47:714][534]LogModuleManager: Shutting down and abandoning module XMPP (37)
[2017.05.30-16.32.47:714][534]LogModuleManager: Shutting down and abandoning module HTTP (35)
[2017.05.30-16.32.47:714][534]LogHttp:Display: Http module shutting down, but needs to wait on 1 outstanding Http requests:
[2017.05.30-16.32.47:714][534]LogHttp:Display: 	verb=[POST] url=[https://datarouter.ol.epicgames.com/datarouter/api/v1/public/data?SessionID=%7BA09F69FE-4378-9C60-3E2B-11A8939D6394%7D&AppID=UEEditor.Rocket.Release&AppVersion=4.15.3-3450819%2B%2B%2BUE4%2BRelease-4.15&UserID=e50164b04cddef186dd8e1b39dffe7ec%7C8953358210364bd59380f5bd3b983998%7Cb4cbe76b-ab78-416c-a5a7-7b6cc2f64376&AppEnvironment=datacollector-binary&UploadType=eteventstream] status=Processing
[2017.05.30-16.32.47:717][534]LogModuleManager: Shutting down and abandoning module SSL (34)
[2017.05.30-16.32.47:718][534]LogModuleManager: Shutting down and abandoning module AudioEditor (30)
[2017.05.30-16.32.47:718][534]LogModuleManager: Shutting down and abandoning module TextureCompressor (28)
[2017.05.30-16.32.47:718][534]LogModuleManager: Shutting down and abandoning module ShaderCore (26)
[2017.05.30-16.32.47:718][534]LogModuleManager: Shutting down and abandoning module Landscape (24)
[2017.05.30-16.32.47:718][534]LogModuleManager: Shutting down and abandoning module SlateRHIRenderer (22)
[2017.05.30-16.32.47:722][534]LogModuleManager: Shutting down and abandoning module OpenGLDrv (20)
[2017.05.30-16.32.47:722][534]LogModuleManager: Shutting down and abandoning module D3D11RHI (18)
[2017.05.30-16.32.47:722][534]LogModuleManager: Shutting down and abandoning module AnimGraphRuntime (16)
[2017.05.30-16.32.47:722][534]LogModuleManager: Shutting down and abandoning module Renderer (14)
[2017.05.30-16.32.47:722][534]LogModuleManager: Shutting down and abandoning module Engine (12)
[2017.05.30-16.32.47:722][534]LogModuleManager: Shutting down and abandoning module CoreUObject (10)
[2017.05.30-16.32.47:722][534]LogModuleManager: Shutting down and abandoning module NetworkFile (8)
[2017.05.30-16.32.47:722][534]LogModuleManager: Shutting down and abandoning module StreamingFile (6)
[2017.05.30-16.32.47:722][534]LogModuleManager: Shutting down and abandoning module SandboxFile (4)
[2017.05.30-16.32.47:722][534]LogModuleManager: Shutting down and abandoning module PakFile (2)
[2017.05.30-16.32.47:726][534]LogExit: Exiting.
[2017.05.30-16.32.47:747][534]Log file closed, 05/31/17 01:32:47
