Log file open, 12/05/16 01:28:10
LogInit:Display: Running engine for game: UNNAMED
LogPlatformFile: Not using cached read wrapper
LogInit:Display: RandInit(-1831323158) SRandInit(-1831323156).
LogTaskGraph: Started task graph with 4 named threads and 7 total threads with 1 sets of task threads.
LogStats: Stats thread started at 0.107865
LogInit: Version: 4.12.5-3039270+++UE4+Release-4.12
LogInit: API Version: 2992821
LogInit: Net Version: 3039270
LogDevObjectVersion: Number of dev versions registered: 13
LogDevObjectVersion:   Dev-Blueprints (B0D832E4-1F89-4F0D-ACCF-7EB736FD4AA2): 3
LogDevObjectVersion:   Dev-Build (E1C64328-A22C-4D53-A36C-8E866417BD8C): 0
LogDevObjectVersion:   Dev-Core (375EC13C-06E4-48FB-B500-84F0262A717E): 1
LogDevObjectVersion:   Dev-Editor (E4B068ED-F494-42E9-A231-DA0B2E46BB41): 2
LogDevObjectVersion:   Dev-Framework (CFFC743F-43B0-4480-9391-14DF171D2073): 6
LogDevObjectVersion:   Dev-Mobile (B02B49B5-BB20-44E9-A304-32B752E40360): 0
LogDevObjectVersion:   Dev-Networking (A4E4105C-59A1-49B5-A7C5-40C4547EDFEE): 0
LogDevObjectVersion:   Dev-Online (39C831C9-5AE6-47DC-9A44-9C173E1C8E7C): 0
LogDevObjectVersion:   Dev-Physics (78F01B33-EBEA-4F98-B9B4-84EACCB95AA2): 0
LogDevObjectVersion:   Dev-Platform (6631380F-2D4D-43E0-8009-CF276956A95A): 0
LogDevObjectVersion:   Dev-Rendering (12F88B9F-8875-4AFC-A67C-D90C383ABD29): 2
LogDevObjectVersion:   Dev-Sequencer (7B5AE74C-D270-4C10-A958-57980B212A5A): 0
LogDevObjectVersion:   Dev-VR (D7296918-1DD6-4BDD-9DE2-64A83CC13884): 0
LogInit: Compiled (64-bit): Jul  6 2016 09:09:46
LogInit: Compiled with Visual C++: 19.00.23026.00
LogInit: Build Configuration: Development
LogInit: Branch Name: ++UE4+Release-4.12
LogInit: Command line:  /Temp/Autosaves/Game/Map/UEDPCMain -game -PIEVIACONSOLE -ResX=1280 -ResY=720  -Multiprocess -windowed -messaging -SessionName="Play in Standalone Game" 
LogInit: Base directory: C:/Program Files (x86)/Epic Games/4.12/Engine/Binaries/Win64/
LogInit: Installed Engine Build: 1
LogInit: Using libcurl 7.41.0
LogInit:  - built for x86_64-pc-win32
LogInit:  - supports SSL with WinSSL
LogInit:  - other features:
LogInit:      CURL_VERSION_SSL
LogInit:      CURL_VERSION_IPV6
LogInit:      CURL_VERSION_ASYNCHDNS
LogInit:      CURL_VERSION_LARGEFILE
LogInit:      CURL_VERSION_IDN
LogInit:  CurlRequestOptions (configurable via config and command line):
LogInit:  - bVerifyPeer = true  - Libcurl will verify peer certificate
LogInit:  - bUseHttpProxy = false  - Libcurl will NOT use HTTP proxy
LogInit:  - bDontReuseConnections = false  - Libcurl will reuse connections
LogInit:  - CertBundlePath = nullptr  - Libcurl will use whatever was configured at build time.
LogOnline:Display: STEAM: Loading Steam SDK 1.32
LogInit: WinSock: version 1.1 (2.2), MaxSocks=32767, MaxUdp=65467
LogInit: Presizing for max 8388607 objects, including 0 objects not considered by GC, pre-allocating 0 bytes for permanent pool.
LogInit: Object subsystem initialized
[2016.12.04-16.28.11:018][  0]LogInit: Selected Device Profile: [Windows]
[2016.12.04-16.28.11:018][  0]LogInit: Applying CVar settings loaded from the selected device profile: [Windows]
[2016.12.04-16.28.11:023][  0]LogInit: Computer: DESKTOP-5I3HB32
[2016.12.04-16.28.11:023][  0]LogInit: User: jcy
[2016.12.04-16.28.11:023][  0]LogInit: CPU Page size=65536, Cores=4
[2016.12.04-16.28.11:023][  0]LogInit: High frequency timer resolution =2.533210 MHz
[2016.12.04-16.28.11:023][  0]LogMemory: Memory total: Physical=7.9GB (8GB approx)
[2016.12.04-16.28.11:023][  0]LogMemory: Platform Memory Stats for Windows
[2016.12.04-16.28.11:023][  0]LogMemory: Process Physical Memory: 228.42 MB used, 228.42 MB peak
[2016.12.04-16.28.11:023][  0]LogMemory: Process Virtual Memory: 213.24 MB used, 213.24 MB peak
[2016.12.04-16.28.11:023][  0]LogMemory: Physical Memory: 4913.98 MB used, 8113.86 MB total
[2016.12.04-16.28.11:023][  0]LogMemory: Virtual Memory: 671.27 MB used, 134217728.00 MB total
[2016.12.04-16.28.11:706][  0]LogD3D11RHI: D3D11 adapters:
[2016.12.04-16.28.12:386][  0]LogD3D11RHI:    0. 'NVIDIA GeForce GTX 960M' (Feature Level 11_0)
[2016.12.04-16.28.12:386][  0]LogD3D11RHI:       2018/0/4056 MB DedicatedVideo/DedicatedSystem/SharedSystem, Outputs:2, VendorId:0x10de
[2016.12.04-16.28.12:392][  0]LogD3D11RHI:    1. 'Intel(R) HD Graphics 4600' (Feature Level 11_0)
[2016.12.04-16.28.12:392][  0]LogD3D11RHI:       112/0/2048 MB DedicatedVideo/DedicatedSystem/SharedSystem, Outputs:0, VendorId:0x8086
[2016.12.04-16.28.12:394][  0]LogD3D11RHI:    2. 'Microsoft Basic Render Driver' (Feature Level 11_0)
[2016.12.04-16.28.12:394][  0]LogD3D11RHI:       0/0/4056 MB DedicatedVideo/DedicatedSystem/SharedSystem, Outputs:0, VendorId:0x1414
[2016.12.04-16.28.12:394][  0]LogD3D11RHI: Chosen D3D11 Adapter: 0
[2016.12.04-16.28.12:401][  0]LogD3D11RHI: Creating new Direct3DDevice
[2016.12.04-16.28.12:401][  0]LogD3D11RHI:     GPU DeviceId: 0x139b (for the marketing name, search the web for "GPU Device Id")
[2016.12.04-16.28.12:401][  0]LogWindows: EnumDisplayDevices:
[2016.12.04-16.28.12:401][  0]LogWindows:    0. 'Intel(R) HD Graphics 4600' (P:1 D:1)
[2016.12.04-16.28.12:401][  0]LogWindows:    1. 'Intel(R) HD Graphics 4600' (P:0 D:1)
[2016.12.04-16.28.12:401][  0]LogWindows:    2. 'Intel(R) HD Graphics 4600' (P:0 D:0)
[2016.12.04-16.28.12:401][  0]LogWindows: DebugString: PrimaryIsNotTheChoosenAdapter PrimaryIsNotTheChoosenAdapter PrimaryIsNotTheChoosenAdapter FoundDriverCount:0 
[2016.12.04-16.28.12:401][  0]LogD3D11RHI:     Adapter Name: NVIDIA GeForce GTX 960M
[2016.12.04-16.28.12:401][  0]LogD3D11RHI:   Driver Version: Unknown (internal:Unknown, unified:Unknown)
[2016.12.04-16.28.12:401][  0]LogD3D11RHI:      Driver Date: Unknown
[2016.12.04-16.28.12:401][  0]LogRHI: Texture pool is 1361 MB (70% of 1945 MB)
[2016.12.04-16.28.12:980][  0]LogD3D11RHI: Async texture creation enabled
[2016.12.04-16.28.13:242][  0]LogD3D11RHI: GPU Timing Frequency: 1000.000000 (Debug: 2 1)
[2016.12.04-16.28.13:242][  0]LogShaderCompilers: Guid format shader working directory is -17 characters bigger than the processId version (../../../../../../Users/jcy/Documents/GitHub/UNNAMED/UNNAMED/Intermediate/Shaders/WorkingDirectory/13864/).
[2016.12.04-16.28.13:243][  0]LogShaderCompilers: Cleaned the shader compiler working directory 'C:/Users/jcy/AppData/Local/Temp/UnrealShaderWorkingDir/0582BB1A44FAB81ADFFAE48C6E2A5288/'.
[2016.12.04-16.28.13:243][  0]LogShaderCompilers:Display: Using Local Shader Compiler.
[2016.12.04-16.28.14:279][  0]LogTemp:Display: Loaded TP WindowsClientTargetPlatform
[2016.12.04-16.28.14:290][  0]LogTemp:Display: Loaded TP WindowsNoEditorTargetPlatform
[2016.12.04-16.28.14:304][  0]LogTemp:Display: Loaded TP WindowsServerTargetPlatform
[2016.12.04-16.28.14:315][  0]LogTemp:Display: Loaded TP WindowsTargetPlatform
[2016.12.04-16.28.14:315][  0]LogTargetPlatformManager:Display: Building Assets For Windows
[2016.12.04-16.28.14:457][  0]LogDerivedDataCache:Display: Max Cache Size: 512 MB
[2016.12.04-16.28.14:529][  0]LogDerivedDataCache: Loaded boot cache 0.07s 48MB C:/Users/jcy/AppData/Local/UnrealEngine/4.12/DerivedDataCache/Boot.ddc.
[2016.12.04-16.28.14:530][  0]LogDerivedDataCache:Display: Loaded Boot cache: C:/Users/jcy/AppData/Local/UnrealEngine/4.12/DerivedDataCache/Boot.ddc
[2016.12.04-16.28.14:530][  0]LogDerivedDataCache: FDerivedDataBackendGraph:  Pak pak cache file ../../../../../../Users/jcy/Documents/GitHub/UNNAMED/UNNAMED/DerivedDataCache/DDC.ddp not found, will not use a pak cache.
[2016.12.04-16.28.14:530][  0]LogDerivedDataCache: Unable to find inner node Pak for hierarchical cache Hierarchy.
[2016.12.04-16.28.14:530][  0]LogDerivedDataCache: FDerivedDataBackendGraph:  CompressedPak pak cache file ../../../../../../Users/jcy/Documents/GitHub/UNNAMED/UNNAMED/DerivedDataCache/Compressed.ddp not found, will not use a pak cache.
[2016.12.04-16.28.14:530][  0]LogDerivedDataCache: Unable to find inner node CompressedPak for hierarchical cache Hierarchy.
[2016.12.04-16.28.14:550][  0]LogDerivedDataCache:Display: Pak cache opened for reading ../../../Engine/DerivedDataCache/Compressed.ddp.
[2016.12.04-16.28.14:563][  0]LogDerivedDataCache: Using Local data cache path C:/Users/jcy/AppData/Local/UnrealEngine/Common/DerivedDataCache: Writable
[2016.12.04-16.28.14:860][  0]LogAssetRegistry: FAssetRegistry took 0.0001 seconds to start up
[2016.12.04-16.28.14:865][  0]LogPackageLocalizationCache: Processed 3 localized package path(s) for 1 prioritized culture(s) in 0.004217 seconds
[2016.12.04-16.28.14:872][  0]LogInit: Selected Device Profile: [Windows]
[2016.12.04-16.28.14:873][  0]LogContentStreaming: Texture pool size is 1000.00 MB
[2016.12.04-16.28.15:053][  0]LogMeshUtilities: No automatic mesh reduction module available
[2016.12.04-16.28.15:053][  0]LogMeshUtilities: No automatic mesh merging module available
[2016.12.04-16.28.15:053][  0]LogMeshUtilities: No distributed automatic mesh merging module available
[2016.12.04-16.28.15:522][  0]LogSlate: SlateFontCache - WITH_FREETYPE: 1, WITH_HARFBUZZ: 1
[2016.12.04-16.28.15:522][  0]LogSlate: SlateFontCache - WITH_FREETYPE: 1, WITH_HARFBUZZ: 1
[2016.12.04-16.28.15:600][  0]LogMoviePlayer: Initializing movie player
[2016.12.04-16.28.15:736][  0]LogWindowsMoviePlayer: Unable to load movie: ../../../../../../Users/jcy/Documents/GitHub/UNNAMED/UNNAMED/Content/Movies/Default_Startup.mp4
[2016.12.04-16.28.15:852][  0]LogUdpMessaging: Initializing bridge on interface 0.0.0.0:0 to multicast group 230.0.0.1:6666.
[2016.12.04-16.28.15:943][  0]SourceControl: Info Source control is disabled
[2016.12.04-16.28.15:943][  0]SourceControl: Info Source control is disabled
[2016.12.04-16.28.15:961][  0]SourceControl: Info Source control is disabled
[2016.12.04-16.28.16:162][  0]LogUObjectArray: 30992 objects as part of root set at end of initial load.
[2016.12.04-16.28.16:162][  0]LogUObjectAllocator: 6930712 out of 0 bytes used by permanent object pool.
[2016.12.04-16.28.16:162][  0]LogUObjectArray: CloseDisregardForGC: 0/0 objects in disregard for GC pool
[2016.12.04-16.28.16:218][  0]LogEngine: Initializing Engine...
[2016.12.04-16.28.16:219][  0]LogHMD: SteamVR failed to initialize.  Err: 110
[2016.12.04-16.28.16:220][  0]LogHMD: SteamVR failed to initialize.  Err: 110
[2016.12.04-16.28.16:389][  0]LogInit: XAudio2 using '스피커(Realtek High Definition Audio)' : 2 channels at 48 kHz using 32 bits per sample (channel mask 0x3)
[2016.12.04-16.28.16:420][  0]LogInit: FAudioDevice initialized.
[2016.12.04-16.28.16:429][  0]LogInit: Texture streaming: Enabled
[2016.12.04-16.28.16:878][  0]LogNet: Browse: /Temp/Autosaves/Game/Map/UEDPCMain?Name=Player
[2016.12.04-16.28.16:878][  0]LogLoad: LoadMap: /Temp/Autosaves/Game/Map/UEDPCMain?Name=Player
[2016.12.04-16.28.16:918][  0]LogMemory: Platform Memory Stats for Windows
[2016.12.04-16.28.16:918][  0]LogMemory: Process Physical Memory: 608.85 MB used, 628.22 MB peak
[2016.12.04-16.28.16:918][  0]LogMemory: Process Virtual Memory: 654.76 MB used, 654.77 MB peak
[2016.12.04-16.28.16:918][  0]LogMemory: Physical Memory: 5253.55 MB used, 8113.86 MB total
[2016.12.04-16.28.16:918][  0]LogMemory: Virtual Memory: 1345.46 MB used, 134217728.00 MB total
[2016.12.04-16.28.16:918][  0]LogMemory: 
[2016.12.04-16.28.16:918][  0]Allocator Stats for TBB: (not implemented)
[2016.12.04-16.28.16:956][  0]LogAIModule: Creating AISystem for world Main
[2016.12.04-16.28.16:956][  0]LogWorld: Game class is 'pregame_C'
[2016.12.04-16.28.16:958][  0]LogWorld: Bringing World /Temp/Autosaves/Game/Map/UEDPCMain.Main up for play (max tick rate 0) at 2016.12.05-01.28.16
[2016.12.04-16.28.16:958][  0]LogWorld: Bringing up level for play took: 0.000823
[2016.12.04-16.28.16:959][  0]LogSpawn:Warning: SpawnActor failed because no class was specified
[2016.12.04-16.28.16:959][  0]LogBlueprintUserMessages: [pregame_C_0] 로그인
[2016.12.04-16.28.16:961][  0]LogLoad: Took 0.082667 seconds to LoadMap(/Temp/Autosaves/Game/Map/UEDPCMain)
[2016.12.04-16.28.16:961][  0]LogInit:Display: Game Engine Initialized.
[2016.12.04-16.28.17:206][  0]LogLoad: Full Startup: 7.68 seconds (BP compile: 0.18 seconds)
[2016.12.04-16.28.17:206][  0]LogExternalProfiler: Found external profiler: VSPerf
[2016.12.04-16.28.17:206][  0]LogExternalProfiler: Using external profiler: VSPerf
[2016.12.04-16.28.17:225][  0]LogWindowsTextInputMethodSystem:Display: IME system now activated using TSF (Microsoft 입력기).
[2016.12.04-16.28.17:228][  0]LogOcInput: OculusInput pre-init called
[2016.12.04-16.28.17:352][  2]LogRenderer: Reallocating scene render targets to support 1280x720 (Frame:2).
[2016.12.04-16.28.20:436][167]LogPackageName: SearchForPackageOnDisk took   0.150s to resolve dd.umap.
[2016.12.04-16.28.20:576][167]LogPackageName: SearchForPackageOnDisk took   0.139s to resolve dd.umap.
[2016.12.04-16.28.20:576][167]LogNet: Browse: /Game/Map/dd?listen
[2016.12.04-16.28.20:576][167]LogLoad: LoadMap: /Game/Map/dd?listen
[2016.12.04-16.28.20:576][167]LogBlueprintUserMessages: [pregame_C_0] 로그 아웃
[2016.12.04-16.28.20:601][167]LogMemory: Platform Memory Stats for Windows
[2016.12.04-16.28.20:601][167]LogMemory: Process Physical Memory: 664.49 MB used, 667.70 MB peak
[2016.12.04-16.28.20:601][167]LogMemory: Process Virtual Memory: 835.14 MB used, 842.09 MB peak
[2016.12.04-16.28.20:601][167]LogMemory: Physical Memory: 5299.35 MB used, 8113.86 MB total
[2016.12.04-16.28.20:601][167]LogMemory: Virtual Memory: 1561.92 MB used, 134217728.00 MB total
[2016.12.04-16.28.20:601][167]LogMemory: 
[2016.12.04-16.28.20:601][167]Allocator Stats for TBB: (not implemented)
[2016.12.04-16.28.21:170][167]LogAIModule: Creating AISystem for world dd
[2016.12.04-16.28.21:170][167]LogWorld: Game class is 'MyGameMode_C'
[2016.12.04-16.28.21:171][167]LogNet:Display: SteamNetDriver_0 bound to port 7777
[2016.12.04-16.28.21:171][167]PacketHandlerLog: Loaded PacketHandler component: Engine.EngineHandlerComponentFactory (StatelessConnectHandlerComponent)
[2016.12.04-16.28.21:171][167]LogNet: GameNetDriver SteamNetDriver_0 IpNetDriver listening on port 7777
[2016.12.04-16.28.21:172][167]LogWorld: Bringing World /Game/Map/dd.dd up for play (max tick rate 0) at 2016.12.05-01.28.21
[2016.12.04-16.28.21:173][167]LogWorld: Bringing up level for play took: 0.001521
[2016.12.04-16.28.21:174][167]LogScript:Warning: Accessed None trying to read property CallFunc_K2_GetPawn_ReturnValue
	MyGameMode_C /Game/Map/dd.dd:PersistentLevel.MyGameMode_C_0
	Function /Game/BP/MyGameMode.MyGameMode_C:ExecuteUbergraph_MyGameMode:0492
[2016.12.04-16.28.21:174][167]LogScript:Warning: Script call stack:
	Function /Game/BP/MyGameMode.MyGameMode_C:K2_PostLogin
	Function /Game/BP/MyGameMode.MyGameMode_C:ExecuteUbergraph_MyGameMode
	Function /Game/BP/MyGameMode.MyGameMode_C:RespawnPlayerEvent
	Function /Game/BP/MyGameMode.MyGameMode_C:ExecuteUbergraph_MyGameMode

[2016.12.04-16.28.21:176][167]LogOnline:Warning: STEAM: Can't start an online session (Game) in state InProgress
[2016.12.04-16.28.21:177][167]LogScript:Warning: Accessed None trying to read property widget
	MyGameinstance_C /Engine/Transient.GameEngine_0:MyGameinstance_C_0
	Function /Game/BP/MyGameinstance.MyGameinstance_C:HideWidget:000A
[2016.12.04-16.28.21:177][167]LogScript:Warning: Script call stack:
	Function /Game/Map/dd.dd_C:ReceiveBeginPlay
	Function /Game/Map/dd.dd_C:ExecuteUbergraph_dd
	Function /Game/BP/MyGameinstance.MyGameinstance_C:StartPlayingState
	Function /Game/BP/MyGameinstance.MyGameinstance_C:HideWidget

[2016.12.04-16.28.21:177][167]LogLoad: Took 0.601727 seconds to LoadMap(/Game/Map/dd)
[2016.12.04-16.28.21:186][167]LogBlueprintUserMessages: [PHUD_C_0] ㅠㅠ
[2016.12.04-16.28.21:188][168]LogBlueprintUserMessages: [PHUD_C_0] ㅠㅠ
[2016.12.04-16.28.21:378][169]LogBlueprintUserMessages: [PHUD_C_0] ㅠㅠ
[2016.12.04-16.28.21:404][170]LogBlueprintUserMessages: [PHUD_C_0] ㅠㅠ
[2016.12.04-16.28.21:425][171]LogBlueprintUserMessages: [PHUD_C_0] ㅠㅠ
[2016.12.04-16.28.21:443][172]LogBlueprintUserMessages: [PHUD_C_0] ㅠㅠ
[2016.12.04-16.28.21:459][173]LogBlueprintUserMessages: [PHUD_C_0] ㅠㅠ
[2016.12.04-16.28.21:475][174]LogBlueprintUserMessages: [PHUD_C_0] ㅠㅠ
[2016.12.04-16.28.21:491][175]LogBlueprintUserMessages: [PHUD_C_0] ㅠㅠ
[2016.12.04-16.28.21:507][176]LogBlueprintUserMessages: [PHUD_C_0] ㅠㅠ
[2016.12.04-16.28.21:522][177]LogBlueprintUserMessages: [PHUD_C_0] ㅠㅠ
[2016.12.04-16.28.21:538][178]LogBlueprintUserMessages: [PHUD_C_0] ㅠㅠ
[2016.12.04-16.28.21:555][179]LogBlueprintUserMessages: [PHUD_C_0] ㅠㅠ
[2016.12.04-16.28.21:570][180]LogBlueprintUserMessages: [PHUD_C_0] ㅠㅠ
[2016.12.04-16.28.21:586][181]LogBlueprintUserMessages: [PHUD_C_0] ㅠㅠ
[2016.12.04-16.28.21:602][182]LogBlueprintUserMessages: [PHUD_C_0] ㅠㅠ
[2016.12.04-16.28.21:619][183]LogBlueprintUserMessages: [PHUD_C_0] ㅠㅠ
[2016.12.04-16.28.21:635][184]LogBlueprintUserMessages: [PHUD_C_0] ㅠㅠ
[2016.12.04-16.28.21:651][185]LogBlueprintUserMessages: [PHUD_C_0] ㅠㅠ
[2016.12.04-16.28.21:667][186]LogBlueprintUserMessages: [PHUD_C_0] ㅠㅠ
[2016.12.04-16.28.21:683][187]LogBlueprintUserMessages: [PHUD_C_0] ㅠㅠ
[2016.12.04-16.28.21:699][188]LogBlueprintUserMessages: [PHUD_C_0] ㅠㅠ
[2016.12.04-16.28.21:716][189]LogBlueprintUserMessages: [PHUD_C_0] ㅠㅠ
[2016.12.04-16.28.21:732][190]LogBlueprintUserMessages: [PHUD_C_0] ㅠㅠ
[2016.12.04-16.28.21:748][191]LogBlueprintUserMessages: [PHUD_C_0] ㅠㅠ
[2016.12.04-16.28.21:764][192]LogBlueprintUserMessages: [PHUD_C_0] ㅠㅠ
[2016.12.04-16.28.21:780][193]LogBlueprintUserMessages: [PHUD_C_0] ㅠㅠ
[2016.12.04-16.28.21:796][194]LogBlueprintUserMessages: [PHUD_C_0] ㅠㅠ
[2016.12.04-16.28.21:812][195]LogBlueprintUserMessages: [PHUD_C_0] ㅠㅠ
[2016.12.04-16.28.21:828][196]LogBlueprintUserMessages: [PHUD_C_0] ㅠㅠ
[2016.12.04-16.28.21:845][197]LogBlueprintUserMessages: [PHUD_C_0] ㅠㅠ
[2016.12.04-16.28.21:861][198]LogBlueprintUserMessages: [PHUD_C_0] ㅠㅠ
[2016.12.04-16.28.21:877][199]LogBlueprintUserMessages: [PHUD_C_0] ㅠㅠ
[2016.12.04-16.28.21:893][200]LogBlueprintUserMessages: [PHUD_C_0] ㅠㅠ
[2016.12.04-16.28.21:909][201]LogBlueprintUserMessages: [PHUD_C_0] ㅠㅠ
[2016.12.04-16.28.21:925][202]LogBlueprintUserMessages: [PHUD_C_0] ㅠㅠ
[2016.12.04-16.28.21:941][203]LogBlueprintUserMessages: [PHUD_C_0] ㅠㅠ
[2016.12.04-16.28.21:958][204]LogBlueprintUserMessages: [PHUD_C_0] ㅠㅠ
[2016.12.04-16.28.21:974][205]LogBlueprintUserMessages: [PHUD_C_0] ㅠㅠ
[2016.12.04-16.28.21:991][206]LogBlueprintUserMessages: [PHUD_C_0] ㅠㅠ
[2016.12.04-16.28.22:008][207]LogBlueprintUserMessages: [PHUD_C_0] ㅠㅠ
[2016.12.04-16.28.22:023][208]LogBlueprintUserMessages: [PHUD_C_0] ㅠㅠ
[2016.12.04-16.28.22:038][209]LogBlueprintUserMessages: [PHUD_C_0] ㅠㅠ
[2016.12.04-16.28.22:054][210]LogBlueprintUserMessages: [PHUD_C_0] ㅠㅠ
[2016.12.04-16.28.22:070][211]LogBlueprintUserMessages: [PHUD_C_0] ㅠㅠ
[2016.12.04-16.28.22:086][212]LogBlueprintUserMessages: [PHUD_C_0] ㅠㅠ
[2016.12.04-16.28.22:103][213]LogBlueprintUserMessages: [PHUD_C_0] ㅠㅠ
[2016.12.04-16.28.22:119][214]LogBlueprintUserMessages: [PHUD_C_0] ㅠㅠ
[2016.12.04-16.28.22:135][215]LogBlueprintUserMessages: [PHUD_C_0] ㅠㅠ
[2016.12.04-16.28.22:151][216]LogBlueprintUserMessages: [PHUD_C_0] ㅠㅠ
[2016.12.04-16.28.22:167][217]LogBlueprintUserMessages: [PHUD_C_0] ㅠㅠ
[2016.12.04-16.28.22:183][218]LogBlueprintUserMessages: [PHUD_C_0] ㅠㅠ
[2016.12.04-16.28.22:200][219]LogBlueprintUserMessages: [PHUD_C_0] ㅠㅠ
[2016.12.04-16.28.22:216][220]LogBlueprintUserMessages: [PHUD_C_0] ㅠㅠ
[2016.12.04-16.28.22:232][221]LogBlueprintUserMessages: [PHUD_C_0] ㅠㅠ
[2016.12.04-16.28.22:248][222]LogBlueprintUserMessages: [PHUD_C_0] ㅠㅠ
[2016.12.04-16.28.22:264][223]LogBlueprintUserMessages: [PHUD_C_0] ㅠㅠ
[2016.12.04-16.28.22:280][224]LogBlueprintUserMessages: [PHUD_C_0] ㅠㅠ
[2016.12.04-16.28.22:296][225]LogBlueprintUserMessages: [PHUD_C_0] ㅠㅠ
[2016.12.04-16.28.22:312][226]LogBlueprintUserMessages: [PHUD_C_0] ㅠㅠ
[2016.12.04-16.28.22:328][227]LogBlueprintUserMessages: [PHUD_C_0] ㅠㅠ
[2016.12.04-16.28.22:346][228]LogBlueprintUserMessages: [PHUD_C_0] ㅠㅠ
[2016.12.04-16.28.22:360][229]LogBlueprintUserMessages: [PHUD_C_0] ㅠㅠ
[2016.12.04-16.28.22:377][230]LogBlueprintUserMessages: [PHUD_C_0] ㅠㅠ
[2016.12.04-16.28.22:393][231]LogBlueprintUserMessages: [PHUD_C_0] ㅠㅠ
[2016.12.04-16.28.22:409][232]LogBlueprintUserMessages: [PHUD_C_0] ㅠㅠ
[2016.12.04-16.28.22:425][233]LogBlueprintUserMessages: [PHUD_C_0] ㅠㅠ
[2016.12.04-16.28.22:441][234]LogBlueprintUserMessages: [PHUD_C_0] ㅠㅠ
[2016.12.04-16.28.22:457][235]LogBlueprintUserMessages: [PHUD_C_0] ㅠㅠ
[2016.12.04-16.28.22:474][236]LogBlueprintUserMessages: [PHUD_C_0] ㅠㅠ
[2016.12.04-16.28.22:490][237]LogBlueprintUserMessages: [PHUD_C_0] ㅠㅠ
[2016.12.04-16.28.22:508][238]LogBlueprintUserMessages: [PHUD_C_0] ㅠㅠ
[2016.12.04-16.28.22:524][239]LogBlueprintUserMessages: [PHUD_C_0] ㅠㅠ
[2016.12.04-16.28.22:540][240]LogBlueprintUserMessages: [PHUD_C_0] ㅠㅠ
[2016.12.04-16.28.22:556][241]LogBlueprintUserMessages: [PHUD_C_0] ㅠㅠ
[2016.12.04-16.28.22:572][242]LogBlueprintUserMessages: [PHUD_C_0] ㅠㅠ
[2016.12.04-16.28.22:588][243]LogBlueprintUserMessages: [PHUD_C_0] ㅠㅠ
[2016.12.04-16.28.22:604][244]LogBlueprintUserMessages: [PHUD_C_0] ㅠㅠ
[2016.12.04-16.28.22:620][245]LogBlueprintUserMessages: [PHUD_C_0] ㅠㅠ
[2016.12.04-16.28.22:636][246]LogBlueprintUserMessages: [PHUD_C_0] ㅠㅠ
[2016.12.04-16.28.22:652][247]LogBlueprintUserMessages: [PHUD_C_0] ㅠㅠ
[2016.12.04-16.28.22:668][248]LogBlueprintUserMessages: [PHUD_C_0] ㅠㅠ
[2016.12.04-16.28.22:683][249]LogBlueprintUserMessages: [PHUD_C_0] ㅠㅠ
[2016.12.04-16.28.22:699][250]LogBlueprintUserMessages: [PHUD_C_0] ㅠㅠ
[2016.12.04-16.28.22:717][251]LogBlueprintUserMessages: [PHUD_C_0] ㅠㅠ
[2016.12.04-16.28.22:733][252]LogBlueprintUserMessages: [PHUD_C_0] ㅠㅠ
[2016.12.04-16.28.22:749][253]LogBlueprintUserMessages: [PHUD_C_0] ㅠㅠ
[2016.12.04-16.28.22:765][254]LogBlueprintUserMessages: [PHUD_C_0] ㅠㅠ
[2016.12.04-16.28.22:782][255]LogBlueprintUserMessages: [PHUD_C_0] ㅠㅠ
[2016.12.04-16.28.22:798][256]LogBlueprintUserMessages: [PHUD_C_0] ㅠㅠ
[2016.12.04-16.28.22:813][257]LogBlueprintUserMessages: [PHUD_C_0] ㅠㅠ
[2016.12.04-16.28.22:830][258]LogBlueprintUserMessages: [PHUD_C_0] ㅠㅠ
[2016.12.04-16.28.22:846][259]LogBlueprintUserMessages: [PHUD_C_0] ㅠㅠ
[2016.12.04-16.28.22:862][260]LogBlueprintUserMessages: [PHUD_C_0] ㅠㅠ
[2016.12.04-16.28.22:878][261]LogBlueprintUserMessages: [PHUD_C_0] ㅠㅠ
[2016.12.04-16.28.22:894][262]LogBlueprintUserMessages: [PHUD_C_0] ㅠㅠ
[2016.12.04-16.28.22:911][263]LogBlueprintUserMessages: [PHUD_C_0] ㅠㅠ
[2016.12.04-16.28.22:927][264]LogBlueprintUserMessages: [PHUD_C_0] ㅠㅠ
[2016.12.04-16.28.22:943][265]LogBlueprintUserMessages: [PHUD_C_0] ㅠㅠ
[2016.12.04-16.28.22:959][266]LogBlueprintUserMessages: [PHUD_C_0] ㅠㅠ
[2016.12.04-16.28.22:975][267]LogBlueprintUserMessages: [PHUD_C_0] ㅠㅠ
[2016.12.04-16.28.22:991][268]LogBlueprintUserMessages: [PHUD_C_0] ㅠㅠ
[2016.12.04-16.28.23:009][269]LogBlueprintUserMessages: [PHUD_C_0] ㅠㅠ
[2016.12.04-16.28.23:025][270]LogBlueprintUserMessages: [PHUD_C_0] ㅠㅠ
[2016.12.04-16.28.23:042][271]LogBlueprintUserMessages: [PHUD_C_0] ㅠㅠ
[2016.12.04-16.28.23:057][272]LogBlueprintUserMessages: [PHUD_C_0] ㅠㅠ
[2016.12.04-16.28.23:073][273]LogBlueprintUserMessages: [PHUD_C_0] ㅠㅠ
[2016.12.04-16.28.23:090][274]LogBlueprintUserMessages: [PHUD_C_0] ㅠㅠ
[2016.12.04-16.28.23:105][275]LogBlueprintUserMessages: [PHUD_C_0] ㅠㅠ
[2016.12.04-16.28.23:120][276]LogBlueprintUserMessages: [PHUD_C_0] ㅠㅠ
[2016.12.04-16.28.23:137][277]LogBlueprintUserMessages: [PHUD_C_0] ㅠㅠ
[2016.12.04-16.28.23:152][278]LogBlueprintUserMessages: [PHUD_C_0] ㅠㅠ
[2016.12.04-16.28.23:169][279]LogBlueprintUserMessages: [PHUD_C_0] ㅠㅠ
[2016.12.04-16.28.23:185][280]LogBlueprintUserMessages: [PHUD_C_0] ㅠㅠ
[2016.12.04-16.28.23:201][281]LogBlueprintUserMessages: [PHUD_C_0] ㅠㅠ
[2016.12.04-16.28.23:217][282]LogBlueprintUserMessages: [PHUD_C_0] ㅠㅠ
[2016.12.04-16.28.23:233][283]LogBlueprintUserMessages: [PHUD_C_0] ㅠㅠ
[2016.12.04-16.28.23:249][284]LogBlueprintUserMessages: [PHUD_C_0] ㅠㅠ
[2016.12.04-16.28.23:266][285]LogBlueprintUserMessages: [PHUD_C_0] ㅠㅠ
[2016.12.04-16.28.23:282][286]LogBlueprintUserMessages: [PHUD_C_0] ㅠㅠ
[2016.12.04-16.28.23:298][287]LogBlueprintUserMessages: [PHUD_C_0] ㅠㅠ
[2016.12.04-16.28.23:314][288]LogBlueprintUserMessages: [PHUD_C_0] ㅠㅠ
[2016.12.04-16.28.23:330][289]LogBlueprintUserMessages: [PHUD_C_0] ㅠㅠ
[2016.12.04-16.28.23:347][290]LogBlueprintUserMessages: [PHUD_C_0] ㅠㅠ
[2016.12.04-16.28.23:363][291]LogBlueprintUserMessages: [PHUD_C_0] ㅠㅠ
[2016.12.04-16.28.23:378][292]LogBlueprintUserMessages: [PHUD_C_0] ㅠㅠ
[2016.12.04-16.28.23:394][293]LogBlueprintUserMessages: [PHUD_C_0] ㅠㅠ
[2016.12.04-16.28.23:411][294]LogBlueprintUserMessages: [PHUD_C_0] ㅠㅠ
[2016.12.04-16.28.23:427][295]LogBlueprintUserMessages: [PHUD_C_0] ㅠㅠ
[2016.12.04-16.28.23:442][296]LogBlueprintUserMessages: [PHUD_C_0] ㅠㅠ
[2016.12.04-16.28.23:459][297]LogBlueprintUserMessages: [PHUD_C_0] ㅠㅠ
[2016.12.04-16.28.23:475][298]LogBlueprintUserMessages: [PHUD_C_0] ㅠㅠ
[2016.12.04-16.28.23:491][299]LogBlueprintUserMessages: [PHUD_C_0] ㅠㅠ
[2016.12.04-16.28.23:507][300]LogBlueprintUserMessages: [PHUD_C_0] ㅠㅠ
[2016.12.04-16.28.23:524][301]LogBlueprintUserMessages: [PHUD_C_0] ㅠㅠ
[2016.12.04-16.28.23:540][302]LogBlueprintUserMessages: [PHUD_C_0] ㅠㅠ
[2016.12.04-16.28.23:557][303]LogBlueprintUserMessages: [PHUD_C_0] ㅠㅠ
[2016.12.04-16.28.23:573][304]LogBlueprintUserMessages: [PHUD_C_0] ㅠㅠ
[2016.12.04-16.28.23:589][305]LogBlueprintUserMessages: [PHUD_C_0] ㅠㅠ
[2016.12.04-16.28.23:605][306]LogBlueprintUserMessages: [PHUD_C_0] ㅠㅠ
[2016.12.04-16.28.23:621][307]LogBlueprintUserMessages: [PHUD_C_0] ㅠㅠ
[2016.12.04-16.28.23:638][308]LogBlueprintUserMessages: [PHUD_C_0] ㅠㅠ
[2016.12.04-16.28.23:653][309]LogBlueprintUserMessages: [PHUD_C_0] ㅠㅠ
[2016.12.04-16.28.23:669][310]LogBlueprintUserMessages: [PHUD_C_0] ㅠㅠ
[2016.12.04-16.28.23:683][311]LogBlueprintUserMessages: [PHUD_C_0] ㅠㅠ
[2016.12.04-16.28.23:699][312]LogBlueprintUserMessages: [PHUD_C_0] ㅠㅠ
[2016.12.04-16.28.23:716][313]LogBlueprintUserMessages: [PHUD_C_0] ㅠㅠ
[2016.12.04-16.28.23:732][314]LogBlueprintUserMessages: [PHUD_C_0] ㅠㅠ
[2016.12.04-16.28.23:748][315]LogBlueprintUserMessages: [PHUD_C_0] ㅠㅠ
[2016.12.04-16.28.23:764][316]LogBlueprintUserMessages: [PHUD_C_0] ㅠㅠ
[2016.12.04-16.28.23:780][317]LogBlueprintUserMessages: [PHUD_C_0] ㅠㅠ
[2016.12.04-16.28.23:796][318]LogBlueprintUserMessages: [PHUD_C_0] ㅠㅠ
[2016.12.04-16.28.23:812][319]LogBlueprintUserMessages: [PHUD_C_0] ㅠㅠ
[2016.12.04-16.28.23:829][320]LogBlueprintUserMessages: [PHUD_C_0] ㅠㅠ
[2016.12.04-16.28.23:845][321]LogBlueprintUserMessages: [PHUD_C_0] ㅠㅠ
[2016.12.04-16.28.23:861][322]LogBlueprintUserMessages: [PHUD_C_0] ㅠㅠ
[2016.12.04-16.28.23:877][323]LogBlueprintUserMessages: [PHUD_C_0] ㅠㅠ
[2016.12.04-16.28.23:893][324]LogBlueprintUserMessages: [PHUD_C_0] ㅠㅠ
[2016.12.04-16.28.23:909][325]LogBlueprintUserMessages: [PHUD_C_0] ㅠㅠ
[2016.12.04-16.28.23:925][326]LogBlueprintUserMessages: [PHUD_C_0] ㅠㅠ
[2016.12.04-16.28.23:941][327]LogBlueprintUserMessages: [PHUD_C_0] ㅠㅠ
[2016.12.04-16.28.23:958][328]LogBlueprintUserMessages: [PHUD_C_0] ㅠㅠ
[2016.12.04-16.28.23:974][329]LogBlueprintUserMessages: [PHUD_C_0] ㅠㅠ
[2016.12.04-16.28.23:991][330]LogBlueprintUserMessages: [PHUD_C_0] ㅠㅠ
[2016.12.04-16.28.24:007][331]LogBlueprintUserMessages: [PHUD_C_0] ㅠㅠ
[2016.12.04-16.28.24:026][332]LogBlueprintUserMessages: [PHUD_C_0] ㅠㅠ
[2016.12.04-16.28.24:039][333]LogBlueprintUserMessages: [PHUD_C_0] ㅠㅠ
[2016.12.04-16.28.24:056][334]LogBlueprintUserMessages: [PHUD_C_0] ㅠㅠ
[2016.12.04-16.28.24:072][335]LogBlueprintUserMessages: [PHUD_C_0] ㅠㅠ
[2016.12.04-16.28.24:088][336]LogBlueprintUserMessages: [PHUD_C_0] ㅠㅠ
[2016.12.04-16.28.24:104][337]LogBlueprintUserMessages: [PHUD_C_0] ㅠㅠ
[2016.12.04-16.28.24:120][338]LogBlueprintUserMessages: [PHUD_C_0] ㅠㅠ
[2016.12.04-16.28.24:136][339]LogBlueprintUserMessages: [PHUD_C_0] ㅠㅠ
[2016.12.04-16.28.24:153][340]LogBlueprintUserMessages: [PHUD_C_0] ㅠㅠ
[2016.12.04-16.28.24:167][341]LogBlueprintUserMessages: [PHUD_C_0] ㅠㅠ
[2016.12.04-16.28.24:183][342]LogBlueprintUserMessages: [PHUD_C_0] ㅠㅠ
[2016.12.04-16.28.24:200][343]LogBlueprintUserMessages: [PHUD_C_0] ㅠㅠ
[2016.12.04-16.28.24:216][344]LogBlueprintUserMessages: [PHUD_C_0] ㅠㅠ
[2016.12.04-16.28.24:232][345]LogBlueprintUserMessages: [PHUD_C_0] ㅠㅠ
[2016.12.04-16.28.24:248][346]LogBlueprintUserMessages: [PHUD_C_0] ㅠㅠ
[2016.12.04-16.28.24:264][347]LogBlueprintUserMessages: [PHUD_C_0] ㅠㅠ
[2016.12.04-16.28.24:280][348]LogBlueprintUserMessages: [PHUD_C_0] ㅠㅠ
[2016.12.04-16.28.24:296][349]LogBlueprintUserMessages: [PHUD_C_0] ㅠㅠ
[2016.12.04-16.28.24:313][350]LogBlueprintUserMessages: [PHUD_C_0] ㅠㅠ
[2016.12.04-16.28.24:329][351]LogBlueprintUserMessages: [PHUD_C_0] ㅠㅠ
[2016.12.04-16.28.24:344][352]LogBlueprintUserMessages: [PHUD_C_0] ㅠㅠ
[2016.12.04-16.28.24:360][353]LogBlueprintUserMessages: [PHUD_C_0] ㅠㅠ
[2016.12.04-16.28.24:377][354]LogBlueprintUserMessages: [PHUD_C_0] ㅠㅠ
[2016.12.04-16.28.24:393][355]LogBlueprintUserMessages: [PHUD_C_0] ㅠㅠ
[2016.12.04-16.28.24:409][356]LogBlueprintUserMessages: [PHUD_C_0] ㅠㅠ
[2016.12.04-16.28.24:425][357]LogBlueprintUserMessages: [PHUD_C_0] ㅠㅠ
[2016.12.04-16.28.24:441][358]LogBlueprintUserMessages: [PHUD_C_0] ㅠㅠ
[2016.12.04-16.28.24:458][359]LogBlueprintUserMessages: [PHUD_C_0] ㅠㅠ
[2016.12.04-16.28.24:474][360]LogBlueprintUserMessages: [PHUD_C_0] ㅠㅠ
[2016.12.04-16.28.24:490][361]LogBlueprintUserMessages: [PHUD_C_0] ㅠㅠ
[2016.12.04-16.28.24:506][362]LogBlueprintUserMessages: [PHUD_C_0] ㅠㅠ
[2016.12.04-16.28.24:522][363]LogBlueprintUserMessages: [PHUD_C_0] ㅠㅠ
[2016.12.04-16.28.24:538][364]LogBlueprintUserMessages: [PHUD_C_0] ㅠㅠ
[2016.12.04-16.28.24:554][365]LogBlueprintUserMessages: [PHUD_C_0] ㅠㅠ
[2016.12.04-16.28.24:571][366]LogBlueprintUserMessages: [PHUD_C_0] ㅠㅠ
[2016.12.04-16.28.24:587][367]LogBlueprintUserMessages: [PHUD_C_0] ㅠㅠ
[2016.12.04-16.28.24:603][368]LogBlueprintUserMessages: [PHUD_C_0] ㅠㅠ
[2016.12.04-16.28.24:620][369]LogBlueprintUserMessages: [PHUD_C_0] ㅠㅠ
[2016.12.04-16.28.24:636][370]LogBlueprintUserMessages: [PHUD_C_0] ㅠㅠ
[2016.12.04-16.28.24:653][371]LogBlueprintUserMessages: [PHUD_C_0] ㅠㅠ
[2016.12.04-16.28.24:670][372]LogBlueprintUserMessages: [PHUD_C_0] ㅠㅠ
[2016.12.04-16.28.24:684][373]LogBlueprintUserMessages: [PHUD_C_0] ㅠㅠ
[2016.12.04-16.28.24:700][374]LogBlueprintUserMessages: [PHUD_C_0] ㅠㅠ
[2016.12.04-16.28.24:716][375]LogBlueprintUserMessages: [PHUD_C_0] ㅠㅠ
[2016.12.04-16.28.24:732][376]LogBlueprintUserMessages: [PHUD_C_0] ㅠㅠ
[2016.12.04-16.28.24:748][377]LogBlueprintUserMessages: [PHUD_C_0] ㅠㅠ
[2016.12.04-16.28.24:764][378]LogBlueprintUserMessages: [PHUD_C_0] ㅠㅠ
[2016.12.04-16.28.24:780][379]LogBlueprintUserMessages: [PHUD_C_0] ㅠㅠ
[2016.12.04-16.28.24:796][380]LogBlueprintUserMessages: [PHUD_C_0] ㅠㅠ
[2016.12.04-16.28.24:813][381]LogBlueprintUserMessages: [PHUD_C_0] ㅠㅠ
[2016.12.04-16.28.24:829][382]LogBlueprintUserMessages: [PHUD_C_0] ㅠㅠ
[2016.12.04-16.28.24:845][383]LogBlueprintUserMessages: [PHUD_C_0] ㅠㅠ
[2016.12.04-16.28.24:861][384]LogBlueprintUserMessages: [PHUD_C_0] ㅠㅠ
[2016.12.04-16.28.24:877][385]LogBlueprintUserMessages: [PHUD_C_0] ㅠㅠ
[2016.12.04-16.28.24:893][386]LogBlueprintUserMessages: [PHUD_C_0] ㅠㅠ
[2016.12.04-16.28.24:909][387]LogBlueprintUserMessages: [PHUD_C_0] ㅠㅠ
[2016.12.04-16.28.24:926][388]LogBlueprintUserMessages: [PHUD_C_0] ㅠㅠ
[2016.12.04-16.28.24:942][389]LogBlueprintUserMessages: [PHUD_C_0] ㅠㅠ
[2016.12.04-16.28.24:958][390]LogBlueprintUserMessages: [PHUD_C_0] ㅠㅠ
[2016.12.04-16.28.24:974][391]LogBlueprintUserMessages: [PHUD_C_0] ㅠㅠ
[2016.12.04-16.28.24:991][392]LogBlueprintUserMessages: [PHUD_C_0] ㅠㅠ
[2016.12.04-16.28.25:006][393]LogBlueprintUserMessages: [PHUD_C_0] ㅠㅠ
[2016.12.04-16.28.25:025][394]LogBlueprintUserMessages: [PHUD_C_0] ㅠㅠ
[2016.12.04-16.28.25:039][395]LogBlueprintUserMessages: [PHUD_C_0] ㅠㅠ
[2016.12.04-16.28.25:054][396]LogBlueprintUserMessages: [PHUD_C_0] ㅠㅠ
[2016.12.04-16.28.25:070][397]LogBlueprintUserMessages: [PHUD_C_0] ㅠㅠ
[2016.12.04-16.28.25:087][398]LogBlueprintUserMessages: [PHUD_C_0] ㅠㅠ
[2016.12.04-16.28.25:103][399]LogBlueprintUserMessages: [PHUD_C_0] ㅠㅠ
[2016.12.04-16.28.25:119][400]LogBlueprintUserMessages: [PHUD_C_0] ㅠㅠ
[2016.12.04-16.28.25:136][401]LogBlueprintUserMessages: [PHUD_C_0] ㅠㅠ
[2016.12.04-16.28.25:152][402]LogBlueprintUserMessages: [PHUD_C_0] ㅠㅠ
[2016.12.04-16.28.25:169][403]LogBlueprintUserMessages: [PHUD_C_0] ㅠㅠ
[2016.12.04-16.28.25:184][404]LogBlueprintUserMessages: [PHUD_C_0] ㅠㅠ
[2016.12.04-16.28.25:201][405]LogBlueprintUserMessages: [PHUD_C_0] ㅠㅠ
[2016.12.04-16.28.25:216][406]LogBlueprintUserMessages: [PHUD_C_0] ㅠㅠ
[2016.12.04-16.28.25:232][407]LogBlueprintUserMessages: [PHUD_C_0] ㅠㅠ
[2016.12.04-16.28.25:248][408]LogBlueprintUserMessages: [PHUD_C_0] ㅠㅠ
[2016.12.04-16.28.25:264][409]LogBlueprintUserMessages: [PHUD_C_0] ㅠㅠ
[2016.12.04-16.28.25:280][410]LogBlueprintUserMessages: [PHUD_C_0] ㅠㅠ
[2016.12.04-16.28.25:297][411]LogBlueprintUserMessages: [PHUD_C_0] ㅠㅠ
[2016.12.04-16.28.25:313][412]LogBlueprintUserMessages: [PHUD_C_0] ㅠㅠ
[2016.12.04-16.28.25:329][413]LogBlueprintUserMessages: [PHUD_C_0] ㅠㅠ
[2016.12.04-16.28.25:345][414]LogBlueprintUserMessages: [PHUD_C_0] ㅠㅠ
[2016.12.04-16.28.25:361][415]LogBlueprintUserMessages: [PHUD_C_0] ㅠㅠ
[2016.12.04-16.28.25:377][416]LogBlueprintUserMessages: [PHUD_C_0] ㅠㅠ
[2016.12.04-16.28.25:393][417]LogBlueprintUserMessages: [PHUD_C_0] ㅠㅠ
[2016.12.04-16.28.25:409][418]LogBlueprintUserMessages: [PHUD_C_0] ㅠㅠ
[2016.12.04-16.28.25:425][419]LogBlueprintUserMessages: [PHUD_C_0] ㅠㅠ
[2016.12.04-16.28.25:442][420]LogBlueprintUserMessages: [PHUD_C_0] ㅠㅠ
[2016.12.04-16.28.25:457][421]LogBlueprintUserMessages: [PHUD_C_0] ㅠㅠ
[2016.12.04-16.28.25:473][422]LogBlueprintUserMessages: [PHUD_C_0] ㅠㅠ
[2016.12.04-16.28.25:490][423]LogBlueprintUserMessages: [PHUD_C_0] ㅠㅠ
[2016.12.04-16.28.25:507][424]LogBlueprintUserMessages: [PHUD_C_0] ㅠㅠ
[2016.12.04-16.28.25:524][425]LogBlueprintUserMessages: [PHUD_C_0] ㅠㅠ
[2016.12.04-16.28.25:540][426]LogBlueprintUserMessages: [PHUD_C_0] ㅠㅠ
[2016.12.04-16.28.25:556][427]LogBlueprintUserMessages: [PHUD_C_0] ㅠㅠ
[2016.12.04-16.28.25:572][428]LogBlueprintUserMessages: [PHUD_C_0] ㅠㅠ
[2016.12.04-16.28.25:588][429]LogBlueprintUserMessages: [PHUD_C_0] ㅠㅠ
[2016.12.04-16.28.25:604][430]LogBlueprintUserMessages: [PHUD_C_0] ㅠㅠ
[2016.12.04-16.28.25:620][431]LogBlueprintUserMessages: [PHUD_C_0] ㅠㅠ
[2016.12.04-16.28.25:637][432]LogBlueprintUserMessages: [PHUD_C_0] ㅠㅠ
[2016.12.04-16.28.25:654][433]LogBlueprintUserMessages: [PHUD_C_0] ㅠㅠ
[2016.12.04-16.28.25:670][434]LogBlueprintUserMessages: [PHUD_C_0] ㅠㅠ
[2016.12.04-16.28.25:689][435]LogBlueprintUserMessages: [PHUD_C_0] ㅠㅠ
[2016.12.04-16.28.25:703][436]LogBlueprintUserMessages: [PHUD_C_0] ㅠㅠ
[2016.12.04-16.28.25:719][437]LogBlueprintUserMessages: [PHUD_C_0] ㅠㅠ
[2016.12.04-16.28.25:735][438]LogBlueprintUserMessages: [PHUD_C_0] ㅠㅠ
[2016.12.04-16.28.25:749][439]LogBlueprintUserMessages: [PHUD_C_0] ㅠㅠ
[2016.12.04-16.28.25:765][440]LogBlueprintUserMessages: [PHUD_C_0] ㅠㅠ
[2016.12.04-16.28.25:781][441]LogBlueprintUserMessages: [PHUD_C_0] ㅠㅠ
[2016.12.04-16.28.25:797][442]LogBlueprintUserMessages: [PHUD_C_0] ㅠㅠ
[2016.12.04-16.28.25:813][443]LogBlueprintUserMessages: [PHUD_C_0] ㅠㅠ
[2016.12.04-16.28.25:829][444]LogBlueprintUserMessages: [PHUD_C_0] ㅠㅠ
[2016.12.04-16.28.25:845][445]LogBlueprintUserMessages: [PHUD_C_0] ㅠㅠ
[2016.12.04-16.28.25:861][446]LogBlueprintUserMessages: [PHUD_C_0] ㅠㅠ
[2016.12.04-16.28.25:878][447]LogBlueprintUserMessages: [PHUD_C_0] ㅠㅠ
[2016.12.04-16.28.25:894][448]LogBlueprintUserMessages: [PHUD_C_0] ㅠㅠ
[2016.12.04-16.28.25:910][449]LogBlueprintUserMessages: [PHUD_C_0] ㅠㅠ
[2016.12.04-16.28.25:926][450]LogBlueprintUserMessages: [PHUD_C_0] ㅠㅠ
[2016.12.04-16.28.25:942][451]LogBlueprintUserMessages: [PHUD_C_0] ㅠㅠ
[2016.12.04-16.28.25:958][452]LogBlueprintUserMessages: [PHUD_C_0] ㅠㅠ
[2016.12.04-16.28.25:975][453]LogBlueprintUserMessages: [PHUD_C_0] ㅠㅠ
[2016.12.04-16.28.25:991][454]LogBlueprintUserMessages: [PHUD_C_0] ㅠㅠ
[2016.12.04-16.28.26:007][455]LogBlueprintUserMessages: [PHUD_C_0] ㅠㅠ
[2016.12.04-16.28.26:024][456]LogBlueprintUserMessages: [PHUD_C_0] ㅠㅠ
[2016.12.04-16.28.26:039][457]LogBlueprintUserMessages: [PHUD_C_0] ㅠㅠ
[2016.12.04-16.28.26:055][458]LogBlueprintUserMessages: [PHUD_C_0] ㅠㅠ
[2016.12.04-16.28.26:071][459]LogBlueprintUserMessages: [PHUD_C_0] ㅠㅠ
[2016.12.04-16.28.26:087][460]LogBlueprintUserMessages: [PHUD_C_0] ㅠㅠ
[2016.12.04-16.28.26:103][461]LogBlueprintUserMessages: [PHUD_C_0] ㅠㅠ
[2016.12.04-16.28.26:119][462]LogBlueprintUserMessages: [PHUD_C_0] ㅠㅠ
[2016.12.04-16.28.26:135][463]LogBlueprintUserMessages: [PHUD_C_0] ㅠㅠ
[2016.12.04-16.28.26:152][464]LogBlueprintUserMessages: [PHUD_C_0] ㅠㅠ
[2016.12.04-16.28.26:168][465]LogBlueprintUserMessages: [PHUD_C_0] ㅠㅠ
[2016.12.04-16.28.26:185][466]LogBlueprintUserMessages: [PHUD_C_0] ㅠㅠ
[2016.12.04-16.28.26:201][467]LogBlueprintUserMessages: [PHUD_C_0] ㅠㅠ
[2016.12.04-16.28.26:217][468]LogBlueprintUserMessages: [PHUD_C_0] ㅠㅠ
[2016.12.04-16.28.26:233][469]LogBlueprintUserMessages: [PHUD_C_0] ㅠㅠ
[2016.12.04-16.28.26:249][470]LogBlueprintUserMessages: [PHUD_C_0] ㅠㅠ
[2016.12.04-16.28.26:266][471]LogBlueprintUserMessages: [PHUD_C_0] ㅠㅠ
[2016.12.04-16.28.26:281][472]LogBlueprintUserMessages: [PHUD_C_0] ㅠㅠ
[2016.12.04-16.28.26:297][473]LogBlueprintUserMessages: [PHUD_C_0] ㅠㅠ
[2016.12.04-16.28.26:313][474]LogBlueprintUserMessages: [PHUD_C_0] ㅠㅠ
[2016.12.04-16.28.26:330][475]LogBlueprintUserMessages: [PHUD_C_0] ㅠㅠ
[2016.12.04-16.28.26:345][476]LogBlueprintUserMessages: [PHUD_C_0] ㅠㅠ
[2016.12.04-16.28.26:361][477]LogBlueprintUserMessages: [PHUD_C_0] ㅠㅠ
[2016.12.04-16.28.26:377][478]LogBlueprintUserMessages: [PHUD_C_0] ㅠㅠ
[2016.12.04-16.28.26:394][479]LogBlueprintUserMessages: [PHUD_C_0] ㅠㅠ
[2016.12.04-16.28.26:410][480]LogBlueprintUserMessages: [PHUD_C_0] ㅠㅠ
[2016.12.04-16.28.26:426][481]LogBlueprintUserMessages: [PHUD_C_0] ㅠㅠ
[2016.12.04-16.28.26:442][482]LogBlueprintUserMessages: [PHUD_C_0] ㅠㅠ
[2016.12.04-16.28.26:458][483]LogBlueprintUserMessages: [PHUD_C_0] ㅠㅠ
[2016.12.04-16.28.26:474][484]LogBlueprintUserMessages: [PHUD_C_0] ㅠㅠ
[2016.12.04-16.28.26:491][485]LogBlueprintUserMessages: [PHUD_C_0] ㅠㅠ
[2016.12.04-16.28.26:507][486]LogBlueprintUserMessages: [PHUD_C_0] ㅠㅠ
[2016.12.04-16.28.26:523][487]LogBlueprintUserMessages: [PHUD_C_0] ㅠㅠ
[2016.12.04-16.28.26:539][488]LogBlueprintUserMessages: [PHUD_C_0] ㅠㅠ
[2016.12.04-16.28.26:555][489]LogBlueprintUserMessages: [PHUD_C_0] ㅠㅠ
[2016.12.04-16.28.26:571][490]LogBlueprintUserMessages: [PHUD_C_0] ㅠㅠ
[2016.12.04-16.28.26:587][491]LogBlueprintUserMessages: [PHUD_C_0] ㅠㅠ
[2016.12.04-16.28.26:603][492]LogBlueprintUserMessages: [PHUD_C_0] ㅠㅠ
[2016.12.04-16.28.26:619][493]LogBlueprintUserMessages: [PHUD_C_0] ㅠㅠ
[2016.12.04-16.28.26:636][494]LogBlueprintUserMessages: [PHUD_C_0] ㅠㅠ
[2016.12.04-16.28.26:652][495]LogBlueprintUserMessages: [PHUD_C_0] ㅠㅠ
[2016.12.04-16.28.26:668][496]LogBlueprintUserMessages: [PHUD_C_0] ㅠㅠ
[2016.12.04-16.28.26:688][497]LogBlueprintUserMessages: [PHUD_C_0] ㅠㅠ
[2016.12.04-16.28.26:700][498]LogBlueprintUserMessages: [PHUD_C_0] ㅠㅠ
[2016.12.04-16.28.26:717][499]LogBlueprintUserMessages: [PHUD_C_0] ㅠㅠ
[2016.12.04-16.28.26:734][500]LogBlueprintUserMessages: [PHUD_C_0] ㅠㅠ
[2016.12.04-16.28.26:750][501]LogBlueprintUserMessages: [PHUD_C_0] ㅠㅠ
[2016.12.04-16.28.26:765][502]LogBlueprintUserMessages: [PHUD_C_0] ㅠㅠ
[2016.12.04-16.28.26:782][503]LogBlueprintUserMessages: [PHUD_C_0] ㅠㅠ
[2016.12.04-16.28.26:798][504]LogBlueprintUserMessages: [PHUD_C_0] ㅠㅠ
[2016.12.04-16.28.26:813][505]LogBlueprintUserMessages: [PHUD_C_0] ㅠㅠ
[2016.12.04-16.28.26:829][506]LogBlueprintUserMessages: [PHUD_C_0] ㅠㅠ
[2016.12.04-16.28.26:845][507]LogBlueprintUserMessages: [PHUD_C_0] ㅠㅠ
[2016.12.04-16.28.26:861][508]LogBlueprintUserMessages: [PHUD_C_0] ㅠㅠ
[2016.12.04-16.28.26:878][509]LogBlueprintUserMessages: [PHUD_C_0] ㅠㅠ
[2016.12.04-16.28.26:894][510]LogBlueprintUserMessages: [PHUD_C_0] ㅠㅠ
[2016.12.04-16.28.26:910][511]LogBlueprintUserMessages: [PHUD_C_0] ㅠㅠ
[2016.12.04-16.28.26:927][512]LogBlueprintUserMessages: [PHUD_C_0] ㅠㅠ
[2016.12.04-16.28.26:943][513]LogBlueprintUserMessages: [PHUD_C_0] ㅠㅠ
[2016.12.04-16.28.26:959][514]LogBlueprintUserMessages: [PHUD_C_0] ㅠㅠ
[2016.12.04-16.28.26:976][515]LogBlueprintUserMessages: [PHUD_C_0] ㅠㅠ
[2016.12.04-16.28.26:992][516]LogBlueprintUserMessages: [PHUD_C_0] ㅠㅠ
[2016.12.04-16.28.27:007][517]LogBlueprintUserMessages: [PHUD_C_0] ㅠㅠ
[2016.12.04-16.28.27:022][518]LogBlueprintUserMessages: [PHUD_C_0] ㅠㅠ
[2016.12.04-16.28.27:039][519]LogBlueprintUserMessages: [PHUD_C_0] ㅠㅠ
[2016.12.04-16.28.27:055][520]LogBlueprintUserMessages: [PHUD_C_0] ㅠㅠ
[2016.12.04-16.28.27:071][521]LogBlueprintUserMessages: [PHUD_C_0] ㅠㅠ
[2016.12.04-16.28.27:087][522]LogBlueprintUserMessages: [PHUD_C_0] ㅠㅠ
[2016.12.04-16.28.27:103][523]LogBlueprintUserMessages: [PHUD_C_0] ㅠㅠ
[2016.12.04-16.28.27:119][524]LogBlueprintUserMessages: [PHUD_C_0] ㅠㅠ
[2016.12.04-16.28.27:136][525]LogBlueprintUserMessages: [PHUD_C_0] ㅠㅠ
[2016.12.04-16.28.27:152][526]LogBlueprintUserMessages: [PHUD_C_0] ㅠㅠ
[2016.12.04-16.28.27:168][527]LogBlueprintUserMessages: [PHUD_C_0] ㅠㅠ
[2016.12.04-16.28.27:184][528]LogBlueprintUserMessages: [PHUD_C_0] ㅠㅠ
[2016.12.04-16.28.27:200][529]LogBlueprintUserMessages: [PHUD_C_0] ㅠㅠ
[2016.12.04-16.28.27:216][530]LogBlueprintUserMessages: [PHUD_C_0] ㅠㅠ
[2016.12.04-16.28.27:233][531]LogBlueprintUserMessages: [PHUD_C_0] ㅠㅠ
[2016.12.04-16.28.27:249][532]LogBlueprintUserMessages: [PHUD_C_0] ㅠㅠ
[2016.12.04-16.28.27:266][533]LogBlueprintUserMessages: [PHUD_C_0] ㅠㅠ
[2016.12.04-16.28.27:282][534]LogBlueprintUserMessages: [PHUD_C_0] ㅠㅠ
[2016.12.04-16.28.27:298][535]LogBlueprintUserMessages: [PHUD_C_0] ㅠㅠ
[2016.12.04-16.28.27:314][536]LogBlueprintUserMessages: [PHUD_C_0] ㅠㅠ
[2016.12.04-16.28.27:332][537]LogBlueprintUserMessages: [PHUD_C_0] ㅠㅠ
[2016.12.04-16.28.27:345][538]LogBlueprintUserMessages: [PHUD_C_0] ㅠㅠ
[2016.12.04-16.28.27:361][539]LogBlueprintUserMessages: [PHUD_C_0] ㅠㅠ
[2016.12.04-16.28.27:378][540]LogBlueprintUserMessages: [PHUD_C_0] ㅠㅠ
[2016.12.04-16.28.27:394][541]LogBlueprintUserMessages: [PHUD_C_0] ㅠㅠ
[2016.12.04-16.28.27:410][542]LogBlueprintUserMessages: [PHUD_C_0] ㅠㅠ
[2016.12.04-16.28.27:426][543]LogBlueprintUserMessages: [PHUD_C_0] ㅠㅠ
[2016.12.04-16.28.27:442][544]LogBlueprintUserMessages: [PHUD_C_0] ㅠㅠ
[2016.12.04-16.28.27:458][545]LogBlueprintUserMessages: [PHUD_C_0] ㅠㅠ
[2016.12.04-16.28.27:474][546]LogBlueprintUserMessages: [PHUD_C_0] ㅠㅠ
[2016.12.04-16.28.27:490][547]LogBlueprintUserMessages: [PHUD_C_0] ㅠㅠ
[2016.12.04-16.28.27:507][548]LogBlueprintUserMessages: [PHUD_C_0] ㅠㅠ
[2016.12.04-16.28.27:523][549]LogBlueprintUserMessages: [PHUD_C_0] ㅠㅠ
[2016.12.04-16.28.27:539][550]LogBlueprintUserMessages: [PHUD_C_0] ㅠㅠ
[2016.12.04-16.28.27:555][551]LogBlueprintUserMessages: [PHUD_C_0] ㅠㅠ
[2016.12.04-16.28.27:571][552]LogBlueprintUserMessages: [PHUD_C_0] ㅠㅠ
[2016.12.04-16.28.27:587][553]LogBlueprintUserMessages: [PHUD_C_0] ㅠㅠ
[2016.12.04-16.28.27:603][554]LogBlueprintUserMessages: [PHUD_C_0] ㅠㅠ
[2016.12.04-16.28.27:619][555]LogBlueprintUserMessages: [PHUD_C_0] ㅠㅠ
[2016.12.04-16.28.27:636][556]LogBlueprintUserMessages: [PHUD_C_0] ㅠㅠ
[2016.12.04-16.28.27:652][557]LogBlueprintUserMessages: [PHUD_C_0] ㅠㅠ
[2016.12.04-16.28.27:668][558]LogBlueprintUserMessages: [PHUD_C_0] ㅠㅠ
[2016.12.04-16.28.27:687][559]LogBlueprintUserMessages: [PHUD_C_0] ㅠㅠ
[2016.12.04-16.28.27:700][560]LogBlueprintUserMessages: [PHUD_C_0] ㅠㅠ
[2016.12.04-16.28.27:717][561]LogBlueprintUserMessages: [PHUD_C_0] ㅠㅠ
[2016.12.04-16.28.27:733][562]LogBlueprintUserMessages: [PHUD_C_0] ㅠㅠ
[2016.12.04-16.28.27:749][563]LogBlueprintUserMessages: [PHUD_C_0] ㅠㅠ
[2016.12.04-16.28.27:765][564]LogBlueprintUserMessages: [PHUD_C_0] ㅠㅠ
[2016.12.04-16.28.27:782][565]LogBlueprintUserMessages: [PHUD_C_0] ㅠㅠ
[2016.12.04-16.28.27:798][566]LogBlueprintUserMessages: [PHUD_C_0] ㅠㅠ
[2016.12.04-16.28.27:814][567]LogBlueprintUserMessages: [PHUD_C_0] ㅠㅠ
[2016.12.04-16.28.27:830][568]LogBlueprintUserMessages: [PHUD_C_0] ㅠㅠ
[2016.12.04-16.28.27:847][569]LogBlueprintUserMessages: [PHUD_C_0] ㅠㅠ
[2016.12.04-16.28.27:861][570]LogBlueprintUserMessages: [PHUD_C_0] ㅠㅠ
[2016.12.04-16.28.27:878][571]LogBlueprintUserMessages: [PHUD_C_0] ㅠㅠ
[2016.12.04-16.28.27:894][572]LogBlueprintUserMessages: [PHUD_C_0] ㅠㅠ
[2016.12.04-16.28.27:910][573]LogBlueprintUserMessages: [PHUD_C_0] ㅠㅠ
[2016.12.04-16.28.27:926][574]LogBlueprintUserMessages: [PHUD_C_0] ㅠㅠ
[2016.12.04-16.28.27:942][575]LogBlueprintUserMessages: [PHUD_C_0] ㅠㅠ
[2016.12.04-16.28.27:959][576]LogBlueprintUserMessages: [PHUD_C_0] ㅠㅠ
[2016.12.04-16.28.27:974][577]LogBlueprintUserMessages: [PHUD_C_0] ㅠㅠ
[2016.12.04-16.28.27:994][578]LogBlueprintUserMessages: [PHUD_C_0] ㅠㅠ
[2016.12.04-16.28.28:007][579]LogBlueprintUserMessages: [PHUD_C_0] ㅠㅠ
[2016.12.04-16.28.28:023][580]LogBlueprintUserMessages: [PHUD_C_0] ㅠㅠ
[2016.12.04-16.28.28:039][581]LogBlueprintUserMessages: [PHUD_C_0] ㅠㅠ
[2016.12.04-16.28.28:055][582]LogBlueprintUserMessages: [PHUD_C_0] ㅠㅠ
[2016.12.04-16.28.28:071][583]LogBlueprintUserMessages: [PHUD_C_0] ㅠㅠ
[2016.12.04-16.28.28:087][584]LogBlueprintUserMessages: [PHUD_C_0] ㅠㅠ
[2016.12.04-16.28.28:103][585]LogBlueprintUserMessages: [PHUD_C_0] ㅠㅠ
[2016.12.04-16.28.28:119][586]LogBlueprintUserMessages: [PHUD_C_0] ㅠㅠ
[2016.12.04-16.28.28:135][587]LogBlueprintUserMessages: [PHUD_C_0] ㅠㅠ
[2016.12.04-16.28.28:152][588]LogBlueprintUserMessages: [PHUD_C_0] ㅠㅠ
[2016.12.04-16.28.28:168][589]LogBlueprintUserMessages: [PHUD_C_0] ㅠㅠ
[2016.12.04-16.28.28:184][590]LogBlueprintUserMessages: [PHUD_C_0] ㅠㅠ
[2016.12.04-16.28.28:200][591]LogBlueprintUserMessages: [PHUD_C_0] ㅠㅠ
[2016.12.04-16.28.28:216][592]LogBlueprintUserMessages: [PHUD_C_0] ㅠㅠ
[2016.12.04-16.28.28:232][593]LogBlueprintUserMessages: [PHUD_C_0] ㅠㅠ
[2016.12.04-16.28.28:248][594]LogBlueprintUserMessages: [PHUD_C_0] ㅠㅠ
[2016.12.04-16.28.28:265][595]LogBlueprintUserMessages: [PHUD_C_0] ㅠㅠ
[2016.12.04-16.28.28:281][596]LogBlueprintUserMessages: [PHUD_C_0] ㅠㅠ
[2016.12.04-16.28.28:298][597]LogBlueprintUserMessages: [PHUD_C_0] ㅠㅠ
[2016.12.04-16.28.28:314][598]LogBlueprintUserMessages: [PHUD_C_0] ㅠㅠ
[2016.12.04-16.28.28:331][599]LogBlueprintUserMessages: [PHUD_C_0] ㅠㅠ
[2016.12.04-16.28.28:348][600]LogBlueprintUserMessages: [PHUD_C_0] ㅠㅠ
[2016.12.04-16.28.28:362][601]LogBlueprintUserMessages: [PHUD_C_0] ㅠㅠ
[2016.12.04-16.28.28:377][602]LogBlueprintUserMessages: [PHUD_C_0] ㅠㅠ
[2016.12.04-16.28.28:394][603]LogBlueprintUserMessages: [PHUD_C_0] ㅠㅠ
[2016.12.04-16.28.28:410][604]LogBlueprintUserMessages: [PHUD_C_0] ㅠㅠ
[2016.12.04-16.28.28:426][605]LogBlueprintUserMessages: [PHUD_C_0] ㅠㅠ
[2016.12.04-16.28.28:442][606]LogBlueprintUserMessages: [PHUD_C_0] ㅠㅠ
[2016.12.04-16.28.28:459][607]LogBlueprintUserMessages: [PHUD_C_0] ㅠㅠ
[2016.12.04-16.28.28:474][608]LogBlueprintUserMessages: [PHUD_C_0] ㅠㅠ
[2016.12.04-16.28.28:491][609]LogBlueprintUserMessages: [PHUD_C_0] ㅠㅠ
[2016.12.04-16.28.28:507][610]LogBlueprintUserMessages: [PHUD_C_0] ㅠㅠ
[2016.12.04-16.28.28:523][611]LogBlueprintUserMessages: [PHUD_C_0] ㅠㅠ
[2016.12.04-16.28.28:539][612]LogBlueprintUserMessages: [PHUD_C_0] ㅠㅠ
[2016.12.04-16.28.28:555][613]LogBlueprintUserMessages: [PHUD_C_0] ㅠㅠ
[2016.12.04-16.28.28:571][614]LogBlueprintUserMessages: [PHUD_C_0] ㅠㅠ
[2016.12.04-16.28.28:587][615]LogBlueprintUserMessages: [PHUD_C_0] ㅠㅠ
[2016.12.04-16.28.28:603][616]LogBlueprintUserMessages: [PHUD_C_0] ㅠㅠ
[2016.12.04-16.28.28:619][617]LogBlueprintUserMessages: [PHUD_C_0] ㅠㅠ
[2016.12.04-16.28.28:636][618]LogBlueprintUserMessages: [PHUD_C_0] ㅠㅠ
[2016.12.04-16.28.28:652][619]LogBlueprintUserMessages: [PHUD_C_0] ㅠㅠ
[2016.12.04-16.28.28:668][620]LogBlueprintUserMessages: [PHUD_C_0] ㅠㅠ
[2016.12.04-16.28.28:686][621]LogBlueprintUserMessages: [PHUD_C_0] ㅠㅠ
[2016.12.04-16.28.28:700][622]LogBlueprintUserMessages: [PHUD_C_0] ㅠㅠ
[2016.12.04-16.28.28:716][623]LogBlueprintUserMessages: [PHUD_C_0] ㅠㅠ
[2016.12.04-16.28.28:732][624]LogBlueprintUserMessages: [PHUD_C_0] ㅠㅠ
[2016.12.04-16.28.28:749][625]LogBlueprintUserMessages: [PHUD_C_0] ㅠㅠ
[2016.12.04-16.28.28:765][626]LogBlueprintUserMessages: [PHUD_C_0] ㅠㅠ
[2016.12.04-16.28.28:781][627]LogBlueprintUserMessages: [PHUD_C_0] ㅠㅠ
[2016.12.04-16.28.28:797][628]LogBlueprintUserMessages: [PHUD_C_0] ㅠㅠ
[2016.12.04-16.28.28:813][629]LogBlueprintUserMessages: [PHUD_C_0] ㅠㅠ
[2016.12.04-16.28.28:830][630]LogBlueprintUserMessages: [PHUD_C_0] ㅠㅠ
[2016.12.04-16.28.28:846][631]LogBlueprintUserMessages: [PHUD_C_0] ㅠㅠ
[2016.12.04-16.28.28:862][632]LogBlueprintUserMessages: [PHUD_C_0] ㅠㅠ
[2016.12.04-16.28.28:879][633]LogBlueprintUserMessages: [PHUD_C_0] ㅠㅠ
[2016.12.04-16.28.28:895][634]LogBlueprintUserMessages: [PHUD_C_0] ㅠㅠ
[2016.12.04-16.28.28:911][635]LogBlueprintUserMessages: [PHUD_C_0] ㅠㅠ
[2016.12.04-16.28.28:926][636]LogBlueprintUserMessages: [PHUD_C_0] ㅠㅠ
[2016.12.04-16.28.28:945][637]LogBlueprintUserMessages: [PHUD_C_0] ㅠㅠ
[2016.12.04-16.28.28:958][638]LogBlueprintUserMessages: [PHUD_C_0] ㅠㅠ
[2016.12.04-16.28.28:974][639]LogBlueprintUserMessages: [PHUD_C_0] ㅠㅠ
[2016.12.04-16.28.28:991][640]LogBlueprintUserMessages: [PHUD_C_0] ㅠㅠ
[2016.12.04-16.28.29:007][641]LogBlueprintUserMessages: [PHUD_C_0] ㅠㅠ
[2016.12.04-16.28.29:023][642]LogBlueprintUserMessages: [PHUD_C_0] ㅠㅠ
[2016.12.04-16.28.29:039][643]LogBlueprintUserMessages: [PHUD_C_0] ㅠㅠ
[2016.12.04-16.28.29:055][644]LogBlueprintUserMessages: [PHUD_C_0] ㅠㅠ
[2016.12.04-16.28.29:071][645]LogBlueprintUserMessages: [PHUD_C_0] ㅠㅠ
[2016.12.04-16.28.29:087][646]LogBlueprintUserMessages: [PHUD_C_0] ㅠㅠ
[2016.12.04-16.28.29:103][647]LogBlueprintUserMessages: [PHUD_C_0] ㅠㅠ
[2016.12.04-16.28.29:119][648]LogBlueprintUserMessages: [PHUD_C_0] ㅠㅠ
[2016.12.04-16.28.29:135][649]LogBlueprintUserMessages: [PHUD_C_0] ㅠㅠ
[2016.12.04-16.28.29:152][650]LogBlueprintUserMessages: [PHUD_C_0] ㅠㅠ
[2016.12.04-16.28.29:168][651]LogBlueprintUserMessages: [PHUD_C_0] ㅠㅠ
[2016.12.04-16.28.29:184][652]LogBlueprintUserMessages: [PHUD_C_0] ㅠㅠ
[2016.12.04-16.28.29:200][653]LogBlueprintUserMessages: [PHUD_C_0] ㅠㅠ
[2016.12.04-16.28.29:217][654]LogBlueprintUserMessages: [PHUD_C_0] ㅠㅠ
[2016.12.04-16.28.29:232][655]LogBlueprintUserMessages: [PHUD_C_0] ㅠㅠ
[2016.12.04-16.28.29:248][656]LogBlueprintUserMessages: [PHUD_C_0] ㅠㅠ
[2016.12.04-16.28.29:264][657]LogBlueprintUserMessages: [PHUD_C_0] ㅠㅠ
[2016.12.04-16.28.29:281][658]LogBlueprintUserMessages: [PHUD_C_0] ㅠㅠ
[2016.12.04-16.28.29:297][659]LogBlueprintUserMessages: [PHUD_C_0] ㅠㅠ
[2016.12.04-16.28.29:313][660]LogBlueprintUserMessages: [PHUD_C_0] ㅠㅠ
[2016.12.04-16.28.29:330][661]LogBlueprintUserMessages: [PHUD_C_0] ㅠㅠ
[2016.12.04-16.28.29:347][662]LogBlueprintUserMessages: [PHUD_C_0] ㅠㅠ
[2016.12.04-16.28.29:364][663]LogBlueprintUserMessages: [PHUD_C_0] ㅠㅠ
[2016.12.04-16.28.29:379][664]LogBlueprintUserMessages: [PHUD_C_0] ㅠㅠ
[2016.12.04-16.28.29:395][665]LogBlueprintUserMessages: [PHUD_C_0] ㅠㅠ
[2016.12.04-16.28.29:411][666]LogBlueprintUserMessages: [PHUD_C_0] ㅠㅠ
[2016.12.04-16.28.29:427][667]LogBlueprintUserMessages: [PHUD_C_0] ㅠㅠ
[2016.12.04-16.28.29:442][668]LogBlueprintUserMessages: [PHUD_C_0] ㅠㅠ
[2016.12.04-16.28.29:458][669]LogBlueprintUserMessages: [PHUD_C_0] ㅠㅠ
[2016.12.04-16.28.29:475][670]LogBlueprintUserMessages: [PHUD_C_0] ㅠㅠ
[2016.12.04-16.28.29:490][671]LogBlueprintUserMessages: [PHUD_C_0] ㅠㅠ
[2016.12.04-16.28.29:506][672]LogBlueprintUserMessages: [PHUD_C_0] ㅠㅠ
[2016.12.04-16.28.29:522][673]LogBlueprintUserMessages: [PHUD_C_0] ㅠㅠ
[2016.12.04-16.28.29:538][674]LogBlueprintUserMessages: [PHUD_C_0] ㅠㅠ
[2016.12.04-16.28.29:555][675]LogBlueprintUserMessages: [PHUD_C_0] ㅠㅠ
[2016.12.04-16.28.29:571][676]LogBlueprintUserMessages: [PHUD_C_0] ㅠㅠ
[2016.12.04-16.28.29:587][677]LogBlueprintUserMessages: [PHUD_C_0] ㅠㅠ
[2016.12.04-16.28.29:603][678]LogBlueprintUserMessages: [PHUD_C_0] ㅠㅠ
[2016.12.04-16.28.29:619][679]LogBlueprintUserMessages: [PHUD_C_0] ㅠㅠ
[2016.12.04-16.28.29:635][680]LogBlueprintUserMessages: [PHUD_C_0] ㅠㅠ
[2016.12.04-16.28.29:652][681]LogBlueprintUserMessages: [PHUD_C_0] ㅠㅠ
[2016.12.04-16.28.29:668][682]LogBlueprintUserMessages: [PHUD_C_0] ㅠㅠ
[2016.12.04-16.28.29:685][683]LogBlueprintUserMessages: [PHUD_C_0] ㅠㅠ
[2016.12.04-16.28.29:700][684]LogBlueprintUserMessages: [PHUD_C_0] ㅠㅠ
[2016.12.04-16.28.29:716][685]LogBlueprintUserMessages: [PHUD_C_0] ㅠㅠ
[2016.12.04-16.28.29:732][686]LogBlueprintUserMessages: [PHUD_C_0] ㅠㅠ
[2016.12.04-16.28.29:748][687]LogBlueprintUserMessages: [PHUD_C_0] ㅠㅠ
[2016.12.04-16.28.29:764][688]LogBlueprintUserMessages: [PHUD_C_0] ㅠㅠ
[2016.12.04-16.28.29:780][689]LogBlueprintUserMessages: [PHUD_C_0] ㅠㅠ
[2016.12.04-16.28.29:797][690]LogBlueprintUserMessages: [PHUD_C_0] ㅠㅠ
[2016.12.04-16.28.29:813][691]LogBlueprintUserMessages: [PHUD_C_0] ㅠㅠ
[2016.12.04-16.28.29:829][692]LogBlueprintUserMessages: [PHUD_C_0] ㅠㅠ
[2016.12.04-16.28.29:845][693]LogBlueprintUserMessages: [PHUD_C_0] ㅠㅠ
[2016.12.04-16.28.29:861][694]LogBlueprintUserMessages: [PHUD_C_0] ㅠㅠ
[2016.12.04-16.28.29:877][695]LogBlueprintUserMessages: [PHUD_C_0] ㅠㅠ
[2016.12.04-16.28.29:894][696]LogBlueprintUserMessages: [PHUD_C_0] ㅠㅠ
[2016.12.04-16.28.29:911][697]LogBlueprintUserMessages: [PHUD_C_0] ㅠㅠ
[2016.12.04-16.28.29:927][698]LogBlueprintUserMessages: [PHUD_C_0] ㅠㅠ
[2016.12.04-16.28.29:942][699]LogBlueprintUserMessages: [PHUD_C_0] ㅠㅠ
[2016.12.04-16.28.29:959][700]LogBlueprintUserMessages: [PHUD_C_0] ㅠㅠ
[2016.12.04-16.28.29:974][701]LogBlueprintUserMessages: [PHUD_C_0] ㅠㅠ
[2016.12.04-16.28.29:991][702]LogBlueprintUserMessages: [PHUD_C_0] ㅠㅠ
[2016.12.04-16.28.30:006][703]LogBlueprintUserMessages: [PHUD_C_0] ㅠㅠ
[2016.12.04-16.28.30:022][704]LogBlueprintUserMessages: [PHUD_C_0] ㅠㅠ
[2016.12.04-16.28.30:038][705]LogBlueprintUserMessages: [PHUD_C_0] ㅠㅠ
[2016.12.04-16.28.30:055][706]LogBlueprintUserMessages: [PHUD_C_0] ㅠㅠ
[2016.12.04-16.28.30:071][707]LogBlueprintUserMessages: [PHUD_C_0] ㅠㅠ
[2016.12.04-16.28.30:087][708]LogBlueprintUserMessages: [PHUD_C_0] ㅠㅠ
[2016.12.04-16.28.30:103][709]LogBlueprintUserMessages: [PHUD_C_0] ㅠㅠ
[2016.12.04-16.28.30:119][710]LogBlueprintUserMessages: [PHUD_C_0] ㅠㅠ
[2016.12.04-16.28.30:135][711]LogBlueprintUserMessages: [PHUD_C_0] ㅠㅠ
[2016.12.04-16.28.30:152][712]LogBlueprintUserMessages: [PHUD_C_0] ㅠㅠ
[2016.12.04-16.28.30:167][713]LogBlueprintUserMessages: [PHUD_C_0] ㅠㅠ
[2016.12.04-16.28.30:184][714]LogBlueprintUserMessages: [PHUD_C_0] ㅠㅠ
[2016.12.04-16.28.30:199][715]LogBlueprintUserMessages: [PHUD_C_0] ㅠㅠ
[2016.12.04-16.28.30:216][716]LogBlueprintUserMessages: [PHUD_C_0] ㅠㅠ
[2016.12.04-16.28.30:232][717]LogBlueprintUserMessages: [PHUD_C_0] ㅠㅠ
[2016.12.04-16.28.30:248][718]LogBlueprintUserMessages: [PHUD_C_0] ㅠㅠ
[2016.12.04-16.28.30:264][719]LogBlueprintUserMessages: [PHUD_C_0] ㅠㅠ
[2016.12.04-16.28.30:281][720]LogBlueprintUserMessages: [PHUD_C_0] ㅠㅠ
[2016.12.04-16.28.30:296][721]LogBlueprintUserMessages: [PHUD_C_0] ㅠㅠ
[2016.12.04-16.28.30:313][722]LogBlueprintUserMessages: [PHUD_C_0] ㅠㅠ
[2016.12.04-16.28.30:329][723]LogBlueprintUserMessages: [PHUD_C_0] ㅠㅠ
[2016.12.04-16.28.30:348][724]LogBlueprintUserMessages: [PHUD_C_0] ㅠㅠ
[2016.12.04-16.28.30:361][725]LogBlueprintUserMessages: [PHUD_C_0] ㅠㅠ
[2016.12.04-16.28.30:378][726]LogBlueprintUserMessages: [PHUD_C_0] ㅠㅠ
[2016.12.04-16.28.30:394][727]LogBlueprintUserMessages: [PHUD_C_0] ㅠㅠ
[2016.12.04-16.28.30:410][728]LogBlueprintUserMessages: [PHUD_C_0] ㅠㅠ
[2016.12.04-16.28.30:426][729]LogBlueprintUserMessages: [PHUD_C_0] ㅠㅠ
[2016.12.04-16.28.30:443][730]LogBlueprintUserMessages: [PHUD_C_0] ㅠㅠ
[2016.12.04-16.28.30:459][731]LogBlueprintUserMessages: [PHUD_C_0] ㅠㅠ
[2016.12.04-16.28.30:475][732]LogBlueprintUserMessages: [PHUD_C_0] ㅠㅠ
[2016.12.04-16.28.30:490][733]LogBlueprintUserMessages: [PHUD_C_0] ㅠㅠ
[2016.12.04-16.28.30:506][734]LogBlueprintUserMessages: [PHUD_C_0] ㅠㅠ
[2016.12.04-16.28.30:522][735]LogBlueprintUserMessages: [PHUD_C_0] ㅠㅠ
[2016.12.04-16.28.30:538][736]LogBlueprintUserMessages: [PHUD_C_0] ㅠㅠ
[2016.12.04-16.28.30:554][737]LogBlueprintUserMessages: [PHUD_C_0] ㅠㅠ
[2016.12.04-16.28.30:571][738]LogBlueprintUserMessages: [PHUD_C_0] ㅠㅠ
[2016.12.04-16.28.30:587][739]LogBlueprintUserMessages: [PHUD_C_0] ㅠㅠ
[2016.12.04-16.28.30:603][740]LogBlueprintUserMessages: [PHUD_C_0] ㅠㅠ
[2016.12.04-16.28.30:619][741]LogBlueprintUserMessages: [PHUD_C_0] ㅠㅠ
[2016.12.04-16.28.30:635][742]LogBlueprintUserMessages: [PHUD_C_0] ㅠㅠ
[2016.12.04-16.28.30:651][743]LogBlueprintUserMessages: [PHUD_C_0] ㅠㅠ
[2016.12.04-16.28.30:668][744]LogBlueprintUserMessages: [PHUD_C_0] ㅠㅠ
[2016.12.04-16.28.30:684][745]LogBlueprintUserMessages: [PHUD_C_0] ㅠㅠ
[2016.12.04-16.28.30:700][746]LogBlueprintUserMessages: [PHUD_C_0] ㅠㅠ
[2016.12.04-16.28.30:716][747]LogBlueprintUserMessages: [PHUD_C_0] ㅠㅠ
[2016.12.04-16.28.30:732][748]LogBlueprintUserMessages: [PHUD_C_0] ㅠㅠ
[2016.12.04-16.28.30:748][749]LogBlueprintUserMessages: [PHUD_C_0] ㅠㅠ
[2016.12.04-16.28.30:764][750]LogBlueprintUserMessages: [PHUD_C_0] ㅠㅠ
[2016.12.04-16.28.30:780][751]LogBlueprintUserMessages: [PHUD_C_0] ㅠㅠ
[2016.12.04-16.28.30:798][752]LogBlueprintUserMessages: [PHUD_C_0] ㅠㅠ
[2016.12.04-16.28.30:814][753]LogBlueprintUserMessages: [PHUD_C_0] ㅠㅠ
[2016.12.04-16.28.30:830][754]LogBlueprintUserMessages: [PHUD_C_0] ㅠㅠ
[2016.12.04-16.28.30:847][755]LogBlueprintUserMessages: [PHUD_C_0] ㅠㅠ
[2016.12.04-16.28.30:862][756]LogBlueprintUserMessages: [PHUD_C_0] ㅠㅠ
[2016.12.04-16.28.30:879][757]LogBlueprintUserMessages: [PHUD_C_0] ㅠㅠ
[2016.12.04-16.28.30:895][758]LogBlueprintUserMessages: [PHUD_C_0] ㅠㅠ
[2016.12.04-16.28.30:912][759]LogBlueprintUserMessages: [PHUD_C_0] ㅠㅠ
[2016.12.04-16.28.30:927][760]LogBlueprintUserMessages: [PHUD_C_0] ㅠㅠ
[2016.12.04-16.28.30:944][761]LogBlueprintUserMessages: [PHUD_C_0] ㅠㅠ
[2016.12.04-16.28.30:960][762]LogBlueprintUserMessages: [PHUD_C_0] ㅠㅠ
[2016.12.04-16.28.30:976][763]LogBlueprintUserMessages: [PHUD_C_0] ㅠㅠ
[2016.12.04-16.28.30:992][764]LogBlueprintUserMessages: [PHUD_C_0] ㅠㅠ
[2016.12.04-16.28.31:008][765]LogBlueprintUserMessages: [PHUD_C_0] ㅠㅠ
[2016.12.04-16.28.31:022][766]LogBlueprintUserMessages: [PHUD_C_0] ㅠㅠ
[2016.12.04-16.28.31:039][767]LogBlueprintUserMessages: [PHUD_C_0] ㅠㅠ
[2016.12.04-16.28.31:056][768]LogBlueprintUserMessages: [PHUD_C_0] ㅠㅠ
[2016.12.04-16.28.31:073][769]LogBlueprintUserMessages: [PHUD_C_0] ㅠㅠ
[2016.12.04-16.28.31:088][770]LogBlueprintUserMessages: [PHUD_C_0] ㅠㅠ
[2016.12.04-16.28.31:104][771]LogBlueprintUserMessages: [PHUD_C_0] ㅠㅠ
[2016.12.04-16.28.31:120][772]LogBlueprintUserMessages: [PHUD_C_0] ㅠㅠ
[2016.12.04-16.28.31:137][773]LogBlueprintUserMessages: [PHUD_C_0] ㅠㅠ
[2016.12.04-16.28.31:152][774]LogBlueprintUserMessages: [PHUD_C_0] ㅠㅠ
[2016.12.04-16.28.31:169][775]LogBlueprintUserMessages: [PHUD_C_0] ㅠㅠ
[2016.12.04-16.28.31:185][776]LogBlueprintUserMessages: [PHUD_C_0] ㅠㅠ
[2016.12.04-16.28.31:201][777]LogBlueprintUserMessages: [PHUD_C_0] ㅠㅠ
[2016.12.04-16.28.31:218][778]LogBlueprintUserMessages: [PHUD_C_0] ㅠㅠ
[2016.12.04-16.28.31:234][779]LogBlueprintUserMessages: [PHUD_C_0] ㅠㅠ
[2016.12.04-16.28.31:250][780]LogBlueprintUserMessages: [PHUD_C_0] ㅠㅠ
[2016.12.04-16.28.31:266][781]LogBlueprintUserMessages: [PHUD_C_0] ㅠㅠ
[2016.12.04-16.28.31:282][782]LogBlueprintUserMessages: [PHUD_C_0] ㅠㅠ
[2016.12.04-16.28.31:298][783]LogBlueprintUserMessages: [PHUD_C_0] ㅠㅠ
[2016.12.04-16.28.31:314][784]LogBlueprintUserMessages: [PHUD_C_0] ㅠㅠ
[2016.12.04-16.28.31:330][785]LogBlueprintUserMessages: [PHUD_C_0] ㅠㅠ
[2016.12.04-16.28.31:346][786]LogBlueprintUserMessages: [PHUD_C_0] ㅠㅠ
[2016.12.04-16.28.31:364][787]LogBlueprintUserMessages: [PHUD_C_0] ㅠㅠ
[2016.12.04-16.28.31:377][788]LogBlueprintUserMessages: [PHUD_C_0] ㅠㅠ
[2016.12.04-16.28.31:394][789]LogBlueprintUserMessages: [PHUD_C_0] ㅠㅠ
[2016.12.04-16.28.31:410][790]LogBlueprintUserMessages: [PHUD_C_0] ㅠㅠ
[2016.12.04-16.28.31:426][791]LogBlueprintUserMessages: [PHUD_C_0] ㅠㅠ
[2016.12.04-16.28.31:442][792]LogBlueprintUserMessages: [PHUD_C_0] ㅠㅠ
[2016.12.04-16.28.31:459][793]LogBlueprintUserMessages: [PHUD_C_0] ㅠㅠ
[2016.12.04-16.28.31:476][794]LogBlueprintUserMessages: [PHUD_C_0] ㅠㅠ
[2016.12.04-16.28.31:492][795]LogBlueprintUserMessages: [PHUD_C_0] ㅠㅠ
[2016.12.04-16.28.31:508][796]LogBlueprintUserMessages: [PHUD_C_0] ㅠㅠ
[2016.12.04-16.28.31:524][797]LogBlueprintUserMessages: [PHUD_C_0] ㅠㅠ
[2016.12.04-16.28.31:540][798]LogBlueprintUserMessages: [PHUD_C_0] ㅠㅠ
[2016.12.04-16.28.31:557][799]LogBlueprintUserMessages: [PHUD_C_0] ㅠㅠ
[2016.12.04-16.28.31:572][800]LogBlueprintUserMessages: [PHUD_C_0] ㅠㅠ
[2016.12.04-16.28.31:589][801]LogBlueprintUserMessages: [PHUD_C_0] ㅠㅠ
[2016.12.04-16.28.31:603][802]LogBlueprintUserMessages: [PHUD_C_0] ㅠㅠ
[2016.12.04-16.28.31:619][803]LogBlueprintUserMessages: [PHUD_C_0] ㅠㅠ
[2016.12.04-16.28.31:635][804]LogBlueprintUserMessages: [PHUD_C_0] ㅠㅠ
[2016.12.04-16.28.31:652][805]LogBlueprintUserMessages: [PHUD_C_0] ㅠㅠ
[2016.12.04-16.28.31:669][806]LogBlueprintUserMessages: [PHUD_C_0] ㅠㅠ
[2016.12.04-16.28.31:685][807]LogBlueprintUserMessages: [PHUD_C_0] ㅠㅠ
[2016.12.04-16.28.31:702][808]LogBlueprintUserMessages: [PHUD_C_0] ㅠㅠ
[2016.12.04-16.28.31:717][809]LogBlueprintUserMessages: [PHUD_C_0] ㅠㅠ
[2016.12.04-16.28.31:733][810]LogBlueprintUserMessages: [PHUD_C_0] ㅠㅠ
[2016.12.04-16.28.31:749][811]LogBlueprintUserMessages: [PHUD_C_0] ㅠㅠ
[2016.12.04-16.28.31:766][812]LogBlueprintUserMessages: [PHUD_C_0] ㅠㅠ
[2016.12.04-16.28.31:782][813]LogBlueprintUserMessages: [PHUD_C_0] ㅠㅠ
[2016.12.04-16.28.31:798][814]LogBlueprintUserMessages: [PHUD_C_0] ㅠㅠ
[2016.12.04-16.28.31:814][815]LogBlueprintUserMessages: [PHUD_C_0] ㅠㅠ
[2016.12.04-16.28.31:830][816]LogBlueprintUserMessages: [PHUD_C_0] ㅠㅠ
[2016.12.04-16.28.31:846][817]LogBlueprintUserMessages: [PHUD_C_0] ㅠㅠ
[2016.12.04-16.28.31:863][818]LogBlueprintUserMessages: [PHUD_C_0] ㅠㅠ
[2016.12.04-16.28.31:879][819]LogBlueprintUserMessages: [PHUD_C_0] ㅠㅠ
[2016.12.04-16.28.31:895][820]LogBlueprintUserMessages: [PHUD_C_0] ㅠㅠ
[2016.12.04-16.28.31:911][821]LogBlueprintUserMessages: [PHUD_C_0] ㅠㅠ
[2016.12.04-16.28.31:927][822]LogBlueprintUserMessages: [PHUD_C_0] ㅠㅠ
[2016.12.04-16.28.31:943][823]LogBlueprintUserMessages: [PHUD_C_0] ㅠㅠ
[2016.12.04-16.28.31:960][824]LogBlueprintUserMessages: [PHUD_C_0] ㅠㅠ
[2016.12.04-16.28.31:976][825]LogBlueprintUserMessages: [PHUD_C_0] ㅠㅠ
[2016.12.04-16.28.31:993][826]LogBlueprintUserMessages: [PHUD_C_0] ㅠㅠ
[2016.12.04-16.28.32:009][827]LogBlueprintUserMessages: [PHUD_C_0] ㅠㅠ
[2016.12.04-16.28.32:026][828]LogBlueprintUserMessages: [PHUD_C_0] ㅠㅠ
[2016.12.04-16.28.32:040][829]LogBlueprintUserMessages: [PHUD_C_0] ㅠㅠ
[2016.12.04-16.28.32:058][830]LogBlueprintUserMessages: [PHUD_C_0] ㅠㅠ
[2016.12.04-16.28.32:074][831]LogBlueprintUserMessages: [PHUD_C_0] ㅠㅠ
[2016.12.04-16.28.32:089][832]LogBlueprintUserMessages: [PHUD_C_0] ㅠㅠ
[2016.12.04-16.28.32:105][833]LogBlueprintUserMessages: [PHUD_C_0] ㅠㅠ
[2016.12.04-16.28.32:121][834]LogBlueprintUserMessages: [PHUD_C_0] ㅠㅠ
[2016.12.04-16.28.32:136][835]LogBlueprintUserMessages: [PHUD_C_0] ㅠㅠ
[2016.12.04-16.28.32:153][836]LogBlueprintUserMessages: [PHUD_C_0] ㅠㅠ
[2016.12.04-16.28.32:169][837]LogBlueprintUserMessages: [PHUD_C_0] ㅠㅠ
[2016.12.04-16.28.32:185][838]LogBlueprintUserMessages: [PHUD_C_0] ㅠㅠ
[2016.12.04-16.28.32:201][839]LogBlueprintUserMessages: [PHUD_C_0] ㅠㅠ
[2016.12.04-16.28.32:217][840]LogBlueprintUserMessages: [PHUD_C_0] ㅠㅠ
[2016.12.04-16.28.32:233][841]LogBlueprintUserMessages: [PHUD_C_0] ㅠㅠ
[2016.12.04-16.28.32:250][842]LogBlueprintUserMessages: [PHUD_C_0] ㅠㅠ
[2016.12.04-16.28.32:266][843]LogBlueprintUserMessages: [PHUD_C_0] ㅠㅠ
[2016.12.04-16.28.32:282][844]LogBlueprintUserMessages: [PHUD_C_0] ㅠㅠ
[2016.12.04-16.28.32:298][845]LogBlueprintUserMessages: [PHUD_C_0] ㅠㅠ
[2016.12.04-16.28.32:314][846]LogBlueprintUserMessages: [PHUD_C_0] ㅠㅠ
[2016.12.04-16.28.32:331][847]LogBlueprintUserMessages: [PHUD_C_0] ㅠㅠ
[2016.12.04-16.28.32:345][848]LogBlueprintUserMessages: [PHUD_C_0] ㅠㅠ
[2016.12.04-16.28.32:363][849]LogBlueprintUserMessages: [PHUD_C_0] ㅠㅠ
[2016.12.04-16.28.32:377][850]LogBlueprintUserMessages: [PHUD_C_0] ㅠㅠ
[2016.12.04-16.28.32:393][851]LogBlueprintUserMessages: [PHUD_C_0] ㅠㅠ
[2016.12.04-16.28.32:409][852]LogBlueprintUserMessages: [PHUD_C_0] ㅠㅠ
[2016.12.04-16.28.32:426][853]LogBlueprintUserMessages: [PHUD_C_0] ㅠㅠ
[2016.12.04-16.28.32:442][854]LogBlueprintUserMessages: [PHUD_C_0] ㅠㅠ
[2016.12.04-16.28.32:458][855]LogBlueprintUserMessages: [PHUD_C_0] ㅠㅠ
[2016.12.04-16.28.32:474][856]LogBlueprintUserMessages: [PHUD_C_0] ㅠㅠ
[2016.12.04-16.28.32:490][857]LogBlueprintUserMessages: [PHUD_C_0] ㅠㅠ
[2016.12.04-16.28.32:508][858]LogBlueprintUserMessages: [PHUD_C_0] ㅠㅠ
[2016.12.04-16.28.32:525][859]LogBlueprintUserMessages: [PHUD_C_0] ㅠㅠ
[2016.12.04-16.28.32:541][860]LogBlueprintUserMessages: [PHUD_C_0] ㅠㅠ
[2016.12.04-16.28.32:557][861]LogBlueprintUserMessages: [PHUD_C_0] ㅠㅠ
[2016.12.04-16.28.32:573][862]LogBlueprintUserMessages: [PHUD_C_0] ㅠㅠ
[2016.12.04-16.28.32:590][863]LogBlueprintUserMessages: [PHUD_C_0] ㅠㅠ
[2016.12.04-16.28.32:606][864]LogBlueprintUserMessages: [PHUD_C_0] ㅠㅠ
[2016.12.04-16.28.32:622][865]LogBlueprintUserMessages: [PHUD_C_0] ㅠㅠ
[2016.12.04-16.28.32:637][866]LogBlueprintUserMessages: [PHUD_C_0] ㅠㅠ
[2016.12.04-16.28.32:652][867]LogBlueprintUserMessages: [PHUD_C_0] ㅠㅠ
[2016.12.04-16.28.32:668][868]LogBlueprintUserMessages: [PHUD_C_0] ㅠㅠ
[2016.12.04-16.28.32:684][869]LogBlueprintUserMessages: [PHUD_C_0] ㅠㅠ
[2016.12.04-16.28.32:700][870]LogBlueprintUserMessages: [PHUD_C_0] ㅠㅠ
[2016.12.04-16.28.32:716][871]LogBlueprintUserMessages: [PHUD_C_0] ㅠㅠ
[2016.12.04-16.28.32:733][872]LogBlueprintUserMessages: [PHUD_C_0] ㅠㅠ
[2016.12.04-16.28.32:750][873]LogBlueprintUserMessages: [PHUD_C_0] ㅠㅠ
[2016.12.04-16.28.32:766][874]LogBlueprintUserMessages: [PHUD_C_0] ㅠㅠ
[2016.12.04-16.28.32:782][875]LogBlueprintUserMessages: [PHUD_C_0] ㅠㅠ
[2016.12.04-16.28.32:798][876]LogBlueprintUserMessages: [PHUD_C_0] ㅠㅠ
[2016.12.04-16.28.32:814][877]LogBlueprintUserMessages: [PHUD_C_0] ㅠㅠ
[2016.12.04-16.28.32:830][878]LogBlueprintUserMessages: [PHUD_C_0] ㅠㅠ
[2016.12.04-16.28.32:846][879]LogBlueprintUserMessages: [PHUD_C_0] ㅠㅠ
[2016.12.04-16.28.32:862][880]LogBlueprintUserMessages: [PHUD_C_0] ㅠㅠ
[2016.12.04-16.28.32:879][881]LogBlueprintUserMessages: [PHUD_C_0] ㅠㅠ
[2016.12.04-16.28.32:895][882]LogBlueprintUserMessages: [PHUD_C_0] ㅠㅠ
[2016.12.04-16.28.32:911][883]LogBlueprintUserMessages: [PHUD_C_0] ㅠㅠ
[2016.12.04-16.28.32:927][884]LogBlueprintUserMessages: [PHUD_C_0] ㅠㅠ
[2016.12.04-16.28.32:943][885]LogBlueprintUserMessages: [PHUD_C_0] ㅠㅠ
[2016.12.04-16.28.32:959][886]LogBlueprintUserMessages: [PHUD_C_0] ㅠㅠ
[2016.12.04-16.28.32:975][887]LogBlueprintUserMessages: [PHUD_C_0] ㅠㅠ
[2016.12.04-16.28.32:991][888]LogBlueprintUserMessages: [PHUD_C_0] ㅠㅠ
[2016.12.04-16.28.33:008][889]LogBlueprintUserMessages: [PHUD_C_0] ㅠㅠ
[2016.12.04-16.28.33:027][890]LogBlueprintUserMessages: [PHUD_C_0] ㅠㅠ
[2016.12.04-16.28.33:040][891]LogBlueprintUserMessages: [PHUD_C_0] ㅠㅠ
[2016.12.04-16.28.33:056][892]LogBlueprintUserMessages: [PHUD_C_0] ㅠㅠ
[2016.12.04-16.28.33:072][893]LogBlueprintUserMessages: [PHUD_C_0] ㅠㅠ
[2016.12.04-16.28.33:088][894]LogBlueprintUserMessages: [PHUD_C_0] ㅠㅠ
[2016.12.04-16.28.33:105][895]LogBlueprintUserMessages: [PHUD_C_0] ㅠㅠ
[2016.12.04-16.28.33:121][896]LogBlueprintUserMessages: [PHUD_C_0] ㅠㅠ
[2016.12.04-16.28.33:136][897]LogBlueprintUserMessages: [PHUD_C_0] ㅠㅠ
[2016.12.04-16.28.33:152][898]LogBlueprintUserMessages: [PHUD_C_0] ㅠㅠ
[2016.12.04-16.28.33:168][899]LogBlueprintUserMessages: [PHUD_C_0] ㅠㅠ
[2016.12.04-16.28.33:184][900]LogBlueprintUserMessages: [PHUD_C_0] ㅠㅠ
[2016.12.04-16.28.33:200][901]LogBlueprintUserMessages: [PHUD_C_0] ㅠㅠ
[2016.12.04-16.28.33:216][902]LogBlueprintUserMessages: [PHUD_C_0] ㅠㅠ
[2016.12.04-16.28.33:233][903]LogBlueprintUserMessages: [PHUD_C_0] ㅠㅠ
[2016.12.04-16.28.33:249][904]LogBlueprintUserMessages: [PHUD_C_0] ㅠㅠ
[2016.12.04-16.28.33:265][905]LogBlueprintUserMessages: [PHUD_C_0] ㅠㅠ
[2016.12.04-16.28.33:281][906]LogBlueprintUserMessages: [PHUD_C_0] ㅠㅠ
[2016.12.04-16.28.33:297][907]LogBlueprintUserMessages: [PHUD_C_0] ㅠㅠ
[2016.12.04-16.28.33:313][908]LogBlueprintUserMessages: [PHUD_C_0] ㅠㅠ
[2016.12.04-16.28.33:330][909]LogBlueprintUserMessages: [PHUD_C_0] ㅠㅠ
[2016.12.04-16.28.33:345][910]LogBlueprintUserMessages: [PHUD_C_0] ㅠㅠ
[2016.12.04-16.28.33:361][911]LogBlueprintUserMessages: [PHUD_C_0] ㅠㅠ
[2016.12.04-16.28.33:377][912]LogBlueprintUserMessages: [PHUD_C_0] ㅠㅠ
[2016.12.04-16.28.33:393][913]LogBlueprintUserMessages: [PHUD_C_0] ㅠㅠ
[2016.12.04-16.28.33:410][914]LogBlueprintUserMessages: [PHUD_C_0] ㅠㅠ
[2016.12.04-16.28.33:426][915]LogBlueprintUserMessages: [PHUD_C_0] ㅠㅠ
[2016.12.04-16.28.33:442][916]LogBlueprintUserMessages: [PHUD_C_0] ㅠㅠ
[2016.12.04-16.28.33:458][917]LogBlueprintUserMessages: [PHUD_C_0] ㅠㅠ
[2016.12.04-16.28.33:474][918]LogBlueprintUserMessages: [PHUD_C_0] ㅠㅠ
[2016.12.04-16.28.33:490][919]LogBlueprintUserMessages: [PHUD_C_0] ㅠㅠ
[2016.12.04-16.28.33:507][920]LogBlueprintUserMessages: [PHUD_C_0] ㅠㅠ
[2016.12.04-16.28.33:522][921]LogBlueprintUserMessages: [PHUD_C_0] ㅠㅠ
[2016.12.04-16.28.33:539][922]LogBlueprintUserMessages: [PHUD_C_0] ㅠㅠ
[2016.12.04-16.28.33:555][923]LogBlueprintUserMessages: [PHUD_C_0] ㅠㅠ
[2016.12.04-16.28.33:571][924]LogBlueprintUserMessages: [PHUD_C_0] ㅠㅠ
[2016.12.04-16.28.33:588][925]LogBlueprintUserMessages: [PHUD_C_0] ㅠㅠ
[2016.12.04-16.28.33:604][926]LogBlueprintUserMessages: [PHUD_C_0] ㅠㅠ
[2016.12.04-16.28.33:621][927]LogBlueprintUserMessages: [PHUD_C_0] ㅠㅠ
[2016.12.04-16.28.33:637][928]LogBlueprintUserMessages: [PHUD_C_0] ㅠㅠ
[2016.12.04-16.28.33:653][929]LogBlueprintUserMessages: [PHUD_C_0] ㅠㅠ
[2016.12.04-16.28.33:668][930]LogBlueprintUserMessages: [PHUD_C_0] ㅠㅠ
[2016.12.04-16.28.33:684][931]LogBlueprintUserMessages: [PHUD_C_0] ㅠㅠ
[2016.12.04-16.28.33:700][932]LogBlueprintUserMessages: [PHUD_C_0] ㅠㅠ
[2016.12.04-16.28.33:716][933]LogBlueprintUserMessages: [PHUD_C_0] ㅠㅠ
[2016.12.04-16.28.33:732][934]LogBlueprintUserMessages: [PHUD_C_0] ㅠㅠ
[2016.12.04-16.28.33:748][935]LogBlueprintUserMessages: [PHUD_C_0] ㅠㅠ
[2016.12.04-16.28.33:766][936]LogBlueprintUserMessages: [PHUD_C_0] ㅠㅠ
[2016.12.04-16.28.33:782][937]LogBlueprintUserMessages: [PHUD_C_0] ㅠㅠ
[2016.12.04-16.28.33:798][938]LogBlueprintUserMessages: [PHUD_C_0] ㅠㅠ
[2016.12.04-16.28.33:814][939]LogBlueprintUserMessages: [PHUD_C_0] ㅠㅠ
[2016.12.04-16.28.33:830][940]LogBlueprintUserMessages: [PHUD_C_0] ㅠㅠ
[2016.12.04-16.28.33:847][941]LogBlueprintUserMessages: [PHUD_C_0] ㅠㅠ
[2016.12.04-16.28.33:863][942]LogBlueprintUserMessages: [PHUD_C_0] ㅠㅠ
[2016.12.04-16.28.33:880][943]LogBlueprintUserMessages: [PHUD_C_0] ㅠㅠ
[2016.12.04-16.28.33:895][944]LogBlueprintUserMessages: [PHUD_C_0] ㅠㅠ
[2016.12.04-16.28.33:911][945]LogBlueprintUserMessages: [PHUD_C_0] ㅠㅠ
[2016.12.04-16.28.33:927][946]LogBlueprintUserMessages: [PHUD_C_0] ㅠㅠ
[2016.12.04-16.28.33:943][947]LogBlueprintUserMessages: [PHUD_C_0] ㅠㅠ
[2016.12.04-16.28.33:960][948]LogBlueprintUserMessages: [PHUD_C_0] ㅠㅠ
[2016.12.04-16.28.33:976][949]LogBlueprintUserMessages: [PHUD_C_0] ㅠㅠ
[2016.12.04-16.28.33:992][950]LogBlueprintUserMessages: [PHUD_C_0] ㅠㅠ
[2016.12.04-16.28.34:007][951]LogBlueprintUserMessages: [PHUD_C_0] ㅠㅠ
[2016.12.04-16.28.34:026][952]LogBlueprintUserMessages: [PHUD_C_0] ㅠㅠ
[2016.12.04-16.28.34:039][953]LogBlueprintUserMessages: [PHUD_C_0] ㅠㅠ
[2016.12.04-16.28.34:056][954]LogBlueprintUserMessages: [PHUD_C_0] ㅠㅠ
[2016.12.04-16.28.34:073][955]LogBlueprintUserMessages: [PHUD_C_0] ㅠㅠ
[2016.12.04-16.28.34:090][956]LogBlueprintUserMessages: [PHUD_C_0] ㅠㅠ
[2016.12.04-16.28.34:105][957]LogBlueprintUserMessages: [PHUD_C_0] ㅠㅠ
[2016.12.04-16.28.34:122][958]LogBlueprintUserMessages: [PHUD_C_0] ㅠㅠ
[2016.12.04-16.28.34:138][959]LogBlueprintUserMessages: [PHUD_C_0] ㅠㅠ
[2016.12.04-16.28.34:153][960]LogBlueprintUserMessages: [PHUD_C_0] ㅠㅠ
[2016.12.04-16.28.34:170][961]LogBlueprintUserMessages: [PHUD_C_0] ㅠㅠ
[2016.12.04-16.28.34:186][962]LogBlueprintUserMessages: [PHUD_C_0] ㅠㅠ
[2016.12.04-16.28.34:202][963]LogBlueprintUserMessages: [PHUD_C_0] ㅠㅠ
[2016.12.04-16.28.34:218][964]LogBlueprintUserMessages: [PHUD_C_0] ㅠㅠ
[2016.12.04-16.28.34:234][965]LogBlueprintUserMessages: [PHUD_C_0] ㅠㅠ
[2016.12.04-16.28.34:250][966]LogBlueprintUserMessages: [PHUD_C_0] ㅠㅠ
[2016.12.04-16.28.34:266][967]LogBlueprintUserMessages: [PHUD_C_0] ㅠㅠ
[2016.12.04-16.28.34:282][968]LogBlueprintUserMessages: [PHUD_C_0] ㅠㅠ
[2016.12.04-16.28.34:298][969]LogBlueprintUserMessages: [PHUD_C_0] ㅠㅠ
[2016.12.04-16.28.34:314][970]LogBlueprintUserMessages: [PHUD_C_0] ㅠㅠ
[2016.12.04-16.28.34:330][971]LogBlueprintUserMessages: [PHUD_C_0] ㅠㅠ
[2016.12.04-16.28.34:346][972]LogBlueprintUserMessages: [PHUD_C_0] ㅠㅠ
[2016.12.04-16.28.34:362][973]LogBlueprintUserMessages: [PHUD_C_0] ㅠㅠ
[2016.12.04-16.28.34:379][974]LogBlueprintUserMessages: [PHUD_C_0] ㅠㅠ
[2016.12.04-16.28.34:395][975]LogBlueprintUserMessages: [PHUD_C_0] ㅠㅠ
[2016.12.04-16.28.34:410][976]LogBlueprintUserMessages: [PHUD_C_0] ㅠㅠ
[2016.12.04-16.28.34:427][977]LogBlueprintUserMessages: [PHUD_C_0] ㅠㅠ
[2016.12.04-16.28.34:443][978]LogBlueprintUserMessages: [PHUD_C_0] ㅠㅠ
[2016.12.04-16.28.34:459][979]LogBlueprintUserMessages: [PHUD_C_0] ㅠㅠ
[2016.12.04-16.28.34:475][980]LogBlueprintUserMessages: [PHUD_C_0] ㅠㅠ
[2016.12.04-16.28.34:491][981]LogBlueprintUserMessages: [PHUD_C_0] ㅠㅠ
[2016.12.04-16.28.34:508][982]LogBlueprintUserMessages: [PHUD_C_0] ㅠㅠ
[2016.12.04-16.28.34:524][983]LogBlueprintUserMessages: [PHUD_C_0] ㅠㅠ
[2016.12.04-16.28.34:540][984]LogBlueprintUserMessages: [PHUD_C_0] ㅠㅠ
[2016.12.04-16.28.34:556][985]LogBlueprintUserMessages: [PHUD_C_0] ㅠㅠ
[2016.12.04-16.28.34:572][986]LogBlueprintUserMessages: [PHUD_C_0] ㅠㅠ
[2016.12.04-16.28.34:588][987]LogBlueprintUserMessages: [PHUD_C_0] ㅠㅠ
[2016.12.04-16.28.34:604][988]LogBlueprintUserMessages: [PHUD_C_0] ㅠㅠ
[2016.12.04-16.28.34:620][989]LogBlueprintUserMessages: [PHUD_C_0] ㅠㅠ
[2016.12.04-16.28.34:637][990]LogBlueprintUserMessages: [PHUD_C_0] ㅠㅠ
[2016.12.04-16.28.34:653][991]LogBlueprintUserMessages: [PHUD_C_0] ㅠㅠ
[2016.12.04-16.28.34:672][992]LogBlueprintUserMessages: [PHUD_C_0] ㅠㅠ
[2016.12.04-16.28.34:688][993]LogBlueprintUserMessages: [PHUD_C_0] ㅠㅠ
[2016.12.04-16.28.34:701][994]LogBlueprintUserMessages: [PHUD_C_0] ㅠㅠ
[2016.12.04-16.28.34:719][995]LogBlueprintUserMessages: [PHUD_C_0] ㅠㅠ
[2016.12.04-16.28.34:734][996]LogBlueprintUserMessages: [PHUD_C_0] ㅠㅠ
[2016.12.04-16.28.34:750][997]LogBlueprintUserMessages: [PHUD_C_0] ㅠㅠ
[2016.12.04-16.28.34:766][998]LogBlueprintUserMessages: [PHUD_C_0] ㅠㅠ
[2016.12.04-16.28.34:782][999]LogBlueprintUserMessages: [PHUD_C_0] ㅠㅠ
[2016.12.04-16.28.34:798][  0]LogBlueprintUserMessages: [PHUD_C_0] ㅠㅠ
[2016.12.04-16.28.34:814][  1]LogBlueprintUserMessages: [PHUD_C_0] ㅠㅠ
[2016.12.04-16.28.34:830][  2]LogBlueprintUserMessages: [PHUD_C_0] ㅠㅠ
[2016.12.04-16.28.34:846][  3]LogBlueprintUserMessages: [PHUD_C_0] ㅠㅠ
[2016.12.04-16.28.34:863][  4]LogBlueprintUserMessages: [PHUD_C_0] ㅠㅠ
[2016.12.04-16.28.34:878][  5]LogBlueprintUserMessages: [PHUD_C_0] ㅠㅠ
[2016.12.04-16.28.34:894][  6]LogBlueprintUserMessages: [PHUD_C_0] ㅠㅠ
[2016.12.04-16.28.34:910][  7]LogBlueprintUserMessages: [PHUD_C_0] ㅠㅠ
[2016.12.04-16.28.34:927][  8]LogBlueprintUserMessages: [PHUD_C_0] ㅠㅠ
[2016.12.04-16.28.34:943][  9]LogBlueprintUserMessages: [PHUD_C_0] ㅠㅠ
[2016.12.04-16.28.34:959][ 10]LogBlueprintUserMessages: [PHUD_C_0] ㅠㅠ
[2016.12.04-16.28.34:975][ 11]LogBlueprintUserMessages: [PHUD_C_0] ㅠㅠ
[2016.12.04-16.28.34:992][ 12]LogBlueprintUserMessages: [PHUD_C_0] ㅠㅠ
[2016.12.04-16.28.35:008][ 13]LogBlueprintUserMessages: [PHUD_C_0] ㅠㅠ
[2016.12.04-16.28.35:025][ 14]LogBlueprintUserMessages: [PHUD_C_0] ㅠㅠ
[2016.12.04-16.28.35:040][ 15]LogBlueprintUserMessages: [PHUD_C_0] ㅠㅠ
[2016.12.04-16.28.35:056][ 16]LogBlueprintUserMessages: [PHUD_C_0] ㅠㅠ
[2016.12.04-16.28.35:072][ 17]LogBlueprintUserMessages: [PHUD_C_0] ㅠㅠ
[2016.12.04-16.28.35:088][ 18]LogBlueprintUserMessages: [PHUD_C_0] ㅠㅠ
[2016.12.04-16.28.35:104][ 19]LogBlueprintUserMessages: [PHUD_C_0] ㅠㅠ
[2016.12.04-16.28.35:121][ 20]LogBlueprintUserMessages: [PHUD_C_0] ㅠㅠ
[2016.12.04-16.28.35:137][ 21]LogBlueprintUserMessages: [PHUD_C_0] ㅠㅠ
[2016.12.04-16.28.35:153][ 22]LogBlueprintUserMessages: [PHUD_C_0] ㅠㅠ
[2016.12.04-16.28.35:169][ 23]LogBlueprintUserMessages: [PHUD_C_0] ㅠㅠ
[2016.12.04-16.28.35:186][ 24]LogBlueprintUserMessages: [PHUD_C_0] ㅠㅠ
[2016.12.04-16.28.35:202][ 25]LogBlueprintUserMessages: [PHUD_C_0] ㅠㅠ
[2016.12.04-16.28.35:218][ 26]LogBlueprintUserMessages: [PHUD_C_0] ㅠㅠ
[2016.12.04-16.28.35:234][ 27]LogBlueprintUserMessages: [PHUD_C_0] ㅠㅠ
[2016.12.04-16.28.35:250][ 28]LogBlueprintUserMessages: [PHUD_C_0] ㅠㅠ
[2016.12.04-16.28.35:267][ 29]LogBlueprintUserMessages: [PHUD_C_0] ㅠㅠ
[2016.12.04-16.28.35:282][ 30]LogBlueprintUserMessages: [PHUD_C_0] ㅠㅠ
[2016.12.04-16.28.35:298][ 31]LogBlueprintUserMessages: [PHUD_C_0] ㅠㅠ
[2016.12.04-16.28.35:316][ 32]LogBlueprintUserMessages: [PHUD_C_0] ㅠㅠ
[2016.12.04-16.28.35:331][ 33]LogBlueprintUserMessages: [PHUD_C_0] ㅠㅠ
[2016.12.04-16.28.35:346][ 34]LogBlueprintUserMessages: [PHUD_C_0] ㅠㅠ
[2016.12.04-16.28.35:365][ 35]LogBlueprintUserMessages: [PHUD_C_0] ㅠㅠ
[2016.12.04-16.28.35:378][ 36]LogBlueprintUserMessages: [PHUD_C_0] ㅠㅠ
[2016.12.04-16.28.35:394][ 37]LogBlueprintUserMessages: [PHUD_C_0] ㅠㅠ
[2016.12.04-16.28.35:411][ 38]LogBlueprintUserMessages: [PHUD_C_0] ㅠㅠ
[2016.12.04-16.28.35:427][ 39]LogBlueprintUserMessages: [PHUD_C_0] ㅠㅠ
[2016.12.04-16.28.35:443][ 40]LogBlueprintUserMessages: [PHUD_C_0] ㅠㅠ
[2016.12.04-16.28.35:459][ 41]LogBlueprintUserMessages: [PHUD_C_0] ㅠㅠ
[2016.12.04-16.28.35:475][ 42]LogBlueprintUserMessages: [PHUD_C_0] ㅠㅠ
[2016.12.04-16.28.35:491][ 43]LogBlueprintUserMessages: [PHUD_C_0] ㅠㅠ
[2016.12.04-16.28.35:507][ 44]LogBlueprintUserMessages: [PHUD_C_0] ㅠㅠ
[2016.12.04-16.28.35:524][ 45]LogBlueprintUserMessages: [PHUD_C_0] ㅠㅠ
[2016.12.04-16.28.35:540][ 46]LogBlueprintUserMessages: [PHUD_C_0] ㅠㅠ
[2016.12.04-16.28.35:556][ 47]LogBlueprintUserMessages: [PHUD_C_0] ㅠㅠ
[2016.12.04-16.28.35:572][ 48]LogBlueprintUserMessages: [PHUD_C_0] ㅠㅠ
[2016.12.04-16.28.35:589][ 49]LogBlueprintUserMessages: [PHUD_C_0] ㅠㅠ
[2016.12.04-16.28.35:605][ 50]LogBlueprintUserMessages: [PHUD_C_0] ㅠㅠ
[2016.12.04-16.28.35:621][ 51]LogBlueprintUserMessages: [PHUD_C_0] ㅠㅠ
[2016.12.04-16.28.35:637][ 52]LogBlueprintUserMessages: [PHUD_C_0] ㅠㅠ
[2016.12.04-16.28.35:653][ 53]LogBlueprintUserMessages: [PHUD_C_0] ㅠㅠ
[2016.12.04-16.28.35:669][ 54]LogBlueprintUserMessages: [PHUD_C_0] ㅠㅠ
[2016.12.04-16.28.35:688][ 55]LogBlueprintUserMessages: [PHUD_C_0] ㅠㅠ
[2016.12.04-16.28.35:701][ 56]LogBlueprintUserMessages: [PHUD_C_0] ㅠㅠ
[2016.12.04-16.28.35:719][ 57]LogBlueprintUserMessages: [PHUD_C_0] ㅠㅠ
[2016.12.04-16.28.35:734][ 58]LogBlueprintUserMessages: [PHUD_C_0] ㅠㅠ
[2016.12.04-16.28.35:750][ 59]LogBlueprintUserMessages: [PHUD_C_0] ㅠㅠ
[2016.12.04-16.28.35:766][ 60]LogBlueprintUserMessages: [PHUD_C_0] ㅠㅠ
[2016.12.04-16.28.35:783][ 61]LogBlueprintUserMessages: [PHUD_C_0] ㅠㅠ
[2016.12.04-16.28.35:798][ 62]LogBlueprintUserMessages: [PHUD_C_0] ㅠㅠ
[2016.12.04-16.28.35:814][ 63]LogBlueprintUserMessages: [PHUD_C_0] ㅠㅠ
[2016.12.04-16.28.35:830][ 64]LogBlueprintUserMessages: [PHUD_C_0] ㅠㅠ
[2016.12.04-16.28.35:846][ 65]LogBlueprintUserMessages: [PHUD_C_0] ㅠㅠ
[2016.12.04-16.28.35:862][ 66]LogBlueprintUserMessages: [PHUD_C_0] ㅠㅠ
[2016.12.04-16.28.35:878][ 67]LogBlueprintUserMessages: [PHUD_C_0] ㅠㅠ
[2016.12.04-16.28.35:894][ 68]LogBlueprintUserMessages: [PHUD_C_0] ㅠㅠ
[2016.12.04-16.28.35:911][ 69]LogBlueprintUserMessages: [PHUD_C_0] ㅠㅠ
[2016.12.04-16.28.35:927][ 70]LogBlueprintUserMessages: [PHUD_C_0] ㅠㅠ
[2016.12.04-16.28.35:943][ 71]LogBlueprintUserMessages: [PHUD_C_0] ㅠㅠ
[2016.12.04-16.28.35:959][ 72]LogBlueprintUserMessages: [PHUD_C_0] ㅠㅠ
[2016.12.04-16.28.35:975][ 73]LogBlueprintUserMessages: [PHUD_C_0] ㅠㅠ
[2016.12.04-16.28.35:991][ 74]LogBlueprintUserMessages: [PHUD_C_0] ㅠㅠ
[2016.12.04-16.28.36:008][ 75]LogBlueprintUserMessages: [PHUD_C_0] ㅠㅠ
[2016.12.04-16.28.36:024][ 76]LogBlueprintUserMessages: [PHUD_C_0] ㅠㅠ
[2016.12.04-16.28.36:039][ 77]LogBlueprintUserMessages: [PHUD_C_0] ㅠㅠ
[2016.12.04-16.28.36:056][ 78]LogBlueprintUserMessages: [PHUD_C_0] ㅠㅠ
[2016.12.04-16.28.36:071][ 79]LogBlueprintUserMessages: [PHUD_C_0] ㅠㅠ
[2016.12.04-16.28.36:088][ 80]LogBlueprintUserMessages: [PHUD_C_0] ㅠㅠ
[2016.12.04-16.28.36:106][ 81]LogBlueprintUserMessages: [PHUD_C_0] ㅠㅠ
[2016.12.04-16.28.36:120][ 82]LogBlueprintUserMessages: [PHUD_C_0] ㅠㅠ
[2016.12.04-16.28.36:136][ 83]LogBlueprintUserMessages: [PHUD_C_0] ㅠㅠ
[2016.12.04-16.28.36:152][ 84]LogBlueprintUserMessages: [PHUD_C_0] ㅠㅠ
[2016.12.04-16.28.36:196][ 85]LogWindowsTextInputMethodSystem:Display: IME system now activated using TSF (Microsoft 입력기).
[2016.12.04-16.28.36:201][ 85]LogEngine: All Windows Closed
[2016.12.04-16.28.36:201][ 85]LogWindows: FPlatformMisc::RequestExit(0)
[2016.12.04-16.28.36:203][ 86]LogMoviePlayer: Shutting down movie player
[2016.12.04-16.28.36:232][ 86]LogNet: World NetDriver shutdown SteamNetDriver_0 [GameNetDriver]
[2016.12.04-16.28.36:232][ 86]LogNet: DestroyNamedNetDriver SteamNetDriver_0 [GameNetDriver]
[2016.12.04-16.28.36:232][ 86]LogExit: GameNetDriver SteamNetDriver_0 shut down
[2016.12.04-16.28.36:236][ 86]LogExit: Preparing to exit.
[2016.12.04-16.28.37:030][ 86]LogExit: Game engine shut down
[2016.12.04-16.28.37:172][ 86]LogObj: Freed 0b from 0 cluster array pools.
[2016.12.04-16.28.37:173][ 86]LogExit: Object subsystem successfully closed.
[2016.12.04-16.28.37:190][ 86]LogD3D11RHI: Shutdown
[2016.12.04-16.28.37:190][ 86]LogD3D11RHI: CleanupD3DDevice
[2016.12.04-16.28.37:274][ 86]LogD3D11RHI: ~FD3D11DynamicRHI
[2016.12.04-16.28.37:287][ 86]LogModuleManager: Shutting down and abandoning module SequenceRecorderSections (113)
[2016.12.04-16.28.37:287][ 86]LogModuleManager: Shutting down and abandoning module SequenceRecorder (112)
[2016.12.04-16.28.37:287][ 86]LogModuleManager: Shutting down and abandoning module AutomationController (111)
[2016.12.04-16.28.37:287][ 86]LogModuleManager: Shutting down and abandoning module AutomationWorker (110)
[2016.12.04-16.28.37:287][ 86]LogModuleManager: Shutting down and abandoning module CharacterAI (109)
[2016.12.04-16.28.37:287][ 86]LogModuleManager: Shutting down and abandoning module SessionServices (108)
[2016.12.04-16.28.37:287][ 86]LogModuleManager: Shutting down and abandoning module GameplayDebugger (107)
[2016.12.04-16.28.37:287][ 86]LogModuleManager: Shutting down and abandoning module AITestSuite (106)
[2016.12.04-16.28.37:287][ 86]LogModuleManager: Shutting down and abandoning module AIModule (105)
[2016.12.04-16.28.37:287][ 86]LogModuleManager: Shutting down and abandoning module MovieSceneCapture (104)
[2016.12.04-16.28.37:287][ 86]LogModuleManager: Shutting down and abandoning module StreamingPauseRendering (103)
[2016.12.04-16.28.37:287][ 86]LogModuleManager: Shutting down and abandoning module PortalServices (102)
[2016.12.04-16.28.37:287][ 86]LogModuleManager: Shutting down and abandoning module PortalRpc (101)
[2016.12.04-16.28.37:287][ 86]LogModuleManager: Shutting down and abandoning module MessagingRpc (100)
[2016.12.04-16.28.37:287][ 86]LogModuleManager: Shutting down and abandoning module ProfilerService (99)
[2016.12.04-16.28.37:461][ 86]LogModuleManager: Shutting down and abandoning module TaskGraph (98)
[2016.12.04-16.28.37:461][ 86]LogModuleManager: Shutting down and abandoning module SlateRemote (97)
[2016.12.04-16.28.37:461][ 86]LogModuleManager: Shutting down and abandoning module SteamVRController (96)
[2016.12.04-16.28.37:461][ 86]LogModuleManager: Shutting down and abandoning module SteamVR (95)
[2016.12.04-16.28.37:461][ 86]LogModuleManager: Shutting down and abandoning module ProceduralMeshComponent (94)
[2016.12.04-16.28.37:461][ 86]LogModuleManager: Shutting down and abandoning module OculusLibrary (93)
[2016.12.04-16.28.37:461][ 86]LogModuleManager: Shutting down and abandoning module OculusInput (92)
[2016.12.04-16.28.37:461][ 86]LogModuleManager: Shutting down and abandoning module CustomMeshComponent (91)
[2016.12.04-16.28.37:461][ 86]LogModuleManager: Shutting down and abandoning module CableComponent (90)
[2016.12.04-16.28.37:461][ 86]LogModuleManager: Shutting down and abandoning module ArchVisCharacter (89)
[2016.12.04-16.28.37:461][ 86]LogModuleManager: Shutting down and abandoning module HTML5Networking (88)
[2016.12.04-16.28.37:461][ 86]LogModuleManager: Shutting down and abandoning module DesktopPlatform (87)
[2016.12.04-16.28.37:461][ 86]LogModuleManager: Shutting down and abandoning module DirectoryWatcher (86)
[2016.12.04-16.28.37:461][ 86]LogModuleManager: Shutting down and abandoning module HotReload (85)
[2016.12.04-16.28.37:461][ 86]LogModuleManager: Shutting down and abandoning module VisualStudioSourceCodeAccess (84)
[2016.12.04-16.28.37:461][ 86]LogModuleManager: Shutting down and abandoning module UObjectPlugin (83)
[2016.12.04-16.28.37:461][ 86]LogModuleManager: Shutting down and abandoning module SubversionSourceControl (82)
[2016.12.04-16.28.37:461][ 86]LogModuleManager: Shutting down and abandoning module SourceControl (81)
[2016.12.04-16.28.37:461][ 86]LogModuleManager: Shutting down and abandoning module PerforceSourceControl (80)
[2016.12.04-16.28.37:461][ 86]LogModuleManager: Shutting down and abandoning module UdpMessaging (79)
[2016.12.04-16.28.37:561][ 86]LogModuleManager: Shutting down and abandoning module LightPropagationVolumeRuntime (78)
[2016.12.04-16.28.37:561][ 86]LogModuleManager: Shutting down and abandoning module Paper2D (77)
[2016.12.04-16.28.37:561][ 86]LogModuleManager: Shutting down and abandoning module WindowsMoviePlayer (76)
[2016.12.04-16.28.37:561][ 86]LogModuleManager: Shutting down and abandoning module Media (75)
[2016.12.04-16.28.37:561][ 86]LogModuleManager: Shutting down and abandoning module WmfMedia (74)
[2016.12.04-16.28.37:562][ 86]LogModuleManager: Shutting down and abandoning module MediaAssets (73)
[2016.12.04-16.28.37:562][ 86]LogModuleManager: Shutting down and abandoning module GameLiveStreaming (72)
[2016.12.04-16.28.37:562][ 86]LogModuleManager: Shutting down and abandoning module GameplayTagsEditor (71)
[2016.12.04-16.28.37:562][ 86]LogModuleManager: Shutting down and abandoning module OnlineBlueprintSupport (70)
[2016.12.04-16.28.37:562][ 86]LogModuleManager: Shutting down and abandoning module VREditor (69)
[2016.12.04-16.28.37:562][ 86]LogModuleManager: Shutting down and abandoning module GameplayTasksEditor (68)
[2016.12.04-16.28.37:562][ 86]LogModuleManager: Shutting down and abandoning module PropertyEditor (67)
[2016.12.04-16.28.37:562][ 86]LogModuleManager: Shutting down and abandoning module BehaviorTreeEditor (66)
[2016.12.04-16.28.37:562][ 86]LogModuleManager: Shutting down and abandoning module FunctionalTesting (65)
[2016.12.04-16.28.37:562][ 86]LogModuleManager: Shutting down and abandoning module CollisionAnalyzer (64)
[2016.12.04-16.28.37:563][ 86]LogModuleManager: Shutting down and abandoning module Sequencer (63)
[2016.12.04-16.28.37:563][ 86]LogModuleManager: Shutting down and abandoning module WorkspaceMenuStructure (62)
[2016.12.04-16.28.37:563][ 86]LogModuleManager: Shutting down and abandoning module MessageLog (61)
[2016.12.04-16.28.37:563][ 86]LogModuleManager: Shutting down and abandoning module AssetTools (60)
[2016.12.04-16.28.37:563][ 86]LogModuleManager: Shutting down and abandoning module UMGEditor (59)
[2016.12.04-16.28.37:563][ 86]LogModuleManager: Shutting down and abandoning module UMG (58)
[2016.12.04-16.28.37:563][ 86]LogModuleManager: Shutting down and abandoning module SlateReflector (57)
[2016.12.04-16.28.37:563][ 86]LogModuleManager: Shutting down and abandoning module Slate (56)
[2016.12.04-16.28.37:563][ 86]LogModuleManager: Shutting down and abandoning module EditorStyle (55)
[2016.12.04-16.28.37:567][ 86]LogModuleManager: Shutting down and abandoning module Messaging (54)
[2016.12.04-16.28.37:567][ 86]LogModuleManager: Shutting down and abandoning module SourceCodeAccess (53)
[2016.12.04-16.28.37:567][ 86]LogModuleManager: Shutting down and abandoning module HeadMountedDisplay (52)
[2016.12.04-16.28.37:567][ 86]LogModuleManager: Shutting down and abandoning module XAudio2 (51)
[2016.12.04-16.28.37:567][ 86]LogModuleManager: Shutting down and abandoning module Networking (50)
[2016.12.04-16.28.37:567][ 86]LogModuleManager: Shutting down and abandoning module Core (49)
[2016.12.04-16.28.37:567][ 86]LogModuleManager: Shutting down and abandoning module KismetCompiler (48)
[2016.12.04-16.28.37:567][ 86]LogModuleManager: Shutting down and abandoning module PhysXFormats (47)
[2016.12.04-16.28.37:567][ 86]LogModuleManager: Shutting down and abandoning module MeshUtilities (46)
[2016.12.04-16.28.37:567][ 86]LogModuleManager: Shutting down and abandoning module AssetRegistry (45)
[2016.12.04-16.28.37:567][ 86]LogModuleManager: Shutting down and abandoning module DerivedDataCache (44)
[2016.12.04-16.28.37:573][ 86]LogDerivedDataCache: Shutdown
[2016.12.04-16.28.37:573][ 86]LogModuleManager: Shutting down and abandoning module VulkanShaderFormat (43)
[2016.12.04-16.28.37:573][ 86]LogModuleManager: Shutting down and abandoning module ShaderFormatOpenGL (42)
[2016.12.04-16.28.37:573][ 86]LogModuleManager: Shutting down and abandoning module ShaderFormatD3D (41)
[2016.12.04-16.28.37:573][ 86]LogModuleManager: Shutting down and abandoning module MetalShaderFormat (40)
[2016.12.04-16.28.37:573][ 86]LogModuleManager: Shutting down and abandoning module TextureFormatUncompressed (39)
[2016.12.04-16.28.37:573][ 86]LogModuleManager: Shutting down and abandoning module TextureFormatPVR (38)
[2016.12.04-16.28.37:573][ 86]LogModuleManager: Shutting down and abandoning module TextureFormatIntelISPCTexComp (37)
[2016.12.04-16.28.37:573][ 86]LogModuleManager: Shutting down and abandoning module TextureFormatDXT (36)
[2016.12.04-16.28.37:573][ 86]LogModuleManager: Shutting down and abandoning module ImageWrapper (35)
[2016.12.04-16.28.37:573][ 86]LogModuleManager: Shutting down and abandoning module TextureFormatASTC (34)
[2016.12.04-16.28.37:573][ 86]LogModuleManager: Shutting down and abandoning module TextureFormatAndroid (33)
[2016.12.04-16.28.37:573][ 86]LogModuleManager: Shutting down and abandoning module AudioFormatOpus (32)
[2016.12.04-16.28.37:573][ 86]LogModuleManager: Shutting down and abandoning module AudioFormatOgg (31)
[2016.12.04-16.28.37:573][ 86]LogModuleManager: Shutting down and abandoning module AudioFormatADPCM (30)
[2016.12.04-16.28.37:573][ 86]LogModuleManager: Shutting down and abandoning module WindowsTargetPlatform (29)
[2016.12.04-16.28.37:573][ 86]LogModuleManager: Shutting down and abandoning module WindowsServerTargetPlatform (28)
[2016.12.04-16.28.37:573][ 86]LogModuleManager: Shutting down and abandoning module WindowsNoEditorTargetPlatform (27)
[2016.12.04-16.28.37:573][ 86]LogModuleManager: Shutting down and abandoning module WindowsClientTargetPlatform (26)
[2016.12.04-16.28.37:573][ 86]LogModuleManager: Shutting down and abandoning module TargetPlatform (25)
[2016.12.04-16.28.37:573][ 86]LogModuleManager: Shutting down and abandoning module InputCore (24)
[2016.12.04-16.28.37:573][ 86]LogModuleManager: Shutting down and abandoning module Settings (23)
[2016.12.04-16.28.37:573][ 86]LogModuleManager: Shutting down and abandoning module OnlineSubsystem (19)
[2016.12.04-16.28.37:573][ 86]LogOnline:Display: STEAM: OnlineSubsystemSteam::Shutdown()
[2016.12.04-16.28.37:610][ 86]LogOnline:Display: Unloading online subsystem: STEAM
[2016.12.04-16.28.37:610][ 86]LogOnline:Display: STEAM: OnlineSubsystemSteam::Shutdown()
[2016.12.04-16.28.37:610][ 86]LogModuleManager: Shutting down and abandoning module HTTP (18)
[2016.12.04-16.28.37:610][ 86]LogModuleManager: Shutting down and abandoning module XMPP (17)
[2016.12.04-16.28.37:610][ 86]LogModuleManager: Shutting down and abandoning module OculusRift (16)
[2016.12.04-16.28.37:610][ 86]LogModuleManager: Shutting down and abandoning module ExampleDeviceProfileSelector (15)
[2016.12.04-16.28.37:610][ 86]LogModuleManager: Shutting down and abandoning module TextureCompressor (14)
[2016.12.04-16.28.37:610][ 86]LogModuleManager: Shutting down and abandoning module ShaderCore (13)
[2016.12.04-16.28.37:610][ 86]LogModuleManager: Shutting down and abandoning module Landscape (12)
[2016.12.04-16.28.37:610][ 86]LogModuleManager: Shutting down and abandoning module SlateRHIRenderer (11)
[2016.12.04-16.28.37:614][ 86]LogModuleManager: Shutting down and abandoning module OpenGLDrv (10)
[2016.12.04-16.28.37:614][ 86]LogModuleManager: Shutting down and abandoning module D3D11RHI (9)
[2016.12.04-16.28.37:614][ 86]LogModuleManager: Shutting down and abandoning module AnimGraphRuntime (8)
[2016.12.04-16.28.37:614][ 86]LogModuleManager: Shutting down and abandoning module Renderer (7)
[2016.12.04-16.28.37:614][ 86]LogModuleManager: Shutting down and abandoning module Engine (6)
[2016.12.04-16.28.37:614][ 86]LogModuleManager: Shutting down and abandoning module CoreUObject (5)
[2016.12.04-16.28.37:614][ 86]LogModuleManager: Shutting down and abandoning module NetworkFile (4)
[2016.12.04-16.28.37:614][ 86]LogModuleManager: Shutting down and abandoning module StreamingFile (3)
[2016.12.04-16.28.37:614][ 86]LogModuleManager: Shutting down and abandoning module SandboxFile (2)
[2016.12.04-16.28.37:614][ 86]LogModuleManager: Shutting down and abandoning module PakFile (1)
[2016.12.04-16.28.37:618][ 86]LogExit: Exiting.
[2016.12.04-16.28.37:621][ 86]Log file closed, 12/05/16 01:28:37
