Log file open, 11/27/16 17:10:37
LogInit:Display: Running engine for game: UNNAMED
LogPlatformFile: Not using cached read wrapper
LogInit:Display: RandInit(-2121019620) SRandInit(-2121019618).
LogTaskGraph: Started task graph with 4 named threads and 7 total threads with 1 sets of task threads.
LogStats: Stats thread started at 0.109243
LogInit: Version: 4.12.5-3039270+++UE4+Release-4.12
LogInit: API Version: 2992821
LogInit: Net Version: 3039270
LogDevObjectVersion: Number of dev versions registered: 13
LogDevObjectVersion:   Dev-Blueprints (B0D832E4-1F89-4F0D-ACCF-7EB736FD4AA2): 3
LogDevObjectVersion:   Dev-Build (E1C64328-A22C-4D53-A36C-8E866417BD8C): 0
LogDevObjectVersion:   Dev-Core (375EC13C-06E4-48FB-B500-84F0262A717E): 1
LogDevObjectVersion:   Dev-Editor (E4B068ED-F494-42E9-A231-DA0B2E46BB41): 2
LogDevObjectVersion:   Dev-Framework (CFFC743F-43B0-4480-9391-14DF171D2073): 6
LogDevObjectVersion:   Dev-Mobile (B02B49B5-BB20-44E9-A304-32B752E40360): 0
LogDevObjectVersion:   Dev-Networking (A4E4105C-59A1-49B5-A7C5-40C4547EDFEE): 0
LogDevObjectVersion:   Dev-Online (39C831C9-5AE6-47DC-9A44-9C173E1C8E7C): 0
LogDevObjectVersion:   Dev-Physics (78F01B33-EBEA-4F98-B9B4-84EACCB95AA2): 0
LogDevObjectVersion:   Dev-Platform (6631380F-2D4D-43E0-8009-CF276956A95A): 0
LogDevObjectVersion:   Dev-Rendering (12F88B9F-8875-4AFC-A67C-D90C383ABD29): 2
LogDevObjectVersion:   Dev-Sequencer (7B5AE74C-D270-4C10-A958-57980B212A5A): 0
LogDevObjectVersion:   Dev-VR (D7296918-1DD6-4BDD-9DE2-64A83CC13884): 0
LogInit: Compiled (64-bit): Jul  6 2016 09:09:46
LogInit: Compiled with Visual C++: 19.00.23026.00
LogInit: Build Configuration: Development
LogInit: Branch Name: ++UE4+Release-4.12
LogInit: Command line:  
LogInit: Base directory: C:/Program Files (x86)/Epic Games/4.12/Engine/Binaries/Win64/
LogInit: Installed Engine Build: 1
LogInit: Using libcurl 7.41.0
LogInit:  - built for x86_64-pc-win32
LogInit:  - supports SSL with WinSSL
LogInit:  - other features:
LogInit:      CURL_VERSION_SSL
LogInit:      CURL_VERSION_IPV6
LogInit:      CURL_VERSION_ASYNCHDNS
LogInit:      CURL_VERSION_LARGEFILE
LogInit:      CURL_VERSION_IDN
LogInit:  CurlRequestOptions (configurable via config and command line):
LogInit:  - bVerifyPeer = true  - Libcurl will verify peer certificate
LogInit:  - bUseHttpProxy = false  - Libcurl will NOT use HTTP proxy
LogInit:  - bDontReuseConnections = false  - Libcurl will reuse connections
LogInit:  - CertBundlePath = nullptr  - Libcurl will use whatever was configured at build time.
LogOnline:Display: STEAM: Loading Steam SDK 1.32
LogOnline:Warning: STEAM: Steam API disabled!
LogOnline:Display: STEAM: OnlineSubsystemSteam::Shutdown()
LogInit: WinSock: version 1.1 (2.2), MaxSocks=32767, MaxUdp=65467
LogVoice:Warning: Failed to initialize voice interface
LogInit: Presizing for max 8388607 objects, including 0 objects not considered by GC, pre-allocating 0 bytes for permanent pool.
LogInit: Object subsystem initialized
[2016.11.27-08.10.38:069][  0]LogInit: Selected Device Profile: [Windows]
[2016.11.27-08.10.38:069][  0]LogInit: Applying CVar settings loaded from the selected device profile: [Windows]
[2016.11.27-08.10.38:079][  0]LogInit: Computer: DESKTOP-5I3HB32
[2016.11.27-08.10.38:079][  0]LogInit: User: jcy
[2016.11.27-08.10.38:079][  0]LogInit: CPU Page size=65536, Cores=4
[2016.11.27-08.10.38:079][  0]LogInit: High frequency timer resolution =2.533206 MHz
[2016.11.27-08.10.38:079][  0]LogMemory: Memory total: Physical=7.9GB (8GB approx)
[2016.11.27-08.10.38:079][  0]LogMemory: Platform Memory Stats for Windows
[2016.11.27-08.10.38:079][  0]LogMemory: Process Physical Memory: 193.08 MB used, 193.08 MB peak
[2016.11.27-08.10.38:080][  0]LogMemory: Process Virtual Memory: 195.56 MB used, 195.56 MB peak
[2016.11.27-08.10.38:080][  0]LogMemory: Physical Memory: 3354.45 MB used, 8113.86 MB total
[2016.11.27-08.10.38:080][  0]LogMemory: Virtual Memory: 556.81 MB used, 134217728.00 MB total
[2016.11.27-08.10.38:684][  0]LogD3D11RHI: D3D11 adapters:
[2016.11.27-08.10.39:424][  0]LogD3D11RHI:    0. 'NVIDIA GeForce GTX 960M' (Feature Level 11_0)
[2016.11.27-08.10.39:424][  0]LogD3D11RHI:       2018/0/4056 MB DedicatedVideo/DedicatedSystem/SharedSystem, Outputs:2, VendorId:0x10de
[2016.11.27-08.10.39:435][  0]LogD3D11RHI:    1. 'Intel(R) HD Graphics 4600' (Feature Level 11_0)
[2016.11.27-08.10.39:435][  0]LogD3D11RHI:       112/0/2048 MB DedicatedVideo/DedicatedSystem/SharedSystem, Outputs:0, VendorId:0x8086
[2016.11.27-08.10.39:437][  0]LogD3D11RHI:    2. 'Microsoft Basic Render Driver' (Feature Level 11_0)
[2016.11.27-08.10.39:437][  0]LogD3D11RHI:       0/0/4056 MB DedicatedVideo/DedicatedSystem/SharedSystem, Outputs:0, VendorId:0x1414
[2016.11.27-08.10.39:437][  0]LogD3D11RHI: Chosen D3D11 Adapter: 0
[2016.11.27-08.10.39:444][  0]LogD3D11RHI: Creating new Direct3DDevice
[2016.11.27-08.10.39:444][  0]LogD3D11RHI:     GPU DeviceId: 0x139b (for the marketing name, search the web for "GPU Device Id")
[2016.11.27-08.10.39:444][  0]LogWindows: EnumDisplayDevices:
[2016.11.27-08.10.39:444][  0]LogWindows:    0. 'Intel(R) HD Graphics 4600' (P:1 D:1)
[2016.11.27-08.10.39:444][  0]LogWindows:    1. 'Intel(R) HD Graphics 4600' (P:0 D:1)
[2016.11.27-08.10.39:444][  0]LogWindows:    2. 'Intel(R) HD Graphics 4600' (P:0 D:0)
[2016.11.27-08.10.39:445][  0]LogWindows: DebugString: PrimaryIsNotTheChoosenAdapter PrimaryIsNotTheChoosenAdapter PrimaryIsNotTheChoosenAdapter FoundDriverCount:0 
[2016.11.27-08.10.39:445][  0]LogD3D11RHI:     Adapter Name: NVIDIA GeForce GTX 960M
[2016.11.27-08.10.39:445][  0]LogD3D11RHI:   Driver Version: Unknown (internal:Unknown, unified:Unknown)
[2016.11.27-08.10.39:445][  0]LogD3D11RHI:      Driver Date: Unknown
[2016.11.27-08.10.39:445][  0]LogRHI: Texture pool is 1361 MB (70% of 1945 MB)
[2016.11.27-08.10.40:097][  0]LogD3D11RHI: Async texture creation enabled
[2016.11.27-08.10.40:836][  0]LogD3D11RHI: GPU Timing Frequency: 1000.000000 (Debug: 2 1)
[2016.11.27-08.10.40:836][  0]LogShaderCompilers: Guid format shader working directory is -16 characters bigger than the processId version (../../../../../../Users/jcy/Documents/GitHub/UNNAMED/UNNAMED/Intermediate/Shaders/WorkingDirectory/3808/).
[2016.11.27-08.10.40:836][  0]LogShaderCompilers: Cleaned the shader compiler working directory 'C:/Users/jcy/AppData/Local/Temp/UnrealShaderWorkingDir/C8ED41984F795F7C1755FDAD3931861E/'.
[2016.11.27-08.10.40:836][  0]LogShaderCompilers:Display: Using Local Shader Compiler.
[2016.11.27-08.10.42:418][  0]LogTemp:Display: Loaded TP AllDesktopTargetPlatform
[2016.11.27-08.10.42:433][  0]LogTemp:Display: Loaded TP WindowsClientTargetPlatform
[2016.11.27-08.10.42:448][  0]LogTemp:Display: Loaded TP WindowsNoEditorTargetPlatform
[2016.11.27-08.10.42:464][  0]LogTemp:Display: Loaded TP WindowsServerTargetPlatform
[2016.11.27-08.10.42:478][  0]LogTemp:Display: Loaded TP WindowsTargetPlatform
[2016.11.27-08.10.42:487][  0]LogTemp:Display: Loaded TP AndroidTargetPlatform
[2016.11.27-08.10.42:499][  0]LogTemp:Display: Loaded TP Android_ASTCTargetPlatform
[2016.11.27-08.10.42:510][  0]LogTemp:Display: Loaded TP Android_ATCTargetPlatform
[2016.11.27-08.10.42:520][  0]LogTemp:Display: Loaded TP Android_DXTTargetPlatform
[2016.11.27-08.10.42:532][  0]LogTemp:Display: Loaded TP Android_ETC1TargetPlatform
[2016.11.27-08.10.42:544][  0]LogTemp:Display: Loaded TP Android_ETC2TargetPlatform
[2016.11.27-08.10.42:564][  0]LogTemp:Display: Loaded TP Android_MultiTargetPlatform
[2016.11.27-08.10.42:564][  0]LogTemp:Display: Loaded TP Android_PVRTCTargetPlatform
[2016.11.27-08.10.42:565][  0]LogTemp:Display: Loaded TP HTML5TargetPlatform
[2016.11.27-08.10.42:591][  0]LogTemp:Display: Loaded TP IOSTargetPlatform
[2016.11.27-08.10.42:599][  0]LogTemp:Display: Loaded TP TVOSTargetPlatform
[2016.11.27-08.10.42:610][  0]LogTemp:Display: Loaded TP LinuxNoEditorTargetPlatform
[2016.11.27-08.10.42:618][  0]LogTemp:Display: Loaded TP LinuxServerTargetPlatform
[2016.11.27-08.10.42:630][  0]LogTemp:Display: Loaded TP LinuxTargetPlatform
[2016.11.27-08.10.42:631][  0]LogTargetPlatformManager:Display: Building Assets For Windows
[2016.11.27-08.10.42:796][  0]LogDerivedDataCache:Display: Max Cache Size: 512 MB
[2016.11.27-08.10.42:882][  0]LogDerivedDataCache: Loaded boot cache 0.09s 48MB C:/Users/jcy/AppData/Local/UnrealEngine/4.12/DerivedDataCache/Boot.ddc.
[2016.11.27-08.10.42:882][  0]LogDerivedDataCache:Display: Loaded Boot cache: C:/Users/jcy/AppData/Local/UnrealEngine/4.12/DerivedDataCache/Boot.ddc
[2016.11.27-08.10.42:882][  0]LogDerivedDataCache: FDerivedDataBackendGraph:  Pak pak cache file ../../../../../../Users/jcy/Documents/GitHub/UNNAMED/UNNAMED/DerivedDataCache/DDC.ddp not found, will not use a pak cache.
[2016.11.27-08.10.42:882][  0]LogDerivedDataCache: Unable to find inner node Pak for hierarchical cache Hierarchy.
[2016.11.27-08.10.42:882][  0]LogDerivedDataCache: FDerivedDataBackendGraph:  CompressedPak pak cache file ../../../../../../Users/jcy/Documents/GitHub/UNNAMED/UNNAMED/DerivedDataCache/Compressed.ddp not found, will not use a pak cache.
[2016.11.27-08.10.42:883][  0]LogDerivedDataCache: Unable to find inner node CompressedPak for hierarchical cache Hierarchy.
[2016.11.27-08.10.42:933][  0]LogDerivedDataCache:Display: Pak cache opened for reading ../../../Engine/DerivedDataCache/Compressed.ddp.
[2016.11.27-08.10.42:953][  0]LogDerivedDataCache: Using Local data cache path C:/Users/jcy/AppData/Local/UnrealEngine/Common/DerivedDataCache: Writable
[2016.11.27-08.10.43:293][  0]LogInit: Selected Device Profile: [Windows]
[2016.11.27-08.10.43:294][  0]LogContentStreaming: Texture pool size is 0.00 MB
[2016.11.27-08.10.43:531][  0]LogMeshUtilities: No automatic mesh reduction module available
[2016.11.27-08.10.43:531][  0]LogMeshUtilities: No automatic mesh merging module available
[2016.11.27-08.10.43:531][  0]LogMeshUtilities: No distributed automatic mesh merging module available
[2016.11.27-08.10.43:861][  0]ImportText (NetDriverDefinitions): Missing opening parenthesis: 
[2016.11.27-08.10.43:937][  0]LogAssetRegistry: FAssetRegistry took 0.0230 seconds to start up
[2016.11.27-08.10.43:971][  0]LogPackageLocalizationCache: Processed 3 localized package path(s) for 1 prioritized culture(s) in 0.024292 seconds
[2016.11.27-08.10.43:980][  0]LogUObjectArray: 28746 objects as part of root set at end of initial load.
[2016.11.27-08.10.43:980][  0]LogUObjectAllocator: 6069104 out of 0 bytes used by permanent object pool.
[2016.11.27-08.10.43:980][  0]LogUObjectArray: CloseDisregardForGC: 0/0 objects in disregard for GC pool
[2016.11.27-08.10.44:341][  0]LogSlate: SlateFontCache - WITH_FREETYPE: 1, WITH_HARFBUZZ: 1
[2016.11.27-08.10.44:341][  0]LogSlate: SlateFontCache - WITH_FREETYPE: 1, WITH_HARFBUZZ: 1
[2016.11.27-08.10.45:633][  0]LogUdpMessaging: Initializing bridge on interface 0.0.0.0:0 to multicast group 230.0.0.1:6666.
[2016.11.27-08.10.45:982][  0]SourceControl: Info Source control is disabled
[2016.11.27-08.10.45:983][  0]SourceControl: Info Source control is disabled
[2016.11.27-08.10.46:002][  0]SourceControl: Info Source control is disabled
[2016.11.27-08.10.46:022][  0]SourceControl: Info Source control is disabled
[2016.11.27-08.10.46:483][  0]LogEngine: Initializing Engine...
[2016.11.27-08.10.46:484][  0]LogHMD: SteamVR failed to initialize.  Err: 110
[2016.11.27-08.10.46:485][  0]LogHMD: SteamVR failed to initialize.  Err: 110
[2016.11.27-08.10.46:695][  0]LogAIModule: Creating AISystem for world NewWorld
[2016.11.27-08.10.46:710][  0]LogInit: XAudio2 using '머리에 거는 수화기(LG HBS500 Hands-Free)' : 1 channels at 8 kHz using 16 bits per sample (channel mask 0x4)
[2016.11.27-08.10.46:722][  0]LogAudio:Error: CreateSubmixVoice (Reverb) error: XAPO Creation Failed
[2016.11.27-08.10.46:722][  0]LogInit: FAudioDevice initialized.
[2016.11.27-08.10.46:769][  0]LogDerivedDataCache: Saved boot cache 0.05s 48MB C:/Users/jcy/AppData/Local/UnrealEngine/4.12/DerivedDataCache/Boot.ddc.
[2016.11.27-08.10.46:777][  0]LogInit: Texture streaming: Enabled
[2016.11.27-08.10.46:824][  0]LogInit: Transaction tracking system initialized
[2016.11.27-08.10.46:877][  0]BlueprintLog: New page: Editor Load
[2016.11.27-08.10.47:042][  0]LocalizationService: Info Localization service is disabled
[2016.11.27-08.10.47:164][  0]LogConsoleResponse:Display: 
[2016.11.27-08.10.47:324][  0]LogCook:Display: Max memory allowance for cook 8192mb
[2016.11.27-08.10.47:324][  0]LogCook:Display: Mobile HDR setting 1
[2016.11.27-08.10.47:555][  0]LogFileCache: Scanning file cache for directory 'C:/Users/jcy/Documents/GitHub/UNNAMED/UNNAMED/Content/' took 0.02s
[2016.11.27-08.10.47:556][  0]SourceControl: Info Source control is disabled
[2016.11.27-08.10.47:556][  0]Cmd: MAP LOAD FILE="../../../../../../Users/jcy/Documents/GitHub/UNNAMED/UNNAMED/Content/Map/Main.umap" TEMPLATE=0 SHOWPROGRESS=1 FEATURELEVEL=3
[2016.11.27-08.10.47:557][  0]LightingResults: New page: Lighting Build
[2016.11.27-08.10.47:567][  0]MapCheck: New page: Map Check
[2016.11.27-08.10.47:567][  0]LightingResults: New page: Lighting Build
[2016.11.27-08.10.47:940][  0]LogAIModule: Creating AISystem for world Main
[2016.11.27-08.10.47:942][  0]LogEditorServer: Finished looking for orphan Actors (0.000 secs)
[2016.11.27-08.10.47:945][  0]Cmd: MAP CHECKDEP NOCLEARLOG
[2016.11.27-08.10.48:047][  0]MapCheck: Info Map check complete: 0 Error(s), 0 Warning(s), took 102.41ms to complete.
[2016.11.27-08.10.48:047][  0]LogFileHelpers: Loading map 'Main' took 0.492
[2016.11.27-08.10.48:239][  0]LogCollectionManager: Loaded 1 collections in 0.004648 seconds
[2016.11.27-08.10.48:290][  0]LogFileCache: Scanning file cache for directory 'C:/Users/jcy/Documents/GitHub/UNNAMED/UNNAMED/Saved/Collections/' took 0.01s
[2016.11.27-08.10.48:290][  0]LogFileCache: Scanning file cache for directory 'C:/Users/jcy/Documents/GitHub/UNNAMED/UNNAMED/Content/Developers/jcy/Collections/' took 0.01s
[2016.11.27-08.10.48:290][  0]LogFileCache: Scanning file cache for directory 'C:/Users/jcy/Documents/GitHub/UNNAMED/UNNAMED/Content/Collections/' took 0.01s
[2016.11.27-08.10.48:290][  0]LogCollectionManager: Rebuilt the GUID cache for 1 collections in 0.000005 seconds
[2016.11.27-08.10.48:290][  0]LogCollectionManager: Rebuilt the hierarchy cache for 1 collections in 0.000000 seconds
[2016.11.27-08.10.48:302][  0]LogContentBrowser: Native class hierarchy populated in 0.0111 seconds. Added 2049 classes and 371 folders.
[2016.11.27-08.10.48:307][  0]LogStats: UGameplayTagsManager::ConstructGameplayTagTree: Construct from data asset -  0.000 s
[2016.11.27-08.10.48:307][  0]LogStats: UGameplayTagsManager::ConstructGameplayTagTree: GameplayTagTreeChangedEvent.Broadcast -  0.000 s
[2016.11.27-08.10.48:310][  0]LogContentBrowser: Native class hierarchy updated for 'GameplayTags' in 0.0025 seconds. Added 12 classes and 0 folders.
[2016.11.27-08.10.48:323][  0]LogContentBrowser: Native class hierarchy updated for 'WidgetCarousel' in 0.0004 seconds. Added 0 classes and 0 folders.
[2016.11.27-08.10.48:422][  0]LogContentBrowser: Native class hierarchy updated for 'AddContentDialog' in 0.0005 seconds. Added 0 classes and 0 folders.
[2016.11.27-08.10.48:433][  0]LogContentBrowser: Native class hierarchy updated for 'SceneOutliner' in 0.0005 seconds. Added 1 classes and 2 folders.
[2016.11.27-08.10.48:505][  0]LogCrashTracker: Crashtracker disabled due to settings.
[2016.11.27-08.10.48:515][  0]LogUObjectGlobals:Warning: Failed to find object 'Class None.'
[2016.11.27-08.10.48:553][  0]LogContentBrowser: Native class hierarchy updated for 'HierarchicalLODOutliner' in 0.0005 seconds. Added 1 classes and 2 folders.
[2016.11.27-08.10.48:553][  0]LogLoad: Full Startup: 11.93 seconds (BP compile: 0.13 seconds)
[2016.11.27-08.10.48:553][  0]LogExternalProfiler: Found external profiler: VSPerf
[2016.11.27-08.10.48:553][  0]LogExternalProfiler: Using external profiler: VSPerf
[2016.11.27-08.10.48:593][  0]LogWindowsTextInputMethodSystem:Display: IME system now activated using TSF (Microsoft 입력기).
[2016.11.27-08.10.48:599][  0]LogOcInput: OculusInput pre-init called
[2016.11.27-08.10.48:643][  0]LogContentStreaming: Texture pool size now 1000 MB
[2016.11.27-08.10.48:910][  0]LogRenderer: Reallocating scene render targets to support 1144x576 (Frame:2).
[2016.11.27-08.10.49:155][  3]LogAssetRegistry: Asset discovery search completed in 5.2405 seconds
[2016.11.27-08.10.49:155][  3]LogCollectionManager: Rebuilt the object cache for 1 collections in 0.000008 seconds (found 0 objects)
[2016.11.27-08.10.49:155][  3]LogCollectionManager: Fixed up redirectors for 1 collections in 0.000037 seconds (updated 0 objects)
[2016.11.27-08.11.17:015][471]Cmd: OBJ SAVEPACKAGE PACKAGE="/Game/Map/Main" FILE="../../../../../../Users/jcy/Documents/GitHub/UNNAMED/UNNAMED/Saved/Autosaves/Game/Map/UEDPCMain.umap" SILENT=true AUTOSAVING=true KEEPDIRTY=true
[2016.11.27-08.11.17:277][471]LogSavePackage: Save=63.29ms
[2016.11.27-08.11.17:277][471]LogSavePackage: Moving '../../../../../../Users/jcy/Documents/GitHub/UNNAMED/UNNAMED/Saved/UEDPCMain58E3C15045530AB0C310E68D4D60E0E8.tmp' to '../../../../../../Users/jcy/Documents/GitHub/UNNAMED/UNNAMED/Saved/Autosaves/Game/Map/UEDPCMain.umap'
[2016.11.27-08.11.17:279][471]LogSavePackage:Display: Finished SavePackage ../../../../../../Users/jcy/Documents/GitHub/UNNAMED/UNNAMED/Saved/Autosaves/Game/Map/UEDPCMain.umap
[2016.11.27-08.11.17:288][471]LogEditorTransaction: Undo Spawn Play From Here Start
[2016.11.27-10.36.17:592][936]LogWindowsTextInputMethodSystem:Display: IME system now activated using TSF (Microsoft 입력기).
[2016.11.27-10.36.18:696][937]Cmd: QUIT_EDITOR
[2016.11.27-10.36.19:379][937]LogExit: Preparing to exit.
[2016.11.27-10.36.32:889][937]LogExit: Editor shut down
[2016.11.27-10.36.32:890][937]LogExit: Transaction tracking system shut down
[2016.11.27-10.36.36:996][937]LogObj: Freed 0b from 0 cluster array pools.
[2016.11.27-10.36.36:997][937]LogExit: Object subsystem successfully closed.
[2016.11.27-10.36.37:322][937]LogD3D11RHI: Shutdown
[2016.11.27-10.36.37:322][937]LogD3D11RHI: CleanupD3DDevice
[2016.11.27-10.36.38:539][937]LogD3D11RHI: ~FD3D11DynamicRHI
[2016.11.27-10.36.42:335][937]LogModuleManager: Shutting down and abandoning module HierarchicalLODOutliner (216)
[2016.11.27-10.36.42:341][937]LogModuleManager: Shutting down and abandoning module CrashTracker (215)
[2016.11.27-10.36.42:341][937]LogModuleManager: Shutting down and abandoning module SceneOutliner (214)
[2016.11.27-10.36.42:353][937]LogModuleManager: Shutting down and abandoning module WidgetCarousel (213)
[2016.11.27-10.36.42:362][937]LogModuleManager: Shutting down and abandoning module AddContentDialog (212)
[2016.11.27-10.36.42:390][937]LogModuleManager: Shutting down and abandoning module GameplayTags (211)
[2016.11.27-10.36.42:390][937]LogModuleManager: Shutting down and abandoning module EditorWidgets (210)
[2016.11.27-10.36.42:390][937]LogModuleManager: Shutting down and abandoning module CollectionManager (209)
[2016.11.27-10.36.42:394][937]LogModuleManager: Shutting down and abandoning module StatsViewer (208)
[2016.11.27-10.36.42:414][937]LogModuleManager: Shutting down and abandoning module FoliageEdit (207)
[2016.11.27-10.36.42:422][937]LogModuleManager: Shutting down and abandoning module LandscapeEditor (206)
[2016.11.27-10.36.42:452][937]LogModuleManager: Shutting down and abandoning module SceneDepthPickerMode (205)
[2016.11.27-10.36.42:452][937]LogModuleManager: Shutting down and abandoning module ActorPickerMode (204)
[2016.11.27-10.36.42:452][937]LogModuleManager: Shutting down and abandoning module GeometryMode (203)
[2016.11.27-10.36.42:452][937]LogModuleManager: Shutting down and abandoning module TextureAlignMode (202)
[2016.11.27-10.36.42:452][937]LogModuleManager: Shutting down and abandoning module BspMode (201)
[2016.11.27-10.36.42:462][937]LogModuleManager: Shutting down and abandoning module HardwareSurvey (200)
[2016.11.27-10.36.42:465][937]LogModuleManager: Shutting down and abandoning module SequenceRecorderSections (199)
[2016.11.27-10.36.42:465][937]LogModuleManager: Shutting down and abandoning module SequenceRecorder (198)
[2016.11.27-10.36.42:486][937]LogModuleManager: Shutting down and abandoning module AutomationWorker (197)
[2016.11.27-10.36.42:487][937]LogModuleManager: Shutting down and abandoning module MatineeToLevelSequence (196)
[2016.11.27-10.36.42:498][937]LogModuleManager: Shutting down and abandoning module PlacementMode (195)
[2016.11.27-10.36.42:509][937]LogModuleManager: Shutting down and abandoning module LevelSequenceEditor (194)
[2016.11.27-10.36.42:553][937]LogModuleManager: Shutting down and abandoning module CharacterAI (193)
[2016.11.27-10.36.42:553][937]LogModuleManager: Shutting down and abandoning module SmartSnapping (192)
[2016.11.27-10.36.42:553][937]LogModuleManager: Shutting down and abandoning module SessionServices (191)
[2016.11.27-10.36.42:553][937]LogModuleManager: Shutting down and abandoning module ViewportSnapping (190)
[2016.11.27-10.36.42:553][937]LogModuleManager: Shutting down and abandoning module LogVisualizer (189)
[2016.11.27-10.36.42:562][937]LogModuleManager: Shutting down and abandoning module GameProjectGeneration (188)
[2016.11.27-10.36.42:577][937]LogModuleManager: Shutting down and abandoning module IntroTutorials (187)
[2016.11.27-10.36.42:585][937]LogModuleManager: Shutting down and abandoning module EditorLiveStreaming (186)
[2016.11.27-10.36.42:585][937]LogModuleManager: Shutting down and abandoning module IOSPlatformEditor (185)
[2016.11.27-10.36.42:593][937]LogModuleManager: Shutting down and abandoning module HTML5PlatformEditor (184)
[2016.11.27-10.36.42:593][937]LogModuleManager: Shutting down and abandoning module AndroidDeviceDetection (183)
[2016.11.27-10.36.42:911][937]LogModuleManager: Shutting down and abandoning module AndroidPlatformEditor (182)
[2016.11.27-10.36.42:932][937]LogModuleManager: Shutting down and abandoning module IOSRuntimeSettings (181)
[2016.11.27-10.36.42:932][937]LogModuleManager: Shutting down and abandoning module AndroidRuntimeSettings (180)
[2016.11.27-10.36.42:932][937]LogModuleManager: Shutting down and abandoning module MergeActors (179)
[2016.11.27-10.36.43:049][937]LogModuleManager: Shutting down and abandoning module SizeMap (178)
[2016.11.27-10.36.43:049][937]LogModuleManager: Shutting down and abandoning module TreeMap (177)
[2016.11.27-10.36.43:170][937]LogModuleManager: Shutting down and abandoning module ReferenceViewer (176)
[2016.11.27-10.36.43:208][937]LogModuleManager: Shutting down and abandoning module LocalizationService (175)
[2016.11.27-10.36.43:214][937]LogModuleManager: Shutting down and abandoning module LocalizationDashboard (174)
[2016.11.27-10.36.43:229][937]LogModuleManager: Shutting down and abandoning module HardwareTargeting (173)
[2016.11.27-10.36.43:239][937]LogModuleManager: Shutting down and abandoning module DeviceProfileEditor (172)
[2016.11.27-10.36.43:246][937]LogModuleManager: Shutting down and abandoning module UndoHistory (171)
[2016.11.27-10.36.43:254][937]LogModuleManager: Shutting down and abandoning module UserFeedback (170)
[2016.11.27-10.36.43:254][937]LogModuleManager: Shutting down and abandoning module XmlParser (169)
[2016.11.27-10.36.43:263][937]LogModuleManager: Shutting down and abandoning module Blutility (168)
[2016.11.27-10.36.43:271][937]LogModuleManager: Shutting down and abandoning module ProjectTargetPlatformEditor (167)
[2016.11.27-10.36.43:276][937]LogModuleManager: Shutting down and abandoning module ProjectSettingsViewer (166)
[2016.11.27-10.36.43:276][937]LogModuleManager: Shutting down and abandoning module InputBindingEditor (165)
[2016.11.27-10.36.43:293][937]LogModuleManager: Shutting down and abandoning module EditorSettingsViewer (164)
[2016.11.27-10.36.43:293][937]LogModuleManager: Shutting down and abandoning module SettingsEditor (163)
[2016.11.27-10.36.43:308][937]LogModuleManager: Shutting down and abandoning module ProjectLauncher (162)
[2016.11.27-10.36.43:326][937]LogModuleManager: Shutting down and abandoning module SessionFrontend (161)
[2016.11.27-10.36.43:345][937]LogModuleManager: Shutting down and abandoning module ProfilerClient (160)
[2016.11.27-10.36.43:367][937]LogModuleManager: Shutting down and abandoning module TargetDeviceServices (159)
[2016.11.27-10.36.43:377][937]LogModuleManager: Shutting down and abandoning module DeviceManager (158)
[2016.11.27-10.36.43:427][937]LogModuleManager: Shutting down and abandoning module AutomationController (157)
[2016.11.27-10.36.43:573][937]LogModuleManager: Shutting down and abandoning module AutomationWindow (156)
[2016.11.27-10.36.43:617][937]LogModuleManager: Shutting down and abandoning module Layers (155)
[2016.11.27-10.36.43:630][937]LogModuleManager: Shutting down and abandoning module ComponentVisualizers (154)
[2016.11.27-10.36.43:630][937]LogModuleManager: Shutting down and abandoning module DetailCustomizations (153)
[2016.11.27-10.36.43:648][937]LogModuleManager: Shutting down and abandoning module PackagesDialog (152)
[2016.11.27-10.36.43:648][937]LogModuleManager: Shutting down and abandoning module Persona (151)
[2016.11.27-10.36.43:687][937]LogModuleManager: Shutting down and abandoning module Kismet (150)
[2016.11.27-10.36.43:703][937]LogModuleManager: Shutting down and abandoning module GraphEditor (149)
[2016.11.27-10.36.43:779][937]LogModuleManager: Shutting down and abandoning module ClassViewer (148)
[2016.11.27-10.36.43:794][937]LogModuleManager: Shutting down and abandoning module Toolbox (147)
[2016.11.27-10.36.43:801][937]LogModuleManager: Shutting down and abandoning module ModuleUI (146)
[2016.11.27-10.36.43:838][937]LogModuleManager: Shutting down and abandoning module MovieSceneTools (145)
[2016.11.27-10.36.43:857][937]LogModuleManager: Shutting down and abandoning module OutputLog (144)
[2016.11.27-10.36.43:864][937]LogModuleManager: Shutting down and abandoning module GammaUI (143)
[2016.11.27-10.36.43:877][937]LogModuleManager: Shutting down and abandoning module Documentation (142)
[2016.11.27-10.36.43:878][937]LogModuleManager: Shutting down and abandoning module StreamingPauseRendering (141)
[2016.11.27-10.36.43:878][937]LogModuleManager: Shutting down and abandoning module AnalyticsET (140)
[2016.11.27-10.36.43:878][937]LogModuleManager: Shutting down and abandoning module Analytics (139)
[2016.11.27-10.36.43:878][937]LogModuleManager: Shutting down and abandoning module PortalServices (138)
[2016.11.27-10.36.43:878][937]LogModuleManager: Shutting down and abandoning module PortalRpc (137)
[2016.11.27-10.36.43:878][937]LogModuleManager: Shutting down and abandoning module MessagingRpc (136)
[2016.11.27-10.36.43:878][937]LogModuleManager: Shutting down and abandoning module GameplayDebugger (135)
[2016.11.27-10.36.43:889][937]LogModuleManager: Shutting down and abandoning module AITestSuite (134)
[2016.11.27-10.36.43:896][937]LogModuleManager: Shutting down and abandoning module AIModule (133)
[2016.11.27-10.36.43:896][937]LogModuleManager: Shutting down and abandoning module ProfilerService (132)
[2016.11.27-10.36.43:906][937]LogModuleManager: Shutting down and abandoning module TaskGraph (131)
[2016.11.27-10.36.43:915][937]LogModuleManager: Shutting down and abandoning module SlateRemote (130)
[2016.11.27-10.36.43:915][937]LogModuleManager: Shutting down and abandoning module SteamVRController (129)
[2016.11.27-10.36.43:915][937]LogModuleManager: Shutting down and abandoning module SteamVR (128)
[2016.11.27-10.36.43:915][937]LogModuleManager: Shutting down and abandoning module ProceduralMeshComponent (127)
[2016.11.27-10.36.43:915][937]LogModuleManager: Shutting down and abandoning module OculusLibrary (126)
[2016.11.27-10.36.43:915][937]LogModuleManager: Shutting down and abandoning module OculusInput (125)
[2016.11.27-10.36.43:915][937]LogModuleManager: Shutting down and abandoning module CustomMeshComponent (124)
[2016.11.27-10.36.43:915][937]LogModuleManager: Shutting down and abandoning module CableComponent (123)
[2016.11.27-10.36.43:915][937]LogModuleManager: Shutting down and abandoning module ArchVisCharacter (122)
[2016.11.27-10.36.43:915][937]LogModuleManager: Shutting down and abandoning module MediaPlayerEditor (121)
[2016.11.27-10.36.43:932][937]LogModuleManager: Shutting down and abandoning module HTML5Networking (120)
[2016.11.27-10.36.43:932][937]LogModuleManager: Shutting down and abandoning module SuperSearch (119)
[2016.11.27-10.36.43:932][937]LogModuleManager: Shutting down and abandoning module SuperSearchEditor (118)
[2016.11.27-10.36.43:932][937]LogModuleManager: Shutting down and abandoning module SpeedTreeImporter (117)
[2016.11.27-10.36.43:932][937]LogModuleManager: Shutting down and abandoning module PluginBrowser (116)
[2016.11.27-10.36.43:944][937]LogModuleManager: Shutting down and abandoning module EpicSurvey (115)
[2016.11.27-10.36.43:944][937]LogModuleManager: Shutting down and abandoning module DesktopPlatform (114)
[2016.11.27-10.36.43:952][937]LogModuleManager: Shutting down and abandoning module VisualStudioSourceCodeAccess (113)
[2016.11.27-10.36.43:963][937]LogModuleManager: Shutting down and abandoning module UObjectPlugin (112)
[2016.11.27-10.36.43:963][937]LogModuleManager: Shutting down and abandoning module SubversionSourceControl (111)
[2016.11.27-10.36.43:982][937]LogModuleManager: Shutting down and abandoning module PerforceSourceControl (110)
[2016.11.27-10.36.44:002][937]LogModuleManager: Shutting down and abandoning module SourceControl (109)
[2016.11.27-10.36.44:015][937]LogModuleManager: Shutting down and abandoning module GitSourceControl (108)
[2016.11.27-10.36.44:023][937]LogModuleManager: Shutting down and abandoning module LightPropagationVolumeEditor (107)
[2016.11.27-10.36.44:023][937]LogModuleManager: Shutting down and abandoning module PaperTiledImporter (106)
[2016.11.27-10.36.44:029][937]LogModuleManager: Shutting down and abandoning module PaperSpriteSheetImporter (105)
[2016.11.27-10.36.44:029][937]LogModuleManager: Shutting down and abandoning module MeshPaint (104)
[2016.11.27-10.36.44:039][937]LogModuleManager: Shutting down and abandoning module PixelInspectorModule (103)
[2016.11.27-10.36.44:054][937]LogModuleManager: Shutting down and abandoning module HotReload (102)
[2016.11.27-10.36.44:103][937]LogModuleManager: Shutting down and abandoning module MainFrame (101)
[2016.11.27-10.36.44:141][937]LogModuleManager: Shutting down and abandoning module LevelEditor (100)
[2016.11.27-10.36.44:153][937]LogModuleManager: Shutting down and abandoning module ContentBrowser (99)
[2016.11.27-10.36.44:155][937]LogModuleManager: Shutting down and abandoning module Paper2DEditor (98)
[2016.11.27-10.36.44:175][937]LogModuleManager: Shutting down and abandoning module UdpMessaging (97)
[2016.11.27-10.36.44:276][937]LogModuleManager: Shutting down and abandoning module LightPropagationVolumeRuntime (96)
[2016.11.27-10.36.44:276][937]LogModuleManager: Shutting down and abandoning module Paper2D (95)
[2016.11.27-10.36.44:302][937]LogModuleManager: Shutting down and abandoning module WindowsMoviePlayer (94)
[2016.11.27-10.36.44:302][937]LogModuleManager: Shutting down and abandoning module Media (93)
[2016.11.27-10.36.44:302][937]LogModuleManager: Shutting down and abandoning module WmfMedia (92)
[2016.11.27-10.36.44:310][937]LogModuleManager: Shutting down and abandoning module MediaAssets (91)
[2016.11.27-10.36.44:310][937]LogModuleManager: Shutting down and abandoning module GameLiveStreaming (90)
[2016.11.27-10.36.44:315][937]LogModuleManager: Shutting down and abandoning module GameplayTagsEditor (89)
[2016.11.27-10.36.44:315][937]LogModuleManager: Shutting down and abandoning module OnlineBlueprintSupport (88)
[2016.11.27-10.36.44:315][937]LogModuleManager: Shutting down and abandoning module VREditor (87)
[2016.11.27-10.36.44:324][937]LogModuleManager: Shutting down and abandoning module GameplayTasksEditor (86)
[2016.11.27-10.36.44:324][937]LogModuleManager: Shutting down and abandoning module PropertyEditor (85)
[2016.11.27-10.36.44:325][937]LogModuleManager: Shutting down and abandoning module BehaviorTreeEditor (84)
[2016.11.27-10.36.44:357][937]LogModuleManager: Shutting down and abandoning module FunctionalTesting (83)
[2016.11.27-10.36.44:357][937]LogModuleManager: Shutting down and abandoning module CollisionAnalyzer (82)
[2016.11.27-10.36.44:368][937]LogModuleManager: Shutting down and abandoning module Sequencer (81)
[2016.11.27-10.36.44:399][937]LogModuleManager: Shutting down and abandoning module WorkspaceMenuStructure (80)
[2016.11.27-10.36.44:399][937]LogModuleManager: Shutting down and abandoning module MessageLog (79)
[2016.11.27-10.36.44:408][937]LogModuleManager: Shutting down and abandoning module AssetTools (78)
[2016.11.27-10.36.44:428][937]LogModuleManager: Shutting down and abandoning module UMGEditor (77)
[2016.11.27-10.36.44:455][937]LogModuleManager: Shutting down and abandoning module UMG (76)
[2016.11.27-10.36.44:485][937]LogModuleManager: Shutting down and abandoning module SlateReflector (75)
[2016.11.27-10.36.44:514][937]LogModuleManager: Shutting down and abandoning module Slate (74)
[2016.11.27-10.36.44:514][937]LogModuleManager: Shutting down and abandoning module EditorStyle (73)
[2016.11.27-10.36.44:523][937]LogModuleManager: Shutting down and abandoning module SourceCodeAccess (72)
[2016.11.27-10.36.44:523][937]LogModuleManager: Shutting down and abandoning module HeadMountedDisplay (71)
[2016.11.27-10.36.44:523][937]LogModuleManager: Shutting down and abandoning module XAudio2 (70)
[2016.11.27-10.36.44:523][937]LogModuleManager: Shutting down and abandoning module Networking (69)
[2016.11.27-10.36.44:523][937]LogModuleManager: Shutting down and abandoning module Core (68)
[2016.11.27-10.36.44:523][937]LogModuleManager: Shutting down and abandoning module DirectoryWatcher (67)
[2016.11.27-10.36.44:529][937]LogModuleManager: Shutting down and abandoning module AssetRegistry (66)
[2016.11.27-10.36.45:077][937]LogModuleManager: Shutting down and abandoning module KismetCompiler (65)
[2016.11.27-10.36.45:077][937]LogModuleManager: Shutting down and abandoning module PhysXFormats (64)
[2016.11.27-10.36.45:424][937]LogModuleManager: Shutting down and abandoning module MeshUtilities (63)
[2016.11.27-10.36.45:559][937]LogModuleManager: Shutting down and abandoning module DerivedDataCache (62)
[2016.11.27-10.36.45:683][937]LogDerivedDataCache: Shutdown
[2016.11.27-10.36.45:683][937]LogModuleManager: Shutting down and abandoning module VulkanShaderFormat (61)
[2016.11.27-10.36.45:694][937]LogModuleManager: Shutting down and abandoning module ShaderFormatOpenGL (60)
[2016.11.27-10.36.45:713][937]LogModuleManager: Shutting down and abandoning module ShaderFormatD3D (59)
[2016.11.27-10.36.46:027][937]LogModuleManager: Shutting down and abandoning module MetalShaderFormat (58)
[2016.11.27-10.36.46:760][937]LogModuleManager: Shutting down and abandoning module TextureFormatUncompressed (57)
[2016.11.27-10.36.46:760][937]LogModuleManager: Shutting down and abandoning module TextureFormatPVR (56)
[2016.11.27-10.36.46:766][937]LogModuleManager: Shutting down and abandoning module TextureFormatIntelISPCTexComp (55)
[2016.11.27-10.36.46:823][937]LogModuleManager: Shutting down and abandoning module TextureFormatDXT (54)
[2016.11.27-10.36.46:842][937]LogModuleManager: Shutting down and abandoning module ImageWrapper (53)
[2016.11.27-10.36.46:842][937]LogModuleManager: Shutting down and abandoning module TextureFormatASTC (52)
[2016.11.27-10.36.46:842][937]LogModuleManager: Shutting down and abandoning module TextureFormatAndroid (51)
[2016.11.27-10.36.46:842][937]LogModuleManager: Shutting down and abandoning module AudioFormatOpus (50)
[2016.11.27-10.36.46:855][937]LogModuleManager: Shutting down and abandoning module AudioFormatOgg (49)
[2016.11.27-10.36.46:872][937]LogModuleManager: Shutting down and abandoning module AudioFormatADPCM (48)
[2016.11.27-10.36.46:883][937]LogModuleManager: Shutting down and abandoning module LinuxTargetPlatform (47)
[2016.11.27-10.36.46:883][937]LogModuleManager: Shutting down and abandoning module LinuxServerTargetPlatform (46)
[2016.11.27-10.36.46:895][937]LogModuleManager: Shutting down and abandoning module LinuxNoEditorTargetPlatform (45)
[2016.11.27-10.36.46:906][937]LogModuleManager: Shutting down and abandoning module TVOSTargetPlatform (44)
[2016.11.27-10.36.46:907][937]LogModuleManager: Shutting down and abandoning module Messaging (43)
[2016.11.27-10.36.46:907][937]LogModuleManager: Shutting down and abandoning module IOSTargetPlatform (42)
[2016.11.27-10.36.46:907][937]LogModuleManager: Shutting down and abandoning module HTML5TargetPlatform (41)
[2016.11.27-10.36.46:907][937]LogModuleManager: Shutting down and abandoning module Android_PVRTCTargetPlatform (40)
[2016.11.27-10.36.46:907][937]LogModuleManager: Shutting down and abandoning module Android_MultiTargetPlatform (39)
[2016.11.27-10.36.46:914][937]LogModuleManager: Shutting down and abandoning module Android_ETC2TargetPlatform (38)
[2016.11.27-10.36.46:914][937]LogModuleManager: Shutting down and abandoning module Android_ETC1TargetPlatform (37)
[2016.11.27-10.36.46:914][937]LogModuleManager: Shutting down and abandoning module Android_DXTTargetPlatform (36)
[2016.11.27-10.36.46:914][937]LogModuleManager: Shutting down and abandoning module Android_ATCTargetPlatform (35)
[2016.11.27-10.36.46:914][937]LogModuleManager: Shutting down and abandoning module Android_ASTCTargetPlatform (34)
[2016.11.27-10.36.46:914][937]LogModuleManager: Shutting down and abandoning module AndroidTargetPlatform (33)
[2016.11.27-10.36.46:914][937]LogModuleManager: Shutting down and abandoning module WindowsTargetPlatform (32)
[2016.11.27-10.36.46:915][937]LogModuleManager: Shutting down and abandoning module WindowsServerTargetPlatform (31)
[2016.11.27-10.36.46:925][937]LogModuleManager: Shutting down and abandoning module WindowsNoEditorTargetPlatform (30)
[2016.11.27-10.36.46:929][937]LogModuleManager: Shutting down and abandoning module WindowsClientTargetPlatform (29)
[2016.11.27-10.36.46:938][937]LogModuleManager: Shutting down and abandoning module AllDesktopTargetPlatform (28)
[2016.11.27-10.36.46:939][937]LogModuleManager: Shutting down and abandoning module TargetPlatform (27)
[2016.11.27-10.36.46:944][937]LogModuleManager: Shutting down and abandoning module InputCore (26)
[2016.11.27-10.36.46:944][937]LogModuleManager: Shutting down and abandoning module Settings (25)
[2016.11.27-10.36.46:944][937]LogModuleManager: Shutting down and abandoning module Voice (23)
[2016.11.27-10.36.46:951][937]LogModuleManager: Shutting down and abandoning module OnlineSubsystem (19)
[2016.11.27-10.36.46:964][937]LogOnline:Display: NULL: FOnlineSubsystemNull::Shutdown()
[2016.11.27-10.36.46:996][937]LogOnline:Display: Unloading online subsystem: STEAM
[2016.11.27-10.36.47:034][937]LogOnline:Display: Unloading online subsystem: NULL
[2016.11.27-10.36.47:034][937]LogModuleManager: Shutting down and abandoning module HTTP (18)
[2016.11.27-10.36.51:543][937]LogModuleManager: Shutting down and abandoning module XMPP (17)
[2016.11.27-10.36.51:559][937]LogModuleManager: Shutting down and abandoning module OculusRift (16)
[2016.11.27-10.36.51:569][937]LogModuleManager: Shutting down and abandoning module ExampleDeviceProfileSelector (15)
[2016.11.27-10.36.51:569][937]LogModuleManager: Shutting down and abandoning module TextureCompressor (14)
[2016.11.27-10.36.51:581][937]LogModuleManager: Shutting down and abandoning module ShaderCore (13)
[2016.11.27-10.36.51:581][937]LogModuleManager: Shutting down and abandoning module Landscape (12)
[2016.11.27-10.36.51:581][937]LogModuleManager: Shutting down and abandoning module SlateRHIRenderer (11)
[2016.11.27-10.36.51:629][937]LogModuleManager: Shutting down and abandoning module OpenGLDrv (10)
[2016.11.27-10.36.51:639][937]LogModuleManager: Shutting down and abandoning module D3D11RHI (9)
[2016.11.27-10.36.51:639][937]LogModuleManager: Shutting down and abandoning module AnimGraphRuntime (8)
[2016.11.27-10.36.51:651][937]LogModuleManager: Shutting down and abandoning module Renderer (7)
[2016.11.27-10.36.51:651][937]LogModuleManager: Shutting down and abandoning module Engine (6)
[2016.11.27-10.36.51:651][937]LogModuleManager: Shutting down and abandoning module CoreUObject (5)
[2016.11.27-10.36.51:651][937]LogModuleManager: Shutting down and abandoning module NetworkFile (4)
[2016.11.27-10.36.51:661][937]LogModuleManager: Shutting down and abandoning module StreamingFile (3)
[2016.11.27-10.36.51:671][937]LogModuleManager: Shutting down and abandoning module SandboxFile (2)
[2016.11.27-10.36.51:676][937]LogModuleManager: Shutting down and abandoning module PakFile (1)
[2016.11.27-10.36.51:719][937]LogExit: Exiting.
[2016.11.27-10.36.51:743][937]Log file closed, 11/27/16 19:36:51
