Log file open, 12/24/17 23:44:07
LogInit:Display: Running engine for game: UNNAMED
LogPlatformFile: Not using cached read wrapper
LogInit:Display: RandInit(-1081101638) SRandInit(-1081101637).
LogTaskGraph: Started task graph with 5 named threads and 8 total threads with 1 sets of task threads.
LogStats: Stats thread started at 0.131283
LogInit: Using libcurl 7.47.1
LogInit:  - built for x86_64-pc-win32
LogInit:  - supports SSL with OpenSSL/1.0.2g
LogInit:  - supports HTTP deflate (compression) using libz 1.2.8
LogInit:  - other features:
LogInit:      CURL_VERSION_SSL
LogInit:      CURL_VERSION_LIBZ
LogInit:      CURL_VERSION_IPV6
LogInit:      CURL_VERSION_ASYNCHDNS
LogInit:      CURL_VERSION_LARGEFILE
LogInit:      CURL_VERSION_IDN
LogInit:  CurlRequestOptions (configurable via config and command line):
LogInit:  - bVerifyPeer = false  - Libcurl will NOT verify peer certificate
LogInit:  - bUseHttpProxy = false  - Libcurl will NOT use HTTP proxy
LogInit:  - bDontReuseConnections = false  - Libcurl will reuse connections
LogInit:  - CertBundlePath = nullptr  - Libcurl will use whatever was configured at build time.
LogOnline:Display: STEAM: Loading Steam SDK 1.32
LogOnline:Warning: STEAM: Steam API disabled!
LogOnline:Display: STEAM: OnlineSubsystemSteam::Shutdown()
LogInit: WinSock: version 1.1 (2.2), MaxSocks=32767, MaxUdp=65467
LogInit: Build: ++UE4+Release-4.15-CL-3450819
LogInit: Engine Version: 4.15.3-3450819+++UE4+Release-4.15
LogInit: Compatible Engine Version: 4.15.0-3299760+++UE4+Release-4.15
LogInit: Net CL: 3299760
LogDevObjectVersion: Number of dev versions registered: 14
LogDevObjectVersion:   Dev-Blueprints (B0D832E4-1F89-4F0D-ACCF-7EB736FD4AA2): 8
LogDevObjectVersion:   Dev-Build (E1C64328-A22C-4D53-A36C-8E866417BD8C): 0
LogDevObjectVersion:   Dev-Core (375EC13C-06E4-48FB-B500-84F0262A717E): 2
LogDevObjectVersion:   Dev-Editor (E4B068ED-F494-42E9-A231-DA0B2E46BB41): 14
LogDevObjectVersion:   Dev-Framework (CFFC743F-43B0-4480-9391-14DF171D2073): 22
LogDevObjectVersion:   Dev-Mobile (B02B49B5-BB20-44E9-A304-32B752E40360): 0
LogDevObjectVersion:   Dev-Networking (A4E4105C-59A1-49B5-A7C5-40C4547EDFEE): 0
LogDevObjectVersion:   Dev-Online (39C831C9-5AE6-47DC-9A44-9C173E1C8E7C): 0
LogDevObjectVersion:   Dev-Physics (78F01B33-EBEA-4F98-B9B4-84EACCB95AA2): 0
LogDevObjectVersion:   Dev-Platform (6631380F-2D4D-43E0-8009-CF276956A95A): 0
LogDevObjectVersion:   Dev-Rendering (12F88B9F-8875-4AFC-A67C-D90C383ABD29): 12
LogDevObjectVersion:   Dev-Sequencer (7B5AE74C-D270-4C10-A958-57980B212A5A): 3
LogDevObjectVersion:   Dev-VR (D7296918-1DD6-4BDD-9DE2-64A83CC13884): 0
LogDevObjectVersion:   Dev-LoadTimes (C2A15278-BFE7-4AFE-6C17-90FF531DF755): 1
LogInit: Compiled (64-bit): May 21 2017 11:02:34
LogInit: Compiled with Visual C++: 19.00.23026.00
LogInit: Build Configuration: Development
LogInit: Branch Name: ++UE4+Release-4.15
LogInit: Command line:  
LogInit: Base directory: C:/Program Files/Epic Games/UE_4.15/Engine/Binaries/Win64/
LogInit: Installed Engine Build: 1
LogInit: Presizing for max 8388607 objects, including 0 objects not considered by GC, pre-allocating 0 bytes for permanent pool.
LogInit: Object subsystem initialized
[2017.12.24-14.44.09:187][  0]LogInit: Selected Device Profile: [Windows]
[2017.12.24-14.44.09:187][  0]LogInit: Applying CVar settings loaded from the selected device profile: [Windows]
[2017.12.24-14.44.09:210][  0]LogInit: Computer: DESKTOP-F27I5IQ
[2017.12.24-14.44.09:210][  0]LogInit: User: duck2
[2017.12.24-14.44.09:210][  0]LogInit: CPU Page size=65536, Cores=4
[2017.12.24-14.44.09:210][  0]LogInit: High frequency timer resolution =3.117780 MHz
[2017.12.24-14.44.09:211][  0]LogMemory: Memory total: Physical=19.9GB (20GB approx)
[2017.12.24-14.44.09:211][  0]LogMemory: Platform Memory Stats for Windows
[2017.12.24-14.44.09:211][  0]LogMemory: Process Physical Memory: 269.53 MB used, 269.53 MB peak
[2017.12.24-14.44.09:211][  0]LogMemory: Process Virtual Memory: 262.76 MB used, 262.76 MB peak
[2017.12.24-14.44.09:211][  0]LogMemory: Physical Memory: 6011.21 MB used,  14368.93 MB free, 20380.15 MB total
[2017.12.24-14.44.09:211][  0]LogMemory: Virtual Memory: 666.44 MB used,  14368.93 MB free, 134217728.00 MB total
[2017.12.24-14.44.09:470][  0]LogTextLocalizationManager: No specific translations for ('ko-KR') exist, so ('ko') translations will be used.
[2017.12.24-14.44.09:553][  0]LogTextLocalizationManager:Warning: Loaded localization resources contain conflicting entries for (Namespace:KismetSchema, Key:Default):
Localization Resource: (C:/Program Files/Epic Games/UE_4.15/Engine/Content/Localization/EditorTutorials/ko/EditorTutorials.locres) Source String Hash: (940523119) Localized String: (디폴트)
Localization Resource: (C:/Program Files/Epic Games/UE_4.15/Engine/Content/Localization/Engine/ko/Engine.locres) Source String Hash: (940523119) Localized String: (기본)
[2017.12.24-14.44.09:554][  0]LogTextLocalizationManager:Warning: Loaded localization resources contain conflicting entries for (Namespace:UObjectToolTips, Key:AnimNode_AssetPlayerBase:InternalTimeAccumulator):
Localization Resource: (C:/Program Files/Epic Games/UE_4.15/Engine/Content/Localization/EditorTutorials/ko/EditorTutorials.locres) Source String Hash: (502993589) Localized String: (이 노드에서 애셋을 레퍼런싱하는 데 사용되는 누적 시간입니다.)
Localization Resource: (C:/Program Files/Epic Games/UE_4.15/Engine/Content/Localization/ToolTips/ko/ToolTips.locres) Source String Hash: (502993589) Localized String: (내부 시간 누산기 - 이 노드에서 애셋을 레퍼런싱하는 데 사용된 누적 시간입니다.)
Localization Resource: (C:/Program Files/Epic Games/UE_4.15/Engine/Content/Localization/Engine/ko/Engine.locres) Source String Hash: (502993589) Localized String: (이 노드에서 애셋을 레퍼런싱하는 데 사용된 누적 시간입니다.)
[2017.12.24-14.44.09:554][  0]LogTextLocalizationManager:Warning: Loaded localization resources contain conflicting entries for (Namespace:UObjectToolTips, Key:AnimNode_AssetPlayerBase:bIgnoreForRelevancyTest):
Localization Resource: (C:/Program Files/Epic Games/UE_4.15/Engine/Content/Localization/EditorTutorials/ko/EditorTutorials.locres) Source String Hash: (319969718) Localized String: (True 면, 스테이트에서 최고 가중치 애니메이션을 찾는 "Relevant anim" 노드는 이 노드를 무시합니다.
 )
Localization Resource: (C:/Program Files/Epic Games/UE_4.15/Engine/Content/Localization/ToolTips/ko/ToolTips.locres) Source String Hash: (319969718) Localized String: (연관성 테스트에 무시 - true 인 경우 스테이트 내 최고 웨이팅된 애니메이션을 찾는 "Relevant anim" (연관 애님) 노드가
이 노드를 무시합니다.)
Localization Resource: (C:/Program Files/Epic Games/UE_4.15/Engine/Content/Localization/Engine/ko/Engine.locres) Source String Hash: (319969718) Localized String: (True 면 스테이트 내 최고 웨이팅된 애니메이션을 찾는 "Relevant anim" 노드가 무시됩니다.
 )
[2017.12.24-14.44.09:554][  0]LogTextLocalizationManager:Warning: Loaded localization resources contain conflicting entries for (Namespace:UObjectToolTips, Key:AnimNode_AssetPlayerBase:BlendWeight):
Localization Resource: (C:/Program Files/Epic Games/UE_4.15/Engine/Content/Localization/EditorTutorials/ko/EditorTutorials.locres) Source String Hash: (-1232800293) Localized String: (이 노드에 마지막 걸린 블렌드웨이트 입니다.)
Localization Resource: (C:/Program Files/Epic Games/UE_4.15/Engine/Content/Localization/ToolTips/ko/ToolTips.locres) Source String Hash: (-1232800293) Localized String: (블렌드 웨이트 - 이 노드에 대해 마지막으로 접한 블렌드 웨이트입니다.)
Localization Resource: (C:/Program Files/Epic Games/UE_4.15/Engine/Content/Localization/Engine/ko/Engine.locres) Source String Hash: (-1232800293) Localized String: (이 노드에 대해 마지막 접한 블렌드 웨이트)
[2017.12.24-14.44.09:554][  0]LogTextLocalizationManager:Warning: Loaded localization resources contain conflicting entries for (Namespace:UObjectToolTips, Key:AnimNode_BlendSpacePlayer:bLoop):
Localization Resource: (C:/Program Files/Epic Games/UE_4.15/Engine/Content/Localization/EditorTutorials/ko/EditorTutorials.locres) Source String Hash: (2133979316) Localized String: (애니메이션이 끝까지 재생되면 반복할까요?)
Localization Resource: (C:/Program Files/Epic Games/UE_4.15/Engine/Content/Localization/ToolTips/ko/ToolTips.locres) Source String Hash: (2133979316) Localized String: (루프 - 애니메이션이 끝에 도달했을 때 계속 반복할까요?)
[2017.12.24-14.44.09:554][  0]LogTextLocalizationManager:Warning: Loaded localization resources contain conflicting entries for (Namespace:UObjectToolTips, Key:AnimNode_StateMachine:bSkipFirstUpdateTransition):
Localization Resource: (C:/Program Files/Epic Games/UE_4.15/Engine/Content/Localization/EditorTutorials/ko/EditorTutorials.locres) Source String Hash: (1865475011) Localized String: (첫 업데이트시 도입 상태에서의 트랜지션을 건너뛸까요? 
기본은 true 로, 첫 업데이트시에는 트랜지션 데이터를 버립니다.)
Localization Resource: (C:/Program Files/Epic Games/UE_4.15/Engine/Content/Localization/ToolTips/ko/ToolTips.locres) Source String Hash: (1865475011) Localized String: (첫 번째 업데이트 트랜지션 건너뛰기 - 첫 번째 업데이트에서 입력 스테이트의 트랜지션을 건너뜁니까?
디폴트는 true 고 첫 번째 업데이트의 트랜지션 데이터를 버립니다.)
[2017.12.24-14.44.09:554][  0]LogTextLocalizationManager:Warning: Loaded localization resources contain conflicting entries for (Namespace:UObjectToolTips, Key:AnimNode_BlendSpacePlayer:X):
Localization Resource: (C:/Program Files/Epic Games/UE_4.15/Engine/Content/Localization/EditorTutorials/ko/EditorTutorials.locres) Source String Hash: (2060772590) Localized String: (블렌드스페이스에서 샘플링할 X 좌표입니다.)
Localization Resource: (C:/Program Files/Epic Games/UE_4.15/Engine/Content/Localization/ToolTips/ko/ToolTips.locres) Source String Hash: (2060772590) Localized String: (X - 블렌드스페이스 샘플의 X 좌표입니다.)
[2017.12.24-14.44.09:554][  0]LogTextLocalizationManager:Warning: Loaded localization resources contain conflicting entries for (Namespace:UObjectToolTips, Key:AnimNode_BlendSpacePlayer:Y):
Localization Resource: (C:/Program Files/Epic Games/UE_4.15/Engine/Content/Localization/EditorTutorials/ko/EditorTutorials.locres) Source String Hash: (-1719607538) Localized String: (블렌드스페이스에서 샘플링할 Y 좌표입니다.)
Localization Resource: (C:/Program Files/Epic Games/UE_4.15/Engine/Content/Localization/ToolTips/ko/ToolTips.locres) Source String Hash: (-1719607538) Localized String: (Y - 블렌드스페이스 샘플의 Y 좌표입니다.)
[2017.12.24-14.44.09:554][  0]LogTextLocalizationManager:Warning: Loaded localization resources contain conflicting entries for (Namespace:UObjectToolTips, Key:AnimNode_BlendSpacePlayer:Z):
Localization Resource: (C:/Program Files/Epic Games/UE_4.15/Engine/Content/Localization/EditorTutorials/ko/EditorTutorials.locres) Source String Hash: (1728943471) Localized String: (블렌드스페이스에서 샘플링할 Z 좌표입니다.)
Localization Resource: (C:/Program Files/Epic Games/UE_4.15/Engine/Content/Localization/ToolTips/ko/ToolTips.locres) Source String Hash: (1728943471) Localized String: (Z - 블렌드스페이스 샘플의 Z 좌표입니다.)
[2017.12.24-14.44.09:554][  0]LogTextLocalizationManager:Warning: Loaded localization resources contain conflicting entries for (Namespace:UObjectToolTips, Key:AnimNode_BlendSpacePlayer:BlendSpace):
Localization Resource: (C:/Program Files/Epic Games/UE_4.15/Engine/Content/Localization/EditorTutorials/ko/EditorTutorials.locres) Source String Hash: (1599043277) Localized String: (재생할 블렌드스페이스 애셋입니다.)
Localization Resource: (C:/Program Files/Epic Games/UE_4.15/Engine/Content/Localization/ToolTips/ko/ToolTips.locres) Source String Hash: (1599043277) Localized String: (블렌드스페이스 - 재생할 블렌드스페이스 애셋입니다.)
[2017.12.24-14.44.09:554][  0]LogTextLocalizationManager:Warning: Loaded localization resources contain conflicting entries for (Namespace:UObjectToolTips, Key:AnimNode_StateMachine:MaxTransitionsPerFrame):
Localization Resource: (C:/Program Files/Epic Games/UE_4.15/Engine/Content/Localization/EditorTutorials/ko/EditorTutorials.locres) Source String Hash: (1567650430) Localized String: (이 머신에서 한 프레임 내 '동시에' 취할 수 있는 트랜지션 최대 수입니다.)
Localization Resource: (C:/Program Files/Epic Games/UE_4.15/Engine/Content/Localization/ToolTips/ko/ToolTips.locres) Source String Hash: (1567650430) Localized String: (프레임 당 최대 트랜지션 - 한 프레임에서 이 머신이 동시에 취할 수 있는 트랜지션 최대 수입니다.)
[2017.12.24-14.44.09:554][  0]LogTextLocalizationManager:Warning: Loaded localization resources contain conflicting entries for (Namespace:UObjectToolTips, Key:AnimNode_BlendSpacePlayer:PlayRate):
Localization Resource: (C:/Program Files/Epic Games/UE_4.15/Engine/Content/Localization/EditorTutorials/ko/EditorTutorials.locres) Source String Hash: (-1274923958) Localized String: (재생 속도 배수입니다. 음수가 되면 애니메이션을 역순으로 재생하게 됩니다.)
Localization Resource: (C:/Program Files/Epic Games/UE_4.15/Engine/Content/Localization/ToolTips/ko/ToolTips.locres) Source String Hash: (-1274923958) Localized String: (재생 속도 - 재생 속도 배수입니다. 음수가 되면 애니메이션을 거꾸로 재생합니다.)
[2017.12.24-14.44.09:554][  0]LogTextLocalizationManager:Warning: Loaded localization resources contain conflicting entries for (Namespace:UObjectToolTips, Key:AnimNode_BlendSpacePlayer:StartPosition):
Localization Resource: (C:/Program Files/Epic Games/UE_4.15/Engine/Content/Localization/EditorTutorials/ko/EditorTutorials.locres) Source String Hash: (-207153555) Localized String: (시작 위치 범위는 [0,1] 이며, 재초기화시에만 적용됩니다.
루핑을 하면, 1 회전 후 0.f 부터 시작할 것입니다.)
Localization Resource: (C:/Program Files/Epic Games/UE_4.15/Engine/Content/Localization/ToolTips/ko/ToolTips.locres) Source String Hash: (-207153555) Localized String: (시작 위치 - [0, 1] 범위의 시작 위치로, 재초기화할 때만 적용됩니다.
반복하면 1회전 후 0.f 부터 시작됩니다.)
[2017.12.24-14.44.09:554][  0]LogTextLocalizationManager:Warning: Loaded localization resources contain conflicting entries for (Namespace:UObjectToolTips, Key:CameraFilmbackSettings:SensorWidth):
Localization Resource: (C:/Program Files/Epic Games/UE_4.15/Engine/Content/Localization/ToolTips/ko/ToolTips.locres) Source String Hash: (-1448580153) Localized String: (센서 폭 - 필름백 또는 디지털 센서의 가로 크기로, mm 단위입니다.)
Localization Resource: (C:/Program Files/Epic Games/UE_4.15/Engine/Content/Localization/Engine/ko/Engine.locres) Source String Hash: (-1448580153) Localized String: (필름백 또는 디지털 센서의 가로 크기로, mm 단위입니다.)
[2017.12.24-14.44.09:554][  0]LogTextLocalizationManager:Warning: Loaded localization resources contain conflicting entries for (Namespace:UObjectToolTips, Key:CameraFilmbackSettings:SensorAspectRatio):
Localization Resource: (C:/Program Files/Epic Games/UE_4.15/Engine/Content/Localization/ToolTips/ko/ToolTips.locres) Source String Hash: (-194807515) Localized String: (센서 종횡비 - 읽기 전용입니다. 센서 치수에서 계산했습니다.)
Localization Resource: (C:/Program Files/Epic Games/UE_4.15/Engine/Content/Localization/Engine/ko/Engine.locres) Source String Hash: (-194807515) Localized String: (읽기 전용입니다. 센서 크기에서 계산했습니다.)
[2017.12.24-14.44.09:554][  0]LogTextLocalizationManager:Warning: Loaded localization resources contain conflicting entries for (Namespace:UObjectToolTips, Key:AnimNode_SequencePlayer:bLoopAnimation):
Localization Resource: (C:/Program Files/Epic Games/UE_4.15/Engine/Content/Localization/ToolTips/ko/ToolTips.locres) Source String Hash: (2133979316) Localized String: (루프 - 애니메이션이 끝에 도달했을 때 계속 반복시켜야 할까요?)
Localization Resource: (C:/Program Files/Epic Games/UE_4.15/Engine/Content/Localization/Engine/ko/Engine.locres) Source String Hash: (2133979316) Localized String: (애니메이션이 끝에 도달하면 계속해서 루핑시킬것인지 입니다.)
[2017.12.24-14.44.09:554][  0]LogTextLocalizationManager:Warning: Loaded localization resources contain conflicting entries for (Namespace:UObjectToolTips, Key:AnimNode_SequencePlayer:Sequence):
Localization Resource: (C:/Program Files/Epic Games/UE_4.15/Engine/Content/Localization/ToolTips/ko/ToolTips.locres) Source String Hash: (421436424) Localized String: (시퀀스 - 재생할 애니메이션 시퀀스 애셋입니다.)
Localization Resource: (C:/Program Files/Epic Games/UE_4.15/Engine/Content/Localization/Engine/ko/Engine.locres) Source String Hash: (421436424) Localized String: (재생할 애니메이션 시퀀스 애셋입니다.)
[2017.12.24-14.44.09:554][  0]LogTextLocalizationManager:Warning: Loaded localization resources contain conflicting entries for (Namespace:UObjectToolTips, Key:AnimNode_SequencePlayer:PlayRate):
Localization Resource: (C:/Program Files/Epic Games/UE_4.15/Engine/Content/Localization/ToolTips/ko/ToolTips.locres) Source String Hash: (-1274923958) Localized String: (재생 속도 - 재생 속도 배수입니다. 음수가 될 수 있으며, 그러면 애니메이션이 거꾸로 재생됩니다.)
Localization Resource: (C:/Program Files/Epic Games/UE_4.15/Engine/Content/Localization/Engine/ko/Engine.locres) Source String Hash: (-1274923958) Localized String: (플레이 속도 배수입니다. 음수가 되면 애니메이션이 역방향으로 재생됩니다.)
[2017.12.24-14.44.09:554][  0]LogTextLocalizationManager:Warning: Loaded localization resources contain conflicting entries for (Namespace:UObjectToolTips, Key:AnimNode_SequencePlayer:StartPosition):
Localization Resource: (C:/Program Files/Epic Games/UE_4.15/Engine/Content/Localization/ToolTips/ko/ToolTips.locres) Source String Hash: (771611000) Localized String: (시작 위치 - 시작 위치로 재초기화할 때만 적용됩니다.
반복하면, 1회전 후 0.f 부터 시작됩니다.)
Localization Resource: (C:/Program Files/Epic Games/UE_4.15/Engine/Content/Localization/Engine/ko/Engine.locres) Source String Hash: (771611000) Localized String: (시작 위치로, 재초기화시에만 적용됩니다.
루핑을 하면, 1회전 후 0.f 부터 시작할 것입니다.)
[2017.12.24-14.44.09:554][  0]LogTextLocalizationManager:Warning: Loaded localization resources contain conflicting entries for (Namespace:UObjectToolTips, Key:CameraFilmbackSettings:SensorHeight):
Localization Resource: (C:/Program Files/Epic Games/UE_4.15/Engine/Content/Localization/ToolTips/ko/ToolTips.locres) Source String Hash: (-1311569777) Localized String: (센서 높이 - 필름백 또는 디지털 센서의 세로 크기로, mm 단위입니다.)
Localization Resource: (C:/Program Files/Epic Games/UE_4.15/Engine/Content/Localization/Engine/ko/Engine.locres) Source String Hash: (-1311569777) Localized String: (필름백 또는 디지털 센서의 세로 크기로, mm 단위입니다.)
[2017.12.24-14.44.10:398][  0]LogD3D11RHI: D3D11 adapters:
[2017.12.24-14.44.10:485][  0]LogD3D11RHI:    0. 'NVIDIA GeForce GTX 970' (Feature Level 11_0)
[2017.12.24-14.44.10:485][  0]LogD3D11RHI:       4058/0/10190 MB DedicatedVideo/DedicatedSystem/SharedSystem, Outputs:1, VendorId:0x10de
[2017.12.24-14.44.10:497][  0]LogD3D11RHI:    1. 'Intel(R) HD Graphics 4600' (Feature Level 11_0)
[2017.12.24-14.44.10:497][  0]LogD3D11RHI:       112/0/2048 MB DedicatedVideo/DedicatedSystem/SharedSystem, Outputs:1, VendorId:0x8086
[2017.12.24-14.44.10:501][  0]LogD3D11RHI:    2. 'Microsoft Basic Render Driver' (Feature Level 11_0)
[2017.12.24-14.44.10:501][  0]LogD3D11RHI:       0/0/10190 MB DedicatedVideo/DedicatedSystem/SharedSystem, Outputs:0, VendorId:0x1414
[2017.12.24-14.44.10:501][  0]LogD3D11RHI: Chosen D3D11 Adapter: 0
[2017.12.24-14.44.10:510][  0]LogD3D11RHI: Creating new Direct3DDevice
[2017.12.24-14.44.10:510][  0]LogD3D11RHI:     GPU DeviceId: 0x13c2 (for the marketing name, search the web for "GPU Device Id")
[2017.12.24-14.44.10:510][  0]LogWindows: EnumDisplayDevices:
[2017.12.24-14.44.10:510][  0]LogWindows:    0. 'NVIDIA GeForce GTX 970' (P:1 D:1)
[2017.12.24-14.44.10:511][  0]LogWindows:    1. 'NVIDIA GeForce GTX 970' (P:0 D:0)
[2017.12.24-14.44.10:511][  0]LogWindows:    2. 'NVIDIA GeForce GTX 970' (P:0 D:0)
[2017.12.24-14.44.10:511][  0]LogWindows:    3. 'NVIDIA GeForce GTX 970' (P:0 D:0)
[2017.12.24-14.44.10:512][  0]LogWindows:    4. 'Intel(R) HD Graphics 4600' (P:0 D:1)
[2017.12.24-14.44.10:513][  0]LogWindows:    5. 'Intel(R) HD Graphics 4600' (P:0 D:0)
[2017.12.24-14.44.10:513][  0]LogWindows:    6. 'Intel(R) HD Graphics 4600' (P:0 D:0)
[2017.12.24-14.44.10:513][  0]LogWindows: DebugString: GetVideoDriverDetailsInvalid PrimaryIsNotTheChoosenAdapter GetVideoDriverDetailsInvalid PrimaryIsNotTheChoosenAdapter GetVideoDriverDetailsInvalid PrimaryIsNotTheChoosenAdapter GetVideoDriverDetailsInvalid PrimaryIsNotTheChoosenAdapter GetVideoDriverDetailsInvalid PrimaryIsNotTheChoosenAdapter GetVideoDriverDetailsInvalid PrimaryIsNotTheChoosenAdapter GetVideoDriverDetailsInvalid PrimaryIsNotTheChoosenAdapter FoundDriverCount:0 
[2017.12.24-14.44.10:513][  0]LogD3D11RHI:     Adapter Name: NVIDIA GeForce GTX 970
[2017.12.24-14.44.10:514][  0]LogD3D11RHI:   Driver Version: Unknown (internal:Unknown, unified:Unknown)
[2017.12.24-14.44.10:514][  0]LogD3D11RHI:      Driver Date: Unknown
[2017.12.24-14.44.10:514][  0]LogRHI: Texture pool is 1361 MB (70% of 1945 MB)
[2017.12.24-14.44.10:557][  0]LogD3D11RHI: Async texture creation enabled
[2017.12.24-14.44.10:652][  0]LogD3D11RHI: GPU Timing Frequency: 1000.000000 (Debug: 2 2)
[2017.12.24-14.44.10:710][  0]LogShaderCompilers: Guid format shader working directory is 27 characters bigger than the processId version (D:/UNNAMED/UNNAMED/Intermediate/Shaders/WorkingDirectory/15504/).
[2017.12.24-14.44.10:710][  0]LogShaderCompilers: Cleaned the shader compiler working directory 'C:/Users/duck2/AppData/Local/Temp/UnrealShaderWorkingDir/50655FD04439F8F1B7BCD29ED3794F45/'.
[2017.12.24-14.44.10:710][  0]LogShaderCompilers:Display: Using Local Shader Compiler.
[2017.12.24-14.44.12:830][  0]LogTemp:Display: Loaded TP AllDesktopTargetPlatform
[2017.12.24-14.44.12:940][  0]LogTemp:Display: Loaded TP MacClientTargetPlatform
[2017.12.24-14.44.13:042][  0]LogTemp:Display: Loaded TP MacNoEditorTargetPlatform
[2017.12.24-14.44.13:140][  0]LogTemp:Display: Loaded TP MacServerTargetPlatform
[2017.12.24-14.44.13:243][  0]LogTemp:Display: Loaded TP MacTargetPlatform
[2017.12.24-14.44.13:352][  0]LogTemp:Display: Loaded TP WindowsClientTargetPlatform
[2017.12.24-14.44.13:474][  0]LogTemp:Display: Loaded TP WindowsNoEditorTargetPlatform
[2017.12.24-14.44.13:570][  0]LogTemp:Display: Loaded TP WindowsServerTargetPlatform
[2017.12.24-14.44.13:657][  0]LogTemp:Display: Loaded TP WindowsTargetPlatform
[2017.12.24-14.44.13:754][  0]LogTemp:Display: Loaded TP AndroidTargetPlatform
[2017.12.24-14.44.13:854][  0]LogTemp:Display: Loaded TP Android_ASTCTargetPlatform
[2017.12.24-14.44.13:950][  0]LogTemp:Display: Loaded TP Android_ATCTargetPlatform
[2017.12.24-14.44.14:049][  0]LogTemp:Display: Loaded TP Android_DXTTargetPlatform
[2017.12.24-14.44.14:147][  0]LogTemp:Display: Loaded TP Android_ETC1TargetPlatform
[2017.12.24-14.44.14:243][  0]LogTemp:Display: Loaded TP Android_ETC2TargetPlatform
[2017.12.24-14.44.14:431][  0]LogTemp:Display: Loaded TP Android_MultiTargetPlatform
[2017.12.24-14.44.14:431][  0]LogTemp:Display: Loaded TP Android_PVRTCTargetPlatform
[2017.12.24-14.44.14:517][  0]LogTemp:Display: Loaded TP HTML5TargetPlatform
[2017.12.24-14.44.14:680][  0]LogTemp:Display: Loaded TP IOSTargetPlatform
[2017.12.24-14.44.14:739][  0]LogTemp:Display: Loaded TP TVOSTargetPlatform
[2017.12.24-14.44.14:852][  0]LogTemp:Display: Loaded TP LinuxClientTargetPlatform
[2017.12.24-14.44.14:969][  0]LogTemp:Display: Loaded TP LinuxNoEditorTargetPlatform
[2017.12.24-14.44.15:061][  0]LogTemp:Display: Loaded TP LinuxServerTargetPlatform
[2017.12.24-14.44.15:159][  0]LogTemp:Display: Loaded TP LinuxTargetPlatform
[2017.12.24-14.44.15:159][  0]LogTargetPlatformManager:Display: Building Assets For Windows
[2017.12.24-14.44.16:026][  0]LogDerivedDataCache:Display: Max Cache Size: 512 MB
[2017.12.24-14.44.16:378][  0]LogDerivedDataCache: Loaded boot cache 0.35s 50MB C:/Users/duck2/AppData/Local/UnrealEngine/4.15/DerivedDataCache/Boot.ddc.
[2017.12.24-14.44.16:378][  0]LogDerivedDataCache:Display: Loaded Boot cache: C:/Users/duck2/AppData/Local/UnrealEngine/4.15/DerivedDataCache/Boot.ddc
[2017.12.24-14.44.16:378][  0]LogDerivedDataCache: FDerivedDataBackendGraph:  Pak pak cache file D:/UNNAMED/UNNAMED/DerivedDataCache/DDC.ddp not found, will not use a pak cache.
[2017.12.24-14.44.16:378][  0]LogDerivedDataCache: Unable to find inner node Pak for hierarchical cache Hierarchy.
[2017.12.24-14.44.16:378][  0]LogDerivedDataCache: FDerivedDataBackendGraph:  CompressedPak pak cache file D:/UNNAMED/UNNAMED/DerivedDataCache/Compressed.ddp not found, will not use a pak cache.
[2017.12.24-14.44.16:378][  0]LogDerivedDataCache: Unable to find inner node CompressedPak for hierarchical cache Hierarchy.
[2017.12.24-14.44.16:403][  0]LogDerivedDataCache:Display: Pak cache opened for reading ../../../Engine/DerivedDataCache/Compressed.ddp.
[2017.12.24-14.44.16:416][  0]LogDerivedDataCache: Using Local data cache path C:/Users/duck2/AppData/Local/UnrealEngine/Common/DerivedDataCache: Writable
[2017.12.24-14.44.16:445][  0]LogSlate: Using Freetype 2.6.0
[2017.12.24-14.44.16:449][  0]LogSlate: SlateFontCache - WITH_FREETYPE: 1, WITH_HARFBUZZ: 1
[2017.12.24-14.44.16:449][  0]LogSlate: SlateFontCache - WITH_FREETYPE: 1, WITH_HARFBUZZ: 1
[2017.12.24-14.44.17:625][  0]LogInit: Selected Device Profile: [Windows]
[2017.12.24-14.44.17:635][  0]LogContentStreaming: Texture pool size is 0.00 MB
[2017.12.24-14.44.18:030][  0]LogMeshUtilities: Using QuadricMeshReduction for automatic static mesh reduction
[2017.12.24-14.44.18:117][  0]LogSimplygon: Simplygon DLL not present - disabling.
[2017.12.24-14.44.18:212][  0]LogMeshUtilities: Using SimplygonSwarm for distributed automatic mesh merging
[2017.12.24-14.44.18:212][  0]LogMeshUtilities: No automatic skeletal mesh reduction module available
[2017.12.24-14.44.18:212][  0]LogMeshUtilities: No automatic mesh merging module available
[2017.12.24-14.44.19:460][  0]LogNetVersion: GetLocalNetworkVersion: CL: 3299760, ProjectName: unnamed, ProjectVersion: , EngineNetworkVersion: 2, GameNetworkVersion: 0, NetworkChecksum: 1184173371
[2017.12.24-14.44.19:533][  0]LogAssetRegistry: FAssetRegistry took 0.0240 seconds to start up
[2017.12.24-14.44.19:617][  0]LogPackageLocalizationCache: Processed 3 localized package path(s) for 2 prioritized culture(s) in 0.043770 seconds
[2017.12.24-14.44.19:626][  0]LogUObjectArray: 32500 objects as part of root set at end of initial load.
[2017.12.24-14.44.19:626][  0]LogUObjectAllocator: 7290880 out of 0 bytes used by permanent object pool.
[2017.12.24-14.44.19:626][  0]LogUObjectArray: CloseDisregardForGC: 0/0 objects in disregard for GC pool
[2017.12.24-14.44.23:756][  0]LogTcpMessaging: Initializing TcpMessaging bridge
[2017.12.24-14.44.23:824][  0]LogUdpMessaging: Initializing bridge on interface 0.0.0.0:0 to multicast group 230.0.0.1:6666.
[2017.12.24-14.44.24:794][  0]LogMaterial: Uniform references updated for custom material expression Custom.
[2017.12.24-14.44.25:636][  0]SourceControl: 정보 소스 콘트롤이 꺼졌습니다.
[2017.12.24-14.44.25:786][  0]SourceControl: 정보 소스 콘트롤이 꺼졌습니다.
[2017.12.24-14.44.25:895][  0]SourceControl: 정보 소스 콘트롤이 꺼졌습니다.
[2017.12.24-14.44.25:995][  0]SourceControl: 정보 소스 콘트롤이 꺼졌습니다.
[2017.12.24-14.44.28:600][  0]LogEngine: Initializing Engine...
[2017.12.24-14.44.28:602][  0]LogHMD: Failed to initialize OpenVR with code 110
[2017.12.24-14.44.28:802][  0]LogStats: UGameplayTagsManager::ConstructGameplayTagTree: Construct from data asset -  0.000 s
[2017.12.24-14.44.28:803][  0]LogStats: UGameplayTagsManager::ConstructGameplayTagTree: GameplayTagTreeChangedEvent.Broadcast -  0.000 s
[2017.12.24-14.44.29:119][  0]LogAIModule: Creating AISystem for world Untitled
[2017.12.24-14.44.29:165][  0]LogInit: XAudio2 using '헤드폰(High Definition Audio 장치)' : 2 channels at 44.1 kHz using 16 bits per sample (channel mask 0x3)
[2017.12.24-14.44.29:225][  0]LogInit: FAudioDevice initialized.
[2017.12.24-14.44.29:270][  0]LogDerivedDataCache: Saved boot cache 0.05s 50MB C:/Users/duck2/AppData/Local/UnrealEngine/4.15/DerivedDataCache/Boot.ddc.
[2017.12.24-14.44.29:280][  0]LogInit: Texture streaming: Enabled
[2017.12.24-14.44.29:516][  0]LogEngineSessionManager: EngineSessionManager initialized
[2017.12.24-14.44.29:800][  0]LogInit: Transaction tracking system initialized
[2017.12.24-14.44.30:702][  0]BlueprintLog: New page: 에디터 로드
[2017.12.24-14.44.33:369][  0]LocalizationService: 정보 현지화 서비스가 비활성화되었습니다.
[2017.12.24-14.44.35:056][  0]LogConsoleResponse:Display: 
[2017.12.24-14.44.35:386][  0]LogCook:Display: Max memory allowance for cook 16384mb min free memory 0mb
[2017.12.24-14.44.35:386][  0]LogCook:Display: Mobile HDR setting 1
[2017.12.24-14.44.36:074][  0]LogFileCache: Scanning file cache for directory 'D:/UNNAMED/UNNAMED/Content/' took 0.10s
[2017.12.24-14.44.37:888][  0]SourceControl: 정보 소스 콘트롤이 꺼졌습니다.
[2017.12.24-14.44.37:891][  0]Cmd: MAP LOAD FILE="D:/UNNAMED/UNNAMED/Content/Map/Main.umap" TEMPLATE=0 SHOWPROGRESS=1 FEATURELEVEL=3
[2017.12.24-14.44.37:904][  0]LightingResults: New page: 라이팅 빌드
[2017.12.24-14.44.38:035][  0]MapCheck: New page: 맵 체크
[2017.12.24-14.44.38:035][  0]LightingResults: New page: 라이팅 빌드
[2017.12.24-14.44.44:216][  0]LogClass:Warning: Enum '/Game/BP/E_GameState.E_GameState' was upgraded to use FText to store its display name data. Please re-save this asset to avoid issues with localization and determinstic cooking.
[2017.12.24-14.44.46:371][  0]LogPackageName:Warning: String asset reference "FX_Meshes.UI.SM_SelectionMesh_01" is in short form, which is unsupported and -- even if valid -- resolving it will be really slow.
[2017.12.24-14.44.46:371][  0]LogPackageName:Warning: Please consider resaving package in order to speed-up loading.
[2017.12.24-14.44.46:670][  0]LogPackageName: SearchForPackageOnDisk took   0.299s, but failed to resolve FX_Meshes.
[2017.12.24-14.44.46:670][  0]LogPackageName:Warning: String asset reference "FX_Meshes.UI.SM_SelectionMesh_01" could not be resolved.
[2017.12.24-14.44.46:677][  0]LogPackageName:Warning: String asset reference "Env_ALL_Artifacts.Mesh.Env_ALL_Terminus001" is in short form, which is unsupported and -- even if valid -- resolving it will be really slow.
[2017.12.24-14.44.46:677][  0]LogPackageName:Warning: Please consider resaving package in order to speed-up loading.
[2017.12.24-14.44.46:907][  0]LogPackageName: SearchForPackageOnDisk took   0.230s, but failed to resolve Env_ALL_Artifacts.
[2017.12.24-14.44.46:907][  0]LogPackageName:Warning: String asset reference "Env_ALL_Artifacts.Mesh.Env_ALL_Terminus001" could not be resolved.
[2017.12.24-14.44.48:625][  0]LogAIModule: Creating AISystem for world Main
[2017.12.24-14.44.48:658][  0]LogEditorServer: Finished looking for orphan Actors (0.000 secs)
[2017.12.24-14.44.48:660][  0]Cmd: MAP CHECKDEP NOCLEARLOG
[2017.12.24-14.44.48:859][  0]MapCheck: 정보 맵 체크 완료: 오류 0 회, 경고 0 회, 소요 시간 199.327ms.
[2017.12.24-14.44.48:860][  0]LogFileHelpers: Loading map 'Main' took 10.970
[2017.12.24-14.44.49:386][  0]LogCollectionManager: Loaded 1 collections in 0.004443 seconds
[2017.12.24-14.44.49:547][  0]LogFileCache: Scanning file cache for directory 'D:/UNNAMED/UNNAMED/Saved/Collections/' took 0.01s
[2017.12.24-14.44.49:547][  0]LogFileCache: Scanning file cache for directory 'D:/UNNAMED/UNNAMED/Content/Developers/duck2/Collections/' took 0.01s
[2017.12.24-14.44.49:547][  0]LogFileCache: Scanning file cache for directory 'D:/UNNAMED/UNNAMED/Content/Collections/' took 0.01s
[2017.12.24-14.44.49:547][  0]LogCollectionManager: Rebuilt the GUID cache for 1 collections in 0.000006 seconds
[2017.12.24-14.44.49:547][  0]LogCollectionManager: Rebuilt the hierarchy cache for 1 collections in 0.000000 seconds
[2017.12.24-14.44.49:559][  0]LogContentBrowser: Native class hierarchy populated in 0.0108 seconds. Added 2248 classes and 458 folders.
[2017.12.24-14.44.49:730][  0]LogContentBrowser: Native class hierarchy updated for 'WidgetCarousel' in 0.0007 seconds. Added 0 classes and 0 folders.
[2017.12.24-14.44.49:902][  0]LogContentBrowser: Native class hierarchy updated for 'AddContentDialog' in 0.0009 seconds. Added 0 classes and 0 folders.
[2017.12.24-14.44.49:955][  0]LogCrashTracker: Crashtracker disabled due to settings.
[2017.12.24-14.44.49:976][  0]LogUObjectGlobals:Warning: 'Class 없음.' 오브젝트를 찾는 데 실패했습니다.
[2017.12.24-14.44.50:099][  0]LogContentBrowser: Native class hierarchy updated for 'HierarchicalLODOutliner' in 0.0008 seconds. Added 1 classes and 2 folders.
[2017.12.24-14.44.50:099][  0]LogLoad: (Engine Initialization) Total time: 44.83 seconds
[2017.12.24-14.44.50:099][  0]LogLoad: (Engine Initialization) Total Blueprint compile time: 3.31 seconds
[2017.12.24-14.44.50:099][  0]LogExternalProfiler: Found external profiler: VSPerf
[2017.12.24-14.44.50:099][  0]LogExternalProfiler: Using external profiler: VSPerf
[2017.12.24-14.44.50:441][  0]LogOcInput: OculusInput pre-init called
[2017.12.24-14.44.50:483][  0]LogContentStreaming: Texture pool size now 1000 MB
[2017.12.24-14.44.50:492][  0]LogSlate: Took 0.001728 seconds to synchronously load lazily loaded font '../../../Engine/Content/Slate/Fonts/Roboto-Regular.ttf' (155K)
[2017.12.24-14.44.50:524][  0]LogSlate: Took 0.030122 seconds to synchronously load lazily loaded font '../../../Engine/Content/Slate/Fonts/NanumGothic.ttf' (4243K)
[2017.12.24-14.44.50:529][  0]LogSlate: Took 0.001686 seconds to synchronously load lazily loaded font '../../../Engine/Content/Slate/Fonts/Roboto-Bold.ttf' (160K)
[2017.12.24-14.44.50:542][  0]LogSlate: Took 0.001753 seconds to synchronously load lazily loaded font '../../../Engine/Content/Editor/Slate/Fonts/FontAwesome.ttf' (139K)
[2017.12.24-14.44.50:758][  0]LogRenderer: Reallocating scene render targets to support 1260x676 NumSamples 1 (Frame:2).
[2017.12.24-14.44.50:915][  1]LogFileCache: Retrieving MD5 hashes for directory 'D:/UNNAMED/UNNAMED/Content/' took 0.46s
[2017.12.24-14.44.51:929][  4]LogAssetRegistry: Asset discovery search completed in 32.4185 seconds
[2017.12.24-14.44.51:929][  4]LogCollectionManager: Rebuilt the object cache for 1 collections in 0.000010 seconds (found 0 objects)
[2017.12.24-14.44.51:929][  4]LogCollectionManager: Fixed up redirectors for 1 collections in 0.000036 seconds (updated 0 objects)
[2017.12.24-14.44.55:616][ 15]LogSlate: Took 0.001998 seconds to synchronously load lazily loaded font '../../../Engine/Content/Slate/Fonts/Roboto-Light.ttf' (159K)
[2017.12.24-14.45.00:181][150]LogSlate: Took 0.000334 seconds to synchronously load lazily loaded font '../../../Engine/Content/Slate/Fonts/Roboto-Light.ttf' (159K)
[2017.12.24-14.45.01:252][150]LogSlate: Took 0.000595 seconds to synchronously load lazily loaded font '../../../Engine/Content/Slate/Fonts/Roboto-Regular.ttf' (155K)
[2017.12.24-14.45.08:054][150]LogMaterial: Missing cached shader map for material 01_-_Default, compiling. 
[2017.12.24-14.45.08:054][150]LogMaterial:Warning: Failed to compile Material /Game/b/01_-_Default.01_-_Default for platform PCD3D_SM5, Default Material will be used in game.
[2017.12.24-14.45.08:054][150]LogMaterial:Warning: 	(Node TextureSample) TextureSample> Missing input texture
[2017.12.24-14.45.08:208][150]LogMaterial: Missing cached shader map for material 06_-_Default, compiling. 
[2017.12.24-14.45.08:208][150]LogMaterial:Warning: Failed to compile Material /Game/ThirdPersonBP/chain/06_-_Default.06_-_Default for platform PCD3D_SM5, Default Material will be used in game.
[2017.12.24-14.45.08:208][150]LogMaterial:Warning: 	(Node TextureSample) TextureSample> Missing input texture
[2017.12.24-14.45.08:271][150]LogAIModule: Creating AISystem for world newMap
[2017.12.24-14.45.08:330][150]LogMaterial:Warning: Material /Game/ThirdPersonBP/grass/DryWeeds_Mat.DryWeeds_Mat needed to have new flag set bUsedWithInstancedStaticMeshes !
[2017.12.24-14.45.08:358][150]LogMaterial: Missing cached shader map for material DryWeeds_Mat, compiling. 
[2017.12.24-14.45.08:361][150]LogTemp:Display: Added material ShaderMap 0x000001CE42B9E780 with Material 0x000001CE324E1780 to ShaderMapsBeingCompiled
[2017.12.24-14.45.08:453][150]LogTemp:Display: Kicking off shader compilation for DryWeeds_Mat, GameThreadShaderMap 0x000001CE42B9E780
[2017.12.24-14.45.08:453][150]MapCheck:Warning: 경고 DryWeeds_Mat /Game/ThirdPersonBP/grass/DryWeeds_Mat.DryWeeds_Mat 머티리얼이 bUsedWithInstancedStaticMeshes 사용 플래그에 빠져있었습니다. 머티리얼 애셋이 재저장되지 않은 경우, 에디터 밖에서 실행시 제대로 렌더링되지 않을 수 있습니다. 픽스
[2017.12.24-14.45.08:477][150]LogMaterial: 0.00 seconds spent updating 1 materials, 1 interfaces, 0 instances, 0 with static permutations.
[2017.12.24-14.45.08:719][150]Cmd: MAP LOAD FILE="D:/UNNAMED/UNNAMED/Content/Map/newMap.umap" TEMPLATE=0 SHOWPROGRESS=1 FEATURELEVEL=3
[2017.12.24-14.45.08:719][150]LightingResults: New page: 라이팅 빌드
[2017.12.24-14.45.08:722][150]LoadErrors: New page: 맵 로드중: newMap.umap
[2017.12.24-14.45.08:723][150]MapCheck: New page: 맵 체크
[2017.12.24-14.45.08:723][150]LightingResults: New page: 라이팅 빌드
[2017.12.24-14.45.11:710][150]LogEditorServer: Finished looking for orphan Actors (0.000 secs)
[2017.12.24-14.45.11:788][150]Cmd: MAP CHECKDEP NOCLEARLOG
[2017.12.24-14.45.12:101][150]MapCheck: 정보 맵 체크 완료: 오류 0 회, 경고 0 회, 소요 시간 313.519ms.
[2017.12.24-14.45.12:103][150]LogFileHelpers: Loading map 'newMap' took 3.385
[2017.12.24-14.45.59:253][771]LogTemp:Display: Finished compile of shader map 0x000001CE42B9E780
[2017.12.24-14.45.59:253][771]LogTemp:Display: Shader map DryWeeds_Mat complete, GameThreadShaderMap 0x000001CE42B9E780, marking material DryWeeds_Mat as finished
[2017.12.24-14.45.59:253][771]LogTemp:Display: Marking material as finished 0x000001CE324E1780
[2017.12.24-14.46.35:196][114]LogMaterial: Missing cached shader map for material terrainmat, compiling. 
[2017.12.24-14.46.35:197][114]LogTemp:Display: Added material ShaderMap 0x000001CE0A589600 with Material 0x000001CE208F3D80 to ShaderMapsBeingCompiled
[2017.12.24-14.46.35:209][114]LogTemp:Display: Kicking off shader compilation for terrainmat, GameThreadShaderMap 0x000001CE0A589600
[2017.12.24-14.46.35:397][114]LogMaterial: Missing cached shader map for material terrainmat, compiling. 
[2017.12.24-14.46.35:399][114]LogTemp:Display: Added material ShaderMap 0x000001CE0D804800 with Material 0x000001CE208F3D80 to ShaderMapsBeingCompiled
[2017.12.24-14.46.35:410][114]LogTemp:Display: Kicking off shader compilation for terrainmat, GameThreadShaderMap 0x000001CE0D804800
[2017.12.24-14.46.35:411][114]LogMaterial: 0.00 seconds spent updating 1 materials, 1 interfaces, 0 instances, 0 with static permutations.
[2017.12.24-14.46.35:441][114]LogMaterial: Missing cached shader map for material FMatExpressionPreview MaterialExpressionLandscapeLayerCoords_2, compiling. 
[2017.12.24-14.46.35:442][114]LogTemp:Display: Added material ShaderMap 0x000001CE0BF8B580 with Material 0x000001CE0EA12B00 to ShaderMapsBeingCompiled
[2017.12.24-14.46.35:445][114]LogTemp:Display: Kicking off shader compilation for FMatExpressionPreview MaterialExpressionLandscapeLayerCoords_2, GameThreadShaderMap 0x000001CE0BF8B580
[2017.12.24-14.46.35:447][114]LogMaterial: Missing cached shader map for material FMatExpressionPreview MaterialExpressionTextureSample_0, compiling. 
[2017.12.24-14.46.35:448][114]LogTemp:Display: Added material ShaderMap 0x000001CE0BF8A080 with Material 0x000001CE0EA11F00 to ShaderMapsBeingCompiled
[2017.12.24-14.46.35:450][114]LogTemp:Display: Kicking off shader compilation for FMatExpressionPreview MaterialExpressionTextureSample_0, GameThreadShaderMap 0x000001CE0BF8A080
[2017.12.24-14.46.35:453][114]LogMaterial: Missing cached shader map for material FMatExpressionPreview MaterialExpressionTextureSample_1, compiling. 
[2017.12.24-14.46.35:454][114]LogTemp:Display: Added material ShaderMap 0x000001CE0BF88800 with Material 0x000001CE11580400 to ShaderMapsBeingCompiled
[2017.12.24-14.46.35:457][114]LogTemp:Display: Kicking off shader compilation for FMatExpressionPreview MaterialExpressionTextureSample_1, GameThreadShaderMap 0x000001CE0BF88800
[2017.12.24-14.46.35:459][114]LogMaterial: Missing cached shader map for material FMatExpressionPreview MaterialExpressionTextureSample_2, compiling. 
[2017.12.24-14.46.35:460][114]LogTemp:Display: Added material ShaderMap 0x000001CE20888480 with Material 0x000001CE11581000 to ShaderMapsBeingCompiled
[2017.12.24-14.46.35:464][114]LogTemp:Display: Kicking off shader compilation for FMatExpressionPreview MaterialExpressionTextureSample_2, GameThreadShaderMap 0x000001CE20888480
[2017.12.24-14.46.35:467][114]LogMaterial: Missing cached shader map for material FMatExpressionPreview MaterialExpressionLandscapeLayerCoords_3, compiling. 
[2017.12.24-14.46.35:468][114]LogTemp:Display: Added material ShaderMap 0x000001CE0C012780 with Material 0x000001CE11581300 to ShaderMapsBeingCompiled
[2017.12.24-14.46.35:471][114]LogTemp:Display: Kicking off shader compilation for FMatExpressionPreview MaterialExpressionLandscapeLayerCoords_3, GameThreadShaderMap 0x000001CE0C012780
[2017.12.24-14.46.35:473][114]LogMaterial: Missing cached shader map for material FMatExpressionPreview MaterialExpressionTextureSample_3, compiling. 
[2017.12.24-14.46.35:474][114]LogTemp:Display: Added material ShaderMap 0x000001CE0C011280 with Material 0x000001CE11582500 to ShaderMapsBeingCompiled
[2017.12.24-14.46.35:477][114]LogTemp:Display: Kicking off shader compilation for FMatExpressionPreview MaterialExpressionTextureSample_3, GameThreadShaderMap 0x000001CE0C011280
[2017.12.24-14.46.35:479][114]LogMaterial: Missing cached shader map for material FMatExpressionPreview MaterialExpressionTextureSample_4, compiling. 
[2017.12.24-14.46.35:480][114]LogTemp:Display: Added material ShaderMap 0x000001CE0B2A7580 with Material 0x000001CE11581900 to ShaderMapsBeingCompiled
[2017.12.24-14.46.35:483][114]LogTemp:Display: Kicking off shader compilation for FMatExpressionPreview MaterialExpressionTextureSample_4, GameThreadShaderMap 0x000001CE0B2A7580
[2017.12.24-14.46.35:485][114]LogMaterial: Missing cached shader map for material FMatExpressionPreview MaterialExpressionTextureSample_5, compiling. 
[2017.12.24-14.46.35:486][114]LogTemp:Display: Added material ShaderMap 0x000001CE0B2A5D00 with Material 0x000001CE11541F00 to ShaderMapsBeingCompiled
[2017.12.24-14.46.35:489][114]LogTemp:Display: Kicking off shader compilation for FMatExpressionPreview MaterialExpressionTextureSample_5, GameThreadShaderMap 0x000001CE0B2A5D00
[2017.12.24-14.46.35:490][114]LogMaterial: Missing cached shader map for material FMatExpressionPreview MaterialExpressionTextureSample_6, compiling. 
[2017.12.24-14.46.35:491][114]LogTemp:Display: Added material ShaderMap 0x000001CE0B2A4480 with Material 0x000001CE11542800 to ShaderMapsBeingCompiled
[2017.12.24-14.46.35:493][114]LogTemp:Display: Kicking off shader compilation for FMatExpressionPreview MaterialExpressionTextureSample_6, GameThreadShaderMap 0x000001CE0B2A4480
[2017.12.24-14.46.35:495][114]LogMaterial: Missing cached shader map for material FMatExpressionPreview MaterialExpressionTextureSample_7, compiling. 
[2017.12.24-14.46.35:496][114]LogTemp:Display: Added material ShaderMap 0x000001CE0B41EB00 with Material 0x000001CE11543D00 to ShaderMapsBeingCompiled
[2017.12.24-14.46.35:499][114]LogTemp:Display: Kicking off shader compilation for FMatExpressionPreview MaterialExpressionTextureSample_7, GameThreadShaderMap 0x000001CE0B41EB00
[2017.12.24-14.46.35:501][114]LogMaterial: Missing cached shader map for material FMatExpressionPreview MaterialExpressionTextureSample_8, compiling. 
[2017.12.24-14.46.35:501][114]LogTemp:Display: Added material ShaderMap 0x000001CE0B41D280 with Material 0x000001CE11541300 to ShaderMapsBeingCompiled
[2017.12.24-14.46.35:504][114]LogTemp:Display: Kicking off shader compilation for FMatExpressionPreview MaterialExpressionTextureSample_8, GameThreadShaderMap 0x000001CE0B41D280
[2017.12.24-14.46.35:506][114]LogMaterial: Missing cached shader map for material FMatExpressionPreview MaterialExpressionTextureSample_9, compiling. 
[2017.12.24-14.46.35:507][114]LogTemp:Display: Added material ShaderMap 0x000001CE45703580 with Material 0x000001CE10DEEE00 to ShaderMapsBeingCompiled
[2017.12.24-14.46.35:510][114]LogTemp:Display: Kicking off shader compilation for FMatExpressionPreview MaterialExpressionTextureSample_9, GameThreadShaderMap 0x000001CE45703580
[2017.12.24-14.46.35:535][114]LogSlate: Took 0.003689 seconds to synchronously load lazily loaded font '../../../Engine/Content/Editor/Slate/Fonts/Roboto-BoldCondensed.ttf' (158K)
[2017.12.24-14.46.55:113][ 24]LogTemp:Display: Finished compile of shader map 0x000001CE0D804800
[2017.12.24-14.46.55:113][ 24]LogTemp:Display: Shader map terrainmat complete, GameThreadShaderMap 0x000001CE0D804800, marking material terrainmat as finished
[2017.12.24-14.46.55:113][ 24]LogTemp:Display: Marking material as finished 0x000001CE208F3D80
[2017.12.24-14.46.55:116][ 24]LogTemp:Display: Finished compile of shader map 0x000001CE0BF8B580
[2017.12.24-14.46.55:116][ 24]LogTemp:Display: Shader map FMatExpressionPreview MaterialExpressionLandscapeLayerCoords_2 complete, GameThreadShaderMap 0x000001CE0BF8B580, marking material FMatExpressionPreview MaterialExpressionLandscapeLayerCoords_2 as finished
[2017.12.24-14.46.55:116][ 24]LogTemp:Display: Marking material as finished 0x000001CE0EA12B00
[2017.12.24-14.46.55:943][ 25]MaterialEditorStats: 정보 Base pass shader with static lighting: 92 instructions
[2017.12.24-14.46.55:943][ 25]MaterialEditorStats: 정보 Base pass shader with only dynamic lighting: 66 instructions
[2017.12.24-14.46.55:943][ 25]MaterialEditorStats: 정보 Vertex shader: 31 instructions
[2017.12.24-14.46.55:943][ 25]MaterialEditorStats: 정보 Texture samplers: 4/16
[2017.12.24-14.46.56:564][ 27]LogTemp:Display: Finished compile of shader map 0x000001CE0BF8A080
[2017.12.24-14.46.56:564][ 27]LogTemp:Display: Shader map FMatExpressionPreview MaterialExpressionTextureSample_0 complete, GameThreadShaderMap 0x000001CE0BF8A080, marking material FMatExpressionPreview MaterialExpressionTextureSample_0 as finished
[2017.12.24-14.46.56:564][ 27]LogTemp:Display: Marking material as finished 0x000001CE0EA11F00
[2017.12.24-14.46.56:906][ 28]LogTemp:Display: Finished compile of shader map 0x000001CE0BF88800
[2017.12.24-14.46.56:906][ 28]LogTemp:Display: Shader map FMatExpressionPreview MaterialExpressionTextureSample_1 complete, GameThreadShaderMap 0x000001CE0BF88800, marking material FMatExpressionPreview MaterialExpressionTextureSample_1 as finished
[2017.12.24-14.46.56:906][ 28]LogTemp:Display: Marking material as finished 0x000001CE11580400
[2017.12.24-14.46.57:246][ 29]LogTemp:Display: Finished compile of shader map 0x000001CE0C012780
[2017.12.24-14.46.57:246][ 29]LogTemp:Display: Shader map FMatExpressionPreview MaterialExpressionLandscapeLayerCoords_3 complete, GameThreadShaderMap 0x000001CE0C012780, marking material FMatExpressionPreview MaterialExpressionLandscapeLayerCoords_3 as finished
[2017.12.24-14.46.57:246][ 29]LogTemp:Display: Marking material as finished 0x000001CE11581300
[2017.12.24-14.46.57:251][ 29]LogTemp:Display: Finished compile of shader map 0x000001CE20888480
[2017.12.24-14.46.57:251][ 29]LogTemp:Display: Shader map FMatExpressionPreview MaterialExpressionTextureSample_2 complete, GameThreadShaderMap 0x000001CE20888480, marking material FMatExpressionPreview MaterialExpressionTextureSample_2 as finished
[2017.12.24-14.46.57:251][ 29]LogTemp:Display: Marking material as finished 0x000001CE11581000
[2017.12.24-14.46.57:989][ 31]LogTemp:Display: Finished compile of shader map 0x000001CE0B2A7580
[2017.12.24-14.46.57:989][ 31]LogTemp:Display: Shader map FMatExpressionPreview MaterialExpressionTextureSample_4 complete, GameThreadShaderMap 0x000001CE0B2A7580, marking material FMatExpressionPreview MaterialExpressionTextureSample_4 as finished
[2017.12.24-14.46.57:989][ 31]LogTemp:Display: Marking material as finished 0x000001CE11581900
[2017.12.24-14.46.57:990][ 31]LogTemp:Display: Finished compile of shader map 0x000001CE0C011280
[2017.12.24-14.46.57:991][ 31]LogTemp:Display: Shader map FMatExpressionPreview MaterialExpressionTextureSample_3 complete, GameThreadShaderMap 0x000001CE0C011280, marking material FMatExpressionPreview MaterialExpressionTextureSample_3 as finished
[2017.12.24-14.46.57:991][ 31]LogTemp:Display: Marking material as finished 0x000001CE11582500
[2017.12.24-14.46.58:344][ 32]LogTemp:Display: Finished compile of shader map 0x000001CE0B2A5D00
[2017.12.24-14.46.58:344][ 32]LogTemp:Display: Shader map FMatExpressionPreview MaterialExpressionTextureSample_5 complete, GameThreadShaderMap 0x000001CE0B2A5D00, marking material FMatExpressionPreview MaterialExpressionTextureSample_5 as finished
[2017.12.24-14.46.58:344][ 32]LogTemp:Display: Marking material as finished 0x000001CE11541F00
[2017.12.24-14.46.58:989][ 34]LogTemp:Display: Finished compile of shader map 0x000001CE0B41EB00
[2017.12.24-14.46.58:989][ 34]LogTemp:Display: Shader map FMatExpressionPreview MaterialExpressionTextureSample_7 complete, GameThreadShaderMap 0x000001CE0B41EB00, marking material FMatExpressionPreview MaterialExpressionTextureSample_7 as finished
[2017.12.24-14.46.58:989][ 34]LogTemp:Display: Marking material as finished 0x000001CE11543D00
[2017.12.24-14.46.58:991][ 34]LogTemp:Display: Finished compile of shader map 0x000001CE0B2A4480
[2017.12.24-14.46.58:991][ 34]LogTemp:Display: Shader map FMatExpressionPreview MaterialExpressionTextureSample_6 complete, GameThreadShaderMap 0x000001CE0B2A4480, marking material FMatExpressionPreview MaterialExpressionTextureSample_6 as finished
[2017.12.24-14.46.58:991][ 34]LogTemp:Display: Marking material as finished 0x000001CE11542800
[2017.12.24-14.46.59:323][ 35]LogTemp:Display: Finished compile of shader map 0x000001CE45703580
[2017.12.24-14.46.59:323][ 35]LogTemp:Display: Shader map FMatExpressionPreview MaterialExpressionTextureSample_9 complete, GameThreadShaderMap 0x000001CE45703580, marking material FMatExpressionPreview MaterialExpressionTextureSample_9 as finished
[2017.12.24-14.46.59:323][ 35]LogTemp:Display: Marking material as finished 0x000001CE10DEEE00
[2017.12.24-14.46.59:325][ 35]LogTemp:Display: Finished compile of shader map 0x000001CE0B41D280
[2017.12.24-14.46.59:325][ 35]LogTemp:Display: Shader map FMatExpressionPreview MaterialExpressionTextureSample_8 complete, GameThreadShaderMap 0x000001CE0B41D280, marking material FMatExpressionPreview MaterialExpressionTextureSample_8 as finished
[2017.12.24-14.46.59:325][ 35]LogTemp:Display: Marking material as finished 0x000001CE11541300
[2017.12.24-14.47.45:015][806]LogMaterial: 0.01 seconds spent updating 1 materials, 1 interfaces, 0 instances, 1 with static permutations.
[2017.12.24-14.47.45:092][806]LogMaterial: 0.01 seconds spent updating 1 materials, 1 interfaces, 0 instances, 1 with static permutations.
[2017.12.24-14.47.45:173][806]LogMaterial: 0.01 seconds spent updating 1 materials, 1 interfaces, 0 instances, 1 with static permutations.
[2017.12.24-14.47.45:259][806]LogMaterial: 0.01 seconds spent updating 1 materials, 1 interfaces, 0 instances, 1 with static permutations.
[2017.12.24-14.47.45:346][806]LogMaterial: 0.01 seconds spent updating 1 materials, 1 interfaces, 0 instances, 1 with static permutations.
[2017.12.24-14.47.45:419][806]LogTexture:Display: 텍스처 빌드중: Texture2D_2 (G8, 128X128) - 282 MB 총 VRAM
[2017.12.24-14.48.39:905][753]LogMaterial: Missing cached shader map for material g1_Mat, compiling. 
[2017.12.24-14.48.39:907][753]LogTemp:Display: Added material ShaderMap 0x000001CE0AD37200 with Material 0x000001CE0D0B9300 to ShaderMapsBeingCompiled
[2017.12.24-14.48.39:929][753]LogTemp:Display: Kicking off shader compilation for g1_Mat, GameThreadShaderMap 0x000001CE0AD37200
[2017.12.24-14.48.40:055][753]LogMaterial: Missing cached shader map for material g1_Mat, compiling. 
[2017.12.24-14.48.40:057][753]LogTemp:Display: Added material ShaderMap 0x000001CEBD54E400 with Material 0x000001CE0D0B9300 to ShaderMapsBeingCompiled
[2017.12.24-14.48.40:078][753]LogTemp:Display: Kicking off shader compilation for g1_Mat, GameThreadShaderMap 0x000001CEBD54E400
[2017.12.24-14.48.40:079][753]LogMaterial: 0.00 seconds spent updating 1 materials, 1 interfaces, 0 instances, 0 with static permutations.
[2017.12.24-14.48.40:111][753]LogMaterial: Missing cached shader map for material FMatExpressionPreview MaterialExpressionTextureSample_0, compiling. 
[2017.12.24-14.48.40:112][753]LogTemp:Display: Added material ShaderMap 0x000001CEC1394F00 with Material 0x000001CE0F56DF00 to ShaderMapsBeingCompiled
[2017.12.24-14.48.40:114][753]LogTemp:Display: Kicking off shader compilation for FMatExpressionPreview MaterialExpressionTextureSample_0, GameThreadShaderMap 0x000001CEC1394F00
[2017.12.24-14.48.40:116][753]LogMaterial: Missing cached shader map for material FMatExpressionPreview MaterialExpressionVectorParameter_3, compiling. 
[2017.12.24-14.48.40:117][753]LogTemp:Display: Added material ShaderMap 0x000001CEC136B580 with Material 0x000001CE0F56F700 to ShaderMapsBeingCompiled
[2017.12.24-14.48.40:119][753]LogTemp:Display: Kicking off shader compilation for FMatExpressionPreview MaterialExpressionVectorParameter_3, GameThreadShaderMap 0x000001CEC136B580
[2017.12.24-14.48.40:409][756]LogSlate: Took 0.005107 seconds to synchronously load lazily loaded font '../../../Engine/Content/Editor/Slate/Fonts/Roboto-Italic.ttf' (157K)
[2017.12.24-14.48.57:350][466]LogTemp:Display: Finished compile of shader map 0x000001CEBD54E400
[2017.12.24-14.48.57:350][466]LogTemp:Display: Shader map g1_Mat complete, GameThreadShaderMap 0x000001CEBD54E400, marking material g1_Mat as finished
[2017.12.24-14.48.57:350][466]LogTemp:Display: Marking material as finished 0x000001CE0D0B9300
[2017.12.24-14.48.57:683][467]MaterialEditorStats: 정보 Base pass shader with only dynamic lighting: 73 instructions
[2017.12.24-14.48.57:683][467]MaterialEditorStats: 정보 Vertex shader: 51 instructions
[2017.12.24-14.48.57:683][467]MaterialEditorStats: 정보 Texture samplers: 1/16
[2017.12.24-14.48.57:684][467]LogTemp:Display: Finished compile of shader map 0x000001CEC1394F00
[2017.12.24-14.48.57:684][467]LogTemp:Display: Shader map FMatExpressionPreview MaterialExpressionTextureSample_0 complete, GameThreadShaderMap 0x000001CEC1394F00, marking material FMatExpressionPreview MaterialExpressionTextureSample_0 as finished
[2017.12.24-14.48.57:684][467]LogTemp:Display: Marking material as finished 0x000001CE0F56DF00
[2017.12.24-14.48.58:015][468]LogTemp:Display: Finished compile of shader map 0x000001CEC136B580
[2017.12.24-14.48.58:015][468]LogTemp:Display: Shader map FMatExpressionPreview MaterialExpressionVectorParameter_3 complete, GameThreadShaderMap 0x000001CEC136B580, marking material FMatExpressionPreview MaterialExpressionVectorParameter_3 as finished
[2017.12.24-14.48.58:015][468]LogTemp:Display: Marking material as finished 0x000001CE0F56F700
[2017.12.24-15.06.31:473][154]LogMaterial: 0.00 seconds spent updating 1 materials, 1 interfaces, 0 instances, 0 with static permutations.
[2017.12.24-15.06.31:475][154]LogMaterial: 0.00 seconds spent updating 1 materials, 1 interfaces, 0 instances, 0 with static permutations.
[2017.12.24-15.06.31:489][155]LogMaterial: 0.00 seconds spent updating 1 materials, 1 interfaces, 0 instances, 0 with static permutations.
[2017.12.24-15.06.31:490][155]LogMaterial: 0.00 seconds spent updating 1 materials, 1 interfaces, 0 instances, 0 with static permutations.
[2017.12.24-15.06.31:505][156]LogMaterial: 0.00 seconds spent updating 1 materials, 1 interfaces, 0 instances, 0 with static permutations.
[2017.12.24-15.06.32:951][283]LogMaterial: 0.00 seconds spent updating 1 materials, 1 interfaces, 0 instances, 0 with static permutations.
[2017.12.24-15.06.32:952][283]LogMaterial: 0.00 seconds spent updating 1 materials, 1 interfaces, 0 instances, 0 with static permutations.
[2017.12.24-15.06.32:965][284]LogMaterial: 0.00 seconds spent updating 1 materials, 1 interfaces, 0 instances, 0 with static permutations.
[2017.12.24-15.06.33:539][325]LogMaterial: 0.00 seconds spent updating 1 materials, 1 interfaces, 0 instances, 0 with static permutations.
[2017.12.24-15.06.33:541][325]LogMaterial: 0.00 seconds spent updating 1 materials, 1 interfaces, 0 instances, 0 with static permutations.
[2017.12.24-15.06.33:543][325]LogMaterial: 0.00 seconds spent updating 1 materials, 1 interfaces, 0 instances, 0 with static permutations.
[2017.12.24-15.06.33:545][325]LogMaterial: 0.00 seconds spent updating 1 materials, 1 interfaces, 0 instances, 0 with static permutations.
[2017.12.24-15.06.33:573][326]LogMaterial: 0.00 seconds spent updating 1 materials, 1 interfaces, 0 instances, 0 with static permutations.
[2017.12.24-15.06.33:574][326]LogMaterial: 0.00 seconds spent updating 1 materials, 1 interfaces, 0 instances, 0 with static permutations.
[2017.12.24-15.06.33:576][326]LogMaterial: 0.00 seconds spent updating 1 materials, 1 interfaces, 0 instances, 0 with static permutations.
[2017.12.24-15.06.33:577][326]LogMaterial: 0.00 seconds spent updating 1 materials, 1 interfaces, 0 instances, 0 with static permutations.
[2017.12.24-15.06.33:592][327]LogMaterial: 0.00 seconds spent updating 1 materials, 1 interfaces, 0 instances, 0 with static permutations.
[2017.12.24-15.06.33:593][327]LogMaterial: 0.00 seconds spent updating 1 materials, 1 interfaces, 0 instances, 0 with static permutations.
[2017.12.24-15.06.33:596][327]LogMaterial: 0.00 seconds spent updating 1 materials, 1 interfaces, 0 instances, 0 with static permutations.
[2017.12.24-15.06.33:598][327]LogMaterial: 0.00 seconds spent updating 1 materials, 1 interfaces, 0 instances, 0 with static permutations.
[2017.12.24-15.06.33:613][328]LogMaterial: 0.00 seconds spent updating 1 materials, 1 interfaces, 0 instances, 0 with static permutations.
[2017.12.24-15.06.33:615][328]LogMaterial: 0.00 seconds spent updating 1 materials, 1 interfaces, 0 instances, 0 with static permutations.
[2017.12.24-15.06.35:794][521]LogMaterial: 0.00 seconds spent updating 1 materials, 1 interfaces, 0 instances, 0 with static permutations.
[2017.12.24-15.06.35:796][521]LogMaterial: 0.00 seconds spent updating 1 materials, 1 interfaces, 0 instances, 0 with static permutations.
[2017.12.24-15.06.35:798][521]LogMaterial: 0.00 seconds spent updating 1 materials, 1 interfaces, 0 instances, 0 with static permutations.
[2017.12.24-15.06.39:348][839]LogMaterial: 0.00 seconds spent updating 1 materials, 1 interfaces, 0 instances, 0 with static permutations.
[2017.12.24-15.06.39:349][839]LogMaterial: 0.00 seconds spent updating 1 materials, 1 interfaces, 0 instances, 0 with static permutations.
[2017.12.24-15.06.39:361][840]LogMaterial: 0.00 seconds spent updating 1 materials, 1 interfaces, 0 instances, 0 with static permutations.
[2017.12.24-15.06.39:363][840]LogMaterial: 0.00 seconds spent updating 1 materials, 1 interfaces, 0 instances, 0 with static permutations.
[2017.12.24-15.07.56:545][835]LogEditorViewport: Clicking on Actor (context menu): InstancedFoliageActor (InstancedFoliageActor)
[2017.12.24-15.08.30:447][927]Cmd: OBJ SAVEPACKAGE PACKAGE="/Game/Map/newMap" FILE="D:/UNNAMED/UNNAMED/Content/Map/newMap.umap" SILENT=true AUTOSAVING=false KEEPDIRTY=false
[2017.12.24-15.08.30:476][927]LogTemp:Display: Removed shader map 0x000001CE0AD37200 from material 0x000001CE0D0B9300
[2017.12.24-15.08.30:478][927]LogTemp:Display: Removed shader map 0x000001CE0A589600 from material 0x000001CE208F3D80
[2017.12.24-15.08.30:724][927]LogTexture:Display: 텍스처 빌드중: Texture2D_1188 (BGRA8, 8X8) - 293 MB 총 VRAM
[2017.12.24-15.08.30:827][927]LogTexture:Display: 텍스처 빌드중: Texture2D_642 (BGRA8, 8X8) - 293 MB 총 VRAM
[2017.12.24-15.08.30:827][927]LogTexture:Display: 텍스처 빌드중: Texture2D_644 (BGRA8, 8X8) - 293 MB 총 VRAM
[2017.12.24-15.08.30:828][927]LogTexture:Display: 텍스처 빌드중: Texture2D_650 (BGRA8, 8X8) - 293 MB 총 VRAM
[2017.12.24-15.08.30:830][927]LogTexture:Display: 텍스처 빌드중: Texture2D_661 (BGRA8, 8X8) - 293 MB 총 VRAM
[2017.12.24-15.08.30:831][927]LogTexture:Display: 텍스처 빌드중: Texture2D_668 (BGRA8, 8X8) - 293 MB 총 VRAM
[2017.12.24-15.08.30:838][927]LogTexture:Display: 텍스처 빌드중: Texture2D_689 (BGRA8, 8X8) - 293 MB 총 VRAM
[2017.12.24-15.08.30:839][927]LogTexture:Display: 텍스처 빌드중: Texture2D_697 (BGRA8, 8X8) - 293 MB 총 VRAM
[2017.12.24-15.08.30:841][927]LogTexture:Display: 텍스처 빌드중: Texture2D_705 (BGRA8, 8X8) - 293 MB 총 VRAM
[2017.12.24-15.08.30:850][927]LogTexture:Display: 텍스처 빌드중: Texture2D_736 (BGRA8, 8X8) - 293 MB 총 VRAM
[2017.12.24-15.08.30:851][927]LogTexture:Display: 텍스처 빌드중: Texture2D_740 (BGRA8, 8X8) - 293 MB 총 VRAM
[2017.12.24-15.08.30:852][927]LogTexture:Display: 텍스처 빌드중: Texture2D_742 (BGRA8, 8X8) - 293 MB 총 VRAM
[2017.12.24-15.08.30:853][927]LogTexture:Display: 텍스처 빌드중: Texture2D_755 (BGRA8, 8X8) - 293 MB 총 VRAM
[2017.12.24-15.08.30:854][927]LogTexture:Display: 텍스처 빌드중: Texture2D_757 (BGRA8, 8X8) - 293 MB 총 VRAM
[2017.12.24-15.08.30:866][927]LogTexture:Display: 텍스처 빌드중: Texture2D_779 (BGRA8, 8X8) - 293 MB 총 VRAM
[2017.12.24-15.08.30:871][927]LogTexture:Display: 텍스처 빌드중: Texture2D_811 (BGRA8, 8X8) - 293 MB 총 VRAM
[2017.12.24-15.08.30:871][927]LogTexture:Display: 텍스처 빌드중: Texture2D_814 (BGRA8, 8X8) - 293 MB 총 VRAM
[2017.12.24-15.08.30:880][927]LogTexture:Display: 텍스처 빌드중: Texture2D_867 (BGRA8, 8X8) - 293 MB 총 VRAM
[2017.12.24-15.08.30:881][927]LogTexture:Display: 텍스처 빌드중: Texture2D_873 (BGRA8, 8X8) - 293 MB 총 VRAM
[2017.12.24-15.08.30:883][927]LogTexture:Display: 텍스처 빌드중: Texture2D_881 (BGRA8, 8X8) - 293 MB 총 VRAM
[2017.12.24-15.08.30:883][927]LogTexture:Display: 텍스처 빌드중: Texture2D_885 (BGRA8, 8X8) - 293 MB 총 VRAM
[2017.12.24-15.08.30:885][927]LogTexture:Display: 텍스처 빌드중: Texture2D_893 (BGRA8, 8X8) - 293 MB 총 VRAM
[2017.12.24-15.08.30:885][927]LogTexture:Display: 텍스처 빌드중: Texture2D_895 (BGRA8, 8X8) - 293 MB 총 VRAM
[2017.12.24-15.08.30:886][927]LogTexture:Display: 텍스처 빌드중: Texture2D_897 (BGRA8, 8X8) - 293 MB 총 VRAM
[2017.12.24-15.08.30:897][927]LogTexture:Display: 텍스처 빌드중: Texture2D_908 (BGRA8, 8X8) - 293 MB 총 VRAM
[2017.12.24-15.08.30:898][927]LogTexture:Display: 텍스처 빌드중: Texture2D_911 (BGRA8, 8X8) - 293 MB 총 VRAM
[2017.12.24-15.08.30:899][927]LogTexture:Display: 텍스처 빌드중: Texture2D_918 (BGRA8, 8X8) - 293 MB 총 VRAM
[2017.12.24-15.08.30:900][927]LogTexture:Display: 텍스처 빌드중: Texture2D_920 (BGRA8, 8X8) - 293 MB 총 VRAM
[2017.12.24-15.08.30:900][927]LogTexture:Display: 텍스처 빌드중: Texture2D_923 (BGRA8, 8X8) - 293 MB 총 VRAM
[2017.12.24-15.08.30:901][927]LogTexture:Display: 텍스처 빌드중: Texture2D_926 (BGRA8, 8X8) - 293 MB 총 VRAM
[2017.12.24-15.08.30:902][927]LogTexture:Display: 텍스처 빌드중: Texture2D_929 (BGRA8, 8X8) - 293 MB 총 VRAM
[2017.12.24-15.08.30:912][927]LogTexture:Display: 텍스처 빌드중: Texture2D_961 (BGRA8, 8X8) - 293 MB 총 VRAM
[2017.12.24-15.08.34:754][927]LogSavePackage: Save=4204.11ms
[2017.12.24-15.08.34:754][927]LogSavePackage: Moving 'D:/UNNAMED/UNNAMED/Saved/newMap15F2D5D4484E8317576BAF901004AEC0.tmp' to 'D:/UNNAMED/UNNAMED/Content/Map/newMap.umap'
[2017.12.24-15.08.34:761][927]LogSavePackage:Display: Finished SavePackage D:/UNNAMED/UNNAMED/Content/Map/newMap.umap
[2017.12.24-15.08.34:826][927]Cmd: OBJ SAVEPACKAGE PACKAGE="/Game/Map/newMap_BuiltData" FILE="D:/UNNAMED/UNNAMED/Content/Map/newMap_BuiltData.uasset" SILENT=true
[2017.12.24-15.08.36:351][927]LogSavePackage: Save=1398.45ms
[2017.12.24-15.08.36:351][927]LogSavePackage: Moving 'D:/UNNAMED/UNNAMED/Saved/newMap_BuiltDataF5C685F1408BA82CE99907A278EE5682.tmp' to 'D:/UNNAMED/UNNAMED/Content/Map/newMap_BuiltData.uasset'
[2017.12.24-15.08.36:361][927]LogSavePackage:Display: Finished SavePackage D:/UNNAMED/UNNAMED/Content/Map/newMap_BuiltData.uasset
[2017.12.24-15.08.39:987][ 86]LogWindowsTextInputMethodSystem:Display: IME system now activated using TSF (Microsoft 입력기).
[2017.12.24-15.08.40:197][ 87]Cmd: QUIT_EDITOR
[2017.12.24-15.08.40:289][ 87]LogExit: Preparing to exit.
[2017.12.24-15.08.40:653][ 87]LogExit: Editor shut down
[2017.12.24-15.08.40:654][ 87]LogExit: Transaction tracking system shut down
[2017.12.24-15.08.40:817][ 87]LogObj: Freed 0b from 0 cluster array pools.
[2017.12.24-15.08.40:818][ 87]LogExit: Object subsystem successfully closed.
[2017.12.24-15.08.40:853][ 87]LogD3D11RHI: Shutdown
[2017.12.24-15.08.40:853][ 87]LogD3D11RHI: CleanupD3DDevice
[2017.12.24-15.08.41:052][ 87]LogD3D11RHI: ~FD3D11DynamicRHI
[2017.12.24-15.08.41:097][ 87]LogModuleManager: Shutting down and abandoning module MaterialEditor (502)
[2017.12.24-15.08.41:097][ 87]LogModuleManager: Shutting down and abandoning module HierarchicalLODOutliner (500)
[2017.12.24-15.08.41:097][ 87]LogModuleManager: Shutting down and abandoning module CrashTracker (498)
[2017.12.24-15.08.41:097][ 87]LogModuleManager: Shutting down and abandoning module AddContentDialog (496)
[2017.12.24-15.08.41:097][ 87]LogDirectoryWatcher: A directory notification for 'C:/Program Files/Epic Games/UE_4.15/FeaturePacks/' was aborted.
[2017.12.24-15.08.41:099][ 87]LogModuleManager: Shutting down and abandoning module WidgetCarousel (495)
[2017.12.24-15.08.41:099][ 87]LogModuleManager: Shutting down and abandoning module EditorWidgets (492)
[2017.12.24-15.08.41:099][ 87]LogModuleManager: Shutting down and abandoning module CollectionManager (490)
[2017.12.24-15.08.41:099][ 87]LogDirectoryWatcher: A directory notification for 'D:/UNNAMED/UNNAMED/Content/Collections/' was aborted.
[2017.12.24-15.08.41:099][ 87]LogDirectoryWatcher: A directory notification for 'D:/UNNAMED/UNNAMED/Content/Developers/duck2/Collections/' was aborted.
[2017.12.24-15.08.41:099][ 87]LogDirectoryWatcher: A directory notification for 'D:/UNNAMED/UNNAMED/Saved/Collections/' was aborted.
[2017.12.24-15.08.41:099][ 87]LogModuleManager: Shutting down and abandoning module SceneOutliner (488)
[2017.12.24-15.08.41:099][ 87]LogModuleManager: Shutting down and abandoning module StatsViewer (486)
[2017.12.24-15.08.41:099][ 87]LogModuleManager: Shutting down and abandoning module FoliageEdit (484)
[2017.12.24-15.08.41:099][ 87]LogModuleManager: Shutting down and abandoning module LandscapeEditor (482)
[2017.12.24-15.08.41:099][ 87]LogModuleManager: Shutting down and abandoning module SceneDepthPickerMode (480)
[2017.12.24-15.08.41:099][ 87]LogModuleManager: Shutting down and abandoning module ActorPickerMode (478)
[2017.12.24-15.08.41:099][ 87]LogModuleManager: Shutting down and abandoning module GeometryMode (476)
[2017.12.24-15.08.41:099][ 87]LogModuleManager: Shutting down and abandoning module TextureAlignMode (474)
[2017.12.24-15.08.41:099][ 87]LogModuleManager: Shutting down and abandoning module BspMode (472)
[2017.12.24-15.08.41:099][ 87]LogModuleManager: Shutting down and abandoning module HardwareSurvey (470)
[2017.12.24-15.08.41:099][ 87]LogModuleManager: Shutting down and abandoning module SequenceRecorderSections (468)
[2017.12.24-15.08.41:099][ 87]LogModuleManager: Shutting down and abandoning module AutomationWorker (466)
[2017.12.24-15.08.41:099][ 87]LogModuleManager: Shutting down and abandoning module MatineeToLevelSequence (464)
[2017.12.24-15.08.41:099][ 87]LogModuleManager: Shutting down and abandoning module LevelSequenceEditor (462)
[2017.12.24-15.08.41:100][ 87]LogModuleManager: Shutting down and abandoning module PlacementMode (461)
[2017.12.24-15.08.41:100][ 87]LogModuleManager: Shutting down and abandoning module WmfMediaFactory (458)
[2017.12.24-15.08.41:100][ 87]LogModuleManager: Shutting down and abandoning module WmfMediaEditor (456)
[2017.12.24-15.08.41:100][ 87]LogModuleManager: Shutting down and abandoning module MfMediaFactory (454)
[2017.12.24-15.08.41:100][ 87]LogModuleManager: Shutting down and abandoning module MfMediaEditor (452)
[2017.12.24-15.08.41:100][ 87]LogModuleManager: Shutting down and abandoning module AvfMediaFactory (450)
[2017.12.24-15.08.41:100][ 87]LogModuleManager: Shutting down and abandoning module AvfMediaEditor (448)
[2017.12.24-15.08.41:100][ 87]LogModuleManager: Shutting down and abandoning module AndroidMediaFactory (446)
[2017.12.24-15.08.41:100][ 87]LogModuleManager: Shutting down and abandoning module Media (445)
[2017.12.24-15.08.41:100][ 87]LogModuleManager: Shutting down and abandoning module AndroidMediaEditor (442)
[2017.12.24-15.08.41:100][ 87]LogModuleManager: Shutting down and abandoning module CharacterAI (440)
[2017.12.24-15.08.41:100][ 87]LogModuleManager: Shutting down and abandoning module AudioCapture (438)
[2017.12.24-15.08.41:100][ 87]LogModuleManager: Shutting down and abandoning module SequenceRecorder (437)
[2017.12.24-15.08.41:100][ 87]LogModuleManager: Shutting down and abandoning module SmartSnapping (434)
[2017.12.24-15.08.41:100][ 87]LogModuleManager: Shutting down and abandoning module SessionServices (432)
[2017.12.24-15.08.41:100][ 87]LogModuleManager: Shutting down and abandoning module ViewportSnapping (430)
[2017.12.24-15.08.41:100][ 87]LogModuleManager: Shutting down and abandoning module ViewportInteraction (428)
[2017.12.24-15.08.41:100][ 87]LogModuleManager: Shutting down and abandoning module LogVisualizer (426)
[2017.12.24-15.08.41:101][ 87]LogModuleManager: Shutting down and abandoning module IntroTutorials (424)
[2017.12.24-15.08.41:101][ 87]LogModuleManager: Shutting down and abandoning module GameProjectGeneration (423)
[2017.12.24-15.08.41:102][ 87]LogModuleManager: Shutting down and abandoning module EditorLiveStreaming (420)
[2017.12.24-15.08.41:102][ 87]LogModuleManager: Shutting down and abandoning module IOSPlatformEditor (418)
[2017.12.24-15.08.41:102][ 87]LogModuleManager: Shutting down and abandoning module HTML5PlatformEditor (416)
[2017.12.24-15.08.41:102][ 87]LogModuleManager: Shutting down and abandoning module AndroidPlatformEditor (414)
[2017.12.24-15.08.41:102][ 87]LogModuleManager: Shutting down and abandoning module AndroidDeviceDetection (413)
[2017.12.24-15.08.41:276][ 87]LogModuleManager: Shutting down and abandoning module IOSRuntimeSettings (410)
[2017.12.24-15.08.41:276][ 87]LogModuleManager: Shutting down and abandoning module AndroidRuntimeSettings (408)
[2017.12.24-15.08.41:276][ 87]LogModuleManager: Shutting down and abandoning module InputBindingEditor (406)
[2017.12.24-15.08.41:276][ 87]LogModuleManager: Shutting down and abandoning module NiagaraEditor (404)
[2017.12.24-15.08.41:277][ 87]LogModuleManager: Shutting down and abandoning module MergeActors (402)
[2017.12.24-15.08.41:278][ 87]LogModuleManager: Shutting down and abandoning module SizeMap (400)
[2017.12.24-15.08.41:278][ 87]LogModuleManager: Shutting down and abandoning module TreeMap (398)
[2017.12.24-15.08.41:278][ 87]LogModuleManager: Shutting down and abandoning module ReferenceViewer (396)
[2017.12.24-15.08.41:278][ 87]LogModuleManager: Shutting down and abandoning module LocalizationDashboard (394)
[2017.12.24-15.08.41:278][ 87]LogModuleManager: Shutting down and abandoning module LocalizationService (393)
[2017.12.24-15.08.41:278][ 87]LogModuleManager: Shutting down and abandoning module HardwareTargeting (390)
[2017.12.24-15.08.41:278][ 87]LogModuleManager: Shutting down and abandoning module DeviceProfileEditor (388)
[2017.12.24-15.08.41:279][ 87]LogModuleManager: Shutting down and abandoning module UndoHistory (386)
[2017.12.24-15.08.41:279][ 87]LogModuleManager: Shutting down and abandoning module UserFeedback (384)
[2017.12.24-15.08.41:279][ 87]LogModuleManager: Shutting down and abandoning module XmlParser (382)
[2017.12.24-15.08.41:279][ 87]LogModuleManager: Shutting down and abandoning module Blutility (380)
[2017.12.24-15.08.41:279][ 87]LogModuleManager: Shutting down and abandoning module ProjectSettingsViewer (378)
[2017.12.24-15.08.41:279][ 87]LogModuleManager: Shutting down and abandoning module ProjectTargetPlatformEditor (377)
[2017.12.24-15.08.41:281][ 87]LogModuleManager: Shutting down and abandoning module EditorSettingsViewer (374)
[2017.12.24-15.08.41:281][ 87]LogModuleManager: Shutting down and abandoning module SettingsEditor (372)
[2017.12.24-15.08.41:281][ 87]LogModuleManager: Shutting down and abandoning module ProjectLauncher (370)
[2017.12.24-15.08.41:282][ 87]LogModuleManager: Shutting down and abandoning module SessionFrontend (368)
[2017.12.24-15.08.41:282][ 87]LogModuleManager: Shutting down and abandoning module ProfilerClient (366)
[2017.12.24-15.08.41:284][ 87]LogModuleManager: Shutting down and abandoning module DeviceManager (364)
[2017.12.24-15.08.41:285][ 87]LogModuleManager: Shutting down and abandoning module TargetDeviceServices (363)
[2017.12.24-15.08.41:327][ 87]LogModuleManager: Shutting down and abandoning module AutomationController (360)
[2017.12.24-15.08.41:327][ 87]LogModuleManager: Shutting down and abandoning module AutomationWindow (358)
[2017.12.24-15.08.41:328][ 87]LogModuleManager: Shutting down and abandoning module Layers (356)
[2017.12.24-15.08.41:329][ 87]LogModuleManager: Shutting down and abandoning module ComponentVisualizers (354)
[2017.12.24-15.08.41:329][ 87]LogModuleManager: Shutting down and abandoning module DetailCustomizations (352)
[2017.12.24-15.08.41:329][ 87]LogModuleManager: Shutting down and abandoning module PackagesDialog (350)
[2017.12.24-15.08.41:330][ 87]LogModuleManager: Shutting down and abandoning module Persona (348)
[2017.12.24-15.08.41:330][ 87]LogModuleManager: Shutting down and abandoning module AnimGraph (347)
[2017.12.24-15.08.41:330][ 87]LogModuleManager: Shutting down and abandoning module Kismet (344)
[2017.12.24-15.08.41:339][ 87]LogModuleManager: Shutting down and abandoning module GraphEditor (342)
[2017.12.24-15.08.41:339][ 87]LogModuleManager: Shutting down and abandoning module ClassViewer (340)
[2017.12.24-15.08.41:340][ 87]LogModuleManager: Shutting down and abandoning module Toolbox (338)
[2017.12.24-15.08.41:340][ 87]LogModuleManager: Shutting down and abandoning module ModuleUI (336)
[2017.12.24-15.08.41:340][ 87]LogModuleManager: Shutting down and abandoning module MovieSceneTools (334)
[2017.12.24-15.08.41:341][ 87]LogModuleManager: Shutting down and abandoning module OutputLog (332)
[2017.12.24-15.08.41:341][ 87]LogModuleManager: Shutting down and abandoning module GammaUI (330)
[2017.12.24-15.08.41:341][ 87]LogModuleManager: Shutting down and abandoning module Documentation (328)
[2017.12.24-15.08.41:341][ 87]LogModuleManager: Shutting down and abandoning module Niagara (326)
[2017.12.24-15.08.41:341][ 87]LogModuleManager: Shutting down and abandoning module StreamingPauseRendering (324)
[2017.12.24-15.08.41:341][ 87]LogModuleManager: Shutting down and abandoning module AnalyticsET (322)
[2017.12.24-15.08.41:341][ 87]LogModuleManager: Shutting down and abandoning module PortalServices (320)
[2017.12.24-15.08.41:341][ 87]LogModuleManager: Shutting down and abandoning module PortalRpc (318)
[2017.12.24-15.08.41:341][ 87]LogModuleManager: Shutting down and abandoning module MessagingRpc (316)
[2017.12.24-15.08.41:341][ 87]LogModuleManager: Shutting down and abandoning module AIModule (314)
[2017.12.24-15.08.41:341][ 87]LogModuleManager: Shutting down and abandoning module GameplayDebugger (313)
[2017.12.24-15.08.41:341][ 87]LogModuleManager: Shutting down and abandoning module AITestSuite (311)
[2017.12.24-15.08.41:341][ 87]LogModuleManager: Shutting down and abandoning module ProfilerService (308)
[2017.12.24-15.08.41:435][ 87]LogModuleManager: Shutting down and abandoning module TaskGraph (306)
[2017.12.24-15.08.41:435][ 87]LogModuleManager: Shutting down and abandoning module SteamVRController (304)
[2017.12.24-15.08.41:435][ 87]LogModuleManager: Shutting down and abandoning module SteamVR (302)
[2017.12.24-15.08.41:435][ 87]LogModuleManager: Shutting down and abandoning module ProceduralMeshComponentEditor (300)
[2017.12.24-15.08.41:435][ 87]LogModuleManager: Shutting down and abandoning module ProceduralMeshComponent (298)
[2017.12.24-15.08.41:435][ 87]LogModuleManager: Shutting down and abandoning module OculusLibrary (296)
[2017.12.24-15.08.41:435][ 87]LogModuleManager: Shutting down and abandoning module OculusInput (294)
[2017.12.24-15.08.41:435][ 87]LogModuleManager: Shutting down and abandoning module MobilePatchingUtils (292)
[2017.12.24-15.08.41:435][ 87]LogModuleManager: Shutting down and abandoning module CustomMeshComponent (290)
[2017.12.24-15.08.41:435][ 87]LogModuleManager: Shutting down and abandoning module CableComponent (288)
[2017.12.24-15.08.41:435][ 87]LogModuleManager: Shutting down and abandoning module ArchVisCharacter (286)
[2017.12.24-15.08.41:435][ 87]LogModuleManager: Shutting down and abandoning module MediaPlayerEditor (284)
[2017.12.24-15.08.41:436][ 87]LogModuleManager: Shutting down and abandoning module HTML5Networking (282)
[2017.12.24-15.08.41:436][ 87]LogModuleManager: Shutting down and abandoning module AlembicImporter (280)
[2017.12.24-15.08.41:436][ 87]LogModuleManager: Shutting down and abandoning module AlembicLibrary (279)
[2017.12.24-15.08.41:436][ 87]LogModuleManager: Shutting down and abandoning module GeometryCache (278)
[2017.12.24-15.08.41:436][ 87]LogModuleManager: Shutting down and abandoning module GeometryCacheEd (277)
[2017.12.24-15.08.41:436][ 87]LogModuleManager: Shutting down and abandoning module SuperSearchEditor (272)
[2017.12.24-15.08.41:436][ 87]LogModuleManager: Shutting down and abandoning module SuperSearch (271)
[2017.12.24-15.08.41:436][ 87]LogModuleManager: Shutting down and abandoning module SpeedTreeImporter (268)
[2017.12.24-15.08.41:436][ 87]LogModuleManager: Shutting down and abandoning module PluginBrowser (266)
[2017.12.24-15.08.41:436][ 87]LogModuleManager: Shutting down and abandoning module MobileLauncherProfileWizard (264)
[2017.12.24-15.08.41:437][ 87]LogModuleManager: Shutting down and abandoning module EpicSurvey (262)
[2017.12.24-15.08.41:437][ 87]LogModuleManager: Shutting down and abandoning module VisualStudioSourceCodeAccess (260)
[2017.12.24-15.08.41:437][ 87]LogModuleManager: Shutting down and abandoning module DesktopPlatform (259)
[2017.12.24-15.08.41:437][ 87]LogModuleManager: Shutting down and abandoning module UObjectPlugin (256)
[2017.12.24-15.08.41:437][ 87]LogModuleManager: Shutting down and abandoning module SubversionSourceControl (254)
[2017.12.24-15.08.41:437][ 87]LogModuleManager: Shutting down and abandoning module PerforceSourceControl (252)
[2017.12.24-15.08.41:437][ 87]LogModuleManager: Shutting down and abandoning module GitSourceControl (250)
[2017.12.24-15.08.41:437][ 87]LogModuleManager: Shutting down and abandoning module SourceControl (249)
[2017.12.24-15.08.41:437][ 87]LogModuleManager: Shutting down and abandoning module LightPropagationVolumeEditor (246)
[2017.12.24-15.08.41:437][ 87]LogModuleManager: Shutting down and abandoning module PaperTiledImporter (244)
[2017.12.24-15.08.41:437][ 87]LogModuleManager: Shutting down and abandoning module PaperSpriteSheetImporter (242)
[2017.12.24-15.08.41:437][ 87]LogModuleManager: Shutting down and abandoning module Paper2DEditor (240)
[2017.12.24-15.08.41:438][ 87]LogModuleManager: Shutting down and abandoning module MeshPaint (239)
[2017.12.24-15.08.41:438][ 87]LogModuleManager: Shutting down and abandoning module LevelEditor (237)
[2017.12.24-15.08.41:438][ 87]LogModuleManager: Shutting down and abandoning module PixelInspectorModule (236)
[2017.12.24-15.08.41:439][ 87]LogModuleManager: Shutting down and abandoning module MainFrame (234)
[2017.12.24-15.08.41:439][ 87]LogModuleManager: Shutting down and abandoning module HotReload (233)
[2017.12.24-15.08.41:439][ 87]LogModuleManager: Shutting down and abandoning module ContentBrowser (229)
[2017.12.24-15.08.41:440][ 87]LogModuleManager: Shutting down and abandoning module PhysXVehiclesEditor (226)
[2017.12.24-15.08.41:440][ 87]LogModuleManager: Shutting down and abandoning module PhysXVehicles (224)
[2017.12.24-15.08.41:440][ 87]LogModuleManager: Shutting down and abandoning module LocationServicesBPLibrary (222)
[2017.12.24-15.08.41:440][ 87]LogModuleManager: Shutting down and abandoning module UdpMessaging (220)
[2017.12.24-15.08.41:541][ 87]LogModuleManager: Shutting down and abandoning module TcpMessaging (218)
[2017.12.24-15.08.41:642][ 87]LogModuleManager: Shutting down and abandoning module GameplayTagsEditor (216)
[2017.12.24-15.08.41:642][ 87]LogModuleManager: Shutting down and abandoning module FacialAnimationEditor (214)
[2017.12.24-15.08.41:642][ 87]LogModuleManager: Shutting down and abandoning module FacialAnimation (212)
[2017.12.24-15.08.41:642][ 87]LogModuleManager: Shutting down and abandoning module LightPropagationVolumeRuntime (210)
[2017.12.24-15.08.41:642][ 87]LogModuleManager: Shutting down and abandoning module Paper2D (208)
[2017.12.24-15.08.41:642][ 87]LogModuleManager: Shutting down and abandoning module WindowsMoviePlayer (206)
[2017.12.24-15.08.41:642][ 87]LogModuleManager: Shutting down and abandoning module WmfMedia (204)
[2017.12.24-15.08.41:645][ 87]LogModuleManager: Shutting down and abandoning module MfMedia (202)
[2017.12.24-15.08.41:645][ 87]LogModuleManager: Shutting down and abandoning module MediaAssets (200)
[2017.12.24-15.08.41:645][ 87]LogModuleManager: Shutting down and abandoning module GameLiveStreaming (198)
[2017.12.24-15.08.41:645][ 87]LogModuleManager: Shutting down and abandoning module VREditor (196)
[2017.12.24-15.08.41:645][ 87]LogModuleManager: Shutting down and abandoning module GameplayTasksEditor (194)
[2017.12.24-15.08.41:645][ 87]LogModuleManager: Shutting down and abandoning module BehaviorTreeEditor (192)
[2017.12.24-15.08.41:646][ 87]LogModuleManager: Shutting down and abandoning module FunctionalTesting (190)
[2017.12.24-15.08.41:646][ 87]LogModuleManager: Shutting down and abandoning module CollisionAnalyzer (188)
[2017.12.24-15.08.41:646][ 87]LogModuleManager: Shutting down and abandoning module UMG (186)
[2017.12.24-15.08.41:646][ 87]LogModuleManager: Shutting down and abandoning module UMGEditor (185)
[2017.12.24-15.08.41:646][ 87]LogModuleManager: Shutting down and abandoning module Sequencer (184)
[2017.12.24-15.08.41:647][ 87]LogModuleManager: Shutting down and abandoning module AssetTools (182)
[2017.12.24-15.08.41:648][ 87]LogModuleManager: Shutting down and abandoning module MessageLog (181)
[2017.12.24-15.08.41:648][ 87]LogModuleManager: Shutting down and abandoning module WorkspaceMenuStructure (180)
[2017.12.24-15.08.41:648][ 87]LogModuleManager: Shutting down and abandoning module SlateReflector (174)
[2017.12.24-15.08.41:648][ 87]LogModuleManager: Shutting down and abandoning module Slate (172)
[2017.12.24-15.08.41:648][ 87]LogModuleManager: Shutting down and abandoning module EditorStyle (170)
[2017.12.24-15.08.41:652][ 87]LogModuleManager: Shutting down and abandoning module SourceCodeAccess (168)
[2017.12.24-15.08.41:652][ 87]LogModuleManager: Shutting down and abandoning module HeadMountedDisplay (166)
[2017.12.24-15.08.41:652][ 87]LogModuleManager: Shutting down and abandoning module XAudio2 (164)
[2017.12.24-15.08.41:652][ 87]LogModuleManager: Shutting down and abandoning module Networking (162)
[2017.12.24-15.08.41:652][ 87]LogModuleManager: Shutting down and abandoning module Core (160)
[2017.12.24-15.08.41:652][ 87]LogModuleManager: Shutting down and abandoning module AssetRegistry (158)
[2017.12.24-15.08.41:910][ 87]LogDirectoryWatcher: A directory notification for '../../../Engine/Content/' was aborted.
[2017.12.24-15.08.41:910][ 87]LogDirectoryWatcher: A directory notification for 'D:/UNNAMED/UNNAMED/Content/' was aborted.
[2017.12.24-15.08.41:910][ 87]LogDirectoryWatcher: A directory notification for '../../../Engine/Plugins/2D/Paper2D/Content/' was aborted.
[2017.12.24-15.08.41:910][ 87]LogModuleManager: Shutting down and abandoning module DirectoryWatcher (157)
[2017.12.24-15.08.41:911][ 87]LogModuleManager: Shutting down and abandoning module KismetCompiler (154)
[2017.12.24-15.08.41:911][ 87]LogModuleManager: Shutting down and abandoning module PhysXFormats (152)
[2017.12.24-15.08.41:911][ 87]LogModuleManager: Shutting down and abandoning module MeshUtilities (150)
[2017.12.24-15.08.41:911][ 87]LogModuleManager: Shutting down and abandoning module SimplygonSwarm (149)
[2017.12.24-15.08.41:911][ 87]LogModuleManager: Shutting down and abandoning module SimplygonMeshReduction (147)
[2017.12.24-15.08.41:911][ 87]LogModuleManager: Shutting down and abandoning module QuadricMeshReduction (145)
[2017.12.24-15.08.41:911][ 87]LogModuleManager: Shutting down and abandoning module PropertyEditor (143)
[2017.12.24-15.08.41:911][ 87]LogModuleManager: Shutting down and abandoning module DerivedDataCache (140)
[2017.12.24-15.08.41:924][ 87]LogDerivedDataCache: Shutdown
[2017.12.24-15.08.41:924][ 87]LogModuleManager: Shutting down and abandoning module TargetPlatform (138)
[2017.12.24-15.08.41:924][ 87]LogModuleManager: Shutting down and abandoning module VulkanShaderFormat (137)
[2017.12.24-15.08.41:924][ 87]LogModuleManager: Shutting down and abandoning module ShaderFormatOpenGL (135)
[2017.12.24-15.08.41:925][ 87]LogModuleManager: Shutting down and abandoning module ShaderFormatD3D (133)
[2017.12.24-15.08.41:925][ 87]LogModuleManager: Shutting down and abandoning module MetalShaderFormat (131)
[2017.12.24-15.08.41:925][ 87]LogModuleManager: Shutting down and abandoning module TextureFormatUncompressed (129)
[2017.12.24-15.08.41:925][ 87]LogModuleManager: Shutting down and abandoning module TextureFormatPVR (127)
[2017.12.24-15.08.41:925][ 87]LogModuleManager: Shutting down and abandoning module TextureFormatDXT (125)
[2017.12.24-15.08.41:925][ 87]LogModuleManager: Shutting down and abandoning module TextureFormatIntelISPCTexComp (123)
[2017.12.24-15.08.41:926][ 87]LogModuleManager: Shutting down and abandoning module TextureFormatASTC (121)
[2017.12.24-15.08.41:926][ 87]LogModuleManager: Shutting down and abandoning module ImageWrapper (120)
[2017.12.24-15.08.41:926][ 87]LogModuleManager: Shutting down and abandoning module TextureFormatAndroid (117)
[2017.12.24-15.08.41:926][ 87]LogModuleManager: Shutting down and abandoning module AudioFormatOpus (115)
[2017.12.24-15.08.41:926][ 87]LogModuleManager: Shutting down and abandoning module AudioFormatOgg (113)
[2017.12.24-15.08.41:926][ 87]LogModuleManager: Shutting down and abandoning module AudioFormatADPCM (111)
[2017.12.24-15.08.41:926][ 87]LogModuleManager: Shutting down and abandoning module LinuxTargetPlatform (109)
[2017.12.24-15.08.41:926][ 87]LogModuleManager: Shutting down and abandoning module LinuxServerTargetPlatform (107)
[2017.12.24-15.08.41:926][ 87]LogModuleManager: Shutting down and abandoning module LinuxNoEditorTargetPlatform (105)
[2017.12.24-15.08.41:926][ 87]LogModuleManager: Shutting down and abandoning module LinuxClientTargetPlatform (103)
[2017.12.24-15.08.41:926][ 87]LogModuleManager: Shutting down and abandoning module TVOSTargetPlatform (101)
[2017.12.24-15.08.41:926][ 87]LogModuleManager: Shutting down and abandoning module Messaging (99)
[2017.12.24-15.08.41:926][ 87]LogModuleManager: Shutting down and abandoning module IOSTargetPlatform (97)
[2017.12.24-15.08.41:926][ 87]LogModuleManager: Shutting down and abandoning module HTML5TargetPlatform (95)
[2017.12.24-15.08.41:926][ 87]LogModuleManager: Shutting down and abandoning module Android_PVRTCTargetPlatform (93)
[2017.12.24-15.08.41:926][ 87]LogModuleManager: Shutting down and abandoning module Android_MultiTargetPlatform (91)
[2017.12.24-15.08.41:926][ 87]LogModuleManager: Shutting down and abandoning module Android_ETC2TargetPlatform (89)
[2017.12.24-15.08.41:926][ 87]LogModuleManager: Shutting down and abandoning module Android_ETC1TargetPlatform (87)
[2017.12.24-15.08.41:926][ 87]LogModuleManager: Shutting down and abandoning module Android_DXTTargetPlatform (85)
[2017.12.24-15.08.41:926][ 87]LogModuleManager: Shutting down and abandoning module Android_ATCTargetPlatform (83)
[2017.12.24-15.08.41:926][ 87]LogModuleManager: Shutting down and abandoning module Android_ASTCTargetPlatform (81)
[2017.12.24-15.08.41:926][ 87]LogModuleManager: Shutting down and abandoning module AndroidTargetPlatform (79)
[2017.12.24-15.08.41:926][ 87]LogModuleManager: Shutting down and abandoning module WindowsTargetPlatform (77)
[2017.12.24-15.08.41:926][ 87]LogModuleManager: Shutting down and abandoning module WindowsServerTargetPlatform (75)
[2017.12.24-15.08.41:926][ 87]LogModuleManager: Shutting down and abandoning module WindowsNoEditorTargetPlatform (73)
[2017.12.24-15.08.41:926][ 87]LogModuleManager: Shutting down and abandoning module WindowsClientTargetPlatform (71)
[2017.12.24-15.08.41:926][ 87]LogModuleManager: Shutting down and abandoning module MacTargetPlatform (69)
[2017.12.24-15.08.41:926][ 87]LogModuleManager: Shutting down and abandoning module MacServerTargetPlatform (67)
[2017.12.24-15.08.41:926][ 87]LogModuleManager: Shutting down and abandoning module MacNoEditorTargetPlatform (65)
[2017.12.24-15.08.41:926][ 87]LogModuleManager: Shutting down and abandoning module MacClientTargetPlatform (63)
[2017.12.24-15.08.41:926][ 87]LogModuleManager: Shutting down and abandoning module AllDesktopTargetPlatform (61)
[2017.12.24-15.08.41:926][ 87]LogModuleManager: Shutting down and abandoning module InputCore (58)
[2017.12.24-15.08.41:926][ 87]LogModuleManager: Shutting down and abandoning module Settings (56)
[2017.12.24-15.08.41:926][ 87]LogModuleManager: Shutting down and abandoning module OculusRift (54)
[2017.12.24-15.08.41:926][ 87]LogModuleManager: Shutting down and abandoning module GearVR (52)
[2017.12.24-15.08.41:926][ 87]LogModuleManager: Shutting down and abandoning module ExampleDeviceProfileSelector (50)
[2017.12.24-15.08.41:926][ 87]LogModuleManager: Shutting down and abandoning module OnlineBlueprintSupport (48)
[2017.12.24-15.08.41:926][ 87]LogModuleManager: Shutting down and abandoning module OnlineSubsystem (44)
[2017.12.24-15.08.41:926][ 87]LogOnline:Display: OSS: FOnlineSubsystemNull::Shutdown()
[2017.12.24-15.08.41:927][ 87]LogOnline:Display: Unloading online subsystem: STEAM
[2017.12.24-15.08.41:928][ 87]LogOnline:Display: Unloading online subsystem: NULL
[2017.12.24-15.08.41:928][ 87]LogModuleManager: Shutting down and abandoning module XMPP (37)
[2017.12.24-15.08.41:928][ 87]LogModuleManager: Shutting down and abandoning module HTTP (35)
[2017.12.24-15.08.41:928][ 87]LogHttp:Display: Http module shutting down, but needs to wait on 1 outstanding Http requests:
[2017.12.24-15.08.41:928][ 87]LogHttp:Display: 	verb=[POST] url=[https://datarouter.ol.epicgames.com/datarouter/api/v1/public/data?SessionID=%7B12E9323E-49D7-D19F-0BE6-80B31CD80CBF%7D&AppID=UEEditor.Rocket.Release&AppVersion=4.15.3-3450819%2B%2B%2BUE4%2BRelease-4.15&UserID=268fbee8477758c5256c18b8c81bc02c%7C0e55e2b58d2940f98493e7a1ebac9ddf%7C20bcdb9b-a76c-44b3-b614-6f4c49951e8d&AppEnvironment=datacollector-binary&UploadType=eteventstream] status=Processing
[2017.12.24-15.08.41:945][ 87]LogModuleManager: Shutting down and abandoning module SSL (34)
[2017.12.24-15.08.41:947][ 87]LogModuleManager: Shutting down and abandoning module AudioEditor (30)
[2017.12.24-15.08.41:947][ 87]LogModuleManager: Shutting down and abandoning module TextureCompressor (28)
[2017.12.24-15.08.41:948][ 87]LogModuleManager: Shutting down and abandoning module ShaderCore (26)
[2017.12.24-15.08.41:948][ 87]LogModuleManager: Shutting down and abandoning module Landscape (24)
[2017.12.24-15.08.41:948][ 87]LogModuleManager: Shutting down and abandoning module SlateRHIRenderer (22)
[2017.12.24-15.08.41:952][ 87]LogModuleManager: Shutting down and abandoning module OpenGLDrv (20)
[2017.12.24-15.08.41:953][ 87]LogModuleManager: Shutting down and abandoning module D3D11RHI (18)
[2017.12.24-15.08.41:953][ 87]LogModuleManager: Shutting down and abandoning module AnimGraphRuntime (16)
[2017.12.24-15.08.41:953][ 87]LogModuleManager: Shutting down and abandoning module Renderer (14)
[2017.12.24-15.08.41:953][ 87]LogModuleManager: Shutting down and abandoning module Engine (12)
[2017.12.24-15.08.41:953][ 87]LogModuleManager: Shutting down and abandoning module CoreUObject (10)
[2017.12.24-15.08.41:953][ 87]LogModuleManager: Shutting down and abandoning module NetworkFile (8)
[2017.12.24-15.08.41:953][ 87]LogModuleManager: Shutting down and abandoning module StreamingFile (6)
[2017.12.24-15.08.41:953][ 87]LogModuleManager: Shutting down and abandoning module SandboxFile (4)
[2017.12.24-15.08.41:953][ 87]LogModuleManager: Shutting down and abandoning module PakFile (2)
[2017.12.24-15.08.41:956][ 87]LogExit: Exiting.
[2017.12.24-15.08.41:958][ 87]Log file closed, 12/25/17 00:08:41
