Log file open, 12/22/17 00:38:06
LogInit:Display: Running engine for game: UNNAMED
LogPlatformFile: Not using cached read wrapper
LogInit:Display: RandInit(-310807169) SRandInit(-310807169).
LogTaskGraph: Started task graph with 5 named threads and 8 total threads with 1 sets of task threads.
LogStats: Stats thread started at 0.090365
LogInit: Using libcurl 7.47.1
LogInit:  - built for x86_64-pc-win32
LogInit:  - supports SSL with OpenSSL/1.0.2g
LogInit:  - supports HTTP deflate (compression) using libz 1.2.8
LogInit:  - other features:
LogInit:      CURL_VERSION_SSL
LogInit:      CURL_VERSION_LIBZ
LogInit:      CURL_VERSION_IPV6
LogInit:      CURL_VERSION_ASYNCHDNS
LogInit:      CURL_VERSION_LARGEFILE
LogInit:      CURL_VERSION_IDN
LogInit:  CurlRequestOptions (configurable via config and command line):
LogInit:  - bVerifyPeer = false  - Libcurl will NOT verify peer certificate
LogInit:  - bUseHttpProxy = false  - Libcurl will NOT use HTTP proxy
LogInit:  - bDontReuseConnections = false  - Libcurl will reuse connections
LogInit:  - CertBundlePath = nullptr  - Libcurl will use whatever was configured at build time.
LogOnline:Display: STEAM: Loading Steam SDK 1.32
LogOnline:Warning: STEAM: Steam API disabled!
LogOnline:Display: STEAM: OnlineSubsystemSteam::Shutdown()
LogInit: WinSock: version 1.1 (2.2), MaxSocks=32767, MaxUdp=65467
LogInit: Build: ++UE4+Release-4.15-CL-3450819
LogInit: Engine Version: 4.15.3-3450819+++UE4+Release-4.15
LogInit: Compatible Engine Version: 4.15.0-3299760+++UE4+Release-4.15
LogInit: Net CL: 3299760
LogDevObjectVersion: Number of dev versions registered: 14
LogDevObjectVersion:   Dev-Blueprints (B0D832E4-1F89-4F0D-ACCF-7EB736FD4AA2): 8
LogDevObjectVersion:   Dev-Build (E1C64328-A22C-4D53-A36C-8E866417BD8C): 0
LogDevObjectVersion:   Dev-Core (375EC13C-06E4-48FB-B500-84F0262A717E): 2
LogDevObjectVersion:   Dev-Editor (E4B068ED-F494-42E9-A231-DA0B2E46BB41): 14
LogDevObjectVersion:   Dev-Framework (CFFC743F-43B0-4480-9391-14DF171D2073): 22
LogDevObjectVersion:   Dev-Mobile (B02B49B5-BB20-44E9-A304-32B752E40360): 0
LogDevObjectVersion:   Dev-Networking (A4E4105C-59A1-49B5-A7C5-40C4547EDFEE): 0
LogDevObjectVersion:   Dev-Online (39C831C9-5AE6-47DC-9A44-9C173E1C8E7C): 0
LogDevObjectVersion:   Dev-Physics (78F01B33-EBEA-4F98-B9B4-84EACCB95AA2): 0
LogDevObjectVersion:   Dev-Platform (6631380F-2D4D-43E0-8009-CF276956A95A): 0
LogDevObjectVersion:   Dev-Rendering (12F88B9F-8875-4AFC-A67C-D90C383ABD29): 12
LogDevObjectVersion:   Dev-Sequencer (7B5AE74C-D270-4C10-A958-57980B212A5A): 3
LogDevObjectVersion:   Dev-VR (D7296918-1DD6-4BDD-9DE2-64A83CC13884): 0
LogDevObjectVersion:   Dev-LoadTimes (C2A15278-BFE7-4AFE-6C17-90FF531DF755): 1
LogInit: Compiled (64-bit): May 21 2017 11:02:34
LogInit: Compiled with Visual C++: 19.00.23026.00
LogInit: Build Configuration: Development
LogInit: Branch Name: ++UE4+Release-4.15
LogInit: Command line:  
LogInit: Base directory: C:/Program Files/Epic Games/UE_4.15/Engine/Binaries/Win64/
LogInit: Installed Engine Build: 1
LogInit: Presizing for max 8388607 objects, including 0 objects not considered by GC, pre-allocating 0 bytes for permanent pool.
LogInit: Object subsystem initialized
[2017.12.21-15.38.07:972][  0]LogInit: Selected Device Profile: [Windows]
[2017.12.21-15.38.07:972][  0]LogInit: Applying CVar settings loaded from the selected device profile: [Windows]
[2017.12.21-15.38.07:981][  0]LogInit: Computer: DESKTOP-F27I5IQ
[2017.12.21-15.38.07:981][  0]LogInit: User: duck2
[2017.12.21-15.38.07:981][  0]LogInit: CPU Page size=65536, Cores=4
[2017.12.21-15.38.07:981][  0]LogInit: High frequency timer resolution =3.117780 MHz
[2017.12.21-15.38.07:982][  0]LogMemory: Memory total: Physical=19.9GB (20GB approx)
[2017.12.21-15.38.07:982][  0]LogMemory: Platform Memory Stats for Windows
[2017.12.21-15.38.07:982][  0]LogMemory: Process Physical Memory: 269.52 MB used, 269.52 MB peak
[2017.12.21-15.38.07:982][  0]LogMemory: Process Virtual Memory: 262.74 MB used, 262.74 MB peak
[2017.12.21-15.38.07:982][  0]LogMemory: Physical Memory: 5573.76 MB used,  14806.39 MB free, 20380.15 MB total
[2017.12.21-15.38.07:982][  0]LogMemory: Virtual Memory: 666.44 MB used,  14806.39 MB free, 134217728.00 MB total
[2017.12.21-15.38.08:104][  0]LogTextLocalizationManager: No specific translations for ('ko-KR') exist, so ('ko') translations will be used.
[2017.12.21-15.38.08:156][  0]LogTextLocalizationManager:Warning: Loaded localization resources contain conflicting entries for (Namespace:KismetSchema, Key:Default):
Localization Resource: (C:/Program Files/Epic Games/UE_4.15/Engine/Content/Localization/EditorTutorials/ko/EditorTutorials.locres) Source String Hash: (940523119) Localized String: (디폴트)
Localization Resource: (C:/Program Files/Epic Games/UE_4.15/Engine/Content/Localization/Engine/ko/Engine.locres) Source String Hash: (940523119) Localized String: (기본)
[2017.12.21-15.38.08:157][  0]LogTextLocalizationManager:Warning: Loaded localization resources contain conflicting entries for (Namespace:UObjectToolTips, Key:AnimNode_AssetPlayerBase:InternalTimeAccumulator):
Localization Resource: (C:/Program Files/Epic Games/UE_4.15/Engine/Content/Localization/EditorTutorials/ko/EditorTutorials.locres) Source String Hash: (502993589) Localized String: (이 노드에서 애셋을 레퍼런싱하는 데 사용되는 누적 시간입니다.)
Localization Resource: (C:/Program Files/Epic Games/UE_4.15/Engine/Content/Localization/ToolTips/ko/ToolTips.locres) Source String Hash: (502993589) Localized String: (내부 시간 누산기 - 이 노드에서 애셋을 레퍼런싱하는 데 사용된 누적 시간입니다.)
Localization Resource: (C:/Program Files/Epic Games/UE_4.15/Engine/Content/Localization/Engine/ko/Engine.locres) Source String Hash: (502993589) Localized String: (이 노드에서 애셋을 레퍼런싱하는 데 사용된 누적 시간입니다.)
[2017.12.21-15.38.08:157][  0]LogTextLocalizationManager:Warning: Loaded localization resources contain conflicting entries for (Namespace:UObjectToolTips, Key:AnimNode_AssetPlayerBase:bIgnoreForRelevancyTest):
Localization Resource: (C:/Program Files/Epic Games/UE_4.15/Engine/Content/Localization/EditorTutorials/ko/EditorTutorials.locres) Source String Hash: (319969718) Localized String: (True 면, 스테이트에서 최고 가중치 애니메이션을 찾는 "Relevant anim" 노드는 이 노드를 무시합니다.
 )
Localization Resource: (C:/Program Files/Epic Games/UE_4.15/Engine/Content/Localization/ToolTips/ko/ToolTips.locres) Source String Hash: (319969718) Localized String: (연관성 테스트에 무시 - true 인 경우 스테이트 내 최고 웨이팅된 애니메이션을 찾는 "Relevant anim" (연관 애님) 노드가
이 노드를 무시합니다.)
Localization Resource: (C:/Program Files/Epic Games/UE_4.15/Engine/Content/Localization/Engine/ko/Engine.locres) Source String Hash: (319969718) Localized String: (True 면 스테이트 내 최고 웨이팅된 애니메이션을 찾는 "Relevant anim" 노드가 무시됩니다.
 )
[2017.12.21-15.38.08:157][  0]LogTextLocalizationManager:Warning: Loaded localization resources contain conflicting entries for (Namespace:UObjectToolTips, Key:AnimNode_AssetPlayerBase:BlendWeight):
Localization Resource: (C:/Program Files/Epic Games/UE_4.15/Engine/Content/Localization/EditorTutorials/ko/EditorTutorials.locres) Source String Hash: (-1232800293) Localized String: (이 노드에 마지막 걸린 블렌드웨이트 입니다.)
Localization Resource: (C:/Program Files/Epic Games/UE_4.15/Engine/Content/Localization/ToolTips/ko/ToolTips.locres) Source String Hash: (-1232800293) Localized String: (블렌드 웨이트 - 이 노드에 대해 마지막으로 접한 블렌드 웨이트입니다.)
Localization Resource: (C:/Program Files/Epic Games/UE_4.15/Engine/Content/Localization/Engine/ko/Engine.locres) Source String Hash: (-1232800293) Localized String: (이 노드에 대해 마지막 접한 블렌드 웨이트)
[2017.12.21-15.38.08:157][  0]LogTextLocalizationManager:Warning: Loaded localization resources contain conflicting entries for (Namespace:UObjectToolTips, Key:AnimNode_BlendSpacePlayer:bLoop):
Localization Resource: (C:/Program Files/Epic Games/UE_4.15/Engine/Content/Localization/EditorTutorials/ko/EditorTutorials.locres) Source String Hash: (2133979316) Localized String: (애니메이션이 끝까지 재생되면 반복할까요?)
Localization Resource: (C:/Program Files/Epic Games/UE_4.15/Engine/Content/Localization/ToolTips/ko/ToolTips.locres) Source String Hash: (2133979316) Localized String: (루프 - 애니메이션이 끝에 도달했을 때 계속 반복할까요?)
[2017.12.21-15.38.08:157][  0]LogTextLocalizationManager:Warning: Loaded localization resources contain conflicting entries for (Namespace:UObjectToolTips, Key:AnimNode_StateMachine:bSkipFirstUpdateTransition):
Localization Resource: (C:/Program Files/Epic Games/UE_4.15/Engine/Content/Localization/EditorTutorials/ko/EditorTutorials.locres) Source String Hash: (1865475011) Localized String: (첫 업데이트시 도입 상태에서의 트랜지션을 건너뛸까요? 
기본은 true 로, 첫 업데이트시에는 트랜지션 데이터를 버립니다.)
Localization Resource: (C:/Program Files/Epic Games/UE_4.15/Engine/Content/Localization/ToolTips/ko/ToolTips.locres) Source String Hash: (1865475011) Localized String: (첫 번째 업데이트 트랜지션 건너뛰기 - 첫 번째 업데이트에서 입력 스테이트의 트랜지션을 건너뜁니까?
디폴트는 true 고 첫 번째 업데이트의 트랜지션 데이터를 버립니다.)
[2017.12.21-15.38.08:157][  0]LogTextLocalizationManager:Warning: Loaded localization resources contain conflicting entries for (Namespace:UObjectToolTips, Key:AnimNode_BlendSpacePlayer:X):
Localization Resource: (C:/Program Files/Epic Games/UE_4.15/Engine/Content/Localization/EditorTutorials/ko/EditorTutorials.locres) Source String Hash: (2060772590) Localized String: (블렌드스페이스에서 샘플링할 X 좌표입니다.)
Localization Resource: (C:/Program Files/Epic Games/UE_4.15/Engine/Content/Localization/ToolTips/ko/ToolTips.locres) Source String Hash: (2060772590) Localized String: (X - 블렌드스페이스 샘플의 X 좌표입니다.)
[2017.12.21-15.38.08:157][  0]LogTextLocalizationManager:Warning: Loaded localization resources contain conflicting entries for (Namespace:UObjectToolTips, Key:AnimNode_BlendSpacePlayer:Y):
Localization Resource: (C:/Program Files/Epic Games/UE_4.15/Engine/Content/Localization/EditorTutorials/ko/EditorTutorials.locres) Source String Hash: (-1719607538) Localized String: (블렌드스페이스에서 샘플링할 Y 좌표입니다.)
Localization Resource: (C:/Program Files/Epic Games/UE_4.15/Engine/Content/Localization/ToolTips/ko/ToolTips.locres) Source String Hash: (-1719607538) Localized String: (Y - 블렌드스페이스 샘플의 Y 좌표입니다.)
[2017.12.21-15.38.08:157][  0]LogTextLocalizationManager:Warning: Loaded localization resources contain conflicting entries for (Namespace:UObjectToolTips, Key:AnimNode_BlendSpacePlayer:Z):
Localization Resource: (C:/Program Files/Epic Games/UE_4.15/Engine/Content/Localization/EditorTutorials/ko/EditorTutorials.locres) Source String Hash: (1728943471) Localized String: (블렌드스페이스에서 샘플링할 Z 좌표입니다.)
Localization Resource: (C:/Program Files/Epic Games/UE_4.15/Engine/Content/Localization/ToolTips/ko/ToolTips.locres) Source String Hash: (1728943471) Localized String: (Z - 블렌드스페이스 샘플의 Z 좌표입니다.)
[2017.12.21-15.38.08:157][  0]LogTextLocalizationManager:Warning: Loaded localization resources contain conflicting entries for (Namespace:UObjectToolTips, Key:AnimNode_BlendSpacePlayer:BlendSpace):
Localization Resource: (C:/Program Files/Epic Games/UE_4.15/Engine/Content/Localization/EditorTutorials/ko/EditorTutorials.locres) Source String Hash: (1599043277) Localized String: (재생할 블렌드스페이스 애셋입니다.)
Localization Resource: (C:/Program Files/Epic Games/UE_4.15/Engine/Content/Localization/ToolTips/ko/ToolTips.locres) Source String Hash: (1599043277) Localized String: (블렌드스페이스 - 재생할 블렌드스페이스 애셋입니다.)
[2017.12.21-15.38.08:157][  0]LogTextLocalizationManager:Warning: Loaded localization resources contain conflicting entries for (Namespace:UObjectToolTips, Key:AnimNode_StateMachine:MaxTransitionsPerFrame):
Localization Resource: (C:/Program Files/Epic Games/UE_4.15/Engine/Content/Localization/EditorTutorials/ko/EditorTutorials.locres) Source String Hash: (1567650430) Localized String: (이 머신에서 한 프레임 내 '동시에' 취할 수 있는 트랜지션 최대 수입니다.)
Localization Resource: (C:/Program Files/Epic Games/UE_4.15/Engine/Content/Localization/ToolTips/ko/ToolTips.locres) Source String Hash: (1567650430) Localized String: (프레임 당 최대 트랜지션 - 한 프레임에서 이 머신이 동시에 취할 수 있는 트랜지션 최대 수입니다.)
[2017.12.21-15.38.08:157][  0]LogTextLocalizationManager:Warning: Loaded localization resources contain conflicting entries for (Namespace:UObjectToolTips, Key:AnimNode_BlendSpacePlayer:PlayRate):
Localization Resource: (C:/Program Files/Epic Games/UE_4.15/Engine/Content/Localization/EditorTutorials/ko/EditorTutorials.locres) Source String Hash: (-1274923958) Localized String: (재생 속도 배수입니다. 음수가 되면 애니메이션을 역순으로 재생하게 됩니다.)
Localization Resource: (C:/Program Files/Epic Games/UE_4.15/Engine/Content/Localization/ToolTips/ko/ToolTips.locres) Source String Hash: (-1274923958) Localized String: (재생 속도 - 재생 속도 배수입니다. 음수가 되면 애니메이션을 거꾸로 재생합니다.)
[2017.12.21-15.38.08:157][  0]LogTextLocalizationManager:Warning: Loaded localization resources contain conflicting entries for (Namespace:UObjectToolTips, Key:AnimNode_BlendSpacePlayer:StartPosition):
Localization Resource: (C:/Program Files/Epic Games/UE_4.15/Engine/Content/Localization/EditorTutorials/ko/EditorTutorials.locres) Source String Hash: (-207153555) Localized String: (시작 위치 범위는 [0,1] 이며, 재초기화시에만 적용됩니다.
루핑을 하면, 1 회전 후 0.f 부터 시작할 것입니다.)
Localization Resource: (C:/Program Files/Epic Games/UE_4.15/Engine/Content/Localization/ToolTips/ko/ToolTips.locres) Source String Hash: (-207153555) Localized String: (시작 위치 - [0, 1] 범위의 시작 위치로, 재초기화할 때만 적용됩니다.
반복하면 1회전 후 0.f 부터 시작됩니다.)
[2017.12.21-15.38.08:157][  0]LogTextLocalizationManager:Warning: Loaded localization resources contain conflicting entries for (Namespace:UObjectToolTips, Key:CameraFilmbackSettings:SensorWidth):
Localization Resource: (C:/Program Files/Epic Games/UE_4.15/Engine/Content/Localization/ToolTips/ko/ToolTips.locres) Source String Hash: (-1448580153) Localized String: (센서 폭 - 필름백 또는 디지털 센서의 가로 크기로, mm 단위입니다.)
Localization Resource: (C:/Program Files/Epic Games/UE_4.15/Engine/Content/Localization/Engine/ko/Engine.locres) Source String Hash: (-1448580153) Localized String: (필름백 또는 디지털 센서의 가로 크기로, mm 단위입니다.)
[2017.12.21-15.38.08:157][  0]LogTextLocalizationManager:Warning: Loaded localization resources contain conflicting entries for (Namespace:UObjectToolTips, Key:CameraFilmbackSettings:SensorAspectRatio):
Localization Resource: (C:/Program Files/Epic Games/UE_4.15/Engine/Content/Localization/ToolTips/ko/ToolTips.locres) Source String Hash: (-194807515) Localized String: (센서 종횡비 - 읽기 전용입니다. 센서 치수에서 계산했습니다.)
Localization Resource: (C:/Program Files/Epic Games/UE_4.15/Engine/Content/Localization/Engine/ko/Engine.locres) Source String Hash: (-194807515) Localized String: (읽기 전용입니다. 센서 크기에서 계산했습니다.)
[2017.12.21-15.38.08:157][  0]LogTextLocalizationManager:Warning: Loaded localization resources contain conflicting entries for (Namespace:UObjectToolTips, Key:AnimNode_SequencePlayer:bLoopAnimation):
Localization Resource: (C:/Program Files/Epic Games/UE_4.15/Engine/Content/Localization/ToolTips/ko/ToolTips.locres) Source String Hash: (2133979316) Localized String: (루프 - 애니메이션이 끝에 도달했을 때 계속 반복시켜야 할까요?)
Localization Resource: (C:/Program Files/Epic Games/UE_4.15/Engine/Content/Localization/Engine/ko/Engine.locres) Source String Hash: (2133979316) Localized String: (애니메이션이 끝에 도달하면 계속해서 루핑시킬것인지 입니다.)
[2017.12.21-15.38.08:157][  0]LogTextLocalizationManager:Warning: Loaded localization resources contain conflicting entries for (Namespace:UObjectToolTips, Key:AnimNode_SequencePlayer:Sequence):
Localization Resource: (C:/Program Files/Epic Games/UE_4.15/Engine/Content/Localization/ToolTips/ko/ToolTips.locres) Source String Hash: (421436424) Localized String: (시퀀스 - 재생할 애니메이션 시퀀스 애셋입니다.)
Localization Resource: (C:/Program Files/Epic Games/UE_4.15/Engine/Content/Localization/Engine/ko/Engine.locres) Source String Hash: (421436424) Localized String: (재생할 애니메이션 시퀀스 애셋입니다.)
[2017.12.21-15.38.08:157][  0]LogTextLocalizationManager:Warning: Loaded localization resources contain conflicting entries for (Namespace:UObjectToolTips, Key:AnimNode_SequencePlayer:PlayRate):
Localization Resource: (C:/Program Files/Epic Games/UE_4.15/Engine/Content/Localization/ToolTips/ko/ToolTips.locres) Source String Hash: (-1274923958) Localized String: (재생 속도 - 재생 속도 배수입니다. 음수가 될 수 있으며, 그러면 애니메이션이 거꾸로 재생됩니다.)
Localization Resource: (C:/Program Files/Epic Games/UE_4.15/Engine/Content/Localization/Engine/ko/Engine.locres) Source String Hash: (-1274923958) Localized String: (플레이 속도 배수입니다. 음수가 되면 애니메이션이 역방향으로 재생됩니다.)
[2017.12.21-15.38.08:157][  0]LogTextLocalizationManager:Warning: Loaded localization resources contain conflicting entries for (Namespace:UObjectToolTips, Key:AnimNode_SequencePlayer:StartPosition):
Localization Resource: (C:/Program Files/Epic Games/UE_4.15/Engine/Content/Localization/ToolTips/ko/ToolTips.locres) Source String Hash: (771611000) Localized String: (시작 위치 - 시작 위치로 재초기화할 때만 적용됩니다.
반복하면, 1회전 후 0.f 부터 시작됩니다.)
Localization Resource: (C:/Program Files/Epic Games/UE_4.15/Engine/Content/Localization/Engine/ko/Engine.locres) Source String Hash: (771611000) Localized String: (시작 위치로, 재초기화시에만 적용됩니다.
루핑을 하면, 1회전 후 0.f 부터 시작할 것입니다.)
[2017.12.21-15.38.08:157][  0]LogTextLocalizationManager:Warning: Loaded localization resources contain conflicting entries for (Namespace:UObjectToolTips, Key:CameraFilmbackSettings:SensorHeight):
Localization Resource: (C:/Program Files/Epic Games/UE_4.15/Engine/Content/Localization/ToolTips/ko/ToolTips.locres) Source String Hash: (-1311569777) Localized String: (센서 높이 - 필름백 또는 디지털 센서의 세로 크기로, mm 단위입니다.)
Localization Resource: (C:/Program Files/Epic Games/UE_4.15/Engine/Content/Localization/Engine/ko/Engine.locres) Source String Hash: (-1311569777) Localized String: (필름백 또는 디지털 센서의 세로 크기로, mm 단위입니다.)
[2017.12.21-15.38.08:674][  0]LogD3D11RHI: D3D11 adapters:
[2017.12.21-15.38.08:746][  0]LogD3D11RHI:    0. 'NVIDIA GeForce GTX 970' (Feature Level 11_0)
[2017.12.21-15.38.08:746][  0]LogD3D11RHI:       4058/0/10190 MB DedicatedVideo/DedicatedSystem/SharedSystem, Outputs:1, VendorId:0x10de
[2017.12.21-15.38.08:754][  0]LogD3D11RHI:    1. 'Intel(R) HD Graphics 4600' (Feature Level 11_0)
[2017.12.21-15.38.08:754][  0]LogD3D11RHI:       112/0/2048 MB DedicatedVideo/DedicatedSystem/SharedSystem, Outputs:1, VendorId:0x8086
[2017.12.21-15.38.08:757][  0]LogD3D11RHI:    2. 'Microsoft Basic Render Driver' (Feature Level 11_0)
[2017.12.21-15.38.08:757][  0]LogD3D11RHI:       0/0/10190 MB DedicatedVideo/DedicatedSystem/SharedSystem, Outputs:0, VendorId:0x1414
[2017.12.21-15.38.08:757][  0]LogD3D11RHI: Chosen D3D11 Adapter: 0
[2017.12.21-15.38.08:764][  0]LogD3D11RHI: Creating new Direct3DDevice
[2017.12.21-15.38.08:764][  0]LogD3D11RHI:     GPU DeviceId: 0x13c2 (for the marketing name, search the web for "GPU Device Id")
[2017.12.21-15.38.08:764][  0]LogWindows: EnumDisplayDevices:
[2017.12.21-15.38.08:764][  0]LogWindows:    0. 'NVIDIA GeForce GTX 970' (P:1 D:1)
[2017.12.21-15.38.08:765][  0]LogWindows:    1. 'NVIDIA GeForce GTX 970' (P:0 D:0)
[2017.12.21-15.38.08:765][  0]LogWindows:    2. 'NVIDIA GeForce GTX 970' (P:0 D:0)
[2017.12.21-15.38.08:765][  0]LogWindows:    3. 'NVIDIA GeForce GTX 970' (P:0 D:0)
[2017.12.21-15.38.08:766][  0]LogWindows:    4. 'Intel(R) HD Graphics 4600' (P:0 D:1)
[2017.12.21-15.38.08:766][  0]LogWindows:    5. 'Intel(R) HD Graphics 4600' (P:0 D:0)
[2017.12.21-15.38.08:767][  0]LogWindows:    6. 'Intel(R) HD Graphics 4600' (P:0 D:0)
[2017.12.21-15.38.08:767][  0]LogWindows: DebugString: GetVideoDriverDetailsInvalid PrimaryIsNotTheChoosenAdapter GetVideoDriverDetailsInvalid PrimaryIsNotTheChoosenAdapter GetVideoDriverDetailsInvalid PrimaryIsNotTheChoosenAdapter GetVideoDriverDetailsInvalid PrimaryIsNotTheChoosenAdapter GetVideoDriverDetailsInvalid PrimaryIsNotTheChoosenAdapter GetVideoDriverDetailsInvalid PrimaryIsNotTheChoosenAdapter GetVideoDriverDetailsInvalid PrimaryIsNotTheChoosenAdapter FoundDriverCount:0 
[2017.12.21-15.38.08:767][  0]LogD3D11RHI:     Adapter Name: NVIDIA GeForce GTX 970
[2017.12.21-15.38.08:767][  0]LogD3D11RHI:   Driver Version: Unknown (internal:Unknown, unified:Unknown)
[2017.12.21-15.38.08:767][  0]LogD3D11RHI:      Driver Date: Unknown
[2017.12.21-15.38.08:767][  0]LogRHI: Texture pool is 1361 MB (70% of 1945 MB)
[2017.12.21-15.38.08:804][  0]LogD3D11RHI: Async texture creation enabled
[2017.12.21-15.38.08:866][  0]LogD3D11RHI: GPU Timing Frequency: 1000.000000 (Debug: 2 1)
[2017.12.21-15.38.08:917][  0]LogShaderCompilers: Guid format shader working directory is 29 characters bigger than the processId version (D:/UNNAMED/UNNAMED/Intermediate/Shaders/WorkingDirectory/424/).
[2017.12.21-15.38.08:917][  0]LogShaderCompilers: Cleaned the shader compiler working directory 'C:/Users/duck2/AppData/Local/Temp/UnrealShaderWorkingDir/288A299247FCA844A5E5EE9704DB64C8/'.
[2017.12.21-15.38.08:917][  0]LogShaderCompilers:Display: Using Local Shader Compiler.
[2017.12.21-15.38.10:354][  0]LogTemp:Display: Loaded TP AllDesktopTargetPlatform
[2017.12.21-15.38.10:437][  0]LogTemp:Display: Loaded TP MacClientTargetPlatform
[2017.12.21-15.38.10:522][  0]LogTemp:Display: Loaded TP MacNoEditorTargetPlatform
[2017.12.21-15.38.10:605][  0]LogTemp:Display: Loaded TP MacServerTargetPlatform
[2017.12.21-15.38.10:690][  0]LogTemp:Display: Loaded TP MacTargetPlatform
[2017.12.21-15.38.10:771][  0]LogTemp:Display: Loaded TP WindowsClientTargetPlatform
[2017.12.21-15.38.10:855][  0]LogTemp:Display: Loaded TP WindowsNoEditorTargetPlatform
[2017.12.21-15.38.10:939][  0]LogTemp:Display: Loaded TP WindowsServerTargetPlatform
[2017.12.21-15.38.11:013][  0]LogTemp:Display: Loaded TP WindowsTargetPlatform
[2017.12.21-15.38.11:096][  0]LogTemp:Display: Loaded TP AndroidTargetPlatform
[2017.12.21-15.38.11:178][  0]LogTemp:Display: Loaded TP Android_ASTCTargetPlatform
[2017.12.21-15.38.11:261][  0]LogTemp:Display: Loaded TP Android_ATCTargetPlatform
[2017.12.21-15.38.11:343][  0]LogTemp:Display: Loaded TP Android_DXTTargetPlatform
[2017.12.21-15.38.11:425][  0]LogTemp:Display: Loaded TP Android_ETC1TargetPlatform
[2017.12.21-15.38.11:507][  0]LogTemp:Display: Loaded TP Android_ETC2TargetPlatform
[2017.12.21-15.38.11:672][  0]LogTemp:Display: Loaded TP Android_MultiTargetPlatform
[2017.12.21-15.38.11:672][  0]LogTemp:Display: Loaded TP Android_PVRTCTargetPlatform
[2017.12.21-15.38.11:737][  0]LogTemp:Display: Loaded TP HTML5TargetPlatform
[2017.12.21-15.38.11:872][  0]LogTemp:Display: Loaded TP IOSTargetPlatform
[2017.12.21-15.38.11:917][  0]LogTemp:Display: Loaded TP TVOSTargetPlatform
[2017.12.21-15.38.11:998][  0]LogTemp:Display: Loaded TP LinuxClientTargetPlatform
[2017.12.21-15.38.12:079][  0]LogTemp:Display: Loaded TP LinuxNoEditorTargetPlatform
[2017.12.21-15.38.12:160][  0]LogTemp:Display: Loaded TP LinuxServerTargetPlatform
[2017.12.21-15.38.12:241][  0]LogTemp:Display: Loaded TP LinuxTargetPlatform
[2017.12.21-15.38.12:241][  0]LogTargetPlatformManager:Display: Building Assets For Windows
[2017.12.21-15.38.12:910][  0]LogDerivedDataCache:Display: Max Cache Size: 512 MB
[2017.12.21-15.38.12:964][  0]LogDerivedDataCache: Loaded boot cache 0.05s 50MB C:/Users/duck2/AppData/Local/UnrealEngine/4.15/DerivedDataCache/Boot.ddc.
[2017.12.21-15.38.12:964][  0]LogDerivedDataCache:Display: Loaded Boot cache: C:/Users/duck2/AppData/Local/UnrealEngine/4.15/DerivedDataCache/Boot.ddc
[2017.12.21-15.38.12:964][  0]LogDerivedDataCache: FDerivedDataBackendGraph:  Pak pak cache file D:/UNNAMED/UNNAMED/DerivedDataCache/DDC.ddp not found, will not use a pak cache.
[2017.12.21-15.38.12:964][  0]LogDerivedDataCache: Unable to find inner node Pak for hierarchical cache Hierarchy.
[2017.12.21-15.38.12:964][  0]LogDerivedDataCache: FDerivedDataBackendGraph:  CompressedPak pak cache file D:/UNNAMED/UNNAMED/DerivedDataCache/Compressed.ddp not found, will not use a pak cache.
[2017.12.21-15.38.12:964][  0]LogDerivedDataCache: Unable to find inner node CompressedPak for hierarchical cache Hierarchy.
[2017.12.21-15.38.12:983][  0]LogDerivedDataCache:Display: Pak cache opened for reading ../../../Engine/DerivedDataCache/Compressed.ddp.
[2017.12.21-15.38.12:997][  0]LogDerivedDataCache: Using Local data cache path C:/Users/duck2/AppData/Local/UnrealEngine/Common/DerivedDataCache: Writable
[2017.12.21-15.38.13:007][  0]LogSlate: Using Freetype 2.6.0
[2017.12.21-15.38.13:008][  0]LogSlate: SlateFontCache - WITH_FREETYPE: 1, WITH_HARFBUZZ: 1
[2017.12.21-15.38.13:008][  0]LogSlate: SlateFontCache - WITH_FREETYPE: 1, WITH_HARFBUZZ: 1
[2017.12.21-15.38.13:365][  0]LogInit: Selected Device Profile: [Windows]
[2017.12.21-15.38.13:368][  0]LogContentStreaming: Texture pool size is 0.00 MB
[2017.12.21-15.38.13:660][  0]LogMeshUtilities: Using QuadricMeshReduction for automatic static mesh reduction
[2017.12.21-15.38.13:733][  0]LogSimplygon: Simplygon DLL not present - disabling.
[2017.12.21-15.38.13:812][  0]LogMeshUtilities: Using SimplygonSwarm for distributed automatic mesh merging
[2017.12.21-15.38.13:812][  0]LogMeshUtilities: No automatic skeletal mesh reduction module available
[2017.12.21-15.38.13:812][  0]LogMeshUtilities: No automatic mesh merging module available
[2017.12.21-15.38.14:524][  0]LogNetVersion: GetLocalNetworkVersion: CL: 3299760, ProjectName: unnamed, ProjectVersion: , EngineNetworkVersion: 2, GameNetworkVersion: 0, NetworkChecksum: 1184173371
[2017.12.21-15.38.14:580][  0]LogAssetRegistry: FAssetRegistry took 0.0224 seconds to start up
[2017.12.21-15.38.14:635][  0]LogPackageLocalizationCache: Processed 3 localized package path(s) for 2 prioritized culture(s) in 0.024875 seconds
[2017.12.21-15.38.14:641][  0]LogUObjectArray: 32500 objects as part of root set at end of initial load.
[2017.12.21-15.38.14:641][  0]LogUObjectAllocator: 7290888 out of 0 bytes used by permanent object pool.
[2017.12.21-15.38.14:641][  0]LogUObjectArray: CloseDisregardForGC: 0/0 objects in disregard for GC pool
[2017.12.21-15.38.17:274][  0]LogTcpMessaging: Initializing TcpMessaging bridge
[2017.12.21-15.38.17:332][  0]LogUdpMessaging: Initializing bridge on interface 0.0.0.0:0 to multicast group 230.0.0.1:6666.
[2017.12.21-15.38.18:075][  0]LogMaterial: Uniform references updated for custom material expression Custom.
[2017.12.21-15.38.18:736][  0]SourceControl: 정보 소스 콘트롤이 꺼졌습니다.
[2017.12.21-15.38.18:849][  0]SourceControl: 정보 소스 콘트롤이 꺼졌습니다.
[2017.12.21-15.38.18:931][  0]SourceControl: 정보 소스 콘트롤이 꺼졌습니다.
[2017.12.21-15.38.19:014][  0]SourceControl: 정보 소스 콘트롤이 꺼졌습니다.
[2017.12.21-15.38.21:034][  0]LogEngine: Initializing Engine...
[2017.12.21-15.38.21:035][  0]LogHMD: Failed to initialize OpenVR with code 110
[2017.12.21-15.38.21:167][  0]LogStats: UGameplayTagsManager::ConstructGameplayTagTree: Construct from data asset -  0.000 s
[2017.12.21-15.38.21:167][  0]LogStats: UGameplayTagsManager::ConstructGameplayTagTree: GameplayTagTreeChangedEvent.Broadcast -  0.000 s
[2017.12.21-15.38.21:376][  0]LogAIModule: Creating AISystem for world Untitled
[2017.12.21-15.38.21:405][  0]LogInit: XAudio2 using '헤드폰(High Definition Audio 장치)' : 2 channels at 44.1 kHz using 16 bits per sample (channel mask 0x3)
[2017.12.21-15.38.21:450][  0]LogInit: FAudioDevice initialized.
[2017.12.21-15.38.21:484][  0]LogDerivedDataCache: Saved boot cache 0.03s 50MB C:/Users/duck2/AppData/Local/UnrealEngine/4.15/DerivedDataCache/Boot.ddc.
[2017.12.21-15.38.21:490][  0]LogInit: Texture streaming: Enabled
[2017.12.21-15.38.21:633][  0]LogEngineSessionManager: EngineSessionManager initialized
[2017.12.21-15.38.21:852][  0]LogInit: Transaction tracking system initialized
[2017.12.21-15.38.22:463][  0]BlueprintLog: New page: 에디터 로드
[2017.12.21-15.38.23:988][  0]LocalizationService: 정보 현지화 서비스가 비활성화되었습니다.
[2017.12.21-15.38.25:121][  0]LogConsoleResponse:Display: 
[2017.12.21-15.38.25:289][  0]LogCook:Display: Max memory allowance for cook 16384mb min free memory 0mb
[2017.12.21-15.38.25:289][  0]LogCook:Display: Mobile HDR setting 1
[2017.12.21-15.38.26:091][  0]LogFileCache: Scanning file cache for directory 'D:/UNNAMED/UNNAMED/Content/' took 0.05s
[2017.12.21-15.38.27:091][  0]SourceControl: 정보 소스 콘트롤이 꺼졌습니다.
[2017.12.21-15.38.27:091][  0]Cmd: MAP LOAD FILE="D:/UNNAMED/UNNAMED/Content/Map/Main.umap" TEMPLATE=0 SHOWPROGRESS=1 FEATURELEVEL=3
[2017.12.21-15.38.27:092][  0]LightingResults: New page: 라이팅 빌드
[2017.12.21-15.38.27:164][  0]MapCheck: New page: 맵 체크
[2017.12.21-15.38.27:164][  0]LightingResults: New page: 라이팅 빌드
[2017.12.21-15.38.29:758][  0]LogClass:Warning: Enum '/Game/BP/E_GameState.E_GameState' was upgraded to use FText to store its display name data. Please re-save this asset to avoid issues with localization and determinstic cooking.
[2017.12.21-15.38.31:066][  0]LogPackageName:Warning: String asset reference "FX_Meshes.UI.SM_SelectionMesh_01" is in short form, which is unsupported and -- even if valid -- resolving it will be really slow.
[2017.12.21-15.38.31:066][  0]LogPackageName:Warning: Please consider resaving package in order to speed-up loading.
[2017.12.21-15.38.31:279][  0]LogPackageName: SearchForPackageOnDisk took   0.214s, but failed to resolve FX_Meshes.
[2017.12.21-15.38.31:279][  0]LogPackageName:Warning: String asset reference "FX_Meshes.UI.SM_SelectionMesh_01" could not be resolved.
[2017.12.21-15.38.31:280][  0]LogPackageName:Warning: String asset reference "Env_ALL_Artifacts.Mesh.Env_ALL_Terminus001" is in short form, which is unsupported and -- even if valid -- resolving it will be really slow.
[2017.12.21-15.38.31:281][  0]LogPackageName:Warning: Please consider resaving package in order to speed-up loading.
[2017.12.21-15.38.31:484][  0]LogPackageName: SearchForPackageOnDisk took   0.204s, but failed to resolve Env_ALL_Artifacts.
[2017.12.21-15.38.31:484][  0]LogPackageName:Warning: String asset reference "Env_ALL_Artifacts.Mesh.Env_ALL_Terminus001" could not be resolved.
[2017.12.21-15.38.32:734][  0]LogAIModule: Creating AISystem for world Main
[2017.12.21-15.38.32:757][  0]LogEditorServer: Finished looking for orphan Actors (0.000 secs)
[2017.12.21-15.38.32:758][  0]Cmd: MAP CHECKDEP NOCLEARLOG
[2017.12.21-15.38.32:925][  0]MapCheck: 정보 맵 체크 완료: 오류 0 회, 경고 0 회, 소요 시간 167.819ms.
[2017.12.21-15.38.32:926][  0]LogFileHelpers: Loading map 'Main' took 5.835
[2017.12.21-15.38.33:260][  0]LogCollectionManager: Loaded 1 collections in 0.002301 seconds
[2017.12.21-15.38.33:381][  0]LogFileCache: Scanning file cache for directory 'D:/UNNAMED/UNNAMED/Saved/Collections/' took 0.01s
[2017.12.21-15.38.33:381][  0]LogFileCache: Scanning file cache for directory 'D:/UNNAMED/UNNAMED/Content/Developers/duck2/Collections/' took 0.01s
[2017.12.21-15.38.33:381][  0]LogFileCache: Scanning file cache for directory 'D:/UNNAMED/UNNAMED/Content/Collections/' took 0.01s
[2017.12.21-15.38.33:381][  0]LogCollectionManager: Rebuilt the GUID cache for 1 collections in 0.000004 seconds
[2017.12.21-15.38.33:381][  0]LogCollectionManager: Rebuilt the hierarchy cache for 1 collections in 0.000000 seconds
[2017.12.21-15.38.33:392][  0]LogContentBrowser: Native class hierarchy populated in 0.0104 seconds. Added 2248 classes and 458 folders.
[2017.12.21-15.38.33:504][  0]LogContentBrowser: Native class hierarchy updated for 'WidgetCarousel' in 0.0006 seconds. Added 0 classes and 0 folders.
[2017.12.21-15.38.33:583][  0]LogContentBrowser: Native class hierarchy updated for 'AddContentDialog' in 0.0006 seconds. Added 0 classes and 0 folders.
[2017.12.21-15.38.33:622][  0]LogCrashTracker: Crashtracker disabled due to settings.
[2017.12.21-15.38.33:636][  0]LogUObjectGlobals:Warning: 'Class 없음.' 오브젝트를 찾는 데 실패했습니다.
[2017.12.21-15.38.33:740][  0]LogContentBrowser: Native class hierarchy updated for 'HierarchicalLODOutliner' in 0.0007 seconds. Added 1 classes and 2 folders.
[2017.12.21-15.38.33:740][  0]LogLoad: (Engine Initialization) Total time: 28.71 seconds
[2017.12.21-15.38.33:740][  0]LogLoad: (Engine Initialization) Total Blueprint compile time: 2.53 seconds
[2017.12.21-15.38.33:740][  0]LogExternalProfiler: Found external profiler: VSPerf
[2017.12.21-15.38.33:740][  0]LogExternalProfiler: Using external profiler: VSPerf
[2017.12.21-15.38.34:081][  0]LogOcInput: OculusInput pre-init called
[2017.12.21-15.38.34:115][  0]LogContentStreaming: Texture pool size now 1000 MB
[2017.12.21-15.38.34:117][  0]LogSlate: Took 0.000375 seconds to synchronously load lazily loaded font '../../../Engine/Content/Slate/Fonts/Roboto-Regular.ttf' (155K)
[2017.12.21-15.38.34:121][  0]LogSlate: Took 0.002888 seconds to synchronously load lazily loaded font '../../../Engine/Content/Slate/Fonts/NanumGothic.ttf' (4243K)
[2017.12.21-15.38.34:123][  0]LogSlate: Took 0.000367 seconds to synchronously load lazily loaded font '../../../Engine/Content/Slate/Fonts/Roboto-Bold.ttf' (160K)
[2017.12.21-15.38.34:132][  0]LogSlate: Took 0.000591 seconds to synchronously load lazily loaded font '../../../Engine/Content/Editor/Slate/Fonts/FontAwesome.ttf' (139K)
[2017.12.21-15.38.34:322][  0]LogRenderer: Reallocating scene render targets to support 1260x560 NumSamples 1 (Frame:2).
[2017.12.21-15.38.34:413][  1]LogFileCache: Retrieving MD5 hashes for directory 'D:/UNNAMED/UNNAMED/Content/' took 0.32s
[2017.12.21-15.38.34:829][  3]LogSlate: Took 0.000437 seconds to synchronously load lazily loaded font '../../../Engine/Content/Slate/Fonts/Roboto-Light.ttf' (159K)
[2017.12.21-15.38.34:918][  3]LogMaterial: Missing cached shader map for material terrainmat, compiling. 
[2017.12.21-15.38.34:919][  3]LogTemp:Display: Added material ShaderMap 0x000002F66B514800 with Material 0x000002F66B112980 to ShaderMapsBeingCompiled
[2017.12.21-15.38.34:942][  3]LogTemp:Display: Kicking off shader compilation for terrainmat, GameThreadShaderMap 0x000002F66B514800
[2017.12.21-15.38.35:109][  3]LogMaterial: Missing cached shader map for material terrainmat, compiling. 
[2017.12.21-15.38.35:110][  3]LogTemp:Display: Added material ShaderMap 0x000002F66E88C800 with Material 0x000002F66B112980 to ShaderMapsBeingCompiled
[2017.12.21-15.38.35:122][  3]LogTemp:Display: Kicking off shader compilation for terrainmat, GameThreadShaderMap 0x000002F66E88C800
[2017.12.21-15.38.35:122][  3]LogMaterial: 0.00 seconds spent updating 1 materials, 1 interfaces, 0 instances, 0 with static permutations.
[2017.12.21-15.38.35:158][  3]LogMaterial: Missing cached shader map for material FMatExpressionPreview MaterialExpressionLandscapeLayerCoords_2, compiling. 
[2017.12.21-15.38.35:159][  3]LogTemp:Display: Added material ShaderMap 0x000002F66E783580 with Material 0x000002F66E7D3A00 to ShaderMapsBeingCompiled
[2017.12.21-15.38.35:162][  3]LogTemp:Display: Kicking off shader compilation for FMatExpressionPreview MaterialExpressionLandscapeLayerCoords_2, GameThreadShaderMap 0x000002F66E783580
[2017.12.21-15.38.35:164][  3]LogMaterial: Missing cached shader map for material FMatExpressionPreview MaterialExpressionTextureSample_0, compiling. 
[2017.12.21-15.38.35:165][  3]LogTemp:Display: Added material ShaderMap 0x000002F66E782080 with Material 0x000002F66E7D2B00 to ShaderMapsBeingCompiled
[2017.12.21-15.38.35:168][  3]LogTemp:Display: Kicking off shader compilation for FMatExpressionPreview MaterialExpressionTextureSample_0, GameThreadShaderMap 0x000002F66E782080
[2017.12.21-15.38.35:169][  3]LogMaterial: Missing cached shader map for material FMatExpressionPreview MaterialExpressionTextureSample_1, compiling. 
[2017.12.21-15.38.35:170][  3]LogTemp:Display: Added material ShaderMap 0x000002F66E780800 with Material 0x000002F66E7D2200 to ShaderMapsBeingCompiled
[2017.12.21-15.38.35:173][  3]LogTemp:Display: Kicking off shader compilation for FMatExpressionPreview MaterialExpressionTextureSample_1, GameThreadShaderMap 0x000002F66E780800
[2017.12.21-15.38.35:174][  3]LogMaterial: Missing cached shader map for material FMatExpressionPreview MaterialExpressionTextureSample_2, compiling. 
[2017.12.21-15.38.35:175][  3]LogTemp:Display: Added material ShaderMap 0x000002F65BB12780 with Material 0x000002F66E7D1600 to ShaderMapsBeingCompiled
[2017.12.21-15.38.35:178][  3]LogTemp:Display: Kicking off shader compilation for FMatExpressionPreview MaterialExpressionTextureSample_2, GameThreadShaderMap 0x000002F65BB12780
[2017.12.21-15.38.35:180][  3]LogMaterial: Missing cached shader map for material FMatExpressionPreview MaterialExpressionLandscapeLayerCoords_3, compiling. 
[2017.12.21-15.38.35:180][  3]LogTemp:Display: Added material ShaderMap 0x000002F65BB10B80 with Material 0x000002F66E7D0D00 to ShaderMapsBeingCompiled
[2017.12.21-15.38.35:183][  3]LogTemp:Display: Kicking off shader compilation for FMatExpressionPreview MaterialExpressionLandscapeLayerCoords_3, GameThreadShaderMap 0x000002F65BB10B80
[2017.12.21-15.38.35:185][  3]LogMaterial: Missing cached shader map for material FMatExpressionPreview MaterialExpressionTextureSample_3, compiling. 
[2017.12.21-15.38.35:186][  3]LogTemp:Display: Added material ShaderMap 0x000002F66E6E7580 with Material 0x000002F6593E4400 to ShaderMapsBeingCompiled
[2017.12.21-15.38.35:188][  3]LogTemp:Display: Kicking off shader compilation for FMatExpressionPreview MaterialExpressionTextureSample_3, GameThreadShaderMap 0x000002F66E6E7580
[2017.12.21-15.38.35:190][  3]LogMaterial: Missing cached shader map for material FMatExpressionPreview MaterialExpressionTextureSample_4, compiling. 
[2017.12.21-15.38.35:191][  3]LogTemp:Display: Added material ShaderMap 0x000002F66E6E5D00 with Material 0x000002F66E6C7A00 to ShaderMapsBeingCompiled
[2017.12.21-15.38.35:194][  3]LogTemp:Display: Kicking off shader compilation for FMatExpressionPreview MaterialExpressionTextureSample_4, GameThreadShaderMap 0x000002F66E6E5D00
[2017.12.21-15.38.35:196][  3]LogMaterial: Missing cached shader map for material FMatExpressionPreview MaterialExpressionTextureSample_5, compiling. 
[2017.12.21-15.38.35:196][  3]LogTemp:Display: Added material ShaderMap 0x000002F66E6E4480 with Material 0x000002F66E6C7400 to ShaderMapsBeingCompiled
[2017.12.21-15.38.35:199][  3]LogTemp:Display: Kicking off shader compilation for FMatExpressionPreview MaterialExpressionTextureSample_5, GameThreadShaderMap 0x000002F66E6E4480
[2017.12.21-15.38.35:201][  3]LogMaterial: Missing cached shader map for material FMatExpressionPreview MaterialExpressionTextureSample_6, compiling. 
[2017.12.21-15.38.35:202][  3]LogTemp:Display: Added material ShaderMap 0x000002F66E516B00 with Material 0x000002F66E6C6B00 to ShaderMapsBeingCompiled
[2017.12.21-15.38.35:204][  3]LogTemp:Display: Kicking off shader compilation for FMatExpressionPreview MaterialExpressionTextureSample_6, GameThreadShaderMap 0x000002F66E516B00
[2017.12.21-15.38.35:206][  3]LogMaterial: Missing cached shader map for material FMatExpressionPreview MaterialExpressionTextureSample_7, compiling. 
[2017.12.21-15.38.35:207][  3]LogTemp:Display: Added material ShaderMap 0x000002F66E515280 with Material 0x000002F66E6C6200 to ShaderMapsBeingCompiled
[2017.12.21-15.38.35:209][  3]LogTemp:Display: Kicking off shader compilation for FMatExpressionPreview MaterialExpressionTextureSample_7, GameThreadShaderMap 0x000002F66E515280
[2017.12.21-15.38.35:211][  3]LogMaterial: Missing cached shader map for material FMatExpressionPreview MaterialExpressionTextureSample_8, compiling. 
[2017.12.21-15.38.35:212][  3]LogTemp:Display: Added material ShaderMap 0x000002F66E4AF580 with Material 0x000002F66E6C5900 to ShaderMapsBeingCompiled
[2017.12.21-15.38.35:214][  3]LogTemp:Display: Kicking off shader compilation for FMatExpressionPreview MaterialExpressionTextureSample_8, GameThreadShaderMap 0x000002F66E4AF580
[2017.12.21-15.38.35:216][  3]LogMaterial: Missing cached shader map for material FMatExpressionPreview MaterialExpressionTextureSample_9, compiling. 
[2017.12.21-15.38.35:217][  3]LogTemp:Display: Added material ShaderMap 0x000002F66E4ADD00 with Material 0x000002F66E6C5000 to ShaderMapsBeingCompiled
[2017.12.21-15.38.35:219][  3]LogTemp:Display: Kicking off shader compilation for FMatExpressionPreview MaterialExpressionTextureSample_9, GameThreadShaderMap 0x000002F66E4ADD00
[2017.12.21-15.38.35:237][  3]LogAssetRegistry: Asset discovery search completed in 20.6794 seconds
[2017.12.21-15.38.35:237][  3]LogCollectionManager: Rebuilt the object cache for 1 collections in 0.000009 seconds (found 0 objects)
[2017.12.21-15.38.35:237][  3]LogCollectionManager: Fixed up redirectors for 1 collections in 0.000077 seconds (updated 0 objects)
[2017.12.21-15.38.35:269][  3]LogSlate: Took 0.000293 seconds to synchronously load lazily loaded font '../../../Engine/Content/Editor/Slate/Fonts/Roboto-BoldCondensed.ttf' (158K)
[2017.12.21-15.38.37:422][  9]LogSlate: Took 0.000285 seconds to synchronously load lazily loaded font '../../../Engine/Content/Slate/Fonts/Roboto-Light.ttf' (159K)
[2017.12.21-15.38.40:078][ 65]LogSlate: Took 0.000311 seconds to synchronously load lazily loaded font '../../../Engine/Content/Slate/Fonts/Roboto-Regular.ttf' (155K)
[2017.12.21-15.38.41:723][ 65]LogMaterial: Missing cached shader map for material terrainmat, compiling. 
[2017.12.21-15.38.41:724][ 65]LogTemp:Display: Added material ShaderMap 0x000002F67CB0EB00 with Material 0x000002F67CB6C400 to ShaderMapsBeingCompiled
[2017.12.21-15.38.41:771][ 65]LogTemp:Display: Kicking off shader compilation for terrainmat, GameThreadShaderMap 0x000002F67CB0EB00
[2017.12.21-15.38.41:775][ 65]LogMaterial: Missing cached shader map for material terrainmat, compiling. 
[2017.12.21-15.38.41:776][ 65]LogTemp:Display: Added material ShaderMap 0x000002F602B6EE80 with Material 0x000002F67CB6C700 to ShaderMapsBeingCompiled
[2017.12.21-15.38.41:810][ 65]LogTemp:Display: Kicking off shader compilation for terrainmat, GameThreadShaderMap 0x000002F602B6EE80
[2017.12.21-15.38.41:813][ 65]LogMaterial: Missing cached shader map for material terrainmat, compiling. 
[2017.12.21-15.38.41:814][ 65]LogTemp:Display: Added material ShaderMap 0x000002F6056FE080 with Material 0x000002F602B4AE00 to ShaderMapsBeingCompiled
[2017.12.21-15.38.41:850][ 65]LogTemp:Display: Kicking off shader compilation for terrainmat, GameThreadShaderMap 0x000002F6056FE080
[2017.12.21-15.38.41:852][ 65]LogMaterial: Missing cached shader map for material terrainmat, compiling. 
[2017.12.21-15.38.41:853][ 65]LogTemp:Display: Added material ShaderMap 0x000002F605F29280 with Material 0x000002F602B49C00 to ShaderMapsBeingCompiled
[2017.12.21-15.38.41:888][ 65]LogTemp:Display: Kicking off shader compilation for terrainmat, GameThreadShaderMap 0x000002F605F29280
[2017.12.21-15.38.41:891][ 65]LogMaterial: Missing cached shader map for material terrainmat, compiling. 
[2017.12.21-15.38.41:892][ 65]LogTemp:Display: Added material ShaderMap 0x000002F605974480 with Material 0x000002F602B48A00 to ShaderMapsBeingCompiled
[2017.12.21-15.38.41:928][ 65]LogTemp:Display: Kicking off shader compilation for terrainmat, GameThreadShaderMap 0x000002F605974480
[2017.12.21-15.38.41:937][ 65]LogMaterial: Missing cached shader map for material terrainmat, compiling. 
[2017.12.21-15.38.41:938][ 65]LogTemp:Display: Added material ShaderMap 0x000002F606EE7580 with Material 0x000002F606EABE80 to ShaderMapsBeingCompiled
[2017.12.21-15.38.41:973][ 65]LogTemp:Display: Kicking off shader compilation for terrainmat, GameThreadShaderMap 0x000002F606EE7580
[2017.12.21-15.38.41:978][ 65]LogMaterial: Missing cached shader map for material terrainmat, compiling. 
[2017.12.21-15.38.41:979][ 65]LogTemp:Display: Added material ShaderMap 0x000002F6076FA400 with Material 0x000002F606EAA680 to ShaderMapsBeingCompiled
[2017.12.21-15.38.42:016][ 65]LogTemp:Display: Kicking off shader compilation for terrainmat, GameThreadShaderMap 0x000002F6076FA400
[2017.12.21-15.38.42:019][ 65]LogMaterial: Missing cached shader map for material terrainmat, compiling. 
[2017.12.21-15.38.42:020][ 65]LogTemp:Display: Added material ShaderMap 0x000002F66B8F1980 with Material 0x000002F606EA9A80 to ShaderMapsBeingCompiled
[2017.12.21-15.38.42:055][ 65]LogTemp:Display: Kicking off shader compilation for terrainmat, GameThreadShaderMap 0x000002F66B8F1980
[2017.12.21-15.38.42:058][ 65]LogMaterial: Missing cached shader map for material terrainmat, compiling. 
[2017.12.21-15.38.42:059][ 65]LogTemp:Display: Added material ShaderMap 0x000002F674D18B80 with Material 0x000002F66B88AE00 to ShaderMapsBeingCompiled
[2017.12.21-15.38.42:094][ 65]LogTemp:Display: Kicking off shader compilation for terrainmat, GameThreadShaderMap 0x000002F674D18B80
[2017.12.21-15.38.42:112][ 65]LogMaterial: Missing cached shader map for material terrainmat, compiling. 
[2017.12.21-15.38.42:113][ 65]LogTemp:Display: Added material ShaderMap 0x000002F67D7CD280 with Material 0x000002F67D7C7700 to ShaderMapsBeingCompiled
[2017.12.21-15.38.42:149][ 65]LogTemp:Display: Kicking off shader compilation for terrainmat, GameThreadShaderMap 0x000002F67D7CD280
[2017.12.21-15.38.42:469][ 65]LogMaterial: Missing cached shader map for material 01_-_Default, compiling. 
[2017.12.21-15.38.42:469][ 65]LogMaterial:Warning: Failed to compile Material /Game/b/01_-_Default.01_-_Default for platform PCD3D_SM5, Default Material will be used in game.
[2017.12.21-15.38.42:469][ 65]LogMaterial:Warning: 	(Node TextureSample) TextureSample> Missing input texture
[2017.12.21-15.38.42:564][ 65]LogMaterial: Missing cached shader map for material 06_-_Default, compiling. 
[2017.12.21-15.38.42:565][ 65]LogMaterial:Warning: Failed to compile Material /Game/ThirdPersonBP/chain/06_-_Default.06_-_Default for platform PCD3D_SM5, Default Material will be used in game.
[2017.12.21-15.38.42:565][ 65]LogMaterial:Warning: 	(Node TextureSample) TextureSample> Missing input texture
[2017.12.21-15.38.42:632][ 65]LogAIModule: Creating AISystem for world newMap
[2017.12.21-15.38.42:847][ 65]Cmd: MAP LOAD FILE="D:/UNNAMED/UNNAMED/Content/Map/newMap.umap" TEMPLATE=0 SHOWPROGRESS=1 FEATURELEVEL=3
[2017.12.21-15.38.42:847][ 65]LightingResults: New page: 라이팅 빌드
[2017.12.21-15.38.42:849][ 65]LoadErrors: New page: 맵 로드중: newMap.umap
[2017.12.21-15.38.42:850][ 65]MapCheck: New page: 맵 체크
[2017.12.21-15.38.42:850][ 65]LightingResults: New page: 라이팅 빌드
[2017.12.21-15.38.43:661][ 65]LogEditorServer: Finished looking for orphan Actors (0.000 secs)
[2017.12.21-15.38.43:714][ 65]Cmd: MAP CHECKDEP NOCLEARLOG
[2017.12.21-15.38.43:956][ 65]MapCheck: 정보 맵 체크 완료: 오류 0 회, 경고 0 회, 소요 시간 242.362ms.
[2017.12.21-15.38.43:963][ 65]LogFileHelpers: Loading map 'newMap' took 1.117
[2017.12.21-15.38.55:012][ 68]LogTemp:Display: Finished compile of shader map 0x000002F66E88C800
[2017.12.21-15.38.55:012][ 68]LogTemp:Display: Shader map terrainmat complete, GameThreadShaderMap 0x000002F66E88C800, marking material terrainmat as finished
[2017.12.21-15.38.55:012][ 68]LogTemp:Display: Marking material as finished 0x000002F66B112980
[2017.12.21-15.38.55:015][ 68]LogTemp:Display: Finished compile of shader map 0x000002F66E783580
[2017.12.21-15.38.55:016][ 68]LogTemp:Display: Shader map FMatExpressionPreview MaterialExpressionLandscapeLayerCoords_2 complete, GameThreadShaderMap 0x000002F66E783580, marking material FMatExpressionPreview MaterialExpressionLandscapeLayerCoords_2 as finished
[2017.12.21-15.38.55:016][ 68]LogTemp:Display: Marking material as finished 0x000002F66E7D3A00
[2017.12.21-15.38.55:017][ 68]LogTemp:Display: Finished compile of shader map 0x000002F66E782080
[2017.12.21-15.38.55:017][ 68]LogTemp:Display: Shader map FMatExpressionPreview MaterialExpressionTextureSample_0 complete, GameThreadShaderMap 0x000002F66E782080, marking material FMatExpressionPreview MaterialExpressionTextureSample_0 as finished
[2017.12.21-15.38.55:017][ 68]LogTemp:Display: Marking material as finished 0x000002F66E7D2B00
[2017.12.21-15.38.55:018][ 68]LogTemp:Display: Finished compile of shader map 0x000002F66E780800
[2017.12.21-15.38.55:018][ 68]LogTemp:Display: Shader map FMatExpressionPreview MaterialExpressionTextureSample_1 complete, GameThreadShaderMap 0x000002F66E780800, marking material FMatExpressionPreview MaterialExpressionTextureSample_1 as finished
[2017.12.21-15.38.55:018][ 68]LogTemp:Display: Marking material as finished 0x000002F66E7D2200
[2017.12.21-15.38.55:020][ 68]LogTemp:Display: Finished compile of shader map 0x000002F65BB12780
[2017.12.21-15.38.55:020][ 68]LogTemp:Display: Shader map FMatExpressionPreview MaterialExpressionTextureSample_2 complete, GameThreadShaderMap 0x000002F65BB12780, marking material FMatExpressionPreview MaterialExpressionTextureSample_2 as finished
[2017.12.21-15.38.55:020][ 68]LogTemp:Display: Marking material as finished 0x000002F66E7D1600
[2017.12.21-15.38.55:021][ 68]LogTemp:Display: Finished compile of shader map 0x000002F65BB10B80
[2017.12.21-15.38.55:021][ 68]LogTemp:Display: Shader map FMatExpressionPreview MaterialExpressionLandscapeLayerCoords_3 complete, GameThreadShaderMap 0x000002F65BB10B80, marking material FMatExpressionPreview MaterialExpressionLandscapeLayerCoords_3 as finished
[2017.12.21-15.38.55:021][ 68]LogTemp:Display: Marking material as finished 0x000002F66E7D0D00
[2017.12.21-15.38.55:022][ 68]LogTemp:Display: Finished compile of shader map 0x000002F66E6E7580
[2017.12.21-15.38.55:022][ 68]LogTemp:Display: Shader map FMatExpressionPreview MaterialExpressionTextureSample_3 complete, GameThreadShaderMap 0x000002F66E6E7580, marking material FMatExpressionPreview MaterialExpressionTextureSample_3 as finished
[2017.12.21-15.38.55:022][ 68]LogTemp:Display: Marking material as finished 0x000002F6593E4400
[2017.12.21-15.38.55:024][ 68]LogTemp:Display: Finished compile of shader map 0x000002F66E6E5D00
[2017.12.21-15.38.55:024][ 68]LogTemp:Display: Shader map FMatExpressionPreview MaterialExpressionTextureSample_4 complete, GameThreadShaderMap 0x000002F66E6E5D00, marking material FMatExpressionPreview MaterialExpressionTextureSample_4 as finished
[2017.12.21-15.38.55:024][ 68]LogTemp:Display: Marking material as finished 0x000002F66E6C7A00
[2017.12.21-15.38.55:025][ 68]LogTemp:Display: Finished compile of shader map 0x000002F66E6E4480
[2017.12.21-15.38.55:025][ 68]LogTemp:Display: Shader map FMatExpressionPreview MaterialExpressionTextureSample_5 complete, GameThreadShaderMap 0x000002F66E6E4480, marking material FMatExpressionPreview MaterialExpressionTextureSample_5 as finished
[2017.12.21-15.38.55:025][ 68]LogTemp:Display: Marking material as finished 0x000002F66E6C7400
[2017.12.21-15.38.55:026][ 68]LogTemp:Display: Finished compile of shader map 0x000002F66E516B00
[2017.12.21-15.38.55:026][ 68]LogTemp:Display: Shader map FMatExpressionPreview MaterialExpressionTextureSample_6 complete, GameThreadShaderMap 0x000002F66E516B00, marking material FMatExpressionPreview MaterialExpressionTextureSample_6 as finished
[2017.12.21-15.38.55:026][ 68]LogTemp:Display: Marking material as finished 0x000002F66E6C6B00
[2017.12.21-15.38.55:028][ 68]LogTemp:Display: Finished compile of shader map 0x000002F66E515280
[2017.12.21-15.38.55:028][ 68]LogTemp:Display: Shader map FMatExpressionPreview MaterialExpressionTextureSample_7 complete, GameThreadShaderMap 0x000002F66E515280, marking material FMatExpressionPreview MaterialExpressionTextureSample_7 as finished
[2017.12.21-15.38.55:028][ 68]LogTemp:Display: Marking material as finished 0x000002F66E6C6200
[2017.12.21-15.38.55:029][ 68]LogTemp:Display: Finished compile of shader map 0x000002F66E4AF580
[2017.12.21-15.38.55:029][ 68]LogTemp:Display: Shader map FMatExpressionPreview MaterialExpressionTextureSample_8 complete, GameThreadShaderMap 0x000002F66E4AF580, marking material FMatExpressionPreview MaterialExpressionTextureSample_8 as finished
[2017.12.21-15.38.55:029][ 68]LogTemp:Display: Marking material as finished 0x000002F66E6C5900
[2017.12.21-15.38.55:030][ 68]LogTemp:Display: Finished compile of shader map 0x000002F66E4ADD00
[2017.12.21-15.38.55:030][ 68]LogTemp:Display: Shader map FMatExpressionPreview MaterialExpressionTextureSample_9 complete, GameThreadShaderMap 0x000002F66E4ADD00, marking material FMatExpressionPreview MaterialExpressionTextureSample_9 as finished
[2017.12.21-15.38.55:030][ 68]LogTemp:Display: Marking material as finished 0x000002F66E6C5000
[2017.12.21-15.38.55:080][ 69]MaterialEditorStats: 정보 Base pass shader with static lighting: 92 instructions
[2017.12.21-15.38.55:080][ 69]MaterialEditorStats: 정보 Base pass shader with only dynamic lighting: 66 instructions
[2017.12.21-15.38.55:080][ 69]MaterialEditorStats: 정보 Vertex shader: 31 instructions
[2017.12.21-15.38.55:080][ 69]MaterialEditorStats: 정보 Texture samplers: 4/16
[2017.12.21-15.38.55:085][ 69]LogTemp:Display: Finished compile of shader map 0x000002F67CB0EB00
[2017.12.21-15.38.55:085][ 69]LogTemp:Display: Shader map terrainmat complete, GameThreadShaderMap 0x000002F67CB0EB00, marking material terrainmat as finished
[2017.12.21-15.38.55:085][ 69]LogTemp:Display: Marking material as finished 0x000002F67CB6C400
[2017.12.21-15.39.00:092][302]LogTemp:Display: Finished compile of shader map 0x000002F602B6EE80
[2017.12.21-15.39.00:092][302]LogTemp:Display: Shader map terrainmat complete, GameThreadShaderMap 0x000002F602B6EE80, marking material terrainmat as finished
[2017.12.21-15.39.00:092][302]LogTemp:Display: Marking material as finished 0x000002F67CB6C700
[2017.12.21-15.39.02:307][403]LogTemp: Repeting last play command: 새 에디터 창 (PIE)
[2017.12.21-15.39.02:335][403]LogBlueprintUserMessages: Early PlayInEditor Detection: Level '/Game/Map/newMap.newMap:PersistentLevel' has LevelScriptBlueprint '/Game/Map/newMap.newMap:PersistentLevel.newMap' with GeneratedClass '/Game/Map/newMap.newMap_C' with ClassGeneratedBy '/Game/Map/newMap.newMap:PersistentLevel.newMap'
[2017.12.21-15.39.02:335][403]LogPlayLevel: PlayLevel: No blueprints needed recompiling
[2017.12.21-15.39.02:335][403]LogOnline:Display: OSS: FOnlineSubsystemNull::Shutdown()
[2017.12.21-15.39.02:336][403]LogOnline:Warning: STEAM: Steam API disabled!
[2017.12.21-15.39.02:336][403]LogOnline:Display: STEAM: OnlineSubsystemSteam::Shutdown()
[2017.12.21-15.39.02:348][403]PIE: New page: PIE 세션: newMap (2017. 12. 22. 오전 9:39:02)
[2017.12.21-15.39.02:349][403]LogPlayLevel: Creating play world package: /Game/Map/UEDPIE_0_newMap
[2017.12.21-15.39.02:538][403]LogPlayLevel: PIE: StaticDuplicateObject took: (0.189599s)
[2017.12.21-15.39.02:540][403]LogAIModule: Creating AISystem for world newMap
[2017.12.21-15.39.02:540][403]LogPlayLevel: PIE: World Init took: (0.001745s)
[2017.12.21-15.39.02:541][403]LogPlayLevel: PIE: Created PIE world by copying editor world from /Game/Map/newMap.newMap to /Game/Map/UEDPIE_0_newMap.newMap (0.192091s)
[2017.12.21-15.39.02:588][403]LogInit: XAudio2 using '헤드폰(High Definition Audio 장치)' : 2 channels at 44.1 kHz using 16 bits per sample (channel mask 0x3)
[2017.12.21-15.39.02:605][403]LogInit: FAudioDevice initialized.
[2017.12.21-15.39.02:668][403]LogStats:Warning: MetaData mismatch. Did you assign a stat to two groups? New //STATGROUP_Threads//OnlineAsyncTaskThreadNull DefaultInstance///Thread_3a8c_0///####STATCAT_Advanced#### old //STATGROUP_Threads//OnlineAsyncTaskThreadNull DefaultInstance///Thread_c28_0///####STATCAT_Advanced####
[2017.12.21-15.39.02:707][403]LogLoad: Game class is 'MyGameMode_C'
[2017.12.21-15.39.02:752][403]LogWorld: Bringing World /Game/Map/UEDPIE_0_newMap.newMap up for play (max tick rate 0) at 2017.12.22-00.39.02
[2017.12.21-15.39.02:754][403]LogWorld: Bringing up level for play took: 0.044918
[2017.12.21-15.39.02:897][403]LogContentBrowser: Native class hierarchy updated for 'MovieSceneCapture' in 0.0008 seconds. Added 11 classes and 0 folders.
[2017.12.21-15.39.02:897][403]LogGameMode:Display: Match State Changed from EnteringMap to WaitingToStart
[2017.12.21-15.39.02:897][403]LogGameState: Match State Changed from EnteringMap to WaitingToStart
[2017.12.21-15.39.02:897][403]LogGameMode:Display: Match State Changed from WaitingToStart to InProgress
[2017.12.21-15.39.02:911][403]LogBlueprintUserMessages: [messageScroll_116] DESKTOP-F27I5IQ-C6FA
[2017.12.21-15.39.02:919][403]LogGameState: Match State Changed from WaitingToStart to InProgress
[2017.12.21-15.39.02:928][403]PIE: 정보 /Game/Map/UEDPIE_0_newMap 에 대한 에디터에서 플레이 시작 시간: -0.116
[2017.12.21-15.39.02:928][403]LogBlueprintUserMessages: Late PlayInEditor Detection: Level '/Game/Map/newMap.newMap:PersistentLevel' has LevelScriptBlueprint '/Game/Map/newMap.newMap:PersistentLevel.newMap' with GeneratedClass '/Game/Map/newMap.newMap_C' with ClassGeneratedBy '/Game/Map/newMap.newMap:PersistentLevel.newMap'
[2017.12.21-15.39.02:939][403]LogRenderer: Reallocating scene render targets to support 1376x804 NumSamples 1 (Frame:755).
[2017.12.21-15.39.02:939][403]LogAudio:Warning: Detected orphaned looping sound 'wind'.
[2017.12.21-15.39.03:061][404]PIE:Warning: 경고 위젯이 포커스를 지원하지 않습니다. UserWidget 인 경우, bIsFocusable 을 true 로 설정해야 합니다.
[2017.12.21-15.39.07:873][533]PIE:Error: 오류 SetInputMode_GameOnly 는 유효한 플레이어 컨트롤러를 타겟으로 기대합니다.
[2017.12.21-15.39.07:873][533]PIE:Error: 오류 SetInputMode_GameOnly 는 유효한 플레이어 컨트롤러를 타겟으로 기대합니다.
[2017.12.21-15.39.07:920][533]LogScriptCore:Warning: Script Msg: Divide by zero
Script call stack:
	Function /Game/Widget/PHUD.PHUD_C:RMouseSkillCoolTimeBar

[2017.12.21-15.39.07:920][533]LogScriptCore:Warning: Script Msg: Divide by zero
Script call stack:
	Function /Game/Widget/PHUD.PHUD_C:ShiftSkillCoolTimeBar

[2017.12.21-15.39.07:940][534]LogScriptCore:Warning: Script Msg: Divide by zero
Script call stack:
	Function /Game/Widget/PHUD.PHUD_C:RMouseSkillCoolTimeBar

[2017.12.21-15.39.07:940][534]LogScriptCore:Warning: Script Msg: Divide by zero
Script call stack:
	Function /Game/Widget/PHUD.PHUD_C:ShiftSkillCoolTimeBar

[2017.12.21-15.39.12:899][535]LogTemp:Display: Finished compile of shader map 0x000002F6056FE080
[2017.12.21-15.39.12:900][535]LogTemp:Display: Shader map terrainmat complete, GameThreadShaderMap 0x000002F6056FE080, marking material terrainmat as finished
[2017.12.21-15.39.12:900][535]LogTemp:Display: Marking material as finished 0x000002F602B4AE00
[2017.12.21-15.39.18:802][536]LogTemp:Display: Finished compile of shader map 0x000002F605974480
[2017.12.21-15.39.18:802][536]LogTemp:Display: Shader map terrainmat complete, GameThreadShaderMap 0x000002F605974480, marking material terrainmat as finished
[2017.12.21-15.39.18:802][536]LogTemp:Display: Marking material as finished 0x000002F602B48A00
[2017.12.21-15.39.18:952][537]LogTemp:Display: Finished compile of shader map 0x000002F605F29280
[2017.12.21-15.39.18:952][537]LogTemp:Display: Shader map terrainmat complete, GameThreadShaderMap 0x000002F605F29280, marking material terrainmat as finished
[2017.12.21-15.39.18:952][537]LogTemp:Display: Marking material as finished 0x000002F602B49C00
[2017.12.21-15.39.25:452][811]LogTemp:Display: Finished compile of shader map 0x000002F606EE7580
[2017.12.21-15.39.25:452][811]LogTemp:Display: Shader map terrainmat complete, GameThreadShaderMap 0x000002F606EE7580, marking material terrainmat as finished
[2017.12.21-15.39.25:452][811]LogTemp:Display: Marking material as finished 0x000002F606EABE80
[2017.12.21-15.39.36:521][812]LogTemp:Display: Finished compile of shader map 0x000002F66B8F1980
[2017.12.21-15.39.36:521][812]LogTemp:Display: Shader map terrainmat complete, GameThreadShaderMap 0x000002F66B8F1980, marking material terrainmat as finished
[2017.12.21-15.39.36:521][812]LogTemp:Display: Marking material as finished 0x000002F606EA9A80
[2017.12.21-15.39.36:660][813]LogTemp:Display: Finished compile of shader map 0x000002F6076FA400
[2017.12.21-15.39.36:660][813]LogTemp:Display: Shader map terrainmat complete, GameThreadShaderMap 0x000002F6076FA400, marking material terrainmat as finished
[2017.12.21-15.39.36:660][813]LogTemp:Display: Marking material as finished 0x000002F606EAA680
[2017.12.21-15.39.41:758][ 33]LogTemp:Display: Finished compile of shader map 0x000002F674D18B80
[2017.12.21-15.39.41:758][ 33]LogTemp:Display: Shader map terrainmat complete, GameThreadShaderMap 0x000002F674D18B80, marking material terrainmat as finished
[2017.12.21-15.39.41:758][ 33]LogTemp:Display: Marking material as finished 0x000002F66B88AE00
[2017.12.21-15.39.52:518][490]LogTemp:Display: Finished compile of shader map 0x000002F67D7CD280
[2017.12.21-15.39.52:518][490]LogTemp:Display: Shader map terrainmat complete, GameThreadShaderMap 0x000002F67D7CD280, marking material terrainmat as finished
[2017.12.21-15.39.52:518][490]LogTemp:Display: Marking material as finished 0x000002F67D7C7700
[2017.12.21-15.45.42:132][543]LogBlueprintUserMessages: Early EndPlayMap Detection: Level '/Game/Map/newMap.newMap:PersistentLevel' has LevelScriptBlueprint '/Game/Map/newMap.newMap:PersistentLevel.newMap' with GeneratedClass '/Game/Map/newMap.newMap_C' with ClassGeneratedBy '/Game/Map/newMap.newMap:PersistentLevel.newMap'
[2017.12.21-15.45.42:133][543]LogScript:Warning: Accessed None 이 CallFunc_K2_GetPawn_ReturnValue2 프로퍼티를 읽으려 합니다.
	MyGameMode_C /Game/Map/UEDPIE_0_newMap.newMap:PersistentLevel.MyGameMode_C_0
	Function /Game/BP/MyGameMode.MyGameMode_C:ExecuteUbergraph_MyGameMode:0EDB
[2017.12.21-15.45.42:231][543]LogOnline:Display: OSS: FOnlineSubsystemNull::Shutdown()
[2017.12.21-15.45.42:232][543]LogPlayLevel:Display: Shutting down PIE online subsystems
[2017.12.21-15.45.42:233][543]LogBlueprintUserMessages: Late EndPlayMap Detection: Level '/Game/Map/newMap.newMap:PersistentLevel' has LevelScriptBlueprint '/Game/Map/newMap.newMap:PersistentLevel.newMap' with GeneratedClass '/Game/Map/newMap.newMap_C' with ClassGeneratedBy '/Game/Map/newMap.newMap:PersistentLevel.newMap'
[2017.12.21-15.45.42:343][544]LogPlayLevel:Display: Destroying online subsystem :Context_2
[2017.12.21-15.45.42:343][544]LogOnline:Display: OSS: FOnlineSubsystemNull::Shutdown()
[2017.12.21-15.45.47:632][780]LogWindowsTextInputMethodSystem:Display: IME system now activated using TSF (Microsoft 입력기).
[2017.12.21-15.45.47:891][781]Cmd: QUIT_EDITOR
[2017.12.21-15.45.48:788][781]LogExit: Preparing to exit.
[2017.12.21-15.45.49:772][781]LogExit: Editor shut down
[2017.12.21-15.45.49:772][781]LogExit: Transaction tracking system shut down
[2017.12.21-15.45.49:793][781]LogTemp:Display: Removed shader map 0x000002F66B514800 from material 0x000002F66B112980
[2017.12.21-15.45.49:913][781]LogObj: Freed 0b from 0 cluster array pools.
[2017.12.21-15.45.49:913][781]LogExit: Object subsystem successfully closed.
[2017.12.21-15.45.49:931][781]LogD3D11RHI: Shutdown
[2017.12.21-15.45.49:931][781]LogD3D11RHI: CleanupD3DDevice
[2017.12.21-15.45.50:104][781]LogD3D11RHI: ~FD3D11DynamicRHI
[2017.12.21-15.45.50:139][781]LogModuleManager: Shutting down and abandoning module MovieSceneCapture (506)
[2017.12.21-15.45.50:139][781]LogModuleManager: Shutting down and abandoning module Voice (504)
[2017.12.21-15.45.50:139][781]LogModuleManager: Shutting down and abandoning module MaterialEditor (502)
[2017.12.21-15.45.50:139][781]LogModuleManager: Shutting down and abandoning module HierarchicalLODOutliner (500)
[2017.12.21-15.45.50:139][781]LogModuleManager: Shutting down and abandoning module CrashTracker (498)
[2017.12.21-15.45.50:139][781]LogModuleManager: Shutting down and abandoning module AddContentDialog (496)
[2017.12.21-15.45.50:139][781]LogDirectoryWatcher: A directory notification for 'C:/Program Files/Epic Games/UE_4.15/FeaturePacks/' was aborted.
[2017.12.21-15.45.50:140][781]LogModuleManager: Shutting down and abandoning module WidgetCarousel (495)
[2017.12.21-15.45.50:140][781]LogModuleManager: Shutting down and abandoning module EditorWidgets (492)
[2017.12.21-15.45.50:140][781]LogModuleManager: Shutting down and abandoning module CollectionManager (490)
[2017.12.21-15.45.50:140][781]LogDirectoryWatcher: A directory notification for 'D:/UNNAMED/UNNAMED/Content/Collections/' was aborted.
[2017.12.21-15.45.50:140][781]LogDirectoryWatcher: A directory notification for 'D:/UNNAMED/UNNAMED/Content/Developers/duck2/Collections/' was aborted.
[2017.12.21-15.45.50:140][781]LogDirectoryWatcher: A directory notification for 'D:/UNNAMED/UNNAMED/Saved/Collections/' was aborted.
[2017.12.21-15.45.50:141][781]LogModuleManager: Shutting down and abandoning module SceneOutliner (488)
[2017.12.21-15.45.50:141][781]LogModuleManager: Shutting down and abandoning module StatsViewer (486)
[2017.12.21-15.45.50:141][781]LogModuleManager: Shutting down and abandoning module FoliageEdit (484)
[2017.12.21-15.45.50:141][781]LogModuleManager: Shutting down and abandoning module LandscapeEditor (482)
[2017.12.21-15.45.50:141][781]LogModuleManager: Shutting down and abandoning module SceneDepthPickerMode (480)
[2017.12.21-15.45.50:141][781]LogModuleManager: Shutting down and abandoning module ActorPickerMode (478)
[2017.12.21-15.45.50:141][781]LogModuleManager: Shutting down and abandoning module GeometryMode (476)
[2017.12.21-15.45.50:141][781]LogModuleManager: Shutting down and abandoning module TextureAlignMode (474)
[2017.12.21-15.45.50:141][781]LogModuleManager: Shutting down and abandoning module BspMode (472)
[2017.12.21-15.45.50:141][781]LogModuleManager: Shutting down and abandoning module HardwareSurvey (470)
[2017.12.21-15.45.50:141][781]LogModuleManager: Shutting down and abandoning module SequenceRecorderSections (468)
[2017.12.21-15.45.50:141][781]LogModuleManager: Shutting down and abandoning module AutomationWorker (466)
[2017.12.21-15.45.50:141][781]LogModuleManager: Shutting down and abandoning module MatineeToLevelSequence (464)
[2017.12.21-15.45.50:141][781]LogModuleManager: Shutting down and abandoning module LevelSequenceEditor (462)
[2017.12.21-15.45.50:141][781]LogModuleManager: Shutting down and abandoning module PlacementMode (461)
[2017.12.21-15.45.50:141][781]LogModuleManager: Shutting down and abandoning module WmfMediaFactory (458)
[2017.12.21-15.45.50:141][781]LogModuleManager: Shutting down and abandoning module WmfMediaEditor (456)
[2017.12.21-15.45.50:141][781]LogModuleManager: Shutting down and abandoning module MfMediaFactory (454)
[2017.12.21-15.45.50:141][781]LogModuleManager: Shutting down and abandoning module MfMediaEditor (452)
[2017.12.21-15.45.50:141][781]LogModuleManager: Shutting down and abandoning module AvfMediaFactory (450)
[2017.12.21-15.45.50:141][781]LogModuleManager: Shutting down and abandoning module AvfMediaEditor (448)
[2017.12.21-15.45.50:141][781]LogModuleManager: Shutting down and abandoning module AndroidMediaFactory (446)
[2017.12.21-15.45.50:141][781]LogModuleManager: Shutting down and abandoning module Media (445)
[2017.12.21-15.45.50:141][781]LogModuleManager: Shutting down and abandoning module AndroidMediaEditor (442)
[2017.12.21-15.45.50:141][781]LogModuleManager: Shutting down and abandoning module CharacterAI (440)
[2017.12.21-15.45.50:141][781]LogModuleManager: Shutting down and abandoning module AudioCapture (438)
[2017.12.21-15.45.50:141][781]LogModuleManager: Shutting down and abandoning module SequenceRecorder (437)
[2017.12.21-15.45.50:141][781]LogModuleManager: Shutting down and abandoning module SmartSnapping (434)
[2017.12.21-15.45.50:141][781]LogModuleManager: Shutting down and abandoning module SessionServices (432)
[2017.12.21-15.45.50:141][781]LogModuleManager: Shutting down and abandoning module ViewportSnapping (430)
[2017.12.21-15.45.50:141][781]LogModuleManager: Shutting down and abandoning module ViewportInteraction (428)
[2017.12.21-15.45.50:141][781]LogModuleManager: Shutting down and abandoning module LogVisualizer (426)
[2017.12.21-15.45.50:141][781]LogModuleManager: Shutting down and abandoning module IntroTutorials (424)
[2017.12.21-15.45.50:141][781]LogModuleManager: Shutting down and abandoning module GameProjectGeneration (423)
[2017.12.21-15.45.50:141][781]LogModuleManager: Shutting down and abandoning module EditorLiveStreaming (420)
[2017.12.21-15.45.50:141][781]LogModuleManager: Shutting down and abandoning module IOSPlatformEditor (418)
[2017.12.21-15.45.50:141][781]LogModuleManager: Shutting down and abandoning module HTML5PlatformEditor (416)
[2017.12.21-15.45.50:141][781]LogModuleManager: Shutting down and abandoning module AndroidPlatformEditor (414)
[2017.12.21-15.45.50:141][781]LogModuleManager: Shutting down and abandoning module AndroidDeviceDetection (413)
[2017.12.21-15.45.50:918][781]LogModuleManager: Shutting down and abandoning module IOSRuntimeSettings (410)
[2017.12.21-15.45.50:918][781]LogModuleManager: Shutting down and abandoning module AndroidRuntimeSettings (408)
[2017.12.21-15.45.50:918][781]LogModuleManager: Shutting down and abandoning module InputBindingEditor (406)
[2017.12.21-15.45.50:918][781]LogModuleManager: Shutting down and abandoning module NiagaraEditor (404)
[2017.12.21-15.45.50:918][781]LogModuleManager: Shutting down and abandoning module MergeActors (402)
[2017.12.21-15.45.50:918][781]LogModuleManager: Shutting down and abandoning module SizeMap (400)
[2017.12.21-15.45.50:918][781]LogModuleManager: Shutting down and abandoning module TreeMap (398)
[2017.12.21-15.45.50:918][781]LogModuleManager: Shutting down and abandoning module ReferenceViewer (396)
[2017.12.21-15.45.50:918][781]LogModuleManager: Shutting down and abandoning module LocalizationDashboard (394)
[2017.12.21-15.45.50:918][781]LogModuleManager: Shutting down and abandoning module LocalizationService (393)
[2017.12.21-15.45.50:918][781]LogModuleManager: Shutting down and abandoning module HardwareTargeting (390)
[2017.12.21-15.45.50:918][781]LogModuleManager: Shutting down and abandoning module DeviceProfileEditor (388)
[2017.12.21-15.45.50:918][781]LogModuleManager: Shutting down and abandoning module UndoHistory (386)
[2017.12.21-15.45.50:918][781]LogModuleManager: Shutting down and abandoning module UserFeedback (384)
[2017.12.21-15.45.50:918][781]LogModuleManager: Shutting down and abandoning module XmlParser (382)
[2017.12.21-15.45.50:918][781]LogModuleManager: Shutting down and abandoning module Blutility (380)
[2017.12.21-15.45.50:918][781]LogModuleManager: Shutting down and abandoning module ProjectSettingsViewer (378)
[2017.12.21-15.45.50:918][781]LogModuleManager: Shutting down and abandoning module ProjectTargetPlatformEditor (377)
[2017.12.21-15.45.50:918][781]LogModuleManager: Shutting down and abandoning module EditorSettingsViewer (374)
[2017.12.21-15.45.50:918][781]LogModuleManager: Shutting down and abandoning module SettingsEditor (372)
[2017.12.21-15.45.50:918][781]LogModuleManager: Shutting down and abandoning module ProjectLauncher (370)
[2017.12.21-15.45.50:918][781]LogModuleManager: Shutting down and abandoning module SessionFrontend (368)
[2017.12.21-15.45.50:918][781]LogModuleManager: Shutting down and abandoning module ProfilerClient (366)
[2017.12.21-15.45.50:918][781]LogModuleManager: Shutting down and abandoning module DeviceManager (364)
[2017.12.21-15.45.50:918][781]LogModuleManager: Shutting down and abandoning module TargetDeviceServices (363)
[2017.12.21-15.45.50:962][781]LogModuleManager: Shutting down and abandoning module AutomationController (360)
[2017.12.21-15.45.50:962][781]LogModuleManager: Shutting down and abandoning module AutomationWindow (358)
[2017.12.21-15.45.50:962][781]LogModuleManager: Shutting down and abandoning module Layers (356)
[2017.12.21-15.45.50:962][781]LogModuleManager: Shutting down and abandoning module ComponentVisualizers (354)
[2017.12.21-15.45.50:962][781]LogModuleManager: Shutting down and abandoning module DetailCustomizations (352)
[2017.12.21-15.45.50:962][781]LogModuleManager: Shutting down and abandoning module PackagesDialog (350)
[2017.12.21-15.45.50:962][781]LogModuleManager: Shutting down and abandoning module Persona (348)
[2017.12.21-15.45.50:962][781]LogModuleManager: Shutting down and abandoning module AnimGraph (347)
[2017.12.21-15.45.50:962][781]LogModuleManager: Shutting down and abandoning module Kismet (344)
[2017.12.21-15.45.50:969][781]LogModuleManager: Shutting down and abandoning module GraphEditor (342)
[2017.12.21-15.45.50:969][781]LogModuleManager: Shutting down and abandoning module ClassViewer (340)
[2017.12.21-15.45.50:969][781]LogModuleManager: Shutting down and abandoning module Toolbox (338)
[2017.12.21-15.45.50:969][781]LogModuleManager: Shutting down and abandoning module ModuleUI (336)
[2017.12.21-15.45.50:969][781]LogModuleManager: Shutting down and abandoning module MovieSceneTools (334)
[2017.12.21-15.45.50:969][781]LogModuleManager: Shutting down and abandoning module OutputLog (332)
[2017.12.21-15.45.50:969][781]LogModuleManager: Shutting down and abandoning module GammaUI (330)
[2017.12.21-15.45.50:969][781]LogModuleManager: Shutting down and abandoning module Documentation (328)
[2017.12.21-15.45.50:969][781]LogModuleManager: Shutting down and abandoning module Niagara (326)
[2017.12.21-15.45.50:969][781]LogModuleManager: Shutting down and abandoning module StreamingPauseRendering (324)
[2017.12.21-15.45.50:969][781]LogModuleManager: Shutting down and abandoning module AnalyticsET (322)
[2017.12.21-15.45.50:969][781]LogModuleManager: Shutting down and abandoning module PortalServices (320)
[2017.12.21-15.45.50:969][781]LogModuleManager: Shutting down and abandoning module PortalRpc (318)
[2017.12.21-15.45.50:969][781]LogModuleManager: Shutting down and abandoning module MessagingRpc (316)
[2017.12.21-15.45.50:969][781]LogModuleManager: Shutting down and abandoning module AIModule (314)
[2017.12.21-15.45.50:969][781]LogModuleManager: Shutting down and abandoning module GameplayDebugger (313)
[2017.12.21-15.45.50:969][781]LogModuleManager: Shutting down and abandoning module AITestSuite (311)
[2017.12.21-15.45.50:969][781]LogModuleManager: Shutting down and abandoning module ProfilerService (308)
[2017.12.21-15.45.51:189][781]LogModuleManager: Shutting down and abandoning module TaskGraph (306)
[2017.12.21-15.45.51:189][781]LogModuleManager: Shutting down and abandoning module SteamVRController (304)
[2017.12.21-15.45.51:189][781]LogModuleManager: Shutting down and abandoning module SteamVR (302)
[2017.12.21-15.45.51:189][781]LogModuleManager: Shutting down and abandoning module ProceduralMeshComponentEditor (300)
[2017.12.21-15.45.51:189][781]LogModuleManager: Shutting down and abandoning module ProceduralMeshComponent (298)
[2017.12.21-15.45.51:189][781]LogModuleManager: Shutting down and abandoning module OculusLibrary (296)
[2017.12.21-15.45.51:189][781]LogModuleManager: Shutting down and abandoning module OculusInput (294)
[2017.12.21-15.45.51:189][781]LogModuleManager: Shutting down and abandoning module MobilePatchingUtils (292)
[2017.12.21-15.45.51:189][781]LogModuleManager: Shutting down and abandoning module CustomMeshComponent (290)
[2017.12.21-15.45.51:189][781]LogModuleManager: Shutting down and abandoning module CableComponent (288)
[2017.12.21-15.45.51:189][781]LogModuleManager: Shutting down and abandoning module ArchVisCharacter (286)
[2017.12.21-15.45.51:189][781]LogModuleManager: Shutting down and abandoning module MediaPlayerEditor (284)
[2017.12.21-15.45.51:189][781]LogModuleManager: Shutting down and abandoning module HTML5Networking (282)
[2017.12.21-15.45.51:189][781]LogModuleManager: Shutting down and abandoning module AlembicImporter (280)
[2017.12.21-15.45.51:189][781]LogModuleManager: Shutting down and abandoning module AlembicLibrary (279)
[2017.12.21-15.45.51:189][781]LogModuleManager: Shutting down and abandoning module GeometryCache (278)
[2017.12.21-15.45.51:189][781]LogModuleManager: Shutting down and abandoning module GeometryCacheEd (277)
[2017.12.21-15.45.51:189][781]LogModuleManager: Shutting down and abandoning module SuperSearchEditor (272)
[2017.12.21-15.45.51:189][781]LogModuleManager: Shutting down and abandoning module SuperSearch (271)
[2017.12.21-15.45.51:189][781]LogModuleManager: Shutting down and abandoning module SpeedTreeImporter (268)
[2017.12.21-15.45.51:189][781]LogModuleManager: Shutting down and abandoning module PluginBrowser (266)
[2017.12.21-15.45.51:190][781]LogModuleManager: Shutting down and abandoning module MobileLauncherProfileWizard (264)
[2017.12.21-15.45.51:190][781]LogModuleManager: Shutting down and abandoning module EpicSurvey (262)
[2017.12.21-15.45.51:190][781]LogModuleManager: Shutting down and abandoning module VisualStudioSourceCodeAccess (260)
[2017.12.21-15.45.51:190][781]LogModuleManager: Shutting down and abandoning module DesktopPlatform (259)
[2017.12.21-15.45.51:190][781]LogModuleManager: Shutting down and abandoning module UObjectPlugin (256)
[2017.12.21-15.45.51:190][781]LogModuleManager: Shutting down and abandoning module SubversionSourceControl (254)
[2017.12.21-15.45.51:190][781]LogModuleManager: Shutting down and abandoning module PerforceSourceControl (252)
[2017.12.21-15.45.51:190][781]LogModuleManager: Shutting down and abandoning module GitSourceControl (250)
[2017.12.21-15.45.51:190][781]LogModuleManager: Shutting down and abandoning module SourceControl (249)
[2017.12.21-15.45.51:190][781]LogModuleManager: Shutting down and abandoning module LightPropagationVolumeEditor (246)
[2017.12.21-15.45.51:190][781]LogModuleManager: Shutting down and abandoning module PaperTiledImporter (244)
[2017.12.21-15.45.51:190][781]LogModuleManager: Shutting down and abandoning module PaperSpriteSheetImporter (242)
[2017.12.21-15.45.51:190][781]LogModuleManager: Shutting down and abandoning module Paper2DEditor (240)
[2017.12.21-15.45.51:190][781]LogModuleManager: Shutting down and abandoning module MeshPaint (239)
[2017.12.21-15.45.51:190][781]LogModuleManager: Shutting down and abandoning module LevelEditor (237)
[2017.12.21-15.45.51:191][781]LogModuleManager: Shutting down and abandoning module PixelInspectorModule (236)
[2017.12.21-15.45.51:191][781]LogModuleManager: Shutting down and abandoning module MainFrame (234)
[2017.12.21-15.45.51:191][781]LogModuleManager: Shutting down and abandoning module HotReload (233)
[2017.12.21-15.45.51:191][781]LogModuleManager: Shutting down and abandoning module ContentBrowser (229)
[2017.12.21-15.45.51:193][781]LogModuleManager: Shutting down and abandoning module PhysXVehiclesEditor (226)
[2017.12.21-15.45.51:193][781]LogModuleManager: Shutting down and abandoning module PhysXVehicles (224)
[2017.12.21-15.45.51:193][781]LogModuleManager: Shutting down and abandoning module LocationServicesBPLibrary (222)
[2017.12.21-15.45.51:193][781]LogModuleManager: Shutting down and abandoning module UdpMessaging (220)
[2017.12.21-15.45.51:294][781]LogModuleManager: Shutting down and abandoning module TcpMessaging (218)
[2017.12.21-15.45.51:395][781]LogModuleManager: Shutting down and abandoning module GameplayTagsEditor (216)
[2017.12.21-15.45.51:395][781]LogModuleManager: Shutting down and abandoning module FacialAnimationEditor (214)
[2017.12.21-15.45.51:395][781]LogModuleManager: Shutting down and abandoning module FacialAnimation (212)
[2017.12.21-15.45.51:395][781]LogModuleManager: Shutting down and abandoning module LightPropagationVolumeRuntime (210)
[2017.12.21-15.45.51:395][781]LogModuleManager: Shutting down and abandoning module Paper2D (208)
[2017.12.21-15.45.51:395][781]LogModuleManager: Shutting down and abandoning module WindowsMoviePlayer (206)
[2017.12.21-15.45.51:395][781]LogModuleManager: Shutting down and abandoning module WmfMedia (204)
[2017.12.21-15.45.51:397][781]LogModuleManager: Shutting down and abandoning module MfMedia (202)
[2017.12.21-15.45.51:397][781]LogModuleManager: Shutting down and abandoning module MediaAssets (200)
[2017.12.21-15.45.51:397][781]LogModuleManager: Shutting down and abandoning module GameLiveStreaming (198)
[2017.12.21-15.45.51:398][781]LogModuleManager: Shutting down and abandoning module VREditor (196)
[2017.12.21-15.45.51:398][781]LogModuleManager: Shutting down and abandoning module GameplayTasksEditor (194)
[2017.12.21-15.45.51:398][781]LogModuleManager: Shutting down and abandoning module BehaviorTreeEditor (192)
[2017.12.21-15.45.51:398][781]LogModuleManager: Shutting down and abandoning module FunctionalTesting (190)
[2017.12.21-15.45.51:398][781]LogModuleManager: Shutting down and abandoning module CollisionAnalyzer (188)
[2017.12.21-15.45.51:398][781]LogModuleManager: Shutting down and abandoning module UMG (186)
[2017.12.21-15.45.51:398][781]LogModuleManager: Shutting down and abandoning module UMGEditor (185)
[2017.12.21-15.45.51:398][781]LogModuleManager: Shutting down and abandoning module Sequencer (184)
[2017.12.21-15.45.51:398][781]LogModuleManager: Shutting down and abandoning module AssetTools (182)
[2017.12.21-15.45.51:398][781]LogModuleManager: Shutting down and abandoning module MessageLog (181)
[2017.12.21-15.45.51:398][781]LogModuleManager: Shutting down and abandoning module WorkspaceMenuStructure (180)
[2017.12.21-15.45.51:398][781]LogModuleManager: Shutting down and abandoning module SlateReflector (174)
[2017.12.21-15.45.51:398][781]LogModuleManager: Shutting down and abandoning module Slate (172)
[2017.12.21-15.45.51:398][781]LogModuleManager: Shutting down and abandoning module EditorStyle (170)
[2017.12.21-15.45.51:401][781]LogModuleManager: Shutting down and abandoning module SourceCodeAccess (168)
[2017.12.21-15.45.51:401][781]LogModuleManager: Shutting down and abandoning module HeadMountedDisplay (166)
[2017.12.21-15.45.51:401][781]LogModuleManager: Shutting down and abandoning module XAudio2 (164)
[2017.12.21-15.45.51:401][781]LogModuleManager: Shutting down and abandoning module Networking (162)
[2017.12.21-15.45.51:401][781]LogModuleManager: Shutting down and abandoning module Core (160)
[2017.12.21-15.45.51:401][781]LogModuleManager: Shutting down and abandoning module AssetRegistry (158)
[2017.12.21-15.45.51:554][781]LogDirectoryWatcher: A directory notification for '../../../Engine/Content/' was aborted.
[2017.12.21-15.45.51:554][781]LogDirectoryWatcher: A directory notification for 'D:/UNNAMED/UNNAMED/Content/' was aborted.
[2017.12.21-15.45.51:554][781]LogDirectoryWatcher: A directory notification for '../../../Engine/Plugins/2D/Paper2D/Content/' was aborted.
[2017.12.21-15.45.51:554][781]LogModuleManager: Shutting down and abandoning module DirectoryWatcher (157)
[2017.12.21-15.45.51:555][781]LogModuleManager: Shutting down and abandoning module KismetCompiler (154)
[2017.12.21-15.45.51:555][781]LogModuleManager: Shutting down and abandoning module PhysXFormats (152)
[2017.12.21-15.45.51:555][781]LogModuleManager: Shutting down and abandoning module MeshUtilities (150)
[2017.12.21-15.45.51:555][781]LogModuleManager: Shutting down and abandoning module SimplygonSwarm (149)
[2017.12.21-15.45.51:555][781]LogModuleManager: Shutting down and abandoning module SimplygonMeshReduction (147)
[2017.12.21-15.45.51:555][781]LogModuleManager: Shutting down and abandoning module QuadricMeshReduction (145)
[2017.12.21-15.45.51:555][781]LogModuleManager: Shutting down and abandoning module PropertyEditor (143)
[2017.12.21-15.45.51:555][781]LogModuleManager: Shutting down and abandoning module DerivedDataCache (140)
[2017.12.21-15.45.51:634][781]LogDerivedDataCache: Shutdown
[2017.12.21-15.45.51:634][781]LogModuleManager: Shutting down and abandoning module TargetPlatform (138)
[2017.12.21-15.45.51:634][781]LogModuleManager: Shutting down and abandoning module VulkanShaderFormat (137)
[2017.12.21-15.45.51:634][781]LogModuleManager: Shutting down and abandoning module ShaderFormatOpenGL (135)
[2017.12.21-15.45.51:634][781]LogModuleManager: Shutting down and abandoning module ShaderFormatD3D (133)
[2017.12.21-15.45.51:634][781]LogModuleManager: Shutting down and abandoning module MetalShaderFormat (131)
[2017.12.21-15.45.51:634][781]LogModuleManager: Shutting down and abandoning module TextureFormatUncompressed (129)
[2017.12.21-15.45.51:634][781]LogModuleManager: Shutting down and abandoning module TextureFormatPVR (127)
[2017.12.21-15.45.51:634][781]LogModuleManager: Shutting down and abandoning module TextureFormatDXT (125)
[2017.12.21-15.45.51:634][781]LogModuleManager: Shutting down and abandoning module TextureFormatIntelISPCTexComp (123)
[2017.12.21-15.45.51:635][781]LogModuleManager: Shutting down and abandoning module TextureFormatASTC (121)
[2017.12.21-15.45.51:635][781]LogModuleManager: Shutting down and abandoning module ImageWrapper (120)
[2017.12.21-15.45.51:635][781]LogModuleManager: Shutting down and abandoning module TextureFormatAndroid (117)
[2017.12.21-15.45.51:635][781]LogModuleManager: Shutting down and abandoning module AudioFormatOpus (115)
[2017.12.21-15.45.51:635][781]LogModuleManager: Shutting down and abandoning module AudioFormatOgg (113)
[2017.12.21-15.45.51:635][781]LogModuleManager: Shutting down and abandoning module AudioFormatADPCM (111)
[2017.12.21-15.45.51:635][781]LogModuleManager: Shutting down and abandoning module LinuxTargetPlatform (109)
[2017.12.21-15.45.51:635][781]LogModuleManager: Shutting down and abandoning module LinuxServerTargetPlatform (107)
[2017.12.21-15.45.51:635][781]LogModuleManager: Shutting down and abandoning module LinuxNoEditorTargetPlatform (105)
[2017.12.21-15.45.51:635][781]LogModuleManager: Shutting down and abandoning module LinuxClientTargetPlatform (103)
[2017.12.21-15.45.51:635][781]LogModuleManager: Shutting down and abandoning module TVOSTargetPlatform (101)
[2017.12.21-15.45.51:635][781]LogModuleManager: Shutting down and abandoning module Messaging (99)
[2017.12.21-15.45.51:635][781]LogModuleManager: Shutting down and abandoning module IOSTargetPlatform (97)
[2017.12.21-15.45.51:635][781]LogModuleManager: Shutting down and abandoning module HTML5TargetPlatform (95)
[2017.12.21-15.45.51:635][781]LogModuleManager: Shutting down and abandoning module Android_PVRTCTargetPlatform (93)
[2017.12.21-15.45.51:635][781]LogModuleManager: Shutting down and abandoning module Android_MultiTargetPlatform (91)
[2017.12.21-15.45.51:635][781]LogModuleManager: Shutting down and abandoning module Android_ETC2TargetPlatform (89)
[2017.12.21-15.45.51:635][781]LogModuleManager: Shutting down and abandoning module Android_ETC1TargetPlatform (87)
[2017.12.21-15.45.51:635][781]LogModuleManager: Shutting down and abandoning module Android_DXTTargetPlatform (85)
[2017.12.21-15.45.51:635][781]LogModuleManager: Shutting down and abandoning module Android_ATCTargetPlatform (83)
[2017.12.21-15.45.51:635][781]LogModuleManager: Shutting down and abandoning module Android_ASTCTargetPlatform (81)
[2017.12.21-15.45.51:635][781]LogModuleManager: Shutting down and abandoning module AndroidTargetPlatform (79)
[2017.12.21-15.45.51:635][781]LogModuleManager: Shutting down and abandoning module WindowsTargetPlatform (77)
[2017.12.21-15.45.51:635][781]LogModuleManager: Shutting down and abandoning module WindowsServerTargetPlatform (75)
[2017.12.21-15.45.51:635][781]LogModuleManager: Shutting down and abandoning module WindowsNoEditorTargetPlatform (73)
[2017.12.21-15.45.51:635][781]LogModuleManager: Shutting down and abandoning module WindowsClientTargetPlatform (71)
[2017.12.21-15.45.51:635][781]LogModuleManager: Shutting down and abandoning module MacTargetPlatform (69)
[2017.12.21-15.45.51:635][781]LogModuleManager: Shutting down and abandoning module MacServerTargetPlatform (67)
[2017.12.21-15.45.51:635][781]LogModuleManager: Shutting down and abandoning module MacNoEditorTargetPlatform (65)
[2017.12.21-15.45.51:635][781]LogModuleManager: Shutting down and abandoning module MacClientTargetPlatform (63)
[2017.12.21-15.45.51:635][781]LogModuleManager: Shutting down and abandoning module AllDesktopTargetPlatform (61)
[2017.12.21-15.45.51:635][781]LogModuleManager: Shutting down and abandoning module InputCore (58)
[2017.12.21-15.45.51:635][781]LogModuleManager: Shutting down and abandoning module Settings (56)
[2017.12.21-15.45.51:635][781]LogModuleManager: Shutting down and abandoning module OculusRift (54)
[2017.12.21-15.45.51:635][781]LogModuleManager: Shutting down and abandoning module GearVR (52)
[2017.12.21-15.45.51:635][781]LogModuleManager: Shutting down and abandoning module ExampleDeviceProfileSelector (50)
[2017.12.21-15.45.51:635][781]LogModuleManager: Shutting down and abandoning module OnlineBlueprintSupport (48)
[2017.12.21-15.45.51:635][781]LogModuleManager: Shutting down and abandoning module OnlineSubsystem (44)
[2017.12.21-15.45.51:635][781]LogOnline:Display: OSS: FOnlineSubsystemNull::Shutdown()
[2017.12.21-15.45.51:636][781]LogOnline:Display: Unloading online subsystem: STEAM
[2017.12.21-15.45.51:636][781]LogOnline:Display: Unloading online subsystem: NULL
[2017.12.21-15.45.51:636][781]LogModuleManager: Shutting down and abandoning module XMPP (37)
[2017.12.21-15.45.51:636][781]LogModuleManager: Shutting down and abandoning module HTTP (35)
[2017.12.21-15.45.51:636][781]LogHttp:Display: Http module shutting down, but needs to wait on 1 outstanding Http requests:
[2017.12.21-15.45.51:636][781]LogHttp:Display: 	verb=[POST] url=[https://datarouter.ol.epicgames.com/datarouter/api/v1/public/data?SessionID=%7BC154A393-46D7-1AB2-83CB-D1876BC0D563%7D&AppID=UEEditor.Rocket.Release&AppVersion=4.15.3-3450819%2B%2B%2BUE4%2BRelease-4.15&UserID=268fbee8477758c5256c18b8c81bc02c%7C0e55e2b58d2940f98493e7a1ebac9ddf%7C20bcdb9b-a76c-44b3-b614-6f4c49951e8d&AppEnvironment=datacollector-binary&UploadType=eteventstream] status=Processing
[2017.12.21-15.45.51:668][781]LogModuleManager: Shutting down and abandoning module SSL (34)
[2017.12.21-15.45.51:669][781]LogModuleManager: Shutting down and abandoning module AudioEditor (30)
[2017.12.21-15.45.51:669][781]LogModuleManager: Shutting down and abandoning module TextureCompressor (28)
[2017.12.21-15.45.51:669][781]LogModuleManager: Shutting down and abandoning module ShaderCore (26)
[2017.12.21-15.45.51:669][781]LogModuleManager: Shutting down and abandoning module Landscape (24)
[2017.12.21-15.45.51:669][781]LogModuleManager: Shutting down and abandoning module SlateRHIRenderer (22)
[2017.12.21-15.45.51:672][781]LogModuleManager: Shutting down and abandoning module OpenGLDrv (20)
[2017.12.21-15.45.51:672][781]LogModuleManager: Shutting down and abandoning module D3D11RHI (18)
[2017.12.21-15.45.51:672][781]LogModuleManager: Shutting down and abandoning module AnimGraphRuntime (16)
[2017.12.21-15.45.51:672][781]LogModuleManager: Shutting down and abandoning module Renderer (14)
[2017.12.21-15.45.51:672][781]LogModuleManager: Shutting down and abandoning module Engine (12)
[2017.12.21-15.45.51:672][781]LogModuleManager: Shutting down and abandoning module CoreUObject (10)
[2017.12.21-15.45.51:672][781]LogModuleManager: Shutting down and abandoning module NetworkFile (8)
[2017.12.21-15.45.51:672][781]LogModuleManager: Shutting down and abandoning module StreamingFile (6)
[2017.12.21-15.45.51:672][781]LogModuleManager: Shutting down and abandoning module SandboxFile (4)
[2017.12.21-15.45.51:672][781]LogModuleManager: Shutting down and abandoning module PakFile (2)
[2017.12.21-15.45.51:675][781]LogExit: Exiting.
[2017.12.21-15.45.51:677][781]Log file closed, 12/22/17 00:45:51
