Log file open, 06/13/17 17:37:44
LogInit:Display: Running engine for game: UNNAMED
LogPlatformFile: Not using cached read wrapper
LogInit:Display: RandInit(865595671) SRandInit(865595671).
LogTaskGraph: Started task graph with 5 named threads and 8 total threads with 1 sets of task threads.
LogStats: Stats thread started at 0.086722
LogInit: Using libcurl 7.47.1
LogInit:  - built for x86_64-pc-win32
LogInit:  - supports SSL with OpenSSL/1.0.2g
LogInit:  - supports HTTP deflate (compression) using libz 1.2.8
LogInit:  - other features:
LogInit:      CURL_VERSION_SSL
LogInit:      CURL_VERSION_LIBZ
LogInit:      CURL_VERSION_IPV6
LogInit:      CURL_VERSION_ASYNCHDNS
LogInit:      CURL_VERSION_LARGEFILE
LogInit:      CURL_VERSION_IDN
LogInit:  CurlRequestOptions (configurable via config and command line):
LogInit:  - bVerifyPeer = false  - Libcurl will NOT verify peer certificate
LogInit:  - bUseHttpProxy = false  - Libcurl will NOT use HTTP proxy
LogInit:  - bDontReuseConnections = false  - Libcurl will reuse connections
LogInit:  - CertBundlePath = nullptr  - Libcurl will use whatever was configured at build time.
LogOnline:Display: STEAM: Loading Steam SDK 1.32
LogOnline:Warning: STEAM: Steam API disabled!
LogOnline:Display: STEAM: OnlineSubsystemSteam::Shutdown()
LogInit: WinSock: version 1.1 (2.2), MaxSocks=32767, MaxUdp=65467
LogInit: Build: ++UE4+Release-4.15-CL-3450819
LogInit: Engine Version: 4.15.3-3450819+++UE4+Release-4.15
LogInit: Compatible Engine Version: 4.15.0-3299760+++UE4+Release-4.15
LogInit: Net CL: 3299760
LogDevObjectVersion: Number of dev versions registered: 14
LogDevObjectVersion:   Dev-Blueprints (B0D832E4-1F89-4F0D-ACCF-7EB736FD4AA2): 8
LogDevObjectVersion:   Dev-Build (E1C64328-A22C-4D53-A36C-8E866417BD8C): 0
LogDevObjectVersion:   Dev-Core (375EC13C-06E4-48FB-B500-84F0262A717E): 2
LogDevObjectVersion:   Dev-Editor (E4B068ED-F494-42E9-A231-DA0B2E46BB41): 14
LogDevObjectVersion:   Dev-Framework (CFFC743F-43B0-4480-9391-14DF171D2073): 22
LogDevObjectVersion:   Dev-Mobile (B02B49B5-BB20-44E9-A304-32B752E40360): 0
LogDevObjectVersion:   Dev-Networking (A4E4105C-59A1-49B5-A7C5-40C4547EDFEE): 0
LogDevObjectVersion:   Dev-Online (39C831C9-5AE6-47DC-9A44-9C173E1C8E7C): 0
LogDevObjectVersion:   Dev-Physics (78F01B33-EBEA-4F98-B9B4-84EACCB95AA2): 0
LogDevObjectVersion:   Dev-Platform (6631380F-2D4D-43E0-8009-CF276956A95A): 0
LogDevObjectVersion:   Dev-Rendering (12F88B9F-8875-4AFC-A67C-D90C383ABD29): 12
LogDevObjectVersion:   Dev-Sequencer (7B5AE74C-D270-4C10-A958-57980B212A5A): 3
LogDevObjectVersion:   Dev-VR (D7296918-1DD6-4BDD-9DE2-64A83CC13884): 0
LogDevObjectVersion:   Dev-LoadTimes (C2A15278-BFE7-4AFE-6C17-90FF531DF755): 1
LogInit: Compiled (64-bit): May 21 2017 11:02:34
LogInit: Compiled with Visual C++: 19.00.23026.00
LogInit: Build Configuration: Development
LogInit: Branch Name: ++UE4+Release-4.15
LogInit: Command line:  
LogInit: Base directory: C:/Program Files/Epic Games/UE_4.15/Engine/Binaries/Win64/
LogInit: Installed Engine Build: 1
LogInit: Presizing for max 8388607 objects, including 0 objects not considered by GC, pre-allocating 0 bytes for permanent pool.
LogInit: Object subsystem initialized
[2017.06.13-08.37.45:976][  0]LogInit: Selected Device Profile: [Windows]
[2017.06.13-08.37.45:976][  0]LogInit: Applying CVar settings loaded from the selected device profile: [Windows]
[2017.06.13-08.37.45:984][  0]LogInit: Computer: DESKTOP-5I3HB32
[2017.06.13-08.37.45:984][  0]LogInit: User: jcy
[2017.06.13-08.37.45:984][  0]LogInit: CPU Page size=65536, Cores=4
[2017.06.13-08.37.45:984][  0]LogInit: High frequency timer resolution =2.533211 MHz
[2017.06.13-08.37.45:984][  0]LogMemory: Memory total: Physical=11.9GB (12GB approx)
[2017.06.13-08.37.45:984][  0]LogMemory: Platform Memory Stats for Windows
[2017.06.13-08.37.45:984][  0]LogMemory: Process Physical Memory: 268.44 MB used, 268.44 MB peak
[2017.06.13-08.37.45:984][  0]LogMemory: Process Virtual Memory: 262.82 MB used, 262.82 MB peak
[2017.06.13-08.37.45:984][  0]LogMemory: Physical Memory: 3892.16 MB used,  8317.71 MB free, 12209.86 MB total
[2017.06.13-08.37.45:984][  0]LogMemory: Virtual Memory: 633.66 MB used,  8317.71 MB free, 134217728.00 MB total
[2017.06.13-08.37.46:083][  0]LogInit: Overriding culture en with editor configuration.
[2017.06.13-08.37.46:803][  0]LogD3D11RHI: D3D11 adapters:
[2017.06.13-08.37.47:382][  0]LogD3D11RHI:    0. 'NVIDIA GeForce GTX 960M' (Feature Level 11_0)
[2017.06.13-08.37.47:382][  0]LogD3D11RHI:       2019/0/6104 MB DedicatedVideo/DedicatedSystem/SharedSystem, Outputs:2, VendorId:0x10de
[2017.06.13-08.37.47:388][  0]LogD3D11RHI:    1. 'Intel(R) HD Graphics 4600' (Feature Level 11_0)
[2017.06.13-08.37.47:388][  0]LogD3D11RHI:       112/0/2048 MB DedicatedVideo/DedicatedSystem/SharedSystem, Outputs:0, VendorId:0x8086
[2017.06.13-08.37.47:390][  0]LogD3D11RHI:    2. 'Microsoft Basic Render Driver' (Feature Level 11_0)
[2017.06.13-08.37.47:390][  0]LogD3D11RHI:       0/0/6104 MB DedicatedVideo/DedicatedSystem/SharedSystem, Outputs:0, VendorId:0x1414
[2017.06.13-08.37.47:390][  0]LogD3D11RHI: Chosen D3D11 Adapter: 0
[2017.06.13-08.37.47:397][  0]LogD3D11RHI: Creating new Direct3DDevice
[2017.06.13-08.37.47:397][  0]LogD3D11RHI:     GPU DeviceId: 0x139b (for the marketing name, search the web for "GPU Device Id")
[2017.06.13-08.37.47:397][  0]LogWindows: EnumDisplayDevices:
[2017.06.13-08.37.47:397][  0]LogWindows:    0. 'Intel(R) HD Graphics 4600' (P:1 D:1)
[2017.06.13-08.37.47:398][  0]LogWindows:    1. 'Intel(R) HD Graphics 4600' (P:0 D:1)
[2017.06.13-08.37.47:399][  0]LogWindows:    2. 'Intel(R) HD Graphics 4600' (P:0 D:0)
[2017.06.13-08.37.47:400][  0]LogWindows: DebugString: PrimaryIsNotTheChoosenAdapter PrimaryIsNotTheChoosenAdapter PrimaryIsNotTheChoosenAdapter FoundDriverCount:0 
[2017.06.13-08.37.47:400][  0]LogD3D11RHI:     Adapter Name: NVIDIA GeForce GTX 960M
[2017.06.13-08.37.47:400][  0]LogD3D11RHI:   Driver Version: Unknown (internal:Unknown, unified:Unknown)
[2017.06.13-08.37.47:400][  0]LogD3D11RHI:      Driver Date: Unknown
[2017.06.13-08.37.47:400][  0]LogRHI: Texture pool is 1361 MB (70% of 1945 MB)
[2017.06.13-08.37.47:927][  0]LogD3D11RHI: Async texture creation enabled
[2017.06.13-08.37.48:260][  0]LogD3D11RHI: GPU Timing Frequency: 1000.000000 (Debug: 2 1)
[2017.06.13-08.37.48:262][  0]LogShaderCompilers: Guid format shader working directory is -16 characters bigger than the processId version (../../../../../../Users/jcy/Documents/GitHub/UNNAMED/UNNAMED/Intermediate/Shaders/WorkingDirectory/6152/).
[2017.06.13-08.37.48:262][  0]LogShaderCompilers: Cleaned the shader compiler working directory 'C:/Users/jcy/AppData/Local/Temp/UnrealShaderWorkingDir/F41584224B3051A9686237AE07E87AA7/'.
[2017.06.13-08.37.48:262][  0]LogShaderCompilers:Display: Using Local Shader Compiler.
[2017.06.13-08.37.49:552][  0]LogTemp:Display: Loaded TP AllDesktopTargetPlatform
[2017.06.13-08.37.49:618][  0]LogTemp:Display: Loaded TP MacClientTargetPlatform
[2017.06.13-08.37.49:685][  0]LogTemp:Display: Loaded TP MacNoEditorTargetPlatform
[2017.06.13-08.37.49:751][  0]LogTemp:Display: Loaded TP MacServerTargetPlatform
[2017.06.13-08.37.49:819][  0]LogTemp:Display: Loaded TP MacTargetPlatform
[2017.06.13-08.37.49:884][  0]LogTemp:Display: Loaded TP WindowsClientTargetPlatform
[2017.06.13-08.37.49:949][  0]LogTemp:Display: Loaded TP WindowsNoEditorTargetPlatform
[2017.06.13-08.37.50:014][  0]LogTemp:Display: Loaded TP WindowsServerTargetPlatform
[2017.06.13-08.37.50:070][  0]LogTemp:Display: Loaded TP WindowsTargetPlatform
[2017.06.13-08.37.50:132][  0]LogTemp:Display: Loaded TP AndroidTargetPlatform
[2017.06.13-08.37.50:194][  0]LogTemp:Display: Loaded TP Android_ASTCTargetPlatform
[2017.06.13-08.37.50:258][  0]LogTemp:Display: Loaded TP Android_ATCTargetPlatform
[2017.06.13-08.37.50:321][  0]LogTemp:Display: Loaded TP Android_DXTTargetPlatform
[2017.06.13-08.37.50:384][  0]LogTemp:Display: Loaded TP Android_ETC1TargetPlatform
[2017.06.13-08.37.50:447][  0]LogTemp:Display: Loaded TP Android_ETC2TargetPlatform
[2017.06.13-08.37.50:574][  0]LogTemp:Display: Loaded TP Android_MultiTargetPlatform
[2017.06.13-08.37.50:574][  0]LogTemp:Display: Loaded TP Android_PVRTCTargetPlatform
[2017.06.13-08.37.50:622][  0]LogTemp:Display: Loaded TP HTML5TargetPlatform
[2017.06.13-08.37.50:732][  0]LogTemp:Display: Loaded TP IOSTargetPlatform
[2017.06.13-08.37.50:768][  0]LogTemp:Display: Loaded TP TVOSTargetPlatform
[2017.06.13-08.37.50:832][  0]LogTemp:Display: Loaded TP LinuxClientTargetPlatform
[2017.06.13-08.37.50:894][  0]LogTemp:Display: Loaded TP LinuxNoEditorTargetPlatform
[2017.06.13-08.37.50:958][  0]LogTemp:Display: Loaded TP LinuxServerTargetPlatform
[2017.06.13-08.37.51:021][  0]LogTemp:Display: Loaded TP LinuxTargetPlatform
[2017.06.13-08.37.51:021][  0]LogTargetPlatformManager:Display: Building Assets For Windows
[2017.06.13-08.37.51:563][  0]LogDerivedDataCache:Display: Max Cache Size: 512 MB
[2017.06.13-08.37.51:614][  0]LogDerivedDataCache: Loaded boot cache 0.05s 50MB C:/Users/jcy/AppData/Local/UnrealEngine/4.15/DerivedDataCache/Boot.ddc.
[2017.06.13-08.37.51:614][  0]LogDerivedDataCache:Display: Loaded Boot cache: C:/Users/jcy/AppData/Local/UnrealEngine/4.15/DerivedDataCache/Boot.ddc
[2017.06.13-08.37.51:614][  0]LogDerivedDataCache: FDerivedDataBackendGraph:  Pak pak cache file ../../../../../../Users/jcy/Documents/GitHub/UNNAMED/UNNAMED/DerivedDataCache/DDC.ddp not found, will not use a pak cache.
[2017.06.13-08.37.51:614][  0]LogDerivedDataCache: Unable to find inner node Pak for hierarchical cache Hierarchy.
[2017.06.13-08.37.51:614][  0]LogDerivedDataCache: FDerivedDataBackendGraph:  CompressedPak pak cache file ../../../../../../Users/jcy/Documents/GitHub/UNNAMED/UNNAMED/DerivedDataCache/Compressed.ddp not found, will not use a pak cache.
[2017.06.13-08.37.51:614][  0]LogDerivedDataCache: Unable to find inner node CompressedPak for hierarchical cache Hierarchy.
[2017.06.13-08.37.51:631][  0]LogDerivedDataCache:Display: Pak cache opened for reading ../../../Engine/DerivedDataCache/Compressed.ddp.
[2017.06.13-08.37.51:665][  0]LogDerivedDataCache: Using Local data cache path C:/Users/jcy/AppData/Local/UnrealEngine/Common/DerivedDataCache: Writable
[2017.06.13-08.37.51:675][  0]LogSlate: Using Freetype 2.6.0
[2017.06.13-08.37.51:675][  0]LogSlate: SlateFontCache - WITH_FREETYPE: 1, WITH_HARFBUZZ: 1
[2017.06.13-08.37.51:675][  0]LogSlate: SlateFontCache - WITH_FREETYPE: 1, WITH_HARFBUZZ: 1
[2017.06.13-08.37.51:974][  0]LogInit: Selected Device Profile: [Windows]
[2017.06.13-08.37.51:977][  0]LogContentStreaming: Texture pool size is 0.00 MB
[2017.06.13-08.37.52:214][  0]LogMeshUtilities: Using QuadricMeshReduction for automatic static mesh reduction
[2017.06.13-08.37.52:269][  0]LogSimplygon: Simplygon DLL not present - disabling.
[2017.06.13-08.37.52:339][  0]LogMeshUtilities: Using SimplygonSwarm for distributed automatic mesh merging
[2017.06.13-08.37.52:339][  0]LogMeshUtilities: No automatic skeletal mesh reduction module available
[2017.06.13-08.37.52:339][  0]LogMeshUtilities: No automatic mesh merging module available
[2017.06.13-08.37.52:914][  0]LogNetVersion: GetLocalNetworkVersion: CL: 3299760, ProjectName: unnamed, ProjectVersion: , EngineNetworkVersion: 2, GameNetworkVersion: 0, NetworkChecksum: 1184173371
[2017.06.13-08.37.52:963][  0]LogAssetRegistry: FAssetRegistry took 0.0217 seconds to start up
[2017.06.13-08.37.53:011][  0]LogPackageLocalizationCache: Processed 3 localized package path(s) for 1 prioritized culture(s) in 0.013010 seconds
[2017.06.13-08.37.53:016][  0]LogUObjectArray: 32500 objects as part of root set at end of initial load.
[2017.06.13-08.37.53:016][  0]LogUObjectAllocator: 7290888 out of 0 bytes used by permanent object pool.
[2017.06.13-08.37.53:016][  0]LogUObjectArray: CloseDisregardForGC: 0/0 objects in disregard for GC pool
[2017.06.13-08.37.55:172][  0]LogTcpMessaging: Initializing TcpMessaging bridge
[2017.06.13-08.37.55:221][  0]LogUdpMessaging: Initializing bridge on interface 0.0.0.0:0 to multicast group 230.0.0.1:6666.
[2017.06.13-08.37.55:789][  0]LogMaterial: Uniform references updated for custom material expression Custom.
[2017.06.13-08.37.56:261][  0]SourceControl: Info Source control is disabled
[2017.06.13-08.37.56:262][  0]SourceControl: Info Source control is disabled
[2017.06.13-08.37.56:326][  0]SourceControl: Info Source control is disabled
[2017.06.13-08.37.56:389][  0]SourceControl: Info Source control is disabled
[2017.06.13-08.37.57:957][  0]LogEngine: Initializing Engine...
[2017.06.13-08.37.57:958][  0]LogHMD: Failed to initialize OpenVR with code 110
[2017.06.13-08.37.58:062][  0]LogStats: UGameplayTagsManager::ConstructGameplayTagTree: Construct from data asset -  0.000 s
[2017.06.13-08.37.58:062][  0]LogStats: UGameplayTagsManager::ConstructGameplayTagTree: GameplayTagTreeChangedEvent.Broadcast -  0.000 s
[2017.06.13-08.37.58:216][  0]LogAIModule: Creating AISystem for world Untitled
[2017.06.13-08.37.58:235][  0]LogInit: XAudio2 using '스피커(Realtek High Definition Audio)' : 2 channels at 48 kHz using 32 bits per sample (channel mask 0x3)
[2017.06.13-08.37.58:485][  0]LogInit: FAudioDevice initialized.
[2017.06.13-08.37.58:512][  0]LogDerivedDataCache: Saved boot cache 0.03s 50MB C:/Users/jcy/AppData/Local/UnrealEngine/4.15/DerivedDataCache/Boot.ddc.
[2017.06.13-08.37.58:519][  0]LogInit: Texture streaming: Enabled
[2017.06.13-08.37.58:630][  0]LogEngineSessionManager: EngineSessionManager initialized
[2017.06.13-08.37.58:742][  0]LogInit: Transaction tracking system initialized
[2017.06.13-08.37.59:181][  0]BlueprintLog: New page: Editor Load
[2017.06.13-08.38.00:286][  0]LocalizationService: Info Localization service is disabled
[2017.06.13-08.38.01:127][  0]LogConsoleResponse:Display: 
[2017.06.13-08.38.01:256][  0]LogCook:Display: Max memory allowance for cook 16384mb min free memory 0mb
[2017.06.13-08.38.01:256][  0]LogCook:Display: Mobile HDR setting 1
[2017.06.13-08.38.01:673][  0]LogFileCache: Scanning file cache for directory 'C:/Users/jcy/Documents/GitHub/UNNAMED/UNNAMED/Content/' took 0.06s
[2017.06.13-08.38.02:600][  0]SourceControl: Info Source control is disabled
[2017.06.13-08.38.02:600][  0]Cmd: MAP LOAD FILE="../../../../../../Users/jcy/Documents/GitHub/UNNAMED/UNNAMED/Content/Map/Main.umap" TEMPLATE=0 SHOWPROGRESS=1 FEATURELEVEL=3
[2017.06.13-08.38.02:601][  0]LightingResults: New page: Lighting Build
[2017.06.13-08.38.02:653][  0]MapCheck: New page: Map Check
[2017.06.13-08.38.02:653][  0]LightingResults: New page: Lighting Build
[2017.06.13-08.38.04:384][  0]LogClass:Warning: Enum '/Game/BP/E_GameState.E_GameState' was upgraded to use FText to store its display name data. Please re-save this asset to avoid issues with localization and determinstic cooking.
[2017.06.13-08.38.06:090][  0]LogAIModule: Creating AISystem for world Main
[2017.06.13-08.38.06:108][  0]LogEditorServer: Finished looking for orphan Actors (0.000 secs)
[2017.06.13-08.38.06:109][  0]Cmd: MAP CHECKDEP NOCLEARLOG
[2017.06.13-08.38.06:238][  0]MapCheck: Info Map check complete: 0 Error(s), 0 Warning(s), took 129.46ms to complete.
[2017.06.13-08.38.06:238][  0]LogFileHelpers: Loading map 'Main' took 3.638
[2017.06.13-08.38.06:329][  0]LogWindowsTextInputMethodSystem:Display: IME system now activated using TSF (Microsoft 입력기).
[2017.06.13-08.38.06:461][  0]LogCollectionManager: Loaded 1 collections in 0.003370 seconds
[2017.06.13-08.38.06:562][  0]LogFileCache: Scanning file cache for directory 'C:/Users/jcy/Documents/GitHub/UNNAMED/UNNAMED/Saved/Collections/' took 0.01s
[2017.06.13-08.38.06:562][  0]LogFileCache: Scanning file cache for directory 'C:/Users/jcy/Documents/GitHub/UNNAMED/UNNAMED/Content/Developers/jcy/Collections/' took 0.01s
[2017.06.13-08.38.06:562][  0]LogFileCache: Scanning file cache for directory 'C:/Users/jcy/Documents/GitHub/UNNAMED/UNNAMED/Content/Collections/' took 0.01s
[2017.06.13-08.38.06:562][  0]LogCollectionManager: Rebuilt the GUID cache for 1 collections in 0.000004 seconds
[2017.06.13-08.38.06:562][  0]LogCollectionManager: Rebuilt the hierarchy cache for 1 collections in 0.000001 seconds
[2017.06.13-08.38.06:571][  0]LogContentBrowser: Native class hierarchy populated in 0.0091 seconds. Added 2247 classes and 456 folders.
[2017.06.13-08.38.06:652][  0]LogContentBrowser: Native class hierarchy updated for 'WidgetCarousel' in 0.0005 seconds. Added 0 classes and 0 folders.
[2017.06.13-08.38.06:714][  0]LogContentBrowser: Native class hierarchy updated for 'AddContentDialog' in 0.0006 seconds. Added 0 classes and 0 folders.
[2017.06.13-08.38.06:769][  0]LogContentBrowser: Native class hierarchy updated for 'SceneOutliner' in 0.0006 seconds. Added 1 classes and 2 folders.
[2017.06.13-08.38.06:921][  0]LogCrashTracker: Crashtracker disabled due to settings.
[2017.06.13-08.38.06:928][  0]LogUObjectGlobals:Warning: Failed to find object 'Class None.'
[2017.06.13-08.38.07:018][  0]LogContentBrowser: Native class hierarchy updated for 'HierarchicalLODOutliner' in 0.0012 seconds. Added 1 classes and 2 folders.
[2017.06.13-08.38.07:019][  0]LogLoad: (Engine Initialization) Total time: 23.65 seconds
[2017.06.13-08.38.07:019][  0]LogLoad: (Engine Initialization) Total Blueprint compile time: 1.66 seconds
[2017.06.13-08.38.07:019][  0]LogExternalProfiler: Found external profiler: VSPerf
[2017.06.13-08.38.07:019][  0]LogExternalProfiler: Using external profiler: VSPerf
[2017.06.13-08.38.07:031][  0]LogOcInput: OculusInput pre-init called
[2017.06.13-08.38.07:053][  0]LogContentStreaming: Texture pool size now 1000 MB
[2017.06.13-08.38.07:055][  0]LogSlate: Took 0.000723 seconds to synchronously load lazily loaded font '../../../Engine/Content/Slate/Fonts/Roboto-Regular.ttf' (155K)
[2017.06.13-08.38.07:059][  0]LogSlate: Took 0.000316 seconds to synchronously load lazily loaded font '../../../Engine/Content/Slate/Fonts/Roboto-Bold.ttf' (160K)
[2017.06.13-08.38.07:064][  0]LogSlate: Took 0.000320 seconds to synchronously load lazily loaded font '../../../Engine/Content/Editor/Slate/Fonts/FontAwesome.ttf' (139K)
[2017.06.13-08.38.07:223][  0]LogSlate: Took 0.000248 seconds to synchronously load lazily loaded font '../../../Engine/Content/Slate/Fonts/Roboto-Light.ttf' (159K)
[2017.06.13-08.38.07:273][  0]LogRenderer: Reallocating scene render targets to support 1160x576 NumSamples 1 (Frame:2).
[2017.06.13-08.38.07:417][  3]LogAssetRegistry: Asset discovery search completed in 14.4761 seconds
[2017.06.13-08.38.07:417][  3]LogCollectionManager: Rebuilt the object cache for 1 collections in 0.000006 seconds (found 0 objects)
[2017.06.13-08.38.07:417][  3]LogCollectionManager: Fixed up redirectors for 1 collections in 0.000018 seconds (updated 0 objects)
[2017.06.13-08.38.08:061][ 67]LogSlate: Took 0.000212 seconds to synchronously load lazily loaded font '../../../Engine/Content/Slate/Fonts/Roboto-Light.ttf' (159K)
[2017.06.13-08.38.08:594][ 67]LogContentBrowser: Native class hierarchy updated for 'BlueprintGraph' in 0.0009 seconds. Added 112 classes and 0 folders.
[2017.06.13-08.38.12:037][ 67]LogSlate: Took 0.000308 seconds to synchronously load lazily loaded font '../../../Engine/Content/Editor/Slate/Fonts/Roboto-BoldCondensed.ttf' (158K)
[2017.06.13-08.38.12:192][ 68]LogSlate: Took 0.000351 seconds to synchronously load lazily loaded font '../../../Engine/Content/Editor/Slate/Fonts/Roboto-Italic.ttf' (157K)
[2017.06.13-08.44.27:778][ 64]Cmd: OBJ SAVEPACKAGE PACKAGE="/Game/Gasman/Gasman" FILE="../../../../../../Users/jcy/Documents/GitHub/UNNAMED/UNNAMED/Content/Gasman/Gasman.uasset" SILENT=true
[2017.06.13-08.44.27:899][ 64]LogSavePackage: Save=102.15ms
[2017.06.13-08.44.27:899][ 64]LogSavePackage: Moving '../../../../../../Users/jcy/Documents/GitHub/UNNAMED/UNNAMED/Saved/Gasman9C0031824AD46862223D3DBD757105E8.tmp' to '../../../../../../Users/jcy/Documents/GitHub/UNNAMED/UNNAMED/Content/Gasman/Gasman.uasset'
[2017.06.13-08.44.27:903][ 64]LogSavePackage:Display: Finished SavePackage ../../../../../../Users/jcy/Documents/GitHub/UNNAMED/UNNAMED/Content/Gasman/Gasman.uasset
[2017.06.13-08.44.28:094][ 64]LogActorComponent: UnregisterComponent: (/Engine/Transient.EditorFloorComp) Not registered. Aborting.
[2017.06.13-08.44.28:144][ 64]LogActorComponent: UnregisterComponent: (/Engine/Transient.EditorFloorComp) Not registered. Aborting.
[2017.06.13-08.44.28:196][ 64]LogActorComponent: UnregisterComponent: (/Engine/Transient.EditorFloorComp) Not registered. Aborting.
[2017.06.13-08.44.28:275][ 64]LogActorComponent: UnregisterComponent: (/Engine/Transient.EditorFloorComp) Not registered. Aborting.
[2017.06.13-08.44.28:328][ 64]LogActorComponent: UnregisterComponent: (/Engine/Transient.EditorFloorComp) Not registered. Aborting.
[2017.06.13-08.44.28:400][ 64]LogWindowsTextInputMethodSystem:Display: IME system now activated using TSF (Microsoft 입력기).
[2017.06.13-08.44.28:625][ 65]Cmd: QUIT_EDITOR
[2017.06.13-08.44.28:688][ 65]LogExit: Preparing to exit.
[2017.06.13-08.44.29:541][ 65]LogDirectoryWatcher: A directory notification for 'C:/Users/jcy/Documents/GitHub/UNNAMED/UNNAMED/Content/' was aborted.
[2017.06.13-08.44.29:593][ 65]LogExit: Editor shut down
[2017.06.13-08.44.29:593][ 65]LogExit: Transaction tracking system shut down
[2017.06.13-08.44.29:715][ 65]LogObj: Freed 0b from 0 cluster array pools.
[2017.06.13-08.44.29:715][ 65]LogExit: Object subsystem successfully closed.
[2017.06.13-08.44.29:728][ 65]LogD3D11RHI: Shutdown
[2017.06.13-08.44.29:728][ 65]LogD3D11RHI: CleanupD3DDevice
[2017.06.13-08.44.29:792][ 65]LogD3D11RHI: ~FD3D11DynamicRHI
[2017.06.13-08.44.29:817][ 65]LogModuleManager: Shutting down and abandoning module SequencerWidgets (506)
[2017.06.13-08.44.29:818][ 65]LogModuleManager: Shutting down and abandoning module BlueprintGraph (504)
[2017.06.13-08.44.29:818][ 65]LogModuleManager: Shutting down and abandoning module BlueprintProfiler (502)
[2017.06.13-08.44.29:818][ 65]LogModuleManager: Shutting down and abandoning module HierarchicalLODOutliner (500)
[2017.06.13-08.44.29:818][ 65]LogModuleManager: Shutting down and abandoning module CrashTracker (498)
[2017.06.13-08.44.29:818][ 65]LogModuleManager: Shutting down and abandoning module SceneOutliner (496)
[2017.06.13-08.44.29:818][ 65]LogModuleManager: Shutting down and abandoning module AddContentDialog (494)
[2017.06.13-08.44.29:818][ 65]LogDirectoryWatcher: A directory notification for 'C:/Program Files/Epic Games/UE_4.15/FeaturePacks/' was aborted.
[2017.06.13-08.44.29:818][ 65]LogModuleManager: Shutting down and abandoning module WidgetCarousel (493)
[2017.06.13-08.44.29:818][ 65]LogModuleManager: Shutting down and abandoning module EditorWidgets (490)
[2017.06.13-08.44.29:818][ 65]LogModuleManager: Shutting down and abandoning module CollectionManager (488)
[2017.06.13-08.44.29:819][ 65]LogDirectoryWatcher: A directory notification for 'C:/Users/jcy/Documents/GitHub/UNNAMED/UNNAMED/Content/Collections/' was aborted.
[2017.06.13-08.44.29:819][ 65]LogDirectoryWatcher: A directory notification for 'C:/Users/jcy/Documents/GitHub/UNNAMED/UNNAMED/Content/Developers/jcy/Collections/' was aborted.
[2017.06.13-08.44.29:819][ 65]LogDirectoryWatcher: A directory notification for 'C:/Users/jcy/Documents/GitHub/UNNAMED/UNNAMED/Saved/Collections/' was aborted.
[2017.06.13-08.44.29:819][ 65]LogModuleManager: Shutting down and abandoning module StatsViewer (486)
[2017.06.13-08.44.29:819][ 65]LogModuleManager: Shutting down and abandoning module FoliageEdit (484)
[2017.06.13-08.44.29:819][ 65]LogModuleManager: Shutting down and abandoning module LandscapeEditor (482)
[2017.06.13-08.44.29:819][ 65]LogModuleManager: Shutting down and abandoning module SceneDepthPickerMode (480)
[2017.06.13-08.44.29:819][ 65]LogModuleManager: Shutting down and abandoning module ActorPickerMode (478)
[2017.06.13-08.44.29:819][ 65]LogModuleManager: Shutting down and abandoning module GeometryMode (476)
[2017.06.13-08.44.29:819][ 65]LogModuleManager: Shutting down and abandoning module TextureAlignMode (474)
[2017.06.13-08.44.29:819][ 65]LogModuleManager: Shutting down and abandoning module BspMode (472)
[2017.06.13-08.44.29:819][ 65]LogModuleManager: Shutting down and abandoning module HardwareSurvey (470)
[2017.06.13-08.44.29:819][ 65]LogModuleManager: Shutting down and abandoning module SequenceRecorderSections (468)
[2017.06.13-08.44.29:819][ 65]LogModuleManager: Shutting down and abandoning module AutomationWorker (466)
[2017.06.13-08.44.29:819][ 65]LogModuleManager: Shutting down and abandoning module MatineeToLevelSequence (464)
[2017.06.13-08.44.29:819][ 65]LogModuleManager: Shutting down and abandoning module LevelSequenceEditor (462)
[2017.06.13-08.44.29:819][ 65]LogModuleManager: Shutting down and abandoning module PlacementMode (461)
[2017.06.13-08.44.29:819][ 65]LogModuleManager: Shutting down and abandoning module WmfMediaFactory (458)
[2017.06.13-08.44.29:819][ 65]LogModuleManager: Shutting down and abandoning module WmfMediaEditor (456)
[2017.06.13-08.44.29:819][ 65]LogModuleManager: Shutting down and abandoning module MfMediaFactory (454)
[2017.06.13-08.44.29:819][ 65]LogModuleManager: Shutting down and abandoning module MfMediaEditor (452)
[2017.06.13-08.44.29:819][ 65]LogModuleManager: Shutting down and abandoning module AvfMediaFactory (450)
[2017.06.13-08.44.29:819][ 65]LogModuleManager: Shutting down and abandoning module AvfMediaEditor (448)
[2017.06.13-08.44.29:819][ 65]LogModuleManager: Shutting down and abandoning module AndroidMediaFactory (446)
[2017.06.13-08.44.29:819][ 65]LogModuleManager: Shutting down and abandoning module Media (445)
[2017.06.13-08.44.29:819][ 65]LogModuleManager: Shutting down and abandoning module AndroidMediaEditor (442)
[2017.06.13-08.44.29:819][ 65]LogModuleManager: Shutting down and abandoning module CharacterAI (440)
[2017.06.13-08.44.29:819][ 65]LogModuleManager: Shutting down and abandoning module AudioCapture (438)
[2017.06.13-08.44.29:819][ 65]LogModuleManager: Shutting down and abandoning module SequenceRecorder (437)
[2017.06.13-08.44.29:819][ 65]LogModuleManager: Shutting down and abandoning module SmartSnapping (434)
[2017.06.13-08.44.29:819][ 65]LogModuleManager: Shutting down and abandoning module SessionServices (432)
[2017.06.13-08.44.29:819][ 65]LogModuleManager: Shutting down and abandoning module ViewportSnapping (430)
[2017.06.13-08.44.29:819][ 65]LogModuleManager: Shutting down and abandoning module ViewportInteraction (428)
[2017.06.13-08.44.29:819][ 65]LogModuleManager: Shutting down and abandoning module LogVisualizer (426)
[2017.06.13-08.44.29:819][ 65]LogModuleManager: Shutting down and abandoning module IntroTutorials (424)
[2017.06.13-08.44.29:819][ 65]LogModuleManager: Shutting down and abandoning module GameProjectGeneration (423)
[2017.06.13-08.44.29:819][ 65]LogModuleManager: Shutting down and abandoning module EditorLiveStreaming (420)
[2017.06.13-08.44.29:819][ 65]LogModuleManager: Shutting down and abandoning module IOSPlatformEditor (418)
[2017.06.13-08.44.29:819][ 65]LogModuleManager: Shutting down and abandoning module HTML5PlatformEditor (416)
[2017.06.13-08.44.29:819][ 65]LogModuleManager: Shutting down and abandoning module AndroidPlatformEditor (414)
[2017.06.13-08.44.29:819][ 65]LogModuleManager: Shutting down and abandoning module AndroidDeviceDetection (413)
[2017.06.13-08.44.29:886][ 65]LogModuleManager: Shutting down and abandoning module IOSRuntimeSettings (410)
[2017.06.13-08.44.29:886][ 65]LogModuleManager: Shutting down and abandoning module AndroidRuntimeSettings (408)
[2017.06.13-08.44.29:886][ 65]LogModuleManager: Shutting down and abandoning module InputBindingEditor (406)
[2017.06.13-08.44.29:886][ 65]LogModuleManager: Shutting down and abandoning module NiagaraEditor (404)
[2017.06.13-08.44.29:886][ 65]LogModuleManager: Shutting down and abandoning module MergeActors (402)
[2017.06.13-08.44.29:886][ 65]LogModuleManager: Shutting down and abandoning module SizeMap (400)
[2017.06.13-08.44.29:886][ 65]LogModuleManager: Shutting down and abandoning module TreeMap (398)
[2017.06.13-08.44.29:886][ 65]LogModuleManager: Shutting down and abandoning module ReferenceViewer (396)
[2017.06.13-08.44.29:886][ 65]LogModuleManager: Shutting down and abandoning module LocalizationDashboard (394)
[2017.06.13-08.44.29:886][ 65]LogModuleManager: Shutting down and abandoning module LocalizationService (393)
[2017.06.13-08.44.29:886][ 65]LogModuleManager: Shutting down and abandoning module HardwareTargeting (390)
[2017.06.13-08.44.29:886][ 65]LogModuleManager: Shutting down and abandoning module DeviceProfileEditor (388)
[2017.06.13-08.44.29:886][ 65]LogModuleManager: Shutting down and abandoning module UndoHistory (386)
[2017.06.13-08.44.29:886][ 65]LogModuleManager: Shutting down and abandoning module UserFeedback (384)
[2017.06.13-08.44.29:886][ 65]LogModuleManager: Shutting down and abandoning module XmlParser (382)
[2017.06.13-08.44.29:886][ 65]LogModuleManager: Shutting down and abandoning module Blutility (380)
[2017.06.13-08.44.29:886][ 65]LogModuleManager: Shutting down and abandoning module ProjectSettingsViewer (378)
[2017.06.13-08.44.29:886][ 65]LogModuleManager: Shutting down and abandoning module ProjectTargetPlatformEditor (377)
[2017.06.13-08.44.29:887][ 65]LogModuleManager: Shutting down and abandoning module EditorSettingsViewer (374)
[2017.06.13-08.44.29:887][ 65]LogModuleManager: Shutting down and abandoning module SettingsEditor (372)
[2017.06.13-08.44.29:887][ 65]LogModuleManager: Shutting down and abandoning module ProjectLauncher (370)
[2017.06.13-08.44.29:887][ 65]LogModuleManager: Shutting down and abandoning module SessionFrontend (368)
[2017.06.13-08.44.29:887][ 65]LogModuleManager: Shutting down and abandoning module ProfilerClient (366)
[2017.06.13-08.44.29:887][ 65]LogModuleManager: Shutting down and abandoning module DeviceManager (364)
[2017.06.13-08.44.29:887][ 65]LogModuleManager: Shutting down and abandoning module TargetDeviceServices (363)
[2017.06.13-08.44.29:930][ 65]LogModuleManager: Shutting down and abandoning module AutomationController (360)
[2017.06.13-08.44.29:930][ 65]LogModuleManager: Shutting down and abandoning module AutomationWindow (358)
[2017.06.13-08.44.29:930][ 65]LogModuleManager: Shutting down and abandoning module Layers (356)
[2017.06.13-08.44.29:930][ 65]LogModuleManager: Shutting down and abandoning module ComponentVisualizers (354)
[2017.06.13-08.44.29:930][ 65]LogModuleManager: Shutting down and abandoning module DetailCustomizations (352)
[2017.06.13-08.44.29:930][ 65]LogModuleManager: Shutting down and abandoning module PackagesDialog (350)
[2017.06.13-08.44.29:930][ 65]LogModuleManager: Shutting down and abandoning module Persona (348)
[2017.06.13-08.44.29:930][ 65]LogModuleManager: Shutting down and abandoning module AnimGraph (347)
[2017.06.13-08.44.29:930][ 65]LogModuleManager: Shutting down and abandoning module Kismet (344)
[2017.06.13-08.44.29:940][ 65]LogModuleManager: Shutting down and abandoning module GraphEditor (342)
[2017.06.13-08.44.29:940][ 65]LogModuleManager: Shutting down and abandoning module ClassViewer (340)
[2017.06.13-08.44.29:940][ 65]LogModuleManager: Shutting down and abandoning module Toolbox (338)
[2017.06.13-08.44.29:940][ 65]LogModuleManager: Shutting down and abandoning module ModuleUI (336)
[2017.06.13-08.44.29:940][ 65]LogModuleManager: Shutting down and abandoning module MovieSceneTools (334)
[2017.06.13-08.44.29:940][ 65]LogModuleManager: Shutting down and abandoning module OutputLog (332)
[2017.06.13-08.44.29:940][ 65]LogModuleManager: Shutting down and abandoning module GammaUI (330)
[2017.06.13-08.44.29:940][ 65]LogModuleManager: Shutting down and abandoning module Documentation (328)
[2017.06.13-08.44.29:940][ 65]LogModuleManager: Shutting down and abandoning module Niagara (326)
[2017.06.13-08.44.29:940][ 65]LogModuleManager: Shutting down and abandoning module StreamingPauseRendering (324)
[2017.06.13-08.44.29:940][ 65]LogModuleManager: Shutting down and abandoning module AnalyticsET (322)
[2017.06.13-08.44.29:940][ 65]LogModuleManager: Shutting down and abandoning module PortalServices (320)
[2017.06.13-08.44.29:940][ 65]LogModuleManager: Shutting down and abandoning module PortalRpc (318)
[2017.06.13-08.44.29:940][ 65]LogModuleManager: Shutting down and abandoning module MessagingRpc (316)
[2017.06.13-08.44.29:940][ 65]LogModuleManager: Shutting down and abandoning module AIModule (314)
[2017.06.13-08.44.29:940][ 65]LogModuleManager: Shutting down and abandoning module GameplayDebugger (313)
[2017.06.13-08.44.29:940][ 65]LogModuleManager: Shutting down and abandoning module AITestSuite (311)
[2017.06.13-08.44.29:940][ 65]LogModuleManager: Shutting down and abandoning module ProfilerService (308)
[2017.06.13-08.44.30:104][ 65]LogModuleManager: Shutting down and abandoning module TaskGraph (306)
[2017.06.13-08.44.30:104][ 65]LogModuleManager: Shutting down and abandoning module SteamVRController (304)
[2017.06.13-08.44.30:104][ 65]LogModuleManager: Shutting down and abandoning module SteamVR (302)
[2017.06.13-08.44.30:104][ 65]LogModuleManager: Shutting down and abandoning module ProceduralMeshComponentEditor (300)
[2017.06.13-08.44.30:104][ 65]LogModuleManager: Shutting down and abandoning module ProceduralMeshComponent (298)
[2017.06.13-08.44.30:104][ 65]LogModuleManager: Shutting down and abandoning module OculusLibrary (296)
[2017.06.13-08.44.30:104][ 65]LogModuleManager: Shutting down and abandoning module OculusInput (294)
[2017.06.13-08.44.30:104][ 65]LogModuleManager: Shutting down and abandoning module MobilePatchingUtils (292)
[2017.06.13-08.44.30:104][ 65]LogModuleManager: Shutting down and abandoning module CustomMeshComponent (290)
[2017.06.13-08.44.30:104][ 65]LogModuleManager: Shutting down and abandoning module CableComponent (288)
[2017.06.13-08.44.30:104][ 65]LogModuleManager: Shutting down and abandoning module ArchVisCharacter (286)
[2017.06.13-08.44.30:104][ 65]LogModuleManager: Shutting down and abandoning module MediaPlayerEditor (284)
[2017.06.13-08.44.30:104][ 65]LogModuleManager: Shutting down and abandoning module HTML5Networking (282)
[2017.06.13-08.44.30:104][ 65]LogModuleManager: Shutting down and abandoning module AlembicImporter (280)
[2017.06.13-08.44.30:104][ 65]LogModuleManager: Shutting down and abandoning module AlembicLibrary (279)
[2017.06.13-08.44.30:104][ 65]LogModuleManager: Shutting down and abandoning module GeometryCache (278)
[2017.06.13-08.44.30:104][ 65]LogModuleManager: Shutting down and abandoning module GeometryCacheEd (277)
[2017.06.13-08.44.30:104][ 65]LogModuleManager: Shutting down and abandoning module SuperSearchEditor (272)
[2017.06.13-08.44.30:104][ 65]LogModuleManager: Shutting down and abandoning module SuperSearch (271)
[2017.06.13-08.44.30:104][ 65]LogModuleManager: Shutting down and abandoning module SpeedTreeImporter (268)
[2017.06.13-08.44.30:104][ 65]LogModuleManager: Shutting down and abandoning module PluginBrowser (266)
[2017.06.13-08.44.30:104][ 65]LogModuleManager: Shutting down and abandoning module MobileLauncherProfileWizard (264)
[2017.06.13-08.44.30:104][ 65]LogModuleManager: Shutting down and abandoning module EpicSurvey (262)
[2017.06.13-08.44.30:104][ 65]LogModuleManager: Shutting down and abandoning module VisualStudioSourceCodeAccess (260)
[2017.06.13-08.44.30:104][ 65]LogModuleManager: Shutting down and abandoning module DesktopPlatform (259)
[2017.06.13-08.44.30:104][ 65]LogModuleManager: Shutting down and abandoning module UObjectPlugin (256)
[2017.06.13-08.44.30:104][ 65]LogModuleManager: Shutting down and abandoning module SubversionSourceControl (254)
[2017.06.13-08.44.30:104][ 65]LogModuleManager: Shutting down and abandoning module PerforceSourceControl (252)
[2017.06.13-08.44.30:105][ 65]LogModuleManager: Shutting down and abandoning module GitSourceControl (250)
[2017.06.13-08.44.30:105][ 65]LogModuleManager: Shutting down and abandoning module SourceControl (249)
[2017.06.13-08.44.30:105][ 65]LogModuleManager: Shutting down and abandoning module LightPropagationVolumeEditor (246)
[2017.06.13-08.44.30:105][ 65]LogModuleManager: Shutting down and abandoning module PaperTiledImporter (244)
[2017.06.13-08.44.30:105][ 65]LogModuleManager: Shutting down and abandoning module PaperSpriteSheetImporter (242)
[2017.06.13-08.44.30:105][ 65]LogModuleManager: Shutting down and abandoning module Paper2DEditor (240)
[2017.06.13-08.44.30:105][ 65]LogModuleManager: Shutting down and abandoning module MeshPaint (239)
[2017.06.13-08.44.30:105][ 65]LogModuleManager: Shutting down and abandoning module LevelEditor (237)
[2017.06.13-08.44.30:105][ 65]LogModuleManager: Shutting down and abandoning module PixelInspectorModule (236)
[2017.06.13-08.44.30:105][ 65]LogModuleManager: Shutting down and abandoning module MainFrame (234)
[2017.06.13-08.44.30:105][ 65]LogModuleManager: Shutting down and abandoning module HotReload (233)
[2017.06.13-08.44.30:106][ 65]LogModuleManager: Shutting down and abandoning module ContentBrowser (229)
[2017.06.13-08.44.30:107][ 65]LogModuleManager: Shutting down and abandoning module PhysXVehiclesEditor (226)
[2017.06.13-08.44.30:107][ 65]LogModuleManager: Shutting down and abandoning module PhysXVehicles (224)
[2017.06.13-08.44.30:107][ 65]LogModuleManager: Shutting down and abandoning module LocationServicesBPLibrary (222)
[2017.06.13-08.44.30:107][ 65]LogModuleManager: Shutting down and abandoning module UdpMessaging (220)
[2017.06.13-08.44.30:207][ 65]LogModuleManager: Shutting down and abandoning module TcpMessaging (218)
[2017.06.13-08.44.30:307][ 65]LogModuleManager: Shutting down and abandoning module GameplayTagsEditor (216)
[2017.06.13-08.44.30:307][ 65]LogModuleManager: Shutting down and abandoning module FacialAnimationEditor (214)
[2017.06.13-08.44.30:307][ 65]LogModuleManager: Shutting down and abandoning module FacialAnimation (212)
[2017.06.13-08.44.30:307][ 65]LogModuleManager: Shutting down and abandoning module LightPropagationVolumeRuntime (210)
[2017.06.13-08.44.30:307][ 65]LogModuleManager: Shutting down and abandoning module Paper2D (208)
[2017.06.13-08.44.30:307][ 65]LogModuleManager: Shutting down and abandoning module WindowsMoviePlayer (206)
[2017.06.13-08.44.30:307][ 65]LogModuleManager: Shutting down and abandoning module WmfMedia (204)
[2017.06.13-08.44.30:307][ 65]LogModuleManager: Shutting down and abandoning module MfMedia (202)
[2017.06.13-08.44.30:307][ 65]LogModuleManager: Shutting down and abandoning module MediaAssets (200)
[2017.06.13-08.44.30:307][ 65]LogModuleManager: Shutting down and abandoning module GameLiveStreaming (198)
[2017.06.13-08.44.30:307][ 65]LogModuleManager: Shutting down and abandoning module VREditor (196)
[2017.06.13-08.44.30:307][ 65]LogModuleManager: Shutting down and abandoning module GameplayTasksEditor (194)
[2017.06.13-08.44.30:307][ 65]LogModuleManager: Shutting down and abandoning module BehaviorTreeEditor (192)
[2017.06.13-08.44.30:307][ 65]LogModuleManager: Shutting down and abandoning module FunctionalTesting (190)
[2017.06.13-08.44.30:307][ 65]LogModuleManager: Shutting down and abandoning module CollisionAnalyzer (188)
[2017.06.13-08.44.30:307][ 65]LogModuleManager: Shutting down and abandoning module UMG (186)
[2017.06.13-08.44.30:308][ 65]LogModuleManager: Shutting down and abandoning module UMGEditor (185)
[2017.06.13-08.44.30:308][ 65]LogModuleManager: Shutting down and abandoning module Sequencer (184)
[2017.06.13-08.44.30:308][ 65]LogModuleManager: Shutting down and abandoning module AssetTools (182)
[2017.06.13-08.44.30:308][ 65]LogModuleManager: Shutting down and abandoning module MessageLog (181)
[2017.06.13-08.44.30:308][ 65]LogModuleManager: Shutting down and abandoning module WorkspaceMenuStructure (180)
[2017.06.13-08.44.30:308][ 65]LogModuleManager: Shutting down and abandoning module SlateReflector (174)
[2017.06.13-08.44.30:308][ 65]LogModuleManager: Shutting down and abandoning module Slate (172)
[2017.06.13-08.44.30:308][ 65]LogModuleManager: Shutting down and abandoning module EditorStyle (170)
[2017.06.13-08.44.30:311][ 65]LogModuleManager: Shutting down and abandoning module SourceCodeAccess (168)
[2017.06.13-08.44.30:311][ 65]LogModuleManager: Shutting down and abandoning module HeadMountedDisplay (166)
[2017.06.13-08.44.30:311][ 65]LogModuleManager: Shutting down and abandoning module XAudio2 (164)
[2017.06.13-08.44.30:311][ 65]LogModuleManager: Shutting down and abandoning module Networking (162)
[2017.06.13-08.44.30:311][ 65]LogModuleManager: Shutting down and abandoning module Core (160)
[2017.06.13-08.44.30:311][ 65]LogModuleManager: Shutting down and abandoning module AssetRegistry (158)
[2017.06.13-08.44.30:408][ 65]LogDirectoryWatcher: A directory notification for '../../../Engine/Content/' was aborted.
[2017.06.13-08.44.30:408][ 65]LogDirectoryWatcher: A directory notification for '../../../../../../Users/jcy/Documents/GitHub/UNNAMED/UNNAMED/Content/' was aborted.
[2017.06.13-08.44.30:408][ 65]LogDirectoryWatcher: A directory notification for '../../../Engine/Plugins/2D/Paper2D/Content/' was aborted.
[2017.06.13-08.44.30:408][ 65]LogModuleManager: Shutting down and abandoning module DirectoryWatcher (157)
[2017.06.13-08.44.30:409][ 65]LogModuleManager: Shutting down and abandoning module KismetCompiler (154)
[2017.06.13-08.44.30:409][ 65]LogModuleManager: Shutting down and abandoning module PhysXFormats (152)
[2017.06.13-08.44.30:409][ 65]LogModuleManager: Shutting down and abandoning module MeshUtilities (150)
[2017.06.13-08.44.30:409][ 65]LogModuleManager: Shutting down and abandoning module SimplygonSwarm (149)
[2017.06.13-08.44.30:409][ 65]LogModuleManager: Shutting down and abandoning module SimplygonMeshReduction (147)
[2017.06.13-08.44.30:409][ 65]LogModuleManager: Shutting down and abandoning module QuadricMeshReduction (145)
[2017.06.13-08.44.30:409][ 65]LogModuleManager: Shutting down and abandoning module PropertyEditor (143)
[2017.06.13-08.44.30:409][ 65]LogModuleManager: Shutting down and abandoning module DerivedDataCache (140)
[2017.06.13-08.44.30:451][ 65]LogDerivedDataCache: Shutdown
[2017.06.13-08.44.30:451][ 65]LogModuleManager: Shutting down and abandoning module TargetPlatform (138)
[2017.06.13-08.44.30:451][ 65]LogModuleManager: Shutting down and abandoning module VulkanShaderFormat (137)
[2017.06.13-08.44.30:451][ 65]LogModuleManager: Shutting down and abandoning module ShaderFormatOpenGL (135)
[2017.06.13-08.44.30:451][ 65]LogModuleManager: Shutting down and abandoning module ShaderFormatD3D (133)
[2017.06.13-08.44.30:451][ 65]LogModuleManager: Shutting down and abandoning module MetalShaderFormat (131)
[2017.06.13-08.44.30:451][ 65]LogModuleManager: Shutting down and abandoning module TextureFormatUncompressed (129)
[2017.06.13-08.44.30:451][ 65]LogModuleManager: Shutting down and abandoning module TextureFormatPVR (127)
[2017.06.13-08.44.30:451][ 65]LogModuleManager: Shutting down and abandoning module TextureFormatDXT (125)
[2017.06.13-08.44.30:451][ 65]LogModuleManager: Shutting down and abandoning module TextureFormatIntelISPCTexComp (123)
[2017.06.13-08.44.30:451][ 65]LogModuleManager: Shutting down and abandoning module TextureFormatASTC (121)
[2017.06.13-08.44.30:451][ 65]LogModuleManager: Shutting down and abandoning module ImageWrapper (120)
[2017.06.13-08.44.30:451][ 65]LogModuleManager: Shutting down and abandoning module TextureFormatAndroid (117)
[2017.06.13-08.44.30:451][ 65]LogModuleManager: Shutting down and abandoning module AudioFormatOpus (115)
[2017.06.13-08.44.30:451][ 65]LogModuleManager: Shutting down and abandoning module AudioFormatOgg (113)
[2017.06.13-08.44.30:451][ 65]LogModuleManager: Shutting down and abandoning module AudioFormatADPCM (111)
[2017.06.13-08.44.30:451][ 65]LogModuleManager: Shutting down and abandoning module LinuxTargetPlatform (109)
[2017.06.13-08.44.30:451][ 65]LogModuleManager: Shutting down and abandoning module LinuxServerTargetPlatform (107)
[2017.06.13-08.44.30:451][ 65]LogModuleManager: Shutting down and abandoning module LinuxNoEditorTargetPlatform (105)
[2017.06.13-08.44.30:451][ 65]LogModuleManager: Shutting down and abandoning module LinuxClientTargetPlatform (103)
[2017.06.13-08.44.30:451][ 65]LogModuleManager: Shutting down and abandoning module TVOSTargetPlatform (101)
[2017.06.13-08.44.30:451][ 65]LogModuleManager: Shutting down and abandoning module Messaging (99)
[2017.06.13-08.44.30:451][ 65]LogModuleManager: Shutting down and abandoning module IOSTargetPlatform (97)
[2017.06.13-08.44.30:451][ 65]LogModuleManager: Shutting down and abandoning module HTML5TargetPlatform (95)
[2017.06.13-08.44.30:451][ 65]LogModuleManager: Shutting down and abandoning module Android_PVRTCTargetPlatform (93)
[2017.06.13-08.44.30:451][ 65]LogModuleManager: Shutting down and abandoning module Android_MultiTargetPlatform (91)
[2017.06.13-08.44.30:451][ 65]LogModuleManager: Shutting down and abandoning module Android_ETC2TargetPlatform (89)
[2017.06.13-08.44.30:451][ 65]LogModuleManager: Shutting down and abandoning module Android_ETC1TargetPlatform (87)
[2017.06.13-08.44.30:451][ 65]LogModuleManager: Shutting down and abandoning module Android_DXTTargetPlatform (85)
[2017.06.13-08.44.30:451][ 65]LogModuleManager: Shutting down and abandoning module Android_ATCTargetPlatform (83)
[2017.06.13-08.44.30:452][ 65]LogModuleManager: Shutting down and abandoning module Android_ASTCTargetPlatform (81)
[2017.06.13-08.44.30:452][ 65]LogModuleManager: Shutting down and abandoning module AndroidTargetPlatform (79)
[2017.06.13-08.44.30:452][ 65]LogModuleManager: Shutting down and abandoning module WindowsTargetPlatform (77)
[2017.06.13-08.44.30:452][ 65]LogModuleManager: Shutting down and abandoning module WindowsServerTargetPlatform (75)
[2017.06.13-08.44.30:452][ 65]LogModuleManager: Shutting down and abandoning module WindowsNoEditorTargetPlatform (73)
[2017.06.13-08.44.30:452][ 65]LogModuleManager: Shutting down and abandoning module WindowsClientTargetPlatform (71)
[2017.06.13-08.44.30:452][ 65]LogModuleManager: Shutting down and abandoning module MacTargetPlatform (69)
[2017.06.13-08.44.30:452][ 65]LogModuleManager: Shutting down and abandoning module MacServerTargetPlatform (67)
[2017.06.13-08.44.30:452][ 65]LogModuleManager: Shutting down and abandoning module MacNoEditorTargetPlatform (65)
[2017.06.13-08.44.30:452][ 65]LogModuleManager: Shutting down and abandoning module MacClientTargetPlatform (63)
[2017.06.13-08.44.30:452][ 65]LogModuleManager: Shutting down and abandoning module AllDesktopTargetPlatform (61)
[2017.06.13-08.44.30:452][ 65]LogModuleManager: Shutting down and abandoning module InputCore (58)
[2017.06.13-08.44.30:452][ 65]LogModuleManager: Shutting down and abandoning module Settings (56)
[2017.06.13-08.44.30:452][ 65]LogModuleManager: Shutting down and abandoning module OculusRift (54)
[2017.06.13-08.44.30:452][ 65]LogModuleManager: Shutting down and abandoning module GearVR (52)
[2017.06.13-08.44.30:452][ 65]LogModuleManager: Shutting down and abandoning module ExampleDeviceProfileSelector (50)
[2017.06.13-08.44.30:452][ 65]LogModuleManager: Shutting down and abandoning module OnlineBlueprintSupport (48)
[2017.06.13-08.44.30:452][ 65]LogModuleManager: Shutting down and abandoning module OnlineSubsystem (44)
[2017.06.13-08.44.30:452][ 65]LogOnline:Display: OSS: FOnlineSubsystemNull::Shutdown()
[2017.06.13-08.44.30:452][ 65]LogOnline:Display: Unloading online subsystem: STEAM
[2017.06.13-08.44.30:452][ 65]LogOnline:Display: Unloading online subsystem: NULL
[2017.06.13-08.44.30:452][ 65]LogModuleManager: Shutting down and abandoning module XMPP (37)
[2017.06.13-08.44.30:452][ 65]LogModuleManager: Shutting down and abandoning module HTTP (35)
[2017.06.13-08.44.30:452][ 65]LogHttp:Display: Http module shutting down, but needs to wait on 1 outstanding Http requests:
[2017.06.13-08.44.30:452][ 65]LogHttp:Display: 	verb=[POST] url=[https://datarouter.ol.epicgames.com/datarouter/api/v1/public/data?SessionID=%7BDCAB8167-4699-5468-7CBC-83945C80ACE9%7D&AppID=UEEditor.Rocket.Release&AppVersion=4.15.3-3450819%2B%2B%2BUE4%2BRelease-4.15&UserID=a07495f74c58e19515019bb4e70f5d77%7C9b3181ca76214d4d8bfeb8cff36b7c1c%7C26ae4e54-a309-4a23-9817-c1f836c34cfa&AppEnvironment=datacollector-binary&UploadType=eteventstream] status=Processing
[2017.06.13-08.44.30:457][ 65]LogModuleManager: Shutting down and abandoning module SSL (34)
[2017.06.13-08.44.30:459][ 65]LogModuleManager: Shutting down and abandoning module AudioEditor (30)
[2017.06.13-08.44.30:460][ 65]LogModuleManager: Shutting down and abandoning module TextureCompressor (28)
[2017.06.13-08.44.30:460][ 65]LogModuleManager: Shutting down and abandoning module ShaderCore (26)
[2017.06.13-08.44.30:460][ 65]LogModuleManager: Shutting down and abandoning module Landscape (24)
[2017.06.13-08.44.30:460][ 65]LogModuleManager: Shutting down and abandoning module SlateRHIRenderer (22)
[2017.06.13-08.44.30:461][ 65]LogModuleManager: Shutting down and abandoning module OpenGLDrv (20)
[2017.06.13-08.44.30:461][ 65]LogModuleManager: Shutting down and abandoning module D3D11RHI (18)
[2017.06.13-08.44.30:461][ 65]LogModuleManager: Shutting down and abandoning module AnimGraphRuntime (16)
[2017.06.13-08.44.30:461][ 65]LogModuleManager: Shutting down and abandoning module Renderer (14)
[2017.06.13-08.44.30:461][ 65]LogModuleManager: Shutting down and abandoning module Engine (12)
[2017.06.13-08.44.30:461][ 65]LogModuleManager: Shutting down and abandoning module CoreUObject (10)
[2017.06.13-08.44.30:461][ 65]LogModuleManager: Shutting down and abandoning module NetworkFile (8)
[2017.06.13-08.44.30:461][ 65]LogModuleManager: Shutting down and abandoning module StreamingFile (6)
[2017.06.13-08.44.30:461][ 65]LogModuleManager: Shutting down and abandoning module SandboxFile (4)
[2017.06.13-08.44.30:461][ 65]LogModuleManager: Shutting down and abandoning module PakFile (2)
[2017.06.13-08.44.30:463][ 65]LogExit: Exiting.
[2017.06.13-08.44.30:465][ 65]Log file closed, 06/13/17 17:44:30
