Log file open, 04/27/17 00:07:44
LogInit:Display: Running engine for game: UNNAMED
LogPlatformFile: Not using cached read wrapper
LogInit:Display: RandInit(1085529057) SRandInit(1085529057).
LogTaskGraph: Started task graph with 5 named threads and 8 total threads with 1 sets of task threads.
LogStats: Stats thread started at 0.118576
LogInit: Using libcurl 7.47.1
LogInit:  - built for x86_64-pc-win32
LogInit:  - supports SSL with OpenSSL/1.0.2g
LogInit:  - supports HTTP deflate (compression) using libz 1.2.8
LogInit:  - other features:
LogInit:      CURL_VERSION_SSL
LogInit:      CURL_VERSION_LIBZ
LogInit:      CURL_VERSION_IPV6
LogInit:      CURL_VERSION_ASYNCHDNS
LogInit:      CURL_VERSION_LARGEFILE
LogInit:      CURL_VERSION_IDN
LogInit:  CurlRequestOptions (configurable via config and command line):
LogInit:  - bVerifyPeer = false  - Libcurl will NOT verify peer certificate
LogInit:  - bUseHttpProxy = false  - Libcurl will NOT use HTTP proxy
LogInit:  - bDontReuseConnections = false  - Libcurl will reuse connections
LogInit:  - CertBundlePath = nullptr  - Libcurl will use whatever was configured at build time.
LogOnline:Display: STEAM: Loading Steam SDK 1.32
LogInit: WinSock: version 1.1 (2.2), MaxSocks=32767, MaxUdp=65467
LogInit: Build: ++UE4+Release-4.15-CL-3348071
LogInit: Engine Version: 4.15.1-3348071+++UE4+Release-4.15
LogInit: Compatible Engine Version: 4.15.0-3299760+++UE4+Release-4.15
LogInit: Net CL: 3299760
LogDevObjectVersion: Number of dev versions registered: 14
LogDevObjectVersion:   Dev-Blueprints (B0D832E4-1F89-4F0D-ACCF-7EB736FD4AA2): 8
LogDevObjectVersion:   Dev-Build (E1C64328-A22C-4D53-A36C-8E866417BD8C): 0
LogDevObjectVersion:   Dev-Core (375EC13C-06E4-48FB-B500-84F0262A717E): 2
LogDevObjectVersion:   Dev-Editor (E4B068ED-F494-42E9-A231-DA0B2E46BB41): 14
LogDevObjectVersion:   Dev-Framework (CFFC743F-43B0-4480-9391-14DF171D2073): 22
LogDevObjectVersion:   Dev-Mobile (B02B49B5-BB20-44E9-A304-32B752E40360): 0
LogDevObjectVersion:   Dev-Networking (A4E4105C-59A1-49B5-A7C5-40C4547EDFEE): 0
LogDevObjectVersion:   Dev-Online (39C831C9-5AE6-47DC-9A44-9C173E1C8E7C): 0
LogDevObjectVersion:   Dev-Physics (78F01B33-EBEA-4F98-B9B4-84EACCB95AA2): 0
LogDevObjectVersion:   Dev-Platform (6631380F-2D4D-43E0-8009-CF276956A95A): 0
LogDevObjectVersion:   Dev-Rendering (12F88B9F-8875-4AFC-A67C-D90C383ABD29): 12
LogDevObjectVersion:   Dev-Sequencer (7B5AE74C-D270-4C10-A958-57980B212A5A): 3
LogDevObjectVersion:   Dev-VR (D7296918-1DD6-4BDD-9DE2-64A83CC13884): 0
LogDevObjectVersion:   Dev-LoadTimes (C2A15278-BFE7-4AFE-6C17-90FF531DF755): 1
LogInit: Compiled (64-bit): Mar 15 2017 16:52:47
LogInit: Compiled with Visual C++: 19.00.23026.00
LogInit: Build Configuration: Development
LogInit: Branch Name: ++UE4+Release-4.15
LogInit: Command line:  /Temp/Autosaves/Game/Map/UEDPCMain -game -PIEVIACONSOLE -ResX=1280 -ResY=720  -Multiprocess -messaging -SessionName="Play in Standalone Game" -windowed 
LogInit: Base directory: C:/Program Files/Epic Games/UE_4.15/Engine/Binaries/Win64/
LogInit: Installed Engine Build: 1
LogInit: Presizing for max 8388607 objects, including 0 objects not considered by GC, pre-allocating 0 bytes for permanent pool.
LogInit: Object subsystem initialized
[2017.04.26-15.07.48:697][  0]LogInit: Selected Device Profile: [Windows]
[2017.04.26-15.07.48:697][  0]LogInit: Applying CVar settings loaded from the selected device profile: [Windows]
[2017.04.26-15.07.48:704][  0]LogInit: Computer: DESKTOP-5I3HB32
[2017.04.26-15.07.48:704][  0]LogInit: User: jcy
[2017.04.26-15.07.48:704][  0]LogInit: CPU Page size=65536, Cores=4
[2017.04.26-15.07.48:704][  0]LogInit: High frequency timer resolution =2.533209 MHz
[2017.04.26-15.07.48:704][  0]LogMemory: Memory total: Physical=11.9GB (12GB approx)
[2017.04.26-15.07.48:704][  0]LogMemory: Platform Memory Stats for Windows
[2017.04.26-15.07.48:704][  0]LogMemory: Process Physical Memory: 301.90 MB used, 301.90 MB peak
[2017.04.26-15.07.48:704][  0]LogMemory: Process Virtual Memory: 283.56 MB used, 283.56 MB peak
[2017.04.26-15.07.48:704][  0]LogMemory: Physical Memory: 6778.79 MB used,  5431.07 MB free, 12209.86 MB total
[2017.04.26-15.07.48:704][  0]LogMemory: Virtual Memory: 765.84 MB used,  5431.07 MB free, 134217728.00 MB total
[2017.04.26-15.07.48:872][  0]LogTextLocalizationManager: No specific translations for ('ko-KR') exist, so ('ko') translations will be used.
[2017.04.26-15.07.49:269][  0]LogTextLocalizationManager:Warning: Loaded localization resources contain conflicting entries for (Namespace:KismetSchema, Key:Default):
Localization Resource: (C:/Program Files/Epic Games/UE_4.15/Engine/Content/Localization/EditorTutorials/ko/EditorTutorials.locres) Source String Hash: (940523119) Localized String: (디폴트)
Localization Resource: (C:/Program Files/Epic Games/UE_4.15/Engine/Content/Localization/Engine/ko/Engine.locres) Source String Hash: (940523119) Localized String: (기본)
[2017.04.26-15.07.49:269][  0]LogTextLocalizationManager:Warning: Loaded localization resources contain conflicting entries for (Namespace:UObjectToolTips, Key:AnimNode_AssetPlayerBase:InternalTimeAccumulator):
Localization Resource: (C:/Program Files/Epic Games/UE_4.15/Engine/Content/Localization/EditorTutorials/ko/EditorTutorials.locres) Source String Hash: (502993589) Localized String: (이 노드에서 애셋을 레퍼런싱하는 데 사용되는 누적 시간입니다.)
Localization Resource: (C:/Program Files/Epic Games/UE_4.15/Engine/Content/Localization/ToolTips/ko/ToolTips.locres) Source String Hash: (502993589) Localized String: (내부 시간 누산기 - 이 노드에서 애셋을 레퍼런싱하는 데 사용된 누적 시간입니다.)
Localization Resource: (C:/Program Files/Epic Games/UE_4.15/Engine/Content/Localization/Engine/ko/Engine.locres) Source String Hash: (502993589) Localized String: (이 노드에서 애셋을 레퍼런싱하는 데 사용된 누적 시간입니다.)
[2017.04.26-15.07.49:269][  0]LogTextLocalizationManager:Warning: Loaded localization resources contain conflicting entries for (Namespace:UObjectToolTips, Key:AnimNode_AssetPlayerBase:bIgnoreForRelevancyTest):
Localization Resource: (C:/Program Files/Epic Games/UE_4.15/Engine/Content/Localization/EditorTutorials/ko/EditorTutorials.locres) Source String Hash: (319969718) Localized String: (True 면, 스테이트에서 최고 가중치 애니메이션을 찾는 "Relevant anim" 노드는 이 노드를 무시합니다.
 )
Localization Resource: (C:/Program Files/Epic Games/UE_4.15/Engine/Content/Localization/ToolTips/ko/ToolTips.locres) Source String Hash: (319969718) Localized String: (연관성 테스트에 무시 - true 인 경우 스테이트 내 최고 웨이팅된 애니메이션을 찾는 "Relevant anim" (연관 애님) 노드가
이 노드를 무시합니다.)
Localization Resource: (C:/Program Files/Epic Games/UE_4.15/Engine/Content/Localization/Engine/ko/Engine.locres) Source String Hash: (319969718) Localized String: (True 면 스테이트 내 최고 웨이팅된 애니메이션을 찾는 "Relevant anim" 노드가 무시됩니다.
 )
[2017.04.26-15.07.49:269][  0]LogTextLocalizationManager:Warning: Loaded localization resources contain conflicting entries for (Namespace:UObjectToolTips, Key:AnimNode_AssetPlayerBase:BlendWeight):
Localization Resource: (C:/Program Files/Epic Games/UE_4.15/Engine/Content/Localization/EditorTutorials/ko/EditorTutorials.locres) Source String Hash: (-1232800293) Localized String: (이 노드에 마지막 걸린 블렌드웨이트 입니다.)
Localization Resource: (C:/Program Files/Epic Games/UE_4.15/Engine/Content/Localization/ToolTips/ko/ToolTips.locres) Source String Hash: (-1232800293) Localized String: (블렌드 웨이트 - 이 노드에 대해 마지막으로 접한 블렌드 웨이트입니다.)
Localization Resource: (C:/Program Files/Epic Games/UE_4.15/Engine/Content/Localization/Engine/ko/Engine.locres) Source String Hash: (-1232800293) Localized String: (이 노드에 대해 마지막 접한 블렌드 웨이트)
[2017.04.26-15.07.49:269][  0]LogTextLocalizationManager:Warning: Loaded localization resources contain conflicting entries for (Namespace:UObjectToolTips, Key:AnimNode_BlendSpacePlayer:bLoop):
Localization Resource: (C:/Program Files/Epic Games/UE_4.15/Engine/Content/Localization/EditorTutorials/ko/EditorTutorials.locres) Source String Hash: (2133979316) Localized String: (애니메이션이 끝까지 재생되면 반복할까요?)
Localization Resource: (C:/Program Files/Epic Games/UE_4.15/Engine/Content/Localization/ToolTips/ko/ToolTips.locres) Source String Hash: (2133979316) Localized String: (루프 - 애니메이션이 끝에 도달했을 때 계속 반복할까요?)
[2017.04.26-15.07.49:269][  0]LogTextLocalizationManager:Warning: Loaded localization resources contain conflicting entries for (Namespace:UObjectToolTips, Key:AnimNode_StateMachine:bSkipFirstUpdateTransition):
Localization Resource: (C:/Program Files/Epic Games/UE_4.15/Engine/Content/Localization/EditorTutorials/ko/EditorTutorials.locres) Source String Hash: (1865475011) Localized String: (첫 업데이트시 도입 상태에서의 트랜지션을 건너뛸까요? 
기본은 true 로, 첫 업데이트시에는 트랜지션 데이터를 버립니다.)
Localization Resource: (C:/Program Files/Epic Games/UE_4.15/Engine/Content/Localization/ToolTips/ko/ToolTips.locres) Source String Hash: (1865475011) Localized String: (첫 번째 업데이트 트랜지션 건너뛰기 - 첫 번째 업데이트에서 입력 스테이트의 트랜지션을 건너뜁니까?
디폴트는 true 고 첫 번째 업데이트의 트랜지션 데이터를 버립니다.)
[2017.04.26-15.07.49:269][  0]LogTextLocalizationManager:Warning: Loaded localization resources contain conflicting entries for (Namespace:UObjectToolTips, Key:AnimNode_BlendSpacePlayer:X):
Localization Resource: (C:/Program Files/Epic Games/UE_4.15/Engine/Content/Localization/EditorTutorials/ko/EditorTutorials.locres) Source String Hash: (2060772590) Localized String: (블렌드스페이스에서 샘플링할 X 좌표입니다.)
Localization Resource: (C:/Program Files/Epic Games/UE_4.15/Engine/Content/Localization/ToolTips/ko/ToolTips.locres) Source String Hash: (2060772590) Localized String: (X - 블렌드스페이스 샘플의 X 좌표입니다.)
[2017.04.26-15.07.49:269][  0]LogTextLocalizationManager:Warning: Loaded localization resources contain conflicting entries for (Namespace:UObjectToolTips, Key:AnimNode_BlendSpacePlayer:Y):
Localization Resource: (C:/Program Files/Epic Games/UE_4.15/Engine/Content/Localization/EditorTutorials/ko/EditorTutorials.locres) Source String Hash: (-1719607538) Localized String: (블렌드스페이스에서 샘플링할 Y 좌표입니다.)
Localization Resource: (C:/Program Files/Epic Games/UE_4.15/Engine/Content/Localization/ToolTips/ko/ToolTips.locres) Source String Hash: (-1719607538) Localized String: (Y - 블렌드스페이스 샘플의 Y 좌표입니다.)
[2017.04.26-15.07.49:269][  0]LogTextLocalizationManager:Warning: Loaded localization resources contain conflicting entries for (Namespace:UObjectToolTips, Key:AnimNode_BlendSpacePlayer:Z):
Localization Resource: (C:/Program Files/Epic Games/UE_4.15/Engine/Content/Localization/EditorTutorials/ko/EditorTutorials.locres) Source String Hash: (1728943471) Localized String: (블렌드스페이스에서 샘플링할 Z 좌표입니다.)
Localization Resource: (C:/Program Files/Epic Games/UE_4.15/Engine/Content/Localization/ToolTips/ko/ToolTips.locres) Source String Hash: (1728943471) Localized String: (Z - 블렌드스페이스 샘플의 Z 좌표입니다.)
[2017.04.26-15.07.49:269][  0]LogTextLocalizationManager:Warning: Loaded localization resources contain conflicting entries for (Namespace:UObjectToolTips, Key:AnimNode_BlendSpacePlayer:BlendSpace):
Localization Resource: (C:/Program Files/Epic Games/UE_4.15/Engine/Content/Localization/EditorTutorials/ko/EditorTutorials.locres) Source String Hash: (1599043277) Localized String: (재생할 블렌드스페이스 애셋입니다.)
Localization Resource: (C:/Program Files/Epic Games/UE_4.15/Engine/Content/Localization/ToolTips/ko/ToolTips.locres) Source String Hash: (1599043277) Localized String: (블렌드스페이스 - 재생할 블렌드스페이스 애셋입니다.)
[2017.04.26-15.07.49:269][  0]LogTextLocalizationManager:Warning: Loaded localization resources contain conflicting entries for (Namespace:UObjectToolTips, Key:AnimNode_StateMachine:MaxTransitionsPerFrame):
Localization Resource: (C:/Program Files/Epic Games/UE_4.15/Engine/Content/Localization/EditorTutorials/ko/EditorTutorials.locres) Source String Hash: (1567650430) Localized String: (이 머신에서 한 프레임 내 '동시에' 취할 수 있는 트랜지션 최대 수입니다.)
Localization Resource: (C:/Program Files/Epic Games/UE_4.15/Engine/Content/Localization/ToolTips/ko/ToolTips.locres) Source String Hash: (1567650430) Localized String: (프레임 당 최대 트랜지션 - 한 프레임에서 이 머신이 동시에 취할 수 있는 트랜지션 최대 수입니다.)
[2017.04.26-15.07.49:269][  0]LogTextLocalizationManager:Warning: Loaded localization resources contain conflicting entries for (Namespace:UObjectToolTips, Key:AnimNode_BlendSpacePlayer:PlayRate):
Localization Resource: (C:/Program Files/Epic Games/UE_4.15/Engine/Content/Localization/EditorTutorials/ko/EditorTutorials.locres) Source String Hash: (-1274923958) Localized String: (재생 속도 배수입니다. 음수가 되면 애니메이션을 역순으로 재생하게 됩니다.)
Localization Resource: (C:/Program Files/Epic Games/UE_4.15/Engine/Content/Localization/ToolTips/ko/ToolTips.locres) Source String Hash: (-1274923958) Localized String: (재생 속도 - 재생 속도 배수입니다. 음수가 되면 애니메이션을 거꾸로 재생합니다.)
[2017.04.26-15.07.49:269][  0]LogTextLocalizationManager:Warning: Loaded localization resources contain conflicting entries for (Namespace:UObjectToolTips, Key:AnimNode_BlendSpacePlayer:StartPosition):
Localization Resource: (C:/Program Files/Epic Games/UE_4.15/Engine/Content/Localization/EditorTutorials/ko/EditorTutorials.locres) Source String Hash: (-207153555) Localized String: (시작 위치 범위는 [0,1] 이며, 재초기화시에만 적용됩니다.
루핑을 하면, 1 회전 후 0.f 부터 시작할 것입니다.)
Localization Resource: (C:/Program Files/Epic Games/UE_4.15/Engine/Content/Localization/ToolTips/ko/ToolTips.locres) Source String Hash: (-207153555) Localized String: (시작 위치 - [0, 1] 범위의 시작 위치로, 재초기화할 때만 적용됩니다.
반복하면 1회전 후 0.f 부터 시작됩니다.)
[2017.04.26-15.07.49:269][  0]LogTextLocalizationManager:Warning: Loaded localization resources contain conflicting entries for (Namespace:UObjectToolTips, Key:CameraFilmbackSettings:SensorWidth):
Localization Resource: (C:/Program Files/Epic Games/UE_4.15/Engine/Content/Localization/ToolTips/ko/ToolTips.locres) Source String Hash: (-1448580153) Localized String: (센서 폭 - 필름백 또는 디지털 센서의 가로 크기로, mm 단위입니다.)
Localization Resource: (C:/Program Files/Epic Games/UE_4.15/Engine/Content/Localization/Engine/ko/Engine.locres) Source String Hash: (-1448580153) Localized String: (필름백 또는 디지털 센서의 가로 크기로, mm 단위입니다.)
[2017.04.26-15.07.49:269][  0]LogTextLocalizationManager:Warning: Loaded localization resources contain conflicting entries for (Namespace:UObjectToolTips, Key:CameraFilmbackSettings:SensorAspectRatio):
Localization Resource: (C:/Program Files/Epic Games/UE_4.15/Engine/Content/Localization/ToolTips/ko/ToolTips.locres) Source String Hash: (-194807515) Localized String: (센서 종횡비 - 읽기 전용입니다. 센서 치수에서 계산했습니다.)
Localization Resource: (C:/Program Files/Epic Games/UE_4.15/Engine/Content/Localization/Engine/ko/Engine.locres) Source String Hash: (-194807515) Localized String: (읽기 전용입니다. 센서 크기에서 계산했습니다.)
[2017.04.26-15.07.49:269][  0]LogTextLocalizationManager:Warning: Loaded localization resources contain conflicting entries for (Namespace:UObjectToolTips, Key:AnimNode_SequencePlayer:bLoopAnimation):
Localization Resource: (C:/Program Files/Epic Games/UE_4.15/Engine/Content/Localization/ToolTips/ko/ToolTips.locres) Source String Hash: (2133979316) Localized String: (루프 - 애니메이션이 끝에 도달했을 때 계속 반복시켜야 할까요?)
Localization Resource: (C:/Program Files/Epic Games/UE_4.15/Engine/Content/Localization/Engine/ko/Engine.locres) Source String Hash: (2133979316) Localized String: (애니메이션이 끝에 도달하면 계속해서 루핑시킬것인지 입니다.)
[2017.04.26-15.07.49:269][  0]LogTextLocalizationManager:Warning: Loaded localization resources contain conflicting entries for (Namespace:UObjectToolTips, Key:AnimNode_SequencePlayer:Sequence):
Localization Resource: (C:/Program Files/Epic Games/UE_4.15/Engine/Content/Localization/ToolTips/ko/ToolTips.locres) Source String Hash: (421436424) Localized String: (시퀀스 - 재생할 애니메이션 시퀀스 애셋입니다.)
Localization Resource: (C:/Program Files/Epic Games/UE_4.15/Engine/Content/Localization/Engine/ko/Engine.locres) Source String Hash: (421436424) Localized String: (재생할 애니메이션 시퀀스 애셋입니다.)
[2017.04.26-15.07.49:269][  0]LogTextLocalizationManager:Warning: Loaded localization resources contain conflicting entries for (Namespace:UObjectToolTips, Key:AnimNode_SequencePlayer:PlayRate):
Localization Resource: (C:/Program Files/Epic Games/UE_4.15/Engine/Content/Localization/ToolTips/ko/ToolTips.locres) Source String Hash: (-1274923958) Localized String: (재생 속도 - 재생 속도 배수입니다. 음수가 될 수 있으며, 그러면 애니메이션이 거꾸로 재생됩니다.)
Localization Resource: (C:/Program Files/Epic Games/UE_4.15/Engine/Content/Localization/Engine/ko/Engine.locres) Source String Hash: (-1274923958) Localized String: (플레이 속도 배수입니다. 음수가 되면 애니메이션이 역방향으로 재생됩니다.)
[2017.04.26-15.07.49:269][  0]LogTextLocalizationManager:Warning: Loaded localization resources contain conflicting entries for (Namespace:UObjectToolTips, Key:AnimNode_SequencePlayer:StartPosition):
Localization Resource: (C:/Program Files/Epic Games/UE_4.15/Engine/Content/Localization/ToolTips/ko/ToolTips.locres) Source String Hash: (771611000) Localized String: (시작 위치 - 시작 위치로 재초기화할 때만 적용됩니다.
반복하면, 1회전 후 0.f 부터 시작됩니다.)
Localization Resource: (C:/Program Files/Epic Games/UE_4.15/Engine/Content/Localization/Engine/ko/Engine.locres) Source String Hash: (771611000) Localized String: (시작 위치로, 재초기화시에만 적용됩니다.
루핑을 하면, 1회전 후 0.f 부터 시작할 것입니다.)
[2017.04.26-15.07.49:269][  0]LogTextLocalizationManager:Warning: Loaded localization resources contain conflicting entries for (Namespace:UObjectToolTips, Key:CameraFilmbackSettings:SensorHeight):
Localization Resource: (C:/Program Files/Epic Games/UE_4.15/Engine/Content/Localization/ToolTips/ko/ToolTips.locres) Source String Hash: (-1311569777) Localized String: (센서 높이 - 필름백 또는 디지털 센서의 세로 크기로, mm 단위입니다.)
Localization Resource: (C:/Program Files/Epic Games/UE_4.15/Engine/Content/Localization/Engine/ko/Engine.locres) Source String Hash: (-1311569777) Localized String: (필름백 또는 디지털 센서의 세로 크기로, mm 단위입니다.)
[2017.04.26-15.07.49:588][  0]LogD3D11RHI: D3D11 adapters:
[2017.04.26-15.07.50:382][  0]LogD3D11RHI:    0. 'NVIDIA GeForce GTX 960M' (Feature Level 11_0)
[2017.04.26-15.07.50:382][  0]LogD3D11RHI:       2019/0/6104 MB DedicatedVideo/DedicatedSystem/SharedSystem, Outputs:2, VendorId:0x10de
[2017.04.26-15.07.50:389][  0]LogD3D11RHI:    1. 'Intel(R) HD Graphics 4600' (Feature Level 11_0)
[2017.04.26-15.07.50:389][  0]LogD3D11RHI:       112/0/2048 MB DedicatedVideo/DedicatedSystem/SharedSystem, Outputs:0, VendorId:0x8086
[2017.04.26-15.07.50:391][  0]LogD3D11RHI:    2. 'Microsoft Basic Render Driver' (Feature Level 11_0)
[2017.04.26-15.07.50:391][  0]LogD3D11RHI:       0/0/6104 MB DedicatedVideo/DedicatedSystem/SharedSystem, Outputs:0, VendorId:0x1414
[2017.04.26-15.07.50:391][  0]LogD3D11RHI: Chosen D3D11 Adapter: 0
[2017.04.26-15.07.50:469][  0]LogD3D11RHI: Creating new Direct3DDevice
[2017.04.26-15.07.50:470][  0]LogD3D11RHI:     GPU DeviceId: 0x139b (for the marketing name, search the web for "GPU Device Id")
[2017.04.26-15.07.50:470][  0]LogWindows: EnumDisplayDevices:
[2017.04.26-15.07.50:471][  0]LogWindows:    0. 'Intel(R) HD Graphics 4600' (P:1 D:1)
[2017.04.26-15.07.50:471][  0]LogWindows:    1. 'Intel(R) HD Graphics 4600' (P:0 D:1)
[2017.04.26-15.07.50:472][  0]LogWindows:    2. 'Intel(R) HD Graphics 4600' (P:0 D:0)
[2017.04.26-15.07.50:472][  0]LogWindows: DebugString: PrimaryIsNotTheChoosenAdapter PrimaryIsNotTheChoosenAdapter PrimaryIsNotTheChoosenAdapter FoundDriverCount:0 
[2017.04.26-15.07.50:472][  0]LogD3D11RHI:     Adapter Name: NVIDIA GeForce GTX 960M
[2017.04.26-15.07.50:472][  0]LogD3D11RHI:   Driver Version: Unknown (internal:Unknown, unified:Unknown)
[2017.04.26-15.07.50:472][  0]LogD3D11RHI:      Driver Date: Unknown
[2017.04.26-15.07.50:472][  0]LogRHI: Texture pool is 1361 MB (70% of 1945 MB)
[2017.04.26-15.07.51:257][  0]LogD3D11RHI: Async texture creation enabled
[2017.04.26-15.07.51:294][  0]LogD3D11RHI: GPU Timing Frequency: 1000.000000 (Debug: 2 1)
[2017.04.26-15.07.51:295][  0]LogShaderCompilers: Guid format shader working directory is -17 characters bigger than the processId version (../../../../../../Users/jcy/Documents/GitHub/UNNAMED/UNNAMED/Intermediate/Shaders/WorkingDirectory/13876/).
[2017.04.26-15.07.51:295][  0]LogShaderCompilers: Cleaned the shader compiler working directory 'C:/Users/jcy/AppData/Local/Temp/UnrealShaderWorkingDir/E4A799834DCF231A4215A99E3DD7DB37/'.
[2017.04.26-15.07.51:295][  0]LogShaderCompilers:Display: Using Local Shader Compiler.
[2017.04.26-15.07.56:963][  0]LogTemp:Display: Loaded TP WindowsClientTargetPlatform
[2017.04.26-15.07.57:080][  0]LogTemp:Display: Loaded TP WindowsNoEditorTargetPlatform
[2017.04.26-15.07.57:150][  0]LogTemp:Display: Loaded TP WindowsServerTargetPlatform
[2017.04.26-15.07.57:215][  0]LogTemp:Display: Loaded TP WindowsTargetPlatform
[2017.04.26-15.07.57:215][  0]LogTargetPlatformManager:Display: Building Assets For Windows
[2017.04.26-15.07.57:784][  0]LogDerivedDataCache:Display: Max Cache Size: 512 MB
[2017.04.26-15.07.58:251][  0]LogDerivedDataCache: Loaded boot cache 0.47s 50MB C:/Users/jcy/AppData/Local/UnrealEngine/4.15/DerivedDataCache/Boot.ddc.
[2017.04.26-15.07.58:251][  0]LogDerivedDataCache:Display: Loaded Boot cache: C:/Users/jcy/AppData/Local/UnrealEngine/4.15/DerivedDataCache/Boot.ddc
[2017.04.26-15.07.58:251][  0]LogDerivedDataCache: FDerivedDataBackendGraph:  Pak pak cache file ../../../../../../Users/jcy/Documents/GitHub/UNNAMED/UNNAMED/DerivedDataCache/DDC.ddp not found, will not use a pak cache.
[2017.04.26-15.07.58:251][  0]LogDerivedDataCache: Unable to find inner node Pak for hierarchical cache Hierarchy.
[2017.04.26-15.07.58:251][  0]LogDerivedDataCache: FDerivedDataBackendGraph:  CompressedPak pak cache file ../../../../../../Users/jcy/Documents/GitHub/UNNAMED/UNNAMED/DerivedDataCache/Compressed.ddp not found, will not use a pak cache.
[2017.04.26-15.07.58:251][  0]LogDerivedDataCache: Unable to find inner node CompressedPak for hierarchical cache Hierarchy.
[2017.04.26-15.07.58:291][  0]LogDerivedDataCache:Display: Pak cache opened for reading ../../../Engine/DerivedDataCache/Compressed.ddp.
[2017.04.26-15.07.58:303][  0]LogDerivedDataCache: Using Local data cache path C:/Users/jcy/AppData/Local/UnrealEngine/Common/DerivedDataCache: Writable
[2017.04.26-15.07.58:316][  0]LogSlate: Using Freetype 2.6.0
[2017.04.26-15.07.58:353][  0]LogSlate: SlateFontCache - WITH_FREETYPE: 1, WITH_HARFBUZZ: 1
[2017.04.26-15.07.58:353][  0]LogSlate: SlateFontCache - WITH_FREETYPE: 1, WITH_HARFBUZZ: 1
[2017.04.26-15.07.59:926][  0]LogAssetRegistry: FAssetRegistry took 0.0001 seconds to start up
[2017.04.26-15.07.59:934][  0]LogPackageLocalizationCache: Processed 3 localized package path(s) for 2 prioritized culture(s) in 0.007123 seconds
[2017.04.26-15.08.00:277][  0]LogInit: Selected Device Profile: [Windows]
[2017.04.26-15.08.00:294][  0]LogContentStreaming: Texture pool size is 1000.00 MB
[2017.04.26-15.08.00:709][  0]LogMeshUtilities: Using QuadricMeshReduction for automatic static mesh reduction
[2017.04.26-15.08.00:762][  0]LogSimplygon: Simplygon DLL not present - disabling.
[2017.04.26-15.08.00:822][  0]LogMeshUtilities: Using SimplygonSwarm for distributed automatic mesh merging
[2017.04.26-15.08.00:822][  0]LogMeshUtilities: No automatic skeletal mesh reduction module available
[2017.04.26-15.08.00:822][  0]LogMeshUtilities: No automatic mesh merging module available
[2017.04.26-15.08.03:473][  0]LogNetVersion: GetLocalNetworkVersion: CL: 3299760, ProjectName: unnamed, ProjectVersion: , EngineNetworkVersion: 2, GameNetworkVersion: 0, NetworkChecksum: 1184173371
[2017.04.26-15.08.04:839][  0]LogMoviePlayer: Initializing movie player
[2017.04.26-15.08.05:715][  0]LogTcpMessaging: Initializing TcpMessaging bridge
[2017.04.26-15.08.05:766][  0]LogUdpMessaging: Initializing bridge on interface 0.0.0.0:0 to multicast group 230.0.0.1:6666.
[2017.04.26-15.08.06:256][  0]SourceControl: 정보 소스 콘트롤이 꺼졌습니다.
[2017.04.26-15.08.06:256][  0]SourceControl: 정보 소스 콘트롤이 꺼졌습니다.
[2017.04.26-15.08.06:311][  0]SourceControl: 정보 소스 콘트롤이 꺼졌습니다.
[2017.04.26-15.08.07:158][  0]LogUObjectArray: 34415 objects as part of root set at end of initial load.
[2017.04.26-15.08.07:158][  0]LogUObjectAllocator: 7853176 out of 0 bytes used by permanent object pool.
[2017.04.26-15.08.07:158][  0]LogUObjectArray: CloseDisregardForGC: 0/0 objects in disregard for GC pool
[2017.04.26-15.08.07:558][  0]LogEngine: Initializing Engine...
[2017.04.26-15.08.07:559][  0]LogHMD: Failed to initialize OpenVR with code 110
[2017.04.26-15.08.08:152][  0]LogInit: XAudio2 using '스피커(Realtek High Definition Audio)' : 2 channels at 48 kHz using 32 bits per sample (channel mask 0x3)
[2017.04.26-15.08.08:230][  0]LogInit: FAudioDevice initialized.
[2017.04.26-15.08.08:246][  0]LogInit: Texture streaming: Enabled
[2017.04.26-15.08.08:466][  0]LogMaterial: Uniform references updated for custom material expression Custom.
[2017.04.26-15.08.10:168][  0]LogClass:Warning: Enum '/Game/BP/E_GameState.E_GameState' was upgraded to use FText to store its display name data. Please re-save this asset to avoid issues with localization and determinstic cooking.
[2017.04.26-15.08.10:209][  0]LogBlueprint:Warning: [Compiler MyGameinstance] 경고  Set Input Mode UI Only (Deprecated)  : 폐기되었습니다. Use the new version of Set Input Mode UI Only instead
[2017.04.26-15.08.10:209][  0]LogBlueprint:Warning: [Compiler MyGameinstance] 경고  Set Input Mode UI Only (Deprecated)  : 폐기되었습니다. Use the new version of Set Input Mode UI Only instead
[2017.04.26-15.08.10:209][  0]LogBlueprint:Warning: [Compiler MyGameinstance] 경고  Set Input Mode UI Only (Deprecated)  : 폐기되었습니다. Use the new version of Set Input Mode UI Only instead
[2017.04.26-15.08.10:209][  0]LogBlueprint:Warning: [Compiler MyGameinstance] 경고  Set Input Mode UI Only (Deprecated)  : 폐기되었습니다. Use the new version of Set Input Mode UI Only instead
[2017.04.26-15.08.10:210][  0]LogBlueprint:Warning: [Compiler MyGameinstance] 경고  Set Input Mode UI Only (Deprecated)  : 폐기되었습니다. Use the new version of Set Input Mode UI Only instead
[2017.04.26-15.08.10:210][  0]LogBlueprint:Warning: [Compiler MyGameinstance] 경고  Set Input Mode UI Only (Deprecated)  : 폐기되었습니다. Use the new version of Set Input Mode UI Only instead
[2017.04.26-15.08.10:211][  0]LogBlueprint:Warning: [Compiler MyGameinstance] 경고  Set Input Mode UI Only (Deprecated)  : 폐기되었습니다. Use the new version of Set Input Mode UI Only instead
[2017.04.26-15.08.10:228][  0]LogBlueprint:Warning: [Compiler MyGameinstance] 경고 [0026.87] MyGameinstance 컴파일에 성공했습니다만, 경고가 7 회 있습니다. [소요시간 57 ms] (/Game/BP/MyGameinstance.MyGameinstance)
[2017.04.26-15.08.10:232][  0]LogBlueprint:Warning: [Compiler MyGameinstance] 경고 [0026.87] MyGameinstance 컴파일에 성공했습니다만, 경고가 8 회 있습니다. [소요시간 3 ms] (/Game/BP/MyGameinstance.MyGameinstance)
[2017.04.26-15.08.10:232][  0]LogBlueprint:Warning: [Compiler MyGameinstance] 경고 [0026.87] MyGameinstance 컴파일에 성공했습니다만, 경고가 9 회 있습니다. [소요시간 0 ms] (/Game/BP/MyGameinstance.MyGameinstance)
[2017.04.26-15.08.10:371][  0]LogBlueprint:Warning: [Compiler MyGameinstance] 경고  Set Input Mode UI Only (Deprecated)  : 폐기되었습니다. Use the new version of Set Input Mode UI Only instead
[2017.04.26-15.08.10:371][  0]LogBlueprint:Warning: [Compiler MyGameinstance] 경고  Set Input Mode UI Only (Deprecated)  : 폐기되었습니다. Use the new version of Set Input Mode UI Only instead
[2017.04.26-15.08.10:372][  0]LogBlueprint:Warning: [Compiler MyGameinstance] 경고  Set Input Mode UI Only (Deprecated)  : 폐기되었습니다. Use the new version of Set Input Mode UI Only instead
[2017.04.26-15.08.10:372][  0]LogBlueprint:Warning: [Compiler MyGameinstance] 경고  Set Input Mode UI Only (Deprecated)  : 폐기되었습니다. Use the new version of Set Input Mode UI Only instead
[2017.04.26-15.08.10:372][  0]LogBlueprint:Warning: [Compiler MyGameinstance] 경고  Set Input Mode UI Only (Deprecated)  : 폐기되었습니다. Use the new version of Set Input Mode UI Only instead
[2017.04.26-15.08.10:372][  0]LogBlueprint:Warning: [Compiler MyGameinstance] 경고  Set Input Mode UI Only (Deprecated)  : 폐기되었습니다. Use the new version of Set Input Mode UI Only instead
[2017.04.26-15.08.10:373][  0]LogBlueprint:Warning: [Compiler MyGameinstance] 경고  Set Input Mode UI Only (Deprecated)  : 폐기되었습니다. Use the new version of Set Input Mode UI Only instead
[2017.04.26-15.08.10:390][  0]LogBlueprint:Warning: [Compiler MyGameinstance] 경고 [0027.03] MyGameinstance 컴파일에 성공했습니다만, 경고가 7 회 있습니다. [소요시간 54 ms] (/Game/BP/MyGameinstance.MyGameinstance)
[2017.04.26-15.08.10:390][  0]LogBlueprint:Warning: [Compiler MyGameinstance] 경고 [0027.03] MyGameinstance 컴파일에 성공했습니다만, 경고가 8 회 있습니다. [소요시간 0 ms] (/Game/BP/MyGameinstance.MyGameinstance)
[2017.04.26-15.08.10:393][  0]LogBlueprint:Warning: [Compiler MyGameinstance] 경고 [0027.04] MyGameinstance 컴파일에 성공했습니다만, 경고가 9 회 있습니다. [소요시간 3 ms] (/Game/BP/MyGameinstance.MyGameinstance)
[2017.04.26-15.08.10:466][  0]LogInit:Display: Game Engine Initialized.
[2017.04.26-15.08.10:852][  0]LogInit:Display: Starting Game.
[2017.04.26-15.08.10:852][  0]LogNet: Browse: /Temp/Autosaves/Game/Map/UEDPCMain?Name=Player
[2017.04.26-15.08.10:852][  0]LogLoad: LoadMap: /Temp/Autosaves/Game/Map/UEDPCMain?Name=Player
[2017.04.26-15.08.10:891][  0]LogMemory: Platform Memory Stats for Windows
[2017.04.26-15.08.10:891][  0]LogMemory: Process Physical Memory: 719.33 MB used, 730.85 MB peak
[2017.04.26-15.08.10:891][  0]LogMemory: Process Virtual Memory: 771.61 MB used, 771.63 MB peak
[2017.04.26-15.08.10:891][  0]LogMemory: Physical Memory: 7270.61 MB used,  4939.25 MB free, 12209.86 MB total
[2017.04.26-15.08.10:891][  0]LogMemory: Virtual Memory: 1458.43 MB used,  4939.25 MB free, 134217728.00 MB total
[2017.04.26-15.08.10:891][  0]LogMemory: 
[2017.04.26-15.08.10:891][  0]Allocator Stats for TBB: (not implemented)
[2017.04.26-15.08.11:139][  0]LogAIModule: Creating AISystem for world Main
[2017.04.26-15.08.11:139][  0]LogLoad: Game class is 'pregame_C'
[2017.04.26-15.08.11:141][  0]LogWorld: Bringing World /Temp/Autosaves/Game/Map/UEDPCMain.Main up for play (max tick rate 0) at 2017.04.27-00.08.11
[2017.04.26-15.08.11:142][  0]LogWorld: Bringing up level for play took: 0.000799
[2017.04.26-15.08.11:160][  0]LogSpawn:Warning: SpawnActor failed because no class was specified
[2017.04.26-15.08.11:160][  0]LogGameMode:Display: Match State Changed from EnteringMap to WaitingToStart
[2017.04.26-15.08.11:160][  0]LogGameState: Match State Changed from EnteringMap to WaitingToStart
[2017.04.26-15.08.11:160][  0]LogGameMode:Display: Match State Changed from WaitingToStart to InProgress
[2017.04.26-15.08.11:163][  0]LogBlueprintUserMessages: [Main_C_0] 0.598044
[2017.04.26-15.08.11:203][  0]LogGameState: Match State Changed from WaitingToStart to InProgress
[2017.04.26-15.08.11:203][  0]LogLoad: Took 0.351909 seconds to LoadMap(/Temp/Autosaves/Game/Map/UEDPCMain)
[2017.04.26-15.08.11:291][  0]LogSlate: Took 0.087026 seconds to synchronously load lazily loaded font '../../../Engine/Content/Slate/Fonts/NanumGothic.ttf' (4243K)
[2017.04.26-15.08.11:301][  0]LogSlate: Took 0.000597 seconds to synchronously load lazily loaded font '../../../Engine/Content/Slate/Fonts/Roboto-Regular.ttf' (155K)
[2017.04.26-15.08.11:840][  0]LogRenderer: Reallocating scene render targets to support 1280x720 NumSamples 1 (Frame:2).
[2017.04.26-15.08.11:840][  0]LogLoad: (Engine Initialization) Total time: 28.48 seconds
[2017.04.26-15.08.11:840][  0]LogLoad: (Engine Initialization) Total Blueprint compile time: 0.56 seconds
[2017.04.26-15.08.11:840][  0]LogExternalProfiler: Found external profiler: VSPerf
[2017.04.26-15.08.11:840][  0]LogExternalProfiler: Using external profiler: VSPerf
[2017.04.26-15.08.11:858][  0]LogOcInput: OculusInput pre-init called
[2017.04.26-15.09.14:547][882]LogOnline:Warning: Unknown or unsupported data type from Steam key data EXIP 121.142.247.210
[2017.04.26-15.09.14:547][882]LogOnline:Warning: STEAM: Failed to parse setting from key EXIP value 121.142.247.210
[2017.04.26-15.09.14:547][882]LogOnline:Warning: Unknown or unsupported data type from Steam key data GM 0
[2017.04.26-15.09.14:547][882]LogOnline:Warning: STEAM: Failed to parse setting from key GM value 0
[2017.04.26-15.09.14:548][882]LogOnline:Warning: Unknown or unsupported data type from Steam key data guid 693555016929792171
[2017.04.26-15.09.14:548][882]LogOnline:Warning: STEAM: Failed to parse setting from key guid value 693555016929792171
[2017.04.26-15.09.14:548][882]LogOnline:Warning: Unknown or unsupported data type from Steam key data INIP 192.168.0.3
[2017.04.26-15.09.14:548][882]LogOnline:Warning: STEAM: Failed to parse setting from key INIP value 192.168.0.3
[2017.04.26-15.09.14:548][882]LogOnline:Warning: Unknown or unsupported data type from Steam key data INIPv6 fe80::5ed:9bbd:73bb:b7cd
[2017.04.26-15.09.14:548][882]LogOnline:Warning: STEAM: Failed to parse setting from key INIPv6 value fe80::5ed:9bbd:73bb:b7cd
[2017.04.26-15.09.14:548][882]LogOnline:Warning: Unknown or unsupported data type from Steam key data IsPass 1
[2017.04.26-15.09.14:548][882]LogOnline:Warning: STEAM: Failed to parse setting from key IsPass value 1
[2017.04.26-15.09.14:548][882]LogOnline:Warning: Unknown or unsupported data type from Steam key data LobbyID 109775244122699917
[2017.04.26-15.09.14:548][882]LogOnline:Warning: STEAM: Failed to parse setting from key LobbyID value 109775244122699917
[2017.04.26-15.09.14:549][882]LogOnline:Warning: Unknown or unsupported data type from Steam key data matchID 900719925479296194
[2017.04.26-15.09.14:549][882]LogOnline:Warning: STEAM: Failed to parse setting from key matchID value 900719925479296194
[2017.04.26-15.09.14:549][882]LogOnline:Warning: Unknown or unsupported data type from Steam key data Pass 9292
[2017.04.26-15.09.14:549][882]LogOnline:Warning: STEAM: Failed to parse setting from key Pass value 9292
[2017.04.26-15.09.14:549][882]LogOnline:Warning: Unknown or unsupported data type from Steam key data ping 261
[2017.04.26-15.09.14:549][882]LogOnline:Warning: STEAM: Failed to parse setting from key ping value 261
[2017.04.26-15.09.14:549][882]LogOnline:Warning: Unknown or unsupported data type from Steam key data region AP
[2017.04.26-15.09.14:549][882]LogOnline:Warning: STEAM: Failed to parse setting from key region value AP
[2017.04.26-15.09.14:549][882]LogOnline:Warning: Unknown or unsupported data type from Steam key data RN The Wild Eight Server
[2017.04.26-15.09.14:549][882]LogOnline:Warning: STEAM: Failed to parse setting from key RN value The Wild Eight Server
[2017.04.26-15.09.14:550][882]LogOnline:Warning: Unknown or unsupported data type from Steam key data version 0.42
[2017.04.26-15.09.14:550][882]LogOnline:Warning: STEAM: Failed to parse setting from key version value 0.42
[2017.04.26-15.09.14:550][882]LogOnline:Warning: STEAM: Unable to parse search result for lobby 'Lobby [0x1860000BF10B88D]'
[2017.04.26-15.09.14:550][882]LogOnline:Warning: Unknown or unsupported data type from Steam key data currentmembers 2
[2017.04.26-15.09.14:550][882]LogOnline:Warning: STEAM: Failed to parse setting from key currentmembers value 2
[2017.04.26-15.09.14:550][882]LogOnline:Warning: Unknown or unsupported data type from Steam key data guid 4911ca4c-cf1e-49a5-9059-1408824907cb
[2017.04.26-15.09.14:550][882]LogOnline:Warning: STEAM: Failed to parse setting from key guid value 4911ca4c-cf1e-49a5-9059-1408824907cb
[2017.04.26-15.09.14:551][882]LogOnline:Warning: Unknown or unsupported data type from Steam key data name The Forest Game (sksgjwlgod)
[2017.04.26-15.09.14:551][882]LogOnline:Warning: STEAM: Failed to parse setting from key name value The Forest Game (sksgjwlgod)
[2017.04.26-15.09.14:551][882]LogOnline:Warning: Unknown or unsupported data type from Steam key data __gameserverIP 0
[2017.04.26-15.09.14:551][882]LogOnline:Warning: STEAM: Failed to parse setting from key __gameserverIP value 0
[2017.04.26-15.09.14:551][882]LogOnline:Warning: Unknown or unsupported data type from Steam key data __gameserverPort 0
[2017.04.26-15.09.14:551][882]LogOnline:Warning: STEAM: Failed to parse setting from key __gameserverPort value 0
[2017.04.26-15.09.14:551][882]LogOnline:Warning: Unknown or unsupported data type from Steam key data __gameserverSteamID 90108377359111174
[2017.04.26-15.09.14:551][882]LogOnline:Warning: STEAM: Failed to parse setting from key __gameserverSteamID value 90108377359111174
[2017.04.26-15.09.14:551][882]LogOnline:Warning: STEAM: Unable to parse search result for lobby 'Lobby [0x1860000BF11C630]'
[2017.04.26-15.09.14:552][882]LogOnline:Warning: Unknown or unsupported data type from Steam key data currentmembers 2
[2017.04.26-15.09.14:552][882]LogOnline:Warning: STEAM: Failed to parse setting from key currentmembers value 2
[2017.04.26-15.09.14:552][882]LogOnline:Warning: Unknown or unsupported data type from Steam key data guid 77e482f5-40cf-4f0a-bf53-5e7251d4e105
[2017.04.26-15.09.14:552][882]LogOnline:Warning: STEAM: Failed to parse setting from key guid value 77e482f5-40cf-4f0a-bf53-5e7251d4e105
[2017.04.26-15.09.14:552][882]LogOnline:Warning: Unknown or unsupported data type from Steam key data name ?????? ????????? (bitnalovely)
[2017.04.26-15.09.14:552][882]LogOnline:Warning: STEAM: Failed to parse setting from key name value ?????? ????????? (bitnalovely)
[2017.04.26-15.09.14:553][882]LogOnline:Warning: Unknown or unsupported data type from Steam key data __gameserverIP 0
[2017.04.26-15.09.14:553][882]LogOnline:Warning: STEAM: Failed to parse setting from key __gameserverIP value 0
[2017.04.26-15.09.14:553][882]LogOnline:Warning: Unknown or unsupported data type from Steam key data __gameserverPort 0
[2017.04.26-15.09.14:553][882]LogOnline:Warning: STEAM: Failed to parse setting from key __gameserverPort value 0
[2017.04.26-15.09.14:553][882]LogOnline:Warning: Unknown or unsupported data type from Steam key data __gameserverSteamID 90108376792030210
[2017.04.26-15.09.14:553][882]LogOnline:Warning: STEAM: Failed to parse setting from key __gameserverSteamID value 90108376792030210
[2017.04.26-15.09.14:553][882]LogOnline:Warning: STEAM: Unable to parse search result for lobby 'Lobby [0x1860000BF111CC7]'
[2017.04.26-15.09.14:553][882]LogOnline:Warning: Unknown or unsupported data type from Steam key data currentmembers 2
[2017.04.26-15.09.14:554][882]LogOnline:Warning: STEAM: Failed to parse setting from key currentmembers value 2
[2017.04.26-15.09.14:554][882]LogOnline:Warning: Unknown or unsupported data type from Steam key data guid 0c89b527-ba7f-4ca7-8e28-28e8a0b47504
[2017.04.26-15.09.14:554][882]LogOnline:Warning: STEAM: Failed to parse setting from key guid value 0c89b527-ba7f-4ca7-8e28-28e8a0b47504
[2017.04.26-15.09.14:554][882]LogOnline:Warning: Unknown or unsupported data type from Steam key data name The Forest Game (zhddkd12)
[2017.04.26-15.09.14:554][882]LogOnline:Warning: STEAM: Failed to parse setting from key name value The Forest Game (zhddkd12)
[2017.04.26-15.09.14:554][882]LogOnline:Warning: Unknown or unsupported data type from Steam key data __gameserverIP 0
[2017.04.26-15.09.14:554][882]LogOnline:Warning: STEAM: Failed to parse setting from key __gameserverIP value 0
[2017.04.26-15.09.14:554][882]LogOnline:Warning: Unknown or unsupported data type from Steam key data __gameserverPort 0
[2017.04.26-15.09.14:554][882]LogOnline:Warning: STEAM: Failed to parse setting from key __gameserverPort value 0
[2017.04.26-15.09.14:555][882]LogOnline:Warning: Unknown or unsupported data type from Steam key data __gameserverSteamID 90108377602710535
[2017.04.26-15.09.14:555][882]LogOnline:Warning: STEAM: Failed to parse setting from key __gameserverSteamID value 90108377602710535
[2017.04.26-15.09.14:555][882]LogOnline:Warning: STEAM: Unable to parse search result for lobby 'Lobby [0x1860000BF11FE92]'
[2017.04.26-15.09.14:555][882]LogOnline:Warning: Unknown or unsupported data type from Steam key data 0 1
[2017.04.26-15.09.14:555][882]LogOnline:Warning: STEAM: Failed to parse setting from key 0 value 1
[2017.04.26-15.09.14:555][882]LogOnline:Warning: Unknown or unsupported data type from Steam key data 1 1
[2017.04.26-15.09.14:555][882]LogOnline:Warning: STEAM: Failed to parse setting from key 1 value 1
[2017.04.26-15.09.14:555][882]LogOnline:Warning: Unknown or unsupported data type from Steam key data 2 1
[2017.04.26-15.09.14:555][882]LogOnline:Warning: STEAM: Failed to parse setting from key 2 value 1
[2017.04.26-15.09.14:556][882]LogOnline:Warning: Unknown or unsupported data type from Steam key data 3 36
[2017.04.26-15.09.14:556][882]LogOnline:Warning: STEAM: Failed to parse setting from key 3 value 36
[2017.04.26-15.09.14:556][882]LogOnline:Warning: Unknown or unsupported data type from Steam key data 4 1
[2017.04.26-15.09.14:556][882]LogOnline:Warning: STEAM: Failed to parse setting from key 4 value 1
[2017.04.26-15.09.14:556][882]LogOnline:Warning: Unknown or unsupported data type from Steam key data 5 1
[2017.04.26-15.09.14:556][882]LogOnline:Warning: STEAM: Failed to parse setting from key 5 value 1
[2017.04.26-15.09.14:556][882]LogOnline:Warning: Unknown or unsupported data type from Steam key data 6 30663
[2017.04.26-15.09.14:556][882]LogOnline:Warning: STEAM: Failed to parse setting from key 6 value 30663
[2017.04.26-15.09.14:556][882]LogOnline:Warning: Unknown or unsupported data type from Steam key data 7 0
[2017.04.26-15.09.14:556][882]LogOnline:Warning: STEAM: Failed to parse setting from key 7 value 0
[2017.04.26-15.09.14:556][882]LogOnline:Warning: Unknown or unsupported data type from Steam key data data 73997c18d7df|1|0|1|1|36|1|city_home_bugs|0|0|12| |2000|208|0|103303003|752|011| |123,74|
[2017.04.26-15.09.14:556][882]LogOnline:Warning: STEAM: Failed to parse setting from key data value 73997c18d7df|1|0|1|1|36|1|city_home_bugs|0|0|12| |2000|208|0|103303003|752|011| |123,74|
[2017.04.26-15.09.14:557][882]LogOnline:Warning: Unknown or unsupported data type from Steam key data name stylus1004
[2017.04.26-15.09.14:557][882]LogOnline:Warning: STEAM: Failed to parse setting from key name value stylus1004
[2017.04.26-15.09.14:557][882]LogOnline:Warning: Unknown or unsupported data type from Steam key data __gameserverIP 0
[2017.04.26-15.09.14:557][882]LogOnline:Warning: STEAM: Failed to parse setting from key __gameserverIP value 0
[2017.04.26-15.09.14:557][882]LogOnline:Warning: Unknown or unsupported data type from Steam key data __gameserverPort 0
[2017.04.26-15.09.14:557][882]LogOnline:Warning: STEAM: Failed to parse setting from key __gameserverPort value 0
[2017.04.26-15.09.14:557][882]LogOnline:Warning: Unknown or unsupported data type from Steam key data __gameserverSteamID 76561198202721365
[2017.04.26-15.09.14:557][882]LogOnline:Warning: STEAM: Failed to parse setting from key __gameserverSteamID value 76561198202721365
[2017.04.26-15.09.14:557][882]LogOnline:Warning: STEAM: Unable to parse search result for lobby 'Lobby [0x1860000BF109A86]'
[2017.04.26-15.09.14:558][882]LogOnline:Warning: Unknown or unsupported data type from Steam key data actual_password c27349e3b7f82fb35035382ad88edcd5
[2017.04.26-15.09.14:558][882]LogOnline:Warning: STEAM: Failed to parse setting from key actual_password value c27349e3b7f82fb35035382ad88edcd5
[2017.04.26-15.09.14:558][882]LogOnline:Warning: Unknown or unsupported data type from Steam key data desc Stellaris
[2017.04.26-15.09.14:558][882]LogOnline:Warning: STEAM: Failed to parse setting from key desc value Stellaris
[2017.04.26-15.09.14:558][882]LogOnline:Warning: Unknown or unsupported data type from Steam key data mod Stellaris
[2017.04.26-15.09.14:558][882]LogOnline:Warning: STEAM: Failed to parse setting from key mod value Stellaris
[2017.04.26-15.09.14:558][882]LogOnline:Warning: Unknown or unsupported data type from Steam key data name 0b1k
[2017.04.26-15.09.14:558][882]LogOnline:Warning: STEAM: Failed to parse setting from key name value 0b1k
[2017.04.26-15.09.14:559][882]LogOnline:Warning: Unknown or unsupported data type from Steam key data password 0
[2017.04.26-15.09.14:559][882]LogOnline:Warning: STEAM: Failed to parse setting from key password value 0
[2017.04.26-15.09.14:559][882]LogOnline:Warning: Unknown or unsupported data type from Steam key data status RUNNING
[2017.04.26-15.09.14:559][882]LogOnline:Warning: STEAM: Failed to parse setting from key status value RUNNING
[2017.04.26-15.09.14:559][882]LogOnline:Warning: Unknown or unsupported data type from Steam key data version Banks v1.5.1 (bc73)
[2017.04.26-15.09.14:559][882]LogOnline:Warning: STEAM: Failed to parse setting from key version value Banks v1.5.1 (bc73)
[2017.04.26-15.09.14:559][882]LogOnline:Warning: Unknown or unsupported data type from Steam key data __gameserverIP 0
[2017.04.26-15.09.14:560][882]LogOnline:Warning: STEAM: Failed to parse setting from key __gameserverIP value 0
[2017.04.26-15.09.14:560][882]LogOnline:Warning: Unknown or unsupported data type from Steam key data __gameserverPort 0
[2017.04.26-15.09.14:560][882]LogOnline:Warning: STEAM: Failed to parse setting from key __gameserverPort value 0
[2017.04.26-15.09.14:560][882]LogOnline:Warning: Unknown or unsupported data type from Steam key data __gameserverSteamID 90108376682668033
[2017.04.26-15.09.14:560][882]LogOnline:Warning: STEAM: Failed to parse setting from key __gameserverSteamID value 90108376682668033
[2017.04.26-15.09.14:560][882]LogOnline:Warning: STEAM: Unable to parse search result for lobby 'Lobby [0x1860000BF110CCA]'
[2017.04.26-15.09.14:560][882]LogOnline:Warning: Unknown or unsupported data type from Steam key data currentmembers 2
[2017.04.26-15.09.14:560][882]LogOnline:Warning: STEAM: Failed to parse setting from key currentmembers value 2
[2017.04.26-15.09.14:561][882]LogOnline:Warning: Unknown or unsupported data type from Steam key data guid c1694878-4bb1-4325-aae4-5c884311bc75
[2017.04.26-15.09.14:561][882]LogOnline:Warning: STEAM: Failed to parse setting from key guid value c1694878-4bb1-4325-aae4-5c884311bc75
[2017.04.26-15.09.14:561][882]LogOnline:Warning: Unknown or unsupported data type from Steam key data name Sarvito2 (Sarvito)
[2017.04.26-15.09.14:561][882]LogOnline:Warning: STEAM: Failed to parse setting from key name value Sarvito2 (Sarvito)
[2017.04.26-15.09.14:561][882]LogOnline:Warning: Unknown or unsupported data type from Steam key data __gameserverIP 0
[2017.04.26-15.09.14:561][882]LogOnline:Warning: STEAM: Failed to parse setting from key __gameserverIP value 0
[2017.04.26-15.09.14:561][882]LogOnline:Warning: Unknown or unsupported data type from Steam key data __gameserverPort 0
[2017.04.26-15.09.14:561][882]LogOnline:Warning: STEAM: Failed to parse setting from key __gameserverPort value 0
[2017.04.26-15.09.14:561][882]LogOnline:Warning: Unknown or unsupported data type from Steam key data __gameserverSteamID 90108375889910789
[2017.04.26-15.09.14:561][882]LogOnline:Warning: STEAM: Failed to parse setting from key __gameserverSteamID value 90108375889910789
[2017.04.26-15.09.14:561][882]LogOnline:Warning: STEAM: Unable to parse search result for lobby 'Lobby [0x1860000BF10594C]'
[2017.04.26-15.09.14:562][882]LogOnline:Warning: Unknown or unsupported data type from Steam key data 0 1
[2017.04.26-15.09.14:562][882]LogOnline:Warning: STEAM: Failed to parse setting from key 0 value 1
[2017.04.26-15.09.14:562][882]LogOnline:Warning: Unknown or unsupported data type from Steam key data 1 1
[2017.04.26-15.09.14:562][882]LogOnline:Warning: STEAM: Failed to parse setting from key 1 value 1
[2017.04.26-15.09.14:562][882]LogOnline:Warning: Unknown or unsupported data type from Steam key data 2 2
[2017.04.26-15.09.14:562][882]LogOnline:Warning: STEAM: Failed to parse setting from key 2 value 2
[2017.04.26-15.09.14:562][882]LogOnline:Warning: Unknown or unsupported data type from Steam key data 3 36
[2017.04.26-15.09.14:562][882]LogOnline:Warning: STEAM: Failed to parse setting from key 3 value 36
[2017.04.26-15.09.14:563][882]LogOnline:Warning: Unknown or unsupported data type from Steam key data 4 1
[2017.04.26-15.09.14:563][882]LogOnline:Warning: STEAM: Failed to parse setting from key 4 value 1
[2017.04.26-15.09.14:563][882]LogOnline:Warning: Unknown or unsupported data type from Steam key data 5 3
[2017.04.26-15.09.14:563][882]LogOnline:Warning: STEAM: Failed to parse setting from key 5 value 3
[2017.04.26-15.09.14:563][882]LogOnline:Warning: Unknown or unsupported data type from Steam key data 6 30663
[2017.04.26-15.09.14:563][882]LogOnline:Warning: STEAM: Failed to parse setting from key 6 value 30663
[2017.04.26-15.09.14:563][882]LogOnline:Warning: Unknown or unsupported data type from Steam key data 7 1
[2017.04.26-15.09.14:563][882]LogOnline:Warning: STEAM: Failed to parse setting from key 7 value 1
[2017.04.26-15.09.14:563][882]LogOnline:Warning: Unknown or unsupported data type from Steam key data data 73997c18d7df|3|0|2|1|36|1|planet_87|2|0|5|117|12|0|0|380000205|71|00000| |238,164|
[2017.04.26-15.09.14:563][882]LogOnline:Warning: STEAM: Failed to parse setting from key data value 73997c18d7df|3|0|2|1|36|1|planet_87|2|0|5|117|12|0|0|380000205|71|00000| |238,164|
[2017.04.26-15.09.14:564][882]LogOnline:Warning: Unknown or unsupported data type from Steam key data name ??????
[2017.04.26-15.09.14:564][882]LogOnline:Warning: STEAM: Failed to parse setting from key name value ??????
[2017.04.26-15.09.14:564][882]LogOnline:Warning: Unknown or unsupported data type from Steam key data __gameserverIP 0
[2017.04.26-15.09.14:564][882]LogOnline:Warning: STEAM: Failed to parse setting from key __gameserverIP value 0
[2017.04.26-15.09.14:564][882]LogOnline:Warning: Unknown or unsupported data type from Steam key data __gameserverPort 0
[2017.04.26-15.09.14:564][882]LogOnline:Warning: STEAM: Failed to parse setting from key __gameserverPort value 0
[2017.04.26-15.09.14:564][882]LogOnline:Warning: Unknown or unsupported data type from Steam key data __gameserverSteamID 76561198346698739
[2017.04.26-15.09.14:564][882]LogOnline:Warning: STEAM: Failed to parse setting from key __gameserverSteamID value 76561198346698739
[2017.04.26-15.09.14:564][882]LogOnline:Warning: STEAM: Unable to parse search result for lobby 'Lobby [0x1860000BF118783]'
[2017.04.26-15.09.14:565][882]LogOnline:Warning: Unknown or unsupported data type from Steam key data actual_password cc1746c4d4bd474877bc58c9b9aa81ac
[2017.04.26-15.09.14:565][882]LogOnline:Warning: STEAM: Failed to parse setting from key actual_password value cc1746c4d4bd474877bc58c9b9aa81ac
[2017.04.26-15.09.14:565][882]LogOnline:Warning: Unknown or unsupported data type from Steam key data desc Stellaris
[2017.04.26-15.09.14:565][882]LogOnline:Warning: STEAM: Failed to parse setting from key desc value Stellaris
[2017.04.26-15.09.14:565][882]LogOnline:Warning: Unknown or unsupported data type from Steam key data mod Stellaris
[2017.04.26-15.09.14:565][882]LogOnline:Warning: STEAM: Failed to parse setting from key mod value Stellaris
[2017.04.26-15.09.14:565][882]LogOnline:Warning: Unknown or unsupported data type from Steam key data name Noobtuber12
[2017.04.26-15.09.14:565][882]LogOnline:Warning: STEAM: Failed to parse setting from key name value Noobtuber12
[2017.04.26-15.09.14:566][882]LogOnline:Warning: Unknown or unsupported data type from Steam key data password 0
[2017.04.26-15.09.14:566][882]LogOnline:Warning: STEAM: Failed to parse setting from key password value 0
[2017.04.26-15.09.14:566][882]LogOnline:Warning: Unknown or unsupported data type from Steam key data status STARTING
[2017.04.26-15.09.14:566][882]LogOnline:Warning: STEAM: Failed to parse setting from key status value STARTING
[2017.04.26-15.09.14:566][882]LogOnline:Warning: Unknown or unsupported data type from Steam key data version Banks v1.5.0 (0d3e)
[2017.04.26-15.09.14:566][882]LogOnline:Warning: STEAM: Failed to parse setting from key version value Banks v1.5.0 (0d3e)
[2017.04.26-15.09.14:566][882]LogOnline:Warning: Unknown or unsupported data type from Steam key data __gameserverIP 0
[2017.04.26-15.09.14:566][882]LogOnline:Warning: STEAM: Failed to parse setting from key __gameserverIP value 0
[2017.04.26-15.09.14:566][882]LogOnline:Warning: Unknown or unsupported data type from Steam key data __gameserverPort 0
[2017.04.26-15.09.14:566][882]LogOnline:Warning: STEAM: Failed to parse setting from key __gameserverPort value 0
[2017.04.26-15.09.14:566][882]LogOnline:Warning: Unknown or unsupported data type from Steam key data __gameserverSteamID 90108374805949448
[2017.04.26-15.09.14:566][882]LogOnline:Warning: STEAM: Failed to parse setting from key __gameserverSteamID value 90108374805949448
[2017.04.26-15.09.14:566][882]LogOnline:Warning: STEAM: Unable to parse search result for lobby 'Lobby [0x1860000BF0F6BD9]'
[2017.04.26-15.09.14:567][882]LogOnline:Warning: Unknown or unsupported data type from Steam key data actual_password dfe1f9256de9f1028f391306ec739647
[2017.04.26-15.09.14:567][882]LogOnline:Warning: STEAM: Failed to parse setting from key actual_password value dfe1f9256de9f1028f391306ec739647
[2017.04.26-15.09.14:567][882]LogOnline:Warning: Unknown or unsupported data type from Steam key data desc Stellaris
[2017.04.26-15.09.14:567][882]LogOnline:Warning: STEAM: Failed to parse setting from key desc value Stellaris
[2017.04.26-15.09.14:567][882]LogOnline:Warning: Unknown or unsupported data type from Steam key data mod Stellaris
[2017.04.26-15.09.14:567][882]LogOnline:Warning: STEAM: Failed to parse setting from key mod value Stellaris
[2017.04.26-15.09.14:568][882]LogOnline:Warning: Unknown or unsupported data type from Steam key data name kkk
[2017.04.26-15.09.14:568][882]LogOnline:Warning: STEAM: Failed to parse setting from key name value kkk
[2017.04.26-15.09.14:568][882]LogOnline:Warning: Unknown or unsupported data type from Steam key data password 1
[2017.04.26-15.09.14:568][882]LogOnline:Warning: STEAM: Failed to parse setting from key password value 1
[2017.04.26-15.09.14:568][882]LogOnline:Warning: Unknown or unsupported data type from Steam key data status STARTING
[2017.04.26-15.09.14:568][882]LogOnline:Warning: STEAM: Failed to parse setting from key status value STARTING
[2017.04.26-15.09.14:568][882]LogOnline:Warning: Unknown or unsupported data type from Steam key data version Banks v1.5.1 (6565)
[2017.04.26-15.09.14:568][882]LogOnline:Warning: STEAM: Failed to parse setting from key version value Banks v1.5.1 (6565)
[2017.04.26-15.09.14:569][882]LogOnline:Warning: Unknown or unsupported data type from Steam key data __gameserverIP 0
[2017.04.26-15.09.14:569][882]LogOnline:Warning: STEAM: Failed to parse setting from key __gameserverIP value 0
[2017.04.26-15.09.14:569][882]LogOnline:Warning: Unknown or unsupported data type from Steam key data __gameserverPort 0
[2017.04.26-15.09.14:569][882]LogOnline:Warning: STEAM: Failed to parse setting from key __gameserverPort value 0
[2017.04.26-15.09.14:569][882]LogOnline:Warning: Unknown or unsupported data type from Steam key data __gameserverSteamID 90108375457939464
[2017.04.26-15.09.14:569][882]LogOnline:Warning: STEAM: Failed to parse setting from key __gameserverSteamID value 90108375457939464
[2017.04.26-15.09.14:569][882]LogOnline:Warning: STEAM: Unable to parse search result for lobby 'Lobby [0x1860000BF0FE900]'
[2017.04.26-15.09.14:569][882]LogOnline:Warning: STEAM: Unable to parse search result for lobby 'Lobby [0x1860000BF106A2F]'
[2017.04.26-15.09.14:570][882]LogOnline:Warning: Unknown or unsupported data type from Steam key data 1000000c I45
[2017.04.26-15.09.14:570][882]LogOnline:Warning: STEAM: Failed to parse setting from key 1000000c value I45
[2017.04.26-15.09.14:570][882]LogOnline:Warning: Unknown or unsupported data type from Steam key data 1000000d I7
[2017.04.26-15.09.14:570][882]LogOnline:Warning: STEAM: Failed to parse setting from key 1000000d value I7
[2017.04.26-15.09.14:570][882]LogOnline:Warning: Unknown or unsupported data type from Steam key data 10000010 I0
[2017.04.26-15.09.14:570][882]LogOnline:Warning: STEAM: Failed to parse setting from key 10000010 value I0
[2017.04.26-15.09.14:571][882]LogOnline:Warning: Unknown or unsupported data type from Steam key data 10000011 I-1
[2017.04.26-15.09.14:571][882]LogOnline:Warning: STEAM: Failed to parse setting from key 10000011 value I-1
[2017.04.26-15.09.14:571][882]LogOnline:Warning: Unknown or unsupported data type from Steam key data 10000012 I0
[2017.04.26-15.09.14:571][882]LogOnline:Warning: STEAM: Failed to parse setting from key 10000012 value I0
[2017.04.26-15.09.14:571][882]LogOnline:Warning: Unknown or unsupported data type from Steam key data 10000013 I0
[2017.04.26-15.09.14:571][882]LogOnline:Warning: STEAM: Failed to parse setting from key 10000013 value I0
[2017.04.26-15.09.14:571][882]LogOnline:Warning: Unknown or unsupported data type from Steam key data 10000014 I0
[2017.04.26-15.09.14:571][882]LogOnline:Warning: STEAM: Failed to parse setting from key 10000014 value I0
[2017.04.26-15.09.14:571][882]LogOnline:Warning: Unknown or unsupported data type from Steam key data 2000000e I3544385890265674032
[2017.04.26-15.09.14:571][882]LogOnline:Warning: STEAM: Failed to parse setting from key 2000000e value I3544385890265674032
[2017.04.26-15.09.14:571][882]LogOnline:Warning: Unknown or unsupported data type from Steam key data 2000000f I7293129214280086833
[2017.04.26-15.09.14:571][882]LogOnline:Warning: STEAM: Failed to parse setting from key 2000000f value I7293129214280086833
[2017.04.26-15.09.14:572][882]LogOnline:Warning: Unknown or unsupported data type from Steam key data 20000015 I0
[2017.04.26-15.09.14:572][882]LogOnline:Warning: STEAM: Failed to parse setting from key 20000015 value I0
[2017.04.26-15.09.14:572][882]LogOnline:Warning: Unknown or unsupported data type from Steam key data 20000017 I0
[2017.04.26-15.09.14:572][882]LogOnline:Warning: STEAM: Failed to parse setting from key 20000017 value I0
[2017.04.26-15.09.14:572][882]LogOnline:Warning: Unknown or unsupported data type from Steam key data 20000018 I0
[2017.04.26-15.09.14:572][882]LogOnline:Warning: STEAM: Failed to parse setting from key 20000018 value I0
[2017.04.26-15.09.14:572][882]LogOnline:Warning: Unknown or unsupported data type from Steam key data 20000019 I0
[2017.04.26-15.09.14:572][882]LogOnline:Warning: STEAM: Failed to parse setting from key 20000019 value I0
[2017.04.26-15.09.14:572][882]LogOnline:Warning: Unknown or unsupported data type from Steam key data 2000001a I0
[2017.04.26-15.09.14:572][882]LogOnline:Warning: STEAM: Failed to parse setting from key 2000001a value I0
[2017.04.26-15.09.14:572][882]LogOnline:Warning: Unknown or unsupported data type from Steam key data 2000001b I0
[2017.04.26-15.09.14:572][882]LogOnline:Warning: STEAM: Failed to parse setting from key 2000001b value I0
[2017.04.26-15.09.14:642][882]LogOnline:Warning: STEAM: Unable to parse search result for lobby 'Lobby [0x1860000BF0F4519]'
[2017.04.26-15.09.14:642][882]LogOnline:Warning: Unknown or unsupported data type from Steam key data 1000000c I45
[2017.04.26-15.09.14:642][882]LogOnline:Warning: STEAM: Failed to parse setting from key 1000000c value I45
[2017.04.26-15.09.14:643][882]LogOnline:Warning: Unknown or unsupported data type from Steam key data 1000000d I7
[2017.04.26-15.09.14:643][882]LogOnline:Warning: STEAM: Failed to parse setting from key 1000000d value I7
[2017.04.26-15.09.14:643][882]LogOnline:Warning: Unknown or unsupported data type from Steam key data 10000010 I0
[2017.04.26-15.09.14:643][882]LogOnline:Warning: STEAM: Failed to parse setting from key 10000010 value I0
[2017.04.26-15.09.14:643][882]LogOnline:Warning: Unknown or unsupported data type from Steam key data 10000011 I-1
[2017.04.26-15.09.14:643][882]LogOnline:Warning: STEAM: Failed to parse setting from key 10000011 value I-1
[2017.04.26-15.09.14:643][882]LogOnline:Warning: Unknown or unsupported data type from Steam key data 10000012 I0
[2017.04.26-15.09.14:643][882]LogOnline:Warning: STEAM: Failed to parse setting from key 10000012 value I0
[2017.04.26-15.09.14:643][882]LogOnline:Warning: Unknown or unsupported data type from Steam key data 10000013 I0
[2017.04.26-15.09.14:643][882]LogOnline:Warning: STEAM: Failed to parse setting from key 10000013 value I0
[2017.04.26-15.09.14:643][882]LogOnline:Warning: Unknown or unsupported data type from Steam key data 10000014 I0
[2017.04.26-15.09.14:643][882]LogOnline:Warning: STEAM: Failed to parse setting from key 10000014 value I0
[2017.04.26-15.09.14:644][882]LogOnline:Warning: Unknown or unsupported data type from Steam key data 2000000e I3544385890265674032
[2017.04.26-15.09.14:644][882]LogOnline:Warning: STEAM: Failed to parse setting from key 2000000e value I3544385890265674032
[2017.04.26-15.09.14:644][882]LogOnline:Warning: Unknown or unsupported data type from Steam key data 2000000f I7147270020340397361
[2017.04.26-15.09.14:644][882]LogOnline:Warning: STEAM: Failed to parse setting from key 2000000f value I7147270020340397361
[2017.04.26-15.09.14:644][882]LogOnline:Warning: Unknown or unsupported data type from Steam key data 20000015 I0
[2017.04.26-15.09.14:644][882]LogOnline:Warning: STEAM: Failed to parse setting from key 20000015 value I0
[2017.04.26-15.09.14:644][882]LogOnline:Warning: Unknown or unsupported data type from Steam key data 20000017 I0
[2017.04.26-15.09.14:644][882]LogOnline:Warning: STEAM: Failed to parse setting from key 20000017 value I0
[2017.04.26-15.09.14:644][882]LogOnline:Warning: Unknown or unsupported data type from Steam key data 20000018 I0
[2017.04.26-15.09.14:644][882]LogOnline:Warning: STEAM: Failed to parse setting from key 20000018 value I0
[2017.04.26-15.09.14:644][882]LogOnline:Warning: Unknown or unsupported data type from Steam key data 20000019 I0
[2017.04.26-15.09.14:644][882]LogOnline:Warning: STEAM: Failed to parse setting from key 20000019 value I0
[2017.04.26-15.09.14:645][882]LogOnline:Warning: Unknown or unsupported data type from Steam key data 2000001a I0
[2017.04.26-15.09.14:645][882]LogOnline:Warning: STEAM: Failed to parse setting from key 2000001a value I0
[2017.04.26-15.09.14:645][882]LogOnline:Warning: Unknown or unsupported data type from Steam key data 2000001b I0
[2017.04.26-15.09.14:645][882]LogOnline:Warning: STEAM: Failed to parse setting from key 2000001b value I0
[2017.04.26-15.09.14:645][882]LogOnline:Warning: STEAM: Unable to parse search result for lobby 'Lobby [0x1860000BF1017B7]'
[2017.04.26-15.09.14:645][882]LogOnline:Warning: Unknown or unsupported data type from Steam key data 10000012 11100
[2017.04.26-15.09.14:645][882]LogOnline:Warning: STEAM: Failed to parse setting from key 10000012 value 11100
[2017.04.26-15.09.14:645][882]LogOnline:Warning: Unknown or unsupported data type from Steam key data 10000015 2053
[2017.04.26-15.09.14:645][882]LogOnline:Warning: STEAM: Failed to parse setting from key 10000015 value 2053
[2017.04.26-15.09.14:646][882]LogOnline:Warning: Unknown or unsupported data type from Steam key data 10000017 0
[2017.04.26-15.09.14:646][882]LogOnline:Warning: STEAM: Failed to parse setting from key 10000017 value 0
[2017.04.26-15.09.14:646][882]LogOnline:Warning: Unknown or unsupported data type from Steam key data 1000003c 25
[2017.04.26-15.09.14:646][882]LogOnline:Warning: STEAM: Failed to parse setting from key 1000003c value 25
[2017.04.26-15.09.14:646][882]LogOnline:Warning: Unknown or unsupported data type from Steam key data 1000003d 262144
[2017.04.26-15.09.14:646][882]LogOnline:Warning: STEAM: Failed to parse setting from key 1000003d value 262144
[2017.04.26-15.09.14:646][882]LogOnline:Warning: Unknown or unsupported data type from Steam key data 10000050 0
[2017.04.26-15.09.14:646][882]LogOnline:Warning: STEAM: Failed to parse setting from key 10000050 value 0
[2017.04.26-15.09.14:646][882]LogOnline:Warning: Unknown or unsupported data type from Steam key data 10000052 1000
[2017.04.26-15.09.14:646][882]LogOnline:Warning: STEAM: Failed to parse setting from key 10000052 value 1000
[2017.04.26-15.09.14:646][882]LogOnline:Warning: Unknown or unsupported data type from Steam key data 10000088 730
[2017.04.26-15.09.14:646][882]LogOnline:Warning: STEAM: Failed to parse setting from key 10000088 value 730
[2017.04.26-15.09.14:646][882]LogOnline:Warning: Unknown or unsupported data type from Steam key data 10000089 59
[2017.04.26-15.09.14:647][882]LogOnline:Warning: STEAM: Failed to parse setting from key 10000089 value 59
[2017.04.26-15.09.14:647][882]LogOnline:Warning: Unknown or unsupported data type from Steam key data 1000008a -2
[2017.04.26-15.09.14:647][882]LogOnline:Warning: STEAM: Failed to parse setting from key 1000008a value -2
[2017.04.26-15.09.14:647][882]LogOnline:Warning: Unknown or unsupported data type from Steam key data 1000008b -883284736
[2017.04.26-15.09.14:647][882]LogOnline:Warning: STEAM: Failed to parse setting from key 1000008b value -883284736
[2017.04.26-15.09.14:647][882]LogOnline:Warning: Unknown or unsupported data type from Steam key data 1000008c -1385250454
[2017.04.26-15.09.14:647][882]LogOnline:Warning: STEAM: Failed to parse setting from key 1000008c value -1385250454
[2017.04.26-15.09.14:647][882]LogOnline:Warning: Unknown or unsupported data type from Steam key data 1000008d 0
[2017.04.26-15.09.14:647][882]LogOnline:Warning: STEAM: Failed to parse setting from key 1000008d value 0
[2017.04.26-15.09.14:647][882]LogOnline:Warning: Unknown or unsupported data type from Steam key data 100000aa 1
[2017.04.26-15.09.14:647][882]LogOnline:Warning: STEAM: Failed to parse setting from key 100000aa value 1
[2017.04.26-15.09.14:647][882]LogOnline:Warning: Unknown or unsupported data type from Steam key data 2000003b 0
[2017.04.26-15.09.14:647][882]LogOnline:Warning: STEAM: Failed to parse setting from key 2000003b value 0
[2017.04.26-15.09.14:647][882]LogOnline:Warning: Unknown or unsupported data type from Steam key data 20000083 0
[2017.04.26-15.09.14:647][882]LogOnline:Warning: STEAM: Failed to parse setting from key 20000083 value 0
[2017.04.26-15.09.14:648][882]LogOnline:Warning: Unknown or unsupported data type from Steam key data 20000084 0
[2017.04.26-15.09.14:648][882]LogOnline:Warning: STEAM: Failed to parse setting from key 20000084 value 0
[2017.04.26-15.09.14:648][882]LogOnline:Warning: Unknown or unsupported data type from Steam key data 20000085 0
[2017.04.26-15.09.14:648][882]LogOnline:Warning: STEAM: Failed to parse setting from key 20000085 value 0
[2017.04.26-15.09.14:648][882]LogOnline:Warning: Unknown or unsupported data type from Steam key data 20000086 0
[2017.04.26-15.09.14:648][882]LogOnline:Warning: STEAM: Failed to parse setting from key 20000086 value 0
[2017.04.26-15.09.14:648][882]LogOnline:Warning: Unknown or unsupported data type from Steam key data 20000087 0
[2017.04.26-15.09.14:648][882]LogOnline:Warning: STEAM: Failed to parse setting from key 20000087 value 0
[2017.04.26-15.09.14:648][882]LogOnline:Warning: Unknown or unsupported data type from Steam key data 800a 0
[2017.04.26-15.09.14:648][882]LogOnline:Warning: STEAM: Failed to parse setting from key 800a value 0
[2017.04.26-15.09.14:648][882]LogOnline:Warning: Unknown or unsupported data type from Steam key data 800b 0
[2017.04.26-15.09.14:648][882]LogOnline:Warning: STEAM: Failed to parse setting from key 800b value 0
[2017.04.26-15.09.14:648][882]LogOnline:Warning: Unknown or unsupported data type from Steam key data 9 0
[2017.04.26-15.09.14:648][882]LogOnline:Warning: STEAM: Failed to parse setting from key 9 value 0
[2017.04.26-15.09.14:649][882]LogOnline:Warning: Unknown or unsupported data type from Steam key data name kkasp99
[2017.04.26-15.09.14:649][882]LogOnline:Warning: STEAM: Failed to parse setting from key name value kkasp99
[2017.04.26-15.09.14:649][882]LogOnline:Warning: Unknown or unsupported data type from Steam key data owner 76561198313719784
[2017.04.26-15.09.14:649][882]LogOnline:Warning: STEAM: Failed to parse setting from key owner value 76561198313719784
[2017.04.26-15.09.14:649][882]LogOnline:Warning: Unknown or unsupported data type from Steam key data players_cnt 1
[2017.04.26-15.09.14:649][882]LogOnline:Warning: STEAM: Failed to parse setting from key players_cnt value 1
[2017.04.26-15.09.14:649][882]LogOnline:Warning: STEAM: Unable to parse search result for lobby 'Lobby [0x1860000BF10BC3A]'
[2017.04.26-15.09.38:857][381]LogNetVersion: GetLocalNetworkVersion: CL: 3299760, ProjectName: unnamed, ProjectVersion: 1.0.0.0, EngineNetworkVersion: 2, GameNetworkVersion: 0, NetworkChecksum: 2893060150
[2017.04.26-15.09.39:552][403]LogPackageName: SearchForPackageOnDisk took   0.141s to resolve map01.umap.
[2017.04.26-15.09.39:552][403]LogGameMode:Display: Match State Changed from InProgress to LeavingMap
[2017.04.26-15.09.39:552][403]LogGameState: Match State Changed from InProgress to LeavingMap
[2017.04.26-15.09.39:692][403]LogPackageName: SearchForPackageOnDisk took   0.139s to resolve map01.umap.
[2017.04.26-15.09.39:692][403]LogNet: Browse: /Game/Map/map01?listen
[2017.04.26-15.09.39:692][403]LogLoad: LoadMap: /Game/Map/map01?listen
[2017.04.26-15.09.39:714][403]LogMemory: Platform Memory Stats for Windows
[2017.04.26-15.09.39:714][403]LogMemory: Process Physical Memory: 725.23 MB used, 774.05 MB peak
[2017.04.26-15.09.39:714][403]LogMemory: Process Virtual Memory: 892.80 MB used, 1002.26 MB peak
[2017.04.26-15.09.39:714][403]LogMemory: Physical Memory: 7233.79 MB used,  4976.07 MB free, 12209.86 MB total
[2017.04.26-15.09.39:714][403]LogMemory: Virtual Memory: 1632.09 MB used,  4976.07 MB free, 134217728.00 MB total
[2017.04.26-15.09.39:714][403]LogMemory: 
[2017.04.26-15.09.39:714][403]Allocator Stats for TBB: (not implemented)
[2017.04.26-15.09.50:652][403]LogAIModule: Creating AISystem for world map01
[2017.04.26-15.09.50:652][403]LogLoad: Game class is 'MyGameMode_C'
[2017.04.26-15.09.50:670][403]LogNet:Display: SteamNetDriver_0 bound to port 7777
[2017.04.26-15.09.50:670][403]PacketHandlerLog: Loaded PacketHandler component: Engine.EngineHandlerComponentFactory (StatelessConnectHandlerComponent)
[2017.04.26-15.09.50:670][403]LogNet: GameNetDriver SteamNetDriver_0 IpNetDriver listening on port 7777
[2017.04.26-15.09.50:710][403]LogWorld: Bringing World /Game/Map/map01.map01 up for play (max tick rate 0) at 2017.04.27-00.09.50
[2017.04.26-15.09.50:714][403]LogWorld: Bringing up level for play took: 0.040633
[2017.04.26-15.09.50:716][403]LogGameMode:Display: Match State Changed from EnteringMap to WaitingToStart
[2017.04.26-15.09.50:716][403]LogGameState: Match State Changed from EnteringMap to WaitingToStart
[2017.04.26-15.09.50:716][403]LogGameMode:Display: Match State Changed from WaitingToStart to InProgress
[2017.04.26-15.09.50:723][403]LogBlueprintUserMessages: [messageScroll_116] darkjcy
[2017.04.26-15.09.50:727][403]PIE:Warning: 경고 위젯이 포커스를 지원하지 않습니다. UserWidget 인 경우, bIsFocusable 을 true 로 설정해야 합니다.
[2017.04.26-15.09.50:729][403]LogGameState: Match State Changed from WaitingToStart to InProgress
[2017.04.26-15.09.50:732][403]LogLoad: Took 11.039759 seconds to LoadMap(/Game/Map/map01)
[2017.04.26-15.09.50:802][404]LogNet: UNetDriver::TickDispatch: Very long time between ticks. DeltaTime: 11.25, Realtime: 0.07. SteamNetDriver_0
[2017.04.26-15.10.16:084][969]LogBlueprintUserMessages: [playercon_C_0] Hello
[2017.04.26-15.12.12:052][137]LogScript:Warning: Accessed None 이 K2Node_Event_InstigatedBy 프로퍼티를 읽으려 합니다.
	duek_C /Game/Map/map01.map01:PersistentLevel.duek_C_0
	Function /Game/BP/PlayerCharacter.PlayerCharacter_C:ExecuteUbergraph_PlayerCharacter:0346
[2017.04.26-15.12.12:052][137]LogScript:Warning: Script call stack:
	Function /Game/BP/PlayerCharacter.PlayerCharacter_C:ReceiveAnyDamage
	Function /Game/BP/PlayerCharacter.PlayerCharacter_C:ExecuteUbergraph_PlayerCharacter

[2017.04.26-15.12.12:133][142]LogScript:Warning: Accessed None 이 K2Node_Event_InstigatedBy 프로퍼티를 읽으려 합니다.
	duek_C /Game/Map/map01.map01:PersistentLevel.duek_C_0
	Function /Game/BP/PlayerCharacter.PlayerCharacter_C:ExecuteUbergraph_PlayerCharacter:0346
[2017.04.26-15.12.12:133][142]LogScript:Warning: Script call stack:
	Function /Game/BP/PlayerCharacter.PlayerCharacter_C:ReceiveAnyDamage
	Function /Game/BP/PlayerCharacter.PlayerCharacter_C:ExecuteUbergraph_PlayerCharacter

[2017.04.26-15.12.12:374][157]LogScript:Warning: Accessed None 이 K2Node_Event_InstigatedBy 프로퍼티를 읽으려 합니다.
	duek_C /Game/Map/map01.map01:PersistentLevel.duek_C_0
	Function /Game/BP/PlayerCharacter.PlayerCharacter_C:ExecuteUbergraph_PlayerCharacter:0346
[2017.04.26-15.12.12:374][157]LogScript:Warning: Script call stack:
	Function /Game/BP/PlayerCharacter.PlayerCharacter_C:ReceiveAnyDamage
	Function /Game/BP/PlayerCharacter.PlayerCharacter_C:ExecuteUbergraph_PlayerCharacter

[2017.04.26-15.12.37:828][735]LogScript:Warning: Accessed None 이 K2Node_Event_InstigatedBy 프로퍼티를 읽으려 합니다.
	duek_C /Game/Map/map01.map01:PersistentLevel.duek_C_0
	Function /Game/BP/PlayerCharacter.PlayerCharacter_C:ExecuteUbergraph_PlayerCharacter:0346
[2017.04.26-15.12.37:828][735]LogScript:Warning: Script call stack:
	Function /Game/BP/PlayerCharacter.PlayerCharacter_C:ReceiveAnyDamage
	Function /Game/BP/PlayerCharacter.PlayerCharacter_C:ExecuteUbergraph_PlayerCharacter

[2017.04.26-15.12.38:005][746]LogScript:Warning: Accessed None 이 K2Node_Event_InstigatedBy 프로퍼티를 읽으려 합니다.
	duek_C /Game/Map/map01.map01:PersistentLevel.duek_C_0
	Function /Game/BP/PlayerCharacter.PlayerCharacter_C:ExecuteUbergraph_PlayerCharacter:0346
[2017.04.26-15.12.38:005][746]LogScript:Warning: Script call stack:
	Function /Game/BP/PlayerCharacter.PlayerCharacter_C:ReceiveAnyDamage
	Function /Game/BP/PlayerCharacter.PlayerCharacter_C:ExecuteUbergraph_PlayerCharacter

[2017.04.26-15.12.39:004][808]LogScript:Warning: Accessed None 이 K2Node_Event_InstigatedBy 프로퍼티를 읽으려 합니다.
	duek_C /Game/Map/map01.map01:PersistentLevel.duek_C_0
	Function /Game/BP/PlayerCharacter.PlayerCharacter_C:ExecuteUbergraph_PlayerCharacter:0346
[2017.04.26-15.12.39:004][808]LogScript:Warning: Script call stack:
	Function /Game/BP/PlayerCharacter.PlayerCharacter_C:ReceiveAnyDamage
	Function /Game/BP/PlayerCharacter.PlayerCharacter_C:ExecuteUbergraph_PlayerCharacter

[2017.04.26-15.12.39:182][819]LogScript:Warning: Accessed None 이 K2Node_Event_InstigatedBy 프로퍼티를 읽으려 합니다.
	duek_C /Game/Map/map01.map01:PersistentLevel.duek_C_0
	Function /Game/BP/PlayerCharacter.PlayerCharacter_C:ExecuteUbergraph_PlayerCharacter:0346
[2017.04.26-15.12.39:182][819]LogScript:Warning: Script call stack:
	Function /Game/BP/PlayerCharacter.PlayerCharacter_C:ReceiveAnyDamage
	Function /Game/BP/PlayerCharacter.PlayerCharacter_C:ExecuteUbergraph_PlayerCharacter

[2017.04.26-15.12.40:166][880]LogScript:Warning: Accessed None 이 K2Node_Event_InstigatedBy 프로퍼티를 읽으려 합니다.
	duek_C /Game/Map/map01.map01:PersistentLevel.duek_C_0
	Function /Game/BP/PlayerCharacter.PlayerCharacter_C:ExecuteUbergraph_PlayerCharacter:0346
[2017.04.26-15.12.40:166][880]LogScript:Warning: Script call stack:
	Function /Game/BP/PlayerCharacter.PlayerCharacter_C:ReceiveAnyDamage
	Function /Game/BP/PlayerCharacter.PlayerCharacter_C:ExecuteUbergraph_PlayerCharacter

[2017.04.26-15.12.40:360][892]LogScript:Warning: Accessed None 이 K2Node_Event_InstigatedBy 프로퍼티를 읽으려 합니다.
	duek_C /Game/Map/map01.map01:PersistentLevel.duek_C_0
	Function /Game/BP/PlayerCharacter.PlayerCharacter_C:ExecuteUbergraph_PlayerCharacter:0346
[2017.04.26-15.12.40:360][892]LogScript:Warning: Script call stack:
	Function /Game/BP/PlayerCharacter.PlayerCharacter_C:ReceiveAnyDamage
	Function /Game/BP/PlayerCharacter.PlayerCharacter_C:ExecuteUbergraph_PlayerCharacter

[2017.04.26-15.12.40:458][898]LogScript:Warning: Accessed None 이 K2Node_Event_InstigatedBy 프로퍼티를 읽으려 합니다.
	duek_C /Game/Map/map01.map01:PersistentLevel.duek_C_0
	Function /Game/BP/PlayerCharacter.PlayerCharacter_C:ExecuteUbergraph_PlayerCharacter:0346
[2017.04.26-15.12.40:458][898]LogScript:Warning: Script call stack:
	Function /Game/BP/PlayerCharacter.PlayerCharacter_C:ReceiveAnyDamage
	Function /Game/BP/PlayerCharacter.PlayerCharacter_C:ExecuteUbergraph_PlayerCharacter

[2017.04.26-15.12.46:329][262]LogScript:Warning: Accessed None 이 K2Node_Event_InstigatedBy 프로퍼티를 읽으려 합니다.
	duek_C /Game/Map/map01.map01:PersistentLevel.duek_C_0
	Function /Game/BP/PlayerCharacter.PlayerCharacter_C:ExecuteUbergraph_PlayerCharacter:0346
[2017.04.26-15.12.46:329][262]LogScript:Warning: Script call stack:
	Function /Game/BP/PlayerCharacter.PlayerCharacter_C:ReceiveAnyDamage
	Function /Game/BP/PlayerCharacter.PlayerCharacter_C:ExecuteUbergraph_PlayerCharacter

[2017.04.26-15.12.47:424][330]LogScript:Warning: Accessed None 이 K2Node_Event_InstigatedBy 프로퍼티를 읽으려 합니다.
	duek_C /Game/Map/map01.map01:PersistentLevel.duek_C_0
	Function /Game/BP/PlayerCharacter.PlayerCharacter_C:ExecuteUbergraph_PlayerCharacter:0346
[2017.04.26-15.12.47:424][330]LogScript:Warning: Script call stack:
	Function /Game/BP/PlayerCharacter.PlayerCharacter_C:ReceiveAnyDamage
	Function /Game/BP/PlayerCharacter.PlayerCharacter_C:ExecuteUbergraph_PlayerCharacter

[2017.04.26-15.12.55:592][829]LogWindowsTextInputMethodSystem:Display: IME system now activated using TSF (Microsoft 입력기).
[2017.04.26-15.12.55:654][829]LogEngine: All Windows Closed
[2017.04.26-15.12.55:654][829]LogWindows: FPlatformMisc::RequestExit(0)
[2017.04.26-15.12.55:655][830]LogMoviePlayer: Shutting down movie player
[2017.04.26-15.12.55:691][830]LogNet: World NetDriver shutdown SteamNetDriver_0 [GameNetDriver]
[2017.04.26-15.12.55:691][830]LogNet: DestroyNamedNetDriver SteamNetDriver_0 [GameNetDriver]
[2017.04.26-15.12.55:691][830]LogExit: GameNetDriver SteamNetDriver_0 shut down
[2017.04.26-15.12.55:695][830]LogExit: Preparing to exit.
[2017.04.26-15.12.56:099][830]LogExit: Game engine shut down
[2017.04.26-15.12.56:203][830]LogObj: Freed 0b from 0 cluster array pools.
[2017.04.26-15.12.56:204][830]LogExit: Object subsystem successfully closed.
[2017.04.26-15.12.56:229][830]LogD3D11RHI: Shutdown
[2017.04.26-15.12.56:229][830]LogD3D11RHI: CleanupD3DDevice
[2017.04.26-15.12.56:343][830]LogD3D11RHI: ~FD3D11DynamicRHI
[2017.04.26-15.12.56:352][830]LogModuleManager: Shutting down and abandoning module SequenceRecorderSections (266)
[2017.04.26-15.12.56:352][830]LogModuleManager: Shutting down and abandoning module SequenceRecorder (264)
[2017.04.26-15.12.56:352][830]LogModuleManager: Shutting down and abandoning module AutomationController (262)
[2017.04.26-15.12.56:352][830]LogModuleManager: Shutting down and abandoning module AutomationWorker (260)
[2017.04.26-15.12.56:352][830]LogModuleManager: Shutting down and abandoning module AIModule (258)
[2017.04.26-15.12.56:352][830]LogModuleManager: Shutting down and abandoning module GameplayDebugger (257)
[2017.04.26-15.12.56:352][830]LogModuleManager: Shutting down and abandoning module AITestSuite (255)
[2017.04.26-15.12.56:352][830]LogModuleManager: Shutting down and abandoning module WmfMediaFactory (252)
[2017.04.26-15.12.56:352][830]LogModuleManager: Shutting down and abandoning module MfMediaFactory (250)
[2017.04.26-15.12.56:352][830]LogModuleManager: Shutting down and abandoning module AvfMediaFactory (248)
[2017.04.26-15.12.56:352][830]LogModuleManager: Shutting down and abandoning module AndroidMediaFactory (246)
[2017.04.26-15.12.56:352][830]LogModuleManager: Shutting down and abandoning module Media (245)
[2017.04.26-15.12.56:352][830]LogModuleManager: Shutting down and abandoning module CharacterAI (242)
[2017.04.26-15.12.56:352][830]LogModuleManager: Shutting down and abandoning module SessionServices (240)
[2017.04.26-15.12.56:352][830]LogModuleManager: Shutting down and abandoning module MovieSceneCapture (238)
[2017.04.26-15.12.56:352][830]LogModuleManager: Shutting down and abandoning module GeometryCache (236)
[2017.04.26-15.12.56:352][830]LogModuleManager: Shutting down and abandoning module GeometryCacheEd (235)
[2017.04.26-15.12.56:352][830]LogModuleManager: Shutting down and abandoning module Niagara (232)
[2017.04.26-15.12.56:352][830]LogModuleManager: Shutting down and abandoning module StreamingPauseRendering (230)
[2017.04.26-15.12.56:352][830]LogModuleManager: Shutting down and abandoning module PortalServices (228)
[2017.04.26-15.12.56:352][830]LogModuleManager: Shutting down and abandoning module PortalRpc (226)
[2017.04.26-15.12.56:352][830]LogModuleManager: Shutting down and abandoning module MessagingRpc (224)
[2017.04.26-15.12.56:352][830]LogModuleManager: Shutting down and abandoning module ProfilerService (222)
[2017.04.26-15.12.56:357][830]LogModuleManager: Shutting down and abandoning module TaskGraph (220)
[2017.04.26-15.12.56:357][830]LogModuleManager: Shutting down and abandoning module SteamVRController (218)
[2017.04.26-15.12.56:357][830]LogModuleManager: Shutting down and abandoning module SteamVR (216)
[2017.04.26-15.12.56:357][830]LogModuleManager: Shutting down and abandoning module ProceduralMeshComponent (214)
[2017.04.26-15.12.56:357][830]LogModuleManager: Shutting down and abandoning module OculusLibrary (212)
[2017.04.26-15.12.56:357][830]LogModuleManager: Shutting down and abandoning module OculusInput (210)
[2017.04.26-15.12.56:357][830]LogModuleManager: Shutting down and abandoning module MobilePatchingUtils (208)
[2017.04.26-15.12.56:357][830]LogModuleManager: Shutting down and abandoning module CustomMeshComponent (206)
[2017.04.26-15.12.56:357][830]LogModuleManager: Shutting down and abandoning module CableComponent (204)
[2017.04.26-15.12.56:357][830]LogModuleManager: Shutting down and abandoning module ArchVisCharacter (202)
[2017.04.26-15.12.56:357][830]LogModuleManager: Shutting down and abandoning module HTML5Networking (198)
[2017.04.26-15.12.56:357][830]LogModuleManager: Shutting down and abandoning module VisualStudioSourceCodeAccess (196)
[2017.04.26-15.12.56:357][830]LogModuleManager: Shutting down and abandoning module DesktopPlatform (195)
[2017.04.26-15.12.56:357][830]LogModuleManager: Shutting down and abandoning module HotReload (193)
[2017.04.26-15.12.56:357][830]LogModuleManager: Shutting down and abandoning module DirectoryWatcher (192)
[2017.04.26-15.12.56:357][830]LogModuleManager: Shutting down and abandoning module UObjectPlugin (188)
[2017.04.26-15.12.56:357][830]LogModuleManager: Shutting down and abandoning module SubversionSourceControl (186)
[2017.04.26-15.12.56:357][830]LogModuleManager: Shutting down and abandoning module PerforceSourceControl (184)
[2017.04.26-15.12.56:357][830]LogModuleManager: Shutting down and abandoning module SourceControl (183)
[2017.04.26-15.12.56:357][830]LogModuleManager: Shutting down and abandoning module PhysXVehiclesEditor (180)
[2017.04.26-15.12.56:357][830]LogModuleManager: Shutting down and abandoning module PhysXVehicles (178)
[2017.04.26-15.12.56:357][830]LogModuleManager: Shutting down and abandoning module LocationServicesBPLibrary (176)
[2017.04.26-15.12.56:357][830]LogModuleManager: Shutting down and abandoning module UdpMessaging (174)
[2017.04.26-15.12.56:458][830]LogModuleManager: Shutting down and abandoning module TcpMessaging (172)
[2017.04.26-15.12.56:835][830]LogModuleManager: Shutting down and abandoning module GameplayTagsEditor (170)
[2017.04.26-15.12.56:835][830]LogModuleManager: Shutting down and abandoning module FacialAnimation (168)
[2017.04.26-15.12.56:835][830]LogModuleManager: Shutting down and abandoning module LightPropagationVolumeRuntime (166)
[2017.04.26-15.12.56:835][830]LogModuleManager: Shutting down and abandoning module Paper2D (164)
[2017.04.26-15.12.56:835][830]LogModuleManager: Shutting down and abandoning module WindowsMoviePlayer (162)
[2017.04.26-15.12.56:835][830]LogModuleManager: Shutting down and abandoning module WmfMedia (160)
[2017.04.26-15.12.56:835][830]LogModuleManager: Shutting down and abandoning module MfMedia (158)
[2017.04.26-15.12.56:835][830]LogModuleManager: Shutting down and abandoning module MediaAssets (156)
[2017.04.26-15.12.56:835][830]LogModuleManager: Shutting down and abandoning module GameLiveStreaming (154)
[2017.04.26-15.12.56:835][830]LogModuleManager: Shutting down and abandoning module VREditor (152)
[2017.04.26-15.12.56:835][830]LogModuleManager: Shutting down and abandoning module GameplayTasksEditor (150)
[2017.04.26-15.12.56:835][830]LogModuleManager: Shutting down and abandoning module BehaviorTreeEditor (148)
[2017.04.26-15.12.56:835][830]LogModuleManager: Shutting down and abandoning module FunctionalTesting (146)
[2017.04.26-15.12.56:835][830]LogModuleManager: Shutting down and abandoning module CollisionAnalyzer (144)
[2017.04.26-15.12.56:836][830]LogModuleManager: Shutting down and abandoning module UMG (142)
[2017.04.26-15.12.56:836][830]LogModuleManager: Shutting down and abandoning module UMGEditor (141)
[2017.04.26-15.12.56:836][830]LogModuleManager: Shutting down and abandoning module Sequencer (140)
[2017.04.26-15.12.56:836][830]LogModuleManager: Shutting down and abandoning module AssetTools (138)
[2017.04.26-15.12.56:836][830]LogModuleManager: Shutting down and abandoning module MessageLog (137)
[2017.04.26-15.12.56:836][830]LogModuleManager: Shutting down and abandoning module WorkspaceMenuStructure (136)
[2017.04.26-15.12.56:836][830]LogModuleManager: Shutting down and abandoning module SlateReflector (130)
[2017.04.26-15.12.56:836][830]LogModuleManager: Shutting down and abandoning module Slate (128)
[2017.04.26-15.12.56:836][830]LogModuleManager: Shutting down and abandoning module EditorStyle (126)
[2017.04.26-15.12.56:844][830]LogModuleManager: Shutting down and abandoning module Messaging (124)
[2017.04.26-15.12.56:844][830]LogModuleManager: Shutting down and abandoning module SourceCodeAccess (122)
[2017.04.26-15.12.56:844][830]LogModuleManager: Shutting down and abandoning module HeadMountedDisplay (120)
[2017.04.26-15.12.56:844][830]LogModuleManager: Shutting down and abandoning module XAudio2 (118)
[2017.04.26-15.12.56:844][830]LogModuleManager: Shutting down and abandoning module Networking (116)
[2017.04.26-15.12.56:844][830]LogModuleManager: Shutting down and abandoning module Core (114)
[2017.04.26-15.12.56:844][830]LogModuleManager: Shutting down and abandoning module KismetCompiler (112)
[2017.04.26-15.12.56:844][830]LogModuleManager: Shutting down and abandoning module PhysXFormats (110)
[2017.04.26-15.12.56:844][830]LogModuleManager: Shutting down and abandoning module MeshUtilities (108)
[2017.04.26-15.12.56:844][830]LogModuleManager: Shutting down and abandoning module SimplygonSwarm (107)
[2017.04.26-15.12.56:844][830]LogModuleManager: Shutting down and abandoning module SimplygonMeshReduction (105)
[2017.04.26-15.12.56:844][830]LogModuleManager: Shutting down and abandoning module QuadricMeshReduction (103)
[2017.04.26-15.12.56:844][830]LogModuleManager: Shutting down and abandoning module PropertyEditor (101)
[2017.04.26-15.12.56:844][830]LogModuleManager: Shutting down and abandoning module AssetRegistry (98)
[2017.04.26-15.12.56:845][830]LogModuleManager: Shutting down and abandoning module DerivedDataCache (96)
[2017.04.26-15.12.56:875][830]LogDerivedDataCache: Shutdown
[2017.04.26-15.12.56:875][830]LogModuleManager: Shutting down and abandoning module TargetPlatform (94)
[2017.04.26-15.12.56:875][830]LogModuleManager: Shutting down and abandoning module VulkanShaderFormat (93)
[2017.04.26-15.12.56:875][830]LogModuleManager: Shutting down and abandoning module ShaderFormatOpenGL (91)
[2017.04.26-15.12.56:875][830]LogModuleManager: Shutting down and abandoning module ShaderFormatD3D (89)
[2017.04.26-15.12.56:875][830]LogModuleManager: Shutting down and abandoning module MetalShaderFormat (87)
[2017.04.26-15.12.56:875][830]LogModuleManager: Shutting down and abandoning module TextureFormatUncompressed (85)
[2017.04.26-15.12.56:875][830]LogModuleManager: Shutting down and abandoning module TextureFormatPVR (83)
[2017.04.26-15.12.56:875][830]LogModuleManager: Shutting down and abandoning module TextureFormatDXT (81)
[2017.04.26-15.12.56:875][830]LogModuleManager: Shutting down and abandoning module TextureFormatIntelISPCTexComp (79)
[2017.04.26-15.12.56:890][830]LogModuleManager: Shutting down and abandoning module TextureFormatASTC (77)
[2017.04.26-15.12.56:890][830]LogModuleManager: Shutting down and abandoning module ImageWrapper (76)
[2017.04.26-15.12.56:890][830]LogModuleManager: Shutting down and abandoning module TextureFormatAndroid (73)
[2017.04.26-15.12.56:890][830]LogModuleManager: Shutting down and abandoning module AudioFormatOpus (71)
[2017.04.26-15.12.56:890][830]LogModuleManager: Shutting down and abandoning module AudioFormatOgg (69)
[2017.04.26-15.12.56:890][830]LogModuleManager: Shutting down and abandoning module AudioFormatADPCM (67)
[2017.04.26-15.12.56:890][830]LogModuleManager: Shutting down and abandoning module WindowsTargetPlatform (65)
[2017.04.26-15.12.56:890][830]LogModuleManager: Shutting down and abandoning module WindowsServerTargetPlatform (63)
[2017.04.26-15.12.56:890][830]LogModuleManager: Shutting down and abandoning module WindowsNoEditorTargetPlatform (61)
[2017.04.26-15.12.56:890][830]LogModuleManager: Shutting down and abandoning module WindowsClientTargetPlatform (59)
[2017.04.26-15.12.56:890][830]LogModuleManager: Shutting down and abandoning module InputCore (56)
[2017.04.26-15.12.56:890][830]LogModuleManager: Shutting down and abandoning module Settings (54)
[2017.04.26-15.12.56:890][830]LogModuleManager: Shutting down and abandoning module OculusRift (52)
[2017.04.26-15.12.56:890][830]LogModuleManager: Shutting down and abandoning module GearVR (50)
[2017.04.26-15.12.56:890][830]LogModuleManager: Shutting down and abandoning module ExampleDeviceProfileSelector (48)
[2017.04.26-15.12.56:890][830]LogModuleManager: Shutting down and abandoning module OnlineBlueprintSupport (46)
[2017.04.26-15.12.56:890][830]LogModuleManager: Shutting down and abandoning module OnlineSubsystem (42)
[2017.04.26-15.12.56:890][830]LogOnline:Display: STEAM: OnlineSubsystemSteam::Shutdown()
[2017.04.26-15.12.57:159][830]LogOnline:Display: Unloading online subsystem: STEAM
[2017.04.26-15.12.57:159][830]LogOnline:Display: STEAM: OnlineSubsystemSteam::Shutdown()
[2017.04.26-15.12.57:159][830]LogOnline:Display: Unloading online subsystem: NULL
[2017.04.26-15.12.57:159][830]LogModuleManager: Shutting down and abandoning module XMPP (37)
[2017.04.26-15.12.57:160][830]LogModuleManager: Shutting down and abandoning module HTTP (35)
[2017.04.26-15.12.57:181][830]LogModuleManager: Shutting down and abandoning module SSL (34)
[2017.04.26-15.12.57:185][830]LogModuleManager: Shutting down and abandoning module AudioEditor (30)
[2017.04.26-15.12.57:185][830]LogModuleManager: Shutting down and abandoning module TextureCompressor (28)
[2017.04.26-15.12.57:201][830]LogModuleManager: Shutting down and abandoning module ShaderCore (26)
[2017.04.26-15.12.57:201][830]LogModuleManager: Shutting down and abandoning module Landscape (24)
[2017.04.26-15.12.57:201][830]LogModuleManager: Shutting down and abandoning module SlateRHIRenderer (22)
[2017.04.26-15.12.57:205][830]LogModuleManager: Shutting down and abandoning module OpenGLDrv (20)
[2017.04.26-15.12.57:205][830]LogModuleManager: Shutting down and abandoning module D3D11RHI (18)
[2017.04.26-15.12.57:205][830]LogModuleManager: Shutting down and abandoning module AnimGraphRuntime (16)
[2017.04.26-15.12.57:205][830]LogModuleManager: Shutting down and abandoning module Renderer (14)
[2017.04.26-15.12.57:205][830]LogModuleManager: Shutting down and abandoning module Engine (12)
[2017.04.26-15.12.57:205][830]LogModuleManager: Shutting down and abandoning module CoreUObject (10)
[2017.04.26-15.12.57:205][830]LogModuleManager: Shutting down and abandoning module NetworkFile (8)
[2017.04.26-15.12.57:205][830]LogModuleManager: Shutting down and abandoning module StreamingFile (6)
[2017.04.26-15.12.57:205][830]LogModuleManager: Shutting down and abandoning module SandboxFile (4)
[2017.04.26-15.12.57:205][830]LogModuleManager: Shutting down and abandoning module PakFile (2)
[2017.04.26-15.12.57:209][830]LogExit: Exiting.
[2017.04.26-15.12.57:214][830]Log file closed, 04/27/17 00:12:57
