Log file open, 10/10/16 13:23:26
LogInit:Display: Running engine for game: UNNAMED
LogPlatformFile: Not using cached read wrapper
LogInit:Display: RandInit(826470782) SRandInit(826470783).
LogTaskGraph: Started task graph with 4 named threads and 7 total threads with 1 sets of task threads.
LogStats: Stats thread started at 0.163501
LogInit: Version: 4.12.5-3039270+++UE4+Release-4.12
LogInit: API Version: 2992821
LogInit: Net Version: 3039270
LogDevObjectVersion: Number of dev versions registered: 13
LogDevObjectVersion:   Dev-Blueprints (B0D832E4-1F89-4F0D-ACCF-7EB736FD4AA2): 3
LogDevObjectVersion:   Dev-Build (E1C64328-A22C-4D53-A36C-8E866417BD8C): 0
LogDevObjectVersion:   Dev-Core (375EC13C-06E4-48FB-B500-84F0262A717E): 1
LogDevObjectVersion:   Dev-Editor (E4B068ED-F494-42E9-A231-DA0B2E46BB41): 2
LogDevObjectVersion:   Dev-Framework (CFFC743F-43B0-4480-9391-14DF171D2073): 6
LogDevObjectVersion:   Dev-Mobile (B02B49B5-BB20-44E9-A304-32B752E40360): 0
LogDevObjectVersion:   Dev-Networking (A4E4105C-59A1-49B5-A7C5-40C4547EDFEE): 0
LogDevObjectVersion:   Dev-Online (39C831C9-5AE6-47DC-9A44-9C173E1C8E7C): 0
LogDevObjectVersion:   Dev-Physics (78F01B33-EBEA-4F98-B9B4-84EACCB95AA2): 0
LogDevObjectVersion:   Dev-Platform (6631380F-2D4D-43E0-8009-CF276956A95A): 0
LogDevObjectVersion:   Dev-Rendering (12F88B9F-8875-4AFC-A67C-D90C383ABD29): 2
LogDevObjectVersion:   Dev-Sequencer (7B5AE74C-D270-4C10-A958-57980B212A5A): 0
LogDevObjectVersion:   Dev-VR (D7296918-1DD6-4BDD-9DE2-64A83CC13884): 0
LogInit: Compiled (64-bit): Jul  6 2016 09:09:46
LogInit: Compiled with Visual C++: 19.00.23026.00
LogInit: Build Configuration: Development
LogInit: Branch Name: ++UE4+Release-4.12
LogInit: Command line:  
LogInit: Base directory: C:/Program Files (x86)/Epic Games/4.12/Engine/Binaries/Win64/
LogInit: Installed Engine Build: 1
LogInit: Using libcurl 7.41.0
LogInit:  - built for x86_64-pc-win32
LogInit:  - supports SSL with WinSSL
LogInit:  - other features:
LogInit:      CURL_VERSION_SSL
LogInit:      CURL_VERSION_IPV6
LogInit:      CURL_VERSION_ASYNCHDNS
LogInit:      CURL_VERSION_LARGEFILE
LogInit:      CURL_VERSION_IDN
LogInit:  CurlRequestOptions (configurable via config and command line):
LogInit:  - bVerifyPeer = true  - Libcurl will verify peer certificate
LogInit:  - bUseHttpProxy = false  - Libcurl will NOT use HTTP proxy
LogInit:  - bDontReuseConnections = false  - Libcurl will reuse connections
LogInit:  - CertBundlePath = nullptr  - Libcurl will use whatever was configured at build time.
LogInit: Presizing for max 8388607 objects, including 0 objects not considered by GC, pre-allocating 0 bytes for permanent pool.
LogInit: Object subsystem initialized
[2016.10.10-04.23.27:091][  0]LogInit: Selected Device Profile: [Windows]
[2016.10.10-04.23.27:091][  0]LogInit: Applying CVar settings loaded from the selected device profile: [Windows]
[2016.10.10-04.23.27:101][  0]LogInit: Computer: DESKTOP-5I3HB32
[2016.10.10-04.23.27:101][  0]LogInit: User: jcy
[2016.10.10-04.23.27:101][  0]LogInit: CPU Page size=65536, Cores=4
[2016.10.10-04.23.27:101][  0]LogInit: High frequency timer resolution =2.533205 MHz
[2016.10.10-04.23.27:101][  0]LogMemory: Memory total: Physical=7.9GB (8GB approx)
[2016.10.10-04.23.27:101][  0]LogMemory: Platform Memory Stats for Windows
[2016.10.10-04.23.27:101][  0]LogMemory: Process Physical Memory: 191.02 MB used, 191.02 MB peak
[2016.10.10-04.23.27:101][  0]LogMemory: Process Virtual Memory: 195.21 MB used, 195.21 MB peak
[2016.10.10-04.23.27:101][  0]LogMemory: Physical Memory: 2920.90 MB used, 8113.86 MB total
[2016.10.10-04.23.27:101][  0]LogMemory: Virtual Memory: 553.26 MB used, 134217728.00 MB total
[2016.10.10-04.23.28:967][  0]LogD3D11RHI: D3D11 adapters:
[2016.10.10-04.23.29:530][  0]LogD3D11RHI:    0. 'NVIDIA GeForce GTX 960M' (Feature Level 11_0)
[2016.10.10-04.23.29:530][  0]LogD3D11RHI:       2018/0/4056 MB DedicatedVideo/DedicatedSystem/SharedSystem, Outputs:2, VendorId:0x10de
[2016.10.10-04.23.29:537][  0]LogD3D11RHI:    1. 'Intel(R) HD Graphics 4600' (Feature Level 11_0)
[2016.10.10-04.23.29:537][  0]LogD3D11RHI:       112/0/2048 MB DedicatedVideo/DedicatedSystem/SharedSystem, Outputs:0, VendorId:0x8086
[2016.10.10-04.23.29:554][  0]LogD3D11RHI:    2. 'Microsoft Basic Render Driver' (Feature Level 11_0)
[2016.10.10-04.23.29:554][  0]LogD3D11RHI:       0/0/4056 MB DedicatedVideo/DedicatedSystem/SharedSystem, Outputs:0, VendorId:0x1414
[2016.10.10-04.23.29:554][  0]LogD3D11RHI: Chosen D3D11 Adapter: 0
[2016.10.10-04.23.29:561][  0]LogD3D11RHI: Creating new Direct3DDevice
[2016.10.10-04.23.29:562][  0]LogD3D11RHI:     GPU DeviceId: 0x139b (for the marketing name, search the web for "GPU Device Id")
[2016.10.10-04.23.29:562][  0]LogWindows: EnumDisplayDevices:
[2016.10.10-04.23.29:562][  0]LogWindows:    0. 'Intel(R) HD Graphics 4600' (P:1 D:1)
[2016.10.10-04.23.29:562][  0]LogWindows:    1. 'Intel(R) HD Graphics 4600' (P:0 D:1)
[2016.10.10-04.23.29:562][  0]LogWindows:    2. 'Intel(R) HD Graphics 4600' (P:0 D:0)
[2016.10.10-04.23.29:562][  0]LogWindows: DebugString: PrimaryIsNotTheChoosenAdapter PrimaryIsNotTheChoosenAdapter PrimaryIsNotTheChoosenAdapter FoundDriverCount:0 
[2016.10.10-04.23.29:562][  0]LogD3D11RHI:     Adapter Name: NVIDIA GeForce GTX 960M
[2016.10.10-04.23.29:562][  0]LogD3D11RHI:   Driver Version: Unknown (internal:Unknown, unified:Unknown)
[2016.10.10-04.23.29:562][  0]LogD3D11RHI:      Driver Date: Unknown
[2016.10.10-04.23.29:562][  0]LogRHI: Texture pool is 1361 MB (70% of 1945 MB)
[2016.10.10-04.23.30:063][  0]LogD3D11RHI: Async texture creation enabled
[2016.10.10-04.23.30:168][  0]LogD3D11RHI: GPU Timing Frequency: 1000.000000 (Debug: 2 1)
[2016.10.10-04.23.30:168][  0]LogShaderCompilers: Guid format shader working directory is -16 characters bigger than the processId version (../../../../../../Users/jcy/Documents/GitHub/UNNAMED/UNNAMED/Intermediate/Shaders/WorkingDirectory/8560/).
[2016.10.10-04.23.30:169][  0]LogShaderCompilers: Cleaned the shader compiler working directory 'C:/Users/jcy/AppData/Local/Temp/UnrealShaderWorkingDir/FE3AC373452616BE9D8FAE8093846BAE/'.
[2016.10.10-04.23.30:169][  0]LogShaderCompilers:Display: Using Local Shader Compiler.
[2016.10.10-04.23.34:912][  0]LogTemp:Display: Loaded TP AllDesktopTargetPlatform
[2016.10.10-04.23.34:973][  0]LogTemp:Display: Loaded TP WindowsClientTargetPlatform
[2016.10.10-04.23.34:995][  0]LogTemp:Display: Loaded TP WindowsNoEditorTargetPlatform
[2016.10.10-04.23.35:018][  0]LogTemp:Display: Loaded TP WindowsServerTargetPlatform
[2016.10.10-04.23.35:042][  0]LogTemp:Display: Loaded TP WindowsTargetPlatform
[2016.10.10-04.23.35:067][  0]LogTemp:Display: Loaded TP AndroidTargetPlatform
[2016.10.10-04.23.35:095][  0]LogTemp:Display: Loaded TP Android_ASTCTargetPlatform
[2016.10.10-04.23.35:128][  0]LogTemp:Display: Loaded TP Android_ATCTargetPlatform
[2016.10.10-04.23.35:162][  0]LogTemp:Display: Loaded TP Android_DXTTargetPlatform
[2016.10.10-04.23.35:210][  0]LogTemp:Display: Loaded TP Android_ETC1TargetPlatform
[2016.10.10-04.23.35:252][  0]LogTemp:Display: Loaded TP Android_ETC2TargetPlatform
[2016.10.10-04.23.35:319][  0]LogTemp:Display: Loaded TP Android_MultiTargetPlatform
[2016.10.10-04.23.35:319][  0]LogTemp:Display: Loaded TP Android_PVRTCTargetPlatform
[2016.10.10-04.23.35:340][  0]LogTemp:Display: Loaded TP HTML5TargetPlatform
[2016.10.10-04.23.35:449][  0]LogTemp:Display: Loaded TP IOSTargetPlatform
[2016.10.10-04.23.35:520][  0]LogTemp:Display: Loaded TP TVOSTargetPlatform
[2016.10.10-04.23.35:580][  0]LogTemp:Display: Loaded TP LinuxNoEditorTargetPlatform
[2016.10.10-04.23.35:611][  0]LogTemp:Display: Loaded TP LinuxServerTargetPlatform
[2016.10.10-04.23.35:644][  0]LogTemp:Display: Loaded TP LinuxTargetPlatform
[2016.10.10-04.23.35:644][  0]LogTargetPlatformManager:Display: Building Assets For Windows
[2016.10.10-04.23.36:744][  0]LogDerivedDataCache:Display: Max Cache Size: 512 MB
[2016.10.10-04.23.37:573][  0]LogDerivedDataCache: Loaded boot cache 0.82s 48MB C:/Users/jcy/AppData/Local/UnrealEngine/4.12/DerivedDataCache/Boot.ddc.
[2016.10.10-04.23.37:573][  0]LogDerivedDataCache:Display: Loaded Boot cache: C:/Users/jcy/AppData/Local/UnrealEngine/4.12/DerivedDataCache/Boot.ddc
[2016.10.10-04.23.37:574][  0]LogDerivedDataCache: FDerivedDataBackendGraph:  Pak pak cache file ../../../../../../Users/jcy/Documents/GitHub/UNNAMED/UNNAMED/DerivedDataCache/DDC.ddp not found, will not use a pak cache.
[2016.10.10-04.23.37:574][  0]LogDerivedDataCache: Unable to find inner node Pak for hierarchical cache Hierarchy.
[2016.10.10-04.23.37:574][  0]LogDerivedDataCache: FDerivedDataBackendGraph:  CompressedPak pak cache file ../../../../../../Users/jcy/Documents/GitHub/UNNAMED/UNNAMED/DerivedDataCache/Compressed.ddp not found, will not use a pak cache.
[2016.10.10-04.23.37:574][  0]LogDerivedDataCache: Unable to find inner node CompressedPak for hierarchical cache Hierarchy.
[2016.10.10-04.23.37:692][  0]LogDerivedDataCache:Display: Pak cache opened for reading ../../../Engine/DerivedDataCache/Compressed.ddp.
[2016.10.10-04.23.37:746][  0]LogDerivedDataCache: Using Local data cache path C:/Users/jcy/AppData/Local/UnrealEngine/Common/DerivedDataCache: Writable
[2016.10.10-04.23.40:976][  0]LogInit: Selected Device Profile: [Windows]
[2016.10.10-04.23.41:064][  0]LogContentStreaming: Texture pool size is 0.00 MB
[2016.10.10-04.23.42:200][  0]LogMeshUtilities: No automatic mesh reduction module available
[2016.10.10-04.23.42:200][  0]LogMeshUtilities: No automatic mesh merging module available
[2016.10.10-04.23.42:200][  0]LogMeshUtilities: No distributed automatic mesh merging module available
[2016.10.10-04.23.45:289][  0]LogAssetRegistry: FAssetRegistry took 0.0219 seconds to start up
[2016.10.10-04.23.45:401][  0]LogPackageLocalizationCache: Processed 3 localized package path(s) for 1 prioritized culture(s) in 0.098964 seconds
[2016.10.10-04.23.45:408][  0]LogUObjectArray: 28739 objects as part of root set at end of initial load.
[2016.10.10-04.23.45:408][  0]LogUObjectAllocator: 5855632 out of 0 bytes used by permanent object pool.
[2016.10.10-04.23.45:408][  0]LogUObjectArray: CloseDisregardForGC: 0/0 objects in disregard for GC pool
[2016.10.10-04.23.45:426][  0]LogInit: WinSock: version 1.1 (2.2), MaxSocks=32767, MaxUdp=65467
[2016.10.10-04.23.51:765][  0]LogSlate: SlateFontCache - WITH_FREETYPE: 1, WITH_HARFBUZZ: 1
[2016.10.10-04.23.51:765][  0]LogSlate: SlateFontCache - WITH_FREETYPE: 1, WITH_HARFBUZZ: 1
[2016.10.10-04.24.07:718][  0]LogUdpMessaging: Initializing bridge on interface 0.0.0.0:0 to multicast group 230.0.0.1:6666.
[2016.10.10-04.24.09:392][  0]SourceControl: Info Source control is disabled
[2016.10.10-04.24.09:394][  0]SourceControl: Info Source control is disabled
[2016.10.10-04.24.09:518][  0]SourceControl: Info Source control is disabled
[2016.10.10-04.24.09:586][  0]SourceControl: Info Source control is disabled
[2016.10.10-04.24.11:228][  0]LogEngine: Initializing Engine...
[2016.10.10-04.24.11:258][  0]LogHMD: SteamVR failed to initialize.  Err: 110
[2016.10.10-04.24.11:259][  0]LogHMD: SteamVR failed to initialize.  Err: 110
[2016.10.10-04.24.11:959][  0]LogAIModule: Creating AISystem for world NewWorld
[2016.10.10-04.24.11:993][  0]LogInit: XAudio2 using '스피커(Realtek High Definition Audio)' : 2 channels at 48 kHz using 32 bits per sample (channel mask 0x3)
[2016.10.10-04.24.12:183][  0]LogInit: FAudioDevice initialized.
[2016.10.10-04.24.12:224][  0]LogDerivedDataCache: Saved boot cache 0.04s 48MB C:/Users/jcy/AppData/Local/UnrealEngine/4.12/DerivedDataCache/Boot.ddc.
[2016.10.10-04.24.12:233][  0]LogInit: Texture streaming: Enabled
[2016.10.10-04.24.12:390][  0]LogInit: Transaction tracking system initialized
[2016.10.10-04.24.12:643][  0]BlueprintLog: New page: Editor Load
[2016.10.10-04.24.15:819][  0]LocalizationService: Info Localization service is disabled
[2016.10.10-04.24.16:505][  0]LogConsoleResponse:Display: 
[2016.10.10-04.24.18:294][  0]LogCook:Display: Max memory allowance for cook 8192mb
[2016.10.10-04.24.18:294][  0]LogCook:Display: Mobile HDR setting 1
[2016.10.10-04.24.19:431][  0]LogFileCache: Scanning file cache for directory 'C:/Users/jcy/Documents/GitHub/UNNAMED/UNNAMED/Content/' took 0.03s
[2016.10.10-04.24.20:695][  0]SourceControl: Info Source control is disabled
[2016.10.10-04.24.20:695][  0]Cmd: MAP LOAD FILE="../../../../../../Users/jcy/Documents/GitHub/UNNAMED/UNNAMED/Content/ThirdPersonBP/Maps/ThirdPersonExampleMap.umap" TEMPLATE=0 SHOWPROGRESS=1 FEATURELEVEL=3
[2016.10.10-04.24.20:721][  0]LightingResults: New page: Lighting Build
[2016.10.10-04.24.20:728][  0]MapCheck: New page: Map Check
[2016.10.10-04.24.20:729][  0]LightingResults: New page: Lighting Build
[2016.10.10-04.24.25:488][  0]LogAIModule: Creating AISystem for world ThirdPersonExampleMap
[2016.10.10-04.24.25:593][  0]LogEditorServer: Finished looking for orphan Actors (0.000 secs)
[2016.10.10-04.24.25:595][  0]Cmd: MAP CHECKDEP NOCLEARLOG
[2016.10.10-04.24.25:773][  0]MapCheck: Info Map check complete: 0 Error(s), 0 Warning(s), took 178.01ms to complete.
[2016.10.10-04.24.25:773][  0]LogFileHelpers: Loading map 'ThirdPersonExampleMap' took 5.078
[2016.10.10-04.24.26:237][  0]LogCollectionManager: Loaded 1 collections in 0.003287 seconds
[2016.10.10-04.24.26:285][  0]LogFileCache: Scanning file cache for directory 'C:/Users/jcy/Documents/GitHub/UNNAMED/UNNAMED/Saved/Collections/' took 0.01s
[2016.10.10-04.24.26:285][  0]LogFileCache: Scanning file cache for directory 'C:/Users/jcy/Documents/GitHub/UNNAMED/UNNAMED/Content/Developers/jcy/Collections/' took 0.01s
[2016.10.10-04.24.26:285][  0]LogFileCache: Scanning file cache for directory 'C:/Users/jcy/Documents/GitHub/UNNAMED/UNNAMED/Content/Collections/' took 0.01s
[2016.10.10-04.24.26:285][  0]LogCollectionManager: Rebuilt the GUID cache for 1 collections in 0.000012 seconds
[2016.10.10-04.24.26:285][  0]LogCollectionManager: Rebuilt the hierarchy cache for 1 collections in 0.000000 seconds
[2016.10.10-04.24.26:297][  0]LogContentBrowser: Native class hierarchy populated in 0.0113 seconds. Added 2047 classes and 369 folders.
[2016.10.10-04.24.26:302][  0]LogStats: UGameplayTagsManager::ConstructGameplayTagTree: Construct from data asset -  0.000 s
[2016.10.10-04.24.26:302][  0]LogStats: UGameplayTagsManager::ConstructGameplayTagTree: GameplayTagTreeChangedEvent.Broadcast -  0.000 s
[2016.10.10-04.24.26:303][  0]LogContentBrowser: Native class hierarchy updated for 'GameplayTags' in 0.0005 seconds. Added 12 classes and 0 folders.
[2016.10.10-04.24.26:312][  0]LogContentBrowser: Native class hierarchy updated for 'WidgetCarousel' in 0.0022 seconds. Added 0 classes and 0 folders.
[2016.10.10-04.24.27:345][  0]LogContentBrowser: Native class hierarchy updated for 'AddContentDialog' in 0.0017 seconds. Added 0 classes and 0 folders.
[2016.10.10-04.24.27:464][  0]LogContentBrowser: Native class hierarchy updated for 'SceneOutliner' in 0.0007 seconds. Added 1 classes and 2 folders.
[2016.10.10-04.24.27:701][  0]LogCrashTracker: Crashtracker disabled due to settings.
[2016.10.10-04.24.27:707][  0]LogUObjectGlobals:Warning: Failed to find object 'Class None.'
[2016.10.10-04.24.27:779][  0]LogContentBrowser: Native class hierarchy updated for 'HierarchicalLODOutliner' in 0.0006 seconds. Added 1 classes and 2 folders.
[2016.10.10-04.24.27:780][  0]LogLoad: Full Startup: 62.92 seconds (BP compile: 0.45 seconds)
[2016.10.10-04.24.27:780][  0]LogExternalProfiler: Found external profiler: VSPerf
[2016.10.10-04.24.27:780][  0]LogExternalProfiler: Using external profiler: VSPerf
[2016.10.10-04.24.27:798][  0]LogOcInput: OculusInput pre-init called
[2016.10.10-04.24.27:818][  0]LogContentStreaming: Texture pool size now 1000 MB
[2016.10.10-04.24.28:220][  0]LogRenderer: Reallocating scene render targets to support 1084x576 (Frame:2).
[2016.10.10-04.24.29:327][  2]LogAssetRegistry: Asset discovery search completed in 44.0597 seconds
[2016.10.10-04.24.29:327][  2]LogCollectionManager: Rebuilt the object cache for 1 collections in 0.000017 seconds (found 0 objects)
[2016.10.10-04.24.29:327][  2]LogCollectionManager: Fixed up redirectors for 1 collections in 0.000047 seconds (updated 0 objects)
[2016.10.10-04.24.40:683][ 85]LogBlueprintUserMessages: Early PlayInEditor Detection: Level '/Game/ThirdPersonBP/Maps/ThirdPersonExampleMap.ThirdPersonExampleMap:PersistentLevel' has LevelScriptBlueprint '/Game/ThirdPersonBP/Maps/ThirdPersonExampleMap.ThirdPersonExampleMap:PersistentLevel.ThirdPersonExampleMap' with GeneratedClass '/Game/ThirdPersonBP/Maps/ThirdPersonExampleMap.ThirdPersonExampleMap_C' with ClassGeneratedBy '/Game/ThirdPersonBP/Maps/ThirdPersonExampleMap.ThirdPersonExampleMap:PersistentLevel.ThirdPersonExampleMap'
[2016.10.10-04.24.40:683][ 85]LogPlayLevel: PlayLevel: No blueprints needed recompiling
[2016.10.10-04.24.40:692][ 85]PIE: New page: PIE session: ThirdPersonExampleMap (Oct 10, 2016, 10:24:40 PM)
[2016.10.10-04.24.40:692][ 85]LogPlayLevel: Creating play world package: /Game/ThirdPersonBP/Maps/UEDPIE_1_ThirdPersonExampleMap
[2016.10.10-04.24.40:698][ 85]LogPlayLevel: PIE: StaticDuplicateObject took: (0.006250s)
[2016.10.10-04.24.40:699][ 85]LogAIModule: Creating AISystem for world ThirdPersonExampleMap
[2016.10.10-04.24.40:699][ 85]LogPlayLevel: PIE: World Init took: (0.000715s)
[2016.10.10-04.24.40:699][ 85]LogPlayLevel: PIE: Created PIE world by copying editor world from /Game/ThirdPersonBP/Maps/ThirdPersonExampleMap.ThirdPersonExampleMap to /Game/ThirdPersonBP/Maps/UEDPIE_1_ThirdPersonExampleMap.ThirdPersonExampleMap (0.007324s)
[2016.10.10-04.24.40:743][ 85]LogInit: XAudio2 using '스피커(Realtek High Definition Audio)' : 2 channels at 48 kHz using 32 bits per sample (channel mask 0x3)
[2016.10.10-04.24.40:770][ 85]LogInit: FAudioDevice initialized.
[2016.10.10-04.24.40:850][ 85]LogWorld: Game class is 'ThirdPersonGameMode_C'
[2016.10.10-04.24.40:859][ 85]LogWorld: Bringing World /Game/ThirdPersonBP/Maps/UEDPIE_1_ThirdPersonExampleMap.ThirdPersonExampleMap up for play (max tick rate 0) at 2016.10.10-13.24.40
[2016.10.10-04.24.40:860][ 85]LogWorld: Bringing up level for play took: 0.005651
[2016.10.10-04.24.40:862][ 85]LogSpawn:Warning: SpawnActor failed because no class was specified
[2016.10.10-04.24.40:865][ 85]LogContentBrowser: Native class hierarchy updated for 'MovieSceneCapture' in 0.0005 seconds. Added 11 classes and 0 folders.
[2016.10.10-04.24.40:866][ 85]LogInit: WinSock: Socket queue 131072 / 131072
[2016.10.10-04.24.40:870][ 85]LogInit: WinSock: I am DESKTOP-5I3HB32 (192.168.0.72:0)
[2016.10.10-04.24.40:870][ 85]PacketHandlerLog: Loaded PacketHandler component: Engine.EngineHandlerComponentFactory (StatelessConnectHandlerComponent)
[2016.10.10-04.24.40:870][ 85]LogNet: GameNetDriver IpNetDriver_0 IpNetDriver listening on port 7777
[2016.10.10-04.24.40:875][ 85]LogBlueprintUserMessages: [gamestate_C_0] Server: Player 256
[2016.10.10-04.24.40:942][ 85]PIE: Info Play in editor start time for /Game/ThirdPersonBP/Maps/UEDPIE_1_ThirdPersonExampleMap 0.218
[2016.10.10-04.24.40:948][ 85]PIE: New page: PIE session: ThirdPersonExampleMap (Oct 10, 2016, 10:24:40 PM)
[2016.10.10-04.24.41:019][ 85]LogNet: Browse: 127.0.0.1//Game/ThirdPersonBP/Maps/ThirdPersonExampleMap
[2016.10.10-04.24.41:020][ 85]LogInit: WinSock: Socket queue 32768 / 32768
[2016.10.10-04.24.41:021][ 85]PacketHandlerLog: Loaded PacketHandler component: Engine.EngineHandlerComponentFactory (StatelessConnectHandlerComponent)
[2016.10.10-04.24.41:021][ 85]LogNet: Game client on port 7777, rate 10000
[2016.10.10-04.24.41:022][ 85]LogNet: GetLocalNetworkVersion: GEngineNetVersion: 3039270, ProjectName: unnamed, ProjectVersion: 1.0.0.0, InternalProtocolVersion: 9, LocalNetworkVersion: 1745645396
[2016.10.10-04.24.41:085][ 85]PIE: Info Play in editor start time for /Game/ThirdPersonBP/Maps/ThirdPersonExampleMap 0.361
[2016.10.10-04.24.41:164][ 85]LogBlueprintUserMessages: Late PlayInEditor Detection: Level '/Game/ThirdPersonBP/Maps/ThirdPersonExampleMap.ThirdPersonExampleMap:PersistentLevel' has LevelScriptBlueprint '/Game/ThirdPersonBP/Maps/ThirdPersonExampleMap.ThirdPersonExampleMap:PersistentLevel.ThirdPersonExampleMap' with GeneratedClass '/Game/ThirdPersonBP/Maps/ThirdPersonExampleMap.ThirdPersonExampleMap_C' with ClassGeneratedBy '/Game/ThirdPersonBP/Maps/ThirdPersonExampleMap.ThirdPersonExampleMap:PersistentLevel.ThirdPersonExampleMap'
[2016.10.10-04.24.41:165][ 85]LogNet: NotifyAcceptingConnection: Server ThirdPersonExampleMap accept
[2016.10.10-04.24.41:165][ 85]LogHandshake: SendConnectChallenge. Timestamp: 0.008334, Cookie: 008061151119121088003214162206026058029059189101192111121231
[2016.10.10-04.24.41:166][ 85]LogNet: NotifyAcceptingConnection: Server ThirdPersonExampleMap accept
[2016.10.10-04.24.41:193][ 85]LogHandshake: SendChallengeResponse. Timestamp: 0.008334, Cookie: 008061151119121088003214162206026058029059189101192111121231
[2016.10.10-04.24.41:257][ 85]LogRenderer: Reallocating scene render targets to support 1292x756 (Frame:110).
[2016.10.10-04.24.41:330][ 86]LogNet: NotifyAcceptingConnection: Server ThirdPersonExampleMap accept
[2016.10.10-04.24.41:330][ 86]LogNet: Server accepting post-challenge connection from: 127.0.0.1:65523
[2016.10.10-04.24.41:330][ 86]PacketHandlerLog: Loaded PacketHandler component: Engine.EngineHandlerComponentFactory (StatelessConnectHandlerComponent)
[2016.10.10-04.24.41:330][ 86]LogNet: NotifyAcceptedConnection: Name: ThirdPersonExampleMap, TimeStamp: 10/10/16 13:24:41, [UNetConnection] RemoteAddr: 127.0.0.1:65523, Name: IpConnection_1, Driver: GameNetDriver IpNetDriver_0, IsServer: YES, PC: NULL, Owner: NULL
[2016.10.10-04.24.41:330][ 86]LogNet: AddClientConnection: Added client connection: [UNetConnection] RemoteAddr: 127.0.0.1:65523, Name: IpConnection_1, Driver: GameNetDriver IpNetDriver_0, IsServer: YES, PC: NULL, Owner: NULL
[2016.10.10-04.24.41:408][ 88]LogNet: NotifyAcceptingChannel Control 0 server World /Game/ThirdPersonBP/Maps/UEDPIE_1_ThirdPersonExampleMap.ThirdPersonExampleMap: Accepted
[2016.10.10-04.24.41:408][ 88]LogNet: Remote platform little endian=1
[2016.10.10-04.24.41:408][ 88]LogNet: This platform little endian=1
[2016.10.10-04.24.41:408][ 88]LogNet: GetLocalNetworkVersion: GEngineNetVersion: 3039270, ProjectName: unnamed, ProjectVersion: 1.0.0.0, InternalProtocolVersion: 9, LocalNetworkVersion: 1745645396
[2016.10.10-04.24.41:437][ 89]LogNet: Login request: /Game/ThirdPersonBP/Maps/ThirdPersonExampleMap userId: Invalid
[2016.10.10-04.24.41:441][ 89]LogNet: Welcomed by server (Level: /Game/ThirdPersonBP/Maps/UEDPIE_1_ThirdPersonExampleMap, Game: /Game/ThirdPersonBP/Blueprints/ThirdPersonGameMode.ThirdPersonGameMode_C)
[2016.10.10-04.24.41:442][ 89]LogLoad: LoadMap: 127.0.0.1//Game/ThirdPersonBP/Maps/UEDPIE_1_ThirdPersonExampleMap?game=/Game/ThirdPersonBP/Blueprints/ThirdPersonGameMode.ThirdPersonGameMode_C
[2016.10.10-04.24.41:459][ 89]Cmd: MEM
[2016.10.10-04.24.41:472][ 89]LogMemory: Platform Memory Stats for Windows
[2016.10.10-04.24.41:472][ 89]LogMemory: Process Physical Memory: 776.12 MB used, 783.16 MB peak
[2016.10.10-04.24.41:472][ 89]LogMemory: Process Virtual Memory: 1667.42 MB used, 1673.99 MB peak
[2016.10.10-04.24.41:472][ 89]LogMemory: Physical Memory: 3521.03 MB used, 8113.86 MB total
[2016.10.10-04.24.41:472][ 89]LogMemory: Virtual Memory: 2437.93 MB used, 134217728.00 MB total
[2016.10.10-04.24.41:472][ 89]LogMemory: 
[2016.10.10-04.24.41:472][ 89]Allocator Stats for TBB: (not implemented)
[2016.10.10-04.24.41:477][ 89]LogWorld: PIE: Copying PIE streaming level from /Game/ThirdPersonBP/Maps/ThirdPersonExampleMap.ThirdPersonExampleMap to /Game/ThirdPersonBP/Maps/UEDPIE_2_ThirdPersonExampleMap.ThirdPersonExampleMap. OwningWorld: None
[2016.10.10-04.24.41:477][ 89]LogAIModule: Creating AISystem for world ThirdPersonExampleMap
[2016.10.10-04.24.41:489][ 89]LogWorld: Bringing World /Game/ThirdPersonBP/Maps/UEDPIE_2_ThirdPersonExampleMap.ThirdPersonExampleMap up for play (max tick rate 0) at 2016.10.10-13.24.41
[2016.10.10-04.24.41:493][ 89]LogWorld: Bringing up level for play took: 0.013545
[2016.10.10-04.24.41:494][ 89]LogLoad: Took 0.051431 seconds to LoadMap(/Game/ThirdPersonBP/Maps/UEDPIE_1_ThirdPersonExampleMap)
[2016.10.10-04.24.41:513][ 90]LogNet: Client netspeed is 10000
[2016.10.10-04.24.41:513][ 90]LogNet: Join request: /Game/ThirdPersonBP/Maps/ThirdPersonExampleMap?SplitscreenCount=1
[2016.10.10-04.24.41:519][ 90]LogNet: Join succeeded: 257
[2016.10.10-04.24.41:519][ 90]LogCharacterMovement:Warning: GetSimulationTimeStep() - Max iterations 8 hit while remaining time 0.249418 > MaxSimulationTimeStep (0.050) for 'ThirdPersonCharacter_C_1', movement 'Falling'
[2016.10.10-04.24.41:524][ 90]LogSpawn:Warning: SpawnActor failed because no class was specified
[2016.10.10-04.24.57:834][800]LogBlueprintUserMessages: Early EndPlayMap Detection: Level '/Game/ThirdPersonBP/Maps/ThirdPersonExampleMap.ThirdPersonExampleMap:PersistentLevel' has LevelScriptBlueprint '/Game/ThirdPersonBP/Maps/ThirdPersonExampleMap.ThirdPersonExampleMap:PersistentLevel.ThirdPersonExampleMap' with GeneratedClass '/Game/ThirdPersonBP/Maps/ThirdPersonExampleMap.ThirdPersonExampleMap_C' with ClassGeneratedBy '/Game/ThirdPersonBP/Maps/ThirdPersonExampleMap.ThirdPersonExampleMap:PersistentLevel.ThirdPersonExampleMap'
[2016.10.10-04.24.57:950][800]LogBlueprintUserMessages: Late EndPlayMap Detection: Level '/Game/ThirdPersonBP/Maps/ThirdPersonExampleMap.ThirdPersonExampleMap:PersistentLevel' has LevelScriptBlueprint '/Game/ThirdPersonBP/Maps/ThirdPersonExampleMap.ThirdPersonExampleMap:PersistentLevel.ThirdPersonExampleMap' with GeneratedClass '/Game/ThirdPersonBP/Maps/ThirdPersonExampleMap.ThirdPersonExampleMap_C' with ClassGeneratedBy '/Game/ThirdPersonBP/Maps/ThirdPersonExampleMap.ThirdPersonExampleMap:PersistentLevel.ThirdPersonExampleMap'
[2016.10.10-04.24.57:966][800]LogNet: UChannel::CleanUp: ChIndex == 0. Closing connection. [UChannel] ChIndex: 0, Closing: 0 [UNetConnection] RemoteAddr: 127.0.0.1:65523, Name: IpConnection_1, Driver: GameNetDriver IpNetDriver_0, IsServer: YES, PC: None, Owner: None
[2016.10.10-04.24.57:966][800]LogNet: UNetConnection::Close: [UNetConnection] RemoteAddr: 127.0.0.1:65523, Name: IpConnection_1, Driver: GameNetDriver IpNetDriver_0, IsServer: YES, PC: None, Owner: None, Channels: 2, Time: 2016.10.10-04.24.57
[2016.10.10-04.24.57:966][800]LogNet: UChannel::Close: Sending CloseBunch. ChIndex == 0. Name: [UChannel] ChIndex: 0, Closing: 0 [UNetConnection] RemoteAddr: 127.0.0.1:65523, Name: IpConnection_1, Driver: GameNetDriver IpNetDriver_0, IsServer: YES, PC: None, Owner: None
[2016.10.10-04.24.57:967][800]LogNet: UChannel::CleanUp: ChIndex == 0. Closing connection. [UChannel] ChIndex: 0, Closing: 0 [UNetConnection] RemoteAddr: 127.0.0.1:7777, Name: IpConnection_0, Driver: GameNetDriver IpNetDriver_1, IsServer: NO, PC: None, Owner: None
[2016.10.10-04.24.57:967][800]LogNet: UNetConnection::Close: [UNetConnection] RemoteAddr: 127.0.0.1:7777, Name: IpConnection_0, Driver: GameNetDriver IpNetDriver_1, IsServer: NO, PC: None, Owner: None, Channels: 2, Time: 2016.10.10-04.24.57
[2016.10.10-04.24.57:967][800]LogNet: UChannel::Close: Sending CloseBunch. ChIndex == 0. Name: [UChannel] ChIndex: 0, Closing: 0 [UNetConnection] RemoteAddr: 127.0.0.1:7777, Name: IpConnection_0, Driver: GameNetDriver IpNetDriver_1, IsServer: NO, PC: None, Owner: None
[2016.10.10-04.24.57:975][800]LogExit: GameNetDriver None shut down
[2016.10.10-04.24.57:976][800]LogExit: GameNetDriver None shut down
[2016.10.10-04.25.03:529][362]LogActorFactory: Actor Factory created a1
[2016.10.10-04.25.04:972][484]LogActorFactory: Actor Factory created a1
[2016.10.10-04.25.43:578][619]LogBlueprintUserMessages: Early PlayInEditor Detection: Level '/Game/ThirdPersonBP/Maps/ThirdPersonExampleMap.ThirdPersonExampleMap:PersistentLevel' has LevelScriptBlueprint '/Game/ThirdPersonBP/Maps/ThirdPersonExampleMap.ThirdPersonExampleMap:PersistentLevel.ThirdPersonExampleMap' with GeneratedClass '/Game/ThirdPersonBP/Maps/ThirdPersonExampleMap.ThirdPersonExampleMap_C' with ClassGeneratedBy '/Game/ThirdPersonBP/Maps/ThirdPersonExampleMap.ThirdPersonExampleMap:PersistentLevel.ThirdPersonExampleMap'
[2016.10.10-04.25.43:578][619]LogPlayLevel: PlayLevel: No blueprints needed recompiling
[2016.10.10-04.25.43:585][619]PIE: New page: PIE session: ThirdPersonExampleMap (Oct 10, 2016, 10:25:43 PM)
[2016.10.10-04.25.43:585][619]LogPlayLevel: Creating play world package: /Game/ThirdPersonBP/Maps/UEDPIE_1_ThirdPersonExampleMap
[2016.10.10-04.25.43:591][619]LogPlayLevel: PIE: StaticDuplicateObject took: (0.006352s)
[2016.10.10-04.25.43:592][619]LogAIModule: Creating AISystem for world ThirdPersonExampleMap
[2016.10.10-04.25.43:592][619]LogPlayLevel: PIE: World Init took: (0.000613s)
[2016.10.10-04.25.43:592][619]LogPlayLevel: PIE: Created PIE world by copying editor world from /Game/ThirdPersonBP/Maps/ThirdPersonExampleMap.ThirdPersonExampleMap to /Game/ThirdPersonBP/Maps/UEDPIE_1_ThirdPersonExampleMap.ThirdPersonExampleMap (0.007213s)
[2016.10.10-04.25.43:605][619]LogInit: XAudio2 using '스피커(Realtek High Definition Audio)' : 2 channels at 48 kHz using 32 bits per sample (channel mask 0x3)
[2016.10.10-04.25.43:635][619]LogInit: FAudioDevice initialized.
[2016.10.10-04.25.43:698][619]LogWorld: Game class is 'ThirdPersonGameMode_C'
[2016.10.10-04.25.43:704][619]LogWorld: Bringing World /Game/ThirdPersonBP/Maps/UEDPIE_1_ThirdPersonExampleMap.ThirdPersonExampleMap up for play (max tick rate 0) at 2016.10.10-13.25.43
[2016.10.10-04.25.43:704][619]LogWorld: Bringing up level for play took: 0.005523
[2016.10.10-04.25.43:707][619]LogSpawn:Warning: SpawnActor failed because no class was specified
[2016.10.10-04.25.43:708][619]LogInit: WinSock: Socket queue 131072 / 131072
[2016.10.10-04.25.43:709][619]PacketHandlerLog: Loaded PacketHandler component: Engine.EngineHandlerComponentFactory (StatelessConnectHandlerComponent)
[2016.10.10-04.25.43:709][619]LogNet: GameNetDriver IpNetDriver_2 IpNetDriver listening on port 7777
[2016.10.10-04.25.43:712][619]LogBlueprintUserMessages: [gamestate_C_0] Server: Player 258
[2016.10.10-04.25.43:787][619]PIE: Info Play in editor start time for /Game/ThirdPersonBP/Maps/UEDPIE_1_ThirdPersonExampleMap 1.063
[2016.10.10-04.25.43:793][619]PIE: New page: PIE session: ThirdPersonExampleMap (Oct 10, 2016, 10:25:43 PM)
[2016.10.10-04.25.43:869][619]LogNet: Browse: 127.0.0.1//Game/ThirdPersonBP/Maps/ThirdPersonExampleMap
[2016.10.10-04.25.43:869][619]LogInit: WinSock: Socket queue 32768 / 32768
[2016.10.10-04.25.43:869][619]PacketHandlerLog: Loaded PacketHandler component: Engine.EngineHandlerComponentFactory (StatelessConnectHandlerComponent)
[2016.10.10-04.25.43:869][619]LogNet: Game client on port 7777, rate 10000
[2016.10.10-04.25.43:869][619]LogNet: GetLocalNetworkVersion: GEngineNetVersion: 3039270, ProjectName: unnamed, ProjectVersion: 1.0.0.0, InternalProtocolVersion: 9, LocalNetworkVersion: 1745645396
[2016.10.10-04.25.43:960][619]PIE: Info Play in editor start time for /Game/ThirdPersonBP/Maps/ThirdPersonExampleMap 1.237
[2016.10.10-04.25.44:036][619]LogBlueprintUserMessages: Late PlayInEditor Detection: Level '/Game/ThirdPersonBP/Maps/ThirdPersonExampleMap.ThirdPersonExampleMap:PersistentLevel' has LevelScriptBlueprint '/Game/ThirdPersonBP/Maps/ThirdPersonExampleMap.ThirdPersonExampleMap:PersistentLevel.ThirdPersonExampleMap' with GeneratedClass '/Game/ThirdPersonBP/Maps/ThirdPersonExampleMap.ThirdPersonExampleMap_C' with ClassGeneratedBy '/Game/ThirdPersonBP/Maps/ThirdPersonExampleMap.ThirdPersonExampleMap:PersistentLevel.ThirdPersonExampleMap'
[2016.10.10-04.25.44:036][619]LogNet: NotifyAcceptingConnection: Server ThirdPersonExampleMap accept
[2016.10.10-04.25.44:036][619]LogHandshake: SendConnectChallenge. Timestamp: 0.012035, Cookie: 188172054104149123126064125153188203245003110219145216135250
[2016.10.10-04.25.44:037][619]LogNet: NotifyAcceptingConnection: Server ThirdPersonExampleMap accept
[2016.10.10-04.25.44:038][619]LogHandshake: SendChallengeResponse. Timestamp: 0.012035, Cookie: 188172054104149123126064125153188203245003110219145216135250
[2016.10.10-04.25.44:148][620]LogNet: NotifyAcceptingConnection: Server ThirdPersonExampleMap accept
[2016.10.10-04.25.44:149][620]LogNet: Server accepting post-challenge connection from: 127.0.0.1:49379
[2016.10.10-04.25.44:149][620]PacketHandlerLog: Loaded PacketHandler component: Engine.EngineHandlerComponentFactory (StatelessConnectHandlerComponent)
[2016.10.10-04.25.44:149][620]LogNet: NotifyAcceptedConnection: Name: ThirdPersonExampleMap, TimeStamp: 10/10/16 13:25:44, [UNetConnection] RemoteAddr: 127.0.0.1:49379, Name: IpConnection_3, Driver: GameNetDriver IpNetDriver_2, IsServer: YES, PC: NULL, Owner: NULL
[2016.10.10-04.25.44:149][620]LogNet: AddClientConnection: Added client connection: [UNetConnection] RemoteAddr: 127.0.0.1:49379, Name: IpConnection_3, Driver: GameNetDriver IpNetDriver_2, IsServer: YES, PC: NULL, Owner: NULL
[2016.10.10-04.25.44:185][622]LogNet: NotifyAcceptingChannel Control 0 server World /Game/ThirdPersonBP/Maps/UEDPIE_1_ThirdPersonExampleMap.ThirdPersonExampleMap: Accepted
[2016.10.10-04.25.44:185][622]LogNet: Remote platform little endian=1
[2016.10.10-04.25.44:185][622]LogNet: This platform little endian=1
[2016.10.10-04.25.44:185][622]LogNet: GetLocalNetworkVersion: GEngineNetVersion: 3039270, ProjectName: unnamed, ProjectVersion: 1.0.0.0, InternalProtocolVersion: 9, LocalNetworkVersion: 1745645396
[2016.10.10-04.25.44:204][623]LogNet: Login request: /Game/ThirdPersonBP/Maps/ThirdPersonExampleMap userId: Invalid
[2016.10.10-04.25.44:210][623]LogNet: Welcomed by server (Level: /Game/ThirdPersonBP/Maps/UEDPIE_1_ThirdPersonExampleMap, Game: /Game/ThirdPersonBP/Blueprints/ThirdPersonGameMode.ThirdPersonGameMode_C)
[2016.10.10-04.25.44:214][623]LogLoad: LoadMap: 127.0.0.1//Game/ThirdPersonBP/Maps/UEDPIE_1_ThirdPersonExampleMap?game=/Game/ThirdPersonBP/Blueprints/ThirdPersonGameMode.ThirdPersonGameMode_C
[2016.10.10-04.25.44:230][623]Cmd: MEM
[2016.10.10-04.25.44:239][623]LogMemory: Platform Memory Stats for Windows
[2016.10.10-04.25.44:239][623]LogMemory: Process Physical Memory: 886.70 MB used, 888.50 MB peak
[2016.10.10-04.25.44:239][623]LogMemory: Process Virtual Memory: 1707.61 MB used, 1707.67 MB peak
[2016.10.10-04.25.44:239][623]LogMemory: Physical Memory: 3645.74 MB used, 8113.86 MB total
[2016.10.10-04.25.44:239][623]LogMemory: Virtual Memory: 2503.23 MB used, 134217728.00 MB total
[2016.10.10-04.25.44:239][623]LogMemory: 
[2016.10.10-04.25.44:239][623]Allocator Stats for TBB: (not implemented)
[2016.10.10-04.25.44:244][623]LogWorld: PIE: Copying PIE streaming level from /Game/ThirdPersonBP/Maps/ThirdPersonExampleMap.ThirdPersonExampleMap to /Game/ThirdPersonBP/Maps/UEDPIE_2_ThirdPersonExampleMap.ThirdPersonExampleMap. OwningWorld: None
[2016.10.10-04.25.44:245][623]LogAIModule: Creating AISystem for world ThirdPersonExampleMap
[2016.10.10-04.25.44:252][623]LogWorld: Bringing World /Game/ThirdPersonBP/Maps/UEDPIE_2_ThirdPersonExampleMap.ThirdPersonExampleMap up for play (max tick rate 0) at 2016.10.10-13.25.44
[2016.10.10-04.25.44:252][623]LogWorld: Bringing up level for play took: 0.006217
[2016.10.10-04.25.44:252][623]LogLoad: Took 0.038091 seconds to LoadMap(/Game/ThirdPersonBP/Maps/UEDPIE_1_ThirdPersonExampleMap)
[2016.10.10-04.25.44:272][624]LogNet: Client netspeed is 10000
[2016.10.10-04.25.44:272][624]LogNet: Join request: /Game/ThirdPersonBP/Maps/ThirdPersonExampleMap?SplitscreenCount=1
[2016.10.10-04.25.44:278][624]LogNet: Join succeeded: 259
[2016.10.10-04.25.44:281][624]LogSpawn:Warning: SpawnActor failed because no class was specified
[2016.10.10-04.25.47:209][766]LogBlueprintUserMessages: Early EndPlayMap Detection: Level '/Game/ThirdPersonBP/Maps/ThirdPersonExampleMap.ThirdPersonExampleMap:PersistentLevel' has LevelScriptBlueprint '/Game/ThirdPersonBP/Maps/ThirdPersonExampleMap.ThirdPersonExampleMap:PersistentLevel.ThirdPersonExampleMap' with GeneratedClass '/Game/ThirdPersonBP/Maps/ThirdPersonExampleMap.ThirdPersonExampleMap_C' with ClassGeneratedBy '/Game/ThirdPersonBP/Maps/ThirdPersonExampleMap.ThirdPersonExampleMap:PersistentLevel.ThirdPersonExampleMap'
[2016.10.10-04.25.47:358][766]LogBlueprintUserMessages: Late EndPlayMap Detection: Level '/Game/ThirdPersonBP/Maps/ThirdPersonExampleMap.ThirdPersonExampleMap:PersistentLevel' has LevelScriptBlueprint '/Game/ThirdPersonBP/Maps/ThirdPersonExampleMap.ThirdPersonExampleMap:PersistentLevel.ThirdPersonExampleMap' with GeneratedClass '/Game/ThirdPersonBP/Maps/ThirdPersonExampleMap.ThirdPersonExampleMap_C' with ClassGeneratedBy '/Game/ThirdPersonBP/Maps/ThirdPersonExampleMap.ThirdPersonExampleMap:PersistentLevel.ThirdPersonExampleMap'
[2016.10.10-04.25.47:372][766]LogNet: UChannel::CleanUp: ChIndex == 0. Closing connection. [UChannel] ChIndex: 0, Closing: 0 [UNetConnection] RemoteAddr: 127.0.0.1:49379, Name: IpConnection_3, Driver: GameNetDriver IpNetDriver_2, IsServer: YES, PC: None, Owner: None
[2016.10.10-04.25.47:372][766]LogNet: UNetConnection::Close: [UNetConnection] RemoteAddr: 127.0.0.1:49379, Name: IpConnection_3, Driver: GameNetDriver IpNetDriver_2, IsServer: YES, PC: None, Owner: None, Channels: 2, Time: 2016.10.10-04.25.47
[2016.10.10-04.25.47:372][766]LogNet: UChannel::Close: Sending CloseBunch. ChIndex == 0. Name: [UChannel] ChIndex: 0, Closing: 0 [UNetConnection] RemoteAddr: 127.0.0.1:49379, Name: IpConnection_3, Driver: GameNetDriver IpNetDriver_2, IsServer: YES, PC: None, Owner: None
[2016.10.10-04.25.47:373][766]LogNet: UChannel::CleanUp: ChIndex == 0. Closing connection. [UChannel] ChIndex: 0, Closing: 0 [UNetConnection] RemoteAddr: 127.0.0.1:7777, Name: IpConnection_2, Driver: GameNetDriver IpNetDriver_3, IsServer: NO, PC: None, Owner: None
[2016.10.10-04.25.47:373][766]LogNet: UNetConnection::Close: [UNetConnection] RemoteAddr: 127.0.0.1:7777, Name: IpConnection_2, Driver: GameNetDriver IpNetDriver_3, IsServer: NO, PC: None, Owner: None, Channels: 2, Time: 2016.10.10-04.25.47
[2016.10.10-04.25.47:373][766]LogNet: UChannel::Close: Sending CloseBunch. ChIndex == 0. Name: [UChannel] ChIndex: 0, Closing: 0 [UNetConnection] RemoteAddr: 127.0.0.1:7777, Name: IpConnection_2, Driver: GameNetDriver IpNetDriver_3, IsServer: NO, PC: None, Owner: None
[2016.10.10-04.25.47:379][766]LogExit: GameNetDriver None shut down
[2016.10.10-04.25.47:379][766]LogExit: GameNetDriver None shut down
[2016.10.10-04.25.49:858][982]MapCheck: New page: Map Check
[2016.10.10-04.25.49:878][982]Cmd: MAP REBUILD ALLVISIBLE
[2016.10.10-04.25.49:879][982]LogEditorServer: Rebuildmap Clear paths rebuilt
[2016.10.10-04.25.50:039][982]LightingResults: New page: Lighting Build - Oct 10, 2016, 10:25:50 PM
[2016.10.10-04.25.50:224][982]LogSwarmInterface: [OpenConnection] Registering TCP channel ...
[2016.10.10-04.25.50:693][982]LogSwarmInterface: [OpenConnection] Connecting to agent ...
[2016.10.10-04.25.50:748][982]LogSwarmInterface: [TryOpenConnection] Testing the Agent
[2016.10.10-04.25.53:531][982]LogSwarmInterface: [TryOpenConnection] Opening Connection to Agent
[2016.10.10-04.25.53:531][982]LogSwarmInterface: [TryOpenConnection] Local Process ID is 8560
[2016.10.10-04.25.59:414][982]LogStaticLightingSystem: Running Lightmass w/ ImmediateImport mode ENABLED
[2016.10.10-04.25.59:414][982]LogStaticLightingSystem: Running Lightmass w/ ImmediateProcess mode ENABLED
[2016.10.10-04.25.59:414][982]LogStaticLightingSystem: Running Lightmass w/ Sorting mode ENABLED
[2016.10.10-04.25.59:414][982]LogStaticLightingSystem: Running Lightmass w/ Mapping paddings ENABLED
[2016.10.10-04.25.59:414][982]LogStaticLightingSystem: Running Lightmass w/ Mapping debug paddings DISABLED
[2016.10.10-04.25.59:736][982]Cmd: MAP CHECK DONTDISPLAYDIALOG
[2016.10.10-04.25.59:736][982]MapCheck: New page: ThirdPersonExampleMap - Oct 10, 2016, 10:25:59 PM
[2016.10.10-04.25.59:737][982]MapCheck:Warning: Warning b2_7 Static mesh actor has NULL StaticMesh property 
[2016.10.10-04.25.59:737][982]MapCheck:Warning: Warning b2_7 Static mesh actor has NULL StaticMesh property 
[2016.10.10-04.25.59:737][982]MapCheck:Error: Error WorldInfo_0 Maps need lighting rebuilt 
[2016.10.10-04.25.59:854][982]MapCheck: Info Map check complete: 1 Error(s), 2 Warning(s), took 118.453ms to complete.
[2016.10.10-04.25.59:877][982]LogEditorBuildUtils: Build time 0:10
[2016.10.10-04.26.08:528][487]Job is a success!
[2016.10.10-04.26.08:844][488]LogTexture:Display: Building textures: SkyOcclusion1_1 (AutoDXT)
[2016.10.10-04.26.08:844][488]LogTexture:Display: Building textures: LQ_Lightmap_1_1 (DXT1)
[2016.10.10-04.26.08:844][488]LogTexture:Display: Building textures: LQ_Lightmap_1_2 (DXT1)
[2016.10.10-04.26.08:845][488]LogTexture:Display: Building textures: HQ_Lightmap1_2 (AutoDXT)
[2016.10.10-04.26.08:845][488]LogTexture:Display: Building textures: HQ_Lightmap1_1 (AutoDXT)
[2016.10.10-04.26.08:845][488]LogTexture:Display: Building textures: SkyOcclusion1_2 (AutoDXT)
[2016.10.10-04.26.08:845][488]LogTexture:Display: Building textures: ShadowMapTexture2D_0 (G8)
[2016.10.10-04.26.08:845][488]LogTexture:Display: Building textures: ShadowMapTexture2D_1 (G8)
[2016.10.10-04.26.09:019][488]Lightmass on DESKTOP-5I3HB32: 6.50 sec total, 4.79 sec importing, 20 ms setup, 361 ms photons, 1.27 sec processing, 0 ms extra exporting [8/8 mappings]. Threads: 8.76 sec total, 4.73 sec processing.
[2016.10.10-04.26.09:043][488]LogStaticLightingSystem: Illumination: 18.9 sec (180 ms encoding lightmaps, 46 ms encoding shadowmaps)
[2016.10.10-04.26.09:044][488]LogStaticLightingSystem: Lightmap texture memory:  0.7 MB (0.7 MB streaming, 0.0 MB non-streaming), 4 textures
[2016.10.10-04.26.09:044][488]LogStaticLightingSystem: Shadowmap texture memory: 0.2 MB (0.2 MB streaming, 0.0 MB non-streaming), 2 textures
[2016.10.10-04.26.09:419][489]Cmd: MAP CHECK NOTIFYRESULTS
[2016.10.10-04.26.09:419][489]MapCheck: New page: ThirdPersonExampleMap - Oct 10, 2016, 10:26:09 PM
[2016.10.10-04.26.09:420][489]MapCheck:Warning: Warning b2_7 Static mesh actor has NULL StaticMesh property 
[2016.10.10-04.26.09:420][489]MapCheck:Warning: Warning b2_7 Static mesh actor has NULL StaticMesh property 
[2016.10.10-04.26.09:556][489]MapCheck: Info Map check complete: 0 Error(s), 2 Warning(s), took 136.845ms to complete.
[2016.10.10-04.26.10:815][580]LogBlueprintUserMessages: Early PlayInEditor Detection: Level '/Game/ThirdPersonBP/Maps/ThirdPersonExampleMap.ThirdPersonExampleMap:PersistentLevel' has LevelScriptBlueprint '/Game/ThirdPersonBP/Maps/ThirdPersonExampleMap.ThirdPersonExampleMap:PersistentLevel.ThirdPersonExampleMap' with GeneratedClass '/Game/ThirdPersonBP/Maps/ThirdPersonExampleMap.ThirdPersonExampleMap_C' with ClassGeneratedBy '/Game/ThirdPersonBP/Maps/ThirdPersonExampleMap.ThirdPersonExampleMap:PersistentLevel.ThirdPersonExampleMap'
[2016.10.10-04.26.10:815][580]LogPlayLevel: PlayLevel: No blueprints needed recompiling
[2016.10.10-04.26.10:821][580]PIE: New page: PIE session: ThirdPersonExampleMap (Oct 10, 2016, 10:26:10 PM)
[2016.10.10-04.26.10:821][580]LogPlayLevel: Creating play world package: /Game/ThirdPersonBP/Maps/UEDPIE_1_ThirdPersonExampleMap
[2016.10.10-04.26.10:828][580]LogPlayLevel: PIE: StaticDuplicateObject took: (0.006466s)
[2016.10.10-04.26.10:828][580]LogAIModule: Creating AISystem for world ThirdPersonExampleMap
[2016.10.10-04.26.10:828][580]LogPlayLevel: PIE: World Init took: (0.000693s)
[2016.10.10-04.26.10:828][580]LogPlayLevel: PIE: Created PIE world by copying editor world from /Game/ThirdPersonBP/Maps/ThirdPersonExampleMap.ThirdPersonExampleMap to /Game/ThirdPersonBP/Maps/UEDPIE_1_ThirdPersonExampleMap.ThirdPersonExampleMap (0.007420s)
[2016.10.10-04.26.10:841][580]LogInit: XAudio2 using '스피커(Realtek High Definition Audio)' : 2 channels at 48 kHz using 32 bits per sample (channel mask 0x3)
[2016.10.10-04.26.10:868][580]LogInit: FAudioDevice initialized.
[2016.10.10-04.26.10:932][580]LogWorld: Game class is 'ThirdPersonGameMode_C'
[2016.10.10-04.26.10:938][580]LogWorld: Bringing World /Game/ThirdPersonBP/Maps/UEDPIE_1_ThirdPersonExampleMap.ThirdPersonExampleMap up for play (max tick rate 0) at 2016.10.10-13.26.10
[2016.10.10-04.26.10:938][580]LogWorld: Bringing up level for play took: 0.005332
[2016.10.10-04.26.10:939][580]LogSpawn:Warning: SpawnActor failed because no class was specified
[2016.10.10-04.26.10:940][580]LogInit: WinSock: Socket queue 131072 / 131072
[2016.10.10-04.26.10:940][580]PacketHandlerLog: Loaded PacketHandler component: Engine.EngineHandlerComponentFactory (StatelessConnectHandlerComponent)
[2016.10.10-04.26.10:940][580]LogNet: GameNetDriver IpNetDriver_4 IpNetDriver listening on port 7777
[2016.10.10-04.26.10:945][580]LogBlueprintUserMessages: [gamestate_C_0] Server: Player 260
[2016.10.10-04.26.11:036][580]PIE: Info Play in editor start time for /Game/ThirdPersonBP/Maps/UEDPIE_1_ThirdPersonExampleMap 0.312
[2016.10.10-04.26.11:043][580]PIE: New page: PIE session: ThirdPersonExampleMap (Oct 10, 2016, 10:26:11 PM)
[2016.10.10-04.26.11:126][580]LogNet: Browse: 127.0.0.1//Game/ThirdPersonBP/Maps/ThirdPersonExampleMap
[2016.10.10-04.26.11:127][580]LogInit: WinSock: Socket queue 32768 / 32768
[2016.10.10-04.26.11:128][580]PacketHandlerLog: Loaded PacketHandler component: Engine.EngineHandlerComponentFactory (StatelessConnectHandlerComponent)
[2016.10.10-04.26.11:128][580]LogNet: Game client on port 7777, rate 10000
[2016.10.10-04.26.11:129][580]LogNet: GetLocalNetworkVersion: GEngineNetVersion: 3039270, ProjectName: unnamed, ProjectVersion: 1.0.0.0, InternalProtocolVersion: 9, LocalNetworkVersion: 1745645396
[2016.10.10-04.26.11:216][580]PIE: Info Play in editor start time for /Game/ThirdPersonBP/Maps/ThirdPersonExampleMap 0.492
[2016.10.10-04.26.11:296][580]LogBlueprintUserMessages: Late PlayInEditor Detection: Level '/Game/ThirdPersonBP/Maps/ThirdPersonExampleMap.ThirdPersonExampleMap:PersistentLevel' has LevelScriptBlueprint '/Game/ThirdPersonBP/Maps/ThirdPersonExampleMap.ThirdPersonExampleMap:PersistentLevel.ThirdPersonExampleMap' with GeneratedClass '/Game/ThirdPersonBP/Maps/ThirdPersonExampleMap.ThirdPersonExampleMap_C' with ClassGeneratedBy '/Game/ThirdPersonBP/Maps/ThirdPersonExampleMap.ThirdPersonExampleMap:PersistentLevel.ThirdPersonExampleMap'
[2016.10.10-04.26.11:296][580]LogNet: NotifyAcceptingConnection: Server ThirdPersonExampleMap accept
[2016.10.10-04.26.11:296][580]LogHandshake: SendConnectChallenge. Timestamp: 0.013048, Cookie: 134136225134135056201059094188064116189099207059000184129076
[2016.10.10-04.26.11:297][580]LogNet: NotifyAcceptingConnection: Server ThirdPersonExampleMap accept
[2016.10.10-04.26.11:298][580]LogHandshake: SendChallengeResponse. Timestamp: 0.013048, Cookie: 134136225134135056201059094188064116189099207059000184129076
[2016.10.10-04.26.11:405][581]LogNet: NotifyAcceptingConnection: Server ThirdPersonExampleMap accept
[2016.10.10-04.26.11:405][581]LogNet: Server accepting post-challenge connection from: 127.0.0.1:51324
[2016.10.10-04.26.11:405][581]PacketHandlerLog: Loaded PacketHandler component: Engine.EngineHandlerComponentFactory (StatelessConnectHandlerComponent)
[2016.10.10-04.26.11:405][581]LogNet: NotifyAcceptedConnection: Name: ThirdPersonExampleMap, TimeStamp: 10/10/16 13:26:11, [UNetConnection] RemoteAddr: 127.0.0.1:51324, Name: IpConnection_5, Driver: GameNetDriver IpNetDriver_4, IsServer: YES, PC: NULL, Owner: NULL
[2016.10.10-04.26.11:405][581]LogNet: AddClientConnection: Added client connection: [UNetConnection] RemoteAddr: 127.0.0.1:51324, Name: IpConnection_5, Driver: GameNetDriver IpNetDriver_4, IsServer: YES, PC: NULL, Owner: NULL
[2016.10.10-04.26.11:478][583]LogNet: NotifyAcceptingChannel Control 0 server World /Game/ThirdPersonBP/Maps/UEDPIE_1_ThirdPersonExampleMap.ThirdPersonExampleMap: Accepted
[2016.10.10-04.26.11:478][583]LogNet: Remote platform little endian=1
[2016.10.10-04.26.11:478][583]LogNet: This platform little endian=1
[2016.10.10-04.26.11:478][583]LogNet: GetLocalNetworkVersion: GEngineNetVersion: 3039270, ProjectName: unnamed, ProjectVersion: 1.0.0.0, InternalProtocolVersion: 9, LocalNetworkVersion: 1745645396
[2016.10.10-04.26.11:500][584]LogNet: Login request: /Game/ThirdPersonBP/Maps/ThirdPersonExampleMap userId: Invalid
[2016.10.10-04.26.11:502][584]LogNet: Welcomed by server (Level: /Game/ThirdPersonBP/Maps/UEDPIE_1_ThirdPersonExampleMap, Game: /Game/ThirdPersonBP/Blueprints/ThirdPersonGameMode.ThirdPersonGameMode_C)
[2016.10.10-04.26.11:538][584]LogLoad: LoadMap: 127.0.0.1//Game/ThirdPersonBP/Maps/UEDPIE_1_ThirdPersonExampleMap?game=/Game/ThirdPersonBP/Blueprints/ThirdPersonGameMode.ThirdPersonGameMode_C
[2016.10.10-04.26.11:548][584]Cmd: MEM
[2016.10.10-04.26.11:563][584]LogMemory: Platform Memory Stats for Windows
[2016.10.10-04.26.11:563][584]LogMemory: Process Physical Memory: 932.98 MB used, 933.66 MB peak
[2016.10.10-04.26.11:563][584]LogMemory: Process Virtual Memory: 1761.44 MB used, 1761.44 MB peak
[2016.10.10-04.26.11:563][584]LogMemory: Physical Memory: 3728.76 MB used, 8113.86 MB total
[2016.10.10-04.26.11:563][584]LogMemory: Virtual Memory: 3020.02 MB used, 134217728.00 MB total
[2016.10.10-04.26.11:563][584]LogMemory: 
[2016.10.10-04.26.11:563][584]Allocator Stats for TBB: (not implemented)
[2016.10.10-04.26.11:573][584]LogWorld: PIE: Copying PIE streaming level from /Game/ThirdPersonBP/Maps/ThirdPersonExampleMap.ThirdPersonExampleMap to /Game/ThirdPersonBP/Maps/UEDPIE_2_ThirdPersonExampleMap.ThirdPersonExampleMap. OwningWorld: None
[2016.10.10-04.26.11:574][584]LogAIModule: Creating AISystem for world ThirdPersonExampleMap
[2016.10.10-04.26.11:584][584]LogWorld: Bringing World /Game/ThirdPersonBP/Maps/UEDPIE_2_ThirdPersonExampleMap.ThirdPersonExampleMap up for play (max tick rate 0) at 2016.10.10-13.26.11
[2016.10.10-04.26.11:584][584]LogWorld: Bringing up level for play took: 0.008278
[2016.10.10-04.26.11:584][584]LogLoad: Took 0.046425 seconds to LoadMap(/Game/ThirdPersonBP/Maps/UEDPIE_1_ThirdPersonExampleMap)
[2016.10.10-04.26.11:605][585]LogNet: Client netspeed is 10000
[2016.10.10-04.26.11:605][585]LogNet: Join request: /Game/ThirdPersonBP/Maps/ThirdPersonExampleMap?SplitscreenCount=1
[2016.10.10-04.26.11:612][585]LogNet: Join succeeded: 261
[2016.10.10-04.26.11:615][585]LogSpawn:Warning: SpawnActor failed because no class was specified
[2016.10.10-04.26.52:962][597]LogBlueprintUserMessages: Early EndPlayMap Detection: Level '/Game/ThirdPersonBP/Maps/ThirdPersonExampleMap.ThirdPersonExampleMap:PersistentLevel' has LevelScriptBlueprint '/Game/ThirdPersonBP/Maps/ThirdPersonExampleMap.ThirdPersonExampleMap:PersistentLevel.ThirdPersonExampleMap' with GeneratedClass '/Game/ThirdPersonBP/Maps/ThirdPersonExampleMap.ThirdPersonExampleMap_C' with ClassGeneratedBy '/Game/ThirdPersonBP/Maps/ThirdPersonExampleMap.ThirdPersonExampleMap:PersistentLevel.ThirdPersonExampleMap'
[2016.10.10-04.26.53:110][597]LogBlueprintUserMessages: Late EndPlayMap Detection: Level '/Game/ThirdPersonBP/Maps/ThirdPersonExampleMap.ThirdPersonExampleMap:PersistentLevel' has LevelScriptBlueprint '/Game/ThirdPersonBP/Maps/ThirdPersonExampleMap.ThirdPersonExampleMap:PersistentLevel.ThirdPersonExampleMap' with GeneratedClass '/Game/ThirdPersonBP/Maps/ThirdPersonExampleMap.ThirdPersonExampleMap_C' with ClassGeneratedBy '/Game/ThirdPersonBP/Maps/ThirdPersonExampleMap.ThirdPersonExampleMap:PersistentLevel.ThirdPersonExampleMap'
[2016.10.10-04.26.53:126][597]LogNet: UChannel::CleanUp: ChIndex == 0. Closing connection. [UChannel] ChIndex: 0, Closing: 0 [UNetConnection] RemoteAddr: 127.0.0.1:51324, Name: IpConnection_5, Driver: GameNetDriver IpNetDriver_4, IsServer: YES, PC: None, Owner: None
[2016.10.10-04.26.53:126][597]LogNet: UNetConnection::Close: [UNetConnection] RemoteAddr: 127.0.0.1:51324, Name: IpConnection_5, Driver: GameNetDriver IpNetDriver_4, IsServer: YES, PC: None, Owner: None, Channels: 2, Time: 2016.10.10-04.26.53
[2016.10.10-04.26.53:126][597]LogNet: UChannel::Close: Sending CloseBunch. ChIndex == 0. Name: [UChannel] ChIndex: 0, Closing: 0 [UNetConnection] RemoteAddr: 127.0.0.1:51324, Name: IpConnection_5, Driver: GameNetDriver IpNetDriver_4, IsServer: YES, PC: None, Owner: None
[2016.10.10-04.26.53:126][597]LogNet: UChannel::CleanUp: ChIndex == 0. Closing connection. [UChannel] ChIndex: 0, Closing: 0 [UNetConnection] RemoteAddr: 127.0.0.1:7777, Name: IpConnection_4, Driver: GameNetDriver IpNetDriver_5, IsServer: NO, PC: None, Owner: None
[2016.10.10-04.26.53:126][597]LogNet: UNetConnection::Close: [UNetConnection] RemoteAddr: 127.0.0.1:7777, Name: IpConnection_4, Driver: GameNetDriver IpNetDriver_5, IsServer: NO, PC: None, Owner: None, Channels: 2, Time: 2016.10.10-04.26.53
[2016.10.10-04.26.53:126][597]LogNet: UChannel::Close: Sending CloseBunch. ChIndex == 0. Name: [UChannel] ChIndex: 0, Closing: 0 [UNetConnection] RemoteAddr: 127.0.0.1:7777, Name: IpConnection_4, Driver: GameNetDriver IpNetDriver_5, IsServer: NO, PC: None, Owner: None
[2016.10.10-04.26.53:132][597]LogExit: GameNetDriver None shut down
[2016.10.10-04.26.53:132][597]LogExit: GameNetDriver None shut down
[2016.10.10-04.27.02:139][440]LogEditorViewport: Clicking on Actor (LMB): StaticMeshActor (test)
[2016.10.10-04.27.02:608][484]Cmd: TRANSACTION UNDO
[2016.10.10-04.27.02:608][484]LogEditorTransaction: Undo Clicking on Actors
[2016.10.10-04.29.36:402][367]LogSavePackage: Save=122.30ms
[2016.10.10-04.29.36:402][367]LogSavePackage: Moving '../../../../../../Users/jcy/Documents/GitHub/UNNAMED/UNNAMED/Saved/ThirdPersonExampleMap596C935E4DA0CF6CEB1DB5B4B1393422.tmp' to '../../../../../../Users/jcy/Documents/GitHub/UNNAMED/UNNAMED/Content/ThirdPersonBP/Maps/ThirdPersonExampleMap.umap'
[2016.10.10-04.29.36:405][367]LogSavePackage:Display: Finished SavePackage ../../../../../../Users/jcy/Documents/GitHub/UNNAMED/UNNAMED/Content/ThirdPersonBP/Maps/ThirdPersonExampleMap.umap
[2016.10.10-04.29.36:431][367]LogFileHelpers: Saving map 'ThirdPersonExampleMap' took 0.542
[2016.10.10-04.29.36:512][367]LogWindowsTextInputMethodSystem:Display: IME system now activated using TSF (Microsoft 입력기).
[2016.10.10-04.29.36:745][368]Cmd: QUIT_EDITOR
[2016.10.10-04.29.37:000][368]LogExit: Preparing to exit.
[2016.10.10-04.29.38:105][368]LogExit: Editor shut down
[2016.10.10-04.29.38:105][368]LogExit: Transaction tracking system shut down
[2016.10.10-04.29.38:263][368]LogObj: Freed 0b from 0 cluster array pools.
[2016.10.10-04.29.38:264][368]LogExit: Object subsystem successfully closed.
[2016.10.10-04.29.38:282][368]LogD3D11RHI: Shutdown
[2016.10.10-04.29.38:283][368]LogD3D11RHI: CleanupD3DDevice
[2016.10.10-04.29.38:379][368]LogD3D11RHI: ~FD3D11DynamicRHI
[2016.10.10-04.29.38:401][368]LogModuleManager: Shutting down and abandoning module HierarchicalLODUtilities (216)
[2016.10.10-04.29.38:401][368]LogModuleManager: Shutting down and abandoning module MovieSceneCapture (214)
[2016.10.10-04.29.38:401][368]LogModuleManager: Shutting down and abandoning module HierarchicalLODOutliner (213)
[2016.10.10-04.29.38:401][368]LogModuleManager: Shutting down and abandoning module CrashTracker (212)
[2016.10.10-04.29.38:401][368]LogModuleManager: Shutting down and abandoning module SceneOutliner (211)
[2016.10.10-04.29.38:401][368]LogModuleManager: Shutting down and abandoning module WidgetCarousel (210)
[2016.10.10-04.29.38:401][368]LogModuleManager: Shutting down and abandoning module AddContentDialog (209)
[2016.10.10-04.29.38:402][368]LogModuleManager: Shutting down and abandoning module GameplayTags (208)
[2016.10.10-04.29.38:402][368]LogModuleManager: Shutting down and abandoning module EditorWidgets (207)
[2016.10.10-04.29.38:402][368]LogModuleManager: Shutting down and abandoning module CollectionManager (206)
[2016.10.10-04.29.38:402][368]LogModuleManager: Shutting down and abandoning module StatsViewer (205)
[2016.10.10-04.29.38:402][368]LogModuleManager: Shutting down and abandoning module FoliageEdit (204)
[2016.10.10-04.29.38:402][368]LogModuleManager: Shutting down and abandoning module LandscapeEditor (203)
[2016.10.10-04.29.38:402][368]LogModuleManager: Shutting down and abandoning module SceneDepthPickerMode (202)
[2016.10.10-04.29.38:402][368]LogModuleManager: Shutting down and abandoning module ActorPickerMode (201)
[2016.10.10-04.29.38:402][368]LogModuleManager: Shutting down and abandoning module GeometryMode (200)
[2016.10.10-04.29.38:402][368]LogModuleManager: Shutting down and abandoning module TextureAlignMode (199)
[2016.10.10-04.29.38:402][368]LogModuleManager: Shutting down and abandoning module BspMode (198)
[2016.10.10-04.29.38:403][368]LogModuleManager: Shutting down and abandoning module HardwareSurvey (197)
[2016.10.10-04.29.38:403][368]LogModuleManager: Shutting down and abandoning module SequenceRecorderSections (196)
[2016.10.10-04.29.38:403][368]LogModuleManager: Shutting down and abandoning module SequenceRecorder (195)
[2016.10.10-04.29.38:403][368]LogModuleManager: Shutting down and abandoning module AutomationWorker (194)
[2016.10.10-04.29.38:403][368]LogModuleManager: Shutting down and abandoning module MatineeToLevelSequence (193)
[2016.10.10-04.29.38:403][368]LogModuleManager: Shutting down and abandoning module PlacementMode (192)
[2016.10.10-04.29.38:403][368]LogModuleManager: Shutting down and abandoning module LevelSequenceEditor (191)
[2016.10.10-04.29.38:403][368]LogModuleManager: Shutting down and abandoning module CharacterAI (190)
[2016.10.10-04.29.38:403][368]LogModuleManager: Shutting down and abandoning module SmartSnapping (189)
[2016.10.10-04.29.38:403][368]LogModuleManager: Shutting down and abandoning module SessionServices (188)
[2016.10.10-04.29.38:403][368]LogModuleManager: Shutting down and abandoning module ViewportSnapping (187)
[2016.10.10-04.29.38:403][368]LogModuleManager: Shutting down and abandoning module LogVisualizer (186)
[2016.10.10-04.29.38:403][368]LogModuleManager: Shutting down and abandoning module GameProjectGeneration (185)
[2016.10.10-04.29.38:403][368]LogModuleManager: Shutting down and abandoning module IntroTutorials (184)
[2016.10.10-04.29.38:403][368]LogModuleManager: Shutting down and abandoning module EditorLiveStreaming (183)
[2016.10.10-04.29.38:403][368]LogModuleManager: Shutting down and abandoning module IOSPlatformEditor (182)
[2016.10.10-04.29.38:403][368]LogModuleManager: Shutting down and abandoning module HTML5PlatformEditor (181)
[2016.10.10-04.29.38:403][368]LogModuleManager: Shutting down and abandoning module AndroidDeviceDetection (180)
[2016.10.10-04.29.39:236][368]LogModuleManager: Shutting down and abandoning module AndroidPlatformEditor (179)
[2016.10.10-04.29.39:237][368]LogModuleManager: Shutting down and abandoning module IOSRuntimeSettings (178)
[2016.10.10-04.29.39:237][368]LogModuleManager: Shutting down and abandoning module AndroidRuntimeSettings (177)
[2016.10.10-04.29.39:237][368]LogModuleManager: Shutting down and abandoning module MergeActors (176)
[2016.10.10-04.29.39:237][368]LogModuleManager: Shutting down and abandoning module SizeMap (175)
[2016.10.10-04.29.39:237][368]LogModuleManager: Shutting down and abandoning module TreeMap (174)
[2016.10.10-04.29.39:237][368]LogModuleManager: Shutting down and abandoning module ReferenceViewer (173)
[2016.10.10-04.29.39:237][368]LogModuleManager: Shutting down and abandoning module LocalizationService (172)
[2016.10.10-04.29.39:237][368]LogModuleManager: Shutting down and abandoning module LocalizationDashboard (171)
[2016.10.10-04.29.39:237][368]LogModuleManager: Shutting down and abandoning module HardwareTargeting (170)
[2016.10.10-04.29.39:237][368]LogModuleManager: Shutting down and abandoning module DeviceProfileEditor (169)
[2016.10.10-04.29.39:237][368]LogModuleManager: Shutting down and abandoning module UndoHistory (168)
[2016.10.10-04.29.39:237][368]LogModuleManager: Shutting down and abandoning module UserFeedback (167)
[2016.10.10-04.29.39:237][368]LogModuleManager: Shutting down and abandoning module XmlParser (166)
[2016.10.10-04.29.39:237][368]LogModuleManager: Shutting down and abandoning module Blutility (165)
[2016.10.10-04.29.39:237][368]LogModuleManager: Shutting down and abandoning module ProjectTargetPlatformEditor (164)
[2016.10.10-04.29.39:238][368]LogModuleManager: Shutting down and abandoning module ProjectSettingsViewer (163)
[2016.10.10-04.29.39:238][368]LogModuleManager: Shutting down and abandoning module InputBindingEditor (162)
[2016.10.10-04.29.39:238][368]LogModuleManager: Shutting down and abandoning module EditorSettingsViewer (161)
[2016.10.10-04.29.39:238][368]LogModuleManager: Shutting down and abandoning module SettingsEditor (160)
[2016.10.10-04.29.39:238][368]LogModuleManager: Shutting down and abandoning module ProjectLauncher (159)
[2016.10.10-04.29.39:238][368]LogModuleManager: Shutting down and abandoning module SessionFrontend (158)
[2016.10.10-04.29.39:238][368]LogModuleManager: Shutting down and abandoning module ProfilerClient (157)
[2016.10.10-04.29.39:238][368]LogModuleManager: Shutting down and abandoning module TargetDeviceServices (156)
[2016.10.10-04.29.39:238][368]LogModuleManager: Shutting down and abandoning module DeviceManager (155)
[2016.10.10-04.29.39:280][368]LogModuleManager: Shutting down and abandoning module AutomationController (154)
[2016.10.10-04.29.39:280][368]LogModuleManager: Shutting down and abandoning module AutomationWindow (153)
[2016.10.10-04.29.39:280][368]LogModuleManager: Shutting down and abandoning module Layers (152)
[2016.10.10-04.29.39:280][368]LogModuleManager: Shutting down and abandoning module ComponentVisualizers (151)
[2016.10.10-04.29.39:280][368]LogModuleManager: Shutting down and abandoning module DetailCustomizations (150)
[2016.10.10-04.29.39:280][368]LogModuleManager: Shutting down and abandoning module PackagesDialog (149)
[2016.10.10-04.29.39:280][368]LogModuleManager: Shutting down and abandoning module Persona (148)
[2016.10.10-04.29.39:281][368]LogModuleManager: Shutting down and abandoning module Kismet (147)
[2016.10.10-04.29.39:281][368]LogModuleManager: Shutting down and abandoning module GraphEditor (146)
[2016.10.10-04.29.39:281][368]LogModuleManager: Shutting down and abandoning module ClassViewer (145)
[2016.10.10-04.29.39:281][368]LogModuleManager: Shutting down and abandoning module Toolbox (144)
[2016.10.10-04.29.39:281][368]LogModuleManager: Shutting down and abandoning module ModuleUI (143)
[2016.10.10-04.29.39:281][368]LogModuleManager: Shutting down and abandoning module MovieSceneTools (142)
[2016.10.10-04.29.39:281][368]LogModuleManager: Shutting down and abandoning module OutputLog (141)
[2016.10.10-04.29.39:281][368]LogModuleManager: Shutting down and abandoning module GammaUI (140)
[2016.10.10-04.29.39:281][368]LogModuleManager: Shutting down and abandoning module Documentation (139)
[2016.10.10-04.29.39:281][368]LogModuleManager: Shutting down and abandoning module StreamingPauseRendering (138)
[2016.10.10-04.29.39:281][368]LogModuleManager: Shutting down and abandoning module AnalyticsET (137)
[2016.10.10-04.29.39:281][368]LogModuleManager: Shutting down and abandoning module Analytics (136)
[2016.10.10-04.29.39:281][368]LogModuleManager: Shutting down and abandoning module PortalServices (135)
[2016.10.10-04.29.39:281][368]LogModuleManager: Shutting down and abandoning module PortalRpc (134)
[2016.10.10-04.29.39:281][368]LogModuleManager: Shutting down and abandoning module MessagingRpc (133)
[2016.10.10-04.29.39:281][368]LogModuleManager: Shutting down and abandoning module GameplayDebugger (132)
[2016.10.10-04.29.39:281][368]LogModuleManager: Shutting down and abandoning module AITestSuite (131)
[2016.10.10-04.29.39:281][368]LogModuleManager: Shutting down and abandoning module AIModule (130)
[2016.10.10-04.29.39:281][368]LogModuleManager: Shutting down and abandoning module ProfilerService (129)
[2016.10.10-04.29.39:338][368]LogModuleManager: Shutting down and abandoning module TaskGraph (128)
[2016.10.10-04.29.39:338][368]LogModuleManager: Shutting down and abandoning module SlateRemote (127)
[2016.10.10-04.29.39:338][368]LogModuleManager: Shutting down and abandoning module SteamVRController (126)
[2016.10.10-04.29.39:338][368]LogModuleManager: Shutting down and abandoning module SteamVR (125)
[2016.10.10-04.29.39:338][368]LogModuleManager: Shutting down and abandoning module ProceduralMeshComponent (124)
[2016.10.10-04.29.39:338][368]LogModuleManager: Shutting down and abandoning module OculusLibrary (123)
[2016.10.10-04.29.39:338][368]LogModuleManager: Shutting down and abandoning module OculusInput (122)
[2016.10.10-04.29.39:338][368]LogModuleManager: Shutting down and abandoning module CustomMeshComponent (121)
[2016.10.10-04.29.39:338][368]LogModuleManager: Shutting down and abandoning module CableComponent (120)
[2016.10.10-04.29.39:338][368]LogModuleManager: Shutting down and abandoning module ArchVisCharacter (119)
[2016.10.10-04.29.39:338][368]LogModuleManager: Shutting down and abandoning module MediaPlayerEditor (118)
[2016.10.10-04.29.39:338][368]LogModuleManager: Shutting down and abandoning module HTML5Networking (117)
[2016.10.10-04.29.39:338][368]LogModuleManager: Shutting down and abandoning module SuperSearch (116)
[2016.10.10-04.29.39:338][368]LogModuleManager: Shutting down and abandoning module SuperSearchEditor (115)
[2016.10.10-04.29.39:338][368]LogModuleManager: Shutting down and abandoning module SpeedTreeImporter (114)
[2016.10.10-04.29.39:338][368]LogModuleManager: Shutting down and abandoning module PluginBrowser (113)
[2016.10.10-04.29.39:338][368]LogModuleManager: Shutting down and abandoning module EpicSurvey (112)
[2016.10.10-04.29.39:339][368]LogModuleManager: Shutting down and abandoning module DesktopPlatform (111)
[2016.10.10-04.29.39:339][368]LogModuleManager: Shutting down and abandoning module VisualStudioSourceCodeAccess (110)
[2016.10.10-04.29.39:339][368]LogModuleManager: Shutting down and abandoning module UObjectPlugin (109)
[2016.10.10-04.29.39:339][368]LogModuleManager: Shutting down and abandoning module SubversionSourceControl (108)
[2016.10.10-04.29.39:339][368]LogModuleManager: Shutting down and abandoning module PerforceSourceControl (107)
[2016.10.10-04.29.39:339][368]LogModuleManager: Shutting down and abandoning module SourceControl (106)
[2016.10.10-04.29.39:339][368]LogModuleManager: Shutting down and abandoning module GitSourceControl (105)
[2016.10.10-04.29.39:339][368]LogModuleManager: Shutting down and abandoning module LightPropagationVolumeEditor (104)
[2016.10.10-04.29.39:339][368]LogModuleManager: Shutting down and abandoning module PaperTiledImporter (103)
[2016.10.10-04.29.39:339][368]LogModuleManager: Shutting down and abandoning module PaperSpriteSheetImporter (102)
[2016.10.10-04.29.39:339][368]LogModuleManager: Shutting down and abandoning module MeshPaint (101)
[2016.10.10-04.29.39:339][368]LogModuleManager: Shutting down and abandoning module PixelInspectorModule (100)
[2016.10.10-04.29.39:339][368]LogModuleManager: Shutting down and abandoning module HotReload (99)
[2016.10.10-04.29.39:340][368]LogModuleManager: Shutting down and abandoning module MainFrame (98)
[2016.10.10-04.29.39:340][368]LogModuleManager: Shutting down and abandoning module LevelEditor (97)
[2016.10.10-04.29.39:342][368]LogModuleManager: Shutting down and abandoning module ContentBrowser (96)
[2016.10.10-04.29.39:344][368]LogModuleManager: Shutting down and abandoning module Paper2DEditor (95)
[2016.10.10-04.29.39:344][368]LogModuleManager: Shutting down and abandoning module UdpMessaging (94)
[2016.10.10-04.29.39:445][368]LogModuleManager: Shutting down and abandoning module LightPropagationVolumeRuntime (93)
[2016.10.10-04.29.39:445][368]LogModuleManager: Shutting down and abandoning module Paper2D (92)
[2016.10.10-04.29.39:445][368]LogModuleManager: Shutting down and abandoning module WindowsMoviePlayer (91)
[2016.10.10-04.29.39:445][368]LogModuleManager: Shutting down and abandoning module Media (90)
[2016.10.10-04.29.39:445][368]LogModuleManager: Shutting down and abandoning module WmfMedia (89)
[2016.10.10-04.29.39:445][368]LogModuleManager: Shutting down and abandoning module MediaAssets (88)
[2016.10.10-04.29.39:445][368]LogModuleManager: Shutting down and abandoning module GameLiveStreaming (87)
[2016.10.10-04.29.39:445][368]LogModuleManager: Shutting down and abandoning module GameplayTagsEditor (86)
[2016.10.10-04.29.39:445][368]LogModuleManager: Shutting down and abandoning module OnlineBlueprintSupport (85)
[2016.10.10-04.29.39:445][368]LogModuleManager: Shutting down and abandoning module VREditor (84)
[2016.10.10-04.29.39:445][368]LogModuleManager: Shutting down and abandoning module GameplayTasksEditor (83)
[2016.10.10-04.29.39:446][368]LogModuleManager: Shutting down and abandoning module PropertyEditor (82)
[2016.10.10-04.29.39:446][368]LogModuleManager: Shutting down and abandoning module BehaviorTreeEditor (81)
[2016.10.10-04.29.39:446][368]LogModuleManager: Shutting down and abandoning module FunctionalTesting (80)
[2016.10.10-04.29.39:446][368]LogModuleManager: Shutting down and abandoning module CollisionAnalyzer (79)
[2016.10.10-04.29.39:446][368]LogModuleManager: Shutting down and abandoning module Sequencer (78)
[2016.10.10-04.29.39:446][368]LogModuleManager: Shutting down and abandoning module WorkspaceMenuStructure (77)
[2016.10.10-04.29.39:446][368]LogModuleManager: Shutting down and abandoning module MessageLog (76)
[2016.10.10-04.29.39:446][368]LogModuleManager: Shutting down and abandoning module AssetTools (75)
[2016.10.10-04.29.39:446][368]LogModuleManager: Shutting down and abandoning module UMGEditor (74)
[2016.10.10-04.29.39:446][368]LogModuleManager: Shutting down and abandoning module UMG (73)
[2016.10.10-04.29.39:447][368]LogModuleManager: Shutting down and abandoning module SlateReflector (72)
[2016.10.10-04.29.39:447][368]LogModuleManager: Shutting down and abandoning module Slate (71)
[2016.10.10-04.29.39:447][368]LogModuleManager: Shutting down and abandoning module EditorStyle (70)
[2016.10.10-04.29.39:455][368]LogModuleManager: Shutting down and abandoning module SourceCodeAccess (69)
[2016.10.10-04.29.39:455][368]LogModuleManager: Shutting down and abandoning module HeadMountedDisplay (68)
[2016.10.10-04.29.39:455][368]LogModuleManager: Shutting down and abandoning module XAudio2 (67)
[2016.10.10-04.29.39:455][368]LogModuleManager: Shutting down and abandoning module Networking (65)
[2016.10.10-04.29.39:455][368]LogModuleManager: Shutting down and abandoning module Core (64)
[2016.10.10-04.29.39:455][368]LogModuleManager: Shutting down and abandoning module DirectoryWatcher (63)
[2016.10.10-04.29.39:457][368]LogModuleManager: Shutting down and abandoning module AssetRegistry (62)
[2016.10.10-04.29.39:662][368]LogModuleManager: Shutting down and abandoning module KismetCompiler (61)
[2016.10.10-04.29.39:662][368]LogModuleManager: Shutting down and abandoning module PhysXFormats (60)
[2016.10.10-04.29.39:662][368]LogModuleManager: Shutting down and abandoning module MeshUtilities (59)
[2016.10.10-04.29.39:662][368]LogModuleManager: Shutting down and abandoning module DerivedDataCache (58)
[2016.10.10-04.29.39:703][368]LogDerivedDataCache: Shutdown
[2016.10.10-04.29.39:703][368]LogModuleManager: Shutting down and abandoning module VulkanShaderFormat (57)
[2016.10.10-04.29.39:703][368]LogModuleManager: Shutting down and abandoning module ShaderFormatOpenGL (56)
[2016.10.10-04.29.39:703][368]LogModuleManager: Shutting down and abandoning module ShaderFormatD3D (55)
[2016.10.10-04.29.39:703][368]LogModuleManager: Shutting down and abandoning module MetalShaderFormat (54)
[2016.10.10-04.29.39:703][368]LogModuleManager: Shutting down and abandoning module TextureFormatUncompressed (53)
[2016.10.10-04.29.39:703][368]LogModuleManager: Shutting down and abandoning module TextureFormatPVR (52)
[2016.10.10-04.29.39:703][368]LogModuleManager: Shutting down and abandoning module TextureFormatIntelISPCTexComp (51)
[2016.10.10-04.29.39:703][368]LogModuleManager: Shutting down and abandoning module TextureFormatDXT (50)
[2016.10.10-04.29.39:703][368]LogModuleManager: Shutting down and abandoning module ImageWrapper (49)
[2016.10.10-04.29.39:703][368]LogModuleManager: Shutting down and abandoning module TextureFormatASTC (48)
[2016.10.10-04.29.39:703][368]LogModuleManager: Shutting down and abandoning module TextureFormatAndroid (47)
[2016.10.10-04.29.39:703][368]LogModuleManager: Shutting down and abandoning module AudioFormatOpus (46)
[2016.10.10-04.29.39:703][368]LogModuleManager: Shutting down and abandoning module AudioFormatOgg (45)
[2016.10.10-04.29.39:703][368]LogModuleManager: Shutting down and abandoning module AudioFormatADPCM (44)
[2016.10.10-04.29.39:704][368]LogModuleManager: Shutting down and abandoning module LinuxTargetPlatform (43)
[2016.10.10-04.29.39:704][368]LogModuleManager: Shutting down and abandoning module LinuxServerTargetPlatform (42)
[2016.10.10-04.29.39:704][368]LogModuleManager: Shutting down and abandoning module LinuxNoEditorTargetPlatform (41)
[2016.10.10-04.29.39:704][368]LogModuleManager: Shutting down and abandoning module TVOSTargetPlatform (40)
[2016.10.10-04.29.39:704][368]LogModuleManager: Shutting down and abandoning module Messaging (39)
[2016.10.10-04.29.39:704][368]LogModuleManager: Shutting down and abandoning module IOSTargetPlatform (38)
[2016.10.10-04.29.39:704][368]LogModuleManager: Shutting down and abandoning module HTML5TargetPlatform (37)
[2016.10.10-04.29.39:704][368]LogModuleManager: Shutting down and abandoning module Android_PVRTCTargetPlatform (36)
[2016.10.10-04.29.39:704][368]LogModuleManager: Shutting down and abandoning module Android_MultiTargetPlatform (35)
[2016.10.10-04.29.39:704][368]LogModuleManager: Shutting down and abandoning module Android_ETC2TargetPlatform (34)
[2016.10.10-04.29.39:704][368]LogModuleManager: Shutting down and abandoning module Android_ETC1TargetPlatform (33)
[2016.10.10-04.29.39:704][368]LogModuleManager: Shutting down and abandoning module Android_DXTTargetPlatform (32)
[2016.10.10-04.29.39:704][368]LogModuleManager: Shutting down and abandoning module Android_ATCTargetPlatform (31)
[2016.10.10-04.29.39:704][368]LogModuleManager: Shutting down and abandoning module Android_ASTCTargetPlatform (30)
[2016.10.10-04.29.39:704][368]LogModuleManager: Shutting down and abandoning module AndroidTargetPlatform (29)
[2016.10.10-04.29.39:704][368]LogModuleManager: Shutting down and abandoning module WindowsTargetPlatform (28)
[2016.10.10-04.29.39:704][368]LogModuleManager: Shutting down and abandoning module WindowsServerTargetPlatform (27)
[2016.10.10-04.29.39:704][368]LogModuleManager: Shutting down and abandoning module WindowsNoEditorTargetPlatform (26)
[2016.10.10-04.29.39:704][368]LogModuleManager: Shutting down and abandoning module WindowsClientTargetPlatform (25)
[2016.10.10-04.29.39:704][368]LogModuleManager: Shutting down and abandoning module AllDesktopTargetPlatform (24)
[2016.10.10-04.29.39:704][368]LogModuleManager: Shutting down and abandoning module TargetPlatform (23)
[2016.10.10-04.29.39:704][368]LogModuleManager: Shutting down and abandoning module InputCore (22)
[2016.10.10-04.29.39:704][368]LogModuleManager: Shutting down and abandoning module Settings (21)
[2016.10.10-04.29.39:704][368]LogModuleManager: Shutting down and abandoning module OnlineSubsystem (19)
[2016.10.10-04.29.39:704][368]LogModuleManager: Shutting down and abandoning module HTTP (18)
[2016.10.10-04.29.44:218][368]LogModuleManager: Shutting down and abandoning module XMPP (17)
[2016.10.10-04.29.44:218][368]LogModuleManager: Shutting down and abandoning module OculusRift (16)
[2016.10.10-04.29.44:219][368]LogModuleManager: Shutting down and abandoning module ExampleDeviceProfileSelector (15)
[2016.10.10-04.29.44:219][368]LogModuleManager: Shutting down and abandoning module TextureCompressor (14)
[2016.10.10-04.29.44:219][368]LogModuleManager: Shutting down and abandoning module ShaderCore (13)
[2016.10.10-04.29.44:219][368]LogModuleManager: Shutting down and abandoning module Landscape (12)
[2016.10.10-04.29.44:219][368]LogModuleManager: Shutting down and abandoning module SlateRHIRenderer (11)
[2016.10.10-04.29.44:220][368]LogModuleManager: Shutting down and abandoning module OpenGLDrv (10)
[2016.10.10-04.29.44:220][368]LogModuleManager: Shutting down and abandoning module D3D11RHI (9)
[2016.10.10-04.29.44:220][368]LogModuleManager: Shutting down and abandoning module AnimGraphRuntime (8)
[2016.10.10-04.29.44:220][368]LogModuleManager: Shutting down and abandoning module Renderer (7)
[2016.10.10-04.29.44:220][368]LogModuleManager: Shutting down and abandoning module Engine (6)
[2016.10.10-04.29.44:220][368]LogModuleManager: Shutting down and abandoning module CoreUObject (5)
[2016.10.10-04.29.44:220][368]LogModuleManager: Shutting down and abandoning module NetworkFile (4)
[2016.10.10-04.29.44:220][368]LogModuleManager: Shutting down and abandoning module StreamingFile (3)
[2016.10.10-04.29.44:220][368]LogModuleManager: Shutting down and abandoning module SandboxFile (2)
[2016.10.10-04.29.44:220][368]LogModuleManager: Shutting down and abandoning module PakFile (1)
[2016.10.10-04.29.44:222][368]LogExit: Exiting.
[2016.10.10-04.29.44:224][368]Log file closed, 10/10/16 13:29:44
