Log file open, 12/07/16 19:38:02
LogInit:Display: Running engine for game: UNNAMED
LogPlatformFile: Not using cached read wrapper
LogInit:Display: RandInit(285305435) SRandInit(285305439).
LogTaskGraph: Started task graph with 4 named threads and 7 total threads with 1 sets of task threads.
LogStats: Stats thread started at 0.106846
LogInit: Version: 4.12.5-3039270+++UE4+Release-4.12
LogInit: API Version: 2992821
LogInit: Net Version: 3039270
LogDevObjectVersion: Number of dev versions registered: 13
LogDevObjectVersion:   Dev-Blueprints (B0D832E4-1F89-4F0D-ACCF-7EB736FD4AA2): 3
LogDevObjectVersion:   Dev-Build (E1C64328-A22C-4D53-A36C-8E866417BD8C): 0
LogDevObjectVersion:   Dev-Core (375EC13C-06E4-48FB-B500-84F0262A717E): 1
LogDevObjectVersion:   Dev-Editor (E4B068ED-F494-42E9-A231-DA0B2E46BB41): 2
LogDevObjectVersion:   Dev-Framework (CFFC743F-43B0-4480-9391-14DF171D2073): 6
LogDevObjectVersion:   Dev-Mobile (B02B49B5-BB20-44E9-A304-32B752E40360): 0
LogDevObjectVersion:   Dev-Networking (A4E4105C-59A1-49B5-A7C5-40C4547EDFEE): 0
LogDevObjectVersion:   Dev-Online (39C831C9-5AE6-47DC-9A44-9C173E1C8E7C): 0
LogDevObjectVersion:   Dev-Physics (78F01B33-EBEA-4F98-B9B4-84EACCB95AA2): 0
LogDevObjectVersion:   Dev-Platform (6631380F-2D4D-43E0-8009-CF276956A95A): 0
LogDevObjectVersion:   Dev-Rendering (12F88B9F-8875-4AFC-A67C-D90C383ABD29): 2
LogDevObjectVersion:   Dev-Sequencer (7B5AE74C-D270-4C10-A958-57980B212A5A): 0
LogDevObjectVersion:   Dev-VR (D7296918-1DD6-4BDD-9DE2-64A83CC13884): 0
LogInit: Compiled (64-bit): Jul  6 2016 09:09:46
LogInit: Compiled with Visual C++: 19.00.23026.00
LogInit: Build Configuration: Development
LogInit: Branch Name: ++UE4+Release-4.12
LogInit: Command line:  /Temp/Autosaves/Game/Map/UEDPCMain -game -PIEVIACONSOLE -ResX=1280 -ResY=720  -Multiprocess -windowed -messaging -SessionName="Play in Standalone Game" 
LogInit: Base directory: C:/Program Files (x86)/Epic Games/4.12/Engine/Binaries/Win64/
LogInit: Installed Engine Build: 1
LogInit: Using libcurl 7.41.0
LogInit:  - built for x86_64-pc-win32
LogInit:  - supports SSL with WinSSL
LogInit:  - other features:
LogInit:      CURL_VERSION_SSL
LogInit:      CURL_VERSION_IPV6
LogInit:      CURL_VERSION_ASYNCHDNS
LogInit:      CURL_VERSION_LARGEFILE
LogInit:      CURL_VERSION_IDN
LogInit:  CurlRequestOptions (configurable via config and command line):
LogInit:  - bVerifyPeer = true  - Libcurl will verify peer certificate
LogInit:  - bUseHttpProxy = false  - Libcurl will NOT use HTTP proxy
LogInit:  - bDontReuseConnections = false  - Libcurl will reuse connections
LogInit:  - CertBundlePath = nullptr  - Libcurl will use whatever was configured at build time.
LogOnline:Display: STEAM: Loading Steam SDK 1.32
LogOnline:Warning: STEAM: Steamworks: SteamUtils() failed!
LogOnline:Warning: STEAM: Steamworks: SteamUser() failed!
LogOnline:Warning: STEAM: Steamworks: SteamFriends() failed!
LogOnline:Warning: STEAM: Steamworks: SteamRemoteStorage() failed!
LogOnline:Warning: STEAM: Steamworks: SteamUserStats() failed!
LogOnline:Warning: STEAM: Steamworks: SteamMatchmakingServers() failed!
LogOnline:Warning: STEAM: Steamworks: SteamApps() failed!
LogOnline:Warning: STEAM: Steamworks: SteamNetworking() failed!
LogOnline:Warning: STEAM: Steamworks: SteamMatchmaking() failed!
LogOnline:Display: STEAM: OnlineSubsystemSteam::Shutdown()
LogOnline:Warning: STEAM: Steam API failed to initialize!
LogOnline:Display: STEAM: OnlineSubsystemSteam::Shutdown()
LogInit: WinSock: version 1.1 (2.2), MaxSocks=32767, MaxUdp=65467
LogVoice:Warning: Failed to initialize voice interface
LogInit: Presizing for max 8388607 objects, including 0 objects not considered by GC, pre-allocating 0 bytes for permanent pool.
LogInit: Object subsystem initialized
[2016.12.07-10.38.02:561][  0]LogInit: Selected Device Profile: [Windows]
[2016.12.07-10.38.02:561][  0]LogInit: Applying CVar settings loaded from the selected device profile: [Windows]
[2016.12.07-10.38.02:565][  0]LogInit: Computer: DESKTOP-5I3HB32
[2016.12.07-10.38.02:565][  0]LogInit: User: jcy
[2016.12.07-10.38.02:565][  0]LogInit: CPU Page size=65536, Cores=4
[2016.12.07-10.38.02:565][  0]LogInit: High frequency timer resolution =2.533210 MHz
[2016.12.07-10.38.02:566][  0]LogMemory: Memory total: Physical=7.9GB (8GB approx)
[2016.12.07-10.38.02:566][  0]LogMemory: Platform Memory Stats for Windows
[2016.12.07-10.38.02:566][  0]LogMemory: Process Physical Memory: 192.65 MB used, 192.65 MB peak
[2016.12.07-10.38.02:566][  0]LogMemory: Process Virtual Memory: 195.68 MB used, 195.68 MB peak
[2016.12.07-10.38.02:566][  0]LogMemory: Physical Memory: 4955.26 MB used, 8113.86 MB total
[2016.12.07-10.38.02:566][  0]LogMemory: Virtual Memory: 556.81 MB used, 134217728.00 MB total
[2016.12.07-10.38.03:191][  0]LogD3D11RHI: D3D11 adapters:
[2016.12.07-10.38.03:808][  0]LogD3D11RHI:    0. 'NVIDIA GeForce GTX 960M' (Feature Level 11_0)
[2016.12.07-10.38.03:808][  0]LogD3D11RHI:       2018/0/4056 MB DedicatedVideo/DedicatedSystem/SharedSystem, Outputs:2, VendorId:0x10de
[2016.12.07-10.38.03:815][  0]LogD3D11RHI:    1. 'Intel(R) HD Graphics 4600' (Feature Level 11_0)
[2016.12.07-10.38.03:815][  0]LogD3D11RHI:       112/0/2048 MB DedicatedVideo/DedicatedSystem/SharedSystem, Outputs:0, VendorId:0x8086
[2016.12.07-10.38.03:816][  0]LogD3D11RHI:    2. 'Microsoft Basic Render Driver' (Feature Level 11_0)
[2016.12.07-10.38.03:816][  0]LogD3D11RHI:       0/0/4056 MB DedicatedVideo/DedicatedSystem/SharedSystem, Outputs:0, VendorId:0x1414
[2016.12.07-10.38.03:816][  0]LogD3D11RHI: Chosen D3D11 Adapter: 0
[2016.12.07-10.38.03:823][  0]LogD3D11RHI: Creating new Direct3DDevice
[2016.12.07-10.38.03:823][  0]LogD3D11RHI:     GPU DeviceId: 0x139b (for the marketing name, search the web for "GPU Device Id")
[2016.12.07-10.38.03:823][  0]LogWindows: EnumDisplayDevices:
[2016.12.07-10.38.03:823][  0]LogWindows:    0. 'Intel(R) HD Graphics 4600' (P:1 D:1)
[2016.12.07-10.38.03:823][  0]LogWindows:    1. 'Intel(R) HD Graphics 4600' (P:0 D:1)
[2016.12.07-10.38.03:823][  0]LogWindows:    2. 'Intel(R) HD Graphics 4600' (P:0 D:0)
[2016.12.07-10.38.03:823][  0]LogWindows: DebugString: PrimaryIsNotTheChoosenAdapter PrimaryIsNotTheChoosenAdapter PrimaryIsNotTheChoosenAdapter FoundDriverCount:0 
[2016.12.07-10.38.03:823][  0]LogD3D11RHI:     Adapter Name: NVIDIA GeForce GTX 960M
[2016.12.07-10.38.03:823][  0]LogD3D11RHI:   Driver Version: Unknown (internal:Unknown, unified:Unknown)
[2016.12.07-10.38.03:823][  0]LogD3D11RHI:      Driver Date: Unknown
[2016.12.07-10.38.03:823][  0]LogRHI: Texture pool is 1361 MB (70% of 1945 MB)
[2016.12.07-10.38.04:376][  0]LogD3D11RHI: Async texture creation enabled
[2016.12.07-10.38.04:608][  0]LogD3D11RHI: GPU Timing Frequency: 1000.000000 (Debug: 2 1)
[2016.12.07-10.38.04:609][  0]LogShaderCompilers: Guid format shader working directory is -16 characters bigger than the processId version (../../../../../../Users/jcy/Documents/GitHub/UNNAMED/UNNAMED/Intermediate/Shaders/WorkingDirectory/8004/).
[2016.12.07-10.38.04:609][  0]LogShaderCompilers: Cleaned the shader compiler working directory 'C:/Users/jcy/AppData/Local/Temp/UnrealShaderWorkingDir/34AA1CB842F05C3CEDB47BB351CBAC6D/'.
[2016.12.07-10.38.04:609][  0]LogShaderCompilers:Display: Using Local Shader Compiler.
[2016.12.07-10.38.05:616][  0]LogTemp:Display: Loaded TP WindowsClientTargetPlatform
[2016.12.07-10.38.05:626][  0]LogTemp:Display: Loaded TP WindowsNoEditorTargetPlatform
[2016.12.07-10.38.05:636][  0]LogTemp:Display: Loaded TP WindowsServerTargetPlatform
[2016.12.07-10.38.05:647][  0]LogTemp:Display: Loaded TP WindowsTargetPlatform
[2016.12.07-10.38.05:647][  0]LogTargetPlatformManager:Display: Building Assets For Windows
[2016.12.07-10.38.05:753][  0]LogDerivedDataCache:Display: Max Cache Size: 512 MB
[2016.12.07-10.38.05:826][  0]LogDerivedDataCache: Loaded boot cache 0.07s 48MB C:/Users/jcy/AppData/Local/UnrealEngine/4.12/DerivedDataCache/Boot.ddc.
[2016.12.07-10.38.05:827][  0]LogDerivedDataCache:Display: Loaded Boot cache: C:/Users/jcy/AppData/Local/UnrealEngine/4.12/DerivedDataCache/Boot.ddc
[2016.12.07-10.38.05:827][  0]LogDerivedDataCache: FDerivedDataBackendGraph:  Pak pak cache file ../../../../../../Users/jcy/Documents/GitHub/UNNAMED/UNNAMED/DerivedDataCache/DDC.ddp not found, will not use a pak cache.
[2016.12.07-10.38.05:827][  0]LogDerivedDataCache: Unable to find inner node Pak for hierarchical cache Hierarchy.
[2016.12.07-10.38.05:827][  0]LogDerivedDataCache: FDerivedDataBackendGraph:  CompressedPak pak cache file ../../../../../../Users/jcy/Documents/GitHub/UNNAMED/UNNAMED/DerivedDataCache/Compressed.ddp not found, will not use a pak cache.
[2016.12.07-10.38.05:827][  0]LogDerivedDataCache: Unable to find inner node CompressedPak for hierarchical cache Hierarchy.
[2016.12.07-10.38.05:902][  0]LogDerivedDataCache:Display: Pak cache opened for reading ../../../Engine/DerivedDataCache/Compressed.ddp.
[2016.12.07-10.38.05:915][  0]LogDerivedDataCache: Using Local data cache path C:/Users/jcy/AppData/Local/UnrealEngine/Common/DerivedDataCache: Writable
[2016.12.07-10.38.06:156][  0]LogAssetRegistry: FAssetRegistry took 0.0001 seconds to start up
[2016.12.07-10.38.06:159][  0]LogPackageLocalizationCache: Processed 3 localized package path(s) for 1 prioritized culture(s) in 0.003558 seconds
[2016.12.07-10.38.06:163][  0]LogInit: Selected Device Profile: [Windows]
[2016.12.07-10.38.06:164][  0]LogContentStreaming: Texture pool size is 1000.00 MB
[2016.12.07-10.38.06:326][  0]LogMeshUtilities: No automatic mesh reduction module available
[2016.12.07-10.38.06:326][  0]LogMeshUtilities: No automatic mesh merging module available
[2016.12.07-10.38.06:326][  0]LogMeshUtilities: No distributed automatic mesh merging module available
[2016.12.07-10.38.06:751][  0]LogSlate: SlateFontCache - WITH_FREETYPE: 1, WITH_HARFBUZZ: 1
[2016.12.07-10.38.06:751][  0]LogSlate: SlateFontCache - WITH_FREETYPE: 1, WITH_HARFBUZZ: 1
[2016.12.07-10.38.06:820][  0]LogMoviePlayer: Initializing movie player
[2016.12.07-10.38.06:906][  0]LogWindowsMoviePlayer: Unable to load movie: ../../../../../../Users/jcy/Documents/GitHub/UNNAMED/UNNAMED/Content/Movies/Default_Startup.mp4
[2016.12.07-10.38.06:996][  0]LogUdpMessaging: Initializing bridge on interface 0.0.0.0:0 to multicast group 230.0.0.1:6666.
[2016.12.07-10.38.07:073][  0]SourceControl: Info Source control is disabled
[2016.12.07-10.38.07:073][  0]SourceControl: Info Source control is disabled
[2016.12.07-10.38.07:088][  0]SourceControl: Info Source control is disabled
[2016.12.07-10.38.07:275][  0]LogUObjectArray: 30992 objects as part of root set at end of initial load.
[2016.12.07-10.38.07:275][  0]LogUObjectAllocator: 6930712 out of 0 bytes used by permanent object pool.
[2016.12.07-10.38.07:275][  0]LogUObjectArray: CloseDisregardForGC: 0/0 objects in disregard for GC pool
[2016.12.07-10.38.07:334][  0]LogEngine: Initializing Engine...
[2016.12.07-10.38.07:335][  0]LogHMD: SteamVR failed to initialize.  Err: 110
[2016.12.07-10.38.07:336][  0]LogHMD: SteamVR failed to initialize.  Err: 110
[2016.12.07-10.38.07:486][  0]LogInit: XAudio2 using '스피커(Realtek High Definition Audio)' : 2 channels at 48 kHz using 32 bits per sample (channel mask 0x3)
[2016.12.07-10.38.07:520][  0]LogInit: FAudioDevice initialized.
[2016.12.07-10.38.07:527][  0]LogInit: Texture streaming: Enabled
[2016.12.07-10.38.07:956][  0]LogNet: Browse: /Temp/Autosaves/Game/Map/UEDPCMain?Name=Player
[2016.12.07-10.38.07:956][  0]LogLoad: LoadMap: /Temp/Autosaves/Game/Map/UEDPCMain?Name=Player
[2016.12.07-10.38.07:995][  0]LogMemory: Platform Memory Stats for Windows
[2016.12.07-10.38.07:995][  0]LogMemory: Process Physical Memory: 580.63 MB used, 607.80 MB peak
[2016.12.07-10.38.07:995][  0]LogMemory: Process Virtual Memory: 628.61 MB used, 628.62 MB peak
[2016.12.07-10.38.07:995][  0]LogMemory: Physical Memory: 5296.36 MB used, 8113.86 MB total
[2016.12.07-10.38.07:995][  0]LogMemory: Virtual Memory: 1246.70 MB used, 134217728.00 MB total
[2016.12.07-10.38.07:995][  0]LogMemory: 
[2016.12.07-10.38.07:996][  0]Allocator Stats for TBB: (not implemented)
[2016.12.07-10.38.08:031][  0]LogAIModule: Creating AISystem for world Main
[2016.12.07-10.38.08:031][  0]LogWorld: Game class is 'pregame_C'
[2016.12.07-10.38.08:033][  0]LogWorld: Bringing World /Temp/Autosaves/Game/Map/UEDPCMain.Main up for play (max tick rate 0) at 2016.12.07-19.38.08
[2016.12.07-10.38.08:033][  0]LogWorld: Bringing up level for play took: 0.000895
[2016.12.07-10.38.08:034][  0]LogSpawn:Warning: SpawnActor failed because no class was specified
[2016.12.07-10.38.08:034][  0]LogBlueprintUserMessages: [pregame_C_0] 로그인
[2016.12.07-10.38.08:036][  0]LogLoad: Took 0.079337 seconds to LoadMap(/Temp/Autosaves/Game/Map/UEDPCMain)
[2016.12.07-10.38.08:036][  0]LogInit:Display: Game Engine Initialized.
[2016.12.07-10.38.08:272][  0]LogLoad: Full Startup: 6.77 seconds (BP compile: 0.18 seconds)
[2016.12.07-10.38.08:272][  0]LogExternalProfiler: Found external profiler: VSPerf
[2016.12.07-10.38.08:272][  0]LogExternalProfiler: Using external profiler: VSPerf
[2016.12.07-10.38.08:291][  0]LogWindowsTextInputMethodSystem:Display: IME system now activated using TSF (Microsoft 입력기).
[2016.12.07-10.38.08:294][  0]LogOcInput: OculusInput pre-init called
[2016.12.07-10.38.08:402][  2]LogRenderer: Reallocating scene render targets to support 1280x720 (Frame:2).
[2016.12.07-10.38.09:216][ 50]LogInit: WinSock: I am DESKTOP-5I3HB32 (192.168.25.118:0)
[2016.12.07-10.38.09:388][ 50]LogPackageName: SearchForPackageOnDisk took   0.094s to resolve dd.umap.
[2016.12.07-10.38.09:480][ 50]LogPackageName: SearchForPackageOnDisk took   0.090s to resolve dd.umap.
[2016.12.07-10.38.09:480][ 50]LogNet: Browse: /Game/Map/dd?listen
[2016.12.07-10.38.09:480][ 50]LogLoad: LoadMap: /Game/Map/dd?listen
[2016.12.07-10.38.09:480][ 50]LogBlueprintUserMessages: [pregame_C_0] 로그 아웃
[2016.12.07-10.38.09:500][ 50]LogMemory: Platform Memory Stats for Windows
[2016.12.07-10.38.09:501][ 50]LogMemory: Process Physical Memory: 631.45 MB used, 633.35 MB peak
[2016.12.07-10.38.09:501][ 50]LogMemory: Process Virtual Memory: 815.54 MB used, 819.25 MB peak
[2016.12.07-10.38.09:501][ 50]LogMemory: Physical Memory: 5338.96 MB used, 8113.86 MB total
[2016.12.07-10.38.09:501][ 50]LogMemory: Virtual Memory: 1418.30 MB used, 134217728.00 MB total
[2016.12.07-10.38.09:501][ 50]LogMemory: 
[2016.12.07-10.38.09:501][ 50]Allocator Stats for TBB: (not implemented)
[2016.12.07-10.38.10:119][ 50]LogAIModule: Creating AISystem for world dd
[2016.12.07-10.38.10:119][ 50]LogWorld: Game class is 'MyGameMode_C'
[2016.12.07-10.38.10:120][ 50]LogOnline:Warning: STEAM: Steamworks: SteamUtils() failed!
[2016.12.07-10.38.10:120][ 50]LogOnline:Warning: STEAM: Steamworks: SteamUser() failed!
[2016.12.07-10.38.10:120][ 50]LogOnline:Warning: STEAM: Steamworks: SteamFriends() failed!
[2016.12.07-10.38.10:120][ 50]LogOnline:Warning: STEAM: Steamworks: SteamRemoteStorage() failed!
[2016.12.07-10.38.10:120][ 50]LogOnline:Warning: STEAM: Steamworks: SteamUserStats() failed!
[2016.12.07-10.38.10:120][ 50]LogOnline:Warning: STEAM: Steamworks: SteamMatchmakingServers() failed!
[2016.12.07-10.38.10:120][ 50]LogOnline:Warning: STEAM: Steamworks: SteamApps() failed!
[2016.12.07-10.38.10:120][ 50]LogOnline:Warning: STEAM: Steamworks: SteamNetworking() failed!
[2016.12.07-10.38.10:120][ 50]LogOnline:Warning: STEAM: Steamworks: SteamMatchmaking() failed!
[2016.12.07-10.38.10:120][ 50]LogOnline:Display: STEAM: OnlineSubsystemSteam::Shutdown()
[2016.12.07-10.38.10:120][ 50]LogOnline:Warning: STEAM: Steam API failed to initialize!
[2016.12.07-10.38.10:120][ 50]LogOnline:Display: STEAM: OnlineSubsystemSteam::Shutdown()
[2016.12.07-10.38.10:120][ 50]LogInit: WinSock: Socket queue 131072 / 131072
[2016.12.07-10.38.10:131][ 50]PacketHandlerLog: Loaded PacketHandler component: Engine.EngineHandlerComponentFactory (StatelessConnectHandlerComponent)
[2016.12.07-10.38.10:131][ 50]LogNet: GameNetDriver IpNetDriver_0 IpNetDriver listening on port 7777
[2016.12.07-10.38.10:134][ 50]LogWorld: Bringing World /Game/Map/dd.dd up for play (max tick rate 0) at 2016.12.07-19.38.10
[2016.12.07-10.38.10:135][ 50]LogWorld: Bringing up level for play took: 0.002018
[2016.12.07-10.38.10:135][ 50]LogScript:Warning: Accessed None trying to read property CallFunc_K2_GetPawn_ReturnValue
	MyGameMode_C /Game/Map/dd.dd:PersistentLevel.MyGameMode_C_0
	Function /Game/BP/MyGameMode.MyGameMode_C:ExecuteUbergraph_MyGameMode:0492
[2016.12.07-10.38.10:135][ 50]LogScript:Warning: Script call stack:
	Function /Game/BP/MyGameMode.MyGameMode_C:K2_PostLogin
	Function /Game/BP/MyGameMode.MyGameMode_C:ExecuteUbergraph_MyGameMode
	Function /Game/BP/MyGameMode.MyGameMode_C:RespawnPlayerEvent
	Function /Game/BP/MyGameMode.MyGameMode_C:ExecuteUbergraph_MyGameMode

[2016.12.07-10.38.10:137][ 50]LogOnline:Warning: NULL: Can't start an online session (Game) in state InProgress
[2016.12.07-10.38.10:147][ 50]LogScript:Warning: Accessed None trying to read property widget
	MyGameinstance_C /Engine/Transient.GameEngine_0:MyGameinstance_C_0
	Function /Game/BP/MyGameinstance.MyGameinstance_C:HideWidget:000A
[2016.12.07-10.38.10:147][ 50]LogScript:Warning: Script call stack:
	Function /Game/Map/dd.dd_C:ReceiveBeginPlay
	Function /Game/Map/dd.dd_C:ExecuteUbergraph_dd
	Function /Game/BP/MyGameinstance.MyGameinstance_C:StartPlayingState
	Function /Game/BP/MyGameinstance.MyGameinstance_C:HideWidget

[2016.12.07-10.38.10:147][ 50]LogLoad: Took 0.667428 seconds to LoadMap(/Game/Map/dd)
[2016.12.07-10.38.23:519][873]LogWindowsTextInputMethodSystem:Display: IME system now activated using TSF (Microsoft 입력기).
[2016.12.07-10.38.23:524][873]LogEngine: All Windows Closed
[2016.12.07-10.38.23:524][873]LogWindows: FPlatformMisc::RequestExit(0)
[2016.12.07-10.38.23:525][874]LogMoviePlayer: Shutting down movie player
[2016.12.07-10.38.24:345][874]LogNet: World NetDriver shutdown IpNetDriver_0 [GameNetDriver]
[2016.12.07-10.38.24:345][874]LogNet: DestroyNamedNetDriver IpNetDriver_0 [GameNetDriver]
[2016.12.07-10.38.24:345][874]LogExit: GameNetDriver IpNetDriver_0 shut down
[2016.12.07-10.38.24:346][874]LogExit: Preparing to exit.
[2016.12.07-10.38.25:176][874]LogExit: Game engine shut down
[2016.12.07-10.38.25:339][874]LogObj: Freed 0b from 0 cluster array pools.
[2016.12.07-10.38.25:339][874]LogExit: Object subsystem successfully closed.
[2016.12.07-10.38.25:356][874]LogD3D11RHI: Shutdown
[2016.12.07-10.38.25:356][874]LogD3D11RHI: CleanupD3DDevice
[2016.12.07-10.38.25:455][874]LogD3D11RHI: ~FD3D11DynamicRHI
[2016.12.07-10.38.25:530][874]LogModuleManager: Shutting down and abandoning module SequenceRecorderSections (115)
[2016.12.07-10.38.25:530][874]LogModuleManager: Shutting down and abandoning module SequenceRecorder (114)
[2016.12.07-10.38.25:530][874]LogModuleManager: Shutting down and abandoning module AutomationController (113)
[2016.12.07-10.38.25:530][874]LogModuleManager: Shutting down and abandoning module AutomationWorker (112)
[2016.12.07-10.38.25:530][874]LogModuleManager: Shutting down and abandoning module CharacterAI (111)
[2016.12.07-10.38.25:530][874]LogModuleManager: Shutting down and abandoning module SessionServices (110)
[2016.12.07-10.38.25:530][874]LogModuleManager: Shutting down and abandoning module GameplayDebugger (109)
[2016.12.07-10.38.25:530][874]LogModuleManager: Shutting down and abandoning module AITestSuite (108)
[2016.12.07-10.38.25:530][874]LogModuleManager: Shutting down and abandoning module AIModule (107)
[2016.12.07-10.38.25:530][874]LogModuleManager: Shutting down and abandoning module MovieSceneCapture (106)
[2016.12.07-10.38.25:530][874]LogModuleManager: Shutting down and abandoning module StreamingPauseRendering (105)
[2016.12.07-10.38.25:530][874]LogModuleManager: Shutting down and abandoning module PortalServices (104)
[2016.12.07-10.38.25:530][874]LogModuleManager: Shutting down and abandoning module PortalRpc (103)
[2016.12.07-10.38.25:530][874]LogModuleManager: Shutting down and abandoning module MessagingRpc (102)
[2016.12.07-10.38.25:530][874]LogModuleManager: Shutting down and abandoning module ProfilerService (101)
[2016.12.07-10.38.25:570][874]LogModuleManager: Shutting down and abandoning module TaskGraph (100)
[2016.12.07-10.38.25:570][874]LogModuleManager: Shutting down and abandoning module SlateRemote (99)
[2016.12.07-10.38.25:570][874]LogModuleManager: Shutting down and abandoning module SteamVRController (98)
[2016.12.07-10.38.25:570][874]LogModuleManager: Shutting down and abandoning module SteamVR (97)
[2016.12.07-10.38.25:570][874]LogModuleManager: Shutting down and abandoning module ProceduralMeshComponent (96)
[2016.12.07-10.38.25:570][874]LogModuleManager: Shutting down and abandoning module OculusLibrary (95)
[2016.12.07-10.38.25:570][874]LogModuleManager: Shutting down and abandoning module OculusInput (94)
[2016.12.07-10.38.25:570][874]LogModuleManager: Shutting down and abandoning module CustomMeshComponent (93)
[2016.12.07-10.38.25:570][874]LogModuleManager: Shutting down and abandoning module CableComponent (92)
[2016.12.07-10.38.25:570][874]LogModuleManager: Shutting down and abandoning module ArchVisCharacter (91)
[2016.12.07-10.38.25:570][874]LogModuleManager: Shutting down and abandoning module HTML5Networking (90)
[2016.12.07-10.38.25:570][874]LogModuleManager: Shutting down and abandoning module DesktopPlatform (89)
[2016.12.07-10.38.25:570][874]LogModuleManager: Shutting down and abandoning module DirectoryWatcher (88)
[2016.12.07-10.38.25:570][874]LogModuleManager: Shutting down and abandoning module HotReload (87)
[2016.12.07-10.38.25:571][874]LogModuleManager: Shutting down and abandoning module VisualStudioSourceCodeAccess (86)
[2016.12.07-10.38.25:571][874]LogModuleManager: Shutting down and abandoning module UObjectPlugin (85)
[2016.12.07-10.38.25:571][874]LogModuleManager: Shutting down and abandoning module SubversionSourceControl (84)
[2016.12.07-10.38.25:571][874]LogModuleManager: Shutting down and abandoning module SourceControl (83)
[2016.12.07-10.38.25:571][874]LogModuleManager: Shutting down and abandoning module PerforceSourceControl (82)
[2016.12.07-10.38.25:571][874]LogModuleManager: Shutting down and abandoning module UdpMessaging (81)
[2016.12.07-10.38.25:671][874]LogModuleManager: Shutting down and abandoning module LightPropagationVolumeRuntime (80)
[2016.12.07-10.38.25:671][874]LogModuleManager: Shutting down and abandoning module Paper2D (79)
[2016.12.07-10.38.25:671][874]LogModuleManager: Shutting down and abandoning module WindowsMoviePlayer (78)
[2016.12.07-10.38.25:671][874]LogModuleManager: Shutting down and abandoning module Media (77)
[2016.12.07-10.38.25:671][874]LogModuleManager: Shutting down and abandoning module WmfMedia (76)
[2016.12.07-10.38.25:671][874]LogModuleManager: Shutting down and abandoning module MediaAssets (75)
[2016.12.07-10.38.25:671][874]LogModuleManager: Shutting down and abandoning module GameLiveStreaming (74)
[2016.12.07-10.38.25:671][874]LogModuleManager: Shutting down and abandoning module GameplayTagsEditor (73)
[2016.12.07-10.38.25:671][874]LogModuleManager: Shutting down and abandoning module OnlineBlueprintSupport (72)
[2016.12.07-10.38.25:671][874]LogModuleManager: Shutting down and abandoning module VREditor (71)
[2016.12.07-10.38.25:672][874]LogModuleManager: Shutting down and abandoning module GameplayTasksEditor (70)
[2016.12.07-10.38.25:672][874]LogModuleManager: Shutting down and abandoning module PropertyEditor (69)
[2016.12.07-10.38.25:672][874]LogModuleManager: Shutting down and abandoning module BehaviorTreeEditor (68)
[2016.12.07-10.38.25:672][874]LogModuleManager: Shutting down and abandoning module FunctionalTesting (67)
[2016.12.07-10.38.25:672][874]LogModuleManager: Shutting down and abandoning module CollisionAnalyzer (66)
[2016.12.07-10.38.25:672][874]LogModuleManager: Shutting down and abandoning module Sequencer (65)
[2016.12.07-10.38.25:672][874]LogModuleManager: Shutting down and abandoning module WorkspaceMenuStructure (64)
[2016.12.07-10.38.25:672][874]LogModuleManager: Shutting down and abandoning module MessageLog (63)
[2016.12.07-10.38.25:672][874]LogModuleManager: Shutting down and abandoning module AssetTools (62)
[2016.12.07-10.38.25:672][874]LogModuleManager: Shutting down and abandoning module UMGEditor (61)
[2016.12.07-10.38.25:672][874]LogModuleManager: Shutting down and abandoning module UMG (60)
[2016.12.07-10.38.25:672][874]LogModuleManager: Shutting down and abandoning module SlateReflector (59)
[2016.12.07-10.38.25:672][874]LogModuleManager: Shutting down and abandoning module Slate (58)
[2016.12.07-10.38.25:672][874]LogModuleManager: Shutting down and abandoning module EditorStyle (57)
[2016.12.07-10.38.25:674][874]LogModuleManager: Shutting down and abandoning module Messaging (56)
[2016.12.07-10.38.25:674][874]LogModuleManager: Shutting down and abandoning module SourceCodeAccess (55)
[2016.12.07-10.38.25:674][874]LogModuleManager: Shutting down and abandoning module HeadMountedDisplay (54)
[2016.12.07-10.38.25:674][874]LogModuleManager: Shutting down and abandoning module XAudio2 (53)
[2016.12.07-10.38.25:674][874]LogModuleManager: Shutting down and abandoning module Networking (52)
[2016.12.07-10.38.25:674][874]LogModuleManager: Shutting down and abandoning module Core (51)
[2016.12.07-10.38.25:674][874]LogModuleManager: Shutting down and abandoning module KismetCompiler (50)
[2016.12.07-10.38.25:674][874]LogModuleManager: Shutting down and abandoning module PhysXFormats (49)
[2016.12.07-10.38.25:674][874]LogModuleManager: Shutting down and abandoning module MeshUtilities (48)
[2016.12.07-10.38.25:674][874]LogModuleManager: Shutting down and abandoning module AssetRegistry (47)
[2016.12.07-10.38.25:674][874]LogModuleManager: Shutting down and abandoning module DerivedDataCache (46)
[2016.12.07-10.38.25:926][874]LogDerivedDataCache: Shutdown
[2016.12.07-10.38.25:926][874]LogModuleManager: Shutting down and abandoning module VulkanShaderFormat (45)
[2016.12.07-10.38.25:926][874]LogModuleManager: Shutting down and abandoning module ShaderFormatOpenGL (44)
[2016.12.07-10.38.25:926][874]LogModuleManager: Shutting down and abandoning module ShaderFormatD3D (43)
[2016.12.07-10.38.25:926][874]LogModuleManager: Shutting down and abandoning module MetalShaderFormat (42)
[2016.12.07-10.38.25:926][874]LogModuleManager: Shutting down and abandoning module TextureFormatUncompressed (41)
[2016.12.07-10.38.25:926][874]LogModuleManager: Shutting down and abandoning module TextureFormatPVR (40)
[2016.12.07-10.38.25:926][874]LogModuleManager: Shutting down and abandoning module TextureFormatIntelISPCTexComp (39)
[2016.12.07-10.38.25:926][874]LogModuleManager: Shutting down and abandoning module TextureFormatDXT (38)
[2016.12.07-10.38.25:926][874]LogModuleManager: Shutting down and abandoning module ImageWrapper (37)
[2016.12.07-10.38.25:926][874]LogModuleManager: Shutting down and abandoning module TextureFormatASTC (36)
[2016.12.07-10.38.25:926][874]LogModuleManager: Shutting down and abandoning module TextureFormatAndroid (35)
[2016.12.07-10.38.25:926][874]LogModuleManager: Shutting down and abandoning module AudioFormatOpus (34)
[2016.12.07-10.38.25:926][874]LogModuleManager: Shutting down and abandoning module AudioFormatOgg (33)
[2016.12.07-10.38.25:926][874]LogModuleManager: Shutting down and abandoning module AudioFormatADPCM (32)
[2016.12.07-10.38.25:926][874]LogModuleManager: Shutting down and abandoning module WindowsTargetPlatform (31)
[2016.12.07-10.38.25:926][874]LogModuleManager: Shutting down and abandoning module WindowsServerTargetPlatform (30)
[2016.12.07-10.38.25:926][874]LogModuleManager: Shutting down and abandoning module WindowsNoEditorTargetPlatform (29)
[2016.12.07-10.38.25:926][874]LogModuleManager: Shutting down and abandoning module WindowsClientTargetPlatform (28)
[2016.12.07-10.38.25:926][874]LogModuleManager: Shutting down and abandoning module TargetPlatform (27)
[2016.12.07-10.38.25:926][874]LogModuleManager: Shutting down and abandoning module InputCore (26)
[2016.12.07-10.38.25:926][874]LogModuleManager: Shutting down and abandoning module Settings (25)
[2016.12.07-10.38.25:926][874]LogModuleManager: Shutting down and abandoning module Voice (23)
[2016.12.07-10.38.25:926][874]LogModuleManager: Shutting down and abandoning module OnlineSubsystem (19)
[2016.12.07-10.38.25:926][874]LogOnline:Display: NULL: FOnlineSubsystemNull::Shutdown()
[2016.12.07-10.38.25:927][874]LogOnline:Display: Unloading online subsystem: STEAM
[2016.12.07-10.38.25:927][874]LogOnline:Display: Unloading online subsystem: NULL
[2016.12.07-10.38.25:927][874]LogModuleManager: Shutting down and abandoning module HTTP (18)
[2016.12.07-10.38.25:927][874]LogModuleManager: Shutting down and abandoning module XMPP (17)
[2016.12.07-10.38.25:927][874]LogModuleManager: Shutting down and abandoning module OculusRift (16)
[2016.12.07-10.38.25:927][874]LogModuleManager: Shutting down and abandoning module ExampleDeviceProfileSelector (15)
[2016.12.07-10.38.25:927][874]LogModuleManager: Shutting down and abandoning module TextureCompressor (14)
[2016.12.07-10.38.25:928][874]LogModuleManager: Shutting down and abandoning module ShaderCore (13)
[2016.12.07-10.38.25:928][874]LogModuleManager: Shutting down and abandoning module Landscape (12)
[2016.12.07-10.38.25:928][874]LogModuleManager: Shutting down and abandoning module SlateRHIRenderer (11)
[2016.12.07-10.38.25:930][874]LogModuleManager: Shutting down and abandoning module OpenGLDrv (10)
[2016.12.07-10.38.25:930][874]LogModuleManager: Shutting down and abandoning module D3D11RHI (9)
[2016.12.07-10.38.25:930][874]LogModuleManager: Shutting down and abandoning module AnimGraphRuntime (8)
[2016.12.07-10.38.25:930][874]LogModuleManager: Shutting down and abandoning module Renderer (7)
[2016.12.07-10.38.25:930][874]LogModuleManager: Shutting down and abandoning module Engine (6)
[2016.12.07-10.38.25:930][874]LogModuleManager: Shutting down and abandoning module CoreUObject (5)
[2016.12.07-10.38.25:930][874]LogModuleManager: Shutting down and abandoning module NetworkFile (4)
[2016.12.07-10.38.25:930][874]LogModuleManager: Shutting down and abandoning module StreamingFile (3)
[2016.12.07-10.38.25:930][874]LogModuleManager: Shutting down and abandoning module SandboxFile (2)
[2016.12.07-10.38.25:930][874]LogModuleManager: Shutting down and abandoning module PakFile (1)
[2016.12.07-10.38.25:932][874]LogExit: Exiting.
[2016.12.07-10.38.25:937][874]Log file closed, 12/07/16 19:38:25
