Log file open, 11/22/16 19:21:30
LogInit:Display: Running engine for game: UNNAMED
LogPlatformFile: Not using cached read wrapper
LogInit:Display: RandInit(733037172) SRandInit(733037173).
LogTaskGraph: Started task graph with 4 named threads and 7 total threads with 1 sets of task threads.
LogStats: Stats thread started at 0.251258
LogInit: Version: 4.12.5-3039270+++UE4+Release-4.12
LogInit: API Version: 2992821
LogInit: Net Version: 3039270
LogDevObjectVersion: Number of dev versions registered: 13
LogDevObjectVersion:   Dev-Blueprints (B0D832E4-1F89-4F0D-ACCF-7EB736FD4AA2): 3
LogDevObjectVersion:   Dev-Build (E1C64328-A22C-4D53-A36C-8E866417BD8C): 0
LogDevObjectVersion:   Dev-Core (375EC13C-06E4-48FB-B500-84F0262A717E): 1
LogDevObjectVersion:   Dev-Editor (E4B068ED-F494-42E9-A231-DA0B2E46BB41): 2
LogDevObjectVersion:   Dev-Framework (CFFC743F-43B0-4480-9391-14DF171D2073): 6
LogDevObjectVersion:   Dev-Mobile (B02B49B5-BB20-44E9-A304-32B752E40360): 0
LogDevObjectVersion:   Dev-Networking (A4E4105C-59A1-49B5-A7C5-40C4547EDFEE): 0
LogDevObjectVersion:   Dev-Online (39C831C9-5AE6-47DC-9A44-9C173E1C8E7C): 0
LogDevObjectVersion:   Dev-Physics (78F01B33-EBEA-4F98-B9B4-84EACCB95AA2): 0
LogDevObjectVersion:   Dev-Platform (6631380F-2D4D-43E0-8009-CF276956A95A): 0
LogDevObjectVersion:   Dev-Rendering (12F88B9F-8875-4AFC-A67C-D90C383ABD29): 2
LogDevObjectVersion:   Dev-Sequencer (7B5AE74C-D270-4C10-A958-57980B212A5A): 0
LogDevObjectVersion:   Dev-VR (D7296918-1DD6-4BDD-9DE2-64A83CC13884): 0
LogInit: Compiled (64-bit): Jul  6 2016 09:09:46
LogInit: Compiled with Visual C++: 19.00.23026.00
LogInit: Build Configuration: Development
LogInit: Branch Name: ++UE4+Release-4.12
LogInit: Command line:  
LogInit: Base directory: C:/Program Files (x86)/Epic Games/4.12/Engine/Binaries/Win64/
LogInit: Installed Engine Build: 1
LogInit: Using libcurl 7.41.0
LogInit:  - built for x86_64-pc-win32
LogInit:  - supports SSL with WinSSL
LogInit:  - other features:
LogInit:      CURL_VERSION_SSL
LogInit:      CURL_VERSION_IPV6
LogInit:      CURL_VERSION_ASYNCHDNS
LogInit:      CURL_VERSION_LARGEFILE
LogInit:      CURL_VERSION_IDN
LogInit:  CurlRequestOptions (configurable via config and command line):
LogInit:  - bVerifyPeer = true  - Libcurl will verify peer certificate
LogInit:  - bUseHttpProxy = false  - Libcurl will NOT use HTTP proxy
LogInit:  - bDontReuseConnections = false  - Libcurl will reuse connections
LogInit:  - CertBundlePath = nullptr  - Libcurl will use whatever was configured at build time.
LogModuleManager:Warning: No filename provided for module OnlineSubsystemLAN
LogModuleManager:Warning: ModuleManager: Unable to load module 'OnlineSubsystemLAN' because the file 'C:/Program Files (x86)/Epic Games/4.12/Engine/Binaries/Win64/' was not found.
LogInit: WinSock: version 1.1 (2.2), MaxSocks=32767, MaxUdp=65467
LogVoice:Warning: Failed to initialize voice interface
LogInit: Presizing for max 8388607 objects, including 0 objects not considered by GC, pre-allocating 0 bytes for permanent pool.
LogInit: Object subsystem initialized
[2016.11.22-10.21.30:689][  0]LogInit: Selected Device Profile: [Windows]
[2016.11.22-10.21.30:689][  0]LogInit: Applying CVar settings loaded from the selected device profile: [Windows]
[2016.11.22-10.21.30:736][  0]LogInit: Computer: DESKTOP-5I3HB32
[2016.11.22-10.21.30:736][  0]LogInit: User: jcy
[2016.11.22-10.21.30:736][  0]LogInit: CPU Page size=65536, Cores=4
[2016.11.22-10.21.30:736][  0]LogInit: High frequency timer resolution =2.533205 MHz
[2016.11.22-10.21.30:736][  0]LogMemory: Memory total: Physical=7.9GB (8GB approx)
[2016.11.22-10.21.30:736][  0]LogMemory: Platform Memory Stats for Windows
[2016.11.22-10.21.30:736][  0]LogMemory: Process Physical Memory: 192.58 MB used, 192.58 MB peak
[2016.11.22-10.21.30:736][  0]LogMemory: Process Virtual Memory: 195.55 MB used, 195.55 MB peak
[2016.11.22-10.21.30:736][  0]LogMemory: Physical Memory: 4227.28 MB used, 8113.86 MB total
[2016.11.22-10.21.30:736][  0]LogMemory: Virtual Memory: 555.32 MB used, 134217728.00 MB total
[2016.11.22-10.21.32:100][  0]LogD3D11RHI: D3D11 adapters:
[2016.11.22-10.21.32:646][  0]LogD3D11RHI:    0. 'NVIDIA GeForce GTX 960M' (Feature Level 11_0)
[2016.11.22-10.21.32:646][  0]LogD3D11RHI:       2018/0/4056 MB DedicatedVideo/DedicatedSystem/SharedSystem, Outputs:1, VendorId:0x10de
[2016.11.22-10.21.32:653][  0]LogD3D11RHI:    1. 'Intel(R) HD Graphics 4600' (Feature Level 11_0)
[2016.11.22-10.21.32:653][  0]LogD3D11RHI:       112/0/2048 MB DedicatedVideo/DedicatedSystem/SharedSystem, Outputs:0, VendorId:0x8086
[2016.11.22-10.21.32:654][  0]LogD3D11RHI:    2. 'Microsoft Basic Render Driver' (Feature Level 11_0)
[2016.11.22-10.21.32:654][  0]LogD3D11RHI:       0/0/4056 MB DedicatedVideo/DedicatedSystem/SharedSystem, Outputs:0, VendorId:0x1414
[2016.11.22-10.21.32:654][  0]LogD3D11RHI: Chosen D3D11 Adapter: 0
[2016.11.22-10.21.32:659][  0]LogD3D11RHI: Creating new Direct3DDevice
[2016.11.22-10.21.32:659][  0]LogD3D11RHI:     GPU DeviceId: 0x139b (for the marketing name, search the web for "GPU Device Id")
[2016.11.22-10.21.32:659][  0]LogWindows: EnumDisplayDevices:
[2016.11.22-10.21.32:659][  0]LogWindows:    0. 'Intel(R) HD Graphics 4600' (P:1 D:1)
[2016.11.22-10.21.32:659][  0]LogWindows:    1. 'Intel(R) HD Graphics 4600' (P:0 D:0)
[2016.11.22-10.21.32:659][  0]LogWindows:    2. 'Intel(R) HD Graphics 4600' (P:0 D:0)
[2016.11.22-10.21.32:659][  0]LogWindows: DebugString: PrimaryIsNotTheChoosenAdapter PrimaryIsNotTheChoosenAdapter PrimaryIsNotTheChoosenAdapter FoundDriverCount:0 
[2016.11.22-10.21.32:659][  0]LogD3D11RHI:     Adapter Name: NVIDIA GeForce GTX 960M
[2016.11.22-10.21.32:659][  0]LogD3D11RHI:   Driver Version: Unknown (internal:Unknown, unified:Unknown)
[2016.11.22-10.21.32:659][  0]LogD3D11RHI:      Driver Date: Unknown
[2016.11.22-10.21.32:659][  0]LogRHI: Texture pool is 1361 MB (70% of 1945 MB)
[2016.11.22-10.21.33:189][  0]LogD3D11RHI: Async texture creation enabled
[2016.11.22-10.21.34:416][  0]LogD3D11RHI: GPU Timing Frequency: 1000.000000 (Debug: 2 2)
[2016.11.22-10.21.34:417][  0]LogShaderCompilers: Guid format shader working directory is -16 characters bigger than the processId version (../../../../../../Users/jcy/Documents/GitHub/UNNAMED/UNNAMED/Intermediate/Shaders/WorkingDirectory/2592/).
[2016.11.22-10.21.34:417][  0]LogShaderCompilers: Cleaned the shader compiler working directory 'C:/Users/jcy/AppData/Local/Temp/UnrealShaderWorkingDir/234B9FA1495C1BDB8DA153B7F7A72CE7/'.
[2016.11.22-10.21.34:417][  0]LogShaderCompilers:Display: Using Local Shader Compiler.
[2016.11.22-10.21.40:259][  0]LogTemp:Display: Loaded TP AllDesktopTargetPlatform
[2016.11.22-10.21.40:310][  0]LogTemp:Display: Loaded TP WindowsClientTargetPlatform
[2016.11.22-10.21.40:328][  0]LogTemp:Display: Loaded TP WindowsNoEditorTargetPlatform
[2016.11.22-10.21.40:374][  0]LogTemp:Display: Loaded TP WindowsServerTargetPlatform
[2016.11.22-10.21.40:533][  0]LogTemp:Display: Loaded TP WindowsTargetPlatform
[2016.11.22-10.21.40:575][  0]LogTemp:Display: Loaded TP AndroidTargetPlatform
[2016.11.22-10.21.40:626][  0]LogTemp:Display: Loaded TP Android_ASTCTargetPlatform
[2016.11.22-10.21.40:690][  0]LogTemp:Display: Loaded TP Android_ATCTargetPlatform
[2016.11.22-10.21.40:705][  0]LogTemp:Display: Loaded TP Android_DXTTargetPlatform
[2016.11.22-10.21.40:765][  0]LogTemp:Display: Loaded TP Android_ETC1TargetPlatform
[2016.11.22-10.21.40:842][  0]LogTemp:Display: Loaded TP Android_ETC2TargetPlatform
[2016.11.22-10.21.40:920][  0]LogTemp:Display: Loaded TP Android_MultiTargetPlatform
[2016.11.22-10.21.40:920][  0]LogTemp:Display: Loaded TP Android_PVRTCTargetPlatform
[2016.11.22-10.21.40:992][  0]LogTemp:Display: Loaded TP HTML5TargetPlatform
[2016.11.22-10.21.41:180][  0]LogTemp:Display: Loaded TP IOSTargetPlatform
[2016.11.22-10.21.41:209][  0]LogTemp:Display: Loaded TP TVOSTargetPlatform
[2016.11.22-10.21.41:256][  0]LogTemp:Display: Loaded TP LinuxNoEditorTargetPlatform
[2016.11.22-10.21.41:305][  0]LogTemp:Display: Loaded TP LinuxServerTargetPlatform
[2016.11.22-10.21.41:382][  0]LogTemp:Display: Loaded TP LinuxTargetPlatform
[2016.11.22-10.21.41:382][  0]LogTargetPlatformManager:Display: Building Assets For Windows
[2016.11.22-10.21.42:634][  0]LogDerivedDataCache:Display: Max Cache Size: 512 MB
[2016.11.22-10.21.43:034][  0]LogDerivedDataCache: Loaded boot cache 0.40s 48MB C:/Users/jcy/AppData/Local/UnrealEngine/4.12/DerivedDataCache/Boot.ddc.
[2016.11.22-10.21.43:035][  0]LogDerivedDataCache:Display: Loaded Boot cache: C:/Users/jcy/AppData/Local/UnrealEngine/4.12/DerivedDataCache/Boot.ddc
[2016.11.22-10.21.43:035][  0]LogDerivedDataCache: FDerivedDataBackendGraph:  Pak pak cache file ../../../../../../Users/jcy/Documents/GitHub/UNNAMED/UNNAMED/DerivedDataCache/DDC.ddp not found, will not use a pak cache.
[2016.11.22-10.21.43:035][  0]LogDerivedDataCache: Unable to find inner node Pak for hierarchical cache Hierarchy.
[2016.11.22-10.21.43:035][  0]LogDerivedDataCache: FDerivedDataBackendGraph:  CompressedPak pak cache file ../../../../../../Users/jcy/Documents/GitHub/UNNAMED/UNNAMED/DerivedDataCache/Compressed.ddp not found, will not use a pak cache.
[2016.11.22-10.21.43:035][  0]LogDerivedDataCache: Unable to find inner node CompressedPak for hierarchical cache Hierarchy.
[2016.11.22-10.21.43:082][  0]LogDerivedDataCache:Display: Pak cache opened for reading ../../../Engine/DerivedDataCache/Compressed.ddp.
[2016.11.22-10.21.43:109][  0]LogDerivedDataCache: Using Local data cache path C:/Users/jcy/AppData/Local/UnrealEngine/Common/DerivedDataCache: Writable
[2016.11.22-10.21.46:124][  0]LogInit: Selected Device Profile: [Windows]
[2016.11.22-10.21.46:157][  0]LogContentStreaming: Texture pool size is 0.00 MB
[2016.11.22-10.21.46:848][  0]LogMeshUtilities: No automatic mesh reduction module available
[2016.11.22-10.21.46:848][  0]LogMeshUtilities: No automatic mesh merging module available
[2016.11.22-10.21.46:848][  0]LogMeshUtilities: No distributed automatic mesh merging module available
[2016.11.22-10.21.48:468][  0]LogAssetRegistry: FAssetRegistry took 0.0225 seconds to start up
[2016.11.22-10.21.48:503][  0]LogPackageLocalizationCache: Processed 3 localized package path(s) for 1 prioritized culture(s) in 0.030369 seconds
[2016.11.22-10.21.48:509][  0]LogUObjectArray: 28739 objects as part of root set at end of initial load.
[2016.11.22-10.21.48:509][  0]LogUObjectAllocator: 5855624 out of 0 bytes used by permanent object pool.
[2016.11.22-10.21.48:509][  0]LogUObjectArray: CloseDisregardForGC: 0/0 objects in disregard for GC pool
[2016.11.22-10.21.52:617][  0]LogSlate: SlateFontCache - WITH_FREETYPE: 1, WITH_HARFBUZZ: 1
[2016.11.22-10.21.52:617][  0]LogSlate: SlateFontCache - WITH_FREETYPE: 1, WITH_HARFBUZZ: 1
[2016.11.22-10.22.11:183][  0]LogUdpMessaging: Initializing bridge on interface 0.0.0.0:0 to multicast group 230.0.0.1:6666.
[2016.11.22-10.22.12:637][  0]SourceControl: Info Source control is disabled
[2016.11.22-10.22.12:661][  0]SourceControl: Info Source control is disabled
[2016.11.22-10.22.12:773][  0]SourceControl: Info Source control is disabled
[2016.11.22-10.22.12:866][  0]SourceControl: Info Source control is disabled
[2016.11.22-10.22.14:680][  0]LogEngine: Initializing Engine...
[2016.11.22-10.22.14:709][  0]LogHMD: SteamVR failed to initialize.  Err: 110
[2016.11.22-10.22.14:710][  0]LogHMD: SteamVR failed to initialize.  Err: 110
[2016.11.22-10.22.15:280][  0]LogAIModule: Creating AISystem for world NewWorld
[2016.11.22-10.22.15:286][  0]LogInit: XAudio2 using '스피커(Realtek High Definition Audio)' : 2 channels at 48 kHz using 32 bits per sample (channel mask 0x3)
[2016.11.22-10.22.15:519][  0]LogInit: FAudioDevice initialized.
[2016.11.22-10.22.15:562][  0]LogDerivedDataCache: Saved boot cache 0.04s 48MB C:/Users/jcy/AppData/Local/UnrealEngine/4.12/DerivedDataCache/Boot.ddc.
[2016.11.22-10.22.15:570][  0]LogInit: Texture streaming: Enabled
[2016.11.22-10.22.15:765][  0]LogInit: Transaction tracking system initialized
[2016.11.22-10.22.16:017][  0]BlueprintLog: New page: Editor Load
[2016.11.22-10.22.17:493][  0]LocalizationService: Info Localization service is disabled
[2016.11.22-10.22.18:233][  0]LogConsoleResponse:Display: 
[2016.11.22-10.22.19:217][  0]LogCook:Display: Max memory allowance for cook 8192mb
[2016.11.22-10.22.19:217][  0]LogCook:Display: Mobile HDR setting 1
[2016.11.22-10.22.20:272][  0]LogFileCache: Scanning file cache for directory 'C:/Users/jcy/Documents/GitHub/UNNAMED/UNNAMED/Content/' took 0.02s
[2016.11.22-10.22.20:368][  0]SourceControl: Info Source control is disabled
[2016.11.22-10.22.20:368][  0]Cmd: MAP LOAD FILE="../../../../../../Users/jcy/Documents/GitHub/UNNAMED/UNNAMED/Content/Map/Main.umap" TEMPLATE=0 SHOWPROGRESS=1 FEATURELEVEL=3
[2016.11.22-10.22.20:376][  0]LightingResults: New page: Lighting Build
[2016.11.22-10.22.20:380][  0]MapCheck: New page: Map Check
[2016.11.22-10.22.20:380][  0]LightingResults: New page: Lighting Build
[2016.11.22-10.22.20:878][  0]LogAIModule: Creating AISystem for world Main
[2016.11.22-10.22.20:879][  0]LogEditorServer: Finished looking for orphan Actors (0.000 secs)
[2016.11.22-10.22.20:879][  0]Cmd: MAP CHECKDEP NOCLEARLOG
[2016.11.22-10.22.20:958][  0]MapCheck: Info Map check complete: 0 Error(s), 0 Warning(s), took 78.861ms to complete.
[2016.11.22-10.22.20:958][  0]LogFileHelpers: Loading map 'Main' took 0.590
[2016.11.22-10.22.21:172][  0]LogCollectionManager: Loaded 1 collections in 0.003927 seconds
[2016.11.22-10.22.21:216][  0]LogFileCache: Scanning file cache for directory 'C:/Users/jcy/Documents/GitHub/UNNAMED/UNNAMED/Saved/Collections/' took 0.01s
[2016.11.22-10.22.21:216][  0]LogFileCache: Scanning file cache for directory 'C:/Users/jcy/Documents/GitHub/UNNAMED/UNNAMED/Content/Developers/jcy/Collections/' took 0.01s
[2016.11.22-10.22.21:216][  0]LogFileCache: Scanning file cache for directory 'C:/Users/jcy/Documents/GitHub/UNNAMED/UNNAMED/Content/Collections/' took 0.01s
[2016.11.22-10.22.21:216][  0]LogCollectionManager: Rebuilt the GUID cache for 1 collections in 0.000022 seconds
[2016.11.22-10.22.21:216][  0]LogCollectionManager: Rebuilt the hierarchy cache for 1 collections in 0.000000 seconds
[2016.11.22-10.22.21:225][  0]LogContentBrowser: Native class hierarchy populated in 0.0088 seconds. Added 2047 classes and 369 folders.
[2016.11.22-10.22.21:231][  0]LogStats: UGameplayTagsManager::ConstructGameplayTagTree: Construct from data asset -  0.000 s
[2016.11.22-10.22.21:231][  0]LogStats: UGameplayTagsManager::ConstructGameplayTagTree: GameplayTagTreeChangedEvent.Broadcast -  0.000 s
[2016.11.22-10.22.21:232][  0]LogContentBrowser: Native class hierarchy updated for 'GameplayTags' in 0.0005 seconds. Added 12 classes and 0 folders.
[2016.11.22-10.22.21:239][  0]LogContentBrowser: Native class hierarchy updated for 'WidgetCarousel' in 0.0004 seconds. Added 0 classes and 0 folders.
[2016.11.22-10.22.21:917][  0]LogContentBrowser: Native class hierarchy updated for 'AddContentDialog' in 0.0005 seconds. Added 0 classes and 0 folders.
[2016.11.22-10.22.21:995][  0]LogContentBrowser: Native class hierarchy updated for 'SceneOutliner' in 0.0004 seconds. Added 1 classes and 2 folders.
[2016.11.22-10.22.22:125][  0]LogCrashTracker: Crashtracker disabled due to settings.
[2016.11.22-10.22.22:131][  0]LogUObjectGlobals:Warning: Failed to find object 'Class None.'
[2016.11.22-10.22.22:237][  0]LogContentBrowser: Native class hierarchy updated for 'HierarchicalLODOutliner' in 0.0005 seconds. Added 1 classes and 2 folders.
[2016.11.22-10.22.22:237][  0]LogLoad: Full Startup: 55.27 seconds (BP compile: 0.15 seconds)
[2016.11.22-10.22.22:237][  0]LogExternalProfiler: Found external profiler: VSPerf
[2016.11.22-10.22.22:237][  0]LogExternalProfiler: Using external profiler: VSPerf
[2016.11.22-10.22.22:273][  0]LogWindowsTextInputMethodSystem:Display: IME system now activated using TSF (Microsoft 입력기).
[2016.11.22-10.22.22:279][  0]LogOcInput: OculusInput pre-init called
[2016.11.22-10.22.22:299][  0]LogContentStreaming: Texture pool size now 1000 MB
[2016.11.22-10.22.22:619][  0]LogRenderer: Reallocating scene render targets to support 1144x576 (Frame:2).
[2016.11.22-10.22.22:781][  2]LogAssetRegistry: Asset discovery search completed in 34.3360 seconds
[2016.11.22-10.22.22:781][  2]LogCollectionManager: Rebuilt the object cache for 1 collections in 0.000017 seconds (found 0 objects)
[2016.11.22-10.22.22:781][  2]LogCollectionManager: Fixed up redirectors for 1 collections in 0.000041 seconds (updated 0 objects)
[2016.11.22-10.44.53:110][709]LogBlueprintUserMessages: Early PlayInEditor Detection: Level '/Game/Map/Main.Main:PersistentLevel' has LevelScriptBlueprint '/Game/Map/Main.Main:PersistentLevel.Main' with GeneratedClass '/Game/Map/Main.Main_C' with ClassGeneratedBy '/Game/Map/Main.Main:PersistentLevel.Main'
[2016.11.22-10.44.53:110][709]LogPlayLevel: PlayLevel: No blueprints needed recompiling
[2016.11.22-10.44.53:124][709]PIE: New page: PIE session: Main (Nov 23, 2016, 4:44:53 AM)
[2016.11.22-10.44.53:124][709]LogPlayLevel: Creating play world package: /Game/Map/UEDPIE_1_Main
[2016.11.22-10.44.53:126][709]LogPlayLevel: PIE: StaticDuplicateObject took: (0.001444s)
[2016.11.22-10.44.53:126][709]LogAIModule: Creating AISystem for world Main
[2016.11.22-10.44.53:126][709]LogPlayLevel: PIE: World Init took: (0.000721s)
[2016.11.22-10.44.53:127][709]LogPlayLevel: PIE: Created PIE world by copying editor world from /Game/Map/Main.Main to /Game/Map/UEDPIE_1_Main.Main (0.002431s)
[2016.11.22-10.44.53:150][709]LogInit: XAudio2 using '스피커(Realtek High Definition Audio)' : 2 channels at 48 kHz using 32 bits per sample (channel mask 0x3)
[2016.11.22-10.44.53:180][709]LogInit: FAudioDevice initialized.
[2016.11.22-10.44.53:238][709]LogWorld: Game class is 'pregame_C'
[2016.11.22-10.44.53:241][709]LogWorld: Bringing World /Game/Map/UEDPIE_1_Main.Main up for play (max tick rate 60) at 2016.11.22-19.44.53
[2016.11.22-10.44.53:242][709]LogWorld: Bringing up level for play took: 0.001743
[2016.11.22-10.44.53:254][709]LogVoice:Warning: Failed to initialize voice interface
[2016.11.22-10.44.53:257][709]LogSpawn:Warning: SpawnActor failed because no class was specified
[2016.11.22-10.44.53:262][709]LogContentBrowser: Native class hierarchy updated for 'MovieSceneCapture' in 0.0005 seconds. Added 11 classes and 0 folders.
[2016.11.22-10.44.53:262][709]LogInit: WinSock: Socket queue 131072 / 131072
[2016.11.22-10.44.53:263][709]LogInit: WinSock: I am DESKTOP-5I3HB32 (192.168.0.72:0)
[2016.11.22-10.44.53:263][709]PacketHandlerLog: Loaded PacketHandler component: Engine.EngineHandlerComponentFactory (StatelessConnectHandlerComponent)
[2016.11.22-10.44.53:263][709]LogNet: GameNetDriver IpNetDriver_0 IpNetDriver listening on port 7777
[2016.11.22-10.44.53:278][709]PIE: Info Play in editor start time for /Game/Map/UEDPIE_1_Main 0.438
[2016.11.22-10.44.53:280][709]PIE: New page: PIE session: Main (Nov 23, 2016, 4:44:53 AM)
[2016.11.22-10.44.53:326][709]LogNet: Browse: 127.0.0.1//Game/Map/Main
[2016.11.22-10.44.53:326][709]LogInit: WinSock: Socket queue 32768 / 32768
[2016.11.22-10.44.53:326][709]PacketHandlerLog: Loaded PacketHandler component: Engine.EngineHandlerComponentFactory (StatelessConnectHandlerComponent)
[2016.11.22-10.44.53:326][709]LogNet: Game client on port 7777, rate 10000
[2016.11.22-10.44.53:327][709]LogNet: GetLocalNetworkVersion: GEngineNetVersion: 3039270, ProjectName: unnamed, ProjectVersion: 1.0.0.0, InternalProtocolVersion: 9, LocalNetworkVersion: 1745645396
[2016.11.22-10.44.53:405][709]PIE: Info Play in editor start time for /Game/Map/Main 0.565
[2016.11.22-10.44.53:421][709]LogBlueprintUserMessages: Late PlayInEditor Detection: Level '/Game/Map/Main.Main:PersistentLevel' has LevelScriptBlueprint '/Game/Map/Main.Main:PersistentLevel.Main' with GeneratedClass '/Game/Map/Main.Main_C' with ClassGeneratedBy '/Game/Map/Main.Main:PersistentLevel.Main'
[2016.11.22-10.44.53:422][709]LogNet: NotifyAcceptingConnection: Server Main accept
[2016.11.22-10.44.53:422][709]LogHandshake: SendConnectChallenge. Timestamp: 0.016667, Cookie: 143029068123009170120094243061008199202070151225022104155209
[2016.11.22-10.44.53:423][709]LogNet: NotifyAcceptingConnection: Server Main accept
[2016.11.22-10.44.53:478][709]LogHandshake: SendChallengeResponse. Timestamp: 0.016667, Cookie: 143029068123009170120094243061008199202070151225022104155209
[2016.11.22-10.44.53:524][709]LogRenderer: Reallocating scene render targets to support 1292x756 (Frame:5).
[2016.11.22-10.44.53:593][710]LogNet: NotifyAcceptingConnection: Server Main accept
[2016.11.22-10.44.53:593][710]LogNet: Server accepting post-challenge connection from: 127.0.0.1:59904
[2016.11.22-10.44.53:594][710]PacketHandlerLog: Loaded PacketHandler component: Engine.EngineHandlerComponentFactory (StatelessConnectHandlerComponent)
[2016.11.22-10.44.53:594][710]LogNet: NotifyAcceptedConnection: Name: Main, TimeStamp: 11/22/16 19:44:53, [UNetConnection] RemoteAddr: 127.0.0.1:59904, Name: IpConnection_1, Driver: GameNetDriver IpNetDriver_0, IsServer: YES, PC: NULL, Owner: NULL
[2016.11.22-10.44.53:594][710]LogNet: AddClientConnection: Added client connection: [UNetConnection] RemoteAddr: 127.0.0.1:59904, Name: IpConnection_1, Driver: GameNetDriver IpNetDriver_0, IsServer: YES, PC: NULL, Owner: NULL
[2016.11.22-10.44.53:663][712]LogNet: NotifyAcceptingChannel Control 0 server World /Game/Map/UEDPIE_1_Main.Main: Accepted
[2016.11.22-10.44.53:663][712]LogNet: Remote platform little endian=1
[2016.11.22-10.44.53:663][712]LogNet: This platform little endian=1
[2016.11.22-10.44.53:663][712]LogNet: GetLocalNetworkVersion: GEngineNetVersion: 3039270, ProjectName: unnamed, ProjectVersion: 1.0.0.0, InternalProtocolVersion: 9, LocalNetworkVersion: 1745645396
[2016.11.22-10.44.53:675][712]LogVoice:Warning: Failed to initialize voice interface
[2016.11.22-10.44.53:690][713]LogNet: Login request: /Game/Map/Main?Name=DESKTOP-5I3HB32-6981FA9D456E0FAD66B55E9DFFFE7716 userId: DESKTOP-5I3HB32-6981FA9D456E0FAD66B55E9DFFFE7716
[2016.11.22-10.44.53:691][713]LogNet: Welcomed by server (Level: /Game/Map/UEDPIE_1_Main, Game: /Game/BP/pregame.pregame_C)
[2016.11.22-10.44.53:693][713]LogLoad: LoadMap: 127.0.0.1//Game/Map/UEDPIE_1_Main?game=/Game/BP/pregame.pregame_C
[2016.11.22-10.44.53:704][713]Cmd: MEM
[2016.11.22-10.44.53:714][713]LogMemory: Platform Memory Stats for Windows
[2016.11.22-10.44.53:714][713]LogMemory: Process Physical Memory: 706.07 MB used, 848.26 MB peak
[2016.11.22-10.44.53:714][713]LogMemory: Process Virtual Memory: 1452.62 MB used, 1453.98 MB peak
[2016.11.22-10.44.53:714][713]LogMemory: Physical Memory: 4911.98 MB used, 8113.86 MB total
[2016.11.22-10.44.53:715][713]LogMemory: Virtual Memory: 2173.13 MB used, 134217728.00 MB total
[2016.11.22-10.44.53:715][713]LogMemory: 
[2016.11.22-10.44.53:715][713]Allocator Stats for TBB: (not implemented)
[2016.11.22-10.44.53:716][713]LogWorld: PIE: Copying PIE streaming level from /Game/Map/Main.Main to /Game/Map/UEDPIE_2_Main.Main. OwningWorld: None
[2016.11.22-10.44.53:716][713]LogAIModule: Creating AISystem for world Main
[2016.11.22-10.44.53:722][713]LogWorld: Bringing World /Game/Map/UEDPIE_2_Main.Main up for play (max tick rate 60) at 2016.11.22-19.44.53
[2016.11.22-10.44.53:723][713]LogWorld: Bringing up level for play took: 0.004685
[2016.11.22-10.44.53:723][713]LogLoad: Took 0.030553 seconds to LoadMap(/Game/Map/UEDPIE_1_Main)
[2016.11.22-10.44.53:742][714]LogNet: Client netspeed is 10000
[2016.11.22-10.44.53:742][714]LogNet: Join request: /Game/Map/Main?Name=DESKTOP-5I3HB32-6981FA9D456E0FAD66B55E9DFFFE7716?SplitscreenCount=1
[2016.11.22-10.44.53:743][714]LogOnline:Warning: NULL: No game present to join for session (Game)
[2016.11.22-10.44.53:744][714]LogNet: Join succeeded: DESKTOP-5I3HB32-6981
[2016.11.22-10.44.53:747][714]LogSpawn:Warning: SpawnActor failed because no class was specified
[2016.11.22-10.44.53:783][716]LogOnline:Warning: NULL: No game present to join for session (Game)
[2016.11.22-10.44.53:800][717]LogOnline:Warning: NULL: No game present to join for session (Game)
[2016.11.22-10.45.02:314][160]LogNet: Browse: /Game/Map/dd?listen
[2016.11.22-10.45.02:314][160]LogLoad: LoadMap: /Game/Map/dd?listen
[2016.11.22-10.45.02:314][160]LogNet: World NetDriver shutdown IpNetDriver_1 [GameNetDriver]
[2016.11.22-10.45.02:314][160]LogNet: DestroyNamedNetDriver IpNetDriver_1 [GameNetDriver]
[2016.11.22-10.45.02:314][160]LogNet: UNetConnection::Close: [UNetConnection] RemoteAddr: 127.0.0.1:7777, Name: IpConnection_0, Driver: GameNetDriver IpNetDriver_1, IsServer: NO, PC: PlayerController_1, Owner: PlayerController_1, Channels: 9, Time: 2016.11.22-10.45.02
[2016.11.22-10.45.02:314][160]LogNet: UChannel::Close: Sending CloseBunch. ChIndex == 0. Name: [UChannel] ChIndex: 0, Closing: 0 [UNetConnection] RemoteAddr: 127.0.0.1:7777, Name: IpConnection_0, Driver: GameNetDriver IpNetDriver_1, IsServer: NO, PC: PlayerController_1, Owner: PlayerController_1
[2016.11.22-10.45.02:314][160]LogExit: GameNetDriver IpNetDriver_1 shut down
[2016.11.22-10.45.02:328][160]Cmd: MEM
[2016.11.22-10.45.02:340][160]LogMemory: Platform Memory Stats for Windows
[2016.11.22-10.45.02:340][160]LogMemory: Process Physical Memory: 736.62 MB used, 848.26 MB peak
[2016.11.22-10.45.02:340][160]LogMemory: Process Virtual Memory: 1362.54 MB used, 1490.79 MB peak
[2016.11.22-10.45.02:340][160]LogMemory: Physical Memory: 4845.95 MB used, 8113.86 MB total
[2016.11.22-10.45.02:340][160]LogMemory: Virtual Memory: 2141.22 MB used, 134217728.00 MB total
[2016.11.22-10.45.02:340][160]LogMemory: 
[2016.11.22-10.45.02:340][160]Allocator Stats for TBB: (not implemented)
[2016.11.22-10.45.05:170][160]LogAIModule: Creating AISystem for world dd
[2016.11.22-10.45.05:170][160]LogWorld: Game class is 'MyGameMode_C'
[2016.11.22-10.45.05:170][160]LogInit: WinSock: Socket queue 131072 / 131072
[2016.11.22-10.45.05:171][160]PacketHandlerLog: Loaded PacketHandler component: Engine.EngineHandlerComponentFactory (StatelessConnectHandlerComponent)
[2016.11.22-10.45.05:171][160]LogNet: GameNetDriver IpNetDriver_2 IpNetDriver listening on port 7778
[2016.11.22-10.45.05:175][160]LogWorld: Bringing World /Game/Map/UEDPIE_2_dd.dd up for play (max tick rate 60) at 2016.11.22-19.45.05
[2016.11.22-10.45.05:176][160]LogWorld: Bringing up level for play took: 0.004275
[2016.11.22-10.45.05:176][160]LogLongPackageNames:Warning: URL: :7778//Game/Map/dd: Name may not contain the following characters: :
[2016.11.22-10.45.05:177][160]LogSpawn:Warning: SpawnActor failed because no class was specified
[2016.11.22-10.45.05:180][160]LogBlueprintUserMessages: [MyGameMode_C_0] Server: 2
[2016.11.22-10.45.05:180][160]LogOnline:Warning: NULL: Can't start an online session (Game) in state InProgress
[2016.11.22-10.45.05:183][160]LogBlueprintUserMessages: [MyGameMode_C_0] Server: 씨발라라라라랄아아랑라
[2016.11.22-10.45.05:183][160]LogBlueprintUserMessages: [dd_C_1] Server: 씨바
[2016.11.22-10.45.05:183][160]LogLoad: Took 2.870200 seconds to LoadMap(/Game/Map/dd)
[2016.11.22-10.45.05:388][161]LogNet: UChannel::ReceivedSequencedBunch: Bunch.bClose == true. ChIndex == 0. Calling ConditionalCleanUp.
[2016.11.22-10.45.05:388][161]LogNet: UChannel::CleanUp: ChIndex == 0. Closing connection. [UChannel] ChIndex: 0, Closing: 0 [UNetConnection] RemoteAddr: 127.0.0.1:59904, Name: IpConnection_1, Driver: GameNetDriver IpNetDriver_0, IsServer: YES, PC: PlayerController_1, Owner: PlayerController_1
[2016.11.22-10.45.05:388][161]LogNet: UNetConnection::Close: [UNetConnection] RemoteAddr: 127.0.0.1:59904, Name: IpConnection_1, Driver: GameNetDriver IpNetDriver_0, IsServer: YES, PC: PlayerController_1, Owner: PlayerController_1, Channels: 9, Time: 2016.11.22-10.45.05
[2016.11.22-10.45.05:388][161]LogNet: UChannel::Close: Sending CloseBunch. ChIndex == 0. Name: [UChannel] ChIndex: 0, Closing: 0 [UNetConnection] RemoteAddr: 127.0.0.1:59904, Name: IpConnection_1, Driver: GameNetDriver IpNetDriver_0, IsServer: YES, PC: PlayerController_1, Owner: PlayerController_1
[2016.11.22-10.45.05:389][161]LogOnline:Warning: NULL: No game present to leave for session (Game)
[2016.11.22-10.45.18:260][910]LogNet: Browse: 192.168.0.72:7778//Game/Map/Main
[2016.11.22-10.45.18:260][910]LogNet: World NetDriver shutdown IpNetDriver_0 [GameNetDriver]
[2016.11.22-10.45.18:260][910]LogNet: DestroyNamedNetDriver IpNetDriver_0 [GameNetDriver]
[2016.11.22-10.45.18:261][910]LogExit: GameNetDriver IpNetDriver_0 shut down
[2016.11.22-10.45.18:261][910]LogInit: WinSock: Socket queue 32768 / 32768
[2016.11.22-10.45.18:261][910]PacketHandlerLog: Loaded PacketHandler component: Engine.EngineHandlerComponentFactory (StatelessConnectHandlerComponent)
[2016.11.22-10.45.18:261][910]LogNet: Game client on port 7778, rate 10000
[2016.11.22-10.45.18:261][910]LogNet: GetLocalNetworkVersion: GEngineNetVersion: 3039270, ProjectName: unnamed, ProjectVersion: 1.0.0.0, InternalProtocolVersion: 9, LocalNetworkVersion: 1745645396
[2016.11.22-10.45.18:262][910]LogNet: NotifyAcceptingConnection: Server dd accept
[2016.11.22-10.45.18:262][910]LogHandshake: SendConnectChallenge. Timestamp: 15.974209, Cookie: 029237141252037035224155134078027062237065108049199172251242
[2016.11.22-10.45.18:262][910]LogNet: NotifyAcceptingConnection: Server dd accept
[2016.11.22-10.45.18:277][911]LogHandshake: SendChallengeResponse. Timestamp: 15.974209, Cookie: 029237141252037035224155134078027062237065108049199172251242
[2016.11.22-10.45.18:277][911]LogNet: NotifyAcceptingConnection: Server dd accept
[2016.11.22-10.45.18:277][911]LogNet: Server accepting post-challenge connection from: 192.168.0.72:50827
[2016.11.22-10.45.18:277][911]PacketHandlerLog: Loaded PacketHandler component: Engine.EngineHandlerComponentFactory (StatelessConnectHandlerComponent)
[2016.11.22-10.45.18:277][911]LogNet: NotifyAcceptedConnection: Name: dd, TimeStamp: 11/22/16 19:45:18, [UNetConnection] RemoteAddr: 192.168.0.72:50827, Name: IpConnection_3, Driver: GameNetDriver IpNetDriver_2, IsServer: YES, PC: NULL, Owner: NULL
[2016.11.22-10.45.18:277][911]LogNet: AddClientConnection: Added client connection: [UNetConnection] RemoteAddr: 192.168.0.72:50827, Name: IpConnection_3, Driver: GameNetDriver IpNetDriver_2, IsServer: YES, PC: NULL, Owner: NULL
[2016.11.22-10.45.18:477][923]LogNet: NotifyAcceptingChannel Control 0 server World /Game/Map/UEDPIE_2_dd.dd: Accepted
[2016.11.22-10.45.18:477][923]LogNet: Remote platform little endian=1
[2016.11.22-10.45.18:477][923]LogNet: This platform little endian=1
[2016.11.22-10.45.18:477][923]LogNet: GetLocalNetworkVersion: GEngineNetVersion: 3039270, ProjectName: unnamed, ProjectVersion: 1.0.0.0, InternalProtocolVersion: 9, LocalNetworkVersion: 1745645396
[2016.11.22-10.45.18:494][924]LogNet: Login request: /Game/Map/Main?Name=DESKTOP-5I3HB32-D2DF3A49409A804D9E818B9813DDD2F7 userId: DESKTOP-5I3HB32-D2DF3A49409A804D9E818B9813DDD2F7
[2016.11.22-10.45.18:510][925]LogNet: Welcomed by server (Level: /Game/Map/UEDPIE_2_dd, Game: /Game/BP/MyGameMode.MyGameMode_C)
[2016.11.22-10.45.18:510][925]LogLoad: LoadMap: 192.168.0.72:7778//Game/Map/UEDPIE_2_dd?game=/Game/BP/MyGameMode.MyGameMode_C
[2016.11.22-10.45.18:548][925]Cmd: MEM
[2016.11.22-10.45.18:559][925]LogMemory: Platform Memory Stats for Windows
[2016.11.22-10.45.18:559][925]LogMemory: Process Physical Memory: 829.95 MB used, 856.79 MB peak
[2016.11.22-10.45.18:559][925]LogMemory: Process Virtual Memory: 1489.21 MB used, 1554.54 MB peak
[2016.11.22-10.45.18:559][925]LogMemory: Physical Memory: 4912.87 MB used, 8113.86 MB total
[2016.11.22-10.45.18:559][925]LogMemory: Virtual Memory: 2274.23 MB used, 134217728.00 MB total
[2016.11.22-10.45.18:559][925]LogMemory: 
[2016.11.22-10.45.18:559][925]Allocator Stats for TBB: (not implemented)
[2016.11.22-10.45.18:677][925]LogAIModule: Creating AISystem for world dd
[2016.11.22-10.45.18:682][925]LogWorld: Bringing World /Game/Map/UEDPIE_1_dd.dd up for play (max tick rate 60) at 2016.11.22-19.45.18
[2016.11.22-10.45.18:683][925]LogWorld: Bringing up level for play took: 0.003901
[2016.11.22-10.45.18:683][925]LogLoad: Took 0.172314 seconds to LoadMap(/Game/Map/UEDPIE_2_dd)
[2016.11.22-10.45.18:683][925]LogNet: Client netspeed is 10000
[2016.11.22-10.45.18:683][925]LogNet: Join request: /Game/Map/Main?Name=DESKTOP-5I3HB32-D2DF3A49409A804D9E818B9813DDD2F7?SplitscreenCount=1
[2016.11.22-10.45.18:690][925]LogBlueprintUserMessages: [MyGameMode_C_0] Server: 3
[2016.11.22-10.45.18:690][925]LogNet: Join succeeded: DESKTOP-5I3HB32-D2DF
[2016.11.22-10.45.18:690][925]LogCharacterMovement:Warning: GetSimulationTimeStep() - Max iterations 8 hit while remaining time 13.201360 > MaxSimulationTimeStep (0.050) for 'ThirdPersonCharacter_C_1', movement 'Falling'
[2016.11.22-10.45.18:762][926]LogSpawn:Warning: SpawnActor failed because no class was specified
[2016.11.22-10.45.18:807][928]LogBlueprintUserMessages: [dd_C_1] Client 0: 씨바
[2016.11.22-10.45.29:766][539]LogBlueprintUserMessages: Early EndPlayMap Detection: Level '/Game/Map/Main.Main:PersistentLevel' has LevelScriptBlueprint '/Game/Map/Main.Main:PersistentLevel.Main' with GeneratedClass '/Game/Map/Main.Main_C' with ClassGeneratedBy '/Game/Map/Main.Main:PersistentLevel.Main'
[2016.11.22-10.45.29:822][539]LogOnline:Display: NULL: FOnlineSubsystemNull::Shutdown()
[2016.11.22-10.45.29:887][539]LogOnline:Display: NULL: FOnlineSubsystemNull::Shutdown()
[2016.11.22-10.45.29:887][539]LogPlayLevel:Display: Shutting down PIE online subsystems
[2016.11.22-10.45.29:888][539]LogBlueprintUserMessages: Late EndPlayMap Detection: Level '/Game/Map/Main.Main:PersistentLevel' has LevelScriptBlueprint '/Game/Map/Main.Main:PersistentLevel.Main' with GeneratedClass '/Game/Map/Main.Main_C' with ClassGeneratedBy '/Game/Map/Main.Main:PersistentLevel.Main'
[2016.11.22-10.45.29:904][539]LogNet: UChannel::CleanUp: ChIndex == 0. Closing connection. [UChannel] ChIndex: 0, Closing: 0 [UNetConnection] RemoteAddr: 192.168.0.72:7778, Name: None, Driver: GameNetDriver None, IsServer: NO, PC: None, Owner: None
[2016.11.22-10.45.29:904][539]LogNet: UNetConnection::Close: [UNetConnection] RemoteAddr: 192.168.0.72:7778, Name: None, Driver: GameNetDriver None, IsServer: NO, PC: None, Owner: None, Channels: 1, Time: 2016.11.22-10.45.29
[2016.11.22-10.45.29:904][539]LogNet: UChannel::Close: Sending CloseBunch. ChIndex == 0. Name: [UChannel] ChIndex: 0, Closing: 0 [UNetConnection] RemoteAddr: 192.168.0.72:7778, Name: None, Driver: GameNetDriver None, IsServer: NO, PC: None, Owner: None
[2016.11.22-10.45.29:904][539]LogNet: UChannel::CleanUp: ChIndex == 0. Closing connection. [UChannel] ChIndex: 0, Closing: 0 [UNetConnection] RemoteAddr: 192.168.0.72:50827, Name: None, Driver: GameNetDriver None, IsServer: YES, PC: None, Owner: None
[2016.11.22-10.45.29:904][539]LogNet: UNetConnection::Close: [UNetConnection] RemoteAddr: 192.168.0.72:50827, Name: None, Driver: GameNetDriver None, IsServer: YES, PC: None, Owner: None, Channels: 1, Time: 2016.11.22-10.45.29
[2016.11.22-10.45.29:904][539]LogNet: UChannel::Close: Sending CloseBunch. ChIndex == 0. Name: [UChannel] ChIndex: 0, Closing: 0 [UNetConnection] RemoteAddr: 192.168.0.72:50827, Name: None, Driver: GameNetDriver None, IsServer: YES, PC: None, Owner: None
[2016.11.22-10.45.29:905][539]LogExit: GameNetDriver None shut down
[2016.11.22-10.45.29:906][539]LogExit: GameNetDriver None shut down
[2016.11.22-10.45.29:936][540]LogPlayLevel:Display: Destroying online subsystem :Context_4
[2016.11.22-10.45.29:936][540]LogOnline:Display: NULL: FOnlineSubsystemNull::Shutdown()
[2016.11.22-10.45.29:936][540]LogPlayLevel:Display: Destroying online subsystem :Context_3
[2016.11.22-10.45.29:936][540]LogOnline:Display: NULL: FOnlineSubsystemNull::Shutdown()
[2016.11.22-10.45.31:080][608]LogBlueprintUserMessages: Early PlayInEditor Detection: Level '/Game/Map/Main.Main:PersistentLevel' has LevelScriptBlueprint '/Game/Map/Main.Main:PersistentLevel.Main' with GeneratedClass '/Game/Map/Main.Main_C' with ClassGeneratedBy '/Game/Map/Main.Main:PersistentLevel.Main'
[2016.11.22-10.45.31:080][608]LogPlayLevel: PlayLevel: No blueprints needed recompiling
[2016.11.22-10.45.31:082][608]PIE: New page: PIE session: Main (Nov 23, 2016, 4:45:31 AM)
[2016.11.22-10.45.31:082][608]LogPlayLevel: Creating play world package: /Game/Map/UEDPIE_1_Main
[2016.11.22-10.45.31:083][608]LogPlayLevel: PIE: StaticDuplicateObject took: (0.001300s)
[2016.11.22-10.45.31:083][608]LogAIModule: Creating AISystem for world Main
[2016.11.22-10.45.31:084][608]LogPlayLevel: PIE: World Init took: (0.000585s)
[2016.11.22-10.45.31:084][608]LogPlayLevel: PIE: Created PIE world by copying editor world from /Game/Map/Main.Main to /Game/Map/UEDPIE_1_Main.Main (0.002088s)
[2016.11.22-10.45.31:106][608]LogInit: XAudio2 using '스피커(Realtek High Definition Audio)' : 2 channels at 48 kHz using 32 bits per sample (channel mask 0x3)
[2016.11.22-10.45.31:139][608]LogInit: FAudioDevice initialized.
[2016.11.22-10.45.31:188][608]LogWorld: Game class is 'pregame_C'
[2016.11.22-10.45.31:191][608]LogWorld: Bringing World /Game/Map/UEDPIE_1_Main.Main up for play (max tick rate 60) at 2016.11.22-19.45.31
[2016.11.22-10.45.31:192][608]LogWorld: Bringing up level for play took: 0.001733
[2016.11.22-10.45.31:203][608]LogVoice:Warning: Failed to initialize voice interface
[2016.11.22-10.45.31:206][608]LogSpawn:Warning: SpawnActor failed because no class was specified
[2016.11.22-10.45.31:207][608]LogInit: WinSock: Socket queue 131072 / 131072
[2016.11.22-10.45.31:207][608]PacketHandlerLog: Loaded PacketHandler component: Engine.EngineHandlerComponentFactory (StatelessConnectHandlerComponent)
[2016.11.22-10.45.31:207][608]LogNet: GameNetDriver IpNetDriver_4 IpNetDriver listening on port 7777
[2016.11.22-10.45.31:217][608]PIE: Info Play in editor start time for /Game/Map/UEDPIE_1_Main 0.392
[2016.11.22-10.45.31:218][608]PIE: New page: PIE session: Main (Nov 23, 2016, 4:45:31 AM)
[2016.11.22-10.45.31:291][608]LogNet: Browse: 127.0.0.1//Game/Map/Main
[2016.11.22-10.45.31:292][608]LogInit: WinSock: Socket queue 32768 / 32768
[2016.11.22-10.45.31:292][608]PacketHandlerLog: Loaded PacketHandler component: Engine.EngineHandlerComponentFactory (StatelessConnectHandlerComponent)
[2016.11.22-10.45.31:292][608]LogNet: Game client on port 7777, rate 10000
[2016.11.22-10.45.31:292][608]LogNet: GetLocalNetworkVersion: GEngineNetVersion: 3039270, ProjectName: unnamed, ProjectVersion: 1.0.0.0, InternalProtocolVersion: 9, LocalNetworkVersion: 1745645396
[2016.11.22-10.45.31:371][608]PIE: Info Play in editor start time for /Game/Map/Main 0.547
[2016.11.22-10.45.31:390][608]LogBlueprintUserMessages: Late PlayInEditor Detection: Level '/Game/Map/Main.Main:PersistentLevel' has LevelScriptBlueprint '/Game/Map/Main.Main:PersistentLevel.Main' with GeneratedClass '/Game/Map/Main.Main_C' with ClassGeneratedBy '/Game/Map/Main.Main:PersistentLevel.Main'
[2016.11.22-10.45.31:390][608]LogNet: NotifyAcceptingConnection: Server Main accept
[2016.11.22-10.45.31:390][608]LogHandshake: SendConnectChallenge. Timestamp: 0.016667, Cookie: 063196135171133215075185089146063104217236237035172179030149
[2016.11.22-10.45.31:391][608]LogNet: NotifyAcceptingConnection: Server Main accept
[2016.11.22-10.45.31:392][608]LogHandshake: SendChallengeResponse. Timestamp: 0.016667, Cookie: 063196135171133215075185089146063104217236237035172179030149
[2016.11.22-10.45.31:491][609]LogNet: NotifyAcceptingConnection: Server Main accept
[2016.11.22-10.45.31:491][609]LogNet: Server accepting post-challenge connection from: 127.0.0.1:49998
[2016.11.22-10.45.31:492][609]PacketHandlerLog: Loaded PacketHandler component: Engine.EngineHandlerComponentFactory (StatelessConnectHandlerComponent)
[2016.11.22-10.45.31:492][609]LogNet: NotifyAcceptedConnection: Name: Main, TimeStamp: 11/22/16 19:45:31, [UNetConnection] RemoteAddr: 127.0.0.1:49998, Name: IpConnection_5, Driver: GameNetDriver IpNetDriver_4, IsServer: YES, PC: NULL, Owner: NULL
[2016.11.22-10.45.31:492][609]LogNet: AddClientConnection: Added client connection: [UNetConnection] RemoteAddr: 127.0.0.1:49998, Name: IpConnection_5, Driver: GameNetDriver IpNetDriver_4, IsServer: YES, PC: NULL, Owner: NULL
[2016.11.22-10.45.31:522][611]LogNet: NotifyAcceptingChannel Control 0 server World /Game/Map/UEDPIE_1_Main.Main: Accepted
[2016.11.22-10.45.31:522][611]LogNet: Remote platform little endian=1
[2016.11.22-10.45.31:522][611]LogNet: This platform little endian=1
[2016.11.22-10.45.31:522][611]LogNet: GetLocalNetworkVersion: GEngineNetVersion: 3039270, ProjectName: unnamed, ProjectVersion: 1.0.0.0, InternalProtocolVersion: 9, LocalNetworkVersion: 1745645396
[2016.11.22-10.45.31:535][611]LogVoice:Warning: Failed to initialize voice interface
[2016.11.22-10.45.31:549][612]LogNet: Login request: /Game/Map/Main?Name=DESKTOP-5I3HB32-38589C0A43507FFB09865FA8604983C9 userId: DESKTOP-5I3HB32-38589C0A43507FFB09865FA8604983C9
[2016.11.22-10.45.31:550][612]LogNet: Welcomed by server (Level: /Game/Map/UEDPIE_1_Main, Game: /Game/BP/pregame.pregame_C)
[2016.11.22-10.45.31:550][612]LogLoad: LoadMap: 127.0.0.1//Game/Map/UEDPIE_1_Main?game=/Game/BP/pregame.pregame_C
[2016.11.22-10.45.31:564][612]Cmd: MEM
[2016.11.22-10.45.31:575][612]LogMemory: Platform Memory Stats for Windows
[2016.11.22-10.45.31:575][612]LogMemory: Process Physical Memory: 923.97 MB used, 927.50 MB peak
[2016.11.22-10.45.31:575][612]LogMemory: Process Virtual Memory: 1493.58 MB used, 1556.55 MB peak
[2016.11.22-10.45.31:575][612]LogMemory: Physical Memory: 5023.67 MB used, 8113.86 MB total
[2016.11.22-10.45.31:575][612]LogMemory: Virtual Memory: 2262.12 MB used, 134217728.00 MB total
[2016.11.22-10.45.31:575][612]LogMemory: 
[2016.11.22-10.45.31:575][612]Allocator Stats for TBB: (not implemented)
[2016.11.22-10.45.31:577][612]LogWorld: PIE: Copying PIE streaming level from /Game/Map/Main.Main to /Game/Map/UEDPIE_2_Main.Main. OwningWorld: None
[2016.11.22-10.45.31:578][612]LogAIModule: Creating AISystem for world Main
[2016.11.22-10.45.31:580][612]LogWorld: Bringing World /Game/Map/UEDPIE_2_Main.Main up for play (max tick rate 60) at 2016.11.22-19.45.31
[2016.11.22-10.45.31:580][612]LogWorld: Bringing up level for play took: 0.001464
[2016.11.22-10.45.31:581][612]LogLoad: Took 0.030602 seconds to LoadMap(/Game/Map/UEDPIE_1_Main)
[2016.11.22-10.45.31:595][613]LogNet: Client netspeed is 10000
[2016.11.22-10.45.31:595][613]LogNet: Join request: /Game/Map/Main?Name=DESKTOP-5I3HB32-38589C0A43507FFB09865FA8604983C9?SplitscreenCount=1
[2016.11.22-10.45.31:596][613]LogOnline:Warning: NULL: No game present to join for session (Game)
[2016.11.22-10.45.31:597][613]LogNet: Join succeeded: DESKTOP-5I3HB32-3858
[2016.11.22-10.45.31:599][613]LogSpawn:Warning: SpawnActor failed because no class was specified
[2016.11.22-10.45.31:629][615]LogOnline:Warning: NULL: No game present to join for session (Game)
[2016.11.22-10.45.31:646][616]LogOnline:Warning: NULL: No game present to join for session (Game)
[2016.11.22-10.45.35:749][861]LogNet: Browse: /Game/Map/dd?listen
[2016.11.22-10.45.35:749][861]LogLoad: LoadMap: /Game/Map/dd?listen
[2016.11.22-10.45.35:749][861]LogNet: World NetDriver shutdown IpNetDriver_4 [GameNetDriver]
[2016.11.22-10.45.35:749][861]LogNet: DestroyNamedNetDriver IpNetDriver_4 [GameNetDriver]
[2016.11.22-10.45.35:750][861]LogNet: UNetConnection::Cleanup: Closing open connection. [UNetConnection] RemoteAddr: 127.0.0.1:49998, Name: IpConnection_5, Driver: GameNetDriver IpNetDriver_4, IsServer: YES, PC: PlayerController_1, Owner: PlayerController_1
[2016.11.22-10.45.35:750][861]LogNet: UNetConnection::Close: [UNetConnection] RemoteAddr: 127.0.0.1:49998, Name: IpConnection_5, Driver: GameNetDriver IpNetDriver_4, IsServer: YES, PC: PlayerController_1, Owner: PlayerController_1, Channels: 9, Time: 2016.11.22-10.45.35
[2016.11.22-10.45.35:750][861]LogNet: UChannel::Close: Sending CloseBunch. ChIndex == 0. Name: [UChannel] ChIndex: 0, Closing: 0 [UNetConnection] RemoteAddr: 127.0.0.1:49998, Name: IpConnection_5, Driver: GameNetDriver IpNetDriver_4, IsServer: YES, PC: PlayerController_1, Owner: PlayerController_1
[2016.11.22-10.45.35:750][861]LogExit: GameNetDriver IpNetDriver_4 shut down
[2016.11.22-10.45.35:766][861]Cmd: MEM
[2016.11.22-10.45.35:779][861]LogMemory: Platform Memory Stats for Windows
[2016.11.22-10.45.35:779][861]LogMemory: Process Physical Memory: 877.79 MB used, 927.90 MB peak
[2016.11.22-10.45.35:779][861]LogMemory: Process Virtual Memory: 1471.75 MB used, 1556.55 MB peak
[2016.11.22-10.45.35:779][861]LogMemory: Physical Memory: 4977.61 MB used, 8113.86 MB total
[2016.11.22-10.45.35:779][861]LogMemory: Virtual Memory: 2278.15 MB used, 134217728.00 MB total
[2016.11.22-10.45.35:779][861]LogMemory: 
[2016.11.22-10.45.35:779][861]Allocator Stats for TBB: (not implemented)
[2016.11.22-10.45.35:814][861]LogAIModule: Creating AISystem for world dd
[2016.11.22-10.45.35:815][861]LogWorld: Game class is 'MyGameMode_C'
[2016.11.22-10.45.35:815][861]LogInit: WinSock: Socket queue 131072 / 131072
[2016.11.22-10.45.35:816][861]PacketHandlerLog: Loaded PacketHandler component: Engine.EngineHandlerComponentFactory (StatelessConnectHandlerComponent)
[2016.11.22-10.45.35:816][861]LogNet: GameNetDriver IpNetDriver_6 IpNetDriver listening on port 7777
[2016.11.22-10.45.35:820][861]LogWorld: Bringing World /Game/Map/UEDPIE_1_dd.dd up for play (max tick rate 60) at 2016.11.22-19.45.35
[2016.11.22-10.45.35:820][861]LogWorld: Bringing up level for play took: 0.003974
[2016.11.22-10.45.35:821][861]LogSpawn:Warning: SpawnActor failed because no class was specified
[2016.11.22-10.45.35:823][861]LogBlueprintUserMessages: [MyGameMode_C_0] Server: 2
[2016.11.22-10.45.35:823][861]LogOnline:Warning: NULL: Can't start an online session (Game) in state InProgress
[2016.11.22-10.45.35:825][861]LogBlueprintUserMessages: [MyGameMode_C_0] Server: 씨발라라라라랄아아랑라
[2016.11.22-10.45.35:825][861]LogBlueprintUserMessages: [dd_C_1] Server: 씨바
[2016.11.22-10.45.35:825][861]LogLoad: Took 0.075935 seconds to LoadMap(/Game/Map/dd)
[2016.11.22-10.45.35:826][861]LogNet:Warning: Network Failure: GameNetDriver[FailureReceived]: Host closed the connection.
[2016.11.22-10.45.35:826][861]LogNet:Warning: Network Failure: GameNetDriver[FailureReceived]: Host closed the connection.
[2016.11.22-10.45.35:826][861]LogNet: NetworkFailure: FailureReceived, Error: 'Host closed the connection.'
[2016.11.22-10.45.35:826][861]LogNet: UNetConnection::Close: [UNetConnection] RemoteAddr: 127.0.0.1:7777, Name: IpConnection_4, Driver: GameNetDriver IpNetDriver_5, IsServer: NO, PC: PlayerController_1, Owner: PlayerController_1, Channels: 9, Time: 2016.11.22-10.45.35
[2016.11.22-10.45.35:826][861]LogNet: UChannel::Close: Sending CloseBunch. ChIndex == 0. Name: [UChannel] ChIndex: 0, Closing: 0 [UNetConnection] RemoteAddr: 127.0.0.1:7777, Name: IpConnection_4, Driver: GameNetDriver IpNetDriver_5, IsServer: NO, PC: PlayerController_1, Owner: PlayerController_1
[2016.11.22-10.45.35:827][861]LogNet:Warning: Network Failure: GameNetDriver[ConnectionLost]: Your connection to the host has been lost.
[2016.11.22-10.45.35:827][861]LogNet:Warning: Network Failure: GameNetDriver[ConnectionLost]: Your connection to the host has been lost.
[2016.11.22-10.45.35:827][861]LogNet: NetworkFailure: ConnectionLost, Error: 'Your connection to the host has been lost.'
[2016.11.22-10.45.35:851][862]LogNet: NotifyAcceptingConnection: Server dd accept
[2016.11.22-10.45.35:851][862]LogNet: NotifyAcceptingConnection: Server dd accept
[2016.11.22-10.45.35:852][862]LogNet: Browse: /Game/Map/Main?closed
[2016.11.22-10.45.35:852][862]LogNet: Failed; returning to Entry
[2016.11.22-10.45.35:852][862]LogLoad: LoadMap: /Game/Map/Main?closed
[2016.11.22-10.45.35:852][862]LogNet: World NetDriver shutdown IpNetDriver_5 [GameNetDriver]
[2016.11.22-10.45.35:852][862]LogNet: DestroyNamedNetDriver IpNetDriver_5 [GameNetDriver]
[2016.11.22-10.45.35:852][862]LogExit: GameNetDriver IpNetDriver_5 shut down
[2016.11.22-10.45.35:864][862]Cmd: MEM
[2016.11.22-10.45.35:875][862]LogMemory: Platform Memory Stats for Windows
[2016.11.22-10.45.35:875][862]LogMemory: Process Physical Memory: 883.32 MB used, 927.90 MB peak
[2016.11.22-10.45.35:875][862]LogMemory: Process Virtual Memory: 1544.23 MB used, 1556.55 MB peak
[2016.11.22-10.45.35:875][862]LogMemory: Physical Memory: 4984.16 MB used, 8113.86 MB total
[2016.11.22-10.45.35:875][862]LogMemory: Virtual Memory: 2314.22 MB used, 134217728.00 MB total
[2016.11.22-10.45.35:875][862]LogMemory: 
[2016.11.22-10.45.35:875][862]Allocator Stats for TBB: (not implemented)
[2016.11.22-10.45.35:875][862]LogPlayLevel: Creating play world package: /Game/Map/UEDPIE_2_Main
[2016.11.22-10.45.35:876][862]LogPlayLevel: PIE: StaticDuplicateObject took: (0.001401s)
[2016.11.22-10.45.35:877][862]LogAIModule: Creating AISystem for world Main
[2016.11.22-10.45.35:877][862]LogPlayLevel: PIE: World Init took: (0.000887s)
[2016.11.22-10.45.35:877][862]LogPlayLevel: PIE: Created PIE world by copying editor world from /Game/Map/Main.Main to /Game/Map/UEDPIE_2_Main.Main (0.002504s)
[2016.11.22-10.45.35:877][862]LogWorld: Game class is 'pregame_C'
[2016.11.22-10.45.35:881][862]LogWorld: Bringing World /Game/Map/UEDPIE_2_Main.Main up for play (max tick rate 60) at 2016.11.22-19.45.35
[2016.11.22-10.45.35:881][862]LogWorld: Bringing up level for play took: 0.001974
[2016.11.22-10.45.35:882][862]LogGameMode: Warning - PATHS NOT DEFINED or NO PLAYERSTART with positive rating
[2016.11.22-10.45.35:882][862]LogSpawn:Warning: SpawnActor failed because no class was specified
[2016.11.22-10.45.35:883][862]LogLoad: Took 0.030763 seconds to LoadMap(/Game/Map/UEDPIE_2_Main)
[2016.11.22-10.45.58:273][111]LogBlueprintUserMessages: Early EndPlayMap Detection: Level '/Game/Map/Main.Main:PersistentLevel' has LevelScriptBlueprint '/Game/Map/Main.Main:PersistentLevel.Main' with GeneratedClass '/Game/Map/Main.Main_C' with ClassGeneratedBy '/Game/Map/Main.Main:PersistentLevel.Main'
[2016.11.22-10.45.58:301][111]LogOnline:Display: NULL: FOnlineSubsystemNull::Shutdown()
[2016.11.22-10.45.58:302][111]LogSpawn:Warning: SpawnActor failed because we are in the process of tearing down the world
[2016.11.22-10.45.58:358][111]LogOnline:Display: NULL: FOnlineSubsystemNull::Shutdown()
[2016.11.22-10.45.58:358][111]LogPlayLevel:Display: Shutting down PIE online subsystems
[2016.11.22-10.45.58:358][111]LogBlueprintUserMessages: Late EndPlayMap Detection: Level '/Game/Map/Main.Main:PersistentLevel' has LevelScriptBlueprint '/Game/Map/Main.Main:PersistentLevel.Main' with GeneratedClass '/Game/Map/Main.Main_C' with ClassGeneratedBy '/Game/Map/Main.Main:PersistentLevel.Main'
[2016.11.22-10.45.58:374][111]LogExit: GameNetDriver None shut down
[2016.11.22-10.45.58:399][112]LogPlayLevel:Display: Destroying online subsystem :Context_6
[2016.11.22-10.45.58:399][112]LogOnline:Display: NULL: FOnlineSubsystemNull::Shutdown()
[2016.11.22-10.45.58:399][112]LogPlayLevel:Display: Destroying online subsystem :Context_5
[2016.11.22-10.45.58:399][112]LogOnline:Display: NULL: FOnlineSubsystemNull::Shutdown()
[2016.11.22-10.51.01:237][199]LogWindowsTextInputMethodSystem:Display: IME system now activated using TSF (Microsoft 입력기).
[2016.11.22-10.51.01:432][200]Cmd: QUIT_EDITOR
[2016.11.22-10.51.02:287][200]LogExit: Preparing to exit.
[2016.11.22-10.51.02:764][200]LogExit: Editor shut down
[2016.11.22-10.51.02:764][200]LogExit: Transaction tracking system shut down
[2016.11.22-10.51.02:895][200]LogObj: Freed 0b from 0 cluster array pools.
[2016.11.22-10.51.02:895][200]LogExit: Object subsystem successfully closed.
[2016.11.22-10.51.02:904][200]LogD3D11RHI: Shutdown
[2016.11.22-10.51.02:904][200]LogD3D11RHI: CleanupD3DDevice
[2016.11.22-10.51.02:988][200]LogD3D11RHI: ~FD3D11DynamicRHI
[2016.11.22-10.51.03:015][200]LogModuleManager: Shutting down and abandoning module MovieSceneCapture (217)
[2016.11.22-10.51.03:015][200]LogModuleManager: Shutting down and abandoning module HierarchicalLODOutliner (216)
[2016.11.22-10.51.03:015][200]LogModuleManager: Shutting down and abandoning module CrashTracker (215)
[2016.11.22-10.51.03:015][200]LogModuleManager: Shutting down and abandoning module SceneOutliner (214)
[2016.11.22-10.51.03:015][200]LogModuleManager: Shutting down and abandoning module WidgetCarousel (213)
[2016.11.22-10.51.03:015][200]LogModuleManager: Shutting down and abandoning module AddContentDialog (212)
[2016.11.22-10.51.03:016][200]LogModuleManager: Shutting down and abandoning module GameplayTags (211)
[2016.11.22-10.51.03:016][200]LogModuleManager: Shutting down and abandoning module EditorWidgets (210)
[2016.11.22-10.51.03:016][200]LogModuleManager: Shutting down and abandoning module CollectionManager (209)
[2016.11.22-10.51.03:016][200]LogModuleManager: Shutting down and abandoning module StatsViewer (208)
[2016.11.22-10.51.03:016][200]LogModuleManager: Shutting down and abandoning module FoliageEdit (207)
[2016.11.22-10.51.03:016][200]LogModuleManager: Shutting down and abandoning module LandscapeEditor (206)
[2016.11.22-10.51.03:017][200]LogModuleManager: Shutting down and abandoning module SceneDepthPickerMode (205)
[2016.11.22-10.51.03:017][200]LogModuleManager: Shutting down and abandoning module ActorPickerMode (204)
[2016.11.22-10.51.03:017][200]LogModuleManager: Shutting down and abandoning module GeometryMode (203)
[2016.11.22-10.51.03:017][200]LogModuleManager: Shutting down and abandoning module TextureAlignMode (202)
[2016.11.22-10.51.03:017][200]LogModuleManager: Shutting down and abandoning module BspMode (201)
[2016.11.22-10.51.03:017][200]LogModuleManager: Shutting down and abandoning module HardwareSurvey (200)
[2016.11.22-10.51.03:017][200]LogModuleManager: Shutting down and abandoning module SequenceRecorderSections (199)
[2016.11.22-10.51.03:017][200]LogModuleManager: Shutting down and abandoning module SequenceRecorder (198)
[2016.11.22-10.51.03:017][200]LogModuleManager: Shutting down and abandoning module AutomationWorker (197)
[2016.11.22-10.51.03:017][200]LogModuleManager: Shutting down and abandoning module MatineeToLevelSequence (196)
[2016.11.22-10.51.03:017][200]LogModuleManager: Shutting down and abandoning module PlacementMode (195)
[2016.11.22-10.51.03:017][200]LogModuleManager: Shutting down and abandoning module LevelSequenceEditor (194)
[2016.11.22-10.51.03:017][200]LogModuleManager: Shutting down and abandoning module CharacterAI (193)
[2016.11.22-10.51.03:017][200]LogModuleManager: Shutting down and abandoning module SmartSnapping (192)
[2016.11.22-10.51.03:017][200]LogModuleManager: Shutting down and abandoning module SessionServices (191)
[2016.11.22-10.51.03:017][200]LogModuleManager: Shutting down and abandoning module ViewportSnapping (190)
[2016.11.22-10.51.03:017][200]LogModuleManager: Shutting down and abandoning module LogVisualizer (189)
[2016.11.22-10.51.03:017][200]LogModuleManager: Shutting down and abandoning module GameProjectGeneration (188)
[2016.11.22-10.51.03:017][200]LogModuleManager: Shutting down and abandoning module IntroTutorials (187)
[2016.11.22-10.51.03:017][200]LogModuleManager: Shutting down and abandoning module EditorLiveStreaming (186)
[2016.11.22-10.51.03:017][200]LogModuleManager: Shutting down and abandoning module IOSPlatformEditor (185)
[2016.11.22-10.51.03:017][200]LogModuleManager: Shutting down and abandoning module HTML5PlatformEditor (184)
[2016.11.22-10.51.03:017][200]LogModuleManager: Shutting down and abandoning module AndroidDeviceDetection (183)
[2016.11.22-10.51.03:231][200]LogModuleManager: Shutting down and abandoning module AndroidPlatformEditor (182)
[2016.11.22-10.51.03:231][200]LogModuleManager: Shutting down and abandoning module IOSRuntimeSettings (181)
[2016.11.22-10.51.03:231][200]LogModuleManager: Shutting down and abandoning module AndroidRuntimeSettings (180)
[2016.11.22-10.51.03:231][200]LogModuleManager: Shutting down and abandoning module MergeActors (179)
[2016.11.22-10.51.03:231][200]LogModuleManager: Shutting down and abandoning module SizeMap (178)
[2016.11.22-10.51.03:231][200]LogModuleManager: Shutting down and abandoning module TreeMap (177)
[2016.11.22-10.51.03:231][200]LogModuleManager: Shutting down and abandoning module ReferenceViewer (176)
[2016.11.22-10.51.03:231][200]LogModuleManager: Shutting down and abandoning module LocalizationService (175)
[2016.11.22-10.51.03:231][200]LogModuleManager: Shutting down and abandoning module LocalizationDashboard (174)
[2016.11.22-10.51.03:231][200]LogModuleManager: Shutting down and abandoning module HardwareTargeting (173)
[2016.11.22-10.51.03:231][200]LogModuleManager: Shutting down and abandoning module DeviceProfileEditor (172)
[2016.11.22-10.51.03:231][200]LogModuleManager: Shutting down and abandoning module UndoHistory (171)
[2016.11.22-10.51.03:231][200]LogModuleManager: Shutting down and abandoning module UserFeedback (170)
[2016.11.22-10.51.03:231][200]LogModuleManager: Shutting down and abandoning module XmlParser (169)
[2016.11.22-10.51.03:231][200]LogModuleManager: Shutting down and abandoning module Blutility (168)
[2016.11.22-10.51.03:231][200]LogModuleManager: Shutting down and abandoning module ProjectTargetPlatformEditor (167)
[2016.11.22-10.51.03:232][200]LogModuleManager: Shutting down and abandoning module ProjectSettingsViewer (166)
[2016.11.22-10.51.03:232][200]LogModuleManager: Shutting down and abandoning module InputBindingEditor (165)
[2016.11.22-10.51.03:232][200]LogModuleManager: Shutting down and abandoning module EditorSettingsViewer (164)
[2016.11.22-10.51.03:232][200]LogModuleManager: Shutting down and abandoning module SettingsEditor (163)
[2016.11.22-10.51.03:232][200]LogModuleManager: Shutting down and abandoning module ProjectLauncher (162)
[2016.11.22-10.51.03:232][200]LogModuleManager: Shutting down and abandoning module SessionFrontend (161)
[2016.11.22-10.51.03:232][200]LogModuleManager: Shutting down and abandoning module ProfilerClient (160)
[2016.11.22-10.51.03:232][200]LogModuleManager: Shutting down and abandoning module TargetDeviceServices (159)
[2016.11.22-10.51.03:232][200]LogModuleManager: Shutting down and abandoning module DeviceManager (158)
[2016.11.22-10.51.03:276][200]LogModuleManager: Shutting down and abandoning module AutomationController (157)
[2016.11.22-10.51.03:276][200]LogModuleManager: Shutting down and abandoning module AutomationWindow (156)
[2016.11.22-10.51.03:276][200]LogModuleManager: Shutting down and abandoning module Layers (155)
[2016.11.22-10.51.03:276][200]LogModuleManager: Shutting down and abandoning module ComponentVisualizers (154)
[2016.11.22-10.51.03:276][200]LogModuleManager: Shutting down and abandoning module DetailCustomizations (153)
[2016.11.22-10.51.03:276][200]LogModuleManager: Shutting down and abandoning module PackagesDialog (152)
[2016.11.22-10.51.03:276][200]LogModuleManager: Shutting down and abandoning module Persona (151)
[2016.11.22-10.51.03:276][200]LogModuleManager: Shutting down and abandoning module Kismet (150)
[2016.11.22-10.51.03:276][200]LogModuleManager: Shutting down and abandoning module GraphEditor (149)
[2016.11.22-10.51.03:276][200]LogModuleManager: Shutting down and abandoning module ClassViewer (148)
[2016.11.22-10.51.03:276][200]LogModuleManager: Shutting down and abandoning module Toolbox (147)
[2016.11.22-10.51.03:276][200]LogModuleManager: Shutting down and abandoning module ModuleUI (146)
[2016.11.22-10.51.03:276][200]LogModuleManager: Shutting down and abandoning module MovieSceneTools (145)
[2016.11.22-10.51.03:276][200]LogModuleManager: Shutting down and abandoning module OutputLog (144)
[2016.11.22-10.51.03:276][200]LogModuleManager: Shutting down and abandoning module GammaUI (143)
[2016.11.22-10.51.03:276][200]LogModuleManager: Shutting down and abandoning module Documentation (142)
[2016.11.22-10.51.03:276][200]LogModuleManager: Shutting down and abandoning module StreamingPauseRendering (141)
[2016.11.22-10.51.03:276][200]LogModuleManager: Shutting down and abandoning module AnalyticsET (140)
[2016.11.22-10.51.03:276][200]LogModuleManager: Shutting down and abandoning module Analytics (139)
[2016.11.22-10.51.03:276][200]LogModuleManager: Shutting down and abandoning module PortalServices (138)
[2016.11.22-10.51.03:276][200]LogModuleManager: Shutting down and abandoning module PortalRpc (137)
[2016.11.22-10.51.03:276][200]LogModuleManager: Shutting down and abandoning module MessagingRpc (136)
[2016.11.22-10.51.03:276][200]LogModuleManager: Shutting down and abandoning module GameplayDebugger (135)
[2016.11.22-10.51.03:276][200]LogModuleManager: Shutting down and abandoning module AITestSuite (134)
[2016.11.22-10.51.03:276][200]LogModuleManager: Shutting down and abandoning module AIModule (133)
[2016.11.22-10.51.03:276][200]LogModuleManager: Shutting down and abandoning module ProfilerService (132)
[2016.11.22-10.51.03:485][200]LogModuleManager: Shutting down and abandoning module TaskGraph (131)
[2016.11.22-10.51.03:485][200]LogModuleManager: Shutting down and abandoning module SlateRemote (130)
[2016.11.22-10.51.03:485][200]LogModuleManager: Shutting down and abandoning module SteamVRController (129)
[2016.11.22-10.51.03:485][200]LogModuleManager: Shutting down and abandoning module SteamVR (128)
[2016.11.22-10.51.03:485][200]LogModuleManager: Shutting down and abandoning module ProceduralMeshComponent (127)
[2016.11.22-10.51.03:485][200]LogModuleManager: Shutting down and abandoning module OculusLibrary (126)
[2016.11.22-10.51.03:485][200]LogModuleManager: Shutting down and abandoning module OculusInput (125)
[2016.11.22-10.51.03:485][200]LogModuleManager: Shutting down and abandoning module CustomMeshComponent (124)
[2016.11.22-10.51.03:485][200]LogModuleManager: Shutting down and abandoning module CableComponent (123)
[2016.11.22-10.51.03:485][200]LogModuleManager: Shutting down and abandoning module ArchVisCharacter (122)
[2016.11.22-10.51.03:485][200]LogModuleManager: Shutting down and abandoning module MediaPlayerEditor (121)
[2016.11.22-10.51.03:485][200]LogModuleManager: Shutting down and abandoning module HTML5Networking (120)
[2016.11.22-10.51.03:485][200]LogModuleManager: Shutting down and abandoning module SuperSearch (119)
[2016.11.22-10.51.03:485][200]LogModuleManager: Shutting down and abandoning module SuperSearchEditor (118)
[2016.11.22-10.51.03:485][200]LogModuleManager: Shutting down and abandoning module SpeedTreeImporter (117)
[2016.11.22-10.51.03:485][200]LogModuleManager: Shutting down and abandoning module PluginBrowser (116)
[2016.11.22-10.51.03:486][200]LogModuleManager: Shutting down and abandoning module EpicSurvey (115)
[2016.11.22-10.51.03:486][200]LogModuleManager: Shutting down and abandoning module DesktopPlatform (114)
[2016.11.22-10.51.03:486][200]LogModuleManager: Shutting down and abandoning module VisualStudioSourceCodeAccess (113)
[2016.11.22-10.51.03:486][200]LogModuleManager: Shutting down and abandoning module UObjectPlugin (112)
[2016.11.22-10.51.03:486][200]LogModuleManager: Shutting down and abandoning module SubversionSourceControl (111)
[2016.11.22-10.51.03:486][200]LogModuleManager: Shutting down and abandoning module PerforceSourceControl (110)
[2016.11.22-10.51.03:486][200]LogModuleManager: Shutting down and abandoning module SourceControl (109)
[2016.11.22-10.51.03:486][200]LogModuleManager: Shutting down and abandoning module GitSourceControl (108)
[2016.11.22-10.51.03:486][200]LogModuleManager: Shutting down and abandoning module LightPropagationVolumeEditor (107)
[2016.11.22-10.51.03:486][200]LogModuleManager: Shutting down and abandoning module PaperTiledImporter (106)
[2016.11.22-10.51.03:486][200]LogModuleManager: Shutting down and abandoning module PaperSpriteSheetImporter (105)
[2016.11.22-10.51.03:486][200]LogModuleManager: Shutting down and abandoning module MeshPaint (104)
[2016.11.22-10.51.03:486][200]LogModuleManager: Shutting down and abandoning module PixelInspectorModule (103)
[2016.11.22-10.51.03:486][200]LogModuleManager: Shutting down and abandoning module HotReload (102)
[2016.11.22-10.51.03:486][200]LogModuleManager: Shutting down and abandoning module MainFrame (101)
[2016.11.22-10.51.03:486][200]LogModuleManager: Shutting down and abandoning module LevelEditor (100)
[2016.11.22-10.51.03:487][200]LogModuleManager: Shutting down and abandoning module ContentBrowser (99)
[2016.11.22-10.51.03:488][200]LogModuleManager: Shutting down and abandoning module Paper2DEditor (98)
[2016.11.22-10.51.03:488][200]LogModuleManager: Shutting down and abandoning module UdpMessaging (97)
[2016.11.22-10.51.03:589][200]LogModuleManager: Shutting down and abandoning module LightPropagationVolumeRuntime (96)
[2016.11.22-10.51.03:589][200]LogModuleManager: Shutting down and abandoning module Paper2D (95)
[2016.11.22-10.51.03:589][200]LogModuleManager: Shutting down and abandoning module WindowsMoviePlayer (94)
[2016.11.22-10.51.03:589][200]LogModuleManager: Shutting down and abandoning module Media (93)
[2016.11.22-10.51.03:589][200]LogModuleManager: Shutting down and abandoning module WmfMedia (92)
[2016.11.22-10.51.03:589][200]LogModuleManager: Shutting down and abandoning module MediaAssets (91)
[2016.11.22-10.51.03:589][200]LogModuleManager: Shutting down and abandoning module GameLiveStreaming (90)
[2016.11.22-10.51.03:589][200]LogModuleManager: Shutting down and abandoning module GameplayTagsEditor (89)
[2016.11.22-10.51.03:589][200]LogModuleManager: Shutting down and abandoning module OnlineBlueprintSupport (88)
[2016.11.22-10.51.03:589][200]LogModuleManager: Shutting down and abandoning module VREditor (87)
[2016.11.22-10.51.03:589][200]LogModuleManager: Shutting down and abandoning module GameplayTasksEditor (86)
[2016.11.22-10.51.03:589][200]LogModuleManager: Shutting down and abandoning module PropertyEditor (85)
[2016.11.22-10.51.03:589][200]LogModuleManager: Shutting down and abandoning module BehaviorTreeEditor (84)
[2016.11.22-10.51.03:589][200]LogModuleManager: Shutting down and abandoning module FunctionalTesting (83)
[2016.11.22-10.51.03:589][200]LogModuleManager: Shutting down and abandoning module CollisionAnalyzer (82)
[2016.11.22-10.51.03:589][200]LogModuleManager: Shutting down and abandoning module Sequencer (81)
[2016.11.22-10.51.03:589][200]LogModuleManager: Shutting down and abandoning module WorkspaceMenuStructure (80)
[2016.11.22-10.51.03:589][200]LogModuleManager: Shutting down and abandoning module MessageLog (79)
[2016.11.22-10.51.03:589][200]LogModuleManager: Shutting down and abandoning module AssetTools (78)
[2016.11.22-10.51.03:589][200]LogModuleManager: Shutting down and abandoning module UMGEditor (77)
[2016.11.22-10.51.03:590][200]LogModuleManager: Shutting down and abandoning module UMG (76)
[2016.11.22-10.51.03:590][200]LogModuleManager: Shutting down and abandoning module SlateReflector (75)
[2016.11.22-10.51.03:590][200]LogModuleManager: Shutting down and abandoning module Slate (74)
[2016.11.22-10.51.03:590][200]LogModuleManager: Shutting down and abandoning module EditorStyle (73)
[2016.11.22-10.51.03:593][200]LogModuleManager: Shutting down and abandoning module SourceCodeAccess (72)
[2016.11.22-10.51.03:593][200]LogModuleManager: Shutting down and abandoning module HeadMountedDisplay (71)
[2016.11.22-10.51.03:593][200]LogModuleManager: Shutting down and abandoning module XAudio2 (70)
[2016.11.22-10.51.03:593][200]LogModuleManager: Shutting down and abandoning module Networking (69)
[2016.11.22-10.51.03:593][200]LogModuleManager: Shutting down and abandoning module Core (68)
[2016.11.22-10.51.03:593][200]LogModuleManager: Shutting down and abandoning module DirectoryWatcher (67)
[2016.11.22-10.51.03:595][200]LogModuleManager: Shutting down and abandoning module AssetRegistry (66)
[2016.11.22-10.51.03:705][200]LogModuleManager: Shutting down and abandoning module KismetCompiler (65)
[2016.11.22-10.51.03:705][200]LogModuleManager: Shutting down and abandoning module PhysXFormats (64)
[2016.11.22-10.51.03:705][200]LogModuleManager: Shutting down and abandoning module MeshUtilities (63)
[2016.11.22-10.51.03:705][200]LogModuleManager: Shutting down and abandoning module DerivedDataCache (62)
[2016.11.22-10.51.03:730][200]LogDerivedDataCache: Shutdown
[2016.11.22-10.51.03:730][200]LogModuleManager: Shutting down and abandoning module VulkanShaderFormat (61)
[2016.11.22-10.51.03:730][200]LogModuleManager: Shutting down and abandoning module ShaderFormatOpenGL (60)
[2016.11.22-10.51.03:730][200]LogModuleManager: Shutting down and abandoning module ShaderFormatD3D (59)
[2016.11.22-10.51.03:730][200]LogModuleManager: Shutting down and abandoning module MetalShaderFormat (58)
[2016.11.22-10.51.03:730][200]LogModuleManager: Shutting down and abandoning module TextureFormatUncompressed (57)
[2016.11.22-10.51.03:730][200]LogModuleManager: Shutting down and abandoning module TextureFormatPVR (56)
[2016.11.22-10.51.03:730][200]LogModuleManager: Shutting down and abandoning module TextureFormatIntelISPCTexComp (55)
[2016.11.22-10.51.03:730][200]LogModuleManager: Shutting down and abandoning module TextureFormatDXT (54)
[2016.11.22-10.51.03:730][200]LogModuleManager: Shutting down and abandoning module ImageWrapper (53)
[2016.11.22-10.51.03:730][200]LogModuleManager: Shutting down and abandoning module TextureFormatASTC (52)
[2016.11.22-10.51.03:730][200]LogModuleManager: Shutting down and abandoning module TextureFormatAndroid (51)
[2016.11.22-10.51.03:730][200]LogModuleManager: Shutting down and abandoning module AudioFormatOpus (50)
[2016.11.22-10.51.03:730][200]LogModuleManager: Shutting down and abandoning module AudioFormatOgg (49)
[2016.11.22-10.51.03:730][200]LogModuleManager: Shutting down and abandoning module AudioFormatADPCM (48)
[2016.11.22-10.51.03:731][200]LogModuleManager: Shutting down and abandoning module LinuxTargetPlatform (47)
[2016.11.22-10.51.03:731][200]LogModuleManager: Shutting down and abandoning module LinuxServerTargetPlatform (46)
[2016.11.22-10.51.03:731][200]LogModuleManager: Shutting down and abandoning module LinuxNoEditorTargetPlatform (45)
[2016.11.22-10.51.03:731][200]LogModuleManager: Shutting down and abandoning module TVOSTargetPlatform (44)
[2016.11.22-10.51.03:731][200]LogModuleManager: Shutting down and abandoning module Messaging (43)
[2016.11.22-10.51.03:731][200]LogModuleManager: Shutting down and abandoning module IOSTargetPlatform (42)
[2016.11.22-10.51.03:731][200]LogModuleManager: Shutting down and abandoning module HTML5TargetPlatform (41)
[2016.11.22-10.51.03:731][200]LogModuleManager: Shutting down and abandoning module Android_PVRTCTargetPlatform (40)
[2016.11.22-10.51.03:731][200]LogModuleManager: Shutting down and abandoning module Android_MultiTargetPlatform (39)
[2016.11.22-10.51.03:731][200]LogModuleManager: Shutting down and abandoning module Android_ETC2TargetPlatform (38)
[2016.11.22-10.51.03:731][200]LogModuleManager: Shutting down and abandoning module Android_ETC1TargetPlatform (37)
[2016.11.22-10.51.03:731][200]LogModuleManager: Shutting down and abandoning module Android_DXTTargetPlatform (36)
[2016.11.22-10.51.03:731][200]LogModuleManager: Shutting down and abandoning module Android_ATCTargetPlatform (35)
[2016.11.22-10.51.03:731][200]LogModuleManager: Shutting down and abandoning module Android_ASTCTargetPlatform (34)
[2016.11.22-10.51.03:731][200]LogModuleManager: Shutting down and abandoning module AndroidTargetPlatform (33)
[2016.11.22-10.51.03:731][200]LogModuleManager: Shutting down and abandoning module WindowsTargetPlatform (32)
[2016.11.22-10.51.03:731][200]LogModuleManager: Shutting down and abandoning module WindowsServerTargetPlatform (31)
[2016.11.22-10.51.03:731][200]LogModuleManager: Shutting down and abandoning module WindowsNoEditorTargetPlatform (30)
[2016.11.22-10.51.03:731][200]LogModuleManager: Shutting down and abandoning module WindowsClientTargetPlatform (29)
[2016.11.22-10.51.03:731][200]LogModuleManager: Shutting down and abandoning module AllDesktopTargetPlatform (28)
[2016.11.22-10.51.03:731][200]LogModuleManager: Shutting down and abandoning module TargetPlatform (27)
[2016.11.22-10.51.03:731][200]LogModuleManager: Shutting down and abandoning module InputCore (26)
[2016.11.22-10.51.03:731][200]LogModuleManager: Shutting down and abandoning module Settings (25)
[2016.11.22-10.51.03:731][200]LogModuleManager: Shutting down and abandoning module Voice (23)
[2016.11.22-10.51.03:731][200]LogModuleManager: Shutting down and abandoning module OnlineSubsystem (19)
[2016.11.22-10.51.03:731][200]LogOnline:Display: NULL: FOnlineSubsystemNull::Shutdown()
[2016.11.22-10.51.03:731][200]LogOnline:Display: Unloading online subsystem: NULL
[2016.11.22-10.51.03:731][200]LogModuleManager: Shutting down and abandoning module HTTP (18)
[2016.11.22-10.51.08:242][200]LogModuleManager: Shutting down and abandoning module XMPP (17)
[2016.11.22-10.51.08:242][200]LogModuleManager: Shutting down and abandoning module OculusRift (16)
[2016.11.22-10.51.08:242][200]LogModuleManager: Shutting down and abandoning module ExampleDeviceProfileSelector (15)
[2016.11.22-10.51.08:242][200]LogModuleManager: Shutting down and abandoning module TextureCompressor (14)
[2016.11.22-10.51.08:283][200]LogModuleManager: Shutting down and abandoning module ShaderCore (13)
[2016.11.22-10.51.08:283][200]LogModuleManager: Shutting down and abandoning module Landscape (12)
[2016.11.22-10.51.08:283][200]LogModuleManager: Shutting down and abandoning module SlateRHIRenderer (11)
[2016.11.22-10.51.08:285][200]LogModuleManager: Shutting down and abandoning module OpenGLDrv (10)
[2016.11.22-10.51.08:285][200]LogModuleManager: Shutting down and abandoning module D3D11RHI (9)
[2016.11.22-10.51.08:285][200]LogModuleManager: Shutting down and abandoning module AnimGraphRuntime (8)
[2016.11.22-10.51.08:285][200]LogModuleManager: Shutting down and abandoning module Renderer (7)
[2016.11.22-10.51.08:285][200]LogModuleManager: Shutting down and abandoning module Engine (6)
[2016.11.22-10.51.08:285][200]LogModuleManager: Shutting down and abandoning module CoreUObject (5)
[2016.11.22-10.51.08:285][200]LogModuleManager: Shutting down and abandoning module NetworkFile (4)
[2016.11.22-10.51.08:285][200]LogModuleManager: Shutting down and abandoning module StreamingFile (3)
[2016.11.22-10.51.08:285][200]LogModuleManager: Shutting down and abandoning module SandboxFile (2)
[2016.11.22-10.51.08:285][200]LogModuleManager: Shutting down and abandoning module PakFile (1)
[2016.11.22-10.51.08:289][200]LogExit: Exiting.
[2016.11.22-10.51.08:290][200]Log file closed, 11/22/16 19:51:08
