Log file open, 12/05/16 01:26:01
LogInit:Display: Running engine for game: UNNAMED
LogPlatformFile: Not using cached read wrapper
LogInit:Display: RandInit(2135856312) SRandInit(2135856313).
LogTaskGraph: Started task graph with 4 named threads and 7 total threads with 1 sets of task threads.
LogStats: Stats thread started at 0.094934
LogInit: Version: 4.12.5-3039270+++UE4+Release-4.12
LogInit: API Version: 2992821
LogInit: Net Version: 3039270
LogDevObjectVersion: Number of dev versions registered: 13
LogDevObjectVersion:   Dev-Blueprints (B0D832E4-1F89-4F0D-ACCF-7EB736FD4AA2): 3
LogDevObjectVersion:   Dev-Build (E1C64328-A22C-4D53-A36C-8E866417BD8C): 0
LogDevObjectVersion:   Dev-Core (375EC13C-06E4-48FB-B500-84F0262A717E): 1
LogDevObjectVersion:   Dev-Editor (E4B068ED-F494-42E9-A231-DA0B2E46BB41): 2
LogDevObjectVersion:   Dev-Framework (CFFC743F-43B0-4480-9391-14DF171D2073): 6
LogDevObjectVersion:   Dev-Mobile (B02B49B5-BB20-44E9-A304-32B752E40360): 0
LogDevObjectVersion:   Dev-Networking (A4E4105C-59A1-49B5-A7C5-40C4547EDFEE): 0
LogDevObjectVersion:   Dev-Online (39C831C9-5AE6-47DC-9A44-9C173E1C8E7C): 0
LogDevObjectVersion:   Dev-Physics (78F01B33-EBEA-4F98-B9B4-84EACCB95AA2): 0
LogDevObjectVersion:   Dev-Platform (6631380F-2D4D-43E0-8009-CF276956A95A): 0
LogDevObjectVersion:   Dev-Rendering (12F88B9F-8875-4AFC-A67C-D90C383ABD29): 2
LogDevObjectVersion:   Dev-Sequencer (7B5AE74C-D270-4C10-A958-57980B212A5A): 0
LogDevObjectVersion:   Dev-VR (D7296918-1DD6-4BDD-9DE2-64A83CC13884): 0
LogInit: Compiled (64-bit): Jul  6 2016 09:09:46
LogInit: Compiled with Visual C++: 19.00.23026.00
LogInit: Build Configuration: Development
LogInit: Branch Name: ++UE4+Release-4.12
LogInit: Command line:  /Temp/Autosaves/Game/Map/UEDPCMain -game -PIEVIACONSOLE -ResX=1280 -ResY=720  -Multiprocess -windowed -messaging -SessionName="Play in Standalone Game" 
LogInit: Base directory: C:/Program Files (x86)/Epic Games/4.12/Engine/Binaries/Win64/
LogInit: Installed Engine Build: 1
LogInit: Using libcurl 7.41.0
LogInit:  - built for x86_64-pc-win32
LogInit:  - supports SSL with WinSSL
LogInit:  - other features:
LogInit:      CURL_VERSION_SSL
LogInit:      CURL_VERSION_IPV6
LogInit:      CURL_VERSION_ASYNCHDNS
LogInit:      CURL_VERSION_LARGEFILE
LogInit:      CURL_VERSION_IDN
LogInit:  CurlRequestOptions (configurable via config and command line):
LogInit:  - bVerifyPeer = true  - Libcurl will verify peer certificate
LogInit:  - bUseHttpProxy = false  - Libcurl will NOT use HTTP proxy
LogInit:  - bDontReuseConnections = false  - Libcurl will reuse connections
LogInit:  - CertBundlePath = nullptr  - Libcurl will use whatever was configured at build time.
LogOnline:Display: STEAM: Loading Steam SDK 1.32
LogInit: WinSock: version 1.1 (2.2), MaxSocks=32767, MaxUdp=65467
LogInit: Presizing for max 8388607 objects, including 0 objects not considered by GC, pre-allocating 0 bytes for permanent pool.
LogInit: Object subsystem initialized
[2016.12.04-16.26.01:484][  0]LogInit: Selected Device Profile: [Windows]
[2016.12.04-16.26.01:484][  0]LogInit: Applying CVar settings loaded from the selected device profile: [Windows]
[2016.12.04-16.26.01:492][  0]LogInit: Computer: DESKTOP-5I3HB32
[2016.12.04-16.26.01:492][  0]LogInit: User: jcy
[2016.12.04-16.26.01:492][  0]LogInit: CPU Page size=65536, Cores=4
[2016.12.04-16.26.01:492][  0]LogInit: High frequency timer resolution =2.533210 MHz
[2016.12.04-16.26.01:492][  0]LogMemory: Memory total: Physical=7.9GB (8GB approx)
[2016.12.04-16.26.01:492][  0]LogMemory: Platform Memory Stats for Windows
[2016.12.04-16.26.01:492][  0]LogMemory: Process Physical Memory: 228.39 MB used, 228.39 MB peak
[2016.12.04-16.26.01:492][  0]LogMemory: Process Virtual Memory: 213.29 MB used, 213.29 MB peak
[2016.12.04-16.26.01:492][  0]LogMemory: Physical Memory: 4732.32 MB used, 8113.86 MB total
[2016.12.04-16.26.01:492][  0]LogMemory: Virtual Memory: 671.23 MB used, 134217728.00 MB total
[2016.12.04-16.26.02:161][  0]LogD3D11RHI: D3D11 adapters:
[2016.12.04-16.26.02:749][  0]LogD3D11RHI:    0. 'NVIDIA GeForce GTX 960M' (Feature Level 11_0)
[2016.12.04-16.26.02:749][  0]LogD3D11RHI:       2018/0/4056 MB DedicatedVideo/DedicatedSystem/SharedSystem, Outputs:2, VendorId:0x10de
[2016.12.04-16.26.02:761][  0]LogD3D11RHI:    1. 'Intel(R) HD Graphics 4600' (Feature Level 11_0)
[2016.12.04-16.26.02:761][  0]LogD3D11RHI:       112/0/2048 MB DedicatedVideo/DedicatedSystem/SharedSystem, Outputs:0, VendorId:0x8086
[2016.12.04-16.26.02:762][  0]LogD3D11RHI:    2. 'Microsoft Basic Render Driver' (Feature Level 11_0)
[2016.12.04-16.26.02:762][  0]LogD3D11RHI:       0/0/4056 MB DedicatedVideo/DedicatedSystem/SharedSystem, Outputs:0, VendorId:0x1414
[2016.12.04-16.26.02:762][  0]LogD3D11RHI: Chosen D3D11 Adapter: 0
[2016.12.04-16.26.02:770][  0]LogD3D11RHI: Creating new Direct3DDevice
[2016.12.04-16.26.02:770][  0]LogD3D11RHI:     GPU DeviceId: 0x139b (for the marketing name, search the web for "GPU Device Id")
[2016.12.04-16.26.02:770][  0]LogWindows: EnumDisplayDevices:
[2016.12.04-16.26.02:771][  0]LogWindows:    0. 'Intel(R) HD Graphics 4600' (P:1 D:1)
[2016.12.04-16.26.02:771][  0]LogWindows:    1. 'Intel(R) HD Graphics 4600' (P:0 D:1)
[2016.12.04-16.26.02:771][  0]LogWindows:    2. 'Intel(R) HD Graphics 4600' (P:0 D:0)
[2016.12.04-16.26.02:771][  0]LogWindows: DebugString: PrimaryIsNotTheChoosenAdapter PrimaryIsNotTheChoosenAdapter PrimaryIsNotTheChoosenAdapter FoundDriverCount:0 
[2016.12.04-16.26.02:771][  0]LogD3D11RHI:     Adapter Name: NVIDIA GeForce GTX 960M
[2016.12.04-16.26.02:771][  0]LogD3D11RHI:   Driver Version: Unknown (internal:Unknown, unified:Unknown)
[2016.12.04-16.26.02:771][  0]LogD3D11RHI:      Driver Date: Unknown
[2016.12.04-16.26.02:771][  0]LogRHI: Texture pool is 1361 MB (70% of 1945 MB)
[2016.12.04-16.26.03:304][  0]LogD3D11RHI: Async texture creation enabled
[2016.12.04-16.26.03:526][  0]LogD3D11RHI: GPU Timing Frequency: 1000.000000 (Debug: 2 1)
[2016.12.04-16.26.03:526][  0]LogShaderCompilers: Guid format shader working directory is -16 characters bigger than the processId version (../../../../../../Users/jcy/Documents/GitHub/UNNAMED/UNNAMED/Intermediate/Shaders/WorkingDirectory/6260/).
[2016.12.04-16.26.03:527][  0]LogShaderCompilers: Cleaned the shader compiler working directory 'C:/Users/jcy/AppData/Local/Temp/UnrealShaderWorkingDir/25FB4C6649E8E395A3CE16A1D9078868/'.
[2016.12.04-16.26.03:527][  0]LogShaderCompilers:Display: Using Local Shader Compiler.
[2016.12.04-16.26.04:540][  0]LogTemp:Display: Loaded TP WindowsClientTargetPlatform
[2016.12.04-16.26.04:549][  0]LogTemp:Display: Loaded TP WindowsNoEditorTargetPlatform
[2016.12.04-16.26.04:560][  0]LogTemp:Display: Loaded TP WindowsServerTargetPlatform
[2016.12.04-16.26.04:570][  0]LogTemp:Display: Loaded TP WindowsTargetPlatform
[2016.12.04-16.26.04:570][  0]LogTargetPlatformManager:Display: Building Assets For Windows
[2016.12.04-16.26.04:681][  0]LogDerivedDataCache:Display: Max Cache Size: 512 MB
[2016.12.04-16.26.04:748][  0]LogDerivedDataCache: Loaded boot cache 0.07s 48MB C:/Users/jcy/AppData/Local/UnrealEngine/4.12/DerivedDataCache/Boot.ddc.
[2016.12.04-16.26.04:748][  0]LogDerivedDataCache:Display: Loaded Boot cache: C:/Users/jcy/AppData/Local/UnrealEngine/4.12/DerivedDataCache/Boot.ddc
[2016.12.04-16.26.04:748][  0]LogDerivedDataCache: FDerivedDataBackendGraph:  Pak pak cache file ../../../../../../Users/jcy/Documents/GitHub/UNNAMED/UNNAMED/DerivedDataCache/DDC.ddp not found, will not use a pak cache.
[2016.12.04-16.26.04:748][  0]LogDerivedDataCache: Unable to find inner node Pak for hierarchical cache Hierarchy.
[2016.12.04-16.26.04:748][  0]LogDerivedDataCache: FDerivedDataBackendGraph:  CompressedPak pak cache file ../../../../../../Users/jcy/Documents/GitHub/UNNAMED/UNNAMED/DerivedDataCache/Compressed.ddp not found, will not use a pak cache.
[2016.12.04-16.26.04:748][  0]LogDerivedDataCache: Unable to find inner node CompressedPak for hierarchical cache Hierarchy.
[2016.12.04-16.26.04:766][  0]LogDerivedDataCache:Display: Pak cache opened for reading ../../../Engine/DerivedDataCache/Compressed.ddp.
[2016.12.04-16.26.04:778][  0]LogDerivedDataCache: Using Local data cache path C:/Users/jcy/AppData/Local/UnrealEngine/Common/DerivedDataCache: Writable
[2016.12.04-16.26.05:065][  0]LogAssetRegistry: FAssetRegistry took 0.0002 seconds to start up
[2016.12.04-16.26.05:070][  0]LogPackageLocalizationCache: Processed 3 localized package path(s) for 1 prioritized culture(s) in 0.004987 seconds
[2016.12.04-16.26.05:075][  0]LogInit: Selected Device Profile: [Windows]
[2016.12.04-16.26.05:076][  0]LogContentStreaming: Texture pool size is 1000.00 MB
[2016.12.04-16.26.05:232][  0]LogMeshUtilities: No automatic mesh reduction module available
[2016.12.04-16.26.05:232][  0]LogMeshUtilities: No automatic mesh merging module available
[2016.12.04-16.26.05:232][  0]LogMeshUtilities: No distributed automatic mesh merging module available
[2016.12.04-16.26.05:632][  0]LogSlate: SlateFontCache - WITH_FREETYPE: 1, WITH_HARFBUZZ: 1
[2016.12.04-16.26.05:632][  0]LogSlate: SlateFontCache - WITH_FREETYPE: 1, WITH_HARFBUZZ: 1
[2016.12.04-16.26.05:700][  0]LogMoviePlayer: Initializing movie player
[2016.12.04-16.26.05:896][  0]LogWindowsMoviePlayer: Unable to load movie: ../../../../../../Users/jcy/Documents/GitHub/UNNAMED/UNNAMED/Content/Movies/Default_Startup.mp4
[2016.12.04-16.26.06:003][  0]LogUdpMessaging: Initializing bridge on interface 0.0.0.0:0 to multicast group 230.0.0.1:6666.
[2016.12.04-16.26.06:088][  0]SourceControl: Info Source control is disabled
[2016.12.04-16.26.06:088][  0]SourceControl: Info Source control is disabled
[2016.12.04-16.26.06:103][  0]SourceControl: Info Source control is disabled
[2016.12.04-16.26.06:300][  0]LogUObjectArray: 30992 objects as part of root set at end of initial load.
[2016.12.04-16.26.06:300][  0]LogUObjectAllocator: 6930712 out of 0 bytes used by permanent object pool.
[2016.12.04-16.26.06:300][  0]LogUObjectArray: CloseDisregardForGC: 0/0 objects in disregard for GC pool
[2016.12.04-16.26.06:355][  0]LogEngine: Initializing Engine...
[2016.12.04-16.26.06:356][  0]LogHMD: SteamVR failed to initialize.  Err: 110
[2016.12.04-16.26.06:357][  0]LogHMD: SteamVR failed to initialize.  Err: 110
[2016.12.04-16.26.06:486][  0]LogInit: XAudio2 using '스피커(Realtek High Definition Audio)' : 2 channels at 48 kHz using 32 bits per sample (channel mask 0x3)
[2016.12.04-16.26.06:513][  0]LogInit: FAudioDevice initialized.
[2016.12.04-16.26.06:524][  0]LogInit: Texture streaming: Enabled
[2016.12.04-16.26.06:915][  0]LogNet: Browse: /Temp/Autosaves/Game/Map/UEDPCMain?Name=Player
[2016.12.04-16.26.06:916][  0]LogLoad: LoadMap: /Temp/Autosaves/Game/Map/UEDPCMain?Name=Player
[2016.12.04-16.26.06:950][  0]LogMemory: Platform Memory Stats for Windows
[2016.12.04-16.26.06:950][  0]LogMemory: Process Physical Memory: 609.33 MB used, 628.28 MB peak
[2016.12.04-16.26.06:950][  0]LogMemory: Process Virtual Memory: 654.89 MB used, 654.89 MB peak
[2016.12.04-16.26.06:950][  0]LogMemory: Physical Memory: 5078.36 MB used, 8113.86 MB total
[2016.12.04-16.26.06:950][  0]LogMemory: Virtual Memory: 1345.48 MB used, 134217728.00 MB total
[2016.12.04-16.26.06:950][  0]LogMemory: 
[2016.12.04-16.26.06:950][  0]Allocator Stats for TBB: (not implemented)
[2016.12.04-16.26.06:979][  0]LogAIModule: Creating AISystem for world Main
[2016.12.04-16.26.06:979][  0]LogWorld: Game class is 'pregame_C'
[2016.12.04-16.26.06:981][  0]LogWorld: Bringing World /Temp/Autosaves/Game/Map/UEDPCMain.Main up for play (max tick rate 0) at 2016.12.05-01.26.06
[2016.12.04-16.26.06:981][  0]LogWorld: Bringing up level for play took: 0.000816
[2016.12.04-16.26.06:982][  0]LogSpawn:Warning: SpawnActor failed because no class was specified
[2016.12.04-16.26.06:982][  0]LogBlueprintUserMessages: [pregame_C_0] 로그인
[2016.12.04-16.26.06:984][  0]LogLoad: Took 0.068416 seconds to LoadMap(/Temp/Autosaves/Game/Map/UEDPCMain)
[2016.12.04-16.26.06:984][  0]LogInit:Display: Game Engine Initialized.
[2016.12.04-16.26.07:270][  0]LogLoad: Full Startup: 7.13 seconds (BP compile: 0.16 seconds)
[2016.12.04-16.26.07:270][  0]LogExternalProfiler: Found external profiler: VSPerf
[2016.12.04-16.26.07:270][  0]LogExternalProfiler: Using external profiler: VSPerf
[2016.12.04-16.26.07:292][  0]LogWindowsTextInputMethodSystem:Display: IME system now activated using TSF (Microsoft 입력기).
[2016.12.04-16.26.07:299][  0]LogOcInput: OculusInput pre-init called
[2016.12.04-16.26.07:456][  2]LogRenderer: Reallocating scene render targets to support 1280x720 (Frame:2).
[2016.12.04-16.26.09:259][102]LogOnline:Warning: Unknown or unsupported data type from Steam key data currentmembers 3
[2016.12.04-16.26.09:259][102]LogOnline:Warning: STEAM: Failed to parse setting from key currentmembers value 3
[2016.12.04-16.26.09:259][102]LogOnline:Warning: Unknown or unsupported data type from Steam key data guid b4531d3e-72e2-4ad5-b205-44b2fe97c7ff
[2016.12.04-16.26.09:259][102]LogOnline:Warning: STEAM: Failed to parse setting from key guid value b4531d3e-72e2-4ad5-b205-44b2fe97c7ff
[2016.12.04-16.26.09:259][102]LogOnline:Warning: Unknown or unsupported data type from Steam key data name kkkk (HYOBUM)
[2016.12.04-16.26.09:259][102]LogOnline:Warning: STEAM: Failed to parse setting from key name value kkkk (HYOBUM)
[2016.12.04-16.26.09:259][102]LogOnline:Warning: Unknown or unsupported data type from Steam key data __gameserverIP 0
[2016.12.04-16.26.09:259][102]LogOnline:Warning: STEAM: Failed to parse setting from key __gameserverIP value 0
[2016.12.04-16.26.09:259][102]LogOnline:Warning: Unknown or unsupported data type from Steam key data __gameserverPort 0
[2016.12.04-16.26.09:259][102]LogOnline:Warning: STEAM: Failed to parse setting from key __gameserverPort value 0
[2016.12.04-16.26.09:259][102]LogOnline:Warning: Unknown or unsupported data type from Steam key data __gameserverSteamID 90105567263811588
[2016.12.04-16.26.09:259][102]LogOnline:Warning: STEAM: Failed to parse setting from key __gameserverSteamID value 90105567263811588
[2016.12.04-16.26.09:259][102]LogOnline:Warning: STEAM: Unable to parse search result for lobby 'Lobby [0x1860000AB626670]'
[2016.12.04-16.26.09:260][102]LogOnline:Warning: STEAM: Removed incompatible build: ServerBuildUniqueId = 0x000000f7, GetBuildUniqueId() = 0x24675aac
[2016.12.04-16.26.09:260][102]LogOnline:Warning: STEAM: Unable to parse search result for lobby 'Lobby [0x1860000AB62EC71]'
[2016.12.04-16.26.09:261][102]LogOnline:Warning: Unknown or unsupported data type from Steam key data auto_stop_game 50
[2016.12.04-16.26.09:261][102]LogOnline:Warning: STEAM: Failed to parse setting from key auto_stop_game value 50
[2016.12.04-16.26.09:261][102]LogOnline:Warning: Unknown or unsupported data type from Steam key data browsing_timeout 60
[2016.12.04-16.26.09:261][102]LogOnline:Warning: STEAM: Failed to parse setting from key browsing_timeout value 60
[2016.12.04-16.26.09:261][102]LogOnline:Warning: Unknown or unsupported data type from Steam key data database_changes 0
[2016.12.04-16.26.09:261][102]LogOnline:Warning: STEAM: Failed to parse setting from key database_changes value 0
[2016.12.04-16.26.09:261][102]LogOnline:Warning: Unknown or unsupported data type from Steam key data disable_subscribing_to_other_humans 50
[2016.12.04-16.26.09:261][102]LogOnline:Warning: STEAM: Failed to parse setting from key disable_subscribing_to_other_humans value 50
[2016.12.04-16.26.09:261][102]LogOnline:Warning: Unknown or unsupported data type from Steam key data fix_version 2
[2016.12.04-16.26.09:261][102]LogOnline:Warning: STEAM: Failed to parse setting from key fix_version value 2
[2016.12.04-16.26.09:261][102]LogOnline:Warning: Unknown or unsupported data type from Steam key data force_continue_enabled 0
[2016.12.04-16.26.09:262][102]LogOnline:Warning: STEAM: Failed to parse setting from key force_continue_enabled value 0
[2016.12.04-16.26.09:262][102]LogOnline:Warning: Unknown or unsupported data type from Steam key data game_type 4
[2016.12.04-16.26.09:262][102]LogOnline:Warning: STEAM: Failed to parse setting from key game_type value 4
[2016.12.04-16.26.09:262][102]LogOnline:Warning: Unknown or unsupported data type from Steam key data has_password 1
[2016.12.04-16.26.09:262][102]LogOnline:Warning: STEAM: Failed to parse setting from key has_password value 1
[2016.12.04-16.26.09:262][102]LogOnline:Warning: Unknown or unsupported data type from Steam key data highlight_modes 0
[2016.12.04-16.26.09:262][102]LogOnline:Warning: STEAM: Failed to parse setting from key highlight_modes value 0
[2016.12.04-16.26.09:262][102]LogOnline:Warning: Unknown or unsupported data type from Steam key data host_user mk729
[2016.12.04-16.26.09:262][102]LogOnline:Warning: STEAM: Failed to parse setting from key host_user value mk729
[2016.12.04-16.26.09:262][102]LogOnline:Warning: Unknown or unsupported data type from Steam key data in_game_editor_not_allowed 0
[2016.12.04-16.26.09:262][102]LogOnline:Warning: STEAM: Failed to parse setting from key in_game_editor_not_allowed value 0
[2016.12.04-16.26.09:262][102]LogOnline:Warning: Unknown or unsupported data type from Steam key data in_match_timeout 0
[2016.12.04-16.26.09:262][102]LogOnline:Warning: STEAM: Failed to parse setting from key in_match_timeout value 0
[2016.12.04-16.26.09:262][102]LogOnline:Warning: Unknown or unsupported data type from Steam key data major_version 15
[2016.12.04-16.26.09:262][102]LogOnline:Warning: STEAM: Failed to parse setting from key major_version value 15
[2016.12.04-16.26.09:262][102]LogOnline:Warning: Unknown or unsupported data type from Steam key data max_connections 32
[2016.12.04-16.26.09:262][102]LogOnline:Warning: STEAM: Failed to parse setting from key max_connections value 32
[2016.12.04-16.26.09:262][102]LogOnline:Warning: Unknown or unsupported data type from Steam key data max_managers 35
[2016.12.04-16.26.09:262][102]LogOnline:Warning: STEAM: Failed to parse setting from key max_managers value 35
[2016.12.04-16.26.09:262][102]LogOnline:Warning: Unknown or unsupported data type from Steam key data message_timeout 0
[2016.12.04-16.26.09:262][102]LogOnline:Warning: STEAM: Failed to parse setting from key message_timeout value 0
[2016.12.04-16.26.09:262][102]LogOnline:Warning: Unknown or unsupported data type from Steam key data minor_version 3
[2016.12.04-16.26.09:262][102]LogOnline:Warning: STEAM: Failed to parse setting from key minor_version value 3
[2016.12.04-16.26.09:262][102]LogOnline:Warning: Unknown or unsupported data type from Steam key data name hot-san
[2016.12.04-16.26.09:262][102]LogOnline:Warning: STEAM: Failed to parse setting from key name value hot-san
[2016.12.04-16.26.09:262][102]LogOnline:Warning: Unknown or unsupported data type from Steam key data name_substring_ho 1
[2016.12.04-16.26.09:262][102]LogOnline:Warning: STEAM: Failed to parse setting from key name_substring_ho value 1
[2016.12.04-16.26.09:262][102]LogOnline:Warning: Unknown or unsupported data type from Steam key data name_substring_hot 1
[2016.12.04-16.26.09:262][102]LogOnline:Warning: STEAM: Failed to parse setting from key name_substring_hot value 1
[2016.12.04-16.26.09:262][102]LogOnline:Warning: Unknown or unsupported data type from Steam key data name_substring_hot- 1
[2016.12.04-16.26.09:262][102]LogOnline:Warning: STEAM: Failed to parse setting from key name_substring_hot- value 1
[2016.12.04-16.26.09:262][102]LogOnline:Warning: Unknown or unsupported data type from Steam key data name_substring_hot-s 1
[2016.12.04-16.26.09:262][102]LogOnline:Warning: STEAM: Failed to parse setting from key name_substring_hot-s value 1
[2016.12.04-16.26.09:262][102]LogOnline:Warning: Unknown or unsupported data type from Steam key data name_substring_hot-sa 1
[2016.12.04-16.26.09:262][102]LogOnline:Warning: STEAM: Failed to parse setting from key name_substring_hot-sa value 1
[2016.12.04-16.26.09:262][102]LogOnline:Warning: Unknown or unsupported data type from Steam key data name_substring_hot-san 1
[2016.12.04-16.26.09:262][102]LogOnline:Warning: STEAM: Failed to parse setting from key name_substring_hot-san value 1
[2016.12.04-16.26.09:263][102]LogOnline:Warning: Unknown or unsupported data type from Steam key data network_version 1500
[2016.12.04-16.26.09:263][102]LogOnline:Warning: STEAM: Failed to parse setting from key network_version value 1500
[2016.12.04-16.26.09:263][102]LogOnline:Warning: Unknown or unsupported data type from Steam key data number_managers 0
[2016.12.04-16.26.09:263][102]LogOnline:Warning: STEAM: Failed to parse setting from key number_managers value 0
[2016.12.04-16.26.09:263][102]LogOnline:Warning: Unknown or unsupported data type from Steam key data password 1423
[2016.12.04-16.26.09:263][102]LogOnline:Warning: STEAM: Failed to parse setting from key password value 1423
[2016.12.04-16.26.09:263][102]LogOnline:Warning: Unknown or unsupported data type from Steam key data prematch_timeout 0
[2016.12.04-16.26.09:263][102]LogOnline:Warning: STEAM: Failed to parse setting from key prematch_timeout value 0
[2016.12.04-16.26.09:263][102]LogOnline:Warning: Unknown or unsupported data type from Steam key data replay_modes 1
[2016.12.04-16.26.09:263][102]LogOnline:Warning: STEAM: Failed to parse setting from key replay_modes value 1
[2016.12.04-16.26.09:263][102]LogOnline:Warning: Unknown or unsupported data type from Steam key data selected_division_11 1
[2016.12.04-16.26.09:263][102]LogOnline:Warning: STEAM: Failed to parse setting from key selected_division_11 value 1
[2016.12.04-16.26.09:263][102]LogOnline:Warning: Unknown or unsupported data type from Steam key data selected_division_136407 1
[2016.12.04-16.26.09:263][102]LogOnline:Warning: STEAM: Failed to parse setting from key selected_division_136407 value 1
[2016.12.04-16.26.09:263][102]LogOnline:Warning: Unknown or unsupported data type from Steam key data selected_division_67 1
[2016.12.04-16.26.09:263][102]LogOnline:Warning: STEAM: Failed to parse setting from key selected_division_67 value 1
[2016.12.04-16.26.09:263][102]LogOnline:Warning: Unknown or unsupported data type from Steam key data versus_game_type 4
[2016.12.04-16.26.09:263][102]LogOnline:Warning: STEAM: Failed to parse setting from key versus_game_type value 4
[2016.12.04-16.26.09:263][102]LogOnline:Warning: STEAM: Unable to parse search result for lobby 'Lobby [0x1860000AB6055FA]'
[2016.12.04-16.26.09:263][102]LogOnline:Warning: STEAM: Unable to parse search result for lobby 'Lobby [0x1860000AB638603]'
[2016.12.04-16.26.09:263][102]LogOnline:Warning: Unknown or unsupported data type from Steam key data 0 1
[2016.12.04-16.26.09:263][102]LogOnline:Warning: STEAM: Failed to parse setting from key 0 value 1
[2016.12.04-16.26.09:263][102]LogOnline:Warning: Unknown or unsupported data type from Steam key data 1 0
[2016.12.04-16.26.09:263][102]LogOnline:Warning: STEAM: Failed to parse setting from key 1 value 0
[2016.12.04-16.26.09:263][102]LogOnline:Warning: Unknown or unsupported data type from Steam key data 2 1
[2016.12.04-16.26.09:263][102]LogOnline:Warning: STEAM: Failed to parse setting from key 2 value 1
[2016.12.04-16.26.09:263][102]LogOnline:Warning: Unknown or unsupported data type from Steam key data 3 24
[2016.12.04-16.26.09:263][102]LogOnline:Warning: STEAM: Failed to parse setting from key 3 value 24
[2016.12.04-16.26.09:263][102]LogOnline:Warning: Unknown or unsupported data type from Steam key data 4 1
[2016.12.04-16.26.09:263][102]LogOnline:Warning: STEAM: Failed to parse setting from key 4 value 1
[2016.12.04-16.26.09:263][102]LogOnline:Warning: Unknown or unsupported data type from Steam key data 5 1
[2016.12.04-16.26.09:263][102]LogOnline:Warning: STEAM: Failed to parse setting from key 5 value 1
[2016.12.04-16.26.09:263][102]LogOnline:Warning: Unknown or unsupported data type from Steam key data 6 30663
[2016.12.04-16.26.09:263][102]LogOnline:Warning: STEAM: Failed to parse setting from key 6 value 30663
[2016.12.04-16.26.09:264][102]LogOnline:Warning: Unknown or unsupported data type from Steam key data 7 0
[2016.12.04-16.26.09:264][102]LogOnline:Warning: STEAM: Failed to parse setting from key 7 value 0
[2016.12.04-16.26.09:264][102]LogOnline:Warning: Unknown or unsupported data type from Steam key data data 73997c18d7df|1|0|1|1|24|1| | | | | | | | | | | | | |
[2016.12.04-16.26.09:264][102]LogOnline:Warning: STEAM: Failed to parse setting from key data value 73997c18d7df|1|0|1|1|24|1| | | | | | | | | | | | | |
[2016.12.04-16.26.09:264][102]LogOnline:Warning: Unknown or unsupported data type from Steam key data name ohtj98
[2016.12.04-16.26.09:264][102]LogOnline:Warning: STEAM: Failed to parse setting from key name value ohtj98
[2016.12.04-16.26.09:264][102]LogOnline:Warning: Unknown or unsupported data type from Steam key data __gameserverIP 0
[2016.12.04-16.26.09:264][102]LogOnline:Warning: STEAM: Failed to parse setting from key __gameserverIP value 0
[2016.12.04-16.26.09:264][102]LogOnline:Warning: Unknown or unsupported data type from Steam key data __gameserverPort 0
[2016.12.04-16.26.09:264][102]LogOnline:Warning: STEAM: Failed to parse setting from key __gameserverPort value 0
[2016.12.04-16.26.09:264][102]LogOnline:Warning: Unknown or unsupported data type from Steam key data __gameserverSteamID 76561198109848159
[2016.12.04-16.26.09:264][102]LogOnline:Warning: STEAM: Failed to parse setting from key __gameserverSteamID value 76561198109848159
[2016.12.04-16.26.09:264][102]LogOnline:Warning: STEAM: Unable to parse search result for lobby 'Lobby [0x1860000AB637ECB]'
[2016.12.04-16.26.09:264][102]LogOnline:Warning: Unknown or unsupported data type from Steam key data auto_stop_game 50
[2016.12.04-16.26.09:264][102]LogOnline:Warning: STEAM: Failed to parse setting from key auto_stop_game value 50
[2016.12.04-16.26.09:264][102]LogOnline:Warning: Unknown or unsupported data type from Steam key data browsing_timeout 60
[2016.12.04-16.26.09:264][102]LogOnline:Warning: STEAM: Failed to parse setting from key browsing_timeout value 60
[2016.12.04-16.26.09:264][102]LogOnline:Warning: Unknown or unsupported data type from Steam key data database_changes 1
[2016.12.04-16.26.09:264][102]LogOnline:Warning: STEAM: Failed to parse setting from key database_changes value 1
[2016.12.04-16.26.09:264][102]LogOnline:Warning: Unknown or unsupported data type from Steam key data disable_subscribing_to_other_humans 50
[2016.12.04-16.26.09:264][102]LogOnline:Warning: STEAM: Failed to parse setting from key disable_subscribing_to_other_humans value 50
[2016.12.04-16.26.09:264][102]LogOnline:Warning: Unknown or unsupported data type from Steam key data fix_version 2
[2016.12.04-16.26.09:264][102]LogOnline:Warning: STEAM: Failed to parse setting from key fix_version value 2
[2016.12.04-16.26.09:264][102]LogOnline:Warning: Unknown or unsupported data type from Steam key data force_continue_enabled 0
[2016.12.04-16.26.09:264][102]LogOnline:Warning: STEAM: Failed to parse setting from key force_continue_enabled value 0
[2016.12.04-16.26.09:264][102]LogOnline:Warning: Unknown or unsupported data type from Steam key data game_type 4
[2016.12.04-16.26.09:264][102]LogOnline:Warning: STEAM: Failed to parse setting from key game_type value 4
[2016.12.04-16.26.09:265][102]LogOnline:Warning: Unknown or unsupported data type from Steam key data has_password 1
[2016.12.04-16.26.09:265][102]LogOnline:Warning: STEAM: Failed to parse setting from key has_password value 1
[2016.12.04-16.26.09:265][102]LogOnline:Warning: Unknown or unsupported data type from Steam key data highlight_modes 1
[2016.12.04-16.26.09:265][102]LogOnline:Warning: STEAM: Failed to parse setting from key highlight_modes value 1
[2016.12.04-16.26.09:265][102]LogOnline:Warning: Unknown or unsupported data type from Steam key data host_user tjswkd10
[2016.12.04-16.26.09:265][102]LogOnline:Warning: STEAM: Failed to parse setting from key host_user value tjswkd10
[2016.12.04-16.26.09:265][102]LogOnline:Warning: Unknown or unsupported data type from Steam key data in_game_editor_not_allowed 0
[2016.12.04-16.26.09:265][102]LogOnline:Warning: STEAM: Failed to parse setting from key in_game_editor_not_allowed value 0
[2016.12.04-16.26.09:265][102]LogOnline:Warning: Unknown or unsupported data type from Steam key data in_match_timeout 0
[2016.12.04-16.26.09:265][102]LogOnline:Warning: STEAM: Failed to parse setting from key in_match_timeout value 0
[2016.12.04-16.26.09:265][102]LogOnline:Warning: Unknown or unsupported data type from Steam key data major_version 15
[2016.12.04-16.26.09:265][102]LogOnline:Warning: STEAM: Failed to parse setting from key major_version value 15
[2016.12.04-16.26.09:265][102]LogOnline:Warning: Unknown or unsupported data type from Steam key data max_connections 32
[2016.12.04-16.26.09:265][102]LogOnline:Warning: STEAM: Failed to parse setting from key max_connections value 32
[2016.12.04-16.26.09:265][102]LogOnline:Warning: Unknown or unsupported data type from Steam key data max_managers 152
[2016.12.04-16.26.09:265][102]LogOnline:Warning: STEAM: Failed to parse setting from key max_managers value 152
[2016.12.04-16.26.09:265][102]LogOnline:Warning: Unknown or unsupported data type from Steam key data message_timeout 0
[2016.12.04-16.26.09:265][102]LogOnline:Warning: STEAM: Failed to parse setting from key message_timeout value 0
[2016.12.04-16.26.09:265][102]LogOnline:Warning: Unknown or unsupported data type from Steam key data minor_version 3
[2016.12.04-16.26.09:265][102]LogOnline:Warning: STEAM: Failed to parse setting from key minor_version value 3
[2016.12.04-16.26.09:265][102]LogOnline:Warning: Unknown or unsupported data type from Steam key data name 1519
[2016.12.04-16.26.09:265][102]LogOnline:Warning: STEAM: Failed to parse setting from key name value 1519
[2016.12.04-16.26.09:265][102]LogOnline:Warning: Unknown or unsupported data type from Steam key data name_substring_15 1
[2016.12.04-16.26.09:265][102]LogOnline:Warning: STEAM: Failed to parse setting from key name_substring_15 value 1
[2016.12.04-16.26.09:265][102]LogOnline:Warning: Unknown or unsupported data type from Steam key data name_substring_151 1
[2016.12.04-16.26.09:265][102]LogOnline:Warning: STEAM: Failed to parse setting from key name_substring_151 value 1
[2016.12.04-16.26.09:265][102]LogOnline:Warning: Unknown or unsupported data type from Steam key data name_substring_1519 1
[2016.12.04-16.26.09:265][102]LogOnline:Warning: STEAM: Failed to parse setting from key name_substring_1519 value 1
[2016.12.04-16.26.09:265][102]LogOnline:Warning: Unknown or unsupported data type from Steam key data network_version 1500
[2016.12.04-16.26.09:265][102]LogOnline:Warning: STEAM: Failed to parse setting from key network_version value 1500
[2016.12.04-16.26.09:265][102]LogOnline:Warning: Unknown or unsupported data type from Steam key data number_managers 2
[2016.12.04-16.26.09:265][102]LogOnline:Warning: STEAM: Failed to parse setting from key number_managers value 2
[2016.12.04-16.26.09:266][102]LogOnline:Warning: Unknown or unsupported data type from Steam key data password 151911
[2016.12.04-16.26.09:266][102]LogOnline:Warning: STEAM: Failed to parse setting from key password value 151911
[2016.12.04-16.26.09:266][102]LogOnline:Warning: Unknown or unsupported data type from Steam key data prematch_timeout 0
[2016.12.04-16.26.09:266][102]LogOnline:Warning: STEAM: Failed to parse setting from key prematch_timeout value 0
[2016.12.04-16.26.09:266][102]LogOnline:Warning: Unknown or unsupported data type from Steam key data replay_modes 1
[2016.12.04-16.26.09:266][102]LogOnline:Warning: STEAM: Failed to parse setting from key replay_modes value 1
[2016.12.04-16.26.09:266][102]LogOnline:Warning: Unknown or unsupported data type from Steam key data selected_division_1 1
[2016.12.04-16.26.09:266][102]LogOnline:Warning: STEAM: Failed to parse setting from key selected_division_1 value 1
[2016.12.04-16.26.09:266][102]LogOnline:Warning: Unknown or unsupported data type from Steam key data selected_division_102423 1
[2016.12.04-16.26.09:266][102]LogOnline:Warning: STEAM: Failed to parse setting from key selected_division_102423 value 1
[2016.12.04-16.26.09:266][102]LogOnline:Warning: Unknown or unsupported data type from Steam key data selected_division_11 1
[2016.12.04-16.26.09:266][102]LogOnline:Warning: STEAM: Failed to parse setting from key selected_division_11 value 1
[2016.12.04-16.26.09:266][102]LogOnline:Warning: Unknown or unsupported data type from Steam key data selected_division_16 1
[2016.12.04-16.26.09:266][102]LogOnline:Warning: STEAM: Failed to parse setting from key selected_division_16 value 1
[2016.12.04-16.26.09:266][102]LogOnline:Warning: Unknown or unsupported data type from Steam key data selected_division_22 1
[2016.12.04-16.26.09:266][102]LogOnline:Warning: STEAM: Failed to parse setting from key selected_division_22 value 1
[2016.12.04-16.26.09:266][102]LogOnline:Warning: Unknown or unsupported data type from Steam key data selected_division_32 1
[2016.12.04-16.26.09:266][102]LogOnline:Warning: STEAM: Failed to parse setting from key selected_division_32 value 1
[2016.12.04-16.26.09:266][102]LogOnline:Warning: Unknown or unsupported data type from Steam key data selected_division_60 1
[2016.12.04-16.26.09:266][102]LogOnline:Warning: STEAM: Failed to parse setting from key selected_division_60 value 1
[2016.12.04-16.26.09:266][102]LogOnline:Warning: Unknown or unsupported data type from Steam key data selected_division_67 1
[2016.12.04-16.26.09:266][102]LogOnline:Warning: STEAM: Failed to parse setting from key selected_division_67 value 1
[2016.12.04-16.26.09:266][102]LogOnline:Warning: Unknown or unsupported data type from Steam key data versus_game_type 4
[2016.12.04-16.26.09:266][102]LogOnline:Warning: STEAM: Failed to parse setting from key versus_game_type value 4
[2016.12.04-16.26.09:266][102]LogOnline:Warning: STEAM: Unable to parse search result for lobby 'Lobby [0x1860000AB62B54C]'
[2016.12.04-16.26.11:547][241]LogNet: Browse: steam.76561198348838308//Game/Map/Main
[2016.12.04-16.26.11:547][241]LogNet:Display: SteamNetDriver_0 bound to port 7777
[2016.12.04-16.26.11:547][241]PacketHandlerLog: Loaded PacketHandler component: Engine.EngineHandlerComponentFactory (StatelessConnectHandlerComponent)
[2016.12.04-16.26.11:547][241]LogNet: Game client on port 7777, rate 10000
[2016.12.04-16.26.11:548][241]LogNet: GetLocalNetworkVersion: GEngineNetVersion: 3039270, ProjectName: unnamed, ProjectVersion: 1.0.0.0, InternalProtocolVersion: 9, LocalNetworkVersion: 1745645396
[2016.12.04-16.26.15:644][495]LogHandshake: SendChallengeResponse. Timestamp: 113.909065, Cookie: 124221166103081094061072105011239194098097231132085243121195
[2016.12.04-16.26.15:645][495]LogHandshake: SendChallengeResponse. Timestamp: 113.909065, Cookie: 124221166103081094061072105011239194098097231132085243121195
[2016.12.04-16.26.16:047][520]LogNet: Welcomed by server (Level: /Game/Map/dd, Game: /Game/BP/MyGameMode.MyGameMode_C)
[2016.12.04-16.26.16:048][520]LogLoad: LoadMap: steam.76561198348838308//Game/Map/dd?game=/Game/BP/MyGameMode.MyGameMode_C
[2016.12.04-16.26.16:048][520]LogBlueprintUserMessages: [pregame_C_0] 로그 아웃
[2016.12.04-16.26.16:073][520]LogMemory: Platform Memory Stats for Windows
[2016.12.04-16.26.16:073][520]LogMemory: Process Physical Memory: 641.00 MB used, 650.08 MB peak
[2016.12.04-16.26.16:073][520]LogMemory: Process Virtual Memory: 826.61 MB used, 841.82 MB peak
[2016.12.04-16.26.16:073][520]LogMemory: Physical Memory: 5103.55 MB used, 8113.86 MB total
[2016.12.04-16.26.16:073][520]LogMemory: Virtual Memory: 1527.32 MB used, 134217728.00 MB total
[2016.12.04-16.26.16:073][520]LogMemory: 
[2016.12.04-16.26.16:073][520]Allocator Stats for TBB: (not implemented)
[2016.12.04-16.26.16:835][520]LogAIModule: Creating AISystem for world dd
[2016.12.04-16.26.16:839][520]LogWorld: Bringing World /Game/Map/dd.dd up for play (max tick rate 0) at 2016.12.05-01.26.16
[2016.12.04-16.26.16:839][520]LogWorld: Bringing up level for play took: 0.002303
[2016.12.04-16.26.16:840][520]LogLoad: Took 0.791809 seconds to LoadMap(/Game/Map/dd)
[2016.12.04-16.26.16:849][520]LogNet:Warning: Dropped 1 packets due to congestion in the voicechannel
[2016.12.04-16.26.17:066][522]LogScript:Warning: Accessed None trying to read property widget
	MyGameinstance_C /Engine/Transient.GameEngine_0:MyGameinstance_C_0
	Function /Game/BP/MyGameinstance.MyGameinstance_C:HideWidget:000A
[2016.12.04-16.26.17:066][522]LogScript:Warning: Script call stack:
	Function /Game/Map/dd.dd_C:ReceiveBeginPlay
	Function /Game/Map/dd.dd_C:ExecuteUbergraph_dd
	Function /Game/BP/MyGameinstance.MyGameinstance_C:StartPlayingState
	Function /Game/BP/MyGameinstance.MyGameinstance_C:HideWidget

[2016.12.04-16.26.31:519][411]LogNet:Warning: Network Failure: GameNetDriver[FailureReceived]: Host closed the connection.
[2016.12.04-16.26.31:519][411]LogNet: NetworkFailure: FailureReceived, Error: 'Host closed the connection.'
[2016.12.04-16.26.31:520][411]LogOnline:Warning: STEAM: Already in process of destroying session (Game)
[2016.12.04-16.26.31:521][411]LogNet: UNetConnection::Close: [UNetConnection] RemoteAddr: 76561198348838308:7777, Name: SteamNetConnection_0, Driver: GameNetDriver SteamNetDriver_0, IsServer: NO, PC: playercon_C_0, Owner: playercon_C_0, Channels: 11, Time: 2016.12.04-16.26.31
[2016.12.04-16.26.31:521][411]LogNet: UChannel::Close: Sending CloseBunch. ChIndex == 0. Name: [UChannel] ChIndex: 0, Closing: 0 [UNetConnection] RemoteAddr: 76561198348838308:7777, Name: SteamNetConnection_0, Driver: GameNetDriver SteamNetDriver_0, IsServer: NO, PC: playercon_C_0, Owner: playercon_C_0
[2016.12.04-16.26.31:522][411]LogNet:Warning: Network Failure: GameNetDriver[ConnectionLost]: Your connection to the host has been lost.
[2016.12.04-16.26.31:522][411]LogNet: NetworkFailure: ConnectionLost, Error: 'Your connection to the host has been lost.'
[2016.12.04-16.26.31:523][411]LogBlueprintUserMessages: [MyGameinstance_C_0] 에러뜸 !!! to leave current state : 3
[2016.12.04-16.26.31:535][412]LogNet: Browse: /Game/Map/Main?closed
[2016.12.04-16.26.31:535][412]LogNet: Failed; returning to Entry
[2016.12.04-16.26.31:538][412]LogLoad: LoadMap: /Game/Map/Main?closed
[2016.12.04-16.26.31:538][412]LogNet: World NetDriver shutdown SteamNetDriver_0 [GameNetDriver]
[2016.12.04-16.26.31:538][412]LogNet: DestroyNamedNetDriver SteamNetDriver_0 [GameNetDriver]
[2016.12.04-16.26.31:538][412]LogExit: GameNetDriver SteamNetDriver_0 shut down
[2016.12.04-16.26.31:541][412]LogScript:Warning: Attempted to access PHUD_C_0 via property HUD, but PHUD_C_0 is pending kill
	playercon_C /Game/Map/dd.dd:PersistentLevel.playercon_C_0
	Function /Game/BP/playercon.playercon_C:ExecuteUbergraph_playercon:0093
[2016.12.04-16.26.31:541][412]LogScript:Warning: Script call stack:
	Function /Game/BP/playercon.playercon_C:ReceiveEndPlay
	Function /Game/BP/playercon.playercon_C:ExecuteUbergraph_playercon

[2016.12.04-16.26.31:616][412]LogMemory: Platform Memory Stats for Windows
[2016.12.04-16.26.31:616][412]LogMemory: Process Physical Memory: 680.16 MB used, 695.27 MB peak
[2016.12.04-16.26.31:616][412]LogMemory: Process Virtual Memory: 896.26 MB used, 956.50 MB peak
[2016.12.04-16.26.31:616][412]LogMemory: Physical Memory: 5130.00 MB used, 8113.86 MB total
[2016.12.04-16.26.31:616][412]LogMemory: Virtual Memory: 1620.71 MB used, 134217728.00 MB total
[2016.12.04-16.26.31:616][412]LogMemory: 
[2016.12.04-16.26.31:616][412]Allocator Stats for TBB: (not implemented)
[2016.12.04-16.26.31:643][412]LogAIModule: Creating AISystem for world Main
[2016.12.04-16.26.31:643][412]LogWorld: Game class is 'pregame_C'
[2016.12.04-16.26.31:646][412]LogWorld: Bringing World /Game/Map/Main.Main up for play (max tick rate 0) at 2016.12.05-01.26.31
[2016.12.04-16.26.31:646][412]LogWorld: Bringing up level for play took: 0.001244
[2016.12.04-16.26.31:647][412]LogGameMode: Warning - PATHS NOT DEFINED or NO PLAYERSTART with positive rating
[2016.12.04-16.26.31:647][412]LogSpawn:Warning: SpawnActor failed because no class was specified
[2016.12.04-16.26.31:647][412]LogBlueprintUserMessages: [pregame_C_0] 로그인
[2016.12.04-16.26.31:647][412]LogOnline:Warning: STEAM: Can't start an online session (Game) in state Destroying
[2016.12.04-16.26.31:648][412]LogLoad: Took 0.110055 seconds to LoadMap(/Game/Map/Main)
[2016.12.04-16.26.31:665][414]LogScriptCore:Warning: DestroySessionCallback - Invalid player state

[2016.12.04-16.26.38:099][810]LogWindowsTextInputMethodSystem:Display: IME system now activated using TSF (Microsoft 입력기).
[2016.12.04-16.26.38:108][810]LogBlueprintUserMessages: [pregame_C_0] 로그 아웃
[2016.12.04-16.26.38:109][810]LogEngine: All Windows Closed
[2016.12.04-16.26.38:109][810]LogWindows: FPlatformMisc::RequestExit(0)
[2016.12.04-16.26.38:109][811]LogMoviePlayer: Shutting down movie player
[2016.12.04-16.26.38:376][811]LogExit: Preparing to exit.
[2016.12.04-16.26.39:161][811]LogExit: Game engine shut down
[2016.12.04-16.26.39:282][811]LogObj: Freed 0b from 0 cluster array pools.
[2016.12.04-16.26.39:282][811]LogExit: Object subsystem successfully closed.
[2016.12.04-16.26.39:297][811]LogD3D11RHI: Shutdown
[2016.12.04-16.26.39:297][811]LogD3D11RHI: CleanupD3DDevice
[2016.12.04-16.26.39:370][811]LogD3D11RHI: ~FD3D11DynamicRHI
[2016.12.04-16.26.39:380][811]LogModuleManager: Shutting down and abandoning module SequenceRecorderSections (113)
[2016.12.04-16.26.39:380][811]LogModuleManager: Shutting down and abandoning module SequenceRecorder (112)
[2016.12.04-16.26.39:380][811]LogModuleManager: Shutting down and abandoning module AutomationController (111)
[2016.12.04-16.26.39:380][811]LogModuleManager: Shutting down and abandoning module AutomationWorker (110)
[2016.12.04-16.26.39:380][811]LogModuleManager: Shutting down and abandoning module CharacterAI (109)
[2016.12.04-16.26.39:380][811]LogModuleManager: Shutting down and abandoning module SessionServices (108)
[2016.12.04-16.26.39:380][811]LogModuleManager: Shutting down and abandoning module GameplayDebugger (107)
[2016.12.04-16.26.39:380][811]LogModuleManager: Shutting down and abandoning module AITestSuite (106)
[2016.12.04-16.26.39:380][811]LogModuleManager: Shutting down and abandoning module AIModule (105)
[2016.12.04-16.26.39:380][811]LogModuleManager: Shutting down and abandoning module MovieSceneCapture (104)
[2016.12.04-16.26.39:380][811]LogModuleManager: Shutting down and abandoning module StreamingPauseRendering (103)
[2016.12.04-16.26.39:380][811]LogModuleManager: Shutting down and abandoning module PortalServices (102)
[2016.12.04-16.26.39:380][811]LogModuleManager: Shutting down and abandoning module PortalRpc (101)
[2016.12.04-16.26.39:380][811]LogModuleManager: Shutting down and abandoning module MessagingRpc (100)
[2016.12.04-16.26.39:380][811]LogModuleManager: Shutting down and abandoning module ProfilerService (99)
[2016.12.04-16.26.39:614][811]LogModuleManager: Shutting down and abandoning module TaskGraph (98)
[2016.12.04-16.26.39:614][811]LogModuleManager: Shutting down and abandoning module SlateRemote (97)
[2016.12.04-16.26.39:614][811]LogModuleManager: Shutting down and abandoning module SteamVRController (96)
[2016.12.04-16.26.39:614][811]LogModuleManager: Shutting down and abandoning module SteamVR (95)
[2016.12.04-16.26.39:614][811]LogModuleManager: Shutting down and abandoning module ProceduralMeshComponent (94)
[2016.12.04-16.26.39:614][811]LogModuleManager: Shutting down and abandoning module OculusLibrary (93)
[2016.12.04-16.26.39:614][811]LogModuleManager: Shutting down and abandoning module OculusInput (92)
[2016.12.04-16.26.39:614][811]LogModuleManager: Shutting down and abandoning module CustomMeshComponent (91)
[2016.12.04-16.26.39:614][811]LogModuleManager: Shutting down and abandoning module CableComponent (90)
[2016.12.04-16.26.39:614][811]LogModuleManager: Shutting down and abandoning module ArchVisCharacter (89)
[2016.12.04-16.26.39:614][811]LogModuleManager: Shutting down and abandoning module HTML5Networking (88)
[2016.12.04-16.26.39:614][811]LogModuleManager: Shutting down and abandoning module DesktopPlatform (87)
[2016.12.04-16.26.39:614][811]LogModuleManager: Shutting down and abandoning module DirectoryWatcher (86)
[2016.12.04-16.26.39:614][811]LogModuleManager: Shutting down and abandoning module HotReload (85)
[2016.12.04-16.26.39:615][811]LogModuleManager: Shutting down and abandoning module VisualStudioSourceCodeAccess (84)
[2016.12.04-16.26.39:615]