Log file open, 10/12/16 19:36:43
LogInit:Display: Running engine for game: UNNAMED
LogPlatformFile: Not using cached read wrapper
LogInit:Display: RandInit(-1756122366) SRandInit(-1756122363).
LogTaskGraph: Started task graph with 4 named threads and 7 total threads with 1 sets of task threads.
LogStats: Stats thread started at 0.412234
LogInit: Version: 4.12.5-3039270+++UE4+Release-4.12
LogInit: API Version: 2992821
LogInit: Net Version: 3039270
LogDevObjectVersion: Number of dev versions registered: 13
LogDevObjectVersion:   Dev-Blueprints (B0D832E4-1F89-4F0D-ACCF-7EB736FD4AA2): 3
LogDevObjectVersion:   Dev-Build (E1C64328-A22C-4D53-A36C-8E866417BD8C): 0
LogDevObjectVersion:   Dev-Core (375EC13C-06E4-48FB-B500-84F0262A717E): 1
LogDevObjectVersion:   Dev-Editor (E4B068ED-F494-42E9-A231-DA0B2E46BB41): 2
LogDevObjectVersion:   Dev-Framework (CFFC743F-43B0-4480-9391-14DF171D2073): 6
LogDevObjectVersion:   Dev-Mobile (B02B49B5-BB20-44E9-A304-32B752E40360): 0
LogDevObjectVersion:   Dev-Networking (A4E4105C-59A1-49B5-A7C5-40C4547EDFEE): 0
LogDevObjectVersion:   Dev-Online (39C831C9-5AE6-47DC-9A44-9C173E1C8E7C): 0
LogDevObjectVersion:   Dev-Physics (78F01B33-EBEA-4F98-B9B4-84EACCB95AA2): 0
LogDevObjectVersion:   Dev-Platform (6631380F-2D4D-43E0-8009-CF276956A95A): 0
LogDevObjectVersion:   Dev-Rendering (12F88B9F-8875-4AFC-A67C-D90C383ABD29): 2
LogDevObjectVersion:   Dev-Sequencer (7B5AE74C-D270-4C10-A958-57980B212A5A): 0
LogDevObjectVersion:   Dev-VR (D7296918-1DD6-4BDD-9DE2-64A83CC13884): 0
LogInit: Compiled (64-bit): Jul  6 2016 09:09:46
LogInit: Compiled with Visual C++: 19.00.23026.00
LogInit: Build Configuration: Development
LogInit: Branch Name: ++UE4+Release-4.12
LogInit: Command line:  
LogInit: Base directory: C:/Program Files (x86)/Epic Games/4.12/Engine/Binaries/Win64/
LogInit: Installed Engine Build: 1
LogInit: Using libcurl 7.41.0
LogInit:  - built for x86_64-pc-win32
LogInit:  - supports SSL with WinSSL
LogInit:  - other features:
LogInit:      CURL_VERSION_SSL
LogInit:      CURL_VERSION_IPV6
LogInit:      CURL_VERSION_ASYNCHDNS
LogInit:      CURL_VERSION_LARGEFILE
LogInit:      CURL_VERSION_IDN
LogInit:  CurlRequestOptions (configurable via config and command line):
LogInit:  - bVerifyPeer = true  - Libcurl will verify peer certificate
LogInit:  - bUseHttpProxy = false  - Libcurl will NOT use HTTP proxy
LogInit:  - bDontReuseConnections = false  - Libcurl will reuse connections
LogInit:  - CertBundlePath = nullptr  - Libcurl will use whatever was configured at build time.
LogInit: Presizing for max 8388607 objects, including 0 objects not considered by GC, pre-allocating 0 bytes for permanent pool.
LogInit: Object subsystem initialized
[2016.10.12-10.36.43:740][  0]LogInit: Selected Device Profile: [Windows]
[2016.10.12-10.36.43:740][  0]LogInit: Applying CVar settings loaded from the selected device profile: [Windows]
[2016.10.12-10.36.43:791][  0]LogInit: Computer: DESKTOP-5I3HB32
[2016.10.12-10.36.43:791][  0]LogInit: User: jcy
[2016.10.12-10.36.43:791][  0]LogInit: CPU Page size=65536, Cores=4
[2016.10.12-10.36.43:791][  0]LogInit: High frequency timer resolution =2.533207 MHz
[2016.10.12-10.36.43:791][  0]LogMemory: Memory total: Physical=7.9GB (8GB approx)
[2016.10.12-10.36.43:791][  0]LogMemory: Platform Memory Stats for Windows
[2016.10.12-10.36.43:791][  0]LogMemory: Process Physical Memory: 191.02 MB used, 191.02 MB peak
[2016.10.12-10.36.43:791][  0]LogMemory: Process Virtual Memory: 195.21 MB used, 195.21 MB peak
[2016.10.12-10.36.43:791][  0]LogMemory: Physical Memory: 3306.16 MB used, 8113.86 MB total
[2016.10.12-10.36.43:791][  0]LogMemory: Virtual Memory: 553.25 MB used, 134217728.00 MB total
[2016.10.12-10.36.45:848][  0]LogD3D11RHI: D3D11 adapters:
[2016.10.12-10.36.46:368][  0]LogD3D11RHI:    0. 'NVIDIA GeForce GTX 960M' (Feature Level 11_0)
[2016.10.12-10.36.46:368][  0]LogD3D11RHI:       2018/0/4056 MB DedicatedVideo/DedicatedSystem/SharedSystem, Outputs:2, VendorId:0x10de
[2016.10.12-10.36.46:376][  0]LogD3D11RHI:    1. 'Intel(R) HD Graphics 4600' (Feature Level 11_0)
[2016.10.12-10.36.46:376][  0]LogD3D11RHI:       112/0/2048 MB DedicatedVideo/DedicatedSystem/SharedSystem, Outputs:0, VendorId:0x8086
[2016.10.12-10.36.46:378][  0]LogD3D11RHI:    2. 'Microsoft Basic Render Driver' (Feature Level 11_0)
[2016.10.12-10.36.46:378][  0]LogD3D11RHI:       0/0/4056 MB DedicatedVideo/DedicatedSystem/SharedSystem, Outputs:0, VendorId:0x1414
[2016.10.12-10.36.46:378][  0]LogD3D11RHI: Chosen D3D11 Adapter: 0
[2016.10.12-10.36.46:382][  0]LogD3D11RHI: Creating new Direct3DDevice
[2016.10.12-10.36.46:382][  0]LogD3D11RHI:     GPU DeviceId: 0x139b (for the marketing name, search the web for "GPU Device Id")
[2016.10.12-10.36.46:382][  0]LogWindows: EnumDisplayDevices:
[2016.10.12-10.36.46:383][  0]LogWindows:    0. 'Intel(R) HD Graphics 4600' (P:1 D:1)
[2016.10.12-10.36.46:383][  0]LogWindows:    1. 'Intel(R) HD Graphics 4600' (P:0 D:1)
[2016.10.12-10.36.46:383][  0]LogWindows:    2. 'Intel(R) HD Graphics 4600' (P:0 D:0)
[2016.10.12-10.36.46:383][  0]LogWindows: DebugString: PrimaryIsNotTheChoosenAdapter PrimaryIsNotTheChoosenAdapter PrimaryIsNotTheChoosenAdapter FoundDriverCount:0 
[2016.10.12-10.36.46:383][  0]LogD3D11RHI:     Adapter Name: NVIDIA GeForce GTX 960M
[2016.10.12-10.36.46:383][  0]LogD3D11RHI:   Driver Version: Unknown (internal:Unknown, unified:Unknown)
[2016.10.12-10.36.46:383][  0]LogD3D11RHI:      Driver Date: Unknown
[2016.10.12-10.36.46:383][  0]LogRHI: Texture pool is 1361 MB (70% of 1945 MB)
[2016.10.12-10.36.46:867][  0]LogD3D11RHI: Async texture creation enabled
[2016.10.12-10.36.47:035][  0]LogD3D11RHI: GPU Timing Frequency: 1000.000000 (Debug: 2 3)
[2016.10.12-10.36.47:036][  0]LogShaderCompilers: Guid format shader working directory is -16 characters bigger than the processId version (../../../../../../Users/jcy/Documents/GitHub/UNNAMED/UNNAMED/Intermediate/Shaders/WorkingDirectory/9752/).
[2016.10.12-10.36.47:036][  0]LogShaderCompilers: Cleaned the shader compiler working directory 'C:/Users/jcy/AppData/Local/Temp/UnrealShaderWorkingDir/FB31BEA64C4331F86109C1B7D8B3F59E/'.
[2016.10.12-10.36.47:036][  0]LogShaderCompilers:Display: Using Local Shader Compiler.
[2016.10.12-10.36.53:224][  0]LogTemp:Display: Loaded TP AllDesktopTargetPlatform
[2016.10.12-10.36.53:330][  0]LogTemp:Display: Loaded TP WindowsClientTargetPlatform
[2016.10.12-10.36.53:371][  0]LogTemp:Display: Loaded TP WindowsNoEditorTargetPlatform
[2016.10.12-10.36.53:466][  0]LogTemp:Display: Loaded TP WindowsServerTargetPlatform
[2016.10.12-10.36.53:531][  0]LogTemp:Display: Loaded TP WindowsTargetPlatform
[2016.10.12-10.36.53:607][  0]LogTemp:Display: Loaded TP AndroidTargetPlatform
[2016.10.12-10.36.53:667][  0]LogTemp:Display: Loaded TP Android_ASTCTargetPlatform
[2016.10.12-10.36.53:742][  0]LogTemp:Display: Loaded TP Android_ATCTargetPlatform
[2016.10.12-10.36.53:846][  0]LogTemp:Display: Loaded TP Android_DXTTargetPlatform
[2016.10.12-10.36.53:886][  0]LogTemp:Display: Loaded TP Android_ETC1TargetPlatform
[2016.10.12-10.36.53:914][  0]LogTemp:Display: Loaded TP Android_ETC2TargetPlatform
[2016.10.12-10.36.53:988][  0]LogTemp:Display: Loaded TP Android_MultiTargetPlatform
[2016.10.12-10.36.53:988][  0]LogTemp:Display: Loaded TP Android_PVRTCTargetPlatform
[2016.10.12-10.36.54:022][  0]LogTemp:Display: Loaded TP HTML5TargetPlatform
[2016.10.12-10.36.54:233][  0]LogTemp:Display: Loaded TP IOSTargetPlatform
[2016.10.12-10.36.54:296][  0]LogTemp:Display: Loaded TP TVOSTargetPlatform
[2016.10.12-10.36.54:362][  0]LogTemp:Display: Loaded TP LinuxNoEditorTargetPlatform
[2016.10.12-10.36.54:409][  0]LogTemp:Display: Loaded TP LinuxServerTargetPlatform
[2016.10.12-10.36.54:496][  0]LogTemp:Display: Loaded TP LinuxTargetPlatform
[2016.10.12-10.36.54:496][  0]LogTargetPlatformManager:Display: Building Assets For Windows
[2016.10.12-10.36.55:795][  0]LogDerivedDataCache:Display: Max Cache Size: 512 MB
[2016.10.12-10.36.56:404][  0]LogDerivedDataCache: Loaded boot cache 0.61s 48MB C:/Users/jcy/AppData/Local/UnrealEngine/4.12/DerivedDataCache/Boot.ddc.
[2016.10.12-10.36.56:405][  0]LogDerivedDataCache:Display: Loaded Boot cache: C:/Users/jcy/AppData/Local/UnrealEngine/4.12/DerivedDataCache/Boot.ddc
[2016.10.12-10.36.56:406][  0]LogDerivedDataCache: FDerivedDataBackendGraph:  Pak pak cache file ../../../../../../Users/jcy/Documents/GitHub/UNNAMED/UNNAMED/DerivedDataCache/DDC.ddp not found, will not use a pak cache.
[2016.10.12-10.36.56:406][  0]LogDerivedDataCache: Unable to find inner node Pak for hierarchical cache Hierarchy.
[2016.10.12-10.36.56:406][  0]LogDerivedDataCache: FDerivedDataBackendGraph:  CompressedPak pak cache file ../../../../../../Users/jcy/Documents/GitHub/UNNAMED/UNNAMED/DerivedDataCache/Compressed.ddp not found, will not use a pak cache.
[2016.10.12-10.36.56:407][  0]LogDerivedDataCache: Unable to find inner node CompressedPak for hierarchical cache Hierarchy.
[2016.10.12-10.36.56:526][  0]LogDerivedDataCache:Display: Pak cache opened for reading ../../../Engine/DerivedDataCache/Compressed.ddp.
[2016.10.12-10.36.56:547][  0]LogDerivedDataCache: Using Local data cache path C:/Users/jcy/AppData/Local/UnrealEngine/Common/DerivedDataCache: Writable
[2016.10.12-10.36.58:278][  0]LogInit: Selected Device Profile: [Windows]
[2016.10.12-10.36.58:360][  0]LogContentStreaming: Texture pool size is 0.00 MB
[2016.10.12-10.36.59:669][  0]LogMeshUtilities: No automatic mesh reduction module available
[2016.10.12-10.36.59:669][  0]LogMeshUtilities: No automatic mesh merging module available
[2016.10.12-10.36.59:669][  0]LogMeshUtilities: No distributed automatic mesh merging module available
[2016.10.12-10.37.02:733][  0]LogAssetRegistry: FAssetRegistry took 0.0229 seconds to start up
[2016.10.12-10.37.02:893][  0]LogPackageLocalizationCache: Processed 3 localized package path(s) for 1 prioritized culture(s) in 0.146692 seconds
[2016.10.12-10.37.02:911][  0]LogUObjectArray: 28739 objects as part of root set at end of initial load.
[2016.10.12-10.37.02:911][  0]LogUObjectAllocator: 5855624 out of 0 bytes used by permanent object pool.
[2016.10.12-10.37.02:912][  0]LogUObjectArray: CloseDisregardForGC: 0/0 objects in disregard for GC pool
[2016.10.12-10.37.03:011][  0]LogInit: WinSock: version 1.1 (2.2), MaxSocks=32767, MaxUdp=65467
[2016.10.12-10.37.10:777][  0]LogSlate: SlateFontCache - WITH_FREETYPE: 1, WITH_HARFBUZZ: 1
[2016.10.12-10.37.10:777][  0]LogSlate: SlateFontCache - WITH_FREETYPE: 1, WITH_HARFBUZZ: 1
[2016.10.12-10.37.27:284][  0]LogUdpMessaging: Initializing bridge on interface 0.0.0.0:0 to multicast group 230.0.0.1:6666.
[2016.10.12-10.37.28:825][  0]SourceControl: Info Source control is disabled
[2016.10.12-10.37.28:848][  0]SourceControl: Info Source control is disabled
[2016.10.12-10.37.29:032][  0]SourceControl: Info Source control is disabled
[2016.10.12-10.37.29:125][  0]SourceControl: Info Source control is disabled
[2016.10.12-10.37.31:138][  0]LogEngine: Initializing Engine...
[2016.10.12-10.37.31:206][  0]LogHMD: SteamVR failed to initialize.  Err: 110
[2016.10.12-10.37.31:208][  0]LogHMD: SteamVR failed to initialize.  Err: 110
[2016.10.12-10.37.31:998][  0]LogAIModule: Creating AISystem for world NewWorld
[2016.10.12-10.37.32:034][  0]LogInit: XAudio2 using 'T24C350(인텔(R) 디스플레이 오디오)' : 2 channels at 48 kHz using 16 bits per sample (channel mask 0x3)
[2016.10.12-10.37.32:109][  0]LogInit: FAudioDevice initialized.
[2016.10.12-10.37.32:179][  0]LogDerivedDataCache: Saved boot cache 0.07s 48MB C:/Users/jcy/AppData/Local/UnrealEngine/4.12/DerivedDataCache/Boot.ddc.
[2016.10.12-10.37.32:187][  0]LogInit: Texture streaming: Enabled
[2016.10.12-10.37.32:486][  0]LogInit: Transaction tracking system initialized
[2016.10.12-10.37.32:878][  0]BlueprintLog: New page: Editor Load
[2016.10.12-10.37.34:868][  0]LocalizationService: Info Localization service is disabled
[2016.10.12-10.37.35:831][  0]LogConsoleResponse:Display: 
[2016.10.12-10.37.37:650][  0]LogCook:Display: Max memory allowance for cook 8192mb
[2016.10.12-10.37.37:650][  0]LogCook:Display: Mobile HDR setting 1
[2016.10.12-10.37.38:404][  0]LogFileCache: Scanning file cache for directory 'C:/Users/jcy/Documents/GitHub/UNNAMED/UNNAMED/Content/' took 0.05s
[2016.10.12-10.37.40:604][  0]SourceControl: Info Source control is disabled
[2016.10.12-10.37.40:604][  0]Cmd: MAP LOAD FILE="../../../../../../Users/jcy/Documents/GitHub/UNNAMED/UNNAMED/Content/ThirdPersonBP/Maps/ThirdPersonExampleMap.umap" TEMPLATE=0 SHOWPROGRESS=1 FEATURELEVEL=3
[2016.10.12-10.37.40:671][  0]LightingResults: New page: Lighting Build
[2016.10.12-10.37.40:683][  0]MapCheck: New page: Map Check
[2016.10.12-10.37.40:684][  0]LightingResults: New page: Lighting Build
[2016.10.12-10.37.45:779][  0]LogAIModule: Creating AISystem for world ThirdPersonExampleMap
[2016.10.12-10.37.45:871][  0]LogEditorServer: Finished looking for orphan Actors (0.000 secs)
[2016.10.12-10.37.45:872][  0]Cmd: MAP CHECKDEP NOCLEARLOG
[2016.10.12-10.37.46:018][  0]MapCheck: Info Map check complete: 0 Error(s), 0 Warning(s), took 145.629ms to complete.
[2016.10.12-10.37.46:018][  0]LogFileHelpers: Loading map 'ThirdPersonExampleMap' took 5.414
[2016.10.12-10.37.46:502][  0]LogCollectionManager: Loaded 1 collections in 0.005401 seconds
[2016.10.12-10.37.46:587][  0]LogFileCache: Scanning file cache for directory 'C:/Users/jcy/Documents/GitHub/UNNAMED/UNNAMED/Saved/Collections/' took 0.01s
[2016.10.12-10.37.46:587][  0]LogFileCache: Scanning file cache for directory 'C:/Users/jcy/Documents/GitHub/UNNAMED/UNNAMED/Content/Developers/jcy/Collections/' took 0.01s
[2016.10.12-10.37.46:587][  0]LogFileCache: Scanning file cache for directory 'C:/Users/jcy/Documents/GitHub/UNNAMED/UNNAMED/Content/Collections/' took 0.01s
[2016.10.12-10.37.46:587][  0]LogCollectionManager: Rebuilt the GUID cache for 1 collections in 0.000014 seconds
[2016.10.12-10.37.46:587][  0]LogCollectionManager: Rebuilt the hierarchy cache for 1 collections in 0.000000 seconds
[2016.10.12-10.37.46:600][  0]LogContentBrowser: Native class hierarchy populated in 0.0123 seconds. Added 2047 classes and 369 folders.
[2016.10.12-10.37.46:607][  0]LogStats: UGameplayTagsManager::ConstructGameplayTagTree: Construct from data asset -  0.000 s
[2016.10.12-10.37.46:608][  0]LogStats: UGameplayTagsManager::ConstructGameplayTagTree: GameplayTagTreeChangedEvent.Broadcast -  0.000 s
[2016.10.12-10.37.46:608][  0]LogContentBrowser: Native class hierarchy updated for 'GameplayTags' in 0.0007 seconds. Added 12 classes and 0 folders.
[2016.10.12-10.37.46:617][  0]LogContentBrowser: Native class hierarchy updated for 'WidgetCarousel' in 0.0005 seconds. Added 0 classes and 0 folders.
[2016.10.12-10.37.47:789][  0]LogContentBrowser: Native class hierarchy updated for 'AddContentDialog' in 0.0021 seconds. Added 0 classes and 0 folders.
[2016.10.12-10.37.47:970][  0]LogContentBrowser: Native class hierarchy updated for 'SceneOutliner' in 0.0011 seconds. Added 1 classes and 2 folders.
[2016.10.12-10.37.48:259][  0]LogCrashTracker: Crashtracker disabled due to settings.
[2016.10.12-10.37.48:267][  0]LogUObjectGlobals:Warning: Failed to find object 'Class None.'
[2016.10.12-10.37.48:382][  0]LogContentBrowser: Native class hierarchy updated for 'HierarchicalLODOutliner' in 0.0014 seconds. Added 1 classes and 2 folders.
[2016.10.12-10.37.48:383][  0]LogLoad: Full Startup: 68.68 seconds (BP compile: 0.56 seconds)
[2016.10.12-10.37.48:383][  0]LogExternalProfiler: Found external profiler: VSPerf
[2016.10.12-10.37.48:383][  0]LogExternalProfiler: Using external profiler: VSPerf
[2016.10.12-10.37.48:410][  0]LogOcInput: OculusInput pre-init called
[2016.10.12-10.37.48:443][  0]LogContentStreaming: Texture pool size now 1000 MB
[2016.10.12-10.37.48:927][  0]LogRenderer: Reallocating scene render targets to support 1208x600 (Frame:2).
[2016.10.12-10.37.49:086][  1]LogAssetRegistry: Asset discovery search completed in 46.3764 seconds
[2016.10.12-10.37.49:086][  1]LogCollectionManager: Rebuilt the object cache for 1 collections in 0.000060 seconds (found 0 objects)
[2016.10.12-10.37.49:086][  1]LogCollectionManager: Fixed up redirectors for 1 collections in 0.000092 seconds (updated 0 objects)
[2016.10.12-10.38.36:954][747]LogBlueprintUserMessages: Early PlayInEditor Detection: Level '/Game/ThirdPersonBP/Maps/ThirdPersonExampleMap.ThirdPersonExampleMap:PersistentLevel' has LevelScriptBlueprint '/Game/ThirdPersonBP/Maps/ThirdPersonExampleMap.ThirdPersonExampleMap:PersistentLevel.ThirdPersonExampleMap' with GeneratedClass '/Game/ThirdPersonBP/Maps/ThirdPersonExampleMap.ThirdPersonExampleMap_C' with ClassGeneratedBy '/Game/ThirdPersonBP/Maps/ThirdPersonExampleMap.ThirdPersonExampleMap:PersistentLevel.ThirdPersonExampleMap'
[2016.10.12-10.38.36:955][747]LogPlayLevel: PlayLevel: No blueprints needed recompiling
[2016.10.12-10.38.36:961][747]PIE: New page: PIE session: ThirdPersonExampleMap (Oct 13, 2016, 4:38:36 AM)
[2016.10.12-10.38.36:961][747]LogPlayLevel: Creating play world package: /Game/ThirdPersonBP/Maps/UEDPIE_1_ThirdPersonExampleMap
[2016.10.12-10.38.36:966][747]LogPlayLevel: PIE: StaticDuplicateObject took: (0.005542s)
[2016.10.12-10.38.36:967][747]LogAIModule: Creating AISystem for world ThirdPersonExampleMap
[2016.10.12-10.38.36:967][747]LogPlayLevel: PIE: World Init took: (0.000710s)
[2016.10.12-10.38.36:967][747]LogPlayLevel: PIE: Created PIE world by copying editor world from /Game/ThirdPersonBP/Maps/ThirdPersonExampleMap.ThirdPersonExampleMap to /Game/ThirdPersonBP/Maps/UEDPIE_1_ThirdPersonExampleMap.ThirdPersonExampleMap (0.006572s)
[2016.10.12-10.38.37:011][747]LogInit: XAudio2 using 'T24C350(인텔(R) 디스플레이 오디오)' : 2 channels at 48 kHz using 16 bits per sample (channel mask 0x3)
[2016.10.12-10.38.37:019][747]LogInit: FAudioDevice initialized.
[2016.10.12-10.38.37:091][747]LogWorld: Game class is 'ThirdPersonGameMode_C'
[2016.10.12-10.38.37:099][747]LogWorld: Bringing World /Game/ThirdPersonBP/Maps/UEDPIE_1_ThirdPersonExampleMap.ThirdPersonExampleMap up for play (max tick rate 60) at 2016.10.12-19.38.37
[2016.10.12-10.38.37:100][747]LogWorld: Bringing up level for play took: 0.007180
[2016.10.12-10.38.37:104][747]LogContentBrowser: Native class hierarchy updated for 'MovieSceneCapture' in 0.0005 seconds. Added 11 classes and 0 folders.
[2016.10.12-10.38.37:105][747]LogInit: WinSock: Socket queue 131072 / 131072
[2016.10.12-10.38.37:106][747]LogInit: WinSock: I am DESKTOP-5I3HB32 (192.168.0.72:0)
[2016.10.12-10.38.37:106][747]PacketHandlerLog: Loaded PacketHandler component: Engine.EngineHandlerComponentFactory (StatelessConnectHandlerComponent)
[2016.10.12-10.38.37:106][747]LogNet: GameNetDriver IpNetDriver_0 IpNetDriver listening on port 7777
[2016.10.12-10.38.37:110][747]LogBlueprintUserMessages: [gamestate_C_0] Server: 1
[2016.10.12-10.38.37:110][747]LogBlueprintUserMessages: [gamestate_C_0] Server: Player 1
[2016.10.12-10.38.37:201][747]PIE: Info Play in editor start time for /Game/ThirdPersonBP/Maps/UEDPIE_1_ThirdPersonExampleMap 1.092
[2016.10.12-10.38.37:207][747]PIE: New page: PIE session: ThirdPersonExampleMap (Oct 13, 2016, 4:38:37 AM)
[2016.10.12-10.38.37:276][747]LogNet: Browse: 127.0.0.1//Game/ThirdPersonBP/Maps/ThirdPersonExampleMap
[2016.10.12-10.38.37:276][747]LogInit: WinSock: Socket queue 32768 / 32768
[2016.10.12-10.38.37:276][747]PacketHandlerLog: Loaded PacketHandler component: Engine.EngineHandlerComponentFactory (StatelessConnectHandlerComponent)
[2016.10.12-10.38.37:276][747]LogNet: Game client on port 7777, rate 10000
[2016.10.12-10.38.37:276][747]LogNet: GetLocalNetworkVersion: GEngineNetVersion: 3039270, ProjectName: unnamed, ProjectVersion: 1.0.0.0, InternalProtocolVersion: 9, LocalNetworkVersion: 1745645396
[2016.10.12-10.38.37:382][747]PIE: Info Play in editor start time for /Game/ThirdPersonBP/Maps/ThirdPersonExampleMap 1.273
[2016.10.12-10.38.37:503][747]LogBlueprintUserMessages: Late PlayInEditor Detection: Level '/Game/ThirdPersonBP/Maps/ThirdPersonExampleMap.ThirdPersonExampleMap:PersistentLevel' has LevelScriptBlueprint '/Game/ThirdPersonBP/Maps/ThirdPersonExampleMap.ThirdPersonExampleMap:PersistentLevel.ThirdPersonExampleMap' with GeneratedClass '/Game/ThirdPersonBP/Maps/ThirdPersonExampleMap.ThirdPersonExampleMap_C' with ClassGeneratedBy '/Game/ThirdPersonBP/Maps/ThirdPersonExampleMap.ThirdPersonExampleMap:PersistentLevel.ThirdPersonExampleMap'
[2016.10.12-10.38.37:504][747]LogNet: NotifyAcceptingConnection: Server ThirdPersonExampleMap accept
[2016.10.12-10.38.37:504][747]LogHandshake: SendConnectChallenge. Timestamp: 0.016667, Cookie: 007254222103217198191199079032239184192101081201016068189010
[2016.10.12-10.38.37:504][747]LogNet: NotifyAcceptingConnection: Server ThirdPersonExampleMap accept
[2016.10.12-10.38.37:620][747]LogHandshake: SendChallengeResponse. Timestamp: 0.016667, Cookie: 007254222103217198191199079032239184192101081201016068189010
[2016.10.12-10.38.37:668][747]LogRenderer: Reallocating scene render targets to support 1292x756 (Frame:27).
[2016.10.12-10.38.37:754][748]LogNet: NotifyAcceptingConnection: Server ThirdPersonExampleMap accept
[2016.10.12-10.38.37:754][748]LogNet: Server accepting post-challenge connection from: 127.0.0.1:65434
[2016.10.12-10.38.37:754][748]PacketHandlerLog: Loaded PacketHandler component: Engine.EngineHandlerComponentFactory (StatelessConnectHandlerComponent)
[2016.10.12-10.38.37:754][748]LogNet: NotifyAcceptedConnection: Name: ThirdPersonExampleMap, TimeStamp: 10/12/16 19:38:37, [UNetConnection] RemoteAddr: 127.0.0.1:65434, Name: IpConnection_1, Driver: GameNetDriver IpNetDriver_0, IsServer: YES, PC: NULL, Owner: NULL
[2016.10.12-10.38.37:754][748]LogNet: AddClientConnection: Added client connection: [UNetConnection] RemoteAddr: 127.0.0.1:65434, Name: IpConnection_1, Driver: GameNetDriver IpNetDriver_0, IsServer: YES, PC: NULL, Owner: NULL
[2016.10.12-10.38.37:816][750]LogNet: NotifyAcceptingChannel Control 0 server World /Game/ThirdPersonBP/Maps/UEDPIE_1_ThirdPersonExampleMap.ThirdPersonExampleMap: Accepted
[2016.10.12-10.38.37:816][750]LogNet: Remote platform little endian=1
[2016.10.12-10.38.37:816][750]LogNet: This platform little endian=1
[2016.10.12-10.38.37:816][750]LogNet: GetLocalNetworkVersion: GEngineNetVersion: 3039270, ProjectName: unnamed, ProjectVersion: 1.0.0.0, InternalProtocolVersion: 9, LocalNetworkVersion: 1745645396
[2016.10.12-10.38.37:836][751]LogNet: Login request: /Game/ThirdPersonBP/Maps/ThirdPersonExampleMap userId: Invalid
[2016.10.12-10.38.37:837][751]LogNet: Welcomed by server (Level: /Game/ThirdPersonBP/Maps/UEDPIE_1_ThirdPersonExampleMap, Game: /Game/ThirdPersonBP/Blueprints/ThirdPersonGameMode.ThirdPersonGameMode_C)
[2016.10.12-10.38.37:842][751]LogLoad: LoadMap: 127.0.0.1//Game/ThirdPersonBP/Maps/UEDPIE_1_ThirdPersonExampleMap?game=/Game/ThirdPersonBP/Blueprints/ThirdPersonGameMode.ThirdPersonGameMode_C
[2016.10.12-10.38.37:857][751]Cmd: MEM
[2016.10.12-10.38.37:871][751]LogMemory: Platform Memory Stats for Windows
[2016.10.12-10.38.37:871][751]LogMemory: Process Physical Memory: 929.08 MB used, 931.23 MB peak
[2016.10.12-10.38.37:871][751]LogMemory: Process Virtual Memory: 1727.57 MB used, 1729.18 MB peak
[2016.10.12-10.38.37:871][751]LogMemory: Physical Memory: 4141.64 MB used, 8113.86 MB total
[2016.10.12-10.38.37:871][751]LogMemory: Virtual Memory: 2472.79 MB used, 134217728.00 MB total
[2016.10.12-10.38.37:871][751]LogMemory: 
[2016.10.12-10.38.37:871][751]Allocator Stats for TBB: (not implemented)
[2016.10.12-10.38.37:875][751]LogWorld: PIE: Copying PIE streaming level from /Game/ThirdPersonBP/Maps/ThirdPersonExampleMap.ThirdPersonExampleMap to /Game/ThirdPersonBP/Maps/UEDPIE_2_ThirdPersonExampleMap.ThirdPersonExampleMap. OwningWorld: None
[2016.10.12-10.38.37:875][751]LogAIModule: Creating AISystem for world ThirdPersonExampleMap
[2016.10.12-10.38.37:888][751]LogWorld: Bringing World /Game/ThirdPersonBP/Maps/UEDPIE_2_ThirdPersonExampleMap.ThirdPersonExampleMap up for play (max tick rate 60) at 2016.10.12-19.38.37
[2016.10.12-10.38.37:888][751]LogWorld: Bringing up level for play took: 0.011684
[2016.10.12-10.38.37:889][751]LogLoad: Took 0.046962 seconds to LoadMap(/Game/ThirdPersonBP/Maps/UEDPIE_1_ThirdPersonExampleMap)
[2016.10.12-10.38.37:911][752]LogNet: Client netspeed is 10000
[2016.10.12-10.38.37:911][752]LogNet: Join request: /Game/ThirdPersonBP/Maps/ThirdPersonExampleMap?SplitscreenCount=1
[2016.10.12-10.38.37:918][752]LogNet: Join succeeded: 257
[2016.10.12-10.38.54:677][503]LogBlueprintUserMessages: Early EndPlayMap Detection: Level '/Game/ThirdPersonBP/Maps/ThirdPersonExampleMap.ThirdPersonExampleMap:PersistentLevel' has LevelScriptBlueprint '/Game/ThirdPersonBP/Maps/ThirdPersonExampleMap.ThirdPersonExampleMap:PersistentLevel.ThirdPersonExampleMap' with GeneratedClass '/Game/ThirdPersonBP/Maps/ThirdPersonExampleMap.ThirdPersonExampleMap_C' with ClassGeneratedBy '/Game/ThirdPersonBP/Maps/ThirdPersonExampleMap.ThirdPersonExampleMap:PersistentLevel.ThirdPersonExampleMap'
[2016.10.12-10.38.54:779][503]LogBlueprintUserMessages: Late EndPlayMap Detection: Level '/Game/ThirdPersonBP/Maps/ThirdPersonExampleMap.ThirdPersonExampleMap:PersistentLevel' has LevelScriptBlueprint '/Game/ThirdPersonBP/Maps/ThirdPersonExampleMap.ThirdPersonExampleMap:PersistentLevel.ThirdPersonExampleMap' with GeneratedClass '/Game/ThirdPersonBP/Maps/ThirdPersonExampleMap.ThirdPersonExampleMap_C' with ClassGeneratedBy '/Game/ThirdPersonBP/Maps/ThirdPersonExampleMap.ThirdPersonExampleMap:PersistentLevel.ThirdPersonExampleMap'
[2016.10.12-10.38.54:793][503]LogNet: UChannel::CleanUp: ChIndex == 0. Closing connection. [UChannel] ChIndex: 0, Closing: 0 [UNetConnection] RemoteAddr: 127.0.0.1:65434, Name: IpConnection_1, Driver: GameNetDriver IpNetDriver_0, IsServer: YES, PC: None, Owner: None
[2016.10.12-10.38.54:793][503]LogNet: UNetConnection::Close: [UNetConnection] RemoteAddr: 127.0.0.1:65434, Name: IpConnection_1, Driver: GameNetDriver IpNetDriver_0, IsServer: YES, PC: None, Owner: None, Channels: 2, Time: 2016.10.12-10.38.54
[2016.10.12-10.38.54:793][503]LogNet: UChannel::Close: Sending CloseBunch. ChIndex == 0. Name: [UChannel] ChIndex: 0, Closing: 0 [UNetConnection] RemoteAddr: 127.0.0.1:65434, Name: IpConnection_1, Driver: GameNetDriver IpNetDriver_0, IsServer: YES, PC: None, Owner: None
[2016.10.12-10.38.54:793][503]LogNet: UChannel::CleanUp: ChIndex == 0. Closing connection. [UChannel] ChIndex: 0, Closing: 0 [UNetConnection] RemoteAddr: 127.0.0.1:7777, Name: IpConnection_0, Driver: GameNetDriver IpNetDriver_1, IsServer: NO, PC: None, Owner: None
[2016.10.12-10.38.54:793][503]LogNet: UNetConnection::Close: [UNetConnection] RemoteAddr: 127.0.0.1:7777, Name: IpConnection_0, Driver: GameNetDriver IpNetDriver_1, IsServer: NO, PC: None, Owner: None, Channels: 2, Time: 2016.10.12-10.38.54
[2016.10.12-10.38.54:793][503]LogNet: UChannel::Close: Sending CloseBunch. ChIndex == 0. Name: [UChannel] ChIndex: 0, Closing: 0 [UNetConnection] RemoteAddr: 127.0.0.1:7777, Name: IpConnection_0, Driver: GameNetDriver IpNetDriver_1, IsServer: NO, PC: None, Owner: None
[2016.10.12-10.38.54:796][503]LogExit: GameNetDriver None shut down
[2016.10.12-10.38.54:796][503]LogExit: GameNetDriver None shut down
[2016.10.12-10.39.23:421][  1]LogWindowsTextInputMethodSystem:Display: IME system now activated using TSF (Microsoft 입력기).
[2016.10.12-10.39.23:632][  2]Cmd: QUIT_EDITOR
[2016.10.12-10.39.24:127][  2]LogExit: Preparing to exit.
[2016.10.12-10.39.24:543][  2]LogExit: Editor shut down
[2016.10.12-10.39.24:543][  2]LogExit: Transaction tracking system shut down
[2016.10.12-10.39.24:671][  2]LogObj: Freed 0b from 0 cluster array pools.
[2016.10.12-10.39.24:671][  2]LogExit: Object subsystem successfully closed.
[2016.10.12-10.39.24:682][  2]LogD3D11RHI: Shutdown
[2016.10.12-10.39.24:682][  2]LogD3D11RHI: CleanupD3DDevice
[2016.10.12-10.39.24:827][  2]LogD3D11RHI: ~FD3D11DynamicRHI
[2016.10.12-10.39.24:884][  2]LogModuleManager: Shutting down and abandoning module MovieSceneCapture (214)
[2016.10.12-10.39.24:884][  2]LogModuleManager: Shutting down and abandoning module HierarchicalLODOutliner (213)
[2016.10.12-10.39.24:884][  2]LogModuleManager: Shutting down and abandoning module CrashTracker (212)
[2016.10.12-10.39.24:884][  2]LogModuleManager: Shutting down and abandoning module SceneOutliner (211)
[2016.10.12-10.39.24:884][  2]LogModuleManager: Shutting down and abandoning module WidgetCarousel (210)
[2016.10.12-10.39.24:884][  2]LogModuleManager: Shutting down and abandoning module AddContentDialog (209)
[2016.10.12-10.39.24:885][  2]LogModuleManager: Shutting down and abandoning module GameplayTags (208)
[2016.10.12-10.39.24:885][  2]LogModuleManager: Shutting down and abandoning module EditorWidgets (207)
[2016.10.12-10.39.24:885][  2]LogModuleManager: Shutting down and abandoning module CollectionManager (206)
[2016.10.12-10.39.24:885][  2]LogModuleManager: Shutting down and abandoning module StatsViewer (205)
[2016.10.12-10.39.24:885][  2]LogModuleManager: Shutting down and abandoning module FoliageEdit (204)
[2016.10.12-10.39.24:885][  2]LogModuleManager: Shutting down and abandoning module LandscapeEditor (203)
[2016.10.12-10.39.24:885][  2]LogModuleManager: Shutting down and abandoning module SceneDepthPickerMode (202)
[2016.10.12-10.39.24:885][  2]LogModuleManager: Shutting down and abandoning module ActorPickerMode (201)
[2016.10.12-10.39.24:885][  2]LogModuleManager: Shutting down and abandoning module GeometryMode (200)
[2016.10.12-10.39.24:885][  2]LogModuleManager: Shutting down and abandoning module TextureAlignMode (199)
[2016.10.12-10.39.24:885][  2]LogModuleManager: Shutting down and abandoning module BspMode (198)
[2016.10.12-10.39.24:885][  2]LogModuleManager: Shutting down and abandoning module HardwareSurvey (197)
[2016.10.12-10.39.24:885][  2]LogModuleManager: Shutting down and abandoning module SequenceRecorderSections (196)
[2016.10.12-10.39.24:885][  2]LogModuleManager: Shutting down and abandoning module SequenceRecorder (195)
[2016.10.12-10.39.24:885][  2]LogModuleManager: Shutting down and abandoning module AutomationWorker (194)
[2016.10.12-10.39.24:885][  2]LogModuleManager: Shutting down and abandoning module MatineeToLevelSequence (193)
[2016.10.12-10.39.24:885][  2]LogModuleManager: Shutting down and abandoning module PlacementMode (192)
[2016.10.12-10.39.24:886][  2]LogModuleManager: Shutting down and abandoning module LevelSequenceEditor (191)
[2016.10.12-10.39.24:886][  2]LogModuleManager: Shutting down and abandoning module CharacterAI (190)
[2016.10.12-10.39.24:886][  2]LogModuleManager: Shutting down and abandoning module SmartSnapping (189)
[2016.10.12-10.39.24:886][  2]LogModuleManager: Shutting down and abandoning module SessionServices (188)
[2016.10.12-10.39.24:886][  2]LogModuleManager: Shutting down and abandoning module ViewportSnapping (187)
[2016.10.12-10.39.24:886][  2]LogModuleManager: Shutting down and abandoning module LogVisualizer (186)
[2016.10.12-10.39.24:886][  2]LogModuleManager: Shutting down and abandoning module GameProjectGeneration (185)
[2016.10.12-10.39.24:886][  2]LogModuleManager: Shutting down and abandoning module IntroTutorials (184)
[2016.10.12-10.39.24:886][  2]LogModuleManager: Shutting down and abandoning module EditorLiveStreaming (183)
[2016.10.12-10.39.24:886][  2]LogModuleManager: Shutting down and abandoning module IOSPlatformEditor (182)
[2016.10.12-10.39.24:886][  2]LogModuleManager: Shutting down and abandoning module HTML5PlatformEditor (181)
[2016.10.12-10.39.24:886][  2]LogModuleManager: Shutting down and abandoning module AndroidDeviceDetection (180)
[2016.10.12-10.39.25:432][  2]LogModuleManager: Shutting down and abandoning module AndroidPlatformEditor (179)
[2016.10.12-10.39.25:433][  2]LogModuleManager: Shutting down and abandoning module IOSRuntimeSettings (178)
[2016.10.12-10.39.25:433][  2]LogModuleManager: Shutting down and abandoning module AndroidRuntimeSettings (177)
[2016.10.12-10.39.25:433][  2]LogModuleManager: Shutting down and abandoning module MergeActors (176)
[2016.10.12-10.39.25:433][  2]LogModuleManager: Shutting down and abandoning module SizeMap (175)
[2016.10.12-10.39.25:433][  2]LogModuleManager: Shutting down and abandoning module TreeMap (174)
[2016.10.12-10.39.25:433][  2]LogModuleManager: Shutting down and abandoning module ReferenceViewer (173)
[2016.10.12-10.39.25:433][  2]LogModuleManager: Shutting down and abandoning module LocalizationService (172)
[2016.10.12-10.39.25:433][  2]LogModuleManager: Shutting down and abandoning module LocalizationDashboard (171)
[2016.10.12-10.39.25:433][  2]LogModuleManager: Shutting down and abandoning module HardwareTargeting (170)
[2016.10.12-10.39.25:433][  2]LogModuleManager: Shutting down and abandoning module DeviceProfileEditor (169)
[2016.10.12-10.39.25:433][  2]LogModuleManager: Shutting down and abandoning module UndoHistory (168)
[2016.10.12-10.39.25:433][  2]LogModuleManager: Shutting down and abandoning module UserFeedback (167)
[2016.10.12-10.39.25:433][  2]LogModuleManager: Shutting down and abandoning module XmlParser (166)
[2016.10.12-10.39.25:434][  2]LogModuleManager: Shutting down and abandoning module Blutility (165)
[2016.10.12-10.39.25:434][  2]LogModuleManager: Shutting down and abandoning module ProjectTargetPlatformEditor (164)
[2016.10.12-10.39.25:434][  2]LogModuleManager: Shutting down and abandoning module ProjectSettingsViewer (163)
[2016.10.12-10.39.25:434][  2]LogModuleManager: Shutting down and abandoning module InputBindingEditor (162)
[2016.10.12-10.39.25:434][  2]LogModuleManager: Shutting down and abandoning module EditorSettingsViewer (161)
[2016.10.12-10.39.25:434][  2]LogModuleManager: Shutting down and abandoning module SettingsEditor (160)
[2016.10.12-10.39.25:434][  2]LogModuleManager: Shutting down and abandoning module ProjectLauncher (159)
[2016.10.12-10.39.25:435][  2]LogModuleManager: Shutting down and abandoning module SessionFrontend (158)
[2016.10.12-10.39.25:435][  2]LogModuleManager: Shutting down and abandoning module ProfilerClient (157)
[2016.10.12-10.39.25:435][  2]LogModuleManager: Shutting down and abandoning module TargetDeviceServices (156)
[2016.10.12-10.39.25:435][  2]LogModuleManager: Shutting down and abandoning module DeviceManager (155)
[2016.10.12-10.39.25:477][  2]LogModuleManager: Shutting down and abandoning module AutomationController (154)
[2016.10.12-10.39.25:477][  2]LogModuleManager: Shutting down and abandoning module AutomationWindow (153)
[2016.10.12-10.39.25:477][  2]LogModuleManager: Shutting down and abandoning module Layers (152)
[2016.10.12-10.39.25:477][  2]LogModuleManager: Shutting down and abandoning module ComponentVisualizers (151)
[2016.10.12-10.39.25:477][  2]LogModuleManager: Shutting down and abandoning module DetailCustomizations (150)
[2016.10.12-10.39.25:477][  2]LogModuleManager: Shutting down and abandoning module PackagesDialog (149)
[2016.10.12-10.39.25:477][  2]LogModuleManager: Shutting down and abandoning module Persona (148)
[2016.10.12-10.39.25:477][  2]LogModuleManager: Shutting down and abandoning module Kismet (147)
[2016.10.12-10.39.25:477][  2]LogModuleManager: Shutting down and abandoning module GraphEditor (146)
[2016.10.12-10.39.25:477][  2]LogModuleManager: Shutting down and abandoning module ClassViewer (145)
[2016.10.12-10.39.25:477][  2]LogModuleManager: Shutting down and abandoning module Toolbox (144)
[2016.10.12-10.39.25:477][  2]LogModuleManager: Shutting down and abandoning module ModuleUI (143)
[2016.10.12-10.39.25:477][  2]LogModuleManager: Shutting down and abandoning module MovieSceneTools (142)
[2016.10.12-10.39.25:477][  2]LogModuleManager: Shutting down and abandoning module OutputLog (141)
[2016.10.12-10.39.25:477][  2]LogModuleManager: Shutting down and abandoning module GammaUI (140)
[2016.10.12-10.39.25:477][  2]LogModuleManager: Shutting down and abandoning module Documentation (139)
[2016.10.12-10.39.25:477][  2]LogModuleManager: Shutting down and abandoning module StreamingPauseRendering (138)
[2016.10.12-10.39.25:477][  2]LogModuleManager: Shutting down and abandoning module AnalyticsET (137)
[2016.10.12-10.39.25:477][  2]LogModuleManager: Shutting down and abandoning module Analytics (136)
[2016.10.12-10.39.25:477][  2]LogModuleManager: Shutting down and abandoning module PortalServices (135)
[2016.10.12-10.39.25:478][  2]LogModuleManager: Shutting down and abandoning module PortalRpc (134)
[2016.10.12-10.39.25:478][  2]LogModuleManager: Shutting down and abandoning module MessagingRpc (133)
[2016.10.12-10.39.25:478][  2]LogModuleManager: Shutting down and abandoning module GameplayDebugger (132)
[2016.10.12-10.39.25:478][  2]LogModuleManager: Shutting down and abandoning module AITestSuite (131)
[2016.10.12-10.39.25:478][  2]LogModuleManager: Shutting down and abandoning module AIModule (130)
[2016.10.12-10.39.25:478][  2]LogModuleManager: Shutting down and abandoning module ProfilerService (129)
[2016.10.12-10.39.25:662][  2]LogModuleManager: Shutting down and abandoning module TaskGraph (128)
[2016.10.12-10.39.25:662][  2]LogModuleManager: Shutting down and abandoning module SlateRemote (127)
[2016.10.12-10.39.25:663][  2]LogModuleManager: Shutting down and abandoning module SteamVRController (126)
[2016.10.12-10.39.25:663][  2]LogModuleManager: Shutting down and abandoning module SteamVR (125)
[2016.10.12-10.39.25:663][  2]LogModuleManager: Shutting down and abandoning module ProceduralMeshComponent (124)
[2016.10.12-10.39.25:663][  2]LogModuleManager: Shutting down and abandoning module OculusLibrary (123)
[2016.10.12-10.39.25:663][  2]LogModuleManager: Shutting down and abandoning module OculusInput (122)
[2016.10.12-10.39.25:663][  2]LogModuleManager: Shutting down and abandoning module CustomMeshComponent (121)
[2016.10.12-10.39.25:663][  2]LogModuleManager: Shutting down and abandoning module CableComponent (120)
[2016.10.12-10.39.25:663][  2]LogModuleManager: Shutting down and abandoning module ArchVisCharacter (119)
[2016.10.12-10.39.25:663][  2]LogModuleManager: Shutting down and abandoning module MediaPlayerEditor (118)
[2016.10.12-10.39.25:663][  2]LogModuleManager: Shutting down and abandoning module HTML5Networking (117)
[2016.10.12-10.39.25:663][  2]LogModuleManager: Shutting down and abandoning module SuperSearch (116)
[2016.10.12-10.39.25:663][  2]LogModuleManager: Shutting down and abandoning module SuperSearchEditor (115)
[2016.10.12-10.39.25:663][  2]LogModuleManager: Shutting down and abandoning module SpeedTreeImporter (114)
[2016.10.12-10.39.25:663][  2]LogModuleManager: Shutting down and abandoning module PluginBrowser (113)
[2016.10.12-10.39.25:663][  2]LogModuleManager: Shutting down and abandoning module EpicSurvey (112)
[2016.10.12-10.39.25:664][  2]LogModuleManager: Shutting down and abandoning module DesktopPlatform (111)
[2016.10.12-10.39.25:664][  2]LogModuleManager: Shutting down and abandoning module VisualStudioSourceCodeAccess (110)
[2016.10.12-10.39.25:664][  2]LogModuleManager: Shutting down and abandoning module UObjectPlugin (109)
[2016.10.12-10.39.25:664][  2]LogModuleManager: Shutting down and abandoning module SubversionSourceControl (108)
[2016.10.12-10.39.25:664][  2]LogModuleManager: Shutting down and abandoning module PerforceSourceControl (107)
[2016.10.12-10.39.25:664][  2]LogModuleManager: Shutting down and abandoning module SourceControl (106)
[2016.10.12-10.39.25:664][  2]LogModuleManager: Shutting down and abandoning module GitSourceControl (105)
[2016.10.12-10.39.25:664][  2]LogModuleManager: Shutting down and abandoning module LightPropagationVolumeEditor (104)
[2016.10.12-10.39.25:664][  2]LogModuleManager: Shutting down and abandoning module PaperTiledImporter (103)
[2016.10.12-10.39.25:664][  2]LogModuleManager: Shutting down and abandoning module PaperSpriteSheetImporter (102)
[2016.10.12-10.39.25:664][  2]LogModuleManager: Shutting down and abandoning module MeshPaint (101)
[2016.10.12-10.39.25:664][  2]LogModuleManager: Shutting down and abandoning module PixelInspectorModule (100)
[2016.10.12-10.39.25:664][  2]LogModuleManager: Shutting down and abandoning module HotReload (99)
[2016.10.12-10.39.25:666][  2]LogModuleManager: Shutting down and abandoning module MainFrame (98)
[2016.10.12-10.39.25:666][  2]LogModuleManager: Shutting down and abandoning module LevelEditor (97)
[2016.10.12-10.39.25:668][  2]LogModuleManager: Shutting down and abandoning module ContentBrowser (96)
[2016.10.12-10.39.25:670][  2]LogModuleManager: Shutting down and abandoning module Paper2DEditor (95)
[2016.10.12-10.39.25:670][  2]LogModuleManager: Shutting down and abandoning module UdpMessaging (94)
[2016.10.12-10.39.25:771][  2]LogModuleManager: Shutting down and abandoning module LightPropagationVolumeRuntime (93)
[2016.10.12-10.39.25:771][  2]LogModuleManager: Shutting down and abandoning module Paper2D (92)
[2016.10.12-10.39.25:771][  2]LogModuleManager: Shutting down and abandoning module WindowsMoviePlayer (91)
[2016.10.12-10.39.25:771][  2]LogModuleManager: Shutting down and abandoning module Media (90)
[2016.10.12-10.39.25:771][  2]LogModuleManager: Shutting down and abandoning module WmfMedia (89)
[2016.10.12-10.39.25:772][  2]LogModuleManager: Shutting down and abandoning module MediaAssets (88)
[2016.10.12-10.39.25:772][  2]LogModuleManager: Shutting down and abandoning module GameLiveStreaming (87)
[2016.10.12-10.39.25:772][  2]LogModuleManager: Shutting down and abandoning module GameplayTagsEditor (86)
[2016.10.12-10.39.25:772][  2]LogModuleManager: Shutting down and abandoning module OnlineBlueprintSupport (85)
[2016.10.12-10.39.25:772][  2]LogModuleManager: Shutting down and abandoning module VREditor (84)
[2016.10.12-10.39.25:772][  2]LogModuleManager: Shutting down and abandoning module GameplayTasksEditor (83)
[2016.10.12-10.39.25:772][  2]LogModuleManager: Shutting down and abandoning module PropertyEditor (82)
[2016.10.12-10.39.25:772][  2]LogModuleManager: Shutting down and abandoning module BehaviorTreeEditor (81)
[2016.10.12-10.39.25:772][  2]LogModuleManager: Shutting down and abandoning module FunctionalTesting (80)
[2016.10.12-10.39.25:772][  2]LogModuleManager: Shutting down and abandoning module CollisionAnalyzer (79)
[2016.10.12-10.39.25:772][  2]LogModuleManager: Shutting down and abandoning module Sequencer (78)
[2016.10.12-10.39.25:773][  2]LogModuleManager: Shutting down and abandoning module WorkspaceMenuStructure (77)
[2016.10.12-10.39.25:773][  2]LogModuleManager: Shutting down and abandoning module MessageLog (76)
[2016.10.12-10.39.25:773][  2]LogModuleManager: Shutting down and abandoning module AssetTools (75)
[2016.10.12-10.39.25:773][  2]LogModuleManager: Shutting down and abandoning module UMGEditor (74)
[2016.10.12-10.39.25:773][  2]LogModuleManager: Shutting down and abandoning module UMG (73)
[2016.10.12-10.39.25:773][  2]LogModuleManager: Shutting down and abandoning module SlateReflector (72)
[2016.10.12-10.39.25:774][  2]LogModuleManager: Shutting down and abandoning module Slate (71)
[2016.10.12-10.39.25:774][  2]LogModuleManager: Shutting down and abandoning module EditorStyle (70)
[2016.10.12-10.39.25:784][  2]LogModuleManager: Shutting down and abandoning module SourceCodeAccess (69)
[2016.10.12-10.39.25:784][  2]LogModuleManager: Shutting down and abandoning module HeadMountedDisplay (68)
[2016.10.12-10.39.25:784][  2]LogModuleManager: Shutting down and abandoning module XAudio2 (67)
[2016.10.12-10.39.25:784][  2]LogModuleManager: Shutting down and abandoning module Networking (65)
[2016.10.12-10.39.25:785][  2]LogModuleManager: Shutting down and abandoning module Core (64)
[2016.10.12-10.39.25:785][  2]LogModuleManager: Shutting down and abandoning module DirectoryWatcher (63)
[2016.10.12-10.39.25:791][  2]LogModuleManager: Shutting down and abandoning module AssetRegistry (62)
[2016.10.12-10.39.25:933][  2]LogModuleManager: Shutting down and abandoning module KismetCompiler (61)
[2016.10.12-10.39.25:934][  2]LogModuleManager: Shutting down and abandoning module PhysXFormats (60)
[2016.10.12-10.39.25:934][  2]LogModuleManager: Shutting down and abandoning module MeshUtilities (59)
[2016.10.12-10.39.25:934][  2]LogModuleManager: Shutting down and abandoning module DerivedDataCache (58)
[2016.10.12-10.39.25:990][  2]LogDerivedDataCache: Shutdown
[2016.10.12-10.39.25:990][  2]LogModuleManager: Shutting down and abandoning module VulkanShaderFormat (57)
[2016.10.12-10.39.25:990][  2]LogModuleManager: Shutting down and abandoning module ShaderFormatOpenGL (56)
[2016.10.12-10.39.25:990][  2]LogModuleManager: Shutting down and abandoning module ShaderFormatD3D (55)
[2016.10.12-10.39.25:990][  2]LogModuleManager: Shutting down and abandoning module MetalShaderFormat (54)
[2016.10.12-10.39.25:991][  2]LogModuleManager: Shutting down and abandoning module TextureFormatUncompressed (53)
[2016.10.12-10.39.25:991][  2]LogModuleManager: Shutting down and abandoning module TextureFormatPVR (52)
[2016.10.12-10.39.25:991][  2]LogModuleManager: Shutting down and abandoning module TextureFormatIntelISPCTexComp (51)
[2016.10.12-10.39.26:026][  2]LogModuleManager: Shutting down and abandoning module TextureFormatDXT (50)
[2016.10.12-10.39.26:034][  2]LogModuleManager: Shutting down and abandoning module ImageWrapper (49)
[2016.10.12-10.39.26:034][  2]LogModuleManager: Shutting down and abandoning module TextureFormatASTC (48)
[2016.10.12-10.39.26:034][  2]LogModuleManager: Shutting down and abandoning module TextureFormatAndroid (47)
[2016.10.12-10.39.26:034][  2]LogModuleManager: Shutting down and abandoning module AudioFormatOpus (46)
[2016.10.12-10.39.26:034][  2]LogModuleManager: Shutting down and abandoning module AudioFormatOgg (45)
[2016.10.12-10.39.26:034][  2]LogModuleManager: Shutting down and abandoning module AudioFormatADPCM (44)
[2016.10.12-10.39.26:034][  2]LogModuleManager: Shutting down and abandoning module LinuxTargetPlatform (43)
[2016.10.12-10.39.26:034][  2]LogModuleManager: Shutting down and abandoning module LinuxServerTargetPlatform (42)
[2016.10.12-10.39.26:034][  2]LogModuleManager: Shutting down and abandoning module LinuxNoEditorTargetPlatform (41)
[2016.10.12-10.39.26:034][  2]LogModuleManager: Shutting down and abandoning module TVOSTargetPlatform (40)
[2016.10.12-10.39.26:034][  2]LogModuleManager: Shutting down and abandoning module Messaging (39)
[2016.10.12-10.39.26:034][  2]LogModuleManager: Shutting down and abandoning module IOSTargetPlatform (38)
[2016.10.12-10.39.26:034][  2]LogModuleManager: Shutting down and abandoning module HTML5TargetPlatform (37)
[2016.10.12-10.39.26:034][  2]LogModuleManager: Shutting down and abandoning module Android_PVRTCTargetPlatform (36)
[2016.10.12-10.39.26:034][  2]LogModuleManager: Shutting down and abandoning module Android_MultiTargetPlatform (35)
[2016.10.12-10.39.26:034][  2]LogModuleManager: Shutting down and abandoning module Android_ETC2TargetPlatform (34)
[2016.10.12-10.39.26:034][  2]LogModuleManager: Shutting down and abandoning module Android_ETC1TargetPlatform (33)
[2016.10.12-10.39.26:034][  2]LogModuleManager: Shutting down and abandoning module Android_DXTTargetPlatform (32)
[2016.10.12-10.39.26:034][  2]LogModuleManager: Shutting down and abandoning module Android_ATCTargetPlatform (31)
[2016.10.12-10.39.26:035][  2]LogModuleManager: Shutting down and abandoning module Android_ASTCTargetPlatform (30)
[2016.10.12-10.39.26:035][  2]LogModuleManager: Shutting down and abandoning module AndroidTargetPlatform (29)
[2016.10.12-10.39.26:035][  2]LogModuleManager: Shutting down and abandoning module WindowsTargetPlatform (28)
[2016.10.12-10.39.26:035][  2]LogModuleManager: Shutting down and abandoning module WindowsServerTargetPlatform (27)
[2016.10.12-10.39.26:035][  2]LogModuleManager: Shutting down and abandoning module WindowsNoEditorTargetPlatform (26)
[2016.10.12-10.39.26:035][  2]LogModuleManager: Shutting down and abandoning module WindowsClientTargetPlatform (25)
[2016.10.12-10.39.26:035][  2]LogModuleManager: Shutting down and abandoning module AllDesktopTargetPlatform (24)
[2016.10.12-10.39.26:035][  2]LogModuleManager: Shutting down and abandoning module TargetPlatform (23)
[2016.10.12-10.39.26:035][  2]LogModuleManager: Shutting down and abandoning module InputCore (22)
[2016.10.12-10.39.26:035][  2]LogModuleManager: Shutting down and abandoning module Settings (21)
[2016.10.12-10.39.26:035][  2]LogModuleManager: Shutting down and abandoning module OnlineSubsystem (19)
[2016.10.12-10.39.26:035][  2]LogModuleManager: Shutting down and abandoning module HTTP (18)
[2016.10.12-10.39.27:538][  2]LogModuleManager: Shutting down and abandoning module XMPP (17)
[2016.10.12-10.39.27:538][  2]LogModuleManager: Shutting down and abandoning module OculusRift (16)
[2016.10.12-10.39.27:538][  2]LogModuleManager: Shutting down and abandoning module ExampleDeviceProfileSelector (15)
[2016.10.12-10.39.27:538][  2]LogModuleManager: Shutting down and abandoning module TextureCompressor (14)
[2016.10.12-10.39.27:538][  2]LogModuleManager: Shutting down and abandoning module ShaderCore (13)
[2016.10.12-10.39.27:538][  2]LogModuleManager: Shutting down and abandoning module Landscape (12)
[2016.10.12-10.39.27:538][  2]LogModuleManager: Shutting down and abandoning module SlateRHIRenderer (11)
[2016.10.12-10.39.27:539][  2]LogModuleManager: Shutting down and abandoning module OpenGLDrv (10)
[2016.10.12-10.39.27:539][  2]LogModuleManager: Shutting down and abandoning module D3D11RHI (9)
[2016.10.12-10.39.27:539][  2]LogModuleManager: Shutting down and abandoning module AnimGraphRuntime (8)
[2016.10.12-10.39.27:539][  2]LogModuleManager: Shutting down and abandoning module Renderer (7)
[2016.10.12-10.39.27:539][  2]LogModuleManager: Shutting down and abandoning module Engine (6)
[2016.10.12-10.39.27:539][  2]LogModuleManager: Shutting down and abandoning module CoreUObject (5)
[2016.10.12-10.39.27:539][  2]LogModuleManager: Shutting down and abandoning module NetworkFile (4)
[2016.10.12-10.39.27:539][  2]LogModuleManager: Shutting down and abandoning module StreamingFile (3)
[2016.10.12-10.39.27:539][  2]LogModuleManager: Shutting down and abandoning module SandboxFile (2)
[2016.10.12-10.39.27:539][  2]LogModuleManager: Shutting down and abandoning module PakFile (1)
[2016.10.12-10.39.27:542][  2]LogExit: Exiting.
[2016.10.12-10.39.27:544][  2]Log file closed, 10/12/16 19:39:27
