Log file open, 12/12/16 22:56:31
LogInit:Display: Running engine for game: UNNAMED
LogPlatformFile: Not using cached read wrapper
LogInit:Display: RandInit(-2068583124) SRandInit(-2068583122).
LogTaskGraph: Started task graph with 4 named threads and 7 total threads with 1 sets of task threads.
LogStats: Stats thread started at 2.723437
LogInit: Version: 4.12.5-3039270+++UE4+Release-4.12
LogInit: API Version: 2992821
LogInit: Net Version: 3039270
LogDevObjectVersion: Number of dev versions registered: 13
LogDevObjectVersion:   Dev-Blueprints (B0D832E4-1F89-4F0D-ACCF-7EB736FD4AA2): 3
LogDevObjectVersion:   Dev-Build (E1C64328-A22C-4D53-A36C-8E866417BD8C): 0
LogDevObjectVersion:   Dev-Core (375EC13C-06E4-48FB-B500-84F0262A717E): 1
LogDevObjectVersion:   Dev-Editor (E4B068ED-F494-42E9-A231-DA0B2E46BB41): 2
LogDevObjectVersion:   Dev-Framework (CFFC743F-43B0-4480-9391-14DF171D2073): 6
LogDevObjectVersion:   Dev-Mobile (B02B49B5-BB20-44E9-A304-32B752E40360): 0
LogDevObjectVersion:   Dev-Networking (A4E4105C-59A1-49B5-A7C5-40C4547EDFEE): 0
LogDevObjectVersion:   Dev-Online (39C831C9-5AE6-47DC-9A44-9C173E1C8E7C): 0
LogDevObjectVersion:   Dev-Physics (78F01B33-EBEA-4F98-B9B4-84EACCB95AA2): 0
LogDevObjectVersion:   Dev-Platform (6631380F-2D4D-43E0-8009-CF276956A95A): 0
LogDevObjectVersion:   Dev-Rendering (12F88B9F-8875-4AFC-A67C-D90C383ABD29): 2
LogDevObjectVersion:   Dev-Sequencer (7B5AE74C-D270-4C10-A958-57980B212A5A): 0
LogDevObjectVersion:   Dev-VR (D7296918-1DD6-4BDD-9DE2-64A83CC13884): 0
LogInit: Compiled (64-bit): Jul  6 2016 09:09:46
LogInit: Compiled with Visual C++: 19.00.23026.00
LogInit: Build Configuration: Development
LogInit: Branch Name: ++UE4+Release-4.12
LogInit: Command line:  
LogInit: Base directory: C:/Program Files (x86)/Epic Games/4.12/Engine/Binaries/Win64/
LogInit: Installed Engine Build: 1
LogInit: Using libcurl 7.41.0
LogInit:  - built for x86_64-pc-win32
LogInit:  - supports SSL with WinSSL
LogInit:  - other features:
LogInit:      CURL_VERSION_SSL
LogInit:      CURL_VERSION_IPV6
LogInit:      CURL_VERSION_ASYNCHDNS
LogInit:      CURL_VERSION_LARGEFILE
LogInit:      CURL_VERSION_IDN
LogInit:  CurlRequestOptions (configurable via config and command line):
LogInit:  - bVerifyPeer = true  - Libcurl will verify peer certificate
LogInit:  - bUseHttpProxy = false  - Libcurl will NOT use HTTP proxy
LogInit:  - bDontReuseConnections = false  - Libcurl will reuse connections
LogInit:  - CertBundlePath = nullptr  - Libcurl will use whatever was configured at build time.
LogOnline:Display: STEAM: Loading Steam SDK 1.32
LogOnline:Warning: STEAM: Steam API disabled!
LogOnline:Display: STEAM: OnlineSubsystemSteam::Shutdown()
LogInit: WinSock: version 1.1 (2.2), MaxSocks=32767, MaxUdp=65467
LogVoice:Warning: Failed to initialize voice interface
LogInit: Presizing for max 8388607 objects, including 0 objects not considered by GC, pre-allocating 0 bytes for permanent pool.
LogInit: Object subsystem initialized
[2016.12.12-13.56.32:523][  0]LogInit: Selected Device Profile: [Windows]
[2016.12.12-13.56.32:523][  0]LogInit: Applying CVar settings loaded from the selected device profile: [Windows]
[2016.12.12-13.56.32:673][  0]LogInit: Computer: DESKTOP-5I3HB32
[2016.12.12-13.56.32:673][  0]LogInit: User: jcy
[2016.12.12-13.56.32:673][  0]LogInit: CPU Page size=65536, Cores=4
[2016.12.12-13.56.32:673][  0]LogInit: High frequency timer resolution =2.533206 MHz
[2016.12.12-13.56.32:677][  0]LogMemory: Memory total: Physical=7.9GB (8GB approx)
[2016.12.12-13.56.32:677][  0]LogMemory: Platform Memory Stats for Windows
[2016.12.12-13.56.32:677][  0]LogMemory: Process Physical Memory: 193.18 MB used, 193.18 MB peak
[2016.12.12-13.56.32:677][  0]LogMemory: Process Virtual Memory: 195.49 MB used, 195.49 MB peak
[2016.12.12-13.56.32:677][  0]LogMemory: Physical Memory: 3505.61 MB used, 8113.86 MB total
[2016.12.12-13.56.32:677][  0]LogMemory: Virtual Memory: 556.82 MB used, 134217728.00 MB total
[2016.12.12-13.56.35:171][  0]LogD3D11RHI: D3D11 adapters:
[2016.12.12-13.56.36:416][  0]LogD3D11RHI:    0. 'NVIDIA GeForce GTX 960M' (Feature Level 11_0)
[2016.12.12-13.56.36:416][  0]LogD3D11RHI:       2018/0/4056 MB DedicatedVideo/DedicatedSystem/SharedSystem, Outputs:2, VendorId:0x10de
[2016.12.12-13.56.36:423][  0]LogD3D11RHI:    1. 'Intel(R) HD Graphics 4600' (Feature Level 11_0)
[2016.12.12-13.56.36:423][  0]LogD3D11RHI:       112/0/2048 MB DedicatedVideo/DedicatedSystem/SharedSystem, Outputs:0, VendorId:0x8086
[2016.12.12-13.56.36:425][  0]LogD3D11RHI:    2. 'Microsoft Basic Render Driver' (Feature Level 11_0)
[2016.12.12-13.56.36:425][  0]LogD3D11RHI:       0/0/4056 MB DedicatedVideo/DedicatedSystem/SharedSystem, Outputs:0, VendorId:0x1414
[2016.12.12-13.56.36:425][  0]LogD3D11RHI: Chosen D3D11 Adapter: 0
[2016.12.12-13.56.36:457][  0]LogD3D11RHI: Creating new Direct3DDevice
[2016.12.12-13.56.36:457][  0]LogD3D11RHI:     GPU DeviceId: 0x139b (for the marketing name, search the web for "GPU Device Id")
[2016.12.12-13.56.36:464][  0]LogWindows: EnumDisplayDevices:
[2016.12.12-13.56.36:465][  0]LogWindows:    0. 'Intel(R) HD Graphics 4600' (P:1 D:1)
[2016.12.12-13.56.36:465][  0]LogWindows:    1. 'Intel(R) HD Graphics 4600' (P:0 D:1)
[2016.12.12-13.56.36:466][  0]LogWindows:    2. 'Intel(R) HD Graphics 4600' (P:0 D:0)
[2016.12.12-13.56.36:466][  0]LogWindows: DebugString: PrimaryIsNotTheChoosenAdapter PrimaryIsNotTheChoosenAdapter PrimaryIsNotTheChoosenAdapter FoundDriverCount:0 
[2016.12.12-13.56.36:467][  0]LogD3D11RHI:     Adapter Name: NVIDIA GeForce GTX 960M
[2016.12.12-13.56.36:467][  0]LogD3D11RHI:   Driver Version: Unknown (internal:Unknown, unified:Unknown)
[2016.12.12-13.56.36:467][  0]LogD3D11RHI:      Driver Date: Unknown
[2016.12.12-13.56.36:467][  0]LogRHI: Texture pool is 1361 MB (70% of 1945 MB)
[2016.12.12-13.56.36:950][  0]LogD3D11RHI: Async texture creation enabled
[2016.12.12-13.56.38:398][  0]LogD3D11RHI: GPU Timing Frequency: 1000.000000 (Debug: 2 1)
[2016.12.12-13.56.38:505][  0]LogShaderCompilers: Guid format shader working directory is -16 characters bigger than the processId version (../../../../../../Users/jcy/Documents/GitHub/UNNAMED/UNNAMED/Intermediate/Shaders/WorkingDirectory/8828/).
[2016.12.12-13.56.38:505][  0]LogShaderCompilers: Cleaned the shader compiler working directory 'C:/Users/jcy/AppData/Local/Temp/UnrealShaderWorkingDir/2B9CF1AA4657957B61A3D5B6371977F9/'.
[2016.12.12-13.56.38:529][  0]LogShaderCompilers:Display: Using Local Shader Compiler.
[2016.12.12-13.56.46:573][  0]LogTemp:Display: Loaded TP AllDesktopTargetPlatform
[2016.12.12-13.56.46:583][  0]LogTemp:Display: Loaded TP WindowsClientTargetPlatform
[2016.12.12-13.56.46:592][  0]LogTemp:Display: Loaded TP WindowsNoEditorTargetPlatform
[2016.12.12-13.56.46:602][  0]LogTemp:Display: Loaded TP WindowsServerTargetPlatform
[2016.12.12-13.56.46:611][  0]LogTemp:Display: Loaded TP WindowsTargetPlatform
[2016.12.12-13.56.46:649][  0]LogTemp:Display: Loaded TP AndroidTargetPlatform
[2016.12.12-13.56.46:664][  0]LogTemp:Display: Loaded TP Android_ASTCTargetPlatform
[2016.12.12-13.56.46:672][  0]LogTemp:Display: Loaded TP Android_ATCTargetPlatform
[2016.12.12-13.56.46:680][  0]LogTemp:Display: Loaded TP Android_DXTTargetPlatform
[2016.12.12-13.56.46:689][  0]LogTemp:Display: Loaded TP Android_ETC1TargetPlatform
[2016.12.12-13.56.46:697][  0]LogTemp:Display: Loaded TP Android_ETC2TargetPlatform
[2016.12.12-13.56.46:714][  0]LogTemp:Display: Loaded TP Android_MultiTargetPlatform
[2016.12.12-13.56.46:714][  0]LogTemp:Display: Loaded TP Android_PVRTCTargetPlatform
[2016.12.12-13.56.46:726][  0]LogTemp:Display: Loaded TP HTML5TargetPlatform
[2016.12.12-13.56.46:842][  0]LogTemp:Display: Loaded TP IOSTargetPlatform
[2016.12.12-13.56.46:849][  0]LogTemp:Display: Loaded TP TVOSTargetPlatform
[2016.12.12-13.56.46:866][  0]LogTemp:Display: Loaded TP LinuxNoEditorTargetPlatform
[2016.12.12-13.56.46:882][  0]LogTemp:Display: Loaded TP LinuxServerTargetPlatform
[2016.12.12-13.56.46:913][  0]LogTemp:Display: Loaded TP LinuxTargetPlatform
[2016.12.12-13.56.46:913][  0]LogTargetPlatformManager:Display: Building Assets For Windows
[2016.12.12-13.56.48:254][  0]LogDerivedDataCache:Display: Max Cache Size: 512 MB
[2016.12.12-13.56.48:664][  0]LogDerivedDataCache: Loaded boot cache 0.41s 48MB C:/Users/jcy/AppData/Local/UnrealEngine/4.12/DerivedDataCache/Boot.ddc.
[2016.12.12-13.56.48:665][  0]LogDerivedDataCache:Display: Loaded Boot cache: C:/Users/jcy/AppData/Local/UnrealEngine/4.12/DerivedDataCache/Boot.ddc
[2016.12.12-13.56.48:665][  0]LogDerivedDataCache: FDerivedDataBackendGraph:  Pak pak cache file ../../../../../../Users/jcy/Documents/GitHub/UNNAMED/UNNAMED/DerivedDataCache/DDC.ddp not found, will not use a pak cache.
[2016.12.12-13.56.48:665][  0]LogDerivedDataCache: Unable to find inner node Pak for hierarchical cache Hierarchy.
[2016.12.12-13.56.48:665][  0]LogDerivedDataCache: FDerivedDataBackendGraph:  CompressedPak pak cache file ../../../../../../Users/jcy/Documents/GitHub/UNNAMED/UNNAMED/DerivedDataCache/Compressed.ddp not found, will not use a pak cache.
[2016.12.12-13.56.48:665][  0]LogDerivedDataCache: Unable to find inner node CompressedPak for hierarchical cache Hierarchy.
[2016.12.12-13.56.48:714][  0]LogDerivedDataCache:Display: Pak cache opened for reading ../../../Engine/DerivedDataCache/Compressed.ddp.
[2016.12.12-13.56.48:736][  0]LogDerivedDataCache: Using Local data cache path C:/Users/jcy/AppData/Local/UnrealEngine/Common/DerivedDataCache: Writable
[2016.12.12-13.56.59:712][  0]LogInit: Selected Device Profile: [Windows]
[2016.12.12-13.56.59:820][  0]LogContentStreaming: Texture pool size is 0.00 MB
[2016.12.12-13.57.02:990][  0]LogMeshUtilities: No automatic mesh reduction module available
[2016.12.12-13.57.02:990][  0]LogMeshUtilities: No automatic mesh merging module available
[2016.12.12-13.57.02:990][  0]LogMeshUtilities: No distributed automatic mesh merging module available
[2016.12.12-13.57.07:685][  0]LogAssetRegistry: FAssetRegistry took 0.1447 seconds to start up
[2016.12.12-13.57.07:894][  0]LogPackageLocalizationCache: Processed 3 localized package path(s) for 1 prioritized culture(s) in 0.138299 seconds
[2016.12.12-13.57.07:974][  0]LogUObjectArray: 28746 objects as part of root set at end of initial load.
[2016.12.12-13.57.07:974][  0]LogUObjectAllocator: 6069104 out of 0 bytes used by permanent object pool.
[2016.12.12-13.57.07:974][  0]LogUObjectArray: CloseDisregardForGC: 0/0 objects in disregard for GC pool
[2016.12.12-13.57.13:188][  0]LogSlate: SlateFontCache - WITH_FREETYPE: 1, WITH_HARFBUZZ: 1
[2016.12.12-13.57.13:195][  0]LogSlate: SlateFontCache - WITH_FREETYPE: 1, WITH_HARFBUZZ: 1
[2016.12.12-13.57.33:480][  0]LogUdpMessaging: Initializing bridge on interface 0.0.0.0:0 to multicast group 230.0.0.1:6666.
[2016.12.12-13.57.35:640][  0]SourceControl: Info Source control is disabled
[2016.12.12-13.57.35:670][  0]SourceControl: Info Source control is disabled
[2016.12.12-13.57.35:756][  0]SourceControl: Info Source control is disabled
[2016.12.12-13.57.35:814][  0]SourceControl: Info Source control is disabled
[2016.12.12-13.57.37:622][  0]LogEngine: Initializing Engine...
[2016.12.12-13.57.37:711][  0]LogHMD: SteamVR failed to initialize.  Err: 110
[2016.12.12-13.57.37:737][  0]LogHMD: SteamVR failed to initialize.  Err: 110
[2016.12.12-13.57.39:179][  0]LogAIModule: Creating AISystem for world NewWorld
[2016.12.12-13.57.39:528][  0]LogInit: XAudio2 using '스피커(Realtek High Definition Audio)' : 2 channels at 48 kHz using 32 bits per sample (channel mask 0x3)
[2016.12.12-13.57.39:968][  0]LogInit: FAudioDevice initialized.
[2016.12.12-13.57.40:018][  0]LogDerivedDataCache: Saved boot cache 0.05s 48MB C:/Users/jcy/AppData/Local/UnrealEngine/4.12/DerivedDataCache/Boot.ddc.
[2016.12.12-13.57.40:030][  0]LogInit: Texture streaming: Enabled
[2016.12.12-13.57.40:283][  0]LogWindowsTextInputMethodSystem:Display: IME system now activated using TSF (Microsoft 입력기).
[2016.12.12-13.57.40:829][  0]LogInit: Transaction tracking system initialized
[2016.12.12-13.57.41:977][  0]BlueprintLog: New page: Editor Load
[2016.12.12-13.57.45:651][  0]LocalizationService: Info Localization service is disabled
[2016.12.12-13.57.47:363][  0]LogConsoleResponse:Display: 
[2016.12.12-13.57.51:377][  0]LogFileCache: Scanning file cache for directory 'C:/Users/jcy/Documents/GitHub/UNNAMED/UNNAMED/Content/' took 0.10s
[2016.12.12-13.57.51:377][  0]LogCook:Display: Max memory allowance for cook 8192mb
[2016.12.12-13.57.51:377][  0]LogCook:Display: Mobile HDR setting 1
[2016.12.12-13.57.55:871][  0]SourceControl: Info Source control is disabled
[2016.12.12-13.57.56:087][  0]Cmd: MAP LOAD FILE="../../../../../../Users/jcy/Documents/GitHub/UNNAMED/UNNAMED/Content/Map/Main.umap" TEMPLATE=0 SHOWPROGRESS=1 FEATURELEVEL=3
[2016.12.12-13.57.56:289][  0]LightingResults: New page: Lighting Build
[2016.12.12-13.57.57:343][  0]MapCheck: New page: Map Check
[2016.12.12-13.57.57:343][  0]LightingResults: New page: Lighting Build
[2016.12.12-13.58.04:457][  0]LogAIModule: Creating AISystem for world Main
[2016.12.12-13.58.04:753][  0]LogEditorServer: Finished looking for orphan Actors (0.042 secs)
[2016.12.12-13.58.05:051][  0]Cmd: MAP CHECKDEP NOCLEARLOG
[2016.12.12-13.58.05:231][  0]MapCheck: Info Map check complete: 0 Error(s), 0 Warning(s), took 179.514ms to complete.
[2016.12.12-13.58.05:231][  0]LogFileHelpers: Loading map 'Main' took 9.261
[2016.12.12-13.58.11:558][  0]LogCollectionManager: Loaded 1 collections in 0.021243 seconds
[2016.12.12-13.58.12:384][  0]LogFileCache: Scanning file cache for directory 'C:/Users/jcy/Documents/GitHub/UNNAMED/UNNAMED/Saved/Collections/' took 0.26s
[2016.12.12-13.58.12:384][  0]LogFileCache: Scanning file cache for directory 'C:/Users/jcy/Documents/GitHub/UNNAMED/UNNAMED/Content/Developers/jcy/Collections/' took 0.01s
[2016.12.12-13.58.12:384][  0]LogFileCache: Scanning file cache for directory 'C:/Users/jcy/Documents/GitHub/UNNAMED/UNNAMED/Content/Collections/' took 0.01s
[2016.12.12-13.58.12:384][  0]LogCollectionManager: Rebuilt the GUID cache for 1 collections in 0.000008 seconds
[2016.12.12-13.58.12:384][  0]LogCollectionManager: Rebuilt the hierarchy cache for 1 collections in 0.000001 seconds
[2016.12.12-13.58.12:420][  0]LogContentBrowser: Native class hierarchy populated in 0.0215 seconds. Added 2049 classes and 371 folders.
[2016.12.12-13.58.12:560][  0]LogStats: UGameplayTagsManager::ConstructGameplayTagTree: Construct from data asset -  0.000 s
[2016.12.12-13.58.12:566][  0]LogStats: UGameplayTagsManager::ConstructGameplayTagTree: GameplayTagTreeChangedEvent.Broadcast -  0.005 s
[2016.12.12-13.58.12:567][  0]LogContentBrowser: Native class hierarchy updated for 'GameplayTags' in 0.0006 seconds. Added 12 classes and 0 folders.
[2016.12.12-13.58.12:642][  0]LogContentBrowser: Native class hierarchy updated for 'WidgetCarousel' in 0.0005 seconds. Added 0 classes and 0 folders.
[2016.12.12-13.58.14:789][  0]LogContentBrowser: Native class hierarchy updated for 'AddContentDialog' in 0.0007 seconds. Added 0 classes and 0 folders.
[2016.12.12-13.58.15:000][  0]LogContentBrowser: Native class hierarchy updated for 'SceneOutliner' in 0.0005 seconds. Added 1 classes and 2 folders.
[2016.12.12-13.58.17:704][  0]LogCrashTracker: Crashtracker disabled due to settings.
[2016.12.12-13.58.19:681][  0]LogUObjectGlobals:Warning: Failed to find object 'Class None.'
[2016.12.12-13.58.20:454][  0]LogContentBrowser: Native class hierarchy updated for 'HierarchicalLODOutliner' in 0.0005 seconds. Added 1 classes and 2 folders.
[2016.12.12-13.58.20:454][  0]LogLoad: Full Startup: 118.67 seconds (BP compile: 2.16 seconds)
[2016.12.12-13.58.20:454][  0]LogExternalProfiler: Found external profiler: VSPerf
[2016.12.12-13.58.20:454][  0]LogExternalProfiler: Using external profiler: VSPerf
[2016.12.12-13.58.21:687][  0]LogOcInput: OculusInput pre-init called
[2016.12.12-13.58.24:541][  0]LogContentStreaming: Texture pool size now 1000 MB
[2016.12.12-13.58.30:953][  0]LogRenderer: Reallocating scene render targets to support 1172x532 (Frame:2).
[2016.12.12-13.58.36:315][  8]LogAssetRegistry: Asset discovery search completed in 88.7725 seconds
[2016.12.12-13.58.36:346][  8]LogCollectionManager: Rebuilt the object cache for 1 collections in 0.031201 seconds (found 0 objects)
[2016.12.12-13.58.36:356][  8]LogCollectionManager: Fixed up redirectors for 1 collections in 0.039939 seconds (updated 0 objects)
[2016.12.12-13.58.42:198][105]Cmd: OBJ SAVEPACKAGE PACKAGE="/Game/Map/Main" FILE="../../../../../../Users/jcy/Documents/GitHub/UNNAMED/UNNAMED/Saved/Autosaves/Game/Map/UEDPCMain.umap" SILENT=true AUTOSAVING=true KEEPDIRTY=true
[2016.12.12-13.58.43:350][105]LogSavePackage: Save=958.70ms
[2016.12.12-13.58.43:350][105]LogSavePackage: Moving '../../../../../../Users/jcy/Documents/GitHub/UNNAMED/UNNAMED/Saved/UEDPCMainA7093F2D497397F2985EDFAF786F9A17.tmp' to '../../../../../../Users/jcy/Documents/GitHub/UNNAMED/UNNAMED/Saved/Autosaves/Game/Map/UEDPCMain.umap'
[2016.12.12-13.58.43:359][105]LogSavePackage:Display: Finished SavePackage ../../../../../../Users/jcy/Documents/GitHub/UNNAMED/UNNAMED/Saved/Autosaves/Game/Map/UEDPCMain.umap
[2016.12.12-13.58.43:530][105]LogEditorTransaction: Undo Spawn Play From Here Start
[2016.12.12-13.58.44:476][106]LogSynthBenchmark:Display: FSynthBenchmark (V0.95):  requested WorkScale=5.00
[2016.12.12-13.58.44:476][106]LogSynthBenchmark:Display: ===============
[2016.12.12-13.58.44:476][106]LogSynthBenchmark:Display: Main Processor:
[2016.12.12-13.58.44:690][106]LogSynthBenchmark:Display:          ... 0.020581 s/Run 'RayIntersect'
[2016.12.12-13.58.44:690][106]LogSynthBenchmark:Display:          ... 0.022126 s/Run 'Fractal'
[2016.12.12-13.58.44:690][106]LogSynthBenchmark:Display: 
[2016.12.12-13.58.44:690][106]LogSynthBenchmark:Display:   CompiledTarget_x_Bits: 64
[2016.12.12-13.58.44:690][106]LogSynthBenchmark:Display:   UE_BUILD_SHIPPING: 0
[2016.12.12-13.58.44:690][106]LogSynthBenchmark:Display:   UE_BUILD_TEST: 0
[2016.12.12-13.58.44:690][106]LogSynthBenchmark:Display:   UE_BUILD_DEBUG: 0
[2016.12.12-13.58.44:690][106]LogSynthBenchmark:Display:   TotalPhysicalGBRam: 8
[2016.12.12-13.58.44:690][106]LogSynthBenchmark:Display:   NumberOfCores (physical): 4
[2016.12.12-13.58.44:690][106]LogSynthBenchmark:Display:   NumberOfCores (logical): 8
[2016.12.12-13.58.44:690][106]LogSynthBenchmark:Display:   CPU Perf Index 0: 124.4 (weight 1.00)
[2016.12.12-13.58.44:690][106]LogSynthBenchmark:Display:   CPU Perf Index 1: 129.3 (weight 1.50)
[2016.12.12-13.58.44:690][106]LogSynthBenchmark:Display:  
[2016.12.12-13.58.44:690][106]LogSynthBenchmark:Display: Graphics:
[2016.12.12-13.58.44:690][106]LogSynthBenchmark:Display:   Adapter Name: 'NVIDIA GeForce GTX 960M'
[2016.12.12-13.58.44:690][106]LogSynthBenchmark:Display:   (On Optimus the name might be wrong, memory should be ok)
[2016.12.12-13.58.44:690][106]LogSynthBenchmark:Display:   Vendor Id: 0x10de
[2016.12.12-13.58.44:690][106]LogSynthBenchmark:Display:   Device Id: 0x139b
[2016.12.12-13.58.44:690][106]LogSynthBenchmark:Display:   GPU Memory: 2019/0/4057 MB
[2016.12.12-13.58.44:774][106]LogSynthBenchmark:Display:   GPU first test: 0.03s
[2016.12.12-13.58.44:774][106]LogSynthBenchmark:Display:          ... 0.310 GigaPix/s, Confidence=100% 'ALUHeavyNoise' (likely to be very inaccurate)
[2016.12.12-13.58.44:774][106]LogSynthBenchmark:Display:          ... 0.256 GigaPix/s, Confidence=100% 'TexHeavy' (likely to be very inaccurate)
[2016.12.12-13.58.44:774][106]LogSynthBenchmark:Display:          ... 0.211 GigaPix/s, Confidence=100% 'DepTexHeavy' (likely to be very inaccurate)
[2016.12.12-13.58.44:774][106]LogSynthBenchmark:Display:          ... 0.915 GigaPix/s, Confidence=100% 'FillOnly' (likely to be very inaccurate)
[2016.12.12-13.58.44:774][106]LogSynthBenchmark:Display:          ... 0.051 GigaPix/s, Confidence=100% 'Bandwidth' (likely to be very inaccurate)
[2016.12.12-13.58.44:934][106]LogSynthBenchmark:Display:   GPU second test: 0.15s
[2016.12.12-13.58.44:934][106]LogSynthBenchmark:Display:          ... 0.439 GigaPix/s, Confidence=40% 'ALUHeavyNoise' (likely to be inaccurate)
[2016.12.12-13.58.44:934][106]LogSynthBenchmark:Display:          ... 0.356 GigaPix/s, Confidence=40% 'TexHeavy' (likely to be inaccurate)
[2016.12.12-13.58.44:934][106]LogSynthBenchmark:Display:          ... 0.351 GigaPix/s, Confidence=40% 'DepTexHeavy' (likely to be inaccurate)
[2016.12.12-13.58.44:934][106]LogSynthBenchmark:Display:          ... 1.760 GigaPix/s, Confidence=30% 'FillOnly' (likely to be inaccurate)
[2016.12.12-13.58.44:934][106]LogSynthBenchmark:Display:          ... 0.056 GigaPix/s, Confidence=30% 'Bandwidth' (likely to be inaccurate)
[2016.12.12-13.58.44:934][106]LogSynthBenchmark:Display:          ... 0.439 GigaPix/s, Confidence=40% 'ALUHeavyNoise'
[2016.12.12-13.58.44:934][106]LogSynthBenchmark:Display:          ... 0.356 GigaPix/s, Confidence=40% 'TexHeavy'
[2016.12.12-13.58.44:934][106]LogSynthBenchmark:Display:          ... 0.351 GigaPix/s, Confidence=40% 'DepTexHeavy'
[2016.12.12-13.58.44:934][106]LogSynthBenchmark:Display:          ... 1.760 GigaPix/s, Confidence=30% 'FillOnly'
[2016.12.12-13.58.44:934][106]LogSynthBenchmark:Display:          ... 0.056 GigaPix/s, Confidence=30% 'Bandwidth'
[2016.12.12-13.58.44:934][106]LogSynthBenchmark:Display: 
[2016.12.12-13.58.44:934][106]LogSynthBenchmark:Display:   GPU Perf Index 0: 9.5 (weight 1.00)
[2016.12.12-13.58.44:934][106]LogSynthBenchmark:Display:   GPU Perf Index 1: 4.8 (weight 0.10)
[2016.12.12-13.58.44:934][106]LogSynthBenchmark:Display:   GPU Perf Index 2: 9.1 (weight 0.10)
[2016.12.12-13.58.44:934][106]LogSynthBenchmark:Display:   GPU Perf Index 3: 6.9 (weight 3.00)
[2016.12.12-13.58.44:934][106]LogSynthBenchmark:Display:   GPU Perf Index 4: 5.2 (weight 1.00)
[2016.12.12-13.58.44:934][106]LogSynthBenchmark:Display:   CPUIndex: 127.3
[2016.12.12-13.58.44:934][106]LogSynthBenchmark:Display:   GPUIndex: 7.1
[2016.12.12-13.58.44:934][106]LogSynthBenchmark:Display: 
[2016.12.12-13.58.44:934][106]LogSynthBenchmark:Display:          ... Total Time: 0.457875 sec
[2016.12.12-13.59.43:705][559]Cmd: OBJ SAVEPACKAGE PACKAGE="/Game/Map/Main" FILE="../../../../../../Users/jcy/Documents/GitHub/UNNAMED/UNNAMED/Saved/Autosaves/Game/Map/UEDPCMain.umap" SILENT=true AUTOSAVING=true KEEPDIRTY=true
[2016.12.12-13.59.43:790][559]LogSavePackage: Save=73.55ms
[2016.12.12-13.59.43:790][559]LogSavePackage: Moving '../../../../../../Users/jcy/Documents/GitHub/UNNAMED/UNNAMED/Saved/UEDPCMain7633A070485C24620691C793549EE97A.tmp' to '../../../../../../Users/jcy/Documents/GitHub/UNNAMED/UNNAMED/Saved/Autosaves/Game/Map/UEDPCMain.umap'
[2016.12.12-13.59.43:811][559]LogSavePackage:Display: Finished SavePackage ../../../../../../Users/jcy/Documents/GitHub/UNNAMED/UNNAMED/Saved/Autosaves/Game/Map/UEDPCMain.umap
[2016.12.12-13.59.43:819][559]LogEditorTransaction: Undo Spawn Play From Here Start
[2016.12.12-14.03.02:886][329]LogPlayLevel: Launcher Device ID: WindowsNoEditor@DESKTOP-5I3HB32
[2016.12.12-14.03.02:962][329]LogPlayLevel: PlayLevel: No blueprints needed recompiling
[2016.12.12-14.03.02:996][329]LogCook:Display: Done creating registry. It took  0.00s.
[2016.12.12-14.03.03:959][329]LogCook:Display: Invalidating cooked content because Engine:/Script/UnrealEd.EditorEngine:FlipNormalMapGreenChannel:False ini setting was out of date
[2016.12.12-14.03.04:067][329]LogCook:Display: Invalidating cooked content because Engine:/Script/UnrealEd.EditorEngine:FlipNormalMapGreenChannel:False ini setting was out of date
[2016.12.12-14.03.04:156][329]LogCook:Display: Invalidating cooked content because Engine:/Script/UnrealEd.EditorEngine:FlipNormalMapGreenChannel:False ini setting was out of date
[2016.12.12-14.03.04:239][329]LogCook:Display: Invalidating cooked content because Engine:/Script/UnrealEd.EditorEngine:FlipNormalMapGreenChannel:False ini setting was out of date
[2016.12.12-14.03.09:538][329]LogChunkManifestGenerator: bChunkHardReferencesOnly: 0
[2016.12.12-14.03.13:887][329]LogStats:Warning: MetaData mismatch. Did you assign a stat to two groups? New //STATGROUP_Threads//FLauncherTask///Thread_28a8_0///####STATCAT_Advanced#### old //STATGROUP_Threads//FLauncherTask///Thread_2834_0///####STATCAT_Advanced####
[2016.12.12-14.03.14:347][330]Cmd: QUIT_EDITOR
[2016.12.12-14.03.14:671][330]LogWindowsTextInputMethodSystem:Display: IME system now activated using TSF (Microsoft 입력기).
[2016.12.12-14.03.14:704][330]LogExit: Preparing to exit.
[2016.12.12-14.03.16:040][330]LogExit: Editor shut down
[2016.12.12-14.03.16:040][330]LogExit: Transaction tracking system shut down
[2016.12.12-14.03.24:240][330]LogCrashTracker: 


[2016.12.12-14.03.24:240][330]LogThreadingWindows:Error: Runnable thread FLauncherTask crashed.
[2016.12.12-14.03.24:240][330]LogCrashTracker: 


[2016.12.12-14.03.24:240][330]LogWindows:Error: === Critical error: ===
Fatal error!


Crash in runnable thread FLauncherTask

