Log file open, 12/03/16 01:43:45
LogInit:Display: Running engine for game: UNNAMED
LogPlatformFile: Not using cached read wrapper
LogInit:Display: RandInit(882161198) SRandInit(882161201).
LogTaskGraph: Started task graph with 4 named threads and 7 total threads with 1 sets of task threads.
LogStats: Stats thread started at 0.151259
LogInit: Version: 4.12.5-3039270+++UE4+Release-4.12
LogInit: API Version: 2992821
LogInit: Net Version: 3039270
LogDevObjectVersion: Number of dev versions registered: 13
LogDevObjectVersion:   Dev-Blueprints (B0D832E4-1F89-4F0D-ACCF-7EB736FD4AA2): 3
LogDevObjectVersion:   Dev-Build (E1C64328-A22C-4D53-A36C-8E866417BD8C): 0
LogDevObjectVersion:   Dev-Core (375EC13C-06E4-48FB-B500-84F0262A717E): 1
LogDevObjectVersion:   Dev-Editor (E4B068ED-F494-42E9-A231-DA0B2E46BB41): 2
LogDevObjectVersion:   Dev-Framework (CFFC743F-43B0-4480-9391-14DF171D2073): 6
LogDevObjectVersion:   Dev-Mobile (B02B49B5-BB20-44E9-A304-32B752E40360): 0
LogDevObjectVersion:   Dev-Networking (A4E4105C-59A1-49B5-A7C5-40C4547EDFEE): 0
LogDevObjectVersion:   Dev-Online (39C831C9-5AE6-47DC-9A44-9C173E1C8E7C): 0
LogDevObjectVersion:   Dev-Physics (78F01B33-EBEA-4F98-B9B4-84EACCB95AA2): 0
LogDevObjectVersion:   Dev-Platform (6631380F-2D4D-43E0-8009-CF276956A95A): 0
LogDevObjectVersion:   Dev-Rendering (12F88B9F-8875-4AFC-A67C-D90C383ABD29): 2
LogDevObjectVersion:   Dev-Sequencer (7B5AE74C-D270-4C10-A958-57980B212A5A): 0
LogDevObjectVersion:   Dev-VR (D7296918-1DD6-4BDD-9DE2-64A83CC13884): 0
LogInit: Compiled (64-bit): Jul  6 2016 09:09:46
LogInit: Compiled with Visual C++: 19.00.23026.00
LogInit: Build Configuration: Development
LogInit: Branch Name: ++UE4+Release-4.12
LogInit: Command line:  
LogInit: Base directory: C:/Program Files (x86)/Epic Games/4.12/Engine/Binaries/Win64/
LogInit: Installed Engine Build: 1
LogInit: Using libcurl 7.41.0
LogInit:  - built for x86_64-pc-win32
LogInit:  - supports SSL with WinSSL
LogInit:  - other features:
LogInit:      CURL_VERSION_SSL
LogInit:      CURL_VERSION_IPV6
LogInit:      CURL_VERSION_ASYNCHDNS
LogInit:      CURL_VERSION_LARGEFILE
LogInit:      CURL_VERSION_IDN
LogInit:  CurlRequestOptions (configurable via config and command line):
LogInit:  - bVerifyPeer = true  - Libcurl will verify peer certificate
LogInit:  - bUseHttpProxy = false  - Libcurl will NOT use HTTP proxy
LogInit:  - bDontReuseConnections = false  - Libcurl will reuse connections
LogInit:  - CertBundlePath = nullptr  - Libcurl will use whatever was configured at build time.
LogOnline:Display: STEAM: Loading Steam SDK 1.32
LogOnline:Warning: STEAM: Steam API disabled!
LogOnline:Display: STEAM: OnlineSubsystemSteam::Shutdown()
LogInit: WinSock: version 1.1 (2.2), MaxSocks=32767, MaxUdp=65467
LogVoice:Warning: Failed to initialize voice interface
LogInit: Presizing for max 8388607 objects, including 0 objects not considered by GC, pre-allocating 0 bytes for permanent pool.
LogInit: Object subsystem initialized
[2016.12.02-16.43.45:580][  0]LogInit: Selected Device Profile: [Windows]
[2016.12.02-16.43.45:580][  0]LogInit: Applying CVar settings loaded from the selected device profile: [Windows]
[2016.12.02-16.43.45:613][  0]LogInit: Computer: DESKTOP-5I3HB32
[2016.12.02-16.43.45:613][  0]LogInit: User: jcy
[2016.12.02-16.43.45:613][  0]LogInit: CPU Page size=65536, Cores=4
[2016.12.02-16.43.45:613][  0]LogInit: High frequency timer resolution =2.533210 MHz
[2016.12.02-16.43.45:613][  0]LogMemory: Memory total: Physical=7.9GB (8GB approx)
[2016.12.02-16.43.45:613][  0]LogMemory: Platform Memory Stats for Windows
[2016.12.02-16.43.45:613][  0]LogMemory: Process Physical Memory: 193.43 MB used, 193.43 MB peak
[2016.12.02-16.43.45:613][  0]LogMemory: Process Virtual Memory: 195.64 MB used, 195.64 MB peak
[2016.12.02-16.43.45:613][  0]LogMemory: Physical Memory: 5076.47 MB used, 8113.86 MB total
[2016.12.02-16.43.45:613][  0]LogMemory: Virtual Memory: 556.81 MB used, 134217728.00 MB total
[2016.12.02-16.43.47:155][  0]LogD3D11RHI: D3D11 adapters:
[2016.12.02-16.43.48:771][  0]LogD3D11RHI:    0. 'NVIDIA GeForce GTX 960M' (Feature Level 11_0)
[2016.12.02-16.43.48:771][  0]LogD3D11RHI:       2018/0/4056 MB DedicatedVideo/DedicatedSystem/SharedSystem, Outputs:2, VendorId:0x10de
[2016.12.02-16.43.48:787][  0]LogD3D11RHI:    1. 'Intel(R) HD Graphics 4600' (Feature Level 11_0)
[2016.12.02-16.43.48:787][  0]LogD3D11RHI:       112/0/2048 MB DedicatedVideo/DedicatedSystem/SharedSystem, Outputs:0, VendorId:0x8086
[2016.12.02-16.43.48:790][  0]LogD3D11RHI:    2. 'Microsoft Basic Render Driver' (Feature Level 11_0)
[2016.12.02-16.43.48:790][  0]LogD3D11RHI:       0/0/4056 MB DedicatedVideo/DedicatedSystem/SharedSystem, Outputs:0, VendorId:0x1414
[2016.12.02-16.43.48:790][  0]LogD3D11RHI: Chosen D3D11 Adapter: 0
[2016.12.02-16.43.48:802][  0]LogD3D11RHI: Creating new Direct3DDevice
[2016.12.02-16.43.48:803][  0]LogD3D11RHI:     GPU DeviceId: 0x139b (for the marketing name, search the web for "GPU Device Id")
[2016.12.02-16.43.48:803][  0]LogWindows: EnumDisplayDevices:
[2016.12.02-16.43.48:803][  0]LogWindows:    0. 'Intel(R) HD Graphics 4600' (P:1 D:1)
[2016.12.02-16.43.48:803][  0]LogWindows:    1. 'Intel(R) HD Graphics 4600' (P:0 D:1)
[2016.12.02-16.43.48:804][  0]LogWindows:    2. 'Intel(R) HD Graphics 4600' (P:0 D:0)
[2016.12.02-16.43.48:804][  0]LogWindows: DebugString: PrimaryIsNotTheChoosenAdapter PrimaryIsNotTheChoosenAdapter PrimaryIsNotTheChoosenAdapter FoundDriverCount:0 
[2016.12.02-16.43.48:804][  0]LogD3D11RHI:     Adapter Name: NVIDIA GeForce GTX 960M
[2016.12.02-16.43.48:804][  0]LogD3D11RHI:   Driver Version: Unknown (internal:Unknown, unified:Unknown)
[2016.12.02-16.43.48:804][  0]LogD3D11RHI:      Driver Date: Unknown
[2016.12.02-16.43.48:804][  0]LogRHI: Texture pool is 1361 MB (70% of 1945 MB)
[2016.12.02-16.43.50:465][  0]LogD3D11RHI: Async texture creation enabled
[2016.12.02-16.43.51:186][  0]LogD3D11RHI: GPU Timing Frequency: 1000.000000 (Debug: 2 1)
[2016.12.02-16.43.51:188][  0]LogShaderCompilers: Guid format shader working directory is -17 characters bigger than the processId version (../../../../../../Users/jcy/Documents/GitHub/UNNAMED/UNNAMED/Intermediate/Shaders/WorkingDirectory/12512/).
[2016.12.02-16.43.51:189][  0]LogShaderCompilers: Cleaned the shader compiler working directory 'C:/Users/jcy/AppData/Local/Temp/UnrealShaderWorkingDir/2BC217674610694AC177F4AD8C2F6F48/'.
[2016.12.02-16.43.51:189][  0]LogShaderCompilers:Display: Using Local Shader Compiler.
[2016.12.02-16.43.57:443][  0]LogTemp:Display: Loaded TP AllDesktopTargetPlatform
[2016.12.02-16.43.57:482][  0]LogTemp:Display: Loaded TP WindowsClientTargetPlatform
[2016.12.02-16.43.57:512][  0]LogTemp:Display: Loaded TP WindowsNoEditorTargetPlatform
[2016.12.02-16.43.57:541][  0]LogTemp:Display: Loaded TP WindowsServerTargetPlatform
[2016.12.02-16.43.57:569][  0]LogTemp:Display: Loaded TP WindowsTargetPlatform
[2016.12.02-16.43.57:599][  0]LogTemp:Display: Loaded TP AndroidTargetPlatform
[2016.12.02-16.43.57:622][  0]LogTemp:Display: Loaded TP Android_ASTCTargetPlatform
[2016.12.02-16.43.57:647][  0]LogTemp:Display: Loaded TP Android_ATCTargetPlatform
[2016.12.02-16.43.57:670][  0]LogTemp:Display: Loaded TP Android_DXTTargetPlatform
[2016.12.02-16.43.57:692][  0]LogTemp:Display: Loaded TP Android_ETC1TargetPlatform
[2016.12.02-16.43.57:715][  0]LogTemp:Display: Loaded TP Android_ETC2TargetPlatform
[2016.12.02-16.43.57:761][  0]LogTemp:Display: Loaded TP Android_MultiTargetPlatform
[2016.12.02-16.43.57:761][  0]LogTemp:Display: Loaded TP Android_PVRTCTargetPlatform
[2016.12.02-16.43.57:763][  0]LogTemp:Display: Loaded TP HTML5TargetPlatform
[2016.12.02-16.43.57:811][  0]LogTemp:Display: Loaded TP IOSTargetPlatform
[2016.12.02-16.43.57:834][  0]LogTemp:Display: Loaded TP TVOSTargetPlatform
[2016.12.02-16.43.57:856][  0]LogTemp:Display: Loaded TP LinuxNoEditorTargetPlatform
[2016.12.02-16.43.57:877][  0]LogTemp:Display: Loaded TP LinuxServerTargetPlatform
[2016.12.02-16.43.57:923][  0]LogTemp:Display: Loaded TP LinuxTargetPlatform
[2016.12.02-16.43.57:923][  0]LogTargetPlatformManager:Display: Building Assets For Windows
[2016.12.02-16.43.58:227][  0]LogDerivedDataCache:Display: Max Cache Size: 512 MB
[2016.12.02-16.43.58:378][  0]LogDerivedDataCache: Loaded boot cache 0.15s 48MB C:/Users/jcy/AppData/Local/UnrealEngine/4.12/DerivedDataCache/Boot.ddc.
[2016.12.02-16.43.58:379][  0]LogDerivedDataCache:Display: Loaded Boot cache: C:/Users/jcy/AppData/Local/UnrealEngine/4.12/DerivedDataCache/Boot.ddc
[2016.12.02-16.43.58:379][  0]LogDerivedDataCache: FDerivedDataBackendGraph:  Pak pak cache file ../../../../../../Users/jcy/Documents/GitHub/UNNAMED/UNNAMED/DerivedDataCache/DDC.ddp not found, will not use a pak cache.
[2016.12.02-16.43.58:379][  0]LogDerivedDataCache: Unable to find inner node Pak for hierarchical cache Hierarchy.
[2016.12.02-16.43.58:380][  0]LogDerivedDataCache: FDerivedDataBackendGraph:  CompressedPak pak cache file ../../../../../../Users/jcy/Documents/GitHub/UNNAMED/UNNAMED/DerivedDataCache/Compressed.ddp not found, will not use a pak cache.
[2016.12.02-16.43.58:380][  0]LogDerivedDataCache: Unable to find inner node CompressedPak for hierarchical cache Hierarchy.
[2016.12.02-16.43.58:434][  0]LogDerivedDataCache:Display: Pak cache opened for reading ../../../Engine/DerivedDataCache/Compressed.ddp.
[2016.12.02-16.43.58:447][  0]LogDerivedDataCache: Using Local data cache path C:/Users/jcy/AppData/Local/UnrealEngine/Common/DerivedDataCache: Writable
[2016.12.02-16.43.58:942][  0]LogInit: Selected Device Profile: [Windows]
[2016.12.02-16.43.58:943][  0]LogContentStreaming: Texture pool size is 0.00 MB
[2016.12.02-16.43.59:392][  0]LogMeshUtilities: No automatic mesh reduction module available
[2016.12.02-16.43.59:392][  0]LogMeshUtilities: No automatic mesh merging module available
[2016.12.02-16.43.59:392][  0]LogMeshUtilities: No distributed automatic mesh merging module available
[2016.12.02-16.44.00:132][  0]LogAssetRegistry: FAssetRegistry took 0.0222 seconds to start up
[2016.12.02-16.44.00:186][  0]LogPackageLocalizationCache: Processed 3 localized package path(s) for 1 prioritized culture(s) in 0.044763 seconds
[2016.12.02-16.44.00:199][  0]LogUObjectArray: 28746 objects as part of root set at end of initial load.
[2016.12.02-16.44.00:199][  0]LogUObjectAllocator: 6069104 out of 0 bytes used by permanent object pool.
[2016.12.02-16.44.00:199][  0]LogUObjectArray: CloseDisregardForGC: 0/0 objects in disregard for GC pool
[2016.12.02-16.44.00:973][  0]LogSlate: SlateFontCache - WITH_FREETYPE: 1, WITH_HARFBUZZ: 1
[2016.12.02-16.44.00:973][  0]LogSlate: SlateFontCache - WITH_FREETYPE: 1, WITH_HARFBUZZ: 1
[2016.12.02-16.44.25:071][  0]LogUdpMessaging: Initializing bridge on interface 0.0.0.0:0 to multicast group 230.0.0.1:6666.
[2016.12.02-16.44.26:001][  0]SourceControl: Info Source control is disabled
[2016.12.02-16.44.26:005][  0]SourceControl: Info Source control is disabled
[2016.12.02-16.44.26:042][  0]SourceControl: Info Source control is disabled
[2016.12.02-16.44.26:072][  0]SourceControl: Info Source control is disabled
[2016.12.02-16.44.27:007][  0]LogEngine: Initializing Engine...
[2016.12.02-16.44.27:009][  0]LogHMD: SteamVR failed to initialize.  Err: 110
[2016.12.02-16.44.27:011][  0]LogHMD: SteamVR failed to initialize.  Err: 110
[2016.12.02-16.44.27:406][  0]LogAIModule: Creating AISystem for world NewWorld
[2016.12.02-16.44.27:420][  0]LogInit: XAudio2 using '스피커(Realtek High Definition Audio)' : 2 channels at 48 kHz using 32 bits per sample (channel mask 0x3)
[2016.12.02-16.44.27:499][  0]LogInit: FAudioDevice initialized.
[2016.12.02-16.44.27:561][  0]LogDerivedDataCache: Saved boot cache 0.06s 48MB C:/Users/jcy/AppData/Local/UnrealEngine/4.12/DerivedDataCache/Boot.ddc.
[2016.12.02-16.44.27:580][  0]LogInit: Texture streaming: Enabled
[2016.12.02-16.44.27:659][  0]LogInit: Transaction tracking system initialized
[2016.12.02-16.44.27:745][  0]BlueprintLog: New page: Editor Load
[2016.12.02-16.44.28:038][  0]LocalizationService: Info Localization service is disabled
[2016.12.02-16.44.28:370][  0]LogConsoleResponse:Display: 
[2016.12.02-16.44.29:241][  0]LogCook:Display: Max memory allowance for cook 8192mb
[2016.12.02-16.44.29:241][  0]LogCook:Display: Mobile HDR setting 1
[2016.12.02-16.44.29:313][  0]LogFileCache: Scanning file cache for directory 'C:/Users/jcy/Documents/GitHub/UNNAMED/UNNAMED/Content/' took 0.03s
[2016.12.02-16.44.29:969][  0]SourceControl: Info Source control is disabled
[2016.12.02-16.44.29:969][  0]Cmd: MAP LOAD FILE="../../../../../../Users/jcy/Documents/GitHub/UNNAMED/UNNAMED/Content/Map/Main.umap" TEMPLATE=0 SHOWPROGRESS=1 FEATURELEVEL=3
[2016.12.02-16.44.29:970][  0]LightingResults: New page: Lighting Build
[2016.12.02-16.44.29:986][  0]MapCheck: New page: Map Check
[2016.12.02-16.44.29:986][  0]LightingResults: New page: Lighting Build
[2016.12.02-16.44.33:330][  0]LogAIModule: Creating AISystem for world Main
[2016.12.02-16.44.33:332][  0]LogEditorServer: Finished looking for orphan Actors (0.000 secs)
[2016.12.02-16.44.33:333][  0]Cmd: MAP CHECKDEP NOCLEARLOG
[2016.12.02-16.44.33:464][  0]MapCheck: Info Map check complete: 0 Error(s), 0 Warning(s), took 130.783ms to complete.
[2016.12.02-16.44.33:464][  0]LogFileHelpers: Loading map 'Main' took 3.495
[2016.12.02-16.44.34:037][  0]LogCrashTracker: Crashtracker disabled due to settings.
[2016.12.02-16.44.34:106][  0]LogCollectionManager: Loaded 1 collections in 0.015302 seconds
[2016.12.02-16.44.34:187][  0]LogFileCache: Scanning file cache for directory 'C:/Users/jcy/Documents/GitHub/UNNAMED/UNNAMED/Saved/Collections/' took 0.01s
[2016.12.02-16.44.34:187][  0]LogFileCache: Scanning file cache for directory 'C:/Users/jcy/Documents/GitHub/UNNAMED/UNNAMED/Content/Developers/jcy/Collections/' took 0.01s
[2016.12.02-16.44.34:187][  0]LogFileCache: Scanning file cache for directory 'C:/Users/jcy/Documents/GitHub/UNNAMED/UNNAMED/Content/Collections/' took 0.01s
[2016.12.02-16.44.34:187][  0]LogCollectionManager: Rebuilt the GUID cache for 1 collections in 0.000012 seconds
[2016.12.02-16.44.34:187][  0]LogCollectionManager: Rebuilt the hierarchy cache for 1 collections in 0.000001 seconds
[2016.12.02-16.44.34:218][  0]LogContentBrowser: Native class hierarchy populated in 0.0297 seconds. Added 2050 classes and 373 folders.
[2016.12.02-16.44.34:232][  0]LogStats: UGameplayTagsManager::ConstructGameplayTagTree: Construct from data asset -  0.000 s
[2016.12.02-16.44.34:232][  0]LogStats: UGameplayTagsManager::ConstructGameplayTagTree: GameplayTagTreeChangedEvent.Broadcast -  0.000 s
[2016.12.02-16.44.34:233][  0]LogContentBrowser: Native class hierarchy updated for 'GameplayTags' in 0.0012 seconds. Added 12 classes and 0 folders.
[2016.12.02-16.44.34:255][  0]LogContentBrowser: Native class hierarchy updated for 'WidgetCarousel' in 0.0010 seconds. Added 0 classes and 0 folders.
[2016.12.02-16.44.35:247][  0]LogContentBrowser: Native class hierarchy updated for 'AddContentDialog' in 0.0011 seconds. Added 0 classes and 0 folders.
[2016.12.02-16.44.35:258][  0]LogUObjectGlobals:Warning: Failed to find object 'Class None.'
[2016.12.02-16.44.35:295][  0]LogContentBrowser: Native class hierarchy updated for 'HierarchicalLODOutliner' in 0.0010 seconds. Added 1 classes and 2 folders.
[2016.12.02-16.44.35:295][  0]LogLoad: Full Startup: 51.99 seconds (BP compile: 1.33 seconds)
[2016.12.02-16.44.35:296][  0]LogExternalProfiler: Found external profiler: VSPerf
[2016.12.02-16.44.35:296][  0]LogExternalProfiler: Using external profiler: VSPerf
[2016.12.02-16.44.35:325][  0]LogOcInput: OculusInput pre-init called
[2016.12.02-16.44.35:370][  0]LogContentStreaming: Texture pool size now 1000 MB
[2016.12.02-16.44.35:909][  0]LogRenderer: Reallocating scene render targets to support 1144x924 (Frame:2).
[2016.12.02-16.44.37:481][  4]LogContentBrowser: Native class hierarchy updated for 'BlueprintGraph' in 0.0020 seconds. Added 111 classes and 0 folders.
[2016.12.02-16.44.41:105][  4]LogAssetRegistry: Asset discovery search completed in 40.9951 seconds
[2016.12.02-16.44.41:105][  4]LogCollectionManager: Rebuilt the object cache for 1 collections in 0.000024 seconds (found 0 objects)
[2016.12.02-16.44.41:105][  4]LogCollectionManager: Fixed up redirectors for 1 collections in 0.000070 seconds (updated 0 objects)
[2016.12.02-16.49.02:781][477]BlueprintLog: New page: Compile MyGameinstance
[2016.12.02-16.49.03:900][477]BlueprintEditorCompileResults: Info [0320.59] Compile of MyGameinstance successful! [in 1,117 ms] (/Game/BP/MyGameinstance.MyGameinstance)
[2016.12.02-16.49.04:431][489]BlueprintLog: New page: Compile MyGameinstance
[2016.12.02-16.49.05:010][489]BlueprintEditorCompileResults: Info [0321.70] Compile of MyGameinstance successful! [in 579 ms] (/Game/BP/MyGameinstance.MyGameinstance)
[2016.12.02-16.50.43:071][727]BlueprintLog: New page: Compile MyGameinstance
[2016.12.02-16.50.43:809][727]BlueprintEditorCompileResults: Info [0420.50] Compile of MyGameinstance successful! [in 737 ms] (/Game/BP/MyGameinstance.MyGameinstance)
[2016.12.02-16.51.11:409][519]BlueprintLog: New page: Compile MyGameinstance
[2016.12.02-16.51.11:918][519]BlueprintEditorCompileResults: Info [0448.61] Compile of MyGameinstance successful! [in 509 ms] (/Game/BP/MyGameinstance.MyGameinstance)
[2016.12.02-16.54.37:333][588]BlueprintLog: New page: Compile MyGameinstance
[2016.12.02-16.54.38:090][588]BlueprintEditorCompileResults: Info [0654.78] Compile of MyGameinstance successful! [in 757 ms] (/Game/BP/MyGameinstance.MyGameinstance)
[2016.12.02-16.56.05:924][815]BlueprintLog: New page: Compile MyGameinstance
[2016.12.02-16.56.06:918][815]BlueprintEditorCompileResults: Info [0743.61] Compile of MyGameinstance successful! [in 993 ms] (/Game/BP/MyGameinstance.MyGameinstance)
[2016.12.02-16.56.14:795][ 48]Cmd: OBJ SAVEPACKAGE PACKAGE="/Game/BP/MyGameinstance" FILE="../../../../../../Users/jcy/Documents/GitHub/UNNAMED/UNNAMED/Content/BP/MyGameinstance.uasset" SILENT=true
[2016.12.02-16.56.15:297][ 48]LogSavePackage: Save=305.43ms
[2016.12.02-16.56.15:297][ 48]LogSavePackage: Moving '../../../../../../Users/jcy/Documents/GitHub/UNNAMED/UNNAMED/Saved/MyGameinstance2780F18A4DB4485955693C99B356A1BE.tmp' to '../../../../../../Users/jcy/Documents/GitHub/UNNAMED/UNNAMED/Content/BP/MyGameinstance.uasset'
[2016.12.02-16.56.15:308][ 48]LogSavePackage:Display: Finished SavePackage ../../../../../../Users/jcy/Documents/GitHub/UNNAMED/UNNAMED/Content/BP/MyGameinstance.uasset
[2016.12.02-16.58.41:035][176]BlueprintLog: New page: Compile MyGameinstance
[2016.12.02-16.58.41:950][176]BlueprintEditorCompileResults: Info [0898.65] Compile of MyGameinstance successful! [in 914 ms] (/Game/BP/MyGameinstance.MyGameinstance)
[2016.12.02-17.02.01:478][479]LogFileHelpers: Editor autosave (incl. sublevels) for '/Game/Map/Main' took 0.073
[2016.12.02-17.02.01:486][479]OBJ SavePackage: Generating thumbnails for [0] asset(s) in package [/Game/BP/MyGameinstance] ([1] browsable assets)...
[2016.12.02-17.02.01:486][479]OBJ SavePackage: Finished generating thumbnails for package [/Game/BP/MyGameinstance]
[2016.12.02-17.02.01:486][479]Cmd: OBJ SAVEPACKAGE PACKAGE="/Game/BP/MyGameinstance" FILE="../../../../../../Users/jcy/Documents/GitHub/UNNAMED/UNNAMED/Saved/Autosaves/Game/BP/MyGameinstance_Auto1.uasset" SILENT=false AUTOSAVING=true
[2016.12.02-17.02.01:936][479]LogSavePackage: Save=284.37ms
[2016.12.02-17.02.01:936][479]LogSavePackage: Moving '../../../../../../Users/jcy/Documents/GitHub/UNNAMED/UNNAMED/Saved/MyGameinstance_Auto10EA67CDD47F1CE4D179F819B5CC0DA76.tmp' to '../../../../../../Users/jcy/Documents/GitHub/UNNAMED/UNNAMED/Saved/Autosaves/Game/BP/MyGameinstance_Auto1.uasset'
[2016.12.02-17.02.01:985][479]LogSavePackage:Display: Finished SavePackage ../../../../../../Users/jcy/Documents/GitHub/UNNAMED/UNNAMED/Saved/Autosaves/Game/BP/MyGameinstance_Auto1.uasset
[2016.12.02-17.02.01:988][479]OBJ SavePackage: Generating thumbnails for [0] asset(s) in package [/Game/server/W_MPHUD] ([1] browsable assets)...
[2016.12.02-17.02.01:988][479]OBJ SavePackage: Finished generating thumbnails for package [/Game/server/W_MPHUD]
[2016.12.02-17.02.01:988][479]Cmd: OBJ SAVEPACKAGE PACKAGE="/Game/server/W_MPHUD" FILE="../../../../../../Users/jcy/Documents/GitHub/UNNAMED/UNNAMED/Saved/Autosaves/Game/server/W_MPHUD_Auto1.uasset" SILENT=false AUTOSAVING=true
[2016.12.02-17.02.02:055][479]LogSavePackage: Save=62.04ms
[2016.12.02-17.02.02:055][479]LogSavePackage: Moving '../../../../../../Users/jcy/Documents/GitHub/UNNAMED/UNNAMED/Saved/W_MPHUD_Auto1B744BBB14FFFFCC0CAEC3E82A7FE8CC3.tmp' to '../../../../../../Users/jcy/Documents/GitHub/UNNAMED/UNNAMED/Saved/Autosaves/Game/server/W_MPHUD_Auto1.uasset'
[2016.12.02-17.02.02:060][479]LogSavePackage:Display: Finished SavePackage ../../../../../../Users/jcy/Documents/GitHub/UNNAMED/UNNAMED/Saved/Autosaves/Game/server/W_MPHUD_Auto1.uasset
[2016.12.02-17.02.02:061][479]LogFileHelpers: Auto-saving content packages took 0.581
[2016.12.02-17.04.17:336][706]BlueprintLog: New page: Compile MYplayerstate
[2016.12.02-17.04.18:187][706]BlueprintEditorCompileResults: Info [1234.88] Compile of MYplayerstate successful! [in 850 ms] (/Game/BP/MYplayerstate.MYplayerstate)
[2016.12.02-17.15.15:573][487]BlueprintLog: New page: Compile W_playerlistrow
[2016.12.02-17.15.15:990][487]BlueprintEditorCompileResults: Info [1892.68] Compile of W_playerlistrow successful! [in 415 ms] (/Game/server/W_playerlistrow.W_playerlistrow)
[2016.12.02-17.15.58:626][ 82]BlueprintLog: New page: Compile W_MPHUD
[2016.12.02-17.15.58:660][ 82]LogBlueprint:Error: Compiler Error Wrong class to spawn '/Game/server/W_playerlistrow.W_playerlistrow_C' in  Construct Object from Class 
[2016.12.02-17.15.59:282][ 82]LogBlueprint:Warning: Compiler Warning [1935.98] Compile of W_MPHUD failed. 1 Fatal Issue(s) 0 Warning(s) [in 654 ms] (/Game/server/W_MPHUD.W_MPHUD)
[2016.12.02-17.15.59:282][ 82]BlueprintEditorCompileResults:Error: Error Wrong class to spawn '/Game/server/W_playerlistrow.W_playerlistrow_C' in  Construct Object from Class 
[2016.12.02-17.15.59:282][ 82]BlueprintEditorCompileResults:Warning: Warning [1935.98] Compile of W_MPHUD failed. 1 Fatal Issue(s) 0 Warning(s) [in 654 ms] (/Game/server/W_MPHUD.W_MPHUD)
[2016.12.02-17.16.13:940][301]BlueprintLog: New page: Compile W_playerlistrow
[2016.12.02-17.16.14:245][301]BlueprintEditorCompileResults: Info [1950.94] Compile of W_playerlistrow successful! [in 304 ms] (/Game/server/W_playerlistrow.W_playerlistrow)
[2016.12.02-17.16.50:083][819]Cmd: OBJ SAVEPACKAGE PACKAGE="/Game/server/W_playerlistrow" FILE="../../../../../../Users/jcy/Documents/GitHub/UNNAMED/UNNAMED/Content/server/W_playerlistrow.uasset" SILENT=true
[2016.12.02-17.16.50:138][819]LogSavePackage: Save=39.97ms
[2016.12.02-17.16.50:138][819]LogSavePackage: Moving '../../../../../../Users/jcy/Documents/GitHub/UNNAMED/UNNAMED/Saved/W_playerlistrow0470A7ED472B566A99E5AE95F97289D0.tmp' to '../../../../../../Users/jcy/Documents/GitHub/UNNAMED/UNNAMED/Content/server/W_playerlistrow.uasset'
[2016.12.02-17.16.50:152][819]LogSavePackage:Display: Finished SavePackage ../../../../../../Users/jcy/Documents/GitHub/UNNAMED/UNNAMED/Content/server/W_playerlistrow.uasset
[2016.12.02-17.20.47:056][778]BlueprintLog: New page: Compile W_MPHUD
[2016.12.02-17.20.47:106][778]LogBlueprint:Error: Compiler Error Wrong class to spawn '/Game/server/W_playerlistrow.W_playerlistrow_C' in  Construct Object from Class 
[2016.12.02-17.20.47:151][778]LogBlueprint:Error: Compiler Error The type of  Array  is undetermined.  Connect something to  ForEachLoop  to imply a specific type.
[2016.12.02-17.20.47:151][778]LogBlueprint:Error: Compiler Error The type of  Target Array  is undetermined.  Connect something to  ForEachLoop  to imply a specific type.
[2016.12.02-17.20.47:151][778]LogBlueprint:Error: Compiler Error The type of  Target Array  is undetermined.  Connect something to  ForEachLoop  to imply a specific type.
[2016.12.02-17.20.47:194][778]LogBlueprint:Error: Compiler Error The type of  Item  is undetermined.  Connect something to  ForEachLoop  to imply a specific type.
[2016.12.02-17.20.47:888][778]LogBlueprint:Warning: Compiler Warning [2224.58] Compile of W_MPHUD failed. 5 Fatal Issue(s) 0 Warning(s) [in 832 ms] (/Game/server/W_MPHUD.W_MPHUD)
[2016.12.02-17.20.47:888][778]BlueprintEditorCompileResults:Error: Error Wrong class to spawn '/Game/server/W_playerlistrow.W_playerlistrow_C' in  Construct Object from Class 
[2016.12.02-17.20.47:889][778]BlueprintEditorCompileResults:Error: Error The type of  Array  is undetermined.  Connect something to  ForEachLoop  to imply a specific type.
[2016.12.02-17.20.47:889][778]BlueprintEditorCompileResults:Error: Error The type of  Target Array  is undetermined.  Connect something to  ForEachLoop  to imply a specific type.
[2016.12.02-17.20.47:889][778]BlueprintEditorCompileResults:Error: Error The type of  Target Array  is undetermined.  Connect something to  ForEachLoop  to imply a specific type.
[2016.12.02-17.20.47:889][778]BlueprintEditorCompileResults:Error: Error The type of  Item  is undetermined.  Connect something to  ForEachLoop  to imply a specific type.
[2016.12.02-17.20.47:889][778]BlueprintEditorCompileResults:Warning: Warning [2224.58] Compile of W_MPHUD failed. 5 Fatal Issue(s) 0 Warning(s) [in 832 ms] (/Game/server/W_MPHUD.W_MPHUD)
[2016.12.02-17.23.47:303][612]BlueprintLog: New page: Compile W_MPHUD
[2016.12.02-17.23.47:358][612]LogBlueprint:Error: Compiler Error Wrong class to spawn '/Game/server/W_playerlistrow.W_playerlistrow_C' in  Construct Object from Class 
[2016.12.02-17.23.47:999][612]LogBlueprint:Warning: Compiler Warning [2404.69] Compile of W_MPHUD failed. 1 Fatal Issue(s) 0 Warning(s) [in 695 ms] (/Game/server/W_MPHUD.W_MPHUD)
[2016.12.02-17.23.47:999][612]BlueprintEditorCompileResults:Error: Error Wrong class to spawn '/Game/server/W_playerlistrow.W_playerlistrow_C' in  Construct Object from Class 
[2016.12.02-17.23.47:999][612]BlueprintEditorCompileResults:Warning: Warning [2404.69] Compile of W_MPHUD failed. 1 Fatal Issue(s) 0 Warning(s) [in 695 ms] (/Game/server/W_MPHUD.W_MPHUD)
[2016.12.02-17.26.27:706][677]BlueprintLog: New page: Compile W_MPHUD
[2016.12.02-17.26.27:763][677]LogBlueprint:Error: Compiler Error Wrong class to spawn '/Game/server/W_playerlistrow.W_playerlistrow_C' in  Construct Object from Class 
[2016.12.02-17.26.28:426][677]LogBlueprint:Warning: Compiler Warning [2565.12] Compile of W_MPHUD failed. 1 Fatal Issue(s) 0 Warning(s) [in 719 ms] (/Game/server/W_MPHUD.W_MPHUD)
[2016.12.02-17.26.28:426][677]BlueprintEditorCompileResults:Error: Error Wrong class to spawn '/Game/server/W_playerlistrow.W_playerlistrow_C' in  Construct Object from Class 
[2016.12.02-17.26.28:426][677]BlueprintEditorCompileResults:Warning: Warning [2565.12] Compile of W_MPHUD failed. 1 Fatal Issue(s) 0 Warning(s) [in 719 ms] (/Game/server/W_MPHUD.W_MPHUD)
[2016.12.02-17.27.34:386][374]BlueprintLog: New page: Compile W_MPHUD
[2016.12.02-17.27.34:450][374]LogBlueprint:Error: Compiler Error Wrong class to spawn '/Game/server/W_playerlistrow.W_playerlistrow_C' in  Construct Object from Class 
[2016.12.02-17.27.35:116][374]LogBlueprint:Warning: Compiler Warning [2631.81] Compile of W_MPHUD failed. 1 Fatal Issue(s) 0 Warning(s) [in 729 ms] (/Game/server/W_MPHUD.W_MPHUD)
[2016.12.02-17.27.35:116][374]BlueprintEditorCompileResults:Error: Error Wrong class to spawn '/Game/server/W_playerlistrow.W_playerlistrow_C' in  Construct Object from Class 
[2016.12.02-17.27.35:116][374]BlueprintEditorCompileResults:Warning: Warning [2631.81] Compile of W_MPHUD failed. 1 Fatal Issue(s) 0 Warning(s) [in 729 ms] (/Game/server/W_MPHUD.W_MPHUD)
[2016.12.02-17.30.10:814][371]BlueprintLog: New page: Compile W_MPHUD
[2016.12.02-17.30.10:871][371]LogBlueprint:Error: Compiler Error Wrong class to spawn '/Game/server/W_playerlistrow.W_playerlistrow_C' in  Construct Object from Class 
[2016.12.02-17.30.11:453][371]LogBlueprint:Warning: Compiler Warning [2788.15] Compile of W_MPHUD failed. 1 Fatal Issue(s) 0 Warning(s) [in 638 ms] (/Game/server/W_MPHUD.W_MPHUD)
[2016.12.02-17.30.11:453][371]BlueprintEditorCompileResults:Error: Error Wrong class to spawn '/Game/server/W_playerlistrow.W_playerlistrow_C' in  Construct Object from Class 
[2016.12.02-17.30.11:453][371]BlueprintEditorCompileResults:Warning: Warning [2788.15] Compile of W_MPHUD failed. 1 Fatal Issue(s) 0 Warning(s) [in 638 ms] (/Game/server/W_MPHUD.W_MPHUD)
[2016.12.02-17.30.38:894][491]BlueprintLog: New page: Compile W_playerlistrow
[2016.12.02-17.30.39:257][491]BlueprintEditorCompileResults: Info [2815.95] Compile of W_playerlistrow successful! [in 362 ms] (/Game/server/W_playerlistrow.W_playerlistrow)
[2016.12.02-17.30.40:425][536]Cmd: OBJ SAVEPACKAGE PACKAGE="/Game/server/W_playerlistrow" FILE="../../../../../../Users/jcy/Documents/GitHub/UNNAMED/UNNAMED/Content/server/W_playerlistrow.uasset" SILENT=true
[2016.12.02-17.30.40:626][536]LogSavePackage: Save=36.29ms
[2016.12.02-17.30.40:628][536]LogSavePackage: Moving '../../../../../../Users/jcy/Documents/GitHub/UNNAMED/UNNAMED/Saved/W_playerlistrowD51CF3EB417E7B1E32A905A9B8057528.tmp' to '../../../../../../Users/jcy/Documents/GitHub/UNNAMED/UNNAMED/Content/server/W_playerlistrow.uasset'
[2016.12.02-17.30.40:632][536]LogSavePackage:Display: Finished SavePackage ../../../../../../Users/jcy/Documents/GitHub/UNNAMED/UNNAMED/Content/server/W_playerlistrow.uasset
[2016.12.02-17.31.14:949][ 90]LogFileHelpers: Editor autosave (incl. sublevels) for '/Game/Map/Main' took 0.106
[2016.12.02-17.31.14:955][ 90]OBJ SavePackage: Generating thumbnails for [0] asset(s) in package [/Game/BP/MYplayerstate] ([1] browsable assets)...
[2016.12.02-17.31.14:956][ 90]OBJ SavePackage: Finished generating thumbnails for package [/Game/BP/MYplayerstate]
[2016.12.02-17.31.14:956][ 90]Cmd: OBJ SAVEPACKAGE PACKAGE="/Game/BP/MYplayerstate" FILE="../../../../../../Users/jcy/Documents/GitHub/UNNAMED/UNNAMED/Saved/Autosaves/Game/BP/MYplayerstate_Auto2.uasset" SILENT=false AUTOSAVING=true
[2016.12.02-17.31.15:209][ 90]LogSavePackage: Save=37.36ms
[2016.12.02-17.31.15:209][ 90]LogSavePackage: Moving '../../../../../../Users/jcy/Documents/GitHub/UNNAMED/UNNAMED/Saved/MYplayerstate_Auto2DDB6553842E9CC5E1F4307AF9CFECF71.tmp' to '../../../../../../Users/jcy/Documents/GitHub/UNNAMED/UNNAMED/Saved/Autosaves/Game/BP/MYplayerstate_Auto2.uasset'
[2016.12.02-17.31.15:213][ 90]LogSavePackage:Display: Finished SavePackage ../../../../../../Users/jcy/Documents/GitHub/UNNAMED/UNNAMED/Saved/Autosaves/Game/BP/MYplayerstate_Auto2.uasset
[2016.12.02-17.31.15:217][ 90]OBJ SavePackage: Generating thumbnails for [0] asset(s) in package [/Game/server/W_MPHUD] ([1] browsable assets)...
[2016.12.02-17.31.15:217][ 90]OBJ SavePackage: Finished generating thumbnails for package [/Game/server/W_MPHUD]
[2016.12.02-17.31.15:217][ 90]Cmd: OBJ SAVEPACKAGE PACKAGE="/Game/server/W_MPHUD" FILE="../../../../../../Users/jcy/Documents/GitHub/UNNAMED/UNNAMED/Saved/Autosaves/Game/server/W_MPHUD_Auto2.uasset" SILENT=false AUTOSAVING=true
[2016.12.02-17.31.15:376][ 90]LogSavePackage: Save=153.72ms
[2016.12.02-17.31.15:378][ 90]LogSavePackage: Moving '../../../../../../Users/jcy/Documents/GitHub/UNNAMED/UNNAMED/Saved/W_MPHUD_Auto287086B8D4EDC5E5BC6AB01BEA4D7E97F.tmp' to '../../../../../../Users/jcy/Documents/GitHub/UNNAMED/UNNAMED/Saved/Autosaves/Game/server/W_MPHUD_Auto2.uasset'
[2016.12.02-17.31.15:381][ 90]LogSavePackage:Display: Finished SavePackage ../../../../../../Users/jcy/Documents/GitHub/UNNAMED/UNNAMED/Saved/Autosaves/Game/server/W_MPHUD_Auto2.uasset
[2016.12.02-17.31.15:381][ 90]LogFileHelpers: Auto-saving content packages took 0.431
[2016.12.02-17.33.16:418][ 44]LogSlate:Warning: Prevented a slow task dialog from being summoned while a context menu was open
[2016.12.02-17.33.29:591][552]BlueprintLog: New page: Compile W_MPHUD
[2016.12.02-17.33.29:979][552]BlueprintEditorCompileResults: Info [2986.67] Compile of W_MPHUD successful! [in 387 ms] (/Game/server/W_MPHUD.W_MPHUD)
[2016.12.02-17.34.22:827][223]Cmd: OBJ SAVEPACKAGE PACKAGE="/Game/server/W_MPHUD" FILE="../../../../../../Users/jcy/Documents/GitHub/UNNAMED/UNNAMED/Content/server/W_MPHUD.uasset" SILENT=true
[2016.12.02-17.34.23:015][223]LogSavePackage: Save=183.67ms
[2016.12.02-17.34.23:015][223]LogSavePackage: Moving '../../../../../../Users/jcy/Documents/GitHub/UNNAMED/UNNAMED/Saved/W_MPHUD8BF9AB654A3AA837C730EC8C3E371457.tmp' to '../../../../../../Users/jcy/Documents/GitHub/UNNAMED/UNNAMED/Content/server/W_MPHUD.uasset'
[2016.12.02-17.34.23:048][223]LogSavePackage:Display: Finished SavePackage ../../../../../../Users/jcy/Documents/GitHub/UNNAMED/UNNAMED/Content/server/W_MPHUD.uasset
[2016.12.02-17.34.23:468][235]BlueprintLog: New page: Compile W_MPHUD
[2016.12.02-17.34.23:918][235]BlueprintEditorCompileResults: Info [3040.61] Compile of W_MPHUD successful! [in 449 ms] (/Game/server/W_MPHUD.W_MPHUD)
[2016.12.02-17.34.26:193][266]LogActorComponent: UnregisterComponent: (/Engine/Transient.EditorFloorComp) Not registered. Aborting.
[2016.12.02-17.34.32:638][591]LogText:Warning: Failed to parse argument "GameModeName" as a number (using "0" as a fallback). Please check your format string for errors: "GameMode: Edit {GameModeName}".
[2016.12.02-17.34.32:639][591]LogText:Warning: Failed to parse argument "GameModeName" as a number (using "0" as a fallback). Please check your format string for errors: "GameMode: Edit {GameModeName}".
[2016.12.02-17.35.54:464][887]BlueprintLog: New page: Compile Main
[2016.12.02-17.35.54:806][887]BlueprintEditorCompileResults: Info [3131.50] Compile of PersistentLevel.Main successful! [in 341 ms] (/Game/Map/Main.Main:PersistentLevel.Main)
[2016.12.02-17.41.16:184][260]Cmd: OBJ SAVEPACKAGE PACKAGE="/Game/Map/Main" FILE="../../../../../../Users/jcy/Documents/GitHub/UNNAMED/UNNAMED/Saved/Autosaves/Game/Map/Main_Auto3.umap" SILENT=true AUTOSAVING=true KEEPDIRTY=false
[2016.12.02-17.41.16:644][260]LogSavePackage: Save=293.79ms
[2016.12.02-17.41.16:644][260]LogSavePackage: Moving '../../../../../../Users/jcy/Documents/GitHub/UNNAMED/UNNAMED/Saved/Main_Auto38AFE89824AFC453042B6CDA26544C3E0.tmp' to '../../../../../../Users/jcy/Documents/GitHub/UNNAMED/UNNAMED/Saved/Autosaves/Game/Map/Main_Auto3.umap'
[2016.12.02-17.41.16:648][260]LogSavePackage:Display: Finished SavePackage ../../../../../../Users/jcy/Documents/GitHub/UNNAMED/UNNAMED/Saved/Autosaves/Game/Map/Main_Auto3.umap
[2016.12.02-17.41.16:657][260]LogFileHelpers: Editor autosave (incl. sublevels) for '/Game/Map/Main' took 0.555
[2016.12.02-17.41.16:657][260]LogFileHelpers: Editor autosave (incl. sublevels) for all levels took 0.555
[2016.12.02-17.43.37:088][103]LogAIModule: Creating AISystem for world dd
[2016.12.02-17.43.38:285][103]Cmd: OBJ SAVEPACKAGE PACKAGE="/Game/BP/MyGameinstance" FILE="../../../../../../Users/jcy/Documents/GitHub/UNNAMED/UNNAMED/Content/BP/MyGameinstance.uasset" SILENT=true
[2016.12.02-17.43.38:761][103]LogSavePackage: Save=286.39ms
[2016.12.02-17.43.38:761][103]LogSavePackage: Moving '../../../../../../Users/jcy/Documents/GitHub/UNNAMED/UNNAMED/Saved/MyGameinstance2A557AFC4821B3CC96FB0D988AA97C71.tmp' to '../../../../../../Users/jcy/Documents/GitHub/UNNAMED/UNNAMED/Content/BP/MyGameinstance.uasset'
[2016.12.02-17.43.38:775][103]LogSavePackage:Display: Finished SavePackage ../../../../../../Users/jcy/Documents/GitHub/UNNAMED/UNNAMED/Content/BP/MyGameinstance.uasset
[2016.12.02-17.43.38:776][103]Cmd: OBJ SAVEPACKAGE PACKAGE="/Game/BP/MYplayerstate" FILE="../../../../../../Users/jcy/Documents/GitHub/UNNAMED/UNNAMED/Content/BP/MYplayerstate.uasset" SILENT=true
[2016.12.02-17.43.39:023][103]LogSavePackage: Save=86.32ms
[2016.12.02-17.43.39:023][103]LogSavePackage: Moving '../../../../../../Users/jcy/Documents/GitHub/UNNAMED/UNNAMED/Saved/MYplayerstateA007D3FF4E6779FC184696A035E27949.tmp' to '../../../../../../Users/jcy/Documents/GitHub/UNNAMED/UNNAMED/Content/BP/MYplayerstate.uasset'
[2016.12.02-17.43.39:035][103]LogSavePackage:Display: Finished SavePackage ../../../../../../Users/jcy/Documents/GitHub/UNNAMED/UNNAMED/Content/BP/MYplayerstate.uasset
[2016.12.02-17.43.42:297][103]Cmd: OBJ SAVEPACKAGE PACKAGE="/Game/Map/Main" FILE="../../../../../../Users/jcy/Documents/GitHub/UNNAMED/UNNAMED/Content/Map/Main.umap" SILENT=true AUTOSAVING=false KEEPDIRTY=false
[2016.12.02-17.43.42:819][103]LogSavePackage: Save=300.25ms
[2016.12.02-17.43.42:819][103]LogSavePackage: Moving '../../../../../../Users/jcy/Documents/GitHub/UNNAMED/UNNAMED/Saved/Main3C7D707D42E23FB4141648B6085419A1.tmp' to '../../../../../../Users/jcy/Documents/GitHub/UNNAMED/UNNAMED/Content/Map/Main.umap'
[2016.12.02-17.43.42:835][103]LogSavePackage:Display: Finished SavePackage ../../../../../../Users/jcy/Documents/GitHub/UNNAMED/UNNAMED/Content/Map/Main.umap
[2016.12.02-17.43.43:038][103]LogFileHelpers: Saving map 'Main' took 3.997
[2016.12.02-17.43.43:055][103]Cmd: MAP LOAD FILE="../../../../../../Users/jcy/Documents/GitHub/UNNAMED/UNNAMED/Content/Map/dd.umap" TEMPLATE=0 SHOWPROGRESS=1 FEATURELEVEL=3
[2016.12.02-17.43.43:055][103]LightingResults: New page: Lighting Build
[2016.12.02-17.43.43:058][103]LoadErrors: New page: Loading map: dd.umap
[2016.12.02-17.43.43:059][103]MapCheck: New page: Map Check
[2016.12.02-17.43.43:059][103]LightingResults: New page: Lighting Build
[2016.12.02-17.43.44:764][103]LogEditorServer: Finished looking for orphan Actors (0.000 secs)
[2016.12.02-17.43.44:906][103]Cmd: MAP CHECKDEP NOCLEARLOG
[2016.12.02-17.43.45:045][103]MapCheck: Info Map check complete: 0 Error(s), 0 Warning(s), took 139.037ms to complete.
[2016.12.02-17.43.45:046][103]LogFileHelpers: Loading map 'dd' took 2.008
[2016.12.02-17.43.55:351][663]LogText:Warning: Failed to parse argument "GameModeName" as a number (using "0" as a fallback). Please check your format string for errors: "GameMode: Edit {GameModeName}".
[2016.12.02-17.43.55:351][663]LogText:Warning: Failed to parse argument "GameModeName" as a number (using "0" as a fallback). Please check your format string for errors: "GameMode: Edit {GameModeName}".
[2016.12.02-17.45.28:645][575]BlueprintLog: New page: Compile dd
[2016.12.02-17.45.28:911][575]BlueprintEditorCompileResults: Info [3705.61] Compile of PersistentLevel.dd successful! [in 265 ms] (/Game/Map/dd.dd:PersistentLevel.dd)
[2016.12.02-17.45.39:815][931]LogEditorViewport: Clicking on Actor (CTRL LMB): StaticMeshActor (Cube)
[2016.12.02-17.45.41:006][931]Cmd: OBJ SAVEPACKAGE PACKAGE="/Game/Map/dd" FILE="../../../../../../Users/jcy/Documents/GitHub/UNNAMED/UNNAMED/Content/Map/dd.umap" SILENT=true AUTOSAVING=false KEEPDIRTY=false
[2016.12.02-17.45.41:899][931]LogSavePackage: Save=533.06ms
[2016.12.02-17.45.41:899][931]LogSavePackage: Moving '../../../../../../Users/jcy/Documents/GitHub/UNNAMED/UNNAMED/Saved/dd32A9DF0D46F995262D8E548898D9B880.tmp' to '../../../../../../Users/jcy/Documents/GitHub/UNNAMED/UNNAMED/Content/Map/dd.umap'
[2016.12.02-17.45.41:912][931]LogSavePackage:Display: Finished SavePackage ../../../../../../Users/jcy/Documents/GitHub/UNNAMED/UNNAMED/Content/Map/dd.umap
[2016.12.02-17.45.42:130][931]LogFileHelpers: Saving map 'dd' took 1.363
[2016.12.02-17.47.05:386][513]LogSlate:Warning: Prevented a slow task dialog from being summoned while a context menu was open
[2016.12.02-17.47.29:062][867]LogUObjectGlobals:Warning: Failed to find object 'Class None.None'
[2016.12.02-17.49.12:250][444]BlueprintLog: New page: Compile playercon
[2016.12.02-17.49.12:752][444]BlueprintEditorCompileResults: Info [3929.45] Compile of playercon successful! [in 501 ms] (/Game/BP/playercon.playercon)
[2016.12.02-17.49.13:319][461]Cmd: OBJ SAVEPACKAGE PACKAGE="/Game/BP/playercon" FILE="../../../../../../Users/jcy/Documents/GitHub/UNNAMED/UNNAMED/Content/BP/playercon.uasset" SILENT=true
[2016.12.02-17.49.13:553][461]LogSavePackage: Save=66.11ms
[2016.12.02-17.49.13:553][461]LogSavePackage: Moving '../../../../../../Users/jcy/Documents/GitHub/UNNAMED/UNNAMED/Saved/playerconA9EC8F884435E32036E8DE9F7F309FD0.tmp' to '../../../../../../Users/jcy/Documents/GitHub/UNNAMED/UNNAMED/Content/BP/playercon.uasset'
[2016.12.02-17.49.13:560][461]LogSavePackage:Display: Finished SavePackage ../../../../../../Users/jcy/Documents/GitHub/UNNAMED/UNNAMED/Content/BP/playercon.uasset
[2016.12.02-17.49.32:269][910]Cmd: OBJ SAVEPACKAGE PACKAGE="/Game/BP/MyGameMode" FILE="../../../../../../Users/jcy/Documents/GitHub/UNNAMED/UNNAMED/Content/BP/MyGameMode.uasset" SILENT=true
[2016.12.02-17.49.32:652][910]LogSavePackage: Save=203.31ms
[2016.12.02-17.49.32:652][910]LogSavePackage: Moving '../../../../../../Users/jcy/Documents/GitHub/UNNAMED/UNNAMED/Saved/MyGameMode2AE33C4649CC134B3531A49143AFEECF.tmp' to '../../../../../../Users/jcy/Documents/GitHub/UNNAMED/UNNAMED/Content/BP/MyGameMode.uasset'
[2016.12.02-17.49.32:660][910]LogSavePackage:Display: Finished SavePackage ../../../../../../Users/jcy/Documents/GitHub/UNNAMED/UNNAMED/Content/BP/MyGameMode.uasset
[2016.12.02-17.49.34:290][910]LogWindowsTextInputMethodSystem:Display: IME system now activated using TSF (Microsoft 입력기).
[2016.12.02-17.49.34:705][911]Cmd: QUIT_EDITOR
[2016.12.02-17.49.34:915][911]LogExit: Preparing to exit.
[2016.12.02-17.49.35:692][911]LogExit: Editor shut down
[2016.12.02-17.49.35:695][911]LogExit: Transaction tracking system shut down
[2016.12.02-17.49.36:321][911]LogObj: Freed 0b from 0 cluster array pools.
[2016.12.02-17.49.36:322][911]LogExit: Object subsystem successfully closed.
[2016.12.02-17.49.36:363][911]LogD3D11RHI: Shutdown
[2016.12.02-17.49.36:363][911]LogD3D11RHI: CleanupD3DDevice
[2016.12.02-17.49.36:557][911]LogD3D11RHI: ~FD3D11DynamicRHI
[2016.12.02-17.49.36:595][911]LogModuleManager: Shutting down and abandoning module SequencerWidgets (218)
[2016.12.02-17.49.36:595][911]LogModuleManager: Shutting down and abandoning module BlueprintGraph (217)
[2016.12.02-17.49.36:595][911]LogModuleManager: Shutting down and abandoning module HierarchicalLODOutliner (216)
[2016.12.02-17.49.36:595][911]LogModuleManager: Shutting down and abandoning module WidgetCarousel (215)
[2016.12.02-17.49.36:595][911]LogModuleManager: Shutting down and abandoning module AddContentDialog (214)
[2016.12.02-17.49.36:613][911]LogModuleManager: Shutting down and abandoning module GameplayTags (213)
[2016.12.02-17.49.36:613][911]LogModuleManager: Shutting down and abandoning module EditorWidgets (212)
[2016.12.02-17.49.36:613][911]LogModuleManager: Shutting down and abandoning module CollectionManager (211)
[2016.12.02-17.49.36:614][911]LogModuleManager: Shutting down and abandoning module CrashTracker (210)
[2016.12.02-17.49.36:614][911]LogModuleManager: Shutting down and abandoning module SceneOutliner (209)
[2016.12.02-17.49.36:614][911]LogModuleManager: Shutting down and abandoning module StatsViewer (208)
[2016.12.02-17.49.36:614][911]LogModuleManager: Shutting down and abandoning module FoliageEdit (207)
[2016.12.02-17.49.36:614][911]LogModuleManager: Shutting down and abandoning module LandscapeEditor (206)
[2016.12.02-17.49.36:614][911]LogModuleManager: Shutting down and abandoning module SceneDepthPickerMode (205)
[2016.12.02-17.49.36:615][911]LogModuleManager: Shutting down and abandoning module ActorPickerMode (204)
[2016.12.02-17.49.36:615][911]LogModuleManager: Shutting down and abandoning module GeometryMode (203)
[2016.12.02-17.49.36:615][911]LogModuleManager: Shutting down and abandoning module TextureAlignMode (202)
[2016.12.02-17.49.36:615][911]LogModuleManager: Shutting down and abandoning module BspMode (201)
[2016.12.02-17.49.36:615][911]LogModuleManager: Shutting down and abandoning module HardwareSurvey (200)
[2016.12.02-17.49.36:615][911]LogModuleManager: Shutting down and abandoning module SequenceRecorderSections (199)
[2016.12.02-17.49.36:615][911]LogModuleManager: Shutting down and abandoning module SequenceRecorder (198)
[2016.12.02-17.49.36:615][911]LogModuleManager: Shutting down and abandoning module AutomationWorker (197)
[2016.12.02-17.49.36:615][911]LogModuleManager: Shutting down and abandoning module MatineeToLevelSequence (196)
[2016.12.02-17.49.36:615][911]LogModuleManager: Shutting down and abandoning module PlacementMode (195)
[2016.12.02-17.49.36:615][911]LogModuleManager: Shutting down and abandoning module LevelSequenceEditor (194)
[2016.12.02-17.49.36:616][911]LogModuleManager: Shutting down and abandoning module CharacterAI (193)
[2016.12.02-17.49.36:616][911]LogModuleManager: Shutting down and abandoning module SmartSnapping (192)
[2016.12.02-17.49.36:616][911]LogModuleManager: Shutting down and abandoning module SessionServices (191)
[2016.12.02-17.49.36:616][911]LogModuleManager: Shutting down and abandoning module ViewportSnapping (190)
[2016.12.02-17.49.36:616][911]LogModuleManager: Shutting down and abandoning module LogVisualizer (189)
[2016.12.02-17.49.36:616][911]LogModuleManager: Shutting down and abandoning module GameProjectGeneration (188)
[2016.12.02-17.49.36:616][911]LogModuleManager: Shutting down and abandoning module IntroTutorials (187)
[2016.12.02-17.49.36:617][911]LogModuleManager: Shutting down and abandoning module EditorLiveStreaming (186)
[2016.12.02-17.49.36:617][911]LogModuleManager: Shutting down and abandoning module IOSPlatformEditor (185)
[2016.12.02-17.49.36:617][911]LogModuleManager: Shutting down and abandoning module HTML5PlatformEditor (184)
[2016.12.02-17.49.36:617][911]LogModuleManager: Shutting down and abandoning module AndroidDeviceDetection (183)
[2016.12.02-17.49.36:830][911]LogModuleManager: Shutting down and abandoning module AndroidPlatformEditor (182)
[2016.12.02-17.49.36:830][911]LogModuleManager: Shutting down and abandoning module IOSRuntimeSettings (181)
[2016.12.02-17.49.36:830][911]LogModuleManager: Shutting down and abandoning module AndroidRuntimeSettings (180)
[2016.12.02-17.49.36:830][911]LogModuleManager: Shutting down and abandoning module MergeActors (179)
[2016.12.02-17.49.36:830][911]LogModuleManager: Shutting down and abandoning module SizeMap (178)
[2016.12.02-17.49.36:830][911]LogModuleManager: Shutting down and abandoning module TreeMap (177)
[2016.12.02-17.49.36:830][911]LogModuleManager: Shutting down and abandoning module ReferenceViewer (176)
[2016.12.02-17.49.36:830][911]LogModuleManager: Shutting down and abandoning module LocalizationService (175)
[2016.12.02-17.49.36:830][911]LogModuleManager: Shutting down and abandoning module LocalizationDashboard (174)
[2016.12.02-17.49.36:830][911]LogModuleManager: Shutting down and abandoning module HardwareTargeting (173)
[2016.12.02-17.49.36:830][911]LogModuleManager: Shutting down and abandoning module DeviceProfileEditor (172)
[2016.12.02-17.49.36:830][911]LogModuleManager: Shutting down and abandoning module UndoHistory (171)
[2016.12.02-17.49.36:830][911]LogModuleManager: Shutting down and abandoning module UserFeedback (170)
[2016.12.02-17.49.36:830][911]LogModuleManager: Shutting down and abandoning module XmlParser (169)
[2016.12.02-17.49.36:830][911]LogModuleManager: Shutting down and abandoning module Blutility (168)
[2016.12.02-17.49.36:831][911]LogModuleManager: Shutting down and abandoning module ProjectTargetPlatformEditor (167)
[2016.12.02-17.49.36:831][911]LogModuleManager: Shutting down and abandoning module ProjectSettingsViewer (166)
[2016.12.02-17.49.36:831][911]LogModuleManager: Shutting down and abandoning module InputBindingEditor (165)
[2016.12.02-17.49.36:832][911]LogModuleManager: Shutting down and abandoning module EditorSettingsViewer (164)
[2016.12.02-17.49.36:832][911]LogModuleManager: Shutting down and abandoning module SettingsEditor (163)
[2016.12.02-17.49.36:832][911]LogModuleManager: Shutting down and abandoning module ProjectLauncher (162)
[2016.12.02-17.49.36:832][911]LogModuleManager: Shutting down and abandoning module SessionFrontend (161)
[2016.12.02-17.49.36:832][911]LogModuleManager: Shutting down and abandoning module ProfilerClient (160)
[2016.12.02-17.49.36:833][911]LogModuleManager: Shutting down and abandoning module TargetDeviceServices (159)
[2016.12.02-17.49.36:833][911]LogModuleManager: Shutting down and abandoning module DeviceManager (158)
[2016.12.02-17.49.36:877][911]LogModuleManager: Shutting down and abandoning module AutomationController (157)
[2016.12.02-17.49.36:877][911]LogModuleManager: Shutting down and abandoning module AutomationWindow (156)
[2016.12.02-17.49.36:877][911]LogModuleManager: Shutting down and abandoning module Layers (155)
[2016.12.02-17.49.36:877][911]LogModuleManager: Shutting down and abandoning module ComponentVisualizers (154)
[2016.12.02-17.49.36:877][911]LogModuleManager: Shutting down and abandoning module DetailCustomizations (153)
[2016.12.02-17.49.36:877][911]LogModuleManager: Shutting down and abandoning module PackagesDialog (152)
[2016.12.02-17.49.36:878][911]LogModuleManager: Shutting down and abandoning module Persona (151)
[2016.12.02-17.49.36:878][911]LogModuleManager: Shutting down and abandoning module Kismet (150)
[2016.12.02-17.49.36:878][911]LogModuleManager: Shutting down and abandoning module GraphEditor (149)
[2016.12.02-17.49.36:878][911]LogModuleManager: Shutting down and abandoning module ClassViewer (148)
[2016.12.02-17.49.36:881][911]LogModuleManager: Shutting down and abandoning module Toolbox (147)
[2016.12.02-17.49.36:881][911]LogModuleManager: Shutting down and abandoning module ModuleUI (146)
[2016.12.02-17.49.36:882][911]LogModuleManager: Shutting down and abandoning module MovieSceneTools (145)
[2016.12.02-17.49.36:882][911]LogModuleManager: Shutting down and abandoning module OutputLog (144)
[2016.12.02-17.49.36:882][911]LogModuleManager: Shutting down and abandoning module GammaUI (143)
[2016.12.02-17.49.36:882][911]LogModuleManager: Shutting down and abandoning module Documentation (142)
[2016.12.02-17.49.36:886][911]LogModuleManager: Shutting down and abandoning module StreamingPauseRendering (141)
[2016.12.02-17.49.36:887][911]LogModuleManager: Shutting down and abandoning module AnalyticsET (140)
[2016.12.02-17.49.36:887][911]LogModuleManager: Shutting down and abandoning module Analytics (139)
[2016.12.02-17.49.36:887][911]LogModuleManager: Shutting down and abandoning module PortalServices (138)
[2016.12.02-17.49.36:887][911]LogModuleManager: Shutting down and abandoning module PortalRpc (137)
[2016.12.02-17.49.36:887][911]LogModuleManager: Shutting down and abandoning module MessagingRpc (136)
[2016.12.02-17.49.36:887][911]LogModuleManager: Shutting down and abandoning module GameplayDebugger (135)
[2016.12.02-17.49.36:887][911]LogModuleManager: Shutting down and abandoning module AITestSuite (134)
[2016.12.02-17.49.36:887][911]LogModuleManager: Shutting down and abandoning module AIModule (133)
[2016.12.02-17.49.36:887][911]LogModuleManager: Shutting down and abandoning module ProfilerService (132)
[2016.12.02-17.49.37:104][911]LogModuleManager: Shutting down and abandoning module TaskGraph (131)
[2016.12.02-17.49.37:104][911]LogModuleManager: Shutting down and abandoning module SlateRemote (130)
[2016.12.02-17.49.37:104][911]LogModuleManager: Shutting down and abandoning module SteamVRController (129)
[2016.12.02-17.49.37:104][911]LogModuleManager: Shutting down and abandoning module SteamVR (128)
[2016.12.02-17.49.37:104][911]LogModuleManager: Shutting down and abandoning module ProceduralMeshComponent (127)
[2016.12.02-17.49.37:104][911]LogModuleManager: Shutting down and abandoning module OculusLibrary (126)
[2016.12.02-17.49.37:104][911]LogModuleManager: Shutting down and abandoning module OculusInput (125)
[2016.12.02-17.49.37:104][911]LogModuleManager: Shutting down and abandoning module CustomMeshComponent (124)
[2016.12.02-17.49.37:104][911]LogModuleManager: Shutting down and abandoning module CableComponent (123)
[2016.12.02-17.49.37:104][911]LogModuleManager: Shutting down and abandoning module ArchVisCharacter (122)
[2016.12.02-17.49.37:104][911]LogModuleManager: Shutting down and abandoning module MediaPlayerEditor (121)
[2016.12.02-17.49.37:104][911]LogModuleManager: Shutting down and abandoning module HTML5Networking (120)
[2016.12.02-17.49.37:104][911]LogModuleManager: Shutting down and abandoning module SuperSearch (119)
[2016.12.02-17.49.37:104][911]LogModuleManager: Shutting down and abandoning module SuperSearchEditor (118)
[2016.12.02-17.49.37:104][911]LogModuleManager: Shutting down and abandoning module SpeedTreeImporter (117)
[2016.12.02-17.49.37:104][911]LogModuleManager: Shutting down and abandoning module PluginBrowser (116)
[2016.12.02-17.49.37:104][911]LogModuleManager: Shutting down and abandoning module EpicSurvey (115)
[2016.12.02-17.49.37:104][911]LogModuleManager: Shutting down and abandoning module DesktopPlatform (114)
[2016.12.02-17.49.37:105][911]LogModuleManager: Shutting down and abandoning module VisualStudioSourceCodeAccess (113)
[2016.12.02-17.49.37:105][911]LogModuleManager: Shutting down and abandoning module UObjectPlugin (112)
[2016.12.02-17.49.37:105][911]LogModuleManager: Shutting down and abandoning module SubversionSourceControl (111)
[2016.12.02-17.49.37:105][911]LogModuleManager: Shutting down and abandoning module PerforceSourceControl (110)
[2016.12.02-17.49.37:105][911]LogModuleManager: Shutting down and abandoning module SourceControl (109)
[2016.12.02-17.49.37:105][911]LogModuleManager: Shutting down and abandoning module GitSourceControl (108)
[2016.12.02-17.49.37:105][911]LogModuleManager: Shutting down and abandoning module LightPropagationVolumeEditor (107)
[2016.12.02-17.49.37:105][911]LogModuleManager: Shutting down and abandoning module PaperTiledImporter (106)
[2016.12.02-17.49.37:105][911]LogModuleManager: Shutting down and abandoning module PaperSpriteSheetImporter (105)
[2016.12.02-17.49.37:105][911]LogModuleManager: Shutting down and abandoning module MeshPaint (104)
[2016.12.02-17.49.37:105][911]LogModuleManager: Shutting down and abandoning module PixelInspectorModule (103)
[2016.12.02-17.49.37:105][911]LogModuleManager: Shutting down and abandoning module HotReload (102)
[2016.12.02-17.49.37:106][911]LogModuleManager: Shutting down and abandoning module MainFrame (101)
[2016.12.02-17.49.37:106][911]LogModuleManager: Shutting down and abandoning module LevelEditor (100)
[2016.12.02-17.49.37:109][911]LogModuleManager: Shutting down and abandoning module ContentBrowser (99)
[2016.12.02-17.49.37:113][911]LogModuleManager: Shutting down and abandoning module Paper2DEditor (98)
[2016.12.02-17.49.37:113][911]LogModuleManager: Shutting down and abandoning module UdpMessaging (97)
[2016.12.02-17.49.37:214][911]LogModuleManager: Shutting down and abandoning module LightPropagationVolumeRuntime (96)
[2016.12.02-17.49.37:214][911]LogModuleManager: Shutting down and abandoning module Paper2D (95)
[2016.12.02-17.49.37:214][911]LogModuleManager: Shutting down and abandoning module WindowsMoviePlayer (94)
[2016.12.02-17.49.37:214][911]LogModuleManager: Shutting down and abandoning module Media (93)
[2016.12.02-17.49.37:214][911]LogModuleManager: Shutting down and abandoning module WmfMedia (92)
[2016.12.02-17.49.37:214][911]LogModuleManager: Shutting down and abandoning module MediaAssets (91)
[2016.12.02-17.49.37:214][911]LogModuleManager: Shutting down and abandoning module GameLiveStreaming (90)
[2016.12.02-17.49.37:214][911]LogModuleManager: Shutting down and abandoning module GameplayTagsEditor (89)
[2016.12.02-17.49.37:214][911]LogModuleManager: Shutting down and abandoning module OnlineBlueprintSupport (88)
[2016.12.02-17.49.37:214][911]LogModuleManager: Shutting down and abandoning module VREditor (87)
[2016.12.02-17.49.37:214][911]LogModuleManager: Shutting down and abandoning module GameplayTasksEditor (86)
[2016.12.02-17.49.37:214][911]LogModuleManager: Shutting down and abandoning module PropertyEditor (85)
[2016.12.02-17.49.37:215][911]LogModuleManager: Shutting down and abandoning module BehaviorTreeEditor (84)
[2016.12.02-17.49.37:215][911]LogModuleManager: Shutting down and abandoning module FunctionalTesting (83)
[2016.12.02-17.49.37:215][911]LogModuleManager: Shutting down and abandoning module CollisionAnalyzer (82)
[2016.12.02-17.49.37:215][911]LogModuleManager: Shutting down and abandoning module Sequencer (81)
[2016.12.02-17.49.37:216][911]LogModuleManager: Shutting down and abandoning module WorkspaceMenuStructure (80)
[2016.12.02-17.49.37:216][911]LogModuleManager: Shutting down and abandoning module MessageLog (79)
[2016.12.02-17.49.37:216][911]LogModuleManager: Shutting down and abandoning module AssetTools (78)
[2016.12.02-17.49.37:216][911]LogModuleManager: Shutting down and abandoning module UMGEditor (77)
[2016.12.02-17.49.37:216][911]LogModuleManager: Shutting down and abandoning module UMG (76)
[2016.12.02-17.49.37:216][911]LogModuleManager: Shutting down and abandoning module SlateReflector (75)
[2016.12.02-17.49.37:216][911]LogModuleManager: Shutting down and abandoning module Slate (74)
[2016.12.02-17.49.37:216][911]LogModuleManager: Shutting down and abandoning module EditorStyle (73)
[2016.12.02-17.49.37:227][911]LogModuleManager: Shutting down and abandoning module SourceCodeAccess (72)
[2016.12.02-17.49.37:227][911]LogModuleManager: Shutting down and abandoning module HeadMountedDisplay (71)
[2016.12.02-17.49.37:227][911]LogModuleManager: Shutting down and abandoning module XAudio2 (70)
[2016.12.02-17.49.37:227][911]LogModuleManager: Shutting down and abandoning module Networking (69)
[2016.12.02-17.49.37:227][911]LogModuleManager: Shutting down and abandoning module Core (68)
[2016.12.02-17.49.37:228][911]LogModuleManager: Shutting down and abandoning module DirectoryWatcher (67)
[2016.12.02-17.49.37:247][911]LogModuleManager: Shutting down and abandoning module AssetRegistry (66)
[2016.12.02-17.49.37:568][911]LogModuleManager: Shutting down and abandoning module KismetCompiler (65)
[2016.12.02-17.49.37:568][911]LogModuleManager: Shutting down and abandoning module PhysXFormats (64)
[2016.12.02-17.49.37:568][911]LogModuleManager: Shutting down and abandoning module MeshUtilities (63)
[2016.12.02-17.49.37:568][911]LogModuleManager: Shutting down and abandoning module DerivedDataCache (62)
[2016.12.02-17.49.37:645][911]LogDerivedDataCache: Shutdown
[2016.12.02-17.49.37:645][911]LogModuleManager: Shutting down and abandoning module VulkanShaderFormat (61)
[2016.12.02-17.49.37:645][911]LogModuleManager: Shutting down and abandoning module ShaderFormatOpenGL (60)
[2016.12.02-17.49.37:645][911]LogModuleManager: Shutting down and abandoning module ShaderFormatD3D (59)
[2016.12.02-17.49.37:645][911]LogModuleManager: Shutting down and abandoning module MetalShaderFormat (58)
[2016.12.02-17.49.37:646][911]LogModuleManager: Shutting down and abandoning module TextureFormatUncompressed (57)
[2016.12.02-17.49.37:646][911]LogModuleManager: Shutting down and abandoning module TextureFormatPVR (56)
[2016.12.02-17.49.37:646][911]LogModuleManager: Shutting down and abandoning module TextureFormatIntelISPCTexComp (55)
[2016.12.02-17.49.37:646][911]LogModuleManager: Shutting down and abandoning module TextureFormatDXT (54)
[2016.12.02-17.49.37:646][911]LogModuleManager: Shutting down and abandoning module ImageWrapper (53)
[2016.12.02-17.49.37:646][911]LogModuleManager: Shutting down and abandoning module TextureFormatASTC (52)
[2016.12.02-17.49.37:646][911]LogModuleManager: Shutting down and abandoning module TextureFormatAndroid (51)
[2016.12.02-17.49.37:646][911]LogModuleManager: Shutting down and abandoning module AudioFormatOpus (50)
[2016.12.02-17.49.37:646][911]LogModuleManager: Shutting down and abandoning module AudioFormatOgg (49)
[2016.12.02-17.49.37:646][911]LogModuleManager: Shutting down and abandoning module AudioFormatADPCM (48)
[2016.12.02-17.49.37:646][911]LogModuleManager: Shutting down and abandoning module LinuxTargetPlatform (47)
[2016.12.02-17.49.37:647][911]LogModuleManager: Shutting down and abandoning module LinuxServerTargetPlatform (46)
[2016.12.02-17.49.37:647][911]LogModuleManager: Shutting down and abandoning module LinuxNoEditorTargetPlatform (45)
[2016.12.02-17.49.37:647][911]LogModuleManager: Shutting down and abandoning module TVOSTargetPlatform (44)
[2016.12.02-17.49.37:647][911]LogModuleManager: Shutting down and abandoning module Messaging (43)
[2016.12.02-17.49.37:647][911]LogModuleManager: Shutting down and abandoning module IOSTargetPlatform (42)
[2016.12.02-17.49.37:647][911]LogModuleManager: Shutting down and abandoning module HTML5TargetPlatform (41)
[2016.12.02-17.49.37:647][911]LogModuleManager: Shutting down and abandoning module Android_PVRTCTargetPlatform (40)
[2016.12.02-17.49.37:647][911]LogModuleManager: Shutting down and abandoning module Android_MultiTargetPlatform (39)
[2016.12.02-17.49.37:647][911]LogModuleManager: Shutting down and abandoning module Android_ETC2TargetPlatform (38)
[2016.12.02-17.49.37:647][911]LogModuleManager: Shutting down and abandoning module Android_ETC1TargetPlatform (37)
[2016.12.02-17.49.37:647][911]LogModuleManager: Shutting down and abandoning module Android_DXTTargetPlatform (36)
[2016.12.02-17.49.37:647][911]LogModuleManager: Shutting down and abandoning module Android_ATCTargetPlatform (35)
[2016.12.02-17.49.37:648][911]LogModuleManager: Shutting down and abandoning module Android_ASTCTargetPlatform (34)
[2016.12.02-17.49.37:648][911]LogModuleManager: Shutting down and abandoning module AndroidTargetPlatform (33)
[2016.12.02-17.49.37:648][911]LogModuleManager: Shutting down and abandoning module WindowsTargetPlatform (32)
[2016.12.02-17.49.37:648][911]LogModuleManager: Shutting down and abandoning module WindowsServerTargetPlatform (31)
[2016.12.02-17.49.37:648][911]LogModuleManager: Shutting down and abandoning module WindowsNoEditorTargetPlatform (30)
[2016.12.02-17.49.37:648][911]LogModuleManager: Shutting down and abandoning module WindowsClientTargetPlatform (29)
[2016.12.02-17.49.37:648][911]LogModuleManager: Shutting down and abandoning module AllDesktopTargetPlatform (28)
[2016.12.02-17.49.37:648][911]LogModuleManager: Shutting down and abandoning module TargetPlatform (27)
[2016.12.02-17.49.37:648][911]LogModuleManager: Shutting down and abandoning module InputCore (26)
[2016.12.02-17.49.37:648][911]LogModuleManager: Shutting down and abandoning module Settings (25)
[2016.12.02-17.49.37:649][911]LogModuleManager: Shutting down and abandoning module Voice (23)
[2016.12.02-17.49.37:649][911]LogModuleManager: Shutting down and abandoning module OnlineSubsystem (19)
[2016.12.02-17.49.37:649][911]LogOnline:Display: NULL: FOnlineSubsystemNull::Shutdown()
[2016.12.02-17.49.37:651][911]LogOnline:Display: Unloading online subsystem: STEAM
[2016.12.02-17.49.37:651][911]LogOnline:Display: Unloading online subsystem: NULL
[2016.12.02-17.49.37:651][911]LogModuleManager: Shutting down and abandoning module HTTP (18)
[2016.12.02-17.49.40:662][911]LogModuleManager: Shutting down and abandoning module XMPP (17)
[2016.12.02-17.49.40:662][911]LogModuleManager: Shutting down and abandoning module OculusRift (16)
[2016.12.02-17.49.40:662][911]LogModuleManager: Shutting down and abandoning module ExampleDeviceProfileSelector (15)
[2016.12.02-17.49.40:663][911]LogModuleManager: Shutting down and abandoning module TextureCompressor (14)
[2016.12.02-17.49.40:663][911]LogModuleManager: Shutting down and abandoning module ShaderCore (13)
[2016.12.02-17.49.40:663][911]LogModuleManager: Shutting down and abandoning module Landscape (12)
[2016.12.02-17.49.40:663][911]LogModuleManager: Shutting down and abandoning module SlateRHIRenderer (11)
[2016.12.02-17.49.40:733][911]LogModuleManager: Shutting down and abandoning module OpenGLDrv (10)
[2016.12.02-17.49.40:733][911]LogModuleManager: Shutting down and abandoning module D3D11RHI (9)
[2016.12.02-17.49.40:733][911]LogModuleManager: Shutting down and abandoning module AnimGraphRuntime (8)
[2016.12.02-17.49.40:733][911]LogModuleManager: Shutting down and abandoning module Renderer (7)
[2016.12.02-17.49.40:734][911]LogModuleManager: Shutting down and abandoning module Engine (6)
[2016.12.02-17.49.40:734][911]LogModuleManager: Shutting down and abandoning module CoreUObject (5)
[2016.12.02-17.49.40:734][911]LogModuleManager: Shutting down and abandoning module NetworkFile (4)
[2016.12.02-17.49.40:734][911]LogModuleManager: Shutting down and abandoning module StreamingFile (3)
[2016.12.02-17.49.40:734][911]LogModuleManager: Shutting down and abandoning module SandboxFile (2)
[2016.12.02-17.49.40:734][911]LogModuleManager: Shutting down and abandoning module PakFile (1)
[2016.12.02-17.49.40:739][911]LogExit: Exiting.
[2016.12.02-17.49.40:751][911]Log file closed, 12/03/16 02:49:40
