Log file open, 09/27/16 01:33:59
LogInit:Display: Running engine for game: UNNAMED
LogPlatformFile: Not using cached read wrapper
LogInit:Display: RandInit(632332426) SRandInit(632332429).
LogTaskGraph: Started task graph with 4 named threads and 7 total threads with 1 sets of task threads.
LogStats: Stats thread started at 0.287177
LogInit: Version: 4.12.5-3039270+++UE4+Release-4.12
LogInit: API Version: 2992821
LogInit: Net Version: 3039270
LogDevObjectVersion: Number of dev versions registered: 13
LogDevObjectVersion:   Dev-Blueprints (B0D832E4-1F89-4F0D-ACCF-7EB736FD4AA2): 3
LogDevObjectVersion:   Dev-Build (E1C64328-A22C-4D53-A36C-8E866417BD8C): 0
LogDevObjectVersion:   Dev-Core (375EC13C-06E4-48FB-B500-84F0262A717E): 1
LogDevObjectVersion:   Dev-Editor (E4B068ED-F494-42E9-A231-DA0B2E46BB41): 2
LogDevObjectVersion:   Dev-Framework (CFFC743F-43B0-4480-9391-14DF171D2073): 6
LogDevObjectVersion:   Dev-Mobile (B02B49B5-BB20-44E9-A304-32B752E40360): 0
LogDevObjectVersion:   Dev-Networking (A4E4105C-59A1-49B5-A7C5-40C4547EDFEE): 0
LogDevObjectVersion:   Dev-Online (39C831C9-5AE6-47DC-9A44-9C173E1C8E7C): 0
LogDevObjectVersion:   Dev-Physics (78F01B33-EBEA-4F98-B9B4-84EACCB95AA2): 0
LogDevObjectVersion:   Dev-Platform (6631380F-2D4D-43E0-8009-CF276956A95A): 0
LogDevObjectVersion:   Dev-Rendering (12F88B9F-8875-4AFC-A67C-D90C383ABD29): 2
LogDevObjectVersion:   Dev-Sequencer (7B5AE74C-D270-4C10-A958-57980B212A5A): 0
LogDevObjectVersion:   Dev-VR (D7296918-1DD6-4BDD-9DE2-64A83CC13884): 0
LogInit: Compiled (64-bit): Jul  6 2016 09:09:46
LogInit: Compiled with Visual C++: 19.00.23026.00
LogInit: Build Configuration: Development
LogInit: Branch Name: ++UE4+Release-4.12
LogInit: Command line:  
LogInit: Base directory: C:/Program Files (x86)/Epic Games/4.12/Engine/Binaries/Win64/
LogInit: Installed Engine Build: 1
LogInit: Using libcurl 7.41.0
LogInit:  - built for x86_64-pc-win32
LogInit:  - supports SSL with WinSSL
LogInit:  - other features:
LogInit:      CURL_VERSION_SSL
LogInit:      CURL_VERSION_IPV6
LogInit:      CURL_VERSION_ASYNCHDNS
LogInit:      CURL_VERSION_LARGEFILE
LogInit:      CURL_VERSION_IDN
LogInit:  CurlRequestOptions (configurable via config and command line):
LogInit:  - bVerifyPeer = true  - Libcurl will verify peer certificate
LogInit:  - bUseHttpProxy = false  - Libcurl will NOT use HTTP proxy
LogInit:  - bDontReuseConnections = false  - Libcurl will reuse connections
LogInit:  - CertBundlePath = nullptr  - Libcurl will use whatever was configured at build time.
LogInit: Presizing for max 8388607 objects, including 0 objects not considered by GC, pre-allocating 0 bytes for permanent pool.
LogInit: Object subsystem initialized
[2016.09.26-16.33.59:947][  0]LogInit: Selected Device Profile: [Windows]
[2016.09.26-16.33.59:947][  0]LogInit: Applying CVar settings loaded from the selected device profile: [Windows]
[2016.09.26-16.33.59:999][  0]LogInit: Computer: DESKTOP-5I3HB32
[2016.09.26-16.33.59:999][  0]LogInit: User: jcy
[2016.09.26-16.33.59:999][  0]LogInit: CPU Page size=65536, Cores=4
[2016.09.26-16.33.59:999][  0]LogInit: High frequency timer resolution =2.533209 MHz
[2016.09.26-16.34.00:000][  0]LogMemory: Memory total: Physical=7.9GB (8GB approx)
[2016.09.26-16.34.00:000][  0]LogMemory: Platform Memory Stats for Windows
[2016.09.26-16.34.00:000][  0]LogMemory: Process Physical Memory: 191.01 MB used, 191.01 MB peak
[2016.09.26-16.34.00:000][  0]LogMemory: Process Virtual Memory: 195.18 MB used, 195.18 MB peak
[2016.09.26-16.34.00:000][  0]LogMemory: Physical Memory: 4321.48 MB used, 8113.86 MB total
[2016.09.26-16.34.00:000][  0]LogMemory: Virtual Memory: 553.22 MB used, 134217728.00 MB total
[2016.09.26-16.34.01:617][  0]LogD3D11RHI: D3D11 adapters:
[2016.09.26-16.34.02:153][  0]LogD3D11RHI:    0. 'NVIDIA GeForce GTX 960M' (Feature Level 11_0)
[2016.09.26-16.34.02:153][  0]LogD3D11RHI:       2018/0/4056 MB DedicatedVideo/DedicatedSystem/SharedSystem, Outputs:1, VendorId:0x10de
[2016.09.26-16.34.02:160][  0]LogD3D11RHI:    1. 'Intel(R) HD Graphics 4600' (Feature Level 11_0)
[2016.09.26-16.34.02:160][  0]LogD3D11RHI:       112/0/2048 MB DedicatedVideo/DedicatedSystem/SharedSystem, Outputs:0, VendorId:0x8086
[2016.09.26-16.34.02:162][  0]LogD3D11RHI:    2. 'Microsoft Basic Render Driver' (Feature Level 11_0)
[2016.09.26-16.34.02:162][  0]LogD3D11RHI:       0/0/4056 MB DedicatedVideo/DedicatedSystem/SharedSystem, Outputs:0, VendorId:0x1414
[2016.09.26-16.34.02:162][  0]LogD3D11RHI: Chosen D3D11 Adapter: 0
[2016.09.26-16.34.02:167][  0]LogD3D11RHI: Creating new Direct3DDevice
[2016.09.26-16.34.02:167][  0]LogD3D11RHI:     GPU DeviceId: 0x139b (for the marketing name, search the web for "GPU Device Id")
[2016.09.26-16.34.02:167][  0]LogWindows: EnumDisplayDevices:
[2016.09.26-16.34.02:167][  0]LogWindows:    0. 'Intel(R) HD Graphics 4600' (P:1 D:1)
[2016.09.26-16.34.02:167][  0]LogWindows:    1. 'Intel(R) HD Graphics 4600' (P:0 D:0)
[2016.09.26-16.34.02:168][  0]LogWindows:    2. 'Intel(R) HD Graphics 4600' (P:0 D:0)
[2016.09.26-16.34.02:168][  0]LogWindows: DebugString: PrimaryIsNotTheChoosenAdapter PrimaryIsNotTheChoosenAdapter PrimaryIsNotTheChoosenAdapter FoundDriverCount:0 
[2016.09.26-16.34.02:168][  0]LogD3D11RHI:     Adapter Name: NVIDIA GeForce GTX 960M
[2016.09.26-16.34.02:168][  0]LogD3D11RHI:   Driver Version: Unknown (internal:Unknown, unified:Unknown)
[2016.09.26-16.34.02:168][  0]LogD3D11RHI:      Driver Date: Unknown
[2016.09.26-16.34.02:168][  0]LogRHI: Texture pool is 1361 MB (70% of 1945 MB)
[2016.09.26-16.34.02:659][  0]LogD3D11RHI: Async texture creation enabled
[2016.09.26-16.34.02:860][  0]LogD3D11RHI: GPU Timing Frequency: 1000.000000 (Debug: 2 1)
[2016.09.26-16.34.02:861][  0]LogShaderCompilers: Guid format shader working directory is -17 characters bigger than the processId version (../../../../../../Users/jcy/Documents/GitHub/UNNAMED/UNNAMED/Intermediate/Shaders/WorkingDirectory/11896/).
[2016.09.26-16.34.02:862][  0]LogShaderCompilers: Cleaned the shader compiler working directory 'C:/Users/jcy/AppData/Local/Temp/UnrealShaderWorkingDir/A7B067114D56264A40336D8AA0BEA7A6/'.
[2016.09.26-16.34.02:862][  0]LogShaderCompilers:Display: Using Local Shader Compiler.
[2016.09.26-16.34.07:462][  0]LogTemp:Display: Loaded TP AllDesktopTargetPlatform
[2016.09.26-16.34.07:514][  0]LogTemp:Display: Loaded TP WindowsClientTargetPlatform
[2016.09.26-16.34.07:553][  0]LogTemp:Display: Loaded TP WindowsNoEditorTargetPlatform
[2016.09.26-16.34.07:604][  0]LogTemp:Display: Loaded TP WindowsServerTargetPlatform
[2016.09.26-16.34.07:684][  0]LogTemp:Display: Loaded TP WindowsTargetPlatform
[2016.09.26-16.34.07:731][  0]LogTemp:Display: Loaded TP AndroidTargetPlatform
[2016.09.26-16.34.07:776][  0]LogTemp:Display: Loaded TP Android_ASTCTargetPlatform
[2016.09.26-16.34.07:804][  0]LogTemp:Display: Loaded TP Android_ATCTargetPlatform
[2016.09.26-16.34.07:831][  0]LogTemp:Display: Loaded TP Android_DXTTargetPlatform
[2016.09.26-16.34.07:876][  0]LogTemp:Display: Loaded TP Android_ETC1TargetPlatform
[2016.09.26-16.34.07:921][  0]LogTemp:Display: Loaded TP Android_ETC2TargetPlatform
[2016.09.26-16.34.07:987][  0]LogTemp:Display: Loaded TP Android_MultiTargetPlatform
[2016.09.26-16.34.07:987][  0]LogTemp:Display: Loaded TP Android_PVRTCTargetPlatform
[2016.09.26-16.34.08:021][  0]LogTemp:Display: Loaded TP HTML5TargetPlatform
[2016.09.26-16.34.08:150][  0]LogTemp:Display: Loaded TP IOSTargetPlatform
[2016.09.26-16.34.08:195][  0]LogTemp:Display: Loaded TP TVOSTargetPlatform
[2016.09.26-16.34.08:230][  0]LogTemp:Display: Loaded TP LinuxNoEditorTargetPlatform
[2016.09.26-16.34.08:264][  0]LogTemp:Display: Loaded TP LinuxServerTargetPlatform
[2016.09.26-16.34.08:343][  0]LogTemp:Display: Loaded TP LinuxTargetPlatform
[2016.09.26-16.34.08:343][  0]LogTargetPlatformManager:Display: Building Assets For Windows
[2016.09.26-16.34.09:291][  0]LogDerivedDataCache:Display: Max Cache Size: 512 MB
[2016.09.26-16.34.09:839][  0]LogDerivedDataCache: Loaded boot cache 0.55s 48MB C:/Users/jcy/AppData/Local/UnrealEngine/4.12/DerivedDataCache/Boot.ddc.
[2016.09.26-16.34.09:842][  0]LogDerivedDataCache:Display: Loaded Boot cache: C:/Users/jcy/AppData/Local/UnrealEngine/4.12/DerivedDataCache/Boot.ddc
[2016.09.26-16.34.09:842][  0]LogDerivedDataCache: FDerivedDataBackendGraph:  Pak pak cache file ../../../../../../Users/jcy/Documents/GitHub/UNNAMED/UNNAMED/DerivedDataCache/DDC.ddp not found, will not use a pak cache.
[2016.09.26-16.34.09:842][  0]LogDerivedDataCache: Unable to find inner node Pak for hierarchical cache Hierarchy.
[2016.09.26-16.34.09:843][  0]LogDerivedDataCache: FDerivedDataBackendGraph:  CompressedPak pak cache file ../../../../../../Users/jcy/Documents/GitHub/UNNAMED/UNNAMED/DerivedDataCache/Compressed.ddp not found, will not use a pak cache.
[2016.09.26-16.34.09:843][  0]LogDerivedDataCache: Unable to find inner node CompressedPak for hierarchical cache Hierarchy.
[2016.09.26-16.34.09:919][  0]LogDerivedDataCache:Display: Pak cache opened for reading ../../../Engine/DerivedDataCache/Compressed.ddp.
[2016.09.26-16.34.09:942][  0]LogDerivedDataCache: Using Local data cache path C:/Users/jcy/AppData/Local/UnrealEngine/Common/DerivedDataCache: Writable
[2016.09.26-16.34.12:646][  0]LogInit: Selected Device Profile: [Windows]
[2016.09.26-16.34.12:680][  0]LogContentStreaming: Texture pool size is 0.00 MB
[2016.09.26-16.34.13:686][  0]LogMeshUtilities: No automatic mesh reduction module available
[2016.09.26-16.34.13:686][  0]LogMeshUtilities: No automatic mesh merging module available
[2016.09.26-16.34.13:686][  0]LogMeshUtilities: No distributed automatic mesh merging module available
[2016.09.26-16.34.15:690][  0]LogAssetRegistry: FAssetRegistry took 0.0224 seconds to start up
[2016.09.26-16.34.15:729][  0]LogPackageLocalizationCache: Processed 3 localized package path(s) for 1 prioritized culture(s) in 0.030394 seconds
[2016.09.26-16.34.15:734][  0]LogUObjectArray: 28739 objects as part of root set at end of initial load.
[2016.09.26-16.34.15:734][  0]LogUObjectAllocator: 5855632 out of 0 bytes used by permanent object pool.
[2016.09.26-16.34.15:734][  0]LogUObjectArray: CloseDisregardForGC: 0/0 objects in disregard for GC pool
[2016.09.26-16.34.15:749][  0]LogInit: WinSock: version 1.1 (2.2), MaxSocks=32767, MaxUdp=65467
[2016.09.26-16.34.19:365][  0]LogSlate: SlateFontCache - WITH_FREETYPE: 1, WITH_HARFBUZZ: 1
[2016.09.26-16.34.19:365][  0]LogSlate: SlateFontCache - WITH_FREETYPE: 1, WITH_HARFBUZZ: 1
[2016.09.26-16.34.34:413][  0]LogUdpMessaging: Initializing bridge on interface 0.0.0.0:0 to multicast group 230.0.0.1:6666.
[2016.09.26-16.34.36:047][  0]SourceControl: Info Source control is disabled
[2016.09.26-16.34.36:052][  0]SourceControl: Info Source control is disabled
[2016.09.26-16.34.36:155][  0]SourceControl: Info Source control is disabled
[2016.09.26-16.34.36:196][  0]SourceControl: Info Source control is disabled
[2016.09.26-16.34.37:762][  0]LogEngine: Initializing Engine...
[2016.09.26-16.34.37:792][  0]LogHMD: SteamVR failed to initialize.  Err: 110
[2016.09.26-16.34.37:794][  0]LogHMD: SteamVR failed to initialize.  Err: 110
[2016.09.26-16.34.38:405][  0]LogAIModule: Creating AISystem for world NewWorld
[2016.09.26-16.34.38:417][  0]LogInit: XAudio2 using '스피커(Realtek High Definition Audio)' : 2 channels at 48 kHz using 32 bits per sample (channel mask 0x3)
[2016.09.26-16.34.38:642][  0]LogInit: FAudioDevice initialized.
[2016.09.26-16.34.38:674][  0]LogDerivedDataCache: Saved boot cache 0.03s 48MB C:/Users/jcy/AppData/Local/UnrealEngine/4.12/DerivedDataCache/Boot.ddc.
[2016.09.26-16.34.38:680][  0]LogInit: Texture streaming: Enabled
[2016.09.26-16.34.38:912][  0]LogInit: Transaction tracking system initialized
[2016.09.26-16.34.39:243][  0]BlueprintLog: New page: Editor Load
[2016.09.26-16.34.40:880][  0]LocalizationService: Info Localization service is disabled
[2016.09.26-16.34.41:644][  0]LogConsoleResponse:Display: 
[2016.09.26-16.34.43:541][  0]LogCook:Display: Max memory allowance for cook 8192mb
[2016.09.26-16.34.43:541][  0]LogCook:Display: Mobile HDR setting 1
[2016.09.26-16.34.43:590][  0]LogFileCache: Scanning file cache for directory 'C:/Users/jcy/Documents/GitHub/UNNAMED/UNNAMED/Content/' took 0.02s
[2016.09.26-16.34.45:677][  0]SourceControl: Info Source control is disabled
[2016.09.26-16.34.45:677][  0]Cmd: MAP LOAD FILE="../../../../../../Users/jcy/Documents/GitHub/UNNAMED/UNNAMED/Content/ThirdPersonBP/Maps/ThirdPersonExampleMap.umap" TEMPLATE=0 SHOWPROGRESS=1 FEATURELEVEL=3
[2016.09.26-16.34.45:760][  0]LightingResults: New page: Lighting Build
[2016.09.26-16.34.45:773][  0]MapCheck: New page: Map Check
[2016.09.26-16.34.45:773][  0]LightingResults: New page: Lighting Build
[2016.09.26-16.34.49:524][  0]LogAIModule: Creating AISystem for world ThirdPersonExampleMap
[2016.09.26-16.34.49:661][  0]LogEditorServer: Finished looking for orphan Actors (0.000 secs)
[2016.09.26-16.34.49:663][  0]Cmd: MAP CHECKDEP NOCLEARLOG
[2016.09.26-16.34.49:785][  0]MapCheck: Info Map check complete: 0 Error(s), 0 Warning(s), took 121.549ms to complete.
[2016.09.26-16.34.49:785][  0]LogFileHelpers: Loading map 'ThirdPersonExampleMap' took 4.108
[2016.09.26-16.34.50:130][  0]LogCollectionManager: Loaded 1 collections in 0.007131 seconds
[2016.09.26-16.34.50:193][  0]LogFileCache: Scanning file cache for directory 'C:/Users/jcy/Documents/GitHub/UNNAMED/UNNAMED/Saved/Collections/' took 0.01s
[2016.09.26-16.34.50:193][  0]LogFileCache: Scanning file cache for directory 'C:/Users/jcy/Documents/GitHub/UNNAMED/UNNAMED/Content/Developers/jcy/Collections/' took 0.01s
[2016.09.26-16.34.50:193][  0]LogFileCache: Scanning file cache for directory 'C:/Users/jcy/Documents/GitHub/UNNAMED/UNNAMED/Content/Collections/' took 0.01s
[2016.09.26-16.34.50:193][  0]LogCollectionManager: Rebuilt the GUID cache for 1 collections in 0.000028 seconds
[2016.09.26-16.34.50:194][  0]LogCollectionManager: Rebuilt the hierarchy cache for 1 collections in 0.000001 seconds
[2016.09.26-16.34.50:223][  0]LogContentBrowser: Native class hierarchy populated in 0.0286 seconds. Added 2047 classes and 369 folders.
[2016.09.26-16.34.50:233][  0]LogStats: UGameplayTagsManager::ConstructGameplayTagTree: Construct from data asset -  0.000 s
[2016.09.26-16.34.50:233][  0]LogStats: UGameplayTagsManager::ConstructGameplayTagTree: GameplayTagTreeChangedEvent.Broadcast -  0.000 s
[2016.09.26-16.34.50:234][  0]LogContentBrowser: Native class hierarchy updated for 'GameplayTags' in 0.0008 seconds. Added 12 classes and 0 folders.
[2016.09.26-16.34.50:245][  0]LogContentBrowser: Native class hierarchy updated for 'WidgetCarousel' in 0.0007 seconds. Added 0 classes and 0 folders.
[2016.09.26-16.34.51:201][  0]LogContentBrowser: Native class hierarchy updated for 'AddContentDialog' in 0.0016 seconds. Added 0 classes and 0 folders.
[2016.09.26-16.34.51:362][  0]LogContentBrowser: Native class hierarchy updated for 'SceneOutliner' in 0.0009 seconds. Added 1 classes and 2 folders.
[2016.09.26-16.34.51:600][  0]LogCrashTracker: Crashtracker disabled due to settings.
[2016.09.26-16.34.51:613][  0]LogUObjectGlobals:Warning: Failed to find object 'Class None.'
[2016.09.26-16.34.51:695][  0]LogContentBrowser: Native class hierarchy updated for 'HierarchicalLODOutliner' in 0.0006 seconds. Added 1 classes and 2 folders.
[2016.09.26-16.34.51:696][  0]LogLoad: Full Startup: 55.07 seconds (BP compile: 0.44 seconds)
[2016.09.26-16.34.51:696][  0]LogExternalProfiler: Found external profiler: VSPerf
[2016.09.26-16.34.51:696][  0]LogExternalProfiler: Using external profiler: VSPerf
[2016.09.26-16.34.51:743][  0]LogWindowsTextInputMethodSystem:Display: IME system now activated using TSF (Microsoft 입력기).
[2016.09.26-16.34.51:757][  0]LogOcInput: OculusInput pre-init called
[2016.09.26-16.34.51:793][  0]LogContentStreaming: Texture pool size now 1000 MB
[2016.09.26-16.34.52:212][  0]LogRenderer: Reallocating scene render targets to support 1024x564 (Frame:2).
[2016.09.26-16.34.52:416][  2]LogAssetRegistry: Asset discovery search completed in 36.7479 seconds
[2016.09.26-16.34.52:416][  2]LogCollectionManager: Rebuilt the object cache for 1 collections in 0.000030 seconds (found 0 objects)
[2016.09.26-16.34.52:416][  2]LogCollectionManager: Fixed up redirectors for 1 collections in 0.000060 seconds (updated 0 objects)
[2016.09.26-16.35.01:941][400]LogFactory: FactoryCreateFile: StaticMesh with FbxFactory (0 0 C:\Users\jcy\Desktop\test.FBX)
[2016.09.26-16.35.02:455][400]LogFbx: ItemName: GlobalSettings, ItemCount : 1
[2016.09.26-16.35.02:456][400]LogFbx: ItemName: AnimationStack, ItemCount : 1
[2016.09.26-16.35.02:456][400]LogFbx: ItemName: AnimationLayer, ItemCount : 1
[2016.09.26-16.35.02:456][400]LogFbx: ItemName: Model, ItemCount : 5
[2016.09.26-16.35.02:456][400]LogFbx: ItemName: Geometry, ItemCount : 5
[2016.09.26-16.35.02:456][400]LogFbx: ItemName: Material, ItemCount : 1
[2016.09.26-16.35.02:456][400]LogFbx: ItemName: Texture, ItemCount : 1
[2016.09.26-16.35.02:456][400]LogFbx: ItemName: Video, ItemCount : 1
[2016.09.26-16.35.02:474][400]LogFbx: Loading FBX Scene from C:\Users\jcy\Desktop\test.FBX
[2016.09.26-16.35.02:498][400]LogFbx: FBX Scene Loaded Succesfully
[2016.09.26-16.35.05:783][400]LogFbx: Loading FBX Scene from C:\Users\jcy\Desktop\test.FBX
[2016.09.26-16.35.05:796][400]LogFbx: FBX Scene Loaded Succesfully
[2016.09.26-16.35.05:849][400]LogStaticMesh: Building static mesh test...
[2016.09.26-16.35.06:004][400]LogStaticMesh: Built static mesh [0.17s] /Game/test.test
[2016.09.26-16.35.06:032][400]FBXImport:Warning: Warning Warning: No smoothing group information was found in this FBX scene.  Please make sure to enable the 'Export Smoothing Groups' option in the FBX Exporter plug-in before exporting the file.  Even for tools that don't support smoothing groups, the FBX Exporter will generate appropriate smoothing data at export-time so that correct vertex normals can be inferred while importing. 
[2016.09.26-16.35.09:359][577]LogActorFactory: Actor Factory created test
[2016.09.26-16.35.09:952][612]LogActorFactory: Actor Factory created test
[2016.09.26-16.35.24:495][468]LogBlueprintUserMessages: Early PlayInEditor Detection: Level '/Game/ThirdPersonBP/Maps/ThirdPersonExampleMap.ThirdPersonExampleMap:PersistentLevel' has LevelScriptBlueprint '/Game/ThirdPersonBP/Maps/ThirdPersonExampleMap.ThirdPersonExampleMap:PersistentLevel.ThirdPersonExampleMap' with GeneratedClass '/Game/ThirdPersonBP/Maps/ThirdPersonExampleMap.ThirdPersonExampleMap_C' with ClassGeneratedBy '/Game/ThirdPersonBP/Maps/ThirdPersonExampleMap.ThirdPersonExampleMap:PersistentLevel.ThirdPersonExampleMap'
[2016.09.26-16.35.24:495][468]LogPlayLevel: PlayLevel: No blueprints needed recompiling
[2016.09.26-16.35.24:497][468]PIE: New page: PIE session: ThirdPersonExampleMap (Sep 27, 2016, 10:35:24 AM)
[2016.09.26-16.35.24:497][468]LogPlayLevel: Creating play world package: /Game/ThirdPersonBP/Maps/UEDPIE_1_ThirdPersonExampleMap
[2016.09.26-16.35.24:502][468]LogPlayLevel: PIE: StaticDuplicateObject took: (0.004741s)
[2016.09.26-16.35.24:503][468]LogAIModule: Creating AISystem for world ThirdPersonExampleMap
[2016.09.26-16.35.24:503][468]LogPlayLevel: PIE: World Init took: (0.000643s)
[2016.09.26-16.35.24:503][468]LogPlayLevel: PIE: Created PIE world by copying editor world from /Game/ThirdPersonBP/Maps/ThirdPersonExampleMap.ThirdPersonExampleMap to /Game/ThirdPersonBP/Maps/UEDPIE_1_ThirdPersonExampleMap.ThirdPersonExampleMap (0.005693s)
[2016.09.26-16.35.24:545][468]LogInit: XAudio2 using '스피커(Realtek High Definition Audio)' : 2 channels at 48 kHz using 32 bits per sample (channel mask 0x3)
[2016.09.26-16.35.24:571][468]LogInit: FAudioDevice initialized.
[2016.09.26-16.35.24:629][468]LogWorld: Game class is 'ThirdPersonGameMode_C'
[2016.09.26-16.35.24:636][468]LogWorld: Bringing World /Game/ThirdPersonBP/Maps/UEDPIE_1_ThirdPersonExampleMap.ThirdPersonExampleMap up for play (max tick rate 60) at 2016.09.27-01.35.24
[2016.09.26-16.35.24:636][468]LogWorld: Bringing up level for play took: 0.006135
[2016.09.26-16.35.24:638][468]LogSpawn:Warning: SpawnActor failed because no class was specified
[2016.09.26-16.35.24:641][468]LogContentBrowser: Native class hierarchy updated for 'MovieSceneCapture' in 0.0005 seconds. Added 11 classes and 0 folders.
[2016.09.26-16.35.24:642][468]LogInit: WinSock: Socket queue 131072 / 131072
[2016.09.26-16.35.24:643][468]LogInit: WinSock: I am DESKTOP-5I3HB32 (192.168.0.3:0)
[2016.09.26-16.35.24:644][468]PacketHandlerLog: Loaded PacketHandler component: Engine.EngineHandlerComponentFactory (StatelessConnectHandlerComponent)
[2016.09.26-16.35.24:644][468]LogNet: GameNetDriver IpNetDriver_0 IpNetDriver listening on port 7777
[2016.09.26-16.35.24:650][468]LogBlueprintUserMessages: [ThirdPersonCharacter_C_0] Server: 256
[2016.09.26-16.35.24:651][468]LogBlueprintUserMessages: [gamestate_C_0] Server: Player 256
[2016.09.26-16.35.24:711][468]PIE: Info Play in editor start time for /Game/ThirdPersonBP/Maps/UEDPIE_1_ThirdPersonExampleMap 0.625
[2016.09.26-16.35.24:712][468]PIE: New page: PIE session: ThirdPersonExampleMap (Sep 27, 2016, 10:35:24 AM)
[2016.09.26-16.35.24:769][468]LogNet: Browse: 127.0.0.1//Game/ThirdPersonBP/Maps/ThirdPersonExampleMap
[2016.09.26-16.35.24:770][468]LogInit: WinSock: Socket queue 32768 / 32768
[2016.09.26-16.35.24:770][468]PacketHandlerLog: Loaded PacketHandler component: Engine.EngineHandlerComponentFactory (StatelessConnectHandlerComponent)
[2016.09.26-16.35.24:770][468]LogNet: Game client on port 7777, rate 10000
[2016.09.26-16.35.24:770][468]LogNet: GetLocalNetworkVersion: GEngineNetVersion: 3039270, ProjectName: unnamed, ProjectVersion: 1.0.0.0, InternalProtocolVersion: 9, LocalNetworkVersion: 1745645396
[2016.09.26-16.35.24:837][468]PIE: Info Play in editor start time for /Game/ThirdPersonBP/Maps/ThirdPersonExampleMap 0.752
[2016.09.26-16.35.24:897][468]LogBlueprintUserMessages: Late PlayInEditor Detection: Level '/Game/ThirdPersonBP/Maps/ThirdPersonExampleMap.ThirdPersonExampleMap:PersistentLevel' has LevelScriptBlueprint '/Game/ThirdPersonBP/Maps/ThirdPersonExampleMap.ThirdPersonExampleMap:PersistentLevel.ThirdPersonExampleMap' with GeneratedClass '/Game/ThirdPersonBP/Maps/ThirdPersonExampleMap.ThirdPersonExampleMap_C' with ClassGeneratedBy '/Game/ThirdPersonBP/Maps/ThirdPersonExampleMap.ThirdPersonExampleMap:PersistentLevel.ThirdPersonExampleMap'
[2016.09.26-16.35.24:898][468]LogNet: NotifyAcceptingConnection: Server ThirdPersonExampleMap accept
[2016.09.26-16.35.24:898][468]LogHandshake: SendConnectChallenge. Timestamp: 0.016667, Cookie: 158096045011034040163225087141174050039156232225060238090165
[2016.09.26-16.35.24:899][468]LogNet: NotifyAcceptingConnection: Server ThirdPersonExampleMap accept
[2016.09.26-16.35.24:933][468]LogHandshake: SendChallengeResponse. Timestamp: 0.016667, Cookie: 158096045011034040163225087141174050039156232225060238090165
[2016.09.26-16.35.24:983][468]LogRenderer: Reallocating scene render targets to support 1292x756 (Frame:973).
[2016.09.26-16.35.25:065][469]LogNet: NotifyAcceptingConnection: Server ThirdPersonExampleMap accept
[2016.09.26-16.35.25:065][469]LogNet: Server accepting post-challenge connection from: 127.0.0.1:63590
[2016.09.26-16.35.25:065][469]PacketHandlerLog: Loaded PacketHandler component: Engine.EngineHandlerComponentFactory (StatelessConnectHandlerComponent)
[2016.09.26-16.35.25:066][469]LogNet: NotifyAcceptedConnection: Name: ThirdPersonExampleMap, TimeStamp: 09/27/16 01:35:25, [UNetConnection] RemoteAddr: 127.0.0.1:63590, Name: IpConnection_1, Driver: GameNetDriver IpNetDriver_0, IsServer: YES, PC: NULL, Owner: NULL
[2016.09.26-16.35.25:066][469]LogNet: AddClientConnection: Added client connection: [UNetConnection] RemoteAddr: 127.0.0.1:63590, Name: IpConnection_1, Driver: GameNetDriver IpNetDriver_0, IsServer: YES, PC: NULL, Owner: NULL
[2016.09.26-16.35.25:158][471]LogNet: NotifyAcceptingChannel Control 0 server World /Game/ThirdPersonBP/Maps/UEDPIE_1_ThirdPersonExampleMap.ThirdPersonExampleMap: Accepted
[2016.09.26-16.35.25:158][471]LogNet: Remote platform little endian=1
[2016.09.26-16.35.25:158][471]LogNet: This platform little endian=1
[2016.09.26-16.35.25:158][471]LogNet: GetLocalNetworkVersion: GEngineNetVersion: 3039270, ProjectName: unnamed, ProjectVersion: 1.0.0.0, InternalProtocolVersion: 9, LocalNetworkVersion: 1745645396
[2016.09.26-16.35.25:176][472]LogNet: Login request: /Game/ThirdPersonBP/Maps/ThirdPersonExampleMap userId: Invalid
[2016.09.26-16.35.25:178][472]LogNet: Welcomed by server (Level: /Game/ThirdPersonBP/Maps/UEDPIE_1_ThirdPersonExampleMap, Game: /Game/ThirdPersonBP/Blueprints/ThirdPersonGameMode.ThirdPersonGameMode_C)
[2016.09.26-16.35.25:187][472]LogLoad: LoadMap: 127.0.0.1//Game/ThirdPersonBP/Maps/UEDPIE_1_ThirdPersonExampleMap?game=/Game/ThirdPersonBP/Blueprints/ThirdPersonGameMode.ThirdPersonGameMode_C
[2016.09.26-16.35.25:198][472]Cmd: MEM
[2016.09.26-16.35.25:211][472]LogMemory: Platform Memory Stats for Windows
[2016.09.26-16.35.25:211][472]LogMemory: Process Physical Memory: 932.60 MB used, 936.79 MB peak
[2016.09.26-16.35.25:211][472]LogMemory: Process Virtual Memory: 1682.41 MB used, 1686.46 MB peak
[2016.09.26-16.35.25:211][472]LogMemory: Physical Memory: 5081.23 MB used, 8113.86 MB total
[2016.09.26-16.35.25:211][472]LogMemory: Virtual Memory: 2421.49 MB used, 134217728.00 MB total
[2016.09.26-16.35.25:211][472]LogMemory: 
[2016.09.26-16.35.25:211][472]Allocator Stats for TBB: (not implemented)
[2016.09.26-16.35.25:218][472]LogWorld: PIE: Copying PIE streaming level from /Game/ThirdPersonBP/Maps/ThirdPersonExampleMap.ThirdPersonExampleMap to /Game/ThirdPersonBP/Maps/UEDPIE_2_ThirdPersonExampleMap.ThirdPersonExampleMap. OwningWorld: None
[2016.09.26-16.35.25:218][472]LogAIModule: Creating AISystem for world ThirdPersonExampleMap
[2016.09.26-16.35.25:223][472]LogWorld: Bringing World /Game/ThirdPersonBP/Maps/UEDPIE_2_ThirdPersonExampleMap.ThirdPersonExampleMap up for play (max tick rate 60) at 2016.09.27-01.35.25
[2016.09.26-16.35.25:224][472]LogWorld: Bringing up level for play took: 0.004774
[2016.09.26-16.35.25:224][472]LogLoad: Took 0.036937 seconds to LoadMap(/Game/ThirdPersonBP/Maps/UEDPIE_1_ThirdPersonExampleMap)
[2016.09.26-16.35.25:240][473]LogNet: Client netspeed is 10000
[2016.09.26-16.35.25:240][473]LogNet: Join request: /Game/ThirdPersonBP/Maps/ThirdPersonExampleMap?SplitscreenCount=1
[2016.09.26-16.35.25:244][473]LogBlueprintUserMessages: [ThirdPersonCharacter_C_1] Server: 256
[2016.09.26-16.35.25:244][473]LogBlueprintUserMessages: [ThirdPersonCharacter_C_1] Server: 257
[2016.09.26-16.35.25:244][473]LogNet: Join succeeded: 257
[2016.09.26-16.35.25:245][473]LogCharacterMovement:Warning: GetSimulationTimeStep() - Max iterations 8 hit while remaining time 0.243362 > MaxSimulationTimeStep (0.050) for 'ThirdPersonCharacter_C_1', movement 'Falling'
[2016.09.26-16.35.25:248][473]LogSpawn:Warning: SpawnActor failed because no class was specified
[2016.09.26-16.35.32:196][872]LogBlueprintUserMessages: Early EndPlayMap Detection: Level '/Game/ThirdPersonBP/Maps/ThirdPersonExampleMap.ThirdPersonExampleMap:PersistentLevel' has LevelScriptBlueprint '/Game/ThirdPersonBP/Maps/ThirdPersonExampleMap.ThirdPersonExampleMap:PersistentLevel.ThirdPersonExampleMap' with GeneratedClass '/Game/ThirdPersonBP/Maps/ThirdPersonExampleMap.ThirdPersonExampleMap_C' with ClassGeneratedBy '/Game/ThirdPersonBP/Maps/ThirdPersonExampleMap.ThirdPersonExampleMap:PersistentLevel.ThirdPersonExampleMap'
[2016.09.26-16.35.32:312][872]LogBlueprintUserMessages: Late EndPlayMap Detection: Level '/Game/ThirdPersonBP/Maps/ThirdPersonExampleMap.ThirdPersonExampleMap:PersistentLevel' has LevelScriptBlueprint '/Game/ThirdPersonBP/Maps/ThirdPersonExampleMap.ThirdPersonExampleMap:PersistentLevel.ThirdPersonExampleMap' with GeneratedClass '/Game/ThirdPersonBP/Maps/ThirdPersonExampleMap.ThirdPersonExampleMap_C' with ClassGeneratedBy '/Game/ThirdPersonBP/Maps/ThirdPersonExampleMap.ThirdPersonExampleMap:PersistentLevel.ThirdPersonExampleMap'
[2016.09.26-16.35.32:325][872]LogNet: UChannel::CleanUp: ChIndex == 0. Closing connection. [UChannel] ChIndex: 0, Closing: 0 [UNetConnection] RemoteAddr: 127.0.0.1:63590, Name: IpConnection_1, Driver: GameNetDriver IpNetDriver_0, IsServer: YES, PC: None, Owner: None
[2016.09.26-16.35.32:325][872]LogNet: UNetConnection::Close: [UNetConnection] RemoteAddr: 127.0.0.1:63590, Name: IpConnection_1, Driver: GameNetDriver IpNetDriver_0, IsServer: YES, PC: None, Owner: None, Channels: 2, Time: 2016.09.26-16.35.32
[2016.09.26-16.35.32:325][872]LogNet: UChannel::Close: Sending CloseBunch. ChIndex == 0. Name: [UChannel] ChIndex: 0, Closing: 0 [UNetConnection] RemoteAddr: 127.0.0.1:63590, Name: IpConnection_1, Driver: GameNetDriver IpNetDriver_0, IsServer: YES, PC: None, Owner: None
[2016.09.26-16.35.32:325][872]LogNet: UChannel::CleanUp: ChIndex == 0. Closing connection. [UChannel] ChIndex: 0, Closing: 0 [UNetConnection] RemoteAddr: 127.0.0.1:7777, Name: IpConnection_0, Driver: GameNetDriver IpNetDriver_1, IsServer: NO, PC: None, Owner: None
[2016.09.26-16.35.32:325][872]LogNet: UNetConnection::Close: [UNetConnection] RemoteAddr: 127.0.0.1:7777, Name: IpConnection_0, Driver: GameNetDriver IpNetDriver_1, IsServer: NO, PC: None, Owner: None, Channels: 2, Time: 2016.09.26-16.35.32
[2016.09.26-16.35.32:325][872]LogNet: UChannel::Close: Sending CloseBunch. ChIndex == 0. Name: [UChannel] ChIndex: 0, Closing: 0 [UNetConnection] RemoteAddr: 127.0.0.1:7777, Name: IpConnection_0, Driver: GameNetDriver IpNetDriver_1, IsServer: NO, PC: None, Owner: None
[2016.09.26-16.35.32:328][872]LogExit: GameNetDriver None shut down
[2016.09.26-16.35.32:328][872]LogExit: GameNetDriver None shut down
[2016.09.26-16.35.38:694][248]MapCheck: New page: Map Check
[2016.09.26-16.35.38:707][248]Cmd: MAP REBUILD ALLVISIBLE
[2016.09.26-16.35.38:707][248]LogEditorServer: Rebuildmap Clear paths rebuilt
[2016.09.26-16.35.38:818][248]LightingResults: New page: Lighting Build - Sep 27, 2016, 10:35:38 AM
[2016.09.26-16.35.39:000][248]LogSwarmInterface: [OpenConnection] Registering TCP channel ...
[2016.09.26-16.35.39:602][248]LogSwarmInterface: [OpenConnection] Connecting to agent ...
[2016.09.26-16.35.39:715][248]LogSwarmInterface: [TryOpenConnection] Testing the Agent
[2016.09.26-16.35.41:851][248]LogSwarmInterface: [TryOpenConnection] Opening Connection to Agent
[2016.09.26-16.35.41:851][248]LogSwarmInterface: [TryOpenConnection] Local Process ID is 11896
[2016.09.26-16.35.46:691][248]LogStaticLightingSystem: Running Lightmass w/ ImmediateImport mode ENABLED
[2016.09.26-16.35.46:691][248]LogStaticLightingSystem: Running Lightmass w/ ImmediateProcess mode ENABLED
[2016.09.26-16.35.46:691][248]LogStaticLightingSystem: Running Lightmass w/ Sorting mode ENABLED
[2016.09.26-16.35.46:691][248]LogStaticLightingSystem: Running Lightmass w/ Mapping paddings ENABLED
[2016.09.26-16.35.46:691][248]LogStaticLightingSystem: Running Lightmass w/ Mapping debug paddings DISABLED
[2016.09.26-16.35.47:432][248]Cmd: MAP CHECK DONTDISPLAYDIALOG
[2016.09.26-16.35.47:432][248]MapCheck: New page: ThirdPersonExampleMap - Sep 27, 2016, 10:35:47 AM
[2016.09.26-16.35.47:433][248]MapCheck:Warning: Warning b2_7 Static mesh actor has NULL StaticMesh property 
[2016.09.26-16.35.47:433][248]MapCheck:Warning: Warning b2_7 Static mesh actor has NULL StaticMesh property 
[2016.09.26-16.35.47:433][248]MapCheck:Error: Error WorldInfo_0 Maps need lighting rebuilt 
[2016.09.26-16.35.47:528][248]MapCheck: Info Map check complete: 1 Error(s), 2 Warning(s), took 95.468ms to complete.
[2016.09.26-16.35.47:550][248]LogEditorBuildUtils: Build time 0:08
[2016.09.26-16.35.52:039][389]Job is a success!
[2016.09.26-16.35.52:352][390]LogTexture:Display: Building textures: SkyOcclusion0_1 (AutoDXT)
[2016.09.26-16.35.52:352][390]LogTexture:Display: Building textures: HQ_Lightmap1_1 (AutoDXT)
[2016.09.26-16.35.52:352][390]LogTexture:Display: Building textures: SkyOcclusion0_2 (AutoDXT)
[2016.09.26-16.35.52:352][390]LogTexture:Display: Building textures: LQ_Lightmap_0_1 (DXT1)
[2016.09.26-16.35.52:352][390]LogTexture:Display: Building textures: HQ_Lightmap1_2 (AutoDXT)
[2016.09.26-16.35.52:352][390]LogTexture:Display: Building textures: LQ_Lightmap_0_2 (DXT1)
[2016.09.26-16.35.52:352][390]LogTexture:Display: Building textures: ShadowMapTexture2D_3 (G8)
[2016.09.26-16.35.52:352][390]LogTexture:Display: Building textures: ShadowMapTexture2D_0 (G8)
[2016.09.26-16.35.52:501][390]Lightmass on DESKTOP-5I3HB32: 2.06 sec total, 164 ms importing, 50 ms setup, 345 ms photons, 1.48 sec processing, 0 ms extra exporting [8/8 mappings]. Threads: 10.2 sec total, 4.78 sec processing.
[2016.09.26-16.35.52:575][390]LogStaticLightingSystem: Illumination: 13.7 sec (169 ms encoding lightmaps, 82 ms encoding shadowmaps)
[2016.09.26-16.35.52:575][390]LogStaticLightingSystem: Lightmap texture memory:  0.7 MB (0.7 MB streaming, 0.0 MB non-streaming), 4 textures
[2016.09.26-16.35.52:576][390]LogStaticLightingSystem: Shadowmap texture memory: 0.2 MB (0.2 MB streaming, 0.0 MB non-streaming), 2 textures
[2016.09.26-16.35.52:707][391]Cmd: MAP CHECK NOTIFYRESULTS
[2016.09.26-16.35.52:707][391]MapCheck: New page: ThirdPersonExampleMap - Sep 27, 2016, 10:35:52 AM
[2016.09.26-16.35.52:707][391]MapCheck:Warning: Warning b2_7 Static mesh actor has NULL StaticMesh property 
[2016.09.26-16.35.52:707][391]MapCheck:Warning: Warning b2_7 Static mesh actor has NULL StaticMesh property 
[2016.09.26-16.35.52:808][391]MapCheck: Info Map check complete: 0 Error(s), 2 Warning(s), took 101.545ms to complete.
[2016.09.26-16.35.57:260][655]MapCheck: New page: Map Check
[2016.09.26-16.35.57:273][655]Cmd: MAP REBUILD ALLVISIBLE
[2016.09.26-16.35.57:273][655]LogEditorServer: Rebuildmap Clear paths rebuilt
[2016.09.26-16.35.57:359][655]LightingResults: New page: Lighting Build - Sep 27, 2016, 10:35:57 AM
[2016.09.26-16.35.57:368][655]LogSwarmInterface: [OpenConnection] Registering TCP channel ...
[2016.09.26-16.35.57:370][655]LogSwarmInterface: [OpenConnection] Connecting to agent ...
[2016.09.26-16.35.57:370][655]LogSwarmInterface: [TryOpenConnection] Testing the Agent
[2016.09.26-16.35.57:371][655]LogSwarmInterface: [TryOpenConnection] Opening Connection to Agent
[2016.09.26-16.35.57:371][655]LogSwarmInterface: [TryOpenConnection] Local Process ID is 11896
[2016.09.26-16.36.02:007][655]LogStaticLightingSystem: Running Lightmass w/ ImmediateImport mode ENABLED
[2016.09.26-16.36.02:007][655]LogStaticLightingSystem: Running Lightmass w/ ImmediateProcess mode ENABLED
[2016.09.26-16.36.02:007][655]LogStaticLightingSystem: Running Lightmass w/ Sorting mode ENABLED
[2016.09.26-16.36.02:007][655]LogStaticLightingSystem: Running Lightmass w/ Mapping paddings ENABLED
[2016.09.26-16.36.02:007][655]LogStaticLightingSystem: Running Lightmass w/ Mapping debug paddings DISABLED
[2016.09.26-16.36.02:325][655]Cmd: MAP CHECK DONTDISPLAYDIALOG
[2016.09.26-16.36.02:325][655]MapCheck: New page: ThirdPersonExampleMap - Sep 27, 2016, 10:36:02 AM
[2016.09.26-16.36.02:325][655]MapCheck:Warning: Warning b2_7 Static mesh actor has NULL StaticMesh property 
[2016.09.26-16.36.02:325][655]MapCheck:Warning: Warning b2_7 Static mesh actor has NULL StaticMesh property 
[2016.09.26-16.36.02:417][655]MapCheck: Info Map check complete: 0 Error(s), 2 Warning(s), took 92.63ms to complete.
[2016.09.26-16.36.02:439][655]LogEditorBuildUtils: Build time 0:05
[2016.09.26-16.36.05:170][774]Job is a success!
[2016.09.26-16.36.05:436][775]LogTexture:Display: Building textures: HQ_Lightmap2_1 (AutoDXT)
[2016.09.26-16.36.05:436][775]LogTexture:Display: Building textures: LQ_Lightmap_1_1 (DXT1)
[2016.09.26-16.36.05:436][775]LogTexture:Display: Building textures: SkyOcclusion1_2 (AutoDXT)
[2016.09.26-16.36.05:436][775]LogTexture:Display: Building textures: LQ_Lightmap_1_2 (DXT1)
[2016.09.26-16.36.05:436][775]LogTexture:Display: Building textures: SkyOcclusion1_1 (AutoDXT)
[2016.09.26-16.36.05:436][775]LogTexture:Display: Building textures: HQ_Lightmap2_2 (AutoDXT)
[2016.09.26-16.36.05:436][775]LogTexture:Display: Building textures: ShadowMapTexture2D_4 (G8)
[2016.09.26-16.36.05:453][775]LogTexture:Display: Building textures: ShadowMapTexture2D_5 (G8)
[2016.09.26-16.36.05:478][775]Lightmass on DESKTOP-5I3HB32: 1.89 sec total, 105 ms importing, 54 ms setup, 356 ms photons, 1.36 sec processing, 0 ms extra exporting [8/8 mappings]. Threads: 9.37 sec total, 4.61 sec processing.
[2016.09.26-16.36.05:486][775]LogStaticLightingSystem: Illumination: 8.10 sec (169 ms encoding lightmaps, 46 ms encoding shadowmaps)
[2016.09.26-16.36.05:486][775]LogStaticLightingSystem: Lightmap texture memory:  0.7 MB (0.7 MB streaming, 0.0 MB non-streaming), 4 textures
[2016.09.26-16.36.05:486][775]LogStaticLightingSystem: Shadowmap texture memory: 0.2 MB (0.2 MB streaming, 0.0 MB non-streaming), 2 textures
[2016.09.26-16.36.06:195][776]Cmd: MAP CHECK NOTIFYRESULTS
[2016.09.26-16.36.06:196][776]MapCheck: New page: ThirdPersonExampleMap - Sep 27, 2016, 10:36:06 AM
[2016.09.26-16.36.06:197][776]MapCheck:Warning: Warning b2_7 Static mesh actor has NULL StaticMesh property 
[2016.09.26-16.36.06:197][776]MapCheck:Warning: Warning b2_7 Static mesh actor has NULL StaticMesh property 
[2016.09.26-16.36.06:296][776]MapCheck: Info Map check complete: 0 Error(s), 2 Warning(s), took 100.128ms to complete.
[2016.09.26-16.36.08:247][885]LogBlueprintUserMessages: Early PlayInEditor Detection: Level '/Game/ThirdPersonBP/Maps/ThirdPersonExampleMap.ThirdPersonExampleMap:PersistentLevel' has LevelScriptBlueprint '/Game/ThirdPersonBP/Maps/ThirdPersonExampleMap.ThirdPersonExampleMap:PersistentLevel.ThirdPersonExampleMap' with GeneratedClass '/Game/ThirdPersonBP/Maps/ThirdPersonExampleMap.ThirdPersonExampleMap_C' with ClassGeneratedBy '/Game/ThirdPersonBP/Maps/ThirdPersonExampleMap.ThirdPersonExampleMap:PersistentLevel.ThirdPersonExampleMap'
[2016.09.26-16.36.08:248][885]LogPlayLevel: PlayLevel: No blueprints needed recompiling
[2016.09.26-16.36.08:249][885]PIE: New page: PIE session: ThirdPersonExampleMap (Sep 27, 2016, 10:36:08 AM)
[2016.09.26-16.36.08:249][885]LogPlayLevel: Creating play world package: /Game/ThirdPersonBP/Maps/UEDPIE_1_ThirdPersonExampleMap
[2016.09.26-16.36.08:254][885]LogPlayLevel: PIE: StaticDuplicateObject took: (0.004801s)
[2016.09.26-16.36.08:254][885]LogAIModule: Creating AISystem for world ThirdPersonExampleMap
[2016.09.26-16.36.08:255][885]LogPlayLevel: PIE: World Init took: (0.000635s)
[2016.09.26-16.36.08:255][885]LogPlayLevel: PIE: Created PIE world by copying editor world from /Game/ThirdPersonBP/Maps/ThirdPersonExampleMap.ThirdPersonExampleMap to /Game/ThirdPersonBP/Maps/UEDPIE_1_ThirdPersonExampleMap.ThirdPersonExampleMap (0.005683s)
[2016.09.26-16.36.08:265][885]LogInit: XAudio2 using '스피커(Realtek High Definition Audio)' : 2 channels at 48 kHz using 32 bits per sample (channel mask 0x3)
[2016.09.26-16.36.08:290][885]LogInit: FAudioDevice initialized.
[2016.09.26-16.36.08:330][885]LogWorld: Game class is 'ThirdPersonGameMode_C'
[2016.09.26-16.36.08:335][885]LogWorld: Bringing World /Game/ThirdPersonBP/Maps/UEDPIE_1_ThirdPersonExampleMap.ThirdPersonExampleMap up for play (max tick rate 60) at 2016.09.27-01.36.08
[2016.09.26-16.36.08:336][885]LogWorld: Bringing up level for play took: 0.004470
[2016.09.26-16.36.08:337][885]LogSpawn:Warning: SpawnActor failed because no class was specified
[2016.09.26-16.36.08:337][885]LogInit: WinSock: Socket queue 131072 / 131072
[2016.09.26-16.36.08:337][885]PacketHandlerLog: Loaded PacketHandler component: Engine.EngineHandlerComponentFactory (StatelessConnectHandlerComponent)
[2016.09.26-16.36.08:337][885]LogNet: GameNetDriver IpNetDriver_2 IpNetDriver listening on port 7777
[2016.09.26-16.36.08:342][885]LogBlueprintUserMessages: [ThirdPersonCharacter_C_0] Server: 258
[2016.09.26-16.36.08:342][885]LogBlueprintUserMessages: [gamestate_C_0] Server: Player 258
[2016.09.26-16.36.08:410][885]PIE: Info Play in editor start time for /Game/ThirdPersonBP/Maps/UEDPIE_1_ThirdPersonExampleMap 0.324
[2016.09.26-16.36.08:412][885]PIE: New page: PIE session: ThirdPersonExampleMap (Sep 27, 2016, 10:36:08 AM)
[2016.09.26-16.36.08:466][885]LogNet: Browse: 127.0.0.1//Game/ThirdPersonBP/Maps/ThirdPersonExampleMap
[2016.09.26-16.36.08:466][885]LogInit: WinSock: Socket queue 32768 / 32768
[2016.09.26-16.36.08:466][885]PacketHandlerLog: Loaded PacketHandler component: Engine.EngineHandlerComponentFactory (StatelessConnectHandlerComponent)
[2016.09.26-16.36.08:467][885]LogNet: Game client on port 7777, rate 10000
[2016.09.26-16.36.08:467][885]LogNet: GetLocalNetworkVersion: GEngineNetVersion: 3039270, ProjectName: unnamed, ProjectVersion: 1.0.0.0, InternalProtocolVersion: 9, LocalNetworkVersion: 1745645396
[2016.09.26-16.36.08:535][885]PIE: Info Play in editor start time for /Game/ThirdPersonBP/Maps/ThirdPersonExampleMap 0.449
[2016.09.26-16.36.08:602][885]LogBlueprintUserMessages: Late PlayInEditor Detection: Level '/Game/ThirdPersonBP/Maps/ThirdPersonExampleMap.ThirdPersonExampleMap:PersistentLevel' has LevelScriptBlueprint '/Game/ThirdPersonBP/Maps/ThirdPersonExampleMap.ThirdPersonExampleMap:PersistentLevel.ThirdPersonExampleMap' with GeneratedClass '/Game/ThirdPersonBP/Maps/ThirdPersonExampleMap.ThirdPersonExampleMap_C' with ClassGeneratedBy '/Game/ThirdPersonBP/Maps/ThirdPersonExampleMap.ThirdPersonExampleMap:PersistentLevel.ThirdPersonExampleMap'
[2016.09.26-16.36.08:602][885]LogNet: NotifyAcceptingConnection: Server ThirdPersonExampleMap accept
[2016.09.26-16.36.08:602][885]LogHandshake: SendConnectChallenge. Timestamp: 0.016667, Cookie: 003124221127211171160080242233111143217074098253152050105065
[2016.09.26-16.36.08:602][885]LogNet: NotifyAcceptingConnection: Server ThirdPersonExampleMap accept
[2016.09.26-16.36.08:605][885]LogHandshake: SendChallengeResponse. Timestamp: 0.016667, Cookie: 003124221127211171160080242233111143217074098253152050105065
[2016.09.26-16.36.08:775][886]LogNet: NotifyAcceptingConnection: Server ThirdPersonExampleMap accept
[2016.09.26-16.36.08:775][886]LogNet: Server accepting post-challenge connection from: 127.0.0.1:58463
[2016.09.26-16.36.08:775][886]PacketHandlerLog: Loaded PacketHandler component: Engine.EngineHandlerComponentFactory (StatelessConnectHandlerComponent)
[2016.09.26-16.36.08:775][886]LogNet: NotifyAcceptedConnection: Name: ThirdPersonExampleMap, TimeStamp: 09/27/16 01:36:08, [UNetConnection] RemoteAddr: 127.0.0.1:58463, Name: IpConnection_3, Driver: GameNetDriver IpNetDriver_2, IsServer: YES, PC: NULL, Owner: NULL
[2016.09.26-16.36.08:775][886]LogNet: AddClientConnection: Added client connection: [UNetConnection] RemoteAddr: 127.0.0.1:58463, Name: IpConnection_3, Driver: GameNetDriver IpNetDriver_2, IsServer: YES, PC: NULL, Owner: NULL
[2016.09.26-16.36.08:864][888]LogNet: NotifyAcceptingChannel Control 0 server World /Game/ThirdPersonBP/Maps/UEDPIE_1_ThirdPersonExampleMap.ThirdPersonExampleMap: Accepted
[2016.09.26-16.36.08:864][888]LogNet: Remote platform little endian=1
[2016.09.26-16.36.08:864][888]LogNet: This platform little endian=1
[2016.09.26-16.36.08:864][888]LogNet: GetLocalNetworkVersion: GEngineNetVersion: 3039270, ProjectName: unnamed, ProjectVersion: 1.0.0.0, InternalProtocolVersion: 9, LocalNetworkVersion: 1745645396
[2016.09.26-16.36.08:881][889]LogNet: Login request: /Game/ThirdPersonBP/Maps/ThirdPersonExampleMap userId: Invalid
[2016.09.26-16.36.08:882][889]LogNet: Welcomed by server (Level: /Game/ThirdPersonBP/Maps/UEDPIE_1_ThirdPersonExampleMap, Game: /Game/ThirdPersonBP/Blueprints/ThirdPersonGameMode.ThirdPersonGameMode_C)
[2016.09.26-16.36.08:891][889]LogLoad: LoadMap: 127.0.0.1//Game/ThirdPersonBP/Maps/UEDPIE_1_ThirdPersonExampleMap?game=/Game/ThirdPersonBP/Blueprints/ThirdPersonGameMode.ThirdPersonGameMode_C
[2016.09.26-16.36.08:900][889]Cmd: MEM
[2016.09.26-16.36.08:911][889]LogMemory: Platform Memory Stats for Windows
[2016.09.26-16.36.08:911][889]LogMemory: Process Physical Memory: 1027.85 MB used, 1028.82 MB peak
[2016.09.26-16.36.08:911][889]LogMemory: Process Virtual Memory: 1696.48 MB used, 1720.39 MB peak
[2016.09.26-16.36.08:911][889]LogMemory: Physical Memory: 5069.58 MB used, 8113.86 MB total
[2016.09.26-16.36.08:911][889]LogMemory: Virtual Memory: 2942.40 MB used, 134217728.00 MB total
[2016.09.26-16.36.08:911][889]LogMemory: 
[2016.09.26-16.36.08:911][889]Allocator Stats for TBB: (not implemented)
[2016.09.26-16.36.08:915][889]LogWorld: PIE: Copying PIE streaming level from /Game/ThirdPersonBP/Maps/ThirdPersonExampleMap.ThirdPersonExampleMap to /Game/ThirdPersonBP/Maps/UEDPIE_2_ThirdPersonExampleMap.ThirdPersonExampleMap. OwningWorld: None
[2016.09.26-16.36.08:916][889]LogAIModule: Creating AISystem for world ThirdPersonExampleMap
[2016.09.26-16.36.08:920][889]LogWorld: Bringing World /Game/ThirdPersonBP/Maps/UEDPIE_2_ThirdPersonExampleMap.ThirdPersonExampleMap up for play (max tick rate 60) at 2016.09.27-01.36.08
[2016.09.26-16.36.08:920][889]LogWorld: Bringing up level for play took: 0.004047
[2016.09.26-16.36.08:921][889]LogLoad: Took 0.029180 seconds to LoadMap(/Game/ThirdPersonBP/Maps/UEDPIE_1_ThirdPersonExampleMap)
[2016.09.26-16.36.08:937][890]LogNet: Client netspeed is 10000
[2016.09.26-16.36.08:937][890]LogNet: Join request: /Game/ThirdPersonBP/Maps/ThirdPersonExampleMap?SplitscreenCount=1
[2016.09.26-16.36.08:942][890]LogBlueprintUserMessages: [ThirdPersonCharacter_C_1] Server: 258
[2016.09.26-16.36.08:942][890]LogBlueprintUserMessages: [ThirdPersonCharacter_C_1] Server: 259
[2016.09.26-16.36.08:942][890]LogNet: Join succeeded: 259
[2016.09.26-16.36.08:943][890]LogCharacterMovement:Warning: GetSimulationTimeStep() - Max iterations 8 hit while remaining time 0.236414 > MaxSimulationTimeStep (0.050) for 'ThirdPersonCharacter_C_1', movement 'Falling'
[2016.09.26-16.36.08:946][890]LogSpawn:Warning: SpawnActor failed because no class was specified
[2016.09.26-16.36.27:282][939]LogCharacterMovement: ThirdPersonCharacter_C_0 is stuck and failed to move! Velocity: X=388.239 Y=457.461 Z=0.000 Location: X=-623.593 Y=-82.575 Z=318.256 Normal: X=-0.700 Y=0.000 Z=0.714 PenetrationDepth:0.000 Actor:SP_val02_122 Component:Cube BoneName:None
[2016.09.26-16.36.27:549][955]LogCharacterMovement: ThirdPersonCharacter_C_0 is stuck and failed to move! Velocity: X=573.041 Y=-177.830 Z=0.000 Location: X=-600.447 Y=-24.618 Z=339.574 Normal: X=-0.938 Y=0.000 Z=0.346 PenetrationDepth:0.000 Actor:SP_val02_122 Component:Cube BoneName:None
[2016.09.26-16.36.28:983][ 41]LogCharacterMovement: ThirdPersonCharacter_C_0 is stuck and failed to move! Velocity: X=333.895 Y=241.640 Z=0.000 Location: X=-626.447 Y=-61.908 Z=312.658 Normal: X=-0.742 Y=0.000 Z=0.670 PenetrationDepth:0.000 Actor:SP_val02_122 Component:Cube BoneName:None
[2016.09.26-16.36.51:676][394]LogBlueprintUserMessages: Early EndPlayMap Detection: Level '/Game/ThirdPersonBP/Maps/ThirdPersonExampleMap.ThirdPersonExampleMap:PersistentLevel' has LevelScriptBlueprint '/Game/ThirdPersonBP/Maps/ThirdPersonExampleMap.ThirdPersonExampleMap:PersistentLevel.ThirdPersonExampleMap' with GeneratedClass '/Game/ThirdPersonBP/Maps/ThirdPersonExampleMap.ThirdPersonExampleMap_C' with ClassGeneratedBy '/Game/ThirdPersonBP/Maps/ThirdPersonExampleMap.ThirdPersonExampleMap:PersistentLevel.ThirdPersonExampleMap'
[2016.09.26-16.36.51:807][394]LogBlueprintUserMessages: Late EndPlayMap Detection: Level '/Game/ThirdPersonBP/Maps/ThirdPersonExampleMap.ThirdPersonExampleMap:PersistentLevel' has LevelScriptBlueprint '/Game/ThirdPersonBP/Maps/ThirdPersonExampleMap.ThirdPersonExampleMap:PersistentLevel.ThirdPersonExampleMap' with GeneratedClass '/Game/ThirdPersonBP/Maps/ThirdPersonExampleMap.ThirdPersonExampleMap_C' with ClassGeneratedBy '/Game/ThirdPersonBP/Maps/ThirdPersonExampleMap.ThirdPersonExampleMap:PersistentLevel.ThirdPersonExampleMap'
[2016.09.26-16.36.51:820][394]LogNet: UChannel::CleanUp: ChIndex == 0. Closing connection. [UChannel] ChIndex: 0, Closing: 0 [UNetConnection] RemoteAddr: 127.0.0.1:58463, Name: IpConnection_3, Driver: GameNetDriver IpNetDriver_2, IsServer: YES, PC: None, Owner: None
[2016.09.26-16.36.51:820][394]LogNet: UNetConnection::Close: [UNetConnection] RemoteAddr: 127.0.0.1:58463, Name: IpConnection_3, Driver: GameNetDriver IpNetDriver_2, IsServer: YES, PC: None, Owner: None, Channels: 2, Time: 2016.09.26-16.36.51
[2016.09.26-16.36.51:820][394]LogNet: UChannel::Close: Sending CloseBunch. ChIndex == 0. Name: [UChannel] ChIndex: 0, Closing: 0 [UNetConnection] RemoteAddr: 127.0.0.1:58463, Name: IpConnection_3, Driver: GameNetDriver IpNetDriver_2, IsServer: YES, PC: None, Owner: None
[2016.09.26-16.36.51:821][394]LogNet: UChannel::CleanUp: ChIndex == 0. Closing connection. [UChannel] ChIndex: 0, Closing: 0 [UNetConnection] RemoteAddr: 127.0.0.1:7777, Name: IpConnection_2, Driver: GameNetDriver IpNetDriver_3, IsServer: NO, PC: None, Owner: None
[2016.09.26-16.36.51:821][394]LogNet: UNetConnection::Close: [UNetConnection] RemoteAddr: 127.0.0.1:7777, Name: IpConnection_2, Driver: GameNetDriver IpNetDriver_3, IsServer: NO, PC: None, Owner: None, Channels: 2, Time: 2016.09.26-16.36.51
[2016.09.26-16.36.51:821][394]LogNet: UChannel::Close: Sending CloseBunch. ChIndex == 0. Name: [UChannel] ChIndex: 0, Closing: 0 [UNetConnection] RemoteAddr: 127.0.0.1:7777, Name: IpConnection_2, Driver: GameNetDriver IpNetDriver_3, IsServer: NO, PC: None, Owner: None
[2016.09.26-16.36.51:826][394]LogExit: GameNetDriver None shut down
[2016.09.26-16.36.51:826][394]LogExit: GameNetDriver None shut down
[2016.09.26-16.36.55:528][515]Cmd: OBJ SAVEPACKAGE PACKAGE="/Game/test" FILE="../../../../../../Users/jcy/Documents/GitHub/UNNAMED/UNNAMED/Content/test.uasset" SILENT=true
[2016.09.26-16.36.55:543][515]LogSavePackage: Save=13.60ms
[2016.09.26-16.36.55:543][515]LogSavePackage: Moving '../../../../../../Users/jcy/Documents/GitHub/UNNAMED/UNNAMED/Saved/test88C7131F40AFECA2ED19FEB0D7F74FDD.tmp' to '../../../../../../Users/jcy/Documents/GitHub/UNNAMED/UNNAMED/Content/test.uasset'
[2016.09.26-16.36.55:546][515]LogSavePackage:Display: Finished SavePackage ../../../../../../Users/jcy/Documents/GitHub/UNNAMED/UNNAMED/Content/test.uasset
[2016.09.26-16.36.55:904][515]LogSavePackage: Save=146.82ms
[2016.09.26-16.36.55:904][515]LogSavePackage: Moving '../../../../../../Users/jcy/Documents/GitHub/UNNAMED/UNNAMED/Saved/ThirdPersonExampleMap0FB22FC44724A7486988828B9C9A75FC.tmp' to '../../../../../../Users/jcy/Documents/GitHub/UNNAMED/UNNAMED/Content/ThirdPersonBP/Maps/ThirdPersonExampleMap.umap'
[2016.09.26-16.36.55:907][515]LogSavePackage:Display: Finished SavePackage ../../../../../../Users/jcy/Documents/GitHub/UNNAMED/UNNAMED/Content/ThirdPersonBP/Maps/ThirdPersonExampleMap.umap
[2016.09.26-16.36.55:933][515]LogFileHelpers: Saving map 'ThirdPersonExampleMap' took 0.383
[2016.09.26-16.36.56:018][515]LogWindowsTextInputMethodSystem:Display: IME system now activated using TSF (Microsoft 입력기).
[2016.09.26-16.36.56:229][516]Cmd: QUIT_EDITOR
[2016.09.26-16.36.56:744][516]LogExit: Preparing to exit.
[2016.09.26-16.36.57:673][516]LogExit: Editor shut down
[2016.09.26-16.36.57:674][516]LogExit: Transaction tracking system shut down
[2016.09.26-16.36.57:903][516]LogObj: Freed 0b from 0 cluster array pools.
[2016.09.26-16.36.57:903][516]LogExit: Object subsystem successfully closed.
[2016.09.26-16.36.57:922][516]LogD3D11RHI: Shutdown
[2016.09.26-16.36.57:922][516]LogD3D11RHI: CleanupD3DDevice
[2016.09.26-16.36.58:061][516]LogD3D11RHI: ~FD3D11DynamicRHI
[2016.09.26-16.36.58:093][516]LogModuleManager: Shutting down and abandoning module HierarchicalLODUtilities (216)
[2016.09.26-16.36.58:093][516]LogModuleManager: Shutting down and abandoning module MovieSceneCapture (214)
[2016.09.26-16.36.58:093][516]LogModuleManager: Shutting down and abandoning module HierarchicalLODOutliner (213)
[2016.09.26-16.36.58:093][516]LogModuleManager: Shutting down and abandoning module CrashTracker (212)
[2016.09.26-16.36.58:093][516]LogModuleManager: Shutting down and abandoning module SceneOutliner (211)
[2016.09.26-16.36.58:093][516]LogModuleManager: Shutting down and abandoning module WidgetCarousel (210)
[2016.09.26-16.36.58:093][516]LogModuleManager: Shutting down and abandoning module AddContentDialog (209)
[2016.09.26-16.36.58:094][516]LogModuleManager: Shutting down and abandoning module GameplayTags (208)
[2016.09.26-16.36.58:094][516]LogModuleManager: Shutting down and abandoning module EditorWidgets (207)
[2016.09.26-16.36.58:094][516]LogModuleManager: Shutting down and abandoning module CollectionManager (206)
[2016.09.26-16.36.58:094][516]LogModuleManager: Shutting down and abandoning module StatsViewer (205)
[2016.09.26-16.36.58:094][516]LogModuleManager: Shutting down and abandoning module FoliageEdit (204)
[2016.09.26-16.36.58:094][516]LogModuleManager: Shutting down and abandoning module LandscapeEditor (203)
[2016.09.26-16.36.58:094][516]LogModuleManager: Shutting down and abandoning module SceneDepthPickerMode (202)
[2016.09.26-16.36.58:094][516]LogModuleManager: Shutting down and abandoning module ActorPickerMode (201)
[2016.09.26-16.36.58:094][516]LogModuleManager: Shutting down and abandoning module GeometryMode (200)
[2016.09.26-16.36.58:094][516]LogModuleManager: Shutting down and abandoning module TextureAlignMode (199)
[2016.09.26-16.36.58:094][516]LogModuleManager: Shutting down and abandoning module BspMode (198)
[2016.09.26-16.36.58:094][516]LogModuleManager: Shutting down and abandoning module HardwareSurvey (197)
[2016.09.26-16.36.58:094][516]LogModuleManager: Shutting down and abandoning module SequenceRecorderSections (196)
[2016.09.26-16.36.58:094][516]LogModuleManager: Shutting down and abandoning module SequenceRecorder (195)
[2016.09.26-16.36.58:094][516]LogModuleManager: Shutting down and abandoning module AutomationWorker (194)
[2016.09.26-16.36.58:094][516]LogModuleManager: Shutting down and abandoning module MatineeToLevelSequence (193)
[2016.09.26-16.36.58:094][516]LogModuleManager: Shutting down and abandoning module PlacementMode (192)
[2016.09.26-16.36.58:094][516]LogModuleManager: Shutting down and abandoning module LevelSequenceEditor (191)
[2016.09.26-16.36.58:095][516]LogModuleManager: Shutting down and abandoning module CharacterAI (190)
[2016.09.26-16.36.58:095][516]LogModuleManager: Shutting down and abandoning module SmartSnapping (189)
[2016.09.26-16.36.58:095][516]LogModuleManager: Shutting down and abandoning module SessionServices (188)
[2016.09.26-16.36.58:095][516]LogModuleManager: Shutting down and abandoning module ViewportSnapping (187)
[2016.09.26-16.36.58:095][516]LogModuleManager: Shutting down and abandoning module LogVisualizer (186)
[2016.09.26-16.36.58:095][516]LogModuleManager: Shutting down and abandoning module GameProjectGeneration (185)
[2016.09.26-16.36.58:095][516]LogModuleManager: Shutting down and abandoning module IntroTutorials (184)
[2016.09.26-16.36.58:095][516]LogModuleManager: Shutting down and abandoning module EditorLiveStreaming (183)
[2016.09.26-16.36.58:095][516]LogModuleManager: Shutting down and abandoning module IOSPlatformEditor (182)
[2016.09.26-16.36.58:095][516]LogModuleManager: Shutting down and abandoning module HTML5PlatformEditor (181)
[2016.09.26-16.36.58:095][516]LogModuleManager: Shutting down and abandoning module AndroidDeviceDetection (180)
[2016.09.26-16.36.58:318][516]LogModuleManager: Shutting down and abandoning module AndroidPlatformEditor (179)
[2016.09.26-16.36.58:318][516]LogModuleManager: Shutting down and abandoning module IOSRuntimeSettings (178)
[2016.09.26-16.36.58:318][516]LogModuleManager: Shutting down and abandoning module AndroidRuntimeSettings (177)
[2016.09.26-16.36.58:318][516]LogModuleManager: Shutting down and abandoning module MergeActors (176)
[2016.09.26-16.36.58:318][516]LogModuleManager: Shutting down and abandoning module SizeMap (175)
[2016.09.26-16.36.58:318][516]LogModuleManager: Shutting down and abandoning module TreeMap (174)
[2016.09.26-16.36.58:318][516]LogModuleManager: Shutting down and abandoning module ReferenceViewer (173)
[2016.09.26-16.36.58:318][516]LogModuleManager: Shutting down and abandoning module LocalizationService (172)
[2016.09.26-16.36.58:318][516]LogModuleManager: Shutting down and abandoning module LocalizationDashboard (171)
[2016.09.26-16.36.58:318][516]LogModuleManager: Shutting down and abandoning module HardwareTargeting (170)
[2016.09.26-16.36.58:319][516]LogModuleManager: Shutting down and abandoning module DeviceProfileEditor (169)
[2016.09.26-16.36.58:319][516]LogModuleManager: Shutting down and abandoning module UndoHistory (168)
[2016.09.26-16.36.58:319][516]LogModuleManager: Shutting down and abandoning module UserFeedback (167)
[2016.09.26-16.36.58:319][516]LogModuleManager: Shutting down and abandoning module XmlParser (166)
[2016.09.26-16.36.58:319][516]LogModuleManager: Shutting down and abandoning module Blutility (165)
[2016.09.26-16.36.58:319][516]LogModuleManager: Shutting down and abandoning module ProjectTargetPlatformEditor (164)
[2016.09.26-16.36.58:319][516]LogModuleManager: Shutting down and abandoning module ProjectSettingsViewer (163)
[2016.09.26-16.36.58:319][516]LogModuleManager: Shutting down and abandoning module InputBindingEditor (162)
[2016.09.26-16.36.58:320][516]LogModuleManager: Shutting down and abandoning module EditorSettingsViewer (161)
[2016.09.26-16.36.58:320][516]LogModuleManager: Shutting down and abandoning module SettingsEditor (160)
[2016.09.26-16.36.58:320][516]LogModuleManager: Shutting down and abandoning module ProjectLauncher (159)
[2016.09.26-16.36.58:320][516]LogModuleManager: Shutting down and abandoning module SessionFrontend (158)
[2016.09.26-16.36.58:320][516]LogModuleManager: Shutting down and abandoning module ProfilerClient (157)
[2016.09.26-16.36.58:320][516]LogModuleManager: Shutting down and abandoning module TargetDeviceServices (156)
[2016.09.26-16.36.58:320][516]LogModuleManager: Shutting down and abandoning module DeviceManager (155)
[2016.09.26-16.36.58:363][516]LogModuleManager: Shutting down and abandoning module AutomationController (154)
[2016.09.26-16.36.58:363][516]LogModuleManager: Shutting down and abandoning module AutomationWindow (153)
[2016.09.26-16.36.58:363][516]LogModuleManager: Shutting down and abandoning module Layers (152)
[2016.09.26-16.36.58:363][516]LogModuleManager: Shutting down and abandoning module ComponentVisualizers (151)
[2016.09.26-16.36.58:363][516]LogModuleManager: Shutting down and abandoning module DetailCustomizations (150)
[2016.09.26-16.36.58:363][516]LogModuleManager: Shutting down and abandoning module PackagesDialog (149)
[2016.09.26-16.36.58:364][516]LogModuleManager: Shutting down and abandoning module Persona (148)
[2016.09.26-16.36.58:364][516]LogModuleManager: Shutting down and abandoning module Kismet (147)
[2016.09.26-16.36.58:364][516]LogModuleManager: Shutting down and abandoning module GraphEditor (146)
[2016.09.26-16.36.58:364][516]LogModuleManager: Shutting down and abandoning module ClassViewer (145)
[2016.09.26-16.36.58:364][516]LogModuleManager: Shutting down and abandoning module Toolbox (144)
[2016.09.26-16.36.58:364][516]LogModuleManager: Shutting down and abandoning module ModuleUI (143)
[2016.09.26-16.36.58:364][516]LogModuleManager: Shutting down and abandoning module MovieSceneTools (142)
[2016.09.26-16.36.58:364][516]LogModuleManager: Shutting down and abandoning module OutputLog (141)
[2016.09.26-16.36.58:365][516]LogModuleManager: Shutting down and abandoning module GammaUI (140)
[2016.09.26-16.36.58:365][516]LogModuleManager: Shutting down and abandoning module Documentation (139)
[2016.09.26-16.36.58:365][516]LogModuleManager: Shutting down and abandoning module StreamingPauseRendering (138)
[2016.09.26-16.36.58:365][516]LogModuleManager: Shutting down and abandoning module AnalyticsET (137)
[2016.09.26-16.36.58:365][516]LogModuleManager: Shutting down and abandoning module Analytics (136)
[2016.09.26-16.36.58:365][516]LogModuleManager: Shutting down and abandoning module PortalServices (135)
[2016.09.26-16.36.58:365][516]LogModuleManager: Shutting down and abandoning module PortalRpc (134)
[2016.09.26-16.36.58:365][516]LogModuleManager: Shutting down and abandoning module MessagingRpc (133)
[2016.09.26-16.36.58:365][516]LogModuleManager: Shutting down and abandoning module GameplayDebugger (132)
[2016.09.26-16.36.58:365][516]LogModuleManager: Shutting down and abandoning module AITestSuite (131)
[2016.09.26-16.36.58:365][516]LogModuleManager: Shutting down and abandoning module AIModule (130)
[2016.09.26-16.36.58:365][516]LogModuleManager: Shutting down and abandoning module ProfilerService (129)
[2016.09.26-16.36.58:523][516]LogModuleManager: Shutting down and abandoning module TaskGraph (128)
[2016.09.26-16.36.58:523][516]LogModuleManager: Shutting down and abandoning module SlateRemote (127)
[2016.09.26-16.36.58:523][516]LogModuleManager: Shutting down and abandoning module SteamVRController (126)
[2016.09.26-16.36.58:523][516]LogModuleManager: Shutting down and abandoning module SteamVR (125)
[2016.09.26-16.36.58:524][516]LogModuleManager: Shutting down and abandoning module ProceduralMeshComponent (124)
[2016.09.26-16.36.58:524][516]LogModuleManager: Shutting down and abandoning module OculusLibrary (123)
[2016.09.26-16.36.58:524][516]LogModuleManager: Shutting down and abandoning module OculusInput (122)
[2016.09.26-16.36.58:524][516]LogModuleManager: Shutting down and abandoning module CustomMeshComponent (121)
[2016.09.26-16.36.58:524][516]LogModuleManager: Shutting down and abandoning module CableComponent (120)
[2016.09.26-16.36.58:524][516]LogModuleManager: Shutting down and abandoning module ArchVisCharacter (119)
[2016.09.26-16.36.58:524][516]LogModuleManager: Shutting down and abandoning module MediaPlayerEditor (118)
[2016.09.26-16.36.58:524][516]LogModuleManager: Shutting down and abandoning module HTML5Networking (117)
[2016.09.26-16.36.58:524][516]LogModuleManager: Shutting down and abandoning module SuperSearch (116)
[2016.09.26-16.36.58:524][516]LogModuleManager: Shutting down and abandoning module SuperSearchEditor (115)
[2016.09.26-16.36.58:524][516]LogModuleManager: Shutting down and abandoning module SpeedTreeImporter (114)
[2016.09.26-16.36.58:524][516]LogModuleManager: Shutting down and abandoning module PluginBrowser (113)
[2016.09.26-16.36.58:524][516]LogModuleManager: Shutting down and abandoning module EpicSurvey (112)
[2016.09.26-16.36.58:524][516]LogModuleManager: Shutting down and abandoning module DesktopPlatform (111)
[2016.09.26-16.36.58:524][516]LogModuleManager: Shutting down and abandoning module VisualStudioSourceCodeAccess (110)
[2016.09.26-16.36.58:524][516]LogModuleManager: Shutting down and abandoning module UObjectPlugin (109)
[2016.09.26-16.36.58:524][516]LogModuleManager: Shutting down and abandoning module SubversionSourceControl (108)
[2016.09.26-16.36.58:524][516]LogModuleManager: Shutting down and abandoning module PerforceSourceControl (107)
[2016.09.26-16.36.58:524][516]LogModuleManager: Shutting down and abandoning module SourceControl (106)
[2016.09.26-16.36.58:524][516]LogModuleManager: Shutting down and abandoning module GitSourceControl (105)
[2016.09.26-16.36.58:524][516]LogModuleManager: Shutting down and abandoning module LightPropagationVolumeEditor (104)
[2016.09.26-16.36.58:524][516]LogModuleManager: Shutting down and abandoning module PaperTiledImporter (103)
[2016.09.26-16.36.58:524][516]LogModuleManager: Shutting down and abandoning module PaperSpriteSheetImporter (102)
[2016.09.26-16.36.58:524][516]LogModuleManager: Shutting down and abandoning module MeshPaint (101)
[2016.09.26-16.36.58:524][516]LogModuleManager: Shutting down and abandoning module PixelInspectorModule (100)
[2016.09.26-16.36.58:524][516]LogModuleManager: Shutting down and abandoning module HotReload (99)
[2016.09.26-16.36.58:525][516]LogModuleManager: Shutting down and abandoning module MainFrame (98)
[2016.09.26-16.36.58:525][516]LogModuleManager: Shutting down and abandoning module LevelEditor (97)
[2016.09.26-16.36.58:526][516]LogModuleManager: Shutting down and abandoning module ContentBrowser (96)
[2016.09.26-16.36.58:527][516]LogModuleManager: Shutting down and abandoning module Paper2DEditor (95)
[2016.09.26-16.36.58:527][516]LogModuleManager: Shutting down and abandoning module UdpMessaging (94)
[2016.09.26-16.36.58:629][516]LogModuleManager: Shutting down and abandoning module LightPropagationVolumeRuntime (93)
[2016.09.26-16.36.58:629][516]LogModuleManager: Shutting down and abandoning module Paper2D (92)
[2016.09.26-16.36.58:629][516]LogModuleManager: Shutting down and abandoning module WindowsMoviePlayer (91)
[2016.09.26-16.36.58:629][516]LogModuleManager: Shutting down and abandoning module Media (90)
[2016.09.26-16.36.58:629][516]LogModuleManager: Shutting down and abandoning module WmfMedia (89)
[2016.09.26-16.36.58:629][516]LogModuleManager: Shutting down and abandoning module MediaAssets (88)
[2016.09.26-16.36.58:629][516]LogModuleManager: Shutting down and abandoning module GameLiveStreaming (87)
[2016.09.26-16.36.58:630][516]LogModuleManager: Shutting down and abandoning module GameplayTagsEditor (86)
[2016.09.26-16.36.58:630][516]LogModuleManager: Shutting down and abandoning module OnlineBlueprintSupport (85)
[2016.09.26-16.36.58:630][516]LogModuleManager: Shutting down and abandoning module VREditor (84)
[2016.09.26-16.36.58:630][516]LogModuleManager: Shutting down and abandoning module GameplayTasksEditor (83)
[2016.09.26-16.36.58:630][516]LogModuleManager: Shutting down and abandoning module PropertyEditor (82)
[2016.09.26-16.36.58:630][516]LogModuleManager: Shutting down and abandoning module BehaviorTreeEditor (81)
[2016.09.26-16.36.58:630][516]LogModuleManager: Shutting down and abandoning module FunctionalTesting (80)
[2016.09.26-16.36.58:630][516]LogModuleManager: Shutting down and abandoning module CollisionAnalyzer (79)
[2016.09.26-16.36.58:630][516]LogModuleManager: Shutting down and abandoning module Sequencer (78)
[2016.09.26-16.36.58:631][516]LogModuleManager: Shutting down and abandoning module WorkspaceMenuStructure (77)
[2016.09.26-16.36.58:631][516]LogModuleManager: Shutting down and abandoning module MessageLog (76)
[2016.09.26-16.36.58:631][516]LogModuleManager: Shutting down and abandoning module AssetTools (75)
[2016.09.26-16.36.58:631][516]LogModuleManager: Shutting down and abandoning module UMGEditor (74)
[2016.09.26-16.36.58:631][516]LogModuleManager: Shutting down and abandoning module UMG (73)
[2016.09.26-16.36.58:631][516]LogModuleManager: Shutting down and abandoning module SlateReflector (72)
[2016.09.26-16.36.58:631][516]LogModuleManager: Shutting down and abandoning module Slate (71)
[2016.09.26-16.36.58:631][516]LogModuleManager: Shutting down and abandoning module EditorStyle (70)
[2016.09.26-16.36.58:642][516]LogModuleManager: Shutting down and abandoning module SourceCodeAccess (69)
[2016.09.26-16.36.58:642][516]LogModuleManager: Shutting down and abandoning module HeadMountedDisplay (68)
[2016.09.26-16.36.58:642][516]LogModuleManager: Shutting down and abandoning module XAudio2 (67)
[2016.09.26-16.36.58:642][516]LogModuleManager: Shutting down and abandoning module Networking (65)
[2016.09.26-16.36.58:642][516]LogModuleManager: Shutting down and abandoning module Core (64)
[2016.09.26-16.36.58:642][516]LogModuleManager: Shutting down and abandoning module DirectoryWatcher (63)
[2016.09.26-16.36.58:644][516]LogModuleManager: Shutting down and abandoning module AssetRegistry (62)
[2016.09.26-16.36.58:817][516]LogModuleManager: Shutting down and abandoning module KismetCompiler (61)
[2016.09.26-16.36.58:817][516]LogModuleManager: Shutting down and abandoning module PhysXFormats (60)
[2016.09.26-16.36.58:817][516]LogModuleManager: Shutting down and abandoning module MeshUtilities (59)
[2016.09.26-16.36.58:817][516]LogModuleManager: Shutting down and abandoning module DerivedDataCache (58)
[2016.09.26-16.36.58:858][516]LogDerivedDataCache: Shutdown
[2016.09.26-16.36.58:858][516]LogModuleManager: Shutting down and abandoning module VulkanShaderFormat (57)
[2016.09.26-16.36.58:858][516]LogModuleManager: Shutting down and abandoning module ShaderFormatOpenGL (56)
[2016.09.26-16.36.58:858][516]LogModuleManager: Shutting down and abandoning module ShaderFormatD3D (55)
[2016.09.26-16.36.58:858][516]LogModuleManager: Shutting down and abandoning module MetalShaderFormat (54)
[2016.09.26-16.36.58:858][516]LogModuleManager: Shutting down and abandoning module TextureFormatUncompressed (53)
[2016.09.26-16.36.58:858][516]LogModuleManager: Shutting down and abandoning module TextureFormatPVR (52)
[2016.09.26-16.36.58:858][516]LogModuleManager: Shutting down and abandoning module TextureFormatIntelISPCTexComp (51)
[2016.09.26-16.36.58:858][516]LogModuleManager: Shutting down and abandoning module TextureFormatDXT (50)
[2016.09.26-16.36.58:858][516]LogModuleManager: Shutting down and abandoning module ImageWrapper (49)
[2016.09.26-16.36.58:858][516]LogModuleManager: Shutting down and abandoning module TextureFormatASTC (48)
[2016.09.26-16.36.58:858][516]LogModuleManager: Shutting down and abandoning module TextureFormatAndroid (47)
[2016.09.26-16.36.58:858][516]LogModuleManager: Shutting down and abandoning module AudioFormatOpus (46)
[2016.09.26-16.36.58:858][516]LogModuleManager: Shutting down and abandoning module AudioFormatOgg (45)
[2016.09.26-16.36.58:858][516]LogModuleManager: Shutting down and abandoning module AudioFormatADPCM (44)
[2016.09.26-16.36.58:858][516]LogModuleManager: Shutting down and abandoning module LinuxTargetPlatform (43)
[2016.09.26-16.36.58:859][516]LogModuleManager: Shutting down and abandoning module LinuxServerTargetPlatform (42)
[2016.09.26-16.36.58:859][516]LogModuleManager: Shutting down and abandoning module LinuxNoEditorTargetPlatform (41)
[2016.09.26-16.36.58:859][516]LogModuleManager: Shutting down and abandoning module TVOSTargetPlatform (40)
[2016.09.26-16.36.58:859][516]LogModuleManager: Shutting down and abandoning module Messaging (39)
[2016.09.26-16.36.58:859][516]LogModuleManager: Shutting down and abandoning module IOSTargetPlatform (38)
[2016.09.26-16.36.58:859][516]LogModuleManager: Shutting down and abandoning module HTML5TargetPlatform (37)
[2016.09.26-16.36.58:859][516]LogModuleManager: Shutting down and abandoning module Android_PVRTCTargetPlatform (36)
[2016.09.26-16.36.58:859][516]LogModuleManager: Shutting down and abandoning module Android_MultiTargetPlatform (35)
[2016.09.26-16.36.58:859][516]LogModuleManager: Shutting down and abandoning module Android_ETC2TargetPlatform (34)
[2016.09.26-16.36.58:859][516]LogModuleManager: Shutting down and abandoning module Android_ETC1TargetPlatform (33)
[2016.09.26-16.36.58:859][516]LogModuleManager: Shutting down and abandoning module Android_DXTTargetPlatform (32)
[2016.09.26-16.36.58:859][516]LogModuleManager: Shutting down and abandoning module Android_ATCTargetPlatform (31)
[2016.09.26-16.36.58:859][516]LogModuleManager: Shutting down and abandoning module Android_ASTCTargetPlatform (30)
[2016.09.26-16.36.58:859][516]LogModuleManager: Shutting down and abandoning module AndroidTargetPlatform (29)
[2016.09.26-16.36.58:859][516]LogModuleManager: Shutting down and abandoning module WindowsTargetPlatform (28)
[2016.09.26-16.36.58:859][516]LogModuleManager: Shutting down and abandoning module WindowsServerTargetPlatform (27)
[2016.09.26-16.36.58:859][516]LogModuleManager: Shutting down and abandoning module WindowsNoEditorTargetPlatform (26)
[2016.09.26-16.36.58:859][516]LogModuleManager: Shutting down and abandoning module WindowsClientTargetPlatform (25)
[2016.09.26-16.36.58:859][516]LogModuleManager: Shutting down and abandoning module AllDesktopTargetPlatform (24)
[2016.09.26-16.36.58:859][516]LogModuleManager: Shutting down and abandoning module TargetPlatform (23)
[2016.09.26-16.36.58:859][516]LogModuleManager: Shutting down and abandoning module InputCore (22)
[2016.09.26-16.36.58:859][516]LogModuleManager: Shutting down and abandoning module Settings (21)
[2016.09.26-16.36.58:859][516]LogModuleManager: Shutting down and abandoning module OnlineSubsystem (19)
[2016.09.26-16.36.58:859][516]LogModuleManager: Shutting down and abandoning module HTTP (18)
[2016.09.26-16.37.03:374][516]LogModuleManager: Shutting down and abandoning module XMPP (17)
[2016.09.26-16.37.03:374][516]LogModuleManager: Shutting down and abandoning module OculusRift (16)
[2016.09.26-16.37.03:374][516]LogModuleManager: Shutting down and abandoning module ExampleDeviceProfileSelector (15)
[2016.09.26-16.37.03:374][516]LogModuleManager: Shutting down and abandoning module TextureCompressor (14)
[2016.09.26-16.37.03:374][516]LogModuleManager: Shutting down and abandoning module ShaderCore (13)
[2016.09.26-16.37.03:374][516]LogModuleManager: Shutting down and abandoning module Landscape (12)
[2016.09.26-16.37.03:374][516]LogModuleManager: Shutting down and abandoning module SlateRHIRenderer (11)
[2016.09.26-16.37.03:377][516]LogModuleManager: Shutting down and abandoning module OpenGLDrv (10)
[2016.09.26-16.37.03:377][516]LogModuleManager: Shutting down and abandoning module D3D11RHI (9)
[2016.09.26-16.37.03:377][516]LogModuleManager: Shutting down and abandoning module AnimGraphRuntime (8)
[2016.09.26-16.37.03:377][516]LogModuleManager: Shutting down and abandoning module Renderer (7)
[2016.09.26-16.37.03:377][516]LogModuleManager: Shutting down and abandoning module Engine (6)
[2016.09.26-16.37.03:377][516]LogModuleManager: Shutting down and abandoning module CoreUObject (5)
[2016.09.26-16.37.03:377][516]LogModuleManager: Shutting down and abandoning module NetworkFile (4)
[2016.09.26-16.37.03:377][516]LogModuleManager: Shutting down and abandoning module StreamingFile (3)
[2016.09.26-16.37.03:377][516]LogModuleManager: Shutting down and abandoning module SandboxFile (2)
[2016.09.26-16.37.03:377][516]LogModuleManager: Shutting down and abandoning module PakFile (1)
[2016.09.26-16.37.03:382][516]LogExit: Exiting.
[2016.09.26-16.37.03:386][516]Log file closed, 09/27/16 01:37:03
