Log file open, 11/25/16 23:52:14
LogInit:Display: Running engine for game: UNNAMED
LogPlatformFile: Not using cached read wrapper
LogInit:Display: RandInit(1556944934) SRandInit(1556944935).
LogTaskGraph: Started task graph with 4 named threads and 7 total threads with 1 sets of task threads.
LogStats: Stats thread started at 0.164723
LogInit: Version: 4.12.5-3039270+++UE4+Release-4.12
LogInit: API Version: 2992821
LogInit: Net Version: 3039270
LogDevObjectVersion: Number of dev versions registered: 13
LogDevObjectVersion:   Dev-Blueprints (B0D832E4-1F89-4F0D-ACCF-7EB736FD4AA2): 3
LogDevObjectVersion:   Dev-Build (E1C64328-A22C-4D53-A36C-8E866417BD8C): 0
LogDevObjectVersion:   Dev-Core (375EC13C-06E4-48FB-B500-84F0262A717E): 1
LogDevObjectVersion:   Dev-Editor (E4B068ED-F494-42E9-A231-DA0B2E46BB41): 2
LogDevObjectVersion:   Dev-Framework (CFFC743F-43B0-4480-9391-14DF171D2073): 6
LogDevObjectVersion:   Dev-Mobile (B02B49B5-BB20-44E9-A304-32B752E40360): 0
LogDevObjectVersion:   Dev-Networking (A4E4105C-59A1-49B5-A7C5-40C4547EDFEE): 0
LogDevObjectVersion:   Dev-Online (39C831C9-5AE6-47DC-9A44-9C173E1C8E7C): 0
LogDevObjectVersion:   Dev-Physics (78F01B33-EBEA-4F98-B9B4-84EACCB95AA2): 0
LogDevObjectVersion:   Dev-Platform (6631380F-2D4D-43E0-8009-CF276956A95A): 0
LogDevObjectVersion:   Dev-Rendering (12F88B9F-8875-4AFC-A67C-D90C383ABD29): 2
LogDevObjectVersion:   Dev-Sequencer (7B5AE74C-D270-4C10-A958-57980B212A5A): 0
LogDevObjectVersion:   Dev-VR (D7296918-1DD6-4BDD-9DE2-64A83CC13884): 0
LogInit: Compiled (64-bit): Jul  6 2016 09:09:46
LogInit: Compiled with Visual C++: 19.00.23026.00
LogInit: Build Configuration: Development
LogInit: Branch Name: ++UE4+Release-4.12
LogInit: Command line:  117.16.45.141 -game
LogInit: Base directory: C:/Program Files (x86)/Epic Games/4.12/Engine/Binaries/Win64/
LogInit: Installed Engine Build: 1
LogInit: Using libcurl 7.41.0
LogInit:  - built for x86_64-pc-win32
LogInit:  - supports SSL with WinSSL
LogInit:  - other features:
LogInit:      CURL_VERSION_SSL
LogInit:      CURL_VERSION_IPV6
LogInit:      CURL_VERSION_ASYNCHDNS
LogInit:      CURL_VERSION_LARGEFILE
LogInit:      CURL_VERSION_IDN
LogInit:  CurlRequestOptions (configurable via config and command line):
LogInit:  - bVerifyPeer = true  - Libcurl will verify peer certificate
LogInit:  - bUseHttpProxy = false  - Libcurl will NOT use HTTP proxy
LogInit:  - bDontReuseConnections = false  - Libcurl will reuse connections
LogInit:  - CertBundlePath = nullptr  - Libcurl will use whatever was configured at build time.
LogModuleManager:Warning: No filename provided for module OnlineSubsystemLAN
LogModuleManager:Warning: ModuleManager: Unable to load module 'OnlineSubsystemLAN' because the file 'C:/Program Files (x86)/Epic Games/4.12/Engine/Binaries/Win64/' was not found.
LogInit: WinSock: version 1.1 (2.2), MaxSocks=32767, MaxUdp=65467
LogVoice:Warning: Failed to initialize voice interface
LogInit: Presizing for max 8388607 objects, including 0 objects not considered by GC, pre-allocating 0 bytes for permanent pool.
LogInit: Object subsystem initialized
[2016.11.25-14.52.14:533][  0]LogInit: Selected Device Profile: [Windows]
[2016.11.25-14.52.14:533][  0]LogInit: Applying CVar settings loaded from the selected device profile: [Windows]
[2016.11.25-14.52.14:550][  0]LogInit: Computer: DESKTOP-5I3HB32
[2016.11.25-14.52.14:550][  0]LogInit: User: jcy
[2016.11.25-14.52.14:550][  0]LogInit: CPU Page size=65536, Cores=4
[2016.11.25-14.52.14:550][  0]LogInit: High frequency timer resolution =2.533209 MHz
[2016.11.25-14.52.14:550][  0]LogMemory: Memory total: Physical=7.9GB (8GB approx)
[2016.11.25-14.52.14:550][  0]LogMemory: Platform Memory Stats for Windows
[2016.11.25-14.52.14:550][  0]LogMemory: Process Physical Memory: 192.57 MB used, 192.57 MB peak
[2016.11.25-14.52.14:550][  0]LogMemory: Process Virtual Memory: 195.51 MB used, 195.51 MB peak
[2016.11.25-14.52.14:550][  0]LogMemory: Physical Memory: 4235.11 MB used, 8113.86 MB total
[2016.11.25-14.52.14:550][  0]LogMemory: Virtual Memory: 555.32 MB used, 134217728.00 MB total
[2016.11.25-14.52.15:492][  0]LogD3D11RHI: D3D11 adapters:
[2016.11.25-14.52.16:027][  0]LogD3D11RHI:    0. 'NVIDIA GeForce GTX 960M' (Feature Level 11_0)
[2016.11.25-14.52.16:027][  0]LogD3D11RHI:       2018/0/4056 MB DedicatedVideo/DedicatedSystem/SharedSystem, Outputs:2, VendorId:0x10de
[2016.11.25-14.52.16:034][  0]LogD3D11RHI:    1. 'Intel(R) HD Graphics 4600' (Feature Level 11_0)
[2016.11.25-14.52.16:034][  0]LogD3D11RHI:       112/0/2048 MB DedicatedVideo/DedicatedSystem/SharedSystem, Outputs:0, VendorId:0x8086
[2016.11.25-14.52.16:035][  0]LogD3D11RHI:    2. 'Microsoft Basic Render Driver' (Feature Level 11_0)
[2016.11.25-14.52.16:036][  0]LogD3D11RHI:       0/0/4056 MB DedicatedVideo/DedicatedSystem/SharedSystem, Outputs:0, VendorId:0x1414
[2016.11.25-14.52.16:036][  0]LogD3D11RHI: Chosen D3D11 Adapter: 0
[2016.11.25-14.52.16:039][  0]LogD3D11RHI: Creating new Direct3DDevice
[2016.11.25-14.52.16:039][  0]LogD3D11RHI:     GPU DeviceId: 0x139b (for the marketing name, search the web for "GPU Device Id")
[2016.11.25-14.52.16:039][  0]LogWindows: EnumDisplayDevices:
[2016.11.25-14.52.16:040][  0]LogWindows:    0. 'Intel(R) HD Graphics 4600' (P:1 D:1)
[2016.11.25-14.52.16:040][  0]LogWindows:    1. 'Intel(R) HD Graphics 4600' (P:0 D:1)
[2016.11.25-14.52.16:040][  0]LogWindows:    2. 'Intel(R) HD Graphics 4600' (P:0 D:0)
[2016.11.25-14.52.16:040][  0]LogWindows: DebugString: PrimaryIsNotTheChoosenAdapter PrimaryIsNotTheChoosenAdapter PrimaryIsNotTheChoosenAdapter FoundDriverCount:0 
[2016.11.25-14.52.16:040][  0]LogD3D11RHI:     Adapter Name: NVIDIA GeForce GTX 960M
[2016.11.25-14.52.16:040][  0]LogD3D11RHI:   Driver Version: Unknown (internal:Unknown, unified:Unknown)
[2016.11.25-14.52.16:040][  0]LogD3D11RHI:      Driver Date: Unknown
[2016.11.25-14.52.16:040][  0]LogRHI: Texture pool is 1361 MB (70% of 1945 MB)
[2016.11.25-14.52.16:524][  0]LogD3D11RHI: Async texture creation enabled
[2016.11.25-14.52.17:577][  0]LogD3D11RHI: GPU Timing Frequency: 1000.000000 (Debug: 2 1)
[2016.11.25-14.52.17:578][  0]LogShaderCompilers: Guid format shader working directory is -16 characters bigger than the processId version (../../../../../../Users/jcy/Documents/GitHub/UNNAMED/UNNAMED/Intermediate/Shaders/WorkingDirectory/6684/).
[2016.11.25-14.52.17:578][  0]LogShaderCompilers: Cleaned the shader compiler working directory 'C:/Users/jcy/AppData/Local/Temp/UnrealShaderWorkingDir/DA9D417B4B8C90AC8A0F4A90FD0FCF91/'.
[2016.11.25-14.52.17:578][  0]LogShaderCompilers:Display: Using Local Shader Compiler.
[2016.11.25-14.52.19:346][  0]LogTemp:Display: Loaded TP WindowsClientTargetPlatform
[2016.11.25-14.52.19:383][  0]LogTemp:Display: Loaded TP WindowsNoEditorTargetPlatform
[2016.11.25-14.52.19:426][  0]LogTemp:Display: Loaded TP WindowsServerTargetPlatform
[2016.11.25-14.52.19:467][  0]LogTemp:Display: Loaded TP WindowsTargetPlatform
[2016.11.25-14.52.19:467][  0]LogTargetPlatformManager:Display: Building Assets For Windows
[2016.11.25-14.52.20:543][  0]LogDerivedDataCache:Display: Max Cache Size: 512 MB
[2016.11.25-14.52.20:604][  0]LogDerivedDataCache: Loaded boot cache 0.06s 48MB C:/Users/jcy/AppData/Local/UnrealEngine/4.12/DerivedDataCache/Boot.ddc.
[2016.11.25-14.52.20:604][  0]LogDerivedDataCache:Display: Loaded Boot cache: C:/Users/jcy/AppData/Local/UnrealEngine/4.12/DerivedDataCache/Boot.ddc
[2016.11.25-14.52.20:604][  0]LogDerivedDataCache: FDerivedDataBackendGraph:  Pak pak cache file ../../../../../../Users/jcy/Documents/GitHub/UNNAMED/UNNAMED/DerivedDataCache/DDC.ddp not found, will not use a pak cache.
[2016.11.25-14.52.20:604][  0]LogDerivedDataCache: Unable to find inner node Pak for hierarchical cache Hierarchy.
[2016.11.25-14.52.20:604][  0]LogDerivedDataCache: FDerivedDataBackendGraph:  CompressedPak pak cache file ../../../../../../Users/jcy/Documents/GitHub/UNNAMED/UNNAMED/DerivedDataCache/Compressed.ddp not found, will not use a pak cache.
[2016.11.25-14.52.20:604][  0]LogDerivedDataCache: Unable to find inner node CompressedPak for hierarchical cache Hierarchy.
[2016.11.25-14.52.20:621][  0]LogDerivedDataCache:Display: Pak cache opened for reading ../../../Engine/DerivedDataCache/Compressed.ddp.
[2016.11.25-14.52.20:632][  0]LogDerivedDataCache: Using Local data cache path C:/Users/jcy/AppData/Local/UnrealEngine/Common/DerivedDataCache: Writable
[2016.11.25-14.52.20:909][  0]LogAssetRegistry: FAssetRegistry took 0.0001 seconds to start up
[2016.11.25-14.52.20:921][  0]LogPackageLocalizationCache: Processed 3 localized package path(s) for 1 prioritized culture(s) in 0.011179 seconds
[2016.11.25-14.52.20:924][  0]LogInit: Selected Device Profile: [Windows]
[2016.11.25-14.52.20:925][  0]LogContentStreaming: Texture pool size is 1000.00 MB
[2016.11.25-14.52.21:148][  0]LogMeshUtilities: No automatic mesh reduction module available
[2016.11.25-14.52.21:148][  0]LogMeshUtilities: No automatic mesh merging module available
[2016.11.25-14.52.21:148][  0]LogMeshUtilities: No distributed automatic mesh merging module available
[2016.11.25-14.52.24:076][  0]LogSlate: SlateFontCache - WITH_FREETYPE: 1, WITH_HARFBUZZ: 1
[2016.11.25-14.52.24:076][  0]LogSlate: SlateFontCache - WITH_FREETYPE: 1, WITH_HARFBUZZ: 1
[2016.11.25-14.52.24:297][  0]LogMoviePlayer: Initializing movie player
[2016.11.25-14.52.24:431][  0]LogWindowsMoviePlayer: Unable to load movie: ../../../../../../Users/jcy/Documents/GitHub/UNNAMED/UNNAMED/Content/Movies/Default_Startup.mp4
[2016.11.25-14.52.24:770][  0]SourceControl: Info Source control is disabled
[2016.11.25-14.52.24:770][  0]SourceControl: Info Source control is disabled
[2016.11.25-14.52.24:901][  0]SourceControl: Info Source control is disabled
[2016.11.25-14.52.25:497][  0]LogUObjectArray: 30985 objects as part of root set at end of initial load.
[2016.11.25-14.52.25:497][  0]LogUObjectAllocator: 6717240 out of 0 bytes used by permanent object pool.
[2016.11.25-14.52.25:497][  0]LogUObjectArray: CloseDisregardForGC: 0/0 objects in disregard for GC pool
[2016.11.25-14.52.25:679][  0]LogEngine: Initializing Engine...
[2016.11.25-14.52.25:718][  0]LogHMD: SteamVR failed to initialize.  Err: 110
[2016.11.25-14.52.25:719][  0]LogHMD: SteamVR failed to initialize.  Err: 110
[2016.11.25-14.52.25:853][  0]LogInit: XAudio2 using '스피커(Realtek High Definition Audio)' : 2 channels at 48 kHz using 32 bits per sample (channel mask 0x3)
[2016.11.25-14.52.25:885][  0]LogInit: FAudioDevice initialized.
[2016.11.25-14.52.25:922][  0]LogDerivedDataCache: Saved boot cache 0.04s 48MB C:/Users/jcy/AppData/Local/UnrealEngine/4.12/DerivedDataCache/Boot.ddc.
[2016.11.25-14.52.25:931][  0]LogInit: Texture streaming: Enabled
[2016.11.25-14.52.26:583][  0]LogNet: Browse: 117.16.45.141//Game/Map/Main?Name=Player
[2016.11.25-14.52.26:584][  0]LogInit: WinSock: Socket queue 32768 / 32768
[2016.11.25-14.52.26:586][  0]LogInit: WinSock: I am DESKTOP-5I3HB32 (192.168.0.3:0)
[2016.11.25-14.52.26:586][  0]PacketHandlerLog: Loaded PacketHandler component: Engine.EngineHandlerComponentFactory (StatelessConnectHandlerComponent)
[2016.11.25-14.52.26:586][  0]LogNet: Game client on port 7777, rate 10000
[2016.11.25-14.52.26:586][  0]LogNet: GetLocalNetworkVersion: GEngineNetVersion: 3039270, ProjectName: unnamed, ProjectVersion: 1.0.0.0, InternalProtocolVersion: 9, LocalNetworkVersion: 1745645396
[2016.11.25-14.52.26:586][  0]LogLoad:Error: Failed to enter /Game/Map/Main: . Please check the log for errors.
[2016.11.25-14.52.26:586][  0]LogNet: Browse: /Game/Map/Main?Name=Player
[2016.11.25-14.52.26:586][  0]LogLoad: LoadMap: /Game/Map/Main?Name=Player
[2016.11.25-14.52.26:610][  0]LogMemory: Platform Memory Stats for Windows
[2016.11.25-14.52.26:610][  0]LogMemory: Process Physical Memory: 569.81 MB used, 599.37 MB peak
[2016.11.25-14.52.26:610][  0]LogMemory: Process Virtual Memory: 626.97 MB used, 657.71 MB peak
[2016.11.25-14.52.26:610][  0]LogMemory: Physical Memory: 4612.87 MB used, 8113.86 MB total
[2016.11.25-14.52.26:610][  0]LogMemory: Virtual Memory: 1238.16 MB used, 134217728.00 MB total
[2016.11.25-14.52.26:610][  0]LogMemory: 
[2016.11.25-14.52.26:610][  0]Allocator Stats for TBB: (not implemented)
[2016.11.25-14.52.26:820][  0]LogAIModule: Creating AISystem for world Main
[2016.11.25-14.52.26:820][  0]LogWorld: Game class is 'pregame_C'
[2016.11.25-14.52.26:822][  0]LogWorld: Bringing World /Game/Map/Main.Main up for play (max tick rate 0) at 2016.11.25-23.52.26
[2016.11.25-14.52.26:822][  0]LogWorld: Bringing up level for play took: 0.000713
[2016.11.25-14.52.26:822][  0]LogGameMode: Warning - PATHS NOT DEFINED or NO PLAYERSTART with positive rating
[2016.11.25-14.52.26:823][  0]LogSpawn:Warning: SpawnActor failed because no class was specified
[2016.11.25-14.52.26:827][  0]LogLoad: Took 0.240690 seconds to LoadMap(/Game/Map/Main)
[2016.11.25-14.52.26:827][  0]LogInit:Display: Game Engine Initialized.
[2016.11.25-14.52.27:333][  0]LogLoad: Full Startup: 14.93 seconds (BP compile: 0.06 seconds)
[2016.11.25-14.52.27:333][  0]LogExternalProfiler: Found external profiler: VSPerf
[2016.11.25-14.52.27:333][  0]LogExternalProfiler: Using external profiler: VSPerf
[2016.11.25-14.52.27:351][  0]LogWindowsTextInputMethodSystem:Display: IME system now activated using TSF (Microsoft 입력기).
[2016.11.25-14.52.27:354][  0]LogOcInput: OculusInput pre-init called
[2016.11.25-14.52.27:354][  0]LogHandshake: SendChallengeResponse. Timestamp: 27.459196, Cookie: 016030158250027172123036180206131184088125096130227224132226
[2016.11.25-14.52.27:463][  2]LogRenderer: Reallocating scene render targets to support 1920x1080 (Frame:2).
[2016.11.25-14.52.27:885][ 19]LogNet: Welcomed by server (Level: /Game/Map/Main, Game: /Game/BP/pregame.pregame_C)
[2016.11.25-14.52.27:886][ 19]LogLoad: LoadMap: 117.16.45.141//Game/Map/Main?Name=Player?game=/Game/BP/pregame.pregame_C
[2016.11.25-14.52.27:912][ 19]LogMemory: Platform Memory Stats for Windows
[2016.11.25-14.52.27:912][ 19]LogMemory: Process Physical Memory: 642.14 MB used, 647.12 MB peak
[2016.11.25-14.52.27:912][ 19]LogMemory: Process Virtual Memory: 952.47 MB used, 953.21 MB peak
[2016.11.25-14.52.27:912][ 19]LogMemory: Physical Memory: 4683.35 MB used, 8113.86 MB total
[2016.11.25-14.52.27:912][ 19]LogMemory: Virtual Memory: 1576.36 MB used, 134217728.00 MB total
[2016.11.25-14.52.27:912][ 19]LogMemory: 
[2016.11.25-14.52.27:912][ 19]Allocator Stats for TBB: (not implemented)
[2016.11.25-14.52.28:049][ 19]LogAIModule: Creating AISystem for world Main
[2016.11.25-14.52.28:051][ 19]LogWorld: Bringing World /Game/Map/Main.Main up for play (max tick rate 0) at 2016.11.25-23.52.28
[2016.11.25-14.52.28:051][ 19]LogWorld: Bringing up level for play took: 0.000857
[2016.11.25-14.52.28:052][ 19]LogLoad: Took 0.165699 seconds to LoadMap(/Game/Map/Main)
[2016.11.25-14.52.28:474][ 22]LogSpawn:Warning: SpawnActor failed because no class was specified
[2016.11.25-14.52.28:475][ 22]LogOnline:Warning: NULL: No game present to join for session (Game)
[2016.11.25-14.52.28:476][ 22]LogOnline:Warning: NULL: No game present to join for session (Game)
[2016.11.25-14.52.48:375][256]Closing by request
[2016.11.25-14.52.48:375][256]LogWindows: FPlatformMisc::RequestExit(0)
[2016.11.25-14.52.48:376][257]LogMoviePlayer: Shutting down movie player
[2016.11.25-14.52.48:731][257]LogNet: World NetDriver shutdown IpNetDriver_0 [GameNetDriver]
[2016.11.25-14.52.48:731][257]LogNet: DestroyNamedNetDriver IpNetDriver_0 [GameNetDriver]
[2016.11.25-14.52.48:732][257]LogNet: UNetConnection::Close: [UNetConnection] RemoteAddr: 117.16.45.141:7777, Name: IpConnection_0, Driver: GameNetDriver IpNetDriver_0, IsServer: NO, PC: PlayerController_1, Owner: PlayerController_1, Channels: 8, Time: 2016.11.25-14.52.48
[2016.11.25-14.52.48:732][257]LogNet: UChannel::Close: Sending CloseBunch. ChIndex == 0. Name: [UChannel] ChIndex: 0, Closing: 0 [UNetConnection] RemoteAddr: 117.16.45.141:7777, Name: IpConnection_0, Driver: GameNetDriver IpNetDriver_0, IsServer: NO, PC: PlayerController_1, Owner: PlayerController_1
[2016.11.25-14.52.48:732][257]LogExit: GameNetDriver IpNetDriver_0 shut down
[2016.11.25-14.52.48:763][257]LogWindowsTextInputMethodSystem:Display: IME system now activated using TSF (Microsoft 입력기).
[2016.11.25-14.52.48:793][257]LogExit: Preparing to exit.
[2016.11.25-14.52.48:902][257]LogExit: Game engine shut down
[2016.11.25-14.52.48:990][257]LogObj: Freed 0b from 0 cluster array pools.
[2016.11.25-14.52.48:991][257]LogExit: Object subsystem successfully closed.
[2016.11.25-14.52.49:002][257]LogD3D11RHI: Shutdown
[2016.11.25-14.52.49:002][257]LogD3D11RHI: CleanupD3DDevice
[2016.11.25-14.52.49:050][257]LogD3D11RHI: ~FD3D11DynamicRHI
[2016.11.25-14.52.49:061][257]LogModuleManager: Shutting down and abandoning module SequenceRecorderSections (115)
[2016.11.25-14.52.49:061][257]LogModuleManager: Shutting down and abandoning module SequenceRecorder (114)
[2016.11.25-14.52.49:061][257]LogModuleManager: Shutting down and abandoning module AutomationController (113)
[2016.11.25-14.52.49:061][257]LogModuleManager: Shutting down and abandoning module AutomationWorker (112)
[2016.11.25-14.52.49:061][257]LogModuleManager: Shutting down and abandoning module CharacterAI (111)
[2016.11.25-14.52.49:061][257]LogModuleManager: Shutting down and abandoning module SessionServices (110)
[2016.11.25-14.52.49:061][257]LogModuleManager: Shutting down and abandoning module GameplayDebugger (109)
[2016.11.25-14.52.49:061][257]LogModuleManager: Shutting down and abandoning module AITestSuite (108)
[2016.11.25-14.52.49:061][257]LogModuleManager: Shutting down and abandoning module AIModule (107)
[2016.11.25-14.52.49:061][257]LogModuleManager: Shutting down and abandoning module MovieSceneCapture (106)
[2016.11.25-14.52.49:062][257]LogModuleManager: Shutting down and abandoning module StreamingPauseRendering (105)
[2016.11.25-14.52.49:062][257]LogModuleManager: Shutting down and abandoning module PortalServices (104)
[2016.11.25-14.52.49:062][257]LogModuleManager: Shutting down and abandoning module PortalRpc (103)
[2016.11.25-14.52.49:062][257]LogModuleManager: Shutting down and abandoning module MessagingRpc (102)
[2016.11.25-14.52.49:062][257]LogModuleManager: Shutting down and abandoning module ProfilerService (101)
[2016.11.25-14.52.49:177][257]LogModuleManager: Shutting down and abandoning module TaskGraph (100)
[2016.11.25-14.52.49:178][257]LogModuleManager: Shutting down and abandoning module SlateRemote (99)
[2016.11.25-14.52.49:178][257]LogModuleManager: Shutting down and abandoning module SteamVRController (98)
[2016.11.25-14.52.49:178][257]LogModuleManager: Shutting down and abandoning module SteamVR (97)
[2016.11.25-14.52.49:178][257]LogModuleManager: Shutting down and abandoning module ProceduralMeshComponent (96)
[2016.11.25-14.52.49:178][257]LogModuleManager: Shutting down and abandoning module OculusLibrary (95)
[2016.11.25-14.52.49:178][257]LogModuleManager: Shutting down and abandoning module OculusInput (94)
[2016.11.25-14.52.49:178][257]LogModuleManager: Shutting down and abandoning module CustomMeshComponent (93)
[2016.11.25-14.52.49:178][257]LogModuleManager: Shutting down and abandoning module CableComponent (92)
[2016.11.25-14.52.49:178][257]LogModuleManager: Shutting down and abandoning module ArchVisCharacter (91)
[2016.11.25-14.52.49:178][257]LogModuleManager: Shutting down and abandoning module HTML5Networking (90)
[2016.11.25-14.52.49:178][257]LogModuleManager: Shutting down and abandoning module DesktopPlatform (89)
[2016.11.25-14.52.49:178][257]LogModuleManager: Shutting down and abandoning module DirectoryWatcher (88)
[2016.11.25-14.52.49:178][257]LogModuleManager: Shutting down and abandoning module HotReload (87)
[2016.11.25-14.52.49:178][257]LogModuleManager: Shutting down and abandoning module VisualStudioSourceCodeAccess (86)
[2016.11.25-14.52.49:178][257]LogModuleManager: Shutting down and abandoning module UObjectPlugin (85)
[2016.11.25-14.52.49:178][257]LogModuleManager: Shutting down and abandoning module SubversionSourceControl (84)
[2016.11.25-14.52.49:178][257]LogModuleManager: Shutting down and abandoning module SourceControl (83)
[2016.11.25-14.52.49:178][257]LogModuleManager: Shutting down and abandoning module PerforceSourceControl (82)
[2016.11.25-14.52.49:178][257]LogModuleManager: Shutting down and abandoning module UdpMessaging (81)
[2016.11.25-14.52.49:178][257]LogModuleManager: Shutting down and abandoning module LightPropagationVolumeRuntime (80)
[2016.11.25-14.52.49:178][257]LogModuleManager: Shutting down and abandoning module Paper2D (79)
[2016.11.25-14.52.49:178][257]LogModuleManager: Shutting down and abandoning module WindowsMoviePlayer (78)
[2016.11.25-14.52.49:178][257]LogModuleManager: Shutting down and abandoning module Media (77)
[2016.11.25-14.52.49:178][257]LogModuleManager: Shutting down and abandoning module WmfMedia (76)
[2016.11.25-14.52.49:178][257]LogModuleManager: Shutting down and abandoning module MediaAssets (75)
[2016.11.25-14.52.49:178][257]LogModuleManager: Shutting down and abandoning module GameLiveStreaming (74)
[2016.11.25-14.52.49:178][257]LogModuleManager: Shutting down and abandoning module GameplayTagsEditor (73)
[2016.11.25-14.52.49:178][257]LogModuleManager: Shutting down and abandoning module OnlineBlueprintSupport (72)
[2016.11.25-14.52.49:178][257]LogModuleManager: Shutting down and abandoning module VREditor (71)
[2016.11.25-14.52.49:178][257]LogModuleManager: Shutting down and abandoning module GameplayTasksEditor (70)
[2016.11.25-14.52.49:178][257]LogModuleManager: Shutting down and abandoning module PropertyEditor (69)
[2016.11.25-14.52.49:178][257]LogModuleManager: Shutting down and abandoning module BehaviorTreeEditor (68)
[2016.11.25-14.52.49:178][257]LogModuleManager: Shutting down and abandoning module FunctionalTesting (67)
[2016.11.25-14.52.49:178][257]LogModuleManager: Shutting down and abandoning module CollisionAnalyzer (66)
[2016.11.25-14.52.49:178][257]LogModuleManager: Shutting down and abandoning module Sequencer (65)
[2016.11.25-14.52.49:178][257]LogModuleManager: Shutting down and abandoning module WorkspaceMenuStructure (64)
[2016.11.25-14.52.49:178][257]LogModuleManager: Shutting down and abandoning module MessageLog (63)
[2016.11.25-14.52.49:178][257]LogModuleManager: Shutting down and abandoning module AssetTools (62)
[2016.11.25-14.52.49:179][257]LogModuleManager: Shutting down and abandoning module UMGEditor (61)
[2016.11.25-14.52.49:179][257]LogModuleManager: Shutting down and abandoning module UMG (60)
[2016.11.25-14.52.49:179][257]LogModuleManager: Shutting down and abandoning module SlateReflector (59)
[2016.11.25-14.52.49:179][257]LogModuleManager: Shutting down and abandoning module Slate (58)
[2016.11.25-14.52.49:179][257]LogModuleManager: Shutting down and abandoning module EditorStyle (57)
[2016.11.25-14.52.49:181][257]LogModuleManager: Shutting down and abandoning module Messaging (56)
[2016.11.25-14.52.49:181][257]LogModuleManager: Shutting down and abandoning module SourceCodeAccess (55)
[2016.11.25-14.52.49:181][257]LogModuleManager: Shutting down and abandoning module HeadMountedDisplay (54)
[2016.11.25-14.52.49:181][257]LogModuleManager: Shutting down and abandoning module XAudio2 (53)
[2016.11.25-14.52.49:181][257]LogModuleManager: Shutting down and abandoning module Networking (52)
[2016.11.25-14.52.49:181][257]LogModuleManager: Shutting down and abandoning module Core (51)
[2016.11.25-14.52.49:181][257]LogModuleManager: Shutting down and abandoning module KismetCompiler (50)
[2016.11.25-14.52.49:181][257]LogModuleManager: Shutting down and abandoning module PhysXFormats (49)
[2016.11.25-14.52.49:181][257]LogModuleManager: Shutting down and abandoning module MeshUtilities (48)
[2016.11.25-14.52.49:181][257]LogModuleManager: Shutting down and abandoning module AssetRegistry (47)
[2016.11.25-14.52.49:181][257]LogModuleManager: Shutting down and abandoning module DerivedDataCache (46)
[2016.11.25-14.52.49:647][257]LogDerivedDataCache: Shutdown
[2016.11.25-14.52.49:647][257]LogModuleManager: Shutting down and abandoning module VulkanShaderFormat (45)
[2016.11.25-14.52.49:648][257]LogModuleManager: Shutting down and abandoning module ShaderFormatOpenGL (44)
[2016.11.25-14.52.49:648][257]LogModuleManager: Shutting down and abandoning module ShaderFormatD3D (43)
[2016.11.25-14.52.49:648][257]LogModuleManager: Shutting down and abandoning module MetalShaderFormat (42)
[2016.11.25-14.52.49:648][257]LogModuleManager: Shutting down and abandoning module TextureFormatUncompressed (41)
[2016.11.25-14.52.49:648][257]LogModuleManager: Shutting down and abandoning module TextureFormatPVR (40)
[2016.11.25-14.52.49:648][257]LogModuleManager: Shutting down and abandoning module TextureFormatIntelISPCTexComp (39)
[2016.11.25-14.52.49:648][257]LogModuleManager: Shutting down and abandoning module TextureFormatDXT (38)
[2016.11.25-14.52.49:648][257]LogModuleManager: Shutting down and abandoning module ImageWrapper (37)
[2016.11.25-14.52.49:648][257]LogModuleManager: Shutting down and abandoning module TextureFormatASTC (36)
[2016.11.25-14.52.49:648][257]LogModuleManager: Shutting down and abandoning module TextureFormatAndroid (35)
[2016.11.25-14.52.49:648][257]LogModuleManager: Shutting down and abandoning module AudioFormatOpus (34)
[2016.11.25-14.52.49:648][257]LogModuleManager: Shutting down and abandoning module AudioFormatOgg (33)
[2016.11.25-14.52.49:648][257]LogModuleManager: Shutting down and abandoning module AudioFormatADPCM (32)
[2016.11.25-14.52.49:648][257]LogModuleManager: Shutting down and abandoning module WindowsTargetPlatform (31)
[2016.11.25-14.52.49:648][257]LogModuleManager: Shutting down and abandoning module WindowsServerTargetPlatform (30)
[2016.11.25-14.52.49:648][257]LogModuleManager: Shutting down and abandoning module WindowsNoEditorTargetPlatform (29)
[2016.11.25-14.52.49:648][257]LogModuleManager: Shutting down and abandoning module WindowsClientTargetPlatform (28)
[2016.11.25-14.52.49:648][257]LogModuleManager: Shutting down and abandoning module TargetPlatform (27)
[2016.11.25-14.52.49:648][257]LogModuleManager: Shutting down and abandoning module InputCore (26)
[2016.11.25-14.52.49:648][257]LogModuleManager: Shutting down and abandoning module Settings (25)
[2016.11.25-14.52.49:648][257]LogModuleManager: Shutting down and abandoning module Voice (23)
[2016.11.25-14.52.49:648][257]LogModuleManager: Shutting down and abandoning module OnlineSubsystem (19)
[2016.11.25-14.52.49:648][257]LogOnline:Display: NULL: FOnlineSubsystemNull::Shutdown()
[2016.11.25-14.52.49:648][257]LogOnline:Display: Unloading online subsystem: NULL
[2016.11.25-14.52.49:648][257]LogModuleManager: Shutting down and abandoning module HTTP (18)
[2016.11.25-14.52.49:648][257]LogModuleManager: Shutting down and abandoning module XMPP (17)
[2016.11.25-14.52.49:648][257]LogModuleManager: Shutting down and abandoning module OculusRift (16)
[2016.11.25-14.52.49:648][257]LogModuleManager: Shutting down and abandoning module ExampleDeviceProfileSelector (15)
[2016.11.25-14.52.49:648][257]LogModuleManager: Shutting down and abandoning module TextureCompressor (14)
[2016.11.25-14.52.49:666][257]LogModuleManager: Shutting down and abandoning module ShaderCore (13)
[2016.11.25-14.52.49:666][257]LogModuleManager: Shutting down and abandoning module Landscape (12)
[2016.11.25-14.52.49:666][257]LogModuleManager: Shutting down and abandoning module SlateRHIRenderer (11)
[2016.11.25-14.52.49:666][257]LogModuleManager: Shutting down and abandoning module OpenGLDrv (10)
[2016.11.25-14.52.49:666][257]LogModuleManager: Shutting down and abandoning module D3D11RHI (9)
[2016.11.25-14.52.49:666][257]LogModuleManager: Shutting down and abandoning module AnimGraphRuntime (8)
[2016.11.25-14.52.49:666][257]LogModuleManager: Shutting down and abandoning module Renderer (7)
[2016.11.25-14.52.49:666][257]LogModuleManager: Shutting down and abandoning module Engine (6)
[2016.11.25-14.52.49:666][257]LogModuleManager: Shutting down and abandoning module CoreUObject (5)
[2016.11.25-14.52.49:666][257]LogModuleManager: Shutting down and abandoning module NetworkFile (4)
[2016.11.25-14.52.49:666][257]LogModuleManager: Shutting down and abandoning module StreamingFile (3)
[2016.11.25-14.52.49:666][257]LogModuleManager: Shutting down and abandoning module SandboxFile (2)
[2016.11.25-14.52.49:666][257]LogModuleManager: Shutting down and abandoning module PakFile (1)
[2016.11.25-14.52.49:667][257]LogExit: Exiting.
[2016.11.25-14.52.49:669][257]Log file closed, 11/25/16 23:52:49
