Log file open, 03/29/17 00:45:20
LogInit:Display: Running engine for game: UNNAMED
LogPlatformFile: Not using cached read wrapper
LogInit:Display: RandInit(1950832271) SRandInit(1950832272).
LogTaskGraph: Started task graph with 4 named threads and 7 total threads with 1 sets of task threads.
LogStats: Stats thread started at 0.096914
LogInit: Version: 4.12.5-3039270+++UE4+Release-4.12
LogInit: API Version: 2992821
LogInit: Net Version: 3039270
LogDevObjectVersion: Number of dev versions registered: 13
LogDevObjectVersion:   Dev-Blueprints (B0D832E4-1F89-4F0D-ACCF-7EB736FD4AA2): 3
LogDevObjectVersion:   Dev-Build (E1C64328-A22C-4D53-A36C-8E866417BD8C): 0
LogDevObjectVersion:   Dev-Core (375EC13C-06E4-48FB-B500-84F0262A717E): 1
LogDevObjectVersion:   Dev-Editor (E4B068ED-F494-42E9-A231-DA0B2E46BB41): 2
LogDevObjectVersion:   Dev-Framework (CFFC743F-43B0-4480-9391-14DF171D2073): 6
LogDevObjectVersion:   Dev-Mobile (B02B49B5-BB20-44E9-A304-32B752E40360): 0
LogDevObjectVersion:   Dev-Networking (A4E4105C-59A1-49B5-A7C5-40C4547EDFEE): 0
LogDevObjectVersion:   Dev-Online (39C831C9-5AE6-47DC-9A44-9C173E1C8E7C): 0
LogDevObjectVersion:   Dev-Physics (78F01B33-EBEA-4F98-B9B4-84EACCB95AA2): 0
LogDevObjectVersion:   Dev-Platform (6631380F-2D4D-43E0-8009-CF276956A95A): 0
LogDevObjectVersion:   Dev-Rendering (12F88B9F-8875-4AFC-A67C-D90C383ABD29): 2
LogDevObjectVersion:   Dev-Sequencer (7B5AE74C-D270-4C10-A958-57980B212A5A): 0
LogDevObjectVersion:   Dev-VR (D7296918-1DD6-4BDD-9DE2-64A83CC13884): 0
LogInit: Compiled (64-bit): Jul  6 2016 09:09:46
LogInit: Compiled with Visual C++: 19.00.23026.00
LogInit: Build Configuration: Development
LogInit: Branch Name: ++UE4+Release-4.12
LogInit: Command line:  /Temp/Autosaves/Game/Map/UEDPCmap01 -game -PIEVIACONSOLE -ResX=1280 -ResY=720  -Multiprocess -windowed -messaging -SessionName="Play in Standalone Game" 
LogInit: Base directory: C:/Program Files (x86)/Epic Games/4.12/Engine/Binaries/Win64/
LogInit: Installed Engine Build: 1
LogFileManager:Warning: Error deleting file: ../../../../../../Users/jcy/Documents/GitHub/UNNAMED/UNNAMED/Saved/Logs/UNNAMED.log (Error Code 32)
LogInit: Using libcurl 7.41.0
LogInit:  - built for x86_64-pc-win32
LogInit:  - supports SSL with WinSSL
LogInit:  - other features:
LogInit:      CURL_VERSION_SSL
LogInit:      CURL_VERSION_IPV6
LogInit:      CURL_VERSION_ASYNCHDNS
LogInit:      CURL_VERSION_LARGEFILE
LogInit:      CURL_VERSION_IDN
LogInit:  CurlRequestOptions (configurable via config and command line):
LogInit:  - bVerifyPeer = true  - Libcurl will verify peer certificate
LogInit:  - bUseHttpProxy = false  - Libcurl will NOT use HTTP proxy
LogInit:  - bDontReuseConnections = false  - Libcurl will reuse connections
LogInit:  - CertBundlePath = nullptr  - Libcurl will use whatever was configured at build time.
LogOnline:Display: STEAM: Loading Steam SDK 1.32
LogInit: WinSock: version 1.1 (2.2), MaxSocks=32767, MaxUdp=65467
LogInit: Presizing for max 8388607 objects, including 0 objects not considered by GC, pre-allocating 0 bytes for permanent pool.
LogInit: Object subsystem initialized
[2017.03.28-15.45.20:552][  0]LogInit: Selected Device Profile: [Windows]
[2017.03.28-15.45.20:552][  0]LogInit: Applying CVar settings loaded from the selected device profile: [Windows]
[2017.03.28-15.45.20:559][  0]LogInit: Computer: DESKTOP-5I3HB32
[2017.03.28-15.45.20:559][  0]LogInit: User: jcy
[2017.03.28-15.45.20:559][  0]LogInit: CPU Page size=65536, Cores=4
[2017.03.28-15.45.20:559][  0]LogInit: High frequency timer resolution =2.533208 MHz
[2017.03.28-15.45.20:559][  0]LogMemory: Memory total: Physical=11.9GB (12GB approx)
[2017.03.28-15.45.20:559][  0]LogMemory: Platform Memory Stats for Windows
[2017.03.28-15.45.20:559][  0]LogMemory: Process Physical Memory: 230.30 MB used, 230.30 MB peak
[2017.03.28-15.45.20:559][  0]LogMemory: Process Virtual Memory: 216.49 MB used, 216.49 MB peak
[2017.03.28-15.45.20:559][  0]LogMemory: Physical Memory: 5041.76 MB used, 12209.86 MB total
[2017.03.28-15.45.20:559][  0]LogMemory: Virtual Memory: 684.91 MB used, 134217728.00 MB total
[2017.03.28-15.45.21:160][  0]LogD3D11RHI: D3D11 adapters:
[2017.03.28-15.45.21:855][  0]LogD3D11RHI:    0. 'NVIDIA GeForce GTX 960M' (Feature Level 11_0)
[2017.03.28-15.45.21:855][  0]LogD3D11RHI:       2019/0/6104 MB DedicatedVideo/DedicatedSystem/SharedSystem, Outputs:2, VendorId:0x10de
[2017.03.28-15.45.21:863][  0]LogD3D11RHI:    1. 'Intel(R) HD Graphics 4600' (Feature Level 11_0)
[2017.03.28-15.45.21:863][  0]LogD3D11RHI:       112/0/2048 MB DedicatedVideo/DedicatedSystem/SharedSystem, Outputs:0, VendorId:0x8086
[2017.03.28-15.45.21:866][  0]LogD3D11RHI:    2. 'Microsoft Basic Render Driver' (Feature Level 11_0)
[2017.03.28-15.45.21:866][  0]LogD3D11RHI:       0/0/6104 MB DedicatedVideo/DedicatedSystem/SharedSystem, Outputs:0, VendorId:0x1414
[2017.03.28-15.45.21:866][  0]LogD3D11RHI: Chosen D3D11 Adapter: 0
[2017.03.28-15.45.21:872][  0]LogD3D11RHI: Creating new Direct3DDevice
[2017.03.28-15.45.21:873][  0]LogD3D11RHI:     GPU DeviceId: 0x139b (for the marketing name, search the web for "GPU Device Id")
[2017.03.28-15.45.21:873][  0]LogWindows: EnumDisplayDevices:
[2017.03.28-15.45.21:873][  0]LogWindows:    0. 'Intel(R) HD Graphics 4600' (P:1 D:1)
[2017.03.28-15.45.21:874][  0]LogWindows:    1. 'Intel(R) HD Graphics 4600' (P:0 D:1)
[2017.03.28-15.45.21:875][  0]LogWindows:    2. 'Intel(R) HD Graphics 4600' (P:0 D:0)
[2017.03.28-15.45.21:875][  0]LogWindows: DebugString: PrimaryIsNotTheChoosenAdapter PrimaryIsNotTheChoosenAdapter PrimaryIsNotTheChoosenAdapter FoundDriverCount:0 
[2017.03.28-15.45.21:875][  0]LogD3D11RHI:     Adapter Name: NVIDIA GeForce GTX 960M
[2017.03.28-15.45.21:875][  0]LogD3D11RHI:   Driver Version: Unknown (internal:Unknown, unified:Unknown)
[2017.03.28-15.45.21:875][  0]LogD3D11RHI:      Driver Date: Unknown
[2017.03.28-15.45.21:875][  0]LogRHI: Texture pool is 1361 MB (70% of 1945 MB)
[2017.03.28-15.45.22:496][  0]LogD3D11RHI: Async texture creation enabled
[2017.03.28-15.45.22:826][  0]LogD3D11RHI: GPU Timing Frequency: 1000.000000 (Debug: 2 1)
[2017.03.28-15.45.22:827][  0]LogShaderCompilers: Guid format shader working directory is -16 characters bigger than the processId version (../../../../../../Users/jcy/Documents/GitHub/UNNAMED/UNNAMED/Intermediate/Shaders/WorkingDirectory/6200/).
[2017.03.28-15.45.22:827][  0]LogShaderCompilers: Cleaned the shader compiler working directory 'C:/Users/jcy/AppData/Local/Temp/UnrealShaderWorkingDir/6B7B932D4AA689D79AA4D6971DA2F40E/'.
[2017.03.28-15.45.22:827][  0]LogShaderCompilers:Display: Using Local Shader Compiler.
[2017.03.28-15.45.24:037][  0]LogTemp:Display: Loaded TP WindowsClientTargetPlatform
[2017.03.28-15.45.24:050][  0]LogTemp:Display: Loaded TP WindowsNoEditorTargetPlatform
[2017.03.28-15.45.24:062][  0]LogTemp:Display: Loaded TP WindowsServerTargetPlatform
[2017.03.28-15.45.24:073][  0]LogTemp:Display: Loaded TP WindowsTargetPlatform
[2017.03.28-15.45.24:073][  0]LogTargetPlatformManager:Display: Building Assets For Windows
[2017.03.28-15.45.24:195][  0]LogDerivedDataCache:Display: Max Cache Size: 512 MB
[2017.03.28-15.45.24:248][  0]LogDerivedDataCache: Loaded boot cache 0.05s 48MB C:/Users/jcy/AppData/Local/UnrealEngine/4.12/DerivedDataCache/Boot.ddc.
[2017.03.28-15.45.24:248][  0]LogDerivedDataCache:Display: Loaded Boot cache: C:/Users/jcy/AppData/Local/UnrealEngine/4.12/DerivedDataCache/Boot.ddc
[2017.03.28-15.45.24:249][  0]LogDerivedDataCache: FDerivedDataBackendGraph:  Pak pak cache file ../../../../../../Users/jcy/Documents/GitHub/UNNAMED/UNNAMED/DerivedDataCache/DDC.ddp not found, will not use a pak cache.
[2017.03.28-15.45.24:249][  0]LogDerivedDataCache: Unable to find inner node Pak for hierarchical cache Hierarchy.
[2017.03.28-15.45.24:249][  0]LogDerivedDataCache: FDerivedDataBackendGraph:  CompressedPak pak cache file ../../../../../../Users/jcy/Documents/GitHub/UNNAMED/UNNAMED/DerivedDataCache/Compressed.ddp not found, will not use a pak cache.
[2017.03.28-15.45.24:249][  0]LogDerivedDataCache: Unable to find inner node CompressedPak for hierarchical cache Hierarchy.
[2017.03.28-15.45.24:269][  0]LogDerivedDataCache:Display: Pak cache opened for reading ../../../Engine/DerivedDataCache/Compressed.ddp.
[2017.03.28-15.45.24:281][  0]LogDerivedDataCache: Using Local data cache path C:/Users/jcy/AppData/Local/UnrealEngine/Common/DerivedDataCache: Writable
[2017.03.28-15.45.24:589][  0]LogAssetRegistry: FAssetRegistry took 0.0001 seconds to start up
[2017.03.28-15.45.24:591][  0]LogPackageLocalizationCache: Processed 3 localized package path(s) for 1 prioritized culture(s) in 0.002695 seconds
[2017.03.28-15.45.24:596][  0]LogInit: Selected Device Profile: [Windows]
[2017.03.28-15.45.24:596][  0]LogContentStreaming: Texture pool size is 1000.00 MB
[2017.03.28-15.45.24:759][  0]LogMeshUtilities: No automatic mesh reduction module available
[2017.03.28-15.45.24:759][  0]LogMeshUtilities: No automatic mesh merging module available
[2017.03.28-15.45.24:759][  0]LogMeshUtilities: No distributed automatic mesh merging module available
[2017.03.28-15.45.25:193][  0]LogSlate: SlateFontCache - WITH_FREETYPE: 1, WITH_HARFBUZZ: 1
[2017.03.28-15.45.25:193][  0]LogSlate: SlateFontCache - WITH_FREETYPE: 1, WITH_HARFBUZZ: 1
[2017.03.28-15.45.25:277][  0]LogMoviePlayer: Initializing movie player
[2017.03.28-15.45.25:423][  0]LogWindowsMoviePlayer: Unable to load movie: ../../../../../../Users/jcy/Documents/GitHub/UNNAMED/UNNAMED/Content/Movies/Default_Startup.mp4
[2017.03.28-15.45.25:526][  0]LogUdpMessaging: Initializing bridge on interface 0.0.0.0:0 to multicast group 230.0.0.1:6666.
[2017.03.28-15.45.25:600][  0]SourceControl: Info Source control is disabled
[2017.03.28-15.45.25:600][  0]SourceControl: Info Source control is disabled
[2017.03.28-15.45.25:613][  0]SourceControl: Info Source control is disabled
[2017.03.28-15.45.25:804][  0]LogUObjectArray: 30992 objects as part of root set at end of initial load.
[2017.03.28-15.45.25:804][  0]LogUObjectAllocator: 6930704 out of 0 bytes used by permanent object pool.
[2017.03.28-15.45.25:804][  0]LogUObjectArray: CloseDisregardForGC: 0/0 objects in disregard for GC pool
[2017.03.28-15.45.25:865][  0]LogEngine: Initializing Engine...
[2017.03.28-15.45.25:866][  0]LogHMD: SteamVR failed to initialize.  Err: 110
[2017.03.28-15.45.25:867][  0]LogHMD: SteamVR failed to initialize.  Err: 110
[2017.03.28-15.45.26:010][  0]LogInit: XAudio2 using '스피커(Realtek High Definition Audio)' : 2 channels at 48 kHz using 32 bits per sample (channel mask 0x3)
[2017.03.28-15.45.26:120][  0]LogInit: FAudioDevice initialized.
[2017.03.28-15.45.26:124][  0]LogInit: Texture streaming: Enabled
[2017.03.28-15.45.26:694][  0]LogNet: Browse: /Temp/Autosaves/Game/Map/UEDPCmap01?Name=Player
[2017.03.28-15.45.26:694][  0]LogLoad: LoadMap: /Temp/Autosaves/Game/Map/UEDPCmap01?Name=Player
[2017.03.28-15.45.26:738][  0]LogMemory: Platform Memory Stats for Windows
[2017.03.28-15.45.26:738][  0]LogMemory: Process Physical Memory: 616.86 MB used, 630.87 MB peak
[2017.03.28-15.45.26:738][  0]LogMemory: Process Virtual Memory: 647.59 MB used, 647.59 MB peak
[2017.03.28-15.45.26:738][  0]LogMemory: Physical Memory: 5420.77 MB used, 12209.86 MB total
[2017.03.28-15.45.26:738][  0]LogMemory: Virtual Memory: 1342.45 MB used, 134217728.00 MB total
[2017.03.28-15.45.26:738][  0]LogMemory: 
[2017.03.28-15.45.26:738][  0]Allocator Stats for TBB: (not implemented)
[2017.03.28-15.45.26:838][  0]LogLinker:Warning: CreateImport: Failed to load Outer for resource 'Arrow': Wolf_C /Game/wolf/Wolf.Default__Wolf_C
[2017.03.28-15.45.28:691][  0]LogAIModule: Creating AISystem for world map01
[2017.03.28-15.45.28:691][  0]LogWorld: Game class is 'MyGameMode_C'
[2017.03.28-15.45.28:710][  0]LogWorld: Bringing World /Temp/Autosaves/Game/Map/UEDPCmap01.map01 up for play (max tick rate 0) at 2017.03.29-00.45.28
[2017.03.28-15.45.28:713][  0]LogWorld: Bringing up level for play took: 0.021296
[2017.03.28-15.45.28:714][  0]LogScript:Warning: Accessed None trying to read property CallFunc_K2_GetPawn_ReturnValue
	MyGameMode_C /Temp/Autosaves/Game/Map/UEDPCmap01.map01:PersistentLevel.MyGameMode_C_0
	Function /Game/BP/MyGameMode.MyGameMode_C:ExecuteUbergraph_MyGameMode:09C7
[2017.03.28-15.45.28:714][  0]LogScript:Warning: Script call stack:
	Function /Game/BP/MyGameMode.MyGameMode_C:K2_PostLogin
	Function /Game/BP/MyGameMode.MyGameMode_C:ExecuteUbergraph_MyGameMode
	Function /Game/BP/MyGameMode.MyGameMode_C:RespawnPlayerEvent
	Function /Game/BP/MyGameMode.MyGameMode_C:ExecuteUbergraph_MyGameMode

[2017.03.28-15.45.28:720][  0]LogBlueprintUserMessages: [messageScroll_116] darkjcy
[2017.03.28-15.45.28:722][  0]LogLoad: Took 2.027633 seconds to LoadMap(/Temp/Autosaves/Game/Map/UEDPCmap01)
[2017.03.28-15.45.28:722][  0]LogInit:Display: Game Engine Initialized.
[2017.03.28-15.45.28:997][  0]LogLoad: Full Startup: 9.82 seconds (BP compile: 0.84 seconds)
[2017.03.28-15.45.28:997][  0]LogExternalProfiler: Found external profiler: VSPerf
[2017.03.28-15.45.28:997][  0]LogExternalProfiler: Using external profiler: VSPerf
[2017.03.28-15.45.29:020][  0]LogWindowsTextInputMethodSystem:Display: IME system now activated using TSF (Microsoft 입력기).
[2017.03.28-15.45.29:026][  0]LogOcInput: OculusInput pre-init called
[2017.03.28-15.45.29:104][  0]LogRenderer: Reallocating scene render targets to support 128x128 (Frame:1).
[2017.03.28-15.45.29:314][  1]LogRenderer: Reallocating scene render targets to support 1280x720 (Frame:2).
[2017.03.28-15.45.34:658][327]r.PostProcessAAQuality = "0"
[2017.03.28-15.45.34:658][327]sg.ShadowQuality = "0"
[2017.03.28-15.45.34:658][327]sg.TextureQuality = "0"
[2017.03.28-15.45.34:663][328]LogRenderer: Reallocating scene render targets to support 1280x720 (Frame:329).
[2017.03.28-15.45.34:724][331]LogContentStreaming: Texture pool size now 200 MB
[2017.03.28-15.45.36:835][462]r.PostProcessAAQuality = "6"
[2017.03.28-15.45.36:836][462]sg.ShadowQuality = "3"
[2017.03.28-15.45.36:836][462]sg.TextureQuality = "3"
[2017.03.28-15.45.36:840][463]LogRenderer: Reallocating scene render targets to support 1280x720 (Frame:464).
[2017.03.28-15.45.36:903][466]LogContentStreaming: Texture pool size now 1000 MB
[2017.03.28-15.45.38:771][582]r.PostProcessAAQuality = "4"
[2017.03.28-15.45.38:771][582]sg.ShadowQuality = "2"
[2017.03.28-15.45.38:771][582]sg.TextureQuality = "2"
[2017.03.28-15.45.38:775][583]LogRenderer: Reallocating scene render targets to support 1280x720 (Frame:584).
[2017.03.28-15.45.38:838][586]LogContentStreaming: Texture pool size now 700 MB
[2017.03.28-15.45.40:174][669]r.PostProcessAAQuality = "2"
[2017.03.28-15.45.40:174][669]sg.ShadowQuality = "1"
[2017.03.28-15.45.40:174][669]sg.TextureQuality = "1"
[2017.03.28-15.45.40:208][671]LogContentStreaming: Texture pool size now 400 MB
[2017.03.28-15.45.42:142][791]r.PostProcessAAQuality = "0"
[2017.03.28-15.45.42:142][791]sg.ShadowQuality = "0"
[2017.03.28-15.45.42:142][791]sg.TextureQuality = "0"
[2017.03.28-15.45.42:144][791]LogContentStreaming: Texture pool size now 200 MB
[2017.03.28-15.45.42:145][792]LogRenderer: Reallocating scene render targets to support 1280x720 (Frame:793).
[2017.03.28-15.45.44:529][939]r.PostProcessAAQuality = "6"
[2017.03.28-15.45.44:529][939]sg.ShadowQuality = "3"
[2017.03.28-15.45.44:530][939]sg.TextureQuality = "3"
[2017.03.28-15.45.44:533][940]LogRenderer: Reallocating scene render targets to support 1280x720 (Frame:941).
[2017.03.28-15.45.44:563][941]LogContentStreaming: Texture pool size now 1000 MB
[2017.03.28-15.45.58:401][799]r.PostProcessAAQuality = "0"
[2017.03.28-15.45.58:401][799]sg.ShadowQuality = "0"
[2017.03.28-15.45.58:401][799]sg.TextureQuality = "0"
[2017.03.28-15.45.58:404][800]LogRenderer: Reallocating scene render targets to support 1280x720 (Frame:1801).
[2017.03.28-15.45.58:435][801]LogContentStreaming: Texture pool size now 200 MB
[2017.03.28-15.46.00:853][951]r.PostProcessAAQuality = "6"
[2017.03.28-15.46.00:853][951]sg.ShadowQuality = "3"
[2017.03.28-15.46.00:853][951]sg.TextureQuality = "3"
[2017.03.28-15.46.00:855][951]LogRenderer: Reallocating scene render targets to support 1280x720 (Frame:1953).
[2017.03.28-15.46.00:855][951]LogContentStreaming: Texture pool size now 1000 MB
[2017.03.28-15.46.04:030][148]r.PostProcessAAQuality = "0"
[2017.03.28-15.46.04:030][148]sg.ShadowQuality = "0"
[2017.03.28-15.46.04:030][148]sg.TextureQuality = "0"
[2017.03.28-15.46.04:033][149]LogRenderer: Reallocating scene render targets to support 1280x720 (Frame:2150).
[2017.03.28-15.46.04:079][151]LogContentStreaming: Texture pool size now 200 MB
[2017.03.28-15.46.06:885][325]r.PostProcessAAQuality = "6"
[2017.03.28-15.46.06:885][325]sg.ShadowQuality = "3"
[2017.03.28-15.46.06:885][325]sg.TextureQuality = "3"
[2017.03.28-15.46.06:888][326]LogRenderer: Reallocating scene render targets to support 1280x720 (Frame:2327).
[2017.03.28-15.46.06:903][326]LogContentStreaming: Texture pool size now 1000 MB
[2017.03.28-15.46.08:440][421]LogBlueprintUserMessages: [Setting_587] lsk
[2017.03.28-15.46.09:876][472]LogPackageName: SearchForPackageOnDisk took   0.160s to resolve Main.umap.
[2017.03.28-15.46.10:031][472]LogPackageName: SearchForPackageOnDisk took   0.154s to resolve Main.umap.
[2017.03.28-15.46.10:032][472]LogNet: Browse: /Game/Map/Main
[2017.03.28-15.46.10:032][472]LogLoad: LoadMap: /Game/Map/Main
[2017.03.28-15.46.10:033][472]LogScript:Warning: Attempted to access PHUD_C_0 via property HUD, but PHUD_C_0 is pending kill
	playercon_C /Temp/Autosaves/Game/Map/UEDPCmap01.map01:PersistentLevel.playercon_C_0
	Function /Game/BP/playercon.playercon_C:ExecuteUbergraph_playercon:032D
[2017.03.28-15.46.10:033][472]LogScript:Warning: Script call stack:
	Function /Game/BP/playercon.playercon_C:ReceiveEndPlay
	Function /Game/BP/playercon.playercon_C:ExecuteUbergraph_playercon

[2017.03.28-15.46.10:173][472]LogMemory: Platform Memory Stats for Windows
[2017.03.28-15.46.10:173][472]LogMemory: Process Physical Memory: 950.73 MB used, 1023.01 MB peak
[2017.03.28-15.46.10:173][472]LogMemory: Process Virtual Memory: 1201.64 MB used, 1424.73 MB peak
[2017.03.28-15.46.10:173][472]LogMemory: Physical Memory: 5748.95 MB used, 12209.86 MB total
[2017.03.28-15.46.10:173][472]LogMemory: Virtual Memory: 2116.84 MB used, 134217728.00 MB total
[2017.03.28-15.46.10:173][472]LogMemory: 
[2017.03.28-15.46.10:173][472]Allocator Stats for TBB: (not implemented)
[2017.03.28-15.46.10:194][472]LogAIModule: Creating AISystem for world Main
[2017.03.28-15.46.10:195][472]LogWorld: Game class is 'pregame_C'
[2017.03.28-15.46.10:197][472]LogWorld: Bringing World /Game/Map/Main.Main up for play (max tick rate 0) at 2017.03.29-00.46.10
[2017.03.28-15.46.10:197][472]LogWorld: Bringing up level for play took: 0.000954
[2017.03.28-15.46.10:197][472]LogGameMode: Warning - PATHS NOT DEFINED or NO PLAYERSTART with positive rating
[2017.03.28-15.46.10:198][472]LogSpawn:Warning: SpawnActor failed because no class was specified
[2017.03.28-15.46.10:198][472]LogBlueprintUserMessages: [pregame_C_0] 로그인
[2017.03.28-15.46.10:198][472]LogBlueprintUserMessages: [Main_C_0] 0.763724
[2017.03.28-15.46.10:199][472]LogLoad: Took 0.167132 seconds to LoadMap(/Game/Map/Main)
[2017.03.28-15.46.11:873][563]LogWindowsTextInputMethodSystem:Display: IME system now activated using TSF (Microsoft 입력기).
[2017.03.28-15.46.11:875][563]LogBlueprintUserMessages: [pregame_C_0] 로그 아웃
[2017.03.28-15.46.11:875][563]LogEngine: All Windows Closed
[2017.03.28-15.46.11:876][563]LogWindows: FPlatformMisc::RequestExit(0)
[2017.03.28-15.46.11:876][564]LogMoviePlayer: Shutting down movie player
[2017.03.28-15.46.11:889][564]LogExit: Preparing to exit.
[2017.03.28-15.46.12:670][564]LogExit: Game engine shut down
[2017.03.28-15.46.12:784][564]LogObj: Freed 0b from 0 cluster array pools.
[2017.03.28-15.46.12:784][564]LogExit: Object subsystem successfully closed.
[2017.03.28-15.46.12:807][564]LogD3D11RHI: Shutdown
[2017.03.28-15.46.12:807][564]LogD3D11RHI: CleanupD3DDevice
[2017.03.28-15.46.12:898][564]LogD3D11RHI: ~FD3D11DynamicRHI
[2017.03.28-15.46.12:905][564]LogModuleManager: Shutting down and abandoning module SequenceRecorderSections (113)
[2017.03.28-15.46.12:905][564]LogModuleManager: Shutting down and abandoning module SequenceRecorder (112)
[2017.03.28-15.46.12:905][564]LogModuleManager: Shutting down and abandoning module AutomationController (111)
[2017.03.28-15.46.12:905][564]LogModuleManager: Shutting down and abandoning module AutomationWorker (110)
[2017.03.28-15.46.12:905][564]LogModuleManager: Shutting down and abandoning module CharacterAI (109)
[2017.03.28-15.46.12:905][564]LogModuleManager: Shutting down and abandoning module SessionServices (108)
[2017.03.28-15.46.12:905][564]LogModuleManager: Shutting down and abandoning module GameplayDebugger (107)
[2017.03.28-15.46.12:905][564]LogModuleManager: Shutting down and abandoning module AITestSuite (106)
[2017.03.28-15.46.12:905][564]LogModuleManager: Shutting down and abandoning module AIModule (105)
[2017.03.28-15.46.12:905][564]LogModuleManager: Shutting down and abandoning module MovieSceneCapture (104)
[2017.03.28-15.46.12:905][564]LogModuleManager: Shutting down and abandoning module StreamingPauseRendering (103)
[2017.03.28-15.46.12:905][564]LogModuleManager: Shutting down and abandoning module PortalServices (102)
[2017.03.28-15.46.12:905][564]LogModuleManager: Shutting down and abandoning module PortalRpc (101)
[2017.03.28-15.46.12:905][564]LogModuleManager: Shutting down and abandoning module MessagingRpc (100)
[2017.03.28-15.46.12:905][564]LogModuleManager: Shutting down and abandoning module ProfilerService (99)
[2017.03.28-15.46.13:147][564]LogModuleManager: Shutting down and abandoning module TaskGraph (98)
[2017.03.28-15.46.13:147][564]LogModuleManager: Shutting down and abandoning module SlateRemote (97)
[2017.03.28-15.46.13:147][564]LogModuleManager: Shutting down and abandoning module SteamVRController (96)
[2017.03.28-15.46.13:147][564]LogModuleManager: Shutting down and abandoning module SteamVR (95)
[2017.03.28-15.46.13:147][564]LogModuleManager: Shutting down and abandoning module ProceduralMeshComponent (94)
[2017.03.28-15.46.13:147][564]LogModuleManager: Shutting down and abandoning module OculusLibrary (93)
[2017.03.28-15.46.13:147][564]LogModuleManager: Shutting down and abandoning module OculusInput (92)
[2017.03.28-15.46.13:147][564]LogModuleManager: Shutting down and abandoning module CustomMeshComponent (91)
[2017.03.28-15.46.13:147][564]LogModuleManager: Shutting down and abandoning module CableComponent (90)
[2017.03.28-15.46.13:147][564]LogModuleManager: Shutting down and abandoning module ArchVisCharacter (89)
[2017.03.28-15.46.13:147][564]LogModuleManager: Shutting down and abandoning module HTML5Networking (88)
[2017.03.28-15.46.13:147][564]LogModuleManager: Shutting down and abandoning module DesktopPlatform (87)
[2017.03.28-15.46.13:147][564]LogModuleManager: Shutting down and abandoning module DirectoryWatcher (86)
[2017.03.28-15.46.13:147][564]LogModuleManager: Shutting down and abandoning module HotReload (85)
[2017.03.28-15.46.13:147][564]LogModuleManager: Shutting down and abandoning module VisualStudioSourceCodeAccess (84)
[2017.03.28-15.46.13:147][564]LogModuleManager: Shutting down and abandoning module UObjectPlugin (83)
[2017.03.28-15.46.13:147][564]LogModuleManager: Shutting down and abandoning module SubversionSourceControl (82)
[2017.03.28-15.46.13:147][564]LogModuleManager: Shutting down and abandoning module SourceControl (81)
[2017.03.28-15.46.13:147][564]LogModuleManager: Shutting down and abandoning module PerforceSourceControl (80)
[2017.03.28-15.46.13:147][564]LogModuleManager: Shutting down and abandoning module UdpMessaging (79)
[2017.03.28-15.46.13:248][564]LogModuleManager: Shutting down and abandoning module LightPropagationVolumeRuntime (78)
[2017.03.28-15.46.13:248][564]LogModuleManager: Shutting down and abandoning module Paper2D (77)
[2017.03.28-15.46.13:248][564]LogModuleManager: Shutting down and abandoning module WindowsMoviePlayer (76)
[2017.03.28-15.46.13:248][564]LogModuleManager: Shutting down and abandoning module Media (75)
[2017.03.28-15.46.13:248][564]LogModuleManager: Shutting down and abandoning module WmfMedia (74)
[2017.03.28-15.46.13:248][564]LogModuleManager: Shutting down and abandoning module MediaAssets (73)
[2017.03.28-15.46.13:248][564]LogModuleManager: Shutting down and abandoning module GameLiveStreaming (72)
[2017.03.28-15.46.13:248][564]LogModuleManager: Shutting down and abandoning module GameplayTagsEditor (71)
[2017.03.28-15.46.13:248][564]LogModuleManager: Shutting down and abandoning module OnlineBlueprintSupport (70)
[2017.03.28-15.46.13:248][564]LogModuleManager: Shutting down and abandoning module VREditor (69)
[2017.03.28-15.46.13:248][564]LogModuleManager: Shutting down and abandoning module GameplayTasksEditor (68)
[2017.03.28-15.46.13:248][564]LogModuleManager: Shutting down and abandoning module PropertyEditor (67)
[2017.03.28-15.46.13:248][564]LogModuleManager: Shutting down and abandoning module BehaviorTreeEditor (66)
[2017.03.28-15.46.13:249][564]LogModuleManager: Shutting down and abandoning module FunctionalTesting (65)
[2017.03.28-15.46.13:249][564]LogModuleManager: Shutting down and abandoning module CollisionAnalyzer (64)
[2017.03.28-15.46.13:249][564]LogModuleManager: Shutting down and abandoning module Sequencer (63)
[2017.03.28-15.46.13:249][564]LogModuleManager: Shutting down and abandoning module WorkspaceMenuStructure (62)
[2017.03.28-15.46.13:249][564]LogModuleManager: Shutting down and abandoning module MessageLog (61)
[2017.03.28-15.46.13:249][564]LogModuleManager: Shutting down and abandoning module AssetTools (60)
[2017.03.28-15.46.13:249][564]LogModuleManager: Shutting down and abandoning module UMGEditor (59)
[2017.03.28-15.46.13:249][564]LogModuleManager: Shutting down and abandoning module UMG (58)
[2017.03.28-15.46.13:249][564]LogModuleManager: Shutting down and abandoning module SlateReflector (57)
[2017.03.28-15.46.13:249][564]LogModuleManager: Shutting down and abandoning module Slate (56)
[2017.03.28-15.46.13:249][564]LogModuleManager: Shutting down and abandoning module EditorStyle (55)
[2017.03.28-15.46.13:251][564]LogModuleManager: Shutting down and abandoning module Messaging (54)
[2017.03.28-15.46.13:251][564]LogModuleManager: Shutting down and abandoning module SourceCodeAccess (53)
[2017.03.28-15.46.13:251][564]LogModuleManager: Shutting down and abandoning module HeadMountedDisplay (52)
[2017.03.28-15.46.13:251][564]LogModuleManager: Shutting down and abandoning module XAudio2 (51)
[2017.03.28-15.46.13:251][564]LogModuleManager: Shutting down and abandoning module Networking (50)
[2017.03.28-15.46.13:251][564]LogModuleManager: Shutting down and abandoning module Core (49)
[2017.03.28-15.46.13:251][564]LogModuleManager: Shutting down and abandoning module KismetCompiler (48)
[2017.03.28-15.46.13:251][564]LogModuleManager: Shutting down and abandoning module PhysXFormats (47)
[2017.03.28-15.46.13:251][564]LogModuleManager: Shutting down and abandoning module MeshUtilities (46)
[2017.03.28-15.46.13:251][564]LogModuleManager: Shutting down and abandoning module AssetRegistry (45)
[2017.03.28-15.46.13:251][564]LogModuleManager: Shutting down and abandoning module DerivedDataCache (44)
[2017.03.28-15.46.13:316][564]LogDerivedDataCache: Shutdown
[2017.03.28-15.46.13:316][564]LogModuleManager: Shutting down and abandoning module VulkanShaderFormat (43)
[2017.03.28-15.46.13:316][564]LogModuleManager: Shutting down and abandoning module ShaderFormatOpenGL (42)
[2017.03.28-15.46.13:316][564]LogModuleManager: Shutting down and abandoning module ShaderFormatD3D (41)
[2017.03.28-15.46.13:316][564]LogModuleManager: Shutting down and abandoning module MetalShaderFormat (40)
[2017.03.28-15.46.13:316][564]LogModuleManager: Shutting down and abandoning module TextureFormatUncompressed (39)
[2017.03.28-15.46.13:316][564]LogModuleManager: Shutting down and abandoning module TextureFormatPVR (38)
[2017.03.28-15.46.13:316][564]LogModuleManager: Shutting down and abandoning module TextureFormatIntelISPCTexComp (37)
[2017.03.28-15.46.13:316][564]LogModuleManager: Shutting down and abandoning module TextureFormatDXT (36)
[2017.03.28-15.46.13:316][564]LogModuleManager: Shutting down and abandoning module ImageWrapper (35)
[2017.03.28-15.46.13:316][564]LogModuleManager: Shutting down and abandoning module TextureFormatASTC (34)
[2017.03.28-15.46.13:316][564]LogModuleManager: Shutting down and abandoning module TextureFormatAndroid (33)
[2017.03.28-15.46.13:316][564]LogModuleManager: Shutting down and abandoning module AudioFormatOpus (32)
[2017.03.28-15.46.13:316][564]LogModuleManager: Shutting down and abandoning module AudioFormatOgg (31)
[2017.03.28-15.46.13:316][564]LogModuleManager: Shutting down and abandoning module AudioFormatADPCM (30)
[2017.03.28-15.46.13:316][564]LogModuleManager: Shutting down and abandoning module WindowsTargetPlatform (29)
[2017.03.28-15.46.13:316][564]LogModuleManager: Shutting down and abandoning module WindowsServerTargetPlatform (28)
[2017.03.28-15.46.13:316][564]LogModuleManager: Shutting down and abandoning module WindowsNoEditorTargetPlatform (27)
[2017.03.28-15.46.13:317][564]LogModuleManager: Shutting down and abandoning module WindowsClientTargetPlatform (26)
[2017.03.28-15.46.13:317][564]LogModuleManager: Shutting down and abandoning module TargetPlatform (25)
[2017.03.28-15.46.13:317][564]LogModuleManager: Shutting down and abandoning module InputCore (24)
[2017.03.28-15.46.13:317][564]LogModuleManager: Shutting down and abandoning module Settings (23)
[2017.03.28-15.46.13:317][564]LogModuleManager: Shutting down and abandoning module OnlineSubsystem (19)
[2017.03.28-15.46.13:317][564]LogOnline:Display: STEAM: OnlineSubsystemSteam::Shutdown()
[2017.03.28-15.46.13:353][564]LogOnline:Display: Unloading online subsystem: STEAM
[2017.03.28-15.46.13:353][564]LogOnline:Display: STEAM: OnlineSubsystemSteam::Shutdown()
[2017.03.28-15.46.13:353][564]LogModuleManager: Shutting down and abandoning module HTTP (18)
[2017.03.28-15.46.13:353][564]LogModuleManager: Shutting down and abandoning module XMPP (17)
[2017.03.28-15.46.13:353][564]LogModuleManager: Shutting down and abandoning module OculusRift (16)
[2017.03.28-15.46.13:353][564]LogModuleManager: Shutting down and abandoning module ExampleDeviceProfileSelector (15)
[2017.03.28-15.46.13:353][564]LogModuleManager: Shutting down and abandoning module TextureCompressor (14)
[2017.03.28-15.46.13:353][564]LogModuleManager: Shutting down and abandoning module ShaderCore (13)
[2017.03.28-15.46.13:353][564]LogModuleManager: Shutting down and abandoning module Landscape (12)
[2017.03.28-15.46.13:353][564]LogModuleManager: Shutting down and abandoning module SlateRHIRenderer (11)
[2017.03.28-15.46.13:354][564]LogModuleManager: Shutting down and abandoning module OpenGLDrv (10)
[2017.03.28-15.46.13:354][564]LogModuleManager: Shutting down and abandoning module D3D11RHI (9)
[2017.03.28-15.46.13:354][564]LogModuleManager: Shutting down and abandoning module AnimGraphRuntime (8)
[2017.03.28-15.46.13:354][564]LogModuleManager: Shutting down and abandoning module Renderer (7)
[2017.03.28-15.46.13:354][564]LogModuleManager: Shutting down and abandoning module Engine (6)
[2017.03.28-15.46.13:354][564]LogModuleManager: Shutting down and abandoning module CoreUObject (5)
[2017.03.28-15.46.13:354][564]LogModuleManager: Shutting down and abandoning module NetworkFile (4)
[2017.03.28-15.46.13:354][564]LogModuleManager: Shutting down and abandoning module StreamingFile (3)
[2017.03.28-15.46.13:354][564]LogModuleManager: Shutting down and abandoning module SandboxFile (2)
[2017.03.28-15.46.13:355][564]LogModuleManager: Shutting down and abandoning module PakFile (1)
[2017.03.28-15.46.13:355][564]LogExit: Exiting.
[2017.03.28-15.46.13:357][564]Log file closed, 03/29/17 00:46:13
