Log file open, 11/27/16 20:23:31
LogInit:Display: Running engine for game: UNNAMED
LogPlatformFile: Not using cached read wrapper
LogInit:Display: RandInit(1422084262) SRandInit(1422084263).
LogTaskGraph: Started task graph with 4 named threads and 7 total threads with 1 sets of task threads.
LogStats: Stats thread started at 0.160919
LogInit: Version: 4.12.5-3039270+++UE4+Release-4.12
LogInit: API Version: 2992821
LogInit: Net Version: 3039270
LogDevObjectVersion: Number of dev versions registered: 13
LogDevObjectVersion:   Dev-Blueprints (B0D832E4-1F89-4F0D-ACCF-7EB736FD4AA2): 3
LogDevObjectVersion:   Dev-Build (E1C64328-A22C-4D53-A36C-8E866417BD8C): 0
LogDevObjectVersion:   Dev-Core (375EC13C-06E4-48FB-B500-84F0262A717E): 1
LogDevObjectVersion:   Dev-Editor (E4B068ED-F494-42E9-A231-DA0B2E46BB41): 2
LogDevObjectVersion:   Dev-Framework (CFFC743F-43B0-4480-9391-14DF171D2073): 6
LogDevObjectVersion:   Dev-Mobile (B02B49B5-BB20-44E9-A304-32B752E40360): 0
LogDevObjectVersion:   Dev-Networking (A4E4105C-59A1-49B5-A7C5-40C4547EDFEE): 0
LogDevObjectVersion:   Dev-Online (39C831C9-5AE6-47DC-9A44-9C173E1C8E7C): 0
LogDevObjectVersion:   Dev-Physics (78F01B33-EBEA-4F98-B9B4-84EACCB95AA2): 0
LogDevObjectVersion:   Dev-Platform (6631380F-2D4D-43E0-8009-CF276956A95A): 0
LogDevObjectVersion:   Dev-Rendering (12F88B9F-8875-4AFC-A67C-D90C383ABD29): 2
LogDevObjectVersion:   Dev-Sequencer (7B5AE74C-D270-4C10-A958-57980B212A5A): 0
LogDevObjectVersion:   Dev-VR (D7296918-1DD6-4BDD-9DE2-64A83CC13884): 0
LogInit: Compiled (64-bit): Jul  6 2016 09:09:46
LogInit: Compiled with Visual C++: 19.00.23026.00
LogInit: Build Configuration: Development
LogInit: Branch Name: ++UE4+Release-4.12
LogInit: Command line:  
LogInit: Base directory: C:/Program Files (x86)/Epic Games/4.12/Engine/Binaries/Win64/
LogInit: Installed Engine Build: 1
LogInit: Using libcurl 7.41.0
LogInit:  - built for x86_64-pc-win32
LogInit:  - supports SSL with WinSSL
LogInit:  - other features:
LogInit:      CURL_VERSION_SSL
LogInit:      CURL_VERSION_IPV6
LogInit:      CURL_VERSION_ASYNCHDNS
LogInit:      CURL_VERSION_LARGEFILE
LogInit:      CURL_VERSION_IDN
LogInit:  CurlRequestOptions (configurable via config and command line):
LogInit:  - bVerifyPeer = true  - Libcurl will verify peer certificate
LogInit:  - bUseHttpProxy = false  - Libcurl will NOT use HTTP proxy
LogInit:  - bDontReuseConnections = false  - Libcurl will reuse connections
LogInit:  - CertBundlePath = nullptr  - Libcurl will use whatever was configured at build time.
LogInit: WinSock: version 1.1 (2.2), MaxSocks=32767, MaxUdp=65467
LogVoice:Warning: Failed to initialize voice interface
LogInit: Presizing for max 8388607 objects, including 0 objects not considered by GC, pre-allocating 0 bytes for permanent pool.
LogInit: Object subsystem initialized
[2016.11.27-11.23.32:848][  0]LogInit: Selected Device Profile: [Windows]
[2016.11.27-11.23.32:848][  0]LogInit: Applying CVar settings loaded from the selected device profile: [Windows]
[2016.11.27-11.23.32:924][  0]LogInit: Computer: DESKTOP-5I3HB32
[2016.11.27-11.23.32:924][  0]LogInit: User: jcy
[2016.11.27-11.23.32:924][  0]LogInit: CPU Page size=65536, Cores=4
[2016.11.27-11.23.32:924][  0]LogInit: High frequency timer resolution =2.533206 MHz
[2016.11.27-11.23.32:924][  0]LogMemory: Memory total: Physical=7.9GB (8GB approx)
[2016.11.27-11.23.32:927][  0]LogMemory: Platform Memory Stats for Windows
[2016.11.27-11.23.32:927][  0]LogMemory: Process Physical Memory: 192.59 MB used, 192.59 MB peak
[2016.11.27-11.23.32:927][  0]LogMemory: Process Virtual Memory: 195.51 MB used, 195.51 MB peak
[2016.11.27-11.23.32:927][  0]LogMemory: Physical Memory: 3382.65 MB used, 8113.86 MB total
[2016.11.27-11.23.32:927][  0]LogMemory: Virtual Memory: 555.32 MB used, 134217728.00 MB total
[2016.11.27-11.23.35:693][  0]LogD3D11RHI: D3D11 adapters:
[2016.11.27-11.23.36:363][  0]LogD3D11RHI:    0. 'NVIDIA GeForce GTX 960M' (Feature Level 11_0)
[2016.11.27-11.23.36:364][  0]LogD3D11RHI:       2018/0/4056 MB DedicatedVideo/DedicatedSystem/SharedSystem, Outputs:2, VendorId:0x10de
[2016.11.27-11.23.36:410][  0]LogD3D11RHI:    1. 'Intel(R) HD Graphics 4600' (Feature Level 11_0)
[2016.11.27-11.23.36:410][  0]LogD3D11RHI:       112/0/2048 MB DedicatedVideo/DedicatedSystem/SharedSystem, Outputs:0, VendorId:0x8086
[2016.11.27-11.23.36:426][  0]LogD3D11RHI:    2. 'Microsoft Basic Render Driver' (Feature Level 11_0)
[2016.11.27-11.23.36:426][  0]LogD3D11RHI:       0/0/4056 MB DedicatedVideo/DedicatedSystem/SharedSystem, Outputs:0, VendorId:0x1414
[2016.11.27-11.23.36:426][  0]LogD3D11RHI: Chosen D3D11 Adapter: 0
[2016.11.27-11.23.36:473][  0]LogD3D11RHI: Creating new Direct3DDevice
[2016.11.27-11.23.36:473][  0]LogD3D11RHI:     GPU DeviceId: 0x139b (for the marketing name, search the web for "GPU Device Id")
[2016.11.27-11.23.36:481][  0]LogWindows: EnumDisplayDevices:
[2016.11.27-11.23.36:481][  0]LogWindows:    0. 'Intel(R) HD Graphics 4600' (P:1 D:1)
[2016.11.27-11.23.36:481][  0]LogWindows:    1. 'Intel(R) HD Graphics 4600' (P:0 D:1)
[2016.11.27-11.23.36:482][  0]LogWindows:    2. 'Intel(R) HD Graphics 4600' (P:0 D:0)
[2016.11.27-11.23.36:482][  0]LogWindows: DebugString: PrimaryIsNotTheChoosenAdapter PrimaryIsNotTheChoosenAdapter PrimaryIsNotTheChoosenAdapter FoundDriverCount:0 
[2016.11.27-11.23.36:482][  0]LogD3D11RHI:     Adapter Name: NVIDIA GeForce GTX 960M
[2016.11.27-11.23.36:482][  0]LogD3D11RHI:   Driver Version: Unknown (internal:Unknown, unified:Unknown)
[2016.11.27-11.23.36:482][  0]LogD3D11RHI:      Driver Date: Unknown
[2016.11.27-11.23.36:482][  0]LogRHI: Texture pool is 1361 MB (70% of 1945 MB)
[2016.11.27-11.23.36:982][  0]LogD3D11RHI: Async texture creation enabled
[2016.11.27-11.23.38:574][  0]LogD3D11RHI: GPU Timing Frequency: 1000.000000 (Debug: 2 1)
[2016.11.27-11.23.38:716][  0]LogShaderCompilers: Guid format shader working directory is -17 characters bigger than the processId version (../../../../../../Users/jcy/Documents/GitHub/UNNAMED/UNNAMED/Intermediate/Shaders/WorkingDirectory/10544/).
[2016.11.27-11.23.38:716][  0]LogShaderCompilers: Cleaned the shader compiler working directory 'C:/Users/jcy/AppData/Local/Temp/UnrealShaderWorkingDir/A40E415D42118568C15227AFB757369A/'.
[2016.11.27-11.23.38:725][  0]LogShaderCompilers:Display: Using Local Shader Compiler.
[2016.11.27-11.23.44:889][  0]LogTemp:Display: Loaded TP AllDesktopTargetPlatform
[2016.11.27-11.23.44:900][  0]LogTemp:Display: Loaded TP WindowsClientTargetPlatform
[2016.11.27-11.23.44:912][  0]LogTemp:Display: Loaded TP WindowsNoEditorTargetPlatform
[2016.11.27-11.23.44:923][  0]LogTemp:Display: Loaded TP WindowsServerTargetPlatform
[2016.11.27-11.23.44:936][  0]LogTemp:Display: Loaded TP WindowsTargetPlatform
[2016.11.27-11.23.44:959][  0]LogTemp:Display: Loaded TP AndroidTargetPlatform
[2016.11.27-11.23.44:968][  0]LogTemp:Display: Loaded TP Android_ASTCTargetPlatform
[2016.11.27-11.23.44:977][  0]LogTemp:Display: Loaded TP Android_ATCTargetPlatform
[2016.11.27-11.23.44:986][  0]LogTemp:Display: Loaded TP Android_DXTTargetPlatform
[2016.11.27-11.23.44:995][  0]LogTemp:Display: Loaded TP Android_ETC1TargetPlatform
[2016.11.27-11.23.45:004][  0]LogTemp:Display: Loaded TP Android_ETC2TargetPlatform
[2016.11.27-11.23.45:022][  0]LogTemp:Display: Loaded TP Android_MultiTargetPlatform
[2016.11.27-11.23.45:022][  0]LogTemp:Display: Loaded TP Android_PVRTCTargetPlatform
[2016.11.27-11.23.45:054][  0]LogTemp:Display: Loaded TP HTML5TargetPlatform
[2016.11.27-11.23.45:194][  0]LogTemp:Display: Loaded TP IOSTargetPlatform
[2016.11.27-11.23.45:201][  0]LogTemp:Display: Loaded TP TVOSTargetPlatform
[2016.11.27-11.23.45:210][  0]LogTemp:Display: Loaded TP LinuxNoEditorTargetPlatform
[2016.11.27-11.23.45:219][  0]LogTemp:Display: Loaded TP LinuxServerTargetPlatform
[2016.11.27-11.23.45:241][  0]LogTemp:Display: Loaded TP LinuxTargetPlatform
[2016.11.27-11.23.45:241][  0]LogTargetPlatformManager:Display: Building Assets For Windows
[2016.11.27-11.23.45:940][  0]LogDerivedDataCache:Display: Max Cache Size: 512 MB
[2016.11.27-11.23.46:492][  0]LogDerivedDataCache: Loaded boot cache 0.54s 48MB C:/Users/jcy/AppData/Local/UnrealEngine/4.12/DerivedDataCache/Boot.ddc.
[2016.11.27-11.23.46:492][  0]LogDerivedDataCache:Display: Loaded Boot cache: C:/Users/jcy/AppData/Local/UnrealEngine/4.12/DerivedDataCache/Boot.ddc
[2016.11.27-11.23.46:493][  0]LogDerivedDataCache: FDerivedDataBackendGraph:  Pak pak cache file ../../../../../../Users/jcy/Documents/GitHub/UNNAMED/UNNAMED/DerivedDataCache/DDC.ddp not found, will not use a pak cache.
[2016.11.27-11.23.46:493][  0]LogDerivedDataCache: Unable to find inner node Pak for hierarchical cache Hierarchy.
[2016.11.27-11.23.46:493][  0]LogDerivedDataCache: FDerivedDataBackendGraph:  CompressedPak pak cache file ../../../../../../Users/jcy/Documents/GitHub/UNNAMED/UNNAMED/DerivedDataCache/Compressed.ddp not found, will not use a pak cache.
[2016.11.27-11.23.46:493][  0]LogDerivedDataCache: Unable to find inner node CompressedPak for hierarchical cache Hierarchy.
[2016.11.27-11.23.46:558][  0]LogDerivedDataCache:Display: Pak cache opened for reading ../../../Engine/DerivedDataCache/Compressed.ddp.
[2016.11.27-11.23.46:602][  0]LogDerivedDataCache: Using Local data cache path C:/Users/jcy/AppData/Local/UnrealEngine/Common/DerivedDataCache: Writable
[2016.11.27-11.23.52:586][  0]LogInit: Selected Device Profile: [Windows]
[2016.11.27-11.23.52:705][  0]LogContentStreaming: Texture pool size is 0.00 MB
[2016.11.27-11.23.56:122][  0]LogMeshUtilities: No automatic mesh reduction module available
[2016.11.27-11.23.56:122][  0]LogMeshUtilities: No automatic mesh merging module available
[2016.11.27-11.23.56:122][  0]LogMeshUtilities: No distributed automatic mesh merging module available
[2016.11.27-11.24.00:627][  0]LogAssetRegistry: FAssetRegistry took 0.0260 seconds to start up
[2016.11.27-11.24.00:992][  0]LogPackageLocalizationCache: Processed 3 localized package path(s) for 1 prioritized culture(s) in 0.266041 seconds
[2016.11.27-11.24.01:077][  0]LogUObjectArray: 28739 objects as part of root set at end of initial load.
[2016.11.27-11.24.01:077][  0]LogUObjectAllocator: 5855624 out of 0 bytes used by permanent object pool.
[2016.11.27-11.24.01:077][  0]LogUObjectArray: CloseDisregardForGC: 0/0 objects in disregard for GC pool
[2016.11.27-11.24.06:379][  0]LogSlate: SlateFontCache - WITH_FREETYPE: 1, WITH_HARFBUZZ: 1
[2016.11.27-11.24.06:379][  0]LogSlate: SlateFontCache - WITH_FREETYPE: 1, WITH_HARFBUZZ: 1
[2016.11.27-11.24.26:583][  0]LogUdpMessaging: Initializing bridge on interface 0.0.0.0:0 to multicast group 230.0.0.1:6666.
[2016.11.27-11.24.28:931][  0]SourceControl: Info Source control is disabled
[2016.11.27-11.24.28:985][  0]SourceControl: Info Source control is disabled
[2016.11.27-11.24.29:070][  0]SourceControl: Info Source control is disabled
[2016.11.27-11.24.29:122][  0]SourceControl: Info Source control is disabled
[2016.11.27-11.24.31:146][  0]LogEngine: Initializing Engine...
[2016.11.27-11.24.31:281][  0]LogHMD: SteamVR failed to initialize.  Err: 110
[2016.11.27-11.24.31:291][  0]LogHMD: SteamVR failed to initialize.  Err: 110
[2016.11.27-11.24.32:545][  0]LogAIModule: Creating AISystem for world NewWorld
[2016.11.27-11.24.32:748][  0]LogInit: XAudio2 using '스피커(Realtek High Definition Audio)' : 2 channels at 48 kHz using 32 bits per sample (channel mask 0x3)
[2016.11.27-11.24.32:873][  0]LogInit: FAudioDevice initialized.
[2016.11.27-11.24.32:923][  0]LogDerivedDataCache: Saved boot cache 0.05s 48MB C:/Users/jcy/AppData/Local/UnrealEngine/4.12/DerivedDataCache/Boot.ddc.
[2016.11.27-11.24.32:931][  0]LogInit: Texture streaming: Enabled
[2016.11.27-11.24.34:117][  0]LogInit: Transaction tracking system initialized
[2016.11.27-11.24.34:867][  0]BlueprintLog: New page: Editor Load
[2016.11.27-11.24.36:186][  0]LocalizationService: Info Localization service is disabled
[2016.11.27-11.24.36:831][  0]LogConsoleResponse:Display: 
[2016.11.27-11.24.39:124][  0]LogFileCache: Scanning file cache for directory 'C:/Users/jcy/Documents/GitHub/UNNAMED/UNNAMED/Content/' took 0.03s
[2016.11.27-11.24.39:124][  0]LogCook:Display: Max memory allowance for cook 8192mb
[2016.11.27-11.24.39:124][  0]LogCook:Display: Mobile HDR setting 1
[2016.11.27-11.24.41:519][  0]SourceControl: Info Source control is disabled
[2016.11.27-11.24.41:593][  0]Cmd: MAP LOAD FILE="../../../../../../Users/jcy/Documents/GitHub/UNNAMED/UNNAMED/Content/Map/Main.umap" TEMPLATE=0 SHOWPROGRESS=1 FEATURELEVEL=3
[2016.11.27-11.24.41:800][  0]LightingResults: New page: Lighting Build
[2016.11.27-11.24.41:968][  0]MapCheck: New page: Map Check
[2016.11.27-11.24.41:968][  0]LightingResults: New page: Lighting Build
[2016.11.27-11.24.43:840][  0]LogAIModule: Creating AISystem for world Main
[2016.11.27-11.24.43:943][  0]LogEditorServer: Finished looking for orphan Actors (0.000 secs)
[2016.11.27-11.24.43:978][  0]Cmd: MAP CHECKDEP NOCLEARLOG
[2016.11.27-11.24.44:062][  0]MapCheck: Info Map check complete: 0 Error(s), 0 Warning(s), took 83.789ms to complete.
[2016.11.27-11.24.44:062][  0]LogFileHelpers: Loading map 'Main' took 2.512
[2016.11.27-11.24.45:349][  0]LogCollectionManager: Loaded 1 collections in 0.004427 seconds
[2016.11.27-11.24.45:479][  0]LogFileCache: Scanning file cache for directory 'C:/Users/jcy/Documents/GitHub/UNNAMED/UNNAMED/Saved/Collections/' took 0.01s
[2016.11.27-11.24.45:479][  0]LogFileCache: Scanning file cache for directory 'C:/Users/jcy/Documents/GitHub/UNNAMED/UNNAMED/Content/Developers/jcy/Collections/' took 0.01s
[2016.11.27-11.24.45:479][  0]LogFileCache: Scanning file cache for directory 'C:/Users/jcy/Documents/GitHub/UNNAMED/UNNAMED/Content/Collections/' took 0.01s
[2016.11.27-11.24.45:479][  0]LogCollectionManager: Rebuilt the GUID cache for 1 collections in 0.000006 seconds
[2016.11.27-11.24.45:479][  0]LogCollectionManager: Rebuilt the hierarchy cache for 1 collections in 0.000000 seconds
[2016.11.27-11.24.45:489][  0]LogContentBrowser: Native class hierarchy populated in 0.0083 seconds. Added 2047 classes and 369 folders.
[2016.11.27-11.24.45:536][  0]LogStats: UGameplayTagsManager::ConstructGameplayTagTree: Construct from data asset -  0.000 s
[2016.11.27-11.24.45:536][  0]LogStats: UGameplayTagsManager::ConstructGameplayTagTree: GameplayTagTreeChangedEvent.Broadcast -  0.000 s
[2016.11.27-11.24.45:537][  0]LogContentBrowser: Native class hierarchy updated for 'GameplayTags' in 0.0005 seconds. Added 12 classes and 0 folders.
[2016.11.27-11.24.45:567][  0]LogContentBrowser: Native class hierarchy updated for 'WidgetCarousel' in 0.0004 seconds. Added 0 classes and 0 folders.
[2016.11.27-11.24.46:995][  0]LogContentBrowser: Native class hierarchy updated for 'AddContentDialog' in 0.0005 seconds. Added 0 classes and 0 folders.
[2016.11.27-11.24.47:086][  0]LogContentBrowser: Native class hierarchy updated for 'SceneOutliner' in 0.0005 seconds. Added 1 classes and 2 folders.
[2016.11.27-11.24.48:131][  0]LogCrashTracker: Crashtracker disabled due to settings.
[2016.11.27-11.24.48:255][  0]LogUObjectGlobals:Warning: Failed to find object 'Class None.'
[2016.11.27-11.24.48:403][  0]LogContentBrowser: Native class hierarchy updated for 'HierarchicalLODOutliner' in 0.0023 seconds. Added 1 classes and 2 folders.
[2016.11.27-11.24.48:404][  0]LogLoad: Full Startup: 80.36 seconds (BP compile: 0.69 seconds)
[2016.11.27-11.24.48:404][  0]LogExternalProfiler: Found external profiler: VSPerf
[2016.11.27-11.24.48:404][  0]LogExternalProfiler: Using external profiler: VSPerf
[2016.11.27-11.24.48:485][  0]LogOcInput: OculusInput pre-init called
[2016.11.27-11.24.48:679][  0]LogContentStreaming: Texture pool size now 1000 MB
[2016.11.27-11.24.49:619][  0]LogRenderer: Reallocating scene render targets to support 1144x576 (Frame:2).
[2016.11.27-11.24.50:379][  3]LogAssetRegistry: Asset discovery search completed in 49.7750 seconds
[2016.11.27-11.24.50:379][  3]LogCollectionManager: Rebuilt the object cache for 1 collections in 0.000008 seconds (found 0 objects)
[2016.11.27-11.24.50:392][  3]LogCollectionManager: Fixed up redirectors for 1 collections in 0.012935 seconds (updated 0 objects)
[2016.11.27-11.25.11:619][234]LogBlueprintUserMessages: Early PlayInEditor Detection: Level '/Game/Map/Main.Main:PersistentLevel' has LevelScriptBlueprint '/Game/Map/Main.Main:PersistentLevel.Main' with GeneratedClass '/Game/Map/Main.Main_C' with ClassGeneratedBy '/Game/Map/Main.Main:PersistentLevel.Main'
[2016.11.27-11.25.11:624][234]LogPlayLevel: PlayLevel: No blueprints needed recompiling
[2016.11.27-11.25.11:705][234]PIE: New page: PIE session: Main (Nov 28, 2016, 5:25:11 AM)
[2016.11.27-11.25.11:705][234]LogPlayLevel: Creating play world package: /Game/Map/UEDPIE_1_Main
[2016.11.27-11.25.11:716][234]LogPlayLevel: PIE: StaticDuplicateObject took: (0.011114s)
[2016.11.27-11.25.11:716][234]LogAIModule: Creating AISystem for world Main
[2016.11.27-11.25.11:716][234]LogPlayLevel: PIE: World Init took: (0.000766s)
[2016.11.27-11.25.11:717][234]LogPlayLevel: PIE: Created PIE world by copying editor world from /Game/Map/Main.Main to /Game/Map/UEDPIE_1_Main.Main (0.012121s)
[2016.11.27-11.25.11:846][234]LogInit: XAudio2 using '스피커(Realtek High Definition Audio)' : 2 channels at 48 kHz using 32 bits per sample (channel mask 0x3)
[2016.11.27-11.25.11:873][234]LogInit: FAudioDevice initialized.
[2016.11.27-11.25.11:978][234]LogWorld: Game class is 'pregame_C'
[2016.11.27-11.25.12:064][234]LogWorld: Bringing World /Game/Map/UEDPIE_1_Main.Main up for play (max tick rate 60) at 2016.11.27-20.25.12
[2016.11.27-11.25.12:076][234]LogWorld: Bringing up level for play took: 0.012986
[2016.11.27-11.25.12:087][234]LogVoice:Warning: Failed to initialize voice interface
[2016.11.27-11.25.12:167][234]LogSpawn:Warning: SpawnActor failed because no class was specified
[2016.11.27-11.25.12:191][234]LogContentBrowser: Native class hierarchy updated for 'MovieSceneCapture' in 0.0013 seconds. Added 11 classes and 0 folders.
[2016.11.27-11.25.12:214][234]LogInit: WinSock: Socket queue 131072 / 131072
[2016.11.27-11.25.12:214][234]LogInit: WinSock: I am DESKTOP-5I3HB32 (192.168.0.3:0)
[2016.11.27-11.25.12:214][234]PacketHandlerLog: Loaded PacketHandler component: Engine.EngineHandlerComponentFactory (StatelessConnectHandlerComponent)
[2016.11.27-11.25.12:240][234]LogNet: GameNetDriver IpNetDriver_0 IpNetDriver listening on port 7777
[2016.11.27-11.25.12:300][234]PIE: Info Play in editor start time for /Game/Map/UEDPIE_1_Main 0.192
[2016.11.27-11.25.12:307][234]PIE: New page: PIE session: Main (Nov 28, 2016, 5:25:12 AM)
[2016.11.27-11.25.12:367][234]LogNet: Browse: 127.0.0.1//Game/Map/Main
[2016.11.27-11.25.12:367][234]LogInit: WinSock: Socket queue 32768 / 32768
[2016.11.27-11.25.12:367][234]PacketHandlerLog: Loaded PacketHandler component: Engine.EngineHandlerComponentFactory (StatelessConnectHandlerComponent)
[2016.11.27-11.25.12:384][234]LogNet: Game client on port 7777, rate 10000
[2016.11.27-11.25.12:410][234]LogNet: GetLocalNetworkVersion: GEngineNetVersion: 3039270, ProjectName: unnamed, ProjectVersion: 1.0.0.0, InternalProtocolVersion: 9, LocalNetworkVersion: 1745645396
[2016.11.27-11.25.12:456][234]PIE: Info Play in editor start time for /Game/Map/Main 0.348
[2016.11.27-11.25.12:473][234]LogBlueprintUserMessages: Late PlayInEditor Detection: Level '/Game/Map/Main.Main:PersistentLevel' has LevelScriptBlueprint '/Game/Map/Main.Main:PersistentLevel.Main' with GeneratedClass '/Game/Map/Main.Main_C' with ClassGeneratedBy '/Game/Map/Main.Main:PersistentLevel.Main'
[2016.11.27-11.25.12:495][234]LogNet: NotifyAcceptingConnection: Server Main accept
[2016.11.27-11.25.12:495][234]LogHandshake: SendConnectChallenge. Timestamp: 0.016667, Cookie: 164092232154228228061048178064188123219130113113131160212214
[2016.11.27-11.25.12:495][234]LogNet: NotifyAcceptingConnection: Server Main accept
[2016.11.27-11.25.12:591][234]LogHandshake: SendChallengeResponse. Timestamp: 0.016667, Cookie: 164092232154228228061048178064188123219130113113131160212214
[2016.11.27-11.25.12:635][234]LogRenderer: Reallocating scene render targets to support 1292x756 (Frame:5).
[2016.11.27-11.25.12:703][235]LogNet: NotifyAcceptingConnection: Server Main accept
[2016.11.27-11.25.12:703][235]LogNet: Server accepting post-challenge connection from: 127.0.0.1:50444
[2016.11.27-11.25.12:703][235]PacketHandlerLog: Loaded PacketHandler component: Engine.EngineHandlerComponentFactory (StatelessConnectHandlerComponent)
[2016.11.27-11.25.12:715][235]LogNet: NotifyAcceptedConnection: Name: Main, TimeStamp: 11/27/16 20:25:12, [UNetConnection] RemoteAddr: 127.0.0.1:50444, Name: IpConnection_1, Driver: GameNetDriver IpNetDriver_0, IsServer: YES, PC: NULL, Owner: NULL
[2016.11.27-11.25.12:715][235]LogNet: AddClientConnection: Added client connection: [UNetConnection] RemoteAddr: 127.0.0.1:50444, Name: IpConnection_1, Driver: GameNetDriver IpNetDriver_0, IsServer: YES, PC: NULL, Owner: NULL
[2016.11.27-11.25.12:746][236]LogNet: NotifyAcceptingChannel Control 0 server World /Game/Map/UEDPIE_1_Main.Main: Accepted
[2016.11.27-11.25.12:746][236]LogNet: Remote platform little endian=1
[2016.11.27-11.25.12:746][236]LogNet: This platform little endian=1
[2016.11.27-11.25.12:746][236]LogNet: GetLocalNetworkVersion: GEngineNetVersion: 3039270, ProjectName: unnamed, ProjectVersion: 1.0.0.0, InternalProtocolVersion: 9, LocalNetworkVersion: 1745645396
[2016.11.27-11.25.12:758][236]LogVoice:Warning: Failed to initialize voice interface
[2016.11.27-11.25.12:831][237]LogNet: Login request: /Game/Map/Main?Name=DESKTOP-5I3HB32-A074651D444A5A1090D34BA98DBA0F44 userId: DESKTOP-5I3HB32-A074651D444A5A1090D34BA98DBA0F44
[2016.11.27-11.25.12:832][237]LogNet: Welcomed by server (Level: /Game/Map/UEDPIE_1_Main, Game: /Game/BP/pregame.pregame_C)
[2016.11.27-11.25.12:927][237]LogLoad: LoadMap: 127.0.0.1//Game/Map/UEDPIE_1_Main?game=/Game/BP/pregame.pregame_C
[2016.11.27-11.25.12:954][237]Cmd: MEM
[2016.11.27-11.25.13:007][237]LogMemory: Platform Memory Stats for Windows
[2016.11.27-11.25.13:007][237]LogMemory: Process Physical Memory: 817.67 MB used, 846.71 MB peak
[2016.11.27-11.25.13:008][237]LogMemory: Process Virtual Memory: 1453.46 MB used, 1453.46 MB peak
[2016.11.27-11.25.13:008][237]LogMemory: Physical Memory: 4129.21 MB used, 8113.86 MB total
[2016.11.27-11.25.13:008][237]LogMemory: Virtual Memory: 2189.31 MB used, 134217728.00 MB total
[2016.11.27-11.25.13:008][237]LogMemory: 
[2016.11.27-11.25.13:008][237]Allocator Stats for TBB: (not implemented)
[2016.11.27-11.25.13:045][237]LogWorld: PIE: Copying PIE streaming level from /Game/Map/Main.Main to /Game/Map/UEDPIE_2_Main.Main. OwningWorld: None
[2016.11.27-11.25.13:045][237]LogAIModule: Creating AISystem for world Main
[2016.11.27-11.25.13:048][237]LogWorld: Bringing World /Game/Map/UEDPIE_2_Main.Main up for play (max tick rate 60) at 2016.11.27-20.25.13
[2016.11.27-11.25.13:048][237]LogWorld: Bringing up level for play took: 0.001627
[2016.11.27-11.25.13:048][237]LogLoad: Took 0.121148 seconds to LoadMap(/Game/Map/UEDPIE_1_Main)
[2016.11.27-11.25.13:061][238]LogNet: Client netspeed is 10000
[2016.11.27-11.25.13:061][238]LogNet: Join request: /Game/Map/Main?Name=DESKTOP-5I3HB32-A074651D444A5A1090D34BA98DBA0F44?SplitscreenCount=1
[2016.11.27-11.25.13:062][238]LogOnline:Warning: NULL: No game present to join for session (Game)
[2016.11.27-11.25.13:079][238]LogNet: Join succeeded: DESKTOP-5I3HB32-A074
[2016.11.27-11.25.13:083][238]LogSpawn:Warning: SpawnActor failed because no class was specified
[2016.11.27-11.25.13:157][239]LogOnline:Warning: NULL: No game present to join for session (Game)
[2016.11.27-11.25.13:157][239]LogOnline:Warning: NULL: No game present to join for session (Game)
[2016.11.27-11.25.16:644][434]LogNet: Browse: /Game/Map/dd?listen
[2016.11.27-11.25.16:644][434]LogLoad: LoadMap: /Game/Map/dd?listen
[2016.11.27-11.25.16:644][434]LogNet: World NetDriver shutdown IpNetDriver_0 [GameNetDriver]
[2016.11.27-11.25.16:644][434]LogNet: DestroyNamedNetDriver IpNetDriver_0 [GameNetDriver]
[2016.11.27-11.25.16:644][434]LogNet: UNetConnection::Cleanup: Closing open connection. [UNetConnection] RemoteAddr: 127.0.0.1:50444, Name: IpConnection_1, Driver: GameNetDriver IpNetDriver_0, IsServer: YES, PC: PlayerController_1, Owner: PlayerController_1
[2016.11.27-11.25.16:644][434]LogNet: UNetConnection::Close: [UNetConnection] RemoteAddr: 127.0.0.1:50444, Name: IpConnection_1, Driver: GameNetDriver IpNetDriver_0, IsServer: YES, PC: PlayerController_1, Owner: PlayerController_1, Channels: 9, Time: 2016.11.27-11.25.16
[2016.11.27-11.25.16:657][434]LogNet: UChannel::Close: Sending CloseBunch. ChIndex == 0. Name: [UChannel] ChIndex: 0, Closing: 0 [UNetConnection] RemoteAddr: 127.0.0.1:50444, Name: IpConnection_1, Driver: GameNetDriver IpNetDriver_0, IsServer: YES, PC: PlayerController_1, Owner: PlayerController_1
[2016.11.27-11.25.16:674][434]LogExit: GameNetDriver IpNetDriver_0 shut down
[2016.11.27-11.25.16:710][434]Cmd: MEM
[2016.11.27-11.25.16:717][434]LogMemory: Platform Memory Stats for Windows
[2016.11.27-11.25.16:717][434]LogMemory: Process Physical Memory: 847.23 MB used, 851.54 MB peak
[2016.11.27-11.25.16:717][434]LogMemory: Process Virtual Memory: 1354.56 MB used, 1461.02 MB peak
[2016.11.27-11.25.16:717][434]LogMemory: Physical Memory: 4178.63 MB used, 8113.86 MB total
[2016.11.27-11.25.16:717][434]LogMemory: Virtual Memory: 2134.28 MB used, 134217728.00 MB total
[2016.11.27-11.25.16:717][434]LogMemory: 
[2016.11.27-11.25.16:717][434]Allocator Stats for TBB: (not implemented)
[2016.11.27-11.25.20:477][434]LogAIModule: Creating AISystem for world dd
[2016.11.27-11.25.20:478][434]LogWorld: Game class is 'MyGameMode_C'
[2016.11.27-11.25.20:478][434]LogInit: WinSock: Socket queue 131072 / 131072
[2016.11.27-11.25.20:479][434]PacketHandlerLog: Loaded PacketHandler component: Engine.EngineHandlerComponentFactory (StatelessConnectHandlerComponent)
[2016.11.27-11.25.20:479][434]LogNet: GameNetDriver IpNetDriver_2 IpNetDriver listening on port 7777
[2016.11.27-11.25.20:495][434]LogWorld: Bringing World /Game/Map/UEDPIE_1_dd.dd up for play (max tick rate 60) at 2016.11.27-20.25.20
[2016.11.27-11.25.20:496][434]LogWorld: Bringing up level for play took: 0.016401
[2016.11.27-11.25.20:510][434]LogSpawn:Warning: SpawnActor failed because no class was specified
[2016.11.27-11.25.20:654][434]LogOnline:Warning: NULL: Can't start an online session (Game) in state InProgress
[2016.11.27-11.25.20:672][434]LogBlueprintUserMessages: [dd_C_1] Server: 씨바
[2016.11.27-11.25.20:672][434]LogLoad: Took 4.027772 seconds to LoadMap(/Game/Map/dd)
[2016.11.27-11.25.20:705][434]LogNet:Warning: Network Failure: GameNetDriver[FailureReceived]: Host closed the connection.
[2016.11.27-11.25.20:705][434]LogNet:Warning: Network Failure: GameNetDriver[FailureReceived]: Host closed the connection.
[2016.11.27-11.25.20:705][434]LogNet: NetworkFailure: FailureReceived, Error: 'Host closed the connection.'
[2016.11.27-11.25.20:705][434]LogNet: UNetConnection::Close: [UNetConnection] RemoteAddr: 127.0.0.1:7777, Name: IpConnection_0, Driver: GameNetDriver IpNetDriver_1, IsServer: NO, PC: PlayerController_1, Owner: PlayerController_1, Channels: 9, Time: 2016.11.27-11.25.20
[2016.11.27-11.25.20:705][434]LogNet: UChannel::Close: Sending CloseBunch. ChIndex == 0. Name: [UChannel] ChIndex: 0, Closing: 0 [UNetConnection] RemoteAddr: 127.0.0.1:7777, Name: IpConnection_0, Driver: GameNetDriver IpNetDriver_1, IsServer: NO, PC: PlayerController_1, Owner: PlayerController_1
[2016.11.27-11.25.20:705][434]LogNet:Warning: Network Failure: GameNetDriver[ConnectionLost]: Your connection to the host has been lost.
[2016.11.27-11.25.20:705][434]LogNet:Warning: Network Failure: GameNetDriver[ConnectionLost]: Your connection to the host has been lost.
[2016.11.27-11.25.20:705][434]LogNet: NetworkFailure: ConnectionLost, Error: 'Your connection to the host has been lost.'
[2016.11.27-11.25.20:723][435]LogNet: NotifyAcceptingConnection: Server dd accept
[2016.11.27-11.25.20:723][435]LogNet: NotifyAcceptingConnection: Server dd accept
[2016.11.27-11.25.20:735][435]LogNet: Browse: /Game/Map/Main?closed
[2016.11.27-11.25.20:735][435]LogNet: Failed; returning to Entry
[2016.11.27-11.25.20:870][435]LogLoad: LoadMap: /Game/Map/Main?closed
[2016.11.27-11.25.20:870][435]LogNet: World NetDriver shutdown IpNetDriver_1 [GameNetDriver]
[2016.11.27-11.25.20:870][435]LogNet: DestroyNamedNetDriver IpNetDriver_1 [GameNetDriver]
[2016.11.27-11.25.20:871][435]LogExit: GameNetDriver IpNetDriver_1 shut down
[2016.11.27-11.25.20:901][435]Cmd: MEM
[2016.11.27-11.25.20:909][435]LogMemory: Platform Memory Stats for Windows
[2016.11.27-11.25.20:909][435]LogMemory: Process Physical Memory: 940.48 MB used, 940.48 MB peak
[2016.11.27-11.25.20:909][435]LogMemory: Process Virtual Memory: 1544.57 MB used, 1544.57 MB peak
[2016.11.27-11.25.20:909][435]LogMemory: Physical Memory: 4236.55 MB used, 8113.86 MB total
[2016.11.27-11.25.20:909][435]LogMemory: Virtual Memory: 2304.16 MB used, 134217728.00 MB total
[2016.11.27-11.25.20:909][435]LogMemory: 
[2016.11.27-11.25.20:909][435]Allocator Stats for TBB: (not implemented)
[2016.11.27-11.25.20:909][435]LogPlayLevel: Creating play world package: /Game/Map/UEDPIE_2_Main
[2016.11.27-11.25.20:910][435]LogPlayLevel: PIE: StaticDuplicateObject took: (0.001209s)
[2016.11.27-11.25.20:911][435]LogAIModule: Creating AISystem for world Main
[2016.11.27-11.25.20:911][435]LogPlayLevel: PIE: World Init took: (0.000508s)
[2016.11.27-11.25.20:911][435]LogPlayLevel: PIE: Created PIE world by copying editor world from /Game/Map/Main.Main to /Game/Map/UEDPIE_2_Main.Main (0.001895s)
[2016.11.27-11.25.20:911][435]LogWorld: Game class is 'pregame_C'
[2016.11.27-11.25.20:913][435]LogWorld: Bringing World /Game/Map/UEDPIE_2_Main.Main up for play (max tick rate 60) at 2016.11.27-20.25.20
[2016.11.27-11.25.20:913][435]LogWorld: Bringing up level for play took: 0.001188
[2016.11.27-11.25.20:914][435]LogGameMode: Warning - PATHS NOT DEFINED or NO PLAYERSTART with positive rating
[2016.11.27-11.25.20:914][435]LogSpawn:Warning: SpawnActor failed because no class was specified
[2016.11.27-11.25.20:915][435]LogLoad: Took 0.045010 seconds to LoadMap(/Game/Map/UEDPIE_2_Main)
[2016.11.27-11.25.54:314][395]LogBlueprintUserMessages: Early EndPlayMap Detection: Level '/Game/Map/Main.Main:PersistentLevel' has LevelScriptBlueprint '/Game/Map/Main.Main:PersistentLevel.Main' with GeneratedClass '/Game/Map/Main.Main_C' with ClassGeneratedBy '/Game/Map/Main.Main:PersistentLevel.Main'
[2016.11.27-11.25.54:375][395]LogOnline:Display: NULL: FOnlineSubsystemNull::Shutdown()
[2016.11.27-11.25.54:376][395]LogSpawn:Warning: SpawnActor failed because we are in the process of tearing down the world
[2016.11.27-11.25.54:446][395]LogOnline:Display: NULL: FOnlineSubsystemNull::Shutdown()
[2016.11.27-11.25.54:446][395]LogPlayLevel:Display: Shutting down PIE online subsystems
[2016.11.27-11.25.54:446][395]LogBlueprintUserMessages: Late EndPlayMap Detection: Level '/Game/Map/Main.Main:PersistentLevel' has LevelScriptBlueprint '/Game/Map/Main.Main:PersistentLevel.Main' with GeneratedClass '/Game/Map/Main.Main_C' with ClassGeneratedBy '/Game/Map/Main.Main:PersistentLevel.Main'
[2016.11.27-11.25.54:469][395]LogExit: GameNetDriver None shut down
[2016.11.27-11.25.54:493][396]LogPlayLevel:Display: Destroying online subsystem :Context_4
[2016.11.27-11.25.54:493][396]LogOnline:Display: NULL: FOnlineSubsystemNull::Shutdown()
[2016.11.27-11.25.54:493][396]LogPlayLevel:Display: Destroying online subsystem :Context_3
[2016.11.27-11.25.54:493][396]LogOnline:Display: NULL: FOnlineSubsystemNull::Shutdown()
[2016.11.27-11.26.47:850][569]LogWindowsTextInputMethodSystem:Display: IME system now activated using TSF (Microsoft 입력기).
[2016.11.27-11.26.48:245][570]Cmd: QUIT_EDITOR
[2016.11.27-11.26.49:035][570]LogExit: Preparing to exit.
[2016.11.27-11.26.49:847][570]LogExit: Editor shut down
[2016.11.27-11.26.49:848][570]LogExit: Transaction tracking system shut down
[2016.11.27-11.26.50:261][570]LogObj: Freed 0b from 0 cluster array pools.
[2016.11.27-11.26.50:261][570]LogExit: Object subsystem successfully closed.
[2016.11.27-11.26.50:316][570]LogD3D11RHI: Shutdown
[2016.11.27-11.26.50:328][570]LogD3D11RHI: CleanupD3DDevice
[2016.11.27-11.26.50:416][570]LogD3D11RHI: ~FD3D11DynamicRHI
[2016.11.27-11.26.50:597][570]LogModuleManager: Shutting down and abandoning module MovieSceneCapture (216)
[2016.11.27-11.26.50:597][570]LogModuleManager: Shutting down and abandoning module HierarchicalLODOutliner (215)
[2016.11.27-11.26.50:597][570]LogModuleManager: Shutting down and abandoning module CrashTracker (214)
[2016.11.27-11.26.50:597][570]LogModuleManager: Shutting down and abandoning module SceneOutliner (213)
[2016.11.27-11.26.50:597][570]LogModuleManager: Shutting down and abandoning module WidgetCarousel (212)
[2016.11.27-11.26.50:597][570]LogModuleManager: Shutting down and abandoning module AddContentDialog (211)
[2016.11.27-11.26.50:598][570]LogModuleManager: Shutting down and abandoning module GameplayTags (210)
[2016.11.27-11.26.50:598][570]LogModuleManager: Shutting down and abandoning module EditorWidgets (209)
[2016.11.27-11.26.50:598][570]LogModuleManager: Shutting down and abandoning module CollectionManager (208)
[2016.11.27-11.26.50:599][570]LogModuleManager: Shutting down and abandoning module StatsViewer (207)
[2016.11.27-11.26.50:610][570]LogModuleManager: Shutting down and abandoning module FoliageEdit (206)
[2016.11.27-11.26.50:611][570]LogModuleManager: Shutting down and abandoning module LandscapeEditor (205)
[2016.11.27-11.26.50:615][570]LogModuleManager: Shutting down and abandoning module SceneDepthPickerMode (204)
[2016.11.27-11.26.50:615][570]LogModuleManager: Shutting down and abandoning module ActorPickerMode (203)
[2016.11.27-11.26.50:615][570]LogModuleManager: Shutting down and abandoning module GeometryMode (202)
[2016.11.27-11.26.50:615][570]LogModuleManager: Shutting down and abandoning module TextureAlignMode (201)
[2016.11.27-11.26.50:615][570]LogModuleManager: Shutting down and abandoning module BspMode (200)
[2016.11.27-11.26.50:615][570]LogModuleManager: Shutting down and abandoning module HardwareSurvey (199)
[2016.11.27-11.26.50:615][570]LogModuleManager: Shutting down and abandoning module SequenceRecorderSections (198)
[2016.11.27-11.26.50:615][570]LogModuleManager: Shutting down and abandoning module SequenceRecorder (197)
[2016.11.27-11.26.50:615][570]LogModuleManager: Shutting down and abandoning module AutomationWorker (196)
[2016.11.27-11.26.50:615][570]LogModuleManager: Shutting down and abandoning module MatineeToLevelSequence (195)
[2016.11.27-11.26.50:615][570]LogModuleManager: Shutting down and abandoning module PlacementMode (194)
[2016.11.27-11.26.50:623][570]LogModuleManager: Shutting down and abandoning module LevelSequenceEditor (193)
[2016.11.27-11.26.50:623][570]LogModuleManager: Shutting down and abandoning module CharacterAI (192)
[2016.11.27-11.26.50:623][570]LogModuleManager: Shutting down and abandoning module SmartSnapping (191)
[2016.11.27-11.26.50:623][570]LogModuleManager: Shutting down and abandoning module SessionServices (190)
[2016.11.27-11.26.50:623][570]LogModuleManager: Shutting down and abandoning module ViewportSnapping (189)
[2016.11.27-11.26.50:623][570]LogModuleManager: Shutting down and abandoning module LogVisualizer (188)
[2016.11.27-11.26.50:623][570]LogModuleManager: Shutting down and abandoning module GameProjectGeneration (187)
[2016.11.27-11.26.50:635][570]LogModuleManager: Shutting down and abandoning module IntroTutorials (186)
[2016.11.27-11.26.50:635][570]LogModuleManager: Shutting down and abandoning module EditorLiveStreaming (185)
[2016.11.27-11.26.50:635][570]LogModuleManager: Shutting down and abandoning module IOSPlatformEditor (184)
[2016.11.27-11.26.50:635][570]LogModuleManager: Shutting down and abandoning module HTML5PlatformEditor (183)
[2016.11.27-11.26.50:635][570]LogModuleManager: Shutting down and abandoning module AndroidDeviceDetection (182)
[2016.11.27-11.26.51:501][570]LogModuleManager: Shutting down and abandoning module AndroidPlatformEditor (181)
[2016.11.27-11.26.51:501][570]LogModuleManager: Shutting down and abandoning module IOSRuntimeSettings (180)
[2016.11.27-11.26.51:501][570]LogModuleManager: Shutting down and abandoning module AndroidRuntimeSettings (179)
[2016.11.27-11.26.51:501][570]LogModuleManager: Shutting down and abandoning module MergeActors (178)
[2016.11.27-11.26.51:521][570]LogModuleManager: Shutting down and abandoning module SizeMap (177)
[2016.11.27-11.26.51:521][570]LogModuleManager: Shutting down and abandoning module TreeMap (176)
[2016.11.27-11.26.51:521][570]LogModuleManager: Shutting down and abandoning module ReferenceViewer (175)
[2016.11.27-11.26.51:521][570]LogModuleManager: Shutting down and abandoning module LocalizationService (174)
[2016.11.27-11.26.51:521][570]LogModuleManager: Shutting down and abandoning module LocalizationDashboard (173)
[2016.11.27-11.26.51:526][570]LogModuleManager: Shutting down and abandoning module HardwareTargeting (172)
[2016.11.27-11.26.51:526][570]LogModuleManager: Shutting down and abandoning module DeviceProfileEditor (171)
[2016.11.27-11.26.51:535][570]LogModuleManager: Shutting down and abandoning module UndoHistory (170)
[2016.11.27-11.26.51:544][570]LogModuleManager: Shutting down and abandoning module UserFeedback (169)
[2016.11.27-11.26.51:544][570]LogModuleManager: Shutting down and abandoning module XmlParser (168)
[2016.11.27-11.26.51:544][570]LogModuleManager: Shutting down and abandoning module Blutility (167)
[2016.11.27-11.26.51:544][570]LogModuleManager: Shutting down and abandoning module ProjectTargetPlatformEditor (166)
[2016.11.27-11.26.51:544][570]LogModuleManager: Shutting down and abandoning module ProjectSettingsViewer (165)
[2016.11.27-11.26.51:544][570]LogModuleManager: Shutting down and abandoning module InputBindingEditor (164)
[2016.11.27-11.26.51:544][570]LogModuleManager: Shutting down and abandoning module EditorSettingsViewer (163)
[2016.11.27-11.26.51:545][570]LogModuleManager: Shutting down and abandoning module SettingsEditor (162)
[2016.11.27-11.26.51:549][570]LogModuleManager: Shutting down and abandoning module ProjectLauncher (161)
[2016.11.27-11.26.51:557][570]LogModuleManager: Shutting down and abandoning module SessionFrontend (160)
[2016.11.27-11.26.51:568][570]LogModuleManager: Shutting down and abandoning module ProfilerClient (159)
[2016.11.27-11.26.51:589][570]LogModuleManager: Shutting down and abandoning module TargetDeviceServices (158)
[2016.11.27-11.26.51:589][570]LogModuleManager: Shutting down and abandoning module DeviceManager (157)
[2016.11.27-11.26.51:641][570]LogModuleManager: Shutting down and abandoning module AutomationController (156)
[2016.11.27-11.26.51:650][570]LogModuleManager: Shutting down and abandoning module AutomationWindow (155)
[2016.11.27-11.26.51:656][570]LogModuleManager: Shutting down and abandoning module Layers (154)
[2016.11.27-11.26.51:677][570]LogModuleManager: Shutting down and abandoning module ComponentVisualizers (153)
[2016.11.27-11.26.51:677][570]LogModuleManager: Shutting down and abandoning module DetailCustomizations (152)
[2016.11.27-11.26.51:677][570]LogModuleManager: Shutting down and abandoning module PackagesDialog (151)
[2016.11.27-11.26.51:688][570]LogModuleManager: Shutting down and abandoning module Persona (150)
[2016.11.27-11.26.51:711][570]LogModuleManager: Shutting down and abandoning module Kismet (149)
[2016.11.27-11.26.51:711][570]LogModuleManager: Shutting down and abandoning module GraphEditor (148)
[2016.11.27-11.26.51:737][570]LogModuleManager: Shutting down and abandoning module ClassViewer (147)
[2016.11.27-11.26.51:757][570]LogModuleManager: Shutting down and abandoning module Toolbox (146)
[2016.11.27-11.26.51:757][570]LogModuleManager: Shutting down and abandoning module ModuleUI (145)
[2016.11.27-11.26.51:769][570]LogModuleManager: Shutting down and abandoning module MovieSceneTools (144)
[2016.11.27-11.26.51:776][570]LogModuleManager: Shutting down and abandoning module OutputLog (143)
[2016.11.27-11.26.51:777][570]LogModuleManager: Shutting down and abandoning module GammaUI (142)
[2016.11.27-11.26.51:783][570]LogModuleManager: Shutting down and abandoning module Documentation (141)
[2016.11.27-11.26.51:783][570]LogModuleManager: Shutting down and abandoning module StreamingPauseRendering (140)
[2016.11.27-11.26.51:783][570]LogModuleManager: Shutting down and abandoning module AnalyticsET (139)
[2016.11.27-11.26.51:783][570]LogModuleManager: Shutting down and abandoning module Analytics (138)
[2016.11.27-11.26.51:783][570]LogModuleManager: Shutting down and abandoning module PortalServices (137)
[2016.11.27-11.26.51:783][570]LogModuleManager: Shutting down and abandoning module PortalRpc (136)
[2016.11.27-11.26.51:783][570]LogModuleManager: Shutting down and abandoning module MessagingRpc (135)
[2016.11.27-11.26.51:783][570]LogModuleManager: Shutting down and abandoning module GameplayDebugger (134)
[2016.11.27-11.26.51:783][570]LogModuleManager: Shutting down and abandoning module AITestSuite (133)
[2016.11.27-11.26.51:783][570]LogModuleManager: Shutting down and abandoning module AIModule (132)
[2016.11.27-11.26.51:783][570]LogModuleManager: Shutting down and abandoning module ProfilerService (131)
[2016.11.27-11.26.51:862][570]LogModuleManager: Shutting down and abandoning module TaskGraph (130)
[2016.11.27-11.26.51:867][570]LogModuleManager: Shutting down and abandoning module SlateRemote (129)
[2016.11.27-11.26.51:867][570]LogModuleManager: Shutting down and abandoning module SteamVRController (128)
[2016.11.27-11.26.51:867][570]LogModuleManager: Shutting down and abandoning module SteamVR (127)
[2016.11.27-11.26.51:867][570]LogModuleManager: Shutting down and abandoning module ProceduralMeshComponent (126)
[2016.11.27-11.26.51:867][570]LogModuleManager: Shutting down and abandoning module OculusLibrary (125)
[2016.11.27-11.26.51:867][570]LogModuleManager: Shutting down and abandoning module OculusInput (124)
[2016.11.27-11.26.51:867][570]LogModuleManager: Shutting down and abandoning module CustomMeshComponent (123)
[2016.11.27-11.26.51:867][570]LogModuleManager: Shutting down and abandoning module CableComponent (122)
[2016.11.27-11.26.51:867][570]LogModuleManager: Shutting down and abandoning module ArchVisCharacter (121)
[2016.11.27-11.26.51:867][570]LogModuleManager: Shutting down and abandoning module MediaPlayerEditor (120)
[2016.11.27-11.26.51:880][570]LogModuleManager: Shutting down and abandoning module HTML5Networking (119)
[2016.11.27-11.26.51:880][570]LogModuleManager: Shutting down and abandoning module SuperSearch (118)
[2016.11.27-11.26.51:880][570]LogModuleManager: Shutting down and abandoning module SuperSearchEditor (117)
[2016.11.27-11.26.51:880][570]LogModuleManager: Shutting down and abandoning module SpeedTreeImporter (116)
[2016.11.27-11.26.51:880][570]LogModuleManager: Shutting down and abandoning module PluginBrowser (115)
[2016.11.27-11.26.51:880][570]LogModuleManager: Shutting down and abandoning module EpicSurvey (114)
[2016.11.27-11.26.51:880][570]LogModuleManager: Shutting down and abandoning module DesktopPlatform (113)
[2016.11.27-11.26.51:891][570]LogModuleManager: Shutting down and abandoning module VisualStudioSourceCodeAccess (112)
[2016.11.27-11.26.51:891][570]LogModuleManager: Shutting down and abandoning module UObjectPlugin (111)
[2016.11.27-11.26.51:891][570]LogModuleManager: Shutting down and abandoning module SubversionSourceControl (110)
[2016.11.27-11.26.51:891][570]LogModuleManager: Shutting down and abandoning module PerforceSourceControl (109)
[2016.11.27-11.26.51:891][570]LogModuleManager: Shutting down and abandoning module SourceControl (108)
[2016.11.27-11.26.51:895][570]LogModuleManager: Shutting down and abandoning module GitSourceControl (107)
[2016.11.27-11.26.51:895][570]LogModuleManager: Shutting down and abandoning module LightPropagationVolumeEditor (106)
[2016.11.27-11.26.51:895][570]LogModuleManager: Shutting down and abandoning module PaperTiledImporter (105)
[2016.11.27-11.26.51:895][570]LogModuleManager: Shutting down and abandoning module PaperSpriteSheetImporter (104)
[2016.11.27-11.26.51:895][570]LogModuleManager: Shutting down and abandoning module MeshPaint (103)
[2016.11.27-11.26.51:895][570]LogModuleManager: Shutting down and abandoning module PixelInspectorModule (102)
[2016.11.27-11.26.51:895][570]LogModuleManager: Shutting down and abandoning module HotReload (101)
[2016.11.27-11.26.51:895][570]LogModuleManager: Shutting down and abandoning module MainFrame (100)
[2016.11.27-11.26.51:895][570]LogModuleManager: Shutting down and abandoning module LevelEditor (99)
[2016.11.27-11.26.51:896][570]LogModuleManager: Shutting down and abandoning module ContentBrowser (98)
[2016.11.27-11.26.51:897][570]LogModuleManager: Shutting down and abandoning module Paper2DEditor (97)
[2016.11.27-11.26.51:900][570]LogModuleManager: Shutting down and abandoning module UdpMessaging (96)
[2016.11.27-11.26.52:001][570]LogModuleManager: Shutting down and abandoning module LightPropagationVolumeRuntime (95)
[2016.11.27-11.26.52:001][570]LogModuleManager: Shutting down and abandoning module Paper2D (94)
[2016.11.27-11.26.52:001][570]LogModuleManager: Shutting down and abandoning module WindowsMoviePlayer (93)
[2016.11.27-11.26.52:001][570]LogModuleManager: Shutting down and abandoning module Media (92)
[2016.11.27-11.26.52:001][570]LogModuleManager: Shutting down and abandoning module WmfMedia (91)
[2016.11.27-11.26.52:001][570]LogModuleManager: Shutting down and abandoning module MediaAssets (90)
[2016.11.27-11.26.52:001][570]LogModuleManager: Shutting down and abandoning module GameLiveStreaming (89)
[2016.11.27-11.26.52:001][570]LogModuleManager: Shutting down and abandoning module GameplayTagsEditor (88)
[2016.11.27-11.26.52:001][570]LogModuleManager: Shutting down and abandoning module OnlineBlueprintSupport (87)
[2016.11.27-11.26.52:001][570]LogModuleManager: Shutting down and abandoning module VREditor (86)
[2016.11.27-11.26.52:005][570]LogModuleManager: Shutting down and abandoning module GameplayTasksEditor (85)
[2016.11.27-11.26.52:005][570]LogModuleManager: Shutting down and abandoning module PropertyEditor (84)
[2016.11.27-11.26.52:005][570]LogModuleManager: Shutting down and abandoning module BehaviorTreeEditor (83)
[2016.11.27-11.26.52:013][570]LogModuleManager: Shutting down and abandoning module FunctionalTesting (82)
[2016.11.27-11.26.52:023][570]LogModuleManager: Shutting down and abandoning module CollisionAnalyzer (81)
[2016.11.27-11.26.52:028][570]LogModuleManager: Shutting down and abandoning module Sequencer (80)
[2016.11.27-11.26.52:045][570]LogModuleManager: Shutting down and abandoning module WorkspaceMenuStructure (79)
[2016.11.27-11.26.52:045][570]LogModuleManager: Shutting down and abandoning module MessageLog (78)
[2016.11.27-11.26.52:055][570]LogModuleManager: Shutting down and abandoning module AssetTools (77)
[2016.11.27-11.26.52:083][570]LogModuleManager: Shutting down and abandoning module UMGEditor (76)
[2016.11.27-11.26.52:101][570]LogModuleManager: Shutting down and abandoning module UMG (75)
[2016.11.27-11.26.52:101][570]LogModuleManager: Shutting down and abandoning module SlateReflector (74)
[2016.11.27-11.26.52:111][570]LogModuleManager: Shutting down and abandoning module Slate (73)
[2016.11.27-11.26.52:111][570]LogModuleManager: Shutting down and abandoning module EditorStyle (72)
[2016.11.27-11.26.52:114][570]LogModuleManager: Shutting down and abandoning module SourceCodeAccess (71)
[2016.11.27-11.26.52:114][570]LogModuleManager: Shutting down and abandoning module HeadMountedDisplay (70)
[2016.11.27-11.26.52:114][570]LogModuleManager: Shutting down and abandoning module XAudio2 (69)
[2016.11.27-11.26.52:114][570]LogModuleManager: Shutting down and abandoning module Networking (68)
[2016.11.27-11.26.52:114][570]LogModuleManager: Shutting down and abandoning module Core (67)
[2016.11.27-11.26.52:114][570]LogModuleManager: Shutting down and abandoning module DirectoryWatcher (66)
[2016.11.27-11.26.52:115][570]LogModuleManager: Shutting down and abandoning module AssetRegistry (65)
[2016.11.27-11.26.52:208][570]LogModuleManager: Shutting down and abandoning module KismetCompiler (64)
[2016.11.27-11.26.52:208][570]LogModuleManager: Shutting down and abandoning module PhysXFormats (63)
[2016.11.27-11.26.52:208][570]LogModuleManager: Shutting down and abandoning module MeshUtilities (62)
[2016.11.27-11.26.52:219][570]LogModuleManager: Shutting down and abandoning module DerivedDataCache (61)
[2016.11.27-11.26.52:286][570]LogDerivedDataCache: Shutdown
[2016.11.27-11.26.52:286][570]LogModuleManager: Shutting down and abandoning module VulkanShaderFormat (60)
[2016.11.27-11.26.52:286][570]LogModuleManager: Shutting down and abandoning module ShaderFormatOpenGL (59)
[2016.11.27-11.26.52:298][570]LogModuleManager: Shutting down and abandoning module ShaderFormatD3D (58)
[2016.11.27-11.26.52:298][570]LogModuleManager: Shutting down and abandoning module MetalShaderFormat (57)
[2016.11.27-11.26.52:307][570]LogModuleManager: Shutting down and abandoning module TextureFormatUncompressed (56)
[2016.11.27-11.26.52:307][570]LogModuleManager: Shutting down and abandoning module TextureFormatPVR (55)
[2016.11.27-11.26.52:307][570]LogModuleManager: Shutting down and abandoning module TextureFormatIntelISPCTexComp (54)
[2016.11.27-11.26.52:307][570]LogModuleManager: Shutting down and abandoning module TextureFormatDXT (53)
[2016.11.27-11.26.52:307][570]LogModuleManager: Shutting down and abandoning module ImageWrapper (52)
[2016.11.27-11.26.52:307][570]LogModuleManager: Shutting down and abandoning module TextureFormatASTC (51)
[2016.11.27-11.26.52:307][570]LogModuleManager: Shutting down and abandoning module TextureFormatAndroid (50)
[2016.11.27-11.26.52:307][570]LogModuleManager: Shutting down and abandoning module AudioFormatOpus (49)
[2016.11.27-11.26.52:307][570]LogModuleManager: Shutting down and abandoning module AudioFormatOgg (48)
[2016.11.27-11.26.52:307][570]LogModuleManager: Shutting down and abandoning module AudioFormatADPCM (47)
[2016.11.27-11.26.52:307][570]LogModuleManager: Shutting down and abandoning module LinuxTargetPlatform (46)
[2016.11.27-11.26.52:307][570]LogModuleManager: Shutting down and abandoning module LinuxServerTargetPlatform (45)
[2016.11.27-11.26.52:307][570]LogModuleManager: Shutting down and abandoning module LinuxNoEditorTargetPlatform (44)
[2016.11.27-11.26.52:307][570]LogModuleManager: Shutting down and abandoning module TVOSTargetPlatform (43)
[2016.11.27-11.26.52:307][570]LogModuleManager: Shutting down and abandoning module Messaging (42)
[2016.11.27-11.26.52:307][570]LogModuleManager: Shutting down and abandoning module IOSTargetPlatform (41)
[2016.11.27-11.26.52:307][570]LogModuleManager: Shutting down and abandoning module HTML5TargetPlatform (40)
[2016.11.27-11.26.52:307][570]LogModuleManager: Shutting down and abandoning module Android_PVRTCTargetPlatform (39)
[2016.11.27-11.26.52:307][570]LogModuleManager: Shutting down and abandoning module Android_MultiTargetPlatform (38)
[2016.11.27-11.26.52:307][570]LogModuleManager: Shutting down and abandoning module Android_ETC2TargetPlatform (37)
[2016.11.27-11.26.52:307][570]LogModuleManager: Shutting down and abandoning module Android_ETC1TargetPlatform (36)
[2016.11.27-11.26.52:307][570]LogModuleManager: Shutting down and abandoning module Android_DXTTargetPlatform (35)
[2016.11.27-11.26.52:307][570]LogModuleManager: Shutting down and abandoning module Android_ATCTargetPlatform (34)
[2016.11.27-11.26.52:307][570]LogModuleManager: Shutting down and abandoning module Android_ASTCTargetPlatform (33)
[2016.11.27-11.26.52:307][570]LogModuleManager: Shutting down and abandoning module AndroidTargetPlatform (32)
[2016.11.27-11.26.52:307][570]LogModuleManager: Shutting down and abandoning module WindowsTargetPlatform (31)
[2016.11.27-11.26.52:307][570]LogModuleManager: Shutting down and abandoning module WindowsServerTargetPlatform (30)
[2016.11.27-11.26.52:307][570]LogModuleManager: Shutting down and abandoning module WindowsNoEditorTargetPlatform (29)
[2016.11.27-11.26.52:307][570]LogModuleManager: Shutting down and abandoning module WindowsClientTargetPlatform (28)
[2016.11.27-11.26.52:307][570]LogModuleManager: Shutting down and abandoning module AllDesktopTargetPlatform (27)
[2016.11.27-11.26.52:307][570]LogModuleManager: Shutting down and abandoning module TargetPlatform (26)
[2016.11.27-11.26.52:307][570]LogModuleManager: Shutting down and abandoning module InputCore (25)
[2016.11.27-11.26.52:307][570]LogModuleManager: Shutting down and abandoning module Settings (24)
[2016.11.27-11.26.52:307][570]LogModuleManager: Shutting down and abandoning module Voice (22)
[2016.11.27-11.26.52:307][570]LogModuleManager: Shutting down and abandoning module OnlineSubsystem (19)
[2016.11.27-11.26.52:307][570]LogOnline:Display: NULL: FOnlineSubsystemNull::Shutdown()
[2016.11.27-11.26.52:308][570]LogOnline:Display: Unloading online subsystem: NULL
[2016.11.27-11.26.52:308][570]LogModuleManager: Shutting down and abandoning module HTTP (18)
[2016.11.27-11.26.56:818][570]LogModuleManager: Shutting down and abandoning module XMPP (17)
[2016.11.27-11.26.56:840][570]LogModuleManager: Shutting down and abandoning module OculusRift (16)
[2016.11.27-11.26.56:892][570]LogModuleManager: Shutting down and abandoning module ExampleDeviceProfileSelector (15)
[2016.11.27-11.26.56:892][570]LogModuleManager: Shutting down and abandoning module TextureCompressor (14)
[2016.11.27-11.26.56:912][570]LogModuleManager: Shutting down and abandoning module ShaderCore (13)
[2016.11.27-11.26.56:912][570]LogModuleManager: Shutting down and abandoning module Landscape (12)
[2016.11.27-11.26.56:912][570]LogModuleManager: Shutting down and abandoning module SlateRHIRenderer (11)
[2016.11.27-11.26.56:918][570]LogModuleManager: Shutting down and abandoning module OpenGLDrv (10)
[2016.11.27-11.26.56:929][570]LogModuleManager: Shutting down and abandoning module D3D11RHI (9)
[2016.11.27-11.26.56:929][570]LogModuleManager: Shutting down and abandoning module AnimGraphRuntime (8)
[2016.11.27-11.26.56:929][570]LogModuleManager: Shutting down and abandoning module Renderer (7)
[2016.11.27-11.26.56:929][570]LogModuleManager: Shutting down and abandoning module Engine (6)
[2016.11.27-11.26.56:929][570]LogModuleManager: Shutting down and abandoning module CoreUObject (5)
[2016.11.27-11.26.56:929][570]LogModuleManager: Shutting down and abandoning module NetworkFile (4)
[2016.11.27-11.26.56:968][570]LogModuleManager: Shutting down and abandoning module StreamingFile (3)
[2016.11.27-11.26.56:968][570]LogModuleManager: Shutting down and abandoning module SandboxFile (2)
[2016.11.27-11.26.56:974][570]LogModuleManager: Shutting down and abandoning module PakFile (1)
[2016.11.27-11.26.56:991][570]LogExit: Exiting.
[2016.11.27-11.26.56:993][570]Log file closed, 11/27/16 20:26:56
