Log file open, 11/13/16 19:30:23
LogInit:Display: Running engine for game: UNNAMED
LogPlatformFile: Not using cached read wrapper
LogInit:Display: RandInit(1942430517) SRandInit(1942430518).
LogTaskGraph: Started task graph with 4 named threads and 7 total threads with 1 sets of task threads.
LogStats: Stats thread started at 0.095241
LogInit: Version: 4.12.5-3039270+++UE4+Release-4.12
LogInit: API Version: 2992821
LogInit: Net Version: 3039270
LogDevObjectVersion: Number of dev versions registered: 13
LogDevObjectVersion:   Dev-Blueprints (B0D832E4-1F89-4F0D-ACCF-7EB736FD4AA2): 3
LogDevObjectVersion:   Dev-Build (E1C64328-A22C-4D53-A36C-8E866417BD8C): 0
LogDevObjectVersion:   Dev-Core (375EC13C-06E4-48FB-B500-84F0262A717E): 1
LogDevObjectVersion:   Dev-Editor (E4B068ED-F494-42E9-A231-DA0B2E46BB41): 2
LogDevObjectVersion:   Dev-Framework (CFFC743F-43B0-4480-9391-14DF171D2073): 6
LogDevObjectVersion:   Dev-Mobile (B02B49B5-BB20-44E9-A304-32B752E40360): 0
LogDevObjectVersion:   Dev-Networking (A4E4105C-59A1-49B5-A7C5-40C4547EDFEE): 0
LogDevObjectVersion:   Dev-Online (39C831C9-5AE6-47DC-9A44-9C173E1C8E7C): 0
LogDevObjectVersion:   Dev-Physics (78F01B33-EBEA-4F98-B9B4-84EACCB95AA2): 0
LogDevObjectVersion:   Dev-Platform (6631380F-2D4D-43E0-8009-CF276956A95A): 0
LogDevObjectVersion:   Dev-Rendering (12F88B9F-8875-4AFC-A67C-D90C383ABD29): 2
LogDevObjectVersion:   Dev-Sequencer (7B5AE74C-D270-4C10-A958-57980B212A5A): 0
LogDevObjectVersion:   Dev-VR (D7296918-1DD6-4BDD-9DE2-64A83CC13884): 0
LogInit: Compiled (64-bit): Jul  6 2016 09:09:46
LogInit: Compiled with Visual C++: 19.00.23026.00
LogInit: Build Configuration: Development
LogInit: Branch Name: ++UE4+Release-4.12
LogInit: Command line:  /Temp/Autosaves/Game/Map/UEDPCThirdPersonExampleMap -game -PIEVIACONSOLE -ResX=1280 -ResY=720  -Multiprocess -windowed -messaging -SessionName="Play in Standalone Game" 
LogInit: Base directory: C:/Program Files (x86)/Epic Games/4.12/Engine/Binaries/Win64/
LogInit: Installed Engine Build: 1
LogFileManager:Warning: Error deleting file: ../../../../../../Users/jcy/Documents/GitHub/UNNAMED/UNNAMED/Saved/Logs/UNNAMED.log (Error Code 32)
LogInit: Using libcurl 7.41.0
LogInit:  - built for x86_64-pc-win32
LogInit:  - supports SSL with WinSSL
LogInit:  - other features:
LogInit:      CURL_VERSION_SSL
LogInit:      CURL_VERSION_IPV6
LogInit:      CURL_VERSION_ASYNCHDNS
LogInit:      CURL_VERSION_LARGEFILE
LogInit:      CURL_VERSION_IDN
LogInit:  CurlRequestOptions (configurable via config and command line):
LogInit:  - bVerifyPeer = true  - Libcurl will verify peer certificate
LogInit:  - bUseHttpProxy = false  - Libcurl will NOT use HTTP proxy
LogInit:  - bDontReuseConnections = false  - Libcurl will reuse connections
LogInit:  - CertBundlePath = nullptr  - Libcurl will use whatever was configured at build time.
LogModuleManager:Warning: No filename provided for module OnlineSubsystemLAN
LogModuleManager:Warning: ModuleManager: Unable to load module 'OnlineSubsystemLAN' because the file 'C:/Program Files (x86)/Epic Games/4.12/Engine/Binaries/Win64/' was not found.
LogInit: WinSock: version 1.1 (2.2), MaxSocks=32767, MaxUdp=65467
LogVoice:Warning: Failed to initialize voice interface
LogInit: Presizing for max 8388607 objects, including 0 objects not considered by GC, pre-allocating 0 bytes for permanent pool.
LogInit: Object subsystem initialized
[2016.11.13-10.30.23:406][  0]LogInit: Selected Device Profile: [Windows]
[2016.11.13-10.30.23:406][  0]LogInit: Applying CVar settings loaded from the selected device profile: [Windows]
[2016.11.13-10.30.23:410][  0]LogInit: Computer: DESKTOP-5I3HB32
[2016.11.13-10.30.23:410][  0]LogInit: User: jcy
[2016.11.13-10.30.23:410][  0]LogInit: CPU Page size=65536, Cores=4
[2016.11.13-10.30.23:410][  0]LogInit: High frequency timer resolution =2.533196 MHz
[2016.11.13-10.30.23:411][  0]LogMemory: Memory total: Physical=7.9GB (8GB approx)
[2016.11.13-10.30.23:411][  0]LogMemory: Platform Memory Stats for Windows
[2016.11.13-10.30.23:411][  0]LogMemory: Process Physical Memory: 191.36 MB used, 191.36 MB peak
[2016.11.13-10.30.23:411][  0]LogMemory: Process Virtual Memory: 195.46 MB used, 195.46 MB peak
[2016.11.13-10.30.23:411][  0]LogMemory: Physical Memory: 5060.39 MB used, 8113.86 MB total
[2016.11.13-10.30.23:411][  0]LogMemory: Virtual Memory: 555.32 MB used, 134217728.00 MB total
[2016.11.13-10.30.23:892][  0]LogD3D11RHI: D3D11 adapters:
[2016.11.13-10.30.24:477][  0]LogD3D11RHI:    0. 'NVIDIA GeForce GTX 960M' (Feature Level 11_0)
[2016.11.13-10.30.24:477][  0]LogD3D11RHI:       2018/0/4056 MB DedicatedVideo/DedicatedSystem/SharedSystem, Outputs:2, VendorId:0x10de
[2016.11.13-10.30.24:484][  0]LogD3D11RHI:    1. 'Intel(R) HD Graphics 4600' (Feature Level 11_0)
[2016.11.13-10.30.24:484][  0]LogD3D11RHI:       112/0/2048 MB DedicatedVideo/DedicatedSystem/SharedSystem, Outputs:0, VendorId:0x8086
[2016.11.13-10.30.24:486][  0]LogD3D11RHI:    2. 'Microsoft Basic Render Driver' (Feature Level 11_0)
[2016.11.13-10.30.24:486][  0]LogD3D11RHI:       0/0/4056 MB DedicatedVideo/DedicatedSystem/SharedSystem, Outputs:0, VendorId:0x1414
[2016.11.13-10.30.24:486][  0]LogD3D11RHI: Chosen D3D11 Adapter: 0
[2016.11.13-10.30.24:492][  0]LogD3D11RHI: Creating new Direct3DDevice
[2016.11.13-10.30.24:492][  0]LogD3D11RHI:     GPU DeviceId: 0x139b (for the marketing name, search the web for "GPU Device Id")
[2016.11.13-10.30.24:492][  0]LogWindows: EnumDisplayDevices:
[2016.11.13-10.30.24:492][  0]LogWindows:    0. 'Intel(R) HD Graphics 4600' (P:1 D:1)
[2016.11.13-10.30.24:492][  0]LogWindows:    1. 'Intel(R) HD Graphics 4600' (P:0 D:1)
[2016.11.13-10.30.24:492][  0]LogWindows:    2. 'Intel(R) HD Graphics 4600' (P:0 D:0)
[2016.11.13-10.30.24:492][  0]LogWindows: DebugString: PrimaryIsNotTheChoosenAdapter PrimaryIsNotTheChoosenAdapter PrimaryIsNotTheChoosenAdapter FoundDriverCount:0 
[2016.11.13-10.30.24:492][  0]LogD3D11RHI:     Adapter Name: NVIDIA GeForce GTX 960M
[2016.11.13-10.30.24:492][  0]LogD3D11RHI:   Driver Version: Unknown (internal:Unknown, unified:Unknown)
[2016.11.13-10.30.24:492][  0]LogD3D11RHI:      Driver Date: Unknown
[2016.11.13-10.30.24:492][  0]LogRHI: Texture pool is 1361 MB (70% of 1945 MB)
[2016.11.13-10.30.25:027][  0]LogD3D11RHI: Async texture creation enabled
[2016.11.13-10.30.25:067][  0]LogD3D11RHI: GPU Timing Frequency: 1000.000000 (Debug: 2 1)
[2016.11.13-10.30.25:067][  0]LogShaderCompilers: Guid format shader working directory is -16 characters bigger than the processId version (../../../../../../Users/jcy/Documents/GitHub/UNNAMED/UNNAMED/Intermediate/Shaders/WorkingDirectory/9708/).
[2016.11.13-10.30.25:067][  0]LogShaderCompilers: Cleaned the shader compiler working directory 'C:/Users/jcy/AppData/Local/Temp/UnrealShaderWorkingDir/437EEF9B4895C66E6B34C3B654C192C7/'.
[2016.11.13-10.30.25:067][  0]LogShaderCompilers:Display: Using Local Shader Compiler.
[2016.11.13-10.30.26:105][  0]LogTemp:Display: Loaded TP WindowsClientTargetPlatform
[2016.11.13-10.30.26:118][  0]LogTemp:Display: Loaded TP WindowsNoEditorTargetPlatform
[2016.11.13-10.30.26:131][  0]LogTemp:Display: Loaded TP WindowsServerTargetPlatform
[2016.11.13-10.30.26:146][  0]LogTemp:Display: Loaded TP WindowsTargetPlatform
[2016.11.13-10.30.26:146][  0]LogTargetPlatformManager:Display: Building Assets For Windows
[2016.11.13-10.30.26:269][  0]LogDerivedDataCache:Display: Max Cache Size: 512 MB
[2016.11.13-10.30.26:284][  0]LogDerivedDataCache: Loaded boot cache 0.01s 12MB C:/Users/jcy/AppData/Local/UnrealEngine/4.12/DerivedDataCache/Boot.ddc.
[2016.11.13-10.30.26:284][  0]LogDerivedDataCache:Display: Loaded Boot cache: C:/Users/jcy/AppData/Local/UnrealEngine/4.12/DerivedDataCache/Boot.ddc
[2016.11.13-10.30.26:284][  0]LogDerivedDataCache: FDerivedDataBackendGraph:  Pak pak cache file ../../../../../../Users/jcy/Documents/GitHub/UNNAMED/UNNAMED/DerivedDataCache/DDC.ddp not found, will not use a pak cache.
[2016.11.13-10.30.26:284][  0]LogDerivedDataCache: Unable to find inner node Pak for hierarchical cache Hierarchy.
[2016.11.13-10.30.26:284][  0]LogDerivedDataCache: FDerivedDataBackendGraph:  CompressedPak pak cache file ../../../../../../Users/jcy/Documents/GitHub/UNNAMED/UNNAMED/DerivedDataCache/Compressed.ddp not found, will not use a pak cache.
[2016.11.13-10.30.26:284][  0]LogDerivedDataCache: Unable to find inner node CompressedPak for hierarchical cache Hierarchy.
[2016.11.13-10.30.26:303][  0]LogDerivedDataCache:Display: Pak cache opened for reading ../../../Engine/DerivedDataCache/Compressed.ddp.
[2016.11.13-10.30.26:316][  0]LogDerivedDataCache: Using Local data cache path C:/Users/jcy/AppData/Local/UnrealEngine/Common/DerivedDataCache: Writable
[2016.11.13-10.30.26:558][  0]LogAssetRegistry: FAssetRegistry took 0.0001 seconds to start up
[2016.11.13-10.30.26:560][  0]LogPackageLocalizationCache: Processed 3 localized package path(s) for 1 prioritized culture(s) in 0.002645 seconds
[2016.11.13-10.30.26:564][  0]LogInit: Selected Device Profile: [Windows]
[2016.11.13-10.30.26:565][  0]LogContentStreaming: Texture pool size is 1000.00 MB
[2016.11.13-10.30.26:739][  0]LogMeshUtilities: No automatic mesh reduction module available
[2016.11.13-10.30.26:739][  0]LogMeshUtilities: No automatic mesh merging module available
[2016.11.13-10.30.26:739][  0]LogMeshUtilities: No distributed automatic mesh merging module available
[2016.11.13-10.30.27:248][  0]LogSlate: SlateFontCache - WITH_FREETYPE: 1, WITH_HARFBUZZ: 1
[2016.11.13-10.30.27:248][  0]LogSlate: SlateFontCache - WITH_FREETYPE: 1, WITH_HARFBUZZ: 1
[2016.11.13-10.30.27:354][  0]LogMoviePlayer: Initializing movie player
[2016.11.13-10.30.27:442][  0]LogWindowsMoviePlayer: Unable to load movie: ../../../../../../Users/jcy/Documents/GitHub/UNNAMED/UNNAMED/Content/Movies/Default_Startup.mp4
[2016.11.13-10.30.27:559][  0]LogUdpMessaging: Initializing bridge on interface 0.0.0.0:0 to multicast group 230.0.0.1:6666.
[2016.11.13-10.30.27:643][  0]SourceControl: Info Source control is disabled
[2016.11.13-10.30.27:643][  0]SourceControl: Info Source control is disabled
[2016.11.13-10.30.27:661][  0]SourceControl: Info Source control is disabled
[2016.11.13-10.30.27:876][  0]LogUObjectArray: 30985 objects as part of root set at end of initial load.
[2016.11.13-10.30.27:876][  0]LogUObjectAllocator: 6717232 out of 0 bytes used by permanent object pool.
[2016.11.13-10.30.27:876][  0]LogUObjectArray: CloseDisregardForGC: 0/0 objects in disregard for GC pool
[2016.11.13-10.30.27:937][  0]LogEngine: Initializing Engine...
[2016.11.13-10.30.27:938][  0]LogHMD: SteamVR failed to initialize.  Err: 110
[2016.11.13-10.30.27:939][  0]LogHMD: SteamVR failed to initialize.  Err: 110
[2016.11.13-10.30.28:129][  0]LogInit: XAudio2 using '스피커(Realtek High Definition Audio)' : 2 channels at 48 kHz using 32 bits per sample (channel mask 0x3)
[2016.11.13-10.30.28:166][  0]LogInit: FAudioDevice initialized.
[2016.11.13-10.30.28:175][  0]LogInit: Texture streaming: Enabled
[2016.11.13-10.30.28:286][  0]LogNet: Browse: /Temp/Autosaves/Game/Map/UEDPCThirdPersonExampleMap?Name=Player
[2016.11.13-10.30.28:287][  0]LogLoad: LoadMap: /Temp/Autosaves/Game/Map/UEDPCThirdPersonExampleMap?Name=Player
[2016.11.13-10.30.28:305][  0]LogMemory: Platform Memory Stats for Windows
[2016.11.13-10.30.28:305][  0]LogMemory: Process Physical Memory: 602.12 MB used, 602.12 MB peak
[2016.11.13-10.30.28:305][  0]LogMemory: Process Virtual Memory: 664.93 MB used, 664.93 MB peak
[2016.11.13-10.30.28:305][  0]LogMemory: Physical Memory: 5435.73 MB used, 8113.86 MB total
[2016.11.13-10.30.28:306][  0]LogMemory: Virtual Memory: 1283.29 MB used, 134217728.00 MB total
[2016.11.13-10.30.28:306][  0]LogMemory: 
[2016.11.13-10.30.28:306][  0]Allocator Stats for TBB: (not implemented)
[2016.11.13-10.30.28:459][  0]LogBlueprint:Warning: Compiler Warning Can't connect pins  Object  and  ReturnValue : This cast has an invalid target type (was the class deleted without a redirect?).
[2016.11.13-10.30.28:459][  0]LogBlueprint:Warning: Compiler Warning Can't connect pins  ReturnValue  and  Object : This cast has an invalid target type (was the class deleted without a redirect?).
[2016.11.13-10.30.28:460][  0]LogBlueprint:Error: Compiler Error This blueprint (self) is not compatible with ' Target ', therefore that pin must have a connection.
[2016.11.13-10.30.28:518][  0]LogBlueprint:Error: Compiler Error Could not find a function named "CollectChat" in 'playercon'.
Make sure 'playercon' has been compiled for  CollectChat 
[2016.11.13-10.30.28:522][  0]LogBlueprint:Warning: Compiler Warning [0006.08] Compile of playercon failed. 2 Fatal Issue(s) 2 Warning(s) [in 64 ms] (/Game/BP/playercon.playercon)
[2016.11.13-10.30.28:523][  0]LogBlueprint:Warning: Compiler Warning [0006.08] Compile of playercon failed. 2 Fatal Issue(s) 3 Warning(s) [in 0 ms] (/Game/BP/playercon.playercon)
[2016.11.13-10.30.28:523][  0]LogBlueprint:Warning: Compiler Warning [0006.08] Compile of playercon failed. 2 Fatal Issue(s) 4 Warning(s) [in 0 ms] (/Game/BP/playercon.playercon)
[2016.11.13-10.30.29:040][  0]LogAIModule: Creating AISystem for world ThirdPersonExampleMap
[2016.11.13-10.30.29:040][  0]LogWorld: Game class is 'MyGameMode_C'
[2016.11.13-10.30.29:045][  0]LogWorld: Bringing World /Temp/Autosaves/Game/Map/UEDPCThirdPersonExampleMap.ThirdPersonExampleMap up for play (max tick rate 0) at 2016.11.13-19.30.29
[2016.11.13-10.30.29:045][  0]LogWorld: Bringing up level for play took: 0.004239
[2016.11.13-10.30.29:046][  0]LogSpawn:Warning: SpawnActor failed because no class was specified
[2016.11.13-10.30.29:048][  0]LogBlueprintUserMessages: [MyGameMode_C_0] 2
[2016.11.13-10.30.29:049][  0]LogBlueprintUserMessages: [MyGameMode_C_0] 씨발라라라라랄아아랑라
[2016.11.13-10.30.29:049][  0]LogLoad: Took 0.761922 seconds to LoadMap(/Temp/Autosaves/Game/Map/UEDPCThirdPersonExampleMap)
[2016.11.13-10.30.29:049][  0]LogInit:Display: Game Engine Initialized.
[2016.11.13-10.30.29:292][  0]LogLoad: Full Startup: 6.85 seconds (BP compile: 0.27 seconds)
[2016.11.13-10.30.29:292][  0]LogExternalProfiler: Found external profiler: VSPerf
[2016.11.13-10.30.29:292][  0]LogExternalProfiler: Using external profiler: VSPerf
[2016.11.13-10.30.29:311][  0]LogWindowsTextInputMethodSystem:Display: IME system now activated using TSF (Microsoft 입력기).
[2016.11.13-10.30.29:314][  0]LogOcInput: OculusInput pre-init called
[2016.11.13-10.30.29:378][  0]LogRenderer: Reallocating scene render targets to support 128x128 (Frame:1).
[2016.11.13-10.30.29:469][  1]LogRenderer: Reallocating scene render targets to support 1280x720 (Frame:2).
[2016.11.13-10.30.33:644][258]LogWindowsTextInputMethodSystem:Display: IME system now activated using TSF (Microsoft 입력기).
[2016.11.13-10.30.33:646][258]LogEngine: All Windows Closed
[2016.11.13-10.30.33:646][258]LogWindows: FPlatformMisc::RequestExit(0)
[2016.11.13-10.30.33:647][259]LogMoviePlayer: Shutting down movie player
[2016.11.13-10.30.33:946][259]LogExit: Preparing to exit.
[2016.11.13-10.30.34:719][259]LogExit: Game engine shut down
[2016.11.13-10.30.34:847][259]LogObj: Freed 0b from 0 cluster array pools.
[2016.11.13-10.30.34:847][259]LogExit: Object subsystem successfully closed.
[2016.11.13-10.30.34:862][259]LogD3D11RHI: Shutdown
[2016.11.13-10.30.34:862][259]LogD3D11RHI: CleanupD3DDevice
[2016.11.13-10.30.34:928][259]LogD3D11RHI: ~FD3D11DynamicRHI
[2016.11.13-10.30.34:942][259]LogModuleManager: Shutting down and abandoning module SequenceRecorderSections (115)
[2016.11.13-10.30.34:942][259]LogModuleManager: Shutting down and abandoning module SequenceRecorder (114)
[2016.11.13-10.30.34:942][259]LogModuleManager: Shutting down and abandoning module AutomationController (113)
[2016.11.13-10.30.34:942][259]LogModuleManager: Shutting down and abandoning module AutomationWorker (112)
[2016.11.13-10.30.34:942][259]LogModuleManager: Shutting down and abandoning module CharacterAI (111)
[2016.11.13-10.30.34:942][259]LogModuleManager: Shutting down and abandoning module SessionServices (110)
[2016.11.13-10.30.34:942][259]LogModuleManager: Shutting down and abandoning module GameplayDebugger (109)
[2016.11.13-10.30.34:942][259]LogModuleManager: Shutting down and abandoning module AITestSuite (108)
[2016.11.13-10.30.34:942][259]LogModuleManager: Shutting down and abandoning module AIModule (107)
[2016.11.13-10.30.34:942][259]LogModuleManager: Shutting down and abandoning module MovieSceneCapture (106)
[2016.11.13-10.30.34:942][259]LogModuleManager: Shutting down and abandoning module StreamingPauseRendering (105)
[2016.11.13-10.30.34:942][259]LogModuleManager: Shutting down and abandoning module PortalServices (104)
[2016.11.13-10.30.34:942][259]LogModuleManager: Shutting down and abandoning module PortalRpc (103)
[2016.11.13-10.30.34:942][259]LogModuleManager: Shutting down and abandoning module MessagingRpc (102)
[2016.11.13-10.30.34:942][259]LogModuleManager: Shutting down and abandoning module ProfilerService (101)
[2016.11.13-10.30.35:150][259]LogModuleManager: Shutting down and abandoning module TaskGraph (100)
[2016.11.13-10.30.35:150][259]LogModuleManager: Shutting down and abandoning module SlateRemote (99)
[2016.11.13-10.30.35:151][259]LogModuleManager: Shutting down and abandoning module SteamVRController (98)
[2016.11.13-10.30.35:151][259]LogModuleManager: Shutting down and abandoning module SteamVR (97)
[2016.11.13-10.30.35:151][259]LogModuleManager: Shutting down and abandoning module ProceduralMeshComponent (96)
[2016.11.13-10.30.35:151][259]LogModuleManager: Shutting down and abandoning module OculusLibrary (95)
[2016.11.13-10.30.35:151][259]LogModuleManager: Shutting down and abandoning module OculusInput (94)
[2016.11.13-10.30.35:151][259]LogModuleManager: Shutting down and abandoning module CustomMeshComponent (93)
[2016.11.13-10.30.35:151][259]LogModuleManager: Shutting down and abandoning module CableComponent (92)
[2016.11.13-10.30.35:151][259]LogModuleManager: Shutting down and abandoning module ArchVisCharacter (91)
[2016.11.13-10.30.35:151][259]LogModuleManager: Shutting down and abandoning module HTML5Networking (90)
[2016.11.13-10.30.35:151][259]LogModuleManager: Shutting down and abandoning module DesktopPlatform (89)
[2016.11.13-10.30.35:151][259]LogModuleManager: Shutting down and abandoning module DirectoryWatcher (88)
[2016.11.13-10.30.35:151][259]LogModuleManager: Shutting down and abandoning module HotReload (87)
[2016.11.13-10.30.35:151][259]LogModuleManager: Shutting down and abandoning module VisualStudioSourceCodeAccess (86)
[2016.11.13-10.30.35:151][259]LogModuleManager: Shutting down and abandoning module UObjectPlugin (85)
[2016.11.13-10.30.35:151][259]LogModuleManager: Shutting down and abandoning module SubversionSourceControl (84)
[2016.11.13-10.30.35:151][259]LogModuleManager: Shutting down and abandoning module SourceControl (83)
[2016.11.13-10.30.35:151][259]LogModuleManager: Shutting down and abandoning module PerforceSourceControl (82)
[2016.11.13-10.30.35:151][259]LogModuleManager: Shutting down and abandoning module UdpMessaging (81)
[2016.11.13-10.30.35:251][259]LogModuleManager: Shutting down and abandoning module LightPropagationVolumeRuntime (80)
[2016.11.13-10.30.35:251][259]LogModuleManager: Shutting down and abandoning module Paper2D (79)
[2016.11.13-10.30.35:251][259]LogModuleManager: Shutting down and abandoning module WindowsMoviePlayer (78)
[2016.11.13-10.30.35:251][259]LogModuleManager: Shutting down and abandoning module Media (77)
[2016.11.13-10.30.35:251][259]LogModuleManager: Shutting down and abandoning module WmfMedia (76)
[2016.11.13-10.30.35:252][259]LogModuleManager: Shutting down and abandoning module MediaAssets (75)
[2016.11.13-10.30.35:252][259]LogModuleManager: Shutting down and abandoning module GameLiveStreaming (74)
[2016.11.13-10.30.35:252][259]LogModuleManager: Shutting down and abandoning module GameplayTagsEditor (73)
[2016.11.13-10.30.35:252][259]LogModuleManager: Shutting down and abandoning module OnlineBlueprintSupport (72)
[2016.11.13-10.30.35:252][259]LogModuleManager: Shutting down and abandoning module VREditor (71)
[2016.11.13-10.30.35:252][259]LogModuleManager: Shutting down and abandoning module GameplayTasksEditor (70)
[2016.11.13-10.30.35:252][259]LogModuleManager: Shutting down and abandoning module PropertyEditor (69)
[2016.11.13-10.30.35:252][259]LogModuleManager: Shutting down and abandoning module BehaviorTreeEditor (68)
[2016.11.13-10.30.35:252][259]LogModuleManager: Shutting down and abandoning module FunctionalTesting (67)
[2016.11.13-10.30.35:252][259]LogModuleManager: Shutting down and abandoning module CollisionAnalyzer (66)
[2016.11.13-10.30.35:252][259]LogModuleManager: Shutting down and abandoning module Sequencer (65)
[2016.11.13-10.30.35:252][259]LogModuleManager: Shutting down and abandoning module WorkspaceMenuStructure (64)
[2016.11.13-10.30.35:252][259]LogModuleManager: Shutting down and abandoning module MessageLog (63)
[2016.11.13-10.30.35:252][259]LogModuleManager: Shutting down and abandoning module AssetTools (62)
[2016.11.13-10.30.35:252][259]LogModuleManager: Shutting down and abandoning module UMGEditor (61)
[2016.11.13-10.30.35:252][259]LogModuleManager: Shutting down and abandoning module UMG (60)
[2016.11.13-10.30.35:252][259]LogModuleManager: Shutting down and abandoning module SlateReflector (59)
[2016.11.13-10.30.35:252][259]LogModuleManager: Shutting down and abandoning module Slate (58)
[2016.11.13-10.30.35:252][259]LogModuleManager: Shutting down and abandoning module EditorStyle (57)
[2016.11.13-10.30.35:255][259]LogModuleManager: Shutting down and abandoning module Messaging (56)
[2016.11.13-10.30.35:255][259]LogModuleManager: Shutting down and abandoning module SourceCodeAccess (55)
[2016.11.13-10.30.35:255][259]LogModuleManager: Shutting down and abandoning module HeadMountedDisplay (54)
[2016.11.13-10.30.35:255][259]LogModuleManager: Shutting down and abandoning module XAudio2 (53)
[2016.11.13-10.30.35:255][259]LogModuleManager: Shutting down and abandoning module Networking (52)
[2016.11.13-10.30.35:255][259]LogModuleManager: Shutting down and abandoning module Core (51)
[2016.11.13-10.30.35:255][259]LogModuleManager: Shutting down and abandoning module KismetCompiler (50)
[2016.11.13-10.30.35:255][259]LogModuleManager: Shutting down and abandoning module PhysXFormats (49)
[2016.11.13-10.30.35:255][259]LogModuleManager: Shutting down and abandoning module MeshUtilities (48)
[2016.11.13-10.30.35:255][259]LogModuleManager: Shutting down and abandoning module AssetRegistry (47)
[2016.11.13-10.30.35:255][259]LogModuleManager: Shutting down and abandoning module DerivedDataCache (46)
[2016.11.13-10.30.35:313][259]LogDerivedDataCache: Shutdown
[2016.11.13-10.30.35:313][259]LogModuleManager: Shutting down and abandoning module VulkanShaderFormat (45)
[2016.11.13-10.30.35:313][259]LogModuleManager: Shutting down and abandoning module ShaderFormatOpenGL (44)
[2016.11.13-10.30.35:313][259]LogModuleManager: Shutting down and abandoning module ShaderFormatD3D (43)
[2016.11.13-10.30.35:314][259]LogModuleManager: Shutting down and abandoning module MetalShaderFormat (42)
[2016.11.13-10.30.35:314][259]LogModuleManager: Shutting down and abandoning module TextureFormatUncompressed (41)
[2016.11.13-10.30.35:314][259]LogModuleManager: Shutting down and abandoning module TextureFormatPVR (40)
[2016.11.13-10.30.35:314][259]LogModuleManager: Shutting down and abandoning module TextureFormatIntelISPCTexComp (39)
[2016.11.13-10.30.35:314][259]LogModuleManager: Shutting down and abandoning module TextureFormatDXT (38)
[2016.11.13-10.30.35:314][259]LogModuleManager: Shutting down and abandoning module ImageWrapper (37)
[2016.11.13-10.30.35:314][259]LogModuleManager: Shutting down and abandoning module TextureFormatASTC (36)
[2016.11.13-10.30.35:314][259]LogModuleManager: Shutting down and abandoning module TextureFormatAndroid (35)
[2016.11.13-10.30.35:314][259]LogModuleManager: Shutting down and abandoning module AudioFormatOpus (34)
[2016.11.13-10.30.35:314][259]LogModuleManager: Shutting down and abandoning module AudioFormatOgg (33)
[2016.11.13-10.30.35:314][259]LogModuleManager: Shutting down and abandoning module AudioFormatADPCM (32)
[2016.11.13-10.30.35:314][259]LogModuleManager: Shutting down and abandoning module WindowsTargetPlatform (31)
[2016.11.13-10.30.35:314][259]LogModuleManager: Shutting down and abandoning module WindowsServerTargetPlatform (30)
[2016.11.13-10.30.35:314][259]LogModuleManager: Shutting down and abandoning module WindowsNoEditorTargetPlatform (29)
[2016.11.13-10.30.35:314][259]LogModuleManager: Shutting down and abandoning module WindowsClientTargetPlatform (28)
[2016.11.13-10.30.35:314][259]LogModuleManager: Shutting down and abandoning module TargetPlatform (27)
[2016.11.13-10.30.35:314][259]LogModuleManager: Shutting down and abandoning module InputCore (26)
[2016.11.13-10.30.35:314][259]LogModuleManager: Shutting down and abandoning module Settings (25)
[2016.11.13-10.30.35:314][259]LogModuleManager: Shutting down and abandoning module Voice (23)
[2016.11.13-10.30.35:314][259]LogModuleManager: Shutting down and abandoning module OnlineSubsystem (19)
[2016.11.13-10.30.35:314][259]LogOnline:Display: NULL: FOnlineSubsystemNull::Shutdown()
[2016.11.13-10.30.35:314][259]LogOnline:Display: Unloading online subsystem: NULL
[2016.11.13-10.30.35:314][259]LogModuleManager: Shutting down and abandoning module HTTP (18)
[2016.11.13-10.30.35:314][259]LogModuleManager: Shutting down and abandoning module XMPP (17)
[2016.11.13-10.30.35:314][259]LogModuleManager: Shutting down and abandoning module OculusRift (16)
[2016.11.13-10.30.35:314][259]LogModuleManager: Shutting down and abandoning module ExampleDeviceProfileSelector (15)
[2016.11.13-10.30.35:314][259]LogModuleManager: Shutting down and abandoning module TextureCompressor (14)
[2016.11.13-10.30.35:315][259]LogModuleManager: Shutting down and abandoning module ShaderCore (13)
[2016.11.13-10.30.35:315][259]LogModuleManager: Shutting down and abandoning module Landscape (12)
[2016.11.13-10.30.35:315][259]LogModuleManager: Shutting down and abandoning module SlateRHIRenderer (11)
[2016.11.13-10.30.35:316][259]LogModuleManager: Shutting down and abandoning module OpenGLDrv (10)
[2016.11.13-10.30.35:316][259]LogModuleManager: Shutting down and abandoning module D3D11RHI (9)
[2016.11.13-10.30.35:316][259]LogModuleManager: Shutting down and abandoning module AnimGraphRuntime (8)
[2016.11.13-10.30.35:316][259]LogModuleManager: Shutting down and abandoning module Renderer (7)
[2016.11.13-10.30.35:316][259]LogModuleManager: Shutting down and abandoning module Engine (6)
[2016.11.13-10.30.35:317][259]LogModuleManager: Shutting down and abandoning module CoreUObject (5)
[2016.11.13-10.30.35:317][259]LogModuleManager: Shutting down and abandoning module NetworkFile (4)
[2016.11.13-10.30.35:317][259]LogModuleManager: Shutting down and abandoning module StreamingFile (3)
[2016.11.13-10.30.35:317][259]LogModuleManager: Shutting down and abandoning module SandboxFile (2)
[2016.11.13-10.30.35:317][259]LogModuleManager: Shutting down and abandoning module PakFile (1)
[2016.11.13-10.30.35:318][259]LogExit: Exiting.
[2016.11.13-10.30.35:320][259]Log file closed, 11/13/16 19:30:35
