Log file open, 11/25/16 17:18:24
LogInit:Display: Running engine for game: UNNAMED
LogPlatformFile: Not using cached read wrapper
LogInit:Display: RandInit(1827528152) SRandInit(1827528153).
LogTaskGraph: Started task graph with 4 named threads and 7 total threads with 1 sets of task threads.
LogStats: Stats thread started at 0.170877
LogInit: Version: 4.12.5-3039270+++UE4+Release-4.12
LogInit: API Version: 2992821
LogInit: Net Version: 3039270
LogDevObjectVersion: Number of dev versions registered: 13
LogDevObjectVersion:   Dev-Blueprints (B0D832E4-1F89-4F0D-ACCF-7EB736FD4AA2): 3
LogDevObjectVersion:   Dev-Build (E1C64328-A22C-4D53-A36C-8E866417BD8C): 0
LogDevObjectVersion:   Dev-Core (375EC13C-06E4-48FB-B500-84F0262A717E): 1
LogDevObjectVersion:   Dev-Editor (E4B068ED-F494-42E9-A231-DA0B2E46BB41): 2
LogDevObjectVersion:   Dev-Framework (CFFC743F-43B0-4480-9391-14DF171D2073): 6
LogDevObjectVersion:   Dev-Mobile (B02B49B5-BB20-44E9-A304-32B752E40360): 0
LogDevObjectVersion:   Dev-Networking (A4E4105C-59A1-49B5-A7C5-40C4547EDFEE): 0
LogDevObjectVersion:   Dev-Online (39C831C9-5AE6-47DC-9A44-9C173E1C8E7C): 0
LogDevObjectVersion:   Dev-Physics (78F01B33-EBEA-4F98-B9B4-84EACCB95AA2): 0
LogDevObjectVersion:   Dev-Platform (6631380F-2D4D-43E0-8009-CF276956A95A): 0
LogDevObjectVersion:   Dev-Rendering (12F88B9F-8875-4AFC-A67C-D90C383ABD29): 2
LogDevObjectVersion:   Dev-Sequencer (7B5AE74C-D270-4C10-A958-57980B212A5A): 0
LogDevObjectVersion:   Dev-VR (D7296918-1DD6-4BDD-9DE2-64A83CC13884): 0
LogInit: Compiled (64-bit): Jul  6 2016 09:09:46
LogInit: Compiled with Visual C++: 19.00.23026.00
LogInit: Build Configuration: Development
LogInit: Branch Name: ++UE4+Release-4.12
LogInit: Command line:  
LogInit: Base directory: C:/Program Files (x86)/Epic Games/4.12/Engine/Binaries/Win64/
LogInit: Installed Engine Build: 1
LogInit: Using libcurl 7.41.0
LogInit:  - built for x86_64-pc-win32
LogInit:  - supports SSL with WinSSL
LogInit:  - other features:
LogInit:      CURL_VERSION_SSL
LogInit:      CURL_VERSION_IPV6
LogInit:      CURL_VERSION_ASYNCHDNS
LogInit:      CURL_VERSION_LARGEFILE
LogInit:      CURL_VERSION_IDN
LogInit:  CurlRequestOptions (configurable via config and command line):
LogInit:  - bVerifyPeer = true  - Libcurl will verify peer certificate
LogInit:  - bUseHttpProxy = false  - Libcurl will NOT use HTTP proxy
LogInit:  - bDontReuseConnections = false  - Libcurl will reuse connections
LogInit:  - CertBundlePath = nullptr  - Libcurl will use whatever was configured at build time.
LogModuleManager:Warning: No filename provided for module OnlineSubsystemLAN
LogModuleManager:Warning: ModuleManager: Unable to load module 'OnlineSubsystemLAN' because the file 'C:/Program Files (x86)/Epic Games/4.12/Engine/Binaries/Win64/' was not found.
LogInit: WinSock: version 1.1 (2.2), MaxSocks=32767, MaxUdp=65467
LogVoice:Warning: Failed to initialize voice interface
LogInit: Presizing for max 8388607 objects, including 0 objects not considered by GC, pre-allocating 0 bytes for permanent pool.
LogInit: Object subsystem initialized
[2016.11.25-08.18.25:259][  0]LogInit: Selected Device Profile: [Windows]
[2016.11.25-08.18.25:259][  0]LogInit: Applying CVar settings loaded from the selected device profile: [Windows]
[2016.11.25-08.18.25:293][  0]LogInit: Computer: DESKTOP-5I3HB32
[2016.11.25-08.18.25:293][  0]LogInit: User: jcy
[2016.11.25-08.18.25:293][  0]LogInit: CPU Page size=65536, Cores=4
[2016.11.25-08.18.25:293][  0]LogInit: High frequency timer resolution =2.533209 MHz
[2016.11.25-08.18.25:293][  0]LogMemory: Memory total: Physical=7.9GB (8GB approx)
[2016.11.25-08.18.25:293][  0]LogMemory: Platform Memory Stats for Windows
[2016.11.25-08.18.25:293][  0]LogMemory: Process Physical Memory: 192.63 MB used, 192.63 MB peak
[2016.11.25-08.18.25:293][  0]LogMemory: Process Virtual Memory: 195.59 MB used, 195.59 MB peak
[2016.11.25-08.18.25:293][  0]LogMemory: Physical Memory: 3800.04 MB used, 8113.86 MB total
[2016.11.25-08.18.25:293][  0]LogMemory: Virtual Memory: 555.32 MB used, 134217728.00 MB total
[2016.11.25-08.18.26:151][  0]LogD3D11RHI: D3D11 adapters:
[2016.11.25-08.18.26:702][  0]LogD3D11RHI:    0. 'NVIDIA GeForce GTX 960M' (Feature Level 11_0)
[2016.11.25-08.18.26:702][  0]LogD3D11RHI:       2018/0/4056 MB DedicatedVideo/DedicatedSystem/SharedSystem, Outputs:2, VendorId:0x10de
[2016.11.25-08.18.26:770][  0]LogD3D11RHI:    1. 'Intel(R) HD Graphics 4600' (Feature Level 11_0)
[2016.11.25-08.18.26:770][  0]LogD3D11RHI:       112/0/2048 MB DedicatedVideo/DedicatedSystem/SharedSystem, Outputs:0, VendorId:0x8086
[2016.11.25-08.18.26:772][  0]LogD3D11RHI:    2. 'Microsoft Basic Render Driver' (Feature Level 11_0)
[2016.11.25-08.18.26:772][  0]LogD3D11RHI:       0/0/4056 MB DedicatedVideo/DedicatedSystem/SharedSystem, Outputs:0, VendorId:0x1414
[2016.11.25-08.18.26:772][  0]LogD3D11RHI: Chosen D3D11 Adapter: 0
[2016.11.25-08.18.26:776][  0]LogD3D11RHI: Creating new Direct3DDevice
[2016.11.25-08.18.26:776][  0]LogD3D11RHI:     GPU DeviceId: 0x139b (for the marketing name, search the web for "GPU Device Id")
[2016.11.25-08.18.26:776][  0]LogWindows: EnumDisplayDevices:
[2016.11.25-08.18.26:776][  0]LogWindows:    0. 'Intel(R) HD Graphics 4600' (P:1 D:1)
[2016.11.25-08.18.26:776][  0]LogWindows:    1. 'Intel(R) HD Graphics 4600' (P:0 D:1)
[2016.11.25-08.18.26:776][  0]LogWindows:    2. 'Intel(R) HD Graphics 4600' (P:0 D:0)
[2016.11.25-08.18.26:776][  0]LogWindows: DebugString: PrimaryIsNotTheChoosenAdapter PrimaryIsNotTheChoosenAdapter PrimaryIsNotTheChoosenAdapter FoundDriverCount:0 
[2016.11.25-08.18.26:776][  0]LogD3D11RHI:     Adapter Name: NVIDIA GeForce GTX 960M
[2016.11.25-08.18.26:776][  0]LogD3D11RHI:   Driver Version: Unknown (internal:Unknown, unified:Unknown)
[2016.11.25-08.18.26:776][  0]LogD3D11RHI:      Driver Date: Unknown
[2016.11.25-08.18.26:776][  0]LogRHI: Texture pool is 1361 MB (70% of 1945 MB)
[2016.11.25-08.18.27:279][  0]LogD3D11RHI: Async texture creation enabled
[2016.11.25-08.18.27:980][  0]LogD3D11RHI: GPU Timing Frequency: 1000.000000 (Debug: 2 1)
[2016.11.25-08.18.27:980][  0]LogShaderCompilers: Guid format shader working directory is -16 characters bigger than the processId version (../../../../../../Users/jcy/Documents/GitHub/UNNAMED/UNNAMED/Intermediate/Shaders/WorkingDirectory/3436/).
[2016.11.25-08.18.27:980][  0]LogShaderCompilers: Cleaned the shader compiler working directory 'C:/Users/jcy/AppData/Local/Temp/UnrealShaderWorkingDir/EA91512C420B0C053CF225A48C369373/'.
[2016.11.25-08.18.27:980][  0]LogShaderCompilers:Display: Using Local Shader Compiler.
[2016.11.25-08.18.31:424][  0]LogTemp:Display: Loaded TP AllDesktopTargetPlatform
[2016.11.25-08.18.31:435][  0]LogTemp:Display: Loaded TP WindowsClientTargetPlatform
[2016.11.25-08.18.31:446][  0]LogTemp:Display: Loaded TP WindowsNoEditorTargetPlatform
[2016.11.25-08.18.31:458][  0]LogTemp:Display: Loaded TP WindowsServerTargetPlatform
[2016.11.25-08.18.31:468][  0]LogTemp:Display: Loaded TP WindowsTargetPlatform
[2016.11.25-08.18.31:477][  0]LogTemp:Display: Loaded TP AndroidTargetPlatform
[2016.11.25-08.18.31:506][  0]LogTemp:Display: Loaded TP Android_ASTCTargetPlatform
[2016.11.25-08.18.31:515][  0]LogTemp:Display: Loaded TP Android_ATCTargetPlatform
[2016.11.25-08.18.31:525][  0]LogTemp:Display: Loaded TP Android_DXTTargetPlatform
[2016.11.25-08.18.31:533][  0]LogTemp:Display: Loaded TP Android_ETC1TargetPlatform
[2016.11.25-08.18.31:542][  0]LogTemp:Display: Loaded TP Android_ETC2TargetPlatform
[2016.11.25-08.18.31:559][  0]LogTemp:Display: Loaded TP Android_MultiTargetPlatform
[2016.11.25-08.18.31:559][  0]LogTemp:Display: Loaded TP Android_PVRTCTargetPlatform
[2016.11.25-08.18.31:561][  0]LogTemp:Display: Loaded TP HTML5TargetPlatform
[2016.11.25-08.18.31:598][  0]LogTemp:Display: Loaded TP IOSTargetPlatform
[2016.11.25-08.18.31:606][  0]LogTemp:Display: Loaded TP TVOSTargetPlatform
[2016.11.25-08.18.31:613][  0]LogTemp:Display: Loaded TP LinuxNoEditorTargetPlatform
[2016.11.25-08.18.31:622][  0]LogTemp:Display: Loaded TP LinuxServerTargetPlatform
[2016.11.25-08.18.31:640][  0]LogTemp:Display: Loaded TP LinuxTargetPlatform
[2016.11.25-08.18.31:640][  0]LogTargetPlatformManager:Display: Building Assets For Windows
[2016.11.25-08.18.31:994][  0]LogDerivedDataCache:Display: Max Cache Size: 512 MB
[2016.11.25-08.18.32:345][  0]LogDerivedDataCache: Loaded boot cache 0.35s 48MB C:/Users/jcy/AppData/Local/UnrealEngine/4.12/DerivedDataCache/Boot.ddc.
[2016.11.25-08.18.32:345][  0]LogDerivedDataCache:Display: Loaded Boot cache: C:/Users/jcy/AppData/Local/UnrealEngine/4.12/DerivedDataCache/Boot.ddc
[2016.11.25-08.18.32:345][  0]LogDerivedDataCache: FDerivedDataBackendGraph:  Pak pak cache file ../../../../../../Users/jcy/Documents/GitHub/UNNAMED/UNNAMED/DerivedDataCache/DDC.ddp not found, will not use a pak cache.
[2016.11.25-08.18.32:345][  0]LogDerivedDataCache: Unable to find inner node Pak for hierarchical cache Hierarchy.
[2016.11.25-08.18.32:345][  0]LogDerivedDataCache: FDerivedDataBackendGraph:  CompressedPak pak cache file ../../../../../../Users/jcy/Documents/GitHub/UNNAMED/UNNAMED/DerivedDataCache/Compressed.ddp not found, will not use a pak cache.
[2016.11.25-08.18.32:345][  0]LogDerivedDataCache: Unable to find inner node CompressedPak for hierarchical cache Hierarchy.
[2016.11.25-08.18.32:362][  0]LogDerivedDataCache:Display: Pak cache opened for reading ../../../Engine/DerivedDataCache/Compressed.ddp.
[2016.11.25-08.18.32:374][  0]LogDerivedDataCache: Using Local data cache path C:/Users/jcy/AppData/Local/UnrealEngine/Common/DerivedDataCache: Writable
[2016.11.25-08.18.35:084][  0]LogInit: Selected Device Profile: [Windows]
[2016.11.25-08.18.35:084][  0]LogContentStreaming: Texture pool size is 0.00 MB
[2016.11.25-08.18.35:272][  0]LogMeshUtilities: No automatic mesh reduction module available
[2016.11.25-08.18.35:272][  0]LogMeshUtilities: No automatic mesh merging module available
[2016.11.25-08.18.35:272][  0]LogMeshUtilities: No distributed automatic mesh merging module available
[2016.11.25-08.18.35:748][  0]LogAssetRegistry: FAssetRegistry took 0.0224 seconds to start up
[2016.11.25-08.18.35:766][  0]LogPackageLocalizationCache: Processed 3 localized package path(s) for 1 prioritized culture(s) in 0.013697 seconds
[2016.11.25-08.18.35:771][  0]LogUObjectArray: 28739 objects as part of root set at end of initial load.
[2016.11.25-08.18.35:771][  0]LogUObjectAllocator: 5855624 out of 0 bytes used by permanent object pool.
[2016.11.25-08.18.35:771][  0]LogUObjectArray: CloseDisregardForGC: 0/0 objects in disregard for GC pool
[2016.11.25-08.18.36:967][  0]LogSlate: SlateFontCache - WITH_FREETYPE: 1, WITH_HARFBUZZ: 1
[2016.11.25-08.18.36:967][  0]LogSlate: SlateFontCache - WITH_FREETYPE: 1, WITH_HARFBUZZ: 1
[2016.11.25-08.18.55:760][  0]LogUdpMessaging: Initializing bridge on interface 0.0.0.0:0 to multicast group 230.0.0.1:6666.
[2016.11.25-08.18.55:760][  0]FUdpSocketBuilder: Failed to subscribe UdpMessageMulticastSocket to multicast group 230.0.0.1
[2016.11.25-08.18.55:760][  0]FUdpSocketBuilder: Failed to create and initialize socket UdpMessageMulticastSocket (last error: 0)
[2016.11.25-08.18.55:760][  0]LogUdpMessaging:Warning: StartTransport failed to create multicast socket on 0.0.0.0:0, joined to 230.0.0.1:6666 with TTL 1
[2016.11.25-08.18.56:367][  0]SourceControl: Info Source control is disabled
[2016.11.25-08.18.56:369][  0]SourceControl: Info Source control is disabled
[2016.11.25-08.18.56:401][  0]SourceControl: Info Source control is disabled
[2016.11.25-08.18.56:430][  0]SourceControl: Info Source control is disabled
[2016.11.25-08.18.57:241][  0]LogEngine: Initializing Engine...
[2016.11.25-08.18.57:290][  0]LogHMD: SteamVR failed to initialize.  Err: 110
[2016.11.25-08.18.57:291][  0]LogHMD: SteamVR failed to initialize.  Err: 110
[2016.11.25-08.18.57:519][  0]LogAIModule: Creating AISystem for world NewWorld
[2016.11.25-08.18.57:525][  0]LogInit: XAudio2 using '스피커(Realtek High Definition Audio)' : 2 channels at 48 kHz using 32 bits per sample (channel mask 0x3)
[2016.11.25-08.18.57:644][  0]LogInit: FAudioDevice initialized.
[2016.11.25-08.18.57:679][  0]LogDerivedDataCache: Saved boot cache 0.04s 48MB C:/Users/jcy/AppData/Local/UnrealEngine/4.12/DerivedDataCache/Boot.ddc.
[2016.11.25-08.18.57:687][  0]LogInit: Texture streaming: Enabled
[2016.11.25-08.18.58:323][  0]LogInit: Transaction tracking system initialized
[2016.11.25-08.18.58:548][  0]BlueprintLog: New page: Editor Load
[2016.11.25-08.18.58:890][  0]LocalizationService: Info Localization service is disabled
[2016.11.25-08.18.59:183][  0]LogConsoleResponse:Display: 
[2016.11.25-08.18.59:758][  0]LogCook:Display: Max memory allowance for cook 8192mb
[2016.11.25-08.18.59:758][  0]LogCook:Display: Mobile HDR setting 1
[2016.11.25-08.19.00:268][  0]LogFileCache: Scanning file cache for directory 'C:/Users/jcy/Documents/GitHub/UNNAMED/UNNAMED/Content/' took 0.02s
[2016.11.25-08.19.00:268][  0]SourceControl: Info Source control is disabled
[2016.11.25-08.19.00:268][  0]Cmd: MAP LOAD FILE="../../../../../../Users/jcy/Documents/GitHub/UNNAMED/UNNAMED/Content/Map/Main.umap" TEMPLATE=0 SHOWPROGRESS=1 FEATURELEVEL=3
[2016.11.25-08.19.00:305][  0]LightingResults: New page: Lighting Build
[2016.11.25-08.19.00:309][  0]MapCheck: New page: Map Check
[2016.11.25-08.19.00:309][  0]LightingResults: New page: Lighting Build
[2016.11.25-08.19.00:817][  0]LogAIModule: Creating AISystem for world Main
[2016.11.25-08.19.00:819][  0]LogEditorServer: Finished looking for orphan Actors (0.000 secs)
[2016.11.25-08.19.00:819][  0]Cmd: MAP CHECKDEP NOCLEARLOG
[2016.11.25-08.19.00:904][  0]MapCheck: Info Map check complete: 0 Error(s), 0 Warning(s), took 84.625ms to complete.
[2016.11.25-08.19.00:904][  0]LogFileHelpers: Loading map 'Main' took 0.635
[2016.11.25-08.19.01:054][  0]LogCollectionManager: Loaded 1 collections in 0.003939 seconds
[2016.11.25-08.19.01:104][  0]LogFileCache: Scanning file cache for directory 'C:/Users/jcy/Documents/GitHub/UNNAMED/UNNAMED/Saved/Collections/' took 0.01s
[2016.11.25-08.19.01:104][  0]LogFileCache: Scanning file cache for directory 'C:/Users/jcy/Documents/GitHub/UNNAMED/UNNAMED/Content/Developers/jcy/Collections/' took 0.01s
[2016.11.25-08.19.01:105][  0]LogFileCache: Scanning file cache for directory 'C:/Users/jcy/Documents/GitHub/UNNAMED/UNNAMED/Content/Collections/' took 0.01s
[2016.11.25-08.19.01:105][  0]LogCollectionManager: Rebuilt the GUID cache for 1 collections in 0.000005 seconds
[2016.11.25-08.19.01:105][  0]LogCollectionManager: Rebuilt the hierarchy cache for 1 collections in 0.000000 seconds
[2016.11.25-08.19.01:113][  0]LogContentBrowser: Native class hierarchy populated in 0.0080 seconds. Added 2047 classes and 369 folders.
[2016.11.25-08.19.01:118][  0]LogStats: UGameplayTagsManager::ConstructGameplayTagTree: Construct from data asset -  0.000 s
[2016.11.25-08.19.01:118][  0]LogStats: UGameplayTagsManager::ConstructGameplayTagTree: GameplayTagTreeChangedEvent.Broadcast -  0.000 s
[2016.11.25-08.19.01:119][  0]LogContentBrowser: Native class hierarchy updated for 'GameplayTags' in 0.0004 seconds. Added 12 classes and 0 folders.
[2016.11.25-08.19.01:126][  0]LogContentBrowser: Native class hierarchy updated for 'WidgetCarousel' in 0.0004 seconds. Added 0 classes and 0 folders.
[2016.11.25-08.19.01:197][  0]LogContentBrowser: Native class hierarchy updated for 'AddContentDialog' in 0.0004 seconds. Added 0 classes and 0 folders.
[2016.11.25-08.19.01:204][  0]LogContentBrowser: Native class hierarchy updated for 'SceneOutliner' in 0.0004 seconds. Added 1 classes and 2 folders.
[2016.11.25-08.19.01:259][  0]LogCrashTracker: Crashtracker disabled due to settings.
[2016.11.25-08.19.01:279][  0]LogWindowsTextInputMethodSystem:Display: IME system now activated using TSF (Microsoft 입력기).
[2016.11.25-08.19.01:330][  0]LogUObjectGlobals:Warning: Failed to find object 'Class None.'
[2016.11.25-08.19.01:358][  0]LogContentBrowser: Native class hierarchy updated for 'HierarchicalLODOutliner' in 0.0004 seconds. Added 1 classes and 2 folders.
[2016.11.25-08.19.01:358][  0]LogLoad: Full Startup: 38.65 seconds (BP compile: 0.17 seconds)
[2016.11.25-08.19.01:358][  0]LogExternalProfiler: Found external profiler: VSPerf
[2016.11.25-08.19.01:358][  0]LogExternalProfiler: Using external profiler: VSPerf
[2016.11.25-08.19.01:379][  0]LogOcInput: OculusInput pre-init called
[2016.11.25-08.19.01:402][  0]LogContentStreaming: Texture pool size now 1000 MB
[2016.11.25-08.19.01:571][  0]LogRenderer: Reallocating scene render targets to support 1144x576 (Frame:2).
[2016.11.25-08.19.01:793][  2]LogAssetRegistry: Asset discovery search completed in 26.0672 seconds
[2016.11.25-08.19.01:793][  2]LogCollectionManager: Rebuilt the object cache for 1 collections in 0.000007 seconds (found 0 objects)
[2016.11.25-08.19.01:793][  2]LogCollectionManager: Fixed up redirectors for 1 collections in 0.000021 seconds (updated 0 objects)
[2016.11.25-08.19.03:073][ 33]LogContentBrowser: Native class hierarchy updated for 'BlueprintGraph' in 0.0011 seconds. Added 111 classes and 0 folders.
[2016.11.25-14.53.35:311][538]LogBlueprintUserMessages: Early PlayInEditor Detection: Level '/Game/Map/Main.Main:PersistentLevel' has LevelScriptBlueprint '/Game/Map/Main.Main:PersistentLevel.Main' with GeneratedClass '/Game/Map/Main.Main_C' with ClassGeneratedBy '/Game/Map/Main.Main:PersistentLevel.Main'
[2016.11.25-14.53.35:312][538]LogPlayLevel: PlayLevel: No blueprints needed recompiling
[2016.11.25-14.53.35:323][538]PIE: New page: PIE session: Main (Nov 26, 2016, 8:53:35 AM)
[2016.11.25-14.53.35:324][538]LogPlayLevel: Creating play world package: /Game/Map/UEDPIE_1_Main
[2016.11.25-14.53.35:336][538]LogPlayLevel: PIE: StaticDuplicateObject took: (0.011025s)
[2016.11.25-14.53.35:340][538]LogAIModule: Creating AISystem for world Main
[2016.11.25-14.53.35:342][538]LogPlayLevel: PIE: World Init took: (0.005657s)
[2016.11.25-14.53.35:342][538]LogPlayLevel: PIE: Created PIE world by copying editor world from /Game/Map/Main.Main to /Game/Map/UEDPIE_1_Main.Main (0.018084s)
[2016.11.25-14.53.35:550][538]LogInit: XAudio2 using '스피커(Realtek High Definition Audio)' : 2 channels at 48 kHz using 32 bits per sample (channel mask 0x3)
[2016.11.25-14.53.35:587][538]LogInit: FAudioDevice initialized.
[2016.11.25-14.53.35:693][538]LogWorld: Game class is 'pregame_C'
[2016.11.25-14.53.35:699][538]LogWorld: Bringing World /Game/Map/UEDPIE_1_Main.Main up for play (max tick rate 60) at 2016.11.25-23.53.35
[2016.11.25-14.53.35:700][538]LogWorld: Bringing up level for play took: 0.005043
[2016.11.25-14.53.35:713][538]LogVoice:Warning: Failed to initialize voice interface
[2016.11.25-14.53.35:717][538]LogSpawn:Warning: SpawnActor failed because no class was specified
[2016.11.25-14.53.35:727][538]LogContentBrowser: Native class hierarchy updated for 'MovieSceneCapture' in 0.0023 seconds. Added 11 classes and 0 folders.
[2016.11.25-14.53.35:728][538]LogInit: WinSock: Socket queue 131072 / 131072
[2016.11.25-14.53.35:728][538]LogInit: WinSock: I am DESKTOP-5I3HB32 (192.168.0.3:0)
[2016.11.25-14.53.35:728][538]PacketHandlerLog: Loaded PacketHandler component: Engine.EngineHandlerComponentFactory (StatelessConnectHandlerComponent)
[2016.11.25-14.53.35:728][538]LogNet: GameNetDriver IpNetDriver_0 IpNetDriver listening on port 7778
[2016.11.25-14.53.35:765][538]PIE: Info Play in editor start time for /Game/Map/UEDPIE_1_Main 0.932
[2016.11.25-14.53.35:773][538]PIE: New page: PIE session: Main (Nov 26, 2016, 8:53:35 AM)
[2016.11.25-14.53.35:866][538]LogNet: Browse: 127.0.0.1//Game/Map/Main
[2016.11.25-14.53.35:866][538]LogInit: WinSock: Socket queue 32768 / 32768
[2016.11.25-14.53.35:867][538]PacketHandlerLog: Loaded PacketHandler component: Engine.EngineHandlerComponentFactory (StatelessConnectHandlerComponent)
[2016.11.25-14.53.35:867][538]LogNet: Game client on port 7777, rate 10000
[2016.11.25-14.53.35:868][538]LogNet: GetLocalNetworkVersion: GEngineNetVersion: 3039270, ProjectName: unnamed, ProjectVersion: 1.0.0.0, InternalProtocolVersion: 9, LocalNetworkVersion: 1745645396
[2016.11.25-14.53.36:097][538]PIE: Info Play in editor start time for /Game/Map/Main 1.265
[2016.11.25-14.53.36:129][538]LogBlueprintUserMessages: Late PlayInEditor Detection: Level '/Game/Map/Main.Main:PersistentLevel' has LevelScriptBlueprint '/Game/Map/Main.Main:PersistentLevel.Main' with GeneratedClass '/Game/Map/Main.Main_C' with ClassGeneratedBy '/Game/Map/Main.Main:PersistentLevel.Main'
[2016.11.25-14.53.36:136][538]LogHandshake: SendChallengeResponse. Timestamp: 6.909337, Cookie: 176058213028104044218189050163052248151055088083114044093210
[2016.11.25-14.53.36:180][538]LogRenderer: Reallocating scene render targets to support 1292x756 (Frame:6).
[2016.11.25-14.53.36:358][540]LogVoice:Warning: Failed to initialize voice interface
[2016.11.25-14.53.36:370][541]LogNet: Welcomed by server (Level: /Game/Map/dd, Game: /Game/BP/MyGameMode.MyGameMode_C)
[2016.11.25-14.53.36:374][541]LogLoad: LoadMap: 127.0.0.1//Game/Map/dd?game=/Game/BP/MyGameMode.MyGameMode_C
[2016.11.25-14.53.36:415][541]Cmd: MEM
[2016.11.25-14.53.36:449][541]LogMemory: Platform Memory Stats for Windows
[2016.11.25-14.53.36:449][541]LogMemory: Process Physical Memory: 449.04 MB used, 1070.51 MB peak
[2016.11.25-14.53.36:449][541]LogMemory: Process Virtual Memory: 2324.26 MB used, 2329.21 MB peak
[2016.11.25-14.53.36:449][541]LogMemory: Physical Memory: 4841.70 MB used, 8113.86 MB total
[2016.11.25-14.53.36:449][541]LogMemory: Virtual Memory: 3030.64 MB used, 134217728.00 MB total
[2016.11.25-14.53.36:449][541]LogMemory: 
[2016.11.25-14.53.36:449][541]Allocator Stats for TBB: (not implemented)
[2016.11.25-14.53.37:365][541]LogAIModule: Creating AISystem for world dd
[2016.11.25-14.53.37:378][541]LogWorld: Bringing World /Game/Map/dd.dd up for play (max tick rate 60) at 2016.11.25-23.53.37
[2016.11.25-14.53.37:378][541]LogWorld: Bringing up level for play took: 0.011560
[2016.11.25-14.53.37:379][541]LogLoad: Took 1.004443 seconds to LoadMap(/Game/Map/dd)
[2016.11.25-14.53.37:449][542]LogSpawn:Warning: SpawnActor failed because no class was specified
[2016.11.25-14.53.37:523][543]LogBlueprintUserMessages: [dd_C_1] Client 1: 씨바
[2016.11.25-14.53.37:524][543]LogOnline:Warning: NULL: No game present to join for session (Game)
[2016.11.25-14.53.37:732][544]LogOnline:Warning: NULL: No game present to join for session (Game)
[2016.11.25-14.53.57:304][194]LogNet: Browse: 192.168.0.3//Game/Map/Main
[2016.11.25-14.53.57:304][194]LogNet: World NetDriver shutdown IpNetDriver_0 [GameNetDriver]
[2016.11.25-14.53.57:304][194]LogNet: DestroyNamedNetDriver IpNetDriver_0 [GameNetDriver]
[2016.11.25-14.53.57:305][194]LogExit: GameNetDriver IpNetDriver_0 shut down
[2016.11.25-14.53.57:305][194]LogInit: WinSock: Socket queue 32768 / 32768
[2016.11.25-14.53.57:305][194]PacketHandlerLog: Loaded PacketHandler component: Engine.EngineHandlerComponentFactory (StatelessConnectHandlerComponent)
[2016.11.25-14.53.57:305][194]LogNet: Game client on port 7777, rate 10000
[2016.11.25-14.53.57:305][194]LogNet: GetLocalNetworkVersion: GEngineNetVersion: 3039270, ProjectName: unnamed, ProjectVersion: 1.0.0.0, InternalProtocolVersion: 9, LocalNetworkVersion: 1745645396
[2016.11.25-14.53.57:337][195]LogHandshake: SendChallengeResponse. Timestamp: 28.356852, Cookie: 228194182246134168051223226140070064199121099025254052155162
[2016.11.25-14.53.57:637][204]LogNet: Welcomed by server (Level: /Game/Map/dd, Game: /Game/BP/MyGameMode.MyGameMode_C)
[2016.11.25-14.53.57:669][204]LogLoad: LoadMap: 192.168.0.3//Game/Map/dd?game=/Game/BP/MyGameMode.MyGameMode_C
[2016.11.25-14.53.57:742][204]Cmd: MEM
[2016.11.25-14.53.57:768][204]LogMemory: Platform Memory Stats for Windows
[2016.11.25-14.53.57:768][204]LogMemory: Process Physical Memory: 571.11 MB used, 1070.51 MB peak
[2016.11.25-14.53.57:768][204]LogMemory: Process Virtual Memory: 2318.20 MB used, 2407.75 MB peak
[2016.11.25-14.53.57:768][204]LogMemory: Physical Memory: 4937.41 MB used, 8113.86 MB total
[2016.11.25-14.53.57:768][204]LogMemory: Virtual Memory: 3095.74 MB used, 134217728.00 MB total
[2016.11.25-14.53.57:768][204]LogMemory: 
[2016.11.25-14.53.57:768][204]Allocator Stats for TBB: (not implemented)
[2016.11.25-14.53.57:768][204]LogPlayLevel: Creating play world package: /Game/Map/UEDPIE_1_dd
[2016.11.25-14.53.57:772][204]LogPlayLevel: PIE: StaticDuplicateObject took: (0.003682s)
[2016.11.25-14.53.57:773][204]LogAIModule: Creating AISystem for world dd
[2016.11.25-14.53.57:773][204]LogPlayLevel: PIE: World Init took: (0.000679s)
[2016.11.25-14.53.57:773][204]LogPlayLevel: PIE: Created PIE world by copying editor world from /Game/Map/dd.dd to /Game/Map/UEDPIE_1_dd.dd (0.004591s)
[2016.11.25-14.53.57:780][204]LogWorld: Bringing World /Game/Map/UEDPIE_1_dd.dd up for play (max tick rate 60) at 2016.11.25-23.53.57
[2016.11.25-14.53.57:782][204]LogWorld: Bringing up level for play took: 0.008564
[2016.11.25-14.53.57:783][204]LogLoad: Took 0.114865 seconds to LoadMap(/Game/Map/UEDPIE_1_dd)
[2016.11.25-14.53.57:821][205]LogSpawn:Warning: SpawnActor failed because no class was specified
[2016.11.25-14.53.57:822][205]LogOnline:Warning: NULL: No game present to join for session (Game)
[2016.11.25-14.53.57:930][209]LogBlueprintUserMessages: [dd_C_1] Client 0: 씨바
[2016.11.25-14.54.08:040][512]LogBlueprintUserMessages: Early EndPlayMap Detection: Level '/Game/Map/Main.Main:PersistentLevel' has LevelScriptBlueprint '/Game/Map/Main.Main:PersistentLevel.Main' with GeneratedClass '/Game/Map/Main.Main_C' with ClassGeneratedBy '/Game/Map/Main.Main:PersistentLevel.Main'
[2016.11.25-14.54.08:117][512]LogOnline:Display: NULL: FOnlineSubsystemNull::Shutdown()
[2016.11.25-14.54.08:150][512]LogOnline:Display: NULL: FOnlineSubsystemNull::Shutdown()
[2016.11.25-14.54.08:153][512]LogPlayLevel:Display: Shutting down PIE online subsystems
[2016.11.25-14.54.08:153][512]LogBlueprintUserMessages: Late EndPlayMap Detection: Level '/Game/Map/Main.Main:PersistentLevel' has LevelScriptBlueprint '/Game/Map/Main.Main:PersistentLevel.Main' with GeneratedClass '/Game/Map/Main.Main_C' with ClassGeneratedBy '/Game/Map/Main.Main:PersistentLevel.Main'
[2016.11.25-14.54.08:180][512]LogNet: UChannel::CleanUp: ChIndex == 0. Closing connection. [UChannel] ChIndex: 0, Closing: 0 [UNetConnection] RemoteAddr: 127.0.0.1:7777, Name: IpConnection_0, Driver: GameNetDriver IpNetDriver_1, IsServer: NO, PC: playercon_C_0, Owner: playercon_C_0
[2016.11.25-14.54.08:180][512]LogNet: UNetConnection::Close: [UNetConnection] RemoteAddr: 127.0.0.1:7777, Name: IpConnection_0, Driver: GameNetDriver IpNetDriver_1, IsServer: NO, PC: playercon_C_0, Owner: playercon_C_0, Channels: 13, Time: 2016.11.25-14.54.08
[2016.11.25-14.54.08:180][512]LogNet: UChannel::Close: Sending CloseBunch. ChIndex == 0. Name: [UChannel] ChIndex: 0, Closing: 0 [UNetConnection] RemoteAddr: 127.0.0.1:7777, Name: IpConnection_0, Driver: GameNetDriver IpNetDriver_1, IsServer: NO, PC: playercon_C_0, Owner: playercon_C_0
[2016.11.25-14.54.08:191][512]LogNet: UChannel::CleanUp: ChIndex == 0. Closing connection. [UChannel] ChIndex: 0, Closing: 0 [UNetConnection] RemoteAddr: 192.168.0.3:7777, Name: None, Driver: GameNetDriver None, IsServer: NO, PC: None, Owner: None
[2016.11.25-14.54.08:191][512]LogNet: UNetConnection::Close: [UNetConnection] RemoteAddr: 192.168.0.3:7777, Name: None, Driver: GameNetDriver None, IsServer: NO, PC: None, Owner: None, Channels: 1, Time: 2016.11.25-14.54.08
[2016.11.25-14.54.08:191][512]LogNet: UChannel::Close: Sending CloseBunch. ChIndex == 0. Name: [UChannel] ChIndex: 0, Closing: 0 [UNetConnection] RemoteAddr: 192.168.0.3:7777, Name: None, Driver: GameNetDriver None, IsServer: NO, PC: None, Owner: None
[2016.11.25-14.54.08:192][512]LogExit: GameNetDriver None shut down
[2016.11.25-14.54.08:193][512]LogExit: GameNetDriver None shut down
[2016.11.25-14.54.08:229][513]LogPlayLevel:Display: Destroying online subsystem :Context_15
[2016.11.25-14.54.08:229][513]LogOnline:Display: NULL: FOnlineSubsystemNull::Shutdown()
[2016.11.25-14.54.08:229][513]LogPlayLevel:Display: Destroying online subsystem :Context_14
[2016.11.25-14.54.08:229][513]LogOnline:Display: NULL: FOnlineSubsystemNull::Shutdown()
[2016.11.25-14.55.06:669][838]LogEditorViewport: Clicking Background
[2016.11.25-14.57.22:106][988]LogBlueprintUserMessages: Early PlayInEditor Detection: Level '/Game/Map/Main.Main:PersistentLevel' has LevelScriptBlueprint '/Game/Map/Main.Main:PersistentLevel.Main' with GeneratedClass '/Game/Map/Main.Main_C' with ClassGeneratedBy '/Game/Map/Main.Main:PersistentLevel.Main'
[2016.11.25-14.57.22:106][988]BlueprintLog: New page: Pre-Play auto-recompile
[2016.11.25-14.57.22:113][988]LogPlayLevel: [PlayLevel] Compiling pregame before play...
[2016.11.25-14.57.22:299][988]LogPlayLevel: PlayLevel: Blueprint regeneration took 192 ms (2 blueprints)
[2016.11.25-14.57.22:326][988]LogPlayLevel: [PlayLevel] Compiling MyGameMode before play...
[2016.11.25-14.57.22:474][988]LogPlayLevel: PlayLevel: Blueprint regeneration took 367 ms (3 blueprints)
[2016.11.25-14.57.22:474][988]LogPlayLevel: [PlayLevel] Compiling playercon before play...
[2016.11.25-14.57.22:639][988]LogPlayLevel: PlayLevel: Blueprint regeneration took 533 ms (5 blueprints)
[2016.11.25-14.57.22:639][988]LogPlayLevel: [PlayLevel] Compiling ChattingTXT before play...
[2016.11.25-14.57.22:740][988]LogPlayLevel: PlayLevel: Blueprint regeneration took 634 ms (5 blueprints)
[2016.11.25-14.57.22:741][988]LogPlayLevel: [PlayLevel] Compiling PHUD before play...
[2016.11.25-14.57.22:861][988]LogPlayLevel: PlayLevel: Blueprint regeneration took 755 ms (5 blueprints)
[2016.11.25-14.57.22:909][988]PIE: New page: PIE session: Main (Nov 26, 2016, 8:57:22 AM)
[2016.11.25-14.57.22:909][988]LogPlayLevel: Creating play world package: /Game/Map/UEDPIE_1_Main
[2016.11.25-14.57.22:911][988]LogPlayLevel: PIE: StaticDuplicateObject took: (0.001304s)
[2016.11.25-14.57.22:911][988]LogAIModule: Creating AISystem for world Main
[2016.11.25-14.57.22:911][988]LogPlayLevel: PIE: World Init took: (0.000660s)
[2016.11.25-14.57.22:911][988]LogPlayLevel: PIE: Created PIE world by copying editor world from /Game/Map/Main.Main to /Game/Map/UEDPIE_1_Main.Main (0.002177s)
[2016.11.25-14.57.22:938][988]LogInit: XAudio2 using '스피커(Realtek High Definition Audio)' : 2 channels at 48 kHz using 32 bits per sample (channel mask 0x3)
[2016.11.25-14.57.22:966][988]LogInit: FAudioDevice initialized.
[2016.11.25-14.57.23:024][988]LogWorld: Game class is 'pregame_C'
[2016.11.25-14.57.23:026][988]LogWorld: Bringing World /Game/Map/UEDPIE_1_Main.Main up for play (max tick rate 60) at 2016.11.25-23.57.23
[2016.11.25-14.57.23:026][988]LogWorld: Bringing up level for play took: 0.001400
[2016.11.25-14.57.23:039][988]LogVoice:Warning: Failed to initialize voice interface
[2016.11.25-14.57.23:040][988]LogSpawn:Warning: SpawnActor failed because no class was specified
[2016.11.25-14.57.23:040][988]LogBlueprintUserMessages: [pregame_C_0] Server: 서버
[2016.11.25-14.57.23:041][988]LogInit: WinSock: Socket queue 131072 / 131072
[2016.11.25-14.57.23:041][988]PacketHandlerLog: Loaded PacketHandler component: Engine.EngineHandlerComponentFactory (StatelessConnectHandlerComponent)
[2016.11.25-14.57.23:042][988]LogNet: GameNetDriver IpNetDriver_3 IpNetDriver listening on port 7777
[2016.11.25-14.57.23:064][988]PIE: Info Play in editor start time for /Game/Map/UEDPIE_1_Main 0.231
[2016.11.25-14.57.23:071][988]PIE: New page: PIE session: Main (Nov 26, 2016, 8:57:23 AM)
[2016.11.25-14.57.23:141][988]LogNet: Browse: 127.0.0.1//Game/Map/Main
[2016.11.25-14.57.23:142][988]LogInit: WinSock: Socket queue 32768 / 32768
[2016.11.25-14.57.23:144][988]PacketHandlerLog: Loaded PacketHandler component: Engine.EngineHandlerComponentFactory (StatelessConnectHandlerComponent)
[2016.11.25-14.57.23:144][988]LogNet: Game client on port 7777, rate 10000
[2016.11.25-14.57.23:144][988]LogNet: GetLocalNetworkVersion: GEngineNetVersion: 3039270, ProjectName: unnamed, ProjectVersion: 1.0.0.0, InternalProtocolVersion: 9, LocalNetworkVersion: 1745645396
[2016.11.25-14.57.23:297][988]PIE: Info Play in editor start time for /Game/Map/Main 0.465
[2016.11.25-14.57.23:330][988]LogBlueprintUserMessages: Late PlayInEditor Detection: Level '/Game/Map/Main.Main:PersistentLevel' has LevelScriptBlueprint '/Game/Map/Main.Main:PersistentLevel.Main' with GeneratedClass '/Game/Map/Main.Main_C' with ClassGeneratedBy '/Game/Map/Main.Main:PersistentLevel.Main'
[2016.11.25-14.57.23:330][988]LogNet: NotifyAcceptingConnection: Server Main accept
[2016.11.25-14.57.23:330][988]LogHandshake: SendConnectChallenge. Timestamp: 0.016667, Cookie: 048019224171031020081100010094062200164018119027233056130004
[2016.11.25-14.57.23:330][988]LogNet: NotifyAcceptingConnection: Server Main accept
[2016.11.25-14.57.23:331][988]LogHandshake: SendChallengeResponse. Timestamp: 0.016667, Cookie: 048019224171031020081100010094062200164018119027233056130004
[2016.11.25-14.57.23:471][989]LogNet: NotifyAcceptingConnection: Server Main accept
[2016.11.25-14.57.23:471][989]LogNet: Server accepting post-challenge connection from: 127.0.0.1:59993
[2016.11.25-14.57.23:471][989]PacketHandlerLog: Loaded PacketHandler component: Engine.EngineHandlerComponentFactory (StatelessConnectHandlerComponent)
[2016.11.25-14.57.23:471][989]LogNet: NotifyAcceptedConnection: Name: Main, TimeStamp: 11/25/16 23:57:23, [UNetConnection] RemoteAddr: 127.0.0.1:59993, Name: IpConnection_3, Driver: GameNetDriver IpNetDriver_3, IsServer: YES, PC: NULL, Owner: NULL
[2016.11.25-14.57.23:471][989]LogNet: AddClientConnection: Added client connection: [UNetConnection] RemoteAddr: 127.0.0.1:59993, Name: IpConnection_3, Driver: GameNetDriver IpNetDriver_3, IsServer: YES, PC: NULL, Owner: NULL
[2016.11.25-14.57.23:490][990]LogNet: NotifyAcceptingChannel Control 0 server World /Game/Map/UEDPIE_1_Main.Main: Accepted
[2016.11.25-14.57.23:490][990]LogNet: Remote platform little endian=1
[2016.11.25-14.57.23:490][990]LogNet: This platform little endian=1
[2016.11.25-14.57.23:490][990]LogNet: GetLocalNetworkVersion: GEngineNetVersion: 3039270, ProjectName: unnamed, ProjectVersion: 1.0.0.0, InternalProtocolVersion: 9, LocalNetworkVersion: 1745645396
[2016.11.25-14.57.23:502][990]LogVoice:Warning: Failed to initialize voice interface
[2016.11.25-14.57.23:627][991]LogNet: Login request: /Game/Map/Main?Name=DESKTOP-5I3HB32-6E265C274918F1E902EFF7878A3A7F0F userId: DESKTOP-5I3HB32-6E265C274918F1E902EFF7878A3A7F0F
[2016.11.25-14.57.23:627][991]LogNet: Welcomed by server (Level: /Game/Map/UEDPIE_1_Main, Game: /Game/BP/pregame.pregame_C)
[2016.11.25-14.57.23:631][991]LogLoad: LoadMap: 127.0.0.1//Game/Map/UEDPIE_1_Main?game=/Game/BP/pregame.pregame_C
[2016.11.25-14.57.23:668][991]Cmd: MEM
[2016.11.25-14.57.23:695][991]LogMemory: Platform Memory Stats for Windows
[2016.11.25-14.57.23:695][991]LogMemory: Process Physical Memory: 793.24 MB used, 1070.51 MB peak
[2016.11.25-14.57.23:695][991]LogMemory: Process Virtual Memory: 2722.83 MB used, 2724.14 MB peak
[2016.11.25-14.57.23:695][991]LogMemory: Physical Memory: 4648.88 MB used, 8113.86 MB total
[2016.11.25-14.57.23:695][991]LogMemory: Virtual Memory: 3512.04 MB used, 134217728.00 MB total
[2016.11.25-14.57.23:695][991]LogMemory: 
[2016.11.25-14.57.23:695][991]Allocator Stats for TBB: (not implemented)
[2016.11.25-14.57.23:697][991]LogWorld: PIE: Copying PIE streaming level from /Game/Map/Main.Main to /Game/Map/UEDPIE_2_Main.Main. OwningWorld: None
[2016.11.25-14.57.23:697][991]LogAIModule: Creating AISystem for world Main
[2016.11.25-14.57.23:700][991]LogWorld: Bringing World /Game/Map/UEDPIE_2_Main.Main up for play (max tick rate 60) at 2016.11.25-23.57.23
[2016.11.25-14.57.23:700][991]LogWorld: Bringing up level for play took: 0.001265
[2016.11.25-14.57.23:700][991]LogLoad: Took 0.069166 seconds to LoadMap(/Game/Map/UEDPIE_1_Main)
[2016.11.25-14.57.23:728][992]LogNet: Client netspeed is 10000
[2016.11.25-14.57.23:728][992]LogNet: Join request: /Game/Map/Main?Name=DESKTOP-5I3HB32-6E265C274918F1E902EFF7878A3A7F0F?SplitscreenCount=1
[2016.11.25-14.57.23:729][992]LogOnline:Warning: NULL: No game present to join for session (Game)
[2016.11.25-14.57.23:729][992]LogBlueprintUserMessages: [pregame_C_0] Server: 서버
[2016.11.25-14.57.23:729][992]LogNet: Join succeeded: DESKTOP-5I3HB32-6E26
[2016.11.25-14.57.23:732][992]LogSpawn:Warning: SpawnActor failed because no class was specified
[2016.11.25-14.57.23:763][993]LogOnline:Warning: NULL: No game present to join for session (Game)
[2016.11.25-14.57.23:763][993]LogOnline:Warning: NULL: No game present to join for session (Game)
[2016.11.25-14.57.33:981][416]LogBlueprintUserMessages: Early EndPlayMap Detection: Level '/Game/Map/Main.Main:PersistentLevel' has LevelScriptBlueprint '/Game/Map/Main.Main:PersistentLevel.Main' with GeneratedClass '/Game/Map/Main.Main_C' with ClassGeneratedBy '/Game/Map/Main.Main:PersistentLevel.Main'
[2016.11.25-14.57.34:015][416]LogOnline:Display: NULL: FOnlineSubsystemNull::Shutdown()
[2016.11.25-14.57.34:016][416]LogOnline:Warning: NULL: No game present to leave for session (Game)
[2016.11.25-14.57.34:016][416]LogSpawn:Warning: SpawnActor failed because we are in the process of tearing down the world
[2016.11.25-14.57.34:068][416]LogOnline:Display: NULL: FOnlineSubsystemNull::Shutdown()
[2016.11.25-14.57.34:070][416]LogPlayLevel:Display: Shutting down PIE online subsystems
[2016.11.25-14.57.34:071][416]LogBlueprintUserMessages: Late EndPlayMap Detection: Level '/Game/Map/Main.Main:PersistentLevel' has LevelScriptBlueprint '/Game/Map/Main.Main:PersistentLevel.Main' with GeneratedClass '/Game/Map/Main.Main_C' with ClassGeneratedBy '/Game/Map/Main.Main:PersistentLevel.Main'
[2016.11.25-14.57.34:108][416]LogNet: UChannel::CleanUp: ChIndex == 0. Closing connection. [UChannel] ChIndex: 0, Closing: 0 [UNetConnection] RemoteAddr: 127.0.0.1:59993, Name: IpConnection_3, Driver: GameNetDriver IpNetDriver_3, IsServer: YES, PC: None, Owner: None
[2016.11.25-14.57.34:108][416]LogNet: UNetConnection::Close: [UNetConnection] RemoteAddr: 127.0.0.1:59993, Name: IpConnection_3, Driver: GameNetDriver IpNetDriver_3, IsServer: YES, PC: None, Owner: None, Channels: 2, Time: 2016.11.25-14.57.34
[2016.11.25-14.57.34:108][416]LogNet: UChannel::Close: Sending CloseBunch. ChIndex == 0. Name: [UChannel] ChIndex: 0, Closing: 0 [UNetConnection] RemoteAddr: 127.0.0.1:59993, Name: IpConnection_3, Driver: GameNetDriver IpNetDriver_3, IsServer: YES, PC: None, Owner: None
[2016.11.25-14.57.34:108][416]LogNet: UChannel::CleanUp: ChIndex == 0. Closing connection. [UChannel] ChIndex: 0, Closing: 0 [UNetConnection] RemoteAddr: 127.0.0.1:7777, Name: IpConnection_2, Driver: GameNetDriver IpNetDriver_4, IsServer: NO, PC: None, Owner: None
[2016.11.25-14.57.34:108][416]LogNet: UNetConnection::Close: [UNetConnection] RemoteAddr: 127.0.0.1:7777, Name: IpConnection_2, Driver: GameNetDriver IpNetDriver_4, IsServer: NO, PC: None, Owner: None, Channels: 2, Time: 2016.11.25-14.57.34
[2016.11.25-14.57.34:108][416]LogNet: UChannel::Close: Sending CloseBunch. ChIndex == 0. Name: [UChannel] ChIndex: 0, Closing: 0 [UNetConnection] RemoteAddr: 127.0.0.1:7777, Name: IpConnection_2, Driver: GameNetDriver IpNetDriver_4, IsServer: NO, PC: None, Owner: None
[2016.11.25-14.57.34:113][416]LogExit: GameNetDriver None shut down
[2016.11.25-14.57.34:113][416]LogExit: GameNetDriver None shut down
[2016.11.25-14.57.34:238][417]LogPlayLevel:Display: Destroying online subsystem :Context_21
[2016.11.25-14.57.34:238][417]LogOnline:Display: NULL: FOnlineSubsystemNull::Shutdown()
[2016.11.25-14.57.34:238][417]LogPlayLevel:Display: Destroying online subsystem :Context_20
[2016.11.25-14.57.34:238][417]LogOnline:Display: NULL: FOnlineSubsystemNull::Shutdown()
[2016.11.25-14.57.42:773][920]Cmd: OBJ SAVEPACKAGE PACKAGE="/Game/BP/pregame" FILE="../../../../../../Users/jcy/Documents/GitHub/UNNAMED/UNNAMED/Content/BP/pregame.uasset" SILENT=true
[2016.11.25-14.57.42:885][920]LogSavePackage: Save=14.38ms
[2016.11.25-14.57.42:885][920]LogSavePackage: Moving '../../../../../../Users/jcy/Documents/GitHub/UNNAMED/UNNAMED/Saved/pregame4F2C582948E7B165E052F0B7B5064513.tmp' to '../../../../../../Users/jcy/Documents/GitHub/UNNAMED/UNNAMED/Content/BP/pregame.uasset'
[2016.11.25-14.57.42:888][920]LogSavePackage:Display: Finished SavePackage ../../../../../../Users/jcy/Documents/GitHub/UNNAMED/UNNAMED/Content/BP/pregame.uasset
[2016.11.25-14.57.45:360][ 30]LogActorComponent: UnregisterComponent: (/Engine/Transient.EditorFloorComp) Not registered. Aborting.
[2016.11.25-14.57.45:444][ 30]LogActorComponent: UnregisterComponent: (/Engine/Transient.EditorFloorComp) Not registered. Aborting.
[2016.11.25-14.57.51:768][336]Cmd: OBJ SAVEPACKAGE PACKAGE="/Game/BP/MyGameMode" FILE="../../../../../../Users/jcy/Documents/GitHub/UNNAMED/UNNAMED/Content/BP/MyGameMode.uasset" SILENT=true
[2016.11.25-14.57.51:930][336]LogSavePackage: Save=73.07ms
[2016.11.25-14.57.51:930][336]LogSavePackage: Moving '../../../../../../Users/jcy/Documents/GitHub/UNNAMED/UNNAMED/Saved/MyGameMode5AFD663646DA06C09EFB5DAC14B100C5.tmp' to '../../../../../../Users/jcy/Documents/GitHub/UNNAMED/UNNAMED/Content/BP/MyGameMode.uasset'
[2016.11.25-14.57.51:934][336]LogSavePackage:Display: Finished SavePackage ../../../../../../Users/jcy/Documents/GitHub/UNNAMED/UNNAMED/Content/BP/MyGameMode.uasset
[2016.11.25-14.57.54:653][433]LogWindowsTextInputMethodSystem:Display: IME system now activated using TSF (Microsoft 입력기).
[2016.11.25-14.57.54:859][434]Cmd: QUIT_EDITOR
[2016.11.25-14.57.55:797][434]LogExit: Preparing to exit.
[2016.11.25-14.57.56:204][434]LogExit: Editor shut down
[2016.11.25-14.57.56:207][434]LogExit: Transaction tracking system shut down
[2016.11.25-14.57.56:423][434]LogObj: Freed 0b from 0 cluster array pools.
[2016.11.25-14.57.56:423][434]LogExit: Object subsystem successfully closed.
[2016.11.25-14.57.56:467][434]LogD3D11RHI: Shutdown
[2016.11.25-14.57.56:467][434]LogD3D11RHI: CleanupD3DDevice
[2016.11.25-14.57.56:542][434]LogD3D11RHI: ~FD3D11DynamicRHI
[2016.11.25-14.57.56:566][434]LogModuleManager: Shutting down and abandoning module MovieSceneCapture (219)
[2016.11.25-14.57.56:566][434]LogModuleManager: Shutting down and abandoning module SequencerWidgets (218)
[2016.11.25-14.57.56:566][434]LogModuleManager: Shutting down and abandoning module BlueprintGraph (217)
[2016.11.25-14.57.56:566][434]LogModuleManager: Shutting down and abandoning module HierarchicalLODOutliner (216)
[2016.11.25-14.57.56:566][434]LogModuleManager: Shutting down and abandoning module CrashTracker (215)
[2016.11.25-14.57.56:566][434]LogModuleManager: Shutting down and abandoning module SceneOutliner (214)
[2016.11.25-14.57.56:566][434]LogModuleManager: Shutting down and abandoning module WidgetCarousel (213)
[2016.11.25-14.57.56:566][434]LogModuleManager: Shutting down and abandoning module AddContentDialog (212)
[2016.11.25-14.57.56:572][434]LogModuleManager: Shutting down and abandoning module GameplayTags (211)
[2016.11.25-14.57.56:572][434]LogModuleManager: Shutting down and abandoning module EditorWidgets (210)
[2016.11.25-14.57.56:572][434]LogModuleManager: Shutting down and abandoning module CollectionManager (209)
[2016.11.25-14.57.56:573][434]LogModuleManager: Shutting down and abandoning module StatsViewer (208)
[2016.11.25-14.57.56:573][434]LogModuleManager: Shutting down and abandoning module FoliageEdit (207)
[2016.11.25-14.57.56:573][434]LogModuleManager: Shutting down and abandoning module LandscapeEditor (206)
[2016.11.25-14.57.56:573][434]LogModuleManager: Shutting down and abandoning module SceneDepthPickerMode (205)
[2016.11.25-14.57.56:573][434]LogModuleManager: Shutting down and abandoning module ActorPickerMode (204)
[2016.11.25-14.57.56:573][434]LogModuleManager: Shutting down and abandoning module GeometryMode (203)
[2016.11.25-14.57.56:573][434]LogModuleManager: Shutting down and abandoning module TextureAlignMode (202)
[2016.11.25-14.57.56:573][434]LogModuleManager: Shutting down and abandoning module BspMode (201)
[2016.11.25-14.57.56:573][434]LogModuleManager: Shutting down and abandoning module HardwareSurvey (200)
[2016.11.25-14.57.56:573][434]LogModuleManager: Shutting down and abandoning module SequenceRecorderSections (199)
[2016.11.25-14.57.56:573][434]LogModuleManager: Shutting down and abandoning module SequenceRecorder (198)
[2016.11.25-14.57.56:573][434]LogModuleManager: Shutting down and abandoning module AutomationWorker (197)
[2016.11.25-14.57.56:573][434]LogModuleManager: Shutting down and abandoning module MatineeToLevelSequence (196)
[2016.11.25-14.57.56:573][434]LogModuleManager: Shutting down and abandoning module PlacementMode (195)
[2016.11.25-14.57.56:573][434]LogModuleManager: Shutting down and abandoning module LevelSequenceEditor (194)
[2016.11.25-14.57.56:573][434]LogModuleManager: Shutting down and abandoning module CharacterAI (193)
[2016.11.25-14.57.56:573][434]LogModuleManager: Shutting down and abandoning module SmartSnapping (192)
[2016.11.25-14.57.56:573][434]LogModuleManager: Shutting down and abandoning module SessionServices (191)
[2016.11.25-14.57.56:573][434]LogModuleManager: Shutting down and abandoning module ViewportSnapping (190)
[2016.11.25-14.57.56:573][434]LogModuleManager: Shutting down and abandoning module LogVisualizer (189)
[2016.11.25-14.57.56:574][434]LogModuleManager: Shutting down and abandoning module GameProjectGeneration (188)
[2016.11.25-14.57.56:574][434]LogModuleManager: Shutting down and abandoning module IntroTutorials (187)
[2016.11.25-14.57.56:574][434]LogModuleManager: Shutting down and abandoning module EditorLiveStreaming (186)
[2016.11.25-14.57.56:574][434]LogModuleManager: Shutting down and abandoning module IOSPlatformEditor (185)
[2016.11.25-14.57.56:574][434]LogModuleManager: Shutting down and abandoning module HTML5PlatformEditor (184)
[2016.11.25-14.57.56:574][434]LogModuleManager: Shutting down and abandoning module AndroidDeviceDetection (183)
[2016.11.25-14.57.56:871][434]LogModuleManager: Shutting down and abandoning module AndroidPlatformEditor (182)
[2016.11.25-14.57.56:871][434]LogModuleManager: Shutting down and abandoning module IOSRuntimeSettings (181)
[2016.11.25-14.57.56:871][434]LogModuleManager: Shutting down and abandoning module AndroidRuntimeSettings (180)
[2016.11.25-14.57.56:871][434]LogModuleManager: Shutting down and abandoning module MergeActors (179)
[2016.11.25-14.57.56:871][434]LogModuleManager: Shutting down and abandoning module SizeMap (178)
[2016.11.25-14.57.56:871][434]LogModuleManager: Shutting down and abandoning module TreeMap (177)
[2016.11.25-14.57.56:871][434]LogModuleManager: Shutting down and abandoning module ReferenceViewer (176)
[2016.11.25-14.57.56:871][434]LogModuleManager: Shutting down and abandoning module LocalizationService (175)
[2016.11.25-14.57.56:871][434]LogModuleManager: Shutting down and abandoning module LocalizationDashboard (174)
[2016.11.25-14.57.56:872][434]LogModuleManager: Shutting down and abandoning module HardwareTargeting (173)
[2016.11.25-14.57.56:872][434]LogModuleManager: Shutting down and abandoning module DeviceProfileEditor (172)
[2016.11.25-14.57.56:872][434]LogModuleManager: Shutting down and abandoning module UndoHistory (171)
[2016.11.25-14.57.56:872][434]LogModuleManager: Shutting down and abandoning module UserFeedback (170)
[2016.11.25-14.57.56:872][434]LogModuleManager: Shutting down and abandoning module XmlParser (169)
[2016.11.25-14.57.56:872][434]LogModuleManager: Shutting down and abandoning module Blutility (168)
[2016.11.25-14.57.56:872][434]LogModuleManager: Shutting down and abandoning module ProjectTargetPlatformEditor (167)
[2016.11.25-14.57.56:872][434]LogModuleManager: Shutting down and abandoning module ProjectSettingsViewer (166)
[2016.11.25-14.57.56:872][434]LogModuleManager: Shutting down and abandoning module InputBindingEditor (165)
[2016.11.25-14.57.56:872][434]LogModuleManager: Shutting down and abandoning module EditorSettingsViewer (164)
[2016.11.25-14.57.56:872][434]LogModuleManager: Shutting down and abandoning module SettingsEditor (163)
[2016.11.25-14.57.56:872][434]LogModuleManager: Shutting down and abandoning module ProjectLauncher (162)
[2016.11.25-14.57.56:872][434]LogModuleManager: Shutting down and abandoning module SessionFrontend (161)
[2016.11.25-14.57.56:872][434]LogModuleManager: Shutting down and abandoning module ProfilerClient (160)
[2016.11.25-14.57.56:872][434]LogModuleManager: Shutting down and abandoning module TargetDeviceServices (159)
[2016.11.25-14.57.56:872][434]LogModuleManager: Shutting down and abandoning module DeviceManager (158)
[2016.11.25-14.57.56:914][434]LogModuleManager: Shutting down and abandoning module AutomationController (157)
[2016.11.25-14.57.56:914][434]LogModuleManager: Shutting down and abandoning module AutomationWindow (156)
[2016.11.25-14.57.56:914][434]LogModuleManager: Shutting down and abandoning module Layers (155)
[2016.11.25-14.57.56:914][434]LogModuleManager: Shutting down and abandoning module ComponentVisualizers (154)
[2016.11.25-14.57.56:914][434]LogModuleManager: Shutting down and abandoning module DetailCustomizations (153)
[2016.11.25-14.57.56:914][434]LogModuleManager: Shutting down and abandoning module PackagesDialog (152)
[2016.11.25-14.57.56:915][434]LogModuleManager: Shutting down and abandoning module Persona (151)
[2016.11.25-14.57.56:915][434]LogModuleManager: Shutting down and abandoning module Kismet (150)
[2016.11.25-14.57.56:915][434]LogModuleManager: Shutting down and abandoning module GraphEditor (149)
[2016.11.25-14.57.56:915][434]LogModuleManager: Shutting down and abandoning module ClassViewer (148)
[2016.11.25-14.57.56:915][434]LogModuleManager: Shutting down and abandoning module Toolbox (147)
[2016.11.25-14.57.56:915][434]LogModuleManager: Shutting down and abandoning module ModuleUI (146)
[2016.11.25-14.57.56:915][434]LogModuleManager: Shutting down and abandoning module MovieSceneTools (145)
[2016.11.25-14.57.56:915][434]LogModuleManager: Shutting down and abandoning module OutputLog (144)
[2016.11.25-14.57.56:915][434]LogModuleManager: Shutting down and abandoning module GammaUI (143)
[2016.11.25-14.57.56:915][434]LogModuleManager: Shutting down and abandoning module Documentation (142)
[2016.11.25-14.57.56:915][434]LogModuleManager: Shutting down and abandoning module StreamingPauseRendering (141)
[2016.11.25-14.57.56:915][434]LogModuleManager: Shutting down and abandoning module AnalyticsET (140)
[2016.11.25-14.57.56:915][434]LogModuleManager: Shutting down and abandoning module Analytics (139)
[2016.11.25-14.57.56:915][434]LogModuleManager: Shutting down and abandoning module PortalServices (138)
[2016.11.25-14.57.56:915][434]LogModuleManager: Shutting down and abandoning module PortalRpc (137)
[2016.11.25-14.57.56:915][434]LogModuleManager: Shutting down and abandoning module MessagingRpc (136)
[2016.11.25-14.57.56:915][434]LogModuleManager: Shutting down and abandoning module GameplayDebugger (135)
[2016.11.25-14.57.56:915][434]LogModuleManager: Shutting down and abandoning module AITestSuite (134)
[2016.11.25-14.57.56:915][434]LogModuleManager: Shutting down and abandoning module AIModule (133)
[2016.11.25-14.57.56:915][434]LogModuleManager: Shutting down and abandoning module ProfilerService (132)
[2016.11.25-14.57.57:067][434]LogModuleManager: Shutting down and abandoning module TaskGraph (131)
[2016.11.25-14.57.57:067][434]LogModuleManager: Shutting down and abandoning module SlateRemote (130)
[2016.11.25-14.57.57:067][434]LogModuleManager: Shutting down and abandoning module SteamVRController (129)
[2016.11.25-14.57.57:067][434]LogModuleManager: Shutting down and abandoning module SteamVR (128)
[2016.11.25-14.57.57:067][434]LogModuleManager: Shutting down and abandoning module ProceduralMeshComponent (127)
[2016.11.25-14.57.57:067][434]LogModuleManager: Shutting down and abandoning module OculusLibrary (126)
[2016.11.25-14.57.57:067][434]LogModuleManager: Shutting down and abandoning module OculusInput (125)
[2016.11.25-14.57.57:067][434]LogModuleManager: Shutting down and abandoning module CustomMeshComponent (124)
[2016.11.25-14.57.57:067][434]LogModuleManager: Shutting down and abandoning module CableComponent (123)
[2016.11.25-14.57.57:067][434]LogModuleManager: Shutting down and abandoning module ArchVisCharacter (122)
[2016.11.25-14.57.57:067][434]LogModuleManager: Shutting down and abandoning module MediaPlayerEditor (121)
[2016.11.25-14.57.57:068][434]LogModuleManager: Shutting down and abandoning module HTML5Networking (120)
[2016.11.25-14.57.57:068][434]LogModuleManager: Shutting down and abandoning module SuperSearch (119)
[2016.11.25-14.57.57:068][434]LogModuleManager: Shutting down and abandoning module SuperSearchEditor (118)
[2016.11.25-14.57.57:068][434]LogModuleManager: Shutting down and abandoning module SpeedTreeImporter (117)
[2016.11.25-14.57.57:068][434]LogModuleManager: Shutting down and abandoning module PluginBrowser (116)
[2016.11.25-14.57.57:068][434]LogModuleManager: Shutting down and abandoning module EpicSurvey (115)
[2016.11.25-14.57.57:068][434]LogModuleManager: Shutting down and abandoning module DesktopPlatform (114)
[2016.11.25-14.57.57:068][434]LogModuleManager: Shutting down and abandoning module VisualStudioSourceCodeAccess (113)
[2016.11.25-14.57.57:068][434]LogModuleManager: Shutting down and abandoning module UObjectPlugin (112)
[2016.11.25-14.57.57:068][434]LogModuleManager: Shutting down and abandoning module SubversionSourceControl (111)
[2016.11.25-14.57.57:068][434]LogModuleManager: Shutting down and abandoning module PerforceSourceControl (110)
[2016.11.25-14.57.57:068][434]LogModuleManager: Shutting down and abandoning module SourceControl (109)
[2016.11.25-14.57.57:068][434]LogModuleManager: Shutting down and abandoning module GitSourceControl (108)
[2016.11.25-14.57.57:068][434]LogModuleManager: Shutting down and abandoning module LightPropagationVolumeEditor (107)
[2016.11.25-14.57.57:068][434]LogModuleManager: Shutting down and abandoning module PaperTiledImporter (106)
[2016.11.25-14.57.57:068][434]LogModuleManager: Shutting down and abandoning module PaperSpriteSheetImporter (105)
[2016.11.25-14.57.57:068][434]LogModuleManager: Shutting down and abandoning module MeshPaint (104)
[2016.11.25-14.57.57:068][434]LogModuleManager: Shutting down and abandoning module PixelInspectorModule (103)
[2016.11.25-14.57.57:068][434]LogModuleManager: Shutting down and abandoning module HotReload (102)
[2016.11.25-14.57.57:069][434]LogModuleManager: Shutting down and abandoning module MainFrame (101)
[2016.11.25-14.57.57:069][434]LogModuleManager: Shutting down and abandoning module LevelEditor (100)
[2016.11.25-14.57.57:069][434]LogModuleManager: Shutting down and abandoning module ContentBrowser (99)
[2016.11.25-14.57.57:071][434]LogModuleManager: Shutting down and abandoning module Paper2DEditor (98)
[2016.11.25-14.57.57:071][434]LogModuleManager: Shutting down and abandoning module UdpMessaging (97)
[2016.11.25-14.57.57:172][434]LogModuleManager: Shutting down and abandoning module LightPropagationVolumeRuntime (96)
[2016.11.25-14.57.57:172][434]LogModuleManager: Shutting down and abandoning module Paper2D (95)
[2016.11.25-14.57.57:172][434]LogModuleManager: Shutting down and abandoning module WindowsMoviePlayer (94)
[2016.11.25-14.57.57:172][434]LogModuleManager: Shutting down and abandoning module Media (93)
[2016.11.25-14.57.57:172][434]LogModuleManager: Shutting down and abandoning module WmfMedia (92)
[2016.11.25-14.57.57:172][434]LogModuleManager: Shutting down and abandoning module MediaAssets (91)
[2016.11.25-14.57.57:172][434]LogModuleManager: Shutting down and abandoning module GameLiveStreaming (90)
[2016.11.25-14.57.57:172][434]LogModuleManager: Shutting down and abandoning module GameplayTagsEditor (89)
[2016.11.25-14.57.57:172][434]LogModuleManager: Shutting down and abandoning module OnlineBlueprintSupport (88)
[2016.11.25-14.57.57:172][434]LogModuleManager: Shutting down and abandoning module VREditor (87)
[2016.11.25-14.57.57:172][434]LogModuleManager: Shutting down and abandoning module GameplayTasksEditor (86)
[2016.11.25-14.57.57:172][434]LogModuleManager: Shutting down and abandoning module PropertyEditor (85)
[2016.11.25-14.57.57:172][434]LogModuleManager: Shutting down and abandoning module BehaviorTreeEditor (84)
[2016.11.25-14.57.57:172][434]LogModuleManager: Shutting down and abandoning module FunctionalTesting (83)
[2016.11.25-14.57.57:172][434]LogModuleManager: Shutting down and abandoning module CollisionAnalyzer (82)
[2016.11.25-14.57.57:172][434]LogModuleManager: Shutting down and abandoning module Sequencer (81)
[2016.11.25-14.57.57:173][434]LogModuleManager: Shutting down and abandoning module WorkspaceMenuStructure (80)
[2016.11.25-14.57.57:173][434]LogModuleManager: Shutting down and abandoning module MessageLog (79)
[2016.11.25-14.57.57:173][434]LogModuleManager: Shutting down and abandoning module AssetTools (78)
[2016.11.25-14.57.57:173][434]LogModuleManager: Shutting down and abandoning module UMGEditor (77)
[2016.11.25-14.57.57:173][434]LogModuleManager: Shutting down and abandoning module UMG (76)
[2016.11.25-14.57.57:173][434]LogModuleManager: Shutting down and abandoning module SlateReflector (75)
[2016.11.25-14.57.57:173][434]LogModuleManager: Shutting down and abandoning module Slate (74)
[2016.11.25-14.57.57:173][434]LogModuleManager: Shutting down and abandoning module EditorStyle (73)
[2016.11.25-14.57.57:176][434]LogModuleManager: Shutting down and abandoning module SourceCodeAccess (72)
[2016.11.25-14.57.57:176][434]LogModuleManager: Shutting down and abandoning module HeadMountedDisplay (71)
[2016.11.25-14.57.57:176][434]LogModuleManager: Shutting down and abandoning module XAudio2 (70)
[2016.11.25-14.57.57:176][434]LogModuleManager: Shutting down and abandoning module Networking (69)
[2016.11.25-14.57.57:176][434]LogModuleManager: Shutting down and abandoning module Core (68)
[2016.11.25-14.57.57:176][434]LogModuleManager: Shutting down and abandoning module DirectoryWatcher (67)
[2016.11.25-14.57.57:180][434]LogModuleManager: Shutting down and abandoning module AssetRegistry (66)
[2016.11.25-14.57.57:389][434]LogModuleManager: Shutting down and abandoning module KismetCompiler (65)
[2016.11.25-14.57.57:389][434]LogModuleManager: Shutting down and abandoning module PhysXFormats (64)
[2016.11.25-14.57.57:389][434]LogModuleManager: Shutting down and abandoning module MeshUtilities (63)
[2016.11.25-14.57.57:389][434]LogModuleManager: Shutting down and abandoning module DerivedDataCache (62)
[2016.11.25-14.57.57:442][434]LogDerivedDataCache: Shutdown
[2016.11.25-14.57.57:442][434]LogModuleManager: Shutting down and abandoning module VulkanShaderFormat (61)
[2016.11.25-14.57.57:442][434]LogModuleManager: Shutting down and abandoning module ShaderFormatOpenGL (60)
[2016.11.25-14.57.57:442][434]LogModuleManager: Shutting down and abandoning module ShaderFormatD3D (59)
[2016.11.25-14.57.57:442][434]LogModuleManager: Shutting down and abandoning module MetalShaderFormat (58)
[2016.11.25-14.57.57:442][434]LogModuleManager: Shutting down and abandoning module TextureFormatUncompressed (57)
[2016.11.25-14.57.57:442][434]LogModuleManager: Shutting down and abandoning module TextureFormatPVR (56)
[2016.11.25-14.57.57:442][434]LogModuleManager: Shutting down and abandoning module TextureFormatIntelISPCTexComp (55)
[2016.11.25-14.57.57:443][434]LogModuleManager: Shutting down and abandoning module TextureFormatDXT (54)
[2016.11.25-14.57.57:443][434]LogModuleManager: Shutting down and abandoning module ImageWrapper (53)
[2016.11.25-14.57.57:443][434]LogModuleManager: Shutting down and abandoning module TextureFormatASTC (52)
[2016.11.25-14.57.57:443][434]LogModuleManager: Shutting down and abandoning module TextureFormatAndroid (51)
[2016.11.25-14.57.57:443][434]LogModuleManager: Shutting down and abandoning module AudioFormatOpus (50)
[2016.11.25-14.57.57:443][434]LogModuleManager: Shutting down and abandoning module AudioFormatOgg (49)
[2016.11.25-14.57.57:443][434]LogModuleManager: Shutting down and abandoning module AudioFormatADPCM (48)
[2016.11.25-14.57.57:443][434]LogModuleManager: Shutting down and abandoning module LinuxTargetPlatform (47)
[2016.11.25-14.57.57:443][434]LogModuleManager: Shutting down and abandoning module LinuxServerTargetPlatform (46)
[2016.11.25-14.57.57:443][434]LogModuleManager: Shutting down and abandoning module LinuxNoEditorTargetPlatform (45)
[2016.11.25-14.57.57:443][434]LogModuleManager: Shutting down and abandoning module TVOSTargetPlatform (44)
[2016.11.25-14.57.57:443][434]LogModuleManager: Shutting down and abandoning module Messaging (43)
[2016.11.25-14.57.57:443][434]LogModuleManager: Shutting down and abandoning module IOSTargetPlatform (42)
[2016.11.25-14.57.57:443][434]LogModuleManager: Shutting down and abandoning module HTML5TargetPlatform (41)
[2016.11.25-14.57.57:443][434]LogModuleManager: Shutting down and abandoning module Android_PVRTCTargetPlatform (40)
[2016.11.25-14.57.57:443][434]LogModuleManager: Shutting down and abandoning module Android_MultiTargetPlatform (39)
[2016.11.25-14.57.57:443][434]LogModuleManager: Shutting down and abandoning module Android_ETC2TargetPlatform (38)
[2016.11.25-14.57.57:443][434]LogModuleManager: Shutting down and abandoning module Android_ETC1TargetPlatform (37)
[2016.11.25-14.57.57:443][434]LogModuleManager: Shutting down and abandoning module Android_DXTTargetPlatform (36)
[2016.11.25-14.57.57:443][434]LogModuleManager: Shutting down and abandoning module Android_ATCTargetPlatform (35)
[2016.11.25-14.57.57:443][434]LogModuleManager: Shutting down and abandoning module Android_ASTCTargetPlatform (34)
[2016.11.25-14.57.57:443][434]LogModuleManager: Shutting down and abandoning module AndroidTargetPlatform (33)
[2016.11.25-14.57.57:443][434]LogModuleManager: Shutting down and abandoning module WindowsTargetPlatform (32)
[2016.11.25-14.57.57:443][434]LogModuleManager: Shutting down and abandoning module WindowsServerTargetPlatform (31)
[2016.11.25-14.57.57:443][434]LogModuleManager: Shutting down and abandoning module WindowsNoEditorTargetPlatform (30)
[2016.11.25-14.57.57:443][434]LogModuleManager: Shutting down and abandoning module WindowsClientTargetPlatform (29)
[2016.11.25-14.57.57:443][434]LogModuleManager: Shutting down and abandoning module AllDesktopTargetPlatform (28)
[2016.11.25-14.57.57:443][434]LogModuleManager: Shutting down and abandoning module TargetPlatform (27)
[2016.11.25-14.57.57:443][434]LogModuleManager: Shutting down and abandoning module InputCore (26)
[2016.11.25-14.57.57:443][434]LogModuleManager: Shutting down and abandoning module Settings (25)
[2016.11.25-14.57.57:443][434]LogModuleManager: Shutting down and abandoning module Voice (23)
[2016.11.25-14.57.57:444][434]LogModuleManager: Shutting down and abandoning module OnlineSubsystem (19)
[2016.11.25-14.57.57:444][434]LogOnline:Display: NULL: FOnlineSubsystemNull::Shutdown()
[2016.11.25-14.57.57:444][434]LogOnline:Display: Unloading online subsystem: NULL
[2016.11.25-14.57.57:444][434]LogModuleManager: Shutting down and abandoning module HTTP (18)
[2016.11.25-14.57.58:946][434]LogModuleManager: Shutting down and abandoning module XMPP (17)
[2016.11.25-14.57.58:946][434]LogModuleManager: Shutting down and abandoning module OculusRift (16)
[2016.11.25-14.57.58:946][434]LogModuleManager: Shutting down and abandoning module ExampleDeviceProfileSelector (15)
[2016.11.25-14.57.58:946][434]LogModuleManager: Shutting down and abandoning module TextureCompressor (14)
[2016.11.25-14.57.58:946][434]LogModuleManager: Shutting down and abandoning module ShaderCore (13)
[2016.11.25-14.57.58:946][434]LogModuleManager: Shutting down and abandoning module Landscape (12)
[2016.11.25-14.57.58:946][434]LogModuleManager: Shutting down and abandoning module SlateRHIRenderer (11)
[2016.11.25-14.57.58:953][434]LogModuleManager: Shutting down and abandoning module OpenGLDrv (10)
[2016.11.25-14.57.58:953][434]LogModuleManager: Shutting down and abandoning module D3D11RHI (9)
[2016.11.25-14.57.58:953][434]LogModuleManager: Shutting down and abandoning module AnimGraphRuntime (8)
[2016.11.25-14.57.58:953][434]LogModuleManager: Shutting down and abandoning module Renderer (7)
[2016.11.25-14.57.58:953][434]LogModuleManager: Shutting down and abandoning module Engine (6)
[2016.11.25-14.57.58:953][434]LogModuleManager: Shutting down and abandoning module CoreUObject (5)
[2016.11.25-14.57.58:953][434]LogModuleManager: Shutting down and abandoning module NetworkFile (4)
[2016.11.25-14.57.58:953][434]LogModuleManager: Shutting down and abandoning module StreamingFile (3)
[2016.11.25-14.57.58:953][434]LogModuleManager: Shutting down and abandoning module SandboxFile (2)
[2016.11.25-14.57.58:953][434]LogModuleManager: Shutting down and abandoning module PakFile (1)
[2016.11.25-14.57.58:955][434]LogExit: Exiting.
[2016.11.25-14.57.58:959][434]Log file closed, 11/25/16 23:57:58
