Log file open, 04/15/17 18:30:02
LogInit:Display: Running engine for game: UNNAMED
LogPlatformFile: Not using cached read wrapper
LogInit:Display: RandInit(-543088955) SRandInit(-543088954).
LogTaskGraph: Started task graph with 4 named threads and 7 total threads with 1 sets of task threads.
LogStats: Stats thread started at 0.082229
LogInit: Version: 4.12.5-3039270+++UE4+Release-4.12
LogInit: API Version: 2992821
LogInit: Net Version: 3039270
LogDevObjectVersion: Number of dev versions registered: 13
LogDevObjectVersion:   Dev-Blueprints (B0D832E4-1F89-4F0D-ACCF-7EB736FD4AA2): 3
LogDevObjectVersion:   Dev-Build (E1C64328-A22C-4D53-A36C-8E866417BD8C): 0
LogDevObjectVersion:   Dev-Core (375EC13C-06E4-48FB-B500-84F0262A717E): 1
LogDevObjectVersion:   Dev-Editor (E4B068ED-F494-42E9-A231-DA0B2E46BB41): 2
LogDevObjectVersion:   Dev-Framework (CFFC743F-43B0-4480-9391-14DF171D2073): 6
LogDevObjectVersion:   Dev-Mobile (B02B49B5-BB20-44E9-A304-32B752E40360): 0
LogDevObjectVersion:   Dev-Networking (A4E4105C-59A1-49B5-A7C5-40C4547EDFEE): 0
LogDevObjectVersion:   Dev-Online (39C831C9-5AE6-47DC-9A44-9C173E1C8E7C): 0
LogDevObjectVersion:   Dev-Physics (78F01B33-EBEA-4F98-B9B4-84EACCB95AA2): 0
LogDevObjectVersion:   Dev-Platform (6631380F-2D4D-43E0-8009-CF276956A95A): 0
LogDevObjectVersion:   Dev-Rendering (12F88B9F-8875-4AFC-A67C-D90C383ABD29): 2
LogDevObjectVersion:   Dev-Sequencer (7B5AE74C-D270-4C10-A958-57980B212A5A): 0
LogDevObjectVersion:   Dev-VR (D7296918-1DD6-4BDD-9DE2-64A83CC13884): 0
LogInit: Compiled (64-bit): Jul  6 2016 09:09:46
LogInit: Compiled with Visual C++: 19.00.23026.00
LogInit: Build Configuration: Development
LogInit: Branch Name: ++UE4+Release-4.12
LogInit: Command line:  /Temp/Autosaves/Game/Map/UEDPCMain -game -PIEVIACONSOLE -ResX=1280 -ResY=720  -Multiprocess -windowed -messaging -SessionName="Play in Standalone Game" 
LogInit: Base directory: C:/Program Files (x86)/Epic Games/4.12/Engine/Binaries/Win64/
LogInit: Installed Engine Build: 1
LogInit: Using libcurl 7.41.0
LogInit:  - built for x86_64-pc-win32
LogInit:  - supports SSL with WinSSL
LogInit:  - other features:
LogInit:      CURL_VERSION_SSL
LogInit:      CURL_VERSION_IPV6
LogInit:      CURL_VERSION_ASYNCHDNS
LogInit:      CURL_VERSION_LARGEFILE
LogInit:      CURL_VERSION_IDN
LogInit:  CurlRequestOptions (configurable via config and command line):
LogInit:  - bVerifyPeer = true  - Libcurl will verify peer certificate
LogInit:  - bUseHttpProxy = false  - Libcurl will NOT use HTTP proxy
LogInit:  - bDontReuseConnections = false  - Libcurl will reuse connections
LogInit:  - CertBundlePath = nullptr  - Libcurl will use whatever was configured at build time.
LogOnline:Display: STEAM: Loading Steam SDK 1.32
LogInit: WinSock: version 1.1 (2.2), MaxSocks=32767, MaxUdp=65467
LogInit: Presizing for max 8388607 objects, including 0 objects not considered by GC, pre-allocating 0 bytes for permanent pool.
LogInit: Object subsystem initialized
[2017.04.15-09.30.02:835][  0]LogInit: Selected Device Profile: [Windows]
[2017.04.15-09.30.02:835][  0]LogInit: Applying CVar settings loaded from the selected device profile: [Windows]
[2017.04.15-09.30.02:844][  0]LogInit: Computer: DESKTOP-5I3HB32
[2017.04.15-09.30.02:844][  0]LogInit: User: jcy
[2017.04.15-09.30.02:844][  0]LogInit: CPU Page size=65536, Cores=4
[2017.04.15-09.30.02:844][  0]LogInit: High frequency timer resolution =2.533207 MHz
[2017.04.15-09.30.02:844][  0]LogMemory: Memory total: Physical=11.9GB (12GB approx)
[2017.04.15-09.30.02:844][  0]LogMemory: Platform Memory Stats for Windows
[2017.04.15-09.30.02:844][  0]LogMemory: Process Physical Memory: 230.03 MB used, 230.03 MB peak
[2017.04.15-09.30.02:844][  0]LogMemory: Process Virtual Memory: 216.65 MB used, 216.65 MB peak
[2017.04.15-09.30.02:844][  0]LogMemory: Physical Memory: 5932.72 MB used, 12209.86 MB total
[2017.04.15-09.30.02:844][  0]LogMemory: Virtual Memory: 678.32 MB used, 134217728.00 MB total
[2017.04.15-09.30.03:453][  0]LogD3D11RHI: D3D11 adapters:
[2017.04.15-09.30.04:118][  0]LogD3D11RHI:    0. 'NVIDIA GeForce GTX 960M' (Feature Level 11_0)
[2017.04.15-09.30.04:118][  0]LogD3D11RHI:       2019/0/6104 MB DedicatedVideo/DedicatedSystem/SharedSystem, Outputs:2, VendorId:0x10de
[2017.04.15-09.30.04:126][  0]LogD3D11RHI:    1. 'Intel(R) HD Graphics 4600' (Feature Level 11_0)
[2017.04.15-09.30.04:126][  0]LogD3D11RHI:       112/0/2048 MB DedicatedVideo/DedicatedSystem/SharedSystem, Outputs:0, VendorId:0x8086
[2017.04.15-09.30.04:128][  0]LogD3D11RHI:    2. 'Microsoft Basic Render Driver' (Feature Level 11_0)
[2017.04.15-09.30.04:128][  0]LogD3D11RHI:       0/0/6104 MB DedicatedVideo/DedicatedSystem/SharedSystem, Outputs:0, VendorId:0x1414
[2017.04.15-09.30.04:128][  0]LogD3D11RHI: Chosen D3D11 Adapter: 0
[2017.04.15-09.30.04:135][  0]LogD3D11RHI: Creating new Direct3DDevice
[2017.04.15-09.30.04:136][  0]LogD3D11RHI:     GPU DeviceId: 0x139b (for the marketing name, search the web for "GPU Device Id")
[2017.04.15-09.30.04:136][  0]LogWindows: EnumDisplayDevices:
[2017.04.15-09.30.04:136][  0]LogWindows:    0. 'Intel(R) HD Graphics 4600' (P:0 D:1)
[2017.04.15-09.30.04:136][  0]LogWindows:    1. 'Intel(R) HD Graphics 4600' (P:1 D:1)
[2017.04.15-09.30.04:136][  0]LogWindows:    2. 'Intel(R) HD Graphics 4600' (P:0 D:0)
[2017.04.15-09.30.04:136][  0]LogWindows: DebugString: PrimaryIsNotTheChoosenAdapter PrimaryIsNotTheChoosenAdapter PrimaryIsNotTheChoosenAdapter FoundDriverCount:0 
[2017.04.15-09.30.04:136][  0]LogD3D11RHI:     Adapter Name: NVIDIA GeForce GTX 960M
[2017.04.15-09.30.04:136][  0]LogD3D11RHI:   Driver Version: Unknown (internal:Unknown, unified:Unknown)
[2017.04.15-09.30.04:136][  0]LogD3D11RHI:      Driver Date: Unknown
[2017.04.15-09.30.04:136][  0]LogRHI: Texture pool is 1361 MB (70% of 1945 MB)
[2017.04.15-09.30.04:764][  0]LogD3D11RHI: Async texture creation enabled
[2017.04.15-09.30.04:874][  0]LogD3D11RHI: GPU Timing Frequency: 1000.000000 (Debug: 2 1)
[2017.04.15-09.30.04:874][  0]LogShaderCompilers: Guid format shader working directory is -16 characters bigger than the processId version (../../../../../../Users/jcy/Documents/GitHub/UNNAMED/UNNAMED/Intermediate/Shaders/WorkingDirectory/9852/).
[2017.04.15-09.30.04:874][  0]LogShaderCompilers: Cleaned the shader compiler working directory 'C:/Users/jcy/AppData/Local/Temp/UnrealShaderWorkingDir/2B6EBEDE4F86751CAFCDBFA2BB5833F4/'.
[2017.04.15-09.30.04:874][  0]LogShaderCompilers:Display: Using Local Shader Compiler.
[2017.04.15-09.30.05:984][  0]LogTemp:Display: Loaded TP WindowsClientTargetPlatform
[2017.04.15-09.30.05:998][  0]LogTemp:Display: Loaded TP WindowsNoEditorTargetPlatform
[2017.04.15-09.30.06:012][  0]LogTemp:Display: Loaded TP WindowsServerTargetPlatform
[2017.04.15-09.30.06:026][  0]LogTemp:Display: Loaded TP WindowsTargetPlatform
[2017.04.15-09.30.06:026][  0]LogTargetPlatformManager:Display: Building Assets For Windows
[2017.04.15-09.30.06:153][  0]LogDerivedDataCache:Display: Max Cache Size: 512 MB
[2017.04.15-09.30.06:221][  0]LogDerivedDataCache: Loaded boot cache 0.07s 69MB C:/Users/jcy/AppData/Local/UnrealEngine/4.12/DerivedDataCache/Boot.ddc.
[2017.04.15-09.30.06:222][  0]LogDerivedDataCache:Display: Loaded Boot cache: C:/Users/jcy/AppData/Local/UnrealEngine/4.12/DerivedDataCache/Boot.ddc
[2017.04.15-09.30.06:222][  0]LogDerivedDataCache: FDerivedDataBackendGraph:  Pak pak cache file ../../../../../../Users/jcy/Documents/GitHub/UNNAMED/UNNAMED/DerivedDataCache/DDC.ddp not found, will not use a pak cache.
[2017.04.15-09.30.06:222][  0]LogDerivedDataCache: Unable to find inner node Pak for hierarchical cache Hierarchy.
[2017.04.15-09.30.06:222][  0]LogDerivedDataCache: FDerivedDataBackendGraph:  CompressedPak pak cache file ../../../../../../Users/jcy/Documents/GitHub/UNNAMED/UNNAMED/DerivedDataCache/Compressed.ddp not found, will not use a pak cache.
[2017.04.15-09.30.06:222][  0]LogDerivedDataCache: Unable to find inner node CompressedPak for hierarchical cache Hierarchy.
[2017.04.15-09.30.06:246][  0]LogDerivedDataCache:Display: Pak cache opened for reading ../../../Engine/DerivedDataCache/Compressed.ddp.
[2017.04.15-09.30.06:258][  0]LogDerivedDataCache: Using Local data cache path C:/Users/jcy/AppData/Local/UnrealEngine/Common/DerivedDataCache: Writable
[2017.04.15-09.30.06:541][  0]LogAssetRegistry: FAssetRegistry took 0.0001 seconds to start up
[2017.04.15-09.30.06:544][  0]LogPackageLocalizationCache: Processed 3 localized package path(s) for 1 prioritized culture(s) in 0.003231 seconds
[2017.04.15-09.30.06:548][  0]LogInit: Selected Device Profile: [Windows]
[2017.04.15-09.30.06:549][  0]LogContentStreaming: Texture pool size is 1000.00 MB
[2017.04.15-09.30.06:709][  0]LogMeshUtilities: No automatic mesh reduction module available
[2017.04.15-09.30.06:709][  0]LogMeshUtilities: No automatic mesh merging module available
[2017.04.15-09.30.06:709][  0]LogMeshUtilities: No distributed automatic mesh merging module available
[2017.04.15-09.30.07:141][  0]LogSlate: SlateFontCache - WITH_FREETYPE: 1, WITH_HARFBUZZ: 1
[2017.04.15-09.30.07:141][  0]LogSlate: SlateFontCache - WITH_FREETYPE: 1, WITH_HARFBUZZ: 1
[2017.04.15-09.30.07:272][  0]LogMoviePlayer: Initializing movie player
[2017.04.15-09.30.07:445][  0]LogWindowsMoviePlayer: Unable to load movie: ../../../../../../Users/jcy/Documents/GitHub/UNNAMED/UNNAMED/Content/Movies/Default_Startup.mp4
[2017.04.15-09.30.07:541][  0]LogUdpMessaging: Initializing bridge on interface 0.0.0.0:0 to multicast group 230.0.0.1:6666.
[2017.04.15-09.30.07:635][  0]SourceControl: Info Source control is disabled
[2017.04.15-09.30.07:635][  0]SourceControl: Info Source control is disabled
[2017.04.15-09.30.07:652][  0]SourceControl: Info Source control is disabled
[2017.04.15-09.30.07:852][  0]LogUObjectArray: 30992 objects as part of root set at end of initial load.
[2017.04.15-09.30.07:852][  0]LogUObjectAllocator: 6930712 out of 0 bytes used by permanent object pool.
[2017.04.15-09.30.07:852][  0]LogUObjectArray: CloseDisregardForGC: 0/0 objects in disregard for GC pool
[2017.04.15-09.30.07:914][  0]LogEngine: Initializing Engine...
[2017.04.15-09.30.07:915][  0]LogHMD: SteamVR failed to initialize.  Err: 110
[2017.04.15-09.30.07:917][  0]LogHMD: SteamVR failed to initialize.  Err: 110
[2017.04.15-09.30.08:055][  0]LogInit: XAudio2 using '스피커(Realtek High Definition Audio)' : 2 channels at 48 kHz using 32 bits per sample (channel mask 0x3)
[2017.04.15-09.30.08:082][  0]LogInit: FAudioDevice initialized.
[2017.04.15-09.30.08:090][  0]LogInit: Texture streaming: Enabled
[2017.04.15-09.30.08:919][  0]LogNet: Browse: /Temp/Autosaves/Game/Map/UEDPCMain?Name=Player
[2017.04.15-09.30.08:919][  0]LogLoad: LoadMap: /Temp/Autosaves/Game/Map/UEDPCMain?Name=Player
[2017.04.15-09.30.09:024][  0]LogMemory: Platform Memory Stats for Windows
[2017.04.15-09.30.09:024][  0]LogMemory: Process Physical Memory: 621.71 MB used, 632.59 MB peak
[2017.04.15-09.30.09:024][  0]LogMemory: Process Virtual Memory: 647.86 MB used, 649.12 MB peak
[2017.04.15-09.30.09:024][  0]LogMemory: Physical Memory: 6270.70 MB used, 12209.86 MB total
[2017.04.15-09.30.09:024][  0]LogMemory: Virtual Memory: 1348.87 MB used, 134217728.00 MB total
[2017.04.15-09.30.09:024][  0]LogMemory: 
[2017.04.15-09.30.09:024][  0]Allocator Stats for TBB: (not implemented)
[2017.04.15-09.30.09:070][  0]LogAIModule: Creating AISystem for world Main
[2017.04.15-09.30.09:071][  0]LogWorld: Game class is 'pregame_C'
[2017.04.15-09.30.09:073][  0]LogWorld: Bringing World /Temp/Autosaves/Game/Map/UEDPCMain.Main up for play (max tick rate 0) at 2017.04.15-18.30.09
[2017.04.15-09.30.09:080][  0]LogWorld: Bringing up level for play took: 0.008008
[2017.04.15-09.30.09:118][  0]LogSpawn:Warning: SpawnActor failed because no class was specified
[2017.04.15-09.30.09:148][  0]LogBlueprintUserMessages: [pregame_C_0] 로그인
[2017.04.15-09.30.09:174][  0]LogBlueprintUserMessages: [Main_C_0] 0.390903
[2017.04.15-09.30.09:210][  0]LogLoad: Took 0.291159 seconds to LoadMap(/Temp/Autosaves/Game/Map/UEDPCMain)
[2017.04.15-09.30.09:210][  0]LogInit:Display: Game Engine Initialized.
[2017.04.15-09.30.09:447][  0]LogLoad: Full Startup: 8.36 seconds (BP compile: 0.24 seconds)
[2017.04.15-09.30.09:447][  0]LogExternalProfiler: Found external profiler: VSPerf
[2017.04.15-09.30.09:447][  0]LogExternalProfiler: Using external profiler: VSPerf
[2017.04.15-09.30.09:466][  0]LogWindowsTextInputMethodSystem:Display: IME system now activated using TSF (Microsoft 입력기).
[2017.04.15-09.30.09:468][  0]LogOcInput: OculusInput pre-init called
[2017.04.15-09.30.09:599][  2]LogRenderer: Reallocating scene render targets to support 1280x720 (Frame:2).
[2017.04.15-09.30.14:402][286]LogBlueprintUserMessages: [Setting_114] lsk
[2017.04.15-09.30.17:319][465]LogOnline:Warning: Unknown or unsupported data type from Steam key data cname EN
[2017.04.15-09.30.17:319][465]LogOnline:Warning: STEAM: Failed to parse setting from key cname value EN
[2017.04.15-09.30.17:320][465]LogOnline:Warning: Unknown or unsupported data type from Steam key data Platform WIN
[2017.04.15-09.30.17:320][465]LogOnline:Warning: STEAM: Failed to parse setting from key Platform value WIN
[2017.04.15-09.30.17:320][465]LogOnline:Warning: Unknown or unsupported data type from Steam key data type 05EN
[2017.04.15-09.30.17:320][465]LogOnline:Warning: STEAM: Failed to parse setting from key type value 05EN
[2017.04.15-09.30.17:320][465]LogOnline:Warning: STEAM: Unable to parse search result for lobby 'Lobby [0x1860000BCC5FAD0]'
[2017.04.15-09.30.17:320][465]LogOnline:Warning: Unknown or unsupported data type from Steam key data currentmembers 3
[2017.04.15-09.30.17:320][465]LogOnline:Warning: STEAM: Failed to parse setting from key currentmembers value 3
[2017.04.15-09.30.17:320][465]LogOnline:Warning: Unknown or unsupported data type from Steam key data guid 39b6c6d5-4063-4c72-8c7b-2027f5d09c0e
[2017.04.15-09.30.17:320][465]LogOnline:Warning: STEAM: Failed to parse setting from key guid value 39b6c6d5-4063-4c72-8c7b-2027f5d09c0e
[2017.04.15-09.30.17:320][465]LogOnline:Warning: Unknown or unsupported data type from Steam key data name The Forest Game (apfm334)
[2017.04.15-09.30.17:320][465]LogOnline:Warning: STEAM: Failed to parse setting from key name value The Forest Game (apfm334)
[2017.04.15-09.30.17:320][465]LogOnline:Warning: Unknown or unsupported data type from Steam key data __gameserverIP 0
[2017.04.15-09.30.17:320][465]LogOnline:Warning: STEAM: Failed to parse setting from key __gameserverIP value 0
[2017.04.15-09.30.17:320][465]LogOnline:Warning: Unknown or unsupported data type from Steam key data __gameserverPort 0
[2017.04.15-09.30.17:320][465]LogOnline:Warning: STEAM: Failed to parse setting from key __gameserverPort value 0
[2017.04.15-09.30.17:320][465]LogOnline:Warning: Unknown or unsupported data type from Steam key data __gameserverSteamID 90108152962657280
[2017.04.15-09.30.17:320][465]LogOnline:Warning: STEAM: Failed to parse setting from key __gameserverSteamID value 90108152962657280
[2017.04.15-09.30.17:320][465]LogOnline:Warning: STEAM: Unable to parse search result for lobby 'Lobby [0x1860000BD003FC8]'
[2017.04.15-09.30.17:320][465]LogOnline:Warning: Unknown or unsupported data type from Steam key data EXIP 121.136.127.119
[2017.04.15-09.30.17:320][465]LogOnline:Warning: STEAM: Failed to parse setting from key EXIP value 121.136.127.119
[2017.04.15-09.30.17:320][465]LogOnline:Warning: Unknown or unsupported data type from Steam key data GM 1
[2017.04.15-09.30.17:320][465]LogOnline:Warning: STEAM: Failed to parse setting from key GM value 1
[2017.04.15-09.30.17:320][465]LogOnline:Warning: Unknown or unsupported data type from Steam key data guid 252201594704389590
[2017.04.15-09.30.17:320][465]LogOnline:Warning: STEAM: Failed to parse setting from key guid value 252201594704389590
[2017.04.15-09.30.17:321][465]LogOnline:Warning: Unknown or unsupported data type from Steam key data INIP 192.168.0.2
[2017.04.15-09.30.17:321][465]LogOnline:Warning: STEAM: Failed to parse setting from key INIP value 192.168.0.2
[2017.04.15-09.30.17:321][465]LogOnline:Warning: Unknown or unsupported data type from Steam key data INIPv6 fe80::b885:3c5:b714:395c
[2017.04.15-09.30.17:321][465]LogOnline:Warning: STEAM: Failed to parse setting from key INIPv6 value fe80::b885:3c5:b714:395c
[2017.04.15-09.30.17:321][465]LogOnline:Warning: Unknown or unsupported data type from Steam key data IsPass 1
[2017.04.15-09.30.17:321][465]LogOnline:Warning: STEAM: Failed to parse setting from key IsPass value 1
[2017.04.15-09.30.17:321][465]LogOnline:Warning: Unknown or unsupported data type from Steam key data LobbyID 109775244087944121
[2017.04.15-09.30.17:321][465]LogOnline:Warning: STEAM: Failed to parse setting from key LobbyID value 109775244087944121
[2017.04.15-09.30.17:321][465]LogOnline:Warning: Unknown or unsupported data type from Steam key data matchID 900719925478818576
[2017.04.15-09.30.17:321][465]LogOnline:Warning: STEAM: Failed to parse setting from key matchID value 900719925478818576
[2017.04.15-09.30.17:321][465]LogOnline:Warning: Unknown or unsupported data type from Steam key data Pass 5555
[2017.04.15-09.30.17:321][465]LogOnline:Warning: STEAM: Failed to parse setting from key Pass value 5555
[2017.04.15-09.30.17:321][465]LogOnline:Warning: Unknown or unsupported data type from Steam key data ping 201
[2017.04.15-09.30.17:321][465]LogOnline:Warning: STEAM: Failed to parse setting from key ping value 201
[2017.04.15-09.30.17:321][465]LogOnline:Warning: Unknown or unsupported data type from Steam key data region US
[2017.04.15-09.30.17:321][465]LogOnline:Warning: STEAM: Failed to parse setting from key region value US
[2017.04.15-09.30.17:321][465]LogOnline:Warning: Unknown or unsupported data type from Steam key data RN 23123
[2017.04.15-09.30.17:321][465]LogOnline:Warning: STEAM: Failed to parse setting from key RN value 23123
[2017.04.15-09.30.17:321][465]LogOnline:Warning: Unknown or unsupported data type from Steam key data version 0.4
[2017.04.15-09.30.17:321][465]LogOnline:Warning: STEAM: Failed to parse setting from key version value 0.4
[2017.04.15-09.30.17:321][465]LogOnline:Warning: STEAM: Unable to parse search result for lobby 'Lobby [0x1860000BCFE63B9]'
[2017.04.15-09.30.17:321][465]LogOnline:Warning: Unknown or unsupported data type from Steam key data EXIP 121.184.99.13
[2017.04.15-09.30.17:321][465]LogOnline:Warning: STEAM: Failed to parse setting from key EXIP value 121.184.99.13
[2017.04.15-09.30.17:321][465]LogOnline:Warning: Unknown or unsupported data type from Steam key data GM 0
[2017.04.15-09.30.17:321][465]LogOnline:Warning: STEAM: Failed to parse setting from key GM value 0
[2017.04.15-09.30.17:321][465]LogOnline:Warning: Unknown or unsupported data type from Steam key data guid 549439157590392008
[2017.04.15-09.30.17:321][465]LogOnline:Warning: STEAM: Failed to parse setting from key guid value 549439157590392008
[2017.04.15-09.30.17:321][465]LogOnline:Warning: Unknown or unsupported data type from Steam key data INIP 121.184.99.13
[2017.04.15-09.30.17:321][465]LogOnline:Warning: STEAM: Failed to parse setting from key INIP value 121.184.99.13
[2017.04.15-09.30.17:321][465]LogOnline:Warning: Unknown or unsupported data type from Steam key data IsPass 1
[2017.04.15-09.30.17:321][465]LogOnline:Warning: STEAM: Failed to parse setting from key IsPass value 1
[2017.04.15-09.30.17:321][465]LogOnline:Warning: Unknown or unsupported data type from Steam key data LobbyID 109775244087868112
[2017.04.15-09.30.17:321][465]LogOnline:Warning: STEAM: Failed to parse setting from key LobbyID value 109775244087868112
[2017.04.15-09.30.17:322][465]LogOnline:Warning: Unknown or unsupported data type from Steam key data matchID 900719925478815398
[2017.04.15-09.30.17:322][465]LogOnline:Warning: STEAM: Failed to parse setting from key matchID value 900719925478815398
[2017.04.15-09.30.17:322][465]LogOnline:Warning: Unknown or unsupported data type from Steam key data Pass 0909
[2017.04.15-09.30.17:322][465]LogOnline:Warning: STEAM: Failed to parse setting from key Pass value 0909
[2017.04.15-09.30.17:322][465]LogOnline:Warning: Unknown or unsupported data type from Steam key data ping 0
[2017.04.15-09.30.17:322][465]LogOnline:Warning: STEAM: Failed to parse setting from key ping value 0
[2017.04.15-09.30.17:322][465]LogOnline:Warning: Unknown or unsupported data type from Steam key data region AP
[2017.04.15-09.30.17:322][465]LogOnline:Warning: STEAM: Failed to parse setting from key region value AP
[2017.04.15-09.30.17:322][465]LogOnline:Warning: Unknown or unsupported data type from Steam key data RN creta
[2017.04.15-09.30.17:322][465]LogOnline:Warning: STEAM: Failed to parse setting from key RN value creta
[2017.04.15-09.30.17:322][465]LogOnline:Warning: Unknown or unsupported data type from Steam key data version 0.4
[2017.04.15-09.30.17:322][465]LogOnline:Warning: STEAM: Failed to parse setting from key version value 0.4
[2017.04.15-09.30.17:322][465]LogOnline:Warning: STEAM: Unable to parse search result for lobby 'Lobby [0x1860000BCFD3AD0]'
[2017.04.15-09.30.17:322][465]LogOnline:Warning: Unknown or unsupported data type from Steam key data actual_password ba936d1da8eb5cc4d443119a9314ad84
[2017.04.15-09.30.17:322][465]LogOnline:Warning: STEAM: Failed to parse setting from key actual_password value ba936d1da8eb5cc4d443119a9314ad84
[2017.04.15-09.30.17:322][465]LogOnline:Warning: Unknown or unsupported data type from Steam key data desc eu4
[2017.04.15-09.30.17:322][465]LogOnline:Warning: STEAM: Failed to parse setting from key desc value eu4
[2017.04.15-09.30.17:322][465]LogOnline:Warning: Unknown or unsupported data type from Steam key data mod eu4
[2017.04.15-09.30.17:322][465]LogOnline:Warning: STEAM: Failed to parse setting from key mod value eu4
[2017.04.15-09.30.17:322][465]LogOnline:Warning: Unknown or unsupported data type from Steam key data name useonetime
[2017.04.15-09.30.17:322][465]LogOnline:Warning: STEAM: Failed to parse setting from key name value useonetime
[2017.04.15-09.30.17:322][465]LogOnline:Warning: Unknown or unsupported data type from Steam key data password 1
[2017.04.15-09.30.17:322][465]LogOnline:Warning: STEAM: Failed to parse setting from key password value 1
[2017.04.15-09.30.17:322][465]LogOnline:Warning: Unknown or unsupported data type from Steam key data status STARTING
[2017.04.15-09.30.17:322][465]LogOnline:Warning: STEAM: Failed to parse setting from key status value STARTING
[2017.04.15-09.30.17:322][465]LogOnline:Warning: Unknown or unsupported data type from Steam key data version EU4 v1.20.0.0 Ming (072a)
[2017.04.15-09.30.17:322][465]LogOnline:Warning: STEAM: Failed to parse setting from key version value EU4 v1.20.0.0 Ming (072a)
[2017.04.15-09.30.17:322][465]LogOnline:Warning: Unknown or unsupported data type from Steam key data __gameserverIP 0
[2017.04.15-09.30.17:322][465]LogOnline:Warning: STEAM: Failed to parse setting from key __gameserverIP value 0
[2017.04.15-09.30.17:322][465]LogOnline:Warning: Unknown or unsupported data type from Steam key data __gameserverPort 0
[2017.04.15-09.30.17:322][465]LogOnline:Warning: STEAM: Failed to parse setting from key __gameserverPort value 0
[2017.04.15-09.30.17:322][465]LogOnline:Warning: Unknown or unsupported data type from Steam key data __gameserverSteamID 90108154268302340
[2017.04.15-09.30.17:322][465]LogOnline:Warning: STEAM: Failed to parse setting from key __gameserverSteamID value 90108154268302340
[2017.04.15-09.30.17:322][465]LogOnline:Warning: STEAM: Unable to parse search result for lobby 'Lobby [0x1860000BD00E8F6]'
[2017.04.15-09.30.17:322][465]LogOnline:Warning: Unknown or unsupported data type from Steam key data EXIP 121.152.11.6
[2017.04.15-09.30.17:322][465]LogOnline:Warning: STEAM: Failed to parse setting from key EXIP value 121.152.11.6
[2017.04.15-09.30.17:322][465]LogOnline:Warning: Unknown or unsupported data type from Steam key data GM 0
[2017.04.15-09.30.17:322][465]LogOnline:Warning: STEAM: Failed to parse setting from key GM value 0
[2017.04.15-09.30.17:322][465]LogOnline:Warning: Unknown or unsupported data type from Steam key data guid 441352778342787763
[2017.04.15-09.30.17:322][465]LogOnline:Warning: STEAM: Failed to parse setting from key guid value 441352778342787763
[2017.04.15-09.30.17:322][465]LogOnline:Warning: Unknown or unsupported data type from Steam key data INIP 192.168.0.8
[2017.04.15-09.30.17:322][465]LogOnline:Warning: STEAM: Failed to parse setting from key INIP value 192.168.0.8
[2017.04.15-09.30.17:322][465]LogOnline:Warning: Unknown or unsupported data type from Steam key data IsPass 0
[2017.04.15-09.30.17:322][465]LogOnline:Warning: STEAM: Failed to parse setting from key IsPass value 0
[2017.04.15-09.30.17:323][465]LogOnline:Warning: Unknown or unsupported data type from Steam key data LobbyID 109775244087917530
[2017.04.15-09.30.17:323][465]LogOnline:Warning: STEAM: Failed to parse setting from key LobbyID value 109775244087917530
[2017.04.15-09.30.17:323][465]LogOnline:Warning: Unknown or unsupported data type from Steam key data matchID 900719925478817439
[2017.04.15-09.30.17:323][465]LogOnline:Warning: STEAM: Failed to parse setting from key matchID value 900719925478817439
[2017.04.15-09.30.17:323][465]LogOnline:Warning: Unknown or unsupported data type from Steam key data ping 0
[2017.04.15-09.30.17:323][465]LogOnline:Warning: STEAM: Failed to parse setting from key ping value 0
[2017.04.15-09.30.17:323][465]LogOnline:Warning: Unknown or unsupported data type from Steam key data region AP
[2017.04.15-09.30.17:323][465]LogOnline:Warning: STEAM: Failed to parse setting from key region value AP
[2017.04.15-09.30.17:323][465]LogOnline:Warning: Unknown or unsupported data type from Steam key data RN The Wild Eight Server
[2017.04.15-09.30.17:323][465]LogOnline:Warning: STEAM: Failed to parse setting from key RN value The Wild Eight Server
[2017.04.15-09.30.17:323][465]LogOnline:Warning: Unknown or unsupported data type from Steam key data version 0.4
[2017.04.15-09.30.17:323][465]LogOnline:Warning: STEAM: Failed to parse setting from key version value 0.4
[2017.04.15-09.30.17:323][465]LogOnline:Warning: STEAM: Unable to parse search result for lobby 'Lobby [0x1860000BCFDFBDA]'
[2017.04.15-09.30.17:323][465]LogOnline:Warning: Unknown or unsupported data type from Steam key data currentmembers 3
[2017.04.15-09.30.17:323][465]LogOnline:Warning: STEAM: Failed to parse setting from key currentmembers value 3
[2017.04.15-09.30.17:323][465]LogOnline:Warning: Unknown or unsupported data type from Steam key data guid 32b0d41b-03f3-4fbb-8955-2c2996066c3f
[2017.04.15-09.30.17:323][465]LogOnline:Warning: STEAM: Failed to parse setting from key guid value 32b0d41b-03f3-4fbb-8955-2c2996066c3f
[2017.04.15-09.30.17:323][465]LogOnline:Warning: Unknown or unsupported data type from Steam key data name sjy (rmsel8520)
[2017.04.15-09.30.17:323][465]LogOnline:Warning: STEAM: Failed to parse setting from key name value sjy (rmsel8520)
[2017.04.15-09.30.17:323][465]LogOnline:Warning: Unknown or unsupported data type from Steam key data __gameserverIP 0
[2017.04.15-09.30.17:323][465]LogOnline:Warning: STEAM: Failed to parse setting from key __gameserverIP value 0
[2017.04.15-09.30.17:323][465]LogOnline:Warning: Unknown or unsupported data type from Steam key data __gameserverPort 0
[2017.04.15-09.30.17:323][465]LogOnline:Warning: STEAM: Failed to parse setting from key __gameserverPort value 0
[2017.04.15-09.30.17:323][465]LogOnline:Warning: Unknown or unsupported data type from Steam key data __gameserverSteamID 90108153043426313
[2017.04.15-09.30.17:323][465]LogOnline:Warning: STEAM: Failed to parse setting from key __gameserverSteamID value 90108153043426313
[2017.04.15-09.30.17:323][465]LogOnline:Warning: STEAM: Unable to parse search result for lobby 'Lobby [0x1860000BD005B49]'
[2017.04.15-09.30.17:323][465]LogOnline:Warning: Unknown or unsupported data type from Steam key data actual_password c27349e3b7f82fb35035382ad88edcd5
[2017.04.15-09.30.17:323][465]LogOnline:Warning: STEAM: Failed to parse setting from key actual_password value c27349e3b7f82fb35035382ad88edcd5
[2017.04.15-09.30.17:323][465]LogOnline:Warning: Unknown or unsupported data type from Steam key data desc Stellaris
[2017.04.15-09.30.17:323][465]LogOnline:Warning: STEAM: Failed to parse setting from key desc value Stellaris
[2017.04.15-09.30.17:323][465]LogOnline:Warning: Unknown or unsupported data type from Steam key data mod Stellaris
[2017.04.15-09.30.17:323][465]LogOnline:Warning: STEAM: Failed to parse setting from key mod value Stellaris
[2017.04.15-09.30.17:323][465]LogOnline:Warning: Unknown or unsupported data type from Steam key data name 0b1k
[2017.04.15-09.30.17:323][465]LogOnline:Warning: STEAM: Failed to parse setting from key name value 0b1k
[2017.04.15-09.30.17:323][465]LogOnline:Warning: Unknown or unsupported data type from Steam key data password 0
[2017.04.15-09.30.17:323][465]LogOnline:Warning: STEAM: Failed to parse setting from key password value 0
[2017.04.15-09.30.17:323][465]LogOnline:Warning: Unknown or unsupported data type from Steam key data status STARTING
[2017.04.15-09.30.17:323][465]LogOnline:Warning: STEAM: Failed to parse setting from key status value STARTING
[2017.04.15-09.30.17:323][465]LogOnline:Warning: Unknown or unsupported data type from Steam key data version Banks v1.5.1 (0621)
[2017.04.15-09.30.17:323][465]LogOnline:Warning: STEAM: Failed to parse setting from key version value Banks v1.5.1 (0621)
[2017.04.15-09.30.17:323][465]LogOnline:Warning: Unknown or unsupported data type from Steam key data __gameserverIP 0
[2017.04.15-09.30.17:323][465]LogOnline:Warning: STEAM: Failed to parse setting from key __gameserverIP value 0
[2017.04.15-09.30.17:323][465]LogOnline:Warning: Unknown or unsupported data type from Steam key data __gameserverPort 0
[2017.04.15-09.30.17:323][465]LogOnline:Warning: STEAM: Failed to parse setting from key __gameserverPort value 0
[2017.04.15-09.30.17:323][465]LogOnline:Warning: Unknown or unsupported data type from Steam key data __gameserverSteamID 90108149892020225
[2017.04.15-09.30.17:323][465]LogOnline:Warning: STEAM: Failed to parse setting from key __gameserverSteamID value 90108149892020225
[2017.04.15-09.30.17:323][465]LogOnline:Warning: STEAM: Unable to parse search result for lobby 'Lobby [0x1860000BCFE00B8]'
[2017.04.15-09.30.17:324][465]LogOnline:Warning: STEAM: Removed incompatible build: ServerBuildUniqueId = 0x00000100, GetBuildUniqueId() = 0x24675aac
[2017.04.15-09.30.17:324][465]LogOnline:Warning: STEAM: Unable to parse search result for lobby 'Lobby [0x1860000BD002414]'
[2017.04.15-09.33.46:694][425]LogPackageName: SearchForPackageOnDisk took   0.132s to resolve map01.umap.
[2017.04.15-09.33.46:844][425]LogPackageName: SearchForPackageOnDisk took   0.148s to resolve map01.umap.
[2017.04.15-09.33.46:844][425]LogNet: Browse: /Game/Map/map01?listen
[2017.04.15-09.33.46:844][425]LogLoad: LoadMap: /Game/Map/map01?listen
[2017.04.15-09.33.46:853][425]LogBlueprintUserMessages: [pregame_C_0] 로그 아웃
[2017.04.15-09.33.46:880][425]LogMemory: Platform Memory Stats for Windows
[2017.04.15-09.33.46:880][425]LogMemory: Process Physical Memory: 699.96 MB used, 708.00 MB peak
[2017.04.15-09.33.46:880][425]LogMemory: Process Virtual Memory: 848.00 MB used, 863.26 MB peak
[2017.04.15-09.33.46:880][425]LogMemory: Physical Memory: 6176.77 MB used, 12209.86 MB total
[2017.04.15-09.33.46:880][425]LogMemory: Virtual Memory: 1540.25 MB used, 134217728.00 MB total
[2017.04.15-09.33.46:880][425]LogMemory: 
[2017.04.15-09.33.46:880][425]Allocator Stats for TBB: (not implemented)
[2017.04.15-09.33.47:040][425]LogLinker:Warning: CreateImport: Failed to load Outer for resource 'Arrow': Wolf_C /Game/wolf/Wolf.Default__Wolf_C
[2017.04.15-09.33.56:038][425]LogAIModule: Creating AISystem for world map01
[2017.04.15-09.33.56:038][425]LogWorld: Game class is 'MyGameMode_C'
[2017.04.15-09.33.56:066][425]LogNet:Display: SteamNetDriver_0 bound to port 7777
[2017.04.15-09.33.56:066][425]PacketHandlerLog: Loaded PacketHandler component: Engine.EngineHandlerComponentFactory (StatelessConnectHandlerComponent)
[2017.04.15-09.33.56:077][425]LogNet: GameNetDriver SteamNetDriver_0 IpNetDriver listening on port 7777
[2017.04.15-09.33.56:094][425]LogWorld: Bringing World /Game/Map/map01.map01 up for play (max tick rate 0) at 2017.04.15-18.33.56
[2017.04.15-09.33.56:144][425]LogWorld: Bringing up level for play took: 0.066633
[2017.04.15-09.33.56:145][425]LogOnline:Warning: STEAM: Can't start an online session (Game) in state InProgress
[2017.04.15-09.33.56:150][425]LogBlueprintUserMessages: [messageScroll_116] darkjcy
[2017.04.15-09.33.56:151][425]LogBlueprintUserMessages: [MyGameinstance_C_0] Hello
[2017.04.15-09.33.56:176][425]LogLoad: Took 9.332057 seconds to LoadMap(/Game/Map/map01)
[2017.04.15-09.33.56:260][426]LogNet: UNetDriver::TickDispatch: Very long time between ticks. DeltaTime: 9.57, Realtime: 0.07. SteamNetDriver_0
[2017.04.15-09.33.59:944][611]LogBlueprintUserMessages: [playercon_C_0] Hello
[2017.04.15-09.35.18:326][457]LogScript:Warning: Accessed None trying to read property K2Node_Event_InstigatedBy
	duek_C /Game/Map/map01.map01:PersistentLevel.duek_C_0
	Function /Game/Duek/PlayerCharacter.PlayerCharacter_C:ExecuteUbergraph_PlayerCharacter:0221
[2017.04.15-09.35.18:326][457]LogScript:Warning: Script call stack:
	Function /Game/Duek/PlayerCharacter.PlayerCharacter_C:ReceiveAnyDamage
	Function /Game/Duek/PlayerCharacter.PlayerCharacter_C:ExecuteUbergraph_PlayerCharacter

[2017.04.15-09.35.19:890][554]LogScript:Warning: Accessed None trying to read property K2Node_Event_InstigatedBy
	duek_C /Game/Map/map01.map01:PersistentLevel.duek_C_0
	Function /Game/Duek/PlayerCharacter.PlayerCharacter_C:ExecuteUbergraph_PlayerCharacter:0221
[2017.04.15-09.35.19:890][554]LogScript:Warning: Script call stack:
	Function /Game/Duek/PlayerCharacter.PlayerCharacter_C:ReceiveAnyDamage
	Function /Game/Duek/PlayerCharacter.PlayerCharacter_C:ExecuteUbergraph_PlayerCharacter

[2017.04.15-09.35.21:504][654]LogScript:Warning: Accessed None trying to read property K2Node_Event_InstigatedBy
	duek_C /Game/Map/map01.map01:PersistentLevel.duek_C_0
	Function /Game/Duek/PlayerCharacter.PlayerCharacter_C:ExecuteUbergraph_PlayerCharacter:0221
[2017.04.15-09.35.21:504][654]LogScript:Warning: Script call stack:
	Function /Game/Duek/PlayerCharacter.PlayerCharacter_C:ReceiveAnyDamage
	Function /Game/Duek/PlayerCharacter.PlayerCharacter_C:ExecuteUbergraph_PlayerCharacter

[2017.04.15-09.35.21:938][681]LogScript:Warning: Accessed None trying to read property K2Node_Event_InstigatedBy
	duek_C /Game/Map/map01.map01:PersistentLevel.duek_C_0
	Function /Game/Duek/PlayerCharacter.PlayerCharacter_C:ExecuteUbergraph_PlayerCharacter:0221
[2017.04.15-09.35.21:938][681]LogScript:Warning: Script call stack:
	Function /Game/Duek/PlayerCharacter.PlayerCharacter_C:ReceiveAnyDamage
	Function /Game/Duek/PlayerCharacter.PlayerCharacter_C:ExecuteUbergraph_PlayerCharacter

[2017.04.15-09.35.22:745][731]LogScript:Warning: Accessed None trying to read property K2Node_Event_InstigatedBy
	duek_C /Game/Map/map01.map01:PersistentLevel.duek_C_0
	Function /Game/Duek/PlayerCharacter.PlayerCharacter_C:ExecuteUbergraph_PlayerCharacter:0221
[2017.04.15-09.35.22:745][731]LogScript:Warning: Script call stack:
	Function /Game/Duek/PlayerCharacter.PlayerCharacter_C:ReceiveAnyDamage
	Function /Game/Duek/PlayerCharacter.PlayerCharacter_C:ExecuteUbergraph_PlayerCharacter

[2017.04.15-09.35.22:745][731]LogScript:Warning: Accessed None trying to read property K2Node_Event_InstigatedBy
	duek_C /Game/Map/map01.map01:PersistentLevel.duek_C_0
	Function /Game/Duek/PlayerCharacter.PlayerCharacter_C:ExecuteUbergraph_PlayerCharacter:0221
[2017.04.15-09.35.22:745][731]LogScript:Warning: Script call stack:
	Function /Game/Duek/PlayerCharacter.PlayerCharacter_C:ReceiveAnyDamage
	Function /Game/Duek/PlayerCharacter.PlayerCharacter_C:ExecuteUbergraph_PlayerCharacter

[2017.04.15-09.35.23:068][751]LogScript:Warning: Accessed None trying to read property K2Node_Event_InstigatedBy
	duek_C /Game/Map/map01.map01:PersistentLevel.duek_C_0
	Function /Game/Duek/PlayerCharacter.PlayerCharacter_C:ExecuteUbergraph_PlayerCharacter:0221
[2017.04.15-09.35.23:068][751]LogScript:Warning: Script call stack:
	Function /Game/Duek/PlayerCharacter.PlayerCharacter_C:ReceiveAnyDamage
	Function /Game/Duek/PlayerCharacter.PlayerCharacter_C:ExecuteUbergraph_PlayerCharacter

[2017.04.15-09.35.24:342][830]LogScript:Warning: Accessed None trying to read property K2Node_Event_InstigatedBy
	duek_C /Game/Map/map01.map01:PersistentLevel.duek_C_0
	Function /Game/Duek/PlayerCharacter.PlayerCharacter_C:ExecuteUbergraph_PlayerCharacter:0221
[2017.04.15-09.35.24:342][830]LogScript:Warning: Script call stack:
	Function /Game/Duek/PlayerCharacter.PlayerCharacter_C:ReceiveAnyDamage
	Function /Game/Duek/PlayerCharacter.PlayerCharacter_C:ExecuteUbergraph_PlayerCharacter

[2017.04.15-09.35.24:358][831]LogScript:Warning: Accessed None trying to read property K2Node_Event_InstigatedBy
	duek_C /Game/Map/map01.map01:PersistentLevel.duek_C_0
	Function /Game/Duek/PlayerCharacter.PlayerCharacter_C:ExecuteUbergraph_PlayerCharacter:0221
[2017.04.15-09.35.24:358][831]LogScript:Warning: Script call stack:
	Function /Game/Duek/PlayerCharacter.PlayerCharacter_C:ReceiveAnyDamage
	Function /Game/Duek/PlayerCharacter.PlayerCharacter_C:ExecuteUbergraph_PlayerCharacter

[2017.04.15-09.35.24:391][833]LogScript:Warning: Accessed None trying to read property K2Node_Event_InstigatedBy
	duek_C /Game/Map/map01.map01:PersistentLevel.duek_C_0
	Function /Game/Duek/PlayerCharacter.PlayerCharacter_C:ExecuteUbergraph_PlayerCharacter:0221
[2017.04.15-09.35.24:391][833]LogScript:Warning: Script call stack:
	Function /Game/Duek/PlayerCharacter.PlayerCharacter_C:ReceiveAnyDamage
	Function /Game/Duek/PlayerCharacter.PlayerCharacter_C:ExecuteUbergraph_PlayerCharacter

[2017.04.15-09.37.23:964][230]LogPackageName: SearchForPackageOnDisk took   0.195s to resolve Main.umap.
[2017.04.15-09.37.24:151][230]LogPackageName: SearchForPackageOnDisk took   0.186s to resolve Main.umap.
[2017.04.15-09.37.24:151][230]LogNet: Browse: /Game/Map/Main
[2017.04.15-09.37.24:151][230]LogLoad: LoadMap: /Game/Map/Main
[2017.04.15-09.37.24:152][230]LogNet: World NetDriver shutdown SteamNetDriver_0 [GameNetDriver]
[2017.04.15-09.37.24:152][230]LogNet: DestroyNamedNetDriver SteamNetDriver_0 [GameNetDriver]
[2017.04.15-09.37.24:169][230]LogExit: GameNetDriver SteamNetDriver_0 shut down
[2017.04.15-09.37.24:239][230]LogMemory: Platform Memory Stats for Windows
[2017.04.15-09.37.24:239][230]LogMemory: Process Physical Memory: 925.40 MB used, 1029.13 MB peak
[2017.04.15-09.37.24:239][230]LogMemory: Process Virtual Memory: 1299.72 MB used, 1396.14 MB peak
[2017.04.15-09.37.24:239][230]LogMemory: Physical Memory: 6190.84 MB used, 12209.86 MB total
[2017.04.15-09.37.24:239][230]LogMemory: Virtual Memory: 2049.08 MB used, 134217728.00 MB total
[2017.04.15-09.37.24:239][230]LogMemory: 
[2017.04.15-09.37.24:239][230]Allocator Stats for TBB: (not implemented)
[2017.04.15-09.37.24:276][230]LogAIModule: Creating AISystem for world Main
[2017.04.15-09.37.24:276][230]LogWorld: Game class is 'pregame_C'
[2017.04.15-09.37.24:281][230]LogWorld: Bringing World /Game/Map/Main.Main up for play (max tick rate 0) at 2017.04.15-18.37.24
[2017.04.15-09.37.24:281][230]LogWorld: Bringing up level for play took: 0.001577
[2017.04.15-09.37.24:282][230]LogGameMode: Warning - PATHS NOT DEFINED or NO PLAYERSTART with positive rating
[2017.04.15-09.37.24:282][230]LogSpawn:Warning: SpawnActor failed because no class was specified
[2017.04.15-09.37.24:282][230]LogBlueprintUserMessages: [pregame_C_0] 로그인
[2017.04.15-09.37.24:282][230]LogOnline:Warning: STEAM: Can't start an online session (Game) in state InProgress
[2017.04.15-09.37.24:283][230]LogBlueprintUserMessages: [Main_C_1] 0.598044
[2017.04.15-09.37.24:284][230]LogLoad: Took 0.132237 seconds to LoadMap(/Game/Map/Main)
[2017.04.15-09.37.25:469][283]LogBlueprintUserMessages: [pregame_C_0] 로그 아웃
[2017.04.15-09.37.25:469][283]LogEngine: All Windows Closed
[2017.04.15-09.37.25:469][283]LogWindows: FPlatformMisc::RequestExit(0)
[2017.04.15-09.37.25:469][284]LogMoviePlayer: Shutting down movie player
[2017.04.15-09.37.26:083][284]LogExit: Preparing to exit.
[2017.04.15-09.37.26:899][284]LogExit: Game engine shut down
[2017.04.15-09.37.27:208][284]LogObj: Freed 0b from 0 cluster array pools.
[2017.04.15-09.37.27:208][284]LogExit: Object subsystem successfully closed.
[2017.04.15-09.37.27:268][284]LogD3D11RHI: Shutdown
[2017.04.15-09.37.27:268][284]LogD3D11RHI: CleanupD3DDevice
[2017.04.15-09.37.27:367][284]LogD3D11RHI: ~FD3D11DynamicRHI
[2017.04.15-09.37.27:460][284]LogModuleManager: Shutting down and abandoning module SequenceRecorderSections (113)
[2017.04.15-09.37.27:460][284]LogModuleManager: Shutting down and abandoning module SequenceRecorder (112)
[2017.04.15-09.37.27:460][284]LogModuleManager: Shutting down and abandoning module AutomationController (111)
[2017.04.15-09.37.27:472][284]LogModuleManager: Shutting down and abandoning module AutomationWorker (110)
[2017.04.15-09.37.27:472][284]LogModuleManager: Shutting down and abandoning module CharacterAI (109)
[2017.04.15-09.37.27:472][284]LogModuleManager: Shutting down and abandoning module SessionServices (108)
[2017.04.15-09.37.27:472][284]LogModuleManager: Shutting down and abandoning module GameplayDebugger (107)
[2017.04.15-09.37.27:472][284]LogModuleManager: Shutting down and abandoning module AITestSuite (106)
[2017.04.15-09.37.27:472][284]LogModuleManager: Shutting down and abandoning module AIModule (105)
[2017.04.15-09.37.27:472][284]LogModuleManager: Shutting down and abandoning module MovieSceneCapture (104)
[2017.04.15-09.37.27:472][284]LogModuleManager: Shutting down and abandoning module StreamingPauseRendering (103)
[2017.04.15-09.37.27:472][284]LogModuleManager: Shutting down and abandoning module PortalServices (102)
[2017.04.15-09.37.27:472][284]LogModuleManager: Shutting down and abandoning module PortalRpc (101)
[2017.04.15-09.37.27:472][284]LogModuleManager: Shutting down and abandoning module MessagingRpc (100)
[2017.04.15-09.37.27:472][284]LogModuleManager: Shutting down and abandoning module ProfilerService (99)
[2017.04.15-09.37.27:475][284]LogModuleManager: Shutting down and abandoning module TaskGraph (98)
[2017.04.15-09.37.27:495][284]LogModuleManager: Shutting down and abandoning module SlateRemote (97)
[2017.04.15-09.37.27:495][284]LogModuleManager: Shutting down and abandoning module SteamVRController (96)
[2017.04.15-09.37.27:495][284]LogModuleManager: Shutting down and abandoning module SteamVR (95)
[2017.04.15-09.37.27:495][284]LogModuleManager: Shutting down and abandoning module ProceduralMeshComponent (94)
[2017.04.15-09.37.27:495][284]LogModuleManager: Shutting down and abandoning module OculusLibrary (93)
[2017.04.15-09.37.27:495][284]LogModuleManager: Shutting down and abandoning module OculusInput (92)
[2017.04.15-09.37.27:495][284]LogModuleManager: Shutting down and abandoning module CustomMeshComponent (91)
[2017.04.15-09.37.27:495][284]LogModuleManager: Shutting down and abandoning module CableComponent (90)
[2017.04.15-09.37.27:495][284]LogModuleManager: Shutting down and abandoning module ArchVisCharacter (89)
[2017.04.15-09.37.27:495][284]LogModuleManager: Shutting down and abandoning module HTML5Networking (88)
[2017.04.15-09.37.27:495][284]LogModuleManager: Shutting down and abandoning module DesktopPlatform (87)
[2017.04.15-09.37.27:508][284]LogModuleManager: Shutting down and abandoning module DirectoryWatcher (86)
[2017.04.15-09.37.27:508][284]LogModuleManager: Shutting down and abandoning module HotReload (85)
[2017.04.15-09.37.27:509][284]LogModuleManager: Shutting down and abandoning module VisualStudioSourceCodeAccess (84)
[2017.04.15-09.37.27:509][284]LogModuleManager: Shutting down and abandoning module UObjectPlugin (83)
[2017.04.15-09.37.27:509][284]LogModuleManager: Shutting down and abandoning module SubversionSourceControl (82)
[2017.04.15-09.37.27:509][284]LogModuleManager: Shutting down and abandoning module SourceControl (81)
[2017.04.15-09.37.27:517][284]LogModuleManager: Shutting down and abandoning module PerforceSourceControl (80)
[2017.04.15-09.37.27:517][284]LogModuleManager: Shutting down and abandoning module UdpMessaging (79)
[2017.04.15-09.37.27:617][284]LogModuleManager: Shutting down and abandoning module LightPropagationVolumeRuntime (78)
[2017.04.15-09.37.27:617][284]LogModuleManager: Shutting down and abandoning module Paper2D (77)
[2017.04.15-09.37.27:617][284]LogModuleManager: Shutting down and abandoning module WindowsMoviePlayer (76)
[2017.04.15-09.37.27:617][284]LogModuleManager: Shutting down and abandoning module Media (75)
[2017.04.15-09.37.27:617][284]LogModuleManager: Shutting down and abandoning module WmfMedia (74)
[2017.04.15-09.37.27:631][284]LogModuleManager: Shutting down and abandoning module MediaAssets (73)
[2017.04.15-09.37.27:631][284]LogModuleManager: Shutting down and abandoning module GameLiveStreaming (72)
[2017.04.15-09.37.27:631][284]LogModuleManager: Shutting down and abandoning module GameplayTagsEditor (71)
[2017.04.15-09.37.27:631][284]LogModuleManager: Shutting down and abandoning module OnlineBlueprintSupport (70)
[2017.04.15-09.37.27:631][284]LogModuleManager: Shutting down and abandoning module VREditor (69)
[2017.04.15-09.37.27:640][284]LogModuleManager: Shutting down and abandoning module GameplayTasksEditor (68)
[2017.04.15-09.37.27:640][284]LogModuleManager: Shutting down and abandoning module PropertyEditor (67)
[2017.04.15-09.37.27:640][284]LogModuleManager: Shutting down and abandoning module BehaviorTreeEditor (66)
[2017.04.15-09.37.27:653][284]LogModuleManager: Shutting down and abandoning module FunctionalTesting (65)
[2017.04.15-09.37.27:665][284]LogModuleManager: Shutting down and abandoning module CollisionAnalyzer (64)
[2017.04.15-09.37.27:680][284]LogModuleManager: Shutting down and abandoning module Sequencer (63)
[2017.04.15-09.37.27:680][284]LogModuleManager: Shutting down and abandoning module WorkspaceMenuStructure (62)
[2017.04.15-09.37.27:680][284]LogModuleManager: Shutting down and abandoning module MessageLog (61)
[2017.04.15-09.37.27:680][284]LogModuleManager: Shutting down and abandoning module AssetTools (60)
[2017.04.15-09.37.27:700][284]LogModuleManager: Shutting down and abandoning module UMGEditor (59)
[2017.04.15-09.37.27:700][284]LogModuleManager: Shutting down and abandoning module UMG (58)
[2017.04.15-09.37.27:700][284]LogModuleManager: Shutting down and abandoning module SlateReflector (57)
[2017.04.15-09.37.27:708][284]LogModuleManager: Shutting down and abandoning module Slate (56)
[2017.04.15-09.37.27:708][284]LogModuleManager: Shutting down and abandoning module EditorStyle (55)
[2017.04.15-09.37.27:710][284]LogModuleManager: Shutting down and abandoning module Messaging (54)
[2017.04.15-09.37.27:710][284]LogModuleManager: Shutting down and abandoning module SourceCodeAccess (53)
[2017.04.15-09.37.27:710][284]LogModuleManager: Shutting down and abandoning module HeadMountedDisplay (52)
[2017.04.15-09.37.27:710][284]LogModuleManager: Shutting down and abandoning module XAudio2 (51)
[2017.04.15-09.37.27:710][284]LogModuleManager: Shutting down and abandoning module Networking (50)
[2017.04.15-09.37.27:710][284]LogModuleManager: Shutting down and abandoning module Core (49)
[2017.04.15-09.37.27:710][284]LogModuleManager: Shutting down and abandoning module KismetCompiler (48)
[2017.04.15-09.37.27:710][284]LogModuleManager: Shutting down and abandoning module PhysXFormats (47)
[2017.04.15-09.37.27:710][284]LogModuleManager: Shutting down and abandoning module MeshUtilities (46)
[2017.04.15-09.37.27:715][284]LogModuleManager: Shutting down and abandoning module AssetRegistry (45)
[2017.04.15-09.37.27:715][284]LogModuleManager: Shutting down and abandoning module DerivedDataCache (44)
[2017.04.15-09.37.27:752][284]LogDerivedDataCache: Shutdown
[2017.04.15-09.37.27:752][284]LogModuleManager: Shutting down and abandoning module VulkanShaderFormat (43)
[2017.04.15-09.37.27:752][284]LogModuleManager: Shutting down and abandoning module ShaderFormatOpenGL (42)
[2017.04.15-09.37.27:766][284]LogModuleManager: Shutting down and abandoning module ShaderFormatD3D (41)
[2017.04.15-09.37.27:766][284]LogModuleManager: Shutting down and abandoning module MetalShaderFormat (40)
[2017.04.15-09.37.27:780][284]LogModuleManager: Shutting down and abandoning module TextureFormatUncompressed (39)
[2017.04.15-09.37.27:780][284]LogModuleManager: Shutting down and abandoning module TextureFormatPVR (38)
[2017.04.15-09.37.27:780][284]LogModuleManager: Shutting down and abandoning module TextureFormatIntelISPCTexComp (37)
[2017.04.15-09.37.27:780][284]LogModuleManager: Shutting down and abandoning module TextureFormatDXT (36)
[2017.04.15-09.37.27:780][284]LogModuleManager: Shutting down and abandoning module ImageWrapper (35)
[2017.04.15-09.37.27:780][284]LogModuleManager: Shutting down and abandoning module TextureFormatASTC (34)
[2017.04.15-09.37.27:780][284]LogModuleManager: Shutting down and abandoning module TextureFormatAndroid (33)
[2017.04.15-09.37.27:780][284]LogModuleManager: Shutting down and abandoning module AudioFormatOpus (32)
[2017.04.15-09.37.27:780][284]LogModuleManager: Shutting down and abandoning module AudioFormatOgg (31)
[2017.04.15-09.37.27:780][284]LogModuleManager: Shutting down and abandoning module AudioFormatADPCM (30)
[2017.04.15-09.37.27:780][284]LogModuleManager: Shutting down and abandoning module WindowsTargetPlatform (29)
[2017.04.15-09.37.27:780][284]LogModuleManager: Shutting down and abandoning module WindowsServerTargetPlatform (28)
[2017.04.15-09.37.27:780][284]LogModuleManager: Shutting down and abandoning module WindowsNoEditorTargetPlatform (27)
[2017.04.15-09.37.27:780][284]LogModuleManager: Shutting down and abandoning module WindowsClientTargetPlatform (26)
[2017.04.15-09.37.27:780][284]LogModuleManager: Shutting down and abandoning module TargetPlatform (25)
[2017.04.15-09.37.27:780][284]LogModuleManager: Shutting down and abandoning module InputCore (24)
[2017.04.15-09.37.27:780][284]LogModuleManager: Shutting down and abandoning module Settings (23)
[2017.04.15-09.37.27:780][284]LogModuleManager: Shutting down and abandoning module OnlineSubsystem (19)
[2017.04.15-09.37.27:780][284]LogOnline:Display: STEAM: OnlineSubsystemSteam::Shutdown()
[2017.04.15-09.37.27:856][284]LogOnline:Display: Unloading online subsystem: STEAM
[2017.04.15-09.37.27:856][284]LogOnline:Display: STEAM: OnlineSubsystemSteam::Shutdown()
[2017.04.15-09.37.27:856][284]LogModuleManager: Shutting down and abandoning module HTTP (18)
[2017.04.15-09.37.27:856][284]LogModuleManager: Shutting down and abandoning module XMPP (17)
[2017.04.15-09.37.27:857][284]LogModuleManager: Shutting down and abandoning module OculusRift (16)
[2017.04.15-09.37.27:872][284]LogModuleManager: Shutting down and abandoning module ExampleDeviceProfileSelector (15)
[2017.04.15-09.37.27:872][284]LogModuleManager: Shutting down and abandoning module TextureCompressor (14)
[2017.04.15-09.37.27:873][284]LogModuleManager: Shutting down and abandoning module ShaderCore (13)
[2017.04.15-09.37.27:873][284]LogModuleManager: Shutting down and abandoning module Landscape (12)
[2017.04.15-09.37.27:873][284]LogModuleManager: Shutting down and abandoning module SlateRHIRenderer (11)
[2017.04.15-09.37.27:885][284]LogModuleManager: Shutting down and abandoning module OpenGLDrv (10)
[2017.04.15-09.37.27:890][284]LogModuleManager: Shutting down and abandoning module D3D11RHI (9)
[2017.04.15-09.37.27:890][284]LogModuleManager: Shutting down and abandoning module AnimGraphRuntime (8)
[2017.04.15-09.37.27:890][284]LogModuleManager: Shutting down and abandoning module Renderer (7)
[2017.04.15-09.37.27:890][284]LogModuleManager: Shutting down and abandoning module Engine (6)
[2017.04.15-09.37.27:890][284]LogModuleManager: Shutting down and abandoning module CoreUObject (5)
[2017.04.15-09.37.27:890][284]LogModuleManager: Shutting down and abandoning module NetworkFile (4)
[2017.04.15-09.37.27:901][284]LogModuleManager: Shutting down and abandoning module StreamingFile (3)
[2017.04.15-09.37.27:901][284]LogModuleManager: Shutting down and abandoning module SandboxFile (2)
[2017.04.15-09.37.27:901][284]LogModuleManager: Shutting down and abandoning module PakFile (1)
[2017.04.15-09.37.27:902][284]LogExit: Exiting.
[2017.04.15-09.37.27:907][284]Log file closed, 04/15/17 18:37:27
