Log file open, 12/02/16 23:59:06
LogInit:Display: Running engine for game: UNNAMED
LogPlatformFile: Not using cached read wrapper
LogInit:Display: RandInit(-2137432582) SRandInit(-2137432578).
LogTaskGraph: Started task graph with 4 named threads and 7 total threads with 1 sets of task threads.
LogStats: Stats thread started at 0.154621
LogInit: Version: 4.12.5-3039270+++UE4+Release-4.12
LogInit: API Version: 2992821
LogInit: Net Version: 3039270
LogDevObjectVersion: Number of dev versions registered: 13
LogDevObjectVersion:   Dev-Blueprints (B0D832E4-1F89-4F0D-ACCF-7EB736FD4AA2): 3
LogDevObjectVersion:   Dev-Build (E1C64328-A22C-4D53-A36C-8E866417BD8C): 0
LogDevObjectVersion:   Dev-Core (375EC13C-06E4-48FB-B500-84F0262A717E): 1
LogDevObjectVersion:   Dev-Editor (E4B068ED-F494-42E9-A231-DA0B2E46BB41): 2
LogDevObjectVersion:   Dev-Framework (CFFC743F-43B0-4480-9391-14DF171D2073): 6
LogDevObjectVersion:   Dev-Mobile (B02B49B5-BB20-44E9-A304-32B752E40360): 0
LogDevObjectVersion:   Dev-Networking (A4E4105C-59A1-49B5-A7C5-40C4547EDFEE): 0
LogDevObjectVersion:   Dev-Online (39C831C9-5AE6-47DC-9A44-9C173E1C8E7C): 0
LogDevObjectVersion:   Dev-Physics (78F01B33-EBEA-4F98-B9B4-84EACCB95AA2): 0
LogDevObjectVersion:   Dev-Platform (6631380F-2D4D-43E0-8009-CF276956A95A): 0
LogDevObjectVersion:   Dev-Rendering (12F88B9F-8875-4AFC-A67C-D90C383ABD29): 2
LogDevObjectVersion:   Dev-Sequencer (7B5AE74C-D270-4C10-A958-57980B212A5A): 0
LogDevObjectVersion:   Dev-VR (D7296918-1DD6-4BDD-9DE2-64A83CC13884): 0
LogInit: Compiled (64-bit): Jul  6 2016 09:09:46
LogInit: Compiled with Visual C++: 19.00.23026.00
LogInit: Build Configuration: Development
LogInit: Branch Name: ++UE4+Release-4.12
LogInit: Command line:  
LogInit: Base directory: C:/Program Files (x86)/Epic Games/4.12/Engine/Binaries/Win64/
LogInit: Installed Engine Build: 1
LogInit: Using libcurl 7.41.0
LogInit:  - built for x86_64-pc-win32
LogInit:  - supports SSL with WinSSL
LogInit:  - other features:
LogInit:      CURL_VERSION_SSL
LogInit:      CURL_VERSION_IPV6
LogInit:      CURL_VERSION_ASYNCHDNS
LogInit:      CURL_VERSION_LARGEFILE
LogInit:      CURL_VERSION_IDN
LogInit:  CurlRequestOptions (configurable via config and command line):
LogInit:  - bVerifyPeer = true  - Libcurl will verify peer certificate
LogInit:  - bUseHttpProxy = false  - Libcurl will NOT use HTTP proxy
LogInit:  - bDontReuseConnections = false  - Libcurl will reuse connections
LogInit:  - CertBundlePath = nullptr  - Libcurl will use whatever was configured at build time.
LogOnline:Display: STEAM: Loading Steam SDK 1.32
LogOnline:Warning: STEAM: Steam API disabled!
LogOnline:Display: STEAM: OnlineSubsystemSteam::Shutdown()
LogInit: WinSock: version 1.1 (2.2), MaxSocks=32767, MaxUdp=65467
LogVoice:Warning: Failed to initialize voice interface
LogInit: Presizing for max 8388607 objects, including 0 objects not considered by GC, pre-allocating 0 bytes for permanent pool.
LogInit: Object subsystem initialized
[2016.12.02-14.59.07:090][  0]LogInit: Selected Device Profile: [Windows]
[2016.12.02-14.59.07:090][  0]LogInit: Applying CVar settings loaded from the selected device profile: [Windows]
[2016.12.02-14.59.07:123][  0]LogInit: Computer: DESKTOP-5I3HB32
[2016.12.02-14.59.07:123][  0]LogInit: User: jcy
[2016.12.02-14.59.07:123][  0]LogInit: CPU Page size=65536, Cores=4
[2016.12.02-14.59.07:123][  0]LogInit: High frequency timer resolution =2.533210 MHz
[2016.12.02-14.59.07:124][  0]LogMemory: Memory total: Physical=7.9GB (8GB approx)
[2016.12.02-14.59.07:124][  0]LogMemory: Platform Memory Stats for Windows
[2016.12.02-14.59.07:124][  0]LogMemory: Process Physical Memory: 193.35 MB used, 193.35 MB peak
[2016.12.02-14.59.07:124][  0]LogMemory: Process Virtual Memory: 195.59 MB used, 195.59 MB peak
[2016.12.02-14.59.07:124][  0]LogMemory: Physical Memory: 4299.19 MB used, 8113.86 MB total
[2016.12.02-14.59.07:124][  0]LogMemory: Virtual Memory: 556.81 MB used, 134217728.00 MB total
[2016.12.02-14.59.08:384][  0]LogD3D11RHI: D3D11 adapters:
[2016.12.02-14.59.09:988][  0]LogD3D11RHI:    0. 'NVIDIA GeForce GTX 960M' (Feature Level 11_0)
[2016.12.02-14.59.09:988][  0]LogD3D11RHI:       2018/0/4056 MB DedicatedVideo/DedicatedSystem/SharedSystem, Outputs:2, VendorId:0x10de
[2016.12.02-14.59.10:002][  0]LogD3D11RHI:    1. 'Intel(R) HD Graphics 4600' (Feature Level 11_0)
[2016.12.02-14.59.10:002][  0]LogD3D11RHI:       112/0/2048 MB DedicatedVideo/DedicatedSystem/SharedSystem, Outputs:0, VendorId:0x8086
[2016.12.02-14.59.10:006][  0]LogD3D11RHI:    2. 'Microsoft Basic Render Driver' (Feature Level 11_0)
[2016.12.02-14.59.10:006][  0]LogD3D11RHI:       0/0/4056 MB DedicatedVideo/DedicatedSystem/SharedSystem, Outputs:0, VendorId:0x1414
[2016.12.02-14.59.10:006][  0]LogD3D11RHI: Chosen D3D11 Adapter: 0
[2016.12.02-14.59.10:019][  0]LogD3D11RHI: Creating new Direct3DDevice
[2016.12.02-14.59.10:019][  0]LogD3D11RHI:     GPU DeviceId: 0x139b (for the marketing name, search the web for "GPU Device Id")
[2016.12.02-14.59.10:019][  0]LogWindows: EnumDisplayDevices:
[2016.12.02-14.59.10:019][  0]LogWindows:    0. 'Intel(R) HD Graphics 4600' (P:1 D:1)
[2016.12.02-14.59.10:020][  0]LogWindows:    1. 'Intel(R) HD Graphics 4600' (P:0 D:1)
[2016.12.02-14.59.10:020][  0]LogWindows:    2. 'Intel(R) HD Graphics 4600' (P:0 D:0)
[2016.12.02-14.59.10:021][  0]LogWindows: DebugString: PrimaryIsNotTheChoosenAdapter PrimaryIsNotTheChoosenAdapter PrimaryIsNotTheChoosenAdapter FoundDriverCount:0 
[2016.12.02-14.59.10:021][  0]LogD3D11RHI:     Adapter Name: NVIDIA GeForce GTX 960M
[2016.12.02-14.59.10:021][  0]LogD3D11RHI:   Driver Version: Unknown (internal:Unknown, unified:Unknown)
[2016.12.02-14.59.10:021][  0]LogD3D11RHI:      Driver Date: Unknown
[2016.12.02-14.59.10:021][  0]LogRHI: Texture pool is 1361 MB (70% of 1945 MB)
[2016.12.02-14.59.11:536][  0]LogD3D11RHI: Async texture creation enabled
[2016.12.02-14.59.12:235][  0]LogD3D11RHI: GPU Timing Frequency: 1000.000000 (Debug: 2 1)
[2016.12.02-14.59.12:236][  0]LogShaderCompilers: Guid format shader working directory is -16 characters bigger than the processId version (../../../../../../Users/jcy/Documents/GitHub/UNNAMED/UNNAMED/Intermediate/Shaders/WorkingDirectory/8808/).
[2016.12.02-14.59.12:237][  0]LogShaderCompilers: Cleaned the shader compiler working directory 'C:/Users/jcy/AppData/Local/Temp/UnrealShaderWorkingDir/41EEB62E44B8227E39943AAED16A4F66/'.
[2016.12.02-14.59.12:237][  0]LogShaderCompilers:Display: Using Local Shader Compiler.
[2016.12.02-14.59.14:880][  0]LogTemp:Display: Loaded TP AllDesktopTargetPlatform
[2016.12.02-14.59.14:916][  0]LogTemp:Display: Loaded TP WindowsClientTargetPlatform
[2016.12.02-14.59.14:950][  0]LogTemp:Display: Loaded TP WindowsNoEditorTargetPlatform
[2016.12.02-14.59.14:980][  0]LogTemp:Display: Loaded TP WindowsServerTargetPlatform
[2016.12.02-14.59.15:010][  0]LogTemp:Display: Loaded TP WindowsTargetPlatform
[2016.12.02-14.59.15:044][  0]LogTemp:Display: Loaded TP AndroidTargetPlatform
[2016.12.02-14.59.15:067][  0]LogTemp:Display: Loaded TP Android_ASTCTargetPlatform
[2016.12.02-14.59.15:091][  0]LogTemp:Display: Loaded TP Android_ATCTargetPlatform
[2016.12.02-14.59.15:114][  0]LogTemp:Display: Loaded TP Android_DXTTargetPlatform
[2016.12.02-14.59.15:139][  0]LogTemp:Display: Loaded TP Android_ETC1TargetPlatform
[2016.12.02-14.59.15:164][  0]LogTemp:Display: Loaded TP Android_ETC2TargetPlatform
[2016.12.02-14.59.15:215][  0]LogTemp:Display: Loaded TP Android_MultiTargetPlatform
[2016.12.02-14.59.15:215][  0]LogTemp:Display: Loaded TP Android_PVRTCTargetPlatform
[2016.12.02-14.59.15:217][  0]LogTemp:Display: Loaded TP HTML5TargetPlatform
[2016.12.02-14.59.15:268][  0]LogTemp:Display: Loaded TP IOSTargetPlatform
[2016.12.02-14.59.15:289][  0]LogTemp:Display: Loaded TP TVOSTargetPlatform
[2016.12.02-14.59.15:311][  0]LogTemp:Display: Loaded TP LinuxNoEditorTargetPlatform
[2016.12.02-14.59.15:333][  0]LogTemp:Display: Loaded TP LinuxServerTargetPlatform
[2016.12.02-14.59.15:372][  0]LogTemp:Display: Loaded TP LinuxTargetPlatform
[2016.12.02-14.59.15:372][  0]LogTargetPlatformManager:Display: Building Assets For Windows
[2016.12.02-14.59.15:644][  0]LogDerivedDataCache:Display: Max Cache Size: 512 MB
[2016.12.02-14.59.15:794][  0]LogDerivedDataCache: Loaded boot cache 0.15s 48MB C:/Users/jcy/AppData/Local/UnrealEngine/4.12/DerivedDataCache/Boot.ddc.
[2016.12.02-14.59.15:795][  0]LogDerivedDataCache:Display: Loaded Boot cache: C:/Users/jcy/AppData/Local/UnrealEngine/4.12/DerivedDataCache/Boot.ddc
[2016.12.02-14.59.15:795][  0]LogDerivedDataCache: FDerivedDataBackendGraph:  Pak pak cache file ../../../../../../Users/jcy/Documents/GitHub/UNNAMED/UNNAMED/DerivedDataCache/DDC.ddp not found, will not use a pak cache.
[2016.12.02-14.59.15:795][  0]LogDerivedDataCache: Unable to find inner node Pak for hierarchical cache Hierarchy.
[2016.12.02-14.59.15:795][  0]LogDerivedDataCache: FDerivedDataBackendGraph:  CompressedPak pak cache file ../../../../../../Users/jcy/Documents/GitHub/UNNAMED/UNNAMED/DerivedDataCache/Compressed.ddp not found, will not use a pak cache.
[2016.12.02-14.59.15:795][  0]LogDerivedDataCache: Unable to find inner node CompressedPak for hierarchical cache Hierarchy.
[2016.12.02-14.59.15:843][  0]LogDerivedDataCache:Display: Pak cache opened for reading ../../../Engine/DerivedDataCache/Compressed.ddp.
[2016.12.02-14.59.15:857][  0]LogDerivedDataCache: Using Local data cache path C:/Users/jcy/AppData/Local/UnrealEngine/Common/DerivedDataCache: Writable
[2016.12.02-14.59.16:360][  0]LogInit: Selected Device Profile: [Windows]
[2016.12.02-14.59.16:361][  0]LogContentStreaming: Texture pool size is 0.00 MB
[2016.12.02-14.59.16:827][  0]LogMeshUtilities: No automatic mesh reduction module available
[2016.12.02-14.59.16:827][  0]LogMeshUtilities: No automatic mesh merging module available
[2016.12.02-14.59.16:827][  0]LogMeshUtilities: No distributed automatic mesh merging module available
[2016.12.02-14.59.17:598][  0]LogAssetRegistry: FAssetRegistry took 0.0225 seconds to start up
[2016.12.02-14.59.17:652][  0]LogPackageLocalizationCache: Processed 3 localized package path(s) for 1 prioritized culture(s) in 0.041343 seconds
[2016.12.02-14.59.17:667][  0]LogUObjectArray: 28746 objects as part of root set at end of initial load.
[2016.12.02-14.59.17:667][  0]LogUObjectAllocator: 6069104 out of 0 bytes used by permanent object pool.
[2016.12.02-14.59.17:667][  0]LogUObjectArray: CloseDisregardForGC: 0/0 objects in disregard for GC pool
[2016.12.02-14.59.18:455][  0]LogSlate: SlateFontCache - WITH_FREETYPE: 1, WITH_HARFBUZZ: 1
[2016.12.02-14.59.18:455][  0]LogSlate: SlateFontCache - WITH_FREETYPE: 1, WITH_HARFBUZZ: 1
[2016.12.02-14.59.42:406][  0]LogUdpMessaging: Initializing bridge on interface 0.0.0.0:0 to multicast group 230.0.0.1:6666.
[2016.12.02-14.59.44:170][  0]SourceControl: Info Source control is disabled
[2016.12.02-14.59.44:173][  0]SourceControl: Info Source control is disabled
[2016.12.02-14.59.44:205][  0]SourceControl: Info Source control is disabled
[2016.12.02-14.59.44:235][  0]SourceControl: Info Source control is disabled
[2016.12.02-14.59.45:184][  0]LogEngine: Initializing Engine...
[2016.12.02-14.59.45:186][  0]LogHMD: SteamVR failed to initialize.  Err: 110
[2016.12.02-14.59.45:187][  0]LogHMD: SteamVR failed to initialize.  Err: 110
[2016.12.02-14.59.45:574][  0]LogAIModule: Creating AISystem for world NewWorld
[2016.12.02-14.59.45:588][  0]LogInit: XAudio2 using '스피커(Realtek High Definition Audio)' : 2 channels at 48 kHz using 32 bits per sample (channel mask 0x3)
[2016.12.02-14.59.45:665][  0]LogInit: FAudioDevice initialized.
[2016.12.02-14.59.45:729][  0]LogDerivedDataCache: Saved boot cache 0.06s 48MB C:/Users/jcy/AppData/Local/UnrealEngine/4.12/DerivedDataCache/Boot.ddc.
[2016.12.02-14.59.45:747][  0]LogInit: Texture streaming: Enabled
[2016.12.02-14.59.45:823][  0]LogInit: Transaction tracking system initialized
[2016.12.02-14.59.45:914][  0]BlueprintLog: New page: Editor Load
[2016.12.02-14.59.46:204][  0]LocalizationService: Info Localization service is disabled
[2016.12.02-14.59.46:537][  0]LogConsoleResponse:Display: 
[2016.12.02-14.59.47:543][  0]LogCook:Display: Max memory allowance for cook 8192mb
[2016.12.02-14.59.47:543][  0]LogCook:Display: Mobile HDR setting 1
[2016.12.02-14.59.48:231][  0]LogFileCache: Scanning file cache for directory 'C:/Users/jcy/Documents/GitHub/UNNAMED/UNNAMED/Content/' took 0.02s
[2016.12.02-14.59.48:266][  0]SourceControl: Info Source control is disabled
[2016.12.02-14.59.48:267][  0]Cmd: MAP LOAD FILE="../../../../../../Users/jcy/Documents/GitHub/UNNAMED/UNNAMED/Content/Map/Main.umap" TEMPLATE=0 SHOWPROGRESS=1 FEATURELEVEL=3
[2016.12.02-14.59.48:268][  0]LightingResults: New page: Lighting Build
[2016.12.02-14.59.48:278][  0]MapCheck: New page: Map Check
[2016.12.02-14.59.48:278][  0]LightingResults: New page: Lighting Build
[2016.12.02-14.59.51:134][  0]LogAIModule: Creating AISystem for world Main
[2016.12.02-14.59.51:137][  0]LogEditorServer: Finished looking for orphan Actors (0.000 secs)
[2016.12.02-14.59.51:138][  0]Cmd: MAP CHECKDEP NOCLEARLOG
[2016.12.02-14.59.51:266][  0]MapCheck: Info Map check complete: 0 Error(s), 0 Warning(s), took 127.575ms to complete.
[2016.12.02-14.59.51:266][  0]LogFileHelpers: Loading map 'Main' took 3.000
[2016.12.02-14.59.51:846][  0]LogCrashTracker: Crashtracker disabled due to settings.
[2016.12.02-14.59.51:894][  0]LogWindowsTextInputMethodSystem:Display: IME system now activated using TSF (Microsoft 입력기).
[2016.12.02-14.59.51:935][  0]LogCollectionManager: Loaded 1 collections in 0.009790 seconds
[2016.12.02-14.59.52:013][  0]LogFileCache: Scanning file cache for directory 'C:/Users/jcy/Documents/GitHub/UNNAMED/UNNAMED/Saved/Collections/' took 0.01s
[2016.12.02-14.59.52:013][  0]LogFileCache: Scanning file cache for directory 'C:/Users/jcy/Documents/GitHub/UNNAMED/UNNAMED/Content/Developers/jcy/Collections/' took 0.01s
[2016.12.02-14.59.52:013][  0]LogFileCache: Scanning file cache for directory 'C:/Users/jcy/Documents/GitHub/UNNAMED/UNNAMED/Content/Collections/' took 0.01s
[2016.12.02-14.59.52:014][  0]LogCollectionManager: Rebuilt the GUID cache for 1 collections in 0.000033 seconds
[2016.12.02-14.59.52:014][  0]LogCollectionManager: Rebuilt the hierarchy cache for 1 collections in 0.000001 seconds
[2016.12.02-14.59.52:038][  0]LogContentBrowser: Native class hierarchy populated in 0.0232 seconds. Added 2050 classes and 373 folders.
[2016.12.02-14.59.52:052][  0]LogStats: UGameplayTagsManager::ConstructGameplayTagTree: Construct from data asset -  0.000 s
[2016.12.02-14.59.52:052][  0]LogStats: UGameplayTagsManager::ConstructGameplayTagTree: GameplayTagTreeChangedEvent.Broadcast -  0.000 s
[2016.12.02-14.59.52:053][  0]LogContentBrowser: Native class hierarchy updated for 'GameplayTags' in 0.0011 seconds. Added 12 classes and 0 folders.
[2016.12.02-14.59.52:073][  0]LogContentBrowser: Native class hierarchy updated for 'WidgetCarousel' in 0.0010 seconds. Added 0 classes and 0 folders.
[2016.12.02-14.59.53:105][  0]LogContentBrowser: Native class hierarchy updated for 'AddContentDialog' in 0.0015 seconds. Added 0 classes and 0 folders.
[2016.12.02-14.59.53:118][  0]LogUObjectGlobals:Warning: Failed to find object 'Class None.'
[2016.12.02-14.59.53:160][  0]LogContentBrowser: Native class hierarchy updated for 'HierarchicalLODOutliner' in 0.0011 seconds. Added 1 classes and 2 folders.
[2016.12.02-14.59.53:161][  0]LogLoad: Full Startup: 48.26 seconds (BP compile: 1.06 seconds)
[2016.12.02-14.59.53:161][  0]LogExternalProfiler: Found external profiler: VSPerf
[2016.12.02-14.59.53:161][  0]LogExternalProfiler: Using external profiler: VSPerf
[2016.12.02-14.59.53:190][  0]LogOcInput: OculusInput pre-init called
[2016.12.02-14.59.53:238][  0]LogContentStreaming: Texture pool size now 1000 MB
[2016.12.02-14.59.53:827][  0]LogRenderer: Reallocating scene render targets to support 1144x924 (Frame:2).
[2016.12.02-14.59.55:338][  4]LogContentBrowser: Native class hierarchy updated for 'BlueprintGraph' in 0.0021 seconds. Added 111 classes and 0 folders.
[2016.12.02-14.59.58:523][  4]LogAssetRegistry: Asset discovery search completed in 40.9476 seconds
[2016.12.02-14.59.58:523][  4]LogCollectionManager: Rebuilt the object cache for 1 collections in 0.000015 seconds (found 0 objects)
[2016.12.02-14.59.58:523][  4]LogCollectionManager: Fixed up redirectors for 1 collections in 0.000063 seconds (updated 0 objects)
[2016.12.02-15.16.54:387][350]BlueprintLog: New page: Compile W_serverlist
[2016.12.02-15.16.54:903][350]BlueprintEditorCompileResults: Info [1070.00] Compile of W_serverlist successful! [in 515 ms] (/Game/server/W_serverlist.W_serverlist)
[2016.12.02-15.17.39:641][151]LogUObjectHash:Warning: Ambiguous search, could be K2Node_DynamicCast /Game/BP/playercon.playercon:EventGraph.K2Node_DynamicCast_0 or K2Node_DynamicCast /Game/BP/MyGameMode.MyGameMode:EventGraph.K2Node_DynamicCast_0
[2016.12.02-15.17.39:641][151]LogUObjectHash:Warning: Ambiguous search, could be K2Node_DynamicCast /Game/BP/playercon.playercon:EventGraph.K2Node_DynamicCast_0 or K2Node_DynamicCast /Game/Widget/ChattingTXT.ChattingTXT:EventGraph.K2Node_DynamicCast_0
[2016.12.02-15.17.39:641][151]LogUObjectHash:Warning: Ambiguous search, could be K2Node_DynamicCast /Game/BP/playercon.playercon:EventGraph.K2Node_DynamicCast_0 or K2Node_DynamicCast /Game/server/W_errorDia.W_errorDia:EventGraph.K2Node_DynamicCast_0
[2016.12.02-15.17.39:641][151]LogUObjectHash:Warning: Ambiguous search, could be K2Node_DynamicCast /Game/BP/playercon.playercon:EventGraph.K2Node_DynamicCast_0 or K2Node_DynamicCast /Game/server/W_mainMenu.W_mainMenu:ToggleLANText.K2Node_DynamicCast_0
[2016.12.02-15.17.39:641][151]LogUObjectHash:Warning: Ambiguous search, could be K2Node_DynamicCast /Game/BP/playercon.playercon:EventGraph.K2Node_DynamicCast_0 or K2Node_DynamicCast /Game/server/MP_HostGame.MP_HostGame:EventGraph.K2Node_DynamicCast_0
[2016.12.02-15.17.39:641][151]LogUObjectHash:Warning: Ambiguous search, could be K2Node_DynamicCast /Game/BP/playercon.playercon:EventGraph.K2Node_DynamicCast_0 or K2Node_DynamicCast /Game/server/MP_Find_Button.MP_Find_Button:EventGraph.K2Node_DynamicCast_0
[2016.12.02-15.17.39:641][151]LogUObjectHash:Warning: Ambiguous search, could be K2Node_DynamicCast /Game/BP/playercon.playercon:EventGraph.K2Node_DynamicCast_0 or K2Node_DynamicCast /Engine/Transient.PROTO_BP_Blueprint_0:UserConstructionScript.K2Node_DynamicCast_0
[2016.12.02-15.17.39:641][151]LogUObjectHash:Warning: Ambiguous search, could be K2Node_DynamicCast /Game/BP/playercon.playercon:EventGraph.K2Node_DynamicCast_0 or K2Node_DynamicCast /Game/server/W_ServerRow.W_ServerRow:EventGraph.K2Node_DynamicCast_0
[2016.12.02-15.17.39:641][151]LogUObjectHash:Warning: Ambiguous search, could be K2Node_DynamicCast /Game/BP/playercon.playercon:EventGraph.K2Node_DynamicCast_0 or K2Node_DynamicCast /Game/server/W_serverlist.W_serverlist:RefreshServerList.K2Node_DynamicCast_0
[2016.12.02-15.17.39:641][151]LogUObjectHash:Warning: Ambiguous search, could be K2Node_DynamicCast /Game/BP/playercon.playercon:EventGraph.K2Node_DynamicCast_0 or K2Node_DynamicCast /Game/server/W_serverlist.W_serverlist:EventGraph.K2Node_DynamicCast_0
[2016.12.02-15.17.39:642][151]LogProperty:Warning: ObjectProperty /Script/Engine.EdGraphPin:LinkedTo.LinkedTo: unresolved reference to 'EdGraphPin'K2Node_DynamicCast_0.EdGraphPin_272''
[2016.12.02-15.17.55:550][658]BlueprintLog: New page: Compile W_serverlist
[2016.12.02-15.17.55:931][658]BlueprintEditorCompileResults: Info [1131.03] Compile of W_serverlist successful! [in 381 ms] (/Game/server/W_serverlist.W_serverlist)
[2016.12.02-15.25.09:805][317]LogUObjectHash:Warning: Ambiguous search, could be K2Node_CallFunction /Game/BP/MyGameinstance.MyGameinstance:Multiplayer.K2Node_CallFunction_249 or K2Node_CallFunction /Engine/Transient.PROTO_BP_Blueprint_0:UserConstructionScript.K2Node_CallFunction_249
[2016.12.02-15.25.09:806][317]LogProperty:Warning: ObjectProperty /Script/Engine.EdGraphPin:LinkedTo.LinkedTo: unresolved reference to 'EdGraphPin'K2Node_CallFunction_249.EdGraphPin_1284''
[2016.12.02-15.25.09:808][317]LogUObjectHash:Warning: Ambiguous search, could be K2Node_CallFunction /Game/BP/MyGameinstance.MyGameinstance:Multiplayer.K2Node_CallFunction_248 or K2Node_CallFunction /Engine/Transient.PROTO_BP_Blueprint_0:UserConstructionScript.K2Node_CallFunction_248
[2016.12.02-15.25.09:808][317]LogProperty:Warning: ObjectProperty /Script/Engine.EdGraphPin:LinkedTo.LinkedTo: unresolved reference to 'EdGraphPin'K2Node_CallFunction_248.EdGraphPin_1283''
[2016.12.02-15.26.24:685][253]BlueprintLog: New page: Compile MyGameinstance
[2016.12.02-15.26.24:881][253]LogBlueprint:Error: Compiler Error Spawn node  Create Widget  must have a class specified.
[2016.12.02-15.26.24:899][253]LogBlueprint:Error: Compiler Error This blueprint (self) is not a UserWidget, therefore ' Target ' must have a connection.
[2016.12.02-15.26.27:342][253]LogBlueprint:Warning: Compiler Warning [1642.44] Compile of MyGameinstance failed. 2 Fatal Issue(s) 0 Warning(s) [in 2,657 ms] (/Game/BP/MyGameinstance.MyGameinstance)
[2016.12.02-15.26.27:342][253]BlueprintEditorCompileResults:Error: Error Spawn node  Create Widget  must have a class specified.
[2016.12.02-15.26.27:342][253]BlueprintEditorCompileResults:Error: Error This blueprint (self) is not a UserWidget, therefore ' Target ' must have a connection.
[2016.12.02-15.26.27:342][253]BlueprintEditorCompileResults:Warning: Warning [1642.44] Compile of MyGameinstance failed. 2 Fatal Issue(s) 0 Warning(s) [in 2,657 ms] (/Game/BP/MyGameinstance.MyGameinstance)
[2016.12.02-15.26.46:271][493]Cmd: OBJ SAVEPACKAGE PACKAGE="/Game/BP/MyGameinstance" FILE="../../../../../../Users/jcy/Documents/GitHub/UNNAMED/UNNAMED/Content/BP/MyGameinstance.uasset" SILENT=true
[2016.12.02-15.26.46:745][493]LogSavePackage: Save=267.01ms
[2016.12.02-15.26.46:745][493]LogSavePackage: Moving '../../../../../../Users/jcy/Documents/GitHub/UNNAMED/UNNAMED/Saved/MyGameinstance7BAC50EE4EB764B5005E0EB71368D386.tmp' to '../../../../../../Users/jcy/Documents/GitHub/UNNAMED/UNNAMED/Content/BP/MyGameinstance.uasset'
[2016.12.02-15.26.46:756][493]LogSavePackage:Display: Finished SavePackage ../../../../../../Users/jcy/Documents/GitHub/UNNAMED/UNNAMED/Content/BP/MyGameinstance.uasset
[2016.12.02-15.28.30:428][498]LogFileHelpers: Editor autosave (incl. sublevels) for '/Game/Map/Main' took 0.074
[2016.12.02-15.28.30:433][498]OBJ SavePackage: Generating thumbnails for [0] asset(s) in package [/Game/server/W_serverlist] ([1] browsable assets)...
[2016.12.02-15.28.30:433][498]OBJ SavePackage: Finished generating thumbnails for package [/Game/server/W_serverlist]
[2016.12.02-15.28.30:823][498]LogSavePackage: Save=219.11ms
[2016.12.02-15.28.30:823][498]LogSavePackage: Moving '../../../../../../Users/jcy/Documents/GitHub/UNNAMED/UNNAMED/Saved/W_serverlist_Auto12929605F43A65B9DA6E74980C28E935B.tmp' to '../../../../../../Users/jcy/Documents/GitHub/UNNAMED/UNNAMED/Saved/Autosaves/Game/server/W_serverlist_Auto1.uasset'
[2016.12.02-15.28.30:827][498]LogSavePackage:Display: Finished SavePackage ../../../../../../Users/jcy/Documents/GitHub/UNNAMED/UNNAMED/Saved/Autosaves/Game/server/W_serverlist_Auto1.uasset
[2016.12.02-15.28.30:828][498]OBJ SavePackage: Generating thumbnails for [0] asset(s) in package [/Game/server/W_loadingscreen] ([1] browsable assets)...
[2016.12.02-15.28.30:828][498]OBJ SavePackage: Finished generating thumbnails for package [/Game/server/W_loadingscreen]
[2016.12.02-15.28.30:861][498]LogSavePackage: Save=29.60ms
[2016.12.02-15.28.30:863][498]LogSavePackage: Moving '../../../../../../Users/jcy/Documents/GitHub/UNNAMED/UNNAMED/Saved/W_loadingscreen_Auto121278F6E4175550462EB6CB480C3461B.tmp' to '../../../../../../Users/jcy/Documents/GitHub/UNNAMED/UNNAMED/Saved/Autosaves/Game/server/W_loadingscreen_Auto1.uasset'
[2016.12.02-15.28.30:866][498]LogSavePackage:Display: Finished SavePackage ../../../../../../Users/jcy/Documents/GitHub/UNNAMED/UNNAMED/Saved/Autosaves/Game/server/W_loadingscreen_Auto1.uasset
[2016.12.02-15.28.30:867][498]LogFileHelpers: Auto-saving content packages took 0.437
[2016.12.02-16.37.04:403][592]0.641788
[2016.12.02-16.37.04:404][592]0.616698
[2016.12.02-16.37.04:457][593]0.564618
[2016.12.02-16.37.04:458][593]0.566728
[2016.12.02-16.37.04:537][594]0.849390
[2016.12.02-16.37.04:610][595]1.138995
[2016.12.02-16.37.04:612][595]1.147016
[2016.12.02-16.37.05:484][612]0.646169
[2016.12.02-16.37.05:485][612]0.642549
[2016.12.02-16.37.05:486][612]0.639078
[2016.12.02-16.37.05:536][613]0.639587
[2016.12.02-16.37.05:537][613]0.638483
[2016.12.02-16.37.05:592][614]0.723190
[2016.12.02-16.37.05:593][614]0.725362
[2016.12.02-16.37.05:594][614]0.735538
[2016.12.02-16.37.05:596][614]0.737821
[2016.12.02-16.37.05:597][614]0.740243
[2016.12.02-16.37.05:652][615]0.852705
[2016.12.02-16.37.05:711][616]0.936921
[2016.12.02-16.37.05:768][617]0.984527
[2016.12.02-16.37.06:057][623]1.000434
[2016.12.02-16.37.06:109][624]1.034349
[2016.12.02-16.37.06:163][625]1.046240
[2016.12.02-16.37.06:679][636]1.052290
[2016.12.02-16.37.06:819][639]1.054298
[2016.12.02-16.37.06:870][640]1.057638
[2016.12.02-16.37.06:927][641]1.063215
[2016.12.02-16.37.06:985][642]1.053938
[2016.12.02-16.37.07:041][643]1.038798
[2016.12.02-16.37.07:100][644]1.031303
[2016.12.02-16.37.07:154][645]1.024494
[2016.12.02-16.37.07:210][646]1.031460
[2016.12.02-16.37.07:268][647]1.042968
[2016.12.02-16.37.07:269][647]1.051619
[2016.12.02-16.37.07:326][648]1.063368
[2016.12.02-16.37.07:385][649]1.071449
[2016.12.02-16.37.07:387][649]1.080776
[2016.12.02-16.37.07:442][650]1.076198
[2016.12.02-16.37.07:500][651]1.091516
[2016.12.02-16.37.07:556][652]1.092956
[2016.12.02-16.37.07:612][653]1.098699
[2016.12.02-16.37.07:667][654]1.100919
[2016.12.02-16.37.07:725][655]1.103626
[2016.12.02-16.37.07:787][656]1.100525
[2016.12.02-16.37.07:841][657]1.089177
[2016.12.02-16.37.07:842][657]1.086933
[2016.12.02-16.37.07:899][658]1.068661
[2016.12.02-16.37.07:900][658]1.067594
[2016.12.02-16.37.07:956][659]1.013044
[2016.12.02-16.37.07:957][659]1.013847
[2016.12.02-16.37.08:017][660]0.893711
[2016.12.02-16.37.08:019][660]0.884006
[2016.12.02-16.37.08:021][660]0.887864
[2016.12.02-16.37.08:076][661]0.805593
[2016.12.02-16.37.08:134][662]0.695113
[2016.12.02-16.37.08:191][663]0.647595
[2016.12.02-16.37.08:251][664]0.689785
[2016.12.02-16.37.08:307][665]0.800526
[2016.12.02-16.37.08:308][665]0.806132
[2016.12.02-16.37.08:309][665]0.811832
[2016.12.02-16.37.08:366][666]0.888292
[2016.12.02-16.37.08:470][668]0.894924
[2016.12.02-16.37.08:976][679]0.909596
[2016.12.02-16.37.09:024][680]0.938946
[2016.12.02-16.37.09:082][681]0.961611
[2016.12.02-16.37.35:713][788]LogFileHelpers: Editor autosave (incl. sublevels) for '/Game/Map/Main' took 0.054
[2016.12.02-16.37.35:716][788]OBJ SavePackage: Generating thumbnails for [0] asset(s) in package [/Game/server/W_loadingscreen] ([1] browsable assets)...
[2016.12.02-16.37.35:716][788]OBJ SavePackage: Finished generating thumbnails for package [/Game/server/W_loadingscreen]
[2016.12.02-16.37.35:752][788]LogSavePackage: Save=31.29ms
[2016.12.02-16.37.35:752][788]LogSavePackage: Moving '../../../../../../Users/jcy/Documents/GitHub/UNNAMED/UNNAMED/Saved/W_loadingscreen_Auto200620A0D4B51157E31EADEAADD685C7B.tmp' to '../../../../../../Users/jcy/Documents/GitHub/UNNAMED/UNNAMED/Saved/Autosaves/Game/server/W_loadingscreen_Auto2.uasset'
[2016.12.02-16.37.35:754][788]LogSavePackage:Display: Finished SavePackage ../../../../../../Users/jcy/Documents/GitHub/UNNAMED/UNNAMED/Saved/Autosaves/Game/server/W_loadingscreen_Auto2.uasset
[2016.12.02-16.37.35:754][788]LogFileHelpers: Auto-saving content packages took 0.040
[2016.12.02-16.40.26:725][614]BlueprintLog: New page: Compile W_loadingscreen
[2016.12.02-16.40.27:325][614]BlueprintEditorCompileResults: Info [6082.42] Compile of W_loadingscreen successful! [in 600 ms] (/Game/server/W_loadingscreen.W_loadingscreen)
[2016.12.02-16.41.17:879][714]BlueprintLog: New page: Compile MyGameinstance
[2016.12.02-16.41.18:071][714]LogBlueprint:Error: Compiler Error Spawn node  Create Widget  must have a class specified.
[2016.12.02-16.41.21:907][714]LogBlueprint:Warning: Compiler Warning [6137.00] Compile of MyGameinstance failed. 1 Fatal Issue(s) 0 Warning(s) [in 4,028 ms] (/Game/BP/MyGameinstance.MyGameinstance)
[2016.12.02-16.41.21:908][714]BlueprintEditorCompileResults:Error: Error Spawn node  Create Widget  must have a class specified.
[2016.12.02-16.41.21:908][714]BlueprintEditorCompileResults:Warning: Warning [6137.00] Compile of MyGameinstance failed. 1 Fatal Issue(s) 0 Warning(s) [in 4,028 ms] (/Game/BP/MyGameinstance.MyGameinstance)
[2016.12.02-16.41.29:107][795]LogSlate:Warning: Prevented a slow task dialog from being summoned while a context menu was open
[2016.12.02-16.41.38:613][134]BlueprintLog: New page: Compile MyGameinstance
[2016.12.02-16.41.40:357][134]BlueprintEditorCompileResults: Info [6155.45] Compile of MyGameinstance successful! [in 1,743 ms] (/Game/BP/MyGameinstance.MyGameinstance)
[2016.12.02-16.42.38:425][149]BlueprintLog: New page: Compile MyGameinstance
[2016.12.02-16.42.40:463][149]BlueprintEditorCompileResults: Info [6215.56] Compile of MyGameinstance successful! [in 2,037 ms] (/Game/BP/MyGameinstance.MyGameinstance)
[2016.12.02-16.43.23:204][ 10]Cmd: OBJ SAVEPACKAGE PACKAGE="/Game/BP/MyGameinstance" FILE="../../../../../../Users/jcy/Documents/GitHub/UNNAMED/UNNAMED/Content/BP/MyGameinstance.uasset" SILENT=true
[2016.12.02-16.43.23:611][ 10]LogSavePackage: Save=239.30ms
[2016.12.02-16.43.23:611][ 10]LogSavePackage: Moving '../../../../../../Users/jcy/Documents/GitHub/UNNAMED/UNNAMED/Saved/MyGameinstanceA6BDA89E4B6726E55D21989C42DD1839.tmp' to '../../../../../../Users/jcy/Documents/GitHub/UNNAMED/UNNAMED/Content/BP/MyGameinstance.uasset'
[2016.12.02-16.43.23:619][ 10]LogSavePackage:Display: Finished SavePackage ../../../../../../Users/jcy/Documents/GitHub/UNNAMED/UNNAMED/Content/BP/MyGameinstance.uasset
[2016.12.02-16.43.24:089][ 31]BlueprintLog: New page: Compile MyGameinstance
[2016.12.02-16.43.27:762][ 31]BlueprintEditorCompileResults: Info [6262.86] Compile of MyGameinstance successful! [in 3,672 ms] (/Game/BP/MyGameinstance.MyGameinstance)
[2016.12.02-16.43.36:310][222]Cmd: OBJ SAVEPACKAGE PACKAGE="/Game/server/W_loadingscreen" FILE="../../../../../../Users/jcy/Documents/GitHub/UNNAMED/UNNAMED/Content/server/W_loadingscreen.uasset" SILENT=true
[2016.12.02-16.43.36:357][222]LogSavePackage: Save=34.05ms
[2016.12.02-16.43.36:357][222]LogSavePackage: Moving '../../../../../../Users/jcy/Documents/GitHub/UNNAMED/UNNAMED/Saved/W_loadingscreen60E9DB964E1A972756886D86B5BEDE95.tmp' to '../../../../../../Users/jcy/Documents/GitHub/UNNAMED/UNNAMED/Content/server/W_loadingscreen.uasset'
[2016.12.02-16.43.36:372][222]LogSavePackage:Display: Finished SavePackage ../../../../../../Users/jcy/Documents/GitHub/UNNAMED/UNNAMED/Content/server/W_loadingscreen.uasset
[2016.12.02-16.43.36:378][222]Cmd: OBJ SAVEPACKAGE PACKAGE="/Game/server/W_serverlist" FILE="../../../../../../Users/jcy/Documents/GitHub/UNNAMED/UNNAMED/Content/server/W_serverlist.uasset" SILENT=true
[2016.12.02-16.43.36:733][222]LogSavePackage: Save=181.42ms
[2016.12.02-16.43.36:733][222]LogSavePackage: Moving '../../../../../../Users/jcy/Documents/GitHub/UNNAMED/UNNAMED/Saved/W_serverlist7839558A45A3B5CDF9F60A8DB7F1EDE7.tmp' to '../../../../../../Users/jcy/Documents/GitHub/UNNAMED/UNNAMED/Content/server/W_serverlist.uasset'
[2016.12.02-16.43.36:740][222]LogSavePackage:Display: Finished SavePackage ../../../../../../Users/jcy/Documents/GitHub/UNNAMED/UNNAMED/Content/server/W_serverlist.uasset
[2016.12.02-16.43.39:164][222]LogWindowsTextInputMethodSystem:Display: IME system now activated using TSF (Microsoft 입력기).
[2016.12.02-16.43.39:625][223]Cmd: QUIT_EDITOR
[2016.12.02-16.43.39:809][223]LogExit: Preparing to exit.
[2016.12.02-16.43.41:207][223]LogExit: Editor shut down
[2016.12.02-16.43.41:210][223]LogExit: Transaction tracking system shut down
[2016.12.02-16.43.41:828][223]LogObj: Freed 0b from 0 cluster array pools.
[2016.12.02-16.43.41:829][223]LogExit: Object subsystem successfully closed.
[2016.12.02-16.43.41:880][223]LogD3D11RHI: Shutdown
[2016.12.02-16.43.41:880][223]LogD3D11RHI: CleanupD3DDevice
[2016.12.02-16.43.42:145][223]LogD3D11RHI: ~FD3D11DynamicRHI
[2016.12.02-16.43.42:180][223]LogModuleManager: Shutting down and abandoning module SequencerWidgets (218)
[2016.12.02-16.43.42:180][223]LogModuleManager: Shutting down and abandoning module BlueprintGraph (217)
[2016.12.02-16.43.42:180][223]LogModuleManager: Shutting down and abandoning module HierarchicalLODOutliner (216)
[2016.12.02-16.43.42:180][223]LogModuleManager: Shutting down and abandoning module WidgetCarousel (215)
[2016.12.02-16.43.42:180][223]LogModuleManager: Shutting down and abandoning module AddContentDialog (214)
[2016.12.02-16.43.42:196][223]LogModuleManager: Shutting down and abandoning module GameplayTags (213)
[2016.12.02-16.43.42:196][223]LogModuleManager: Shutting down and abandoning module EditorWidgets (212)
[2016.12.02-16.43.42:196][223]LogModuleManager: Shutting down and abandoning module CollectionManager (211)
[2016.12.02-16.43.42:197][223]LogModuleManager: Shutting down and abandoning module CrashTracker (210)
[2016.12.02-16.43.42:197][223]LogModuleManager: Shutting down and abandoning module SceneOutliner (209)
[2016.12.02-16.43.42:197][223]LogModuleManager: Shutting down and abandoning module StatsViewer (208)
[2016.12.02-16.43.42:197][223]LogModuleManager: Shutting down and abandoning module FoliageEdit (207)
[2016.12.02-16.43.42:197][223]LogModuleManager: Shutting down and abandoning module LandscapeEditor (206)
[2016.12.02-16.43.42:198][223]LogModuleManager: Shutting down and abandoning module SceneDepthPickerMode (205)
[2016.12.02-16.43.42:198][223]LogModuleManager: Shutting down and abandoning module ActorPickerMode (204)
[2016.12.02-16.43.42:198][223]LogModuleManager: Shutting down and abandoning module GeometryMode (203)
[2016.12.02-16.43.42:198][223]LogModuleManager: Shutting down and abandoning module TextureAlignMode (202)
[2016.12.02-16.43.42:198][223]LogModuleManager: Shutting down and abandoning module BspMode (201)
[2016.12.02-16.43.42:198][223]LogModuleManager: Shutting down and abandoning module HardwareSurvey (200)
[2016.12.02-16.43.42:198][223]LogModuleManager: Shutting down and abandoning module SequenceRecorderSections (199)
[2016.12.02-16.43.42:198][223]LogModuleManager: Shutting down and abandoning module SequenceRecorder (198)
[2016.12.02-16.43.42:198][223]LogModuleManager: Shutting down and abandoning module AutomationWorker (197)
[2016.12.02-16.43.42:198][223]LogModuleManager: Shutting down and abandoning module MatineeToLevelSequence (196)
[2016.12.02-16.43.42:198][223]LogModuleManager: Shutting down and abandoning module PlacementMode (195)
[2016.12.02-16.43.42:199][223]LogModuleManager: Shutting down and abandoning module LevelSequenceEditor (194)
[2016.12.02-16.43.42:199][223]LogModuleManager: Shutting down and abandoning module CharacterAI (193)
[2016.12.02-16.43.42:199][223]LogModuleManager: Shutting down and abandoning module SmartSnapping (192)
[2016.12.02-16.43.42:199][223]LogModuleManager: Shutting down and abandoning module SessionServices (191)
[2016.12.02-16.43.42:199][223]LogModuleManager: Shutting down and abandoning module ViewportSnapping (190)
[2016.12.02-16.43.42:199][223]LogModuleManager: Shutting down and abandoning module LogVisualizer (189)
[2016.12.02-16.43.42:200][223]LogModuleManager: Shutting down and abandoning module GameProjectGeneration (188)
[2016.12.02-16.43.42:200][223]LogModuleManager: Shutting down and abandoning module IntroTutorials (187)
[2016.12.02-16.43.42:200][223]LogModuleManager: Shutting down and abandoning module EditorLiveStreaming (186)
[2016.12.02-16.43.42:200][223]LogModuleManager: Shutting down and abandoning module IOSPlatformEditor (185)
[2016.12.02-16.43.42:200][223]LogModuleManager: Shutting down and abandoning module HTML5PlatformEditor (184)
[2016.12.02-16.43.42:200][223]LogModuleManager: Shutting down and abandoning module AndroidDeviceDetection (183)
[2016.12.02-16.43.43:025][223]LogModuleManager: Shutting down and abandoning module AndroidPlatformEditor (182)
[2016.12.02-16.43.43:025][223]LogModuleManager: Shutting down and abandoning module IOSRuntimeSettings (181)
[2016.12.02-16.43.43:025][223]LogModuleManager: Shutting down and abandoning module AndroidRuntimeSettings (180)
[2016.12.02-16.43.43:025][223]LogModuleManager: Shutting down and abandoning module MergeActors (179)
[2016.12.02-16.43.43:025][223]LogModuleManager: Shutting down and abandoning module SizeMap (178)
[2016.12.02-16.43.43:025][223]LogModuleManager: Shutting down and abandoning module TreeMap (177)
[2016.12.02-16.43.43:025][223]LogModuleManager: Shutting down and abandoning module ReferenceViewer (176)
[2016.12.02-16.43.43:025][223]LogModuleManager: Shutting down and abandoning module LocalizationService (175)
[2016.12.02-16.43.43:025][223]LogModuleManager: Shutting down and abandoning module LocalizationDashboard (174)
[2016.12.02-16.43.43:025][223]LogModuleManager: Shutting down and abandoning module HardwareTargeting (173)
[2016.12.02-16.43.43:025][223]LogModuleManager: Shutting down and abandoning module DeviceProfileEditor (172)
[2016.12.02-16.43.43:025][223]LogModuleManager: Shutting down and abandoning module UndoHistory (171)
[2016.12.02-16.43.43:025][223]LogModuleManager: Shutting down and abandoning module UserFeedback (170)
[2016.12.02-16.43.43:025][223]LogModuleManager: Shutting down and abandoning module XmlParser (169)
[2016.12.02-16.43.43:025][223]LogModuleManager: Shutting down and abandoning module Blutility (168)
[2016.12.02-16.43.43:025][223]LogModuleManager: Shutting down and abandoning module ProjectTargetPlatformEditor (167)
[2016.12.02-16.43.43:026][223]LogModuleManager: Shutting down and abandoning module ProjectSettingsViewer (166)
[2016.12.02-16.43.43:026][223]LogModuleManager: Shutting down and abandoning module InputBindingEditor (165)
[2016.12.02-16.43.43:027][223]LogModuleManager: Shutting down and abandoning module EditorSettingsViewer (164)
[2016.12.02-16.43.43:027][223]LogModuleManager: Shutting down and abandoning module SettingsEditor (163)
[2016.12.02-16.43.43:027][223]LogModuleManager: Shutting down and abandoning module ProjectLauncher (162)
[2016.12.02-16.43.43:027][223]LogModuleManager: Shutting down and abandoning module SessionFrontend (161)
[2016.12.02-16.43.43:027][223]LogModuleManager: Shutting down and abandoning module ProfilerClient (160)
[2016.12.02-16.43.43:028][223]LogModuleManager: Shutting down and abandoning module TargetDeviceServices (159)
[2016.12.02-16.43.43:028][223]LogModuleManager: Shutting down and abandoning module DeviceManager (158)
[2016.12.02-16.43.43:072][223]LogModuleManager: Shutting down and abandoning module AutomationController (157)
[2016.12.02-16.43.43:072][223]LogModuleManager: Shutting down and abandoning module AutomationWindow (156)
[2016.12.02-16.43.43:072][223]LogModuleManager: Shutting down and abandoning module Layers (155)
[2016.12.02-16.43.43:072][223]LogModuleManager: Shutting down and abandoning module ComponentVisualizers (154)
[2016.12.02-16.43.43:072][223]LogModuleManager: Shutting down and abandoning module DetailCustomizations (153)
[2016.12.02-16.43.43:072][223]LogModuleManager: Shutting down and abandoning module PackagesDialog (152)
[2016.12.02-16.43.43:072][223]LogModuleManager: Shutting down and abandoning module Persona (151)
[2016.12.02-16.43.43:072][223]LogModuleManager: Shutting down and abandoning module Kismet (150)
[2016.12.02-16.43.43:073][223]LogModuleManager: Shutting down and abandoning module GraphEditor (149)
[2016.12.02-16.43.43:073][223]LogModuleManager: Shutting down and abandoning module ClassViewer (148)
[2016.12.02-16.43.43:076][223]LogModuleManager: Shutting down and abandoning module Toolbox (147)
[2016.12.02-16.43.43:076][223]LogModuleManager: Shutting down and abandoning module ModuleUI (146)
[2016.12.02-16.43.43:076][223]LogModuleManager: Shutting down and abandoning module MovieSceneTools (145)
[2016.12.02-16.43.43:076][223]LogModuleManager: Shutting down and abandoning module OutputLog (144)
[2016.12.02-16.43.43:076][223]LogModuleManager: Shutting down and abandoning module GammaUI (143)
[2016.12.02-16.43.43:076][223]LogModuleManager: Shutting down and abandoning module Documentation (142)
[2016.12.02-16.43.43:079][223]LogModuleManager: Shutting down and abandoning module StreamingPauseRendering (141)
[2016.12.02-16.43.43:079][223]LogModuleManager: Shutting down and abandoning module AnalyticsET (140)
[2016.12.02-16.43.43:079][223]LogModuleManager: Shutting down and abandoning module Analytics (139)
[2016.12.02-16.43.43:079][223]LogModuleManager: Shutting down and abandoning module PortalServices (138)
[2016.12.02-16.43.43:079][223]LogModuleManager: Shutting down and abandoning module PortalRpc (137)
[2016.12.02-16.43.43:079][223]LogModuleManager: Shutting down and abandoning module MessagingRpc (136)
[2016.12.02-16.43.43:079][223]LogModuleManager: Shutting down and abandoning module GameplayDebugger (135)
[2016.12.02-16.43.43:079][223]LogModuleManager: Shutting down and abandoning module AITestSuite (134)
[2016.12.02-16.43.43:079][223]LogModuleManager: Shutting down and abandoning module AIModule (133)
[2016.12.02-16.43.43:079][223]LogModuleManager: Shutting down and abandoning module ProfilerService (132)
[2016.12.02-16.43.43:237][223]LogModuleManager: Shutting down and abandoning module TaskGraph (131)
[2016.12.02-16.43.43:238][223]LogModuleManager: Shutting down and abandoning module SlateRemote (130)
[2016.12.02-16.43.43:238][223]LogModuleManager: Shutting down and abandoning module SteamVRController (129)
[2016.12.02-16.43.43:238][223]LogModuleManager: Shutting down and abandoning module SteamVR (128)
[2016.12.02-16.43.43:238][223]LogModuleManager: Shutting down and abandoning module ProceduralMeshComponent (127)
[2016.12.02-16.43.43:238][223]LogModuleManager: Shutting down and abandoning module OculusLibrary (126)
[2016.12.02-16.43.43:238][223]LogModuleManager: Shutting down and abandoning module OculusInput (125)
[2016.12.02-16.43.43:238][223]LogModuleManager: Shutting down and abandoning module CustomMeshComponent (124)
[2016.12.02-16.43.43:238][223]LogModuleManager: Shutting down and abandoning module CableComponent (123)
[2016.12.02-16.43.43:238][223]LogModuleManager: Shutting down and abandoning module ArchVisCharacter (122)
[2016.12.02-16.43.43:238][223]LogModuleManager: Shutting down and abandoning module MediaPlayerEditor (121)
[2016.12.02-16.43.43:238][223]LogModuleManager: Shutting down and abandoning module HTML5Networking (120)
[2016.12.02-16.43.43:238][223]LogModuleManager: Shutting down and abandoning module SuperSearch (119)
[2016.12.02-16.43.43:238][223]LogModuleManager: Shutting down and abandoning module SuperSearchEditor (118)
[2016.12.02-16.43.43:238][223]LogModuleManager: Shutting down and abandoning module SpeedTreeImporter (117)
[2016.12.02-16.43.43:238][223]LogModuleManager: Shutting down and abandoning module PluginBrowser (116)
[2016.12.02-16.43.43:238][223]LogModuleManager: Shutting down and abandoning module EpicSurvey (115)
[2016.12.02-16.43.43:238][223]LogModuleManager: Shutting down and abandoning module DesktopPlatform (114)
[2016.12.02-16.43.43:238][223]LogModuleManager: Shutting down and abandoning module VisualStudioSourceCodeAccess (113)
[2016.12.02-16.43.43:238][223]LogModuleManager: Shutting down and abandoning module UObjectPlugin (112)
[2016.12.02-16.43.43:238][223]LogModuleManager: Shutting down and abandoning module SubversionSourceControl (111)
[2016.12.02-16.43.43:238][223]LogModuleManager: Shutting down and abandoning module PerforceSourceControl (110)
[2016.12.02-16.43.43:239][223]LogModuleManager: Shutting down and abandoning module SourceControl (109)
[2016.12.02-16.43.43:239][223]LogModuleManager: Shutting down and abandoning module GitSourceControl (108)
[2016.12.02-16.43.43:239][223]LogModuleManager: Shutting down and abandoning module LightPropagationVolumeEditor (107)
[2016.12.02-16.43.43:239][223]LogModuleManager: Shutting down and abandoning module PaperTiledImporter (106)
[2016.12.02-16.43.43:239][223]LogModuleManager: Shutting down and abandoning module PaperSpriteSheetImporter (105)
[2016.12.02-16.43.43:239][223]LogModuleManager: Shutting down and abandoning module MeshPaint (104)
[2016.12.02-16.43.43:239][223]LogModuleManager: Shutting down and abandoning module PixelInspectorModule (103)
[2016.12.02-16.43.43:239][223]LogModuleManager: Shutting down and abandoning module HotReload (102)
[2016.12.02-16.43.43:244][223]LogModuleManager: Shutting down and abandoning module MainFrame (101)
[2016.12.02-16.43.43:244][223]LogModuleManager: Shutting down and abandoning module LevelEditor (100)
[2016.12.02-16.43.43:250][223]LogModuleManager: Shutting down and abandoning module ContentBrowser (99)
[2016.12.02-16.43.43:256][223]LogModuleManager: Shutting down and abandoning module Paper2DEditor (98)
[2016.12.02-16.43.43:256][223]LogModuleManager: Shutting down and abandoning module UdpMessaging (97)
[2016.12.02-16.43.43:358][223]LogModuleManager: Shutting down and abandoning module LightPropagationVolumeRuntime (96)
[2016.12.02-16.43.43:358][223]LogModuleManager: Shutting down and abandoning module Paper2D (95)
[2016.12.02-16.43.43:358][223]LogModuleManager: Shutting down and abandoning module WindowsMoviePlayer (94)
[2016.12.02-16.43.43:358][223]LogModuleManager: Shutting down and abandoning module Media (93)
[2016.12.02-16.43.43:358][223]LogModuleManager: Shutting down and abandoning module WmfMedia (92)
[2016.12.02-16.43.43:359][223]LogModuleManager: Shutting down and abandoning module MediaAssets (91)
[2016.12.02-16.43.43:359][223]LogModuleManager: Shutting down and abandoning module GameLiveStreaming (90)
[2016.12.02-16.43.43:359][223]LogModuleManager: Shutting down and abandoning module GameplayTagsEditor (89)
[2016.12.02-16.43.43:359][223]LogModuleManager: Shutting down and abandoning module OnlineBlueprintSupport (88)
[2016.12.02-16.43.43:359][223]LogModuleManager: Shutting down and abandoning module VREditor (87)
[2016.12.02-16.43.43:359][223]LogModuleManager: Shutting down and abandoning module GameplayTasksEditor (86)
[2016.12.02-16.43.43:359][223]LogModuleManager: Shutting down and abandoning module PropertyEditor (85)
[2016.12.02-16.43.43:359][223]LogModuleManager: Shutting down and abandoning module BehaviorTreeEditor (84)
[2016.12.02-16.43.43:359][223]LogModuleManager: Shutting down and abandoning module FunctionalTesting (83)
[2016.12.02-16.43.43:359][223]LogModuleManager: Shutting down and abandoning module CollisionAnalyzer (82)
[2016.12.02-16.43.43:359][223]LogModuleManager: Shutting down and abandoning module Sequencer (81)
[2016.12.02-16.43.43:360][223]LogModuleManager: Shutting down and abandoning module WorkspaceMenuStructure (80)
[2016.12.02-16.43.43:360][223]LogModuleManager: Shutting down and abandoning module MessageLog (79)
[2016.12.02-16.43.43:360][223]LogModuleManager: Shutting down and abandoning module AssetTools (78)
[2016.12.02-16.43.43:360][223]LogModuleManager: Shutting down and abandoning module UMGEditor (77)
[2016.12.02-16.43.43:360][223]LogModuleManager: Shutting down and abandoning module UMG (76)
[2016.12.02-16.43.43:360][223]LogModuleManager: Shutting down and abandoning module SlateReflector (75)
[2016.12.02-16.43.43:360][223]LogModuleManager: Shutting down and abandoning module Slate (74)
[2016.12.02-16.43.43:360][223]LogModuleManager: Shutting down and abandoning module EditorStyle (73)
[2016.12.02-16.43.43:368][223]LogModuleManager: Shutting down and abandoning module SourceCodeAccess (72)
[2016.12.02-16.43.43:368][223]LogModuleManager: Shutting down and abandoning module HeadMountedDisplay (71)
[2016.12.02-16.43.43:368][223]LogModuleManager: Shutting down and abandoning module XAudio2 (70)
[2016.12.02-16.43.43:368][223]LogModuleManager: Shutting down and abandoning module Networking (69)
[2016.12.02-16.43.43:368][223]LogModuleManager: Shutting down and abandoning module Core (68)
[2016.12.02-16.43.43:368][223]LogModuleManager: Shutting down and abandoning module DirectoryWatcher (67)
[2016.12.02-16.43.43:382][223]LogModuleManager: Shutting down and abandoning module AssetRegistry (66)
[2016.12.02-16.43.43:697][223]LogModuleManager: Shutting down and abandoning module KismetCompiler (65)
[2016.12.02-16.43.43:697][223]LogModuleManager: Shutting down and abandoning module PhysXFormats (64)
[2016.12.02-16.43.43:697][223]LogModuleManager: Shutting down and abandoning module MeshUtilities (63)
[2016.12.02-16.43.43:697][223]LogModuleManager: Shutting down and abandoning module DerivedDataCache (62)
[2016.12.02-16.43.43:738][223]LogDerivedDataCache: Shutdown
[2016.12.02-16.43.43:738][223]LogModuleManager: Shutting down and abandoning module VulkanShaderFormat (61)
[2016.12.02-16.43.43:738][223]LogModuleManager: Shutting down and abandoning module ShaderFormatOpenGL (60)
[2016.12.02-16.43.43:738][223]LogModuleManager: Shutting down and abandoning module ShaderFormatD3D (59)
[2016.12.02-16.43.43:738][223]LogModuleManager: Shutting down and abandoning module MetalShaderFormat (58)
[2016.12.02-16.43.43:738][223]LogModuleManager: Shutting down and abandoning module TextureFormatUncompressed (57)
[2016.12.02-16.43.43:738][223]LogModuleManager: Shutting down and abandoning module TextureFormatPVR (56)
[2016.12.02-16.43.43:738][223]LogModuleManager: Shutting down and abandoning module TextureFormatIntelISPCTexComp (55)
[2016.12.02-16.43.43:738][223]LogModuleManager: Shutting down and abandoning module TextureFormatDXT (54)
[2016.12.02-16.43.43:739][223]LogModuleManager: Shutting down and abandoning module ImageWrapper (53)
[2016.12.02-16.43.43:739][223]LogModuleManager: Shutting down and abandoning module TextureFormatASTC (52)
[2016.12.02-16.43.43:739][223]LogModuleManager: Shutting down and abandoning module TextureFormatAndroid (51)
[2016.12.02-16.43.43:739][223]LogModuleManager: Shutting down and abandoning module AudioFormatOpus (50)
[2016.12.02-16.43.43:739][223]LogModuleManager: Shutting down and abandoning module AudioFormatOgg (49)
[2016.12.02-16.43.43:739][223]LogModuleManager: Shutting down and abandoning module AudioFormatADPCM (48)
[2016.12.02-16.43.43:739][223]LogModuleManager: Shutting down and abandoning module LinuxTargetPlatform (47)
[2016.12.02-16.43.43:739][223]LogModuleManager: Shutting down and abandoning module LinuxServerTargetPlatform (46)
[2016.12.02-16.43.43:739][223]LogModuleManager: Shutting down and abandoning module LinuxNoEditorTargetPlatform (45)
[2016.12.02-16.43.43:739][223]LogModuleManager: Shutting down and abandoning module TVOSTargetPlatform (44)
[2016.12.02-16.43.43:739][223]LogModuleManager: Shutting down and abandoning module Messaging (43)
[2016.12.02-16.43.43:739][223]LogModuleManager: Shutting down and abandoning module IOSTargetPlatform (42)
[2016.12.02-16.43.43:739][223]LogModuleManager: Shutting down and abandoning module HTML5TargetPlatform (41)
[2016.12.02-16.43.43:739][223]LogModuleManager: Shutting down and abandoning module Android_PVRTCTargetPlatform (40)
[2016.12.02-16.43.43:739][223]LogModuleManager: Shutting down and abandoning module Android_MultiTargetPlatform (39)
[2016.12.02-16.43.43:739][223]LogModuleManager: Shutting down and abandoning module Android_ETC2TargetPlatform (38)
[2016.12.02-16.43.43:739][223]LogModuleManager: Shutting down and abandoning module Android_ETC1TargetPlatform (37)
[2016.12.02-16.43.43:739][223]LogModuleManager: Shutting down and abandoning module Android_DXTTargetPlatform (36)
[2016.12.02-16.43.43:739][223]LogModuleManager: Shutting down and abandoning module Android_ATCTargetPlatform (35)
[2016.12.02-16.43.43:739][223]LogModuleManager: Shutting down and abandoning module Android_ASTCTargetPlatform (34)
[2016.12.02-16.43.43:739][223]LogModuleManager: Shutting down and abandoning module AndroidTargetPlatform (33)
[2016.12.02-16.43.43:740][223]LogModuleManager: Shutting down and abandoning module WindowsTargetPlatform (32)
[2016.12.02-16.43.43:740][223]LogModuleManager: Shutting down and abandoning module WindowsServerTargetPlatform (31)
[2016.12.02-16.43.43:740][223]LogModuleManager: Shutting down and abandoning module WindowsNoEditorTargetPlatform (30)
[2016.12.02-16.43.43:740][223]LogModuleManager: Shutting down and abandoning module WindowsClientTargetPlatform (29)
[2016.12.02-16.43.43:740][223]LogModuleManager: Shutting down and abandoning module AllDesktopTargetPlatform (28)
[2016.12.02-16.43.43:740][223]LogModuleManager: Shutting down and abandoning module TargetPlatform (27)
[2016.12.02-16.43.43:740][223]LogModuleManager: Shutting down and abandoning module InputCore (26)
[2016.12.02-16.43.43:740][223]LogModuleManager: Shutting down and abandoning module Settings (25)
[2016.12.02-16.43.43:740][223]LogModuleManager: Shutting down and abandoning module Voice (23)
[2016.12.02-16.43.43:740][223]LogModuleManager: Shutting down and abandoning module OnlineSubsystem (19)
[2016.12.02-16.43.43:740][223]LogOnline:Display: NULL: FOnlineSubsystemNull::Shutdown()
[2016.12.02-16.43.43:742][223]LogOnline:Display: Unloading online subsystem: STEAM
[2016.12.02-16.43.43:742][223]LogOnline:Display: Unloading online subsystem: NULL
[2016.12.02-16.43.43:742][223]LogModuleManager: Shutting down and abandoning module HTTP (18)
[2016.12.02-16.43.48:259][223]LogModuleManager: Shutting down and abandoning module XMPP (17)
[2016.12.02-16.43.48:259][223]LogModuleManager: Shutting down and abandoning module OculusRift (16)
[2016.12.02-16.43.48:259][223]LogModuleManager: Shutting down and abandoning module ExampleDeviceProfileSelector (15)
[2016.12.02-16.43.48:259][223]LogModuleManager: Shutting down and abandoning module TextureCompressor (14)
[2016.12.02-16.43.48:260][223]LogModuleManager: Shutting down and abandoning module ShaderCore (13)
[2016.12.02-16.43.48:260][223]LogModuleManager: Shutting down and abandoning module Landscape (12)
[2016.12.02-16.43.48:260][223]LogModuleManager: Shutting down and abandoning module SlateRHIRenderer (11)
[2016.12.02-16.43.48:328][223]LogModuleManager: Shutting down and abandoning module OpenGLDrv (10)
[2016.12.02-16.43.48:328][223]LogModuleManager: Shutting down and abandoning module D3D11RHI (9)
[2016.12.02-16.43.48:328][223]LogModuleManager: Shutting down and abandoning module AnimGraphRuntime (8)
[2016.12.02-16.43.48:328][223]LogModuleManager: Shutting down and abandoning module Renderer (7)
[2016.12.02-16.43.48:328][223]LogModuleManager: Shutting down and abandoning module Engine (6)
[2016.12.02-16.43.48:328][223]LogModuleManager: Shutting down and abandoning module CoreUObject (5)
[2016.12.02-16.43.48:328][223]LogModuleManager: Shutting down and abandoning module NetworkFile (4)
[2016.12.02-16.43.48:328][223]LogModuleManager: Shutting down and abandoning module StreamingFile (3)
[2016.12.02-16.43.48:328][223]LogModuleManager: Shutting down and abandoning module SandboxFile (2)
[2016.12.02-16.43.48:328][223]LogModuleManager: Shutting down and abandoning module PakFile (1)
[2016.12.02-16.43.48:334][223]LogExit: Exiting.
[2016.12.02-16.43.48:346][223]Log file closed, 12/03/16 01:43:48
