Log file open, 06/01/17 23:37:16
LogInit:Display: Running engine for game: UNNAMED
LogPlatformFile: Not using cached read wrapper
LogInit:Display: RandInit(1724972071) SRandInit(1724972071).
LogTaskGraph: Started task graph with 5 named threads and 8 total threads with 1 sets of task threads.
LogStats: Stats thread started at 0.107424
LogInit: Using libcurl 7.47.1
LogInit:  - built for x86_64-pc-win32
LogInit:  - supports SSL with OpenSSL/1.0.2g
LogInit:  - supports HTTP deflate (compression) using libz 1.2.8
LogInit:  - other features:
LogInit:      CURL_VERSION_SSL
LogInit:      CURL_VERSION_LIBZ
LogInit:      CURL_VERSION_IPV6
LogInit:      CURL_VERSION_ASYNCHDNS
LogInit:      CURL_VERSION_LARGEFILE
LogInit:      CURL_VERSION_IDN
LogInit:  CurlRequestOptions (configurable via config and command line):
LogInit:  - bVerifyPeer = false  - Libcurl will NOT verify peer certificate
LogInit:  - bUseHttpProxy = false  - Libcurl will NOT use HTTP proxy
LogInit:  - bDontReuseConnections = false  - Libcurl will reuse connections
LogInit:  - CertBundlePath = nullptr  - Libcurl will use whatever was configured at build time.
LogOnline:Display: STEAM: Loading Steam SDK 1.32
LogInit: WinSock: version 1.1 (2.2), MaxSocks=32767, MaxUdp=65467
LogInit: Build: ++UE4+Release-4.15-CL-3348071
LogInit: Engine Version: 4.15.1-3348071+++UE4+Release-4.15
LogInit: Compatible Engine Version: 4.15.0-3299760+++UE4+Release-4.15
LogInit: Net CL: 3299760
LogDevObjectVersion: Number of dev versions registered: 14
LogDevObjectVersion:   Dev-Blueprints (B0D832E4-1F89-4F0D-ACCF-7EB736FD4AA2): 8
LogDevObjectVersion:   Dev-Build (E1C64328-A22C-4D53-A36C-8E866417BD8C): 0
LogDevObjectVersion:   Dev-Core (375EC13C-06E4-48FB-B500-84F0262A717E): 2
LogDevObjectVersion:   Dev-Editor (E4B068ED-F494-42E9-A231-DA0B2E46BB41): 14
LogDevObjectVersion:   Dev-Framework (CFFC743F-43B0-4480-9391-14DF171D2073): 22
LogDevObjectVersion:   Dev-Mobile (B02B49B5-BB20-44E9-A304-32B752E40360): 0
LogDevObjectVersion:   Dev-Networking (A4E4105C-59A1-49B5-A7C5-40C4547EDFEE): 0
LogDevObjectVersion:   Dev-Online (39C831C9-5AE6-47DC-9A44-9C173E1C8E7C): 0
LogDevObjectVersion:   Dev-Physics (78F01B33-EBEA-4F98-B9B4-84EACCB95AA2): 0
LogDevObjectVersion:   Dev-Platform (6631380F-2D4D-43E0-8009-CF276956A95A): 0
LogDevObjectVersion:   Dev-Rendering (12F88B9F-8875-4AFC-A67C-D90C383ABD29): 12
LogDevObjectVersion:   Dev-Sequencer (7B5AE74C-D270-4C10-A958-57980B212A5A): 3
LogDevObjectVersion:   Dev-VR (D7296918-1DD6-4BDD-9DE2-64A83CC13884): 0
LogDevObjectVersion:   Dev-LoadTimes (C2A15278-BFE7-4AFE-6C17-90FF531DF755): 1
LogInit: Compiled (64-bit): Mar 15 2017 16:52:47
LogInit: Compiled with Visual C++: 19.00.23026.00
LogInit: Build Configuration: Development
LogInit: Branch Name: ++UE4+Release-4.15
LogInit: Command line:  -game
LogInit: Base directory: C:/Program Files/Epic Games/UE_4.15/Engine/Binaries/Win64/
LogInit: Installed Engine Build: 1
LogInit: Presizing for max 8388607 objects, including 0 objects not considered by GC, pre-allocating 0 bytes for permanent pool.
LogInit: Object subsystem initialized
[2017.06.01-14.37.18:992][  0]LogInit: Selected Device Profile: [Windows]
[2017.06.01-14.37.18:992][  0]LogInit: Applying CVar settings loaded from the selected device profile: [Windows]
[2017.06.01-14.37.19:003][  0]LogInit: Computer: DESKTOP-5I3HB32
[2017.06.01-14.37.19:003][  0]LogInit: User: jcy
[2017.06.01-14.37.19:003][  0]LogInit: CPU Page size=65536, Cores=4
[2017.06.01-14.37.19:003][  0]LogInit: High frequency timer resolution =2.533211 MHz
[2017.06.01-14.37.19:004][  0]LogMemory: Memory total: Physical=11.9GB (12GB approx)
[2017.06.01-14.37.19:004][  0]LogMemory: Platform Memory Stats for Windows
[2017.06.01-14.37.19:004][  0]LogMemory: Process Physical Memory: 303.79 MB used, 303.79 MB peak
[2017.06.01-14.37.19:004][  0]LogMemory: Process Virtual Memory: 283.17 MB used, 283.17 MB peak
[2017.06.01-14.37.19:004][  0]LogMemory: Physical Memory: 3846.80 MB used,  8363.07 MB free, 12209.86 MB total
[2017.06.01-14.37.19:004][  0]LogMemory: Virtual Memory: 751.62 MB used,  8363.07 MB free, 134217728.00 MB total
[2017.06.01-14.37.19:152][  0]LogTextLocalizationManager: No specific translations for ('ko-KR') exist, so ('ko') translations will be used.
[2017.06.01-14.37.19:277][  0]LogTextLocalizationManager:Warning: Loaded localization resources contain conflicting entries for (Namespace:KismetSchema, Key:Default):
Localization Resource: (C:/Program Files/Epic Games/UE_4.15/Engine/Content/Localization/EditorTutorials/ko/EditorTutorials.locres) Source String Hash: (940523119) Localized String: (디폴트)
Localization Resource: (C:/Program Files/Epic Games/UE_4.15/Engine/Content/Localization/Engine/ko/Engine.locres) Source String Hash: (940523119) Localized String: (기본)
[2017.06.01-14.37.19:278][  0]LogTextLocalizationManager:Warning: Loaded localization resources contain conflicting entries for (Namespace:UObjectToolTips, Key:AnimNode_AssetPlayerBase:InternalTimeAccumulator):
Localization Resource: (C:/Program Files/Epic Games/UE_4.15/Engine/Content/Localization/EditorTutorials/ko/EditorTutorials.locres) Source String Hash: (502993589) Localized String: (이 노드에서 애셋을 레퍼런싱하는 데 사용되는 누적 시간입니다.)
Localization Resource: (C:/Program Files/Epic Games/UE_4.15/Engine/Content/Localization/ToolTips/ko/ToolTips.locres) Source String Hash: (502993589) Localized String: (내부 시간 누산기 - 이 노드에서 애셋을 레퍼런싱하는 데 사용된 누적 시간입니다.)
Localization Resource: (C:/Program Files/Epic Games/UE_4.15/Engine/Content/Localization/Engine/ko/Engine.locres) Source String Hash: (502993589) Localized String: (이 노드에서 애셋을 레퍼런싱하는 데 사용된 누적 시간입니다.)
[2017.06.01-14.37.19:278][  0]LogTextLocalizationManager:Warning: Loaded localization resources contain conflicting entries for (Namespace:UObjectToolTips, Key:AnimNode_AssetPlayerBase:bIgnoreForRelevancyTest):
Localization Resource: (C:/Program Files/Epic Games/UE_4.15/Engine/Content/Localization/EditorTutorials/ko/EditorTutorials.locres) Source String Hash: (319969718) Localized String: (True 면, 스테이트에서 최고 가중치 애니메이션을 찾는 "Relevant anim" 노드는 이 노드를 무시합니다.
 )
Localization Resource: (C:/Program Files/Epic Games/UE_4.15/Engine/Content/Localization/ToolTips/ko/ToolTips.locres) Source String Hash: (319969718) Localized String: (연관성 테스트에 무시 - true 인 경우 스테이트 내 최고 웨이팅된 애니메이션을 찾는 "Relevant anim" (연관 애님) 노드가
이 노드를 무시합니다.)
Localization Resource: (C:/Program Files/Epic Games/UE_4.15/Engine/Content/Localization/Engine/ko/Engine.locres) Source String Hash: (319969718) Localized String: (True 면 스테이트 내 최고 웨이팅된 애니메이션을 찾는 "Relevant anim" 노드가 무시됩니다.
 )
[2017.06.01-14.37.19:278][  0]LogTextLocalizationManager:Warning: Loaded localization resources contain conflicting entries for (Namespace:UObjectToolTips, Key:AnimNode_AssetPlayerBase:BlendWeight):
Localization Resource: (C:/Program Files/Epic Games/UE_4.15/Engine/Content/Localization/EditorTutorials/ko/EditorTutorials.locres) Source String Hash: (-1232800293) Localized String: (이 노드에 마지막 걸린 블렌드웨이트 입니다.)
Localization Resource: (C:/Program Files/Epic Games/UE_4.15/Engine/Content/Localization/ToolTips/ko/ToolTips.locres) Source String Hash: (-1232800293) Localized String: (블렌드 웨이트 - 이 노드에 대해 마지막으로 접한 블렌드 웨이트입니다.)
Localization Resource: (C:/Program Files/Epic Games/UE_4.15/Engine/Content/Localization/Engine/ko/Engine.locres) Source String Hash: (-1232800293) Localized String: (이 노드에 대해 마지막 접한 블렌드 웨이트)
[2017.06.01-14.37.19:278][  0]LogTextLocalizationManager:Warning: Loaded localization resources contain conflicting entries for (Namespace:UObjectToolTips, Key:AnimNode_BlendSpacePlayer:bLoop):
Localization Resource: (C:/Program Files/Epic Games/UE_4.15/Engine/Content/Localization/EditorTutorials/ko/EditorTutorials.locres) Source String Hash: (2133979316) Localized String: (애니메이션이 끝까지 재생되면 반복할까요?)
Localization Resource: (C:/Program Files/Epic Games/UE_4.15/Engine/Content/Localization/ToolTips/ko/ToolTips.locres) Source String Hash: (2133979316) Localized String: (루프 - 애니메이션이 끝에 도달했을 때 계속 반복할까요?)
[2017.06.01-14.37.19:278][  0]LogTextLocalizationManager:Warning: Loaded localization resources contain conflicting entries for (Namespace:UObjectToolTips, Key:AnimNode_StateMachine:bSkipFirstUpdateTransition):
Localization Resource: (C:/Program Files/Epic Games/UE_4.15/Engine/Content/Localization/EditorTutorials/ko/EditorTutorials.locres) Source String Hash: (1865475011) Localized String: (첫 업데이트시 도입 상태에서의 트랜지션을 건너뛸까요? 
기본은 true 로, 첫 업데이트시에는 트랜지션 데이터를 버립니다.)
Localization Resource: (C:/Program Files/Epic Games/UE_4.15/Engine/Content/Localization/ToolTips/ko/ToolTips.locres) Source String Hash: (1865475011) Localized String: (첫 번째 업데이트 트랜지션 건너뛰기 - 첫 번째 업데이트에서 입력 스테이트의 트랜지션을 건너뜁니까?
디폴트는 true 고 첫 번째 업데이트의 트랜지션 데이터를 버립니다.)
[2017.06.01-14.37.19:278][  0]LogTextLocalizationManager:Warning: Loaded localization resources contain conflicting entries for (Namespace:UObjectToolTips, Key:AnimNode_BlendSpacePlayer:X):
Localization Resource: (C:/Program Files/Epic Games/UE_4.15/Engine/Content/Localization/EditorTutorials/ko/EditorTutorials.locres) Source String Hash: (2060772590) Localized String: (블렌드스페이스에서 샘플링할 X 좌표입니다.)
Localization Resource: (C:/Program Files/Epic Games/UE_4.15/Engine/Content/Localization/ToolTips/ko/ToolTips.locres) Source String Hash: (2060772590) Localized String: (X - 블렌드스페이스 샘플의 X 좌표입니다.)
[2017.06.01-14.37.19:278][  0]LogTextLocalizationManager:Warning: Loaded localization resources contain conflicting entries for (Namespace:UObjectToolTips, Key:AnimNode_BlendSpacePlayer:Y):
Localization Resource: (C:/Program Files/Epic Games/UE_4.15/Engine/Content/Localization/EditorTutorials/ko/EditorTutorials.locres) Source String Hash: (-1719607538) Localized String: (블렌드스페이스에서 샘플링할 Y 좌표입니다.)
Localization Resource: (C:/Program Files/Epic Games/UE_4.15/Engine/Content/Localization/ToolTips/ko/ToolTips.locres) Source String Hash: (-1719607538) Localized String: (Y - 블렌드스페이스 샘플의 Y 좌표입니다.)
[2017.06.01-14.37.19:278][  0]LogTextLocalizationManager:Warning: Loaded localization resources contain conflicting entries for (Namespace:UObjectToolTips, Key:AnimNode_BlendSpacePlayer:Z):
Localization Resource: (C:/Program Files/Epic Games/UE_4.15/Engine/Content/Localization/EditorTutorials/ko/EditorTutorials.locres) Source String Hash: (1728943471) Localized String: (블렌드스페이스에서 샘플링할 Z 좌표입니다.)
Localization Resource: (C:/Program Files/Epic Games/UE_4.15/Engine/Content/Localization/ToolTips/ko/ToolTips.locres) Source String Hash: (1728943471) Localized String: (Z - 블렌드스페이스 샘플의 Z 좌표입니다.)
[2017.06.01-14.37.19:278][  0]LogTextLocalizationManager:Warning: Loaded localization resources contain conflicting entries for (Namespace:UObjectToolTips, Key:AnimNode_BlendSpacePlayer:BlendSpace):
Localization Resource: (C:/Program Files/Epic Games/UE_4.15/Engine/Content/Localization/EditorTutorials/ko/EditorTutorials.locres) Source String Hash: (1599043277) Localized String: (재생할 블렌드스페이스 애셋입니다.)
Localization Resource: (C:/Program Files/Epic Games/UE_4.15/Engine/Content/Localization/ToolTips/ko/ToolTips.locres) Source String Hash: (1599043277) Localized String: (블렌드스페이스 - 재생할 블렌드스페이스 애셋입니다.)
[2017.06.01-14.37.19:278][  0]LogTextLocalizationManager:Warning: Loaded localization resources contain conflicting entries for (Namespace:UObjectToolTips, Key:AnimNode_StateMachine:MaxTransitionsPerFrame):
Localization Resource: (C:/Program Files/Epic Games/UE_4.15/Engine/Content/Localization/EditorTutorials/ko/EditorTutorials.locres) Source String Hash: (1567650430) Localized String: (이 머신에서 한 프레임 내 '동시에' 취할 수 있는 트랜지션 최대 수입니다.)
Localization Resource: (C:/Program Files/Epic Games/UE_4.15/Engine/Content/Localization/ToolTips/ko/ToolTips.locres) Source String Hash: (1567650430) Localized String: (프레임 당 최대 트랜지션 - 한 프레임에서 이 머신이 동시에 취할 수 있는 트랜지션 최대 수입니다.)
[2017.06.01-14.37.19:278][  0]LogTextLocalizationManager:Warning: Loaded localization resources contain conflicting entries for (Namespace:UObjectToolTips, Key:AnimNode_BlendSpacePlayer:PlayRate):
Localization Resource: (C:/Program Files/Epic Games/UE_4.15/Engine/Content/Localization/EditorTutorials/ko/EditorTutorials.locres) Source String Hash: (-1274923958) Localized String: (재생 속도 배수입니다. 음수가 되면 애니메이션을 역순으로 재생하게 됩니다.)
Localization Resource: (C:/Program Files/Epic Games/UE_4.15/Engine/Content/Localization/ToolTips/ko/ToolTips.locres) Source String Hash: (-1274923958) Localized String: (재생 속도 - 재생 속도 배수입니다. 음수가 되면 애니메이션을 거꾸로 재생합니다.)
[2017.06.01-14.37.19:278][  0]LogTextLocalizationManager:Warning: Loaded localization resources contain conflicting entries for (Namespace:UObjectToolTips, Key:AnimNode_BlendSpacePlayer:StartPosition):
Localization Resource: (C:/Program Files/Epic Games/UE_4.15/Engine/Content/Localization/EditorTutorials/ko/EditorTutorials.locres) Source String Hash: (-207153555) Localized String: (시작 위치 범위는 [0,1] 이며, 재초기화시에만 적용됩니다.
루핑을 하면, 1 회전 후 0.f 부터 시작할 것입니다.)
Localization Resource: (C:/Program Files/Epic Games/UE_4.15/Engine/Content/Localization/ToolTips/ko/ToolTips.locres) Source String Hash: (-207153555) Localized String: (시작 위치 - [0, 1] 범위의 시작 위치로, 재초기화할 때만 적용됩니다.
반복하면 1회전 후 0.f 부터 시작됩니다.)
[2017.06.01-14.37.19:278][  0]LogTextLocalizationManager:Warning: Loaded localization resources contain conflicting entries for (Namespace:UObjectToolTips, Key:CameraFilmbackSettings:SensorWidth):
Localization Resource: (C:/Program Files/Epic Games/UE_4.15/Engine/Content/Localization/ToolTips/ko/ToolTips.locres) Source String Hash: (-1448580153) Localized String: (센서 폭 - 필름백 또는 디지털 센서의 가로 크기로, mm 단위입니다.)
Localization Resource: (C:/Program Files/Epic Games/UE_4.15/Engine/Content/Localization/Engine/ko/Engine.locres) Source String Hash: (-1448580153) Localized String: (필름백 또는 디지털 센서의 가로 크기로, mm 단위입니다.)
[2017.06.01-14.37.19:278][  0]LogTextLocalizationManager:Warning: Loaded localization resources contain conflicting entries for (Namespace:UObjectToolTips, Key:CameraFilmbackSettings:SensorAspectRatio):
Localization Resource: (C:/Program Files/Epic Games/UE_4.15/Engine/Content/Localization/ToolTips/ko/ToolTips.locres) Source String Hash: (-194807515) Localized String: (센서 종횡비 - 읽기 전용입니다. 센서 치수에서 계산했습니다.)
Localization Resource: (C:/Program Files/Epic Games/UE_4.15/Engine/Content/Localization/Engine/ko/Engine.locres) Source String Hash: (-194807515) Localized String: (읽기 전용입니다. 센서 크기에서 계산했습니다.)
[2017.06.01-14.37.19:278][  0]LogTextLocalizationManager:Warning: Loaded localization resources contain conflicting entries for (Namespace:UObjectToolTips, Key:AnimNode_SequencePlayer:bLoopAnimation):
Localization Resource: (C:/Program Files/Epic Games/UE_4.15/Engine/Content/Localization/ToolTips/ko/ToolTips.locres) Source String Hash: (2133979316) Localized String: (루프 - 애니메이션이 끝에 도달했을 때 계속 반복시켜야 할까요?)
Localization Resource: (C:/Program Files/Epic Games/UE_4.15/Engine/Content/Localization/Engine/ko/Engine.locres) Source String Hash: (2133979316) Localized String: (애니메이션이 끝에 도달하면 계속해서 루핑시킬것인지 입니다.)
[2017.06.01-14.37.19:278][  0]LogTextLocalizationManager:Warning: Loaded localization resources contain conflicting entries for (Namespace:UObjectToolTips, Key:AnimNode_SequencePlayer:Sequence):
Localization Resource: (C:/Program Files/Epic Games/UE_4.15/Engine/Content/Localization/ToolTips/ko/ToolTips.locres) Source String Hash: (421436424) Localized String: (시퀀스 - 재생할 애니메이션 시퀀스 애셋입니다.)
Localization Resource: (C:/Program Files/Epic Games/UE_4.15/Engine/Content/Localization/Engine/ko/Engine.locres) Source String Hash: (421436424) Localized String: (재생할 애니메이션 시퀀스 애셋입니다.)
[2017.06.01-14.37.19:278][  0]LogTextLocalizationManager:Warning: Loaded localization resources contain conflicting entries for (Namespace:UObjectToolTips, Key:AnimNode_SequencePlayer:PlayRate):
Localization Resource: (C:/Program Files/Epic Games/UE_4.15/Engine/Content/Localization/ToolTips/ko/ToolTips.locres) Source String Hash: (-1274923958) Localized String: (재생 속도 - 재생 속도 배수입니다. 음수가 될 수 있으며, 그러면 애니메이션이 거꾸로 재생됩니다.)
Localization Resource: (C:/Program Files/Epic Games/UE_4.15/Engine/Content/Localization/Engine/ko/Engine.locres) Source String Hash: (-1274923958) Localized String: (플레이 속도 배수입니다. 음수가 되면 애니메이션이 역방향으로 재생됩니다.)
[2017.06.01-14.37.19:279][  0]LogTextLocalizationManager:Warning: Loaded localization resources contain conflicting entries for (Namespace:UObjectToolTips, Key:AnimNode_SequencePlayer:StartPosition):
Localization Resource: (C:/Program Files/Epic Games/UE_4.15/Engine/Content/Localization/ToolTips/ko/ToolTips.locres) Source String Hash: (771611000) Localized String: (시작 위치 - 시작 위치로 재초기화할 때만 적용됩니다.
반복하면, 1회전 후 0.f 부터 시작됩니다.)
Localization Resource: (C:/Program Files/Epic Games/UE_4.15/Engine/Content/Localization/Engine/ko/Engine.locres) Source String Hash: (771611000) Localized String: (시작 위치로, 재초기화시에만 적용됩니다.
루핑을 하면, 1회전 후 0.f 부터 시작할 것입니다.)
[2017.06.01-14.37.19:279][  0]LogTextLocalizationManager:Warning: Loaded localization resources contain conflicting entries for (Namespace:UObjectToolTips, Key:CameraFilmbackSettings:SensorHeight):
Localization Resource: (C:/Program Files/Epic Games/UE_4.15/Engine/Content/Localization/ToolTips/ko/ToolTips.locres) Source String Hash: (-1311569777) Localized String: (센서 높이 - 필름백 또는 디지털 센서의 세로 크기로, mm 단위입니다.)
Localization Resource: (C:/Program Files/Epic Games/UE_4.15/Engine/Content/Localization/Engine/ko/Engine.locres) Source String Hash: (-1311569777) Localized String: (필름백 또는 디지털 센서의 세로 크기로, mm 단위입니다.)
[2017.06.01-14.37.19:527][  0]LogD3D11RHI: D3D11 adapters:
[2017.06.01-14.37.20:300][  0]LogD3D11RHI:    0. 'NVIDIA GeForce GTX 960M' (Feature Level 11_0)
[2017.06.01-14.37.20:300][  0]LogD3D11RHI:       2019/0/6104 MB DedicatedVideo/DedicatedSystem/SharedSystem, Outputs:2, VendorId:0x10de
[2017.06.01-14.37.20:309][  0]LogD3D11RHI:    1. 'Intel(R) HD Graphics 4600' (Feature Level 11_0)
[2017.06.01-14.37.20:309][  0]LogD3D11RHI:       112/0/2048 MB DedicatedVideo/DedicatedSystem/SharedSystem, Outputs:0, VendorId:0x8086
[2017.06.01-14.37.20:313][  0]LogD3D11RHI:    2. 'Microsoft Basic Render Driver' (Feature Level 11_0)
[2017.06.01-14.37.20:313][  0]LogD3D11RHI:       0/0/6104 MB DedicatedVideo/DedicatedSystem/SharedSystem, Outputs:0, VendorId:0x1414
[2017.06.01-14.37.20:313][  0]LogD3D11RHI: Chosen D3D11 Adapter: 0
[2017.06.01-14.37.20:326][  0]LogD3D11RHI: Creating new Direct3DDevice
[2017.06.01-14.37.20:327][  0]LogD3D11RHI:     GPU DeviceId: 0x139b (for the marketing name, search the web for "GPU Device Id")
[2017.06.01-14.37.20:327][  0]LogWindows: EnumDisplayDevices:
[2017.06.01-14.37.20:328][  0]LogWindows:    0. 'Intel(R) HD Graphics 4600' (P:1 D:1)
[2017.06.01-14.37.20:329][  0]LogWindows:    1. 'Intel(R) HD Graphics 4600' (P:0 D:1)
[2017.06.01-14.37.20:330][  0]LogWindows:    2. 'Intel(R) HD Graphics 4600' (P:0 D:0)
[2017.06.01-14.37.20:331][  0]LogWindows: DebugString: PrimaryIsNotTheChoosenAdapter PrimaryIsNotTheChoosenAdapter PrimaryIsNotTheChoosenAdapter FoundDriverCount:0 
[2017.06.01-14.37.20:331][  0]LogD3D11RHI:     Adapter Name: NVIDIA GeForce GTX 960M
[2017.06.01-14.37.20:331][  0]LogD3D11RHI:   Driver Version: Unknown (internal:Unknown, unified:Unknown)
[2017.06.01-14.37.20:331][  0]LogD3D11RHI:      Driver Date: Unknown
[2017.06.01-14.37.20:331][  0]LogRHI: Texture pool is 1361 MB (70% of 1945 MB)
[2017.06.01-14.37.21:074][  0]LogD3D11RHI: Async texture creation enabled
[2017.06.01-14.37.21:442][  0]LogD3D11RHI: GPU Timing Frequency: 1000.000000 (Debug: 2 1)
[2017.06.01-14.37.21:446][  0]LogShaderCompilers: Guid format shader working directory is -16 characters bigger than the processId version (../../../../../../Users/jcy/Documents/GitHub/UNNAMED/UNNAMED/Intermediate/Shaders/WorkingDirectory/1424/).
[2017.06.01-14.37.21:446][  0]LogShaderCompilers: Cleaned the shader compiler working directory 'C:/Users/jcy/AppData/Local/Temp/UnrealShaderWorkingDir/F44680FD4C1EC0F5F91C1BA18306F053/'.
[2017.06.01-14.37.21:446][  0]LogShaderCompilers:Display: Using Local Shader Compiler.
[2017.06.01-14.37.23:035][  0]LogTemp:Display: Loaded TP WindowsClientTargetPlatform
[2017.06.01-14.37.23:114][  0]LogTemp:Display: Loaded TP WindowsNoEditorTargetPlatform
[2017.06.01-14.37.23:194][  0]LogTemp:Display: Loaded TP WindowsServerTargetPlatform
[2017.06.01-14.37.23:262][  0]LogTemp:Display: Loaded TP WindowsTargetPlatform
[2017.06.01-14.37.23:262][  0]LogTargetPlatformManager:Display: Building Assets For Windows
[2017.06.01-14.37.23:939][  0]LogDerivedDataCache:Display: Max Cache Size: 512 MB
[2017.06.01-14.37.24:010][  0]LogDerivedDataCache: Loaded boot cache 0.07s 50MB C:/Users/jcy/AppData/Local/UnrealEngine/4.15/DerivedDataCache/Boot.ddc.
[2017.06.01-14.37.24:010][  0]LogDerivedDataCache:Display: Loaded Boot cache: C:/Users/jcy/AppData/Local/UnrealEngine/4.15/DerivedDataCache/Boot.ddc
[2017.06.01-14.37.24:011][  0]LogDerivedDataCache: FDerivedDataBackendGraph:  Pak pak cache file ../../../../../../Users/jcy/Documents/GitHub/UNNAMED/UNNAMED/DerivedDataCache/DDC.ddp not found, will not use a pak cache.
[2017.06.01-14.37.24:011][  0]LogDerivedDataCache: Unable to find inner node Pak for hierarchical cache Hierarchy.
[2017.06.01-14.37.24:011][  0]LogDerivedDataCache: FDerivedDataBackendGraph:  CompressedPak pak cache file ../../../../../../Users/jcy/Documents/GitHub/UNNAMED/UNNAMED/DerivedDataCache/Compressed.ddp not found, will not use a pak cache.
[2017.06.01-14.37.24:011][  0]LogDerivedDataCache: Unable to find inner node CompressedPak for hierarchical cache Hierarchy.
[2017.06.01-14.37.24:028][  0]LogDerivedDataCache:Display: Pak cache opened for reading ../../../Engine/DerivedDataCache/Compressed.ddp.
[2017.06.01-14.37.24:041][  0]LogDerivedDataCache: Using Local data cache path C:/Users/jcy/AppData/Local/UnrealEngine/Common/DerivedDataCache: Writable
[2017.06.01-14.37.24:052][  0]LogSlate: Using Freetype 2.6.0
[2017.06.01-14.37.24:052][  0]LogSlate: SlateFontCache - WITH_FREETYPE: 1, WITH_HARFBUZZ: 1
[2017.06.01-14.37.24:052][  0]LogSlate: SlateFontCache - WITH_FREETYPE: 1, WITH_HARFBUZZ: 1
[2017.06.01-14.37.24:612][  0]LogAssetRegistry: FAssetRegistry took 0.0001 seconds to start up
[2017.06.01-14.37.24:647][  0]LogPackageLocalizationCache: Processed 3 localized package path(s) for 2 prioritized culture(s) in 0.035307 seconds
[2017.06.01-14.37.24:668][  0]LogInit: Selected Device Profile: [Windows]
[2017.06.01-14.37.24:670][  0]LogContentStreaming: Texture pool size is 1000.00 MB
[2017.06.01-14.37.24:956][  0]LogMeshUtilities: Using QuadricMeshReduction for automatic static mesh reduction
[2017.06.01-14.37.25:019][  0]LogSimplygon: Simplygon DLL not present - disabling.
[2017.06.01-14.37.25:095][  0]LogMeshUtilities: Using SimplygonSwarm for distributed automatic mesh merging
[2017.06.01-14.37.25:095][  0]LogMeshUtilities: No automatic skeletal mesh reduction module available
[2017.06.01-14.37.25:095][  0]LogMeshUtilities: No automatic mesh merging module available
[2017.06.01-14.37.25:857][  0]LogNetVersion: GetLocalNetworkVersion: CL: 3299760, ProjectName: unnamed, ProjectVersion: , EngineNetworkVersion: 2, GameNetworkVersion: 0, NetworkChecksum: 1184173371
[2017.06.01-14.37.27:216][  0]LogMoviePlayer: Initializing movie player
[2017.06.01-14.37.27:381][  0]LogWindowsTextInputMethodSystem:Display: IME system now activated using TSF (Microsoft 입력기).
[2017.06.01-14.37.28:343][  0]SourceControl: 정보 소스 콘트롤이 꺼졌습니다.
[2017.06.01-14.37.28:343][  0]SourceControl: 정보 소스 콘트롤이 꺼졌습니다.
[2017.06.01-14.37.28:430][  0]SourceControl: 정보 소스 콘트롤이 꺼졌습니다.
[2017.06.01-14.37.29:511][  0]LogUObjectArray: 34416 objects as part of root set at end of initial load.
[2017.06.01-14.37.29:511][  0]LogUObjectAllocator: 7853400 out of 0 bytes used by permanent object pool.
[2017.06.01-14.37.29:511][  0]LogUObjectArray: CloseDisregardForGC: 0/0 objects in disregard for GC pool
[2017.06.01-14.37.29:657][  0]LogEngine: Initializing Engine...
[2017.06.01-14.37.29:658][  0]LogHMD: Failed to initialize OpenVR with code 110
[2017.06.01-14.37.29:803][  0]LogInit: XAudio2 using '스피커(Realtek High Definition Audio)' : 2 channels at 48 kHz using 32 bits per sample (channel mask 0x3)
[2017.06.01-14.37.29:905][  0]LogInit: FAudioDevice initialized.
[2017.06.01-14.37.29:996][  0]LogDerivedDataCache: Saved boot cache 0.05s 50MB C:/Users/jcy/AppData/Local/UnrealEngine/4.15/DerivedDataCache/Boot.ddc.
[2017.06.01-14.37.30:008][  0]LogInit: Texture streaming: Enabled
[2017.06.01-14.37.30:054][  0]LogMaterial: Uniform references updated for custom material expression Custom.
[2017.06.01-14.37.31:134][  0]LogClass:Warning: Enum '/Game/BP/E_GameState.E_GameState' was upgraded to use FText to store its display name data. Please re-save this asset to avoid issues with localization and determinstic cooking.
[2017.06.01-14.37.31:408][  0]LogInit:Display: Game Engine Initialized.
[2017.06.01-14.37.31:753][  0]LogInit:Display: Starting Game.
[2017.06.01-14.37.31:753][  0]LogNet: Browse: /Game/Map/Main?Name=Player
[2017.06.01-14.37.31:753][  0]LogLoad: LoadMap: /Game/Map/Main?Name=Player
[2017.06.01-14.37.31:805][  0]LogMemory: Platform Memory Stats for Windows
[2017.06.01-14.37.31:805][  0]LogMemory: Process Physical Memory: 716.69 MB used, 727.24 MB peak
[2017.06.01-14.37.31:805][  0]LogMemory: Process Virtual Memory: 763.85 MB used, 763.86 MB peak
[2017.06.01-14.37.31:805][  0]LogMemory: Physical Memory: 4387.33 MB used,  7822.54 MB free, 12209.86 MB total
[2017.06.01-14.37.31:805][  0]LogMemory: Virtual Memory: 1430.92 MB used,  7822.54 MB free, 134217728.00 MB total
[2017.06.01-14.37.31:805][  0]LogMemory: 
[2017.06.01-14.37.31:805][  0]Allocator Stats for TBB: (not implemented)
[2017.06.01-14.37.34:066][  0]LogAIModule: Creating AISystem for world Main
[2017.06.01-14.37.34:067][  0]LogLoad: Game class is 'pregame_C'
[2017.06.01-14.37.34:070][  0]LogWorld: Bringing World /Game/Map/Main.Main up for play (max tick rate 0) at 2017.06.01-23.37.34
[2017.06.01-14.37.34:070][  0]LogWorld: Bringing up level for play took: 0.002018
[2017.06.01-14.37.34:086][  0]LogSpawn:Warning: SpawnActor failed because no class was specified
[2017.06.01-14.37.34:114][  0]LogBlueprintUserMessages: [pregame_C_0] 0
[2017.06.01-14.37.34:114][  0]LogGameMode:Display: Match State Changed from EnteringMap to WaitingToStart
[2017.06.01-14.37.34:114][  0]LogGameState: Match State Changed from EnteringMap to WaitingToStart
[2017.06.01-14.37.34:114][  0]LogGameMode:Display: Match State Changed from WaitingToStart to InProgress
[2017.06.01-14.37.34:115][  0]LogBlueprintUserMessages: [Main_C_0] 0.783585
[2017.06.01-14.37.34:132][  0]LogGameState: Match State Changed from WaitingToStart to InProgress
[2017.06.01-14.37.34:133][  0]LogLoad: Took 2.379501 seconds to LoadMap(/Game/Map/Main)
[2017.06.01-14.37.34:174][  0]LogSlate: Took 0.039638 seconds to synchronously load lazily loaded font '../../../Engine/Content/Slate/Fonts/NanumGothic.ttf' (4243K)
[2017.06.01-14.37.34:176][  0]LogSlate: Took 0.000336 seconds to synchronously load lazily loaded font '../../../Engine/Content/Slate/Fonts/Roboto-Regular.ttf' (155K)
[2017.06.01-14.37.34:462][  0]LogRenderer: Reallocating scene render targets to support 1400x876 NumSamples 1 (Frame:2).
[2017.06.01-14.37.34:463][  0]LogLoad: (Engine Initialization) Total time: 20.03 seconds
[2017.06.01-14.37.34:463][  0]LogLoad: (Engine Initialization) Total Blueprint compile time: 1.33 seconds
[2017.06.01-14.37.34:463][  0]LogExternalProfiler: Found external profiler: VSPerf
[2017.06.01-14.37.34:463][  0]LogExternalProfiler: Using external profiler: VSPerf
[2017.06.01-14.37.34:482][  0]LogOcInput: OculusInput pre-init called
[2017.06.01-14.37.46:719][744]LogNetVersion: GetLocalNetworkVersion: CL: 3299760, ProjectName: unnamed, ProjectVersion: 1.0.0.0, EngineNetworkVersion: 2, GameNetworkVersion: 0, NetworkChecksum: 2893060150
[2017.06.01-14.37.48:013][768]LogPackageName: SearchForPackageOnDisk took   0.209s to resolve stage.umap.
[2017.06.01-14.37.48:014][768]LogGameMode:Display: Match State Changed from InProgress to LeavingMap
[2017.06.01-14.37.48:014][768]LogGameState: Match State Changed from InProgress to LeavingMap
[2017.06.01-14.37.48:240][768]LogPackageName: SearchForPackageOnDisk took   0.226s to resolve stage.umap.
[2017.06.01-14.37.48:240][768]LogNet: Browse: /Game/Map/stage?listen
[2017.06.01-14.37.48:240][768]LogLoad: LoadMap: /Game/Map/stage?listen
[2017.06.01-14.37.48:372][768]LogMemory: Platform Memory Stats for Windows
[2017.06.01-14.37.48:373][768]LogMemory: Process Physical Memory: 843.00 MB used, 906.11 MB peak
[2017.06.01-14.37.48:373][768]LogMemory: Process Virtual Memory: 1070.40 MB used, 1195.77 MB peak
[2017.06.01-14.37.48:373][768]LogMemory: Physical Memory: 4466.39 MB used,  7743.47 MB free, 12209.86 MB total
[2017.06.01-14.37.48:373][768]LogMemory: Virtual Memory: 1879.52 MB used,  7743.47 MB free, 134217728.00 MB total
[2017.06.01-14.37.48:373][768]LogMemory: 
[2017.06.01-14.37.48:373][768]Allocator Stats for TBB: (not implemented)
[2017.06.01-14.37.51:946][768]LogLinker:Warning: '/Game/Landscapes/Materials/sue079' 파일을 찾을 수 없습니다.
[2017.06.01-14.37.51:946][768]LoadErrors: 정보 로드에 실패했습니다. /Game/Landscapes/Materials/sue079.sue079 레퍼런싱한 것: MaterialExpressionTextureSample_0
[2017.06.01-14.37.51:946][768]LogUObjectGlobals:Warning: '/Game/Landscapes/Materials/sue079': '/Game/Landscapes/Materials/sue079' 파일을 찾을 수 없습니다. 로드에 실패했습니다.
[2017.06.01-14.37.51:946][768]LogLinker:Warning: NULL 로드중 '/Game/Landscapes/Materials/sue079' 애셋에 대한 파일을 찾을 수 없습니다.
[2017.06.01-14.37.51:946][768]LoadErrors: 정보 로드에 실패했습니다. /Game/Landscapes/Materials/sue079.sue079 레퍼런싱한 것: MaterialExpressionTextureSample_0
[2017.06.01-14.37.51:946][768]LogUObjectGlobals:Warning: '/Game/Landscapes/Materials/sue079': NULL 로드중 '/Game/Landscapes/Materials/sue079' 애셋에 대한 파일을 찾을 수 없습니다. 로드에 실패했습니다.
[2017.06.01-14.37.51:946][768]LogLinker:Warning: '/Game/Landscapes/Materials/sup025' 파일을 찾을 수 없습니다.
[2017.06.01-14.37.51:946][768]LoadErrors: 정보 로드에 실패했습니다. /Game/Landscapes/Materials/sup025.sup025 레퍼런싱한 것: MaterialExpressionTextureSample_1
[2017.06.01-14.37.51:946][768]LogUObjectGlobals:Warning: '/Game/Landscapes/Materials/sup025': '/Game/Landscapes/Materials/sup025' 파일을 찾을 수 없습니다. 로드에 실패했습니다.
[2017.06.01-14.37.51:946][768]LogLinker:Warning: NULL 로드중 '/Game/Landscapes/Materials/sup025' 애셋에 대한 파일을 찾을 수 없습니다.
[2017.06.01-14.37.51:947][768]LoadErrors: 정보 로드에 실패했습니다. /Game/Landscapes/Materials/sup025.sup025 레퍼런싱한 것: MaterialExpressionTextureSample_1
[2017.06.01-14.37.51:947][768]LogUObjectGlobals:Warning: '/Game/Landscapes/Materials/sup025': NULL 로드중 '/Game/Landscapes/Materials/sup025' 애셋에 대한 파일을 찾을 수 없습니다. 로드에 실패했습니다.
[2017.06.01-14.37.51:987][768]LogLinker:Warning: '/Game/Landscapes/Materials/sup088' 파일을 찾을 수 없습니다.
[2017.06.01-14.37.51:987][768]LoadErrors: 정보 로드에 실패했습니다. /Game/Landscapes/Materials/sup088.sup088 레퍼런싱한 것: MaterialExpressionTextureSample_2
[2017.06.01-14.37.51:987][768]LogUObjectGlobals:Warning: '/Game/Landscapes/Materials/sup088': '/Game/Landscapes/Materials/sup088' 파일을 찾을 수 없습니다. 로드에 실패했습니다.
[2017.06.01-14.37.51:987][768]LogLinker:Warning: NULL 로드중 '/Game/Landscapes/Materials/sup088' 애셋에 대한 파일을 찾을 수 없습니다.
[2017.06.01-14.37.51:987][768]LoadErrors: 정보 로드에 실패했습니다. /Game/Landscapes/Materials/sup088.sup088 레퍼런싱한 것: MaterialExpressionTextureSample_2
[2017.06.01-14.37.51:987][768]LogUObjectGlobals:Warning: '/Game/Landscapes/Materials/sup088': NULL 로드중 '/Game/Landscapes/Materials/sup088' 애셋에 대한 파일을 찾을 수 없습니다. 로드에 실패했습니다.
[2017.06.01-14.38.02:180][768]LogPackageName:Warning: String asset reference "FX_Meshes.UI.SM_SelectionMesh_01" is in short form, which is unsupported and -- even if valid -- resolving it will be really slow.
[2017.06.01-14.38.02:180][768]LogPackageName:Warning: Please consider resaving package in order to speed-up loading.
[2017.06.01-14.38.02:408][768]LogPackageName: SearchForPackageOnDisk took   0.227s, but failed to resolve FX_Meshes.
[2017.06.01-14.38.02:408][768]LogPackageName:Warning: String asset reference "FX_Meshes.UI.SM_SelectionMesh_01" could not be resolved.
[2017.06.01-14.38.07:955][768]LogMaterial: Missing cached shader map for material Mat_ground, compiling. 
[2017.06.01-14.38.07:965][768]LogMaterial:Warning: Failed to compile Material /Game/Landscapes/Materials/Mat_ground.Mat_ground for platform PCD3D_SM5, Default Material will be used in game.
[2017.06.01-14.38.07:965][768]LogMaterial:Warning: 	(Node TextureSample) TextureSample> Missing input texture
[2017.06.01-14.38.15:047][768]LogAIModule: Creating AISystem for world stage
[2017.06.01-14.38.15:047][768]LogLoad: Game class is 'MyGameMode_C'
[2017.06.01-14.38.15:048][768]LogNet:Display: SteamNetDriver_0 bound to port 7777
[2017.06.01-14.38.15:048][768]PacketHandlerLog: Loaded PacketHandler component: Engine.EngineHandlerComponentFactory (StatelessConnectHandlerComponent)
[2017.06.01-14.38.15:048][768]LogNet: GameNetDriver SteamNetDriver_0 IpNetDriver listening on port 7777
[2017.06.01-14.38.15:131][768]LogWorld: Bringing World /Game/Map/stage.stage up for play (max tick rate 0) at 2017.06.01-23.38.15
[2017.06.01-14.38.15:162][768]LogWorld: Bringing up level for play took: 0.112767
[2017.06.01-14.38.15:190][768]LogGameMode:Display: Match State Changed from EnteringMap to WaitingToStart
[2017.06.01-14.38.15:190][768]LogGameState: Match State Changed from EnteringMap to WaitingToStart
[2017.06.01-14.38.15:190][768]LogGameMode:Display: Match State Changed from WaitingToStart to InProgress
[2017.06.01-14.38.15:200][768]LogBlueprintUserMessages: [messageScroll_116] darkjcy
[2017.06.01-14.38.15:205][768]LogBlueprintUserMessages: [playercon_C_0] 1
[2017.06.01-14.38.15:206][768]LogGameState: Match State Changed from WaitingToStart to InProgress
[2017.06.01-14.38.15:207][768]LogLoad: Took 26.967019 seconds to LoadMap(/Game/Map/stage)
[2017.06.01-14.38.15:209][768]PIE:Warning: 경고 위젯이 포커스를 지원하지 않습니다. UserWidget 인 경우, bIsFocusable 을 true 로 설정해야 합니다.
[2017.06.01-14.38.15:209][768]LogBlueprintUserMessages: [CharacterSelect_278] duek_C
[2017.06.01-14.38.15:286][769]LogNet: UNetDriver::TickDispatch: Very long time between ticks. DeltaTime: 27.27, Realtime: 0.08. SteamNetDriver_0
[2017.06.01-14.38.21:158][125]LogScriptCore:Warning: Script Msg: Divide by zero
Script call stack:
	Function /Game/Widget/PHUD.PHUD_C:RMouseSkillCoolTimeBar

[2017.06.01-14.38.21:158][125]LogScriptCore:Warning: Script Msg: Divide by zero
Script call stack:
	Function /Game/Widget/PHUD.PHUD_C:ShiftSkillCoolTimeBar

[2017.06.01-14.38.21:169][126]LogScriptCore:Warning: Script Msg: Divide by zero
Script call stack:
	Function /Game/Widget/PHUD.PHUD_C:RMouseSkillCoolTimeBar

[2017.06.01-14.38.21:169][126]LogScriptCore:Warning: Script Msg: Divide by zero
Script call stack:
	Function /Game/Widget/PHUD.PHUD_C:ShiftSkillCoolTimeBar

[2017.06.01-14.38.21:183][127]LogScriptCore:Warning: Script Msg: Divide by zero
Script call stack:
	Function /Game/Widget/PHUD.PHUD_C:RMouseSkillCoolTimeBar

[2017.06.01-14.38.21:183][127]LogScriptCore:Warning: Script Msg: Divide by zero
Script call stack:
	Function /Game/Widget/PHUD.PHUD_C:ShiftSkillCoolTimeBar

[2017.06.01-14.38.21:199][128]LogScriptCore:Warning: Script Msg: Divide by zero
Script call stack:
	Function /Game/Widget/PHUD.PHUD_C:RMouseSkillCoolTimeBar

[2017.06.01-14.38.21:199][128]LogScriptCore:Warning: Script Msg: Divide by zero
Script call stack:
	Function /Game/Widget/PHUD.PHUD_C:ShiftSkillCoolTimeBar

[2017.06.01-14.38.21:215][129]LogScriptCore:Warning: Script Msg: Divide by zero
Script call stack:
	Function /Game/Widget/PHUD.PHUD_C:RMouseSkillCoolTimeBar

[2017.06.01-14.38.21:215][129]LogScriptCore:Warning: Script Msg: Divide by zero
Script call stack:
	Function /Game/Widget/PHUD.PHUD_C:ShiftSkillCoolTimeBar

[2017.06.01-14.38.21:232][130]LogScriptCore:Warning: Script Msg: Divide by zero
Script call stack:
	Function /Game/Widget/PHUD.PHUD_C:RMouseSkillCoolTimeBar

[2017.06.01-14.38.21:232][130]LogScriptCore:Warning: Script Msg: Divide by zero
Script call stack:
	Function /Game/Widget/PHUD.PHUD_C:ShiftSkillCoolTimeBar

[2017.06.01-14.38.41:294][369]r.SetRes = "1600x900"
[2017.06.01-14.38.41:399][369]LogRenderer: Reallocating scene render targets to support 1600x900 NumSamples 1 (Frame:2374).
[2017.06.01-14.38.57:811][383]LogNet: NotifyAcceptingConnection accepted from: 76561198348838308:7777
[2017.06.01-14.38.57:811][383]LogHandshake: SendConnectChallenge. Timestamp: 70.715683, Cookie: 162068103101039217037226095101087175109110016031250171131075
[2017.06.01-14.38.57:812][383]LogNet: NotifyAcceptingConnection accepted from: 76561198348838308:7777
[2017.06.01-14.38.57:812][383]LogHandshake: SendConnectChallenge. Timestamp: 70.715683, Cookie: 162068103101039217037226095101087175109110016031250171131075
[2017.06.01-14.38.57:812][383]LogNet: NotifyAcceptingConnection accepted from: 76561198348838308:7777
[2017.06.01-14.38.57:812][383]LogHandshake: SendConnectChallenge. Timestamp: 70.715683, Cookie: 162068103101039217037226095101087175109110016031250171131075
[2017.06.01-14.38.57:812][383]LogNet: NotifyAcceptingConnection accepted from: 76561198348838308:7777
[2017.06.01-14.38.57:812][383]LogHandshake: SendConnectChallenge. Timestamp: 70.715683, Cookie: 162068103101039217037226095101087175109110016031250171131075
[2017.06.01-14.38.57:812][383]LogNet: NotifyAcceptingConnection accepted from: 76561198348838308:7777
[2017.06.01-14.38.57:813][383]LogHandshake: SendConnectChallenge. Timestamp: 70.715683, Cookie: 162068103101039217037226095101087175109110016031250171131075
[2017.06.01-14.38.57:859][386]LogNet: NotifyAcceptingConnection accepted from: 76561198348838308:7777
[2017.06.01-14.38.57:859][386]LogNet: Server accepting post-challenge connection from: 76561198348838308:7777
[2017.06.01-14.38.57:859][386]PacketHandlerLog: Loaded PacketHandler component: Engine.EngineHandlerComponentFactory (StatelessConnectHandlerComponent)
[2017.06.01-14.38.57:859][386]LogNet: NotifyAcceptedConnection: Name: stage, TimeStamp: 06/01/17 23:38:57, [UNetConnection] RemoteAddr: 76561198348838308:7777, Name: SteamNetConnection_0, Driver: GameNetDriver SteamNetDriver_0, IsServer: YES, PC: NULL, Owner: NULL
[2017.06.01-14.38.57:859][386]LogNet: AddClientConnection: Added client connection: [UNetConnection] RemoteAddr: 76561198348838308:7777, Name: SteamNetConnection_0, Driver: GameNetDriver SteamNetDriver_0, IsServer: YES, PC: NULL, Owner: NULL
[2017.06.01-14.38.57:907][389]LogNet: NotifyAcceptingChannel Control 0 server World /Game/Map/stage.stage: Accepted
[2017.06.01-14.38.57:908][389]LogNet: Remote platform little endian=1
[2017.06.01-14.38.57:908][389]LogNet: This platform little endian=1
[2017.06.01-14.38.57:972][393]LogNet: Login request: /Game/Map/Main?Name=Anemone userId: 76561198348838308
[2017.06.01-14.38.58:005][395]LogNet: Client netspeed is 10000
[2017.06.01-14.39.37:258][817]LogBlueprintUserMessages: [Wolf_C_21] 200
[2017.06.01-14.39.37:274][818]LogBlueprintUserMessages: [Wolf_C_20] 200
[2017.06.01-14.39.37:529][834]LogNet: Join request: /Game/Map/Main?Name=Anemone?SplitscreenCount=1
[2017.06.01-14.39.37:531][834]LogNet: Join succeeded: Anemone
[2017.06.01-14.40.08:552][754]LogBlueprintUserMessages: [Wolf_C_21] 200
[2017.06.01-14.40.08:566][755]LogBlueprintUserMessages: [Wolf_C_23] 200
[2017.06.01-14.40.08:567][755]LogBlueprintUserMessages: [Wolf_C_20] 200
[2017.06.01-14.40.08:600][757]LogBlueprintUserMessages: [Wolf_C_22] 200
[2017.06.01-14.40.08:600][757]LogBlueprintUserMessages: [Wolf_C_24] 200
[2017.06.01-14.40.10:152][853]LogBlueprintUserMessages: [Wolf_C_21] 200
[2017.06.01-14.40.10:152][853]LogBlueprintUserMessages: [Wolf_C_20] 200
[2017.06.01-14.40.10:153][853]LogBlueprintUserMessages: [Wolf_C_23] 200
[2017.06.01-14.40.10:947][902]LogBlueprintUserMessages: [Wolf_C_21] 200
[2017.06.01-14.40.10:948][902]LogBlueprintUserMessages: [Wolf_C_20] 200
[2017.06.01-14.40.10:948][902]LogBlueprintUserMessages: [Wolf_C_23] 200
[2017.06.01-14.40.11:799][955]LogBlueprintUserMessages: [Wolf_C_21] 200
[2017.06.01-14.40.11:800][955]LogBlueprintUserMessages: [Wolf_C_20] 200
[2017.06.01-14.40.11:800][955]LogBlueprintUserMessages: [Wolf_C_23] 200
[2017.06.01-14.40.12:185][979]LogBlueprintUserMessages: [Wolf_C_21] 200
[2017.06.01-14.40.12:186][979]LogBlueprintUserMessages: [Wolf_C_20] 200
[2017.06.01-14.40.12:186][979]LogBlueprintUserMessages: [Wolf_C_23] 200
[2017.06.01-14.40.50:635][360]LogBlueprintUserMessages: [duek_C_0] 100000488.0
[2017.06.01-14.40.50:635][360]LogBlueprintUserMessages: [duek_C_0] 99999488.0
[2017.06.01-14.40.50:635][360]LogBlueprintUserMessages: [duek_C_0] 99998488.0
[2017.06.01-14.40.50:636][360]LogBlueprintUserMessages: [duek_C_0] 99997488.0
[2017.06.01-14.40.52:475][474]LogBlueprintUserMessages: [duek_C_0] 99996488.0
[2017.06.01-14.40.52:475][474]LogBlueprintUserMessages: [duek_C_0] 99995488.0
[2017.06.01-14.40.52:491][475]LogBlueprintUserMessages: [duek_C_0] 99994488.0
[2017.06.01-14.40.52:491][475]LogBlueprintUserMessages: [duek_C_0] 99993488.0
[2017.06.01-14.40.53:961][566]LogBlueprintUserMessages: [duek_C_0] 99992488.0
[2017.06.01-14.40.53:961][566]LogBlueprintUserMessages: [duek_C_0] 99991488.0
[2017.06.01-14.40.53:961][566]LogBlueprintUserMessages: [duek_C_0] 99990488.0
[2017.06.01-14.40.53:961][566]LogBlueprintUserMessages: [duek_C_0] 99989488.0
[2017.06.01-14.40.54:412][594]LogBlueprintUserMessages: [duek_C_0] 99988488.0
[2017.06.01-14.40.54:412][594]LogBlueprintUserMessages: [duek_C_0] 99987488.0
[2017.06.01-14.40.54:412][594]LogBlueprintUserMessages: [duek_C_0] 99986488.0
[2017.06.01-14.40.54:412][594]LogBlueprintUserMessages: [duek_C_0] 99985488.0
[2017.06.01-14.40.54:671][610]LogBlueprintUserMessages: [duek_C_0] 99984488.0
[2017.06.01-14.40.54:671][610]LogBlueprintUserMessages: [duek_C_0] 99983488.0
[2017.06.01-14.40.54:687][611]LogBlueprintUserMessages: [duek_C_0] 99982488.0
[2017.06.01-14.40.54:688][611]LogBlueprintUserMessages: [duek_C_0] 99981488.0
[2017.06.01-14.40.56:122][700]LogBlueprintUserMessages: [duek_C_0] 99980488.0
[2017.06.01-14.40.56:122][700]LogBlueprintUserMessages: [duek_C_0] 99979488.0
[2017.06.01-14.40.56:140][701]LogBlueprintUserMessages: [duek_C_0] 99978488.0
[2017.06.01-14.40.56:141][701]LogBlueprintUserMessages: [duek_C_0] 99977488.0
[2017.06.01-14.40.57:655][795]LogBlueprintUserMessages: [duek_C_0] 99976488.0
[2017.06.01-14.40.57:656][795]LogBlueprintUserMessages: [duek_C_0] 99975488.0
[2017.06.01-14.40.57:656][795]LogBlueprintUserMessages: [duek_C_0] 99974488.0
[2017.06.01-14.40.57:656][795]LogBlueprintUserMessages: [duek_C_0] 99973488.0
[2017.06.01-14.40.59:203][891]LogBlueprintUserMessages: [duek_C_0] 99972488.0
[2017.06.01-14.40.59:203][891]LogBlueprintUserMessages: [duek_C_0] 99971488.0
[2017.06.01-14.40.59:203][891]LogBlueprintUserMessages: [duek_C_0] 99970488.0
[2017.06.01-14.40.59:203][891]LogBlueprintUserMessages: [duek_C_0] 99969488.0
[2017.06.01-14.41.00:962][  0]LogBlueprintUserMessages: [duek_C_0] 99968488.0
[2017.06.01-14.41.00:962][  0]LogBlueprintUserMessages: [duek_C_0] 99967488.0
[2017.06.01-14.41.00:963][  0]LogBlueprintUserMessages: [duek_C_0] 99966488.0
[2017.06.01-14.41.00:963][  0]LogBlueprintUserMessages: [duek_C_0] 99965488.0
[2017.06.01-14.41.02:610][102]LogBlueprintUserMessages: [duek_C_0] 99964488.0
[2017.06.01-14.41.02:610][102]LogBlueprintUserMessages: [duek_C_0] 99963488.0
[2017.06.01-14.41.02:610][102]LogBlueprintUserMessages: [duek_C_0] 99962488.0
[2017.06.01-14.41.02:610][102]LogBlueprintUserMessages: [duek_C_0] 99961488.0
[2017.06.01-14.41.04:941][246]LogBlueprintUserMessages: [duek_C_0] 99960488.0
[2017.06.01-14.41.04:942][246]LogBlueprintUserMessages: [duek_C_0] 99959488.0
[2017.06.01-14.41.04:942][246]LogBlueprintUserMessages: [duek_C_0] 99958488.0
[2017.06.01-14.41.04:942][246]LogBlueprintUserMessages: [duek_C_0] 99957488.0
[2017.06.01-14.41.07:815][424]LogBlueprintUserMessages: [duek_C_0] 99956488.0
[2017.06.01-14.41.07:815][424]LogBlueprintUserMessages: [duek_C_0] 99955488.0
[2017.06.01-14.41.07:815][424]LogBlueprintUserMessages: [duek_C_0] 99954488.0
[2017.06.01-14.41.07:815][424]LogBlueprintUserMessages: [duek_C_0] 99953488.0
[2017.06.01-14.41.10:074][564]LogBlueprintUserMessages: [duek_C_0] 99952488.0
[2017.06.01-14.41.10:074][564]LogBlueprintUserMessages: [duek_C_0] 99951488.0
[2017.06.01-14.41.10:074][564]LogBlueprintUserMessages: [duek_C_0] 99950488.0
[2017.06.01-14.41.10:075][564]LogBlueprintUserMessages: [duek_C_0] 99949488.0
[2017.06.01-14.41.13:075][750]LogBlueprintUserMessages: [duek_C_0] 99948488.0
[2017.06.01-14.41.13:075][750]LogBlueprintUserMessages: [duek_C_0] 99947488.0
[2017.06.01-14.41.13:075][750]LogBlueprintUserMessages: [duek_C_0] 99946488.0
[2017.06.01-14.41.13:075][750]LogBlueprintUserMessages: [duek_C_0] 99945488.0
[2017.06.01-14.41.14:627][846]LogBlueprintUserMessages: [duek_C_0] 99944488.0
[2017.06.01-14.41.14:627][846]LogBlueprintUserMessages: [duek_C_0] 99943488.0
[2017.06.01-14.41.14:628][846]LogBlueprintUserMessages: [duek_C_0] 99942488.0
[2017.06.01-14.41.14:628][846]LogBlueprintUserMessages: [duek_C_0] 99941488.0
[2017.06.01-14.41.16:336][952]LogBlueprintUserMessages: [duek_C_0] 99940488.0
[2017.06.01-14.41.16:336][952]LogBlueprintUserMessages: [duek_C_0] 99939488.0
[2017.06.01-14.41.16:337][952]LogBlueprintUserMessages: [duek_C_0] 99938488.0
[2017.06.01-14.41.16:337][952]LogBlueprintUserMessages: [duek_C_0] 99937488.0
[2017.06.01-14.41.18:114][ 62]LogBlueprintUserMessages: [duek_C_0] 99936488.0
[2017.06.01-14.41.18:114][ 62]LogBlueprintUserMessages: [duek_C_0] 99935488.0
[2017.06.01-14.41.18:114][ 62]LogBlueprintUserMessages: [duek_C_0] 99934488.0
[2017.06.01-14.41.18:115][ 62]LogBlueprintUserMessages: [duek_C_0] 99933488.0
[2017.06.01-14.41.19:875][171]LogBlueprintUserMessages: [duek_C_0] 99932488.0
[2017.06.01-14.41.19:875][171]LogBlueprintUserMessages: [duek_C_0] 99931488.0
[2017.06.01-14.41.19:876][171]LogBlueprintUserMessages: [duek_C_0] 99930488.0
[2017.06.01-14.41.19:876][171]LogBlueprintUserMessages: [duek_C_0] 99929488.0
[2017.06.01-14.41.21:440][268]LogBlueprintUserMessages: [duek_C_0] 99928488.0
[2017.06.01-14.41.21:440][268]LogBlueprintUserMessages: [duek_C_0] 99927488.0
[2017.06.01-14.41.21:441][268]LogBlueprintUserMessages: [duek_C_0] 99926488.0
[2017.06.01-14.41.21:441][268]LogBlueprintUserMessages: [duek_C_0] 99925488.0
[2017.06.01-14.41.23:251][380]LogBlueprintUserMessages: [duek_C_0] 99924488.0
[2017.06.01-14.41.23:252][380]LogBlueprintUserMessages: [duek_C_0] 99923488.0
[2017.06.01-14.41.23:253][380]LogBlueprintUserMessages: [duek_C_0] 99922488.0
[2017.06.01-14.41.23:254][380]LogBlueprintUserMessages: [duek_C_0] 99921488.0
[2017.06.01-14.41.24:250][442]LogBlueprintUserMessages: [duek_C_0] 99920488.0
[2017.06.01-14.41.24:250][442]LogBlueprintUserMessages: [duek_C_0] 99919488.0
[2017.06.01-14.41.24:251][442]LogBlueprintUserMessages: [duek_C_0] 99918488.0
[2017.06.01-14.41.24:251][442]LogBlueprintUserMessages: [duek_C_0] 99917488.0
[2017.06.01-14.41.26:185][562]LogBlueprintUserMessages: [duek_C_0] 99916488.0
[2017.06.01-14.41.26:185][562]LogBlueprintUserMessages: [duek_C_0] 99915488.0
[2017.06.01-14.41.26:185][562]LogBlueprintUserMessages: [duek_C_0] 99914488.0
[2017.06.01-14.41.26:186][562]LogBlueprintUserMessages: [duek_C_0] 99913488.0
[2017.06.01-14.41.27:185][624]LogBlueprintUserMessages: [duek_C_0] 99912488.0
[2017.06.01-14.41.27:185][624]LogBlueprintUserMessages: [duek_C_0] 99911488.0
[2017.06.01-14.41.27:186][624]LogBlueprintUserMessages: [duek_C_0] 99910488.0
[2017.06.01-14.41.27:186][624]LogBlueprintUserMessages: [duek_C_0] 99909488.0
[2017.06.01-14.41.28:183][686]LogBlueprintUserMessages: [duek_C_0] 99908488.0
[2017.06.01-14.41.28:183][686]LogBlueprintUserMessages: [duek_C_0] 99907488.0
[2017.06.01-14.41.28:183][686]LogBlueprintUserMessages: [duek_C_0] 99906488.0
[2017.06.01-14.41.28:184][686]LogBlueprintUserMessages: [duek_C_0] 99905488.0
[2017.06.01-14.41.29:183][748]LogBlueprintUserMessages: [duek_C_0] 99904488.0
[2017.06.01-14.41.29:183][748]LogBlueprintUserMessages: [duek_C_0] 99903488.0
[2017.06.01-14.41.29:183][748]LogBlueprintUserMessages: [duek_C_0] 99902488.0
[2017.06.01-14.41.29:183][748]LogBlueprintUserMessages: [duek_C_0] 99901488.0
[2017.06.01-14.41.30:183][810]LogBlueprintUserMessages: [duek_C_0] 99900488.0
[2017.06.01-14.41.30:183][810]LogBlueprintUserMessages: [duek_C_0] 99899488.0
[2017.06.01-14.41.30:184][810]LogBlueprintUserMessages: [duek_C_0] 99898488.0
[2017.06.01-14.41.30:184][810]LogBlueprintUserMessages: [duek_C_0] 99897488.0
[2017.06.01-14.41.31:189][872]LogBlueprintUserMessages: [duek_C_0] 99896488.0
[2017.06.01-14.41.31:189][872]LogBlueprintUserMessages: [duek_C_0] 99895488.0
[2017.06.01-14.41.31:190][872]LogBlueprintUserMessages: [duek_C_0] 99894488.0
[2017.06.01-14.41.31:190][872]LogBlueprintUserMessages: [duek_C_0] 99893488.0
[2017.06.01-14.41.32:189][934]LogBlueprintUserMessages: [duek_C_0] 99892488.0
[2017.06.01-14.41.32:190][934]LogBlueprintUserMessages: [duek_C_0] 99891488.0
[2017.06.01-14.41.32:190][934]LogBlueprintUserMessages: [duek_C_0] 99890488.0
[2017.06.01-14.41.32:190][934]LogBlueprintUserMessages: [duek_C_0] 99889488.0
[2017.06.01-14.41.33:188][996]LogBlueprintUserMessages: [duek_C_0] 99888488.0
[2017.06.01-14.41.33:189][996]LogBlueprintUserMessages: [duek_C_0] 99887488.0
[2017.06.01-14.41.33:189][996]LogBlueprintUserMessages: [duek_C_0] 99886488.0
[2017.06.01-14.41.33:190][996]LogBlueprintUserMessages: [duek_C_0] 99885488.0
[2017.06.01-14.41.34:190][ 58]LogBlueprintUserMessages: [duek_C_0] 99884488.0
[2017.06.01-14.41.34:190][ 58]LogBlueprintUserMessages: [duek_C_0] 99883488.0
[2017.06.01-14.41.34:190][ 58]LogBlueprintUserMessages: [duek_C_0] 99882488.0
[2017.06.01-14.41.34:190][ 58]LogBlueprintUserMessages: [duek_C_0] 99881488.0
[2017.06.01-14.41.35:188][120]LogBlueprintUserMessages: [duek_C_0] 99880488.0
[2017.06.01-14.41.35:188][120]LogBlueprintUserMessages: [duek_C_0] 99879488.0
[2017.06.01-14.41.35:188][120]LogBlueprintUserMessages: [duek_C_0] 99878488.0
[2017.06.01-14.41.35:188][120]LogBlueprintUserMessages: [duek_C_0] 99877488.0
[2017.06.01-14.41.36:188][182]LogBlueprintUserMessages: [duek_C_0] 99876488.0
[2017.06.01-14.41.36:188][182]LogBlueprintUserMessages: [duek_C_0] 99875488.0
[2017.06.01-14.41.36:188][182]LogBlueprintUserMessages: [duek_C_0] 99874488.0
[2017.06.01-14.41.36:188][182]LogBlueprintUserMessages: [duek_C_0] 99873488.0
[2017.06.01-14.41.37:188][244]LogBlueprintUserMessages: [duek_C_0] 99872488.0
[2017.06.01-14.41.37:188][244]LogBlueprintUserMessages: [duek_C_0] 99871488.0
[2017.06.01-14.41.37:189][244]LogBlueprintUserMessages: [duek_C_0] 99870488.0
[2017.06.01-14.41.37:189][244]LogBlueprintUserMessages: [duek_C_0] 99869488.0
[2017.06.01-14.41.38:189][306]LogBlueprintUserMessages: [duek_C_0] 99868488.0
[2017.06.01-14.41.38:189][306]LogBlueprintUserMessages: [duek_C_0] 99867488.0
[2017.06.01-14.41.38:189][306]LogBlueprintUserMessages: [duek_C_0] 99866488.0
[2017.06.01-14.41.38:190][306]LogBlueprintUserMessages: [duek_C_0] 99865488.0
[2017.06.01-14.41.38:898][350]LogBlueprintUserMessages: [duek_C_0] 99864488.0
[2017.06.01-14.41.38:898][350]LogBlueprintUserMessages: [duek_C_0] 99863488.0
[2017.06.01-14.41.38:898][350]LogBlueprintUserMessages: [duek_C_0] 99862488.0
[2017.06.01-14.41.38:898][350]LogBlueprintUserMessages: [duek_C_0] 99861488.0
[2017.06.01-14.41.39:350][378]LogBlueprintUserMessages: [duek_C_0] 99860488.0
[2017.06.01-14.41.39:350][378]LogBlueprintUserMessages: [duek_C_0] 99859488.0
[2017.06.01-14.41.39:350][378]LogBlueprintUserMessages: [duek_C_0] 99858488.0
[2017.06.01-14.41.39:351][378]LogBlueprintUserMessages: [duek_C_0] 99857488.0
[2017.06.01-14.41.39:623][395]LogBlueprintUserMessages: [duek_C_0] 99856488.0
[2017.06.01-14.41.39:623][395]LogBlueprintUserMessages: [duek_C_0] 99855488.0
[2017.06.01-14.41.39:623][395]LogBlueprintUserMessages: [duek_C_0] 99854488.0
[2017.06.01-14.41.39:624][395]LogBlueprintUserMessages: [duek_C_0] 99853488.0
[2017.06.01-14.41.52:243][177]LogBlueprintUserMessages: [Dari_C_0] 800.0
[2017.06.01-14.41.53:591][260]LogBlueprintUserMessages: [Dari_C_0] 600.0
[2017.06.01-14.41.54:816][336]LogBlueprintUserMessages: [Dari_C_0] 400.0
[2017.06.01-14.41.55:719][392]LogBlueprintUserMessages: [Dari_C_0] 200.0
[2017.06.01-14.41.56:694][452]LogBlueprintUserMessages: [Dari_C_0] 0.0
[2017.06.01-14.42.12:322][419]LogBlueprintUserMessages: [Dari_C_0] 300.0
[2017.06.01-14.42.12:873][453]LogBlueprintUserMessages: [Dari_C_0] 100.0
[2017.06.01-14.42.28:746][435]LogBlueprintUserMessages: [Dari_C_0] -100.0
[2017.06.01-14.42.56:258][136]LogBlueprintUserMessages: [duek_C_0] 99852488.0
[2017.06.01-14.42.56:259][136]LogBlueprintUserMessages: [duek_C_0] 99851488.0
[2017.06.01-14.42.56:277][137]LogBlueprintUserMessages: [duek_C_0] 99850488.0
[2017.06.01-14.42.56:277][137]LogBlueprintUserMessages: [duek_C_0] 99849488.0
[2017.06.01-14.42.57:839][234]LogBlueprintUserMessages: [duek_C_0] 99848488.0
[2017.06.01-14.42.57:839][234]LogBlueprintUserMessages: [duek_C_0] 99847488.0
[2017.06.01-14.42.57:840][234]LogBlueprintUserMessages: [duek_C_0] 99846488.0
[2017.06.01-14.42.57:840][234]LogBlueprintUserMessages: [duek_C_0] 99845488.0
[2017.06.01-14.42.59:436][333]LogBlueprintUserMessages: [duek_C_0] 99844488.0
[2017.06.01-14.42.59:436][333]LogBlueprintUserMessages: [duek_C_0] 99843488.0
[2017.06.01-14.42.59:437][333]LogBlueprintUserMessages: [duek_C_0] 99842488.0
[2017.06.01-14.42.59:437][333]LogBlueprintUserMessages: [duek_C_0] 99841488.0
[2017.06.01-14.43.00:796][417]LogBlueprintUserMessages: [duek_C_0] 99840488.0
[2017.06.01-14.43.00:796][417]LogBlueprintUserMessages: [duek_C_0] 99839488.0
[2017.06.01-14.43.00:797][417]LogBlueprintUserMessages: [duek_C_0] 99838488.0
[2017.06.01-14.43.00:797][417]LogBlueprintUserMessages: [duek_C_0] 99837488.0
[2017.06.01-14.43.02:004][492]LogBlueprintUserMessages: [duek_C_0] 99836488.0
[2017.06.01-14.43.02:004][492]LogBlueprintUserMessages: [duek_C_0] 99835488.0
[2017.06.01-14.43.02:004][492]LogBlueprintUserMessages: [duek_C_0] 99834488.0
[2017.06.01-14.43.02:005][492]LogBlueprintUserMessages: [duek_C_0] 99833488.0
[2017.06.01-14.43.03:266][570]LogBlueprintUserMessages: [duek_C_0] 99832488.0
[2017.06.01-14.43.03:266][570]LogBlueprintUserMessages: [duek_C_0] 99831488.0
[2017.06.01-14.43.03:266][570]LogBlueprintUserMessages: [duek_C_0] 99830488.0
[2017.06.01-14.43.03:266][570]LogBlueprintUserMessages: [duek_C_0] 99829488.0
[2017.06.01-14.43.04:424][642]LogBlueprintUserMessages: [duek_C_0] 99828488.0
[2017.06.01-14.43.04:424][642]LogBlueprintUserMessages: [duek_C_0] 99827488.0
[2017.06.01-14.43.04:425][642]LogBlueprintUserMessages: [duek_C_0] 99826488.0
[2017.06.01-14.43.04:425][642]LogBlueprintUserMessages: [duek_C_0] 99825488.0
[2017.06.01-14.43.05:780][726]LogBlueprintUserMessages: [duek_C_0] 99824488.0
[2017.06.01-14.43.05:780][726]LogBlueprintUserMessages: [duek_C_0] 99823488.0
[2017.06.01-14.43.05:780][726]LogBlueprintUserMessages: [duek_C_0] 99822488.0
[2017.06.01-14.43.05:780][726]LogBlueprintUserMessages: [duek_C_0] 99821488.0
[2017.06.01-14.43.07:246][817]LogBlueprintUserMessages: [duek_C_0] 99820488.0
[2017.06.01-14.43.07:247][817]LogBlueprintUserMessages: [duek_C_0] 99819488.0
[2017.06.01-14.43.07:247][817]LogBlueprintUserMessages: [duek_C_0] 99818488.0
[2017.06.01-14.43.07:247][817]LogBlueprintUserMessages: [duek_C_0] 99817488.0
[2017.06.01-14.43.08:760][910]LogBlueprintUserMessages: [duek_C_0] 99816488.0
[2017.06.01-14.43.08:760][910]LogBlueprintUserMessages: [duek_C_0] 99815488.0
[2017.06.01-14.43.08:760][910]LogBlueprintUserMessages: [duek_C_0] 99814488.0
[2017.06.01-14.43.08:760][910]LogBlueprintUserMessages: [duek_C_0] 99813488.0
[2017.06.01-14.43.10:245][  2]LogBlueprintUserMessages: [duek_C_0] 99812488.0
[2017.06.01-14.43.10:245][  2]LogBlueprintUserMessages: [duek_C_0] 99811488.0
[2017.06.01-14.43.10:246][  2]LogBlueprintUserMessages: [duek_C_0] 99810488.0
[2017.06.01-14.43.10:246][  2]LogBlueprintUserMessages: [duek_C_0] 99809488.0
[2017.06.01-14.43.11:314][ 68]LogBlueprintUserMessages: [duek_C_0] 99808488.0
[2017.06.01-14.43.11:314][ 68]LogBlueprintUserMessages: [duek_C_0] 99807488.0
[2017.06.01-14.43.11:315][ 68]LogBlueprintUserMessages: [duek_C_0] 99806488.0
[2017.06.01-14.43.11:316][ 68]LogBlueprintUserMessages: [duek_C_0] 99805488.0
[2017.06.01-14.43.11:765][ 96]LogBlueprintUserMessages: [duek_C_0] 99804488.0
[2017.06.01-14.43.11:765][ 96]LogBlueprintUserMessages: [duek_C_0] 99803488.0
[2017.06.01-14.43.11:765][ 96]LogBlueprintUserMessages: [duek_C_0] 99802488.0
[2017.06.01-14.43.11:765][ 96]LogBlueprintUserMessages: [duek_C_0] 99801488.0
[2017.06.01-14.43.12:025][112]LogBlueprintUserMessages: [duek_C_0] 99800488.0
[2017.06.01-14.43.12:025][112]LogBlueprintUserMessages: [duek_C_0] 99799488.0
[2017.06.01-14.43.12:043][113]LogBlueprintUserMessages: [duek_C_0] 99798488.0
[2017.06.01-14.43.12:043][113]LogBlueprintUserMessages: [duek_C_0] 99797488.0
[2017.06.01-14.43.13:431][199]LogBlueprintUserMessages: [duek_C_0] 99796488.0
[2017.06.01-14.43.13:431][199]LogBlueprintUserMessages: [duek_C_0] 99795488.0
[2017.06.01-14.43.13:431][199]LogBlueprintUserMessages: [duek_C_0] 99794488.0
[2017.06.01-14.43.13:431][199]LogBlueprintUserMessages: [duek_C_0] 99793488.0
[2017.06.01-14.43.16:726][403]LogBlueprintUserMessages: [duek_C_0] 99792488.0
[2017.06.01-14.43.16:726][403]LogBlueprintUserMessages: [duek_C_0] 99791488.0
[2017.06.01-14.43.16:727][403]LogBlueprintUserMessages: [duek_C_0] 99790488.0
[2017.06.01-14.43.16:727][403]LogBlueprintUserMessages: [duek_C_0] 99789488.0
[2017.06.01-14.43.18:786][530]LogBlueprintUserMessages: [duek_C_0] 99788488.0
[2017.06.01-14.43.18:787][530]LogBlueprintUserMessages: [duek_C_0] 99787488.0
[2017.06.01-14.43.18:787][530]LogBlueprintUserMessages: [duek_C_0] 99786488.0
[2017.06.01-14.43.18:787][530]LogBlueprintUserMessages: [duek_C_0] 99785488.0
[2017.06.01-14.43.19:235][558]LogBlueprintUserMessages: [duek_C_0] 99784488.0
[2017.06.01-14.43.19:235][558]LogBlueprintUserMessages: [duek_C_0] 99783488.0
[2017.06.01-14.43.19:235][558]LogBlueprintUserMessages: [duek_C_0] 99782488.0
[2017.06.01-14.43.19:236][558]LogBlueprintUserMessages: [duek_C_0] 99781488.0
[2017.06.01-14.43.19:509][575]LogBlueprintUserMessages: [duek_C_0] 99780488.0
[2017.06.01-14.43.19:510][575]LogBlueprintUserMessages: [duek_C_0] 99779488.0
[2017.06.01-14.43.19:510][575]LogBlueprintUserMessages: [duek_C_0] 99778488.0
[2017.06.01-14.43.19:510][575]LogBlueprintUserMessages: [duek_C_0] 99777488.0
[2017.06.01-14.43.20:073][610]LogBlueprintUserMessages: [duek_C_0] 99776488.0
[2017.06.01-14.43.20:073][610]LogBlueprintUserMessages: [duek_C_0] 99775488.0
[2017.06.01-14.43.20:074][610]LogBlueprintUserMessages: [duek_C_0] 99774488.0
[2017.06.01-14.43.20:074][610]LogBlueprintUserMessages: [duek_C_0] 99773488.0
[2017.06.01-14.43.21:299][686]LogBlueprintUserMessages: [duek_C_0] 99772488.0
[2017.06.01-14.43.21:299][686]LogBlueprintUserMessages: [duek_C_0] 99771488.0
[2017.06.01-14.43.21:300][686]LogBlueprintUserMessages: [duek_C_0] 99770488.0
[2017.06.01-14.43.21:300][686]LogBlueprintUserMessages: [duek_C_0] 99769488.0
[2017.06.01-14.43.23:178][802]LogBlueprintUserMessages: [duek_C_0] 99768488.0
[2017.06.01-14.43.23:178][802]LogBlueprintUserMessages: [duek_C_0] 99767488.0
[2017.06.01-14.43.23:178][802]LogBlueprintUserMessages: [duek_C_0] 99766488.0
[2017.06.01-14.43.23:178][802]LogBlueprintUserMessages: [duek_C_0] 99765488.0
[2017.06.01-14.43.24:533][886]LogBlueprintUserMessages: [duek_C_0] 99764488.0
[2017.06.01-14.43.24:533][886]LogBlueprintUserMessages: [duek_C_0] 99763488.0
[2017.06.01-14.43.24:533][886]LogBlueprintUserMessages: [duek_C_0] 99762488.0
[2017.06.01-14.43.24:534][886]LogBlueprintUserMessages: [duek_C_0] 99761488.0
[2017.06.01-14.43.25:714][959]LogBlueprintUserMessages: [duek_C_0] 99760488.0
[2017.06.01-14.43.25:714][959]LogBlueprintUserMessages: [duek_C_0] 99759488.0
[2017.06.01-14.43.25:714][959]LogBlueprintUserMessages: [duek_C_0] 99758488.0
[2017.06.01-14.43.25:715][959]LogBlueprintUserMessages: [duek_C_0] 99757488.0
[2017.06.01-14.43.27:425][ 65]LogBlueprintUserMessages: [duek_C_0] 99756488.0
[2017.06.01-14.43.27:425][ 65]LogBlueprintUserMessages: [duek_C_0] 99755488.0
[2017.06.01-14.43.27:425][ 65]LogBlueprintUserMessages: [duek_C_0] 99754488.0
[2017.06.01-14.43.27:426][ 65]LogBlueprintUserMessages: [duek_C_0] 99753488.0
[2017.06.01-14.43.28:651][141]LogBlueprintUserMessages: [duek_C_0] 99752488.0
[2017.06.01-14.43.28:652][141]LogBlueprintUserMessages: [duek_C_0] 99751488.0
[2017.06.01-14.43.28:652][141]LogBlueprintUserMessages: [duek_C_0] 99750488.0
[2017.06.01-14.43.28:652][141]LogBlueprintUserMessages: [duek_C_0] 99749488.0
[2017.06.01-14.43.29:669][204]LogBlueprintUserMessages: [duek_C_0] 99748488.0
[2017.06.01-14.43.29:669][204]LogBlueprintUserMessages: [duek_C_0] 99747488.0
[2017.06.01-14.43.29:669][204]LogBlueprintUserMessages: [duek_C_0] 99746488.0
[2017.06.01-14.43.29:670][204]LogBlueprintUserMessages: [duek_C_0] 99745488.0
[2017.06.01-14.43.31:007][287]LogBlueprintUserMessages: [duek_C_0] 99744488.0
[2017.06.01-14.43.31:007][287]LogBlueprintUserMessages: [duek_C_0] 99743488.0
[2017.06.01-14.43.31:007][287]LogBlueprintUserMessages: [duek_C_0] 99742488.0
[2017.06.01-14.43.31:007][287]LogBlueprintUserMessages: [duek_C_0] 99741488.0
[2017.06.01-14.43.32:135][357]LogBlueprintUserMessages: [duek_C_0] 99740488.0
[2017.06.01-14.43.32:135][357]LogBlueprintUserMessages: [duek_C_0] 99739488.0
[2017.06.01-14.43.32:135][357]LogBlueprintUserMessages: [duek_C_0] 99738488.0
[2017.06.01-14.43.32:135][357]LogBlueprintUserMessages: [duek_C_0] 99737488.0
[2017.06.01-14.43.33:136][419]LogBlueprintUserMessages: [duek_C_0] 99736488.0
[2017.06.01-14.43.33:136][419]LogBlueprintUserMessages: [duek_C_0] 99735488.0
[2017.06.01-14.43.33:136][419]LogBlueprintUserMessages: [duek_C_0] 99734488.0
[2017.06.01-14.43.33:136][419]LogBlueprintUserMessages: [duek_C_0] 99733488.0
[2017.06.01-14.43.34:142][481]LogBlueprintUserMessages: [duek_C_0] 99732488.0
[2017.06.01-14.43.34:142][481]LogBlueprintUserMessages: [duek_C_0] 99731488.0
[2017.06.01-14.43.34:143][481]LogBlueprintUserMessages: [duek_C_0] 99730488.0
[2017.06.01-14.43.34:143][481]LogBlueprintUserMessages: [duek_C_0] 99729488.0
[2017.06.01-14.43.36:464][625]LogBlueprintUserMessages: [duek_C_0] 99728488.0
[2017.06.01-14.43.36:464][625]LogBlueprintUserMessages: [duek_C_0] 99727488.0
[2017.06.01-14.43.36:465][625]LogBlueprintUserMessages: [duek_C_0] 99726488.0
[2017.06.01-14.43.36:465][625]LogBlueprintUserMessages: [duek_C_0] 99725488.0
[2017.06.01-14.43.36:918][653]LogBlueprintUserMessages: [duek_C_0] 99724488.0
[2017.06.01-14.43.36:918][653]LogBlueprintUserMessages: [duek_C_0] 99723488.0
[2017.06.01-14.43.36:919][653]LogBlueprintUserMessages: [duek_C_0] 99722488.0
[2017.06.01-14.43.36:919][653]LogBlueprintUserMessages: [duek_C_0] 99721488.0
[2017.06.01-14.43.37:191][670]LogBlueprintUserMessages: [duek_C_0] 99720488.0
[2017.06.01-14.43.37:191][670]LogBlueprintUserMessages: [duek_C_0] 99719488.0
[2017.06.01-14.43.37:192][670]LogBlueprintUserMessages: [duek_C_0] 99718488.0
[2017.06.01-14.43.37:192][670]LogBlueprintUserMessages: [duek_C_0] 99717488.0
[2017.06.01-14.43.38:369][743]LogBlueprintUserMessages: [duek_C_0] 99716488.0
[2017.06.01-14.43.38:369][743]LogBlueprintUserMessages: [duek_C_0] 99715488.0
[2017.06.01-14.43.38:369][743]LogBlueprintUserMessages: [duek_C_0] 99714488.0
[2017.06.01-14.43.38:370][743]LogBlueprintUserMessages: [duek_C_0] 99713488.0
[2017.06.01-14.43.39:578][818]LogBlueprintUserMessages: [duek_C_0] 99712488.0
[2017.06.01-14.43.39:579][818]LogBlueprintUserMessages: [duek_C_0] 99711488.0
[2017.06.01-14.43.39:579][818]LogBlueprintUserMessages: [duek_C_0] 99710488.0
[2017.06.01-14.43.39:579][818]LogBlueprintUserMessages: [duek_C_0] 99709488.0
[2017.06.01-14.43.40:884][899]LogBlueprintUserMessages: [duek_C_0] 99708488.0
[2017.06.01-14.43.40:884][899]LogBlueprintUserMessages: [duek_C_0] 99707488.0
[2017.06.01-14.43.40:884][899]LogBlueprintUserMessages: [duek_C_0] 99706488.0
[2017.06.01-14.43.40:884][899]LogBlueprintUserMessages: [duek_C_0] 99705488.0
[2017.06.01-14.43.42:147][977]LogBlueprintUserMessages: [duek_C_0] 99704488.0
[2017.06.01-14.43.42:148][977]LogBlueprintUserMessages: [duek_C_0] 99703488.0
[2017.06.01-14.43.42:148][977]LogBlueprintUserMessages: [duek_C_0] 99702488.0
[2017.06.01-14.43.42:148][977]LogBlueprintUserMessages: [duek_C_0] 99701488.0
[2017.06.01-14.43.43:296][ 48]LogBlueprintUserMessages: [duek_C_0] 99700488.0
[2017.06.01-14.43.43:296][ 48]LogBlueprintUserMessages: [duek_C_0] 99699488.0
[2017.06.01-14.43.43:313][ 49]LogBlueprintUserMessages: [duek_C_0] 99698488.0
[2017.06.01-14.43.43:314][ 49]LogBlueprintUserMessages: [duek_C_0] 99697488.0
[2017.06.01-14.43.44:380][115]LogBlueprintUserMessages: [duek_C_0] 99696488.0
[2017.06.01-14.43.44:380][115]LogBlueprintUserMessages: [duek_C_0] 99695488.0
[2017.06.01-14.43.44:397][116]LogBlueprintUserMessages: [duek_C_0] 99694488.0
[2017.06.01-14.43.44:398][116]LogBlueprintUserMessages: [duek_C_0] 99693488.0
[2017.06.01-14.43.45:674][195]LogBlueprintUserMessages: [duek_C_0] 99692488.0
[2017.06.01-14.43.45:674][195]LogBlueprintUserMessages: [duek_C_0] 99691488.0
[2017.06.01-14.43.45:674][195]LogBlueprintUserMessages: [duek_C_0] 99690488.0
[2017.06.01-14.43.45:675][195]LogBlueprintUserMessages: [duek_C_0] 99689488.0
[2017.06.01-14.43.46:123][223]LogBlueprintUserMessages: [duek_C_0] 99688488.0
[2017.06.01-14.43.46:123][223]LogBlueprintUserMessages: [duek_C_0] 99687488.0
[2017.06.01-14.43.46:123][223]LogBlueprintUserMessages: [duek_C_0] 99686488.0
[2017.06.01-14.43.46:124][223]LogBlueprintUserMessages: [duek_C_0] 99685488.0
[2017.06.01-14.43.46:399][240]LogBlueprintUserMessages: [duek_C_0] 99684488.0
[2017.06.01-14.43.46:399][240]LogBlueprintUserMessages: [duek_C_0] 99683488.0
[2017.06.01-14.43.46:400][240]LogBlueprintUserMessages: [duek_C_0] 99682488.0
[2017.06.01-14.43.46:400][240]LogBlueprintUserMessages: [duek_C_0] 99681488.0
[2017.06.01-14.43.47:658][318]LogBlueprintUserMessages: [duek_C_0] 99680488.0
[2017.06.01-14.43.47:658][318]LogBlueprintUserMessages: [duek_C_0] 99679488.0
[2017.06.01-14.43.47:674][319]LogBlueprintUserMessages: [duek_C_0] 99678488.0
[2017.06.01-14.43.47:674][319]LogBlueprintUserMessages: [duek_C_0] 99677488.0
[2017.06.01-14.43.48:775][387]LogBlueprintUserMessages: [duek_C_0] 99676488.0
[2017.06.01-14.43.48:775][387]LogBlueprintUserMessages: [duek_C_0] 99675488.0
[2017.06.01-14.43.48:776][387]LogBlueprintUserMessages: [duek_C_0] 99674488.0
[2017.06.01-14.43.48:776][387]LogBlueprintUserMessages: [duek_C_0] 99673488.0
[2017.06.01-14.43.49:856][454]LogBlueprintUserMessages: [duek_C_0] 99672488.0
[2017.06.01-14.43.49:856][454]LogBlueprintUserMessages: [duek_C_0] 99671488.0
[2017.06.01-14.43.49:857][454]LogBlueprintUserMessages: [duek_C_0] 99670488.0
[2017.06.01-14.43.49:857][454]LogBlueprintUserMessages: [duek_C_0] 99669488.0
[2017.06.01-14.43.55:824][824]LogNet: UChannel::ReceivedSequencedBunch: Bunch.bClose == true. ChIndex == 0. Calling ConditionalCleanUp.
[2017.06.01-14.43.55:825][824]LogNet: UChannel::CleanUp: ChIndex == 0. Closing connection. [UChannel] ChIndex: 0, Closing: 0 [UNetConnection] RemoteAddr: 76561198348838308:7777, Name: SteamNetConnection_0, Driver: GameNetDriver SteamNetDriver_0, IsServer: YES, PC: playercon_C_1, Owner: playercon_C_1
[2017.06.01-14.43.55:825][824]LogNet: UNetConnection::Close: [UNetConnection] RemoteAddr: 76561198348838308:7777, Name: SteamNetConnection_0, Driver: GameNetDriver SteamNetDriver_0, IsServer: YES, PC: playercon_C_1, Owner: playercon_C_1, Channels: 33, Time: 2017.06.01-14.43.55
[2017.06.01-14.43.55:825][824]LogNet: UChannel::Close: Sending CloseBunch. ChIndex == 0. Name: [UChannel] ChIndex: 0, Closing: 0 [UNetConnection] RemoteAddr: 76561198348838308:7777, Name: SteamNetConnection_0, Driver: GameNetDriver SteamNetDriver_0, IsServer: YES, PC: playercon_C_1, Owner: playercon_C_1
[2017.06.01-14.44.21:054][378]LogWindowsTextInputMethodSystem:Display: IME system now activated using TSF (Microsoft 입력기).
[2017.06.01-14.44.21:061][378]LogEngine: All Windows Closed
[2017.06.01-14.44.21:061][378]LogWindows: FPlatformMisc::RequestExit(0)
[2017.06.01-14.44.21:102][379]LogMoviePlayer: Shutting down movie player
[2017.06.01-14.44.21:873][379]LogNet: World NetDriver shutdown SteamNetDriver_0 [GameNetDriver]
[2017.06.01-14.44.21:874][379]LogNet: DestroyNamedNetDriver SteamNetDriver_0 [GameNetDriver]
[2017.06.01-14.44.21:874][379]LogExit: GameNetDriver SteamNetDriver_0 shut down
[2017.06.01-14.44.21:917][379]LogExit: Preparing to exit.
[2017.06.01-14.44.22:110][379]LogExit: Game engine shut down
[2017.06.01-14.44.22:302][379]LogObj: Freed 0b from 0 cluster array pools.
[2017.06.01-14.44.22:303][379]LogExit: Object subsystem successfully closed.
[2017.06.01-14.44.22:340][379]LogD3D11RHI: Shutdown
[2017.06.01-14.44.22:340][379]LogD3D11RHI: CleanupD3DDevice
[2017.06.01-14.44.22:571][379]LogD3D11RHI: ~FD3D11DynamicRHI
[2017.06.01-14.44.22:590][379]LogModuleManager: Shutting down and abandoning module SequenceRecorderSections (266)
[2017.06.01-14.44.22:590][379]LogModuleManager: Shutting down and abandoning module SequenceRecorder (264)
[2017.06.01-14.44.22:590][379]LogModuleManager: Shutting down and abandoning module AutomationController (262)
[2017.06.01-14.44.22:590][379]LogModuleManager: Shutting down and abandoning module AutomationWorker (260)
[2017.06.01-14.44.22:590][379]LogModuleManager: Shutting down and abandoning module AIModule (258)
[2017.06.01-14.44.22:590][379]LogModuleManager: Shutting down and abandoning module GameplayDebugger (257)
[2017.06.01-14.44.22:662][379]LogModuleManager: Shutting down and abandoning module AITestSuite (255)
[2017.06.01-14.44.22:662][379]LogModuleManager: Shutting down and abandoning module WmfMediaFactory (252)
[2017.06.01-14.44.22:662][379]LogModuleManager: Shutting down and abandoning module MfMediaFactory (250)
[2017.06.01-14.44.22:662][379]LogModuleManager: Shutting down and abandoning module AvfMediaFactory (248)
[2017.06.01-14.44.22:662][379]LogModuleManager: Shutting down and abandoning module AndroidMediaFactory (246)
[2017.06.01-14.44.22:662][379]LogModuleManager: Shutting down and abandoning module Media (245)
[2017.06.01-14.44.22:662][379]LogModuleManager: Shutting down and abandoning module CharacterAI (242)
[2017.06.01-14.44.22:662][379]LogModuleManager: Shutting down and abandoning module SessionServices (240)
[2017.06.01-14.44.22:662][379]LogModuleManager: Shutting down and abandoning module MovieSceneCapture (238)
[2017.06.01-14.44.22:662][379]LogModuleManager: Shutting down and abandoning module GeometryCache (236)
[2017.06.01-14.44.22:662][379]LogModuleManager: Shutting down and abandoning module GeometryCacheEd (235)
[2017.06.01-14.44.22:662][379]LogModuleManager: Shutting down and abandoning module Niagara (232)
[2017.06.01-14.44.22:662][379]LogModuleManager: Shutting down and abandoning module StreamingPauseRendering (230)
[2017.06.01-14.44.22:662][379]LogModuleManager: Shutting down and abandoning module PortalServices (228)
[2017.06.01-14.44.22:662][379]LogModuleManager: Shutting down and abandoning module PortalRpc (226)
[2017.06.01-14.44.22:662][379]LogModuleManager: Shutting down and abandoning module MessagingRpc (224)
[2017.06.01-14.44.22:662][379]LogModuleManager: Shutting down and abandoning module ProfilerService (222)
[2017.06.01-14.44.22:776][379]LogModuleManager: Shutting down and abandoning module TaskGraph (220)
[2017.06.01-14.44.22:776][379]LogModuleManager: Shutting down and abandoning module SteamVRController (218)
[2017.06.01-14.44.22:776][379]LogModuleManager: Shutting down and abandoning module SteamVR (216)
[2017.06.01-14.44.22:776][379]LogModuleManager: Shutting down and abandoning module ProceduralMeshComponent (214)
[2017.06.01-14.44.22:776][379]LogModuleManager: Shutting down and abandoning module OculusLibrary (212)
[2017.06.01-14.44.22:776][379]LogModuleManager: Shutting down and abandoning module OculusInput (210)
[2017.06.01-14.44.22:776][379]LogModuleManager: Shutting down and abandoning module MobilePatchingUtils (208)
[2017.06.01-14.44.22:776][379]LogModuleManager: Shutting down and abandoning module CustomMeshComponent (206)
[2017.06.01-14.44.22:776][379]LogModuleManager: Shutting down and abandoning module CableComponent (204)
[2017.06.01-14.44.22:776][379]LogModuleManager: Shutting down and abandoning module ArchVisCharacter (202)
[2017.06.01-14.44.22:776][379]LogModuleManager: Shutting down and abandoning module HTML5Networking (198)
[2017.06.01-14.44.22:776][379]LogModuleManager: Shutting down and abandoning module VisualStudioSourceCodeAccess (196)
[2017.06.01-14.44.22:776][379]LogModuleManager: Shutting down and abandoning module DesktopPlatform (195)
[2017.06.01-14.44.22:776][379]LogModuleManager: Shutting down and abandoning module HotReload (193)
[2017.06.01-14.44.22:776][379]LogModuleManager: Shutting down and abandoning module DirectoryWatcher (192)
[2017.06.01-14.44.22:776][379]LogModuleManager: Shutting down and abandoning module UObjectPlugin (188)
[2017.06.01-14.44.22:776][379]LogModuleManager: Shutting down and abandoning module SubversionSourceControl (186)
[2017.06.01-14.44.22:776][379]LogModuleManager: Shutting down and abandoning module PerforceSourceControl (184)
[2017.06.01-14.44.22:776][379]LogModuleManager: Shutting down and abandoning module SourceControl (183)
[2017.06.01-14.44.22:776][379]LogModuleManager: Shutting down and abandoning module PhysXVehiclesEditor (180)
[2017.06.01-14.44.22:776][379]LogModuleManager: Shutting down and abandoning module PhysXVehicles (178)
[2017.06.01-14.44.22:776][379]LogModuleManager: Shutting down and abandoning module LocationServicesBPLibrary (176)
[2017.06.01-14.44.22:776][379]LogModuleManager: Shutting down and abandoning module UdpMessaging (174)
[2017.06.01-14.44.22:776][379]LogModuleManager: Shutting down and abandoning module TcpMessaging (172)
[2017.06.01-14.44.22:776][379]LogModuleManager: Shutting down and abandoning module GameplayTagsEditor (170)
[2017.06.01-14.44.22:776][379]LogModuleManager: Shutting down and abandoning module FacialAnimation (168)
[2017.06.01-14.44.22:776][379]LogModuleManager: Shutting down and abandoning module LightPropagationVolumeRuntime (166)
[2017.06.01-14.44.22:776][379]LogModuleManager: Shutting down and abandoning module Paper2D (164)
[2017.06.01-14.44.22:776][379]LogModuleManager: Shutting down and abandoning module WindowsMoviePlayer (162)
[2017.06.01-14.44.22:776][379]LogModuleManager: Shutting down and abandoning module WmfMedia (160)
[2017.06.01-14.44.22:777][379]LogModuleManager: Shutting down and abandoning module MfMedia (158)
[2017.06.01-14.44.22:777][379]LogModuleManager: Shutting down and abandoning module MediaAssets (156)
[2017.06.01-14.44.22:777][379]LogModuleManager: Shutting down and abandoning module GameLiveStreaming (154)
[2017.06.01-14.44.22:777][379]LogModuleManager: Shutting down and abandoning module VREditor (152)
[2017.06.01-14.44.22:777][379]LogModuleManager: Shutting down and abandoning module GameplayTasksEditor (150)
[2017.06.01-14.44.22:777][379]LogModuleManager: Shutting down and abandoning module BehaviorTreeEditor (148)
[2017.06.01-14.44.22:777][379]LogModuleManager: Shutting down and abandoning module FunctionalTesting (146)
[2017.06.01-14.44.22:777][379]LogModuleManager: Shutting down and abandoning module CollisionAnalyzer (144)
[2017.06.01-14.44.22:777][379]LogModuleManager: Shutting down and abandoning module UMG (142)
[2017.06.01-14.44.22:777][379]LogModuleManager: Shutting down and abandoning module UMGEditor (141)
[2017.06.01-14.44.22:777][379]LogModuleManager: Shutting down and abandoning module Sequencer (140)
[2017.06.01-14.44.22:777][379]LogModuleManager: Shutting down and abandoning module AssetTools (138)
[2017.06.01-14.44.22:777][379]LogModuleManager: Shutting down and abandoning module MessageLog (137)
[2017.06.01-14.44.22:777][379]LogModuleManager: Shutting down and abandoning module WorkspaceMenuStructure (136)
[2017.06.01-14.44.22:777][379]LogModuleManager: Shutting down and abandoning module SlateReflector (130)
[2017.06.01-14.44.22:777][379]LogModuleManager: Shutting down and abandoning module Slate (128)
[2017.06.01-14.44.22:777][379]LogModuleManager: Shutting down and abandoning module EditorStyle (126)
[2017.06.01-14.44.22:780][379]LogModuleManager: Shutting down and abandoning module Messaging (124)
[2017.06.01-14.44.22:780][379]LogModuleManager: Shutting down and abandoning module SourceCodeAccess (122)
[2017.06.01-14.44.22:780][379]LogModuleManager: Shutting down and abandoning module HeadMountedDisplay (120)
[2017.06.01-14.44.22:780][379]LogModuleManager: Shutting down and abandoning module XAudio2 (118)
[2017.06.01-14.44.22:780][379]LogModuleManager: Shutting down and abandoning module Networking (116)
[2017.06.01-14.44.22:780][379]LogModuleManager: Shutting down and abandoning module Core (114)
[2017.06.01-14.44.22:780][379]LogModuleManager: Shutting down and abandoning module KismetCompiler (112)
[2017.06.01-14.44.22:780][379]LogModuleManager: Shutting down and abandoning module PhysXFormats (110)
[2017.06.01-14.44.22:780][379]LogModuleManager: Shutting down and abandoning module MeshUtilities (108)
[2017.06.01-14.44.22:780][379]LogModuleManager: Shutting down and abandoning module SimplygonSwarm (107)
[2017.06.01-14.44.22:780][379]LogModuleManager: Shutting down and abandoning module SimplygonMeshReduction (105)
[2017.06.01-14.44.22:780][379]LogModuleManager: Shutting down and abandoning module QuadricMeshReduction (103)
[2017.06.01-14.44.22:780][379]LogModuleManager: Shutting down and abandoning module PropertyEditor (101)
[2017.06.01-14.44.22:780][379]LogModuleManager: Shutting down and abandoning module AssetRegistry (98)
[2017.06.01-14.44.22:780][379]LogModuleManager: Shutting down and abandoning module DerivedDataCache (96)
[2017.06.01-14.44.22:852][379]LogDerivedDataCache: Shutdown
[2017.06.01-14.44.22:852][379]LogModuleManager: Shutting down and abandoning module TargetPlatform (94)
[2017.06.01-14.44.22:852][379]LogModuleManager: Shutting down and abandoning module VulkanShaderFormat (93)
[2017.06.01-14.44.22:852][379]LogModuleManager: Shutting down and abandoning module ShaderFormatOpenGL (91)
[2017.06.01-14.44.22:852][379]LogModuleManager: Shutting down and abandoning module ShaderFormatD3D (89)
[2017.06.01-14.44.22:852][379]LogModuleManager: Shutting down and abandoning module MetalShaderFormat (87)
[2017.06.01-14.44.22:852][379]LogModuleManager: Shutting down and abandoning module TextureFormatUncompressed (85)
[2017.06.01-14.44.22:852][379]LogModuleManager: Shutting down and abandoning module TextureFormatPVR (83)
[2017.06.01-14.44.22:852][379]LogModuleManager: Shutting down and abandoning module TextureFormatDXT (81)
[2017.06.01-14.44.22:852][379]LogModuleManager: Shutting down and abandoning module TextureFormatIntelISPCTexComp (79)
[2017.06.01-14.44.22:852][379]LogModuleManager: Shutting down and abandoning module TextureFormatASTC (77)
[2017.06.01-14.44.22:852][379]LogModuleManager: Shutting down and abandoning module ImageWrapper (76)
[2017.06.01-14.44.22:852][379]LogModuleManager: Shutting down and abandoning module TextureFormatAndroid (73)
[2017.06.01-14.44.22:852][379]LogModuleManager: Shutting down and abandoning module AudioFormatOpus (71)
[2017.06.01-14.44.22:852][379]LogModuleManager: Shutting down and abandoning module AudioFormatOgg (69)
[2017.06.01-14.44.22:852][379]LogModuleManager: Shutting down and abandoning module AudioFormatADPCM (67)
[2017.06.01-14.44.22:852][379]LogModuleManager: Shutting down and abandoning module WindowsTargetPlatform (65)
[2017.06.01-14.44.22:852][379]LogModuleManager: Shutting down and abandoning module WindowsServerTargetPlatform (63)
[2017.06.01-14.44.22:852][379]LogModuleManager: Shutting down and abandoning module WindowsNoEditorTargetPlatform (61)
[2017.06.01-14.44.22:852][379]LogModuleManager: Shutting down and abandoning module WindowsClientTargetPlatform (59)
[2017.06.01-14.44.22:852][379]LogModuleManager: Shutting down and abandoning module InputCore (56)
[2017.06.01-14.44.22:852][379]LogModuleManager: Shutting down and abandoning module Settings (54)
[2017.06.01-14.44.22:852][379]LogModuleManager: Shutting down and abandoning module OculusRift (52)
[2017.06.01-14.44.22:852][379]LogModuleManager: Shutting down and abandoning module GearVR (50)
[2017.06.01-14.44.22:852][379]LogModuleManager: Shutting down and abandoning module ExampleDeviceProfileSelector (48)
[2017.06.01-14.44.22:852][379]LogModuleManager: Shutting down and abandoning module OnlineBlueprintSupport (46)
[2017.06.01-14.44.22:852][379]LogModuleManager: Shutting down and abandoning module OnlineSubsystem (42)
[2017.06.01-14.44.22:852][379]LogOnline:Display: STEAM: OnlineSubsystemSteam::Shutdown()
[2017.06.01-14.44.22:892][379]LogOnline:Display: Unloading online subsystem: STEAM
[2017.06.01-14.44.22:892][379]LogOnline:Display: STEAM: OnlineSubsystemSteam::Shutdown()
[2017.06.01-14.44.22:892][379]LogOnline:Display: Unloading online subsystem: NULL
[2017.06.01-14.44.22:892][379]LogModuleManager: Shutting down and abandoning module XMPP (37)
[2017.06.01-14.44.22:892][379]LogModuleManager: Shutting down and abandoning module HTTP (35)
[2017.06.01-14.44.22:894][379]LogModuleManager: Shutting down and abandoning module SSL (34)
[2017.06.01-14.44.22:896][379]LogModuleManager: Shutting down and abandoning module AudioEditor (30)
[2017.06.01-14.44.22:896][379]LogModuleManager: Shutting down and abandoning module TextureCompressor (28)
[2017.06.01-14.44.22:896][379]LogModuleManager: Shutting down and abandoning module ShaderCore (26)
[2017.06.01-14.44.22:896][379]LogModuleManager: Shutting down and abandoning module Landscape (24)
[2017.06.01-14.44.22:896][379]LogModuleManager: Shutting down and abandoning module SlateRHIRenderer (22)
[2017.06.01-14.44.22:897][379]LogModuleManager: Shutting down and abandoning module OpenGLDrv (20)
[2017.06.01-14.44.22:897][379]LogModuleManager: Shutting down and abandoning module D3D11RHI (18)
[2017.06.01-14.44.22:897][379]LogModuleManager: Shutting down and abandoning module AnimGraphRuntime (16)
[2017.06.01-14.44.22:897][379]LogModuleManager: Shutting down and abandoning module Renderer (14)
[2017.06.01-14.44.22:897][379]LogModuleManager: Shutting down and abandoning module Engine (12)
[2017.06.01-14.44.22:897][379]LogModuleManager: Shutting down and abandoning module CoreUObject (10)
[2017.06.01-14.44.22:897][379]LogModuleManager: Shutting down and abandoning module NetworkFile (8)
[2017.06.01-14.44.22:897][379]LogModuleManager: Shutting down and abandoning module StreamingFile (6)
[2017.06.01-14.44.22:897][379]LogModuleManager: Shutting down and abandoning module SandboxFile (4)
[2017.06.01-14.44.22:897][379]LogModuleManager: Shutting down and abandoning module PakFile (2)
[2017.06.01-14.44.22:899][379]LogExit: Exiting.
[2017.06.01-14.44.22:903][379]Log file closed, 06/01/17 23:44:22
