Log file open, 09/21/17 17:58:04
LogInit:Display: Running engine for game: UNNAMED
LogPlatformFile: Not using cached read wrapper
LogInit:Display: RandInit(542944996) SRandInit(542944996).
LogTaskGraph: Started task graph with 5 named threads and 8 total threads with 1 sets of task threads.
LogStats: Stats thread started at 0.255807
LogInit: Using libcurl 7.47.1
LogInit:  - built for x86_64-pc-win32
LogInit:  - supports SSL with OpenSSL/1.0.2g
LogInit:  - supports HTTP deflate (compression) using libz 1.2.8
LogInit:  - other features:
LogInit:      CURL_VERSION_SSL
LogInit:      CURL_VERSION_LIBZ
LogInit:      CURL_VERSION_IPV6
LogInit:      CURL_VERSION_ASYNCHDNS
LogInit:      CURL_VERSION_LARGEFILE
LogInit:      CURL_VERSION_IDN
LogInit:  CurlRequestOptions (configurable via config and command line):
LogInit:  - bVerifyPeer = false  - Libcurl will NOT verify peer certificate
LogInit:  - bUseHttpProxy = false  - Libcurl will NOT use HTTP proxy
LogInit:  - bDontReuseConnections = false  - Libcurl will reuse connections
LogInit:  - CertBundlePath = nullptr  - Libcurl will use whatever was configured at build time.
LogOnline:Display: STEAM: Loading Steam SDK 1.32
LogInit: WinSock: version 1.1 (2.2), MaxSocks=32767, MaxUdp=65467
LogInit: Build: ++UE4+Release-4.15-CL-3450819
LogInit: Engine Version: 4.15.3-3450819+++UE4+Release-4.15
LogInit: Compatible Engine Version: 4.15.0-3299760+++UE4+Release-4.15
LogInit: Net CL: 3299760
LogDevObjectVersion: Number of dev versions registered: 14
LogDevObjectVersion:   Dev-Blueprints (B0D832E4-1F89-4F0D-ACCF-7EB736FD4AA2): 8
LogDevObjectVersion:   Dev-Build (E1C64328-A22C-4D53-A36C-8E866417BD8C): 0
LogDevObjectVersion:   Dev-Core (375EC13C-06E4-48FB-B500-84F0262A717E): 2
LogDevObjectVersion:   Dev-Editor (E4B068ED-F494-42E9-A231-DA0B2E46BB41): 14
LogDevObjectVersion:   Dev-Framework (CFFC743F-43B0-4480-9391-14DF171D2073): 22
LogDevObjectVersion:   Dev-Mobile (B02B49B5-BB20-44E9-A304-32B752E40360): 0
LogDevObjectVersion:   Dev-Networking (A4E4105C-59A1-49B5-A7C5-40C4547EDFEE): 0
LogDevObjectVersion:   Dev-Online (39C831C9-5AE6-47DC-9A44-9C173E1C8E7C): 0
LogDevObjectVersion:   Dev-Physics (78F01B33-EBEA-4F98-B9B4-84EACCB95AA2): 0
LogDevObjectVersion:   Dev-Platform (6631380F-2D4D-43E0-8009-CF276956A95A): 0
LogDevObjectVersion:   Dev-Rendering (12F88B9F-8875-4AFC-A67C-D90C383ABD29): 12
LogDevObjectVersion:   Dev-Sequencer (7B5AE74C-D270-4C10-A958-57980B212A5A): 3
LogDevObjectVersion:   Dev-VR (D7296918-1DD6-4BDD-9DE2-64A83CC13884): 0
LogDevObjectVersion:   Dev-LoadTimes (C2A15278-BFE7-4AFE-6C17-90FF531DF755): 1
LogInit: Compiled (64-bit): May 21 2017 11:02:34
LogInit: Compiled with Visual C++: 19.00.23026.00
LogInit: Build Configuration: Development
LogInit: Branch Name: ++UE4+Release-4.15
LogInit: Command line:  -game
LogInit: Base directory: C:/Program Files/Epic Games/UE_4.15/Engine/Binaries/Win64/
LogInit: Installed Engine Build: 1
LogInit: Presizing for max 8388607 objects, including 0 objects not considered by GC, pre-allocating 0 bytes for permanent pool.
LogInit: Object subsystem initialized
[2017.09.21-08.58.07:196][  0]LogInit: Selected Device Profile: [Windows]
[2017.09.21-08.58.07:196][  0]LogInit: Applying CVar settings loaded from the selected device profile: [Windows]
[2017.09.21-08.58.07:240][  0]LogInit: Computer: DESKTOP-5I3HB32
[2017.09.21-08.58.07:240][  0]LogInit: User: jcy
[2017.09.21-08.58.07:240][  0]LogInit: CPU Page size=65536, Cores=4
[2017.09.21-08.58.07:240][  0]LogInit: High frequency timer resolution =2.533209 MHz
[2017.09.21-08.58.07:241][  0]LogMemory: Memory total: Physical=11.9GB (12GB approx)
[2017.09.21-08.58.07:241][  0]LogMemory: Platform Memory Stats for Windows
[2017.09.21-08.58.07:241][  0]LogMemory: Process Physical Memory: 298.60 MB used, 298.60 MB peak
[2017.09.21-08.58.07:241][  0]LogMemory: Process Virtual Memory: 276.18 MB used, 276.18 MB peak
[2017.09.21-08.58.07:241][  0]LogMemory: Physical Memory: 3982.10 MB used,  8227.76 MB free, 12209.86 MB total
[2017.09.21-08.58.07:241][  0]LogMemory: Virtual Memory: 749.36 MB used,  8227.76 MB free, 134217728.00 MB total
[2017.09.21-08.58.09:017][  0]LogTextLocalizationManager: No specific translations for ('ko-KR') exist, so ('ko') translations will be used.
[2017.09.21-08.58.09:519][  0]LogTextLocalizationManager:Warning: Loaded localization resources contain conflicting entries for (Namespace:KismetSchema, Key:Default):
Localization Resource: (C:/Program Files/Epic Games/UE_4.15/Engine/Content/Localization/EditorTutorials/ko/EditorTutorials.locres) Source String Hash: (940523119) Localized String: (디폴트)
Localization Resource: (C:/Program Files/Epic Games/UE_4.15/Engine/Content/Localization/Engine/ko/Engine.locres) Source String Hash: (940523119) Localized String: (기본)
[2017.09.21-08.58.09:520][  0]LogTextLocalizationManager:Warning: Loaded localization resources contain conflicting entries for (Namespace:UObjectToolTips, Key:AnimNode_AssetPlayerBase:InternalTimeAccumulator):
Localization Resource: (C:/Program Files/Epic Games/UE_4.15/Engine/Content/Localization/EditorTutorials/ko/EditorTutorials.locres) Source String Hash: (502993589) Localized String: (이 노드에서 애셋을 레퍼런싱하는 데 사용되는 누적 시간입니다.)
Localization Resource: (C:/Program Files/Epic Games/UE_4.15/Engine/Content/Localization/ToolTips/ko/ToolTips.locres) Source String Hash: (502993589) Localized String: (내부 시간 누산기 - 이 노드에서 애셋을 레퍼런싱하는 데 사용된 누적 시간입니다.)
Localization Resource: (C:/Program Files/Epic Games/UE_4.15/Engine/Content/Localization/Engine/ko/Engine.locres) Source String Hash: (502993589) Localized String: (이 노드에서 애셋을 레퍼런싱하는 데 사용된 누적 시간입니다.)
[2017.09.21-08.58.09:520][  0]LogTextLocalizationManager:Warning: Loaded localization resources contain conflicting entries for (Namespace:UObjectToolTips, Key:AnimNode_AssetPlayerBase:bIgnoreForRelevancyTest):
Localization Resource: (C:/Program Files/Epic Games/UE_4.15/Engine/Content/Localization/EditorTutorials/ko/EditorTutorials.locres) Source String Hash: (319969718) Localized String: (True 면, 스테이트에서 최고 가중치 애니메이션을 찾는 "Relevant anim" 노드는 이 노드를 무시합니다.
 )
Localization Resource: (C:/Program Files/Epic Games/UE_4.15/Engine/Content/Localization/ToolTips/ko/ToolTips.locres) Source String Hash: (319969718) Localized String: (연관성 테스트에 무시 - true 인 경우 스테이트 내 최고 웨이팅된 애니메이션을 찾는 "Relevant anim" (연관 애님) 노드가
이 노드를 무시합니다.)
Localization Resource: (C:/Program Files/Epic Games/UE_4.15/Engine/Content/Localization/Engine/ko/Engine.locres) Source String Hash: (319969718) Localized String: (True 면 스테이트 내 최고 웨이팅된 애니메이션을 찾는 "Relevant anim" 노드가 무시됩니다.
 )
[2017.09.21-08.58.09:520][  0]LogTextLocalizationManager:Warning: Loaded localization resources contain conflicting entries for (Namespace:UObjectToolTips, Key:AnimNode_AssetPlayerBase:BlendWeight):
Localization Resource: (C:/Program Files/Epic Games/UE_4.15/Engine/Content/Localization/EditorTutorials/ko/EditorTutorials.locres) Source String Hash: (-1232800293) Localized String: (이 노드에 마지막 걸린 블렌드웨이트 입니다.)
Localization Resource: (C:/Program Files/Epic Games/UE_4.15/Engine/Content/Localization/ToolTips/ko/ToolTips.locres) Source String Hash: (-1232800293) Localized String: (블렌드 웨이트 - 이 노드에 대해 마지막으로 접한 블렌드 웨이트입니다.)
Localization Resource: (C:/Program Files/Epic Games/UE_4.15/Engine/Content/Localization/Engine/ko/Engine.locres) Source String Hash: (-1232800293) Localized String: (이 노드에 대해 마지막 접한 블렌드 웨이트)
[2017.09.21-08.58.09:520][  0]LogTextLocalizationManager:Warning: Loaded localization resources contain conflicting entries for (Namespace:UObjectToolTips, Key:AnimNode_BlendSpacePlayer:bLoop):
Localization Resource: (C:/Program Files/Epic Games/UE_4.15/Engine/Content/Localization/EditorTutorials/ko/EditorTutorials.locres) Source String Hash: (2133979316) Localized String: (애니메이션이 끝까지 재생되면 반복할까요?)
Localization Resource: (C:/Program Files/Epic Games/UE_4.15/Engine/Content/Localization/ToolTips/ko/ToolTips.locres) Source String Hash: (2133979316) Localized String: (루프 - 애니메이션이 끝에 도달했을 때 계속 반복할까요?)
[2017.09.21-08.58.09:520][  0]LogTextLocalizationManager:Warning: Loaded localization resources contain conflicting entries for (Namespace:UObjectToolTips, Key:AnimNode_StateMachine:bSkipFirstUpdateTransition):
Localization Resource: (C:/Program Files/Epic Games/UE_4.15/Engine/Content/Localization/EditorTutorials/ko/EditorTutorials.locres) Source String Hash: (1865475011) Localized String: (첫 업데이트시 도입 상태에서의 트랜지션을 건너뛸까요? 
기본은 true 로, 첫 업데이트시에는 트랜지션 데이터를 버립니다.)
Localization Resource: (C:/Program Files/Epic Games/UE_4.15/Engine/Content/Localization/ToolTips/ko/ToolTips.locres) Source String Hash: (1865475011) Localized String: (첫 번째 업데이트 트랜지션 건너뛰기 - 첫 번째 업데이트에서 입력 스테이트의 트랜지션을 건너뜁니까?
디폴트는 true 고 첫 번째 업데이트의 트랜지션 데이터를 버립니다.)
[2017.09.21-08.58.09:520][  0]LogTextLocalizationManager:Warning: Loaded localization resources contain conflicting entries for (Namespace:UObjectToolTips, Key:AnimNode_BlendSpacePlayer:X):
Localization Resource: (C:/Program Files/Epic Games/UE_4.15/Engine/Content/Localization/EditorTutorials/ko/EditorTutorials.locres) Source String Hash: (2060772590) Localized String: (블렌드스페이스에서 샘플링할 X 좌표입니다.)
Localization Resource: (C:/Program Files/Epic Games/UE_4.15/Engine/Content/Localization/ToolTips/ko/ToolTips.locres) Source String Hash: (2060772590) Localized String: (X - 블렌드스페이스 샘플의 X 좌표입니다.)
[2017.09.21-08.58.09:520][  0]LogTextLocalizationManager:Warning: Loaded localization resources contain conflicting entries for (Namespace:UObjectToolTips, Key:AnimNode_BlendSpacePlayer:Y):
Localization Resource: (C:/Program Files/Epic Games/UE_4.15/Engine/Content/Localization/EditorTutorials/ko/EditorTutorials.locres) Source String Hash: (-1719607538) Localized String: (블렌드스페이스에서 샘플링할 Y 좌표입니다.)
Localization Resource: (C:/Program Files/Epic Games/UE_4.15/Engine/Content/Localization/ToolTips/ko/ToolTips.locres) Source String Hash: (-1719607538) Localized String: (Y - 블렌드스페이스 샘플의 Y 좌표입니다.)
[2017.09.21-08.58.09:520][  0]LogTextLocalizationManager:Warning: Loaded localization resources contain conflicting entries for (Namespace:UObjectToolTips, Key:AnimNode_BlendSpacePlayer:Z):
Localization Resource: (C:/Program Files/Epic Games/UE_4.15/Engine/Content/Localization/EditorTutorials/ko/EditorTutorials.locres) Source String Hash: (1728943471) Localized String: (블렌드스페이스에서 샘플링할 Z 좌표입니다.)
Localization Resource: (C:/Program Files/Epic Games/UE_4.15/Engine/Content/Localization/ToolTips/ko/ToolTips.locres) Source String Hash: (1728943471) Localized String: (Z - 블렌드스페이스 샘플의 Z 좌표입니다.)
[2017.09.21-08.58.09:520][  0]LogTextLocalizationManager:Warning: Loaded localization resources contain conflicting entries for (Namespace:UObjectToolTips, Key:AnimNode_BlendSpacePlayer:BlendSpace):
Localization Resource: (C:/Program Files/Epic Games/UE_4.15/Engine/Content/Localization/EditorTutorials/ko/EditorTutorials.locres) Source String Hash: (1599043277) Localized String: (재생할 블렌드스페이스 애셋입니다.)
Localization Resource: (C:/Program Files/Epic Games/UE_4.15/Engine/Content/Localization/ToolTips/ko/ToolTips.locres) Source String Hash: (1599043277) Localized String: (블렌드스페이스 - 재생할 블렌드스페이스 애셋입니다.)
[2017.09.21-08.58.09:520][  0]LogTextLocalizationManager:Warning: Loaded localization resources contain conflicting entries for (Namespace:UObjectToolTips, Key:AnimNode_StateMachine:MaxTransitionsPerFrame):
Localization Resource: (C:/Program Files/Epic Games/UE_4.15/Engine/Content/Localization/EditorTutorials/ko/EditorTutorials.locres) Source String Hash: (1567650430) Localized String: (이 머신에서 한 프레임 내 '동시에' 취할 수 있는 트랜지션 최대 수입니다.)
Localization Resource: (C:/Program Files/Epic Games/UE_4.15/Engine/Content/Localization/ToolTips/ko/ToolTips.locres) Source String Hash: (1567650430) Localized String: (프레임 당 최대 트랜지션 - 한 프레임에서 이 머신이 동시에 취할 수 있는 트랜지션 최대 수입니다.)
[2017.09.21-08.58.09:520][  0]LogTextLocalizationManager:Warning: Loaded localization resources contain conflicting entries for (Namespace:UObjectToolTips, Key:AnimNode_BlendSpacePlayer:PlayRate):
Localization Resource: (C:/Program Files/Epic Games/UE_4.15/Engine/Content/Localization/EditorTutorials/ko/EditorTutorials.locres) Source String Hash: (-1274923958) Localized String: (재생 속도 배수입니다. 음수가 되면 애니메이션을 역순으로 재생하게 됩니다.)
Localization Resource: (C:/Program Files/Epic Games/UE_4.15/Engine/Content/Localization/ToolTips/ko/ToolTips.locres) Source String Hash: (-1274923958) Localized String: (재생 속도 - 재생 속도 배수입니다. 음수가 되면 애니메이션을 거꾸로 재생합니다.)
[2017.09.21-08.58.09:520][  0]LogTextLocalizationManager:Warning: Loaded localization resources contain conflicting entries for (Namespace:UObjectToolTips, Key:AnimNode_BlendSpacePlayer:StartPosition):
Localization Resource: (C:/Program Files/Epic Games/UE_4.15/Engine/Content/Localization/EditorTutorials/ko/EditorTutorials.locres) Source String Hash: (-207153555) Localized String: (시작 위치 범위는 [0,1] 이며, 재초기화시에만 적용됩니다.
루핑을 하면, 1 회전 후 0.f 부터 시작할 것입니다.)
Localization Resource: (C:/Program Files/Epic Games/UE_4.15/Engine/Content/Localization/ToolTips/ko/ToolTips.locres) Source String Hash: (-207153555) Localized String: (시작 위치 - [0, 1] 범위의 시작 위치로, 재초기화할 때만 적용됩니다.
반복하면 1회전 후 0.f 부터 시작됩니다.)
[2017.09.21-08.58.09:521][  0]LogTextLocalizationManager:Warning: Loaded localization resources contain conflicting entries for (Namespace:UObjectToolTips, Key:CameraFilmbackSettings:SensorWidth):
Localization Resource: (C:/Program Files/Epic Games/UE_4.15/Engine/Content/Localization/ToolTips/ko/ToolTips.locres) Source String Hash: (-1448580153) Localized String: (센서 폭 - 필름백 또는 디지털 센서의 가로 크기로, mm 단위입니다.)
Localization Resource: (C:/Program Files/Epic Games/UE_4.15/Engine/Content/Localization/Engine/ko/Engine.locres) Source String Hash: (-1448580153) Localized String: (필름백 또는 디지털 센서의 가로 크기로, mm 단위입니다.)
[2017.09.21-08.58.09:521][  0]LogTextLocalizationManager:Warning: Loaded localization resources contain conflicting entries for (Namespace:UObjectToolTips, Key:CameraFilmbackSettings:SensorAspectRatio):
Localization Resource: (C:/Program Files/Epic Games/UE_4.15/Engine/Content/Localization/ToolTips/ko/ToolTips.locres) Source String Hash: (-194807515) Localized String: (센서 종횡비 - 읽기 전용입니다. 센서 치수에서 계산했습니다.)
Localization Resource: (C:/Program Files/Epic Games/UE_4.15/Engine/Content/Localization/Engine/ko/Engine.locres) Source String Hash: (-194807515) Localized String: (읽기 전용입니다. 센서 크기에서 계산했습니다.)
[2017.09.21-08.58.09:521][  0]LogTextLocalizationManager:Warning: Loaded localization resources contain conflicting entries for (Namespace:UObjectToolTips, Key:AnimNode_SequencePlayer:bLoopAnimation):
Localization Resource: (C:/Program Files/Epic Games/UE_4.15/Engine/Content/Localization/ToolTips/ko/ToolTips.locres) Source String Hash: (2133979316) Localized String: (루프 - 애니메이션이 끝에 도달했을 때 계속 반복시켜야 할까요?)
Localization Resource: (C:/Program Files/Epic Games/UE_4.15/Engine/Content/Localization/Engine/ko/Engine.locres) Source String Hash: (2133979316) Localized String: (애니메이션이 끝에 도달하면 계속해서 루핑시킬것인지 입니다.)
[2017.09.21-08.58.09:521][  0]LogTextLocalizationManager:Warning: Loaded localization resources contain conflicting entries for (Namespace:UObjectToolTips, Key:AnimNode_SequencePlayer:Sequence):
Localization Resource: (C:/Program Files/Epic Games/UE_4.15/Engine/Content/Localization/ToolTips/ko/ToolTips.locres) Source String Hash: (421436424) Localized String: (시퀀스 - 재생할 애니메이션 시퀀스 애셋입니다.)
Localization Resource: (C:/Program Files/Epic Games/UE_4.15/Engine/Content/Localization/Engine/ko/Engine.locres) Source String Hash: (421436424) Localized String: (재생할 애니메이션 시퀀스 애셋입니다.)
[2017.09.21-08.58.09:521][  0]LogTextLocalizationManager:Warning: Loaded localization resources contain conflicting entries for (Namespace:UObjectToolTips, Key:AnimNode_SequencePlayer:PlayRate):
Localization Resource: (C:/Program Files/Epic Games/UE_4.15/Engine/Content/Localization/ToolTips/ko/ToolTips.locres) Source String Hash: (-1274923958) Localized String: (재생 속도 - 재생 속도 배수입니다. 음수가 될 수 있으며, 그러면 애니메이션이 거꾸로 재생됩니다.)
Localization Resource: (C:/Program Files/Epic Games/UE_4.15/Engine/Content/Localization/Engine/ko/Engine.locres) Source String Hash: (-1274923958) Localized String: (플레이 속도 배수입니다. 음수가 되면 애니메이션이 역방향으로 재생됩니다.)
[2017.09.21-08.58.09:521][  0]LogTextLocalizationManager:Warning: Loaded localization resources contain conflicting entries for (Namespace:UObjectToolTips, Key:AnimNode_SequencePlayer:StartPosition):
Localization Resource: (C:/Program Files/Epic Games/UE_4.15/Engine/Content/Localization/ToolTips/ko/ToolTips.locres) Source String Hash: (771611000) Localized String: (시작 위치 - 시작 위치로 재초기화할 때만 적용됩니다.
반복하면, 1회전 후 0.f 부터 시작됩니다.)
Localization Resource: (C:/Program Files/Epic Games/UE_4.15/Engine/Content/Localization/Engine/ko/Engine.locres) Source String Hash: (771611000) Localized String: (시작 위치로, 재초기화시에만 적용됩니다.
루핑을 하면, 1회전 후 0.f 부터 시작할 것입니다.)
[2017.09.21-08.58.09:521][  0]LogTextLocalizationManager:Warning: Loaded localization resources contain conflicting entries for (Namespace:UObjectToolTips, Key:CameraFilmbackSettings:SensorHeight):
Localization Resource: (C:/Program Files/Epic Games/UE_4.15/Engine/Content/Localization/ToolTips/ko/ToolTips.locres) Source String Hash: (-1311569777) Localized String: (센서 높이 - 필름백 또는 디지털 센서의 세로 크기로, mm 단위입니다.)
Localization Resource: (C:/Program Files/Epic Games/UE_4.15/Engine/Content/Localization/Engine/ko/Engine.locres) Source String Hash: (-1311569777) Localized String: (필름백 또는 디지털 센서의 세로 크기로, mm 단위입니다.)
[2017.09.21-08.58.09:942][  0]LogD3D11RHI: D3D11 adapters:
[2017.09.21-08.58.10:631][  0]LogD3D11RHI:    0. 'NVIDIA GeForce GTX 960M' (Feature Level 11_0)
[2017.09.21-08.58.10:631][  0]LogD3D11RHI:       2019/0/6104 MB DedicatedVideo/DedicatedSystem/SharedSystem, Outputs:2, VendorId:0x10de
[2017.09.21-08.58.10:639][  0]LogD3D11RHI:    1. 'Intel(R) HD Graphics 4600' (Feature Level 11_0)
[2017.09.21-08.58.10:639][  0]LogD3D11RHI:       112/0/2048 MB DedicatedVideo/DedicatedSystem/SharedSystem, Outputs:0, VendorId:0x8086
[2017.09.21-08.58.10:642][  0]LogD3D11RHI:    2. 'Microsoft Basic Render Driver' (Feature Level 11_0)
[2017.09.21-08.58.10:642][  0]LogD3D11RHI:       0/0/6104 MB DedicatedVideo/DedicatedSystem/SharedSystem, Outputs:0, VendorId:0x1414
[2017.09.21-08.58.10:642][  0]LogD3D11RHI: Chosen D3D11 Adapter: 0
[2017.09.21-08.58.10:650][  0]LogD3D11RHI: Creating new Direct3DDevice
[2017.09.21-08.58.10:650][  0]LogD3D11RHI:     GPU DeviceId: 0x139b (for the marketing name, search the web for "GPU Device Id")
[2017.09.21-08.58.10:650][  0]LogWindows: EnumDisplayDevices:
[2017.09.21-08.58.10:651][  0]LogWindows:    0. 'Intel(R) HD Graphics 4600' (P:0 D:1)
[2017.09.21-08.58.10:651][  0]LogWindows:    1. 'Intel(R) HD Graphics 4600' (P:1 D:1)
[2017.09.21-08.58.10:651][  0]LogWindows:    2. 'Intel(R) HD Graphics 4600' (P:0 D:0)
[2017.09.21-08.58.10:651][  0]LogWindows: DebugString: PrimaryIsNotTheChoosenAdapter PrimaryIsNotTheChoosenAdapter PrimaryIsNotTheChoosenAdapter FoundDriverCount:0 
[2017.09.21-08.58.10:651][  0]LogD3D11RHI:     Adapter Name: NVIDIA GeForce GTX 960M
[2017.09.21-08.58.10:651][  0]LogD3D11RHI:   Driver Version: Unknown (internal:Unknown, unified:Unknown)
[2017.09.21-08.58.10:651][  0]LogD3D11RHI:      Driver Date: Unknown
[2017.09.21-08.58.10:651][  0]LogRHI: Texture pool is 1361 MB (70% of 1945 MB)
[2017.09.21-08.58.11:238][  0]LogD3D11RHI: Async texture creation enabled
[2017.09.21-08.58.11:370][  0]LogD3D11RHI: GPU Timing Frequency: 1000.000000 (Debug: 2 1)
[2017.09.21-08.58.11:371][  0]LogShaderCompilers: Guid format shader working directory is -16 characters bigger than the processId version (../../../../../../Users/jcy/Documents/GitHub/UNNAMED/UNNAMED/Intermediate/Shaders/WorkingDirectory/6104/).
[2017.09.21-08.58.11:371][  0]LogShaderCompilers: Cleaned the shader compiler working directory 'C:/Users/jcy/AppData/Local/Temp/UnrealShaderWorkingDir/2FE73897469110D94E1B55A670B5DA96/'.
[2017.09.21-08.58.11:371][  0]LogShaderCompilers:Display: Using Local Shader Compiler.
[2017.09.21-08.58.17:604][  0]LogTemp:Display: Loaded TP WindowsClientTargetPlatform
[2017.09.21-08.58.17:679][  0]LogTemp:Display: Loaded TP WindowsNoEditorTargetPlatform
[2017.09.21-08.58.17:754][  0]LogTemp:Display: Loaded TP WindowsServerTargetPlatform
[2017.09.21-08.58.17:824][  0]LogTemp:Display: Loaded TP WindowsTargetPlatform
[2017.09.21-08.58.17:824][  0]LogTargetPlatformManager:Display: Building Assets For Windows
[2017.09.21-08.58.20:020][  0]LogDerivedDataCache:Display: Max Cache Size: 512 MB
[2017.09.21-08.58.20:500][  0]LogDerivedDataCache: Loaded boot cache 0.48s 50MB C:/Users/jcy/AppData/Local/UnrealEngine/4.15/DerivedDataCache/Boot.ddc.
[2017.09.21-08.58.20:500][  0]LogDerivedDataCache:Display: Loaded Boot cache: C:/Users/jcy/AppData/Local/UnrealEngine/4.15/DerivedDataCache/Boot.ddc
[2017.09.21-08.58.20:500][  0]LogDerivedDataCache: FDerivedDataBackendGraph:  Pak pak cache file ../../../../../../Users/jcy/Documents/GitHub/UNNAMED/UNNAMED/DerivedDataCache/DDC.ddp not found, will not use a pak cache.
[2017.09.21-08.58.20:500][  0]LogDerivedDataCache: Unable to find inner node Pak for hierarchical cache Hierarchy.
[2017.09.21-08.58.20:500][  0]LogDerivedDataCache: FDerivedDataBackendGraph:  CompressedPak pak cache file ../../../../../../Users/jcy/Documents/GitHub/UNNAMED/UNNAMED/DerivedDataCache/Compressed.ddp not found, will not use a pak cache.
[2017.09.21-08.58.20:500][  0]LogDerivedDataCache: Unable to find inner node CompressedPak for hierarchical cache Hierarchy.
[2017.09.21-08.58.20:542][  0]LogDerivedDataCache:Display: Pak cache opened for reading ../../../Engine/DerivedDataCache/Compressed.ddp.
[2017.09.21-08.58.20:570][  0]LogDerivedDataCache: Using Local data cache path C:/Users/jcy/AppData/Local/UnrealEngine/Common/DerivedDataCache: Writable
[2017.09.21-08.58.20:648][  0]LogSlate: Using Freetype 2.6.0
[2017.09.21-08.58.20:678][  0]LogSlate: SlateFontCache - WITH_FREETYPE: 1, WITH_HARFBUZZ: 1
[2017.09.21-08.58.20:678][  0]LogSlate: SlateFontCache - WITH_FREETYPE: 1, WITH_HARFBUZZ: 1
[2017.09.21-08.58.26:118][  0]LogAssetRegistry: FAssetRegistry took 0.0001 seconds to start up
[2017.09.21-08.58.26:208][  0]LogPackageLocalizationCache: Processed 3 localized package path(s) for 2 prioritized culture(s) in 0.089890 seconds
[2017.09.21-08.58.26:516][  0]LogInit: Selected Device Profile: [Windows]
[2017.09.21-08.58.26:529][  0]LogContentStreaming: Texture pool size is 1000.00 MB
[2017.09.21-08.58.26:954][  0]LogMaterial: Missing cached shader map for material Widget3DPassThrough, compiling. 
[2017.09.21-08.58.26:956][  0]LogTemp:Display: Added material ShaderMap 0x000001DFBC1C4100 with Material 0x000001DFBD957E80 to ShaderMapsBeingCompiled
[2017.09.21-08.58.26:999][  0]LogTemp:Display: Kicking off shader compilation for Widget3DPassThrough, GameThreadShaderMap 0x000001DFBC1C4100
[2017.09.21-08.58.27:497][  0]LogMeshUtilities: Using QuadricMeshReduction for automatic static mesh reduction
[2017.09.21-08.58.27:616][  0]LogSimplygon: Simplygon DLL not present - disabling.
[2017.09.21-08.58.27:761][  0]LogMeshUtilities: Using SimplygonSwarm for distributed automatic mesh merging
[2017.09.21-08.58.27:761][  0]LogMeshUtilities: No automatic skeletal mesh reduction module available
[2017.09.21-08.58.27:761][  0]LogMeshUtilities: No automatic mesh merging module available
[2017.09.21-08.58.28:090][  0]LogMaterial: Missing cached shader map for material TranslucentTransformGizmoMaterial, compiling. 
[2017.09.21-08.58.28:091][  0]LogTemp:Display: Added material ShaderMap 0x000001DFBD7F4F00 with Material 0x000001DFBD7DFA00 to ShaderMapsBeingCompiled
[2017.09.21-08.58.28:100][  0]LogTemp:Display: Kicking off shader compilation for TranslucentTransformGizmoMaterial, GameThreadShaderMap 0x000001DFBD7F4F00
[2017.09.21-08.58.29:214][  0]LogMaterial: Missing cached shader map for material M_SimpleTranslucent, compiling. 
[2017.09.21-08.58.29:215][  0]LogTemp:Display: Added material ShaderMap 0x000001DFBED42B00 with Material 0x000001DFBED44880 to ShaderMapsBeingCompiled
[2017.09.21-08.58.29:237][  0]LogTemp:Display: Kicking off shader compilation for M_SimpleTranslucent, GameThreadShaderMap 0x000001DFBED42B00
[2017.09.21-08.58.31:383][  0]LogNetVersion: GetLocalNetworkVersion: CL: 3299760, ProjectName: unnamed, ProjectVersion: , EngineNetworkVersion: 2, GameNetworkVersion: 0, NetworkChecksum: 1184173371
[2017.09.21-08.58.33:716][  0]LogMoviePlayer: Initializing movie player
[2017.09.21-08.58.33:821][  0]LogWindowsTextInputMethodSystem:Display: IME system now activated using TSF (Microsoft 입력기).
[2017.09.21-08.58.35:338][  0]SourceControl: 정보 소스 콘트롤이 꺼졌습니다.
[2017.09.21-08.58.35:338][  0]SourceControl: 정보 소스 콘트롤이 꺼졌습니다.
[2017.09.21-08.58.35:447][  0]SourceControl: 정보 소스 콘트롤이 꺼졌습니다.
[2017.09.21-08.58.37:002][  0]LogUObjectArray: 34417 objects as part of root set at end of initial load.
[2017.09.21-08.58.37:002][  0]LogUObjectAllocator: 7853624 out of 0 bytes used by permanent object pool.
[2017.09.21-08.58.37:002][  0]LogUObjectArray: CloseDisregardForGC: 0/0 objects in disregard for GC pool
[2017.09.21-08.58.37:481][  0]LogEngine: Initializing Engine...
[2017.09.21-08.58.37:483][  0]LogHMD: Failed to initialize OpenVR with code 110
[2017.09.21-08.58.38:194][  0]LogMaterial: Missing cached shader map for material VertexColorViewMode_GreenOnly, compiling. 
[2017.09.21-08.58.38:196][  0]LogTemp:Display: Added material ShaderMap 0x000001DFC16E3C80 with Material 0x000001DFC16DF880 to ShaderMapsBeingCompiled
[2017.09.21-08.58.38:223][  0]LogTemp:Display: Kicking off shader compilation for VertexColorViewMode_GreenOnly, GameThreadShaderMap 0x000001DFC16E3C80
[2017.09.21-08.58.38:412][  0]LogMaterial: Missing cached shader map for material M_InvalidLightmapSettings, compiling. 
[2017.09.21-08.58.38:412][  0]LogTemp:Display: Added material ShaderMap 0x000001DFC9962080 with Material 0x000001DFC9955C00 to ShaderMapsBeingCompiled
[2017.09.21-08.58.38:447][  0]LogTemp:Display: Kicking off shader compilation for M_InvalidLightmapSettings, GameThreadShaderMap 0x000001DFC9962080
[2017.09.21-08.58.38:714][  0]LogStats: UGameplayTagsManager::ConstructGameplayTagTree: Construct from data asset -  0.000 s
[2017.09.21-08.58.38:714][  0]LogStats: UGameplayTagsManager::ConstructGameplayTagTree: GameplayTagTreeChangedEvent.Broadcast -  0.000 s
[2017.09.21-08.58.38:728][  0]LogInit: XAudio2 using '스피커(Realtek High Definition Audio)' : 2 channels at 48 kHz using 32 bits per sample (channel mask 0x3)
[2017.09.21-08.58.38:916][  0]LogInit: FAudioDevice initialized.
[2017.09.21-08.58.38:991][  0]LogDerivedDataCache: Saved boot cache 0.06s 60MB C:/Users/jcy/AppData/Local/UnrealEngine/4.15/DerivedDataCache/Boot.ddc.
[2017.09.21-08.58.39:004][  0]LogInit: Texture streaming: Enabled
[2017.09.21-08.58.39:173][  0]LogMaterial: Uniform references updated for custom material expression Custom.
[2017.09.21-08.58.39:181][  0]LogMaterial: Missing cached shader map for material CustomStencil, compiling. 
[2017.09.21-08.58.39:183][  0]LogTemp:Display: Added material ShaderMap 0x000001DFBA6F9280 with Material 0x000001DFCA3E3A00 to ShaderMapsBeingCompiled
[2017.09.21-08.58.39:192][  0]LogTemp:Display: Kicking off shader compilation for CustomStencil, GameThreadShaderMap 0x000001DFBA6F9280
[2017.09.21-08.58.39:359][  0]LogMaterial: Missing cached shader map for material Roughness, compiling. 
[2017.09.21-08.58.39:361][  0]LogTemp:Display: Added material ShaderMap 0x000001DFCA0F6E80 with Material 0x000001DFCA112980 to ShaderMapsBeingCompiled
[2017.09.21-08.58.39:370][  0]LogTemp:Display: Kicking off shader compilation for Roughness, GameThreadShaderMap 0x000001DFCA0F6E80
[2017.09.21-08.58.46:205][  0]LogClass:Warning: Enum '/Game/BP/E_GameState.E_GameState' was upgraded to use FText to store its display name data. Please re-save this asset to avoid issues with localization and determinstic cooking.
[2017.09.21-08.58.52:545][  0]LogTexture:Display: 텍스처 빌드중: effectViolet (AutoDXT, 512X256) - 41 MB 총 VRAM
[2017.09.21-08.58.52:810][  0]LogAnimationCompression: Building Anim DDC data for AnimSequence /Game/Char_Dari/dari_die_Anim.dari_die_Anim
[2017.09.21-08.58.53:098][  0]LogTexture:Display: 텍스처 빌드중: KakaoTalk_20170309_191333437 (AutoDXT, 2048X2048) - 41 MB 총 VRAM
[2017.09.21-08.58.54:060][  0]LogMaterial: Missing cached shader map for material M_Add_Sprite_SubUV_Master, compiling. 
[2017.09.21-08.58.54:063][  0]LogTemp:Display: Added material ShaderMap 0x000001DFB60F2080 with Material 0x000001DFD0C47A00 to ShaderMapsBeingCompiled
[2017.09.21-08.58.54:111][  0]LogTemp:Display: Kicking off shader compilation for M_Add_Sprite_SubUV_Master, GameThreadShaderMap 0x000001DFB60F2080
[2017.09.21-08.58.54:242][  0]LogStaticMesh: gi 스태틱 메시 빌드중...
[2017.09.21-08.58.54:250][  0]LogStaticMesh: Built static mesh [0.01s] /Game/Char_Duek/gi.gi
[2017.09.21-08.58.54:333][  0]LogTexture:Display: 텍스처 빌드중: ThumbnailTexture (DXT1, 512X512) - 41 MB 총 VRAM
[2017.09.21-08.58.54:646][  0]LogAnimationCompression: Building Anim DDC data for AnimSequence /Game/Char_Gasman/gasman_throw_Anim.gasman_throw_Anim
[2017.09.21-08.58.54:745][  0]LogMaterial: Missing cached shader map for material M_Add_Sprite_Master_DepthFade, compiling. 
[2017.09.21-08.58.54:746][  0]LogTemp:Display: Added material ShaderMap 0x000001DFD4C22780 with Material 0x000001DFD1869480 to ShaderMapsBeingCompiled
[2017.09.21-08.58.54:769][  0]LogTemp:Display: Kicking off shader compilation for M_Add_Sprite_Master_DepthFade, GameThreadShaderMap 0x000001DFD4C22780
[2017.09.21-08.58.54:868][  0]LogTexture:Display: 텍스처 빌드중: T_Fireball_02_SubUV_4_4 (AutoDXT, 512X512) - 41 MB 총 VRAM
[2017.09.21-08.58.55:228][  0]LogTexture:Display: 텍스처 빌드중: duek_material1 (AutoDXT, 1024X1024) - 41 MB 총 VRAM
[2017.09.21-08.58.55:557][  0]LogTexture:Display: 텍스처 빌드중: duek_skill2 (AutoDXT, 400X400) - 41 MB 총 VRAM
[2017.09.21-08.58.55:654][  0]LogStaticMesh: SM_SwipeCircle_01 스태틱 메시 빌드중...
[2017.09.21-08.58.55:654][  0]LogMeshUtilities: Invalid vertex normals found for mesh. Forcing recomputation of vertex normals for MikkTSpace. Fix mesh or disable "Use MikkTSpace Tangent Space" to avoid forced recomputation of normals.
[2017.09.21-08.58.55:656][  0]LogStaticMesh: Built static mesh [0.03s] /Game/InfinityBladeEffects/Effects/FX_Meshes/Skills/SM_SwipeCircle_01.SM_SwipeCircle_01
[2017.09.21-08.58.56:032][  0]LogMaterial: Missing cached shader map for material M_Radius_Glow, compiling. 
[2017.09.21-08.58.56:033][  0]LogTemp:Display: Added material ShaderMap 0x000001DFD5B43580 with Material 0x000001DFC9BBBE80 to ShaderMapsBeingCompiled
[2017.09.21-08.58.56:057][  0]LogTemp:Display: Kicking off shader compilation for M_Radius_Glow, GameThreadShaderMap 0x000001DFD5B43580
[2017.09.21-08.58.56:226][  0]LogAudioDerivedData:Display: OGG 압축 오디오 포맷 Dariexplosion 웨이브 빌드중...
[2017.09.21-08.58.56:335][  0]LogTexture:Display: 텍스처 빌드중: Gasman_illu (AutoDXT, 512X1024) - 53 MB 총 VRAM
[2017.09.21-08.58.56:711][  0]LogStaticMesh: SM_AuraCircle_03_Twist 스태틱 메시 빌드중...
[2017.09.21-08.58.56:712][  0]LogMeshUtilities: Invalid vertex normals found for mesh. Forcing recomputation of vertex normals for MikkTSpace. Fix mesh or disable "Use MikkTSpace Tangent Space" to avoid forced recomputation of normals.
[2017.09.21-08.58.56:715][  0]LogStaticMesh: Built static mesh [0.00s] /Game/InfinityBladeEffects/Effects/FX_Meshes/Skills/SM_AuraCircle_03_Twist.SM_AuraCircle_03_Twist
[2017.09.21-08.58.56:909][  0]LogTexture:Display: 텍스처 빌드중: T_AuraCircle_TileHoriz (AutoDXT, 1024X1024) - 58 MB 총 VRAM
[2017.09.21-08.58.57:664][  0]LogTexture:Display: 텍스처 빌드중: ThumbnailTexture (DXT1, 512X512) - 58 MB 총 VRAM
[2017.09.21-08.58.57:838][  0]LogMaterial: Missing cached shader map for material default, compiling. 
[2017.09.21-08.58.57:840][  0]LogTemp:Display: Added material ShaderMap 0x000001DFD31F6400 with Material 0x000001DFCF124400 to ShaderMapsBeingCompiled
[2017.09.21-08.58.57:889][  0]LogTemp:Display: Kicking off shader compilation for default, GameThreadShaderMap 0x000001DFD31F6400
[2017.09.21-08.58.57:934][  0]LogMaterial: Missing cached shader map for material Beakable_Master_MeshEmit, compiling. 
[2017.09.21-08.58.57:935][  0]LogTemp:Display: Added material ShaderMap 0x000001DFDB866400 with Material 0x000001DFD107B700 to ShaderMapsBeingCompiled
[2017.09.21-08.58.58:028][  0]LogTemp:Display: Kicking off shader compilation for Beakable_Master_MeshEmit, GameThreadShaderMap 0x000001DFDB866400
[2017.09.21-08.58.58:274][  0]LogInit:Display: Game Engine Initialized.
[2017.09.21-08.58.59:059][  0]LogInit:Display: Starting Game.
[2017.09.21-08.58.59:059][  0]LogNet: Browse: /Game/Map/Main?Name=Player
[2017.09.21-08.58.59:060][  0]LogLoad: LoadMap: /Game/Map/Main?Name=Player
[2017.09.21-08.58.59:234][  0]LogMemory: Platform Memory Stats for Windows
[2017.09.21-08.58.59:234][  0]LogMemory: Process Physical Memory: 1030.08 MB used, 1106.09 MB peak
[2017.09.21-08.58.59:234][  0]LogMemory: Process Virtual Memory: 1068.28 MB used, 1068.29 MB peak
[2017.09.21-08.58.59:234][  0]LogMemory: Physical Memory: 5234.52 MB used,  6975.35 MB free, 12209.86 MB total
[2017.09.21-08.58.59:234][  0]LogMemory: Virtual Memory: 1736.69 MB used,  6975.35 MB free, 134217728.00 MB total
[2017.09.21-08.58.59:234][  0]LogMemory: 
[2017.09.21-08.58.59:234][  0]Allocator Stats for TBB: (not implemented)
[2017.09.21-08.58.59:502][  0]LogTexture:Display: 텍스처 빌드중: LQ_Lightmap_1_1 (DXT1, 256X256) - 58 MB 총 VRAM
[2017.09.21-08.59.00:126][  0]LogAIModule: Creating AISystem for world Main
[2017.09.21-08.59.00:127][  0]LogLoad: Game class is 'pregame_C'
[2017.09.21-08.59.00:130][  0]LogTemp:Display: Finished compile of shader map 0x000001DFC16E3C80
[2017.09.21-08.59.00:130][  0]LogTemp:Display: Shader map VertexColorViewMode_GreenOnly complete, GameThreadShaderMap 0x000001DFC16E3C80, marking material VertexColorViewMode_GreenOnly as finished
[2017.09.21-08.59.00:130][  0]LogTemp:Display: Marking material as finished 0x000001DFC16DF880
[2017.09.21-08.59.00:134][  0]LogTemp:Display: Finished compile of shader map 0x000001DFBC1C4100
[2017.09.21-08.59.00:134][  0]LogTemp:Display: Shader map Widget3DPassThrough complete, GameThreadShaderMap 0x000001DFBC1C4100, marking material Widget3DPassThrough as finished
[2017.09.21-08.59.00:134][  0]LogTemp:Display: Marking material as finished 0x000001DFBD957E80
[2017.09.21-08.59.00:139][  0]LogTemp:Display: Finished compile of shader map 0x000001DFBD7F4F00
[2017.09.21-08.59.00:139][  0]LogTemp:Display: Shader map TranslucentTransformGizmoMaterial complete, GameThreadShaderMap 0x000001DFBD7F4F00, marking material TranslucentTransformGizmoMaterial as finished
[2017.09.21-08.59.00:139][  0]LogTemp:Display: Marking material as finished 0x000001DFBD7DFA00
[2017.09.21-08.59.00:148][  0]LogTemp:Display: Finished compile of shader map 0x000001DFBED42B00
[2017.09.21-08.59.00:148][  0]LogTemp:Display: Shader map M_SimpleTranslucent complete, GameThreadShaderMap 0x000001DFBED42B00, marking material M_SimpleTranslucent as finished
[2017.09.21-08.59.00:148][  0]LogTemp:Display: Marking material as finished 0x000001DFBED44880
[2017.09.21-08.59.00:163][  0]LogTemp:Display: Finished compile of shader map 0x000001DFC9962080
[2017.09.21-08.59.00:163][  0]LogTemp:Display: Shader map M_InvalidLightmapSettings complete, GameThreadShaderMap 0x000001DFC9962080, marking material M_InvalidLightmapSettings as finished
[2017.09.21-08.59.00:163][  0]LogTemp:Display: Marking material as finished 0x000001DFC9955C00
[2017.09.21-08.59.00:170][  0]LogTemp:Display: Finished compile of shader map 0x000001DFBA6F9280
[2017.09.21-08.59.00:170][  0]LogTemp:Display: Shader map CustomStencil complete, GameThreadShaderMap 0x000001DFBA6F9280, marking material CustomStencil as finished
[2017.09.21-08.59.00:170][  0]LogTemp:Display: Marking material as finished 0x000001DFCA3E3A00
[2017.09.21-08.59.00:173][  0]LogTemp:Display: Finished compile of shader map 0x000001DFCA0F6E80
[2017.09.21-08.59.00:173][  0]LogTemp:Display: Shader map Roughness complete, GameThreadShaderMap 0x000001DFCA0F6E80, marking material Roughness as finished
[2017.09.21-08.59.00:173][  0]LogTemp:Display: Marking material as finished 0x000001DFCA112980
[2017.09.21-08.59.00:180][  0]LogTemp:Display: Finished compile of shader map 0x000001DFB60F2080
[2017.09.21-08.59.00:180][  0]LogTemp:Display: Shader map M_Add_Sprite_SubUV_Master complete, GameThreadShaderMap 0x000001DFB60F2080, marking material M_Add_Sprite_SubUV_Master as finished
[2017.09.21-08.59.00:180][  0]LogTemp:Display: Marking material as finished 0x000001DFD0C47A00
[2017.09.21-08.59.00:187][  0]LogTemp:Display: Finished compile of shader map 0x000001DFD4C22780
[2017.09.21-08.59.00:187][  0]LogTemp:Display: Shader map M_Add_Sprite_Master_DepthFade complete, GameThreadShaderMap 0x000001DFD4C22780, marking material M_Add_Sprite_Master_DepthFade as finished
[2017.09.21-08.59.00:187][  0]LogTemp:Display: Marking material as finished 0x000001DFD1869480
[2017.09.21-08.59.00:193][  0]LogWorld: Bringing World /Game/Map/Main.Main up for play (max tick rate 0) at 2017.09.21-17.59.00
[2017.09.21-08.59.00:194][  0]LogWorld: Bringing up level for play took: 0.002624
[2017.09.21-08.59.00:196][  0]LogSpawn:Warning: SpawnActor failed because no class was specified
[2017.09.21-08.59.00:196][  0]LogGameMode:Display: Match State Changed from EnteringMap to WaitingToStart
[2017.09.21-08.59.00:196][  0]LogGameState: Match State Changed from EnteringMap to WaitingToStart
[2017.09.21-08.59.00:196][  0]LogGameMode:Display: Match State Changed from WaitingToStart to InProgress
[2017.09.21-08.59.00:241][  0]r.SetRes = "1600x900"
[2017.09.21-08.59.00:242][  0]LogBlueprintUserMessages: [Main_C_0] 1.0
[2017.09.21-08.59.00:242][  0]LogGameState: Match State Changed from WaitingToStart to InProgress
[2017.09.21-08.59.00:242][  0]LogLoad: Took 1.182403 seconds to LoadMap(/Game/Map/Main)
[2017.09.21-08.59.00:286][  0]LogSlate: Took 0.041732 seconds to synchronously load lazily loaded font '../../../Engine/Content/Slate/Fonts/NanumGothic.ttf' (4243K)
[2017.09.21-08.59.00:436][  0]LogRenderer: Reallocating scene render targets to support 1600x900 NumSamples 1 (Frame:2).
[2017.09.21-08.59.01:492][  0]LogLoad: (Engine Initialization) Total time: 63.13 seconds
[2017.09.21-08.59.01:492][  0]LogLoad: (Engine Initialization) Total Blueprint compile time: 1.98 seconds
[2017.09.21-08.59.01:492][  0]LogExternalProfiler: Found external profiler: VSPerf
[2017.09.21-08.59.01:492][  0]LogExternalProfiler: Using external profiler: VSPerf
[2017.09.21-08.59.01:515][  0]LogOcInput: OculusInput pre-init called
[2017.09.21-08.59.01:524][  0]LogTemp:Display: Finished compile of shader map 0x000001DFD5B43580
[2017.09.21-08.59.01:524][  0]LogTemp:Display: Shader map M_Radius_Glow complete, GameThreadShaderMap 0x000001DFD5B43580, marking material M_Radius_Glow as finished
[2017.09.21-08.59.01:524][  0]LogTemp:Display: Marking material as finished 0x000001DFC9BBBE80
[2017.09.21-08.59.02:004][ 22]LogAudio:Warning: Detected orphaned looping sound '메인화면'.
[2017.09.21-08.59.03:650][122]LogTemp:Display: Finished compile of shader map 0x000001DFD31F6400
[2017.09.21-08.59.03:650][122]LogTemp:Display: Shader map default complete, GameThreadShaderMap 0x000001DFD31F6400, marking material default as finished
[2017.09.21-08.59.03:650][122]LogTemp:Display: Marking material as finished 0x000001DFCF124400
[2017.09.21-08.59.07:576][365]LogTemp:Display: Finished compile of shader map 0x000001DFDB866400
[2017.09.21-08.59.07:576][365]LogTemp:Display: Shader map Beakable_Master_MeshEmit complete, GameThreadShaderMap 0x000001DFDB866400, marking material Beakable_Master_MeshEmit as finished
[2017.09.21-08.59.07:576][365]LogTemp:Display: Marking material as finished 0x000001DFD107B700
[2017.09.21-08.59.09:584][490]LogNetVersion: GetLocalNetworkVersion: CL: 3299760, ProjectName: unnamed, ProjectVersion: 1.0.0.0, EngineNetworkVersion: 2, GameNetworkVersion: 0, NetworkChecksum: 2893060150
[2017.09.21-08.59.13:856][517]LogPackageName: SearchForPackageOnDisk took   2.910s to resolve stage.umap.
[2017.09.21-08.59.13:857][517]LogGameMode:Display: Match State Changed from InProgress to LeavingMap
[2017.09.21-08.59.13:857][517]LogGameState: Match State Changed from InProgress to LeavingMap
[2017.09.21-08.59.14:051][517]LogPackageName: SearchForPackageOnDisk took   0.193s to resolve stage.umap.
[2017.09.21-08.59.14:051][517]LogNet: Browse: /Game/Map/stage?listen
[2017.09.21-08.59.14:051][517]LogLoad: LoadMap: /Game/Map/stage?listen
[2017.09.21-08.59.14:078][517]LogMemory: Platform Memory Stats for Windows
[2017.09.21-08.59.14:078][517]LogMemory: Process Physical Memory: 982.54 MB used, 1106.09 MB peak
[2017.09.21-08.59.14:078][517]LogMemory: Process Virtual Memory: 1212.37 MB used, 1354.55 MB peak
[2017.09.21-08.59.14:078][517]LogMemory: Physical Memory: 5034.93 MB used,  7174.94 MB free, 12209.86 MB total
[2017.09.21-08.59.14:078][517]LogMemory: Virtual Memory: 2018.42 MB used,  7174.94 MB free, 134217728.00 MB total
[2017.09.21-08.59.14:078][517]LogMemory: 
[2017.09.21-08.59.14:078][517]Allocator Stats for TBB: (not implemented)
[2017.09.21-08.59.40:807][517]LogPackageName:Warning: String asset reference "FX_Meshes.UI.SM_SelectionMesh_01" is in short form, which is unsupported and -- even if valid -- resolving it will be really slow.
[2017.09.21-08.59.40:807][517]LogPackageName:Warning: Please consider resaving package in order to speed-up loading.
[2017.09.21-08.59.41:044][517]LogPackageName: SearchForPackageOnDisk took   0.236s, but failed to resolve FX_Meshes.
[2017.09.21-08.59.41:044][517]LogPackageName:Warning: String asset reference "FX_Meshes.UI.SM_SelectionMesh_01" could not be resolved.
[2017.09.21-08.59.43:358][517]LogTexture:Display: 텍스처 빌드중: grass_nomal (BC5, 256X256) - 65 MB 총 VRAM
[2017.09.21-08.59.43:624][517]LogTexture:Display: 텍스처 빌드중: HQ_Lightmap0_1 (AutoDXT, 1024X1024) - 68 MB 총 VRAM
[2017.09.21-08.59.44:042][517]LogTexture:Display: 텍스처 빌드중: HQ_Lightmap0_4 (AutoDXT, 1024X1024) - 68 MB 총 VRAM
[2017.09.21-08.59.44:497][517]LogTexture:Display: 텍스처 빌드중: HQ_Lightmap0_6 (AutoDXT, 1024X1024) - 68 MB 총 VRAM
[2017.09.21-08.59.44:814][517]LogTexture:Display: 텍스처 빌드중: LQ_Lightmap_0_1 (DXT1, 1024X1024) - 68 MB 총 VRAM
[2017.09.21-08.59.45:220][517]LogTexture:Display: 텍스처 빌드중: LQ_Lightmap_0_3 (DXT1, 1024X1024) - 68 MB 총 VRAM
[2017.09.21-08.59.45:426][517]LogTexture:Display: 텍스처 빌드중: LQ_Lightmap_0_5 (DXT1, 512X512) - 68 MB 총 VRAM
[2017.09.21-08.59.45:553][517]LogTexture:Display: 텍스처 빌드중: LQ_Lightmap_0_8 (DXT1, 256X256) - 68 MB 총 VRAM
[2017.09.21-08.59.45:609][517]LogTexture:Display: 텍스처 빌드중: LQ_Lightmap_0_9 (DXT1, 512X512) - 68 MB 총 VRAM
[2017.09.21-08.59.46:552][517]LogTexture:Display: 텍스처 빌드중: SkyOcclusion0_4 (AutoDXT, 1024X512) - 68 MB 총 VRAM
[2017.09.21-08.59.46:999][517]LogTexture:Display: 텍스처 빌드중: SkyOcclusion0_6 (AutoDXT, 1024X512) - 68 MB 총 VRAM
[2017.09.21-08.59.47:136][517]LogTexture:Display: 텍스처 빌드중: SkyOcclusion0_7 (AutoDXT, 256X128) - 68 MB 총 VRAM
[2017.09.21-08.59.47:670][517]LogTexture:Display: 텍스처 빌드중: ShadowMapTexture2D_0 (G8, 1024X1024) - 68 MB 총 VRAM
[2017.09.21-08.59.47:759][517]LogTexture:Display: 텍스처 빌드중: ShadowMapTexture2D_4 (G8, 1024X128) - 68 MB 총 VRAM
[2017.09.21-08.59.47:764][517]LogTexture:Display: 텍스처 빌드중: ShadowMapTexture2D_5 (G8, 1024X128) - 68 MB 총 VRAM
[2017.09.21-08.59.47:770][517]LogTexture:Display: 텍스처 빌드중: T_LightCone (AutoDXT, 256X256) - 68 MB 총 VRAM
[2017.09.21-08.59.47:983][517]LogTexture:Display: 텍스처 빌드중: T_GlowNoise_Circular_02 (AutoDXT, 256X256) - 68 MB 총 VRAM
[2017.09.21-08.59.48:724][517]LogTexture:Display: 텍스처 빌드중: ThumbnailTexture (DXT1, 512X512) - 68 MB 총 VRAM
[2017.09.21-08.59.49:932][517]LogMaterial: Missing cached shader map for material 01_-_Default, compiling. 
[2017.09.21-08.59.49:933][517]LogTemp:Display: Added material ShaderMap 0x000001DFFDE46780 with Material 0x000001DFB886DA80 to ShaderMapsBeingCompiled
[2017.09.21-08.59.49:944][517]LogTemp:Display: Kicking off shader compilation for 01_-_Default, GameThreadShaderMap 0x000001DFFDE46780
[2017.09.21-08.59.50:966][517]LogTexture:Display: 텍스처 빌드중: wolf_nomal (BC5, 2048X2048) - 82 MB 총 VRAM
[2017.09.21-08.59.51:709][517]LogTexture:Display: 텍스처 빌드중: Lambent_Female_D (AutoDXT, 1024X1024) - 82 MB 총 VRAM
[2017.09.21-08.59.52:670][517]LogTexture:Display: 텍스처 빌드중: CashRegister2 (AutoDXT, 720X720) - 86 MB 총 VRAM
[2017.09.21-08.59.54:629][517]LogTexture:Display: 텍스처 빌드중: parasiteZombie_specular (AutoDXT, 2048X2048) - 86 MB 총 VRAM
[2017.09.21-08.59.56:210][517]LogTexture:Display: 텍스처 빌드중: parasiteZombie_normal (BC5, 2048X2048) - 86 MB 총 VRAM
[2017.09.21-08.59.57:241][517]LogAnimationCompression: Building Anim DDC data for AnimSequence /Game/A_rank/A01/A01_ide_Anim_mixamo_com.A01_ide_Anim_mixamo_com
[2017.09.21-08.59.57:266][517]LogAnimationCompression: Building Anim DDC data for AnimSequence /Game/A_rank/A01/A01_attack_Anim_mixamo_com.A01_attack_Anim_mixamo_com
[2017.09.21-08.59.57:456][517]LogTexture:Display: 텍스처 빌드중: w5 (AutoDXT, 512X512) - 96 MB 총 VRAM
[2017.09.21-08.59.57:607][517]LogMaterial: Missing cached shader map for material default_extras_mult, compiling. 
[2017.09.21-08.59.57:608][517]LogTemp:Display: Added material ShaderMap 0x000001DF86235D00 with Material 0x000001DFCDB67400 to ShaderMapsBeingCompiled
[2017.09.21-08.59.57:624][517]LogTemp:Display: Kicking off shader compilation for default_extras_mult, GameThreadShaderMap 0x000001DF86235D00
[2017.09.21-08.59.57:776][517]LogTexture:Display: 텍스처 빌드중: T_JaggedRockFirey_01_D (AutoDXT, 1024X1024) - 98 MB 총 VRAM
[2017.09.21-08.59.58:559][517]LogTexture:Display: 텍스처 빌드중: T_Fire_Lava_2 (AutoDXT, 1024X1024) - 98 MB 총 VRAM
[2017.09.21-08.59.59:286][517]LogMaterial: Missing cached shader map for material M_JaggedRockFire_MeshEmit_Lit, compiling. 
[2017.09.21-08.59.59:287][517]LogTemp:Display: Added material ShaderMap 0x000001DF86EC5980 with Material 0x000001DFBA2DCE80 to ShaderMapsBeingCompiled
[2017.09.21-08.59.59:380][517]LogTemp:Display: Kicking off shader compilation for M_JaggedRockFire_MeshEmit_Lit, GameThreadShaderMap 0x000001DF86EC5980
[2017.09.21-08.59.59:383][517]LogMaterial: Missing cached shader map for material HealAreaMat, compiling. 
[2017.09.21-08.59.59:384][517]LogTemp:Display: Added material ShaderMap 0x000001DF87C6A400 with Material 0x000001DFCC6C6E00 to ShaderMapsBeingCompiled
[2017.09.21-08.59.59:402][517]LogTemp:Display: Kicking off shader compilation for HealAreaMat, GameThreadShaderMap 0x000001DF87C6A400
[2017.09.21-08.59.59:762][517]LogTexture:Display: 텍스처 빌드중: d4dde499 (AutoDXT, 1024X1024) - 98 MB 총 VRAM
[2017.09.21-09.00.00:201][517]LogMaterial: Missing cached shader map for material Material__29353, compiling. 
[2017.09.21-09.00.00:203][517]LogTemp:Display: Added material ShaderMap 0x000001DF87AC5280 with Material 0x000001DFCC313400 to ShaderMapsBeingCompiled
[2017.09.21-09.00.00:226][517]LogTemp:Display: Kicking off shader compilation for Material__29353, GameThreadShaderMap 0x000001DF87AC5280
[2017.09.21-09.00.00:329][517]LogTexture:Display: 텍스처 빌드중: 723323b8 (AutoDXT, 1024X1024) - 98 MB 총 VRAM
[2017.09.21-09.00.01:038][517]LogTexture:Display: 텍스처 빌드중: 9d476543 (AutoDXT, 1024X1024) - 98 MB 총 VRAM
[2017.09.21-09.00.01:450][517]LogTexture:Display: 텍스처 빌드중: 4c36a9fb (AutoDXT, 1024X1024) - 98 MB 총 VRAM
[2017.09.21-09.00.01:807][517]LogMaterial: Missing cached shader map for material s, compiling. 
[2017.09.21-09.00.01:808][517]LogTemp:Display: Added material ShaderMap 0x000001DF88BD6400 with Material 0x000001DFCB733B80 to ShaderMapsBeingCompiled
[2017.09.21-09.00.01:838][517]LogTemp:Display: Kicking off shader compilation for s, GameThreadShaderMap 0x000001DF88BD6400
[2017.09.21-09.00.02:004][517]LogTexture:Display: 텍스처 빌드중: ch2 (AutoDXT, 736X1720) - 98 MB 총 VRAM
[2017.09.21-09.00.04:743][517]LogTexture:Display: 텍스처 빌드중: dr1 (AutoDXT, 1056X1552) - 99 MB 총 VRAM
[2017.09.21-09.00.06:606][517]LogTexture:Display: 텍스처 빌드중: df2 (AutoDXT, 1024X1024) - 99 MB 총 VRAM
[2017.09.21-09.00.08:455][517]LogTexture:Display: 텍스처 빌드중: Medieval_House_Diff (AutoDXT, 4096X4096) - 99 MB 총 VRAM
[2017.09.21-09.00.18:479][517]LogTexture:Display: 텍스처 빌드중: Medieval_House_Nor (BC5, 4096X4096) - 99 MB 총 VRAM
[2017.09.21-09.00.20:399][517]LogTexture:Display: 텍스처 빌드중: 298cc8ae (AutoDXT, 512X512) - 99 MB 총 VRAM
[2017.09.21-09.00.20:658][517]LogMaterial: Missing cached shader map for material LambentFemale, compiling. 
[2017.09.21-09.00.20:659][517]LogTemp:Display: Added material ShaderMap 0x000001DF8C6B9600 with Material 0x000001DFB8758E80 to ShaderMapsBeingCompiled
[2017.09.21-09.00.20:691][517]LogTemp:Display: Kicking off shader compilation for LambentFemale, GameThreadShaderMap 0x000001DF8C6B9600
[2017.09.21-09.00.20:735][517]LogMaterial: Missing cached shader map for material Material__29347, compiling. 
[2017.09.21-09.00.20:737][517]LogTemp:Display: Added material ShaderMap 0x000001DF8470AE80 with Material 0x000001DFCD5B0D00 to ShaderMapsBeingCompiled
[2017.09.21-09.00.20:767][517]LogTemp:Display: Kicking off shader compilation for Material__29347, GameThreadShaderMap 0x000001DF8470AE80
[2017.09.21-09.00.20:825][517]LogMaterial: Missing cached shader map for material Material__29364, compiling. 
[2017.09.21-09.00.20:827][517]LogTemp:Display: Added material ShaderMap 0x000001DF8B60EB00 with Material 0x000001DFCD659A80 to ShaderMapsBeingCompiled
[2017.09.21-09.00.20:854][517]LogTemp:Display: Kicking off shader compilation for Material__29364, GameThreadShaderMap 0x000001DF8B60EB00
[2017.09.21-09.00.21:579][517]LogTexture:Display: 텍스처 빌드중: rf2b (AutoDXT, 1188X2444) - 99 MB 총 VRAM
[2017.09.21-09.00.26:720][517]LogTexture:Display: 텍스처 빌드중: df2 (AutoDXT, 1024X1024) - 102 MB 총 VRAM
[2017.09.21-09.00.27:810][517]LogMaterial: Missing cached shader map for material default_light_mult, compiling. 
[2017.09.21-09.00.27:811][517]LogTemp:Display: Added material ShaderMap 0x000001DF8CBB6780 with Material 0x000001DFCDCFD180 to ShaderMapsBeingCompiled
[2017.09.21-09.00.27:828][517]LogTemp:Display: Kicking off shader compilation for default_light_mult, GameThreadShaderMap 0x000001DF8CBB6780
[2017.09.21-09.00.27:857][517]LogMaterial: Missing cached shader map for material default_wall_front_mult, compiling. 
[2017.09.21-09.00.27:859][517]LogTemp:Display: Added material ShaderMap 0x000001DF8E4E6E80 with Material 0x000001DFCDD14880 to ShaderMapsBeingCompiled
[2017.09.21-09.00.27:884][517]LogTemp:Display: Kicking off shader compilation for default_wall_front_mult, GameThreadShaderMap 0x000001DF8E4E6E80
[2017.09.21-09.00.28:104][517]LogMaterial: Missing cached shader map for material phong4, compiling. 
[2017.09.21-09.00.28:105][517]LogTemp:Display: Added material ShaderMap 0x000001DF8E066B00 with Material 0x000001DFDCCC8100 to ShaderMapsBeingCompiled
[2017.09.21-09.00.28:129][517]LogTemp:Display: Kicking off shader compilation for phong4, GameThreadShaderMap 0x000001DF8E066B00
[2017.09.21-09.00.28:130][517]LogTexture:Display: 텍스처 빌드중: im_plg_farm_metal_02_s (AutoDXT, 128X128) - 112 MB 총 VRAM
[2017.09.21-09.00.28:178][517]LogMaterial: Missing cached shader map for material phong2, compiling. 
[2017.09.21-09.00.28:179][517]LogTemp:Display: Added material ShaderMap 0x000001DF8EC6B580 with Material 0x000001DFDCCCB580 to ShaderMapsBeingCompiled
[2017.09.21-09.00.28:204][517]LogTemp:Display: Kicking off shader compilation for phong2, GameThreadShaderMap 0x000001DF8EC6B580
[2017.09.21-09.00.28:376][517]LogTexture:Display: 텍스처 빌드중: im_plg_farm_container01 (AutoDXT, 256X256) - 112 MB 총 VRAM
[2017.09.21-09.00.28:509][517]LogStaticMesh: zz2 스태틱 메시 빌드중...
[2017.09.21-09.00.28:844][517]LogStaticMesh: Built static mesh [0.34s] /Game/Landscapes/ThirdPersonBP/zz/zz2.zz2
[2017.09.21-09.00.29:015][517]LogMaterial: Missing cached shader map for material Material__2, compiling. 
[2017.09.21-09.00.29:017][517]LogTemp:Display: Added material ShaderMap 0x000001DF906AA400 with Material 0x000001DFCE0ED780 to ShaderMapsBeingCompiled
[2017.09.21-09.00.29:047][517]LogTemp:Display: Kicking off shader compilation for Material__2, GameThreadShaderMap 0x000001DF906AA400
[2017.09.21-09.00.29:095][517]LogTexture:Display: 텍스처 빌드중: im_plg_farm_icicles01im_plg_farm_icicles01_a (AutoDXT, 256X128) - 112 MB 총 VRAM
[2017.09.21-09.00.29:325][517]LogTexture:Display: 텍스처 빌드중: 09c58359 (AutoDXT, 1024X1024) - 113 MB 총 VRAM
[2017.09.21-09.00.29:642][517]LogMaterial: Missing cached shader map for material Material__29345, compiling. 
[2017.09.21-09.00.29:642][517]LogTemp:Display: Added material ShaderMap 0x000001DF9063F900 with Material 0x000001DFCE539000 to ShaderMapsBeingCompiled
[2017.09.21-09.00.29:668][517]LogTemp:Display: Kicking off shader compilation for Material__29345, GameThreadShaderMap 0x000001DF9063F900
[2017.09.21-09.00.29:788][517]LogAnimationCompression: Building Anim DDC data for AnimSequence /Game/B_rank/B01/B01_idle_Anim.B01_idle_Anim
[2017.09.21-09.00.29:997][517]LogTexture:Display: 텍스처 빌드중: heal (AutoDXT, 1024X1024) - 126 MB 총 VRAM
[2017.09.21-09.00.30:925][517]LogTexture:Display: 텍스처 빌드중: KakaoTalk_20161208_203643273 (BGRA8, 1888X4342) - 126 MB 총 VRAM
[2017.09.21-09.00.32:286][517]LogMaterial: Missing cached shader map for material Magazines01, compiling. 
[2017.09.21-09.00.32:288][517]LogTemp:Display: Added material ShaderMap 0x000001DF96296B00 with Material 0x000001DFAEB37700 to ShaderMapsBeingCompiled
[2017.09.21-09.00.32:336][517]LogTemp:Display: Kicking off shader compilation for Magazines01, GameThreadShaderMap 0x000001DF96296B00
[2017.09.21-09.00.32:474][517]LogMaterial: Missing cached shader map for material CardBoard, compiling. 
[2017.09.21-09.00.32:475][517]LogTemp:Display: Added material ShaderMap 0x000001E002574B80 with Material 0x000001DFBAC4F700 to ShaderMapsBeingCompiled
[2017.09.21-09.00.32:502][517]LogTemp:Display: Kicking off shader compilation for CardBoard, GameThreadShaderMap 0x000001E002574B80
[2017.09.21-09.00.32:603][517]LogMaterial: Missing cached shader map for material DecoMetal02, compiling. 
[2017.09.21-09.00.32:604][517]LogTemp:Display: Added material ShaderMap 0x000001E00237FC80 with Material 0x000001DFD3F15F00 to ShaderMapsBeingCompiled
[2017.09.21-09.00.32:637][517]LogTemp:Display: Kicking off shader compilation for DecoMetal02, GameThreadShaderMap 0x000001E00237FC80
[2017.09.21-09.00.32:637][517]LogAnimationCompression: Building Anim DDC data for AnimSequence /Game/B_rank/B01/B01_run_Anim.B01_run_Anim
[2017.09.21-09.00.33:138][517]LogMaterial: Missing cached shader map for material M_Fire_SubUV, compiling. 
[2017.09.21-09.00.33:139][517]LogTemp:Display: Added material ShaderMap 0x000001E003CBB200 with Material 0x000001DFF44AD300 to ShaderMapsBeingCompiled
[2017.09.21-09.00.33:165][517]LogTemp:Display: Kicking off shader compilation for M_Fire_SubUV, GameThreadShaderMap 0x000001E003CBB200
[2017.09.21-09.00.33:167][517]LogMaterial: Missing cached shader map for material M_Heat_Distortion, compiling. 
[2017.09.21-09.00.33:168][517]LogTemp:Display: Added material ShaderMap 0x000001E003866E80 with Material 0x000001DFF44AF700 to ShaderMapsBeingCompiled
[2017.09.21-09.00.33:199][517]LogTemp:Display: Kicking off shader compilation for M_Heat_Distortion, GameThreadShaderMap 0x000001E003866E80
[2017.09.21-09.00.36:779][517]LogTexture:Display: 텍스처 빌드중: v2 (AutoDXT, 1024X1024) - 176 MB 총 VRAM
[2017.09.21-09.00.37:713][517]LogTexture:Display: 텍스처 빌드중: xz (AutoDXT, 1024X1024) - 176 MB 총 VRAM
[2017.09.21-09.00.38:713][517]LogTexture:Display: 텍스처 빌드중: Steel_Panel_12_H_CM_1 (AutoDXT, 1024X1024) - 176 MB 총 VRAM
[2017.09.21-09.00.39:698][517]LogTexture:Display: 텍스처 빌드중: Texture2D_6 (BGRA8, 64X64) - 179 MB 총 VRAM
[2017.09.21-09.00.40:203][517]LogTexture:Display: 텍스처 빌드중: Texture2D_5 (BGRA8, 64X64) - 179 MB 총 VRAM
[2017.09.21-09.00.40:214][517]LogTexture:Display: 텍스처 빌드중: Texture2D_13 (BGRA8, 64X64) - 179 MB 총 VRAM
[2017.09.21-09.00.40:217][517]LogTexture:Display: 텍스처 빌드중: Texture2D_34 (BGRA8, 64X64) - 179 MB 총 VRAM
[2017.09.21-09.00.40:726][517]LogTexture:Display: 텍스처 빌드중: Labels05 (BGRA8, 972X258) - 191 MB 총 VRAM
[2017.09.21-09.00.41:157][517]LogTexture:Display: 텍스처 빌드중: c (AutoDXT, 1024X1024) - 195 MB 총 VRAM
[2017.09.21-09.00.41:896][517]LogTexture:Display: 텍스처 빌드중: KakaoTalk_20161208_210321901 (AutoDXT, 1024X1024) - 207 MB 총 VRAM
[2017.09.21-09.00.49:289][517]LogTexture:Display: 텍스처 빌드중: KakaoTalk_20161208_203643273 (BGRA8, 1888X4342) - 207 MB 총 VRAM
[2017.09.21-09.00.50:938][517]LogMaterial: Missing cached shader map for material g_Mat, compiling. 
[2017.09.21-09.00.50:940][517]LogTemp:Display: Added material ShaderMap 0x000001E00A195600 with Material 0x000001DFEF069F00 to ShaderMapsBeingCompiled
[2017.09.21-09.00.50:978][517]LogTemp:Display: Kicking off shader compilation for g_Mat, GameThreadShaderMap 0x000001E00A195600
[2017.09.21-09.00.51:197][517]LogTexture:Display: 텍스처 빌드중: ornament_grey (AutoDXT, 1024X1024) - 239 MB 총 VRAM
[2017.09.21-09.00.51:706][517]LogTexture:Display: 텍스처 빌드중: mauerbruchstuecke (AutoDXT, 512X512) - 240 MB 총 VRAM
[2017.09.21-09.00.52:063][517]LogTexture:Display: 텍스처 빌드중: lambert16SG_broke (AutoDXT, 512X512) - 240 MB 총 VRAM
[2017.09.21-09.00.52:395][517]LogTexture:Display: 텍스처 빌드중: lambert25G (AutoDXT, 1024X1024) - 240 MB 총 VRAM
[2017.09.21-09.00.53:068][517]LogMaterial: Missing cached shader map for material roof_RidgeChimney_3, compiling. 
[2017.09.21-09.00.53:069][517]LogTemp:Display: Added material ShaderMap 0x000001E00A16AB00 with Material 0x000001DFF38A1300 to ShaderMapsBeingCompiled
[2017.09.21-09.00.53:090][517]LogTemp:Display: Kicking off shader compilation for roof_RidgeChimney_3, GameThreadShaderMap 0x000001E00A16AB00
[2017.09.21-09.00.53:093][517]LogMaterial: Missing cached shader map for material lambert11SG, compiling. 
[2017.09.21-09.00.53:093][517]LogTemp:Display: Added material ShaderMap 0x000001DF93D8C100 with Material 0x000001DFF38A2E00 to ShaderMapsBeingCompiled
[2017.09.21-09.00.53:123][517]LogTemp:Display: Kicking off shader compilation for lambert11SG, GameThreadShaderMap 0x000001DF93D8C100
[2017.09.21-09.00.53:216][517]LogTexture:Display: 텍스처 빌드중: 6b696b5f_N (BC5, 512X512) - 240 MB 총 VRAM
[2017.09.21-09.00.53:301][517]LogTexture:Display: 텍스처 빌드중: 0a565e37_D (AutoDXT, 512X512) - 240 MB 총 VRAM
[2017.09.21-09.00.53:418][517]LogMaterial: Missing cached shader map for material Material__10175, compiling. 
[2017.09.21-09.00.53:419][517]LogTemp:Display: Added material ShaderMap 0x000001E00F64D980 with Material 0x000001DFF3CA5300 to ShaderMapsBeingCompiled
[2017.09.21-09.00.53:449][517]LogTemp:Display: Kicking off shader compilation for Material__10175, GameThreadShaderMap 0x000001E00F64D980
[2017.09.21-09.00.53:453][517]LogMaterial: Missing cached shader map for material Material__73, compiling. 
[2017.09.21-09.00.53:454][517]LogTemp:Display: Added material ShaderMap 0x000001E00F49EB00 with Material 0x000001DFF3CA6E00 to ShaderMapsBeingCompiled
[2017.09.21-09.00.53:480][517]LogTemp:Display: Kicking off shader compilation for Material__73, GameThreadShaderMap 0x000001E00F49EB00
[2017.09.21-09.00.53:580][517]LogMaterial: Missing cached shader map for material NewHOUSE2_VIGA, compiling. 
[2017.09.21-09.00.53:582][517]LogTemp:Display: Added material ShaderMap 0x000001DFE279D600 with Material 0x000001DFF4052F80 to ShaderMapsBeingCompiled
[2017.09.21-09.00.53:612][517]LogTemp:Display: Kicking off shader compilation for NewHOUSE2_VIGA, GameThreadShaderMap 0x000001DFE279D600
[2017.09.21-09.00.53:803][517]LogTexture:Display: 텍스처 빌드중: tdum04_mipmap (AutoDXT, 256X1024) - 241 MB 총 VRAM
[2017.09.21-09.00.54:068][517]LogTexture:Display: 텍스처 빌드중: 9f81e24b_D (AutoDXT, 256X128) - 241 MB 총 VRAM
[2017.09.21-09.00.54:157][517]LogTexture:Display: 텍스처 빌드중: c9e42ec2_N (BC5, 512X512) - 241 MB 총 VRAM
[2017.09.21-09.00.54:219][517]LogTexture:Display: 텍스처 빌드중: 864a5b16_N (BC5, 256X256) - 241 MB 총 VRAM
[2017.09.21-09.00.54:263][517]LogTexture:Display: 텍스처 빌드중: 664a2ae5_N (BC5, 256X256) - 241 MB 총 VRAM
[2017.09.21-09.00.54:339][517]LogTexture:Display: 텍스처 빌드중: c4a08185_N (BC5, 256X256) - 241 MB 총 VRAM
[2017.09.21-09.00.54:435][517]LogMaterial: Missing cached shader map for material Material__7066, compiling. 
[2017.09.21-09.00.54:436][517]LogTemp:Display: Added material ShaderMap 0x000001E013C3AB00 with Material 0x000001DFF4435D80 to ShaderMapsBeingCompiled
[2017.09.21-09.00.54:470][517]LogTemp:Display: Kicking off shader compilation for Material__7066, GameThreadShaderMap 0x000001E013C3AB00
[2017.09.21-09.00.54:488][517]LogMaterial: Missing cached shader map for material Material__7068, compiling. 
[2017.09.21-09.00.54:489][517]LogTemp:Display: Added material ShaderMap 0x000001E013842E80 with Material 0x000001DFF4451000 to ShaderMapsBeingCompiled
[2017.09.21-09.00.54:517][517]LogTemp:Display: Kicking off shader compilation for Material__7068, GameThreadShaderMap 0x000001E013842E80
[2017.09.21-09.00.54:569][517]LogTexture:Display: 텍스처 빌드중: 759c01e4_N (BC5, 512X512) - 241 MB 총 VRAM
[2017.09.21-09.00.54:615][517]LogTexture:Display: 텍스처 빌드중: 759c01e4_A (AutoDXT, 512X512) - 241 MB 총 VRAM
[2017.09.21-09.00.54:699][517]LogTexture:Display: 텍스처 빌드중: a01a2079_N (BC5, 512X512) - 241 MB 총 VRAM
[2017.09.21-09.00.54:772][517]LogTexture:Display: 텍스처 빌드중: 94c4c395_N (BC5, 512X512) - 241 MB 총 VRAM
[2017.09.21-09.00.54:845][517]LogTexture:Display: 텍스처 빌드중: 0baf2f41_D (AutoDXT, 512X512) - 241 MB 총 VRAM
[2017.09.21-09.00.54:964][517]LogTexture:Display: 텍스처 빌드중: 0d2f8d10_D (AutoDXT, 512X512) - 241 MB 총 VRAM
[2017.09.21-09.00.55:055][517]LogMaterial: Missing cached shader map for material Material__7046, compiling. 
[2017.09.21-09.00.55:057][517]LogTemp:Display: Added material ShaderMap 0x000001E013424480 with Material 0x000001DFF4462380 to ShaderMapsBeingCompiled
[2017.09.21-09.00.55:089][517]LogTemp:Display: Kicking off shader compilation for Material__7046, GameThreadShaderMap 0x000001E013424480
[2017.09.21-09.00.55:268][517]LogTexture:Display: 텍스처 빌드중: 352b8583_D (AutoDXT, 512X512) - 241 MB 총 VRAM
[2017.09.21-09.00.55:357][517]LogTexture:Display: 텍스처 빌드중: 352b8583_N (BC5, 256X256) - 241 MB 총 VRAM
[2017.09.21-09.00.55:518][517]LogTexture:Display: 텍스처 빌드중: 8093dee6_D (AutoDXT, 512X512) - 241 MB 총 VRAM
[2017.09.21-09.00.55:766][517]LogTexture:Display: 텍스처 빌드중: 7a827382_N (BC5, 512X512) - 241 MB 총 VRAM
[2017.09.21-09.00.55:877][517]LogTexture:Display: 텍스처 빌드중: 6b696b5f_N (BC5, 512X512) - 241 MB 총 VRAM
[2017.09.21-09.00.55:990][517]LogTexture:Display: 텍스처 빌드중: 7e99f826_D (AutoDXT, 1024X1024) - 241 MB 총 VRAM
[2017.09.21-09.00.56:825][517]LogTexture:Display: 텍스처 빌드중: a97ad49c_N (BC5, 512X512) - 241 MB 총 VRAM
[2017.09.21-09.00.56:922][517]LogTexture:Display: 텍스처 빌드중: a6efff0b_D (AutoDXT, 512X512) - 241 MB 총 VRAM
[2017.09.21-09.00.57:050][517]LogAIModule: Creating AISystem for world stage
[2017.09.21-09.00.57:051][517]LogLoad: Game class is 'MyGameMode_C'
[2017.09.21-09.00.57:072][517]LogNet:Display: SteamNetDriver_0 bound to port 7777
[2017.09.21-09.00.57:073][517]PacketHandlerLog: Loaded PacketHandler component: Engine.EngineHandlerComponentFactory (StatelessConnectHandlerComponent)
[2017.09.21-09.00.57:081][517]LogNet: GameNetDriver SteamNetDriver_0 IpNetDriver listening on port 7777
[2017.09.21-09.00.57:088][517]LogTemp:Display: Finished compile of shader map 0x000001DF87C6A400
[2017.09.21-09.00.57:088][517]LogTemp:Display: Shader map HealAreaMat complete, GameThreadShaderMap 0x000001DF87C6A400, marking material HealAreaMat as finished
[2017.09.21-09.00.57:088][517]LogTemp:Display: Marking material as finished 0x000001DFCC6C6E00
[2017.09.21-09.00.57:094][517]LogTemp:Display: Finished compile of shader map 0x000001DF87AC5280
[2017.09.21-09.00.57:094][517]LogTemp:Display: Shader map Material__29353 complete, GameThreadShaderMap 0x000001DF87AC5280, marking material Material__29353 as finished
[2017.09.21-09.00.57:094][517]LogTemp:Display: Marking material as finished 0x000001DFCC313400
[2017.09.21-09.00.57:101][517]LogTemp:Display: Finished compile of shader map 0x000001DF88BD6400
[2017.09.21-09.00.57:101][517]LogTemp:Display: Shader map s complete, GameThreadShaderMap 0x000001DF88BD6400, marking material s as finished
[2017.09.21-09.00.57:101][517]LogTemp:Display: Marking material as finished 0x000001DFCB733B80
[2017.09.21-09.00.57:110][517]LogTemp:Display: Finished compile of shader map 0x000001DF8C6B9600
[2017.09.21-09.00.57:111][517]LogTemp:Display: Shader map LambentFemale complete, GameThreadShaderMap 0x000001DF8C6B9600, marking material LambentFemale as finished
[2017.09.21-09.00.57:111][517]LogTemp:Display: Marking material as finished 0x000001DFB8758E80
[2017.09.21-09.00.57:121][517]LogTemp:Display: Finished compile of shader map 0x000001DF8470AE80
[2017.09.21-09.00.57:121][517]LogTemp:Display: Shader map Material__29347 complete, GameThreadShaderMap 0x000001DF8470AE80, marking material Material__29347 as finished
[2017.09.21-09.00.57:121][517]LogTemp:Display: Marking material as finished 0x000001DFCD5B0D00
[2017.09.21-09.00.57:129][517]LogTemp:Display: Finished compile of shader map 0x000001DF8B60EB00
[2017.09.21-09.00.57:129][517]LogTemp:Display: Shader map Material__29364 complete, GameThreadShaderMap 0x000001DF8B60EB00, marking material Material__29364 as finished
[2017.09.21-09.00.57:129][517]LogTemp:Display: Marking material as finished 0x000001DFCD659A80
[2017.09.21-09.00.57:138][517]LogTemp:Display: Finished compile of shader map 0x000001DF8CBB6780
[2017.09.21-09.00.57:138][517]LogTemp:Display: Shader map default_light_mult complete, GameThreadShaderMap 0x000001DF8CBB6780, marking material default_light_mult as finished
[2017.09.21-09.00.57:138][517]LogTemp:Display: Marking material as finished 0x000001DFCDCFD180
[2017.09.21-09.00.57:147][517]LogTemp:Display: Finished compile of shader map 0x000001DF8E4E6E80
[2017.09.21-09.00.57:148][517]LogTemp:Display: Shader map default_wall_front_mult complete, GameThreadShaderMap 0x000001DF8E4E6E80, marking material default_wall_front_mult as finished
[2017.09.21-09.00.57:148][517]LogTemp:Display: Marking material as finished 0x000001DFCDD14880
[2017.09.21-09.00.57:157][517]LogTemp:Display: Finished compile of shader map 0x000001DF8E066B00
[2017.09.21-09.00.57:157][517]LogTemp:Display: Shader map phong4 complete, GameThreadShaderMap 0x000001DF8E066B00, marking material phong4 as finished
[2017.09.21-09.00.57:157][517]LogTemp:Display: Marking material as finished 0x000001DFDCCC8100
[2017.09.21-09.00.57:197][517]LogTemp:Display: Finished compile of shader map 0x000001DF86EC5980
[2017.09.21-09.00.57:197][517]LogTemp:Display: Shader map M_JaggedRockFire_MeshEmit_Lit complete, GameThreadShaderMap 0x000001DF86EC5980, marking material M_JaggedRockFire_MeshEmit_Lit as finished
[2017.09.21-09.00.57:197][517]LogTemp:Display: Marking material as finished 0x000001DFBA2DCE80
[2017.09.21-09.00.57:210][517]LogTemp:Display: Finished compile of shader map 0x000001DF86235D00
[2017.09.21-09.00.57:211][517]LogTemp:Display: Shader map default_extras_mult complete, GameThreadShaderMap 0x000001DF86235D00, marking material default_extras_mult as finished
[2017.09.21-09.00.57:211][517]LogTemp:Display: Marking material as finished 0x000001DFCDB67400
[2017.09.21-09.00.57:216][517]LogTemp:Display: Finished compile of shader map 0x000001DFFDE46780
[2017.09.21-09.00.57:216][517]LogTemp:Display: Shader map 01_-_Default complete, GameThreadShaderMap 0x000001DFFDE46780, marking material 01_-_Default as finished
[2017.09.21-09.00.57:216][517]LogTemp:Display: Marking material as finished 0x000001DFB886DA80
[2017.09.21-09.00.57:225][517]LogTemp:Display: Finished compile of shader map 0x000001DF8EC6B580
[2017.09.21-09.00.57:225][517]LogTemp:Display: Shader map phong2 complete, GameThreadShaderMap 0x000001DF8EC6B580, marking material phong2 as finished
[2017.09.21-09.00.57:225][517]LogTemp:Display: Marking material as finished 0x000001DFDCCCB580
[2017.09.21-09.00.57:232][517]LogTemp:Display: Finished compile of shader map 0x000001DF906AA400
[2017.09.21-09.00.57:232][517]LogTemp:Display: Shader map Material__2 complete, GameThreadShaderMap 0x000001DF906AA400, marking material Material__2 as finished
[2017.09.21-09.00.57:232][517]LogTemp:Display: Marking material as finished 0x000001DFCE0ED780
[2017.09.21-09.00.57:240][517]LogTemp:Display: Finished compile of shader map 0x000001DF9063F900
[2017.09.21-09.00.57:240][517]LogTemp:Display: Shader map Material__29345 complete, GameThreadShaderMap 0x000001DF9063F900, marking material Material__29345 as finished
[2017.09.21-09.00.57:240][517]LogTemp:Display: Marking material as finished 0x000001DFCE539000
[2017.09.21-09.00.57:249][517]LogTemp:Display: Finished compile of shader map 0x000001DF96296B00
[2017.09.21-09.00.57:249][517]LogTemp:Display: Shader map Magazines01 complete, GameThreadShaderMap 0x000001DF96296B00, marking material Magazines01 as finished
[2017.09.21-09.00.57:249][517]LogTemp:Display: Marking material as finished 0x000001DFAEB37700
[2017.09.21-09.00.57:256][517]LogTemp:Display: Finished compile of shader map 0x000001E002574B80
[2017.09.21-09.00.57:256][517]LogTemp:Display: Shader map CardBoard complete, GameThreadShaderMap 0x000001E002574B80, marking material CardBoard as finished
[2017.09.21-09.00.57:256][517]LogTemp:Display: Marking material as finished 0x000001DFBAC4F700
[2017.09.21-09.00.57:263][517]LogTemp:Display: Finished compile of shader map 0x000001E00237FC80
[2017.09.21-09.00.57:263][517]LogTemp:Display: Shader map DecoMetal02 complete, GameThreadShaderMap 0x000001E00237FC80, marking material DecoMetal02 as finished
[2017.09.21-09.00.57:263][517]LogTemp:Display: Marking material as finished 0x000001DFD3F15F00
[2017.09.21-09.00.57:276][517]LogTemp:Display: Finished compile of shader map 0x000001E003CBB200
[2017.09.21-09.00.57:276][517]LogTemp:Display: Shader map M_Fire_SubUV complete, GameThreadShaderMap 0x000001E003CBB200, marking material M_Fire_SubUV as finished
[2017.09.21-09.00.57:276][517]LogTemp:Display: Marking material as finished 0x000001DFF44AD300
[2017.09.21-09.00.57:295][517]LogTemp:Display: Finished compile of shader map 0x000001E003866E80
[2017.09.21-09.00.57:295][517]LogTemp:Display: Shader map M_Heat_Distortion complete, GameThreadShaderMap 0x000001E003866E80, marking material M_Heat_Distortion as finished
[2017.09.21-09.00.57:295][517]LogTemp:Display: Marking material as finished 0x000001DFF44AF700
[2017.09.21-09.00.57:303][517]LogTemp:Display: Finished compile of shader map 0x000001E00A195600
[2017.09.21-09.00.57:303][517]LogTemp:Display: Shader map g_Mat complete, GameThreadShaderMap 0x000001E00A195600, marking material g_Mat as finished
[2017.09.21-09.00.57:303][517]LogTemp:Display: Marking material as finished 0x000001DFEF069F00
[2017.09.21-09.00.57:310][517]LogTemp:Display: Finished compile of shader map 0x000001E00A16AB00
[2017.09.21-09.00.57:310][517]LogTemp:Display: Shader map roof_RidgeChimney_3 complete, GameThreadShaderMap 0x000001E00A16AB00, marking material roof_RidgeChimney_3 as finished
[2017.09.21-09.00.57:310][517]LogTemp:Display: Marking material as finished 0x000001DFF38A1300
[2017.09.21-09.00.57:472][517]LogWorld: Bringing World /Game/Map/stage.stage up for play (max tick rate 0) at 2017.09.21-18.00.57
[2017.09.21-09.00.57:509][517]LogWorld: Bringing up level for play took: 0.179791
[2017.09.21-09.00.57:523][517]LogGameMode:Display: Match State Changed from EnteringMap to WaitingToStart
[2017.09.21-09.00.57:523][517]LogGameState: Match State Changed from EnteringMap to WaitingToStart
[2017.09.21-09.00.57:523][517]LogGameMode:Display: Match State Changed from WaitingToStart to InProgress
[2017.09.21-09.00.57:583][517]LogBlueprintUserMessages: [messageScroll_116] darkjcy
[2017.09.21-09.00.57:607][517]LogGameState: Match State Changed from WaitingToStart to InProgress
[2017.09.21-09.00.57:611][517]LogLoad: Took 103.560011 seconds to LoadMap(/Game/Map/stage)
[2017.09.21-09.00.57:651][517]PIE:Warning: 경고 위젯이 포커스를 지원하지 않습니다. UserWidget 인 경우, bIsFocusable 을 true 로 설정해야 합니다.
[2017.09.21-09.00.57:770][517]LogAudio:Warning: Detected orphaned looping sound 'wind'.
[2017.09.21-09.00.57:770][517]LogSlate: Took 0.010790 seconds to synchronously load lazily loaded font '../../../Engine/Content/Slate/Fonts/Roboto-Regular.ttf' (155K)
[2017.09.21-09.00.57:820][518]LogNet: UNetDriver::TickDispatch: Very long time between ticks. DeltaTime: 103.96, Realtime: 0.20. SteamNetDriver_0
[2017.09.21-09.00.58:185][533]LogTemp:Display: Finished compile of shader map 0x000001DF93D8C100
[2017.09.21-09.00.58:185][533]LogTemp:Display: Shader map lambert11SG complete, GameThreadShaderMap 0x000001DF93D8C100, marking material lambert11SG as finished
[2017.09.21-09.00.58:185][533]LogTemp:Display: Marking material as finished 0x000001DFF38A2E00
[2017.09.21-09.01.00:237][651]LogTemp:Display: Finished compile of shader map 0x000001E00F64D980
[2017.09.21-09.01.00:237][651]LogTemp:Display: Shader map Material__10175 complete, GameThreadShaderMap 0x000001E00F64D980, marking material Material__10175 as finished
[2017.09.21-09.01.00:237][651]LogTemp:Display: Marking material as finished 0x000001DFF3CA5300
[2017.09.21-09.01.01:253][714]LogTemp:Display: Finished compile of shader map 0x000001E00F49EB00
[2017.09.21-09.01.01:253][714]LogTemp:Display: Shader map Material__73 complete, GameThreadShaderMap 0x000001E00F49EB00, marking material Material__73 as finished
[2017.09.21-09.01.01:253][714]LogTemp:Display: Marking material as finished 0x000001DFF3CA6E00
[2017.09.21-09.01.03:223][836]LogTemp:Display: Finished compile of shader map 0x000001DFE279D600
[2017.09.21-09.01.03:223][836]LogTemp:Display: Shader map NewHOUSE2_VIGA complete, GameThreadShaderMap 0x000001DFE279D600, marking material NewHOUSE2_VIGA as finished
[2017.09.21-09.01.03:223][836]LogTemp:Display: Marking material as finished 0x000001DFF4052F80
[2017.09.21-09.01.05:058][843]LogScriptCore:Warning: Script Msg: Divide by zero
Script call stack:
	Function /Game/Widget/PHUD.PHUD_C:RMouseSkillCoolTimeBar

[2017.09.21-09.01.05:058][843]LogScriptCore:Warning: Script Msg: Divide by zero
Script call stack:
	Function /Game/Widget/PHUD.PHUD_C:RMouseSkillCoolTimeBar

[2017.09.21-09.01.05:058][843]LogScriptCore:Warning: Script Msg: Divide by zero
Script call stack:
	Function /Game/Widget/PHUD.PHUD_C:ShiftSkillCoolTimeBar

[2017.09.21-09.01.05:058][843]LogScriptCore:Warning: Script Msg: Divide by zero
Script call stack:
	Function /Game/Widget/PHUD.PHUD_C:ShiftSkillCoolTimeBar

[2017.09.21-09.01.05:383][847]LogTemp:Display: Finished compile of shader map 0x000001E013C3AB00
[2017.09.21-09.01.05:383][847]LogTemp:Display: Shader map Material__7066 complete, GameThreadShaderMap 0x000001E013C3AB00, marking material Material__7066 as finished
[2017.09.21-09.01.05:383][847]LogTemp:Display: Marking material as finished 0x000001DFF4435D80
[2017.09.21-09.01.06:090][885]LogTemp:Display: Finished compile of shader map 0x000001E013842E80
[2017.09.21-09.01.06:090][885]LogTemp:Display: Shader map Material__7068 complete, GameThreadShaderMap 0x000001E013842E80, marking material Material__7068 as finished
[2017.09.21-09.01.06:090][885]LogTemp:Display: Marking material as finished 0x000001DFF4451000
[2017.09.21-09.01.07:795][983]LogTemp:Display: Finished compile of shader map 0x000001E013424480
[2017.09.21-09.01.07:795][983]LogTemp:Display: Shader map Material__7046 complete, GameThreadShaderMap 0x000001E013424480, marking material Material__7046 as finished
[2017.09.21-09.01.07:795][983]LogTemp:Display: Marking material as finished 0x000001DFF4462380
[2017.09.21-09.01.18:174][617]LogAudio:Warning: Waited 71.058098ms for audio thread.
[2017.09.21-09.01.18:176][617]LogAudio:Warning: Waited 72.863312ms for audio thread.
[2017.09.21-09.02.53:803][522]LogWindowsTextInputMethodSystem:Display: IME system now activated using TSF (Microsoft 입력기).
[2017.09.21-09.02.53:807][522]LogScript:Warning: Accessed None 이 CallFunc_K2_GetPawn_ReturnValue2 프로퍼티를 읽으려 합니다.
	MyGameMode_C /Game/Map/stage.stage:PersistentLevel.MyGameMode_C_0
	Function /Game/BP/MyGameMode.MyGameMode_C:ExecuteUbergraph_MyGameMode:0EB7
[2017.09.21-09.02.53:829][522]LogScript:Warning: Script call stack:
	Function /Game/BP/MyGameMode.MyGameMode_C:K2_OnLogout
	Function /Game/BP/MyGameMode.MyGameMode_C:ExecuteUbergraph_MyGameMode

[2017.09.21-09.02.53:851][522]LogEngine: All Windows Closed
[2017.09.21-09.02.53:851][522]LogWindows: FPlatformMisc::RequestExit(0)
[2017.09.21-09.02.53:852][523]LogMoviePlayer: Shutting down movie player
[2017.09.21-09.02.54:607][523]LogNet: World NetDriver shutdown SteamNetDriver_0 [GameNetDriver]
[2017.09.21-09.02.54:607][523]LogNet: DestroyNamedNetDriver SteamNetDriver_0 [GameNetDriver]
[2017.09.21-09.02.54:618][523]LogExit: GameNetDriver SteamNetDriver_0 shut down
[2017.09.21-09.02.54:754][523]LogExit: Preparing to exit.
[2017.09.21-09.02.54:981][523]LogExit: Game engine shut down
[2017.09.21-09.02.55:671][523]LogObj: Freed 0b from 0 cluster array pools.
[2017.09.21-09.02.55:671][523]LogExit: Object subsystem successfully closed.
[2017.09.21-09.02.55:860][523]LogD3D11RHI: Shutdown
[2017.09.21-09.02.55:860][523]LogD3D11RHI: CleanupD3DDevice
[2017.09.21-09.02.56:086][523]LogD3D11RHI: ~FD3D11DynamicRHI
[2017.09.21-09.02.56:142][523]LogModuleManager: Shutting down and abandoning module SequenceRecorderSections (266)
[2017.09.21-09.02.56:149][523]LogModuleManager: Shutting down and abandoning module SequenceRecorder (264)
[2017.09.21-09.02.56:149][523]LogModuleManager: Shutting down and abandoning module AutomationController (262)
[2017.09.21-09.02.56:149][523]LogModuleManager: Shutting down and abandoning module AutomationWorker (260)
[2017.09.21-09.02.56:149][523]LogModuleManager: Shutting down and abandoning module AIModule (258)
[2017.09.21-09.02.56:149][523]LogModuleManager: Shutting down and abandoning module GameplayDebugger (257)
[2017.09.21-09.02.56:162][523]LogModuleManager: Shutting down and abandoning module AITestSuite (255)
[2017.09.21-09.02.56:162][523]LogModuleManager: Shutting down and abandoning module WmfMediaFactory (252)
[2017.09.21-09.02.56:162][523]LogModuleManager: Shutting down and abandoning module MfMediaFactory (250)
[2017.09.21-09.02.56:162][523]LogModuleManager: Shutting down and abandoning module AvfMediaFactory (248)
[2017.09.21-09.02.56:162][523]LogModuleManager: Shutting down and abandoning module AndroidMediaFactory (246)
[2017.09.21-09.02.56:162][523]LogModuleManager: Shutting down and abandoning module Media (245)
[2017.09.21-09.02.56:162][523]LogModuleManager: Shutting down and abandoning module CharacterAI (242)
[2017.09.21-09.02.56:162][523]LogModuleManager: Shutting down and abandoning module SessionServices (240)
[2017.09.21-09.02.56:162][523]LogModuleManager: Shutting down and abandoning module MovieSceneCapture (238)
[2017.09.21-09.02.56:162][523]LogModuleManager: Shutting down and abandoning module GeometryCache (236)
[2017.09.21-09.02.56:162][523]LogModuleManager: Shutting down and abandoning module GeometryCacheEd (235)
[2017.09.21-09.02.56:162][523]LogModuleManager: Shutting down and abandoning module Niagara (232)
[2017.09.21-09.02.56:162][523]LogModuleManager: Shutting down and abandoning module StreamingPauseRendering (230)
[2017.09.21-09.02.56:162][523]LogModuleManager: Shutting down and abandoning module PortalServices (228)
[2017.09.21-09.02.56:162][523]LogModuleManager: Shutting down and abandoning module PortalRpc (226)
[2017.09.21-09.02.56:162][523]LogModuleManager: Shutting down and abandoning module MessagingRpc (224)
[2017.09.21-09.02.56:162][523]LogModuleManager: Shutting down and abandoning module ProfilerService (222)
[2017.09.21-09.02.56:193][523]LogModuleManager: Shutting down and abandoning module TaskGraph (220)
[2017.09.21-09.02.56:193][523]LogModuleManager: Shutting down and abandoning module SteamVRController (218)
[2017.09.21-09.02.56:193][523]LogModuleManager: Shutting down and abandoning module SteamVR (216)
[2017.09.21-09.02.56:193][523]LogModuleManager: Shutting down and abandoning module ProceduralMeshComponent (214)
[2017.09.21-09.02.56:193][523]LogModuleManager: Shutting down and abandoning module OculusLibrary (212)
[2017.09.21-09.02.56:193][523]LogModuleManager: Shutting down and abandoning module OculusInput (210)
[2017.09.21-09.02.56:193][523]LogModuleManager: Shutting down and abandoning module MobilePatchingUtils (208)
[2017.09.21-09.02.56:193][523]LogModuleManager: Shutting down and abandoning module CustomMeshComponent (206)
[2017.09.21-09.02.56:193][523]LogModuleManager: Shutting down and abandoning module CableComponent (204)
[2017.09.21-09.02.56:193][523]LogModuleManager: Shutting down and abandoning module ArchVisCharacter (202)
[2017.09.21-09.02.56:193][523]LogModuleManager: Shutting down and abandoning module HTML5Networking (198)
[2017.09.21-09.02.56:193][523]LogModuleManager: Shutting down and abandoning module VisualStudioSourceCodeAccess (196)
[2017.09.21-09.02.56:193][523]LogModuleManager: Shutting down and abandoning module DesktopPlatform (195)
[2017.09.21-09.02.56:193][523]LogModuleManager: Shutting down and abandoning module HotReload (193)
[2017.09.21-09.02.56:193][523]LogModuleManager: Shutting down and abandoning module DirectoryWatcher (192)
[2017.09.21-09.02.56:193][523]LogModuleManager: Shutting down and abandoning module UObjectPlugin (188)
[2017.09.21-09.02.56:193][523]LogModuleManager: Shutting down and abandoning module SubversionSourceControl (186)
[2017.09.21-09.02.56:193][523]LogModuleManager: Shutting down and abandoning module PerforceSourceControl (184)
[2017.09.21-09.02.56:195][523]LogModuleManager: Shutting down and abandoning module SourceControl (183)
[2017.09.21-09.02.56:195][523]LogModuleManager: Shutting down and abandoning module PhysXVehiclesEditor (180)
[2017.09.21-09.02.56:195][523]LogModuleManager: Shutting down and abandoning module PhysXVehicles (178)
[2017.09.21-09.02.56:195][523]LogModuleManager: Shutting down and abandoning module LocationServicesBPLibrary (176)
[2017.09.21-09.02.56:195][523]LogModuleManager: Shutting down and abandoning module UdpMessaging (174)
[2017.09.21-09.02.56:195][523]LogModuleManager: Shutting down and abandoning module TcpMessaging (172)
[2017.09.21-09.02.56:195][523]LogModuleManager: Shutting down and abandoning module GameplayTagsEditor (170)
[2017.09.21-09.02.56:195][523]LogModuleManager: Shutting down and abandoning module FacialAnimation (168)
[2017.09.21-09.02.56:196][523]LogModuleManager: Shutting down and abandoning module LightPropagationVolumeRuntime (166)
[2017.09.21-09.02.56:196][523]LogModuleManager: Shutting down and abandoning module Paper2D (164)
[2017.09.21-09.02.56:196][523]LogModuleManager: Shutting down and abandoning module WindowsMoviePlayer (162)
[2017.09.21-09.02.56:196][523]LogModuleManager: Shutting down and abandoning module WmfMedia (160)
[2017.09.21-09.02.56:196][523]LogModuleManager: Shutting down and abandoning module MfMedia (158)
[2017.09.21-09.02.56:196][523]LogModuleManager: Shutting down and abandoning module MediaAssets (156)
[2017.09.21-09.02.56:196][523]LogModuleManager: Shutting down and abandoning module GameLiveStreaming (154)
[2017.09.21-09.02.56:196][523]LogModuleManager: Shutting down and abandoning module VREditor (152)
[2017.09.21-09.02.56:196][523]LogModuleManager: Shutting down and abandoning module GameplayTasksEditor (150)
[2017.09.21-09.02.56:196][523]LogModuleManager: Shutting down and abandoning module BehaviorTreeEditor (148)
[2017.09.21-09.02.56:196][523]LogModuleManager: Shutting down and abandoning module FunctionalTesting (146)
[2017.09.21-09.02.56:196][523]LogModuleManager: Shutting down and abandoning module CollisionAnalyzer (144)
[2017.09.21-09.02.56:196][523]LogModuleManager: Shutting down and abandoning module UMG (142)
[2017.09.21-09.02.56:196][523]LogModuleManager: Shutting down and abandoning module UMGEditor (141)
[2017.09.21-09.02.56:210][523]LogModuleManager: Shutting down and abandoning module Sequencer (140)
[2017.09.21-09.02.56:223][523]LogModuleManager: Shutting down and abandoning module AssetTools (138)
[2017.09.21-09.02.56:223][523]LogModuleManager: Shutting down and abandoning module MessageLog (137)
[2017.09.21-09.02.56:223][523]LogModuleManager: Shutting down and abandoning module WorkspaceMenuStructure (136)
[2017.09.21-09.02.56:223][523]LogModuleManager: Shutting down and abandoning module SlateReflector (130)
[2017.09.21-09.02.56:237][523]LogModuleManager: Shutting down and abandoning module Slate (128)
[2017.09.21-09.02.56:237][523]LogModuleManager: Shutting down and abandoning module EditorStyle (126)
[2017.09.21-09.02.56:246][523]LogModuleManager: Shutting down and abandoning module Messaging (124)
[2017.09.21-09.02.56:246][523]LogModuleManager: Shutting down and abandoning module SourceCodeAccess (122)
[2017.09.21-09.02.56:247][523]LogModuleManager: Shutting down and abandoning module HeadMountedDisplay (120)
[2017.09.21-09.02.56:247][523]LogModuleManager: Shutting down and abandoning module XAudio2 (118)
[2017.09.21-09.02.56:247][523]LogModuleManager: Shutting down and abandoning module Networking (116)
[2017.09.21-09.02.56:247][523]LogModuleManager: Shutting down and abandoning module Core (114)
[2017.09.21-09.02.56:247][523]LogModuleManager: Shutting down and abandoning module KismetCompiler (112)
[2017.09.21-09.02.56:247][523]LogModuleManager: Shutting down and abandoning module PhysXFormats (110)
[2017.09.21-09.02.56:247][523]LogModuleManager: Shutting down and abandoning module MeshUtilities (108)
[2017.09.21-09.02.56:247][523]LogModuleManager: Shutting down and abandoning module SimplygonSwarm (107)
[2017.09.21-09.02.56:247][523]LogModuleManager: Shutting down and abandoning module SimplygonMeshReduction (105)
[2017.09.21-09.02.56:247][523]LogModuleManager: Shutting down and abandoning module QuadricMeshReduction (103)
[2017.09.21-09.02.56:247][523]LogModuleManager: Shutting down and abandoning module PropertyEditor (101)
[2017.09.21-09.02.56:274][523]LogModuleManager: Shutting down and abandoning module AssetRegistry (98)
[2017.09.21-09.02.56:275][523]LogModuleManager: Shutting down and abandoning module DerivedDataCache (96)
[2017.09.21-09.02.56:357][523]LogDerivedDataCache: Shutdown
[2017.09.21-09.02.56:357][523]LogModuleManager: Shutting down and abandoning module TargetPlatform (94)
[2017.09.21-09.02.56:357][523]LogModuleManager: Shutting down and abandoning module VulkanShaderFormat (93)
[2017.09.21-09.02.56:357][523]LogModuleManager: Shutting down and abandoning module ShaderFormatOpenGL (91)
[2017.09.21-09.02.56:357][523]LogModuleManager: Shutting down and abandoning module ShaderFormatD3D (89)
[2017.09.21-09.02.56:357][523]LogModuleManager: Shutting down and abandoning module MetalShaderFormat (87)
[2017.09.21-09.02.56:357][523]LogModuleManager: Shutting down and abandoning module TextureFormatUncompressed (85)
[2017.09.21-09.02.56:357][523]LogModuleManager: Shutting down and abandoning module TextureFormatPVR (83)
[2017.09.21-09.02.56:357][523]LogModuleManager: Shutting down and abandoning module TextureFormatDXT (81)
[2017.09.21-09.02.56:357][523]LogModuleManager: Shutting down and abandoning module TextureFormatIntelISPCTexComp (79)
[2017.09.21-09.02.56:357][523]LogModuleManager: Shutting down and abandoning module TextureFormatASTC (77)
[2017.09.21-09.02.56:357][523]LogModuleManager: Shutting down and abandoning module ImageWrapper (76)
[2017.09.21-09.02.56:357][523]LogModuleManager: Shutting down and abandoning module TextureFormatAndroid (73)
[2017.09.21-09.02.56:357][523]LogModuleManager: Shutting down and abandoning module AudioFormatOpus (71)
[2017.09.21-09.02.56:358][523]LogModuleManager: Shutting down and abandoning module AudioFormatOgg (69)
[2017.09.21-09.02.56:358][523]LogModuleManager: Shutting down and abandoning module AudioFormatADPCM (67)
[2017.09.21-09.02.56:358][523]LogModuleManager: Shutting down and abandoning module WindowsTargetPlatform (65)
[2017.09.21-09.02.56:358][523]LogModuleManager: Shutting down and abandoning module WindowsServerTargetPlatform (63)
[2017.09.21-09.02.56:358][523]LogModuleManager: Shutting down and abandoning module WindowsNoEditorTargetPlatform (61)
[2017.09.21-09.02.56:358][523]LogModuleManager: Shutting down and abandoning module WindowsClientTargetPlatform (59)
[2017.09.21-09.02.56:358][523]LogModuleManager: Shutting down and abandoning module InputCore (56)
[2017.09.21-09.02.56:358][523]LogModuleManager: Shutting down and abandoning module Settings (54)
[2017.09.21-09.02.56:358][523]LogModuleManager: Shutting down and abandoning module OculusRift (52)
[2017.09.21-09.02.56:358][523]LogModuleManager: Shutting down and abandoning module GearVR (50)
[2017.09.21-09.02.56:358][523]LogModuleManager: Shutting down and abandoning module ExampleDeviceProfileSelector (48)
[2017.09.21-09.02.56:358][523]LogModuleManager: Shutting down and abandoning module OnlineBlueprintSupport (46)
[2017.09.21-09.02.56:358][523]LogModuleManager: Shutting down and abandoning module OnlineSubsystem (42)
[2017.09.21-09.02.56:358][523]LogOnline:Display: STEAM: OnlineSubsystemSteam::Shutdown()
[2017.09.21-09.02.56:381][523]LogOnline:Display: Unloading online subsystem: STEAM
[2017.09.21-09.02.56:381][523]LogOnline:Display: STEAM: OnlineSubsystemSteam::Shutdown()
[2017.09.21-09.02.56:382][523]LogOnline:Display: Unloading online subsystem: NULL
[2017.09.21-09.02.56:382][523]LogModuleManager: Shutting down and abandoning module XMPP (37)
[2017.09.21-09.02.56:382][523]LogModuleManager: Shutting down and abandoning module HTTP (35)
[2017.09.21-09.02.56:387][523]LogModuleManager: Shutting down and abandoning module SSL (34)
[2017.09.21-09.02.56:392][523]LogModuleManager: Shutting down and abandoning module AudioEditor (30)
[2017.09.21-09.02.56:392][523]LogModuleManager: Shutting down and abandoning module TextureCompressor (28)
[2017.09.21-09.02.56:392][523]LogModuleManager: Shutting down and abandoning module ShaderCore (26)
[2017.09.21-09.02.56:392][523]LogModuleManager: Shutting down and abandoning module Landscape (24)
[2017.09.21-09.02.56:392][523]LogModuleManager: Shutting down and abandoning module SlateRHIRenderer (22)
[2017.09.21-09.02.56:397][523]LogModuleManager: Shutting down and abandoning module OpenGLDrv (20)
[2017.09.21-09.02.56:397][523]LogModuleManager: Shutting down and abandoning module D3D11RHI (18)
[2017.09.21-09.02.56:397][523]LogModuleManager: Shutting down and abandoning module AnimGraphRuntime (16)
[2017.09.21-09.02.56:398][523]LogModuleManager: Shutting down and abandoning module Renderer (14)
[2017.09.21-09.02.56:398][523]LogModuleManager: Shutting down and abandoning module Engine (12)
[2017.09.21-09.02.56:398][523]LogModuleManager: Shutting down and abandoning module CoreUObject (10)
[2017.09.21-09.02.56:398][523]LogModuleManager: Shutting down and abandoning module NetworkFile (8)
[2017.09.21-09.02.56:398][523]LogModuleManager: Shutting down and abandoning module StreamingFile (6)
[2017.09.21-09.02.56:398][523]LogModuleManager: Shutting down and abandoning module SandboxFile (4)
[2017.09.21-09.02.56:398][523]LogModuleManager: Shutting down and abandoning module PakFile (2)
[2017.09.21-09.02.56:410][523]LogExit: Exiting.
[2017.09.21-09.02.56:416][523]Log file closed, 09/21/17 18:02:56
