Log file open, 06/08/17 00:11:04
LogInit:Display: Running engine for game: UNNAMED
LogPlatformFile: Not using cached read wrapper
LogInit:Display: RandInit(-518579962) SRandInit(-518579962).
LogTaskGraph: Started task graph with 5 named threads and 8 total threads with 1 sets of task threads.
LogStats: Stats thread started at 0.106639
LogInit: Using libcurl 7.47.1
LogInit:  - built for x86_64-pc-win32
LogInit:  - supports SSL with OpenSSL/1.0.2g
LogInit:  - supports HTTP deflate (compression) using libz 1.2.8
LogInit:  - other features:
LogInit:      CURL_VERSION_SSL
LogInit:      CURL_VERSION_LIBZ
LogInit:      CURL_VERSION_IPV6
LogInit:      CURL_VERSION_ASYNCHDNS
LogInit:      CURL_VERSION_LARGEFILE
LogInit:      CURL_VERSION_IDN
LogInit:  CurlRequestOptions (configurable via config and command line):
LogInit:  - bVerifyPeer = false  - Libcurl will NOT verify peer certificate
LogInit:  - bUseHttpProxy = false  - Libcurl will NOT use HTTP proxy
LogInit:  - bDontReuseConnections = false  - Libcurl will reuse connections
LogInit:  - CertBundlePath = nullptr  - Libcurl will use whatever was configured at build time.
LogOnline:Display: STEAM: Loading Steam SDK 1.32
LogOnline:Warning: STEAM: Steamworks: SteamUtils() failed!
LogOnline:Warning: STEAM: Steamworks: SteamUser() failed!
LogOnline:Warning: STEAM: Steamworks: SteamFriends() failed!
LogOnline:Warning: STEAM: Steamworks: SteamRemoteStorage() failed!
LogOnline:Warning: STEAM: Steamworks: SteamUserStats() failed!
LogOnline:Warning: STEAM: Steamworks: SteamMatchmakingServers() failed!
LogOnline:Warning: STEAM: Steamworks: SteamApps() failed!
LogOnline:Warning: STEAM: Steamworks: SteamNetworking() failed!
LogOnline:Warning: STEAM: Steamworks: SteamMatchmaking() failed!
LogOnline:Display: STEAM: OnlineSubsystemSteam::Shutdown()
LogOnline:Warning: STEAM: Steam API failed to initialize!
LogOnline:Display: STEAM: OnlineSubsystemSteam::Shutdown()
LogInit: WinSock: version 1.1 (2.2), MaxSocks=32767, MaxUdp=65467
LogInit: Build: ++UE4+Release-4.15-CL-3348071
LogInit: Engine Version: 4.15.1-3348071+++UE4+Release-4.15
LogInit: Compatible Engine Version: 4.15.0-3299760+++UE4+Release-4.15
LogInit: Net CL: 3299760
LogDevObjectVersion: Number of dev versions registered: 14
LogDevObjectVersion:   Dev-Blueprints (B0D832E4-1F89-4F0D-ACCF-7EB736FD4AA2): 8
LogDevObjectVersion:   Dev-Build (E1C64328-A22C-4D53-A36C-8E866417BD8C): 0
LogDevObjectVersion:   Dev-Core (375EC13C-06E4-48FB-B500-84F0262A717E): 2
LogDevObjectVersion:   Dev-Editor (E4B068ED-F494-42E9-A231-DA0B2E46BB41): 14
LogDevObjectVersion:   Dev-Framework (CFFC743F-43B0-4480-9391-14DF171D2073): 22
LogDevObjectVersion:   Dev-Mobile (B02B49B5-BB20-44E9-A304-32B752E40360): 0
LogDevObjectVersion:   Dev-Networking (A4E4105C-59A1-49B5-A7C5-40C4547EDFEE): 0
LogDevObjectVersion:   Dev-Online (39C831C9-5AE6-47DC-9A44-9C173E1C8E7C): 0
LogDevObjectVersion:   Dev-Physics (78F01B33-EBEA-4F98-B9B4-84EACCB95AA2): 0
LogDevObjectVersion:   Dev-Platform (6631380F-2D4D-43E0-8009-CF276956A95A): 0
LogDevObjectVersion:   Dev-Rendering (12F88B9F-8875-4AFC-A67C-D90C383ABD29): 12
LogDevObjectVersion:   Dev-Sequencer (7B5AE74C-D270-4C10-A958-57980B212A5A): 3
LogDevObjectVersion:   Dev-VR (D7296918-1DD6-4BDD-9DE2-64A83CC13884): 0
LogDevObjectVersion:   Dev-LoadTimes (C2A15278-BFE7-4AFE-6C17-90FF531DF755): 1
LogInit: Compiled (64-bit): Mar 15 2017 16:52:47
LogInit: Compiled with Visual C++: 19.00.23026.00
LogInit: Build Configuration: Development
LogInit: Branch Name: ++UE4+Release-4.15
LogInit: Command line:  /Temp/Autosaves/Game/Map/UEDPCMain -game -PIEVIACONSOLE -WinX=0 -WinY=0 -ResX=1600 -ResY=900  -Multiprocess -messaging -SessionName="Play in Standalone Game" -windowed 
LogInit: Base directory: C:/Program Files/Epic Games/UE_4.15/Engine/Binaries/Win64/
LogInit: Installed Engine Build: 1
LogInit: Presizing for max 8388607 objects, including 0 objects not considered by GC, pre-allocating 0 bytes for permanent pool.
LogInit: Object subsystem initialized
[2017.06.07-15.11.06:350][  0]LogInit: Selected Device Profile: [Windows]
[2017.06.07-15.11.06:350][  0]LogInit: Applying CVar settings loaded from the selected device profile: [Windows]
[2017.06.07-15.11.06:356][  0]LogInit: Computer: DESKTOP-F27I5IQ
[2017.06.07-15.11.06:356][  0]LogInit: User: duck2
[2017.06.07-15.11.06:356][  0]LogInit: CPU Page size=65536, Cores=4
[2017.06.07-15.11.06:356][  0]LogInit: High frequency timer resolution =3.117778 MHz
[2017.06.07-15.11.06:357][  0]LogMemory: Memory total: Physical=3.9GB (4GB approx)
[2017.06.07-15.11.06:357][  0]LogMemory: Platform Memory Stats for Windows
[2017.06.07-15.11.06:357][  0]LogMemory: Process Physical Memory: 266.12 MB used, 266.12 MB peak
[2017.06.07-15.11.06:357][  0]LogMemory: Process Virtual Memory: 262.48 MB used, 262.48 MB peak
[2017.06.07-15.11.06:357][  0]LogMemory: Physical Memory: 2726.42 MB used,  1269.73 MB free, 3996.15 MB total
[2017.06.07-15.11.06:357][  0]LogMemory: Virtual Memory: 632.87 MB used,  1269.73 MB free, 134217728.00 MB total
[2017.06.07-15.11.06:553][  0]LogTextLocalizationManager: No specific translations for ('ko-KR') exist, so ('ko') translations will be used.
[2017.06.07-15.11.06:627][  0]LogTextLocalizationManager:Warning: Loaded localization resources contain conflicting entries for (Namespace:KismetSchema, Key:Default):
Localization Resource: (C:/Program Files/Epic Games/UE_4.15/Engine/Content/Localization/EditorTutorials/ko/EditorTutorials.locres) Source String Hash: (940523119) Localized String: (디폴트)
Localization Resource: (C:/Program Files/Epic Games/UE_4.15/Engine/Content/Localization/Engine/ko/Engine.locres) Source String Hash: (940523119) Localized String: (기본)
[2017.06.07-15.11.06:627][  0]LogTextLocalizationManager:Warning: Loaded localization resources contain conflicting entries for (Namespace:UObjectToolTips, Key:AnimNode_AssetPlayerBase:InternalTimeAccumulator):
Localization Resource: (C:/Program Files/Epic Games/UE_4.15/Engine/Content/Localization/EditorTutorials/ko/EditorTutorials.locres) Source String Hash: (502993589) Localized String: (이 노드에서 애셋을 레퍼런싱하는 데 사용되는 누적 시간입니다.)
Localization Resource: (C:/Program Files/Epic Games/UE_4.15/Engine/Content/Localization/ToolTips/ko/ToolTips.locres) Source String Hash: (502993589) Localized String: (내부 시간 누산기 - 이 노드에서 애셋을 레퍼런싱하는 데 사용된 누적 시간입니다.)
Localization Resource: (C:/Program Files/Epic Games/UE_4.15/Engine/Content/Localization/Engine/ko/Engine.locres) Source String Hash: (502993589) Localized String: (이 노드에서 애셋을 레퍼런싱하는 데 사용된 누적 시간입니다.)
[2017.06.07-15.11.06:627][  0]LogTextLocalizationManager:Warning: Loaded localization resources contain conflicting entries for (Namespace:UObjectToolTips, Key:AnimNode_AssetPlayerBase:bIgnoreForRelevancyTest):
Localization Resource: (C:/Program Files/Epic Games/UE_4.15/Engine/Content/Localization/EditorTutorials/ko/EditorTutorials.locres) Source String Hash: (319969718) Localized String: (True 면, 스테이트에서 최고 가중치 애니메이션을 찾는 "Relevant anim" 노드는 이 노드를 무시합니다.
 )
Localization Resource: (C:/Program Files/Epic Games/UE_4.15/Engine/Content/Localization/ToolTips/ko/ToolTips.locres) Source String Hash: (319969718) Localized String: (연관성 테스트에 무시 - true 인 경우 스테이트 내 최고 웨이팅된 애니메이션을 찾는 "Relevant anim" (연관 애님) 노드가
이 노드를 무시합니다.)
Localization Resource: (C:/Program Files/Epic Games/UE_4.15/Engine/Content/Localization/Engine/ko/Engine.locres) Source String Hash: (319969718) Localized String: (True 면 스테이트 내 최고 웨이팅된 애니메이션을 찾는 "Relevant anim" 노드가 무시됩니다.
 )
[2017.06.07-15.11.06:627][  0]LogTextLocalizationManager:Warning: Loaded localization resources contain conflicting entries for (Namespace:UObjectToolTips, Key:AnimNode_AssetPlayerBase:BlendWeight):
Localization Resource: (C:/Program Files/Epic Games/UE_4.15/Engine/Content/Localization/EditorTutorials/ko/EditorTutorials.locres) Source String Hash: (-1232800293) Localized String: (이 노드에 마지막 걸린 블렌드웨이트 입니다.)
Localization Resource: (C:/Program Files/Epic Games/UE_4.15/Engine/Content/Localization/ToolTips/ko/ToolTips.locres) Source String Hash: (-1232800293) Localized String: (블렌드 웨이트 - 이 노드에 대해 마지막으로 접한 블렌드 웨이트입니다.)
Localization Resource: (C:/Program Files/Epic Games/UE_4.15/Engine/Content/Localization/Engine/ko/Engine.locres) Source String Hash: (-1232800293) Localized String: (이 노드에 대해 마지막 접한 블렌드 웨이트)
[2017.06.07-15.11.06:627][  0]LogTextLocalizationManager:Warning: Loaded localization resources contain conflicting entries for (Namespace:UObjectToolTips, Key:AnimNode_BlendSpacePlayer:bLoop):
Localization Resource: (C:/Program Files/Epic Games/UE_4.15/Engine/Content/Localization/EditorTutorials/ko/EditorTutorials.locres) Source String Hash: (2133979316) Localized String: (애니메이션이 끝까지 재생되면 반복할까요?)
Localization Resource: (C:/Program Files/Epic Games/UE_4.15/Engine/Content/Localization/ToolTips/ko/ToolTips.locres) Source String Hash: (2133979316) Localized String: (루프 - 애니메이션이 끝에 도달했을 때 계속 반복할까요?)
[2017.06.07-15.11.06:627][  0]LogTextLocalizationManager:Warning: Loaded localization resources contain conflicting entries for (Namespace:UObjectToolTips, Key:AnimNode_StateMachine:bSkipFirstUpdateTransition):
Localization Resource: (C:/Program Files/Epic Games/UE_4.15/Engine/Content/Localization/EditorTutorials/ko/EditorTutorials.locres) Source String Hash: (1865475011) Localized String: (첫 업데이트시 도입 상태에서의 트랜지션을 건너뛸까요? 
기본은 true 로, 첫 업데이트시에는 트랜지션 데이터를 버립니다.)
Localization Resource: (C:/Program Files/Epic Games/UE_4.15/Engine/Content/Localization/ToolTips/ko/ToolTips.locres) Source String Hash: (1865475011) Localized String: (첫 번째 업데이트 트랜지션 건너뛰기 - 첫 번째 업데이트에서 입력 스테이트의 트랜지션을 건너뜁니까?
디폴트는 true 고 첫 번째 업데이트의 트랜지션 데이터를 버립니다.)
[2017.06.07-15.11.06:627][  0]LogTextLocalizationManager:Warning: Loaded localization resources contain conflicting entries for (Namespace:UObjectToolTips, Key:AnimNode_BlendSpacePlayer:X):
Localization Resource: (C:/Program Files/Epic Games/UE_4.15/Engine/Content/Localization/EditorTutorials/ko/EditorTutorials.locres) Source String Hash: (2060772590) Localized String: (블렌드스페이스에서 샘플링할 X 좌표입니다.)
Localization Resource: (C:/Program Files/Epic Games/UE_4.15/Engine/Content/Localization/ToolTips/ko/ToolTips.locres) Source String Hash: (2060772590) Localized String: (X - 블렌드스페이스 샘플의 X 좌표입니다.)
[2017.06.07-15.11.06:627][  0]LogTextLocalizationManager:Warning: Loaded localization resources contain conflicting entries for (Namespace:UObjectToolTips, Key:AnimNode_BlendSpacePlayer:Y):
Localization Resource: (C:/Program Files/Epic Games/UE_4.15/Engine/Content/Localization/EditorTutorials/ko/EditorTutorials.locres) Source String Hash: (-1719607538) Localized String: (블렌드스페이스에서 샘플링할 Y 좌표입니다.)
Localization Resource: (C:/Program Files/Epic Games/UE_4.15/Engine/Content/Localization/ToolTips/ko/ToolTips.locres) Source String Hash: (-1719607538) Localized String: (Y - 블렌드스페이스 샘플의 Y 좌표입니다.)
[2017.06.07-15.11.06:627][  0]LogTextLocalizationManager:Warning: Loaded localization resources contain conflicting entries for (Namespace:UObjectToolTips, Key:AnimNode_BlendSpacePlayer:Z):
Localization Resource: (C:/Program Files/Epic Games/UE_4.15/Engine/Content/Localization/EditorTutorials/ko/EditorTutorials.locres) Source String Hash: (1728943471) Localized String: (블렌드스페이스에서 샘플링할 Z 좌표입니다.)
Localization Resource: (C:/Program Files/Epic Games/UE_4.15/Engine/Content/Localization/ToolTips/ko/ToolTips.locres) Source String Hash: (1728943471) Localized String: (Z - 블렌드스페이스 샘플의 Z 좌표입니다.)
[2017.06.07-15.11.06:627][  0]LogTextLocalizationManager:Warning: Loaded localization resources contain conflicting entries for (Namespace:UObjectToolTips, Key:AnimNode_BlendSpacePlayer:BlendSpace):
Localization Resource: (C:/Program Files/Epic Games/UE_4.15/Engine/Content/Localization/EditorTutorials/ko/EditorTutorials.locres) Source String Hash: (1599043277) Localized String: (재생할 블렌드스페이스 애셋입니다.)
Localization Resource: (C:/Program Files/Epic Games/UE_4.15/Engine/Content/Localization/ToolTips/ko/ToolTips.locres) Source String Hash: (1599043277) Localized String: (블렌드스페이스 - 재생할 블렌드스페이스 애셋입니다.)
[2017.06.07-15.11.06:627][  0]LogTextLocalizationManager:Warning: Loaded localization resources contain conflicting entries for (Namespace:UObjectToolTips, Key:AnimNode_StateMachine:MaxTransitionsPerFrame):
Localization Resource: (C:/Program Files/Epic Games/UE_4.15/Engine/Content/Localization/EditorTutorials/ko/EditorTutorials.locres) Source String Hash: (1567650430) Localized String: (이 머신에서 한 프레임 내 '동시에' 취할 수 있는 트랜지션 최대 수입니다.)
Localization Resource: (C:/Program Files/Epic Games/UE_4.15/Engine/Content/Localization/ToolTips/ko/ToolTips.locres) Source String Hash: (1567650430) Localized String: (프레임 당 최대 트랜지션 - 한 프레임에서 이 머신이 동시에 취할 수 있는 트랜지션 최대 수입니다.)
[2017.06.07-15.11.06:627][  0]LogTextLocalizationManager:Warning: Loaded localization resources contain conflicting entries for (Namespace:UObjectToolTips, Key:AnimNode_BlendSpacePlayer:PlayRate):
Localization Resource: (C:/Program Files/Epic Games/UE_4.15/Engine/Content/Localization/EditorTutorials/ko/EditorTutorials.locres) Source String Hash: (-1274923958) Localized String: (재생 속도 배수입니다. 음수가 되면 애니메이션을 역순으로 재생하게 됩니다.)
Localization Resource: (C:/Program Files/Epic Games/UE_4.15/Engine/Content/Localization/ToolTips/ko/ToolTips.locres) Source String Hash: (-1274923958) Localized String: (재생 속도 - 재생 속도 배수입니다. 음수가 되면 애니메이션을 거꾸로 재생합니다.)
[2017.06.07-15.11.06:627][  0]LogTextLocalizationManager:Warning: Loaded localization resources contain conflicting entries for (Namespace:UObjectToolTips, Key:AnimNode_BlendSpacePlayer:StartPosition):
Localization Resource: (C:/Program Files/Epic Games/UE_4.15/Engine/Content/Localization/EditorTutorials/ko/EditorTutorials.locres) Source String Hash: (-207153555) Localized String: (시작 위치 범위는 [0,1] 이며, 재초기화시에만 적용됩니다.
루핑을 하면, 1 회전 후 0.f 부터 시작할 것입니다.)
Localization Resource: (C:/Program Files/Epic Games/UE_4.15/Engine/Content/Localization/ToolTips/ko/ToolTips.locres) Source String Hash: (-207153555) Localized String: (시작 위치 - [0, 1] 범위의 시작 위치로, 재초기화할 때만 적용됩니다.
반복하면 1회전 후 0.f 부터 시작됩니다.)
[2017.06.07-15.11.06:627][  0]LogTextLocalizationManager:Warning: Loaded localization resources contain conflicting entries for (Namespace:UObjectToolTips, Key:CameraFilmbackSettings:SensorWidth):
Localization Resource: (C:/Program Files/Epic Games/UE_4.15/Engine/Content/Localization/ToolTips/ko/ToolTips.locres) Source String Hash: (-1448580153) Localized String: (센서 폭 - 필름백 또는 디지털 센서의 가로 크기로, mm 단위입니다.)
Localization Resource: (C:/Program Files/Epic Games/UE_4.15/Engine/Content/Localization/Engine/ko/Engine.locres) Source String Hash: (-1448580153) Localized String: (필름백 또는 디지털 센서의 가로 크기로, mm 단위입니다.)
[2017.06.07-15.11.06:627][  0]LogTextLocalizationManager:Warning: Loaded localization resources contain conflicting entries for (Namespace:UObjectToolTips, Key:CameraFilmbackSettings:SensorAspectRatio):
Localization Resource: (C:/Program Files/Epic Games/UE_4.15/Engine/Content/Localization/ToolTips/ko/ToolTips.locres) Source String Hash: (-194807515) Localized String: (센서 종횡비 - 읽기 전용입니다. 센서 치수에서 계산했습니다.)
Localization Resource: (C:/Program Files/Epic Games/UE_4.15/Engine/Content/Localization/Engine/ko/Engine.locres) Source String Hash: (-194807515) Localized String: (읽기 전용입니다. 센서 크기에서 계산했습니다.)
[2017.06.07-15.11.06:627][  0]LogTextLocalizationManager:Warning: Loaded localization resources contain conflicting entries for (Namespace:UObjectToolTips, Key:AnimNode_SequencePlayer:bLoopAnimation):
Localization Resource: (C:/Program Files/Epic Games/UE_4.15/Engine/Content/Localization/ToolTips/ko/ToolTips.locres) Source String Hash: (2133979316) Localized String: (루프 - 애니메이션이 끝에 도달했을 때 계속 반복시켜야 할까요?)
Localization Resource: (C:/Program Files/Epic Games/UE_4.15/Engine/Content/Localization/Engine/ko/Engine.locres) Source String Hash: (2133979316) Localized String: (애니메이션이 끝에 도달하면 계속해서 루핑시킬것인지 입니다.)
[2017.06.07-15.11.06:627][  0]LogTextLocalizationManager:Warning: Loaded localization resources contain conflicting entries for (Namespace:UObjectToolTips, Key:AnimNode_SequencePlayer:Sequence):
Localization Resource: (C:/Program Files/Epic Games/UE_4.15/Engine/Content/Localization/ToolTips/ko/ToolTips.locres) Source String Hash: (421436424) Localized String: (시퀀스 - 재생할 애니메이션 시퀀스 애셋입니다.)
Localization Resource: (C:/Program Files/Epic Games/UE_4.15/Engine/Content/Localization/Engine/ko/Engine.locres) Source String Hash: (421436424) Localized String: (재생할 애니메이션 시퀀스 애셋입니다.)
[2017.06.07-15.11.06:627][  0]LogTextLocalizationManager:Warning: Loaded localization resources contain conflicting entries for (Namespace:UObjectToolTips, Key:AnimNode_SequencePlayer:PlayRate):
Localization Resource: (C:/Program Files/Epic Games/UE_4.15/Engine/Content/Localization/ToolTips/ko/ToolTips.locres) Source String Hash: (-1274923958) Localized String: (재생 속도 - 재생 속도 배수입니다. 음수가 될 수 있으며, 그러면 애니메이션이 거꾸로 재생됩니다.)
Localization Resource: (C:/Program Files/Epic Games/UE_4.15/Engine/Content/Localization/Engine/ko/Engine.locres) Source String Hash: (-1274923958) Localized String: (플레이 속도 배수입니다. 음수가 되면 애니메이션이 역방향으로 재생됩니다.)
[2017.06.07-15.11.06:627][  0]LogTextLocalizationManager:Warning: Loaded localization resources contain conflicting entries for (Namespace:UObjectToolTips, Key:AnimNode_SequencePlayer:StartPosition):
Localization Resource: (C:/Program Files/Epic Games/UE_4.15/Engine/Content/Localization/ToolTips/ko/ToolTips.locres) Source String Hash: (771611000) Localized String: (시작 위치 - 시작 위치로 재초기화할 때만 적용됩니다.
반복하면, 1회전 후 0.f 부터 시작됩니다.)
Localization Resource: (C:/Program Files/Epic Games/UE_4.15/Engine/Content/Localization/Engine/ko/Engine.locres) Source String Hash: (771611000) Localized String: (시작 위치로, 재초기화시에만 적용됩니다.
루핑을 하면, 1회전 후 0.f 부터 시작할 것입니다.)
[2017.06.07-15.11.06:627][  0]LogTextLocalizationManager:Warning: Loaded localization resources contain conflicting entries for (Namespace:UObjectToolTips, Key:CameraFilmbackSettings:SensorHeight):
Localization Resource: (C:/Program Files/Epic Games/UE_4.15/Engine/Content/Localization/ToolTips/ko/ToolTips.locres) Source String Hash: (-1311569777) Localized String: (센서 높이 - 필름백 또는 디지털 센서의 세로 크기로, mm 단위입니다.)
Localization Resource: (C:/Program Files/Epic Games/UE_4.15/Engine/Content/Localization/Engine/ko/Engine.locres) Source String Hash: (-1311569777) Localized String: (필름백 또는 디지털 센서의 세로 크기로, mm 단위입니다.)
[2017.06.07-15.11.06:858][  0]LogD3D11RHI: D3D11 adapters:
[2017.06.07-15.11.06:926][  0]LogD3D11RHI:    0. 'NVIDIA GeForce GTX 970' (Feature Level 11_0)
[2017.06.07-15.11.06:926][  0]LogD3D11RHI:       4059/0/1998 MB DedicatedVideo/DedicatedSystem/SharedSystem, Outputs:1, VendorId:0x10de
[2017.06.07-15.11.06:950][  0]LogD3D11RHI:    1. 'Intel(R) HD Graphics 4600' (Feature Level 11_0)
[2017.06.07-15.11.06:950][  0]LogD3D11RHI:       112/0/1998 MB DedicatedVideo/DedicatedSystem/SharedSystem, Outputs:1, VendorId:0x8086
[2017.06.07-15.11.06:953][  0]LogD3D11RHI:    2. 'Microsoft Basic Render Driver' (Feature Level 11_0)
[2017.06.07-15.11.06:953][  0]LogD3D11RHI:       0/0/1998 MB DedicatedVideo/DedicatedSystem/SharedSystem, Outputs:0, VendorId:0x1414
[2017.06.07-15.11.06:953][  0]LogD3D11RHI: Chosen D3D11 Adapter: 0
[2017.06.07-15.11.06:963][  0]LogD3D11RHI: Creating new Direct3DDevice
[2017.06.07-15.11.06:963][  0]LogD3D11RHI:     GPU DeviceId: 0x13c2 (for the marketing name, search the web for "GPU Device Id")
[2017.06.07-15.11.06:963][  0]LogWindows: EnumDisplayDevices:
[2017.06.07-15.11.06:963][  0]LogWindows:    0. 'NVIDIA GeForce GTX 970' (P:1 D:1)
[2017.06.07-15.11.06:964][  0]LogWindows:    1. 'NVIDIA GeForce GTX 970' (P:0 D:0)
[2017.06.07-15.11.06:964][  0]LogWindows:    2. 'NVIDIA GeForce GTX 970' (P:0 D:0)
[2017.06.07-15.11.06:965][  0]LogWindows:    3. 'NVIDIA GeForce GTX 970' (P:0 D:0)
[2017.06.07-15.11.06:965][  0]LogWindows:    4. 'Intel(R) HD Graphics 4600' (P:0 D:1)
[2017.06.07-15.11.06:966][  0]LogWindows:    5. 'Intel(R) HD Graphics 4600' (P:0 D:0)
[2017.06.07-15.11.06:967][  0]LogWindows:    6. 'Intel(R) HD Graphics 4600' (P:0 D:0)
[2017.06.07-15.11.06:967][  0]LogWindows: DebugString: PrimaryIsNotTheChoosenAdapter PrimaryIsNotTheChoosenAdapter PrimaryIsNotTheChoosenAdapter FoundDriverCount:4 
[2017.06.07-15.11.06:967][  0]LogD3D11RHI:     Adapter Name: NVIDIA GeForce GTX 970
[2017.06.07-15.11.06:967][  0]LogD3D11RHI:   Driver Version: 382.05 (internal:22.21.13.8205, unified:382.05)
[2017.06.07-15.11.06:967][  0]LogD3D11RHI:      Driver Date: 5-1-2017
[2017.06.07-15.11.06:967][  0]LogRHI: Texture pool is 1361 MB (70% of 1945 MB)
[2017.06.07-15.11.07:004][  0]LogD3D11RHI: Async texture creation enabled
[2017.06.07-15.11.07:018][  0]LogD3D11RHI: GPU Timing Frequency: 1000.000000 (Debug: 2 1)
[2017.06.07-15.11.07:074][  0]LogShaderCompilers: Guid format shader working directory is 28 characters bigger than the processId version (D:/UNNAMED/UNNAMED/Intermediate/Shaders/WorkingDirectory/1284/).
[2017.06.07-15.11.07:075][  0]LogShaderCompilers: Cleaned the shader compiler working directory 'C:/Users/duck2/AppData/Local/Temp/UnrealShaderWorkingDir/34CC8C4F487563F31D8E1EA54433D616/'.
[2017.06.07-15.11.07:075][  0]LogShaderCompilers:Display: Using Local Shader Compiler.
[2017.06.07-15.11.08:904][  0]LogTemp:Display: Loaded TP WindowsClientTargetPlatform
[2017.06.07-15.11.09:007][  0]LogTemp:Display: Loaded TP WindowsNoEditorTargetPlatform
[2017.06.07-15.11.09:114][  0]LogTemp:Display: Loaded TP WindowsServerTargetPlatform
[2017.06.07-15.11.09:199][  0]LogTemp:Display: Loaded TP WindowsTargetPlatform
[2017.06.07-15.11.09:199][  0]LogTargetPlatformManager:Display: Building Assets For Windows
[2017.06.07-15.11.10:009][  0]LogDerivedDataCache:Display: Max Cache Size: 512 MB
[2017.06.07-15.11.10:308][  0]LogDerivedDataCache: Loaded boot cache 0.30s 50MB C:/Users/duck2/AppData/Local/UnrealEngine/4.15/DerivedDataCache/Boot.ddc.
[2017.06.07-15.11.10:308][  0]LogDerivedDataCache:Display: Loaded Boot cache: C:/Users/duck2/AppData/Local/UnrealEngine/4.15/DerivedDataCache/Boot.ddc
[2017.06.07-15.11.10:308][  0]LogDerivedDataCache: FDerivedDataBackendGraph:  Pak pak cache file D:/UNNAMED/UNNAMED/DerivedDataCache/DDC.ddp not found, will not use a pak cache.
[2017.06.07-15.11.10:308][  0]LogDerivedDataCache: Unable to find inner node Pak for hierarchical cache Hierarchy.
[2017.06.07-15.11.10:308][  0]LogDerivedDataCache: FDerivedDataBackendGraph:  CompressedPak pak cache file D:/UNNAMED/UNNAMED/DerivedDataCache/Compressed.ddp not found, will not use a pak cache.
[2017.06.07-15.11.10:308][  0]LogDerivedDataCache: Unable to find inner node CompressedPak for hierarchical cache Hierarchy.
[2017.06.07-15.11.10:330][  0]LogDerivedDataCache:Display: Pak cache opened for reading ../../../Engine/DerivedDataCache/Compressed.ddp.
[2017.06.07-15.11.10:343][  0]LogDerivedDataCache: Using Local data cache path C:/Users/duck2/AppData/Local/UnrealEngine/Common/DerivedDataCache: Writable
[2017.06.07-15.11.10:355][  0]LogSlate: Using Freetype 2.6.0
[2017.06.07-15.11.10:357][  0]LogSlate: SlateFontCache - WITH_FREETYPE: 1, WITH_HARFBUZZ: 1
[2017.06.07-15.11.10:357][  0]LogSlate: SlateFontCache - WITH_FREETYPE: 1, WITH_HARFBUZZ: 1
[2017.06.07-15.11.11:014][  0]LogAssetRegistry: FAssetRegistry took 0.0001 seconds to start up
[2017.06.07-15.11.11:023][  0]LogPackageLocalizationCache: Processed 3 localized package path(s) for 2 prioritized culture(s) in 0.008616 seconds
[2017.06.07-15.11.11:049][  0]LogInit: Selected Device Profile: [Windows]
[2017.06.07-15.11.11:051][  0]LogContentStreaming: Texture pool size is 1000.00 MB
[2017.06.07-15.11.11:386][  0]LogMeshUtilities: Using QuadricMeshReduction for automatic static mesh reduction
[2017.06.07-15.11.11:481][  0]LogSimplygon: Simplygon DLL not present - disabling.
[2017.06.07-15.11.11:578][  0]LogMeshUtilities: Using SimplygonSwarm for distributed automatic mesh merging
[2017.06.07-15.11.11:578][  0]LogMeshUtilities: No automatic skeletal mesh reduction module available
[2017.06.07-15.11.11:578][  0]LogMeshUtilities: No automatic mesh merging module available
[2017.06.07-15.11.12:362][  0]LogNetVersion: GetLocalNetworkVersion: CL: 3299760, ProjectName: unnamed, ProjectVersion: , EngineNetworkVersion: 2, GameNetworkVersion: 0, NetworkChecksum: 1184173371
[2017.06.07-15.11.14:260][  0]LogMoviePlayer: Initializing movie player
[2017.06.07-15.11.14:392][  0]LogWindowsTextInputMethodSystem:Display: IME system now activated using TSF (Microsoft 입력기).
[2017.06.07-15.11.15:158][  0]LogTcpMessaging: Initializing TcpMessaging bridge
[2017.06.07-15.11.15:228][  0]LogUdpMessaging: Initializing bridge on interface 0.0.0.0:0 to multicast group 230.0.0.1:6666.
[2017.06.07-15.11.15:930][  0]SourceControl: 정보 소스 콘트롤이 꺼졌습니다.
[2017.06.07-15.11.15:930][  0]SourceControl: 정보 소스 콘트롤이 꺼졌습니다.
[2017.06.07-15.11.16:034][  0]SourceControl: 정보 소스 콘트롤이 꺼졌습니다.
[2017.06.07-15.11.17:424][  0]LogUObjectArray: 34415 objects as part of root set at end of initial load.
[2017.06.07-15.11.17:424][  0]LogUObjectAllocator: 7853184 out of 0 bytes used by permanent object pool.
[2017.06.07-15.11.17:424][  0]LogUObjectArray: CloseDisregardForGC: 0/0 objects in disregard for GC pool
[2017.06.07-15.11.17:616][  0]LogEngine: Initializing Engine...
[2017.06.07-15.11.17:617][  0]LogHMD: Failed to initialize OpenVR with code 110
[2017.06.07-15.11.17:796][  0]LogInit: XAudio2 using '헤드폰(High Definition Audio 장치)' : 2 channels at 44.1 kHz using 16 bits per sample (channel mask 0x3)
[2017.06.07-15.11.17:825][  0]LogInit: FAudioDevice initialized.
[2017.06.07-15.11.17:846][  0]LogInit: Texture streaming: Enabled
[2017.06.07-15.11.17:865][  0]LogMaterial: Uniform references updated for custom material expression Custom.
[2017.06.07-15.11.18:663][  0]LogClass:Warning: Enum '/Game/BP/E_GameState.E_GameState' was upgraded to use FText to store its display name data. Please re-save this asset to avoid issues with localization and determinstic cooking.
[2017.06.07-15.11.18:958][  0]LogInit:Display: Game Engine Initialized.
[2017.06.07-15.11.19:362][  0]LogInit:Display: Starting Game.
[2017.06.07-15.11.19:362][  0]LogNet: Browse: /Temp/Autosaves/Game/Map/UEDPCMain?Name=Player
[2017.06.07-15.11.19:362][  0]LogLoad: LoadMap: /Temp/Autosaves/Game/Map/UEDPCMain?Name=Player
[2017.06.07-15.11.19:400][  0]LogMemory: Platform Memory Stats for Windows
[2017.06.07-15.11.19:400][  0]LogMemory: Process Physical Memory: 661.41 MB used, 673.20 MB peak
[2017.06.07-15.11.19:400][  0]LogMemory: Process Virtual Memory: 729.87 MB used, 729.89 MB peak
[2017.06.07-15.11.19:400][  0]LogMemory: Physical Memory: 3327.99 MB used,  668.16 MB free, 3996.15 MB total
[2017.06.07-15.11.19:400][  0]LogMemory: Virtual Memory: 1303.86 MB used,  668.16 MB free, 134217728.00 MB total
[2017.06.07-15.11.19:400][  0]LogMemory: 
[2017.06.07-15.11.19:400][  0]Allocator Stats for TBB: (not implemented)
[2017.06.07-15.11.22:198][  0]LogAIModule: Creating AISystem for world Main
[2017.06.07-15.11.22:198][  0]LogLoad: Game class is 'pregame_C'
[2017.06.07-15.11.22:201][  0]LogWorld: Bringing World /Temp/Autosaves/Game/Map/UEDPCMain.Main up for play (max tick rate 0) at 2017.06.08-00.11.22
[2017.06.07-15.11.22:201][  0]LogWorld: Bringing up level for play took: 0.001657
[2017.06.07-15.11.22:203][  0]LogSpawn:Warning: SpawnActor failed because no class was specified
[2017.06.07-15.11.22:245][  0]LogGameMode:Display: Match State Changed from EnteringMap to WaitingToStart
[2017.06.07-15.11.22:245][  0]LogGameState: Match State Changed from EnteringMap to WaitingToStart
[2017.06.07-15.11.22:245][  0]LogGameMode:Display: Match State Changed from WaitingToStart to InProgress
[2017.06.07-15.11.22:245][  0]r.SetRes = "1920x1080f"
[2017.06.07-15.11.22:246][  0]LogBlueprintUserMessages: [Main_C_1] 1.0
[2017.06.07-15.11.22:256][  0]LogGameState: Match State Changed from WaitingToStart to InProgress
[2017.06.07-15.11.22:257][  0]LogLoad: Took 2.894083 seconds to LoadMap(/Temp/Autosaves/Game/Map/UEDPCMain)
[2017.06.07-15.11.22:291][  0]LogSlate: Took 0.033371 seconds to synchronously load lazily loaded font '../../../Engine/Content/Slate/Fonts/NanumGothic.ttf' (4243K)
[2017.06.07-15.11.22:294][  0]LogSlate: Took 0.001440 seconds to synchronously load lazily loaded font '../../../Engine/Content/Slate/Fonts/Roboto-Regular.ttf' (155K)
[2017.06.07-15.11.22:307][  0]LogD3D11RHI: IDXGISwapChain::SetFullscreenState returned 887a0022; waiting for the next frame to try again.
[2017.06.07-15.11.22:424][  0]LogRenderer: Reallocating scene render targets to support 1920x1080 NumSamples 1 (Frame:2).
[2017.06.07-15.11.22:798][  0]LogLoad: (Engine Initialization) Total time: 20.10 seconds
[2017.06.07-15.11.22:798][  0]LogLoad: (Engine Initialization) Total Blueprint compile time: 1.70 seconds
[2017.06.07-15.11.22:798][  0]LogExternalProfiler: Found external profiler: VSPerf
[2017.06.07-15.11.22:798][  0]LogExternalProfiler: Using external profiler: VSPerf
[2017.06.07-15.11.22:818][  0]LogOcInput: OculusInput pre-init called
[2017.06.07-15.11.28:993][327]LogNetVersion: GetLocalNetworkVersion: CL: 3299760, ProjectName: unnamed, ProjectVersion: 1.0.0.0, EngineNetworkVersion: 2, GameNetworkVersion: 0, NetworkChecksum: 2893060150
[2017.06.07-15.11.28:997][327]LogInit: WinSock: I am DESKTOP-F27I5IQ (192.168.35.98:0)
[2017.06.07-15.11.30:076][327]LogPackageName: SearchForPackageOnDisk took   0.376s to resolve stage.umap.
[2017.06.07-15.11.30:077][327]LogGameMode:Display: Match State Changed from InProgress to LeavingMap
[2017.06.07-15.11.30:077][327]LogGameState: Match State Changed from InProgress to LeavingMap
[2017.06.07-15.11.30:262][327]LogPackageName: SearchForPackageOnDisk took   0.185s to resolve stage.umap.
[2017.06.07-15.11.30:262][327]LogNet: Browse: /Game/Map/stage?listen
[2017.06.07-15.11.30:262][327]LogLoad: LoadMap: /Game/Map/stage?listen
[2017.06.07-15.11.30:402][327]LogMemory: Platform Memory Stats for Windows
[2017.06.07-15.11.30:402][327]LogMemory: Process Physical Memory: 792.63 MB used, 852.78 MB peak
[2017.06.07-15.11.30:402][327]LogMemory: Process Virtual Memory: 1145.17 MB used, 1273.73 MB peak
[2017.06.07-15.11.30:402][327]LogMemory: Physical Memory: 3335.05 MB used,  661.10 MB free, 3996.15 MB total
[2017.06.07-15.11.30:402][327]LogMemory: Virtual Memory: 1806.00 MB used,  661.10 MB free, 134217728.00 MB total
[2017.06.07-15.11.30:402][327]LogMemory: 
[2017.06.07-15.11.30:402][327]Allocator Stats for TBB: (not implemented)
[2017.06.07-15.11.33:220][327]LogLinker:Warning: '/Game/Landscapes/Materials/sue079' 파일을 찾을 수 없습니다.
[2017.06.07-15.11.33:221][327]LoadErrors: 정보 로드에 실패했습니다. /Game/Landscapes/Materials/sue079.sue079 레퍼런싱한 것: MaterialExpressionTextureSample_0
[2017.06.07-15.11.33:221][327]LogUObjectGlobals:Warning: '/Game/Landscapes/Materials/sue079': '/Game/Landscapes/Materials/sue079' 파일을 찾을 수 없습니다. 로드에 실패했습니다.
[2017.06.07-15.11.33:221][327]LogLinker:Warning: NULL 로드중 '/Game/Landscapes/Materials/sue079' 애셋에 대한 파일을 찾을 수 없습니다.
[2017.06.07-15.11.33:221][327]LoadErrors: 정보 로드에 실패했습니다. /Game/Landscapes/Materials/sue079.sue079 레퍼런싱한 것: MaterialExpressionTextureSample_0
[2017.06.07-15.11.33:221][327]LogUObjectGlobals:Warning: '/Game/Landscapes/Materials/sue079': NULL 로드중 '/Game/Landscapes/Materials/sue079' 애셋에 대한 파일을 찾을 수 없습니다. 로드에 실패했습니다.
[2017.06.07-15.11.33:221][327]LogLinker:Warning: '/Game/Landscapes/Materials/sup025' 파일을 찾을 수 없습니다.
[2017.06.07-15.11.33:221][327]LoadErrors: 정보 로드에 실패했습니다. /Game/Landscapes/Materials/sup025.sup025 레퍼런싱한 것: MaterialExpressionTextureSample_1
[2017.06.07-15.11.33:221][327]LogUObjectGlobals:Warning: '/Game/Landscapes/Materials/sup025': '/Game/Landscapes/Materials/sup025' 파일을 찾을 수 없습니다. 로드에 실패했습니다.
[2017.06.07-15.11.33:221][327]LogLinker:Warning: NULL 로드중 '/Game/Landscapes/Materials/sup025' 애셋에 대한 파일을 찾을 수 없습니다.
[2017.06.07-15.11.33:221][327]LoadErrors: 정보 로드에 실패했습니다. /Game/Landscapes/Materials/sup025.sup025 레퍼런싱한 것: MaterialExpressionTextureSample_1
[2017.06.07-15.11.33:221][327]LogUObjectGlobals:Warning: '/Game/Landscapes/Materials/sup025': NULL 로드중 '/Game/Landscapes/Materials/sup025' 애셋에 대한 파일을 찾을 수 없습니다. 로드에 실패했습니다.
[2017.06.07-15.11.33:223][327]LogLinker:Warning: '/Game/Landscapes/Materials/sup088' 파일을 찾을 수 없습니다.
[2017.06.07-15.11.33:223][327]LoadErrors: 정보 로드에 실패했습니다. /Game/Landscapes/Materials/sup088.sup088 레퍼런싱한 것: MaterialExpressionTextureSample_2
[2017.06.07-15.11.33:223][327]LogUObjectGlobals:Warning: '/Game/Landscapes/Materials/sup088': '/Game/Landscapes/Materials/sup088' 파일을 찾을 수 없습니다. 로드에 실패했습니다.
[2017.06.07-15.11.33:223][327]LogLinker:Warning: NULL 로드중 '/Game/Landscapes/Materials/sup088' 애셋에 대한 파일을 찾을 수 없습니다.
[2017.06.07-15.11.33:223][327]LoadErrors: 정보 로드에 실패했습니다. /Game/Landscapes/Materials/sup088.sup088 레퍼런싱한 것: MaterialExpressionTextureSample_2
[2017.06.07-15.11.33:224][327]LogUObjectGlobals:Warning: '/Game/Landscapes/Materials/sup088': NULL 로드중 '/Game/Landscapes/Materials/sup088' 애셋에 대한 파일을 찾을 수 없습니다. 로드에 실패했습니다.
[2017.06.07-15.11.34:493][327]LogPackageName:Warning: String asset reference "FX_Meshes.UI.SM_SelectionMesh_01" is in short form, which is unsupported and -- even if valid -- resolving it will be really slow.
[2017.06.07-15.11.34:493][327]LogPackageName:Warning: Please consider resaving package in order to speed-up loading.
[2017.06.07-15.11.35:108][327]LogPackageName: SearchForPackageOnDisk took   0.614s, but failed to resolve FX_Meshes.
[2017.06.07-15.11.35:108][327]LogPackageName:Warning: String asset reference "FX_Meshes.UI.SM_SelectionMesh_01" could not be resolved.
[2017.06.07-15.11.35:266][327]LogMaterial: Missing cached shader map for material Mat_ground, compiling. 
[2017.06.07-15.11.35:271][327]LogMaterial:Warning: Failed to compile Material /Game/Landscapes/Materials/Mat_ground.Mat_ground for platform PCD3D_SM5, Default Material will be used in game.
[2017.06.07-15.11.35:271][327]LogMaterial:Warning: 	(Node TextureSample) TextureSample> Missing input texture
[2017.06.07-15.11.38:176][327]LogAIModule: Creating AISystem for world stage
[2017.06.07-15.11.38:177][327]LogLoad: Game class is 'MyGameMode_C'
[2017.06.07-15.11.38:179][327]LogOnline:Warning: STEAM: Steamworks: SteamUtils() failed!
[2017.06.07-15.11.38:179][327]LogOnline:Warning: STEAM: Steamworks: SteamUser() failed!
[2017.06.07-15.11.38:179][327]LogOnline:Warning: STEAM: Steamworks: SteamFriends() failed!
[2017.06.07-15.11.38:179][327]LogOnline:Warning: STEAM: Steamworks: SteamRemoteStorage() failed!
[2017.06.07-15.11.38:179][327]LogOnline:Warning: STEAM: Steamworks: SteamUserStats() failed!
[2017.06.07-15.11.38:179][327]LogOnline:Warning: STEAM: Steamworks: SteamMatchmakingServers() failed!
[2017.06.07-15.11.38:179][327]LogOnline:Warning: STEAM: Steamworks: SteamApps() failed!
[2017.06.07-15.11.38:179][327]LogOnline:Warning: STEAM: Steamworks: SteamNetworking() failed!
[2017.06.07-15.11.38:179][327]LogOnline:Warning: STEAM: Steamworks: SteamMatchmaking() failed!
[2017.06.07-15.11.38:179][327]LogOnline:Display: STEAM: OnlineSubsystemSteam::Shutdown()
[2017.06.07-15.11.38:180][327]LogOnline:Warning: STEAM: Steam API failed to initialize!
[2017.06.07-15.11.38:180][327]LogOnline:Display: STEAM: OnlineSubsystemSteam::Shutdown()
[2017.06.07-15.11.38:183][327]LogInit: WinSock: Socket queue 131072 / 131072
[2017.06.07-15.11.38:185][327]PacketHandlerLog: Loaded PacketHandler component: Engine.EngineHandlerComponentFactory (StatelessConnectHandlerComponent)
[2017.06.07-15.11.38:187][327]LogNet: GameNetDriver IpNetDriver_0 IpNetDriver listening on port 7777
[2017.06.07-15.11.38:232][327]LogWorld: Bringing World /Game/Map/stage.stage up for play (max tick rate 0) at 2017.06.08-00.11.38
[2017.06.07-15.11.38:237][327]LogWorld: Bringing up level for play took: 0.048567
[2017.06.07-15.11.38:240][327]LogGameMode:Display: Match State Changed from EnteringMap to WaitingToStart
[2017.06.07-15.11.38:240][327]LogGameState: Match State Changed from EnteringMap to WaitingToStart
[2017.06.07-15.11.38:240][327]LogGameMode:Display: Match State Changed from WaitingToStart to InProgress
[2017.06.07-15.11.38:254][327]LogBlueprintUserMessages: [messageScroll_116] DESKTOP-F27I5IQ-5DEE
[2017.06.07-15.11.38:259][327]LogBlueprintUserMessages: [playercon_C_0] 1
[2017.06.07-15.11.38:261][327]LogGameState: Match State Changed from WaitingToStart to InProgress
[2017.06.07-15.11.38:264][327]LogLoad: Took 8.001620 seconds to LoadMap(/Game/Map/stage)
[2017.06.07-15.11.38:372][328]LogNet: UNetDriver::TickDispatch: Very long time between ticks. DeltaTime: 9.38, Realtime: 0.11. IpNetDriver_0
[2017.06.07-15.11.38:375][328]PIE:Warning: 경고 위젯이 포커스를 지원하지 않습니다. UserWidget 인 경우, bIsFocusable 을 true 로 설정해야 합니다.
[2017.06.07-15.11.38:963][364]LogBlueprintUserMessages: [stage_C_1] 레벨블루프린트 스폰 스테이지 리미터
[2017.06.07-15.11.44:450][701]LogScriptCore:Warning: Script Msg: Divide by zero
Script call stack:
	Function /Game/Widget/PHUD.PHUD_C:RMouseSkillCoolTimeBar

[2017.06.07-15.11.44:450][701]LogScriptCore:Warning: Script Msg: Divide by zero
Script call stack:
	Function /Game/Widget/PHUD.PHUD_C:ShiftSkillCoolTimeBar

[2017.06.07-15.11.44:458][702]LogScriptCore:Warning: Script Msg: Divide by zero
Script call stack:
	Function /Game/Widget/PHUD.PHUD_C:RMouseSkillCoolTimeBar

[2017.06.07-15.11.44:458][702]LogScriptCore:Warning: Script Msg: Divide by zero
Script call stack:
	Function /Game/Widget/PHUD.PHUD_C:ShiftSkillCoolTimeBar

[2017.06.07-15.11.44:475][703]LogScriptCore:Warning: Script Msg: Divide by zero
Script call stack:
	Function /Game/Widget/PHUD.PHUD_C:RMouseSkillCoolTimeBar

[2017.06.07-15.11.44:475][703]LogScriptCore:Warning: Script Msg: Divide by zero
Script call stack:
	Function /Game/Widget/PHUD.PHUD_C:ShiftSkillCoolTimeBar

[2017.06.07-15.11.44:490][704]LogScriptCore:Warning: Script Msg: Divide by zero
Script call stack:
	Function /Game/Widget/PHUD.PHUD_C:RMouseSkillCoolTimeBar

[2017.06.07-15.11.44:490][704]LogScriptCore:Warning: Script Msg: Divide by zero
Script call stack:
	Function /Game/Widget/PHUD.PHUD_C:ShiftSkillCoolTimeBar

[2017.06.07-15.11.44:508][705]LogScriptCore:Warning: Script Msg: Divide by zero
Script call stack:
	Function /Game/Widget/PHUD.PHUD_C:RMouseSkillCoolTimeBar

[2017.06.07-15.11.44:508][705]LogScriptCore:Warning: Script Msg: Divide by zero
Script call stack:
	Function /Game/Widget/PHUD.PHUD_C:ShiftSkillCoolTimeBar

[2017.06.07-15.13.46:633][240]LogBlueprintUserMessages: [Wolf_C_19] 300
[2017.06.07-15.13.46:634][240]LogBlueprintUserMessages: [Wolf_C_15] 83.813
[2017.06.07-15.13.46:665][242]LogBlueprintUserMessages: [Wolf_C_16] 83.813
[2017.06.07-15.13.46:665][242]LogBlueprintUserMessages: [Wolf_C_18] 83.776
[2017.06.07-15.13.46:665][242]LogBlueprintUserMessages: [Wolf_C_19] 83.848
[2017.06.07-15.13.46:666][242]LogBlueprintUserMessages: [Wolf_C_17] 83.813
[2017.06.07-15.13.46:666][242]LogBlueprintUserMessages: [Wolf_C_15] 300
[2017.06.07-15.13.46:697][244]LogBlueprintUserMessages: [Wolf_C_18] 300
[2017.06.07-15.13.46:697][244]LogBlueprintUserMessages: [Wolf_C_15] 83.849
[2017.06.07-15.13.52:786][621]LogBlueprintUserMessages: [Wolf_C_18] 83.984
[2017.06.07-15.13.52:787][621]LogBlueprintUserMessages: [Wolf_C_16] 300
[2017.06.07-15.13.52:787][621]LogBlueprintUserMessages: [Wolf_C_15] 83.878
[2017.06.07-15.13.52:788][621]LogBlueprintUserMessages: [Wolf_C_19] 4.351
[2017.06.07-15.13.52:788][621]LogBlueprintUserMessages: [Wolf_C_18] 83.998
[2017.06.07-15.13.52:789][621]LogBlueprintUserMessages: [Wolf_C_16] 83.878
[2017.06.07-15.13.52:789][621]LogBlueprintUserMessages: [Wolf_C_15] 300
[2017.06.07-15.13.52:790][621]LogBlueprintUserMessages: [Wolf_C_19] 83.848
[2017.06.07-15.13.52:790][621]LogBlueprintUserMessages: [Wolf_C_17] 83.829
[2017.06.07-15.13.52:790][621]LogBlueprintUserMessages: [Wolf_C_16] 4.351
[2017.06.07-15.13.52:790][621]LogBlueprintUserMessages: [Wolf_C_15] 83.848
[2017.06.07-15.13.52:791][621]LogBlueprintUserMessages: [Wolf_C_19] 300
[2017.06.07-15.13.52:791][621]LogBlueprintUserMessages: [Wolf_C_17] 6.461
[2017.06.07-15.13.52:792][621]LogBlueprintUserMessages: [Wolf_C_15] 83.829
[2017.06.07-15.13.52:792][621]LogBlueprintUserMessages: [Wolf_C_19] 6.461
[2017.06.07-15.13.52:793][621]LogBlueprintUserMessages: [Wolf_C_17] 300
[2017.06.07-15.13.53:246][649]LogBlueprintUserMessages: [Wolf_C_18] 83.984
[2017.06.07-15.13.53:246][649]LogBlueprintUserMessages: [Wolf_C_16] 300
[2017.06.07-15.13.53:246][649]LogBlueprintUserMessages: [Wolf_C_15] 83.878
[2017.06.07-15.13.53:247][649]LogBlueprintUserMessages: [Wolf_C_19] 4.351
[2017.06.07-15.13.53:247][649]LogBlueprintUserMessages: [Wolf_C_18] 83.998
[2017.06.07-15.13.53:248][649]LogBlueprintUserMessages: [Wolf_C_16] 83.878
[2017.06.07-15.13.53:248][649]LogBlueprintUserMessages: [Wolf_C_17] 83.829
[2017.06.07-15.13.53:248][649]LogBlueprintUserMessages: [Wolf_C_15] 300
[2017.06.07-15.13.53:249][649]LogBlueprintUserMessages: [Wolf_C_19] 83.848
[2017.06.07-15.13.53:249][649]LogBlueprintUserMessages: [Wolf_C_16] 4.351
[2017.06.07-15.13.53:250][649]LogBlueprintUserMessages: [Wolf_C_17] 6.461
[2017.06.07-15.13.53:250][649]LogBlueprintUserMessages: [Wolf_C_15] 83.848
[2017.06.07-15.13.53:252][649]LogBlueprintUserMessages: [Wolf_C_19] 300
[2017.06.07-15.13.53:254][649]LogBlueprintUserMessages: [Wolf_C_17] 300
[2017.06.07-15.13.53:255][649]LogBlueprintUserMessages: [Wolf_C_15] 83.829
[2017.06.07-15.13.53:255][649]LogBlueprintUserMessages: [Wolf_C_19] 6.461
[2017.06.07-15.13.53:520][665]LogBlueprintUserMessages: [Wolf_C_18] 83.984
[2017.06.07-15.13.53:520][665]LogBlueprintUserMessages: [Wolf_C_16] 300
[2017.06.07-15.13.53:521][665]LogBlueprintUserMessages: [Wolf_C_19] 4.351
[2017.06.07-15.13.53:522][665]LogBlueprintUserMessages: [Wolf_C_15] 83.878
[2017.06.07-15.13.53:522][665]LogBlueprintUserMessages: [Wolf_C_16] 4.351
[2017.06.07-15.13.53:523][665]LogBlueprintUserMessages: [Wolf_C_19] 300
[2017.06.07-15.13.53:524][665]LogBlueprintUserMessages: [Wolf_C_17] 6.461
[2017.06.07-15.13.53:524][665]LogBlueprintUserMessages: [Wolf_C_15] 83.848
[2017.06.07-15.13.53:525][665]LogBlueprintUserMessages: [Wolf_C_18] 83.998
[2017.06.07-15.13.53:526][665]LogBlueprintUserMessages: [Wolf_C_16] 83.878
[2017.06.07-15.13.53:527][665]LogBlueprintUserMessages: [Wolf_C_19] 83.848
[2017.06.07-15.13.53:527][665]LogBlueprintUserMessages: [Wolf_C_17] 83.829
[2017.06.07-15.13.53:527][665]LogBlueprintUserMessages: [Wolf_C_15] 300
[2017.06.07-15.13.53:529][665]LogBlueprintUserMessages: [Wolf_C_19] 6.461
[2017.06.07-15.13.53:529][665]LogBlueprintUserMessages: [Wolf_C_17] 300
[2017.06.07-15.13.53:529][665]LogBlueprintUserMessages: [Wolf_C_15] 83.829
[2017.06.07-15.13.53:590][666]LogSlate: Took 0.035699 seconds to synchronously load lazily loaded font '../../../Engine/Content/Slate/Fonts/NanumGothic.ttf' (4243K)
[2017.06.07-15.13.53:593][666]LogSlate: Took 0.001379 seconds to synchronously load lazily loaded font '../../../Engine/Content/Slate/Fonts/Roboto-Regular.ttf' (155K)
[2017.06.07-15.14.09:165][563]LogWindowsTextInputMethodSystem:Display: IME system now activated using TSF (Microsoft 입력기).
[2017.06.07-15.14.09:173][564]LogEngine: All Windows Closed
[2017.06.07-15.14.09:173][564]LogWindows: FPlatformMisc::RequestExit(0)
[2017.06.07-15.14.09:174][565]LogMoviePlayer: Shutting down movie player
[2017.06.07-15.14.09:710][565]LogNet: World NetDriver shutdown IpNetDriver_0 [GameNetDriver]
[2017.06.07-15.14.09:711][565]LogNet: DestroyNamedNetDriver IpNetDriver_0 [GameNetDriver]
[2017.06.07-15.14.09:713][565]LogExit: GameNetDriver IpNetDriver_0 shut down
[2017.06.07-15.14.09:747][565]LogExit: Preparing to exit.
[2017.06.07-15.14.10:538][565]LogExit: Game engine shut down
[2017.06.07-15.14.10:777][565]LogObj: Freed 0b from 0 cluster array pools.
[2017.06.07-15.14.10:777][565]LogExit: Object subsystem successfully closed.
[2017.06.07-15.14.10:826][565]LogD3D11RHI: Shutdown
[2017.06.07-15.14.10:826][565]LogD3D11RHI: CleanupD3DDevice
[2017.06.07-15.14.11:035][565]LogD3D11RHI: ~FD3D11DynamicRHI
[2017.06.07-15.14.11:092][565]LogModuleManager: Shutting down and abandoning module SequenceRecorderSections (268)
[2017.06.07-15.14.11:092][565]LogModuleManager: Shutting down and abandoning module SequenceRecorder (266)
[2017.06.07-15.14.11:093][565]LogModuleManager: Shutting down and abandoning module AutomationController (264)
[2017.06.07-15.14.11:094][565]LogModuleManager: Shutting down and abandoning module AutomationWorker (262)
[2017.06.07-15.14.11:094][565]LogModuleManager: Shutting down and abandoning module Voice (260)
[2017.06.07-15.14.11:094][565]LogModuleManager: Shutting down and abandoning module AIModule (258)
[2017.06.07-15.14.11:095][565]LogModuleManager: Shutting down and abandoning module GameplayDebugger (257)
[2017.06.07-15.14.11:096][565]LogModuleManager: Shutting down and abandoning module AITestSuite (255)
[2017.06.07-15.14.11:096][565]LogModuleManager: Shutting down and abandoning module WmfMediaFactory (252)
[2017.06.07-15.14.11:096][565]LogModuleManager: Shutting down and abandoning module MfMediaFactory (250)
[2017.06.07-15.14.11:096][565]LogModuleManager: Shutting down and abandoning module AvfMediaFactory (248)
[2017.06.07-15.14.11:096][565]LogModuleManager: Shutting down and abandoning module AndroidMediaFactory (246)
[2017.06.07-15.14.11:096][565]LogModuleManager: Shutting down and abandoning module Media (245)
[2017.06.07-15.14.11:096][565]LogModuleManager: Shutting down and abandoning module CharacterAI (242)
[2017.06.07-15.14.11:096][565]LogModuleManager: Shutting down and abandoning module SessionServices (240)
[2017.06.07-15.14.11:096][565]LogModuleManager: Shutting down and abandoning module MovieSceneCapture (238)
[2017.06.07-15.14.11:096][565]LogModuleManager: Shutting down and abandoning module GeometryCache (236)
[2017.06.07-15.14.11:096][565]LogModuleManager: Shutting down and abandoning module GeometryCacheEd (235)
[2017.06.07-15.14.11:096][565]LogModuleManager: Shutting down and abandoning module Niagara (232)
[2017.06.07-15.14.11:096][565]LogModuleManager: Shutting down and abandoning module StreamingPauseRendering (230)
[2017.06.07-15.14.11:096][565]LogModuleManager: Shutting down and abandoning module PortalServices (228)
[2017.06.07-15.14.11:096][565]LogModuleManager: Shutting down and abandoning module PortalRpc (226)
[2017.06.07-15.14.11:096][565]LogModuleManager: Shutting down and abandoning module MessagingRpc (224)
[2017.06.07-15.14.11:096][565]LogModuleManager: Shutting down and abandoning module ProfilerService (222)
[2017.06.07-15.14.11:205][565]LogModuleManager: Shutting down and abandoning module TaskGraph (220)
[2017.06.07-15.14.11:207][565]LogModuleManager: Shutting down and abandoning module SteamVRController (218)
[2017.06.07-15.14.11:207][565]LogModuleManager: Shutting down and abandoning module SteamVR (216)
[2017.06.07-15.14.11:207][565]LogModuleManager: Shutting down and abandoning module ProceduralMeshComponent (214)
[2017.06.07-15.14.11:207][565]LogModuleManager: Shutting down and abandoning module OculusLibrary (212)
[2017.06.07-15.14.11:207][565]LogModuleManager: Shutting down and abandoning module OculusInput (210)
[2017.06.07-15.14.11:207][565]LogModuleManager: Shutting down and abandoning module MobilePatchingUtils (208)
[2017.06.07-15.14.11:207][565]LogModuleManager: Shutting down and abandoning module CustomMeshComponent (206)
[2017.06.07-15.14.11:207][565]LogModuleManager: Shutting down and abandoning module CableComponent (204)
[2017.06.07-15.14.11:207][565]LogModuleManager: Shutting down and abandoning module ArchVisCharacter (202)
[2017.06.07-15.14.11:207][565]LogModuleManager: Shutting down and abandoning module HTML5Networking (200)
[2017.06.07-15.14.11:207][565]LogModuleManager: Shutting down and abandoning module VisualStudioSourceCodeAccess (198)
[2017.06.07-15.14.11:207][565]LogModuleManager: Shutting down and abandoning module DesktopPlatform (197)
[2017.06.07-15.14.11:208][565]LogModuleManager: Shutting down and abandoning module HotReload (195)
[2017.06.07-15.14.11:209][565]LogModuleManager: Shutting down and abandoning module DirectoryWatcher (194)
[2017.06.07-15.14.11:209][565]LogModuleManager: Shutting down and abandoning module UObjectPlugin (190)
[2017.06.07-15.14.11:209][565]LogModuleManager: Shutting down and abandoning module SubversionSourceControl (188)
[2017.06.07-15.14.11:210][565]LogModuleManager: Shutting down and abandoning module PerforceSourceControl (186)
[2017.06.07-15.14.11:211][565]LogModuleManager: Shutting down and abandoning module SourceControl (185)
[2017.06.07-15.14.11:211][565]LogModuleManager: Shutting down and abandoning module PhysXVehiclesEditor (182)
[2017.06.07-15.14.11:212][565]LogModuleManager: Shutting down and abandoning module PhysXVehicles (180)
[2017.06.07-15.14.11:212][565]LogModuleManager: Shutting down and abandoning module LocationServicesBPLibrary (178)
[2017.06.07-15.14.11:212][565]LogModuleManager: Shutting down and abandoning module UdpMessaging (176)
[2017.06.07-15.14.11:312][565]LogModuleManager: Shutting down and abandoning module TcpMessaging (174)
[2017.06.07-15.14.11:413][565]LogModuleManager: Shutting down and abandoning module GameplayTagsEditor (172)
[2017.06.07-15.14.11:413][565]LogModuleManager: Shutting down and abandoning module FacialAnimation (170)
[2017.06.07-15.14.11:413][565]LogModuleManager: Shutting down and abandoning module LightPropagationVolumeRuntime (168)
[2017.06.07-15.14.11:413][565]LogModuleManager: Shutting down and abandoning module Paper2D (166)
[2017.06.07-15.14.11:413][565]LogModuleManager: Shutting down and abandoning module WindowsMoviePlayer (164)
[2017.06.07-15.14.11:413][565]LogModuleManager: Shutting down and abandoning module WmfMedia (162)
[2017.06.07-15.14.11:414][565]LogModuleManager: Shutting down and abandoning module MfMedia (160)
[2017.06.07-15.14.11:414][565]LogModuleManager: Shutting down and abandoning module MediaAssets (158)
[2017.06.07-15.14.11:414][565]LogModuleManager: Shutting down and abandoning module GameLiveStreaming (156)
[2017.06.07-15.14.11:415][565]LogModuleManager: Shutting down and abandoning module VREditor (154)
[2017.06.07-15.14.11:415][565]LogModuleManager: Shutting down and abandoning module GameplayTasksEditor (152)
[2017.06.07-15.14.11:415][565]LogModuleManager: Shutting down and abandoning module BehaviorTreeEditor (150)
[2017.06.07-15.14.11:416][565]LogModuleManager: Shutting down and abandoning module FunctionalTesting (148)
[2017.06.07-15.14.11:417][565]LogModuleManager: Shutting down and abandoning module CollisionAnalyzer (146)
[2017.06.07-15.14.11:418][565]LogModuleManager: Shutting down and abandoning module UMG (144)
[2017.06.07-15.14.11:418][565]LogModuleManager: Shutting down and abandoning module UMGEditor (143)
[2017.06.07-15.14.11:419][565]LogModuleManager: Shutting down and abandoning module Sequencer (142)
[2017.06.07-15.14.11:420][565]LogModuleManager: Shutting down and abandoning module AssetTools (140)
[2017.06.07-15.14.11:423][565]LogModuleManager: Shutting down and abandoning module MessageLog (139)
[2017.06.07-15.14.11:423][565]LogModuleManager: Shutting down and abandoning module WorkspaceMenuStructure (138)
[2017.06.07-15.14.11:423][565]LogModuleManager: Shutting down and abandoning module SlateReflector (132)
[2017.06.07-15.14.11:426][565]LogModuleManager: Shutting down and abandoning module Slate (130)
[2017.06.07-15.14.11:426][565]LogModuleManager: Shutting down and abandoning module EditorStyle (128)
[2017.06.07-15.14.11:430][565]LogModuleManager: Shutting down and abandoning module Messaging (126)
[2017.06.07-15.14.11:430][565]LogModuleManager: Shutting down and abandoning module SourceCodeAccess (124)
[2017.06.07-15.14.11:430][565]LogModuleManager: Shutting down and abandoning module HeadMountedDisplay (122)
[2017.06.07-15.14.11:430][565]LogModuleManager: Shutting down and abandoning module XAudio2 (120)
[2017.06.07-15.14.11:430][565]LogModuleManager: Shutting down and abandoning module Networking (118)
[2017.06.07-15.14.11:430][565]LogModuleManager: Shutting down and abandoning module Core (116)
[2017.06.07-15.14.11:430][565]LogModuleManager: Shutting down and abandoning module KismetCompiler (114)
[2017.06.07-15.14.11:430][565]LogModuleManager: Shutting down and abandoning module PhysXFormats (112)
[2017.06.07-15.14.11:430][565]LogModuleManager: Shutting down and abandoning module MeshUtilities (110)
[2017.06.07-15.14.11:431][565]LogModuleManager: Shutting down and abandoning module SimplygonSwarm (109)
[2017.06.07-15.14.11:432][565]LogModuleManager: Shutting down and abandoning module SimplygonMeshReduction (107)
[2017.06.07-15.14.11:432][565]LogModuleManager: Shutting down and abandoning module QuadricMeshReduction (105)
[2017.06.07-15.14.11:432][565]LogModuleManager: Shutting down and abandoning module PropertyEditor (103)
[2017.06.07-15.14.11:435][565]LogModuleManager: Shutting down and abandoning module AssetRegistry (100)
[2017.06.07-15.14.11:436][565]LogModuleManager: Shutting down and abandoning module DerivedDataCache (98)
[2017.06.07-15.14.11:508][565]LogDerivedDataCache: Shutdown
[2017.06.07-15.14.11:508][565]LogModuleManager: Shutting down and abandoning module TargetPlatform (96)
[2017.06.07-15.14.11:508][565]LogModuleManager: Shutting down and abandoning module VulkanShaderFormat (95)
[2017.06.07-15.14.11:508][565]LogModuleManager: Shutting down and abandoning module ShaderFormatOpenGL (93)
[2017.06.07-15.14.11:509][565]LogModuleManager: Shutting down and abandoning module ShaderFormatD3D (91)
[2017.06.07-15.14.11:509][565]LogModuleManager: Shutting down and abandoning module MetalShaderFormat (89)
[2017.06.07-15.14.11:510][565]LogModuleManager: Shutting down and abandoning module TextureFormatUncompressed (87)
[2017.06.07-15.14.11:510][565]LogModuleManager: Shutting down and abandoning module TextureFormatPVR (85)
[2017.06.07-15.14.11:510][565]LogModuleManager: Shutting down and abandoning module TextureFormatDXT (83)
[2017.06.07-15.14.11:510][565]LogModuleManager: Shutting down and abandoning module TextureFormatIntelISPCTexComp (81)
[2017.06.07-15.14.11:511][565]LogModuleManager: Shutting down and abandoning module TextureFormatASTC (79)
[2017.06.07-15.14.11:511][565]LogModuleManager: Shutting down and abandoning module ImageWrapper (78)
[2017.06.07-15.14.11:511][565]LogModuleManager: Shutting down and abandoning module TextureFormatAndroid (75)
[2017.06.07-15.14.11:511][565]LogModuleManager: Shutting down and abandoning module AudioFormatOpus (73)
[2017.06.07-15.14.11:512][565]LogModuleManager: Shutting down and abandoning module AudioFormatOgg (71)
[2017.06.07-15.14.11:512][565]LogModuleManager: Shutting down and abandoning module AudioFormatADPCM (69)
[2017.06.07-15.14.11:512][565]LogModuleManager: Shutting down and abandoning module WindowsTargetPlatform (67)
[2017.06.07-15.14.11:512][565]LogModuleManager: Shutting down and abandoning module WindowsServerTargetPlatform (65)
[2017.06.07-15.14.11:512][565]LogModuleManager: Shutting down and abandoning module WindowsNoEditorTargetPlatform (63)
[2017.06.07-15.14.11:512][565]LogModuleManager: Shutting down and abandoning module WindowsClientTargetPlatform (61)
[2017.06.07-15.14.11:512][565]LogModuleManager: Shutting down and abandoning module InputCore (58)
[2017.06.07-15.14.11:512][565]LogModuleManager: Shutting down and abandoning module Settings (56)
[2017.06.07-15.14.11:512][565]LogModuleManager: Shutting down and abandoning module OculusRift (54)
[2017.06.07-15.14.11:512][565]LogModuleManager: Shutting down and abandoning module GearVR (52)
[2017.06.07-15.14.11:512][565]LogModuleManager: Shutting down and abandoning module ExampleDeviceProfileSelector (50)
[2017.06.07-15.14.11:512][565]LogModuleManager: Shutting down and abandoning module OnlineBlueprintSupport (48)
[2017.06.07-15.14.11:512][565]LogModuleManager: Shutting down and abandoning module OnlineSubsystem (44)
[2017.06.07-15.14.11:512][565]LogOnline:Display: OSS: FOnlineSubsystemNull::Shutdown()
[2017.06.07-15.14.11:513][565]LogOnline:Display: Unloading online subsystem: STEAM
[2017.06.07-15.14.11:514][565]LogOnline:Display: Unloading online subsystem: NULL
[2017.06.07-15.14.11:514][565]LogModuleManager: Shutting down and abandoning module XMPP (37)
[2017.06.07-15.14.11:515][565]LogModuleManager: Shutting down and abandoning module HTTP (35)
[2017.06.07-15.14.11:531][565]LogModuleManager: Shutting down and abandoning module SSL (34)
[2017.06.07-15.14.11:535][565]LogModuleManager: Shutting down and abandoning module AudioEditor (30)
[2017.06.07-15.14.11:536][565]LogModuleManager: Shutting down and abandoning module TextureCompressor (28)
[2017.06.07-15.14.11:537][565]LogModuleManager: Shutting down and abandoning module ShaderCore (26)
[2017.06.07-15.14.11:537][565]LogModuleManager: Shutting down and abandoning module Landscape (24)
[2017.06.07-15.14.11:537][565]LogModuleManager: Shutting down and abandoning module SlateRHIRenderer (22)
[2017.06.07-15.14.11:539][565]LogModuleManager: Shutting down and abandoning module OpenGLDrv (20)
[2017.06.07-15.14.11:540][565]LogModuleManager: Shutting down and abandoning module D3D11RHI (18)
[2017.06.07-15.14.11:540][565]LogModuleManager: Shutting down and abandoning module AnimGraphRuntime (16)
[2017.06.07-15.14.11:541][565]LogModuleManager: Shutting down and abandoning module Renderer (14)
[2017.06.07-15.14.11:541][565]LogModuleManager: Shutting down and abandoning module Engine (12)
[2017.06.07-15.14.11:541][565]LogModuleManager: Shutting down and abandoning module CoreUObject (10)
[2017.06.07-15.14.11:541][565]LogModuleManager: Shutting down and abandoning module NetworkFile (8)
[2017.06.07-15.14.11:541][565]LogModuleManager: Shutting down and abandoning module StreamingFile (6)
[2017.06.07-15.14.11:541][565]LogModuleManager: Shutting down and abandoning module SandboxFile (4)
[2017.06.07-15.14.11:541][565]LogModuleManager: Shutting down and abandoning module PakFile (2)
[2017.06.07-15.14.11:545][565]LogExit: Exiting.
[2017.06.07-15.14.11:555][565]Log file closed, 06/08/17 00:14:11
