Log file open, 11/13/16 19:33:36
LogInit:Display: Running engine for game: UNNAMED
LogPlatformFile: Not using cached read wrapper
LogInit:Display: RandInit(-1863581577) SRandInit(-1863581576).
LogTaskGraph: Started task graph with 4 named threads and 7 total threads with 1 sets of task threads.
LogStats: Stats thread started at 0.107097
LogInit: Version: 4.12.5-3039270+++UE4+Release-4.12
LogInit: API Version: 2992821
LogInit: Net Version: 3039270
LogDevObjectVersion: Number of dev versions registered: 13
LogDevObjectVersion:   Dev-Blueprints (B0D832E4-1F89-4F0D-ACCF-7EB736FD4AA2): 3
LogDevObjectVersion:   Dev-Build (E1C64328-A22C-4D53-A36C-8E866417BD8C): 0
LogDevObjectVersion:   Dev-Core (375EC13C-06E4-48FB-B500-84F0262A717E): 1
LogDevObjectVersion:   Dev-Editor (E4B068ED-F494-42E9-A231-DA0B2E46BB41): 2
LogDevObjectVersion:   Dev-Framework (CFFC743F-43B0-4480-9391-14DF171D2073): 6
LogDevObjectVersion:   Dev-Mobile (B02B49B5-BB20-44E9-A304-32B752E40360): 0
LogDevObjectVersion:   Dev-Networking (A4E4105C-59A1-49B5-A7C5-40C4547EDFEE): 0
LogDevObjectVersion:   Dev-Online (39C831C9-5AE6-47DC-9A44-9C173E1C8E7C): 0
LogDevObjectVersion:   Dev-Physics (78F01B33-EBEA-4F98-B9B4-84EACCB95AA2): 0
LogDevObjectVersion:   Dev-Platform (6631380F-2D4D-43E0-8009-CF276956A95A): 0
LogDevObjectVersion:   Dev-Rendering (12F88B9F-8875-4AFC-A67C-D90C383ABD29): 2
LogDevObjectVersion:   Dev-Sequencer (7B5AE74C-D270-4C10-A958-57980B212A5A): 0
LogDevObjectVersion:   Dev-VR (D7296918-1DD6-4BDD-9DE2-64A83CC13884): 0
LogInit: Compiled (64-bit): Jul  6 2016 09:09:46
LogInit: Compiled with Visual C++: 19.00.23026.00
LogInit: Build Configuration: Development
LogInit: Branch Name: ++UE4+Release-4.12
LogInit: Command line:  /Temp/Autosaves/Game/Map/UEDPCMain -game -PIEVIACONSOLE -ResX=1280 -ResY=720  -Multiprocess -windowed -messaging -SessionName="Play in Standalone Game" 
LogInit: Base directory: C:/Program Files (x86)/Epic Games/4.12/Engine/Binaries/Win64/
LogInit: Installed Engine Build: 1
LogFileManager:Warning: Error deleting file: ../../../../../../Users/jcy/Documents/GitHub/UNNAMED/UNNAMED/Saved/Logs/UNNAMED.log (Error Code 32)
LogInit: Using libcurl 7.41.0
LogInit:  - built for x86_64-pc-win32
LogInit:  - supports SSL with WinSSL
LogInit:  - other features:
LogInit:      CURL_VERSION_SSL
LogInit:      CURL_VERSION_IPV6
LogInit:      CURL_VERSION_ASYNCHDNS
LogInit:      CURL_VERSION_LARGEFILE
LogInit:      CURL_VERSION_IDN
LogInit:  CurlRequestOptions (configurable via config and command line):
LogInit:  - bVerifyPeer = true  - Libcurl will verify peer certificate
LogInit:  - bUseHttpProxy = false  - Libcurl will NOT use HTTP proxy
LogInit:  - bDontReuseConnections = false  - Libcurl will reuse connections
LogInit:  - CertBundlePath = nullptr  - Libcurl will use whatever was configured at build time.
LogModuleManager:Warning: No filename provided for module OnlineSubsystemLAN
LogModuleManager:Warning: ModuleManager: Unable to load module 'OnlineSubsystemLAN' because the file 'C:/Program Files (x86)/Epic Games/4.12/Engine/Binaries/Win64/' was not found.
LogInit: WinSock: version 1.1 (2.2), MaxSocks=32767, MaxUdp=65467
LogVoice:Warning: Failed to initialize voice interface
LogInit: Presizing for max 8388607 objects, including 0 objects not considered by GC, pre-allocating 0 bytes for permanent pool.
LogInit: Object subsystem initialized
[2016.11.13-10.33.36:744][  0]LogInit: Selected Device Profile: [Windows]
[2016.11.13-10.33.36:744][  0]LogInit: Applying CVar settings loaded from the selected device profile: [Windows]
[2016.11.13-10.33.36:749][  0]LogInit: Computer: DESKTOP-5I3HB32
[2016.11.13-10.33.36:749][  0]LogInit: User: jcy
[2016.11.13-10.33.36:749][  0]LogInit: CPU Page size=65536, Cores=4
[2016.11.13-10.33.36:749][  0]LogInit: High frequency timer resolution =2.533196 MHz
[2016.11.13-10.33.36:749][  0]LogMemory: Memory total: Physical=7.9GB (8GB approx)
[2016.11.13-10.33.36:749][  0]LogMemory: Platform Memory Stats for Windows
[2016.11.13-10.33.36:749][  0]LogMemory: Process Physical Memory: 191.49 MB used, 191.49 MB peak
[2016.11.13-10.33.36:749][  0]LogMemory: Process Virtual Memory: 195.64 MB used, 195.64 MB peak
[2016.11.13-10.33.36:749][  0]LogMemory: Physical Memory: 4949.06 MB used, 8113.86 MB total
[2016.11.13-10.33.36:749][  0]LogMemory: Virtual Memory: 555.32 MB used, 134217728.00 MB total
[2016.11.13-10.33.37:412][  0]LogD3D11RHI: D3D11 adapters:
[2016.11.13-10.33.38:038][  0]LogD3D11RHI:    0. 'NVIDIA GeForce GTX 960M' (Feature Level 11_0)
[2016.11.13-10.33.38:038][  0]LogD3D11RHI:       2018/0/4056 MB DedicatedVideo/DedicatedSystem/SharedSystem, Outputs:2, VendorId:0x10de
[2016.11.13-10.33.38:044][  0]LogD3D11RHI:    1. 'Intel(R) HD Graphics 4600' (Feature Level 11_0)
[2016.11.13-10.33.38:045][  0]LogD3D11RHI:       112/0/2048 MB DedicatedVideo/DedicatedSystem/SharedSystem, Outputs:0, VendorId:0x8086
[2016.11.13-10.33.38:046][  0]LogD3D11RHI:    2. 'Microsoft Basic Render Driver' (Feature Level 11_0)
[2016.11.13-10.33.38:046][  0]LogD3D11RHI:       0/0/4056 MB DedicatedVideo/DedicatedSystem/SharedSystem, Outputs:0, VendorId:0x1414
[2016.11.13-10.33.38:046][  0]LogD3D11RHI: Chosen D3D11 Adapter: 0
[2016.11.13-10.33.38:050][  0]LogD3D11RHI: Creating new Direct3DDevice
[2016.11.13-10.33.38:050][  0]LogD3D11RHI:     GPU DeviceId: 0x139b (for the marketing name, search the web for "GPU Device Id")
[2016.11.13-10.33.38:050][  0]LogWindows: EnumDisplayDevices:
[2016.11.13-10.33.38:051][  0]LogWindows:    0. 'Intel(R) HD Graphics 4600' (P:1 D:1)
[2016.11.13-10.33.38:051][  0]LogWindows:    1. 'Intel(R) HD Graphics 4600' (P:0 D:1)
[2016.11.13-10.33.38:051][  0]LogWindows:    2. 'Intel(R) HD Graphics 4600' (P:0 D:0)
[2016.11.13-10.33.38:052][  0]LogWindows: DebugString: PrimaryIsNotTheChoosenAdapter PrimaryIsNotTheChoosenAdapter PrimaryIsNotTheChoosenAdapter FoundDriverCount:0 
[2016.11.13-10.33.38:052][  0]LogD3D11RHI:     Adapter Name: NVIDIA GeForce GTX 960M
[2016.11.13-10.33.38:052][  0]LogD3D11RHI:   Driver Version: Unknown (internal:Unknown, unified:Unknown)
[2016.11.13-10.33.38:052][  0]LogD3D11RHI:      Driver Date: Unknown
[2016.11.13-10.33.38:052][  0]LogRHI: Texture pool is 1361 MB (70% of 1945 MB)
[2016.11.13-10.33.38:611][  0]LogD3D11RHI: Async texture creation enabled
[2016.11.13-10.33.38:935][  0]LogD3D11RHI: GPU Timing Frequency: 1000.000000 (Debug: 2 1)
[2016.11.13-10.33.38:935][  0]LogShaderCompilers: Guid format shader working directory is -15 characters bigger than the processId version (../../../../../../Users/jcy/Documents/GitHub/UNNAMED/UNNAMED/Intermediate/Shaders/WorkingDirectory/136/).
[2016.11.13-10.33.38:935][  0]LogShaderCompilers: Cleaned the shader compiler working directory 'C:/Users/jcy/AppData/Local/Temp/UnrealShaderWorkingDir/BA77019C48176CEBA3CF07867B8B7FC6/'.
[2016.11.13-10.33.38:935][  0]LogShaderCompilers:Display: Using Local Shader Compiler.
[2016.11.13-10.33.40:019][  0]LogTemp:Display: Loaded TP WindowsClientTargetPlatform
[2016.11.13-10.33.40:035][  0]LogTemp:Display: Loaded TP WindowsNoEditorTargetPlatform
[2016.11.13-10.33.40:051][  0]LogTemp:Display: Loaded TP WindowsServerTargetPlatform
[2016.11.13-10.33.40:063][  0]LogTemp:Display: Loaded TP WindowsTargetPlatform
[2016.11.13-10.33.40:063][  0]LogTargetPlatformManager:Display: Building Assets For Windows
[2016.11.13-10.33.40:194][  0]LogDerivedDataCache:Display: Max Cache Size: 512 MB
[2016.11.13-10.33.40:210][  0]LogDerivedDataCache: Loaded boot cache 0.02s 12MB C:/Users/jcy/AppData/Local/UnrealEngine/4.12/DerivedDataCache/Boot.ddc.
[2016.11.13-10.33.40:210][  0]LogDerivedDataCache:Display: Loaded Boot cache: C:/Users/jcy/AppData/Local/UnrealEngine/4.12/DerivedDataCache/Boot.ddc
[2016.11.13-10.33.40:210][  0]LogDerivedDataCache: FDerivedDataBackendGraph:  Pak pak cache file ../../../../../../Users/jcy/Documents/GitHub/UNNAMED/UNNAMED/DerivedDataCache/DDC.ddp not found, will not use a pak cache.
[2016.11.13-10.33.40:210][  0]LogDerivedDataCache: Unable to find inner node Pak for hierarchical cache Hierarchy.
[2016.11.13-10.33.40:210][  0]LogDerivedDataCache: FDerivedDataBackendGraph:  CompressedPak pak cache file ../../../../../../Users/jcy/Documents/GitHub/UNNAMED/UNNAMED/DerivedDataCache/Compressed.ddp not found, will not use a pak cache.
[2016.11.13-10.33.40:210][  0]LogDerivedDataCache: Unable to find inner node CompressedPak for hierarchical cache Hierarchy.
[2016.11.13-10.33.40:227][  0]LogDerivedDataCache:Display: Pak cache opened for reading ../../../Engine/DerivedDataCache/Compressed.ddp.
[2016.11.13-10.33.40:240][  0]LogDerivedDataCache: Using Local data cache path C:/Users/jcy/AppData/Local/UnrealEngine/Common/DerivedDataCache: Writable
[2016.11.13-10.33.40:477][  0]LogAssetRegistry: FAssetRegistry took 0.0001 seconds to start up
[2016.11.13-10.33.40:482][  0]LogPackageLocalizationCache: Processed 3 localized package path(s) for 1 prioritized culture(s) in 0.004375 seconds
[2016.11.13-10.33.40:486][  0]LogInit: Selected Device Profile: [Windows]
[2016.11.13-10.33.40:487][  0]LogContentStreaming: Texture pool size is 1000.00 MB
[2016.11.13-10.33.40:663][  0]LogMeshUtilities: No automatic mesh reduction module available
[2016.11.13-10.33.40:663][  0]LogMeshUtilities: No automatic mesh merging module available
[2016.11.13-10.33.40:663][  0]LogMeshUtilities: No distributed automatic mesh merging module available
[2016.11.13-10.33.41:166][  0]LogSlate: SlateFontCache - WITH_FREETYPE: 1, WITH_HARFBUZZ: 1
[2016.11.13-10.33.41:166][  0]LogSlate: SlateFontCache - WITH_FREETYPE: 1, WITH_HARFBUZZ: 1
[2016.11.13-10.33.41:268][  0]LogMoviePlayer: Initializing movie player
[2016.11.13-10.33.41:350][  0]LogWindowsMoviePlayer: Unable to load movie: ../../../../../../Users/jcy/Documents/GitHub/UNNAMED/UNNAMED/Content/Movies/Default_Startup.mp4
[2016.11.13-10.33.41:461][  0]LogUdpMessaging: Initializing bridge on interface 0.0.0.0:0 to multicast group 230.0.0.1:6666.
[2016.11.13-10.33.41:539][  0]SourceControl: Info Source control is disabled
[2016.11.13-10.33.41:539][  0]SourceControl: Info Source control is disabled
[2016.11.13-10.33.41:555][  0]SourceControl: Info Source control is disabled
[2016.11.13-10.33.41:772][  0]LogUObjectArray: 30985 objects as part of root set at end of initial load.
[2016.11.13-10.33.41:772][  0]LogUObjectAllocator: 6717232 out of 0 bytes used by permanent object pool.
[2016.11.13-10.33.41:772][  0]LogUObjectArray: CloseDisregardForGC: 0/0 objects in disregard for GC pool
[2016.11.13-10.33.41:833][  0]LogEngine: Initializing Engine...
[2016.11.13-10.33.41:834][  0]LogHMD: SteamVR failed to initialize.  Err: 110
[2016.11.13-10.33.41:837][  0]LogHMD: SteamVR failed to initialize.  Err: 110
[2016.11.13-10.33.42:029][  0]LogInit: XAudio2 using '스피커(Realtek High Definition Audio)' : 2 channels at 48 kHz using 32 bits per sample (channel mask 0x3)
[2016.11.13-10.33.42:069][  0]LogInit: FAudioDevice initialized.
[2016.11.13-10.33.42:079][  0]LogInit: Texture streaming: Enabled
[2016.11.13-10.33.42:182][  0]LogNet: Browse: /Temp/Autosaves/Game/Map/UEDPCMain?Name=Player
[2016.11.13-10.33.42:182][  0]LogLoad: LoadMap: /Temp/Autosaves/Game/Map/UEDPCMain?Name=Player
[2016.11.13-10.33.42:202][  0]LogMemory: Platform Memory Stats for Windows
[2016.11.13-10.33.42:202][  0]LogMemory: Process Physical Memory: 598.11 MB used, 600.08 MB peak
[2016.11.13-10.33.42:202][  0]LogMemory: Process Virtual Memory: 662.54 MB used, 662.54 MB peak
[2016.11.13-10.33.42:202][  0]LogMemory: Physical Memory: 5188.27 MB used, 8113.86 MB total
[2016.11.13-10.33.42:202][  0]LogMemory: Virtual Memory: 1280.87 MB used, 134217728.00 MB total
[2016.11.13-10.33.42:202][  0]LogMemory: 
[2016.11.13-10.33.42:202][  0]Allocator Stats for TBB: (not implemented)
[2016.11.13-10.33.42:421][  0]LogAIModule: Creating AISystem for world Main
[2016.11.13-10.33.42:421][  0]LogWorld: Game class is 'pregame_C'
[2016.11.13-10.33.42:422][  0]LogWorld: Bringing World /Temp/Autosaves/Game/Map/UEDPCMain.Main up for play (max tick rate 0) at 2016.11.13-19.33.42
[2016.11.13-10.33.42:423][  0]LogWorld: Bringing up level for play took: 0.000792
[2016.11.13-10.33.42:423][  0]LogSpawn:Warning: SpawnActor failed because no class was specified
[2016.11.13-10.33.42:423][  0]LogGameMode: Couldn't spawn player controller of class NULL
[2016.11.13-10.33.42:423][  0]LogSpawn:Warning: Login failed: Failed to spawn player controller
[2016.11.13-10.33.42:423][  0]LogWindows: Windows GetLastError: 작업을 완료했습니다. (0)
[2016.11.13-10.33.43:086][  0]LogWindows:Error: === Critical error: ===
Fatal error: [File:D:\Build\++UE4+Release-4.12+Compile\Sync\Engine\Source\Runtime\Engine\Private\UnrealEngine.cpp] [Line: 9780] 
Couldn't spawn player: Failed to spawn player controller




[2016.11.13-10.33.43:087][  0]LogExit: Executing StaticShutdownAfterError
[2016.11.13-10.33.43:089][  0]LogWindows: FPlatformMisc::RequestExit(1)
[2016.11.13-10.33.43:089][  0]Log file closed, 11/13/16 19:33:43
