Log file open, 11/15/16 22:05:38
LogInit:Display: Running engine for game: UNNAMED
LogPlatformFile: Not using cached read wrapper
LogInit:Display: RandInit(-524285693) SRandInit(-524285690).
LogTaskGraph: Started task graph with 4 named threads and 7 total threads with 1 sets of task threads.
LogStats: Stats thread started at 0.099748
LogInit: Version: 4.12.5-3039270+++UE4+Release-4.12
LogInit: API Version: 2992821
LogInit: Net Version: 3039270
LogDevObjectVersion: Number of dev versions registered: 13
LogDevObjectVersion:   Dev-Blueprints (B0D832E4-1F89-4F0D-ACCF-7EB736FD4AA2): 3
LogDevObjectVersion:   Dev-Build (E1C64328-A22C-4D53-A36C-8E866417BD8C): 0
LogDevObjectVersion:   Dev-Core (375EC13C-06E4-48FB-B500-84F0262A717E): 1
LogDevObjectVersion:   Dev-Editor (E4B068ED-F494-42E9-A231-DA0B2E46BB41): 2
LogDevObjectVersion:   Dev-Framework (CFFC743F-43B0-4480-9391-14DF171D2073): 6
LogDevObjectVersion:   Dev-Mobile (B02B49B5-BB20-44E9-A304-32B752E40360): 0
LogDevObjectVersion:   Dev-Networking (A4E4105C-59A1-49B5-A7C5-40C4547EDFEE): 0
LogDevObjectVersion:   Dev-Online (39C831C9-5AE6-47DC-9A44-9C173E1C8E7C): 0
LogDevObjectVersion:   Dev-Physics (78F01B33-EBEA-4F98-B9B4-84EACCB95AA2): 0
LogDevObjectVersion:   Dev-Platform (6631380F-2D4D-43E0-8009-CF276956A95A): 0
LogDevObjectVersion:   Dev-Rendering (12F88B9F-8875-4AFC-A67C-D90C383ABD29): 2
LogDevObjectVersion:   Dev-Sequencer (7B5AE74C-D270-4C10-A958-57980B212A5A): 0
LogDevObjectVersion:   Dev-VR (D7296918-1DD6-4BDD-9DE2-64A83CC13884): 0
LogInit: Compiled (64-bit): Jul  6 2016 09:09:46
LogInit: Compiled with Visual C++: 19.00.23026.00
LogInit: Build Configuration: Development
LogInit: Branch Name: ++UE4+Release-4.12
LogInit: Command line:  117.16.45.141 -game
LogInit: Base directory: C:/Program Files (x86)/Epic Games/4.12/Engine/Binaries/Win64/
LogInit: Installed Engine Build: 1
LogInit: Using libcurl 7.41.0
LogInit:  - built for x86_64-pc-win32
LogInit:  - supports SSL with WinSSL
LogInit:  - other features:
LogInit:      CURL_VERSION_SSL
LogInit:      CURL_VERSION_IPV6
LogInit:      CURL_VERSION_ASYNCHDNS
LogInit:      CURL_VERSION_LARGEFILE
LogInit:      CURL_VERSION_IDN
LogInit:  CurlRequestOptions (configurable via config and command line):
LogInit:  - bVerifyPeer = true  - Libcurl will verify peer certificate
LogInit:  - bUseHttpProxy = false  - Libcurl will NOT use HTTP proxy
LogInit:  - bDontReuseConnections = false  - Libcurl will reuse connections
LogInit:  - CertBundlePath = nullptr  - Libcurl will use whatever was configured at build time.
LogModuleManager:Warning: No filename provided for module OnlineSubsystemLAN
LogModuleManager:Warning: ModuleManager: Unable to load module 'OnlineSubsystemLAN' because the file 'C:/Program Files (x86)/Epic Games/4.12/Engine/Binaries/Win64/' was not found.
LogInit: WinSock: version 1.1 (2.2), MaxSocks=32767, MaxUdp=65467
LogVoice:Warning: Failed to initialize voice interface
LogInit: Presizing for max 8388607 objects, including 0 objects not considered by GC, pre-allocating 0 bytes for permanent pool.
LogInit: Object subsystem initialized
[2016.11.15-13.05.38:427][  0]LogInit: Selected Device Profile: [Windows]
[2016.11.15-13.05.38:427][  0]LogInit: Applying CVar settings loaded from the selected device profile: [Windows]
[2016.11.15-13.05.38:446][  0]LogInit: Computer: DESKTOP-5I3HB32
[2016.11.15-13.05.38:446][  0]LogInit: User: jcy
[2016.11.15-13.05.38:446][  0]LogInit: CPU Page size=65536, Cores=4
[2016.11.15-13.05.38:446][  0]LogInit: High frequency timer resolution =2.533196 MHz
[2016.11.15-13.05.38:446][  0]LogMemory: Memory total: Physical=7.9GB (8GB approx)
[2016.11.15-13.05.38:446][  0]LogMemory: Platform Memory Stats for Windows
[2016.11.15-13.05.38:446][  0]LogMemory: Process Physical Memory: 192.65 MB used, 192.65 MB peak
[2016.11.15-13.05.38:446][  0]LogMemory: Process Virtual Memory: 195.55 MB used, 195.55 MB peak
[2016.11.15-13.05.38:446][  0]LogMemory: Physical Memory: 4845.86 MB used, 8113.86 MB total
[2016.11.15-13.05.38:446][  0]LogMemory: Virtual Memory: 555.32 MB used, 134217728.00 MB total
[2016.11.15-13.05.39:060][  0]LogD3D11RHI: D3D11 adapters:
[2016.11.15-13.05.39:841][  0]LogD3D11RHI:    0. 'NVIDIA GeForce GTX 960M' (Feature Level 11_0)
[2016.11.15-13.05.39:841][  0]LogD3D11RHI:       2018/0/4056 MB DedicatedVideo/DedicatedSystem/SharedSystem, Outputs:1, VendorId:0x10de
[2016.11.15-13.05.39:853][  0]LogD3D11RHI:    1. 'Intel(R) HD Graphics 4600' (Feature Level 11_0)
[2016.11.15-13.05.39:853][  0]LogD3D11RHI:       112/0/2048 MB DedicatedVideo/DedicatedSystem/SharedSystem, Outputs:0, VendorId:0x8086
[2016.11.15-13.05.39:854][  0]LogD3D11RHI:    2. 'Microsoft Basic Render Driver' (Feature Level 11_0)
[2016.11.15-13.05.39:854][  0]LogD3D11RHI:       0/0/4056 MB DedicatedVideo/DedicatedSystem/SharedSystem, Outputs:0, VendorId:0x1414
[2016.11.15-13.05.39:854][  0]LogD3D11RHI: Chosen D3D11 Adapter: 0
[2016.11.15-13.05.39:864][  0]LogD3D11RHI: Creating new Direct3DDevice
[2016.11.15-13.05.39:864][  0]LogD3D11RHI:     GPU DeviceId: 0x139b (for the marketing name, search the web for "GPU Device Id")
[2016.11.15-13.05.39:864][  0]LogWindows: EnumDisplayDevices:
[2016.11.15-13.05.39:865][  0]LogWindows:    0. 'Intel(R) HD Graphics 4600' (P:1 D:1)
[2016.11.15-13.05.39:865][  0]LogWindows:    1. 'Intel(R) HD Graphics 4600' (P:0 D:0)
[2016.11.15-13.05.39:866][  0]LogWindows:    2. 'Intel(R) HD Graphics 4600' (P:0 D:0)
[2016.11.15-13.05.39:866][  0]LogWindows: DebugString: PrimaryIsNotTheChoosenAdapter PrimaryIsNotTheChoosenAdapter PrimaryIsNotTheChoosenAdapter FoundDriverCount:0 
[2016.11.15-13.05.39:866][  0]LogD3D11RHI:     Adapter Name: NVIDIA GeForce GTX 960M
[2016.11.15-13.05.39:866][  0]LogD3D11RHI:   Driver Version: Unknown (internal:Unknown, unified:Unknown)
[2016.11.15-13.05.39:866][  0]LogD3D11RHI:      Driver Date: Unknown
[2016.11.15-13.05.39:866][  0]LogRHI: Texture pool is 1361 MB (70% of 1945 MB)
[2016.11.15-13.05.40:545][  0]LogD3D11RHI: Async texture creation enabled
[2016.11.15-13.05.40:600][  0]LogD3D11RHI: GPU Timing Frequency: 1000.000000 (Debug: 2 1)
[2016.11.15-13.05.40:601][  0]LogShaderCompilers: Guid format shader working directory is -16 characters bigger than the processId version (../../../../../../Users/jcy/Documents/GitHub/UNNAMED/UNNAMED/Intermediate/Shaders/WorkingDirectory/1108/).
[2016.11.15-13.05.40:602][  0]LogShaderCompilers: Cleaned the shader compiler working directory 'C:/Users/jcy/AppData/Local/Temp/UnrealShaderWorkingDir/CF88BD2245E6153034F411B02BF8BFE9/'.
[2016.11.15-13.05.40:602][  0]LogShaderCompilers:Display: Using Local Shader Compiler.
[2016.11.15-13.05.42:265][  0]LogTemp:Display: Loaded TP WindowsClientTargetPlatform
[2016.11.15-13.05.42:279][  0]LogTemp:Display: Loaded TP WindowsNoEditorTargetPlatform
[2016.11.15-13.05.42:293][  0]LogTemp:Display: Loaded TP WindowsServerTargetPlatform
[2016.11.15-13.05.42:309][  0]LogTemp:Display: Loaded TP WindowsTargetPlatform
[2016.11.15-13.05.42:309][  0]LogTargetPlatformManager:Display: Building Assets For Windows
[2016.11.15-13.05.42:468][  0]LogDerivedDataCache:Display: Max Cache Size: 512 MB
[2016.11.15-13.05.42:565][  0]LogDerivedDataCache: Loaded boot cache 0.10s 48MB C:/Users/jcy/AppData/Local/UnrealEngine/4.12/DerivedDataCache/Boot.ddc.
[2016.11.15-13.05.42:565][  0]LogDerivedDataCache:Display: Loaded Boot cache: C:/Users/jcy/AppData/Local/UnrealEngine/4.12/DerivedDataCache/Boot.ddc
[2016.11.15-13.05.42:565][  0]LogDerivedDataCache: FDerivedDataBackendGraph:  Pak pak cache file ../../../../../../Users/jcy/Documents/GitHub/UNNAMED/UNNAMED/DerivedDataCache/DDC.ddp not found, will not use a pak cache.
[2016.11.15-13.05.42:565][  0]LogDerivedDataCache: Unable to find inner node Pak for hierarchical cache Hierarchy.
[2016.11.15-13.05.42:566][  0]LogDerivedDataCache: FDerivedDataBackendGraph:  CompressedPak pak cache file ../../../../../../Users/jcy/Documents/GitHub/UNNAMED/UNNAMED/DerivedDataCache/Compressed.ddp not found, will not use a pak cache.
[2016.11.15-13.05.42:566][  0]LogDerivedDataCache: Unable to find inner node CompressedPak for hierarchical cache Hierarchy.
[2016.11.15-13.05.42:593][  0]LogDerivedDataCache:Display: Pak cache opened for reading ../../../Engine/DerivedDataCache/Compressed.ddp.
[2016.11.15-13.05.42:605][  0]LogDerivedDataCache: Using Local data cache path C:/Users/jcy/AppData/Local/UnrealEngine/Common/DerivedDataCache: Writable
[2016.11.15-13.05.42:970][  0]LogAssetRegistry: FAssetRegistry took 0.0001 seconds to start up
[2016.11.15-13.05.42:988][  0]LogPackageLocalizationCache: Processed 3 localized package path(s) for 1 prioritized culture(s) in 0.017913 seconds
[2016.11.15-13.05.42:993][  0]LogInit: Selected Device Profile: [Windows]
[2016.11.15-13.05.42:994][  0]LogContentStreaming: Texture pool size is 1000.00 MB
[2016.11.15-13.05.43:246][  0]LogMeshUtilities: No automatic mesh reduction module available
[2016.11.15-13.05.43:246][  0]LogMeshUtilities: No automatic mesh merging module available
[2016.11.15-13.05.43:246][  0]LogMeshUtilities: No distributed automatic mesh merging module available
[2016.11.15-13.05.43:844][  0]LogSlate: SlateFontCache - WITH_FREETYPE: 1, WITH_HARFBUZZ: 1
[2016.11.15-13.05.43:844][  0]LogSlate: SlateFontCache - WITH_FREETYPE: 1, WITH_HARFBUZZ: 1
[2016.11.15-13.05.43:987][  0]LogMoviePlayer: Initializing movie player
[2016.11.15-13.05.44:082][  0]LogWindowsMoviePlayer: Unable to load movie: ../../../../../../Users/jcy/Documents/GitHub/UNNAMED/UNNAMED/Content/Movies/Default_Startup.mp4
[2016.11.15-13.05.44:232][  0]SourceControl: Info Source control is disabled
[2016.11.15-13.05.44:232][  0]SourceControl: Info Source control is disabled
[2016.11.15-13.05.44:255][  0]SourceControl: Info Source control is disabled
[2016.11.15-13.05.44:571][  0]LogUObjectArray: 30985 objects as part of root set at end of initial load.
[2016.11.15-13.05.44:571][  0]LogUObjectAllocator: 6717232 out of 0 bytes used by permanent object pool.
[2016.11.15-13.05.44:571][  0]LogUObjectArray: CloseDisregardForGC: 0/0 objects in disregard for GC pool
[2016.11.15-13.05.44:647][  0]LogEngine: Initializing Engine...
[2016.11.15-13.05.44:648][  0]LogHMD: SteamVR failed to initialize.  Err: 110
[2016.11.15-13.05.44:649][  0]LogHMD: SteamVR failed to initialize.  Err: 110
[2016.11.15-13.05.44:860][  0]LogInit: XAudio2 using '스피커(Realtek High Definition Audio)' : 2 channels at 48 kHz using 32 bits per sample (channel mask 0x3)
[2016.11.15-13.05.44:927][  0]LogInit: FAudioDevice initialized.
[2016.11.15-13.05.44:978][  0]LogDerivedDataCache: Saved boot cache 0.05s 48MB C:/Users/jcy/AppData/Local/UnrealEngine/4.12/DerivedDataCache/Boot.ddc.
[2016.11.15-13.05.44:991][  0]LogInit: Texture streaming: Enabled
[2016.11.15-13.05.45:141][  0]LogNet: Browse: 117.16.45.141//Game/Map/Main?Name=Player
[2016.11.15-13.05.45:141][  0]LogInit: WinSock: Socket queue 32768 / 32768
[2016.11.15-13.05.45:143][  0]LogInit: WinSock: I am DESKTOP-5I3HB32 (192.168.0.3:0)
[2016.11.15-13.05.45:143][  0]PacketHandlerLog: Loaded PacketHandler component: Engine.EngineHandlerComponentFactory (StatelessConnectHandlerComponent)
[2016.11.15-13.05.45:143][  0]LogNet: Game client on port 7777, rate 10000
[2016.11.15-13.05.45:143][  0]LogNet: GetLocalNetworkVersion: GEngineNetVersion: 3039270, ProjectName: unnamed, ProjectVersion: 1.0.0.0, InternalProtocolVersion: 9, LocalNetworkVersion: 1745645396
[2016.11.15-13.05.45:144][  0]LogLoad:Error: Failed to enter /Game/Map/Main: . Please check the log for errors.
[2016.11.15-13.05.45:144][  0]LogNet: Browse: /Game/Map/Main?Name=Player
[2016.11.15-13.05.45:144][  0]LogLoad: LoadMap: /Game/Map/Main?Name=Player
[2016.11.15-13.05.45:175][  0]LogMemory: Platform Memory Stats for Windows
[2016.11.15-13.05.45:175][  0]LogMemory: Process Physical Memory: 572.69 MB used, 598.89 MB peak
[2016.11.15-13.05.45:175][  0]LogMemory: Process Virtual Memory: 625.91 MB used, 653.27 MB peak
[2016.11.15-13.05.45:175][  0]LogMemory: Physical Memory: 5188.78 MB used, 8113.86 MB total
[2016.11.15-13.05.45:175][  0]LogMemory: Virtual Memory: 1242.29 MB used, 134217728.00 MB total
[2016.11.15-13.05.45:175][  0]LogMemory: 
[2016.11.15-13.05.45:175][  0]Allocator Stats for TBB: (not implemented)
[2016.11.15-13.05.45:405][  0]LogAIModule: Creating AISystem for world Main
[2016.11.15-13.05.45:405][  0]LogWorld: Game class is 'pregame_C'
[2016.11.15-13.05.45:407][  0]LogWorld: Bringing World /Game/Map/Main.Main up for play (max tick rate 0) at 2016.11.15-22.05.45
[2016.11.15-13.05.45:408][  0]LogWorld: Bringing up level for play took: 0.001272
[2016.11.15-13.05.45:408][  0]LogGameMode: Warning - PATHS NOT DEFINED or NO PLAYERSTART with positive rating
[2016.11.15-13.05.45:409][  0]LogSpawn:Warning: SpawnActor failed because no class was specified
[2016.11.15-13.05.45:412][  0]LogLoad: Took 0.268144 seconds to LoadMap(/Game/Map/Main)
[2016.11.15-13.05.45:412][  0]LogInit:Display: Game Engine Initialized.
[2016.11.15-13.05.45:658][  0]LogLoad: Full Startup: 8.63 seconds (BP compile: 0.08 seconds)
[2016.11.15-13.05.45:658][  0]LogExternalProfiler: Found external profiler: VSPerf
[2016.11.15-13.05.45:658][  0]LogExternalProfiler: Using external profiler: VSPerf
[2016.11.15-13.05.45:676][  0]LogWindowsTextInputMethodSystem:Display: IME system now activated using TSF (Microsoft 입력기).
[2016.11.15-13.05.45:679][  0]LogOcInput: OculusInput pre-init called
[2016.11.15-13.05.45:791][  2]LogRenderer: Reallocating scene render targets to support 1920x1080 (Frame:2).
[2016.11.15-13.06.15:135][816]LogNet: Browse: 192.168.0.3//Game/Map/Main
[2016.11.15-13.06.15:135][816]LogNet: UNetConnection::Close: [UNetConnection] RemoteAddr: 117.16.45.141:7777, Name: IpConnection_0, Driver: PendingNetDriver IpNetDriver_0, IsServer: NO, PC: NULL, Owner: NULL, Channels: 2, Time: 2016.11.15-13.06.15
[2016.11.15-13.06.15:135][816]LogNet: UChannel::Close: Sending CloseBunch. ChIndex == 0. Name: [UChannel] ChIndex: 0, Closing: 0 [UNetConnection] RemoteAddr: 117.16.45.141:7777, Name: IpConnection_0, Driver: PendingNetDriver IpNetDriver_0, IsServer: NO, PC: NULL, Owner: NULL
[2016.11.15-13.06.15:135][816]LogNet: DestroyNamedNetDriver IpNetDriver_0 [PendingNetDriver]
[2016.11.15-13.06.15:135][816]LogExit: PendingNetDriver IpNetDriver_0 shut down
[2016.11.15-13.06.15:135][816]LogInit: WinSock: Socket queue 32768 / 32768
[2016.11.15-13.06.15:136][816]PacketHandlerLog: Loaded PacketHandler component: Engine.EngineHandlerComponentFactory (StatelessConnectHandlerComponent)
[2016.11.15-13.06.15:136][816]LogNet: Game client on port 7777, rate 10000
[2016.11.15-13.06.15:136][816]LogNet: GetLocalNetworkVersion: GEngineNetVersion: 3039270, ProjectName: unnamed, ProjectVersion: 1.0.0.0, InternalProtocolVersion: 9, LocalNetworkVersion: 1745645396
[2016.11.15-13.06.15:183][819]LogHandshake: SendChallengeResponse. Timestamp: 31.616331, Cookie: 066025065173068030186094090008205136083220141192045215114029
[2016.11.15-13.06.15:473][837]LogNet: Welcomed by server (Level: /Game/Map/dd, Game: /Game/BP/MyGameMode.MyGameMode_C)
[2016.11.15-13.06.15:474][837]LogLoad: LoadMap: 192.168.0.3//Game/Map/dd?game=/Game/BP/MyGameMode.MyGameMode_C
[2016.11.15-13.06.15:520][837]LogMemory: Platform Memory Stats for Windows
[2016.11.15-13.06.15:520][837]LogMemory: Process Physical Memory: 635.00 MB used, 650.79 MB peak
[2016.11.15-13.06.15:520][837]LogMemory: Process Virtual Memory: 957.64 MB used, 971.94 MB peak
[2016.11.15-13.06.15:520][837]LogMemory: Physical Memory: 5219.38 MB used, 8113.86 MB total
[2016.11.15-13.06.15:520][837]LogMemory: Virtual Memory: 1583.17 MB used, 134217728.00 MB total
[2016.11.15-13.06.15:520][837]LogMemory: 
[2016.11.15-13.06.15:520][837]Allocator Stats for TBB: (not implemented)
[2016.11.15-13.06.16:282][837]LogAIModule: Creating AISystem for world dd
[2016.11.15-13.06.16:285][837]LogWorld: Bringing World /Game/Map/dd.dd up for play (max tick rate 0) at 2016.11.15-22.06.16
[2016.11.15-13.06.16:286][837]LogWorld: Bringing up level for play took: 0.002312
[2016.11.15-13.06.16:286][837]LogLoad: Took 0.812142 seconds to LoadMap(/Game/Map/dd)
[2016.11.15-13.06.16:369][839]LogSpawn:Warning: SpawnActor failed because no class was specified
[2016.11.15-13.06.16:453][841]LogBlueprintUserMessages: [dd_C_1] 씨바
[2016.11.15-13.06.24:364][307]LogNet:Warning: Network Failure: GameNetDriver[FailureReceived]: Host closed the connection.
[2016.11.15-13.06.24:364][307]LogNet: NetworkFailure: FailureReceived, Error: 'Host closed the connection.'
[2016.11.15-13.06.24:364][307]LogNet: UNetConnection::Close: [UNetConnection] RemoteAddr: 192.168.0.3:7777, Name: IpConnection_1, Driver: GameNetDriver IpNetDriver_1, IsServer: NO, PC: playercon_C_0, Owner: playercon_C_0, Channels: 11, Time: 2016.11.15-13.06.24
[2016.11.15-13.06.24:364][307]LogNet: UChannel::Close: Sending CloseBunch. ChIndex == 0. Name: [UChannel] ChIndex: 0, Closing: 0 [UNetConnection] RemoteAddr: 192.168.0.3:7777, Name: IpConnection_1, Driver: GameNetDriver IpNetDriver_1, IsServer: NO, PC: playercon_C_0, Owner: playercon_C_0
[2016.11.15-13.06.24:365][307]LogNet:Warning: Network Failure: GameNetDriver[ConnectionLost]: Your connection to the host has been lost.
[2016.11.15-13.06.24:365][307]LogNet: NetworkFailure: ConnectionLost, Error: 'Your connection to the host has been lost.'
[2016.11.15-13.06.24:379][308]LogNet: Browse: /Game/Map/Main?closed
[2016.11.15-13.06.24:379][308]LogNet: Failed; returning to Entry
[2016.11.15-13.06.24:382][308]LogLoad: LoadMap: /Game/Map/Main?closed
[2016.11.15-13.06.24:382][308]LogNet: World NetDriver shutdown IpNetDriver_1 [GameNetDriver]
[2016.11.15-13.06.24:382][308]LogNet: DestroyNamedNetDriver IpNetDriver_1 [GameNetDriver]
[2016.11.15-13.06.24:382][308]LogExit: GameNetDriver IpNetDriver_1 shut down
[2016.11.15-13.06.24:456][308]LogMemory: Platform Memory Stats for Windows
[2016.11.15-13.06.24:456][308]LogMemory: Process Physical Memory: 634.44 MB used, 698.33 MB peak
[2016.11.15-13.06.24:456][308]LogMemory: Process Virtual Memory: 1038.01 MB used, 1105.53 MB peak
[2016.11.15-13.06.24:456][308]LogMemory: Physical Memory: 5141.53 MB used, 8113.86 MB total
[2016.11.15-13.06.24:456][308]LogMemory: Virtual Memory: 1660.13 MB used, 134217728.00 MB total
[2016.11.15-13.06.24:456][308]LogMemory: 
[2016.11.15-13.06.24:456][308]Allocator Stats for TBB: (not implemented)
[2016.11.15-13.06.24:674][308]LogAIModule: Creating AISystem for world Main
[2016.11.15-13.06.24:674][308]LogWorld: Game class is 'pregame_C'
[2016.11.15-13.06.24:676][308]LogWorld: Bringing World /Game/Map/Main.Main up for play (max tick rate 0) at 2016.11.15-22.06.24
[2016.11.15-13.06.24:676][308]LogWorld: Bringing up level for play took: 0.000846
[2016.11.15-13.06.24:676][308]LogGameMode: Warning - PATHS NOT DEFINED or NO PLAYERSTART with positive rating
[2016.11.15-13.06.24:677][308]LogSpawn:Warning: SpawnActor failed because no class was specified
[2016.11.15-13.06.24:678][308]LogLoad: Took 0.295920 seconds to LoadMap(/Game/Map/Main)
[2016.11.15-13.06.37:795][120]LogOnline:Warning: NULL: Session (Game) already exists, can't join twice
[2016.11.15-13.06.44:763][552]LogOnline:Warning: NULL: Session (Game) already exists, can't join twice
[2016.11.15-13.06.46:844][681]LogOnline:Warning: NULL: Session (Game) already exists, can't join twice
[2016.11.15-13.06.47:425][717]LogOnline:Warning: NULL: Session (Game) already exists, can't join twice
[2016.11.15-13.06.47:634][730]LogOnline:Warning: NULL: Session (Game) already exists, can't join twice
[2016.11.15-13.06.47:827][742]LogOnline:Warning: NULL: Session (Game) already exists, can't join twice
[2016.11.15-13.06.49:682][857]LogOnline:Warning: NULL: Session (Game) already exists, can't join twice
[2016.11.15-13.06.49:876][869]LogOnline:Warning: NULL: Session (Game) already exists, can't join twice
[2016.11.15-13.06.50:054][880]LogOnline:Warning: NULL: Session (Game) already exists, can't join twice
[2016.11.15-13.06.50:215][890]LogOnline:Warning: NULL: Session (Game) already exists, can't join twice
[2016.11.15-13.06.50:376][900]LogOnline:Warning: NULL: Session (Game) already exists, can't join twice
[2016.11.15-13.06.51:360][961]LogOnline:Warning: NULL: Session (Game) already exists, can't join twice
[2016.11.15-13.06.51:667][980]LogOnline:Warning: NULL: Session (Game) already exists, can't join twice
[2016.11.15-13.06.53:537][ 96]Closing by request
[2016.11.15-13.06.53:537][ 96]LogWindows: FPlatformMisc::RequestExit(0)
[2016.11.15-13.06.53:540][ 97]LogMoviePlayer: Shutting down movie player
[2016.11.15-13.06.53:714][ 97]LogWindowsTextInputMethodSystem:Display: IME system now activated using TSF (Microsoft 입력기).
[2016.11.15-13.06.53:771][ 97]LogExit: Preparing to exit.
[2016.11.15-13.06.53:904][ 97]LogExit: Game engine shut down
[2016.11.15-13.06.54:122][ 97]LogObj: Freed 0b from 0 cluster array pools.
[2016.11.15-13.06.54:122][ 97]LogExit: Object subsystem successfully closed.
[2016.11.15-13.06.54:146][ 97]LogD3D11RHI: Shutdown
[2016.11.15-13.06.54:146][ 97]LogD3D11RHI: CleanupD3DDevice
[2016.11.15-13.06.54:242][ 97]LogD3D11RHI: ~FD3D11DynamicRHI
[2016.11.15-13.06.54:257][ 97]LogModuleManager: Shutting down and abandoning module SequenceRecorderSections (115)
[2016.11.15-13.06.54:257][ 97]LogModuleManager: Shutting down and abandoning module SequenceRecorder (114)
[2016.11.15-13.06.54:257][ 97]LogModuleManager: Shutting down and abandoning module AutomationController (113)
[2016.11.15-13.06.54:257][ 97]LogModuleManager: Shutting down and abandoning module AutomationWorker (112)
[2016.11.15-13.06.54:257][ 97]LogModuleManager: Shutting down and abandoning module CharacterAI (111)
[2016.11.15-13.06.54:257][ 97]LogModuleManager: Shutting down and abandoning module SessionServices (110)
[2016.11.15-13.06.54:257][ 97]LogModuleManager: Shutting down and abandoning module GameplayDebugger (109)
[2016.11.15-13.06.54:257][ 97]LogModuleManager: Shutting down and abandoning module AITestSuite (108)
[2016.11.15-13.06.54:257][ 97]LogModuleManager: Shutting down and abandoning module AIModule (107)
[2016.11.15-13.06.54:257][ 97]LogModuleManager: Shutting down and abandoning module MovieSceneCapture (106)
[2016.11.15-13.06.54:257][ 97]LogModuleManager: Shutting down and abandoning module StreamingPauseRendering (105)
[2016.11.15-13.06.54:257][ 97]LogModuleManager: Shutting down and abandoning module PortalServices (104)
[2016.11.15-13.06.54:257][ 97]LogModuleManager: Shutting down and abandoning module PortalRpc (103)
[2016.11.15-13.06.54:257][ 97]LogModuleManager: Shutting down and abandoning module MessagingRpc (102)
[2016.11.15-13.06.54:257][ 97]LogModuleManager: Shutting down and abandoning module ProfilerService (101)
[2016.11.15-13.06.54:434][ 97]LogModuleManager: Shutting down and abandoning module TaskGraph (100)
[2016.11.15-13.06.54:434][ 97]LogModuleManager: Shutting down and abandoning module SlateRemote (99)
[2016.11.15-13.06.54:434][ 97]LogModuleManager: Shutting down and abandoning module SteamVRController (98)
[2016.11.15-13.06.54:434][ 97]LogModuleManager: Shutting down and abandoning module SteamVR (97)
[2016.11.15-13.06.54:435][ 97]LogModuleManager: Shutting down and abandoning module ProceduralMeshComponent (96)
[2016.11.15-13.06.54:435][ 97]LogModuleManager: Shutting down and abandoning module OculusLibrary (95)
[2016.11.15-13.06.54:435][ 97]LogModuleManager: Shutting down and abandoning module OculusInput (94)
[2016.11.15-13.06.54:435][ 97]LogModuleManager: Shutting down and abandoning module CustomMeshComponent (93)
[2016.11.15-13.06.54:435][ 97]LogModuleManager: Shutting down and abandoning module CableComponent (92)
[2016.11.15-13.06.54:435][ 97]LogModuleManager: Shutting down and abandoning module ArchVisCharacter (91)
[2016.11.15-13.06.54:435][ 97]LogModuleManager: Shutting down and abandoning module HTML5Networking (90)
[2016.11.15-13.06.54:435][ 97]LogModuleManager: Shutting down and abandoning module DesktopPlatform (89)
[2016.11.15-13.06.54:435][ 97]LogModuleManager: Shutting down and abandoning module DirectoryWatcher (88)
[2016.11.15-13.06.54:435][ 97]LogModuleManager: Shutting down and abandoning module HotReload (87)
[2016.11.15-13.06.54:435][ 97]LogModuleManager: Shutting down and abandoning module VisualStudioSourceCodeAccess (86)
[2016.11.15-13.06.54:435][ 97]LogModuleManager: Shutting down and abandoning module UObjectPlugin (85)
[2016.11.15-13.06.54:435][ 97]LogModuleManager: Shutting down and abandoning module SubversionSourceControl (84)
[2016.11.15-13.06.54:435][ 97]LogModuleManager: Shutting down and abandoning module SourceControl (83)
[2016.11.15-13.06.54:435][ 97]LogModuleManager: Shutting down and abandoning module PerforceSourceControl (82)
[2016.11.15-13.06.54:435][ 97]LogModuleManager: Shutting down and abandoning module UdpMessaging (81)
[2016.11.15-13.06.54:435][ 97]LogModuleManager: Shutting down and abandoning module LightPropagationVolumeRuntime (80)
[2016.11.15-13.06.54:435][ 97]LogModuleManager: Shutting down and abandoning module Paper2D (79)
[2016.11.15-13.06.54:435][ 97]LogModuleManager: Shutting down and abandoning module WindowsMoviePlayer (78)
[2016.11.15-13.06.54:435][ 97]LogModuleManager: Shutting down and abandoning module Media (77)
[2016.11.15-13.06.54:435][ 97]LogModuleManager: Shutting down and abandoning module WmfMedia (76)
[2016.11.15-13.06.54:479][ 97]LogModuleManager: Shutting down and abandoning module MediaAssets (75)
[2016.11.15-13.06.54:479][ 97]LogModuleManager: Shutting down and abandoning module GameLiveStreaming (74)
[2016.11.15-13.06.54:480][ 97]LogModuleManager: Shutting down and abandoning module GameplayTagsEditor (73)
[2016.11.15-13.06.54:480][ 97]LogModuleManager: Shutting down and abandoning module OnlineBlueprintSupport (72)
[2016.11.15-13.06.54:480][ 97]LogModuleManager: Shutting down and abandoning module VREditor (71)
[2016.11.15-13.06.54:480][ 97]LogModuleManager: Shutting down and abandoning module GameplayTasksEditor (70)
[2016.11.15-13.06.54:480][ 97]LogModuleManager: Shutting down and abandoning module PropertyEditor (69)
[2016.11.15-13.06.54:480][ 97]LogModuleManager: Shutting down and abandoning module BehaviorTreeEditor (68)
[2016.11.15-13.06.54:480][ 97]LogModuleManager: Shutting down and abandoning module FunctionalTesting (67)
[2016.11.15-13.06.54:480][ 97]LogModuleManager: Shutting down and abandoning module CollisionAnalyzer (66)
[2016.11.15-13.06.54:480][ 97]LogModuleManager: Shutting down and abandoning module Sequencer (65)
[2016.11.15-13.06.54:480][ 97]LogModuleManager: Shutting down and abandoning module WorkspaceMenuStructure (64)
[2016.11.15-13.06.54:480][ 97]LogModuleManager: Shutting down and abandoning module MessageLog (63)
[2016.11.15-13.06.54:480][ 97]LogModuleManager: Shutting down and abandoning module AssetTools (62)
[2016.11.15-13.06.54:480][ 97]LogModuleManager: Shutting down and abandoning module UMGEditor (61)
[2016.11.15-13.06.54:480][ 97]LogModuleManager: Shutting down and abandoning module UMG (60)
[2016.11.15-13.06.54:480][ 97]LogModuleManager: Shutting down and abandoning module SlateReflector (59)
[2016.11.15-13.06.54:481][ 97]LogModuleManager: Shutting down and abandoning module Slate (58)
[2016.11.15-13.06.54:481][ 97]LogModuleManager: Shutting down and abandoning module EditorStyle (57)
[2016.11.15-13.06.54:486][ 97]LogModuleManager: Shutting down and abandoning module Messaging (56)
[2016.11.15-13.06.54:486][ 97]LogModuleManager: Shutting down and abandoning module SourceCodeAccess (55)
[2016.11.15-13.06.54:486][ 97]LogModuleManager: Shutting down and abandoning module HeadMountedDisplay (54)
[2016.11.15-13.06.54:486][ 97]LogModuleManager: Shutting down and abandoning module XAudio2 (53)
[2016.11.15-13.06.54:486][ 97]LogModuleManager: Shutting down and abandoning module Networking (52)
[2016.11.15-13.06.54:486][ 97]LogModuleManager: Shutting down and abandoning module Core (51)
[2016.11.15-13.06.54:486][ 97]LogModuleManager: Shutting down and abandoning module KismetCompiler (50)
[2016.11.15-13.06.54:486][ 97]LogModuleManager: Shutting down and abandoning module PhysXFormats (49)
[2016.11.15-13.06.54:486][ 97]LogModuleManager: Shutting down and abandoning module MeshUtilities (48)
[2016.11.15-13.06.54:486][ 97]LogModuleManager: Shutting down and abandoning module AssetRegistry (47)
[2016.11.15-13.06.54:487][ 97]LogModuleManager: Shutting down and abandoning module DerivedDataCache (46)
[2016.11.15-13.06.54:700][ 97]LogDerivedDataCache: Shutdown
[2016.11.15-13.06.54:701][ 97]LogModuleManager: Shutting down and abandoning module VulkanShaderFormat (45)
[2016.11.15-13.06.54:701][ 97]LogModuleManager: Shutting down and abandoning module ShaderFormatOpenGL (44)
[2016.11.15-13.06.54:701][ 97]LogModuleManager: Shutting down and abandoning module ShaderFormatD3D (43)
[2016.11.15-13.06.54:701][ 97]LogModuleManager: Shutting down and abandoning module MetalShaderFormat (42)
[2016.11.15-13.06.54:701][ 97]LogModuleManager: Shutting down and abandoning module TextureFormatUncompressed (41)
[2016.11.15-13.06.54:701][ 97]LogModuleManager: Shutting down and abandoning module TextureFormatPVR (40)
[2016.11.15-13.06.54:701][ 97]LogModuleManager: Shutting down and abandoning module TextureFormatIntelISPCTexComp (39)
[2016.11.15-13.06.54:701][ 97]LogModuleManager: Shutting down and abandoning module TextureFormatDXT (38)
[2016.11.15-13.06.54:701][ 97]LogModuleManager: Shutting down and abandoning module ImageWrapper (37)
[2016.11.15-13.06.54:701][ 97]LogModuleManager: Shutting down and abandoning module TextureFormatASTC (36)
[2016.11.15-13.06.54:701][ 97]LogModuleManager: Shutting down and abandoning module TextureFormatAndroid (35)
[2016.11.15-13.06.54:701][ 97]LogModuleManager: Shutting down and abandoning module AudioFormatOpus (34)
[2016.11.15-13.06.54:701][ 97]LogModuleManager: Shutting down and abandoning module AudioFormatOgg (33)
[2016.11.15-13.06.54:701][ 97]LogModuleManager: Shutting down and abandoning module AudioFormatADPCM (32)
[2016.11.15-13.06.54:701][ 97]LogModuleManager: Shutting down and abandoning module WindowsTargetPlatform (31)
[2016.11.15-13.06.54:701][ 97]LogModuleManager: Shutting down and abandoning module WindowsServerTargetPlatform (30)
[2016.11.15-13.06.54:701][ 97]LogModuleManager: Shutting down and abandoning module WindowsNoEditorTargetPlatform (29)
[2016.11.15-13.06.54:701][ 97]LogModuleManager: Shutting down and abandoning module WindowsClientTargetPlatform (28)
[2016.11.15-13.06.54:701][ 97]LogModuleManager: Shutting down and abandoning module TargetPlatform (27)
[2016.11.15-13.06.54:701][ 97]LogModuleManager: Shutting down and abandoning module InputCore (26)
[2016.11.15-13.06.54:701][ 97]LogModuleManager: Shutting down and abandoning module Settings (25)
[2016.11.15-13.06.54:701][ 97]LogModuleManager: Shutting down and abandoning module Voice (23)
[2016.11.15-13.06.54:701][ 97]LogModuleManager: Shutting down and abandoning module OnlineSubsystem (19)
[2016.11.15-13.06.54:701][ 97]LogOnline:Display: NULL: FOnlineSubsystemNull::Shutdown()
[2016.11.15-13.06.54:702][ 97]LogOnline:Display: Unloading online subsystem: NULL
[2016.11.15-13.06.54:702][ 97]LogModuleManager: Shutting down and abandoning module HTTP (18)
[2016.11.15-13.06.54:702][ 97]LogModuleManager: Shutting down and abandoning module XMPP (17)
[2016.11.15-13.06.54:702][ 97]LogModuleManager: Shutting down and abandoning module OculusRift (16)
[2016.11.15-13.06.54:702][ 97]LogModuleManager: Shutting down and abandoning module ExampleDeviceProfileSelector (15)
[2016.11.15-13.06.54:702][ 97]LogModuleManager: Shutting down and abandoning module TextureCompressor (14)
[2016.11.15-13.06.54:702][ 97]LogModuleManager: Shutting down and abandoning module ShaderCore (13)
[2016.11.15-13.06.54:702][ 97]LogModuleManager: Shutting down and abandoning module Landscape (12)
[2016.11.15-13.06.54:702][ 97]LogModuleManager: Shutting down and abandoning module SlateRHIRenderer (11)
[2016.11.15-13.06.54:705][ 97]LogModuleManager: Shutting down and abandoning module OpenGLDrv (10)
[2016.11.15-13.06.54:705][ 97]LogModuleManager: Shutting down and abandoning module D3D11RHI (9)
[2016.11.15-13.06.54:705][ 97]LogModuleManager: Shutting down and abandoning module AnimGraphRuntime (8)
[2016.11.15-13.06.54:705][ 97]LogModuleManager: Shutting down and abandoning module Renderer (7)
[2016.11.15-13.06.54:705][ 97]LogModuleManager: Shutting down and abandoning module Engine (6)
[2016.11.15-13.06.54:705][ 97]LogModuleManager: Shutting down and abandoning module CoreUObject (5)
[2016.11.15-13.06.54:705][ 97]LogModuleManager: Shutting down and abandoning module NetworkFile (4)
[2016.11.15-13.06.54:705][ 97]LogModuleManager: Shutting down and abandoning module StreamingFile (3)
[2016.11.15-13.06.54:705][ 97]LogModuleManager: Shutting down and abandoning module SandboxFile (2)
[2016.11.15-13.06.54:705][ 97]LogModuleManager: Shutting down and abandoning module PakFile (1)
[2016.11.15-13.06.54:707][ 97]LogExit: Exiting.
[2016.11.15-13.06.54:713][ 97]Log file closed, 11/15/16 22:06:54
