Log file open, 04/28/17 12:38:14
LogInit:Display: Running engine for game: UNNAMED
LogPlatformFile: Not using cached read wrapper
LogInit:Display: RandInit(416060853) SRandInit(416060853).
LogTaskGraph: Started task graph with 5 named threads and 8 total threads with 1 sets of task threads.
LogStats: Stats thread started at 0.107462
LogInit: Using libcurl 7.47.1
LogInit:  - built for x86_64-pc-win32
LogInit:  - supports SSL with OpenSSL/1.0.2g
LogInit:  - supports HTTP deflate (compression) using libz 1.2.8
LogInit:  - other features:
LogInit:      CURL_VERSION_SSL
LogInit:      CURL_VERSION_LIBZ
LogInit:      CURL_VERSION_IPV6
LogInit:      CURL_VERSION_ASYNCHDNS
LogInit:      CURL_VERSION_LARGEFILE
LogInit:      CURL_VERSION_IDN
LogInit:  CurlRequestOptions (configurable via config and command line):
LogInit:  - bVerifyPeer = false  - Libcurl will NOT verify peer certificate
LogInit:  - bUseHttpProxy = false  - Libcurl will NOT use HTTP proxy
LogInit:  - bDontReuseConnections = false  - Libcurl will reuse connections
LogInit:  - CertBundlePath = nullptr  - Libcurl will use whatever was configured at build time.
LogOnline:Display: STEAM: Loading Steam SDK 1.32
LogInit: WinSock: version 1.1 (2.2), MaxSocks=32767, MaxUdp=65467
LogInit: Build: ++UE4+Release-4.15-CL-3348071
LogInit: Engine Version: 4.15.1-3348071+++UE4+Release-4.15
LogInit: Compatible Engine Version: 4.15.0-3299760+++UE4+Release-4.15
LogInit: Net CL: 3299760
LogDevObjectVersion: Number of dev versions registered: 14
LogDevObjectVersion:   Dev-Blueprints (B0D832E4-1F89-4F0D-ACCF-7EB736FD4AA2): 8
LogDevObjectVersion:   Dev-Build (E1C64328-A22C-4D53-A36C-8E866417BD8C): 0
LogDevObjectVersion:   Dev-Core (375EC13C-06E4-48FB-B500-84F0262A717E): 2
LogDevObjectVersion:   Dev-Editor (E4B068ED-F494-42E9-A231-DA0B2E46BB41): 14
LogDevObjectVersion:   Dev-Framework (CFFC743F-43B0-4480-9391-14DF171D2073): 22
LogDevObjectVersion:   Dev-Mobile (B02B49B5-BB20-44E9-A304-32B752E40360): 0
LogDevObjectVersion:   Dev-Networking (A4E4105C-59A1-49B5-A7C5-40C4547EDFEE): 0
LogDevObjectVersion:   Dev-Online (39C831C9-5AE6-47DC-9A44-9C173E1C8E7C): 0
LogDevObjectVersion:   Dev-Physics (78F01B33-EBEA-4F98-B9B4-84EACCB95AA2): 0
LogDevObjectVersion:   Dev-Platform (6631380F-2D4D-43E0-8009-CF276956A95A): 0
LogDevObjectVersion:   Dev-Rendering (12F88B9F-8875-4AFC-A67C-D90C383ABD29): 12
LogDevObjectVersion:   Dev-Sequencer (7B5AE74C-D270-4C10-A958-57980B212A5A): 3
LogDevObjectVersion:   Dev-VR (D7296918-1DD6-4BDD-9DE2-64A83CC13884): 0
LogDevObjectVersion:   Dev-LoadTimes (C2A15278-BFE7-4AFE-6C17-90FF531DF755): 1
LogInit: Compiled (64-bit): Mar 15 2017 16:52:47
LogInit: Compiled with Visual C++: 19.00.23026.00
LogInit: Build Configuration: Development
LogInit: Branch Name: ++UE4+Release-4.15
LogInit: Command line:  /Temp/Autosaves/Game/Map/UEDPCMain -game -PIEVIACONSOLE -ResX=1280 -ResY=720  -Multiprocess -messaging -SessionName="Play in Standalone Game" -windowed 
LogInit: Base directory: C:/Program Files/Epic Games/UE_4.15/Engine/Binaries/Win64/
LogInit: Installed Engine Build: 1
LogInit: Presizing for max 8388607 objects, including 0 objects not considered by GC, pre-allocating 0 bytes for permanent pool.
LogInit: Object subsystem initialized
[2017.04.28-03.38.15:757][  0]LogInit: Selected Device Profile: [Windows]
[2017.04.28-03.38.15:757][  0]LogInit: Applying CVar settings loaded from the selected device profile: [Windows]
[2017.04.28-03.38.15:761][  0]LogInit: Computer: DESKTOP-5I3HB32
[2017.04.28-03.38.15:761][  0]LogInit: User: jcy
[2017.04.28-03.38.15:761][  0]LogInit: CPU Page size=65536, Cores=4
[2017.04.28-03.38.15:761][  0]LogInit: High frequency timer resolution =2.533211 MHz
[2017.04.28-03.38.15:761][  0]LogMemory: Memory total: Physical=11.9GB (12GB approx)
[2017.04.28-03.38.15:761][  0]LogMemory: Platform Memory Stats for Windows
[2017.04.28-03.38.15:761][  0]LogMemory: Process Physical Memory: 302.64 MB used, 302.64 MB peak
[2017.04.28-03.38.15:761][  0]LogMemory: Process Virtual Memory: 283.55 MB used, 283.55 MB peak
[2017.04.28-03.38.15:761][  0]LogMemory: Physical Memory: 5678.07 MB used,  6531.79 MB free, 12209.86 MB total
[2017.04.28-03.38.15:761][  0]LogMemory: Virtual Memory: 765.82 MB used,  6531.79 MB free, 134217728.00 MB total
[2017.04.28-03.38.15:870][  0]LogTextLocalizationManager: No specific translations for ('ko-KR') exist, so ('ko') translations will be used.
[2017.04.28-03.38.15:934][  0]LogTextLocalizationManager:Warning: Loaded localization resources contain conflicting entries for (Namespace:KismetSchema, Key:Default):
Localization Resource: (C:/Program Files/Epic Games/UE_4.15/Engine/Content/Localization/EditorTutorials/ko/EditorTutorials.locres) Source String Hash: (940523119) Localized String: (디폴트)
Localization Resource: (C:/Program Files/Epic Games/UE_4.15/Engine/Content/Localization/Engine/ko/Engine.locres) Source String Hash: (940523119) Localized String: (기본)
[2017.04.28-03.38.15:934][  0]LogTextLocalizationManager:Warning: Loaded localization resources contain conflicting entries for (Namespace:UObjectToolTips, Key:AnimNode_AssetPlayerBase:InternalTimeAccumulator):
Localization Resource: (C:/Program Files/Epic Games/UE_4.15/Engine/Content/Localization/EditorTutorials/ko/EditorTutorials.locres) Source String Hash: (502993589) Localized String: (이 노드에서 애셋을 레퍼런싱하는 데 사용되는 누적 시간입니다.)
Localization Resource: (C:/Program Files/Epic Games/UE_4.15/Engine/Content/Localization/ToolTips/ko/ToolTips.locres) Source String Hash: (502993589) Localized String: (내부 시간 누산기 - 이 노드에서 애셋을 레퍼런싱하는 데 사용된 누적 시간입니다.)
Localization Resource: (C:/Program Files/Epic Games/UE_4.15/Engine/Content/Localization/Engine/ko/Engine.locres) Source String Hash: (502993589) Localized String: (이 노드에서 애셋을 레퍼런싱하는 데 사용된 누적 시간입니다.)
[2017.04.28-03.38.15:934][  0]LogTextLocalizationManager:Warning: Loaded localization resources contain conflicting entries for (Namespace:UObjectToolTips, Key:AnimNode_AssetPlayerBase:bIgnoreForRelevancyTest):
Localization Resource: (C:/Program Files/Epic Games/UE_4.15/Engine/Content/Localization/EditorTutorials/ko/EditorTutorials.locres) Source String Hash: (319969718) Localized String: (True 면, 스테이트에서 최고 가중치 애니메이션을 찾는 "Relevant anim" 노드는 이 노드를 무시합니다.
 )
Localization Resource: (C:/Program Files/Epic Games/UE_4.15/Engine/Content/Localization/ToolTips/ko/ToolTips.locres) Source String Hash: (319969718) Localized String: (연관성 테스트에 무시 - true 인 경우 스테이트 내 최고 웨이팅된 애니메이션을 찾는 "Relevant anim" (연관 애님) 노드가
이 노드를 무시합니다.)
Localization Resource: (C:/Program Files/Epic Games/UE_4.15/Engine/Content/Localization/Engine/ko/Engine.locres) Source String Hash: (319969718) Localized String: (True 면 스테이트 내 최고 웨이팅된 애니메이션을 찾는 "Relevant anim" 노드가 무시됩니다.
 )
[2017.04.28-03.38.15:934][  0]LogTextLocalizationManager:Warning: Loaded localization resources contain conflicting entries for (Namespace:UObjectToolTips, Key:AnimNode_AssetPlayerBase:BlendWeight):
Localization Resource: (C:/Program Files/Epic Games/UE_4.15/Engine/Content/Localization/EditorTutorials/ko/EditorTutorials.locres) Source String Hash: (-1232800293) Localized String: (이 노드에 마지막 걸린 블렌드웨이트 입니다.)
Localization Resource: (C:/Program Files/Epic Games/UE_4.15/Engine/Content/Localization/ToolTips/ko/ToolTips.locres) Source String Hash: (-1232800293) Localized String: (블렌드 웨이트 - 이 노드에 대해 마지막으로 접한 블렌드 웨이트입니다.)
Localization Resource: (C:/Program Files/Epic Games/UE_4.15/Engine/Content/Localization/Engine/ko/Engine.locres) Source String Hash: (-1232800293) Localized String: (이 노드에 대해 마지막 접한 블렌드 웨이트)
[2017.04.28-03.38.15:934][  0]LogTextLocalizationManager:Warning: Loaded localization resources contain conflicting entries for (Namespace:UObjectToolTips, Key:AnimNode_BlendSpacePlayer:bLoop):
Localization Resource: (C:/Program Files/Epic Games/UE_4.15/Engine/Content/Localization/EditorTutorials/ko/EditorTutorials.locres) Source String Hash: (2133979316) Localized String: (애니메이션이 끝까지 재생되면 반복할까요?)
Localization Resource: (C:/Program Files/Epic Games/UE_4.15/Engine/Content/Localization/ToolTips/ko/ToolTips.locres) Source String Hash: (2133979316) Localized String: (루프 - 애니메이션이 끝에 도달했을 때 계속 반복할까요?)
[2017.04.28-03.38.15:934][  0]LogTextLocalizationManager:Warning: Loaded localization resources contain conflicting entries for (Namespace:UObjectToolTips, Key:AnimNode_StateMachine:bSkipFirstUpdateTransition):
Localization Resource: (C:/Program Files/Epic Games/UE_4.15/Engine/Content/Localization/EditorTutorials/ko/EditorTutorials.locres) Source String Hash: (1865475011) Localized String: (첫 업데이트시 도입 상태에서의 트랜지션을 건너뛸까요? 
기본은 true 로, 첫 업데이트시에는 트랜지션 데이터를 버립니다.)
Localization Resource: (C:/Program Files/Epic Games/UE_4.15/Engine/Content/Localization/ToolTips/ko/ToolTips.locres) Source String Hash: (1865475011) Localized String: (첫 번째 업데이트 트랜지션 건너뛰기 - 첫 번째 업데이트에서 입력 스테이트의 트랜지션을 건너뜁니까?
디폴트는 true 고 첫 번째 업데이트의 트랜지션 데이터를 버립니다.)
[2017.04.28-03.38.15:934][  0]LogTextLocalizationManager:Warning: Loaded localization resources contain conflicting entries for (Namespace:UObjectToolTips, Key:AnimNode_BlendSpacePlayer:X):
Localization Resource: (C:/Program Files/Epic Games/UE_4.15/Engine/Content/Localization/EditorTutorials/ko/EditorTutorials.locres) Source String Hash: (2060772590) Localized String: (블렌드스페이스에서 샘플링할 X 좌표입니다.)
Localization Resource: (C:/Program Files/Epic Games/UE_4.15/Engine/Content/Localization/ToolTips/ko/ToolTips.locres) Source String Hash: (2060772590) Localized String: (X - 블렌드스페이스 샘플의 X 좌표입니다.)
[2017.04.28-03.38.15:934][  0]LogTextLocalizationManager:Warning: Loaded localization resources contain conflicting entries for (Namespace:UObjectToolTips, Key:AnimNode_BlendSpacePlayer:Y):
Localization Resource: (C:/Program Files/Epic Games/UE_4.15/Engine/Content/Localization/EditorTutorials/ko/EditorTutorials.locres) Source String Hash: (-1719607538) Localized String: (블렌드스페이스에서 샘플링할 Y 좌표입니다.)
Localization Resource: (C:/Program Files/Epic Games/UE_4.15/Engine/Content/Localization/ToolTips/ko/ToolTips.locres) Source String Hash: (-1719607538) Localized String: (Y - 블렌드스페이스 샘플의 Y 좌표입니다.)
[2017.04.28-03.38.15:934][  0]LogTextLocalizationManager:Warning: Loaded localization resources contain conflicting entries for (Namespace:UObjectToolTips, Key:AnimNode_BlendSpacePlayer:Z):
Localization Resource: (C:/Program Files/Epic Games/UE_4.15/Engine/Content/Localization/EditorTutorials/ko/EditorTutorials.locres) Source String Hash: (1728943471) Localized String: (블렌드스페이스에서 샘플링할 Z 좌표입니다.)
Localization Resource: (C:/Program Files/Epic Games/UE_4.15/Engine/Content/Localization/ToolTips/ko/ToolTips.locres) Source String Hash: (1728943471) Localized String: (Z - 블렌드스페이스 샘플의 Z 좌표입니다.)
[2017.04.28-03.38.15:934][  0]LogTextLocalizationManager:Warning: Loaded localization resources contain conflicting entries for (Namespace:UObjectToolTips, Key:AnimNode_BlendSpacePlayer:BlendSpace):
Localization Resource: (C:/Program Files/Epic Games/UE_4.15/Engine/Content/Localization/EditorTutorials/ko/EditorTutorials.locres) Source String Hash: (1599043277) Localized String: (재생할 블렌드스페이스 애셋입니다.)
Localization Resource: (C:/Program Files/Epic Games/UE_4.15/Engine/Content/Localization/ToolTips/ko/ToolTips.locres) Source String Hash: (1599043277) Localized String: (블렌드스페이스 - 재생할 블렌드스페이스 애셋입니다.)
[2017.04.28-03.38.15:934][  0]LogTextLocalizationManager:Warning: Loaded localization resources contain conflicting entries for (Namespace:UObjectToolTips, Key:AnimNode_StateMachine:MaxTransitionsPerFrame):
Localization Resource: (C:/Program Files/Epic Games/UE_4.15/Engine/Content/Localization/EditorTutorials/ko/EditorTutorials.locres) Source String Hash: (1567650430) Localized String: (이 머신에서 한 프레임 내 '동시에' 취할 수 있는 트랜지션 최대 수입니다.)
Localization Resource: (C:/Program Files/Epic Games/UE_4.15/Engine/Content/Localization/ToolTips/ko/ToolTips.locres) Source String Hash: (1567650430) Localized String: (프레임 당 최대 트랜지션 - 한 프레임에서 이 머신이 동시에 취할 수 있는 트랜지션 최대 수입니다.)
[2017.04.28-03.38.15:934][  0]LogTextLocalizationManager:Warning: Loaded localization resources contain conflicting entries for (Namespace:UObjectToolTips, Key:AnimNode_BlendSpacePlayer:PlayRate):
Localization Resource: (C:/Program Files/Epic Games/UE_4.15/Engine/Content/Localization/EditorTutorials/ko/EditorTutorials.locres) Source String Hash: (-1274923958) Localized String: (재생 속도 배수입니다. 음수가 되면 애니메이션을 역순으로 재생하게 됩니다.)
Localization Resource: (C:/Program Files/Epic Games/UE_4.15/Engine/Content/Localization/ToolTips/ko/ToolTips.locres) Source String Hash: (-1274923958) Localized String: (재생 속도 - 재생 속도 배수입니다. 음수가 되면 애니메이션을 거꾸로 재생합니다.)
[2017.04.28-03.38.15:934][  0]LogTextLocalizationManager:Warning: Loaded localization resources contain conflicting entries for (Namespace:UObjectToolTips, Key:AnimNode_BlendSpacePlayer:StartPosition):
Localization Resource: (C:/Program Files/Epic Games/UE_4.15/Engine/Content/Localization/EditorTutorials/ko/EditorTutorials.locres) Source String Hash: (-207153555) Localized String: (시작 위치 범위는 [0,1] 이며, 재초기화시에만 적용됩니다.
루핑을 하면, 1 회전 후 0.f 부터 시작할 것입니다.)
Localization Resource: (C:/Program Files/Epic Games/UE_4.15/Engine/Content/Localization/ToolTips/ko/ToolTips.locres) Source String Hash: (-207153555) Localized String: (시작 위치 - [0, 1] 범위의 시작 위치로, 재초기화할 때만 적용됩니다.
반복하면 1회전 후 0.f 부터 시작됩니다.)
[2017.04.28-03.38.15:934][  0]LogTextLocalizationManager:Warning: Loaded localization resources contain conflicting entries for (Namespace:UObjectToolTips, Key:CameraFilmbackSettings:SensorWidth):
Localization Resource: (C:/Program Files/Epic Games/UE_4.15/Engine/Content/Localization/ToolTips/ko/ToolTips.locres) Source String Hash: (-1448580153) Localized String: (센서 폭 - 필름백 또는 디지털 센서의 가로 크기로, mm 단위입니다.)
Localization Resource: (C:/Program Files/Epic Games/UE_4.15/Engine/Content/Localization/Engine/ko/Engine.locres) Source String Hash: (-1448580153) Localized String: (필름백 또는 디지털 센서의 가로 크기로, mm 단위입니다.)
[2017.04.28-03.38.15:934][  0]LogTextLocalizationManager:Warning: Loaded localization resources contain conflicting entries for (Namespace:UObjectToolTips, Key:CameraFilmbackSettings:SensorAspectRatio):
Localization Resource: (C:/Program Files/Epic Games/UE_4.15/Engine/Content/Localization/ToolTips/ko/ToolTips.locres) Source String Hash: (-194807515) Localized String: (센서 종횡비 - 읽기 전용입니다. 센서 치수에서 계산했습니다.)
Localization Resource: (C:/Program Files/Epic Games/UE_4.15/Engine/Content/Localization/Engine/ko/Engine.locres) Source String Hash: (-194807515) Localized String: (읽기 전용입니다. 센서 크기에서 계산했습니다.)
[2017.04.28-03.38.15:934][  0]LogTextLocalizationManager:Warning: Loaded localization resources contain conflicting entries for (Namespace:UObjectToolTips, Key:AnimNode_SequencePlayer:bLoopAnimation):
Localization Resource: (C:/Program Files/Epic Games/UE_4.15/Engine/Content/Localization/ToolTips/ko/ToolTips.locres) Source String Hash: (2133979316) Localized String: (루프 - 애니메이션이 끝에 도달했을 때 계속 반복시켜야 할까요?)
Localization Resource: (C:/Program Files/Epic Games/UE_4.15/Engine/Content/Localization/Engine/ko/Engine.locres) Source String Hash: (2133979316) Localized String: (애니메이션이 끝에 도달하면 계속해서 루핑시킬것인지 입니다.)
[2017.04.28-03.38.15:934][  0]LogTextLocalizationManager:Warning: Loaded localization resources contain conflicting entries for (Namespace:UObjectToolTips, Key:AnimNode_SequencePlayer:Sequence):
Localization Resource: (C:/Program Files/Epic Games/UE_4.15/Engine/Content/Localization/ToolTips/ko/ToolTips.locres) Source String Hash: (421436424) Localized String: (시퀀스 - 재생할 애니메이션 시퀀스 애셋입니다.)
Localization Resource: (C:/Program Files/Epic Games/UE_4.15/Engine/Content/Localization/Engine/ko/Engine.locres) Source String Hash: (421436424) Localized String: (재생할 애니메이션 시퀀스 애셋입니다.)
[2017.04.28-03.38.15:934][  0]LogTextLocalizationManager:Warning: Loaded localization resources contain conflicting entries for (Namespace:UObjectToolTips, Key:AnimNode_SequencePlayer:PlayRate):
Localization Resource: (C:/Program Files/Epic Games/UE_4.15/Engine/Content/Localization/ToolTips/ko/ToolTips.locres) Source String Hash: (-1274923958) Localized String: (재생 속도 - 재생 속도 배수입니다. 음수가 될 수 있으며, 그러면 애니메이션이 거꾸로 재생됩니다.)
Localization Resource: (C:/Program Files/Epic Games/UE_4.15/Engine/Content/Localization/Engine/ko/Engine.locres) Source String Hash: (-1274923958) Localized String: (플레이 속도 배수입니다. 음수가 되면 애니메이션이 역방향으로 재생됩니다.)
[2017.04.28-03.38.15:934][  0]LogTextLocalizationManager:Warning: Loaded localization resources contain conflicting entries for (Namespace:UObjectToolTips, Key:AnimNode_SequencePlayer:StartPosition):
Localization Resource: (C:/Program Files/Epic Games/UE_4.15/Engine/Content/Localization/ToolTips/ko/ToolTips.locres) Source String Hash: (771611000) Localized String: (시작 위치 - 시작 위치로 재초기화할 때만 적용됩니다.
반복하면, 1회전 후 0.f 부터 시작됩니다.)
Localization Resource: (C:/Program Files/Epic Games/UE_4.15/Engine/Content/Localization/Engine/ko/Engine.locres) Source String Hash: (771611000) Localized String: (시작 위치로, 재초기화시에만 적용됩니다.
루핑을 하면, 1회전 후 0.f 부터 시작할 것입니다.)
[2017.04.28-03.38.15:934][  0]LogTextLocalizationManager:Warning: Loaded localization resources contain conflicting entries for (Namespace:UObjectToolTips, Key:CameraFilmbackSettings:SensorHeight):
Localization Resource: (C:/Program Files/Epic Games/UE_4.15/Engine/Content/Localization/ToolTips/ko/ToolTips.locres) Source String Hash: (-1311569777) Localized String: (센서 높이 - 필름백 또는 디지털 센서의 세로 크기로, mm 단위입니다.)
Localization Resource: (C:/Program Files/Epic Games/UE_4.15/Engine/Content/Localization/Engine/ko/Engine.locres) Source String Hash: (-1311569777) Localized String: (필름백 또는 디지털 센서의 세로 크기로, mm 단위입니다.)
[2017.04.28-03.38.16:125][  0]LogD3D11RHI: D3D11 adapters:
[2017.04.28-03.38.16:854][  0]LogD3D11RHI:    0. 'NVIDIA GeForce GTX 960M' (Feature Level 11_0)
[2017.04.28-03.38.16:854][  0]LogD3D11RHI:       2019/0/6104 MB DedicatedVideo/DedicatedSystem/SharedSystem, Outputs:1, VendorId:0x10de
[2017.04.28-03.38.16:862][  0]LogD3D11RHI:    1. 'Intel(R) HD Graphics 4600' (Feature Level 11_0)
[2017.04.28-03.38.16:862][  0]LogD3D11RHI:       112/0/2048 MB DedicatedVideo/DedicatedSystem/SharedSystem, Outputs:0, VendorId:0x8086
[2017.04.28-03.38.16:865][  0]LogD3D11RHI:    2. 'Microsoft Basic Render Driver' (Feature Level 11_0)
[2017.04.28-03.38.16:865][  0]LogD3D11RHI:       0/0/6104 MB DedicatedVideo/DedicatedSystem/SharedSystem, Outputs:0, VendorId:0x1414
[2017.04.28-03.38.16:865][  0]LogD3D11RHI: Chosen D3D11 Adapter: 0
[2017.04.28-03.38.16:873][  0]LogD3D11RHI: Creating new Direct3DDevice
[2017.04.28-03.38.16:874][  0]LogD3D11RHI:     GPU DeviceId: 0x139b (for the marketing name, search the web for "GPU Device Id")
[2017.04.28-03.38.16:874][  0]LogWindows: EnumDisplayDevices:
[2017.04.28-03.38.16:874][  0]LogWindows:    0. 'Intel(R) HD Graphics 4600' (P:1 D:1)
[2017.04.28-03.38.16:874][  0]LogWindows:    1. 'Intel(R) HD Graphics 4600' (P:0 D:0)
[2017.04.28-03.38.16:874][  0]LogWindows:    2. 'Intel(R) HD Graphics 4600' (P:0 D:0)
[2017.04.28-03.38.16:874][  0]LogWindows: DebugString: PrimaryIsNotTheChoosenAdapter PrimaryIsNotTheChoosenAdapter PrimaryIsNotTheChoosenAdapter FoundDriverCount:0 
[2017.04.28-03.38.16:874][  0]LogD3D11RHI:     Adapter Name: NVIDIA GeForce GTX 960M
[2017.04.28-03.38.16:874][  0]LogD3D11RHI:   Driver Version: Unknown (internal:Unknown, unified:Unknown)
[2017.04.28-03.38.16:874][  0]LogD3D11RHI:      Driver Date: Unknown
[2017.04.28-03.38.16:874][  0]LogRHI: Texture pool is 1361 MB (70% of 1945 MB)
[2017.04.28-03.38.17:547][  0]LogD3D11RHI: Async texture creation enabled
[2017.04.28-03.38.17:602][  0]LogD3D11RHI: GPU Timing Frequency: 1000.000000 (Debug: 2 1)
[2017.04.28-03.38.17:603][  0]LogShaderCompilers: Guid format shader working directory is -16 characters bigger than the processId version (../../../../../../Users/jcy/Documents/GitHub/UNNAMED/UNNAMED/Intermediate/Shaders/WorkingDirectory/8216/).
[2017.04.28-03.38.17:603][  0]LogShaderCompilers: Cleaned the shader compiler working directory 'C:/Users/jcy/AppData/Local/Temp/UnrealShaderWorkingDir/BDC92B4244E4F3FCD43FF18478376375/'.
[2017.04.28-03.38.17:603][  0]LogShaderCompilers:Display: Using Local Shader Compiler.
[2017.04.28-03.38.18:948][  0]LogTemp:Display: Loaded TP WindowsClientTargetPlatform
[2017.04.28-03.38.19:019][  0]LogTemp:Display: Loaded TP WindowsNoEditorTargetPlatform
[2017.04.28-03.38.19:086][  0]LogTemp:Display: Loaded TP WindowsServerTargetPlatform
[2017.04.28-03.38.19:143][  0]LogTemp:Display: Loaded TP WindowsTargetPlatform
[2017.04.28-03.38.19:143][  0]LogTargetPlatformManager:Display: Building Assets For Windows
[2017.04.28-03.38.19:682][  0]LogDerivedDataCache:Display: Max Cache Size: 512 MB
[2017.04.28-03.38.19:743][  0]LogDerivedDataCache: Loaded boot cache 0.06s 50MB C:/Users/jcy/AppData/Local/UnrealEngine/4.15/DerivedDataCache/Boot.ddc.
[2017.04.28-03.38.19:743][  0]LogDerivedDataCache:Display: Loaded Boot cache: C:/Users/jcy/AppData/Local/UnrealEngine/4.15/DerivedDataCache/Boot.ddc
[2017.04.28-03.38.19:744][  0]LogDerivedDataCache: FDerivedDataBackendGraph:  Pak pak cache file ../../../../../../Users/jcy/Documents/GitHub/UNNAMED/UNNAMED/DerivedDataCache/DDC.ddp not found, will not use a pak cache.
[2017.04.28-03.38.19:744][  0]LogDerivedDataCache: Unable to find inner node Pak for hierarchical cache Hierarchy.
[2017.04.28-03.38.19:744][  0]LogDerivedDataCache: FDerivedDataBackendGraph:  CompressedPak pak cache file ../../../../../../Users/jcy/Documents/GitHub/UNNAMED/UNNAMED/DerivedDataCache/Compressed.ddp not found, will not use a pak cache.
[2017.04.28-03.38.19:744][  0]LogDerivedDataCache: Unable to find inner node CompressedPak for hierarchical cache Hierarchy.
[2017.04.28-03.38.19:764][  0]LogDerivedDataCache:Display: Pak cache opened for reading ../../../Engine/DerivedDataCache/Compressed.ddp.
[2017.04.28-03.38.19:775][  0]LogDerivedDataCache: Using Local data cache path C:/Users/jcy/AppData/Local/UnrealEngine/Common/DerivedDataCache: Writable
[2017.04.28-03.38.19:786][  0]LogSlate: Using Freetype 2.6.0
[2017.04.28-03.38.19:786][  0]LogSlate: SlateFontCache - WITH_FREETYPE: 1, WITH_HARFBUZZ: 1
[2017.04.28-03.38.19:786][  0]LogSlate: SlateFontCache - WITH_FREETYPE: 1, WITH_HARFBUZZ: 1
[2017.04.28-03.38.20:257][  0]LogAssetRegistry: FAssetRegistry took 0.0001 seconds to start up
[2017.04.28-03.38.20:265][  0]LogPackageLocalizationCache: Processed 3 localized package path(s) for 2 prioritized culture(s) in 0.007738 seconds
[2017.04.28-03.38.20:285][  0]LogInit: Selected Device Profile: [Windows]
[2017.04.28-03.38.20:286][  0]LogContentStreaming: Texture pool size is 1000.00 MB
[2017.04.28-03.38.20:547][  0]LogMeshUtilities: Using QuadricMeshReduction for automatic static mesh reduction
[2017.04.28-03.38.20:595][  0]LogSimplygon: Simplygon DLL not present - disabling.
[2017.04.28-03.38.20:653][  0]LogMeshUtilities: Using SimplygonSwarm for distributed automatic mesh merging
[2017.04.28-03.38.20:653][  0]LogMeshUtilities: No automatic skeletal mesh reduction module available
[2017.04.28-03.38.20:653][  0]LogMeshUtilities: No automatic mesh merging module available
[2017.04.28-03.38.21:226][  0]LogNetVersion: GetLocalNetworkVersion: CL: 3299760, ProjectName: unnamed, ProjectVersion: , EngineNetworkVersion: 2, GameNetworkVersion: 0, NetworkChecksum: 1184173371
[2017.04.28-03.38.22:257][  0]LogMoviePlayer: Initializing movie player
[2017.04.28-03.38.22:362][  0]LogWindowsTextInputMethodSystem:Display: IME system now activated using TSF (Microsoft 입력기).
[2017.04.28-03.38.22:736][  0]LogTcpMessaging: Initializing TcpMessaging bridge
[2017.04.28-03.38.22:787][  0]LogUdpMessaging: Initializing bridge on interface 0.0.0.0:0 to multicast group 230.0.0.1:6666.
[2017.04.28-03.38.23:132][  0]SourceControl: 정보 소스 콘트롤이 꺼졌습니다.
[2017.04.28-03.38.23:132][  0]SourceControl: 정보 소스 콘트롤이 꺼졌습니다.
[2017.04.28-03.38.23:191][  0]SourceControl: 정보 소스 콘트롤이 꺼졌습니다.
[2017.04.28-03.38.24:018][  0]LogUObjectArray: 34415 objects as part of root set at end of initial load.
[2017.04.28-03.38.24:018][  0]LogUObjectAllocator: 7853184 out of 0 bytes used by permanent object pool.
[2017.04.28-03.38.24:018][  0]LogUObjectArray: CloseDisregardForGC: 0/0 objects in disregard for GC pool
[2017.04.28-03.38.24:138][  0]LogEngine: Initializing Engine...
[2017.04.28-03.38.24:139][  0]LogHMD: Failed to initialize OpenVR with code 110
[2017.04.28-03.38.24:265][  0]LogInit: XAudio2 using 'EPSON PJ(인텔(R) 디스플레이 오디오)' : 2 channels at 48 kHz using 16 bits per sample (channel mask 0x3)
[2017.04.28-03.38.24:275][  0]LogInit: FAudioDevice initialized.
[2017.04.28-03.38.24:290][  0]LogInit: Texture streaming: Enabled
[2017.04.28-03.38.24:303][  0]LogMaterial: Uniform references updated for custom material expression Custom.
[2017.04.28-03.38.24:890][  0]LogClass:Warning: Enum '/Game/BP/E_GameState.E_GameState' was upgraded to use FText to store its display name data. Please re-save this asset to avoid issues with localization and determinstic cooking.
[2017.04.28-03.38.25:140][  0]LogInit:Display: Game Engine Initialized.
[2017.04.28-03.38.25:392][  0]LogInit:Display: Starting Game.
[2017.04.28-03.38.25:392][  0]LogNet: Browse: /Temp/Autosaves/Game/Map/UEDPCMain?Name=Player
[2017.04.28-03.38.25:392][  0]LogLoad: LoadMap: /Temp/Autosaves/Game/Map/UEDPCMain?Name=Player
[2017.04.28-03.38.25:428][  0]LogMemory: Platform Memory Stats for Windows
[2017.04.28-03.38.25:428][  0]LogMemory: Process Physical Memory: 742.97 MB used, 742.97 MB peak
[2017.04.28-03.38.25:428][  0]LogMemory: Process Virtual Memory: 797.32 MB used, 797.33 MB peak
[2017.04.28-03.38.25:428][  0]LogMemory: Physical Memory: 6100.84 MB used,  6109.02 MB free, 12209.86 MB total
[2017.04.28-03.38.25:428][  0]LogMemory: Virtual Memory: 1480.31 MB used,  6109.02 MB free, 134217728.00 MB total
[2017.04.28-03.38.25:428][  0]LogMemory: 
[2017.04.28-03.38.25:428][  0]Allocator Stats for TBB: (not implemented)
[2017.04.28-03.38.25:608][  0]LogAIModule: Creating AISystem for world Main
[2017.04.28-03.38.25:608][  0]LogLoad: Game class is 'pregame_C'
[2017.04.28-03.38.25:610][  0]LogWorld: Bringing World /Temp/Autosaves/Game/Map/UEDPCMain.Main up for play (max tick rate 0) at 2017.04.28-12.38.25
[2017.04.28-03.38.25:610][  0]LogWorld: Bringing up level for play took: 0.000922
[2017.04.28-03.38.25:611][  0]LogSpawn:Warning: SpawnActor failed because no class was specified
[2017.04.28-03.38.25:611][  0]LogGameMode:Display: Match State Changed from EnteringMap to WaitingToStart
[2017.04.28-03.38.25:611][  0]LogGameState: Match State Changed from EnteringMap to WaitingToStart
[2017.04.28-03.38.25:611][  0]LogGameMode:Display: Match State Changed from WaitingToStart to InProgress
[2017.04.28-03.38.25:612][  0]LogBlueprintUserMessages: [Main_C_0] 0.524466
[2017.04.28-03.38.25:622][  0]LogGameState: Match State Changed from WaitingToStart to InProgress
[2017.04.28-03.38.25:622][  0]LogLoad: Took 0.230458 seconds to LoadMap(/Temp/Autosaves/Game/Map/UEDPCMain)
[2017.04.28-03.38.25:627][  0]LogSlate: Took 0.003890 seconds to synchronously load lazily loaded font '../../../Engine/Content/Slate/Fonts/NanumGothic.ttf' (4243K)
[2017.04.28-03.38.25:629][  0]LogSlate: Took 0.000241 seconds to synchronously load lazily loaded font '../../../Engine/Content/Slate/Fonts/Roboto-Regular.ttf' (155K)
[2017.04.28-03.38.25:878][  0]LogRenderer: Reallocating scene render targets to support 1280x720 NumSamples 1 (Frame:2).
[2017.04.28-03.38.25:878][  0]LogLoad: (Engine Initialization) Total time: 13.07 seconds
[2017.04.28-03.38.25:878][  0]LogLoad: (Engine Initialization) Total Blueprint compile time: 0.34 seconds
[2017.04.28-03.38.25:878][  0]LogExternalProfiler: Found external profiler: VSPerf
[2017.04.28-03.38.25:878][  0]LogExternalProfiler: Using external profiler: VSPerf
[2017.04.28-03.38.25:896][  0]LogOcInput: OculusInput pre-init called
[2017.04.28-03.38.41:504][469]LogOnline:Warning: Unknown or unsupported data type from Steam key data 0 1
[2017.04.28-03.38.41:504][469]LogOnline:Warning: STEAM: Failed to parse setting from key 0 value 1
[2017.04.28-03.38.41:504][469]LogOnline:Warning: Unknown or unsupported data type from Steam key data 1 0
[2017.04.28-03.38.41:504][469]LogOnline:Warning: STEAM: Failed to parse setting from key 1 value 0
[2017.04.28-03.38.41:504][469]LogOnline:Warning: Unknown or unsupported data type from Steam key data 2 1
[2017.04.28-03.38.41:504][469]LogOnline:Warning: STEAM: Failed to parse setting from key 2 value 1
[2017.04.28-03.38.41:504][469]LogOnline:Warning: Unknown or unsupported data type from Steam key data 3 36
[2017.04.28-03.38.41:504][469]LogOnline:Warning: STEAM: Failed to parse setting from key 3 value 36
[2017.04.28-03.38.41:504][469]LogOnline:Warning: Unknown or unsupported data type from Steam key data 4 1
[2017.04.28-03.38.41:504][469]LogOnline:Warning: STEAM: Failed to parse setting from key 4 value 1
[2017.04.28-03.38.41:504][469]LogOnline:Warning: Unknown or unsupported data type from Steam key data 5 1
[2017.04.28-03.38.41:504][469]LogOnline:Warning: STEAM: Failed to parse setting from key 5 value 1
[2017.04.28-03.38.41:504][469]LogOnline:Warning: Unknown or unsupported data type from Steam key data 6 30663
[2017.04.28-03.38.41:504][469]LogOnline:Warning: STEAM: Failed to parse setting from key 6 value 30663
[2017.04.28-03.38.41:504][469]LogOnline:Warning: Unknown or unsupported data type from Steam key data 7 2
[2017.04.28-03.38.41:504][469]LogOnline:Warning: STEAM: Failed to parse setting from key 7 value 2
[2017.04.28-03.38.41:504][469]LogOnline:Warning: Unknown or unsupported data type from Steam key data data 73997c18d7df|1|0|1|1|36|1|planet_77|0|0|8|207|112|0|0| | | | | |
[2017.04.28-03.38.41:504][469]LogOnline:Warning: STEAM: Failed to parse setting from key data value 73997c18d7df|1|0|1|1|36|1|planet_77|0|0|8|207|112|0|0| | | | | |
[2017.04.28-03.38.41:504][469]LogOnline:Warning: Unknown or unsupported data type from Steam key data name YYTMTJ
[2017.04.28-03.38.41:504][469]LogOnline:Warning: STEAM: Failed to parse setting from key name value YYTMTJ
[2017.04.28-03.38.41:504][469]LogOnline:Warning: Unknown or unsupported data type from Steam key data __gameserverIP 0
[2017.04.28-03.38.41:504][469]LogOnline:Warning: STEAM: Failed to parse setting from key __gameserverIP value 0
[2017.04.28-03.38.41:504][469]LogOnline:Warning: Unknown or unsupported data type from Steam key data __gameserverPort 0
[2017.04.28-03.38.41:504][469]LogOnline:Warning: STEAM: Failed to parse setting from key __gameserverPort value 0
[2017.04.28-03.38.41:504][469]LogOnline:Warning: Unknown or unsupported data type from Steam key data __gameserverSteamID 76561198166318127
[2017.04.28-03.38.41:504][469]LogOnline:Warning: STEAM: Failed to parse setting from key __gameserverSteamID value 76561198166318127
[2017.04.28-03.38.41:504][469]LogOnline:Warning: STEAM: Unable to parse search result for lobby 'Lobby [0x1860000BF43A826]'
[2017.04.28-03.38.41:505][469]LogOnline:Warning: Unknown or unsupported data type from Steam key data actual_password dfe1f9256de9f1028f391306ec739647
[2017.04.28-03.38.41:505][469]LogOnline:Warning: STEAM: Failed to parse setting from key actual_password value dfe1f9256de9f1028f391306ec739647
[2017.04.28-03.38.41:505][469]LogOnline:Warning: Unknown or unsupported data type from Steam key data desc Stellaris
[2017.04.28-03.38.41:505][469]LogOnline:Warning: STEAM: Failed to parse setting from key desc value Stellaris
[2017.04.28-03.38.41:505][469]LogOnline:Warning: Unknown or unsupported data type from Steam key data mod Stellaris
[2017.04.28-03.38.41:505][469]LogOnline:Warning: STEAM: Failed to parse setting from key mod value Stellaris
[2017.04.28-03.38.41:505][469]LogOnline:Warning: Unknown or unsupported data type from Steam key data name kkk
[2017.04.28-03.38.41:505][469]LogOnline:Warning: STEAM: Failed to parse setting from key name value kkk
[2017.04.28-03.38.41:505][469]LogOnline:Warning: Unknown or unsupported data type from Steam key data password 1
[2017.04.28-03.38.41:505][469]LogOnline:Warning: STEAM: Failed to parse setting from key password value 1
[2017.04.28-03.38.41:505][469]LogOnline:Warning: Unknown or unsupported data type from Steam key data status STARTING
[2017.04.28-03.38.41:505][469]LogOnline:Warning: STEAM: Failed to parse setting from key status value STARTING
[2017.04.28-03.38.41:505][469]LogOnline:Warning: Unknown or unsupported data type from Steam key data version Banks v1.5.1 (6565)
[2017.04.28-03.38.41:505][469]LogOnline:Warning: STEAM: Failed to parse setting from key version value Banks v1.5.1 (6565)
[2017.04.28-03.38.41:505][469]LogOnline:Warning: Unknown or unsupported data type from Steam key data __gameserverIP 0
[2017.04.28-03.38.41:505][469]LogOnline:Warning: STEAM: Failed to parse setting from key __gameserverIP value 0
[2017.04.28-03.38.41:505][469]LogOnline:Warning: Unknown or unsupported data type from Steam key data __gameserverPort 0
[2017.04.28-03.38.41:505][469]LogOnline:Warning: STEAM: Failed to parse setting from key __gameserverPort value 0
[2017.04.28-03.38.41:505][469]LogOnline:Warning: Unknown or unsupported data type from Steam key data __gameserverSteamID 90108402319735813
[2017.04.28-03.38.41:505][469]LogOnline:Warning: STEAM: Failed to parse setting from key __gameserverSteamID value 90108402319735813
[2017.04.28-03.38.41:505][469]LogOnline:Warning: STEAM: Unable to parse search result for lobby 'Lobby [0x1860000BF452C4C]'
[2017.04.28-03.38.41:505][469]LogOnline:Warning: Unknown or unsupported data type from Steam key data auto_stop_game 90
[2017.04.28-03.38.41:505][469]LogOnline:Warning: STEAM: Failed to parse setting from key auto_stop_game value 90
[2017.04.28-03.38.41:505][469]LogOnline:Warning: Unknown or unsupported data type from Steam key data browsing_timeout 300
[2017.04.28-03.38.41:505][469]LogOnline:Warning: STEAM: Failed to parse setting from key browsing_timeout value 300
[2017.04.28-03.38.41:505][469]LogOnline:Warning: Unknown or unsupported data type from Steam key data database_changes 1
[2017.04.28-03.38.41:505][469]LogOnline:Warning: STEAM: Failed to parse setting from key database_changes value 1
[2017.04.28-03.38.41:505][469]LogOnline:Warning: Unknown or unsupported data type from Steam key data disable_subscribing_to_other_humans 90
[2017.04.28-03.38.41:505][469]LogOnline:Warning: STEAM: Failed to parse setting from key disable_subscribing_to_other_humans value 90
[2017.04.28-03.38.41:505][469]LogOnline:Warning: Unknown or unsupported data type from Steam key data fix_version 2
[2017.04.28-03.38.41:505][469]LogOnline:Warning: STEAM: Failed to parse setting from key fix_version value 2
[2017.04.28-03.38.41:505][469]LogOnline:Warning: Unknown or unsupported data type from Steam key data force_continue_enabled 1
[2017.04.28-03.38.41:505][469]LogOnline:Warning: STEAM: Failed to parse setting from key force_continue_enabled value 1
[2017.04.28-03.38.41:505][469]LogOnline:Warning: Unknown or unsupported data type from Steam key data game_type 4
[2017.04.28-03.38.41:505][469]LogOnline:Warning: STEAM: Failed to parse setting from key game_type value 4
[2017.04.28-03.38.41:505][469]LogOnline:Warning: Unknown or unsupported data type from Steam key data has_password 1
[2017.04.28-03.38.41:505][469]LogOnline:Warning: STEAM: Failed to parse setting from key has_password value 1
[2017.04.28-03.38.41:505][469]LogOnline:Warning: Unknown or unsupported data type from Steam key data highlight_modes 2
[2017.04.28-03.38.41:505][469]LogOnline:Warning: STEAM: Failed to parse setting from key highlight_modes value 2
[2017.04.28-03.38.41:506][469]LogOnline:Warning: Unknown or unsupported data type from Steam key data host_user Slurve327
[2017.04.28-03.38.41:506][469]LogOnline:Warning: STEAM: Failed to parse setting from key host_user value Slurve327
[2017.04.28-03.38.41:506][469]LogOnline:Warning: Unknown or unsupported data type from Steam key data in_game_editor_not_allowed 0
[2017.04.28-03.38.41:506][469]LogOnline:Warning: STEAM: Failed to parse setting from key in_game_editor_not_allowed value 0
[2017.04.28-03.38.41:506][469]LogOnline:Warning: Unknown or unsupported data type from Steam key data in_match_timeout 60
[2017.04.28-03.38.41:506][469]LogOnline:Warning: STEAM: Failed to parse setting from key in_match_timeout value 60
[2017.04.28-03.38.41:506][469]LogOnline:Warning: Unknown or unsupported data type from Steam key data major_version 15
[2017.04.28-03.38.41:506][469]LogOnline:Warning: STEAM: Failed to parse setting from key major_version value 15
[2017.04.28-03.38.41:506][469]LogOnline:Warning: Unknown or unsupported data type from Steam key data max_connections 32
[2017.04.28-03.38.41:506][469]LogOnline:Warning: STEAM: Failed to parse setting from key max_connections value 32
[2017.04.28-03.38.41:506][469]LogOnline:Warning: Unknown or unsupported data type from Steam key data max_managers 20
[2017.04.28-03.38.41:506][469]LogOnline:Warning: STEAM: Failed to parse setting from key max_managers value 20
[2017.04.28-03.38.41:506][469]LogOnline:Warning: Unknown or unsupported data type from Steam key data message_timeout 60
[2017.04.28-03.38.41:506][469]LogOnline:Warning: STEAM: Failed to parse setting from key message_timeout value 60
[2017.04.28-03.38.41:506][469]LogOnline:Warning: Unknown or unsupported data type from Steam key data minor_version 3
[2017.04.28-03.38.41:506][469]LogOnline:Warning: STEAM: Failed to parse setting from key minor_version value 3
[2017.04.28-03.38.41:506][469]LogOnline:Warning: Unknown or unsupported data type from Steam key data name Ho
[2017.04.28-03.38.41:506][469]LogOnline:Warning: STEAM: Failed to parse setting from key name value Ho
[2017.04.28-03.38.41:506][469]LogOnline:Warning: Unknown or unsupported data type from Steam key data name_substring_Ho 1
[2017.04.28-03.38.41:506][469]LogOnline:Warning: STEAM: Failed to parse setting from key name_substring_Ho value 1
[2017.04.28-03.38.41:506][469]LogOnline:Warning: Unknown or unsupported data type from Steam key data network_version 1500
[2017.04.28-03.38.41:506][469]LogOnline:Warning: STEAM: Failed to parse setting from key network_version value 1500
[2017.04.28-03.38.41:506][469]LogOnline:Warning: Unknown or unsupported data type from Steam key data number_managers 1
[2017.04.28-03.38.41:506][469]LogOnline:Warning: STEAM: Failed to parse setting from key number_managers value 1
[2017.04.28-03.38.41:506][469]LogOnline:Warning: Unknown or unsupported data type from Steam key data password 9887
[2017.04.28-03.38.41:506][469]LogOnline:Warning: STEAM: Failed to parse setting from key password value 9887
[2017.04.28-03.38.41:506][469]LogOnline:Warning: Unknown or unsupported data type from Steam key data prematch_timeout 120
[2017.04.28-03.38.41:506][469]LogOnline:Warning: STEAM: Failed to parse setting from key prematch_timeout value 120
[2017.04.28-03.38.41:506][469]LogOnline:Warning: Unknown or unsupported data type from Steam key data replay_modes 1
[2017.04.28-03.38.41:506][469]LogOnline:Warning: STEAM: Failed to parse setting from key replay_modes value 1
[2017.04.28-03.38.41:506][469]LogOnline:Warning: Unknown or unsupported data type from Steam key data selected_division_11 1
[2017.04.28-03.38.41:506][469]LogOnline:Warning: STEAM: Failed to parse setting from key selected_division_11 value 1
[2017.04.28-03.38.41:506][469]LogOnline:Warning: Unknown or unsupported data type from Steam key data versus_game_type 4
[2017.04.28-03.38.41:506][469]LogOnline:Warning: STEAM: Failed to parse setting from key versus_game_type value 4
[2017.04.28-03.38.41:506][469]LogOnline:Warning: STEAM: Unable to parse search result for lobby 'Lobby [0x1860000BF3A5BE4]'
[2017.04.28-03.38.49:116][699]LogNetVersion: GetLocalNetworkVersion: CL: 3299760, ProjectName: unnamed, ProjectVersion: 1.0.0.0, EngineNetworkVersion: 2, GameNetworkVersion: 0, NetworkChecksum: 2893060150
[2017.04.28-03.38.49:728][708]LogPackageName: SearchForPackageOnDisk took   0.163s to resolve stage.umap.
[2017.04.28-03.38.49:729][708]LogGameMode:Display: Match State Changed from InProgress to LeavingMap
[2017.04.28-03.38.49:729][708]LogGameState: Match State Changed from InProgress to LeavingMap
[2017.04.28-03.38.49:889][708]LogPackageName: SearchForPackageOnDisk took   0.160s to resolve stage.umap.
[2017.04.28-03.38.49:889][708]LogNet: Browse: /Game/Map/stage?listen
[2017.04.28-03.38.49:889][708]LogLoad: LoadMap: /Game/Map/stage?listen
[2017.04.28-03.38.49:911][708]LogMemory: Platform Memory Stats for Windows
[2017.04.28-03.38.49:911][708]LogMemory: Process Physical Memory: 737.68 MB used, 785.01 MB peak
[2017.04.28-03.38.49:911][708]LogMemory: Process Virtual Memory: 913.29 MB used, 1021.04 MB peak
[2017.04.28-03.38.49:911][708]LogMemory: Physical Memory: 6019.66 MB used,  6190.20 MB free, 12209.86 MB total
[2017.04.28-03.38.49:911][708]LogMemory: Virtual Memory: 1688.35 MB used,  6190.20 MB free, 134217728.00 MB total
[2017.04.28-03.38.49:911][708]LogMemory: 
[2017.04.28-03.38.49:911][708]Allocator Stats for TBB: (not implemented)
[2017.04.28-03.38.51:896][708]LogLinker:Warning: '/Game/Landscapes/Materials/sue079' 파일을 찾을 수 없습니다.
[2017.04.28-03.38.51:896][708]LoadErrors: 정보 로드에 실패했습니다. /Game/Landscapes/Materials/sue079.sue079 레퍼런싱한 것: MaterialExpressionTextureSample_0
[2017.04.28-03.38.51:896][708]LogUObjectGlobals:Warning: '/Game/Landscapes/Materials/sue079': '/Game/Landscapes/Materials/sue079' 파일을 찾을 수 없습니다. 로드에 실패했습니다.
[2017.04.28-03.38.51:896][708]LogLinker:Warning: NULL 로드중 '/Game/Landscapes/Materials/sue079' 애셋에 대한 파일을 찾을 수 없습니다.
[2017.04.28-03.38.51:896][708]LoadErrors: 정보 로드에 실패했습니다. /Game/Landscapes/Materials/sue079.sue079 레퍼런싱한 것: MaterialExpressionTextureSample_0
[2017.04.28-03.38.51:896][708]LogUObjectGlobals:Warning: '/Game/Landscapes/Materials/sue079': NULL 로드중 '/Game/Landscapes/Materials/sue079' 애셋에 대한 파일을 찾을 수 없습니다. 로드에 실패했습니다.
[2017.04.28-03.38.51:896][708]LogLinker:Warning: '/Game/Landscapes/Materials/sup025' 파일을 찾을 수 없습니다.
[2017.04.28-03.38.51:896][708]LoadErrors: 정보 로드에 실패했습니다. /Game/Landscapes/Materials/sup025.sup025 레퍼런싱한 것: MaterialExpressionTextureSample_1
[2017.04.28-03.38.51:896][708]LogUObjectGlobals:Warning: '/Game/Landscapes/Materials/sup025': '/Game/Landscapes/Materials/sup025' 파일을 찾을 수 없습니다. 로드에 실패했습니다.
[2017.04.28-03.38.51:896][708]LogLinker:Warning: NULL 로드중 '/Game/Landscapes/Materials/sup025' 애셋에 대한 파일을 찾을 수 없습니다.
[2017.04.28-03.38.51:896][708]LoadErrors: 정보 로드에 실패했습니다. /Game/Landscapes/Materials/sup025.sup025 레퍼런싱한 것: MaterialExpressionTextureSample_1
[2017.04.28-03.38.51:896][708]LogUObjectGlobals:Warning: '/Game/Landscapes/Materials/sup025': NULL 로드중 '/Game/Landscapes/Materials/sup025' 애셋에 대한 파일을 찾을 수 없습니다. 로드에 실패했습니다.
[2017.04.28-03.38.51:898][708]LogLinker:Warning: '/Game/Landscapes/Materials/sup088' 파일을 찾을 수 없습니다.
[2017.04.28-03.38.51:898][708]LoadErrors: 정보 로드에 실패했습니다. /Game/Landscapes/Materials/sup088.sup088 레퍼런싱한 것: MaterialExpressionTextureSample_2
[2017.04.28-03.38.51:898][708]LogUObjectGlobals:Warning: '/Game/Landscapes/Materials/sup088': '/Game/Landscapes/Materials/sup088' 파일을 찾을 수 없습니다. 로드에 실패했습니다.
[2017.04.28-03.38.51:898][708]LogLinker:Warning: NULL 로드중 '/Game/Landscapes/Materials/sup088' 애셋에 대한 파일을 찾을 수 없습니다.
[2017.04.28-03.38.51:898][708]LoadErrors: 정보 로드에 실패했습니다. /Game/Landscapes/Materials/sup088.sup088 레퍼런싱한 것: MaterialExpressionTextureSample_2
[2017.04.28-03.38.51:898][708]LogUObjectGlobals:Warning: '/Game/Landscapes/Materials/sup088': NULL 로드중 '/Game/Landscapes/Materials/sup088' 애셋에 대한 파일을 찾을 수 없습니다. 로드에 실패했습니다.
[2017.04.28-03.38.52:328][708]LogPackageName:Warning: String asset reference "FX_Meshes.UI.SM_SelectionMesh_01" is in short form, which is unsupported and -- even if valid -- resolving it will be really slow.
[2017.04.28-03.38.52:328][708]LogPackageName:Warning: Please consider resaving package in order to speed-up loading.
[2017.04.28-03.38.52:495][708]LogPackageName: SearchForPackageOnDisk took   0.166s, but failed to resolve FX_Meshes.
[2017.04.28-03.38.52:495][708]LogPackageName:Warning: String asset reference "FX_Meshes.UI.SM_SelectionMesh_01" could not be resolved.
[2017.04.28-03.38.52:634][708]LogMaterial: Missing cached shader map for material Mat_ground, compiling. 
[2017.04.28-03.38.52:635][708]LogMaterial:Warning: Failed to compile Material /Game/Landscapes/Materials/Mat_ground.Mat_ground for platform PCD3D_SM5, Default Material will be used in game.
[2017.04.28-03.38.52:635][708]LogMaterial:Warning: 	(Node TextureSample) TextureSample> Missing input texture
[2017.04.28-03.38.54:242][708]LogAIModule: Creating AISystem for world stage
[2017.04.28-03.38.54:242][708]LogLoad: Game class is 'MyGameMode_C'
[2017.04.28-03.38.54:243][708]LogNet:Display: SteamNetDriver_0 bound to port 7777
[2017.04.28-03.38.54:244][708]PacketHandlerLog: Loaded PacketHandler component: Engine.EngineHandlerComponentFactory (StatelessConnectHandlerComponent)
[2017.04.28-03.38.54:244][708]LogNet: GameNetDriver SteamNetDriver_0 IpNetDriver listening on port 7777
[2017.04.28-03.38.54:280][708]LogWorld: Bringing World /Game/Map/stage.stage up for play (max tick rate 0) at 2017.04.28-12.38.54
[2017.04.28-03.38.54:284][708]LogWorld: Bringing up level for play took: 0.039474
[2017.04.28-03.38.54:286][708]LogGameMode:Display: Match State Changed from EnteringMap to WaitingToStart
[2017.04.28-03.38.54:286][708]LogGameState: Match State Changed from EnteringMap to WaitingToStart
[2017.04.28-03.38.54:286][708]LogGameMode:Display: Match State Changed from WaitingToStart to InProgress
[2017.04.28-03.38.54:292][708]LogBlueprintUserMessages: [messageScroll_116] darkjcy
[2017.04.28-03.38.54:295][708]PIE:Warning: 경고 위젯이 포커스를 지원하지 않습니다. UserWidget 인 경우, bIsFocusable 을 true 로 설정해야 합니다.
[2017.04.28-03.38.54:296][708]LogGameState: Match State Changed from WaitingToStart to InProgress
[2017.04.28-03.38.54:298][708]LogLoad: Took 4.408399 seconds to LoadMap(/Game/Map/stage)
[2017.04.28-03.38.55:426][739]LogRenderer: Reallocating scene render targets to support 1920x1080 NumSamples 1 (Frame:744).
[2017.04.28-03.39.17:684][408]LogBlueprintUserMessages: [playercon_C_0] Hello
[2017.04.28-03.40.49:390][164]LogScript:Warning: Accessed None 이 K2Node_Event_InstigatedBy 프로퍼티를 읽으려 합니다.
	S01_C /Game/Map/stage.stage:PersistentLevel.S01_176
	Function /Game/S_rank/S01.S01_C:ExecuteUbergraph_S01:07AC
[2017.04.28-03.40.49:390][164]LogScript:Warning: Script call stack:
	Function /Game/S_rank/S01.S01_C:ReceiveAnyDamage
	Function /Game/S_rank/S01.S01_C:ExecuteUbergraph_S01

[2017.04.28-03.40.53:416][285]LogScript:Warning: Accessed None 이 K2Node_Event_InstigatedBy 프로퍼티를 읽으려 합니다.
	S01_C /Game/Map/stage.stage:PersistentLevel.S01_176
	Function /Game/S_rank/S01.S01_C:ExecuteUbergraph_S01:07AC
[2017.04.28-03.40.53:416][285]LogScript:Warning: Script call stack:
	Function /Game/S_rank/S01.S01_C:ReceiveAnyDamage
	Function /Game/S_rank/S01.S01_C:ExecuteUbergraph_S01

[2017.04.28-03.40.58:041][424]LogScript:Warning: Accessed None 이 K2Node_Event_InstigatedBy 프로퍼티를 읽으려 합니다.
	S01_C /Game/Map/stage.stage:PersistentLevel.S01_176
	Function /Game/S_rank/S01.S01_C:ExecuteUbergraph_S01:07AC
[2017.04.28-03.40.58:041][424]LogScript:Warning: Script call stack:
	Function /Game/S_rank/S01.S01_C:ReceiveAnyDamage
	Function /Game/S_rank/S01.S01_C:ExecuteUbergraph_S01

[2017.04.28-03.41.02:067][545]LogScript:Warning: Accessed None 이 K2Node_Event_InstigatedBy 프로퍼티를 읽으려 합니다.
	S01_C /Game/Map/stage.stage:PersistentLevel.S01_176
	Function /Game/S_rank/S01.S01_C:ExecuteUbergraph_S01:07AC
[2017.04.28-03.41.02:067][545]LogScript:Warning: Script call stack:
	Function /Game/S_rank/S01.S01_C:ReceiveAnyDamage
	Function /Game/S_rank/S01.S01_C:ExecuteUbergraph_S01

[2017.04.28-03.41.04:964][631]LogSlate: Took 0.000253 seconds to synchronously load lazily loaded font '../../../Engine/Content/Slate/Fonts/Roboto-Regular.ttf' (155K)
[2017.04.28-03.41.04:968][631]LogSlate: Took 0.003572 seconds to synchronously load lazily loaded font '../../../Engine/Content/Slate/Fonts/NanumGothic.ttf' (4243K)
[2017.04.28-03.41.06:093][666]LogScript:Warning: Accessed None 이 K2Node_Event_InstigatedBy 프로퍼티를 읽으려 합니다.
	S01_C /Game/Map/stage.stage:PersistentLevel.S01_176
	Function /Game/S_rank/S01.S01_C:ExecuteUbergraph_S01:07AC
[2017.04.28-03.41.06:093][666]LogScript:Warning: Script call stack:
	Function /Game/S_rank/S01.S01_C:ReceiveAnyDamage
	Function /Game/S_rank/S01.S01_C:ExecuteUbergraph_S01

[2017.04.28-03.41.30:840][408]LogWindowsTextInputMethodSystem:Display: IME system now activated using TSF (Microsoft 입력기).
[2017.04.28-03.41.30:851][408]LogWindowsTextInputMethodSystem:Display: IME system now activated using TSF (Microsoft 입력기).
[2017.04.28-03.41.30:859][408]LogEngine: All Windows Closed
[2017.04.28-03.41.30:859][408]LogWindows: FPlatformMisc::RequestExit(0)
[2017.04.28-03.41.30:860][409]LogMoviePlayer: Shutting down movie player
[2017.04.28-03.41.31:216][409]LogNet: World NetDriver shutdown SteamNetDriver_0 [GameNetDriver]
[2017.04.28-03.41.31:216][409]LogNet: DestroyNamedNetDriver SteamNetDriver_0 [GameNetDriver]
[2017.04.28-03.41.31:216][409]LogExit: GameNetDriver SteamNetDriver_0 shut down
[2017.04.28-03.41.31:222][409]LogExit: Preparing to exit.
[2017.04.28-03.41.32:050][409]LogExit: Game engine shut down
[2017.04.28-03.41.32:177][409]LogObj: Freed 0b from 0 cluster array pools.
[2017.04.28-03.41.32:177][409]LogExit: Object subsystem successfully closed.
[2017.04.28-03.41.32:205][409]LogD3D11RHI: Shutdown
[2017.04.28-03.41.32:205][409]LogD3D11RHI: CleanupD3DDevice
[2017.04.28-03.41.32:443][409]LogD3D11RHI: ~FD3D11DynamicRHI
[2017.04.28-03.41.32:452][409]LogModuleManager: Shutting down and abandoning module SequenceRecorderSections (266)
[2017.04.28-03.41.32:452][409]LogModuleManager: Shutting down and abandoning module SequenceRecorder (264)
[2017.04.28-03.41.32:452][409]LogModuleManager: Shutting down and abandoning module AutomationController (262)
[2017.04.28-03.41.32:452][409]LogModuleManager: Shutting down and abandoning module AutomationWorker (260)
[2017.04.28-03.41.32:452][409]LogModuleManager: Shutting down and abandoning module AIModule (258)
[2017.04.28-03.41.32:452][409]LogModuleManager: Shutting down and abandoning module GameplayDebugger (257)
[2017.04.28-03.41.32:452][409]LogModuleManager: Shutting down and abandoning module AITestSuite (255)
[2017.04.28-03.41.32:452][409]LogModuleManager: Shutting down and abandoning module WmfMediaFactory (252)
[2017.04.28-03.41.32:452][409]LogModuleManager: Shutting down and abandoning module MfMediaFactory (250)
[2017.04.28-03.41.32:452][409]LogModuleManager: Shutting down and abandoning module AvfMediaFactory (248)
[2017.04.28-03.41.32:452][409]LogModuleManager: Shutting down and abandoning module AndroidMediaFactory (246)
[2017.04.28-03.41.32:452][409]LogModuleManager: Shutting down and abandoning module Media (245)
[2017.04.28-03.41.32:452][409]LogModuleManager: Shutting down and abandoning module CharacterAI (242)
[2017.04.28-03.41.32:452][409]LogModuleManager: Shutting down and abandoning module SessionServices (240)
[2017.04.28-03.41.32:452][409]LogModuleManager: Shutting down and abandoning module MovieSceneCapture (238)
[2017.04.28-03.41.32:452][409]LogModuleManager: Shutting down and abandoning module GeometryCache (236)
[2017.04.28-03.41.32:452][409]LogModuleManager: Shutting down and abandoning module GeometryCacheEd (235)
[2017.04.28-03.41.32:452][409]LogModuleManager: Shutting down and abandoning module Niagara (232)
[2017.04.28-03.41.32:452][409]LogModuleManager: Shutting down and abandoning module StreamingPauseRendering (230)
[2017.04.28-03.41.32:452][409]LogModuleManager: Shutting down and abandoning module PortalServices (228)
[2017.04.28-03.41.32:452][409]LogModuleManager: Shutting down and abandoning module PortalRpc (226)
[2017.04.28-03.41.32:452][409]LogModuleManager: Shutting down and abandoning module MessagingRpc (224)
[2017.04.28-03.41.32:452][409]LogModuleManager: Shutting down and abandoning module ProfilerService (222)
[2017.04.28-03.41.32:641][409]LogModuleManager: Shutting down and abandoning module TaskGraph (220)
[2017.04.28-03.41.32:641][409]LogModuleManager: Shutting down and abandoning module SteamVRController (218)
[2017.04.28-03.41.32:641][409]LogModuleManager: Shutting down and abandoning module SteamVR (216)
[2017.04.28-03.41.32:641][409]LogModuleManager: Shutting down and abandoning module ProceduralMeshComponent (214)
[2017.04.28-03.41.32:641][409]LogModuleManager: Shutting down and abandoning module OculusLibrary (212)
[2017.04.28-03.41.32:641][409]LogModuleManager: Shutting down and abandoning module OculusInput (210)
[2017.04.28-03.41.32:641][409]LogModuleManager: Shutting down and abandoning module MobilePatchingUtils (208)
[2017.04.28-03.41.32:641][409]LogModuleManager: Shutting down and abandoning module CustomMeshComponent (206)
[2017.04.28-03.41.32:641][409]LogModuleManager: Shutting down and abandoning module CableComponent (204)
[2017.04.28-03.41.32:641][409]LogModuleManager: Shutting down and abandoning module ArchVisCharacter (202)
[2017.04.28-03.41.32:641][409]LogModuleManager: Shutting down and abandoning module HTML5Networking (198)
[2017.04.28-03.41.32:641][409]LogModuleManager: Shutting down and abandoning module VisualStudioSourceCodeAccess (196)
[2017.04.28-03.41.32:641][409]LogModuleManager: Shutting down and abandoning module DesktopPlatform (195)
[2017.04.28-03.41.32:641][409]LogModuleManager: Shutting down and abandoning module HotReload (193)
[2017.04.28-03.41.32:641][409]LogModuleManager: Shutting down and abandoning module DirectoryWatcher (192)
[2017.04.28-03.41.32:641][409]LogModuleManager: Shutting down and abandoning module UObjectPlugin (188)
[2017.04.28-03.41.32:641][409]LogModuleManager: Shutting down and abandoning module SubversionSourceControl (186)
[2017.04.28-03.41.32:641][409]LogModuleManager: Shutting down and abandoning module PerforceSourceControl (184)
[2017.04.28-03.41.32:641][409]LogModuleManager: Shutting down and abandoning module SourceControl (183)
[2017.04.28-03.41.32:641][409]LogModuleManager: Shutting down and abandoning module PhysXVehiclesEditor (180)
[2017.04.28-03.41.32:641][409]LogModuleManager: Shutting down and abandoning module PhysXVehicles (178)
[2017.04.28-03.41.32:641][409]LogModuleManager: Shutting down and abandoning module LocationServicesBPLibrary (176)
[2017.04.28-03.41.32:641][409]LogModuleManager: Shutting down and abandoning module UdpMessaging (174)
[2017.04.28-03.41.32:742][409]LogModuleManager: Shutting down and abandoning module TcpMessaging (172)
[2017.04.28-03.41.32:842][409]LogModuleManager: Shutting down and abandoning module GameplayTagsEditor (170)
[2017.04.28-03.41.32:842][409]LogModuleManager: Shutting down and abandoning module FacialAnimation (168)
[2017.04.28-03.41.32:842][409]LogModuleManager: Shutting down and abandoning module LightPropagationVolumeRuntime (166)
[2017.04.28-03.41.32:842][409]LogModuleManager: Shutting down and abandoning module Paper2D (164)
[2017.04.28-03.41.32:842][409]LogModuleManager: Shutting down and abandoning module WindowsMoviePlayer (162)
[2017.04.28-03.41.32:842][409]LogModuleManager: Shutting down and abandoning module WmfMedia (160)
[2017.04.28-03.41.32:842][409]LogModuleManager: Shutting down and abandoning module MfMedia (158)
[2017.04.28-03.41.32:842][409]LogModuleManager: Shutting down and abandoning module MediaAssets (156)
[2017.04.28-03.41.32:842][409]LogModuleManager: Shutting down and abandoning module GameLiveStreaming (154)
[2017.04.28-03.41.32:842][409]LogModuleManager: Shutting down and abandoning module VREditor (152)
[2017.04.28-03.41.32:842][409]LogModuleManager: Shutting down and abandoning module GameplayTasksEditor (150)
[2017.04.28-03.41.32:842][409]LogModuleManager: Shutting down and abandoning module BehaviorTreeEditor (148)
[2017.04.28-03.41.32:842][409]LogModuleManager: Shutting down and abandoning module FunctionalTesting (146)
[2017.04.28-03.41.32:842][409]LogModuleManager: Shutting down and abandoning module CollisionAnalyzer (144)
[2017.04.28-03.41.32:842][409]LogModuleManager: Shutting down and abandoning module UMG (142)
[2017.04.28-03.41.32:842][409]LogModuleManager: Shutting down and abandoning module UMGEditor (141)
[2017.04.28-03.41.32:842][409]LogModuleManager: Shutting down and abandoning module Sequencer (140)
[2017.04.28-03.41.32:842][409]LogModuleManager: Shutting down and abandoning module AssetTools (138)
[2017.04.28-03.41.32:843][409]LogModuleManager: Shutting down and abandoning module MessageLog (137)
[2017.04.28-03.41.32:843][409]LogModuleManager: Shutting down and abandoning module WorkspaceMenuStructure (136)
[2017.04.28-03.41.32:843][409]LogModuleManager: Shutting down and abandoning module SlateReflector (130)
[2017.04.28-03.41.32:843][409]LogModuleManager: Shutting down and abandoning module Slate (128)
[2017.04.28-03.41.32:843][409]LogModuleManager: Shutting down and abandoning module EditorStyle (126)
[2017.04.28-03.41.32:844][409]LogModuleManager: Shutting down and abandoning module Messaging (124)
[2017.04.28-03.41.32:844][409]LogModuleManager: Shutting down and abandoning module SourceCodeAccess (122)
[2017.04.28-03.41.32:844][409]LogModuleManager: Shutting down and abandoning module HeadMountedDisplay (120)
[2017.04.28-03.41.32:844][409]LogModuleManager: Shutting down and abandoning module XAudio2 (118)
[2017.04.28-03.41.32:844][409]LogModuleManager: Shutting down and abandoning module Networking (116)
[2017.04.28-03.41.32:844][409]LogModuleManager: Shutting down and abandoning module Core (114)
[2017.04.28-03.41.32:845][409]LogModuleManager: Shutting down and abandoning module KismetCompiler (112)
[2017.04.28-03.41.32:845][409]LogModuleManager: Shutting down and abandoning module PhysXFormats (110)
[2017.04.28-03.41.32:845][409]LogModuleManager: Shutting down and abandoning module MeshUtilities (108)
[2017.04.28-03.41.32:845][409]LogModuleManager: Shutting down and abandoning module SimplygonSwarm (107)
[2017.04.28-03.41.32:845][409]LogModuleManager: Shutting down and abandoning module SimplygonMeshReduction (105)
[2017.04.28-03.41.32:845][409]LogModuleManager: Shutting down and abandoning module QuadricMeshReduction (103)
[2017.04.28-03.41.32:845][409]LogModuleManager: Shutting down and abandoning module PropertyEditor (101)
[2017.04.28-03.41.32:845][409]LogModuleManager: Shutting down and abandoning module AssetRegistry (98)
[2017.04.28-03.41.32:845][409]LogModuleManager: Shutting down and abandoning module DerivedDataCache (96)
[2017.04.28-03.41.32:902][409]LogDerivedDataCache: Shutdown
[2017.04.28-03.41.32:902][409]LogModuleManager: Shutting down and abandoning module TargetPlatform (94)
[2017.04.28-03.41.32:903][409]LogModuleManager: Shutting down and abandoning module VulkanShaderFormat (93)
[2017.04.28-03.41.32:903][409]LogModuleManager: Shutting down and abandoning module ShaderFormatOpenGL (91)
[2017.04.28-03.41.32:903][409]LogModuleManager: Shutting down and abandoning module ShaderFormatD3D (89)
[2017.04.28-03.41.32:903][409]LogModuleManager: Shutting down and abandoning module MetalShaderFormat (87)
[2017.04.28-03.41.32:903][409]LogModuleManager: Shutting down and abandoning module TextureFormatUncompressed (85)
[2017.04.28-03.41.32:903][409]LogModuleManager: Shutting down and abandoning module TextureFormatPVR (83)
[2017.04.28-03.41.32:903][409]LogModuleManager: Shutting down and abandoning module TextureFormatDXT (81)
[2017.04.28-03.41.32:903][409]LogModuleManager: Shutting down and abandoning module TextureFormatIntelISPCTexComp (79)
[2017.04.28-03.41.32:903][409]LogModuleManager: Shutting down and abandoning module TextureFormatASTC (77)
[2017.04.28-03.41.32:903][409]LogModuleManager: Shutting down and abandoning module ImageWrapper (76)
[2017.04.28-03.41.32:903][409]LogModuleManager: Shutting down and abandoning module TextureFormatAndroid (73)
[2017.04.28-03.41.32:903][409]LogModuleManager: Shutting down and abandoning module AudioFormatOpus (71)
[2017.04.28-03.41.32:903][409]LogModuleManager: Shutting down and abandoning module AudioFormatOgg (69)
[2017.04.28-03.41.32:903][409]LogModuleManager: Shutting down and abandoning module AudioFormatADPCM (67)
[2017.04.28-03.41.32:903][409]LogModuleManager: Shutting down and abandoning module WindowsTargetPlatform (65)
[2017.04.28-03.41.32:903][409]LogModuleManager: Shutting down and abandoning module WindowsServerTargetPlatform (63)
[2017.04.28-03.41.32:903][409]LogModuleManager: Shutting down and abandoning module WindowsNoEditorTargetPlatform (61)
[2017.04.28-03.41.32:903][409]LogModuleManager: Shutting down and abandoning module WindowsClientTargetPlatform (59)
[2017.04.28-03.41.32:903][409]LogModuleManager: Shutting down and abandoning module InputCore (56)
[2017.04.28-03.41.32:903][409]LogModuleManager: Shutting down and abandoning module Settings (54)
[2017.04.28-03.41.32:903][409]LogModuleManager: Shutting down and abandoning module OculusRift (52)
[2017.04.28-03.41.32:903][409]LogModuleManager: Shutting down and abandoning module GearVR (50)
[2017.04.28-03.41.32:903][409]LogModuleManager: Shutting down and abandoning module ExampleDeviceProfileSelector (48)
[2017.04.28-03.41.32:903][409]LogModuleManager: Shutting down and abandoning module OnlineBlueprintSupport (46)
[2017.04.28-03.41.32:903][409]LogModuleManager: Shutting down and abandoning module OnlineSubsystem (42)
[2017.04.28-03.41.32:903][409]LogOnline:Display: STEAM: OnlineSubsystemSteam::Shutdown()
[2017.04.28-03.41.32:950][409]LogOnline:Display: Unloading online subsystem: STEAM
[2017.04.28-03.41.32:950][409]LogOnline:Display: STEAM: OnlineSubsystemSteam::Shutdown()
[2017.04.28-03.41.32:950][409]LogOnline:Display: Unloading online subsystem: NULL
[2017.04.28-03.41.32:950][409]LogModuleManager: Shutting down and abandoning module XMPP (37)
[2017.04.28-03.41.32:950][409]LogModuleManager: Shutting down and abandoning module HTTP (35)
[2017.04.28-03.41.32:982][409]LogModuleManager: Shutting down and abandoning module SSL (34)
[2017.04.28-03.41.32:983][409]LogModuleManager: Shutting down and abandoning module AudioEditor (30)
[2017.04.28-03.41.32:983][409]LogModuleManager: Shutting down and abandoning module TextureCompressor (28)
[2017.04.28-03.41.32:983][409]LogModuleManager: Shutting down and abandoning module ShaderCore (26)
[2017.04.28-03.41.32:983][409]LogModuleManager: Shutting down and abandoning module Landscape (24)
[2017.04.28-03.41.32:983][409]LogModuleManager: Shutting down and abandoning module SlateRHIRenderer (22)
[2017.04.28-03.41.32:984][409]LogModuleManager: Shutting down and abandoning module OpenGLDrv (20)
[2017.04.28-03.41.32:984][409]LogModuleManager: Shutting down and abandoning module D3D11RHI (18)
[2017.04.28-03.41.32:984][409]LogModuleManager: Shutting down and abandoning module AnimGraphRuntime (16)
[2017.04.28-03.41.32:984][409]LogModuleManager: Shutting down and abandoning module Renderer (14)
[2017.04.28-03.41.32:984][409]LogModuleManager: Shutting down and abandoning module Engine (12)
[2017.04.28-03.41.32:984][409]LogModuleManager: Shutting down and abandoning module CoreUObject (10)
[2017.04.28-03.41.32:984][409]LogModuleManager: Shutting down and abandoning module NetworkFile (8)
[2017.04.28-03.41.32:984][409]LogModuleManager: Shutting down and abandoning module StreamingFile (6)
[2017.04.28-03.41.32:984][409]LogModuleManager: Shutting down and abandoning module SandboxFile (4)
[2017.04.28-03.41.32:984][409]LogModuleManager: Shutting down and abandoning module PakFile (2)
[2017.04.28-03.41.32:985][409]LogExit: Exiting.
[2017.04.28-03.41.32:987][409]Log file closed, 04/28/17 12:41:32
