Log file open, 04/14/17 13:36:39
LogInit:Display: Running engine for game: UNNAMED
LogPlatformFile: Not using cached read wrapper
LogInit:Display: RandInit(-1260144606) SRandInit(-1260144604).
LogTaskGraph: Started task graph with 4 named threads and 7 total threads with 1 sets of task threads.
LogStats: Stats thread started at 0.091118
LogInit: Version: 4.12.5-3039270+++UE4+Release-4.12
LogInit: API Version: 2992821
LogInit: Net Version: 3039270
LogDevObjectVersion: Number of dev versions registered: 13
LogDevObjectVersion:   Dev-Blueprints (B0D832E4-1F89-4F0D-ACCF-7EB736FD4AA2): 3
LogDevObjectVersion:   Dev-Build (E1C64328-A22C-4D53-A36C-8E866417BD8C): 0
LogDevObjectVersion:   Dev-Core (375EC13C-06E4-48FB-B500-84F0262A717E): 1
LogDevObjectVersion:   Dev-Editor (E4B068ED-F494-42E9-A231-DA0B2E46BB41): 2
LogDevObjectVersion:   Dev-Framework (CFFC743F-43B0-4480-9391-14DF171D2073): 6
LogDevObjectVersion:   Dev-Mobile (B02B49B5-BB20-44E9-A304-32B752E40360): 0
LogDevObjectVersion:   Dev-Networking (A4E4105C-59A1-49B5-A7C5-40C4547EDFEE): 0
LogDevObjectVersion:   Dev-Online (39C831C9-5AE6-47DC-9A44-9C173E1C8E7C): 0
LogDevObjectVersion:   Dev-Physics (78F01B33-EBEA-4F98-B9B4-84EACCB95AA2): 0
LogDevObjectVersion:   Dev-Platform (6631380F-2D4D-43E0-8009-CF276956A95A): 0
LogDevObjectVersion:   Dev-Rendering (12F88B9F-8875-4AFC-A67C-D90C383ABD29): 2
LogDevObjectVersion:   Dev-Sequencer (7B5AE74C-D270-4C10-A958-57980B212A5A): 0
LogDevObjectVersion:   Dev-VR (D7296918-1DD6-4BDD-9DE2-64A83CC13884): 0
LogInit: Compiled (64-bit): Jul  6 2016 09:09:46
LogInit: Compiled with Visual C++: 19.00.23026.00
LogInit: Build Configuration: Development
LogInit: Branch Name: ++UE4+Release-4.12
LogInit: Command line:  /Temp/Autosaves/Game/Map/UEDPCMain -game -PIEVIACONSOLE -ResX=1280 -ResY=720  -Multiprocess -windowed -messaging -SessionName="Play in Standalone Game" 
LogInit: Base directory: C:/Program Files (x86)/Epic Games/4.12/Engine/Binaries/Win64/
LogInit: Installed Engine Build: 1
LogFileManager:Warning: Error deleting file: ../../../../../../Users/jcy/Documents/GitHub/UNNAMED/UNNAMED/Saved/Logs/UNNAMED.log (Error Code 32)
LogInit: Using libcurl 7.41.0
LogInit:  - built for x86_64-pc-win32
LogInit:  - supports SSL with WinSSL
LogInit:  - other features:
LogInit:      CURL_VERSION_SSL
LogInit:      CURL_VERSION_IPV6
LogInit:      CURL_VERSION_ASYNCHDNS
LogInit:      CURL_VERSION_LARGEFILE
LogInit:      CURL_VERSION_IDN
LogInit:  CurlRequestOptions (configurable via config and command line):
LogInit:  - bVerifyPeer = true  - Libcurl will verify peer certificate
LogInit:  - bUseHttpProxy = false  - Libcurl will NOT use HTTP proxy
LogInit:  - bDontReuseConnections = false  - Libcurl will reuse connections
LogInit:  - CertBundlePath = nullptr  - Libcurl will use whatever was configured at build time.
LogOnline:Display: STEAM: Loading Steam SDK 1.32
LogInit: WinSock: version 1.1 (2.2), MaxSocks=32767, MaxUdp=65467
LogInit: Presizing for max 8388607 objects, including 0 objects not considered by GC, pre-allocating 0 bytes for permanent pool.
LogInit: Object subsystem initialized
[2017.04.14-04.36.39:596][  0]LogInit: Selected Device Profile: [Windows]
[2017.04.14-04.36.39:596][  0]LogInit: Applying CVar settings loaded from the selected device profile: [Windows]
[2017.04.14-04.36.39:600][  0]LogInit: Computer: DESKTOP-5I3HB32
[2017.04.14-04.36.39:600][  0]LogInit: User: jcy
[2017.04.14-04.36.39:600][  0]LogInit: CPU Page size=65536, Cores=4
[2017.04.14-04.36.39:600][  0]LogInit: High frequency timer resolution =2.533210 MHz
[2017.04.14-04.36.39:601][  0]LogMemory: Memory total: Physical=11.9GB (12GB approx)
[2017.04.14-04.36.39:601][  0]LogMemory: Platform Memory Stats for Windows
[2017.04.14-04.36.39:601][  0]LogMemory: Process Physical Memory: 230.40 MB used, 230.40 MB peak
[2017.04.14-04.36.39:601][  0]LogMemory: Process Virtual Memory: 216.63 MB used, 216.63 MB peak
[2017.04.14-04.36.39:601][  0]LogMemory: Physical Memory: 4353.24 MB used, 12209.86 MB total
[2017.04.14-04.36.39:601][  0]LogMemory: Virtual Memory: 684.87 MB used, 134217728.00 MB total
[2017.04.14-04.36.40:174][  0]LogD3D11RHI: D3D11 adapters:
[2017.04.14-04.36.40:832][  0]LogD3D11RHI:    0. 'NVIDIA GeForce GTX 960M' (Feature Level 11_0)
[2017.04.14-04.36.40:832][  0]LogD3D11RHI:       2019/0/6104 MB DedicatedVideo/DedicatedSystem/SharedSystem, Outputs:1, VendorId:0x10de
[2017.04.14-04.36.40:840][  0]LogD3D11RHI:    1. 'Intel(R) HD Graphics 4600' (Feature Level 11_0)
[2017.04.14-04.36.40:840][  0]LogD3D11RHI:       112/0/2048 MB DedicatedVideo/DedicatedSystem/SharedSystem, Outputs:0, VendorId:0x8086
[2017.04.14-04.36.40:842][  0]LogD3D11RHI:    2. 'Microsoft Basic Render Driver' (Feature Level 11_0)
[2017.04.14-04.36.40:842][  0]LogD3D11RHI:       0/0/6104 MB DedicatedVideo/DedicatedSystem/SharedSystem, Outputs:0, VendorId:0x1414
[2017.04.14-04.36.40:842][  0]LogD3D11RHI: Chosen D3D11 Adapter: 0
[2017.04.14-04.36.40:849][  0]LogD3D11RHI: Creating new Direct3DDevice
[2017.04.14-04.36.40:849][  0]LogD3D11RHI:     GPU DeviceId: 0x139b (for the marketing name, search the web for "GPU Device Id")
[2017.04.14-04.36.40:849][  0]LogWindows: EnumDisplayDevices:
[2017.04.14-04.36.40:850][  0]LogWindows:    0. 'Intel(R) HD Graphics 4600' (P:1 D:1)
[2017.04.14-04.36.40:850][  0]LogWindows:    1. 'Intel(R) HD Graphics 4600' (P:0 D:0)
[2017.04.14-04.36.40:850][  0]LogWindows:    2. 'Intel(R) HD Graphics 4600' (P:0 D:0)
[2017.04.14-04.36.40:850][  0]LogWindows: DebugString: PrimaryIsNotTheChoosenAdapter PrimaryIsNotTheChoosenAdapter PrimaryIsNotTheChoosenAdapter FoundDriverCount:0 
[2017.04.14-04.36.40:850][  0]LogD3D11RHI:     Adapter Name: NVIDIA GeForce GTX 960M
[2017.04.14-04.36.40:850][  0]LogD3D11RHI:   Driver Version: Unknown (internal:Unknown, unified:Unknown)
[2017.04.14-04.36.40:850][  0]LogD3D11RHI:      Driver Date: Unknown
[2017.04.14-04.36.40:850][  0]LogRHI: Texture pool is 1361 MB (70% of 1945 MB)
[2017.04.14-04.36.41:446][  0]LogD3D11RHI: Async texture creation enabled
[2017.04.14-04.36.41:562][  0]LogD3D11RHI: GPU Timing Frequency: 1000.000000 (Debug: 2 1)
[2017.04.14-04.36.41:562][  0]LogShaderCompilers: Guid format shader working directory is -16 characters bigger than the processId version (../../../../../../Users/jcy/Documents/GitHub/UNNAMED/UNNAMED/Intermediate/Shaders/WorkingDirectory/9832/).
[2017.04.14-04.36.41:562][  0]LogShaderCompilers: Cleaned the shader compiler working directory 'C:/Users/jcy/AppData/Local/Temp/UnrealShaderWorkingDir/C1B746C2443AAB9B88D4E8A2421C2AD4/'.
[2017.04.14-04.36.41:562][  0]LogShaderCompilers:Display: Using Local Shader Compiler.
[2017.04.14-04.36.42:606][  0]LogTemp:Display: Loaded TP WindowsClientTargetPlatform
[2017.04.14-04.36.42:619][  0]LogTemp:Display: Loaded TP WindowsNoEditorTargetPlatform
[2017.04.14-04.36.42:631][  0]LogTemp:Display: Loaded TP WindowsServerTargetPlatform
[2017.04.14-04.36.42:644][  0]LogTemp:Display: Loaded TP WindowsTargetPlatform
[2017.04.14-04.36.42:644][  0]LogTargetPlatformManager:Display: Building Assets For Windows
[2017.04.14-04.36.42:762][  0]LogDerivedDataCache:Display: Max Cache Size: 512 MB
[2017.04.14-04.36.42:836][  0]LogDerivedDataCache: Loaded boot cache 0.07s 69MB C:/Users/jcy/AppData/Local/UnrealEngine/4.12/DerivedDataCache/Boot.ddc.
[2017.04.14-04.36.42:836][  0]LogDerivedDataCache:Display: Loaded Boot cache: C:/Users/jcy/AppData/Local/UnrealEngine/4.12/DerivedDataCache/Boot.ddc
[2017.04.14-04.36.42:836][  0]LogDerivedDataCache: FDerivedDataBackendGraph:  Pak pak cache file ../../../../../../Users/jcy/Documents/GitHub/UNNAMED/UNNAMED/DerivedDataCache/DDC.ddp not found, will not use a pak cache.
[2017.04.14-04.36.42:836][  0]LogDerivedDataCache: Unable to find inner node Pak for hierarchical cache Hierarchy.
[2017.04.14-04.36.42:836][  0]LogDerivedDataCache: FDerivedDataBackendGraph:  CompressedPak pak cache file ../../../../../../Users/jcy/Documents/GitHub/UNNAMED/UNNAMED/DerivedDataCache/Compressed.ddp not found, will not use a pak cache.
[2017.04.14-04.36.42:836][  0]LogDerivedDataCache: Unable to find inner node CompressedPak for hierarchical cache Hierarchy.
[2017.04.14-04.36.42:856][  0]LogDerivedDataCache:Display: Pak cache opened for reading ../../../Engine/DerivedDataCache/Compressed.ddp.
[2017.04.14-04.36.42:868][  0]LogDerivedDataCache: Using Local data cache path C:/Users/jcy/AppData/Local/UnrealEngine/Common/DerivedDataCache: Writable
[2017.04.14-04.36.43:139][  0]LogAssetRegistry: FAssetRegistry took 0.0001 seconds to start up
[2017.04.14-04.36.43:143][  0]LogPackageLocalizationCache: Processed 3 localized package path(s) for 1 prioritized culture(s) in 0.003059 seconds
[2017.04.14-04.36.43:147][  0]LogInit: Selected Device Profile: [Windows]
[2017.04.14-04.36.43:147][  0]LogContentStreaming: Texture pool size is 1000.00 MB
[2017.04.14-04.36.43:303][  0]LogMeshUtilities: No automatic mesh reduction module available
[2017.04.14-04.36.43:303][  0]LogMeshUtilities: No automatic mesh merging module available
[2017.04.14-04.36.43:303][  0]LogMeshUtilities: No distributed automatic mesh merging module available
[2017.04.14-04.36.43:710][  0]LogSlate: SlateFontCache - WITH_FREETYPE: 1, WITH_HARFBUZZ: 1
[2017.04.14-04.36.43:710][  0]LogSlate: SlateFontCache - WITH_FREETYPE: 1, WITH_HARFBUZZ: 1
[2017.04.14-04.36.43:792][  0]LogMoviePlayer: Initializing movie player
[2017.04.14-04.36.43:894][  0]LogWindowsMoviePlayer: Unable to load movie: ../../../../../../Users/jcy/Documents/GitHub/UNNAMED/UNNAMED/Content/Movies/Default_Startup.mp4
[2017.04.14-04.36.43:987][  0]LogUdpMessaging: Initializing bridge on interface 0.0.0.0:0 to multicast group 230.0.0.1:6666.
[2017.04.14-04.36.44:063][  0]SourceControl: Info Source control is disabled
[2017.04.14-04.36.44:063][  0]SourceControl: Info Source control is disabled
[2017.04.14-04.36.44:077][  0]SourceControl: Info Source control is disabled
[2017.04.14-04.36.44:263][  0]LogUObjectArray: 30992 objects as part of root set at end of initial load.
[2017.04.14-04.36.44:263][  0]LogUObjectAllocator: 6930712 out of 0 bytes used by permanent object pool.
[2017.04.14-04.36.44:263][  0]LogUObjectArray: CloseDisregardForGC: 0/0 objects in disregard for GC pool
[2017.04.14-04.36.44:327][  0]LogEngine: Initializing Engine...
[2017.04.14-04.36.44:328][  0]LogHMD: SteamVR failed to initialize.  Err: 110
[2017.04.14-04.36.44:329][  0]LogHMD: SteamVR failed to initialize.  Err: 110
[2017.04.14-04.36.44:478][  0]LogInit: XAudio2 using '스피커(Realtek High Definition Audio)' : 2 channels at 48 kHz using 32 bits per sample (channel mask 0x3)
[2017.04.14-04.36.44:510][  0]LogInit: FAudioDevice initialized.
[2017.04.14-04.36.44:516][  0]LogInit: Texture streaming: Enabled
[2017.04.14-04.36.45:132][  0]LogNet: Browse: /Temp/Autosaves/Game/Map/UEDPCMain?Name=Player
[2017.04.14-04.36.45:141][  0]LogLoad: LoadMap: /Temp/Autosaves/Game/Map/UEDPCMain?Name=Player
[2017.04.14-04.36.45:223][  0]LogMemory: Platform Memory Stats for Windows
[2017.04.14-04.36.45:223][  0]LogMemory: Process Physical Memory: 642.18 MB used, 653.77 MB peak
[2017.04.14-04.36.45:223][  0]LogMemory: Process Virtual Memory: 669.97 MB used, 669.98 MB peak
[2017.04.14-04.36.45:223][  0]LogMemory: Physical Memory: 4731.53 MB used, 12209.86 MB total
[2017.04.14-04.36.45:223][  0]LogMemory: Virtual Memory: 1363.99 MB used, 134217728.00 MB total
[2017.04.14-04.36.45:223][  0]LogMemory: 
[2017.04.14-04.36.45:223][  0]Allocator Stats for TBB: (not implemented)
[2017.04.14-04.36.45:272][  0]LogAIModule: Creating AISystem for world Main
[2017.04.14-04.36.45:273][  0]LogWorld: Game class is 'pregame_C'
[2017.04.14-04.36.45:275][  0]LogWorld: Bringing World /Temp/Autosaves/Game/Map/UEDPCMain.Main up for play (max tick rate 0) at 2017.04.14-13.36.45
[2017.04.14-04.36.45:275][  0]LogWorld: Bringing up level for play took: 0.001527
[2017.04.14-04.36.45:277][  0]LogSpawn:Warning: SpawnActor failed because no class was specified
[2017.04.14-04.36.45:277][  0]LogBlueprintUserMessages: [pregame_C_0] 로그인
[2017.04.14-04.36.45:278][  0]LogBlueprintUserMessages: [Main_C_2] 0.780815
[2017.04.14-04.36.45:283][  0]LogLoad: Took 0.142121 seconds to LoadMap(/Temp/Autosaves/Game/Map/UEDPCMain)
[2017.04.14-04.36.45:283][  0]LogInit:Display: Game Engine Initialized.
[2017.04.14-04.36.45:523][  0]LogLoad: Full Startup: 8.24 seconds (BP compile: 0.29 seconds)
[2017.04.14-04.36.45:523][  0]LogExternalProfiler: Found external profiler: VSPerf
[2017.04.14-04.36.45:523][  0]LogExternalProfiler: Using external profiler: VSPerf
[2017.04.14-04.36.45:542][  0]LogWindowsTextInputMethodSystem:Display: IME system now activated using TSF (Microsoft 입력기).
[2017.04.14-04.36.45:545][  0]LogOcInput: OculusInput pre-init called
[2017.04.14-04.36.45:657][  2]LogRenderer: Reallocating scene render targets to support 1280x720 (Frame:2).
[2017.04.14-04.36.52:244][203]LogOnline:Warning: Unknown or unsupported data type from Steam key data cname EN
[2017.04.14-04.36.52:244][203]LogOnline:Warning: STEAM: Failed to parse setting from key cname value EN
[2017.04.14-04.36.52:244][203]LogOnline:Warning: Unknown or unsupported data type from Steam key data Platform WIN
[2017.04.14-04.36.52:244][203]LogOnline:Warning: STEAM: Failed to parse setting from key Platform value WIN
[2017.04.14-04.36.52:244][203]LogOnline:Warning: Unknown or unsupported data type from Steam key data type 05EN
[2017.04.14-04.36.52:244][203]LogOnline:Warning: STEAM: Failed to parse setting from key type value 05EN
[2017.04.14-04.36.52:244][203]LogOnline:Warning: STEAM: Unable to parse search result for lobby 'Lobby [0x1860000BCC5FAD0]'
[2017.04.14-04.36.52:244][203]LogOnline:Warning: Unknown or unsupported data type from Steam key data EXIP 211.184.125.234
[2017.04.14-04.36.52:244][203]LogOnline:Warning: STEAM: Failed to parse setting from key EXIP value 211.184.125.234
[2017.04.14-04.36.52:244][203]LogOnline:Warning: Unknown or unsupported data type from Steam key data GM 1
[2017.04.14-04.36.52:244][203]LogOnline:Warning: STEAM: Failed to parse setting from key GM value 1
[2017.04.14-04.36.52:244][203]LogOnline:Warning: Unknown or unsupported data type from Steam key data guid 963770403276459230
[2017.04.14-04.36.52:244][203]LogOnline:Warning: STEAM: Failed to parse setting from key guid value 963770403276459230
[2017.04.14-04.36.52:244][203]LogOnline:Warning: Unknown or unsupported data type from Steam key data INIP 192.168.0.4
[2017.04.14-04.36.52:244][203]LogOnline:Warning: STEAM: Failed to parse setting from key INIP value 192.168.0.4
[2017.04.14-04.36.52:245][203]LogOnline:Warning: Unknown or unsupported data type from Steam key data INIPv6 fe80::1:5424:489c:acee
[2017.04.14-04.36.52:245][203]LogOnline:Warning: STEAM: Failed to parse setting from key INIPv6 value fe80::1:5424:489c:acee
[2017.04.14-04.36.52:245][203]LogOnline:Warning: Unknown or unsupported data type from Steam key data IsPass 1
[2017.04.14-04.36.52:245][203]LogOnline:Warning: STEAM: Failed to parse setting from key IsPass value 1
[2017.04.14-04.36.52:245][203]LogOnline:Warning: Unknown or unsupported data type from Steam key data LobbyID 109775244086022731
[2017.04.14-04.36.52:245][203]LogOnline:Warning: STEAM: Failed to parse setting from key LobbyID value 109775244086022731
[2017.04.14-04.36.52:245][203]LogOnline:Warning: Unknown or unsupported data type from Steam key data matchID 900719925478773015
[2017.04.14-04.36.52:245][203]LogOnline:Warning: STEAM: Failed to parse setting from key matchID value 900719925478773015
[2017.04.14-04.36.52:245][203]LogOnline:Warning: Unknown or unsupported data type from Steam key data Pass 1212
[2017.04.14-04.36.52:245][203]LogOnline:Warning: STEAM: Failed to parse setting from key Pass value 1212
[2017.04.14-04.36.52:245][203]LogOnline:Warning: Unknown or unsupported data type from Steam key data ping 193
[2017.04.14-04.36.52:245][203]LogOnline:Warning: STEAM: Failed to parse setting from key ping value 193
[2017.04.14-04.36.52:245][203]LogOnline:Warning: Unknown or unsupported data type from Steam key data region AP
[2017.04.14-04.36.52:245][203]LogOnline:Warning: STEAM: Failed to parse setting from key region value AP
[2017.04.14-04.36.52:245][203]LogOnline:Warning: Unknown or unsupported data type from Steam key data RN The Wild Eight Server
[2017.04.14-04.36.52:245][203]LogOnline:Warning: STEAM: Failed to parse setting from key RN value The Wild Eight Server
[2017.04.14-04.36.52:245][203]LogOnline:Warning: Unknown or unsupported data type from Steam key data version 0.4
[2017.04.14-04.36.52:245][203]LogOnline:Warning: STEAM: Failed to parse setting from key version value 0.4
[2017.04.14-04.36.52:245][203]LogOnline:Warning: STEAM: Unable to parse search result for lobby 'Lobby [0x1860000BCE1124B]'
[2017.04.14-04.36.52:245][203]LogOnline:Warning: Unknown or unsupported data type from Steam key data actual_password c27349e3b7f82fb35035382ad88edcd5
[2017.04.14-04.36.52:245][203]LogOnline:Warning: STEAM: Failed to parse setting from key actual_password value c27349e3b7f82fb35035382ad88edcd5
[2017.04.14-04.36.52:245][203]LogOnline:Warning: Unknown or unsupported data type from Steam key data desc Stellaris
[2017.04.14-04.36.52:245][203]LogOnline:Warning: STEAM: Failed to parse setting from key desc value Stellaris
[2017.04.14-04.36.52:245][203]LogOnline:Warning: Unknown or unsupported data type from Steam key data mod Stellaris
[2017.04.14-04.36.52:245][203]LogOnline:Warning: STEAM: Failed to parse setting from key mod value Stellaris
[2017.04.14-04.36.52:245][203]LogOnline:Warning: Unknown or unsupported data type from Steam key data name 0b1k
[2017.04.14-04.36.52:245][203]LogOnline:Warning: STEAM: Failed to parse setting from key name value 0b1k
[2017.04.14-04.36.52:245][203]LogOnline:Warning: Unknown or unsupported data type from Steam key data password 0
[2017.04.14-04.36.52:245][203]LogOnline:Warning: STEAM: Failed to parse setting from key password value 0
[2017.04.14-04.36.52:245][203]LogOnline:Warning: Unknown or unsupported data type from Steam key data status STARTING
[2017.04.14-04.36.52:245][203]LogOnline:Warning: STEAM: Failed to parse setting from key status value STARTING
[2017.04.14-04.36.52:245][203]LogOnline:Warning: Unknown or unsupported data type from Steam key data version Banks v1.5.1 (8818)
[2017.04.14-04.36.52:246][203]LogOnline:Warning: STEAM: Failed to parse setting from key version value Banks v1.5.1 (8818)
[2017.04.14-04.36.52:246][203]LogOnline:Warning: Unknown or unsupported data type from Steam key data __gameserverIP 0
[2017.04.14-04.36.52:246][203]LogOnline:Warning: STEAM: Failed to parse setting from key __gameserverIP value 0
[2017.04.14-04.36.52:246][203]LogOnline:Warning: Unknown or unsupported data type from Steam key data __gameserverPort 0
[2017.04.14-04.36.52:246][203]LogOnline:Warning: STEAM: Failed to parse setting from key __gameserverPort value 0
[2017.04.14-04.36.52:246][203]LogOnline:Warning: Unknown or unsupported data type from Steam key data __gameserverSteamID 90108122868230149
[2017.04.14-04.36.52:246][203]LogOnline:Warning: STEAM: Failed to parse setting from key __gameserverSteamID value 90108122868230149
[2017.04.14-04.36.52:246][203]LogOnline:Warning: STEAM: Unable to parse search result for lobby 'Lobby [0x1860000BCDF4F61]'
[2017.04.14-04.36.52:246][203]LogOnline:Warning: Unknown or unsupported data type from Steam key data BinaryData 
[2017.04.14-04.36.52:246][203]LogOnline:Warning: STEAM: Failed to parse setting from key BinaryData value 
[2017.04.14-04.36.52:246][203]LogOnline:Warning: Unknown or unsupported data type from Steam key data BinarySize 0
[2017.04.14-04.36.52:246][203]LogOnline:Warning: STEAM: Failed to parse setting from key BinarySize value 0
[2017.04.14-04.36.52:246][203]LogOnline:Warning: Unknown or unsupported data type from Steam key data name jonyflores74
[2017.04.14-04.36.52:246][203]LogOnline:Warning: STEAM: Failed to parse setting from key name value jonyflores74
[2017.04.14-04.36.52:246][203]LogOnline:Warning: Unknown or unsupported data type from Steam key data OwnerID 0110000116BF372E
[2017.04.14-04.36.52:246][203]LogOnline:Warning: STEAM: Failed to parse setting from key OwnerID value 0110000116BF372E
[2017.04.14-04.36.52:246][203]LogOnline:Warning: Unknown or unsupported data type from Steam key data SearchKey0 197888
[2017.04.14-04.36.52:246][203]LogOnline:Warning: STEAM: Failed to parse setting from key SearchKey0 value 197888
[2017.04.14-04.36.52:246][203]LogOnline:Warning: Unknown or unsupported data type from Steam key data SearchKey1 48
[2017.04.14-04.36.52:246][203]LogOnline:Warning: STEAM: Failed to parse setting from key SearchKey1 value 48
[2017.04.14-04.36.52:246][203]LogOnline:Warning: Unknown or unsupported data type from Steam key data SearchKey2 8
[2017.04.14-04.36.52:246][203]LogOnline:Warning: STEAM: Failed to parse setting from key SearchKey2 value 8
[2017.04.14-04.36.52:246][203]LogOnline:Warning: Unknown or unsupported data type from Steam key data SearchKey3 2
[2017.04.14-04.36.52:246][203]LogOnline:Warning: STEAM: Failed to parse setting from key SearchKey3 value 2
[2017.04.14-04.36.52:246][203]LogOnline:Warning: Unknown or unsupported data type from Steam key data SearchKey4 0
[2017.04.14-04.36.52:246][203]LogOnline:Warning: STEAM: Failed to parse setting from key SearchKey4 value 0
[2017.04.14-04.36.52:246][203]LogOnline:Warning: Unknown or unsupported data type from Steam key data SearchKey5 1
[2017.04.14-04.36.52:246][203]LogOnline:Warning: STEAM: Failed to parse setting from key SearchKey5 value 1
[2017.04.14-04.36.52:246][203]LogOnline:Warning: Unknown or unsupported data type from Steam key data SearchKey6 300
[2017.04.14-04.36.52:246][203]LogOnline:Warning: STEAM: Failed to parse setting from key SearchKey6 value 300
[2017.04.14-04.36.52:246][203]LogOnline:Warning: Unknown or unsupported data type from Steam key data SearchKey7 0
[2017.04.14-04.36.52:246][203]LogOnline:Warning: STEAM: Failed to parse setting from key SearchKey7 value 0
[2017.04.14-04.36.52:246][203]LogOnline:Warning: Unknown or unsupported data type from Steam key data SearchKeyNum 8
[2017.04.14-04.36.52:246][203]LogOnline:Warning: STEAM: Failed to parse setting from key SearchKeyNum value 8
[2017.04.14-04.36.52:246][203]LogOnline:Warning: Unknown or unsupported data type from Steam key data SlotPrivateMax 0
[2017.04.14-04.36.52:246][203]LogOnline:Warning: STEAM: Failed to parse setting from key SlotPrivateMax value 0
[2017.04.14-04.36.52:246][203]LogOnline:Warning: Unknown or unsupported data type from Steam key data SlotPrivateOpen 0
[2017.04.14-04.36.52:246][203]LogOnline:Warning: STEAM: Failed to parse setting from key SlotPrivateOpen value 0
[2017.04.14-04.36.52:247][203]LogOnline:Warning: Unknown or unsupported data type from Steam key data SlotPublicMax 2
[2017.04.14-04.36.52:247][203]LogOnline:Warning: STEAM: Failed to parse setting from key SlotPublicMax value 2
[2017.04.14-04.36.52:247][203]LogOnline:Warning: Unknown or unsupported data type from Steam key data SlotPublicOpen 1
[2017.04.14-04.36.52:247][203]LogOnline:Warning: STEAM: Failed to parse setting from key SlotPublicOpen value 1
[2017.04.14-04.36.52:247][203]LogOnline:Warning: STEAM: Unable to parse search result for lobby 'Lobby [0x1860000BCE0F269]'
[2017.04.14-04.39.19:723][635]LogBlueprintUserMessages: [Setting_114] lsk
[2017.04.14-04.39.26:440][837]LogOnline:Warning: Unknown or unsupported data type from Steam key data cname EN
[2017.04.14-04.39.26:440][837]LogOnline:Warning: STEAM: Failed to parse setting from key cname value EN
[2017.04.14-04.39.26:440][837]LogOnline:Warning: Unknown or unsupported data type from Steam key data Platform WIN
[2017.04.14-04.39.26:440][837]LogOnline:Warning: STEAM: Failed to parse setting from key Platform value WIN
[2017.04.14-04.39.26:440][837]LogOnline:Warning: Unknown or unsupported data type from Steam key data type 05EN
[2017.04.14-04.39.26:440][837]LogOnline:Warning: STEAM: Failed to parse setting from key type value 05EN
[2017.04.14-04.39.26:440][837]LogOnline:Warning: STEAM: Unable to parse search result for lobby 'Lobby [0x1860000BCC5FAD0]'
[2017.04.14-04.39.26:440][837]LogOnline:Warning: Unknown or unsupported data type from Steam key data EXIP 211.184.125.234
[2017.04.14-04.39.26:440][837]LogOnline:Warning: STEAM: Failed to parse setting from key EXIP value 211.184.125.234
[2017.04.14-04.39.26:440][837]LogOnline:Warning: Unknown or unsupported data type from Steam key data GM 1
[2017.04.14-04.39.26:440][837]LogOnline:Warning: STEAM: Failed to parse setting from key GM value 1
[2017.04.14-04.39.26:440][837]LogOnline:Warning: Unknown or unsupported data type from Steam key data guid 963770403276459230
[2017.04.14-04.39.26:440][837]LogOnline:Warning: STEAM: Failed to parse setting from key guid value 963770403276459230
[2017.04.14-04.39.26:440][837]LogOnline:Warning: Unknown or unsupported data type from Steam key data INIP 192.168.0.4
[2017.04.14-04.39.26:440][837]LogOnline:Warning: STEAM: Failed to parse setting from key INIP value 192.168.0.4
[2017.04.14-04.39.26:440][837]LogOnline:Warning: Unknown or unsupported data type from Steam key data INIPv6 fe80::1:5424:489c:acee
[2017.04.14-04.39.26:440][837]LogOnline:Warning: STEAM: Failed to parse setting from key INIPv6 value fe80::1:5424:489c:acee
[2017.04.14-04.39.26:440][837]LogOnline:Warning: Unknown or unsupported data type from Steam key data IsPass 1
[2017.04.14-04.39.26:440][837]LogOnline:Warning: STEAM: Failed to parse setting from key IsPass value 1
[2017.04.14-04.39.26:440][837]LogOnline:Warning: Unknown or unsupported data type from Steam key data LobbyID 109775244086022731
[2017.04.14-04.39.26:440][837]LogOnline:Warning: STEAM: Failed to parse setting from key LobbyID value 109775244086022731
[2017.04.14-04.39.26:441][837]LogOnline:Warning: Unknown or unsupported data type from Steam key data matchID 900719925478773015
[2017.04.14-04.39.26:441][837]LogOnline:Warning: STEAM: Failed to parse setting from key matchID value 900719925478773015
[2017.04.14-04.39.26:441][837]LogOnline:Warning: Unknown or unsupported data type from Steam key data Pass 1212
[2017.04.14-04.39.26:441][837]LogOnline:Warning: STEAM: Failed to parse setting from key Pass value 1212
[2017.04.14-04.39.26:441][837]LogOnline:Warning: Unknown or unsupported data type from Steam key data ping 193
[2017.04.14-04.39.26:441][837]LogOnline:Warning: STEAM: Failed to parse setting from key ping value 193
[2017.04.14-04.39.26:441][837]LogOnline:Warning: Unknown or unsupported data type from Steam key data region AP
[2017.04.14-04.39.26:441][837]LogOnline:Warning: STEAM: Failed to parse setting from key region value AP
[2017.04.14-04.39.26:441][837]LogOnline:Warning: Unknown or unsupported data type from Steam key data RN The Wild Eight Server
[2017.04.14-04.39.26:441][837]LogOnline:Warning: STEAM: Failed to parse setting from key RN value The Wild Eight Server
[2017.04.14-04.39.26:441][837]LogOnline:Warning: Unknown or unsupported data type from Steam key data version 0.4
[2017.04.14-04.39.26:441][837]LogOnline:Warning: STEAM: Failed to parse setting from key version value 0.4
[2017.04.14-04.39.26:441][837]LogOnline:Warning: STEAM: Unable to parse search result for lobby 'Lobby [0x1860000BCE1124B]'
[2017.04.14-04.39.26:441][837]LogOnline:Warning: Unknown or unsupported data type from Steam key data actual_password c27349e3b7f82fb35035382ad88edcd5
[2017.04.14-04.39.26:441][837]LogOnline:Warning: STEAM: Failed to parse setting from key actual_password value c27349e3b7f82fb35035382ad88edcd5
[2017.04.14-04.39.26:441][837]LogOnline:Warning: Unknown or unsupported data type from Steam key data desc Stellaris
[2017.04.14-04.39.26:441][837]LogOnline:Warning: STEAM: Failed to parse setting from key desc value Stellaris
[2017.04.14-04.39.26:441][837]LogOnline:Warning: Unknown or unsupported data type from Steam key data mod Stellaris
[2017.04.14-04.39.26:441][837]LogOnline:Warning: STEAM: Failed to parse setting from key mod value Stellaris
[2017.04.14-04.39.26:441][837]LogOnline:Warning: Unknown or unsupported data type from Steam key data name 0b1k
[2017.04.14-04.39.26:441][837]LogOnline:Warning: STEAM: Failed to parse setting from key name value 0b1k
[2017.04.14-04.39.26:441][837]LogOnline:Warning: Unknown or unsupported data type from Steam key data password 0
[2017.04.14-04.39.26:441][837]LogOnline:Warning: STEAM: Failed to parse setting from key password value 0
[2017.04.14-04.39.26:441][837]LogOnline:Warning: Unknown or unsupported data type from Steam key data status STARTING
[2017.04.14-04.39.26:441][837]LogOnline:Warning: STEAM: Failed to parse setting from key status value STARTING
[2017.04.14-04.39.26:441][837]LogOnline:Warning: Unknown or unsupported data type from Steam key data version Banks v1.5.1 (8818)
[2017.04.14-04.39.26:441][837]LogOnline:Warning: STEAM: Failed to parse setting from key version value Banks v1.5.1 (8818)
[2017.04.14-04.39.26:441][837]LogOnline:Warning: Unknown or unsupported data type from Steam key data __gameserverIP 0
[2017.04.14-04.39.26:441][837]LogOnline:Warning: STEAM: Failed to parse setting from key __gameserverIP value 0
[2017.04.14-04.39.26:441][837]LogOnline:Warning: Unknown or unsupported data type from Steam key data __gameserverPort 0
[2017.04.14-04.39.26:441][837]LogOnline:Warning: STEAM: Failed to parse setting from key __gameserverPort value 0
[2017.04.14-04.39.26:441][837]LogOnline:Warning: Unknown or unsupported data type from Steam key data __gameserverSteamID 90108122868230149
[2017.04.14-04.39.26:441][837]LogOnline:Warning: STEAM: Failed to parse setting from key __gameserverSteamID value 90108122868230149
[2017.04.14-04.39.26:441][837]LogOnline:Warning: STEAM: Unable to parse search result for lobby 'Lobby [0x1860000BCDF4F61]'
[2017.04.14-04.39.26:442][837]LogOnline:Warning: Unknown or unsupported data type from Steam key data BinaryData 
[2017.04.14-04.39.26:442][837]LogOnline:Warning: STEAM: Failed to parse setting from key BinaryData value 
[2017.04.14-04.39.26:442][837]LogOnline:Warning: Unknown or unsupported data type from Steam key data BinarySize 0
[2017.04.14-04.39.26:442][837]LogOnline:Warning: STEAM: Failed to parse setting from key BinarySize value 0
[2017.04.14-04.39.26:442][837]LogOnline:Warning: Unknown or unsupported data type from Steam key data name jonyflores74
[2017.04.14-04.39.26:442][837]LogOnline:Warning: STEAM: Failed to parse setting from key name value jonyflores74
[2017.04.14-04.39.26:442][837]LogOnline:Warning: Unknown or unsupported data type from Steam key data OwnerID 0110000116BF372E
[2017.04.14-04.39.26:442][837]LogOnline:Warning: STEAM: Failed to parse setting from key OwnerID value 0110000116BF372E
[2017.04.14-04.39.26:442][837]LogOnline:Warning: Unknown or unsupported data type from Steam key data SearchKey0 197888
[2017.04.14-04.39.26:442][837]LogOnline:Warning: STEAM: Failed to parse setting from key SearchKey0 value 197888
[2017.04.14-04.39.26:442][837]LogOnline:Warning: Unknown or unsupported data type from Steam key data SearchKey1 48
[2017.04.14-04.39.26:442][837]LogOnline:Warning: STEAM: Failed to parse setting from key SearchKey1 value 48
[2017.04.14-04.39.26:442][837]LogOnline:Warning: Unknown or unsupported data type from Steam key data SearchKey2 8
[2017.04.14-04.39.26:442][837]LogOnline:Warning: STEAM: Failed to parse setting from key SearchKey2 value 8
[2017.04.14-04.39.26:442][837]LogOnline:Warning: Unknown or unsupported data type from Steam key data SearchKey3 2
[2017.04.14-04.39.26:442][837]LogOnline:Warning: STEAM: Failed to parse setting from key SearchKey3 value 2
[2017.04.14-04.39.26:442][837]LogOnline:Warning: Unknown or unsupported data type from Steam key data SearchKey4 0
[2017.04.14-04.39.26:442][837]LogOnline:Warning: STEAM: Failed to parse setting from key SearchKey4 value 0
[2017.04.14-04.39.26:442][837]LogOnline:Warning: Unknown or unsupported data type from Steam key data SearchKey5 1
[2017.04.14-04.39.26:442][837]LogOnline:Warning: STEAM: Failed to parse setting from key SearchKey5 value 1
[2017.04.14-04.39.26:442][837]LogOnline:Warning: Unknown or unsupported data type from Steam key data SearchKey6 300
[2017.04.14-04.39.26:442][837]LogOnline:Warning: STEAM: Failed to parse setting from key SearchKey6 value 300
[2017.04.14-04.39.26:442][837]LogOnline:Warning: Unknown or unsupported data type from Steam key data SearchKey7 0
[2017.04.14-04.39.26:442][837]LogOnline:Warning: STEAM: Failed to parse setting from key SearchKey7 value 0
[2017.04.14-04.39.26:442][837]LogOnline:Warning: Unknown or unsupported data type from Steam key data SearchKeyNum 8
[2017.04.14-04.39.26:442][837]LogOnline:Warning: STEAM: Failed to parse setting from key SearchKeyNum value 8
[2017.04.14-04.39.26:442][837]LogOnline:Warning: Unknown or unsupported data type from Steam key data SlotPrivateMax 0
[2017.04.14-04.39.26:442][837]LogOnline:Warning: STEAM: Failed to parse setting from key SlotPrivateMax value 0
[2017.04.14-04.39.26:442][837]LogOnline:Warning: Unknown or unsupported data type from Steam key data SlotPrivateOpen 0
[2017.04.14-04.39.26:442][837]LogOnline:Warning: STEAM: Failed to parse setting from key SlotPrivateOpen value 0
[2017.04.14-04.39.26:442][837]LogOnline:Warning: Unknown or unsupported data type from Steam key data SlotPublicMax 2
[2017.04.14-04.39.26:442][837]LogOnline:Warning: STEAM: Failed to parse setting from key SlotPublicMax value 2
[2017.04.14-04.39.26:442][837]LogOnline:Warning: Unknown or unsupported data type from Steam key data SlotPublicOpen 1
[2017.04.14-04.39.26:442][837]LogOnline:Warning: STEAM: Failed to parse setting from key SlotPublicOpen value 1
[2017.04.14-04.39.26:442][837]LogOnline:Warning: STEAM: Unable to parse search result for lobby 'Lobby [0x1860000BCE0F269]'
[2017.04.14-04.43.20:294][885]r.SetRes = "1600x900"
[2017.04.14-04.43.20:352][885]LogRenderer: Reallocating scene render targets to support 1600x900 (Frame:11887).
[2017.04.14-04.43.23:988][973]r.SetRes = "1366x768"
[2017.04.14-04.43.24:045][973]LogRenderer: Reallocating scene render targets to support 1368x768 (Frame:11976).
[2017.04.14-04.43.27:249][ 71]r.PostProcessAAQuality = "4"
[2017.04.14-04.43.27:249][ 71]sg.ShadowQuality = "2"
[2017.04.14-04.43.27:249][ 71]sg.TextureQuality = "2"
[2017.04.14-04.43.27:283][ 73]LogRenderer: Reallocating scene render targets to support 1368x768 (Frame:12075).
[2017.04.14-04.43.27:382][ 75]LogContentStreaming: Texture pool size now 700 MB
[2017.04.14-04.43.28:580][111]r.PostProcessAAQuality = "6"
[2017.04.14-04.43.28:580][111]sg.ShadowQuality = "3"
[2017.04.14-04.43.28:580][111]sg.TextureQuality = "3"
[2017.04.14-04.43.28:614][113]LogRenderer: Reallocating scene render targets to support 1368x768 (Frame:12115).
[2017.04.14-04.43.28:713][115]LogContentStreaming: Texture pool size now 1000 MB
[2017.04.14-04.43.30:676][174]r.PostProcessAAQuality = "0"
[2017.04.14-04.43.30:676][174]sg.ShadowQuality = "0"
[2017.04.14-04.43.30:676][174]sg.TextureQuality = "0"
[2017.04.14-04.43.30:709][175]LogContentStreaming: Texture pool size now 200 MB
[2017.04.14-04.43.30:710][176]LogRenderer: Reallocating scene render targets to support 1368x768 (Frame:12178).
[2017.04.14-04.43.31:742][206]r.PostProcessAAQuality = "6"
[2017.04.14-04.43.31:742][206]sg.ShadowQuality = "3"
[2017.04.14-04.43.31:742][206]sg.TextureQuality = "3"
[2017.04.14-04.43.31:775][208]LogRenderer: Reallocating scene render targets to support 1368x768 (Frame:12210).
[2017.04.14-04.43.31:874][210]LogContentStreaming: Texture pool size now 1000 MB
[2017.04.14-04.43.33:006][244]LogBlueprintUserMessages: [Setting_114] lsk
[2017.04.14-04.51.22:614][429]LogBlueprintUserMessages: [pregame_C_0] 로그 아웃
[2017.04.14-04.51.22:615][429]LogEngine: All Windows Closed
[2017.04.14-04.51.22:615][429]LogWindows: FPlatformMisc::RequestExit(0)
[2017.04.14-04.51.22:615][430]LogMoviePlayer: Shutting down movie player
[2017.04.14-04.51.22:718][430]LogExit: Preparing to exit.
[2017.04.14-04.51.23:479][430]LogExit: Game engine shut down
[2017.04.14-04.51.23:572][430]LogObj: Freed 0b from 0 cluster array pools.
[2017.04.14-04.51.23:572][430]LogExit: Object subsystem successfully closed.
[2017.04.14-04.51.23:588][430]LogD3D11RHI: Shutdown
[2017.04.14-04.51.23:588][430]LogD3D11RHI: CleanupD3DDevice
[2017.04.14-04.51.23:632][430]LogD3D11RHI: ~FD3D11DynamicRHI
[2017.04.14-04.51.23:640][430]LogModuleManager: Shutting down and abandoning module SequenceRecorderSections (113)
[2017.04.14-04.51.23:640][430]LogModuleManager: Shutting down and abandoning module SequenceRecorder (112)
[2017.04.14-04.51.23:640][430]LogModuleManager: Shutting down and abandoning module AutomationController (111)
[2017.04.14-04.51.23:640][430]LogModuleManager: Shutting down and abandoning module AutomationWorker (110)
[2017.04.14-04.51.23:640][430]LogModuleManager: Shutting down and abandoning module CharacterAI (109)
[2017.04.14-04.51.23:640][430]LogModuleManager: Shutting down and abandoning module SessionServices (108)
[2017.04.14-04.51.23:640][430]LogModuleManager: Shutting down and abandoning module GameplayDebugger (107)
[2017.04.14-04.51.23:640][430]LogModuleManager: Shutting down and abandoning module AITestSuite (106)
[2017.04.14-04.51.23:640][430]LogModuleManager: Shutting down and abandoning module AIModule (105)
[2017.04.14-04.51.23:640][430]LogModuleManager: Shutting down and abandoning module MovieSceneCapture (104)
[2017.04.14-04.51.23:640][430]LogModuleManager: Shutting down and abandoning module StreamingPauseRendering (103)
[2017.04.14-04.51.23:640][430]LogModuleManager: Shutting down and abandoning module PortalServices (102)
[2017.04.14-04.51.23:640][430]LogModuleManager: Shutting down and abandoning module PortalRpc (101)
[2017.04.14-04.51.23:640][430]LogModuleManager: Shutting down and abandoning module MessagingRpc (100)
[2017.04.14-04.51.23:640][430]LogModuleManager: Shutting down and abandoning module ProfilerService (99)
[2017.04.14-04.51.23:773][430]LogModuleManager: Shutting down and abandoning module TaskGraph (98)
[2017.04.14-04.51.23:773][430]LogModuleManager: Shutting down and abandoning module SlateRemote (97)
[2017.04.14-04.51.23:773][430]LogModuleManager: Shutting down and abandoning module SteamVRController (96)
[2017.04.14-04.51.23:773][430]LogModuleManager: Shutting down and abandoning module SteamVR (95)
[2017.04.14-04.51.23:773][430]LogModuleManager: Shutting down and abandoning module ProceduralMeshComponent (94)
[2017.04.14-04.51.23:773][430]LogModuleManager: Shutting down and abandoning module OculusLibrary (93)
[2017.04.14-04.51.23:773][430]LogModuleManager: Shutting down and abandoning module OculusInput (92)
[2017.04.14-04.51.23:773][430]LogModuleManager: Shutting down and abandoning module CustomMeshComponent (91)
[2017.04.14-04.51.23:773][430]LogModuleManager: Shutting down and abandoning module CableComponent (90)
[2017.04.14-04.51.23:773][430]LogModuleManager: Shutting down and abandoning module ArchVisCharacter (89)
[2017.04.14-04.51.23:773][430]LogModuleManager: Shutting down and abandoning module HTML5Networking (88)
[2017.04.14-04.51.23:773][430]LogModuleManager: Shutting down and abandoning module DesktopPlatform (87)
[2017.04.14-04.51.23:773][430]LogModuleManager: Shutting down and abandoning module DirectoryWatcher (86)
[2017.04.14-04.51.23:773][430]LogModuleManager: Shutting down and abandoning module HotReload (85)
[2017.04.14-04.51.23:773][430]LogModuleManager: Shutting down and abandoning module VisualStudioSourceCodeAccess (84)
[2017.04.14-04.51.23:773][430]LogModuleManager: Shutting down and abandoning module UObjectPlugin (83)
[2017.04.14-04.51.23:773][430]LogModuleManager: Shutting down and abandoning module SubversionSourceControl (82)
[2017.04.14-04.51.23:773][430]LogModuleManager: Shutting down and abandoning module SourceControl (81)
[2017.04.14-04.51.23:773][430]LogModuleManager: Shutting down and abandoning module PerforceSourceControl (80)
[2017.04.14-04.51.23:773][430]LogModuleManager: Shutting down and abandoning module UdpMessaging (79)
[2017.04.14-04.51.23:874][430]LogModuleManager: Shutting down and abandoning module LightPropagationVolumeRuntime (78)
[2017.04.14-04.51.23:874][430]LogModuleManager: Shutting down and abandoning module Paper2D (77)
[2017.04.14-04.51.23:874][430]LogModuleManager: Shutting down and abandoning module WindowsMoviePlayer (76)
[2017.04.14-04.51.23:874][430]LogModuleManager: Shutting down and abandoning module Media (75)
[2017.04.14-04.51.23:874][430]LogModuleManager: Shutting down and abandoning module WmfMedia (74)
[2017.04.14-04.51.23:874][430]LogModuleManager: Shutting down and abandoning module MediaAssets (73)
[2017.04.14-04.51.23:874][430]LogModuleManager: Shutting down and abandoning module GameLiveStreaming (72)
[2017.04.14-04.51.23:874][430]LogModuleManager: Shutting down and abandoning module GameplayTagsEditor (71)
[2017.04.14-04.51.23:874][430]LogModuleManager: Shutting down and abandoning module OnlineBlueprintSupport (70)
[2017.04.14-04.51.23:874][430]LogModuleManager: Shutting down and abandoning module VREditor (69)
[2017.04.14-04.51.23:875][430]LogModuleManager: Shutting down and abandoning module GameplayTasksEditor (68)
[2017.04.14-04.51.23:875][430]LogModuleManager: Shutting down and abandoning module PropertyEditor (67)
[2017.04.14-04.51.23:875][430]LogModuleManager: Shutting down and abandoning module BehaviorTreeEditor (66)
[2017.04.14-04.51.23:875][430]LogModuleManager: Shutting down and abandoning module FunctionalTesting (65)
[2017.04.14-04.51.23:875][430]LogModuleManager: Shutting down and abandoning module CollisionAnalyzer (64)
[2017.04.14-04.51.23:875][430]LogModuleManager: Shutting down and abandoning module Sequencer (63)
[2017.04.14-04.51.23:875][430]LogModuleManager: Shutting down and abandoning module WorkspaceMenuStructure (62)
[2017.04.14-04.51.23:875][430]LogModuleManager: Shutting down and abandoning module MessageLog (61)
[2017.04.14-04.51.23:875][430]LogModuleManager: Shutting down and abandoning module AssetTools (60)
[2017.04.14-04.51.23:875][430]LogModuleManager: Shutting down and abandoning module UMGEditor (59)
[2017.04.14-04.51.23:875][430]LogModuleManager: Shutting down and abandoning module UMG (58)
[2017.04.14-04.51.23:875][430]LogModuleManager: Shutting down and abandoning module SlateReflector (57)
[2017.04.14-04.51.23:875][430]LogModuleManager: Shutting down and abandoning module Slate (56)
[2017.04.14-04.51.23:875][430]LogModuleManager: Shutting down and abandoning module EditorStyle (55)
[2017.04.14-04.51.23:877][430]LogModuleManager: Shutting down and abandoning module Messaging (54)
[2017.04.14-04.51.23:877][430]LogModuleManager: Shutting down and abandoning module SourceCodeAccess (53)
[2017.04.14-04.51.23:877][430]LogModuleManager: Shutting down and abandoning module HeadMountedDisplay (52)
[2017.04.14-04.51.23:877][430]LogModuleManager: Shutting down and abandoning module XAudio2 (51)
[2017.04.14-04.51.23:877][430]LogModuleManager: Shutting down and abandoning module Networking (50)
[2017.04.14-04.51.23:877][430]LogModuleManager: Shutting down and abandoning module Core (49)
[2017.04.14-04.51.23:877][430]LogModuleManager: Shutting down and abandoning module KismetCompiler (48)
[2017.04.14-04.51.23:877][430]LogModuleManager: Shutting down and abandoning module PhysXFormats (47)
[2017.04.14-04.51.23:877][430]LogModuleManager: Shutting down and abandoning module MeshUtilities (46)
[2017.04.14-04.51.23:877][430]LogModuleManager: Shutting down and abandoning module AssetRegistry (45)
[2017.04.14-04.51.23:877][430]LogModuleManager: Shutting down and abandoning module DerivedDataCache (44)
[2017.04.14-04.51.23:882][430]LogDerivedDataCache: Shutdown
[2017.04.14-04.51.23:882][430]LogModuleManager: Shutting down and abandoning module VulkanShaderFormat (43)
[2017.04.14-04.51.23:882][430]LogModuleManager: Shutting down and abandoning module ShaderFormatOpenGL (42)
[2017.04.14-04.51.23:882][430]LogModuleManager: Shutting down and abandoning module ShaderFormatD3D (41)
[2017.04.14-04.51.23:882][430]LogModuleManager: Shutting down and abandoning module MetalShaderFormat (40)
[2017.04.14-04.51.23:882][430]LogModuleManager: Shutting down and abandoning module TextureFormatUncompressed (39)
[2017.04.14-04.51.23:882][430]LogModuleManager: Shutting down and abandoning module TextureFormatPVR (38)
[2017.04.14-04.51.23:882][430]LogModuleManager: Shutting down and abandoning module TextureFormatIntelISPCTexComp (37)
[2017.04.14-04.51.23:882][430]LogModuleManager: Shutting down and abandoning module TextureFormatDXT (36)
[2017.04.14-04.51.23:882][430]LogModuleManager: Shutting down and abandoning module ImageWrapper (35)
[2017.04.14-04.51.23:882][430]LogModuleManager: Shutting down and abandoning module TextureFormatASTC (34)
[2017.04.14-04.51.23:882][430]LogModuleManager: Shutting down and abandoning module TextureFormatAndroid (33)
[2017.04.14-04.51.23:882][430]LogModuleManager: Shutting down and abandoning module AudioFormatOpus (32)
[2017.04.14-04.51.23:882][430]LogModuleManager: Shutting down and abandoning module AudioFormatOgg (31)
[2017.04.14-04.51.23:882][430]LogModuleManager: Shutting down and abandoning module AudioFormatADPCM (30)
[2017.04.14-04.51.23:882][430]LogModuleManager: Shutting down and abandoning module WindowsTargetPlatform (29)
[2017.04.14-04.51.23:882][430]LogModuleManager: Shutting down and abandoning module WindowsServerTargetPlatform (28)
[2017.04.14-04.51.23:882][430]LogModuleManager: Shutting down and abandoning module WindowsNoEditorTargetPlatform (27)
[2017.04.14-04.51.23:882][430]LogModuleManager: Shutting down and abandoning module WindowsClientTargetPlatform (26)
[2017.04.14-04.51.23:882][430]LogModuleManager: Shutting down and abandoning module TargetPlatform (25)
[2017.04.14-04.51.23:882][430]LogModuleManager: Shutting down and abandoning module InputCore (24)
[2017.04.14-04.51.23:882][430]LogModuleManager: Shutting down and abandoning module Settings (23)
[2017.04.14-04.51.23:882][430]LogModuleManager: Shutting down and abandoning module OnlineSubsystem (19)
[2017.04.14-04.51.23:882][430]LogOnline:Display: STEAM: OnlineSubsystemSteam::Shutdown()
[2017.04.14-04.51.23:918][430]LogOnline:Display: Unloading online subsystem: STEAM
[2017.04.14-04.51.23:918][430]LogOnline:Display: STEAM: OnlineSubsystemSteam::Shutdown()
[2017.04.14-04.51.23:918][430]LogModuleManager: Shutting down and abandoning module HTTP (18)
[2017.04.14-04.51.23:918][430]LogModuleManager: Shutting down and abandoning module XMPP (17)
[2017.04.14-04.51.23:918][430]LogModuleManager: Shutting down and abandoning module OculusRift (16)
[2017.04.14-04.51.23:918][430]LogModuleManager: Shutting down and abandoning module ExampleDeviceProfileSelector (15)
[2017.04.14-04.51.23:918][430]LogModuleManager: Shutting down and abandoning module TextureCompressor (14)
[2017.04.14-04.51.23:919][430]LogModuleManager: Shutting down and abandoning module ShaderCore (13)
[2017.04.14-04.51.23:919][430]LogModuleManager: Shutting down and abandoning module Landscape (12)
[2017.04.14-04.51.23:919][430]LogModuleManager: Shutting down and abandoning module SlateRHIRenderer (11)
[2017.04.14-04.51.23:920][430]LogModuleManager: Shutting down and abandoning module OpenGLDrv (10)
[2017.04.14-04.51.23:920][430]LogModuleManager: Shutting down and abandoning module D3D11RHI (9)
[2017.04.14-04.51.23:920][430]LogModuleManager: Shutting down and abandoning module AnimGraphRuntime (8)
[2017.04.14-04.51.23:920][430]LogModuleManager: Shutting down and abandoning module Renderer (7)
[2017.04.14-04.51.23:920][430]LogModuleManager: Shutting down and abandoning module Engine (6)
[2017.04.14-04.51.23:920][430]LogModuleManager: Shutting down and abandoning module CoreUObject (5)
[2017.04.14-04.51.23:920][430]LogModuleManager: Shutting down and abandoning module NetworkFile (4)
[2017.04.14-04.51.23:920][430]LogModuleManager: Shutting down and abandoning module StreamingFile (3)
[2017.04.14-04.51.23:920][430]LogModuleManager: Shutting down and abandoning module SandboxFile (2)
[2017.04.14-04.51.23:920][430]LogModuleManager: Shutting down and abandoning module PakFile (1)
[2017.04.14-04.51.23:922][430]LogExit: Exiting.
[2017.04.14-04.51.23:923][430]Log file closed, 04/14/17 13:51:23
