Log file open, 04/16/17 16:27:17
LogInit:Display: Running engine for game: UNNAMED
LogPlatformFile: Not using cached read wrapper
LogInit:Display: RandInit(21212728) SRandInit(21212730).
LogTaskGraph: Started task graph with 4 named threads and 7 total threads with 1 sets of task threads.
LogStats: Stats thread started at 0.104923
LogInit: Version: 4.12.5-3039270+++UE4+Release-4.12
LogInit: API Version: 2992821
LogInit: Net Version: 3039270
LogDevObjectVersion: Number of dev versions registered: 13
LogDevObjectVersion:   Dev-Blueprints (B0D832E4-1F89-4F0D-ACCF-7EB736FD4AA2): 3
LogDevObjectVersion:   Dev-Build (E1C64328-A22C-4D53-A36C-8E866417BD8C): 0
LogDevObjectVersion:   Dev-Core (375EC13C-06E4-48FB-B500-84F0262A717E): 1
LogDevObjectVersion:   Dev-Editor (E4B068ED-F494-42E9-A231-DA0B2E46BB41): 2
LogDevObjectVersion:   Dev-Framework (CFFC743F-43B0-4480-9391-14DF171D2073): 6
LogDevObjectVersion:   Dev-Mobile (B02B49B5-BB20-44E9-A304-32B752E40360): 0
LogDevObjectVersion:   Dev-Networking (A4E4105C-59A1-49B5-A7C5-40C4547EDFEE): 0
LogDevObjectVersion:   Dev-Online (39C831C9-5AE6-47DC-9A44-9C173E1C8E7C): 0
LogDevObjectVersion:   Dev-Physics (78F01B33-EBEA-4F98-B9B4-84EACCB95AA2): 0
LogDevObjectVersion:   Dev-Platform (6631380F-2D4D-43E0-8009-CF276956A95A): 0
LogDevObjectVersion:   Dev-Rendering (12F88B9F-8875-4AFC-A67C-D90C383ABD29): 2
LogDevObjectVersion:   Dev-Sequencer (7B5AE74C-D270-4C10-A958-57980B212A5A): 0
LogDevObjectVersion:   Dev-VR (D7296918-1DD6-4BDD-9DE2-64A83CC13884): 0
LogInit: Compiled (64-bit): Jul  6 2016 09:09:46
LogInit: Compiled with Visual C++: 19.00.23026.00
LogInit: Build Configuration: Development
LogInit: Branch Name: ++UE4+Release-4.12
LogInit: Command line:  
LogInit: Base directory: C:/Program Files (x86)/Epic Games/4.12/Engine/Binaries/Win64/
LogInit: Installed Engine Build: 1
LogInit: Using libcurl 7.41.0
LogInit:  - built for x86_64-pc-win32
LogInit:  - supports SSL with WinSSL
LogInit:  - other features:
LogInit:      CURL_VERSION_SSL
LogInit:      CURL_VERSION_IPV6
LogInit:      CURL_VERSION_ASYNCHDNS
LogInit:      CURL_VERSION_LARGEFILE
LogInit:      CURL_VERSION_IDN
LogInit:  CurlRequestOptions (configurable via config and command line):
LogInit:  - bVerifyPeer = true  - Libcurl will verify peer certificate
LogInit:  - bUseHttpProxy = false  - Libcurl will NOT use HTTP proxy
LogInit:  - bDontReuseConnections = false  - Libcurl will reuse connections
LogInit:  - CertBundlePath = nullptr  - Libcurl will use whatever was configured at build time.
LogOnline:Display: STEAM: Loading Steam SDK 1.32
LogOnline:Warning: STEAM: Steam API disabled!
LogOnline:Display: STEAM: OnlineSubsystemSteam::Shutdown()
LogInit: WinSock: version 1.1 (2.2), MaxSocks=32767, MaxUdp=65467
LogVoice:Warning: Failed to initialize voice interface
LogInit: Presizing for max 8388607 objects, including 0 objects not considered by GC, pre-allocating 0 bytes for permanent pool.
LogInit: Object subsystem initialized
[2017.04.16-07.27.17:723][  0]LogInit: Selected Device Profile: [Windows]
[2017.04.16-07.27.17:723][  0]LogInit: Applying CVar settings loaded from the selected device profile: [Windows]
[2017.04.16-07.27.17:742][  0]LogInit: Computer: DESKTOP-5I3HB32
[2017.04.16-07.27.17:742][  0]LogInit: User: jcy
[2017.04.16-07.27.17:742][  0]LogInit: CPU Page size=65536, Cores=4
[2017.04.16-07.27.17:742][  0]LogInit: High frequency timer resolution =2.533212 MHz
[2017.04.16-07.27.17:743][  0]LogMemory: Memory total: Physical=11.9GB (12GB approx)
[2017.04.16-07.27.17:743][  0]LogMemory: Platform Memory Stats for Windows
[2017.04.16-07.27.17:743][  0]LogMemory: Process Physical Memory: 193.17 MB used, 193.17 MB peak
[2017.04.16-07.27.17:743][  0]LogMemory: Process Virtual Memory: 195.35 MB used, 195.35 MB peak
[2017.04.16-07.27.17:743][  0]LogMemory: Physical Memory: 3604.75 MB used, 12209.86 MB total
[2017.04.16-07.27.17:743][  0]LogMemory: Virtual Memory: 556.83 MB used, 134217728.00 MB total
[2017.04.16-07.27.18:843][  0]LogD3D11RHI: D3D11 adapters:
[2017.04.16-07.27.19:866][  0]LogD3D11RHI:    0. 'NVIDIA GeForce GTX 960M' (Feature Level 11_0)
[2017.04.16-07.27.19:866][  0]LogD3D11RHI:       2019/0/6104 MB DedicatedVideo/DedicatedSystem/SharedSystem, Outputs:2, VendorId:0x10de
[2017.04.16-07.27.19:876][  0]LogD3D11RHI:    1. 'Intel(R) HD Graphics 4600' (Feature Level 11_0)
[2017.04.16-07.27.19:876][  0]LogD3D11RHI:       112/0/2048 MB DedicatedVideo/DedicatedSystem/SharedSystem, Outputs:0, VendorId:0x8086
[2017.04.16-07.27.19:878][  0]LogD3D11RHI:    2. 'Microsoft Basic Render Driver' (Feature Level 11_0)
[2017.04.16-07.27.19:878][  0]LogD3D11RHI:       0/0/6104 MB DedicatedVideo/DedicatedSystem/SharedSystem, Outputs:0, VendorId:0x1414
[2017.04.16-07.27.19:878][  0]LogD3D11RHI: Chosen D3D11 Adapter: 0
[2017.04.16-07.27.19:886][  0]LogD3D11RHI: Creating new Direct3DDevice
[2017.04.16-07.27.19:886][  0]LogD3D11RHI:     GPU DeviceId: 0x139b (for the marketing name, search the web for "GPU Device Id")
[2017.04.16-07.27.19:886][  0]LogWindows: EnumDisplayDevices:
[2017.04.16-07.27.19:886][  0]LogWindows:    0. 'Intel(R) HD Graphics 4600' (P:1 D:1)
[2017.04.16-07.27.19:887][  0]LogWindows:    1. 'Intel(R) HD Graphics 4600' (P:0 D:1)
[2017.04.16-07.27.19:887][  0]LogWindows:    2. 'Intel(R) HD Graphics 4600' (P:0 D:0)
[2017.04.16-07.27.19:888][  0]LogWindows: DebugString: PrimaryIsNotTheChoosenAdapter PrimaryIsNotTheChoosenAdapter PrimaryIsNotTheChoosenAdapter FoundDriverCount:0 
[2017.04.16-07.27.19:888][  0]LogD3D11RHI:     Adapter Name: NVIDIA GeForce GTX 960M
[2017.04.16-07.27.19:888][  0]LogD3D11RHI:   Driver Version: Unknown (internal:Unknown, unified:Unknown)
[2017.04.16-07.27.19:888][  0]LogD3D11RHI:      Driver Date: Unknown
[2017.04.16-07.27.19:888][  0]LogRHI: Texture pool is 1361 MB (70% of 1945 MB)
[2017.04.16-07.27.20:690][  0]LogD3D11RHI: Async texture creation enabled
[2017.04.16-07.27.20:820][  0]LogD3D11RHI: GPU Timing Frequency: 1000.000000 (Debug: 2 1)
[2017.04.16-07.27.20:821][  0]LogShaderCompilers: Guid format shader working directory is -16 characters bigger than the processId version (../../../../../../Users/jcy/Documents/GitHub/UNNAMED/UNNAMED/Intermediate/Shaders/WorkingDirectory/8000/).
[2017.04.16-07.27.20:821][  0]LogShaderCompilers: Cleaned the shader compiler working directory 'C:/Users/jcy/AppData/Local/Temp/UnrealShaderWorkingDir/9B88818E4EF00A6D34F099B28332FC2A/'.
[2017.04.16-07.27.20:821][  0]LogShaderCompilers:Display: Using Local Shader Compiler.
[2017.04.16-07.27.22:022][  0]LogTemp:Display: Loaded TP AllDesktopTargetPlatform
[2017.04.16-07.27.22:036][  0]LogTemp:Display: Loaded TP WindowsClientTargetPlatform
[2017.04.16-07.27.22:049][  0]LogTemp:Display: Loaded TP WindowsNoEditorTargetPlatform
[2017.04.16-07.27.22:062][  0]LogTemp:Display: Loaded TP WindowsServerTargetPlatform
[2017.04.16-07.27.22:076][  0]LogTemp:Display: Loaded TP WindowsTargetPlatform
[2017.04.16-07.27.22:087][  0]LogTemp:Display: Loaded TP AndroidTargetPlatform
[2017.04.16-07.27.22:098][  0]LogTemp:Display: Loaded TP Android_ASTCTargetPlatform
[2017.04.16-07.27.22:110][  0]LogTemp:Display: Loaded TP Android_ATCTargetPlatform
[2017.04.16-07.27.22:121][  0]LogTemp:Display: Loaded TP Android_DXTTargetPlatform
[2017.04.16-07.27.22:132][  0]LogTemp:Display: Loaded TP Android_ETC1TargetPlatform
[2017.04.16-07.27.22:143][  0]LogTemp:Display: Loaded TP Android_ETC2TargetPlatform
[2017.04.16-07.27.22:163][  0]LogTemp:Display: Loaded TP Android_MultiTargetPlatform
[2017.04.16-07.27.22:163][  0]LogTemp:Display: Loaded TP Android_PVRTCTargetPlatform
[2017.04.16-07.27.22:165][  0]LogTemp:Display: Loaded TP HTML5TargetPlatform
[2017.04.16-07.27.22:194][  0]LogTemp:Display: Loaded TP IOSTargetPlatform
[2017.04.16-07.27.22:203][  0]LogTemp:Display: Loaded TP TVOSTargetPlatform
[2017.04.16-07.27.22:213][  0]LogTemp:Display: Loaded TP LinuxNoEditorTargetPlatform
[2017.04.16-07.27.22:222][  0]LogTemp:Display: Loaded TP LinuxServerTargetPlatform
[2017.04.16-07.27.22:231][  0]LogTemp:Display: Loaded TP LinuxTargetPlatform
[2017.04.16-07.27.22:231][  0]LogTargetPlatformManager:Display: Building Assets For Windows
[2017.04.16-07.27.22:388][  0]LogDerivedDataCache:Display: Max Cache Size: 512 MB
[2017.04.16-07.27.22:467][  0]LogDerivedDataCache: Loaded boot cache 0.08s 48MB C:/Users/jcy/AppData/Local/UnrealEngine/4.12/DerivedDataCache/Boot.ddc.
[2017.04.16-07.27.22:467][  0]LogDerivedDataCache:Display: Loaded Boot cache: C:/Users/jcy/AppData/Local/UnrealEngine/4.12/DerivedDataCache/Boot.ddc
[2017.04.16-07.27.22:467][  0]LogDerivedDataCache: FDerivedDataBackendGraph:  Pak pak cache file ../../../../../../Users/jcy/Documents/GitHub/UNNAMED/UNNAMED/DerivedDataCache/DDC.ddp not found, will not use a pak cache.
[2017.04.16-07.27.22:467][  0]LogDerivedDataCache: Unable to find inner node Pak for hierarchical cache Hierarchy.
[2017.04.16-07.27.22:467][  0]LogDerivedDataCache: FDerivedDataBackendGraph:  CompressedPak pak cache file ../../../../../../Users/jcy/Documents/GitHub/UNNAMED/UNNAMED/DerivedDataCache/Compressed.ddp not found, will not use a pak cache.
[2017.04.16-07.27.22:467][  0]LogDerivedDataCache: Unable to find inner node CompressedPak for hierarchical cache Hierarchy.
[2017.04.16-07.27.22:490][  0]LogDerivedDataCache:Display: Pak cache opened for reading ../../../Engine/DerivedDataCache/Compressed.ddp.
[2017.04.16-07.27.22:502][  0]LogDerivedDataCache: Using Local data cache path C:/Users/jcy/AppData/Local/UnrealEngine/Common/DerivedDataCache: Writable
[2017.04.16-07.27.22:749][  0]LogInit: Selected Device Profile: [Windows]
[2017.04.16-07.27.22:750][  0]LogContentStreaming: Texture pool size is 0.00 MB
[2017.04.16-07.27.22:977][  0]LogMeshUtilities: No automatic mesh reduction module available
[2017.04.16-07.27.22:977][  0]LogMeshUtilities: No automatic mesh merging module available
[2017.04.16-07.27.22:977][  0]LogMeshUtilities: No distributed automatic mesh merging module available
[2017.04.16-07.27.23:355][  0]LogAssetRegistry: FAssetRegistry took 0.0222 seconds to start up
[2017.04.16-07.27.23:394][  0]LogPackageLocalizationCache: Processed 3 localized package path(s) for 1 prioritized culture(s) in 0.029761 seconds
[2017.04.16-07.27.23:409][  0]LogUObjectArray: 28746 objects as part of root set at end of initial load.
[2017.04.16-07.27.23:409][  0]LogUObjectAllocator: 6069104 out of 0 bytes used by permanent object pool.
[2017.04.16-07.27.23:409][  0]LogUObjectArray: CloseDisregardForGC: 0/0 objects in disregard for GC pool
[2017.04.16-07.27.23:769][  0]LogSlate: SlateFontCache - WITH_FREETYPE: 1, WITH_HARFBUZZ: 1
[2017.04.16-07.27.23:769][  0]LogSlate: SlateFontCache - WITH_FREETYPE: 1, WITH_HARFBUZZ: 1
[2017.04.16-07.27.24:580][  0]LogUdpMessaging: Initializing bridge on interface 0.0.0.0:0 to multicast group 230.0.0.1:6666.
[2017.04.16-07.27.24:898][  0]SourceControl: Info Source control is disabled
[2017.04.16-07.27.24:901][  0]SourceControl: Info Source control is disabled
[2017.04.16-07.27.24:920][  0]SourceControl: Info Source control is disabled
[2017.04.16-07.27.24:936][  0]SourceControl: Info Source control is disabled
[2017.04.16-07.27.25:301][  0]LogEngine: Initializing Engine...
[2017.04.16-07.27.25:302][  0]LogHMD: SteamVR failed to initialize.  Err: 110
[2017.04.16-07.27.25:303][  0]LogHMD: SteamVR failed to initialize.  Err: 110
[2017.04.16-07.27.25:489][  0]LogAIModule: Creating AISystem for world NewWorld
[2017.04.16-07.27.25:494][  0]LogInit: XAudio2 using '스피커(Realtek High Definition Audio)' : 2 channels at 48 kHz using 32 bits per sample (channel mask 0x3)
[2017.04.16-07.27.25:537][  0]LogInit: FAudioDevice initialized.
[2017.04.16-07.27.25:576][  0]LogDerivedDataCache: Saved boot cache 0.04s 48MB C:/Users/jcy/AppData/Local/UnrealEngine/4.12/DerivedDataCache/Boot.ddc.
[2017.04.16-07.27.25:588][  0]LogInit: Texture streaming: Enabled
[2017.04.16-07.27.25:628][  0]LogInit: Transaction tracking system initialized
[2017.04.16-07.27.25:678][  0]BlueprintLog: New page: Editor Load
[2017.04.16-07.27.25:832][  0]LocalizationService: Info Localization service is disabled
[2017.04.16-07.27.25:935][  0]LogConsoleResponse:Display: 
[2017.04.16-07.27.26:081][  0]LogCook:Display: Max memory allowance for cook 8192mb
[2017.04.16-07.27.26:081][  0]LogCook:Display: Mobile HDR setting 1
[2017.04.16-07.27.26:290][  0]LogFileCache: Scanning file cache for directory 'C:/Users/jcy/Documents/GitHub/UNNAMED/UNNAMED/Content/' took 0.08s
[2017.04.16-07.27.26:290][  0]SourceControl: Info Source control is disabled
[2017.04.16-07.27.26:290][  0]Cmd: MAP LOAD FILE="../../../../../../Users/jcy/Documents/GitHub/UNNAMED/UNNAMED/Content/Map/Main.umap" TEMPLATE=0 SHOWPROGRESS=1 FEATURELEVEL=3
[2017.04.16-07.27.26:292][  0]LightingResults: New page: Lighting Build
[2017.04.16-07.27.26:299][  0]MapCheck: New page: Map Check
[2017.04.16-07.27.26:299][  0]LightingResults: New page: Lighting Build
[2017.04.16-07.27.27:214][  0]LogAIModule: Creating AISystem for world Main
[2017.04.16-07.27.27:218][  0]LogEditorServer: Finished looking for orphan Actors (0.000 secs)
[2017.04.16-07.27.27:219][  0]Cmd: MAP CHECKDEP NOCLEARLOG
[2017.04.16-07.27.27:275][  0]MapCheck: Info Map check complete: 0 Error(s), 0 Warning(s), took 56.029ms to complete.
[2017.04.16-07.27.27:275][  0]LogFileHelpers: Loading map 'Main' took 0.985
[2017.04.16-07.27.27:435][  0]LogCollectionManager: Loaded 1 collections in 0.004098 seconds
[2017.04.16-07.27.27:485][  0]LogFileCache: Scanning file cache for directory 'C:/Users/jcy/Documents/GitHub/UNNAMED/UNNAMED/Saved/Collections/' took 0.01s
[2017.04.16-07.27.27:485][  0]LogFileCache: Scanning file cache for directory 'C:/Users/jcy/Documents/GitHub/UNNAMED/UNNAMED/Content/Developers/jcy/Collections/' took 0.01s
[2017.04.16-07.27.27:485][  0]LogFileCache: Scanning file cache for directory 'C:/Users/jcy/Documents/GitHub/UNNAMED/UNNAMED/Content/Collections/' took 0.01s
[2017.04.16-07.27.27:485][  0]LogCollectionManager: Rebuilt the GUID cache for 1 collections in 0.000006 seconds
[2017.04.16-07.27.27:485][  0]LogCollectionManager: Rebuilt the hierarchy cache for 1 collections in 0.000000 seconds
[2017.04.16-07.27.27:497][  0]LogContentBrowser: Native class hierarchy populated in 0.0114 seconds. Added 2049 classes and 371 folders.
[2017.04.16-07.27.27:503][  0]LogStats: UGameplayTagsManager::ConstructGameplayTagTree: Construct from data asset -  0.000 s
[2017.04.16-07.27.27:503][  0]LogStats: UGameplayTagsManager::ConstructGameplayTagTree: GameplayTagTreeChangedEvent.Broadcast -  0.000 s
[2017.04.16-07.27.27:503][  0]LogContentBrowser: Native class hierarchy updated for 'GameplayTags' in 0.0005 seconds. Added 12 classes and 0 folders.
[2017.04.16-07.27.27:514][  0]LogContentBrowser: Native class hierarchy updated for 'WidgetCarousel' in 0.0004 seconds. Added 0 classes and 0 folders.
[2017.04.16-07.27.27:577][  0]LogContentBrowser: Native class hierarchy updated for 'AddContentDialog' in 0.0006 seconds. Added 0 classes and 0 folders.
[2017.04.16-07.27.27:582][  0]LogContentBrowser: Native class hierarchy updated for 'SceneOutliner' in 0.0004 seconds. Added 1 classes and 2 folders.
[2017.04.16-07.27.27:679][  0]LogCrashTracker: Crashtracker disabled due to settings.
[2017.04.16-07.27.27:687][  0]LogUObjectGlobals:Warning: Failed to find object 'Class None.'
[2017.04.16-07.27.27:716][  0]LogContentBrowser: Native class hierarchy updated for 'HierarchicalLODOutliner' in 0.0004 seconds. Added 1 classes and 2 folders.
[2017.04.16-07.27.27:716][  0]LogLoad: Full Startup: 11.39 seconds (BP compile: 0.40 seconds)
[2017.04.16-07.27.27:716][  0]LogExternalProfiler: Found external profiler: VSPerf
[2017.04.16-07.27.27:716][  0]LogExternalProfiler: Using external profiler: VSPerf
[2017.04.16-07.27.27:749][  0]LogWindowsTextInputMethodSystem:Display: IME system now activated using TSF (Microsoft 입력기).
[2017.04.16-07.27.27:753][  0]LogOcInput: OculusInput pre-init called
[2017.04.16-07.27.27:773][  0]LogContentStreaming: Texture pool size now 1000 MB
[2017.04.16-07.27.27:957][  0]LogRenderer: Reallocating scene render targets to support 1024x552 (Frame:2).
[2017.04.16-07.27.28:295][  3]LogAssetRegistry: Asset discovery search completed in 4.9616 seconds
[2017.04.16-07.27.28:295][  3]LogCollectionManager: Rebuilt the object cache for 1 collections in 0.000013 seconds (found 0 objects)
[2017.04.16-07.27.28:295][  3]LogCollectionManager: Fixed up redirectors for 1 collections in 0.000060 seconds (updated 0 objects)
[2017.04.16-07.27.32:559][202]LogContentBrowser: Native class hierarchy updated for 'BlueprintGraph' in 0.0009 seconds. Added 111 classes and 0 folders.
[2017.04.16-07.30.17:993][553]BlueprintLog: New page: Compile cannonball
[2017.04.16-07.30.18:458][553]BlueprintEditorCompileResults: Info [0182.13] Compile of cannonball successful! [in 465 ms] (/Game/dari/cannonball.cannonball)
[2017.04.16-07.30.27:356][ 79]BlueprintLog: New page: Compile cannonball
[2017.04.16-07.30.27:475][ 79]BlueprintEditorCompileResults: Info [0191.15] Compile of cannonball successful! [in 118 ms] (/Game/dari/cannonball.cannonball)
[2017.04.16-07.37.21:488][605]Cmd: OBJ SAVEPACKAGE PACKAGE="/Game/dari/cannonball" FILE="../../../../../../Users/jcy/Documents/GitHub/UNNAMED/UNNAMED/Content/dari/cannonball.uasset" SILENT=true
[2017.04.16-07.37.21:555][605]LogSavePackage: Save=42.84ms
[2017.04.16-07.37.21:555][605]LogSavePackage: Moving '../../../../../../Users/jcy/Documents/GitHub/UNNAMED/UNNAMED/Saved/cannonballE0AA28DD48218759EDF318830E586C8B.tmp' to '../../../../../../Users/jcy/Documents/GitHub/UNNAMED/UNNAMED/Content/dari/cannonball.uasset'
[2017.04.16-07.37.21:566][605]LogSavePackage:Display: Finished SavePackage ../../../../../../Users/jcy/Documents/GitHub/UNNAMED/UNNAMED/Content/dari/cannonball.uasset
[2017.04.16-07.37.21:835][605]LogWindowsTextInputMethodSystem:Display: IME system now activated using TSF (Microsoft 입력기).
[2017.04.16-07.37.22:043][606]Cmd: QUIT_EDITOR
[2017.04.16-07.37.22:130][606]LogExit: Preparing to exit.
[2017.04.16-07.37.22:988][606]LogExit: Editor shut down
[2017.04.16-07.37.22:988][606]LogExit: Transaction tracking system shut down
[2017.04.16-07.37.23:193][606]LogObj: Freed 0b from 0 cluster array pools.
[2017.04.16-07.37.23:194][606]LogExit: Object subsystem successfully closed.
[2017.04.16-07.37.23:217][606]LogD3D11RHI: Shutdown
[2017.04.16-07.37.23:217][606]LogD3D11RHI: CleanupD3DDevice
[2017.04.16-07.37.23:280][606]LogD3D11RHI: ~FD3D11DynamicRHI
[2017.04.16-07.37.23:294][606]LogModuleManager: Shutting down and abandoning module BlueprintGraph (217)
[2017.04.16-07.37.23:294][606]LogModuleManager: Shutting down and abandoning module HierarchicalLODOutliner (216)
[2017.04.16-07.37.23:294][606]LogModuleManager: Shutting down and abandoning module CrashTracker (215)
[2017.04.16-07.37.23:294][606]LogModuleManager: Shutting down and abandoning module SceneOutliner (214)
[2017.04.16-07.37.23:294][606]LogModuleManager: Shutting down and abandoning module WidgetCarousel (213)
[2017.04.16-07.37.23:294][606]LogModuleManager: Shutting down and abandoning module AddContentDialog (212)
[2017.04.16-07.37.23:295][606]LogModuleManager: Shutting down and abandoning module GameplayTags (211)
[2017.04.16-07.37.23:295][606]LogModuleManager: Shutting down and abandoning module EditorWidgets (210)
[2017.04.16-07.37.23:295][606]LogModuleManager: Shutting down and abandoning module CollectionManager (209)
[2017.04.16-07.37.23:295][606]LogModuleManager: Shutting down and abandoning module StatsViewer (208)
[2017.04.16-07.37.23:295][606]LogModuleManager: Shutting down and abandoning module FoliageEdit (207)
[2017.04.16-07.37.23:295][606]LogModuleManager: Shutting down and abandoning module LandscapeEditor (206)
[2017.04.16-07.37.23:296][606]LogModuleManager: Shutting down and abandoning module SceneDepthPickerMode (205)
[2017.04.16-07.37.23:296][606]LogModuleManager: Shutting down and abandoning module ActorPickerMode (204)
[2017.04.16-07.37.23:296][606]LogModuleManager: Shutting down and abandoning module GeometryMode (203)
[2017.04.16-07.37.23:296][606]LogModuleManager: Shutting down and abandoning module TextureAlignMode (202)
[2017.04.16-07.37.23:296][606]LogModuleManager: Shutting down and abandoning module BspMode (201)
[2017.04.16-07.37.23:296][606]LogModuleManager: Shutting down and abandoning module HardwareSurvey (200)
[2017.04.16-07.37.23:296][606]LogModuleManager: Shutting down and abandoning module SequenceRecorderSections (199)
[2017.04.16-07.37.23:296][606]LogModuleManager: Shutting down and abandoning module SequenceRecorder (198)
[2017.04.16-07.37.23:296][606]LogModuleManager: Shutting down and abandoning module AutomationWorker (197)
[2017.04.16-07.37.23:296][606]LogModuleManager: Shutting down and abandoning module MatineeToLevelSequence (196)
[2017.04.16-07.37.23:296][606]LogModuleManager: Shutting down and abandoning module PlacementMode (195)
[2017.04.16-07.37.23:296][606]LogModuleManager: Shutting down and abandoning module LevelSequenceEditor (194)
[2017.04.16-07.37.23:296][606]LogModuleManager: Shutting down and abandoning module CharacterAI (193)
[2017.04.16-07.37.23:296][606]LogModuleManager: Shutting down and abandoning module SmartSnapping (192)
[2017.04.16-07.37.23:296][606]LogModuleManager: Shutting down and abandoning module SessionServices (191)
[2017.04.16-07.37.23:296][606]LogModuleManager: Shutting down and abandoning module ViewportSnapping (190)
[2017.04.16-07.37.23:296][606]LogModuleManager: Shutting down and abandoning module LogVisualizer (189)
[2017.04.16-07.37.23:296][606]LogModuleManager: Shutting down and abandoning module GameProjectGeneration (188)
[2017.04.16-07.37.23:296][606]LogModuleManager: Shutting down and abandoning module IntroTutorials (187)
[2017.04.16-07.37.23:296][606]LogModuleManager: Shutting down and abandoning module EditorLiveStreaming (186)
[2017.04.16-07.37.23:296][606]LogModuleManager: Shutting down and abandoning module IOSPlatformEditor (185)
[2017.04.16-07.37.23:296][606]LogModuleManager: Shutting down and abandoning module HTML5PlatformEditor (184)
[2017.04.16-07.37.23:296][606]LogModuleManager: Shutting down and abandoning module AndroidDeviceDetection (183)
[2017.04.16-07.37.24:081][606]LogModuleManager: Shutting down and abandoning module AndroidPlatformEditor (182)
[2017.04.16-07.37.24:081][606]LogModuleManager: Shutting down and abandoning module IOSRuntimeSettings (181)
[2017.04.16-07.37.24:081][606]LogModuleManager: Shutting down and abandoning module AndroidRuntimeSettings (180)
[2017.04.16-07.37.24:081][606]LogModuleManager: Shutting down and abandoning module MergeActors (179)
[2017.04.16-07.37.24:081][606]LogModuleManager: Shutting down and abandoning module SizeMap (178)
[2017.04.16-07.37.24:081][606]LogModuleManager: Shutting down and abandoning module TreeMap (177)
[2017.04.16-07.37.24:081][606]LogModuleManager: Shutting down and abandoning module ReferenceViewer (176)
[2017.04.16-07.37.24:081][606]LogModuleManager: Shutting down and abandoning module LocalizationService (175)
[2017.04.16-07.37.24:081][606]LogModuleManager: Shutting down and abandoning module LocalizationDashboard (174)
[2017.04.16-07.37.24:081][606]LogModuleManager: Shutting down and abandoning module HardwareTargeting (173)
[2017.04.16-07.37.24:081][606]LogModuleManager: Shutting down and abandoning module DeviceProfileEditor (172)
[2017.04.16-07.37.24:081][606]LogModuleManager: Shutting down and abandoning module UndoHistory (171)
[2017.04.16-07.37.24:081][606]LogModuleManager: Shutting down and abandoning module UserFeedback (170)
[2017.04.16-07.37.24:081][606]LogModuleManager: Shutting down and abandoning module XmlParser (169)
[2017.04.16-07.37.24:081][606]LogModuleManager: Shutting down and abandoning module Blutility (168)
[2017.04.16-07.37.24:081][606]LogModuleManager: Shutting down and abandoning module ProjectTargetPlatformEditor (167)
[2017.04.16-07.37.24:081][606]LogModuleManager: Shutting down and abandoning module ProjectSettingsViewer (166)
[2017.04.16-07.37.24:081][606]LogModuleManager: Shutting down and abandoning module InputBindingEditor (165)
[2017.04.16-07.37.24:081][606]LogModuleManager: Shutting down and abandoning module EditorSettingsViewer (164)
[2017.04.16-07.37.24:081][606]LogModuleManager: Shutting down and abandoning module SettingsEditor (163)
[2017.04.16-07.37.24:081][606]LogModuleManager: Shutting down and abandoning module ProjectLauncher (162)
[2017.04.16-07.37.24:081][606]LogModuleManager: Shutting down and abandoning module SessionFrontend (161)
[2017.04.16-07.37.24:081][606]LogModuleManager: Shutting down and abandoning module ProfilerClient (160)
[2017.04.16-07.37.24:081][606]LogModuleManager: Shutting down and abandoning module TargetDeviceServices (159)
[2017.04.16-07.37.24:081][606]LogModuleManager: Shutting down and abandoning module DeviceManager (158)
[2017.04.16-07.37.24:124][606]LogModuleManager: Shutting down and abandoning module AutomationController (157)
[2017.04.16-07.37.24:124][606]LogModuleManager: Shutting down and abandoning module AutomationWindow (156)
[2017.04.16-07.37.24:124][606]LogModuleManager: Shutting down and abandoning module Layers (155)
[2017.04.16-07.37.24:124][606]LogModuleManager: Shutting down and abandoning module ComponentVisualizers (154)
[2017.04.16-07.37.24:124][606]LogModuleManager: Shutting down and abandoning module DetailCustomizations (153)
[2017.04.16-07.37.24:124][606]LogModuleManager: Shutting down and abandoning module PackagesDialog (152)
[2017.04.16-07.37.24:125][606]LogModuleManager: Shutting down and abandoning module Persona (151)
[2017.04.16-07.37.24:125][606]LogModuleManager: Shutting down and abandoning module Kismet (150)
[2017.04.16-07.37.24:125][606]LogModuleManager: Shutting down and abandoning module GraphEditor (149)
[2017.04.16-07.37.24:125][606]LogModuleManager: Shutting down and abandoning module ClassViewer (148)
[2017.04.16-07.37.24:125][606]LogModuleManager: Shutting down and abandoning module Toolbox (147)
[2017.04.16-07.37.24:125][606]LogModuleManager: Shutting down and abandoning module ModuleUI (146)
[2017.04.16-07.37.24:125][606]LogModuleManager: Shutting down and abandoning module MovieSceneTools (145)
[2017.04.16-07.37.24:125][606]LogModuleManager: Shutting down and abandoning module OutputLog (144)
[2017.04.16-07.37.24:125][606]LogModuleManager: Shutting down and abandoning module GammaUI (143)
[2017.04.16-07.37.24:125][606]LogModuleManager: Shutting down and abandoning module Documentation (142)
[2017.04.16-07.37.24:125][606]LogModuleManager: Shutting down and abandoning module StreamingPauseRendering (141)
[2017.04.16-07.37.24:125][606]LogModuleManager: Shutting down and abandoning module AnalyticsET (140)
[2017.04.16-07.37.24:125][606]LogModuleManager: Shutting down and abandoning module Analytics (139)
[2017.04.16-07.37.24:125][606]LogModuleManager: Shutting down and abandoning module PortalServices (138)
[2017.04.16-07.37.24:125][606]LogModuleManager: Shutting down and abandoning module PortalRpc (137)
[2017.04.16-07.37.24:125][606]LogModuleManager: Shutting down and abandoning module MessagingRpc (136)
[2017.04.16-07.37.24:125][606]LogModuleManager: Shutting down and abandoning module GameplayDebugger (135)
[2017.04.16-07.37.24:125][606]LogModuleManager: Shutting down and abandoning module AITestSuite (134)
[2017.04.16-07.37.24:125][606]LogModuleManager: Shutting down and abandoning module AIModule (133)
[2017.04.16-07.37.24:125][606]LogModuleManager: Shutting down and abandoning module ProfilerService (132)
[2017.04.16-07.37.24:128][606]LogModuleManager: Shutting down and abandoning module TaskGraph (131)
[2017.04.16-07.37.24:128][606]LogModuleManager: Shutting down and abandoning module SlateRemote (130)
[2017.04.16-07.37.24:128][606]LogModuleManager: Shutting down and abandoning module SteamVRController (129)
[2017.04.16-07.37.24:128][606]LogModuleManager: Shutting down and abandoning module SteamVR (128)
[2017.04.16-07.37.24:128][606]LogModuleManager: Shutting down and abandoning module ProceduralMeshComponent (127)
[2017.04.16-07.37.24:128][606]LogModuleManager: Shutting down and abandoning module OculusLibrary (126)
[2017.04.16-07.37.24:128][606]LogModuleManager: Shutting down and abandoning module OculusInput (125)
[2017.04.16-07.37.24:128][606]LogModuleManager: Shutting down and abandoning module CustomMeshComponent (124)
[2017.04.16-07.37.24:128][606]LogModuleManager: Shutting down and abandoning module CableComponent (123)
[2017.04.16-07.37.24:128][606]LogModuleManager: Shutting down and abandoning module ArchVisCharacter (122)
[2017.04.16-07.37.24:128][606]LogModuleManager: Shutting down and abandoning module MediaPlayerEditor (121)
[2017.04.16-07.37.24:128][606]LogModuleManager: Shutting down and abandoning module HTML5Networking (120)
[2017.04.16-07.37.24:128][606]LogModuleManager: Shutting down and abandoning module SuperSearch (119)
[2017.04.16-07.37.24:128][606]LogModuleManager: Shutting down and abandoning module SuperSearchEditor (118)
[2017.04.16-07.37.24:128][606]LogModuleManager: Shutting down and abandoning module SpeedTreeImporter (117)
[2017.04.16-07.37.24:128][606]LogModuleManager: Shutting down and abandoning module PluginBrowser (116)
[2017.04.16-07.37.24:128][606]LogModuleManager: Shutting down and abandoning module EpicSurvey (115)
[2017.04.16-07.37.24:128][606]LogModuleManager: Shutting down and abandoning module DesktopPlatform (114)
[2017.04.16-07.37.24:128][606]LogModuleManager: Shutting down and abandoning module VisualStudioSourceCodeAccess (113)
[2017.04.16-07.37.24:128][606]LogModuleManager: Shutting down and abandoning module UObjectPlugin (112)
[2017.04.16-07.37.24:128][606]LogModuleManager: Shutting down and abandoning module SubversionSourceControl (111)
[2017.04.16-07.37.24:128][606]LogModuleManager: Shutting down and abandoning module PerforceSourceControl (110)
[2017.04.16-07.37.24:128][606]LogModuleManager: Shutting down and abandoning module SourceControl (109)
[2017.04.16-07.37.24:128][606]LogModuleManager: Shutting down and abandoning module GitSourceControl (108)
[2017.04.16-07.37.24:128][606]LogModuleManager: Shutting down and abandoning module LightPropagationVolumeEditor (107)
[2017.04.16-07.37.24:128][606]LogModuleManager: Shutting down and abandoning module PaperTiledImporter (106)
[2017.04.16-07.37.24:128][606]LogModuleManager: Shutting down and abandoning module PaperSpriteSheetImporter (105)
[2017.04.16-07.37.24:128][606]LogModuleManager: Shutting down and abandoning module MeshPaint (104)
[2017.04.16-07.37.24:128][606]LogModuleManager: Shutting down and abandoning module PixelInspectorModule (103)
[2017.04.16-07.37.24:128][606]LogModuleManager: Shutting down and abandoning module HotReload (102)
[2017.04.16-07.37.24:128][606]LogModuleManager: Shutting down and abandoning module MainFrame (101)
[2017.04.16-07.37.24:129][606]LogModuleManager: Shutting down and abandoning module LevelEditor (100)
[2017.04.16-07.37.24:129][606]LogModuleManager: Shutting down and abandoning module ContentBrowser (99)
[2017.04.16-07.37.24:130][606]LogModuleManager: Shutting down and abandoning module Paper2DEditor (98)
[2017.04.16-07.37.24:130][606]LogModuleManager: Shutting down and abandoning module UdpMessaging (97)
[2017.04.16-07.37.24:231][606]LogModuleManager: Shutting down and abandoning module LightPropagationVolumeRuntime (96)
[2017.04.16-07.37.24:231][606]LogModuleManager: Shutting down and abandoning module Paper2D (95)
[2017.04.16-07.37.24:231][606]LogModuleManager: Shutting down and abandoning module WindowsMoviePlayer (94)
[2017.04.16-07.37.24:231][606]LogModuleManager: Shutting down and abandoning module Media (93)
[2017.04.16-07.37.24:231][606]LogModuleManager: Shutting down and abandoning module WmfMedia (92)
[2017.04.16-07.37.24:231][606]LogModuleManager: Shutting down and abandoning module MediaAssets (91)
[2017.04.16-07.37.24:231][606]LogModuleManager: Shutting down and abandoning module GameLiveStreaming (90)
[2017.04.16-07.37.24:231][606]LogModuleManager: Shutting down and abandoning module GameplayTagsEditor (89)
[2017.04.16-07.37.24:231][606]LogModuleManager: Shutting down and abandoning module OnlineBlueprintSupport (88)
[2017.04.16-07.37.24:231][606]LogModuleManager: Shutting down and abandoning module VREditor (87)
[2017.04.16-07.37.24:231][606]LogModuleManager: Shutting down and abandoning module GameplayTasksEditor (86)
[2017.04.16-07.37.24:231][606]LogModuleManager: Shutting down and abandoning module PropertyEditor (85)
[2017.04.16-07.37.24:231][606]LogModuleManager: Shutting down and abandoning module BehaviorTreeEditor (84)
[2017.04.16-07.37.24:231][606]LogModuleManager: Shutting down and abandoning module FunctionalTesting (83)
[2017.04.16-07.37.24:231][606]LogModuleManager: Shutting down and abandoning module CollisionAnalyzer (82)
[2017.04.16-07.37.24:231][606]LogModuleManager: Shutting down and abandoning module Sequencer (81)
[2017.04.16-07.37.24:231][606]LogModuleManager: Shutting down and abandoning module WorkspaceMenuStructure (80)
[2017.04.16-07.37.24:231][606]LogModuleManager: Shutting down and abandoning module MessageLog (79)
[2017.04.16-07.37.24:231][606]LogModuleManager: Shutting down and abandoning module AssetTools (78)
[2017.04.16-07.37.24:231][606]LogModuleManager: Shutting down and abandoning module UMGEditor (77)
[2017.04.16-07.37.24:231][606]LogModuleManager: Shutting down and abandoning module UMG (76)
[2017.04.16-07.37.24:231][606]LogModuleManager: Shutting down and abandoning module SlateReflector (75)
[2017.04.16-07.37.24:231][606]LogModuleManager: Shutting down and abandoning module Slate (74)
[2017.04.16-07.37.24:231][606]LogModuleManager: Shutting down and abandoning module EditorStyle (73)
[2017.04.16-07.37.24:233][606]LogModuleManager: Shutting down and abandoning module SourceCodeAccess (72)
[2017.04.16-07.37.24:233][606]LogModuleManager: Shutting down and abandoning module HeadMountedDisplay (71)
[2017.04.16-07.37.24:233][606]LogModuleManager: Shutting down and abandoning module XAudio2 (70)
[2017.04.16-07.37.24:233][606]LogModuleManager: Shutting down and abandoning module Networking (69)
[2017.04.16-07.37.24:233][606]LogModuleManager: Shutting down and abandoning module Core (68)
[2017.04.16-07.37.24:233][606]LogModuleManager: Shutting down and abandoning module DirectoryWatcher (67)
[2017.04.16-07.37.24:234][606]LogModuleManager: Shutting down and abandoning module AssetRegistry (66)
[2017.04.16-07.37.24:455][606]LogModuleManager: Shutting down and abandoning module KismetCompiler (65)
[2017.04.16-07.37.24:455][606]LogModuleManager: Shutting down and abandoning module PhysXFormats (64)
[2017.04.16-07.37.24:455][606]LogModuleManager: Shutting down and abandoning module MeshUtilities (63)
[2017.04.16-07.37.24:455][606]LogModuleManager: Shutting down and abandoning module DerivedDataCache (62)
[2017.04.16-07.37.24:516][606]LogDerivedDataCache: Shutdown
[2017.04.16-07.37.24:516][606]LogModuleManager: Shutting down and abandoning module VulkanShaderFormat (61)
[2017.04.16-07.37.24:516][606]LogModuleManager: Shutting down and abandoning module ShaderFormatOpenGL (60)
[2017.04.16-07.37.24:516][606]LogModuleManager: Shutting down and abandoning module ShaderFormatD3D (59)
[2017.04.16-07.37.24:516][606]LogModuleManager: Shutting down and abandoning module MetalShaderFormat (58)
[2017.04.16-07.37.24:516][606]LogModuleManager: Shutting down and abandoning module TextureFormatUncompressed (57)
[2017.04.16-07.37.24:516][606]LogModuleManager: Shutting down and abandoning module TextureFormatPVR (56)
[2017.04.16-07.37.24:516][606]LogModuleManager: Shutting down and abandoning module TextureFormatIntelISPCTexComp (55)
[2017.04.16-07.37.24:516][606]LogModuleManager: Shutting down and abandoning module TextureFormatDXT (54)
[2017.04.16-07.37.24:516][606]LogModuleManager: Shutting down and abandoning module ImageWrapper (53)
[2017.04.16-07.37.24:516][606]LogModuleManager: Shutting down and abandoning module TextureFormatASTC (52)
[2017.04.16-07.37.24:516][606]LogModuleManager: Shutting down and abandoning module TextureFormatAndroid (51)
[2017.04.16-07.37.24:516][606]LogModuleManager: Shutting down and abandoning module AudioFormatOpus (50)
[2017.04.16-07.37.24:516][606]LogModuleManager: Shutting down and abandoning module AudioFormatOgg (49)
[2017.04.16-07.37.24:516][606]LogModuleManager: Shutting down and abandoning module AudioFormatADPCM (48)
[2017.04.16-07.37.24:516][606]LogModuleManager: Shutting down and abandoning module LinuxTargetPlatform (47)
[2017.04.16-07.37.24:516][606]LogModuleManager: Shutting down and abandoning module LinuxServerTargetPlatform (46)
[2017.04.16-07.37.24:516][606]LogModuleManager: Shutting down and abandoning module LinuxNoEditorTargetPlatform (45)
[2017.04.16-07.37.24:516][606]LogModuleManager: Shutting down and abandoning module TVOSTargetPlatform (44)
[2017.04.16-07.37.24:516][606]LogModuleManager: Shutting down and abandoning module Messaging (43)
[2017.04.16-07.37.24:516][606]LogModuleManager: Shutting down and abandoning module IOSTargetPlatform (42)
[2017.04.16-07.37.24:516][606]LogModuleManager: Shutting down and abandoning module HTML5TargetPlatform (41)
[2017.04.16-07.37.24:516][606]LogModuleManager: Shutting down and abandoning module Android_PVRTCTargetPlatform (40)
[2017.04.16-07.37.24:516][606]LogModuleManager: Shutting down and abandoning module Android_MultiTargetPlatform (39)
[2017.04.16-07.37.24:516][606]LogModuleManager: Shutting down and abandoning module Android_ETC2TargetPlatform (38)
[2017.04.16-07.37.24:516][606]LogModuleManager: Shutting down and abandoning module Android_ETC1TargetPlatform (37)
[2017.04.16-07.37.24:516][606]LogModuleManager: Shutting down and abandoning module Android_DXTTargetPlatform (36)
[2017.04.16-07.37.24:516][606]LogModuleManager: Shutting down and abandoning module Android_ATCTargetPlatform (35)
[2017.04.16-07.37.24:516][606]LogModuleManager: Shutting down and abandoning module Android_ASTCTargetPlatform (34)
[2017.04.16-07.37.24:516][606]LogModuleManager: Shutting down and abandoning module AndroidTargetPlatform (33)
[2017.04.16-07.37.24:516][606]LogModuleManager: Shutting down and abandoning module WindowsTargetPlatform (32)
[2017.04.16-07.37.24:516][606]LogModuleManager: Shutting down and abandoning module WindowsServerTargetPlatform (31)
[2017.04.16-07.37.24:516][606]LogModuleManager: Shutting down and abandoning module WindowsNoEditorTargetPlatform (30)
[2017.04.16-07.37.24:517][606]LogModuleManager: Shutting down and abandoning module WindowsClientTargetPlatform (29)
[2017.04.16-07.37.24:517][606]LogModuleManager: Shutting down and abandoning module AllDesktopTargetPlatform (28)
[2017.04.16-07.37.24:517][606]LogModuleManager: Shutting down and abandoning module TargetPlatform (27)
[2017.04.16-07.37.24:517][606]LogModuleManager: Shutting down and abandoning module InputCore (26)
[2017.04.16-07.37.24:517][606]LogModuleManager: Shutting down and abandoning module Settings (25)
[2017.04.16-07.37.24:517][606]LogModuleManager: Shutting down and abandoning module Voice (23)
[2017.04.16-07.37.24:517][606]LogModuleManager: Shutting down and abandoning module OnlineSubsystem (19)
[2017.04.16-07.37.24:517][606]LogOnline:Display: NULL: FOnlineSubsystemNull::Shutdown()
[2017.04.16-07.37.24:517][606]LogOnline:Display: Unloading online subsystem: STEAM
[2017.04.16-07.37.24:517][606]LogOnline:Display: Unloading online subsystem: NULL
[2017.04.16-07.37.24:517][606]LogModuleManager: Shutting down and abandoning module HTTP (18)
[2017.04.16-07.37.28:524][606]LogModuleManager: Shutting down and abandoning module XMPP (17)
[2017.04.16-07.37.28:524][606]LogModuleManager: Shutting down and abandoning module OculusRift (16)
[2017.04.16-07.37.28:524][606]LogModuleManager: Shutting down and abandoning module ExampleDeviceProfileSelector (15)
[2017.04.16-07.37.28:524][606]LogModuleManager: Shutting down and abandoning module TextureCompressor (14)
[2017.04.16-07.37.28:524][606]LogModuleManager: Shutting down and abandoning module ShaderCore (13)
[2017.04.16-07.37.28:524][606]LogModuleManager: Shutting down and abandoning module Landscape (12)
[2017.04.16-07.37.28:524][606]LogModuleManager: Shutting down and abandoning module SlateRHIRenderer (11)
[2017.04.16-07.37.28:526][606]LogModuleManager: Shutting down and abandoning module OpenGLDrv (10)
[2017.04.16-07.37.28:526][606]LogModuleManager: Shutting down and abandoning module D3D11RHI (9)
[2017.04.16-07.37.28:526][606]LogModuleManager: Shutting down and abandoning module AnimGraphRuntime (8)
[2017.04.16-07.37.28:526][606]LogModuleManager: Shutting down and abandoning module Renderer (7)
[2017.04.16-07.37.28:526][606]LogModuleManager: Shutting down and abandoning module Engine (6)
[2017.04.16-07.37.28:526][606]LogModuleManager: Shutting down and abandoning module CoreUObject (5)
[2017.04.16-07.37.28:526][606]LogModuleManager: Shutting down and abandoning module NetworkFile (4)
[2017.04.16-07.37.28:526][606]LogModuleManager: Shutting down and abandoning module StreamingFile (3)
[2017.04.16-07.37.28:526][606]LogModuleManager: Shutting down and abandoning module SandboxFile (2)
[2017.04.16-07.37.28:526][606]LogModuleManager: Shutting down and abandoning module PakFile (1)
[2017.04.16-07.37.28:528][606]LogExit: Exiting.
[2017.04.16-07.37.28:529][606]Log file closed, 04/16/17 16:37:28
