Log file open, 10/31/16 02:36:55
LogInit:Display: Running engine for game: UNNAMED
LogPlatformFile: Not using cached read wrapper
LogInit:Display: RandInit(-934730508) SRandInit(-934730507).
LogTaskGraph: Started task graph with 4 named threads and 7 total threads with 1 sets of task threads.
LogStats: Stats thread started at 0.082340
LogInit: Version: 4.12.5-3039270+++UE4+Release-4.12
LogInit: API Version: 2992821
LogInit: Net Version: 3039270
LogDevObjectVersion: Number of dev versions registered: 13
LogDevObjectVersion:   Dev-Blueprints (B0D832E4-1F89-4F0D-ACCF-7EB736FD4AA2): 3
LogDevObjectVersion:   Dev-Build (E1C64328-A22C-4D53-A36C-8E866417BD8C): 0
LogDevObjectVersion:   Dev-Core (375EC13C-06E4-48FB-B500-84F0262A717E): 1
LogDevObjectVersion:   Dev-Editor (E4B068ED-F494-42E9-A231-DA0B2E46BB41): 2
LogDevObjectVersion:   Dev-Framework (CFFC743F-43B0-4480-9391-14DF171D2073): 6
LogDevObjectVersion:   Dev-Mobile (B02B49B5-BB20-44E9-A304-32B752E40360): 0
LogDevObjectVersion:   Dev-Networking (A4E4105C-59A1-49B5-A7C5-40C4547EDFEE): 0
LogDevObjectVersion:   Dev-Online (39C831C9-5AE6-47DC-9A44-9C173E1C8E7C): 0
LogDevObjectVersion:   Dev-Physics (78F01B33-EBEA-4F98-B9B4-84EACCB95AA2): 0
LogDevObjectVersion:   Dev-Platform (6631380F-2D4D-43E0-8009-CF276956A95A): 0
LogDevObjectVersion:   Dev-Rendering (12F88B9F-8875-4AFC-A67C-D90C383ABD29): 2
LogDevObjectVersion:   Dev-Sequencer (7B5AE74C-D270-4C10-A958-57980B212A5A): 0
LogDevObjectVersion:   Dev-VR (D7296918-1DD6-4BDD-9DE2-64A83CC13884): 0
LogInit: Compiled (64-bit): Jul  6 2016 09:09:46
LogInit: Compiled with Visual C++: 19.00.23026.00
LogInit: Build Configuration: Development
LogInit: Branch Name: ++UE4+Release-4.12
LogInit: Command line:  
LogInit: Base directory: C:/Program Files (x86)/Epic Games/4.12/Engine/Binaries/Win64/
LogInit: Installed Engine Build: 1
LogInit: Using libcurl 7.41.0
LogInit:  - built for x86_64-pc-win32
LogInit:  - supports SSL with WinSSL
LogInit:  - other features:
LogInit:      CURL_VERSION_SSL
LogInit:      CURL_VERSION_IPV6
LogInit:      CURL_VERSION_ASYNCHDNS
LogInit:      CURL_VERSION_LARGEFILE
LogInit:      CURL_VERSION_IDN
LogInit:  CurlRequestOptions (configurable via config and command line):
LogInit:  - bVerifyPeer = true  - Libcurl will verify peer certificate
LogInit:  - bUseHttpProxy = false  - Libcurl will NOT use HTTP proxy
LogInit:  - bDontReuseConnections = false  - Libcurl will reuse connections
LogInit:  - CertBundlePath = nullptr  - Libcurl will use whatever was configured at build time.
LogInit: Presizing for max 8388607 objects, including 0 objects not considered by GC, pre-allocating 0 bytes for permanent pool.
LogInit: Object subsystem initialized
[2016.10.30-17.36.55:401][  0]LogInit: Selected Device Profile: [Windows]
[2016.10.30-17.36.55:401][  0]LogInit: Applying CVar settings loaded from the selected device profile: [Windows]
[2016.10.30-17.36.55:410][  0]LogInit: Computer: DESKTOP-5I3HB32
[2016.10.30-17.36.55:410][  0]LogInit: User: jcy
[2016.10.30-17.36.55:410][  0]LogInit: CPU Page size=65536, Cores=4
[2016.10.30-17.36.55:410][  0]LogInit: High frequency timer resolution =2.533208 MHz
[2016.10.30-17.36.55:410][  0]LogMemory: Memory total: Physical=7.9GB (8GB approx)
[2016.10.30-17.36.55:410][  0]LogMemory: Platform Memory Stats for Windows
[2016.10.30-17.36.55:410][  0]LogMemory: Process Physical Memory: 191.05 MB used, 191.05 MB peak
[2016.10.30-17.36.55:410][  0]LogMemory: Process Virtual Memory: 195.30 MB used, 195.30 MB peak
[2016.10.30-17.36.55:410][  0]LogMemory: Physical Memory: 3153.47 MB used, 8113.86 MB total
[2016.10.30-17.36.55:410][  0]LogMemory: Virtual Memory: 553.27 MB used, 134217728.00 MB total
[2016.10.30-17.36.55:888][  0]LogD3D11RHI: D3D11 adapters:
[2016.10.30-17.36.56:509][  0]LogD3D11RHI:    0. 'NVIDIA GeForce GTX 960M' (Feature Level 11_0)
[2016.10.30-17.36.56:509][  0]LogD3D11RHI:       2018/0/4056 MB DedicatedVideo/DedicatedSystem/SharedSystem, Outputs:2, VendorId:0x10de
[2016.10.30-17.36.56:516][  0]LogD3D11RHI:    1. 'Intel(R) HD Graphics 4600' (Feature Level 11_0)
[2016.10.30-17.36.56:516][  0]LogD3D11RHI:       112/0/2048 MB DedicatedVideo/DedicatedSystem/SharedSystem, Outputs:0, VendorId:0x8086
[2016.10.30-17.36.56:517][  0]LogD3D11RHI:    2. 'Microsoft Basic Render Driver' (Feature Level 11_0)
[2016.10.30-17.36.56:517][  0]LogD3D11RHI:       0/0/4056 MB DedicatedVideo/DedicatedSystem/SharedSystem, Outputs:0, VendorId:0x1414
[2016.10.30-17.36.56:517][  0]LogD3D11RHI: Chosen D3D11 Adapter: 0
[2016.10.30-17.36.56:522][  0]LogD3D11RHI: Creating new Direct3DDevice
[2016.10.30-17.36.56:522][  0]LogD3D11RHI:     GPU DeviceId: 0x139b (for the marketing name, search the web for "GPU Device Id")
[2016.10.30-17.36.56:522][  0]LogWindows: EnumDisplayDevices:
[2016.10.30-17.36.56:522][  0]LogWindows:    0. 'Intel(R) HD Graphics 4600' (P:1 D:1)
[2016.10.30-17.36.56:522][  0]LogWindows:    1. 'Intel(R) HD Graphics 4600' (P:0 D:1)
[2016.10.30-17.36.56:522][  0]LogWindows:    2. 'Intel(R) HD Graphics 4600' (P:0 D:0)
[2016.10.30-17.36.56:523][  0]LogWindows: DebugString: PrimaryIsNotTheChoosenAdapter PrimaryIsNotTheChoosenAdapter PrimaryIsNotTheChoosenAdapter FoundDriverCount:0 
[2016.10.30-17.36.56:523][  0]LogD3D11RHI:     Adapter Name: NVIDIA GeForce GTX 960M
[2016.10.30-17.36.56:523][  0]LogD3D11RHI:   Driver Version: Unknown (internal:Unknown, unified:Unknown)
[2016.10.30-17.36.56:523][  0]LogD3D11RHI:      Driver Date: Unknown
[2016.10.30-17.36.56:523][  0]LogRHI: Texture pool is 1361 MB (70% of 1945 MB)
[2016.10.30-17.36.57:044][  0]LogD3D11RHI: Async texture creation enabled
[2016.10.30-17.36.57:913][  0]LogD3D11RHI: GPU Timing Frequency: 1000.000000 (Debug: 2 1)
[2016.10.30-17.36.57:914][  0]LogShaderCompilers: Guid format shader working directory is -16 characters bigger than the processId version (../../../../../../Users/jcy/Documents/GitHub/UNNAMED/UNNAMED/Intermediate/Shaders/WorkingDirectory/5616/).
[2016.10.30-17.36.57:914][  0]LogShaderCompilers: Cleaned the shader compiler working directory 'C:/Users/jcy/AppData/Local/Temp/UnrealShaderWorkingDir/096896C346FCFBA927A0B194A9712EE3/'.
[2016.10.30-17.36.57:914][  0]LogShaderCompilers:Display: Using Local Shader Compiler.
[2016.10.30-17.36.58:893][  0]LogTemp:Display: Loaded TP AllDesktopTargetPlatform
[2016.10.30-17.36.58:903][  0]LogTemp:Display: Loaded TP WindowsClientTargetPlatform
[2016.10.30-17.36.58:914][  0]LogTemp:Display: Loaded TP WindowsNoEditorTargetPlatform
[2016.10.30-17.36.58:924][  0]LogTemp:Display: Loaded TP WindowsServerTargetPlatform
[2016.10.30-17.36.58:935][  0]LogTemp:Display: Loaded TP WindowsTargetPlatform
[2016.10.30-17.36.58:942][  0]LogTemp:Display: Loaded TP AndroidTargetPlatform
[2016.10.30-17.36.58:950][  0]LogTemp:Display: Loaded TP Android_ASTCTargetPlatform
[2016.10.30-17.36.58:958][  0]LogTemp:Display: Loaded TP Android_ATCTargetPlatform
[2016.10.30-17.36.58:966][  0]LogTemp:Display: Loaded TP Android_DXTTargetPlatform
[2016.10.30-17.36.58:975][  0]LogTemp:Display: Loaded TP Android_ETC1TargetPlatform
[2016.10.30-17.36.58:982][  0]LogTemp:Display: Loaded TP Android_ETC2TargetPlatform
[2016.10.30-17.36.58:998][  0]LogTemp:Display: Loaded TP Android_MultiTargetPlatform
[2016.10.30-17.36.58:998][  0]LogTemp:Display: Loaded TP Android_PVRTCTargetPlatform
[2016.10.30-17.36.59:000][  0]LogTemp:Display: Loaded TP HTML5TargetPlatform
[2016.10.30-17.36.59:022][  0]LogTemp:Display: Loaded TP IOSTargetPlatform
[2016.10.30-17.36.59:029][  0]LogTemp:Display: Loaded TP TVOSTargetPlatform
[2016.10.30-17.36.59:039][  0]LogTemp:Display: Loaded TP LinuxNoEditorTargetPlatform
[2016.10.30-17.36.59:046][  0]LogTemp:Display: Loaded TP LinuxServerTargetPlatform
[2016.10.30-17.36.59:054][  0]LogTemp:Display: Loaded TP LinuxTargetPlatform
[2016.10.30-17.36.59:054][  0]LogTargetPlatformManager:Display: Building Assets For Windows
[2016.10.30-17.36.59:143][  0]LogDerivedDataCache:Display: Max Cache Size: 512 MB
[2016.10.30-17.36.59:205][  0]LogDerivedDataCache: Loaded boot cache 0.06s 48MB C:/Users/jcy/AppData/Local/UnrealEngine/4.12/DerivedDataCache/Boot.ddc.
[2016.10.30-17.36.59:206][  0]LogDerivedDataCache:Display: Loaded Boot cache: C:/Users/jcy/AppData/Local/UnrealEngine/4.12/DerivedDataCache/Boot.ddc
[2016.10.30-17.36.59:206][  0]LogDerivedDataCache: FDerivedDataBackendGraph:  Pak pak cache file ../../../../../../Users/jcy/Documents/GitHub/UNNAMED/UNNAMED/DerivedDataCache/DDC.ddp not found, will not use a pak cache.
[2016.10.30-17.36.59:206][  0]LogDerivedDataCache: Unable to find inner node Pak for hierarchical cache Hierarchy.
[2016.10.30-17.36.59:206][  0]LogDerivedDataCache: FDerivedDataBackendGraph:  CompressedPak pak cache file ../../../../../../Users/jcy/Documents/GitHub/UNNAMED/UNNAMED/DerivedDataCache/Compressed.ddp not found, will not use a pak cache.
[2016.10.30-17.36.59:206][  0]LogDerivedDataCache: Unable to find inner node CompressedPak for hierarchical cache Hierarchy.
[2016.10.30-17.36.59:222][  0]LogDerivedDataCache:Display: Pak cache opened for reading ../../../Engine/DerivedDataCache/Compressed.ddp.
[2016.10.30-17.36.59:234][  0]LogDerivedDataCache: Using Local data cache path C:/Users/jcy/AppData/Local/UnrealEngine/Common/DerivedDataCache: Writable
[2016.10.30-17.36.59:445][  0]LogInit: Selected Device Profile: [Windows]
[2016.10.30-17.36.59:445][  0]LogContentStreaming: Texture pool size is 0.00 MB
[2016.10.30-17.36.59:611][  0]LogMeshUtilities: No automatic mesh reduction module available
[2016.10.30-17.36.59:611][  0]LogMeshUtilities: No automatic mesh merging module available
[2016.10.30-17.36.59:611][  0]LogMeshUtilities: No distributed automatic mesh merging module available
[2016.10.30-17.36.59:884][  0]LogAssetRegistry: FAssetRegistry took 0.0213 seconds to start up
[2016.10.30-17.36.59:907][  0]LogPackageLocalizationCache: Processed 3 localized package path(s) for 1 prioritized culture(s) in 0.018154 seconds
[2016.10.30-17.36.59:912][  0]LogUObjectArray: 28739 objects as part of root set at end of initial load.
[2016.10.30-17.36.59:912][  0]LogUObjectAllocator: 5855632 out of 0 bytes used by permanent object pool.
[2016.10.30-17.36.59:912][  0]LogUObjectArray: CloseDisregardForGC: 0/0 objects in disregard for GC pool
[2016.10.30-17.36.59:921][  0]LogInit: WinSock: version 1.1 (2.2), MaxSocks=32767, MaxUdp=65467
[2016.10.30-17.37.00:122][  0]LogSlate: SlateFontCache - WITH_FREETYPE: 1, WITH_HARFBUZZ: 1
[2016.10.30-17.37.00:122][  0]LogSlate: SlateFontCache - WITH_FREETYPE: 1, WITH_HARFBUZZ: 1
[2016.10.30-17.37.00:971][  0]LogUdpMessaging: Initializing bridge on interface 0.0.0.0:0 to multicast group 230.0.0.1:6666.
[2016.10.30-17.37.01:221][  0]SourceControl: Info Source control is disabled
[2016.10.30-17.37.01:222][  0]SourceControl: Info Source control is disabled
[2016.10.30-17.37.01:235][  0]SourceControl: Info Source control is disabled
[2016.10.30-17.37.01:248][  0]SourceControl: Info Source control is disabled
[2016.10.30-17.37.01:513][  0]LogEngine: Initializing Engine...
[2016.10.30-17.37.01:514][  0]LogHMD: SteamVR failed to initialize.  Err: 110
[2016.10.30-17.37.01:515][  0]LogHMD: SteamVR failed to initialize.  Err: 110
[2016.10.30-17.37.01:658][  0]LogAIModule: Creating AISystem for world NewWorld
[2016.10.30-17.37.01:664][  0]LogInit: XAudio2 using '스피커(Realtek High Definition Audio)' : 2 channels at 48 kHz using 32 bits per sample (channel mask 0x3)
[2016.10.30-17.37.01:693][  0]LogInit: FAudioDevice initialized.
[2016.10.30-17.37.01:728][  0]LogDerivedDataCache: Saved boot cache 0.04s 48MB C:/Users/jcy/AppData/Local/UnrealEngine/4.12/DerivedDataCache/Boot.ddc.
[2016.10.30-17.37.01:737][  0]LogInit: Texture streaming: Enabled
[2016.10.30-17.37.01:762][  0]LogInit: Transaction tracking system initialized
[2016.10.30-17.37.01:789][  0]BlueprintLog: New page: Editor Load
[2016.10.30-17.37.01:876][  0]LocalizationService: Info Localization service is disabled
[2016.10.30-17.37.01:952][  0]LogConsoleResponse:Display: 
[2016.10.30-17.37.02:064][  0]LogCook:Display: Max memory allowance for cook 8192mb
[2016.10.30-17.37.02:064][  0]LogCook:Display: Mobile HDR setting 1
[2016.10.30-17.37.02:181][  0]LogFileCache: Scanning file cache for directory 'C:/Users/jcy/Documents/GitHub/UNNAMED/UNNAMED/Content/' took 0.02s
[2016.10.30-17.37.02:181][  0]SourceControl: Info Source control is disabled
[2016.10.30-17.37.02:181][  0]Cmd: MAP LOAD FILE="../../../../../../Users/jcy/Documents/GitHub/UNNAMED/UNNAMED/Content/ThirdPersonBP/Maps/ThirdPersonExampleMap.umap" TEMPLATE=0 SHOWPROGRESS=1 FEATURELEVEL=3
[2016.10.30-17.37.02:182][  0]LightingResults: New page: Lighting Build
[2016.10.30-17.37.02:185][  0]MapCheck: New page: Map Check
[2016.10.30-17.37.02:185][  0]LightingResults: New page: Lighting Build
[2016.10.30-17.37.03:094][  0]LogAIModule: Creating AISystem for world ThirdPersonExampleMap
[2016.10.30-17.37.03:100][  0]LogEditorServer: Finished looking for orphan Actors (0.000 secs)
[2016.10.30-17.37.03:101][  0]Cmd: MAP CHECKDEP NOCLEARLOG
[2016.10.30-17.37.03:196][  0]MapCheck: Info Map check complete: 0 Error(s), 0 Warning(s), took 95.464ms to complete.
[2016.10.30-17.37.03:196][  0]LogFileHelpers: Loading map 'ThirdPersonExampleMap' took 1.015
[2016.10.30-17.37.03:346][  0]LogCollectionManager: Loaded 1 collections in 0.003278 seconds
[2016.10.30-17.37.03:393][  0]LogFileCache: Scanning file cache for directory 'C:/Users/jcy/Documents/GitHub/UNNAMED/UNNAMED/Saved/Collections/' took 0.01s
[2016.10.30-17.37.03:393][  0]LogFileCache: Scanning file cache for directory 'C:/Users/jcy/Documents/GitHub/UNNAMED/UNNAMED/Content/Developers/jcy/Collections/' took 0.01s
[2016.10.30-17.37.03:393][  0]LogFileCache: Scanning file cache for directory 'C:/Users/jcy/Documents/GitHub/UNNAMED/UNNAMED/Content/Collections/' took 0.01s
[2016.10.30-17.37.03:393][  0]LogCollectionManager: Rebuilt the GUID cache for 1 collections in 0.000006 seconds
[2016.10.30-17.37.03:393][  0]LogCollectionManager: Rebuilt the hierarchy cache for 1 collections in 0.000000 seconds
[2016.10.30-17.37.03:401][  0]LogContentBrowser: Native class hierarchy populated in 0.0079 seconds. Added 2047 classes and 369 folders.
[2016.10.30-17.37.03:405][  0]LogStats: UGameplayTagsManager::ConstructGameplayTagTree: Construct from data asset -  0.000 s
[2016.10.30-17.37.03:405][  0]LogStats: UGameplayTagsManager::ConstructGameplayTagTree: GameplayTagTreeChangedEvent.Broadcast -  0.000 s
[2016.10.30-17.37.03:405][  0]LogContentBrowser: Native class hierarchy updated for 'GameplayTags' in 0.0005 seconds. Added 12 classes and 0 folders.
[2016.10.30-17.37.03:412][  0]LogContentBrowser: Native class hierarchy updated for 'WidgetCarousel' in 0.0005 seconds. Added 0 classes and 0 folders.
[2016.10.30-17.37.03:473][  0]LogContentBrowser: Native class hierarchy updated for 'AddContentDialog' in 0.0004 seconds. Added 0 classes and 0 folders.
[2016.10.30-17.37.03:480][  0]LogContentBrowser: Native class hierarchy updated for 'SceneOutliner' in 0.0004 seconds. Added 1 classes and 2 folders.
[2016.10.30-17.37.03:544][  0]LogCrashTracker: Crashtracker disabled due to settings.
[2016.10.30-17.37.03:549][  0]LogUObjectGlobals:Warning: Failed to find object 'Class None.'
[2016.10.30-17.37.03:579][  0]LogContentBrowser: Native class hierarchy updated for 'HierarchicalLODOutliner' in 0.0004 seconds. Added 1 classes and 2 folders.
[2016.10.30-17.37.03:579][  0]LogLoad: Full Startup: 8.99 seconds (BP compile: 0.27 seconds)
[2016.10.30-17.37.03:579][  0]LogExternalProfiler: Found external profiler: VSPerf
[2016.10.30-17.37.03:579][  0]LogExternalProfiler: Using external profiler: VSPerf
[2016.10.30-17.37.03:615][  0]LogWindowsTextInputMethodSystem:Display: IME system now activated using TSF (Microsoft 입력기).
[2016.10.30-17.37.03:618][  0]LogOcInput: OculusInput pre-init called
[2016.10.30-17.37.03:639][  0]LogContentStreaming: Texture pool size now 1000 MB
[2016.10.30-17.37.03:794][  0]LogRenderer: Reallocating scene render targets to support 1144x576 (Frame:2).
[2016.10.30-17.37.03:981][  2]LogAssetRegistry: Asset discovery search completed in 4.1180 seconds
[2016.10.30-17.37.03:981][  2]LogCollectionManager: Rebuilt the object cache for 1 collections in 0.000006 seconds (found 0 objects)
[2016.10.30-17.37.03:981][  2]LogCollectionManager: Fixed up redirectors for 1 collections in 0.000024 seconds (updated 0 objects)
[2016.10.30-17.37.07:398][165]LogContentBrowser: Native class hierarchy updated for 'BlueprintGraph' in 0.0008 seconds. Added 111 classes and 0 folders.
[2016.10.30-17.37.41:516][765]BlueprintLog: New page: Compile observer
[2016.10.30-17.37.41:759][765]BlueprintEditorCompileResults: Info [0047.17] Compile of observer successful! [in 242 ms] (/Game/observer.observer)
[2016.10.30-17.37.42:242][785]LogBlueprintUserMessages: Early PlayInEditor Detection: Level '/Game/ThirdPersonBP/Maps/ThirdPersonExampleMap.ThirdPersonExampleMap:PersistentLevel' has LevelScriptBlueprint '/Game/ThirdPersonBP/Maps/ThirdPersonExampleMap.ThirdPersonExampleMap:PersistentLevel.ThirdPersonExampleMap' with GeneratedClass '/Game/ThirdPersonBP/Maps/ThirdPersonExampleMap.ThirdPersonExampleMap_C' with ClassGeneratedBy '/Game/ThirdPersonBP/Maps/ThirdPersonExampleMap.ThirdPersonExampleMap:PersistentLevel.ThirdPersonExampleMap'
[2016.10.30-17.37.42:242][785]LogPlayLevel: PlayLevel: No blueprints needed recompiling
[2016.10.30-17.37.42:250][785]PIE: New page: PIE session: ThirdPersonExampleMap (Oct 31, 2016, 11:37:42 AM)
[2016.10.30-17.37.42:250][785]LogPlayLevel: Creating play world package: /Game/ThirdPersonBP/Maps/UEDPIE_1_ThirdPersonExampleMap
[2016.10.30-17.37.42:254][785]LogPlayLevel: PIE: StaticDuplicateObject took: (0.004413s)
[2016.10.30-17.37.42:255][785]LogAIModule: Creating AISystem for world ThirdPersonExampleMap
[2016.10.30-17.37.42:255][785]LogPlayLevel: PIE: World Init took: (0.000637s)
[2016.10.30-17.37.42:255][785]LogPlayLevel: PIE: Created PIE world by copying editor world from /Game/ThirdPersonBP/Maps/ThirdPersonExampleMap.ThirdPersonExampleMap to /Game/ThirdPersonBP/Maps/UEDPIE_1_ThirdPersonExampleMap.ThirdPersonExampleMap (0.005319s)
[2016.10.30-17.37.42:281][785]LogInit: XAudio2 using '스피커(Realtek High Definition Audio)' : 2 channels at 48 kHz using 32 bits per sample (channel mask 0x3)
[2016.10.30-17.37.42:308][785]LogInit: FAudioDevice initialized.
[2016.10.30-17.37.42:392][785]LogWorld: Game class is 'ThirdPersonGameMode_C'
[2016.10.30-17.37.42:400][785]LogWorld: Bringing World /Game/ThirdPersonBP/Maps/UEDPIE_1_ThirdPersonExampleMap.ThirdPersonExampleMap up for play (max tick rate 60) at 2016.10.31-02.37.42
[2016.10.30-17.37.42:400][785]LogWorld: Bringing up level for play took: 0.004647
[2016.10.30-17.37.42:405][785]LogContentBrowser: Native class hierarchy updated for 'MovieSceneCapture' in 0.0005 seconds. Added 11 classes and 0 folders.
[2016.10.30-17.37.42:413][785]LogBlueprintUserMessages: [ThirdPersonGameMode_C_0] Server: 2
[2016.10.30-17.37.42:414][785]LogInit: WinSock: Socket queue 131072 / 131072
[2016.10.30-17.37.42:417][785]LogInit: WinSock: I am DESKTOP-5I3HB32 (192.168.0.3:0)
[2016.10.30-17.37.42:417][785]PacketHandlerLog: Loaded PacketHandler component: Engine.EngineHandlerComponentFactory (StatelessConnectHandlerComponent)
[2016.10.30-17.37.42:417][785]LogNet: GameNetDriver IpNetDriver_0 IpNetDriver listening on port 7777
[2016.10.30-17.37.42:657][785]PIE: Info Play in editor start time for /Game/ThirdPersonBP/Maps/UEDPIE_1_ThirdPersonExampleMap 1.299
[2016.10.30-17.37.42:663][785]PIE: New page: PIE session: ThirdPersonExampleMap (Oct 31, 2016, 11:37:42 AM)
[2016.10.30-17.37.42:730][785]LogNet: Browse: 127.0.0.1//Game/ThirdPersonBP/Maps/ThirdPersonExampleMap
[2016.10.30-17.37.42:731][785]LogInit: WinSock: Socket queue 32768 / 32768
[2016.10.30-17.37.42:731][785]PacketHandlerLog: Loaded PacketHandler component: Engine.EngineHandlerComponentFactory (StatelessConnectHandlerComponent)
[2016.10.30-17.37.42:731][785]LogNet: Game client on port 7777, rate 10000
[2016.10.30-17.37.42:731][785]LogNet: GetLocalNetworkVersion: GEngineNetVersion: 3039270, ProjectName: unnamed, ProjectVersion: 1.0.0.0, InternalProtocolVersion: 9, LocalNetworkVersion: 1745645396
[2016.10.30-17.37.42:959][785]PIE: Info Play in editor start time for /Game/ThirdPersonBP/Maps/ThirdPersonExampleMap 1.6
[2016.10.30-17.37.42:965][785]PIE: New page: PIE session: ThirdPersonExampleMap (Oct 31, 2016, 11:37:42 AM)
[2016.10.30-17.37.43:040][785]LogNet: Browse: 127.0.0.1//Game/ThirdPersonBP/Maps/ThirdPersonExampleMap
[2016.10.30-17.37.43:041][785]LogInit: WinSock: Socket queue 32768 / 32768
[2016.10.30-17.37.43:043][785]PacketHandlerLog: Loaded PacketHandler component: Engine.EngineHandlerComponentFactory (StatelessConnectHandlerComponent)
[2016.10.30-17.37.43:044][785]LogNet: Game client on port 7777, rate 10000
[2016.10.30-17.37.43:044][785]LogNet: GetLocalNetworkVersion: GEngineNetVersion: 3039270, ProjectName: unnamed, ProjectVersion: 1.0.0.0, InternalProtocolVersion: 9, LocalNetworkVersion: 1745645396
[2016.10.30-17.37.43:311][785]PIE: Info Play in editor start time for /Game/ThirdPersonBP/Maps/ThirdPersonExampleMap 1.953
[2016.10.30-17.37.43:317][785]PIE: New page: PIE session: ThirdPersonExampleMap (Oct 31, 2016, 11:37:43 AM)
[2016.10.30-17.37.43:388][785]LogNet: Browse: 127.0.0.1//Game/ThirdPersonBP/Maps/ThirdPersonExampleMap
[2016.10.30-17.37.43:389][785]LogInit: WinSock: Socket queue 32768 / 32768
[2016.10.30-17.37.43:390][785]PacketHandlerLog: Loaded PacketHandler component: Engine.EngineHandlerComponentFactory (StatelessConnectHandlerComponent)
[2016.10.30-17.37.43:390][785]LogNet: Game client on port 7777, rate 10000
[2016.10.30-17.37.43:391][785]LogNet: GetLocalNetworkVersion: GEngineNetVersion: 3039270, ProjectName: unnamed, ProjectVersion: 1.0.0.0, InternalProtocolVersion: 9, LocalNetworkVersion: 1745645396
[2016.10.30-17.37.43:648][785]PIE: Info Play in editor start time for /Game/ThirdPersonBP/Maps/ThirdPersonExampleMap 2.29
[2016.10.30-17.37.43:830][785]LogBlueprintUserMessages: Late PlayInEditor Detection: Level '/Game/ThirdPersonBP/Maps/ThirdPersonExampleMap.ThirdPersonExampleMap:PersistentLevel' has LevelScriptBlueprint '/Game/ThirdPersonBP/Maps/ThirdPersonExampleMap.ThirdPersonExampleMap:PersistentLevel.ThirdPersonExampleMap' with GeneratedClass '/Game/ThirdPersonBP/Maps/ThirdPersonExampleMap.ThirdPersonExampleMap_C' with ClassGeneratedBy '/Game/ThirdPersonBP/Maps/ThirdPersonExampleMap.ThirdPersonExampleMap:PersistentLevel.ThirdPersonExampleMap'
[2016.10.30-17.37.43:830][785]LogNet: NotifyAcceptingConnection: Server ThirdPersonExampleMap accept
[2016.10.30-17.37.43:830][785]LogHandshake: SendConnectChallenge. Timestamp: 0.018075, Cookie: 099230046057248108096039223055052158100179042066128037134133
[2016.10.30-17.37.43:831][785]LogNet: NotifyAcceptingConnection: Server ThirdPersonExampleMap accept
[2016.10.30-17.37.43:831][785]LogNet: NotifyAcceptingConnection: Server ThirdPersonExampleMap accept
[2016.10.30-17.37.43:831][785]LogHandshake: SendConnectChallenge. Timestamp: 0.018075, Cookie: 106003199148202141179075080227224133183100205073075195198243
[2016.10.30-17.37.43:831][785]LogNet: NotifyAcceptingConnection: Server ThirdPersonExampleMap accept
[2016.10.30-17.37.43:831][785]LogNet: NotifyAcceptingConnection: Server ThirdPersonExampleMap accept
[2016.10.30-17.37.43:831][785]LogHandshake: SendConnectChallenge. Timestamp: 0.018075, Cookie: 141041123159099203041241031125125008009099079196183128067186
[2016.10.30-17.37.43:831][785]LogNet: NotifyAcceptingConnection: Server ThirdPersonExampleMap accept
[2016.10.30-17.37.43:837][785]LogHandshake: SendChallengeResponse. Timestamp: 0.018075, Cookie: 099230046057248108096039223055052158100179042066128037134133
[2016.10.30-17.37.43:838][785]LogHandshake: SendChallengeResponse. Timestamp: 0.018075, Cookie: 106003199148202141179075080227224133183100205073075195198243
[2016.10.30-17.37.43:838][785]LogHandshake: SendChallengeResponse. Timestamp: 0.018075, Cookie: 141041123159099203041241031125125008009099079196183128067186
[2016.10.30-17.37.43:881][785]LogRenderer: Reallocating scene render targets to support 1292x756 (Frame:325).
[2016.10.30-17.37.44:036][786]LogNet: NotifyAcceptingConnection: Server ThirdPersonExampleMap accept
[2016.10.30-17.37.44:036][786]LogNet: Server accepting post-challenge connection from: 127.0.0.1:56681
[2016.10.30-17.37.44:036][786]PacketHandlerLog: Loaded PacketHandler component: Engine.EngineHandlerComponentFactory (StatelessConnectHandlerComponent)
[2016.10.30-17.37.44:036][786]LogNet: NotifyAcceptedConnection: Name: ThirdPersonExampleMap, TimeStamp: 10/31/16 02:37:44, [UNetConnection] RemoteAddr: 127.0.0.1:56681, Name: IpConnection_3, Driver: GameNetDriver IpNetDriver_0, IsServer: YES, PC: NULL, Owner: NULL
[2016.10.30-17.37.44:036][786]LogNet: AddClientConnection: Added client connection: [UNetConnection] RemoteAddr: 127.0.0.1:56681, Name: IpConnection_3, Driver: GameNetDriver IpNetDriver_0, IsServer: YES, PC: NULL, Owner: NULL
[2016.10.30-17.37.44:036][786]LogNet: NotifyAcceptingConnection: Server ThirdPersonExampleMap accept
[2016.10.30-17.37.44:036][786]LogNet: Server accepting post-challenge connection from: 127.0.0.1:56682
[2016.10.30-17.37.44:036][786]PacketHandlerLog: Loaded PacketHandler component: Engine.EngineHandlerComponentFactory (StatelessConnectHandlerComponent)
[2016.10.30-17.37.44:037][786]LogNet: NotifyAcceptedConnection: Name: ThirdPersonExampleMap, TimeStamp: 10/31/16 02:37:44, [UNetConnection] RemoteAddr: 127.0.0.1:56682, Name: IpConnection_4, Driver: GameNetDriver IpNetDriver_0, IsServer: YES, PC: NULL, Owner: NULL
[2016.10.30-17.37.44:037][786]LogNet: AddClientConnection: Added client connection: [UNetConnection] RemoteAddr: 127.0.0.1:56682, Name: IpConnection_4, Driver: GameNetDriver IpNetDriver_0, IsServer: YES, PC: NULL, Owner: NULL
[2016.10.30-17.37.44:037][786]LogNet: NotifyAcceptingConnection: Server ThirdPersonExampleMap accept
[2016.10.30-17.37.44:037][786]LogNet: Server accepting post-challenge connection from: 127.0.0.1:56683
[2016.10.30-17.37.44:037][786]PacketHandlerLog: Loaded PacketHandler component: Engine.EngineHandlerComponentFactory (StatelessConnectHandlerComponent)
[2016.10.30-17.37.44:037][786]LogNet: NotifyAcceptedConnection: Name: ThirdPersonExampleMap, TimeStamp: 10/31/16 02:37:44, [UNetConnection] RemoteAddr: 127.0.0.1:56683, Name: IpConnection_5, Driver: GameNetDriver IpNetDriver_0, IsServer: YES, PC: NULL, Owner: NULL
[2016.10.30-17.37.44:037][786]LogNet: AddClientConnection: Added client connection: [UNetConnection] RemoteAddr: 127.0.0.1:56683, Name: IpConnection_5, Driver: GameNetDriver IpNetDriver_0, IsServer: YES, PC: NULL, Owner: NULL
[2016.10.30-17.37.44:121][787]LogNet: NotifyAcceptingChannel Control 0 server World /Game/ThirdPersonBP/Maps/UEDPIE_1_ThirdPersonExampleMap.ThirdPersonExampleMap: Accepted
[2016.10.30-17.37.44:121][787]LogNet: Remote platform little endian=1
[2016.10.30-17.37.44:121][787]LogNet: This platform little endian=1
[2016.10.30-17.37.44:121][787]LogNet: GetLocalNetworkVersion: GEngineNetVersion: 3039270, ProjectName: unnamed, ProjectVersion: 1.0.0.0, InternalProtocolVersion: 9, LocalNetworkVersion: 1745645396
[2016.10.30-17.37.44:122][787]LogNet: NotifyAcceptingChannel Control 0 server World /Game/ThirdPersonBP/Maps/UEDPIE_1_ThirdPersonExampleMap.ThirdPersonExampleMap: Accepted
[2016.10.30-17.37.44:122][787]LogNet: Remote platform little endian=1
[2016.10.30-17.37.44:122][787]LogNet: This platform little endian=1
[2016.10.30-17.37.44:122][787]LogNet: GetLocalNetworkVersion: GEngineNetVersion: 3039270, ProjectName: unnamed, ProjectVersion: 1.0.0.0, InternalProtocolVersion: 9, LocalNetworkVersion: 1745645396
[2016.10.30-17.37.44:123][787]LogNet: NotifyAcceptingChannel Control 0 server World /Game/ThirdPersonBP/Maps/UEDPIE_1_ThirdPersonExampleMap.ThirdPersonExampleMap: Accepted
[2016.10.30-17.37.44:123][787]LogNet: Remote platform little endian=1
[2016.10.30-17.37.44:123][787]LogNet: This platform little endian=1
[2016.10.30-17.37.44:123][787]LogNet: GetLocalNetworkVersion: GEngineNetVersion: 3039270, ProjectName: unnamed, ProjectVersion: 1.0.0.0, InternalProtocolVersion: 9, LocalNetworkVersion: 1745645396
[2016.10.30-17.37.44:153][788]LogNet: Login request: /Game/ThirdPersonBP/Maps/ThirdPersonExampleMap userId: Invalid
[2016.10.30-17.37.44:154][788]LogNet: Login request: /Game/ThirdPersonBP/Maps/ThirdPersonExampleMap userId: Invalid
[2016.10.30-17.37.44:155][788]LogNet: Login request: /Game/ThirdPersonBP/Maps/ThirdPersonExampleMap userId: Invalid
[2016.10.30-17.37.44:159][788]LogNet: Welcomed by server (Level: /Game/ThirdPersonBP/Maps/UEDPIE_1_ThirdPersonExampleMap, Game: /Game/ThirdPersonBP/Blueprints/ThirdPersonGameMode.ThirdPersonGameMode_C)
[2016.10.30-17.37.44:173][788]LogLoad: LoadMap: 127.0.0.1//Game/ThirdPersonBP/Maps/UEDPIE_1_ThirdPersonExampleMap?game=/Game/ThirdPersonBP/Blueprints/ThirdPersonGameMode.ThirdPersonGameMode_C
[2016.10.30-17.37.44:201][788]Cmd: MEM
[2016.10.30-17.37.44:221][788]LogMemory: Platform Memory Stats for Windows
[2016.10.30-17.37.44:221][788]LogMemory: Process Physical Memory: 1093.57 MB used, 1093.57 MB peak
[2016.10.30-17.37.44:221][788]LogMemory: Process Virtual Memory: 2085.35 MB used, 2085.35 MB peak
[2016.10.30-17.37.44:221][788]LogMemory: Physical Memory: 4125.36 MB used, 8113.86 MB total
[2016.10.30-17.37.44:221][788]LogMemory: Virtual Memory: 2871.35 MB used, 134217728.00 MB total
[2016.10.30-17.37.44:221][788]LogMemory: 
[2016.10.30-17.37.44:221][788]Allocator Stats for TBB: (not implemented)
[2016.10.30-17.37.44:229][788]LogWorld: PIE: Copying PIE streaming level from /Game/ThirdPersonBP/Maps/ThirdPersonExampleMap.ThirdPersonExampleMap to /Game/ThirdPersonBP/Maps/UEDPIE_2_ThirdPersonExampleMap.ThirdPersonExampleMap. OwningWorld: None
[2016.10.30-17.37.44:230][788]LogAIModule: Creating AISystem for world ThirdPersonExampleMap
[2016.10.30-17.37.44:239][788]LogWorld: Bringing World /Game/ThirdPersonBP/Maps/UEDPIE_2_ThirdPersonExampleMap.ThirdPersonExampleMap up for play (max tick rate 60) at 2016.10.31-02.37.44
[2016.10.30-17.37.44:240][788]LogWorld: Bringing up level for play took: 0.008610
[2016.10.30-17.37.44:240][788]LogLoad: Took 0.066730 seconds to LoadMap(/Game/ThirdPersonBP/Maps/UEDPIE_1_ThirdPersonExampleMap)
[2016.10.30-17.37.44:241][788]LogNet: Welcomed by server (Level: /Game/ThirdPersonBP/Maps/UEDPIE_1_ThirdPersonExampleMap, Game: /Game/ThirdPersonBP/Blueprints/ThirdPersonGameMode.ThirdPersonGameMode_C)
[2016.10.30-17.37.44:260][788]LogLoad: LoadMap: 127.0.0.1//Game/ThirdPersonBP/Maps/UEDPIE_1_ThirdPersonExampleMap?game=/Game/ThirdPersonBP/Blueprints/ThirdPersonGameMode.ThirdPersonGameMode_C
[2016.10.30-17.37.44:279][788]Cmd: MEM
[2016.10.30-17.37.44:307][788]LogMemory: Platform Memory Stats for Windows
[2016.10.30-17.37.44:307][788]LogMemory: Process Physical Memory: 1103.24 MB used, 1103.25 MB peak
[2016.10.30-17.37.44:307][788]LogMemory: Process Virtual Memory: 2085.74 MB used, 2085.74 MB peak
[2016.10.30-17.37.44:307][788]LogMemory: Physical Memory: 4133.52 MB used, 8113.86 MB total
[2016.10.30-17.37.44:307][788]LogMemory: Virtual Memory: 2871.35 MB used, 134217728.00 MB total
[2016.10.30-17.37.44:307][788]LogMemory: 
[2016.10.30-17.37.44:307][788]Allocator Stats for TBB: (not implemented)
[2016.10.30-17.37.44:311][788]LogWorld: PIE: Copying PIE streaming level from /Game/ThirdPersonBP/Maps/ThirdPersonExampleMap.ThirdPersonExampleMap to /Game/ThirdPersonBP/Maps/UEDPIE_3_ThirdPersonExampleMap.ThirdPersonExampleMap. OwningWorld: None
[2016.10.30-17.37.44:311][788]LogAIModule: Creating AISystem for world ThirdPersonExampleMap
[2016.10.30-17.37.44:317][788]LogWorld: Bringing World /Game/ThirdPersonBP/Maps/UEDPIE_3_ThirdPersonExampleMap.ThirdPersonExampleMap up for play (max tick rate 60) at 2016.10.31-02.37.44
[2016.10.30-17.37.44:317][788]LogWorld: Bringing up level for play took: 0.005003
[2016.10.30-17.37.44:318][788]LogLoad: Took 0.057520 seconds to LoadMap(/Game/ThirdPersonBP/Maps/UEDPIE_1_ThirdPersonExampleMap)
[2016.10.30-17.37.44:318][788]LogNet: Welcomed by server (Level: /Game/ThirdPersonBP/Maps/UEDPIE_1_ThirdPersonExampleMap, Game: /Game/ThirdPersonBP/Blueprints/ThirdPersonGameMode.ThirdPersonGameMode_C)
[2016.10.30-17.37.44:360][788]LogLoad: LoadMap: 127.0.0.1//Game/ThirdPersonBP/Maps/UEDPIE_1_ThirdPersonExampleMap?game=/Game/ThirdPersonBP/Blueprints/ThirdPersonGameMode.ThirdPersonGameMode_C
[2016.10.30-17.37.44:389][788]Cmd: MEM
[2016.10.30-17.37.44:409][788]LogMemory: Platform Memory Stats for Windows
[2016.10.30-17.37.44:410][788]LogMemory: Process Physical Memory: 1128.02 MB used, 1128.03 MB peak
[2016.10.30-17.37.44:410][788]LogMemory: Process Virtual Memory: 2086.27 MB used, 2086.27 MB peak
[2016.10.30-17.37.44:410][788]LogMemory: Physical Memory: 4157.52 MB used, 8113.86 MB total
[2016.10.30-17.37.44:410][788]LogMemory: Virtual Memory: 2871.35 MB used, 134217728.00 MB total
[2016.10.30-17.37.44:410][788]LogMemory: 
[2016.10.30-17.37.44:410][788]Allocator Stats for TBB: (not implemented)
[2016.10.30-17.37.44:413][788]LogWorld: PIE: Copying PIE streaming level from /Game/ThirdPersonBP/Maps/ThirdPersonExampleMap.ThirdPersonExampleMap to /Game/ThirdPersonBP/Maps/UEDPIE_4_ThirdPersonExampleMap.ThirdPersonExampleMap. OwningWorld: None
[2016.10.30-17.37.44:414][788]LogAIModule: Creating AISystem for world ThirdPersonExampleMap
[2016.10.30-17.37.44:419][788]LogWorld: Bringing World /Game/ThirdPersonBP/Maps/UEDPIE_4_ThirdPersonExampleMap.ThirdPersonExampleMap up for play (max tick rate 60) at 2016.10.31-02.37.44
[2016.10.30-17.37.44:421][788]LogWorld: Bringing up level for play took: 0.005823
[2016.10.30-17.37.44:423][788]LogLoad: Took 0.063170 seconds to LoadMap(/Game/ThirdPersonBP/Maps/UEDPIE_1_ThirdPersonExampleMap)
[2016.10.30-17.37.44:451][789]LogNet: Client netspeed is 10000
[2016.10.30-17.37.44:451][789]LogNet: Join request: /Game/ThirdPersonBP/Maps/ThirdPersonExampleMap?SplitscreenCount=1
[2016.10.30-17.37.44:459][789]LogBlueprintUserMessages: [ThirdPersonGameMode_C_0] Server: 3
[2016.10.30-17.37.44:459][789]LogNet: Join succeeded: 257
[2016.10.30-17.37.44:459][789]LogNet: Client netspeed is 10000
[2016.10.30-17.37.44:459][789]LogNet: Join request: /Game/ThirdPersonBP/Maps/ThirdPersonExampleMap?SplitscreenCount=1
[2016.10.30-17.37.44:462][789]LogNet: Join succeeded: 258
[2016.10.30-17.37.44:462][789]LogNet: Client netspeed is 10000
[2016.10.30-17.37.44:462][789]LogNet: Join request: /Game/ThirdPersonBP/Maps/ThirdPersonExampleMap?SplitscreenCount=1
[2016.10.30-17.37.44:465][789]LogNet: Join succeeded: 259
[2016.10.30-17.37.46:689][825]LogBlueprintUserMessages: [observer_C_0] Client 3: -1
[2016.10.30-17.38.41:385][ 34]LogBlueprintUserMessages: Early EndPlayMap Detection: Level '/Game/ThirdPersonBP/Maps/ThirdPersonExampleMap.ThirdPersonExampleMap:PersistentLevel' has LevelScriptBlueprint '/Game/ThirdPersonBP/Maps/ThirdPersonExampleMap.ThirdPersonExampleMap:PersistentLevel.ThirdPersonExampleMap' with GeneratedClass '/Game/ThirdPersonBP/Maps/ThirdPersonExampleMap.ThirdPersonExampleMap_C' with ClassGeneratedBy '/Game/ThirdPersonBP/Maps/ThirdPersonExampleMap.ThirdPersonExampleMap:PersistentLevel.ThirdPersonExampleMap'
[2016.10.30-17.38.41:609][ 34]LogBlueprintUserMessages: Late EndPlayMap Detection: Level '/Game/ThirdPersonBP/Maps/ThirdPersonExampleMap.ThirdPersonExampleMap:PersistentLevel' has LevelScriptBlueprint '/Game/ThirdPersonBP/Maps/ThirdPersonExampleMap.ThirdPersonExampleMap:PersistentLevel.ThirdPersonExampleMap' with GeneratedClass '/Game/ThirdPersonBP/Maps/ThirdPersonExampleMap.ThirdPersonExampleMap_C' with ClassGeneratedBy '/Game/ThirdPersonBP/Maps/ThirdPersonExampleMap.ThirdPersonExampleMap:PersistentLevel.ThirdPersonExampleMap'
[2016.10.30-17.38.41:646][ 34]LogNet: UChannel::CleanUp: ChIndex == 0. Closing connection. [UChannel] ChIndex: 0, Closing: 0 [UNetConnection] RemoteAddr: 127.0.0.1:56683, Name: IpConnection_5, Driver: GameNetDriver None, IsServer: YES, PC: None, Owner: None
[2016.10.30-17.38.41:646][ 34]LogNet: UNetConnection::Close: [UNetConnection] RemoteAddr: 127.0.0.1:56683, Name: IpConnection_5, Driver: GameNetDriver None, IsServer: YES, PC: None, Owner: None, Channels: 2, Time: 2016.10.30-17.38.41
[2016.10.30-17.38.41:646][ 34]LogNet: UChannel::Close: Sending CloseBunch. ChIndex == 0. Name: [UChannel] ChIndex: 0, Closing: 0 [UNetConnection] RemoteAddr: 127.0.0.1:56683, Name: IpConnection_5, Driver: GameNetDriver None, IsServer: YES, PC: None, Owner: None
[2016.10.30-17.38.41:646][ 34]LogNet: UChannel::CleanUp: ChIndex == 0. Closing connection. [UChannel] ChIndex: 0, Closing: 0 [UNetConnection] RemoteAddr: 127.0.0.1:56682, Name: IpConnection_4, Driver: GameNetDriver None, IsServer: YES, PC: None, Owner: None
[2016.10.30-17.38.41:646][ 34]LogNet: UNetConnection::Close: [UNetConnection] RemoteAddr: 127.0.0.1:56682, Name: IpConnection_4, Driver: GameNetDriver None, IsServer: YES, PC: None, Owner: None, Channels: 2, Time: 2016.10.30-17.38.41
[2016.10.30-17.38.41:646][ 34]LogNet: UChannel::Close: Sending CloseBunch. ChIndex == 0. Name: [UChannel] ChIndex: 0, Closing: 0 [UNetConnection] RemoteAddr: 127.0.0.1:56682, Name: IpConnection_4, Driver: GameNetDriver None, IsServer: YES, PC: None, Owner: None
[2016.10.30-17.38.41:646][ 34]LogNet: UChannel::CleanUp: ChIndex == 0. Closing connection. [UChannel] ChIndex: 0, Closing: 0 [UNetConnection] RemoteAddr: 127.0.0.1:56681, Name: IpConnection_3, Driver: GameNetDriver None, IsServer: YES, PC: None, Owner: None
[2016.10.30-17.38.41:646][ 34]LogNet: UNetConnection::Close: [UNetConnection] RemoteAddr: 127.0.0.1:56681, Name: IpConnection_3, Driver: GameNetDriver None, IsServer: YES, PC: None, Owner: None, Channels: 2, Time: 2016.10.30-17.38.41
[2016.10.30-17.38.41:646][ 34]LogNet: UChannel::Close: Sending CloseBunch. ChIndex == 0. Name: [UChannel] ChIndex: 0, Closing: 0 [UNetConnection] RemoteAddr: 127.0.0.1:56681, Name: IpConnection_3, Driver: GameNetDriver None, IsServer: YES, PC: None, Owner: None
[2016.10.30-17.38.41:647][ 34]LogNet: UChannel::CleanUp: ChIndex == 0. Closing connection. [UChannel] ChIndex: 0, Closing: 0 [UNetConnection] RemoteAddr: 127.0.0.1:7777, Name: IpConnection_2, Driver: GameNetDriver IpNetDriver_3, IsServer: NO, PC: None, Owner: None
[2016.10.30-17.38.41:647][ 34]LogNet: UNetConnection::Close: [UNetConnection] RemoteAddr: 127.0.0.1:7777, Name: IpConnection_2, Driver: GameNetDriver IpNetDriver_3, IsServer: NO, PC: None, Owner: None, Channels: 2, Time: 2016.10.30-17.38.41
[2016.10.30-17.38.41:647][ 34]LogNet: UChannel::Close: Sending CloseBunch. ChIndex == 0. Name: [UChannel] ChIndex: 0, Closing: 0 [UNetConnection] RemoteAddr: 127.0.0.1:7777, Name: IpConnection_2, Driver: GameNetDriver IpNetDriver_3, IsServer: NO, PC: None, Owner: None
[2016.10.30-17.38.41:647][ 34]LogNet: UChannel::CleanUp: ChIndex == 0. Closing connection. [UChannel] ChIndex: 0, Closing: 0 [UNetConnection] RemoteAddr: 127.0.0.1:7777, Name: IpConnection_1, Driver: GameNetDriver IpNetDriver_2, IsServer: NO, PC: None, Owner: None
[2016.10.30-17.38.41:647][ 34]LogNet: UNetConnection::Close: [UNetConnection] RemoteAddr: 127.0.0.1:7777, Name: IpConnection_1, Driver: GameNetDriver IpNetDriver_2, IsServer: NO, PC: None, Owner: None, Channels: 2, Time: 2016.10.30-17.38.41
[2016.10.30-17.38.41:647][ 34]LogNet: UChannel::Close: Sending CloseBunch. ChIndex == 0. Name: [UChannel] ChIndex: 0, Closing: 0 [UNetConnection] RemoteAddr: 127.0.0.1:7777, Name: IpConnection_1, Driver: GameNetDriver IpNetDriver_2, IsServer: NO, PC: None, Owner: None
[2016.10.30-17.38.41:647][ 34]LogNet: UChannel::CleanUp: ChIndex == 0. Closing connection. [UChannel] ChIndex: 0, Closing: 0 [UNetConnection] RemoteAddr: 127.0.0.1:7777, Name: IpConnection_0, Driver: GameNetDriver IpNetDriver_1, IsServer: NO, PC: None, Owner: None
[2016.10.30-17.38.41:647][ 34]LogNet: UNetConnection::Close: [UNetConnection] RemoteAddr: 127.0.0.1:7777, Name: IpConnection_0, Driver: GameNetDriver IpNetDriver_1, IsServer: NO, PC: None, Owner: None, Channels: 2, Time: 2016.10.30-17.38.41
[2016.10.30-17.38.41:647][ 34]LogNet: UChannel::Close: Sending CloseBunch. ChIndex == 0. Name: [UChannel] ChIndex: 0, Closing: 0 [UNetConnection] RemoteAddr: 127.0.0.1:7777, Name: IpConnection_0, Driver: GameNetDriver IpNetDriver_1, IsServer: NO, PC: None, Owner: None
[2016.10.30-17.38.41:651][ 34]LogExit: GameNetDriver None shut down
[2016.10.30-17.38.41:653][ 34]LogExit: GameNetDriver None shut down
[2016.10.30-17.38.41:653][ 34]LogExit: GameNetDriver None shut down
[2016.10.30-17.38.41:656][ 34]LogExit: GameNetDriver None shut down
[2016.10.30-17.38.54:844][633]LogBlueprintUserMessages: Early PlayInEditor Detection: Level '/Game/ThirdPersonBP/Maps/ThirdPersonExampleMap.ThirdPersonExampleMap:PersistentLevel' has LevelScriptBlueprint '/Game/ThirdPersonBP/Maps/ThirdPersonExampleMap.ThirdPersonExampleMap:PersistentLevel.ThirdPersonExampleMap' with GeneratedClass '/Game/ThirdPersonBP/Maps/ThirdPersonExampleMap.ThirdPersonExampleMap_C' with ClassGeneratedBy '/Game/ThirdPersonBP/Maps/ThirdPersonExampleMap.ThirdPersonExampleMap:PersistentLevel.ThirdPersonExampleMap'
[2016.10.30-17.38.54:845][633]BlueprintLog: New page: Pre-Play auto-recompile
[2016.10.30-17.38.54:866][633]LogPlayLevel: [PlayLevel] Compiling observer before play...
[2016.10.30-17.38.55:025][633]LogPlayLevel: PlayLevel: Blueprint regeneration took 180 ms (2 blueprints)
[2016.10.30-17.38.55:029][633]LogPlayLevel: [PlayLevel] Compiling ThirdPersonGameMode before play...
[2016.10.30-17.38.55:182][633]LogPlayLevel: PlayLevel: Blueprint regeneration took 337 ms (3 blueprints)
[2016.10.30-17.38.55:183][633]LogPlayLevel: [PlayLevel] Compiling playercon before play...
[2016.10.30-17.38.55:348][633]LogPlayLevel: PlayLevel: Blueprint regeneration took 503 ms (5 blueprints)
[2016.10.30-17.38.55:348][633]LogPlayLevel: [PlayLevel] Compiling ChattingTXT before play...
[2016.10.30-17.38.55:443][633]LogPlayLevel: PlayLevel: Blueprint regeneration took 598 ms (5 blueprints)
[2016.10.30-17.38.55:445][633]LogPlayLevel: [PlayLevel] Compiling PHUD before play...
[2016.10.30-17.38.55:556][633]LogPlayLevel: PlayLevel: Blueprint regeneration took 711 ms (5 blueprints)
[2016.10.30-17.38.55:594][633]PIE: New page: PIE session: ThirdPersonExampleMap (Oct 31, 2016, 11:38:55 AM)
[2016.10.30-17.38.55:594][633]LogPlayLevel: Creating play world package: /Game/ThirdPersonBP/Maps/UEDPIE_1_ThirdPersonExampleMap
[2016.10.30-17.38.55:598][633]LogPlayLevel: PIE: StaticDuplicateObject took: (0.003705s)
[2016.10.30-17.38.55:598][633]LogAIModule: Creating AISystem for world ThirdPersonExampleMap
[2016.10.30-17.38.55:598][633]LogPlayLevel: PIE: World Init took: (0.000658s)
[2016.10.30-17.38.55:598][633]LogPlayLevel: PIE: Created PIE world by copying editor world from /Game/ThirdPersonBP/Maps/ThirdPersonExampleMap.ThirdPersonExampleMap to /Game/ThirdPersonBP/Maps/UEDPIE_1_ThirdPersonExampleMap.ThirdPersonExampleMap (0.004585s)
[2016.10.30-17.38.55:621][633]LogInit: XAudio2 using '스피커(Realtek High Definition Audio)' : 2 channels at 48 kHz using 32 bits per sample (channel mask 0x3)
[2016.10.30-17.38.55:650][633]LogInit: FAudioDevice initialized.
[2016.10.30-17.38.55:711][633]LogWorld: Game class is 'ThirdPersonGameMode_C'
[2016.10.30-17.38.55:720][633]LogWorld: Bringing World /Game/ThirdPersonBP/Maps/UEDPIE_1_ThirdPersonExampleMap.ThirdPersonExampleMap up for play (max tick rate 60) at 2016.10.31-02.38.55
[2016.10.30-17.38.55:721][633]LogWorld: Bringing up level for play took: 0.006350
[2016.10.30-17.38.55:723][633]LogBlueprintUserMessages: [ThirdPersonGameMode_C_0] Server: 2
[2016.10.30-17.38.55:723][633]LogInit: WinSock: Socket queue 131072 / 131072
[2016.10.30-17.38.55:724][633]PacketHandlerLog: Loaded PacketHandler component: Engine.EngineHandlerComponentFactory (StatelessConnectHandlerComponent)
[2016.10.30-17.38.55:724][633]LogNet: GameNetDriver IpNetDriver_4 IpNetDriver listening on port 7777
[2016.10.30-17.38.55:885][633]PIE: Info Play in editor start time for /Game/ThirdPersonBP/Maps/UEDPIE_1_ThirdPersonExampleMap 0.527
[2016.10.30-17.38.55:891][633]PIE: New page: PIE session: ThirdPersonExampleMap (Oct 31, 2016, 11:38:55 AM)
[2016.10.30-17.38.55:961][633]LogNet: Browse: 127.0.0.1//Game/ThirdPersonBP/Maps/ThirdPersonExampleMap
[2016.10.30-17.38.55:962][633]LogInit: WinSock: Socket queue 32768 / 32768
[2016.10.30-17.38.55:964][633]PacketHandlerLog: Loaded PacketHandler component: Engine.EngineHandlerComponentFactory (StatelessConnectHandlerComponent)
[2016.10.30-17.38.55:964][633]LogNet: Game client on port 7777, rate 10000
[2016.10.30-17.38.55:965][633]LogNet: GetLocalNetworkVersion: GEngineNetVersion: 3039270, ProjectName: unnamed, ProjectVersion: 1.0.0.0, InternalProtocolVersion: 9, LocalNetworkVersion: 1745645396
[2016.10.30-17.38.56:114][633]PIE: Info Play in editor start time for /Game/ThirdPersonBP/Maps/ThirdPersonExampleMap 0.755
[2016.10.30-17.38.56:121][633]PIE: New page: PIE session: ThirdPersonExampleMap (Oct 31, 2016, 11:38:56 AM)
[2016.10.30-17.38.56:191][633]LogNet: Browse: 127.0.0.1//Game/ThirdPersonBP/Maps/ThirdPersonExampleMap
[2016.10.30-17.38.56:191][633]LogInit: WinSock: Socket queue 32768 / 32768
[2016.10.30-17.38.56:192][633]PacketHandlerLog: Loaded PacketHandler component: Engine.EngineHandlerComponentFactory (StatelessConnectHandlerComponent)
[2016.10.30-17.38.56:192][633]LogNet: Game client on port 7777, rate 10000
[2016.10.30-17.38.56:192][633]LogNet: GetLocalNetworkVersion: GEngineNetVersion: 3039270, ProjectName: unnamed, ProjectVersion: 1.0.0.0, InternalProtocolVersion: 9, LocalNetworkVersion: 1745645396
[2016.10.30-17.38.56:346][633]PIE: Info Play in editor start time for /Game/ThirdPersonBP/Maps/ThirdPersonExampleMap 0.987
[2016.10.30-17.38.56:353][633]PIE: New page: PIE session: ThirdPersonExampleMap (Oct 31, 2016, 11:38:56 AM)
[2016.10.30-17.38.56:425][633]LogNet: Browse: 127.0.0.1//Game/ThirdPersonBP/Maps/ThirdPersonExampleMap
[2016.10.30-17.38.56:425][633]LogInit: WinSock: Socket queue 32768 / 32768
[2016.10.30-17.38.56:426][633]PacketHandlerLog: Loaded PacketHandler component: Engine.EngineHandlerComponentFactory (StatelessConnectHandlerComponent)
[2016.10.30-17.38.56:426][633]LogNet: Game client on port 7777, rate 10000
[2016.10.30-17.38.56:427][633]LogNet: GetLocalNetworkVersion: GEngineNetVersion: 3039270, ProjectName: unnamed, ProjectVersion: 1.0.0.0, InternalProtocolVersion: 9, LocalNetworkVersion: 1745645396
[2016.10.30-17.38.56:598][633]PIE: Info Play in editor start time for /Game/ThirdPersonBP/Maps/ThirdPersonExampleMap 1.239
[2016.10.30-17.38.56:727][633]LogBlueprintUserMessages: Late PlayInEditor Detection: Level '/Game/ThirdPersonBP/Maps/ThirdPersonExampleMap.ThirdPersonExampleMap:PersistentLevel' has LevelScriptBlueprint '/Game/ThirdPersonBP/Maps/ThirdPersonExampleMap.ThirdPersonExampleMap:PersistentLevel.ThirdPersonExampleMap' with GeneratedClass '/Game/ThirdPersonBP/Maps/ThirdPersonExampleMap.ThirdPersonExampleMap_C' with ClassGeneratedBy '/Game/ThirdPersonBP/Maps/ThirdPersonExampleMap.ThirdPersonExampleMap:PersistentLevel.ThirdPersonExampleMap'
[2016.10.30-17.38.56:727][633]LogNet: NotifyAcceptingConnection: Server ThirdPersonExampleMap accept
[2016.10.30-17.38.56:727][633]LogHandshake: SendConnectChallenge. Timestamp: 0.025373, Cookie: 105125083118134255032138053236122134164179178242239091224129
[2016.10.30-17.38.56:728][633]LogNet: NotifyAcceptingConnection: Server ThirdPersonExampleMap accept
[2016.10.30-17.38.56:728][633]LogNet: NotifyAcceptingConnection: Server ThirdPersonExampleMap accept
[2016.10.30-17.38.56:728][633]LogHandshake: SendConnectChallenge. Timestamp: 0.025373, Cookie: 127074113020081121040160004062063058213102107244112214179219
[2016.10.30-17.38.56:728][633]LogNet: NotifyAcceptingConnection: Server ThirdPersonExampleMap accept
[2016.10.30-17.38.56:728][633]LogNet: NotifyAcceptingConnection: Server ThirdPersonExampleMap accept
[2016.10.30-17.38.56:728][633]LogHandshake: SendConnectChallenge. Timestamp: 0.025373, Cookie: 039031214077021234006233114013219015149164155052203130022250
[2016.10.30-17.38.56:728][633]LogNet: NotifyAcceptingConnection: Server ThirdPersonExampleMap accept
[2016.10.30-17.38.56:729][633]LogHandshake: SendChallengeResponse. Timestamp: 0.025373, Cookie: 105125083118134255032138053236122134164179178242239091224129
[2016.10.30-17.38.56:730][633]LogHandshake: SendChallengeResponse. Timestamp: 0.025373, Cookie: 127074113020081121040160004062063058213102107244112214179219
[2016.10.30-17.38.56:731][633]LogHandshake: SendChallengeResponse. Timestamp: 0.025373, Cookie: 039031214077021234006233114013219015149164155052203130022250
[2016.10.30-17.38.57:038][634]LogNet: NotifyAcceptingConnection: Server ThirdPersonExampleMap accept
[2016.10.30-17.38.57:039][634]LogNet: Server accepting post-challenge connection from: 127.0.0.1:64058
[2016.10.30-17.38.57:039][634]PacketHandlerLog: Loaded PacketHandler component: Engine.EngineHandlerComponentFactory (StatelessConnectHandlerComponent)
[2016.10.30-17.38.57:039][634]LogNet: NotifyAcceptedConnection: Name: ThirdPersonExampleMap, TimeStamp: 10/31/16 02:38:57, [UNetConnection] RemoteAddr: 127.0.0.1:64058, Name: IpConnection_9, Driver: GameNetDriver IpNetDriver_4, IsServer: YES, PC: NULL, Owner: NULL
[2016.10.30-17.38.57:039][634]LogNet: AddClientConnection: Added client connection: [UNetConnection] RemoteAddr: 127.0.0.1:64058, Name: IpConnection_9, Driver: GameNetDriver IpNetDriver_4, IsServer: YES, PC: NULL, Owner: NULL
[2016.10.30-17.38.57:039][634]LogNet: NotifyAcceptingConnection: Server ThirdPersonExampleMap accept
[2016.10.30-17.38.57:039][634]LogNet: Server accepting post-challenge connection from: 127.0.0.1:64059
[2016.10.30-17.38.57:039][634]PacketHandlerLog: Loaded PacketHandler component: Engine.EngineHandlerComponentFactory (StatelessConnectHandlerComponent)
[2016.10.30-17.38.57:039][634]LogNet: NotifyAcceptedConnection: Name: ThirdPersonExampleMap, TimeStamp: 10/31/16 02:38:57, [UNetConnection] RemoteAddr: 127.0.0.1:64059, Name: IpConnection_10, Driver: GameNetDriver IpNetDriver_4, IsServer: YES, PC: NULL, Owner: NULL
[2016.10.30-17.38.57:039][634]LogNet: AddClientConnection: Added client connection: [UNetConnection] RemoteAddr: 127.0.0.1:64059, Name: IpConnection_10, Driver: GameNetDriver IpNetDriver_4, IsServer: YES, PC: NULL, Owner: NULL
[2016.10.30-17.38.57:039][634]LogNet: NotifyAcceptingConnection: Server ThirdPersonExampleMap accept
[2016.10.30-17.38.57:039][634]LogNet: Server accepting post-challenge connection from: 127.0.0.1:64060
[2016.10.30-17.38.57:039][634]PacketHandlerLog: Loaded PacketHandler component: Engine.EngineHandlerComponentFactory (StatelessConnectHandlerComponent)
[2016.10.30-17.38.57:039][634]LogNet: NotifyAcceptedConnection: Name: ThirdPersonExampleMap, TimeStamp: 10/31/16 02:38:57, [UNetConnection] RemoteAddr: 127.0.0.1:64060, Name: IpConnection_11, Driver: GameNetDriver IpNetDriver_4, IsServer: YES, PC: NULL, Owner: NULL
[2016.10.30-17.38.57:039][634]LogNet: AddClientConnection: Added client connection: [UNetConnection] RemoteAddr: 127.0.0.1:64060, Name: IpConnection_11, Driver: GameNetDriver IpNetDriver_4, IsServer: YES, PC: NULL, Owner: NULL
[2016.10.30-17.38.57:078][635]LogNet: NotifyAcceptingChannel Control 0 server World /Game/ThirdPersonBP/Maps/UEDPIE_1_ThirdPersonExampleMap.ThirdPersonExampleMap: Accepted
[2016.10.30-17.38.57:078][635]LogNet: Remote platform little endian=1
[2016.10.30-17.38.57:078][635]LogNet: This platform little endian=1
[2016.10.30-17.38.57:079][635]LogNet: GetLocalNetworkVersion: GEngineNetVersion: 3039270, ProjectName: unnamed, ProjectVersion: 1.0.0.0, InternalProtocolVersion: 9, LocalNetworkVersion: 1745645396
[2016.10.30-17.38.57:079][635]LogNet: NotifyAcceptingChannel Control 0 server World /Game/ThirdPersonBP/Maps/UEDPIE_1_ThirdPersonExampleMap.ThirdPersonExampleMap: Accepted
[2016.10.30-17.38.57:079][635]LogNet: Remote platform little endian=1
[2016.10.30-17.38.57:079][635]LogNet: This platform little endian=1
[2016.10.30-17.38.57:079][635]LogNet: GetLocalNetworkVersion: GEngineNetVersion: 3039270, ProjectName: unnamed, ProjectVersion: 1.0.0.0, InternalProtocolVersion: 9, LocalNetworkVersion: 1745645396
[2016.10.30-17.38.57:079][635]LogNet: NotifyAcceptingChannel Control 0 server World /Game/ThirdPersonBP/Maps/UEDPIE_1_ThirdPersonExampleMap.ThirdPersonExampleMap: Accepted
[2016.10.30-17.38.57:079][635]LogNet: Remote platform little endian=1
[2016.10.30-17.38.57:079][635]LogNet: This platform little endian=1
[2016.10.30-17.38.57:079][635]LogNet: GetLocalNetworkVersion: GEngineNetVersion: 3039270, ProjectName: unnamed, ProjectVersion: 1.0.0.0, InternalProtocolVersion: 9, LocalNetworkVersion: 1745645396
[2016.10.30-17.38.57:135][636]LogNet: Login request: /Game/ThirdPersonBP/Maps/ThirdPersonExampleMap userId: Invalid
[2016.10.30-17.38.57:135][636]LogNet: Login request: /Game/ThirdPersonBP/Maps/ThirdPersonExampleMap userId: Invalid
[2016.10.30-17.38.57:135][636]LogNet: Login request: /Game/ThirdPersonBP/Maps/ThirdPersonExampleMap userId: Invalid
[2016.10.30-17.38.57:136][636]LogNet: Welcomed by server (Level: /Game/ThirdPersonBP/Maps/UEDPIE_1_ThirdPersonExampleMap, Game: /Game/ThirdPersonBP/Blueprints/ThirdPersonGameMode.ThirdPersonGameMode_C)
[2016.10.30-17.38.57:152][636]LogLoad: LoadMap: 127.0.0.1//Game/ThirdPersonBP/Maps/UEDPIE_1_ThirdPersonExampleMap?game=/Game/ThirdPersonBP/Blueprints/ThirdPersonGameMode.ThirdPersonGameMode_C
[2016.10.30-17.38.57:185][636]Cmd: MEM
[2016.10.30-17.38.57:205][636]LogMemory: Platform Memory Stats for Windows
[2016.10.30-17.38.57:205][636]LogMemory: Process Physical Memory: 1146.94 MB used, 1214.42 MB peak
[2016.10.30-17.38.57:205][636]LogMemory: Process Virtual Memory: 2048.25 MB used, 2105.41 MB peak
[2016.10.30-17.38.57:205][636]LogMemory: Physical Memory: 4088.01 MB used, 8113.86 MB total
[2016.10.30-17.38.57:205][636]LogMemory: Virtual Memory: 2872.02 MB used, 134217728.00 MB total
[2016.10.30-17.38.57:205][636]LogMemory: 
[2016.10.30-17.38.57:205][636]Allocator Stats for TBB: (not implemented)
[2016.10.30-17.38.57:212][636]LogWorld: PIE: Copying PIE streaming level from /Game/ThirdPersonBP/Maps/ThirdPersonExampleMap.ThirdPersonExampleMap to /Game/ThirdPersonBP/Maps/UEDPIE_2_ThirdPersonExampleMap.ThirdPersonExampleMap. OwningWorld: None
[2016.10.30-17.38.57:214][636]LogAIModule: Creating AISystem for world ThirdPersonExampleMap
[2016.10.30-17.38.57:222][636]LogWorld: Bringing World /Game/ThirdPersonBP/Maps/UEDPIE_2_ThirdPersonExampleMap.ThirdPersonExampleMap up for play (max tick rate 60) at 2016.10.31-02.38.57
[2016.10.30-17.38.57:222][636]LogWorld: Bringing up level for play took: 0.005828
[2016.10.30-17.38.57:223][636]LogLoad: Took 0.071003 seconds to LoadMap(/Game/ThirdPersonBP/Maps/UEDPIE_1_ThirdPersonExampleMap)
[2016.10.30-17.38.57:223][636]LogNet: Welcomed by server (Level: /Game/ThirdPersonBP/Maps/UEDPIE_1_ThirdPersonExampleMap, Game: /Game/ThirdPersonBP/Blueprints/ThirdPersonGameMode.ThirdPersonGameMode_C)
[2016.10.30-17.38.57:246][636]LogLoad: LoadMap: 127.0.0.1//Game/ThirdPersonBP/Maps/UEDPIE_1_ThirdPersonExampleMap?game=/Game/ThirdPersonBP/Blueprints/ThirdPersonGameMode.ThirdPersonGameMode_C
[2016.10.30-17.38.57:267][636]Cmd: MEM
[2016.10.30-17.38.57:290][636]LogMemory: Platform Memory Stats for Windows
[2016.10.30-17.38.57:290][636]LogMemory: Process Physical Memory: 1167.89 MB used, 1214.42 MB peak
[2016.10.30-17.38.57:290][636]LogMemory: Process Virtual Memory: 2100.48 MB used, 2105.41 MB peak
[2016.10.30-17.38.57:290][636]LogMemory: Physical Memory: 4104.00 MB used, 8113.86 MB total
[2016.10.30-17.38.57:290][636]LogMemory: Virtual Memory: 2912.02 MB used, 134217728.00 MB total
[2016.10.30-17.38.57:290][636]LogMemory: 
[2016.10.30-17.38.57:290][636]Allocator Stats for TBB: (not implemented)
[2016.10.30-17.38.57:295][636]LogWorld: PIE: Copying PIE streaming level from /Game/ThirdPersonBP/Maps/ThirdPersonExampleMap.ThirdPersonExampleMap to /Game/ThirdPersonBP/Maps/UEDPIE_3_ThirdPersonExampleMap.ThirdPersonExampleMap. OwningWorld: None
[2016.10.30-17.38.57:295][636]LogAIModule: Creating AISystem for world ThirdPersonExampleMap
[2016.10.30-17.38.57:302][636]LogWorld: Bringing World /Game/ThirdPersonBP/Maps/UEDPIE_3_ThirdPersonExampleMap.ThirdPersonExampleMap up for play (max tick rate 60) at 2016.10.31-02.38.57
[2016.10.30-17.38.57:302][636]LogWorld: Bringing up level for play took: 0.005606
[2016.10.30-17.38.57:303][636]LogLoad: Took 0.056458 seconds to LoadMap(/Game/ThirdPersonBP/Maps/UEDPIE_1_ThirdPersonExampleMap)
[2016.10.30-17.38.57:303][636]LogNet: Welcomed by server (Level: /Game/ThirdPersonBP/Maps/UEDPIE_1_ThirdPersonExampleMap, Game: /Game/ThirdPersonBP/Blueprints/ThirdPersonGameMode.ThirdPersonGameMode_C)
[2016.10.30-17.38.57:349][636]LogLoad: LoadMap: 127.0.0.1//Game/ThirdPersonBP/Maps/UEDPIE_1_ThirdPersonExampleMap?game=/Game/ThirdPersonBP/Blueprints/ThirdPersonGameMode.ThirdPersonGameMode_C
[2016.10.30-17.38.57:373][636]Cmd: MEM
[2016.10.30-17.38.57:397][636]LogMemory: Platform Memory Stats for Windows
[2016.10.30-17.38.57:397][636]LogMemory: Process Physical Memory: 1195.89 MB used, 1214.42 MB peak
[2016.10.30-17.38.57:397][636]LogMemory: Process Virtual Memory: 2100.48 MB used, 2105.41 MB peak
[2016.10.30-17.38.57:397][636]LogMemory: Physical Memory: 4136.00 MB used, 8113.86 MB total
[2016.10.30-17.38.57:397][636]LogMemory: Virtual Memory: 2912.02 MB used, 134217728.00 MB total
[2016.10.30-17.38.57:397][636]LogMemory: 
[2016.10.30-17.38.57:397][636]Allocator Stats for TBB: (not implemented)
[2016.10.30-17.38.57:401][636]LogWorld: PIE: Copying PIE streaming level from /Game/ThirdPersonBP/Maps/ThirdPersonExampleMap.ThirdPersonExampleMap to /Game/ThirdPersonBP/Maps/UEDPIE_4_ThirdPersonExampleMap.ThirdPersonExampleMap. OwningWorld: None
[2016.10.30-17.38.57:402][636]LogAIModule: Creating AISystem for world ThirdPersonExampleMap
[2016.10.30-17.38.57:409][636]LogWorld: Bringing World /Game/ThirdPersonBP/Maps/UEDPIE_4_ThirdPersonExampleMap.ThirdPersonExampleMap up for play (max tick rate 60) at 2016.10.31-02.38.57
[2016.10.30-17.38.57:410][636]LogWorld: Bringing up level for play took: 0.007297
[2016.10.30-17.38.57:412][636]LogLoad: Took 0.063312 seconds to LoadMap(/Game/ThirdPersonBP/Maps/UEDPIE_1_ThirdPersonExampleMap)
[2016.10.30-17.38.57:449][637]LogNet: Client netspeed is 10000
[2016.10.30-17.38.57:449][637]LogNet: Join request: /Game/ThirdPersonBP/Maps/ThirdPersonExampleMap?SplitscreenCount=1
[2016.10.30-17.38.57:455][637]LogBlueprintUserMessages: [ThirdPersonGameMode_C_0] Server: 3
[2016.10.30-17.38.57:455][637]LogNet: Join succeeded: 261
[2016.10.30-17.38.57:455][637]LogNet: Client netspeed is 10000
[2016.10.30-17.38.57:455][637]LogNet: Join request: /Game/ThirdPersonBP/Maps/ThirdPersonExampleMap?SplitscreenCount=1
[2016.10.30-17.38.57:459][637]LogNet: Join succeeded: 262
[2016.10.30-17.38.57:459][637]LogNet: Client netspeed is 10000
[2016.10.30-17.38.57:459][637]LogNet: Join request: /Game/ThirdPersonBP/Maps/ThirdPersonExampleMap?SplitscreenCount=1
[2016.10.30-17.38.57:462][637]LogNet: Join succeeded: 263
[2016.10.30-17.38.59:884][675]LogBlueprintUserMessages: [observer_C_0] Client 3: -1
[2016.10.30-17.39.03:854][736]LogBlueprintUserMessages: [observer_C_0] Client 3: 0
[2016.10.30-17.39.10:822][872]LogBlueprintUserMessages: Early EndPlayMap Detection: Level '/Game/ThirdPersonBP/Maps/ThirdPersonExampleMap.ThirdPersonExampleMap:PersistentLevel' has LevelScriptBlueprint '/Game/ThirdPersonBP/Maps/ThirdPersonExampleMap.ThirdPersonExampleMap:PersistentLevel.ThirdPersonExampleMap' with GeneratedClass '/Game/ThirdPersonBP/Maps/ThirdPersonExampleMap.ThirdPersonExampleMap_C' with ClassGeneratedBy '/Game/ThirdPersonBP/Maps/ThirdPersonExampleMap.ThirdPersonExampleMap:PersistentLevel.ThirdPersonExampleMap'
[2016.10.30-17.39.11:045][872]LogBlueprintUserMessages: Late EndPlayMap Detection: Level '/Game/ThirdPersonBP/Maps/ThirdPersonExampleMap.ThirdPersonExampleMap:PersistentLevel' has LevelScriptBlueprint '/Game/ThirdPersonBP/Maps/ThirdPersonExampleMap.ThirdPersonExampleMap:PersistentLevel.ThirdPersonExampleMap' with GeneratedClass '/Game/ThirdPersonBP/Maps/ThirdPersonExampleMap.ThirdPersonExampleMap_C' with ClassGeneratedBy '/Game/ThirdPersonBP/Maps/ThirdPersonExampleMap.ThirdPersonExampleMap:PersistentLevel.ThirdPersonExampleMap'
[2016.10.30-17.39.11:083][872]LogNet: UChannel::CleanUp: ChIndex == 0. Closing connection. [UChannel] ChIndex: 0, Closing: 0 [UNetConnection] RemoteAddr: 127.0.0.1:64060, Name: IpConnection_11, Driver: GameNetDriver IpNetDriver_4, IsServer: YES, PC: None, Owner: None
[2016.10.30-17.39.11:083][872]LogNet: UNetConnection::Close: [UNetConnection] RemoteAddr: 127.0.0.1:64060, Name: IpConnection_11, Driver: GameNetDriver IpNetDriver_4, IsServer: YES, PC: None, Owner: None, Channels: 2, Time: 2016.10.30-17.39.11
[2016.10.30-17.39.11:083][872]LogNet: UChannel::Close: Sending CloseBunch. ChIndex == 0. Name: [UChannel] ChIndex: 0, Closing: 0 [UNetConnection] RemoteAddr: 127.0.0.1:64060, Name: IpConnection_11, Driver: GameNetDriver IpNetDriver_4, IsServer: YES, PC: None, Owner: None
[2016.10.30-17.39.11:083][872]LogNet: UChannel::CleanUp: ChIndex == 0. Closing connection. [UChannel] ChIndex: 0, Closing: 0 [UNetConnection] RemoteAddr: 127.0.0.1:64059, Name: IpConnection_10, Driver: GameNetDriver IpNetDriver_4, IsServer: YES, PC: None, Owner: None
[2016.10.30-17.39.11:083][872]LogNet: UNetConnection::Close: [UNetConnection] RemoteAddr: 127.0.0.1:64059, Name: IpConnection_10, Driver: GameNetDriver IpNetDriver_4, IsServer: YES, PC: None, Owner: None, Channels: 2, Time: 2016.10.30-17.39.11
[2016.10.30-17.39.11:083][872]LogNet: UChannel::Close: Sending CloseBunch. ChIndex == 0. Name: [UChannel] ChIndex: 0, Closing: 0 [UNetConnection] RemoteAddr: 127.0.0.1:64059, Name: IpConnection_10, Driver: GameNetDriver IpNetDriver_4, IsServer: YES, PC: None, Owner: None
[2016.10.30-17.39.11:083][872]LogNet: UChannel::CleanUp: ChIndex == 0. Closing connection. [UChannel] ChIndex: 0, Closing: 0 [UNetConnection] RemoteAddr: 127.0.0.1:64058, Name: IpConnection_9, Driver: GameNetDriver IpNetDriver_4, IsServer: YES, PC: None, Owner: None
[2016.10.30-17.39.11:083][872]LogNet: UNetConnection::Close: [UNetConnection] RemoteAddr: 127.0.0.1:64058, Name: IpConnection_9, Driver: GameNetDriver IpNetDriver_4, IsServer: YES, PC: None, Owner: None, Channels: 2, Time: 2016.10.30-17.39.11
[2016.10.30-17.39.11:083][872]LogNet: UChannel::Close: Sending CloseBunch. ChIndex == 0. Name: [UChannel] ChIndex: 0, Closing: 0 [UNetConnection] RemoteAddr: 127.0.0.1:64058, Name: IpConnection_9, Driver: GameNetDriver IpNetDriver_4, IsServer: YES, PC: None, Owner: None
[2016.10.30-17.39.11:083][872]LogNet: UChannel::CleanUp: ChIndex == 0. Closing connection. [UChannel] ChIndex: 0, Closing: 0 [UNetConnection] RemoteAddr: 127.0.0.1:7777, Name: IpConnection_8, Driver: GameNetDriver IpNetDriver_7, IsServer: NO, PC: None, Owner: None
[2016.10.30-17.39.11:083][872]LogNet: UNetConnection::Close: [UNetConnection] RemoteAddr: 127.0.0.1:7777, Name: IpConnection_8, Driver: GameNetDriver IpNetDriver_7, IsServer: NO, PC: None, Owner: None, Channels: 2, Time: 2016.10.30-17.39.11
[2016.10.30-17.39.11:083][872]LogNet: UChannel::Close: Sending CloseBunch. ChIndex == 0. Name: [UChannel] ChIndex: 0, Closing: 0 [UNetConnection] RemoteAddr: 127.0.0.1:7777, Name: IpConnection_8, Driver: GameNetDriver IpNetDriver_7, IsServer: NO, PC: None, Owner: None
[2016.10.30-17.39.11:084][872]LogNet: UChannel::CleanUp: ChIndex == 0. Closing connection. [UChannel] ChIndex: 0, Closing: 0 [UNetConnection] RemoteAddr: 127.0.0.1:7777, Name: IpConnection_7, Driver: GameNetDriver IpNetDriver_6, IsServer: NO, PC: None, Owner: None
[2016.10.30-17.39.11:084][872]LogNet: UNetConnection::Close: [UNetConnection] RemoteAddr: 127.0.0.1:7777, Name: IpConnection_7, Driver: GameNetDriver IpNetDriver_6, IsServer: NO, PC: None, Owner: None, Channels: 2, Time: 2016.10.30-17.39.11
[2016.10.30-17.39.11:084][872]LogNet: UChannel::Close: Sending CloseBunch. ChIndex == 0. Name: [UChannel] ChIndex: 0, Closing: 0 [UNetConnection] RemoteAddr: 127.0.0.1:7777, Name: IpConnection_7, Driver: GameNetDriver IpNetDriver_6, IsServer: NO, PC: None, Owner: None
[2016.10.30-17.39.11:084][872]LogNet: UChannel::CleanUp: ChIndex == 0. Closing connection. [UChannel] ChIndex: 0, Closing: 0 [UNetConnection] RemoteAddr: 127.0.0.1:7777, Name: IpConnection_6, Driver: GameNetDriver IpNetDriver_5, IsServer: NO, PC: None, Owner: None
[2016.10.30-17.39.11:084][872]LogNet: UNetConnection::Close: [UNetConnection] RemoteAddr: 127.0.0.1:7777, Name: IpConnection_6, Driver: GameNetDriver IpNetDriver_5, IsServer: NO, PC: None, Owner: None, Channels: 2, Time: 2016.10.30-17.39.11
[2016.10.30-17.39.11:084][872]LogNet: UChannel::Close: Sending CloseBunch. ChIndex == 0. Name: [UChannel] ChIndex: 0, Closing: 0 [UNetConnection] RemoteAddr: 127.0.0.1:7777, Name: IpConnection_6, Driver: GameNetDriver IpNetDriver_5, IsServer: NO, PC: None, Owner: None
[2016.10.30-17.39.11:095][872]LogExit: GameNetDriver None shut down
[2016.10.30-17.39.11:095][872]LogExit: GameNetDriver None shut down
[2016.10.30-17.39.11:096][872]LogExit: GameNetDriver None shut down
[2016.10.30-17.39.11:097][872]LogExit: GameNetDriver None shut down
[2016.10.30-17.40.28:238][515]BlueprintLog: New page: Compile observer
[2016.10.30-17.40.28:402][515]BlueprintEditorCompileResults: Info [0213.81] Compile of observer successful! [in 164 ms] (/Game/observer.observer)
[2016.10.30-17.47.53:525][894]BlueprintLog: New page: Compile ThirdPersonGameMode
[2016.10.30-17.47.53:695][894]BlueprintEditorCompileResults: Info [0659.11] Compile of ThirdPersonGameMode successful! [in 170 ms] (/Game/ThirdPersonBP/Blueprints/ThirdPersonGameMode.ThirdPersonGameMode)
[2016.10.30-17.47.58:595][172]Cmd: OBJ SAVEPACKAGE PACKAGE="/Game/observer" FILE="../../../../../../Users/jcy/Documents/GitHub/UNNAMED/UNNAMED/Content/observer.uasset" SILENT=true
[2016.10.30-17.47.58:718][172]LogSavePackage: Save=53.03ms
[2016.10.30-17.47.58:718][172]LogSavePackage: Moving '../../../../../../Users/jcy/Documents/GitHub/UNNAMED/UNNAMED/Saved/observer7EEBFE1741974E0D5AF4F6B2ECA5F899.tmp' to '../../../../../../Users/jcy/Documents/GitHub/UNNAMED/UNNAMED/Content/observer.uasset'
[2016.10.30-17.47.58:723][172]LogSavePackage:Display: Finished SavePackage ../../../../../../Users/jcy/Documents/GitHub/UNNAMED/UNNAMED/Content/observer.uasset
[2016.10.30-17.48.02:362][280]LogSavePackage: Save=77.84ms
[2016.10.30-17.48.02:362][280]LogSavePackage: Moving '../../../../../../Users/jcy/Documents/GitHub/UNNAMED/UNNAMED/Saved/ThirdPersonGameMode2E1102504A7AEE77CB30A985516D1780.tmp' to '../../../../../../Users/jcy/Documents/GitHub/UNNAMED/UNNAMED/Content/ThirdPersonBP/Blueprints/ThirdPersonGameMode.uasset'
[2016.10.30-17.48.02:367][280]LogSavePackage:Display: Finished SavePackage ../../../../../../Users/jcy/Documents/GitHub/UNNAMED/UNNAMED/Content/ThirdPersonBP/Blueprints/ThirdPersonGameMode.uasset
[2016.10.30-17.48.02:563][280]LogActorComponent: UnregisterComponent: (/Engine/Transient.EditorFloorComp) Not registered. Aborting.
[2016.10.30-17.48.02:630][280]LogWindowsTextInputMethodSystem:Display: IME system now activated using TSF (Microsoft 입력기).
[2016.10.30-17.48.02:836][281]Cmd: QUIT_EDITOR
[2016.10.30-17.48.03:614][281]LogExit: Preparing to exit.
[2016.10.30-17.48.04:569][281]LogExit: Editor shut down
[2016.10.30-17.48.04:569][281]LogExit: Transaction tracking system shut down
[2016.10.30-17.48.04:716][281]LogObj: Freed 0b from 0 cluster array pools.
[2016.10.30-17.48.04:716][281]LogExit: Object subsystem successfully closed.
[2016.10.30-17.48.04:739][281]LogD3D11RHI: Shutdown
[2016.10.30-17.48.04:739][281]LogD3D11RHI: CleanupD3DDevice
[2016.10.30-17.48.04:813][281]LogD3D11RHI: ~FD3D11DynamicRHI
[2016.10.30-17.48.04:836][281]LogModuleManager: Shutting down and abandoning module MovieSceneCapture (215)
[2016.10.30-17.48.04:837][281]LogModuleManager: Shutting down and abandoning module BlueprintGraph (214)
[2016.10.30-17.48.04:837][281]LogModuleManager: Shutting down and abandoning module HierarchicalLODOutliner (213)
[2016.10.30-17.48.04:837][281]LogModuleManager: Shutting down and abandoning module CrashTracker (212)
[2016.10.30-17.48.04:837][281]LogModuleManager: Shutting down and abandoning module SceneOutliner (211)
[2016.10.30-17.48.04:837][281]LogModuleManager: Shutting down and abandoning module WidgetCarousel (210)
[2016.10.30-17.48.04:837][281]LogModuleManager: Shutting down and abandoning module AddContentDialog (209)
[2016.10.30-17.48.04:838][281]LogModuleManager: Shutting down and abandoning module GameplayTags (208)
[2016.10.30-17.48.04:838][281]LogModuleManager: Shutting down and abandoning module EditorWidgets (207)
[2016.10.30-17.48.04:838][281]LogModuleManager: Shutting down and abandoning module CollectionManager (206)
[2016.10.30-17.48.04:838][281]LogModuleManager: Shutting down and abandoning module StatsViewer (205)
[2016.10.30-17.48.04:838][281]LogModuleManager: Shutting down and abandoning module FoliageEdit (204)
[2016.10.30-17.48.04:838][281]LogModuleManager: Shutting down and abandoning module LandscapeEditor (203)
[2016.10.30-17.48.04:838][281]LogModuleManager: Shutting down and abandoning module SceneDepthPickerMode (202)
[2016.10.30-17.48.04:838][281]LogModuleManager: Shutting down and abandoning module ActorPickerMode (201)
[2016.10.30-17.48.04:838][281]LogModuleManager: Shutting down and abandoning module GeometryMode (200)
[2016.10.30-17.48.04:838][281]LogModuleManager: Shutting down and abandoning module TextureAlignMode (199)
[2016.10.30-17.48.04:838][281]LogModuleManager: Shutting down and abandoning module BspMode (198)
[2016.10.30-17.48.04:838][281]LogModuleManager: Shutting down and abandoning module HardwareSurvey (197)
[2016.10.30-17.48.04:838][281]LogModuleManager: Shutting down and abandoning module SequenceRecorderSections (196)
[2016.10.30-17.48.04:838][281]LogModuleManager: Shutting down and abandoning module SequenceRecorder (195)
[2016.10.30-17.48.04:838][281]LogModuleManager: Shutting down and abandoning module AutomationWorker (194)
[2016.10.30-17.48.04:838][281]LogModuleManager: Shutting down and abandoning module MatineeToLevelSequence (193)
[2016.10.30-17.48.04:838][281]LogModuleManager: Shutting down and abandoning module PlacementMode (192)
[2016.10.30-17.48.04:838][281]LogModuleManager: Shutting down and abandoning module LevelSequenceEditor (191)
[2016.10.30-17.48.04:838][281]LogModuleManager: Shutting down and abandoning module CharacterAI (190)
[2016.10.30-17.48.04:838][281]LogModuleManager: Shutting down and abandoning module SmartSnapping (189)
[2016.10.30-17.48.04:838][281]LogModuleManager: Shutting down and abandoning module SessionServices (188)
[2016.10.30-17.48.04:838][281]LogModuleManager: Shutting down and abandoning module ViewportSnapping (187)
[2016.10.30-17.48.04:838][281]LogModuleManager: Shutting down and abandoning module LogVisualizer (186)
[2016.10.30-17.48.04:838][281]LogModuleManager: Shutting down and abandoning module GameProjectGeneration (185)
[2016.10.30-17.48.04:839][281]LogModuleManager: Shutting down and abandoning module IntroTutorials (184)
[2016.10.30-17.48.04:839][281]LogModuleManager: Shutting down and abandoning module EditorLiveStreaming (183)
[2016.10.30-17.48.04:839][281]LogModuleManager: Shutting down and abandoning module IOSPlatformEditor (182)
[2016.10.30-17.48.04:839][281]LogModuleManager: Shutting down and abandoning module HTML5PlatformEditor (181)
[2016.10.30-17.48.04:839][281]LogModuleManager: Shutting down and abandoning module AndroidDeviceDetection (180)
[2016.10.30-17.48.05:148][281]LogModuleManager: Shutting down and abandoning module AndroidPlatformEditor (179)
[2016.10.30-17.48.05:148][281]LogModuleManager: Shutting down and abandoning module IOSRuntimeSettings (178)
[2016.10.30-17.48.05:148][281]LogModuleManager: Shutting down and abandoning module AndroidRuntimeSettings (177)
[2016.10.30-17.48.05:148][281]LogModuleManager: Shutting down and abandoning module MergeActors (176)
[2016.10.30-17.48.05:148][281]LogModuleManager: Shutting down and abandoning module SizeMap (175)
[2016.10.30-17.48.05:148][281]LogModuleManager: Shutting down and abandoning module TreeMap (174)
[2016.10.30-17.48.05:148][281]LogModuleManager: Shutting down and abandoning module ReferenceViewer (173)
[2016.10.30-17.48.05:148][281]LogModuleManager: Shutting down and abandoning module LocalizationService (172)
[2016.10.30-17.48.05:148][281]LogModuleManager: Shutting down and abandoning module LocalizationDashboard (171)
[2016.10.30-17.48.05:148][281]LogModuleManager: Shutting down and abandoning module HardwareTargeting (170)
[2016.10.30-17.48.05:148][281]LogModuleManager: Shutting down and abandoning module DeviceProfileEditor (169)
[2016.10.30-17.48.05:148][281]LogModuleManager: Shutting down and abandoning module UndoHistory (168)
[2016.10.30-17.48.05:148][281]LogModuleManager: Shutting down and abandoning module UserFeedback (167)
[2016.10.30-17.48.05:148][281]LogModuleManager: Shutting down and abandoning module XmlParser (166)
[2016.10.30-17.48.05:148][281]LogModuleManager: Shutting down and abandoning module Blutility (165)
[2016.10.30-17.48.05:148][281]LogModuleManager: Shutting down and abandoning module ProjectTargetPlatformEditor (164)
[2016.10.30-17.48.05:148][281]LogModuleManager: Shutting down and abandoning module ProjectSettingsViewer (163)
[2016.10.30-17.48.05:148][281]LogModuleManager: Shutting down and abandoning module InputBindingEditor (162)
[2016.10.30-17.48.05:148][281]LogModuleManager: Shutting down and abandoning module EditorSettingsViewer (161)
[2016.10.30-17.48.05:148][281]LogModuleManager: Shutting down and abandoning module SettingsEditor (160)
[2016.10.30-17.48.05:148][281]LogModuleManager: Shutting down and abandoning module ProjectLauncher (159)
[2016.10.30-17.48.05:148][281]LogModuleManager: Shutting down and abandoning module SessionFrontend (158)
[2016.10.30-17.48.05:148][281]LogModuleManager: Shutting down and abandoning module ProfilerClient (157)
[2016.10.30-17.48.05:148][281]LogModuleManager: Shutting down and abandoning module TargetDeviceServices (156)
[2016.10.30-17.48.05:148][281]LogModuleManager: Shutting down and abandoning module DeviceManager (155)
[2016.10.30-17.48.05:190][281]LogModuleManager: Shutting down and abandoning module AutomationController (154)
[2016.10.30-17.48.05:190][281]LogModuleManager: Shutting down and abandoning module AutomationWindow (153)
[2016.10.30-17.48.05:190][281]LogModuleManager: Shutting down and abandoning module Layers (152)
[2016.10.30-17.48.05:190][281]LogModuleManager: Shutting down and abandoning module ComponentVisualizers (151)
[2016.10.30-17.48.05:190][281]LogModuleManager: Shutting down and abandoning module DetailCustomizations (150)
[2016.10.30-17.48.05:190][281]LogModuleManager: Shutting down and abandoning module PackagesDialog (149)
[2016.10.30-17.48.05:190][281]LogModuleManager: Shutting down and abandoning module Persona (148)
[2016.10.30-17.48.05:190][281]LogModuleManager: Shutting down and abandoning module Kismet (147)
[2016.10.30-17.48.05:190][281]LogModuleManager: Shutting down and abandoning module GraphEditor (146)
[2016.10.30-17.48.05:190][281]LogModuleManager: Shutting down and abandoning module ClassViewer (145)
[2016.10.30-17.48.05:190][281]LogModuleManager: Shutting down and abandoning module Toolbox (144)
[2016.10.30-17.48.05:190][281]LogModuleManager: Shutting down and abandoning module ModuleUI (143)
[2016.10.30-17.48.05:190][281]LogModuleManager: Shutting down and abandoning module MovieSceneTools (142)
[2016.10.30-17.48.05:190][281]LogModuleManager: Shutting down and abandoning module OutputLog (141)
[2016.10.30-17.48.05:190][281]LogModuleManager: Shutting down and abandoning module GammaUI (140)
[2016.10.30-17.48.05:191][281]LogModuleManager: Shutting down and abandoning module Documentation (139)
[2016.10.30-17.48.05:191][281]LogModuleManager: Shutting down and abandoning module StreamingPauseRendering (138)
[2016.10.30-17.48.05:191][281]LogModuleManager: Shutting down and abandoning module AnalyticsET (137)
[2016.10.30-17.48.05:191][281]LogModuleManager: Shutting down and abandoning module Analytics (136)
[2016.10.30-17.48.05:191][281]LogModuleManager: Shutting down and abandoning module PortalServices (135)
[2016.10.30-17.48.05:191][281]LogModuleManager: Shutting down and abandoning module PortalRpc (134)
[2016.10.30-17.48.05:191][281]LogModuleManager: Shutting down and abandoning module MessagingRpc (133)
[2016.10.30-17.48.05:191][281]LogModuleManager: Shutting down and abandoning module GameplayDebugger (132)
[2016.10.30-17.48.05:191][281]LogModuleManager: Shutting down and abandoning module AITestSuite (131)
[2016.10.30-17.48.05:191][281]LogModuleManager: Shutting down and abandoning module AIModule (130)
[2016.10.30-17.48.05:191][281]LogModuleManager: Shutting down and abandoning module ProfilerService (129)
[2016.10.30-17.48.05:260][281]LogModuleManager: Shutting down and abandoning module TaskGraph (128)
[2016.10.30-17.48.05:261][281]LogModuleManager: Shutting down and abandoning module SlateRemote (127)
[2016.10.30-17.48.05:261][281]LogModuleManager: Shutting down and abandoning module SteamVRController (126)
[2016.10.30-17.48.05:261][281]LogModuleManager: Shutting down and abandoning module SteamVR (125)
[2016.10.30-17.48.05:261][281]LogModuleManager: Shutting down and abandoning module ProceduralMeshComponent (124)
[2016.10.30-17.48.05:261][281]LogModuleManager: Shutting down and abandoning module OculusLibrary (123)
[2016.10.30-17.48.05:261][281]LogModuleManager: Shutting down and abandoning module OculusInput (122)
[2016.10.30-17.48.05:261][281]LogModuleManager: Shutting down and abandoning module CustomMeshComponent (121)
[2016.10.30-17.48.05:261][281]LogModuleManager: Shutting down and abandoning module CableComponent (120)
[2016.10.30-17.48.05:261][281]LogModuleManager: Shutting down and abandoning module ArchVisCharacter (119)
[2016.10.30-17.48.05:261][281]LogModuleManager: Shutting down and abandoning module MediaPlayerEditor (118)
[2016.10.30-17.48.05:261][281]LogModuleManager: Shutting down and abandoning module HTML5Networking (117)
[2016.10.30-17.48.05:261][281]LogModuleManager: Shutting down and abandoning module SuperSearch (116)
[2016.10.30-17.48.05:261][281]LogModuleManager: Shutting down and abandoning module SuperSearchEditor (115)
[2016.10.30-17.48.05:261][281]LogModuleManager: Shutting down and abandoning module SpeedTreeImporter (114)
[2016.10.30-17.48.05:261][281]LogModuleManager: Shutting down and abandoning module PluginBrowser (113)
[2016.10.30-17.48.05:261][281]LogModuleManager: Shutting down and abandoning module EpicSurvey (112)
[2016.10.30-17.48.05:261][281]LogModuleManager: Shutting down and abandoning module DesktopPlatform (111)
[2016.10.30-17.48.05:261][281]LogModuleManager: Shutting down and abandoning module VisualStudioSourceCodeAccess (110)
[2016.10.30-17.48.05:261][281]LogModuleManager: Shutting down and abandoning module UObjectPlugin (109)
[2016.10.30-17.48.05:261][281]LogModuleManager: Shutting down and abandoning module SubversionSourceControl (108)
[2016.10.30-17.48.05:261][281]LogModuleManager: Shutting down and abandoning module PerforceSourceControl (107)
[2016.10.30-17.48.05:261][281]LogModuleManager: Shutting down and abandoning module SourceControl (106)
[2016.10.30-17.48.05:261][281]LogModuleManager: Shutting down and abandoning module GitSourceControl (105)
[2016.10.30-17.48.05:261][281]LogModuleManager: Shutting down and abandoning module LightPropagationVolumeEditor (104)
[2016.10.30-17.48.05:261][281]LogModuleManager: Shutting down and abandoning module PaperTiledImporter (103)
[2016.10.30-17.48.05:261][281]LogModuleManager: Shutting down and abandoning module PaperSpriteSheetImporter (102)
[2016.10.30-17.48.05:261][281]LogModuleManager: Shutting down and abandoning module MeshPaint (101)
[2016.10.30-17.48.05:261][281]LogModuleManager: Shutting down and abandoning module PixelInspectorModule (100)
[2016.10.30-17.48.05:261][281]LogModuleManager: Shutting down and abandoning module HotReload (99)
[2016.10.30-17.48.05:262][281]LogModuleManager: Shutting down and abandoning module MainFrame (98)
[2016.10.30-17.48.05:262][281]LogModuleManager: Shutting down and abandoning module LevelEditor (97)
[2016.10.30-17.48.05:262][281]LogModuleManager: Shutting down and abandoning module ContentBrowser (96)
[2016.10.30-17.48.05:263][281]LogModuleManager: Shutting down and abandoning module Paper2DEditor (95)
[2016.10.30-17.48.05:263][281]LogModuleManager: Shutting down and abandoning module UdpMessaging (94)
[2016.10.30-17.48.05:364][281]LogModuleManager: Shutting down and abandoning module LightPropagationVolumeRuntime (93)
[2016.10.30-17.48.05:364][281]LogModuleManager: Shutting down and abandoning module Paper2D (92)
[2016.10.30-17.48.05:364][281]LogModuleManager: Shutting down and abandoning module WindowsMoviePlayer (91)
[2016.10.30-17.48.05:364][281]LogModuleManager: Shutting down and abandoning module Media (90)
[2016.10.30-17.48.05:364][281]LogModuleManager: Shutting down and abandoning module WmfMedia (89)
[2016.10.30-17.48.05:364][281]LogModuleManager: Shutting down and abandoning module MediaAssets (88)
[2016.10.30-17.48.05:364][281]LogModuleManager: Shutting down and abandoning module GameLiveStreaming (87)
[2016.10.30-17.48.05:364][281]LogModuleManager: Shutting down and abandoning module GameplayTagsEditor (86)
[2016.10.30-17.48.05:364][281]LogModuleManager: Shutting down and abandoning module OnlineBlueprintSupport (85)
[2016.10.30-17.48.05:364][281]LogModuleManager: Shutting down and abandoning module VREditor (84)
[2016.10.30-17.48.05:364][281]LogModuleManager: Shutting down and abandoning module GameplayTasksEditor (83)
[2016.10.30-17.48.05:364][281]LogModuleManager: Shutting down and abandoning module PropertyEditor (82)
[2016.10.30-17.48.05:364][281]LogModuleManager: Shutting down and abandoning module BehaviorTreeEditor (81)
[2016.10.30-17.48.05:364][281]LogModuleManager: Shutting down and abandoning module FunctionalTesting (80)
[2016.10.30-17.48.05:364][281]LogModuleManager: Shutting down and abandoning module CollisionAnalyzer (79)
[2016.10.30-17.48.05:364][281]LogModuleManager: Shutting down and abandoning module Sequencer (78)
[2016.10.30-17.48.05:364][281]LogModuleManager: Shutting down and abandoning module WorkspaceMenuStructure (77)
[2016.10.30-17.48.05:364][281]LogModuleManager: Shutting down and abandoning module MessageLog (76)
[2016.10.30-17.48.05:364][281]LogModuleManager: Shutting down and abandoning module AssetTools (75)
[2016.10.30-17.48.05:364][281]LogModuleManager: Shutting down and abandoning module UMGEditor (74)
[2016.10.30-17.48.05:364][281]LogModuleManager: Shutting down and abandoning module UMG (73)
[2016.10.30-17.48.05:364][281]LogModuleManager: Shutting down and abandoning module SlateReflector (72)
[2016.10.30-17.48.05:365][281]LogModuleManager: Shutting down and abandoning module Slate (71)
[2016.10.30-17.48.05:365][281]LogModuleManager: Shutting down and abandoning module EditorStyle (70)
[2016.10.30-17.48.05:367][281]LogModuleManager: Shutting down and abandoning module SourceCodeAccess (69)
[2016.10.30-17.48.05:367][281]LogModuleManager: Shutting down and abandoning module HeadMountedDisplay (68)
[2016.10.30-17.48.05:367][281]LogModuleManager: Shutting down and abandoning module XAudio2 (67)
[2016.10.30-17.48.05:367][281]LogModuleManager: Shutting down and abandoning module Networking (65)
[2016.10.30-17.48.05:367][281]LogModuleManager: Shutting down and abandoning module Core (64)
[2016.10.30-17.48.05:367][281]LogModuleManager: Shutting down and abandoning module DirectoryWatcher (63)
[2016.10.30-17.48.05:368][281]LogModuleManager: Shutting down and abandoning module AssetRegistry (62)
[2016.10.30-17.48.05:559][281]LogModuleManager: Shutting down and abandoning module KismetCompiler (61)
[2016.10.30-17.48.05:559][281]LogModuleManager: Shutting down and abandoning module PhysXFormats (60)
[2016.10.30-17.48.05:559][281]LogModuleManager: Shutting down and abandoning module MeshUtilities (59)
[2016.10.30-17.48.05:559][281]LogModuleManager: Shutting down and abandoning module DerivedDataCache (58)
[2016.10.30-17.48.05:598][281]LogDerivedDataCache: Shutdown
[2016.10.30-17.48.05:598][281]LogModuleManager: Shutting down and abandoning module VulkanShaderFormat (57)
[2016.10.30-17.48.05:598][281]LogModuleManager: Shutting down and abandoning module ShaderFormatOpenGL (56)
[2016.10.30-17.48.05:598][281]LogModuleManager: Shutting down and abandoning module ShaderFormatD3D (55)
[2016.10.30-17.48.05:598][281]LogModuleManager: Shutting down and abandoning module MetalShaderFormat (54)
[2016.10.30-17.48.05:598][281]LogModuleManager: Shutting down and abandoning module TextureFormatUncompressed (53)
[2016.10.30-17.48.05:598][281]LogModuleManager: Shutting down and abandoning module TextureFormatPVR (52)
[2016.10.30-17.48.05:598][281]LogModuleManager: Shutting down and abandoning module TextureFormatIntelISPCTexComp (51)
[2016.10.30-17.48.05:598][281]LogModuleManager: Shutting down and abandoning module TextureFormatDXT (50)
[2016.10.30-17.48.05:598][281]LogModuleManager: Shutting down and abandoning module ImageWrapper (49)
[2016.10.30-17.48.05:598][281]LogModuleManager: Shutting down and abandoning module TextureFormatASTC (48)
[2016.10.30-17.48.05:598][281]LogModuleManager: Shutting down and abandoning module TextureFormatAndroid (47)
[2016.10.30-17.48.05:598][281]LogModuleManager: Shutting down and abandoning module AudioFormatOpus (46)
[2016.10.30-17.48.05:598][281]LogModuleManager: Shutting down and abandoning module AudioFormatOgg (45)
[2016.10.30-17.48.05:598][281]LogModuleManager: Shutting down and abandoning module AudioFormatADPCM (44)
[2016.10.30-17.48.05:598][281]LogModuleManager: Shutting down and abandoning module LinuxTargetPlatform (43)
[2016.10.30-17.48.05:598][281]LogModuleManager: Shutting down and abandoning module LinuxServerTargetPlatform (42)
[2016.10.30-17.48.05:598][281]LogModuleManager: Shutting down and abandoning module LinuxNoEditorTargetPlatform (41)
[2016.10.30-17.48.05:598][281]LogModuleManager: Shutting down and abandoning module TVOSTargetPlatform (40)
[2016.10.30-17.48.05:598][281]LogModuleManager: Shutting down and abandoning module Messaging (39)
[2016.10.30-17.48.05:598][281]LogModuleManager: Shutting down and abandoning module IOSTargetPlatform (38)
[2016.10.30-17.48.05:598][281]LogModuleManager: Shutting down and abandoning module HTML5TargetPlatform (37)
[2016.10.30-17.48.05:598][281]LogModuleManager: Shutting down and abandoning module Android_PVRTCTargetPlatform (36)
[2016.10.30-17.48.05:598][281]LogModuleManager: Shutting down and abandoning module Android_MultiTargetPlatform (35)
[2016.10.30-17.48.05:598][281]LogModuleManager: Shutting down and abandoning module Android_ETC2TargetPlatform (34)
[2016.10.30-17.48.05:598][281]LogModuleManager: Shutting down and abandoning module Android_ETC1TargetPlatform (33)
[2016.10.30-17.48.05:598][281]LogModuleManager: Shutting down and abandoning module Android_DXTTargetPlatform (32)
[2016.10.30-17.48.05:598][281]LogModuleManager: Shutting down and abandoning module Android_ATCTargetPlatform (31)
[2016.10.30-17.48.05:598][281]LogModuleManager: Shutting down and abandoning module Android_ASTCTargetPlatform (30)
[2016.10.30-17.48.05:598][281]LogModuleManager: Shutting down and abandoning module AndroidTargetPlatform (29)
[2016.10.30-17.48.05:598][281]LogModuleManager: Shutting down and abandoning module WindowsTargetPlatform (28)
[2016.10.30-17.48.05:598][281]LogModuleManager: Shutting down and abandoning module WindowsServerTargetPlatform (27)
[2016.10.30-17.48.05:598][281]LogModuleManager: Shutting down and abandoning module WindowsNoEditorTargetPlatform (26)
[2016.10.30-17.48.05:598][281]LogModuleManager: Shutting down and abandoning module WindowsClientTargetPlatform (25)
[2016.10.30-17.48.05:598][281]LogModuleManager: Shutting down and abandoning module AllDesktopTargetPlatform (24)
[2016.10.30-17.48.05:598][281]LogModuleManager: Shutting down and abandoning module TargetPlatform (23)
[2016.10.30-17.48.05:598][281]LogModuleManager: Shutting down and abandoning module InputCore (22)
[2016.10.30-17.48.05:598][281]LogModuleManager: Shutting down and abandoning module Settings (21)
[2016.10.30-17.48.05:598][281]LogModuleManager: Shutting down and abandoning module OnlineSubsystem (19)
[2016.10.30-17.48.05:598][281]LogModuleManager: Shutting down and abandoning module HTTP (18)
[2016.10.30-17.48.10:106][281]LogModuleManager: Shutting down and abandoning module XMPP (17)
[2016.10.30-17.48.10:107][281]LogModuleManager: Shutting down and abandoning module OculusRift (16)
[2016.10.30-17.48.10:107][281]LogModuleManager: Shutting down and abandoning module ExampleDeviceProfileSelector (15)
[2016.10.30-17.48.10:107][281]LogModuleManager: Shutting down and abandoning module TextureCompressor (14)
[2016.10.30-17.48.10:107][281]LogModuleManager: Shutting down and abandoning module ShaderCore (13)
[2016.10.30-17.48.10:107][281]LogModuleManager: Shutting down and abandoning module Landscape (12)
[2016.10.30-17.48.10:107][281]LogModuleManager: Shutting down and abandoning module SlateRHIRenderer (11)
[2016.10.30-17.48.10:110][281]LogModuleManager: Shutting down and abandoning module OpenGLDrv (10)
[2016.10.30-17.48.10:110][281]LogModuleManager: Shutting down and abandoning module D3D11RHI (9)
[2016.10.30-17.48.10:110][281]LogModuleManager: Shutting down and abandoning module AnimGraphRuntime (8)
[2016.10.30-17.48.10:110][281]LogModuleManager: Shutting down and abandoning module Renderer (7)
[2016.10.30-17.48.10:111][281]LogModuleManager: Shutting down and abandoning module Engine (6)
[2016.10.30-17.48.10:111][281]LogModuleManager: Shutting down and abandoning module CoreUObject (5)
[2016.10.30-17.48.10:111][281]LogModuleManager: Shutting down and abandoning module NetworkFile (4)
[2016.10.30-17.48.10:111][281]LogModuleManager: Shutting down and abandoning module StreamingFile (3)
[2016.10.30-17.48.10:111][281]LogModuleManager: Shutting down and abandoning module SandboxFile (2)
[2016.10.30-17.48.10:111][281]LogModuleManager: Shutting down and abandoning module PakFile (1)
[2016.10.30-17.48.10:112][281]LogExit: Exiting.
[2016.10.30-17.48.10:114][281]Log file closed, 10/31/16 02:48:10
