Log file open, 05/30/17 19:28:38
LogInit:Display: Running engine for game: UNNAMED
LogPlatformFile: Not using cached read wrapper
LogInit:Display: RandInit(-490894596) SRandInit(-490894596).
LogTaskGraph: Started task graph with 5 named threads and 8 total threads with 1 sets of task threads.
LogStats: Stats thread started at 0.098707
LogInit: Using libcurl 7.47.1
LogInit:  - built for x86_64-pc-win32
LogInit:  - supports SSL with OpenSSL/1.0.2g
LogInit:  - supports HTTP deflate (compression) using libz 1.2.8
LogInit:  - other features:
LogInit:      CURL_VERSION_SSL
LogInit:      CURL_VERSION_LIBZ
LogInit:      CURL_VERSION_IPV6
LogInit:      CURL_VERSION_ASYNCHDNS
LogInit:      CURL_VERSION_LARGEFILE
LogInit:      CURL_VERSION_IDN
LogInit:  CurlRequestOptions (configurable via config and command line):
LogInit:  - bVerifyPeer = false  - Libcurl will NOT verify peer certificate
LogInit:  - bUseHttpProxy = false  - Libcurl will NOT use HTTP proxy
LogInit:  - bDontReuseConnections = false  - Libcurl will reuse connections
LogInit:  - CertBundlePath = nullptr  - Libcurl will use whatever was configured at build time.
LogOnline:Display: STEAM: Loading Steam SDK 1.32
LogOnline:Warning: STEAM: Steam API disabled!
LogOnline:Display: STEAM: OnlineSubsystemSteam::Shutdown()
LogInit: WinSock: version 1.1 (2.2), MaxSocks=32767, MaxUdp=65467
LogInit: Build: ++UE4+Release-4.15-CL-3348071
LogInit: Engine Version: 4.15.1-3348071+++UE4+Release-4.15
LogInit: Compatible Engine Version: 4.15.0-3299760+++UE4+Release-4.15
LogInit: Net CL: 3299760
LogDevObjectVersion: Number of dev versions registered: 14
LogDevObjectVersion:   Dev-Blueprints (B0D832E4-1F89-4F0D-ACCF-7EB736FD4AA2): 8
LogDevObjectVersion:   Dev-Build (E1C64328-A22C-4D53-A36C-8E866417BD8C): 0
LogDevObjectVersion:   Dev-Core (375EC13C-06E4-48FB-B500-84F0262A717E): 2
LogDevObjectVersion:   Dev-Editor (E4B068ED-F494-42E9-A231-DA0B2E46BB41): 14
LogDevObjectVersion:   Dev-Framework (CFFC743F-43B0-4480-9391-14DF171D2073): 22
LogDevObjectVersion:   Dev-Mobile (B02B49B5-BB20-44E9-A304-32B752E40360): 0
LogDevObjectVersion:   Dev-Networking (A4E4105C-59A1-49B5-A7C5-40C4547EDFEE): 0
LogDevObjectVersion:   Dev-Online (39C831C9-5AE6-47DC-9A44-9C173E1C8E7C): 0
LogDevObjectVersion:   Dev-Physics (78F01B33-EBEA-4F98-B9B4-84EACCB95AA2): 0
LogDevObjectVersion:   Dev-Platform (6631380F-2D4D-43E0-8009-CF276956A95A): 0
LogDevObjectVersion:   Dev-Rendering (12F88B9F-8875-4AFC-A67C-D90C383ABD29): 12
LogDevObjectVersion:   Dev-Sequencer (7B5AE74C-D270-4C10-A958-57980B212A5A): 3
LogDevObjectVersion:   Dev-VR (D7296918-1DD6-4BDD-9DE2-64A83CC13884): 0
LogDevObjectVersion:   Dev-LoadTimes (C2A15278-BFE7-4AFE-6C17-90FF531DF755): 1
LogInit: Compiled (64-bit): Mar 15 2017 16:52:47
LogInit: Compiled with Visual C++: 19.00.23026.00
LogInit: Build Configuration: Development
LogInit: Branch Name: ++UE4+Release-4.15
LogInit: Command line:  
LogInit: Base directory: C:/Program Files/Epic Games/UE_4.15/Engine/Binaries/Win64/
LogInit: Installed Engine Build: 1
LogInit: Presizing for max 8388607 objects, including 0 objects not considered by GC, pre-allocating 0 bytes for permanent pool.
LogInit: Object subsystem initialized
[2017.05.30-10.28.40:244][  0]LogInit: Selected Device Profile: [Windows]
[2017.05.30-10.28.40:244][  0]LogInit: Applying CVar settings loaded from the selected device profile: [Windows]
[2017.05.30-10.28.40:252][  0]LogInit: Computer: DESKTOP-5I3HB32
[2017.05.30-10.28.40:252][  0]LogInit: User: jcy
[2017.05.30-10.28.40:252][  0]LogInit: CPU Page size=65536, Cores=4
[2017.05.30-10.28.40:252][  0]LogInit: High frequency timer resolution =2.533206 MHz
[2017.05.30-10.28.40:253][  0]LogMemory: Memory total: Physical=11.9GB (12GB approx)
[2017.05.30-10.28.40:253][  0]LogMemory: Platform Memory Stats for Windows
[2017.05.30-10.28.40:253][  0]LogMemory: Process Physical Memory: 266.32 MB used, 266.32 MB peak
[2017.05.30-10.28.40:253][  0]LogMemory: Process Virtual Memory: 262.64 MB used, 262.64 MB peak
[2017.05.30-10.28.40:253][  0]LogMemory: Physical Memory: 5202.87 MB used,  7006.99 MB free, 12209.86 MB total
[2017.05.30-10.28.40:253][  0]LogMemory: Virtual Memory: 633.54 MB used,  7006.99 MB free, 134217728.00 MB total
[2017.05.30-10.28.40:358][  0]LogInit: Overriding culture en with editor configuration.
[2017.05.30-10.28.41:283][  0]LogD3D11RHI: D3D11 adapters:
[2017.05.30-10.28.41:980][  0]LogD3D11RHI:    0. 'NVIDIA GeForce GTX 960M' (Feature Level 11_0)
[2017.05.30-10.28.41:980][  0]LogD3D11RHI:       2019/0/6104 MB DedicatedVideo/DedicatedSystem/SharedSystem, Outputs:2, VendorId:0x10de
[2017.05.30-10.28.41:988][  0]LogD3D11RHI:    1. 'Intel(R) HD Graphics 4600' (Feature Level 11_0)
[2017.05.30-10.28.41:988][  0]LogD3D11RHI:       112/0/2048 MB DedicatedVideo/DedicatedSystem/SharedSystem, Outputs:0, VendorId:0x8086
[2017.05.30-10.28.41:991][  0]LogD3D11RHI:    2. 'Microsoft Basic Render Driver' (Feature Level 11_0)
[2017.05.30-10.28.41:991][  0]LogD3D11RHI:       0/0/6104 MB DedicatedVideo/DedicatedSystem/SharedSystem, Outputs:0, VendorId:0x1414
[2017.05.30-10.28.41:991][  0]LogD3D11RHI: Chosen D3D11 Adapter: 0
[2017.05.30-10.28.41:998][  0]LogD3D11RHI: Creating new Direct3DDevice
[2017.05.30-10.28.41:998][  0]LogD3D11RHI:     GPU DeviceId: 0x139b (for the marketing name, search the web for "GPU Device Id")
[2017.05.30-10.28.41:998][  0]LogWindows: EnumDisplayDevices:
[2017.05.30-10.28.41:998][  0]LogWindows:    0. 'Intel(R) HD Graphics 4600' (P:1 D:1)
[2017.05.30-10.28.41:999][  0]LogWindows:    1. 'Intel(R) HD Graphics 4600' (P:0 D:1)
[2017.05.30-10.28.41:999][  0]LogWindows:    2. 'Intel(R) HD Graphics 4600' (P:0 D:0)
[2017.05.30-10.28.41:999][  0]LogWindows: DebugString: PrimaryIsNotTheChoosenAdapter PrimaryIsNotTheChoosenAdapter PrimaryIsNotTheChoosenAdapter FoundDriverCount:0 
[2017.05.30-10.28.41:999][  0]LogD3D11RHI:     Adapter Name: NVIDIA GeForce GTX 960M
[2017.05.30-10.28.41:999][  0]LogD3D11RHI:   Driver Version: Unknown (internal:Unknown, unified:Unknown)
[2017.05.30-10.28.41:999][  0]LogD3D11RHI:      Driver Date: Unknown
[2017.05.30-10.28.41:999][  0]LogRHI: Texture pool is 1361 MB (70% of 1945 MB)
[2017.05.30-10.28.42:691][  0]LogD3D11RHI: Async texture creation enabled
[2017.05.30-10.28.42:735][  0]LogD3D11RHI: GPU Timing Frequency: 1000.000000 (Debug: 2 1)
[2017.05.30-10.28.42:736][  0]LogShaderCompilers: Guid format shader working directory is -17 characters bigger than the processId version (../../../../../../Users/jcy/Documents/GitHub/UNNAMED/UNNAMED/Intermediate/Shaders/WorkingDirectory/10332/).
[2017.05.30-10.28.42:736][  0]LogShaderCompilers: Cleaned the shader compiler working directory 'C:/Users/jcy/AppData/Local/Temp/UnrealShaderWorkingDir/36C811F644CF39DB13D4F4A0387D4741/'.
[2017.05.30-10.28.42:736][  0]LogShaderCompilers:Display: Using Local Shader Compiler.
[2017.05.30-10.28.44:186][  0]LogTemp:Display: Loaded TP AllDesktopTargetPlatform
[2017.05.30-10.28.44:271][  0]LogTemp:Display: Loaded TP MacClientTargetPlatform
[2017.05.30-10.28.44:356][  0]LogTemp:Display: Loaded TP MacNoEditorTargetPlatform
[2017.05.30-10.28.44:440][  0]LogTemp:Display: Loaded TP MacServerTargetPlatform
[2017.05.30-10.28.44:532][  0]LogTemp:Display: Loaded TP MacTargetPlatform
[2017.05.30-10.28.44:621][  0]LogTemp:Display: Loaded TP WindowsClientTargetPlatform
[2017.05.30-10.28.44:730][  0]LogTemp:Display: Loaded TP WindowsNoEditorTargetPlatform
[2017.05.30-10.28.44:819][  0]LogTemp:Display: Loaded TP WindowsServerTargetPlatform
[2017.05.30-10.28.44:899][  0]LogTemp:Display: Loaded TP WindowsTargetPlatform
[2017.05.30-10.28.44:974][  0]LogTemp:Display: Loaded TP AndroidTargetPlatform
[2017.05.30-10.28.45:059][  0]LogTemp:Display: Loaded TP Android_ASTCTargetPlatform
[2017.05.30-10.28.45:143][  0]LogTemp:Display: Loaded TP Android_ATCTargetPlatform
[2017.05.30-10.28.45:228][  0]LogTemp:Display: Loaded TP Android_DXTTargetPlatform
[2017.05.30-10.28.45:303][  0]LogTemp:Display: Loaded TP Android_ETC1TargetPlatform
[2017.05.30-10.28.45:375][  0]LogTemp:Display: Loaded TP Android_ETC2TargetPlatform
[2017.05.30-10.28.45:543][  0]LogTemp:Display: Loaded TP Android_MultiTargetPlatform
[2017.05.30-10.28.45:543][  0]LogTemp:Display: Loaded TP Android_PVRTCTargetPlatform
[2017.05.30-10.28.45:600][  0]LogTemp:Display: Loaded TP HTML5TargetPlatform
[2017.05.30-10.28.45:729][  0]LogTemp:Display: Loaded TP IOSTargetPlatform
[2017.05.30-10.28.45:775][  0]LogTemp:Display: Loaded TP TVOSTargetPlatform
[2017.05.30-10.28.45:854][  0]LogTemp:Display: Loaded TP LinuxClientTargetPlatform
[2017.05.30-10.28.45:930][  0]LogTemp:Display: Loaded TP LinuxNoEditorTargetPlatform
[2017.05.30-10.28.46:005][  0]LogTemp:Display: Loaded TP LinuxServerTargetPlatform
[2017.05.30-10.28.46:078][  0]LogTemp:Display: Loaded TP LinuxTargetPlatform
[2017.05.30-10.28.46:078][  0]LogTargetPlatformManager:Display: Building Assets For Windows
[2017.05.30-10.28.46:713][  0]LogDerivedDataCache:Display: Max Cache Size: 512 MB
[2017.05.30-10.28.46:804][  0]LogDerivedDataCache: Loaded boot cache 0.09s 50MB C:/Users/jcy/AppData/Local/UnrealEngine/4.15/DerivedDataCache/Boot.ddc.
[2017.05.30-10.28.46:804][  0]LogDerivedDataCache:Display: Loaded Boot cache: C:/Users/jcy/AppData/Local/UnrealEngine/4.15/DerivedDataCache/Boot.ddc
[2017.05.30-10.28.46:804][  0]LogDerivedDataCache: FDerivedDataBackendGraph:  Pak pak cache file ../../../../../../Users/jcy/Documents/GitHub/UNNAMED/UNNAMED/DerivedDataCache/DDC.ddp not found, will not use a pak cache.
[2017.05.30-10.28.46:804][  0]LogDerivedDataCache: Unable to find inner node Pak for hierarchical cache Hierarchy.
[2017.05.30-10.28.46:804][  0]LogDerivedDataCache: FDerivedDataBackendGraph:  CompressedPak pak cache file ../../../../../../Users/jcy/Documents/GitHub/UNNAMED/UNNAMED/DerivedDataCache/Compressed.ddp not found, will not use a pak cache.
[2017.05.30-10.28.46:804][  0]LogDerivedDataCache: Unable to find inner node CompressedPak for hierarchical cache Hierarchy.
[2017.05.30-10.28.46:826][  0]LogDerivedDataCache:Display: Pak cache opened for reading ../../../Engine/DerivedDataCache/Compressed.ddp.
[2017.05.30-10.28.46:839][  0]LogDerivedDataCache: Using Local data cache path C:/Users/jcy/AppData/Local/UnrealEngine/Common/DerivedDataCache: Writable
[2017.05.30-10.28.46:857][  0]LogSlate: Using Freetype 2.6.0
[2017.05.30-10.28.46:858][  0]LogSlate: SlateFontCache - WITH_FREETYPE: 1, WITH_HARFBUZZ: 1
[2017.05.30-10.28.46:858][  0]LogSlate: SlateFontCache - WITH_FREETYPE: 1, WITH_HARFBUZZ: 1
[2017.05.30-10.28.47:306][  0]LogInit: Selected Device Profile: [Windows]
[2017.05.30-10.28.47:309][  0]LogContentStreaming: Texture pool size is 0.00 MB
[2017.05.30-10.28.47:594][  0]LogMeshUtilities: Using QuadricMeshReduction for automatic static mesh reduction
[2017.05.30-10.28.47:656][  0]LogSimplygon: Simplygon DLL not present - disabling.
[2017.05.30-10.28.47:734][  0]LogMeshUtilities: Using SimplygonSwarm for distributed automatic mesh merging
[2017.05.30-10.28.47:734][  0]LogMeshUtilities: No automatic skeletal mesh reduction module available
[2017.05.30-10.28.47:734][  0]LogMeshUtilities: No automatic mesh merging module available
[2017.05.30-10.28.48:508][  0]LogNetVersion: GetLocalNetworkVersion: CL: 3299760, ProjectName: unnamed, ProjectVersion: , EngineNetworkVersion: 2, GameNetworkVersion: 0, NetworkChecksum: 1184173371
[2017.05.30-10.28.48:570][  0]LogAssetRegistry: FAssetRegistry took 0.0224 seconds to start up
[2017.05.30-10.28.48:815][  0]LogPackageLocalizationCache: Processed 3 localized package path(s) for 1 prioritized culture(s) in 0.212513 seconds
[2017.05.30-10.28.48:821][  0]LogUObjectArray: 32500 objects as part of root set at end of initial load.
[2017.05.30-10.28.48:821][  0]LogUObjectAllocator: 7290880 out of 0 bytes used by permanent object pool.
[2017.05.30-10.28.48:821][  0]LogUObjectArray: CloseDisregardForGC: 0/0 objects in disregard for GC pool
[2017.05.30-10.28.51:325][  0]LogTcpMessaging: Initializing TcpMessaging bridge
[2017.05.30-10.28.51:381][  0]LogUdpMessaging: Initializing bridge on interface 0.0.0.0:0 to multicast group 230.0.0.1:6666.
[2017.05.30-10.28.52:048][  0]LogMaterial: Uniform references updated for custom material expression Custom.
[2017.05.30-10.28.52:659][  0]SourceControl: Info Source control is disabled
[2017.05.30-10.28.52:660][  0]SourceControl: Info Source control is disabled
[2017.05.30-10.28.52:735][  0]SourceControl: Info Source control is disabled
[2017.05.30-10.28.52:811][  0]SourceControl: Info Source control is disabled
[2017.05.30-10.28.54:683][  0]LogEngine: Initializing Engine...
[2017.05.30-10.28.54:684][  0]LogHMD: Failed to initialize OpenVR with code 110
[2017.05.30-10.28.55:002][  0]LogAIModule: Creating AISystem for world Untitled
[2017.05.30-10.28.55:010][  0]LogInit: XAudio2 using '스피커(Realtek High Definition Audio)' : 2 channels at 48 kHz using 32 bits per sample (channel mask 0x3)
[2017.05.30-10.28.55:056][  0]LogInit: FAudioDevice initialized.
[2017.05.30-10.28.55:104][  0]LogDerivedDataCache: Saved boot cache 0.05s 50MB C:/Users/jcy/AppData/Local/UnrealEngine/4.15/DerivedDataCache/Boot.ddc.
[2017.05.30-10.28.55:118][  0]LogInit: Texture streaming: Enabled
[2017.05.30-10.28.55:253][  0]LogEngineSessionManager: EngineSessionManager initialized
[2017.05.30-10.28.55:387][  0]LogInit: Transaction tracking system initialized
[2017.05.30-10.28.55:909][  0]BlueprintLog: New page: Editor Load
[2017.05.30-10.28.57:210][  0]LocalizationService: Info Localization service is disabled
[2017.05.30-10.28.58:217][  0]LogConsoleResponse:Display: 
[2017.05.30-10.28.58:391][  0]LogCook:Display: Max memory allowance for cook 16384mb min free memory 0mb
[2017.05.30-10.28.58:391][  0]LogCook:Display: Mobile HDR setting 1
[2017.05.30-10.28.59:168][  0]LogFileCache: Scanning file cache for directory 'C:/Users/jcy/Documents/GitHub/UNNAMED/UNNAMED/Content/' took 0.10s
[2017.05.30-10.29.00:043][  0]SourceControl: Info Source control is disabled
[2017.05.30-10.29.00:043][  0]Cmd: MAP LOAD FILE="../../../../../../Users/jcy/Documents/GitHub/UNNAMED/UNNAMED/Content/Map/map01.umap" TEMPLATE=0 SHOWPROGRESS=1 FEATURELEVEL=3
[2017.05.30-10.29.00:044][  0]LightingResults: New page: Lighting Build
[2017.05.30-10.29.00:102][  0]MapCheck: New page: Map Check
[2017.05.30-10.29.00:102][  0]LightingResults: New page: Lighting Build
[2017.05.30-10.29.01:176][  0]LogClass:Warning: Enum '/Game/BP/E_GameState.E_GameState' was upgraded to use FText to store its display name data. Please re-save this asset to avoid issues with localization and determinstic cooking.
[2017.05.30-10.29.01:535][  0]LogBlueprint:Warning: [Compiler DariAniBP] Warning  dari_jump_Anim to TripleShot  will never be taken, please connect something to  Can Enter Transition
[2017.05.30-10.29.01:535][  0]LogBlueprint:Warning: [Compiler DariAniBP] Warning  Idle to dari_shift_Anim  will never be taken, please connect something to  Can Enter Transition
[2017.05.30-10.29.01:535][  0]LogBlueprint:Warning: [Compiler DariAniBP] Warning  dari_run_Anim to dari_shift_Anim  will never be taken, please connect something to  Can Enter Transition
[2017.05.30-10.29.01:544][  0]LogBlueprint:Warning: [Compiler DariAniBP] Warning [0024.57] Compile of DariAniBP successful, but with 3 Warning(s) [in 15 ms] (/Game/C_Dari/DariAniBP.DariAniBP)
[2017.05.30-10.29.01:544][  0]LogBlueprint:Warning: [Compiler DariAniBP] Warning [0024.57] Compile of DariAniBP successful, but with 4 Warning(s) [in 0 ms] (/Game/C_Dari/DariAniBP.DariAniBP)
[2017.05.30-10.29.01:544][  0]LogBlueprint:Warning: [Compiler DariAniBP] Warning [0024.57] Compile of DariAniBP successful, but with 5 Warning(s) [in 0 ms] (/Game/C_Dari/DariAniBP.DariAniBP)
[2017.05.30-10.29.02:895][  0]LogBlueprint:Warning: [Compiler DariAniBP] Warning  dari_jump_Anim to TripleShot  will never be taken, please connect something to  Can Enter Transition
[2017.05.30-10.29.02:896][  0]LogBlueprint:Warning: [Compiler DariAniBP] Warning  Idle to dari_shift_Anim  will never be taken, please connect something to  Can Enter Transition
[2017.05.30-10.29.02:896][  0]LogBlueprint:Warning: [Compiler DariAniBP] Warning  dari_run_Anim to dari_shift_Anim  will never be taken, please connect something to  Can Enter Transition
[2017.05.30-10.29.02:907][  0]LogBlueprint:Warning: [Compiler DariAniBP] Warning [0025.94] Compile of DariAniBP successful, but with 3 Warning(s) [in 17 ms] (/Game/C_Dari/DariAniBP.DariAniBP)
[2017.05.30-10.29.02:907][  0]LogBlueprint:Warning: [Compiler DariAniBP] Warning [0025.94] Compile of DariAniBP successful, but with 4 Warning(s) [in 0 ms] (/Game/C_Dari/DariAniBP.DariAniBP)
[2017.05.30-10.29.02:907][  0]LogBlueprint:Warning: [Compiler DariAniBP] Warning [0025.94] Compile of DariAniBP successful, but with 5 Warning(s) [in 0 ms] (/Game/C_Dari/DariAniBP.DariAniBP)
[2017.05.30-10.29.04:663][  0]LogAIModule: Creating AISystem for world map01
[2017.05.30-10.29.04:718][  0]LogEditorServer: Finished looking for orphan Actors (0.000 secs)
[2017.05.30-10.29.04:719][  0]Cmd: MAP CHECKDEP NOCLEARLOG
[2017.05.30-10.29.04:914][  0]MapCheck: Info Map check complete: 0 Error(s), 0 Warning(s), took 194.236ms to complete.
[2017.05.30-10.29.04:914][  0]LogFileHelpers: Loading map 'map01' took 4.871
[2017.05.30-10.29.05:018][  0]LogWindowsTextInputMethodSystem:Display: IME system now activated using TSF (Microsoft 입력기).
[2017.05.30-10.29.05:175][  0]LogCollectionManager: Loaded 1 collections in 0.004145 seconds
[2017.05.30-10.29.05:287][  0]LogFileCache: Scanning file cache for directory 'C:/Users/jcy/Documents/GitHub/UNNAMED/UNNAMED/Saved/Collections/' took 0.01s
[2017.05.30-10.29.05:287][  0]LogFileCache: Scanning file cache for directory 'C:/Users/jcy/Documents/GitHub/UNNAMED/UNNAMED/Content/Developers/jcy/Collections/' took 0.01s
[2017.05.30-10.29.05:287][  0]LogFileCache: Scanning file cache for directory 'C:/Users/jcy/Documents/GitHub/UNNAMED/UNNAMED/Content/Collections/' took 0.01s
[2017.05.30-10.29.05:287][  0]LogCollectionManager: Rebuilt the GUID cache for 1 collections in 0.000003 seconds
[2017.05.30-10.29.05:287][  0]LogCollectionManager: Rebuilt the hierarchy cache for 1 collections in 0.000000 seconds
[2017.05.30-10.29.05:297][  0]LogContentBrowser: Native class hierarchy populated in 0.0099 seconds. Added 2247 classes and 456 folders.
[2017.05.30-10.29.05:301][  0]LogStats: UGameplayTagsManager::ConstructGameplayTagTree: Construct from data asset -  0.000 s
[2017.05.30-10.29.05:301][  0]LogStats: UGameplayTagsManager::ConstructGameplayTagTree: GameplayTagTreeChangedEvent.Broadcast -  0.000 s
[2017.05.30-10.29.05:399][  0]LogContentBrowser: Native class hierarchy updated for 'WidgetCarousel' in 0.0011 seconds. Added 0 classes and 0 folders.
[2017.05.30-10.29.05:469][  0]LogContentBrowser: Native class hierarchy updated for 'AddContentDialog' in 0.0008 seconds. Added 0 classes and 0 folders.
[2017.05.30-10.29.05:534][  0]LogContentBrowser: Native class hierarchy updated for 'SceneOutliner' in 0.0005 seconds. Added 1 classes and 2 folders.
[2017.05.30-10.29.05:724][  0]LogCrashTracker: Crashtracker disabled due to settings.
[2017.05.30-10.29.05:737][  0]LogUObjectGlobals:Warning: Failed to find object 'Class None.'
[2017.05.30-10.29.05:853][  0]LogContentBrowser: Native class hierarchy updated for 'HierarchicalLODOutliner' in 0.0013 seconds. Added 1 classes and 2 folders.
[2017.05.30-10.29.05:853][  0]LogLoad: (Engine Initialization) Total time: 28.88 seconds
[2017.05.30-10.29.05:853][  0]LogLoad: (Engine Initialization) Total Blueprint compile time: 1.97 seconds
[2017.05.30-10.29.05:853][  0]LogExternalProfiler: Found external profiler: VSPerf
[2017.05.30-10.29.05:853][  0]LogExternalProfiler: Using external profiler: VSPerf
[2017.05.30-10.29.05:882][  0]LogOcInput: OculusInput pre-init called
[2017.05.30-10.29.05:906][  0]LogContentStreaming: Texture pool size now 1000 MB
[2017.05.30-10.29.05:907][  0]LogSlate: Took 0.000336 seconds to synchronously load lazily loaded font '../../../Engine/Content/Slate/Fonts/Roboto-Regular.ttf' (155K)
[2017.05.30-10.29.05:915][  0]LogSlate: Took 0.000465 seconds to synchronously load lazily loaded font '../../../Engine/Content/Slate/Fonts/Roboto-Bold.ttf' (160K)
[2017.05.30-10.29.05:920][  0]LogSlate: Took 0.000310 seconds to synchronously load lazily loaded font '../../../Engine/Content/Editor/Slate/Fonts/FontAwesome.ttf' (139K)
[2017.05.30-10.29.06:101][  0]LogSlate: Took 0.000346 seconds to synchronously load lazily loaded font '../../../Engine/Content/Slate/Fonts/Roboto-Light.ttf' (159K)
[2017.05.30-10.29.06:123][  0]LogSlate: Took 0.002967 seconds to synchronously load lazily loaded font '../../../Engine/Content/Slate/Fonts/DroidSansFallback.ttf' (3848K)
[2017.05.30-10.29.06:153][  0]LogRenderer: Reallocating scene render targets to support 1160x576 NumSamples 1 (Frame:2).
[2017.05.30-10.29.06:390][  3]LogAssetRegistry: Asset discovery search completed in 17.8424 seconds
[2017.05.30-10.29.06:391][  3]LogCollectionManager: Rebuilt the object cache for 1 collections in 0.000281 seconds (found 0 objects)
[2017.05.30-10.29.06:391][  3]LogCollectionManager: Fixed up redirectors for 1 collections in 0.000362 seconds (updated 0 objects)
[2017.05.30-10.29.06:908][ 28]LogSlate: Took 0.000211 seconds to synchronously load lazily loaded font '../../../Engine/Content/Slate/Fonts/Roboto-Light.ttf' (159K)
[2017.05.30-10.29.07:502][ 28]LogContentBrowser: Native class hierarchy updated for 'BlueprintGraph' in 0.0009 seconds. Added 112 classes and 0 folders.
[2017.05.30-10.29.08:829][ 28]LogContentBrowser: Native class hierarchy updated for 'SkeletonEditor' in 0.0006 seconds. Added 1 classes and 2 folders.
[2017.05.30-10.29.08:958][ 28]LogActorComponent: RegisterComponentWithWorld: (/Engine/Transient.World_3:PersistentLevel.Actor_0.DebugSkelMeshComponent_0) Already registered. Aborting.
[2017.05.30-10.29.09:137][ 28]LogSkeletalMesh: USkeletalMeshComponent::InitArticulated : Bodies already created (/Engine/Transient.World_3:PersistentLevel.Actor_0.DebugSkelMeshComponent_0) - call TermArticulated first.
[2017.05.30-10.29.09:329][ 28]LogActorComponent: RegisterComponentWithWorld: (/Engine/Transient.World_6:PersistentLevel.Actor_1.DebugSkelMeshComponent_2) Already registered. Aborting.
[2017.05.30-10.29.09:500][ 28]LogSkeletalMesh: USkeletalMeshComponent::InitArticulated : Bodies already created (/Engine/Transient.World_6:PersistentLevel.Actor_1.DebugSkelMeshComponent_2) - call TermArticulated first.
[2017.05.30-10.29.10:036][ 28]LogActorComponent: RegisterComponentWithWorld: (/Engine/Transient.World_10:PersistentLevel.Actor_2.DebugSkelMeshComponent_4) Already registered. Aborting.
[2017.05.30-10.29.10:205][ 28]LogSkeletalMesh: USkeletalMeshComponent::InitArticulated : Bodies already created (/Engine/Transient.World_10:PersistentLevel.Actor_2.DebugSkelMeshComponent_4) - call TermArticulated first.
[2017.05.30-10.29.10:708][ 28]LogSlate: Took 0.000316 seconds to synchronously load lazily loaded font '../../../Engine/Content/Editor/Slate/Fonts/Roboto-BoldCondensed.ttf' (158K)
[2017.05.30-10.29.11:274][ 29]LogSlate: Took 0.000316 seconds to synchronously load lazily loaded font '../../../Engine/Content/Editor/Slate/Fonts/Roboto-Italic.ttf' (157K)
[2017.05.30-10.29.15:755][178]LogLinker:Warning: Can't find file '/Game/Landscapes/Materials/sue079'
[2017.05.30-10.29.15:755][178]LogLinker:Warning: Can't find file for asset '/Game/Landscapes/Materials/sue079' while loading ../../../../../../Users/jcy/Documents/GitHub/UNNAMED/UNNAMED/Content/Landscapes/Materials/Mat_ground.uasset.
[2017.05.30-10.29.15:755][178]LoadErrors:Error: Error /Game/Landscapes/Materials/Mat_ground : Can't find file for asset. /Game/Landscapes/Materials/sue079
[2017.05.30-10.29.15:756][178]LogLinker:Warning: Can't find file '/Game/Landscapes/Materials/sup025'
[2017.05.30-10.29.15:756][178]LogLinker:Warning: Can't find file for asset '/Game/Landscapes/Materials/sup025' while loading ../../../../../../Users/jcy/Documents/GitHub/UNNAMED/UNNAMED/Content/Landscapes/Materials/Mat_ground.uasset.
[2017.05.30-10.29.15:756][178]LoadErrors:Error: Error /Game/Landscapes/Materials/Mat_ground : Can't find file for asset. /Game/Landscapes/Materials/sup025
[2017.05.30-10.29.15:756][178]LogLinker:Warning: Can't find file '/Game/Landscapes/Materials/sup088'
[2017.05.30-10.29.15:756][178]LogLinker:Warning: Can't find file for asset '/Game/Landscapes/Materials/sup088' while loading ../../../../../../Users/jcy/Documents/GitHub/UNNAMED/UNNAMED/Content/Landscapes/Materials/Mat_ground.uasset.
[2017.05.30-10.29.15:756][178]LoadErrors:Error: Error /Game/Landscapes/Materials/Mat_ground : Can't find file for asset. /Game/Landscapes/Materials/sup088
[2017.05.30-10.29.15:757][178]LogLinker:Warning: Can't find file '/Game/Landscapes/Materials/sue079'
[2017.05.30-10.29.15:757][178]LogLinker:Warning: Can't find file for asset '/Game/Landscapes/Materials/sue079' while loading ../../../../../../Users/jcy/Documents/GitHub/UNNAMED/UNNAMED/Content/Landscapes/Materials/Mat_ground.uasset.
[2017.05.30-10.29.15:757][178]LogLinker:Warning: Can't find file '/Game/Landscapes/Materials/sup025'
[2017.05.30-10.29.15:757][178]LogLinker:Warning: Can't find file for asset '/Game/Landscapes/Materials/sup025' while loading ../../../../../../Users/jcy/Documents/GitHub/UNNAMED/UNNAMED/Content/Landscapes/Materials/Mat_ground.uasset.
[2017.05.30-10.29.15:757][178]LogLinker:Warning: Can't find file '/Game/Landscapes/Materials/sup088'
[2017.05.30-10.29.15:757][178]LogLinker:Warning: Can't find file for asset '/Game/Landscapes/Materials/sup088' while loading ../../../../../../Users/jcy/Documents/GitHub/UNNAMED/UNNAMED/Content/Landscapes/Materials/Mat_ground.uasset.
[2017.05.30-10.29.16:299][178]LogLinker:Warning: Can't find file '/Game/Landscapes/Materials/sue079'
[2017.05.30-10.29.16:299][178]LoadErrors: Info Failed to load /Game/Landscapes/Materials/sue079.sue079 Referenced by MaterialExpressionTextureSample_0
[2017.05.30-10.29.16:299][178]LogLinker:Warning: Can't find file for asset '/Game/Landscapes/Materials/sue079' while loading NULL.
[2017.05.30-10.29.16:299][178]LogLinker:Warning: Can't find file '/Game/Landscapes/Materials/sup025'
[2017.05.30-10.29.16:300][178]LoadErrors: Info Failed to load /Game/Landscapes/Materials/sup025.sup025 Referenced by MaterialExpressionTextureSample_1
[2017.05.30-10.29.16:300][178]LogLinker:Warning: Can't find file for asset '/Game/Landscapes/Materials/sup025' while loading NULL.
[2017.05.30-10.29.16:300][178]LogLinker:Warning: Can't find file '/Game/Landscapes/Materials/sup088'
[2017.05.30-10.29.16:300][178]LoadErrors: Info Failed to load /Game/Landscapes/Materials/sup088.sup088 Referenced by MaterialExpressionTextureSample_2
[2017.05.30-10.29.16:300][178]LogLinker:Warning: Can't find file for asset '/Game/Landscapes/Materials/sup088' while loading NULL.
[2017.05.30-10.29.16:347][178]LogPackageName:Warning: String asset reference "FX_Meshes.UI.SM_SelectionMesh_01" is in short form, which is unsupported and -- even if valid -- resolving it will be really slow.
[2017.05.30-10.29.16:347][178]LogPackageName:Warning: Please consider resaving package in order to speed-up loading.
[2017.05.30-10.29.16:572][178]LogPackageName: SearchForPackageOnDisk took   0.225s, but failed to resolve FX_Meshes.
[2017.05.30-10.29.16:572][178]LogPackageName:Warning: String asset reference "FX_Meshes.UI.SM_SelectionMesh_01" could not be resolved.
[2017.05.30-10.29.16:782][178]LogMaterial: Missing cached shader map for material Mat_ground, compiling. 
[2017.05.30-10.29.16:782][178]LogMaterial:Warning: Failed to compile Material /Game/Landscapes/Materials/Mat_ground.Mat_ground for platform PCD3D_SM5, Default Material will be used in game.
[2017.05.30-10.29.16:782][178]LogMaterial:Warning: 	(Node TextureSample) TextureSample> Missing input texture
[2017.05.30-10.29.17:289][178]LogSlate: Took 0.000218 seconds to synchronously load lazily loaded font '../../../Engine/Content/Slate/Fonts/Roboto-Regular.ttf' (155K)
[2017.05.30-10.29.18:011][178]LogAIModule: Creating AISystem for world stage
[2017.05.30-10.29.18:324][178]Cmd: MAP LOAD FILE="../../../../../../Users/jcy/Documents/GitHub/UNNAMED/UNNAMED/Content/Map/stage.umap" TEMPLATE=0 SHOWPROGRESS=1 FEATURELEVEL=3
[2017.05.30-10.29.18:324][178]LightingResults: New page: Lighting Build
[2017.05.30-10.29.18:326][178]LoadErrors: New page: Loading map: stage.umap
[2017.05.30-10.29.18:328][178]MapCheck: New page: Map Check
[2017.05.30-10.29.18:328][178]LightingResults: New page: Lighting Build
[2017.05.30-10.29.18:631][178]LogEditorServer: Finished looking for orphan Actors (0.000 secs)
[2017.05.30-10.29.18:672][178]Cmd: MAP CHECKDEP NOCLEARLOG
[2017.05.30-10.29.18:978][178]MapCheck: Info Map check complete: 0 Error(s), 0 Warning(s), took 305.467ms to complete.
[2017.05.30-10.29.18:979][178]LogFileHelpers: Loading map 'stage' took 0.656
[2017.05.30-10.29.29:801][548]LogSlate: Took 0.000244 seconds to synchronously load lazily loaded font '../../../Engine/Content/Slate/Fonts/Roboto-Light.ttf' (159K)
[2017.05.30-10.30.36:524][314]LogTemp: Repeting last play command: New Editor Window (PIE)
[2017.05.30-10.30.36:577][314]LogBlueprintUserMessages: Early PlayInEditor Detection: Level '/Game/Map/stage.stage:PersistentLevel' has LevelScriptBlueprint '/Game/Map/stage.stage:PersistentLevel.stage' with GeneratedClass '/Game/Map/stage.stage_C' with ClassGeneratedBy '/Game/Map/stage.stage:PersistentLevel.stage'
[2017.05.30-10.30.36:578][314]BlueprintLog: New page: Pre-Play auto-recompile
[2017.05.30-10.30.36:578][314]LogPlayLevel: [PlayLevel] Compiling PHUD before play...
[2017.05.30-10.30.36:891][314]LogPlayLevel: PlayLevel: Blueprint regeneration took 313 ms (1 blueprints)
[2017.05.30-10.30.36:891][314]LogOnline:Display: OSS: FOnlineSubsystemNull::Shutdown()
[2017.05.30-10.30.36:892][314]LogOnline:Warning: STEAM: Steam API disabled!
[2017.05.30-10.30.36:892][314]LogOnline:Display: STEAM: OnlineSubsystemSteam::Shutdown()
[2017.05.30-10.30.36:905][314]PIE: New page: PIE session: stage (May 31, 2017, 4:30:36 AM)
[2017.05.30-10.30.36:905][314]LogPlayLevel: Creating play world package: /Game/Map/UEDPIE_0_stage
[2017.05.30-10.30.36:949][314]LogPlayLevel: PIE: StaticDuplicateObject took: (0.044023s)
[2017.05.30-10.30.36:950][314]LogAIModule: Creating AISystem for world stage
[2017.05.30-10.30.36:951][314]LogPlayLevel: PIE: World Init took: (0.001170s)
[2017.05.30-10.30.36:951][314]LogPlayLevel: PIE: Created PIE world by copying editor world from /Game/Map/stage.stage to /Game/Map/UEDPIE_0_stage.stage (0.045804s)
[2017.05.30-10.30.36:987][314]LogInit: XAudio2 using '스피커(Realtek High Definition Audio)' : 2 channels at 48 kHz using 32 bits per sample (channel mask 0x3)
[2017.05.30-10.30.37:042][314]LogInit: FAudioDevice initialized.
[2017.05.30-10.30.37:089][314]LogStats:Warning: MetaData mismatch. Did you assign a stat to two groups? New //STATGROUP_Threads//OnlineAsyncTaskThreadNull DefaultInstance///Thread_db0_0///####STATCAT_Advanced#### old //STATGROUP_Threads//OnlineAsyncTaskThreadNull DefaultInstance///Thread_2a90_0///####STATCAT_Advanced####
[2017.05.30-10.30.37:133][314]LogLoad: Game class is 'MyGameMode_C'
[2017.05.30-10.30.37:151][314]LogWorld: Bringing World /Game/Map/UEDPIE_0_stage.stage up for play (max tick rate 60) at 2017.05.30-19.30.37
[2017.05.30-10.30.37:152][314]LogWorld: Bringing up level for play took: 0.018655
[2017.05.30-10.30.37:272][314]LogContentBrowser: Native class hierarchy updated for 'MovieSceneCapture' in 0.0008 seconds. Added 11 classes and 0 folders.
[2017.05.30-10.30.37:273][314]LogGameMode:Display: Match State Changed from EnteringMap to WaitingToStart
[2017.05.30-10.30.37:273][314]LogGameState: Match State Changed from EnteringMap to WaitingToStart
[2017.05.30-10.30.37:273][314]LogGameMode:Display: Match State Changed from WaitingToStart to InProgress
[2017.05.30-10.30.37:282][314]LogBlueprintUserMessages: [messageScroll_116] DESKTOP-5I3HB32-A562
[2017.05.30-10.30.37:287][314]LogBlueprintUserMessages: [playercon_C_0] 1
[2017.05.30-10.30.37:288][314]LogGameState: Match State Changed from WaitingToStart to InProgress
[2017.05.30-10.30.37:296][314]PIE: Info Play in editor start time for /Game/Map/UEDPIE_0_stage 1.169
[2017.05.30-10.30.37:296][314]LogBlueprintUserMessages: Late PlayInEditor Detection: Level '/Game/Map/stage.stage:PersistentLevel' has LevelScriptBlueprint '/Game/Map/stage.stage:PersistentLevel.stage' with GeneratedClass '/Game/Map/stage.stage_C' with ClassGeneratedBy '/Game/Map/stage.stage:PersistentLevel.stage'
[2017.05.30-10.30.37:485][314]LogRenderer: Reallocating scene render targets to support 1292x756 NumSamples 1 (Frame:1687).
[2017.05.30-10.30.37:539][315]PIE:Warning: Warning This widget does not support focus.  If this is a UserWidget, you should set bIsFocusable to true.
[2017.05.30-10.30.37:542][315]LogBlueprintUserMessages: [CharacterSelect_278] Gasman_C
[2017.05.30-10.30.38:605][355]LogBlueprintUserMessages: Early EndPlayMap Detection: Level '/Game/Map/stage.stage:PersistentLevel' has LevelScriptBlueprint '/Game/Map/stage.stage:PersistentLevel.stage' with GeneratedClass '/Game/Map/stage.stage_C' with ClassGeneratedBy '/Game/Map/stage.stage:PersistentLevel.stage'
[2017.05.30-10.30.38:688][355]LogOnline:Display: OSS: FOnlineSubsystemNull::Shutdown()
[2017.05.30-10.30.38:688][355]LogPlayLevel:Display: Shutting down PIE online subsystems
[2017.05.30-10.30.38:689][355]LogBlueprintUserMessages: Late EndPlayMap Detection: Level '/Game/Map/stage.stage:PersistentLevel' has LevelScriptBlueprint '/Game/Map/stage.stage:PersistentLevel.stage' with GeneratedClass '/Game/Map/stage.stage_C' with ClassGeneratedBy '/Game/Map/stage.stage:PersistentLevel.stage'
[2017.05.30-10.30.38:912][356]LogPlayLevel:Display: Destroying online subsystem :Context_21
[2017.05.30-10.30.38:912][356]LogOnline:Display: OSS: FOnlineSubsystemNull::Shutdown()
[2017.05.30-10.30.46:209][624]LogTemp: Repeting last play command: New Editor Window (PIE)
[2017.05.30-10.30.46:258][624]LogBlueprintUserMessages: Early PlayInEditor Detection: Level '/Game/Map/stage.stage:PersistentLevel' has LevelScriptBlueprint '/Game/Map/stage.stage:PersistentLevel.stage' with GeneratedClass '/Game/Map/stage.stage_C' with ClassGeneratedBy '/Game/Map/stage.stage:PersistentLevel.stage'
[2017.05.30-10.30.46:259][624]LogPlayLevel: PlayLevel: No blueprints needed recompiling
[2017.05.30-10.30.46:265][624]PIE: New page: PIE session: stage (May 31, 2017, 4:30:46 AM)
[2017.05.30-10.30.46:266][624]LogPlayLevel: Creating play world package: /Game/Map/UEDPIE_1_stage
[2017.05.30-10.30.46:313][624]LogPlayLevel: PIE: StaticDuplicateObject took: (0.046444s)
[2017.05.30-10.30.46:313][624]LogAIModule: Creating AISystem for world stage
[2017.05.30-10.30.46:314][624]LogPlayLevel: PIE: World Init took: (0.000936s)
[2017.05.30-10.30.46:314][624]LogPlayLevel: PIE: Created PIE world by copying editor world from /Game/Map/stage.stage to /Game/Map/UEDPIE_1_stage.stage (0.048155s)
[2017.05.30-10.30.46:349][624]LogInit: XAudio2 using '스피커(Realtek High Definition Audio)' : 2 channels at 48 kHz using 32 bits per sample (channel mask 0x3)
[2017.05.30-10.30.46:388][624]LogInit: FAudioDevice initialized.
[2017.05.30-10.30.46:459][624]LogLoad: Game class is 'MyGameMode_C'
[2017.05.30-10.30.46:479][624]LogWorld: Bringing World /Game/Map/UEDPIE_1_stage.stage up for play (max tick rate 60) at 2017.05.30-19.30.46
[2017.05.30-10.30.46:480][624]LogWorld: Bringing up level for play took: 0.020318
[2017.05.30-10.30.46:494][624]LogInit: WinSock: Socket queue 131072 / 131072
[2017.05.30-10.30.46:495][624]LogInit: WinSock: I am DESKTOP-5I3HB32 (192.168.1.2:0)
[2017.05.30-10.30.46:495][624]PacketHandlerLog: Loaded PacketHandler component: Engine.EngineHandlerComponentFactory (StatelessConnectHandlerComponent)
[2017.05.30-10.30.46:495][624]LogNet: GameNetDriver IpNetDriver_0 IpNetDriver listening on port 7777
[2017.05.30-10.30.46:495][624]LogGameMode:Display: Match State Changed from EnteringMap to WaitingToStart
[2017.05.30-10.30.46:495][624]LogGameState: Match State Changed from EnteringMap to WaitingToStart
[2017.05.30-10.30.46:495][624]LogGameMode:Display: Match State Changed from WaitingToStart to InProgress
[2017.05.30-10.30.46:505][624]LogBlueprintUserMessages: [messageScroll_116] Server: DESKTOP-5I3HB32-F3CC
[2017.05.30-10.30.46:509][624]LogBlueprintUserMessages: [playercon_C_0] Server: 1
[2017.05.30-10.30.46:510][624]LogGameState: Match State Changed from WaitingToStart to InProgress
[2017.05.30-10.30.46:522][624]PIE: Info Play in editor start time for /Game/Map/UEDPIE_1_stage 0.396
[2017.05.30-10.30.46:534][624]PIE: New page: PIE session: stage (May 31, 2017, 4:30:46 AM)
[2017.05.30-10.30.46:655][624]LogNet: Browse: 127.0.0.1//Game/Map/Main
[2017.05.30-10.30.46:655][624]LogInit: WinSock: Socket queue 32768 / 32768
[2017.05.30-10.30.46:656][624]PacketHandlerLog: Loaded PacketHandler component: Engine.EngineHandlerComponentFactory (StatelessConnectHandlerComponent)
[2017.05.30-10.30.46:656][624]LogNet: Game client on port 7777, rate 10000
[2017.05.30-10.30.46:656][624]LogNetVersion: GetLocalNetworkVersion: CL: 3299760, ProjectName: unnamed, ProjectVersion: 1.0.0.0, EngineNetworkVersion: 2, GameNetworkVersion: 0, NetworkChecksum: 2893060150
[2017.05.30-10.30.46:656][624]LogNet: UPendingNetGame::InitNetDriver: Sending hello. [UNetConnection] RemoteAddr: 127.0.0.1:7777, Name: IpConnection_0, Driver: PendingNetDriver IpNetDriver_1, IsServer: NO, PC: NULL, Owner: NULL
[2017.05.30-10.30.46:668][624]PIE: Info Play in editor start time for /Game/Map/Main 0.542
[2017.05.30-10.30.46:708][624]LogBlueprintUserMessages: Late PlayInEditor Detection: Level '/Game/Map/stage.stage:PersistentLevel' has LevelScriptBlueprint '/Game/Map/stage.stage:PersistentLevel.stage' with GeneratedClass '/Game/Map/stage.stage_C' with ClassGeneratedBy '/Game/Map/stage.stage:PersistentLevel.stage'
[2017.05.30-10.30.46:708][624]LogNet: NotifyAcceptingConnection accepted from: 127.0.0.1:62291
[2017.05.30-10.30.46:708][624]LogHandshake: SendConnectChallenge. Timestamp: 0.020525, Cookie: 231029105048169020122124212241199073252168219078041241028080
[2017.05.30-10.30.46:766][624]LogHandshake: SendChallengeResponse. Timestamp: 0.020525, Cookie: 231029105048169020122124212241199073252168219078041241028080
[2017.05.30-10.30.46:895][625]LogNet: NotifyAcceptingConnection accepted from: 127.0.0.1:62291
[2017.05.30-10.30.46:895][625]LogNet: Server accepting post-challenge connection from: 127.0.0.1:62291
[2017.05.30-10.30.46:895][625]PacketHandlerLog: Loaded PacketHandler component: Engine.EngineHandlerComponentFactory (StatelessConnectHandlerComponent)
[2017.05.30-10.30.46:895][625]LogNet: NotifyAcceptedConnection: Name: stage, TimeStamp: 05/30/17 19:30:46, [UNetConnection] RemoteAddr: 127.0.0.1:62291, Name: IpConnection_1, Driver: GameNetDriver IpNetDriver_0, IsServer: YES, PC: NULL, Owner: NULL
[2017.05.30-10.30.46:895][625]LogNet: AddClientConnection: Added client connection: [UNetConnection] RemoteAddr: 127.0.0.1:62291, Name: IpConnection_1, Driver: GameNetDriver IpNetDriver_0, IsServer: YES, PC: NULL, Owner: NULL
[2017.05.30-10.30.46:895][625]LogNet: NotifyAcceptingChannel Control 0 server World /Game/Map/UEDPIE_1_stage.stage: Accepted
[2017.05.30-10.30.46:895][625]LogNet: Remote platform little endian=1
[2017.05.30-10.30.46:895][625]LogNet: This platform little endian=1
[2017.05.30-10.30.46:896][625]PIE:Warning: Warning This widget does not support focus.  If this is a UserWidget, you should set bIsFocusable to true.
[2017.05.30-10.30.46:900][625]LogBlueprintUserMessages: [CharacterSelect_278] Server: Dari_C
[2017.05.30-10.30.46:959][626]LogNet: Login request: /Game/Map/Main?Name=DESKTOP-5I3HB32-9B509A2643AB9FDBBF4D2A853C062587 userId: DESKTOP-5I3HB32-9B509A2643AB9FDBBF4D2A853C062587
[2017.05.30-10.30.46:960][626]LogNet: Welcomed by server (Level: /Game/Map/UEDPIE_1_stage, Game: /Game/BP/MyGameMode.MyGameMode_C)
[2017.05.30-10.30.46:960][626]LogLoad: LoadMap: 127.0.0.1//Game/Map/UEDPIE_1_stage?game=/Game/BP/MyGameMode.MyGameMode_C
[2017.05.30-10.30.47:009][626]Cmd: MEM
[2017.05.30-10.30.47:037][626]LogMemory: Platform Memory Stats for Windows
[2017.05.30-10.30.47:037][626]LogMemory: Process Physical Memory: 2589.99 MB used, 2657.83 MB peak
[2017.05.30-10.30.47:037][626]LogMemory: Process Virtual Memory: 4235.83 MB used, 4314.39 MB peak
[2017.05.30-10.30.47:037][626]LogMemory: Physical Memory: 7790.14 MB used,  4419.73 MB free, 12209.86 MB total
[2017.05.30-10.30.47:037][626]LogMemory: Virtual Memory: 5053.66 MB used,  4419.73 MB free, 134217728.00 MB total
[2017.05.30-10.30.47:037][626]LogMemory: 
[2017.05.30-10.30.47:037][626]Allocator Stats for TBB: (not implemented)
[2017.05.30-10.30.47:079][626]LogAIModule: Creating AISystem for world stage
[2017.05.30-10.30.47:098][626]LogWorld: Bringing World /Game/Map/UEDPIE_2_stage.stage up for play (max tick rate 60) at 2017.05.30-19.30.47
[2017.05.30-10.30.47:099][626]LogWorld: Bringing up level for play took: 0.018656
[2017.05.30-10.30.47:099][626]LogLoad: Took 0.139076 seconds to LoadMap(/Game/Map/UEDPIE_1_stage)
[2017.05.30-10.30.47:148][627]LogNet: Client netspeed is 10000
[2017.05.30-10.30.47:148][627]LogNet: Join request: /Game/Map/Main?Name=DESKTOP-5I3HB32-9B509A2643AB9FDBBF4D2A853C062587?SplitscreenCount=1
[2017.05.30-10.30.47:149][627]LogOnline:Warning: OSS: No game present to join for session (Game)
[2017.05.30-10.30.47:150][627]LogNet: Join succeeded: DESKTOP-5I3HB32-9B50
[2017.05.30-10.30.47:188][628]LogOnline:Warning: OSS: No game present to join for session (Game)
[2017.05.30-10.30.47:189][628]LogOnline:Warning: OSS: No game present to join for session (Game)
[2017.05.30-10.30.47:345][632]PIE:Warning: Warning This widget does not support focus.  If this is a UserWidget, you should set bIsFocusable to true.
[2017.05.30-10.30.47:350][632]LogBlueprintUserMessages: [CharacterSelect_278] Client 1: Dari_C
[2017.05.30-10.30.50:831][745]LogBlueprintUserMessages: Early EndPlayMap Detection: Level '/Game/Map/stage.stage:PersistentLevel' has LevelScriptBlueprint '/Game/Map/stage.stage:PersistentLevel.stage' with GeneratedClass '/Game/Map/stage.stage_C' with ClassGeneratedBy '/Game/Map/stage.stage:PersistentLevel.stage'
[2017.05.30-10.30.50:906][745]LogOnline:Display: OSS: FOnlineSubsystemNull::Shutdown()
[2017.05.30-10.30.50:909][745]LogOnline:Warning: OSS: No game present to leave for session (Game)
[2017.05.30-10.30.50:993][745]LogOnline:Display: OSS: FOnlineSubsystemNull::Shutdown()
[2017.05.30-10.30.50:995][745]LogPlayLevel:Display: Shutting down PIE online subsystems
[2017.05.30-10.30.50:998][745]LogBlueprintUserMessages: Late EndPlayMap Detection: Level '/Game/Map/stage.stage:PersistentLevel' has LevelScriptBlueprint '/Game/Map/stage.stage:PersistentLevel.stage' with GeneratedClass '/Game/Map/stage.stage_C' with ClassGeneratedBy '/Game/Map/stage.stage:PersistentLevel.stage'
[2017.05.30-10.30.51:050][745]LogNet: UChannel::CleanUp: ChIndex == 0. Closing connection. [UChannel] ChIndex: 0, Closing: 0 [UNetConnection] RemoteAddr: 127.0.0.1:62291, Name: IpConnection_1, Driver: GameNetDriver IpNetDriver_0, IsServer: YES, PC: playercon_C_1, Owner: playercon_C_1
[2017.05.30-10.30.51:050][745]LogNet: UNetConnection::Close: [UNetConnection] RemoteAddr: 127.0.0.1:62291, Name: IpConnection_1, Driver: GameNetDriver IpNetDriver_0, IsServer: YES, PC: playercon_C_1, Owner: playercon_C_1, Channels: 10, Time: 2017.05.30-10.30.51
[2017.05.30-10.30.51:050][745]LogNet: UChannel::Close: Sending CloseBunch. ChIndex == 0. Name: [UChannel] ChIndex: 0, Closing: 0 [UNetConnection] RemoteAddr: 127.0.0.1:62291, Name: IpConnection_1, Driver: GameNetDriver IpNetDriver_0, IsServer: YES, PC: playercon_C_1, Owner: playercon_C_1
[2017.05.30-10.30.51:051][745]LogNet: UChannel::CleanUp: ChIndex == 0. Closing connection. [UChannel] ChIndex: 0, Closing: 0 [UNetConnection] RemoteAddr: 127.0.0.1:7777, Name: IpConnection_0, Driver: GameNetDriver IpNetDriver_1, IsServer: NO, PC: playercon_C_0, Owner: playercon_C_0
[2017.05.30-10.30.51:051][745]LogNet: UNetConnection::Close: [UNetConnection] RemoteAddr: 127.0.0.1:7777, Name: IpConnection_0, Driver: GameNetDriver IpNetDriver_1, IsServer: NO, PC: playercon_C_0, Owner: playercon_C_0, Channels: 10, Time: 2017.05.30-10.30.51
[2017.05.30-10.30.51:051][745]LogNet: UChannel::Close: Sending CloseBunch. ChIndex == 0. Name: [UChannel] ChIndex: 0, Closing: 0 [UNetConnection] RemoteAddr: 127.0.0.1:7777, Name: IpConnection_0, Driver: GameNetDriver IpNetDriver_1, IsServer: NO, PC: playercon_C_0, Owner: playercon_C_0
[2017.05.30-10.30.51:067][745]LogExit: GameNetDriver None shut down
[2017.05.30-10.30.51:069][745]LogExit: GameNetDriver None shut down
[2017.05.30-10.30.51:139][746]LogPlayLevel:Display: Destroying online subsystem :Context_23
[2017.05.30-10.30.51:139][746]LogOnline:Display: OSS: FOnlineSubsystemNull::Shutdown()
[2017.05.30-10.30.51:139][746]LogPlayLevel:Display: Destroying online subsystem :Context_22
[2017.05.30-10.30.51:139][746]LogOnline:Display: OSS: FOnlineSubsystemNull::Shutdown()
[2017.05.30-10.31.45:559][122]LogTemp: Repeting last play command: New Editor Window (PIE)
[2017.05.30-10.31.45:601][122]LogBlueprintUserMessages: Early PlayInEditor Detection: Level '/Game/Map/stage.stage:PersistentLevel' has LevelScriptBlueprint '/Game/Map/stage.stage:PersistentLevel.stage' with GeneratedClass '/Game/Map/stage.stage_C' with ClassGeneratedBy '/Game/Map/stage.stage:PersistentLevel.stage'
[2017.05.30-10.31.45:601][122]BlueprintLog: New page: Pre-Play auto-recompile
[2017.05.30-10.31.45:601][122]LogPlayLevel: [PlayLevel] Compiling PHUD before play...
[2017.05.30-10.31.45:935][122]LogPlayLevel: PlayLevel: Blueprint regeneration took 334 ms (1 blueprints)
[2017.05.30-10.31.45:942][122]PIE: New page: PIE session: stage (May 31, 2017, 4:31:45 AM)
[2017.05.30-10.31.45:943][122]LogPlayLevel: Creating play world package: /Game/Map/UEDPIE_1_stage
[2017.05.30-10.31.45:986][122]LogPlayLevel: PIE: StaticDuplicateObject took: (0.043268s)
[2017.05.30-10.31.45:988][122]LogAIModule: Creating AISystem for world stage
[2017.05.30-10.31.45:988][122]LogPlayLevel: PIE: World Init took: (0.001660s)
[2017.05.30-10.31.45:989][122]LogPlayLevel: PIE: Created PIE world by copying editor world from /Game/Map/stage.stage to /Game/Map/UEDPIE_1_stage.stage (0.045584s)
[2017.05.30-10.31.46:023][122]LogInit: XAudio2 using '스피커(Realtek High Definition Audio)' : 2 channels at 48 kHz using 32 bits per sample (channel mask 0x3)
[2017.05.30-10.31.46:067][122]LogInit: FAudioDevice initialized.
[2017.05.30-10.31.46:161][122]LogLoad: Game class is 'MyGameMode_C'
[2017.05.30-10.31.46:182][122]LogWorld: Bringing World /Game/Map/UEDPIE_1_stage.stage up for play (max tick rate 60) at 2017.05.30-19.31.46
[2017.05.30-10.31.46:183][122]LogWorld: Bringing up level for play took: 0.021013
[2017.05.30-10.31.46:197][122]LogInit: WinSock: Socket queue 131072 / 131072
[2017.05.30-10.31.46:197][122]PacketHandlerLog: Loaded PacketHandler component: Engine.EngineHandlerComponentFactory (StatelessConnectHandlerComponent)
[2017.05.30-10.31.46:197][122]LogNet: GameNetDriver IpNetDriver_2 IpNetDriver listening on port 7777
[2017.05.30-10.31.46:197][122]LogGameMode:Display: Match State Changed from EnteringMap to WaitingToStart
[2017.05.30-10.31.46:197][122]LogGameState: Match State Changed from EnteringMap to WaitingToStart
[2017.05.30-10.31.46:197][122]LogGameMode:Display: Match State Changed from WaitingToStart to InProgress
[2017.05.30-10.31.46:206][122]LogBlueprintUserMessages: [messageScroll_116] Server: DESKTOP-5I3HB32-7D64
[2017.05.30-10.31.46:212][122]LogBlueprintUserMessages: [playercon_C_0] Server: 1
[2017.05.30-10.31.46:213][122]LogGameState: Match State Changed from WaitingToStart to InProgress
[2017.05.30-10.31.46:220][122]PIE: Info Play in editor start time for /Game/Map/UEDPIE_1_stage 0.094
[2017.05.30-10.31.46:231][122]PIE: New page: PIE session: stage (May 31, 2017, 4:31:46 AM)
[2017.05.30-10.31.46:328][122]LogNet: Browse: 127.0.0.1//Game/Map/Main
[2017.05.30-10.31.46:328][122]LogInit: WinSock: Socket queue 32768 / 32768
[2017.05.30-10.31.46:330][122]PacketHandlerLog: Loaded PacketHandler component: Engine.EngineHandlerComponentFactory (StatelessConnectHandlerComponent)
[2017.05.30-10.31.46:330][122]LogNet: Game client on port 7777, rate 10000
[2017.05.30-10.31.46:330][122]LogNet: UPendingNetGame::InitNetDriver: Sending hello. [UNetConnection] RemoteAddr: 127.0.0.1:7777, Name: IpConnection_2, Driver: PendingNetDriver IpNetDriver_3, IsServer: NO, PC: NULL, Owner: NULL
[2017.05.30-10.31.46:341][122]PIE: Info Play in editor start time for /Game/Map/Main 0.215
[2017.05.30-10.31.46:386][122]LogBlueprintUserMessages: Late PlayInEditor Detection: Level '/Game/Map/stage.stage:PersistentLevel' has LevelScriptBlueprint '/Game/Map/stage.stage:PersistentLevel.stage' with GeneratedClass '/Game/Map/stage.stage_C' with ClassGeneratedBy '/Game/Map/stage.stage:PersistentLevel.stage'
[2017.05.30-10.31.46:386][122]LogNet: NotifyAcceptingConnection accepted from: 127.0.0.1:62400
[2017.05.30-10.31.46:386][122]LogHandshake: SendConnectChallenge. Timestamp: 0.019251, Cookie: 248006093150045244022153205165183165044081182171240042185003
[2017.05.30-10.31.46:389][122]LogHandshake: SendChallengeResponse. Timestamp: 0.019251, Cookie: 248006093150045244022153205165183165044081182171240042185003
[2017.05.30-10.31.46:665][123]LogNet: NotifyAcceptingConnection accepted from: 127.0.0.1:62400
[2017.05.30-10.31.46:665][123]LogNet: Server accepting post-challenge connection from: 127.0.0.1:62400
[2017.05.30-10.31.46:665][123]PacketHandlerLog: Loaded PacketHandler component: Engine.EngineHandlerComponentFactory (StatelessConnectHandlerComponent)
[2017.05.30-10.31.46:665][123]LogNet: NotifyAcceptedConnection: Name: stage, TimeStamp: 05/30/17 19:31:46, [UNetConnection] RemoteAddr: 127.0.0.1:62400, Name: IpConnection_3, Driver: GameNetDriver IpNetDriver_2, IsServer: YES, PC: NULL, Owner: NULL
[2017.05.30-10.31.46:665][123]LogNet: AddClientConnection: Added client connection: [UNetConnection] RemoteAddr: 127.0.0.1:62400, Name: IpConnection_3, Driver: GameNetDriver IpNetDriver_2, IsServer: YES, PC: NULL, Owner: NULL
[2017.05.30-10.31.46:665][123]LogNet: NotifyAcceptingChannel Control 0 server World /Game/Map/UEDPIE_1_stage.stage: Accepted
[2017.05.30-10.31.46:665][123]LogNet: Remote platform little endian=1
[2017.05.30-10.31.46:665][123]LogNet: This platform little endian=1
[2017.05.30-10.31.46:666][123]PIE:Warning: Warning This widget does not support focus.  If this is a UserWidget, you should set bIsFocusable to true.
[2017.05.30-10.31.46:668][123]LogBlueprintUserMessages: [CharacterSelect_278] Server: Gasman_C
[2017.05.30-10.31.46:716][124]LogNet: Login request: /Game/Map/Main?Name=DESKTOP-5I3HB32-DCACB84C490E91C36CCA3EAE4AA63C96 userId: DESKTOP-5I3HB32-DCACB84C490E91C36CCA3EAE4AA63C96
[2017.05.30-10.31.46:717][124]LogNet: Welcomed by server (Level: /Game/Map/UEDPIE_1_stage, Game: /Game/BP/MyGameMode.MyGameMode_C)
[2017.05.30-10.31.46:718][124]LogLoad: LoadMap: 127.0.0.1//Game/Map/UEDPIE_1_stage?game=/Game/BP/MyGameMode.MyGameMode_C
[2017.05.30-10.31.46:758][124]Cmd: MEM
[2017.05.30-10.31.46:790][124]LogMemory: Platform Memory Stats for Windows
[2017.05.30-10.31.46:790][124]LogMemory: Process Physical Memory: 2677.67 MB used, 2707.21 MB peak
[2017.05.30-10.31.46:790][124]LogMemory: Process Virtual Memory: 4303.42 MB used, 4326.46 MB peak
[2017.05.30-10.31.46:790][124]LogMemory: Physical Memory: 7769.30 MB used,  4440.57 MB free, 12209.86 MB total
[2017.05.30-10.31.46:790][124]LogMemory: Virtual Memory: 5157.89 MB used,  4440.57 MB free, 134217728.00 MB total
[2017.05.30-10.31.46:790][124]LogMemory: 
[2017.05.30-10.31.46:790][124]Allocator Stats for TBB: (not implemented)
[2017.05.30-10.31.46:840][124]LogAIModule: Creating AISystem for world stage
[2017.05.30-10.31.46:859][124]LogWorld: Bringing World /Game/Map/UEDPIE_2_stage.stage up for play (max tick rate 60) at 2017.05.30-19.31.46
[2017.05.30-10.31.46:860][124]LogWorld: Bringing up level for play took: 0.018471
[2017.05.30-10.31.46:860][124]LogLoad: Took 0.142644 seconds to LoadMap(/Game/Map/UEDPIE_1_stage)
[2017.05.30-10.31.46:917][125]LogNet: Client netspeed is 10000
[2017.05.30-10.31.46:917][125]LogNet: Join request: /Game/Map/Main?Name=DESKTOP-5I3HB32-DCACB84C490E91C36CCA3EAE4AA63C96?SplitscreenCount=1
[2017.05.30-10.31.46:917][125]LogOnline:Warning: OSS: No game present to join for session (Game)
[2017.05.30-10.31.46:918][125]LogNet: Join succeeded: DESKTOP-5I3HB32-DCAC
[2017.05.30-10.31.46:953][126]LogOnline:Warning: OSS: No game present to join for session (Game)
[2017.05.30-10.31.46:953][126]LogOnline:Warning: OSS: No game present to join for session (Game)
[2017.05.30-10.31.47:115][130]PIE:Warning: Warning This widget does not support focus.  If this is a UserWidget, you should set bIsFocusable to true.
[2017.05.30-10.31.47:117][130]LogBlueprintUserMessages: [CharacterSelect_278] Client 1: duek_C
[2017.05.30-10.31.49:381][206]LogBlueprintUserMessages: Early EndPlayMap Detection: Level '/Game/Map/stage.stage:PersistentLevel' has LevelScriptBlueprint '/Game/Map/stage.stage:PersistentLevel.stage' with GeneratedClass '/Game/Map/stage.stage_C' with ClassGeneratedBy '/Game/Map/stage.stage:PersistentLevel.stage'
[2017.05.30-10.31.49:459][206]LogOnline:Display: OSS: FOnlineSubsystemNull::Shutdown()
[2017.05.30-10.31.49:460][206]LogOnline:Warning: OSS: No game present to leave for session (Game)
[2017.05.30-10.31.49:539][206]LogOnline:Display: OSS: FOnlineSubsystemNull::Shutdown()
[2017.05.30-10.31.49:541][206]LogPlayLevel:Display: Shutting down PIE online subsystems
[2017.05.30-10.31.49:543][206]LogBlueprintUserMessages: Late EndPlayMap Detection: Level '/Game/Map/stage.stage:PersistentLevel' has LevelScriptBlueprint '/Game/Map/stage.stage:PersistentLevel.stage' with GeneratedClass '/Game/Map/stage.stage_C' with ClassGeneratedBy '/Game/Map/stage.stage:PersistentLevel.stage'
[2017.05.30-10.31.49:595][206]LogNet: UChannel::CleanUp: ChIndex == 0. Closing connection. [UChannel] ChIndex: 0, Closing: 0 [UNetConnection] RemoteAddr: 127.0.0.1:62400, Name: IpConnection_3, Driver: GameNetDriver IpNetDriver_2, IsServer: YES, PC: None, Owner: None
[2017.05.30-10.31.49:595][206]LogNet: UNetConnection::Close: [UNetConnection] RemoteAddr: 127.0.0.1:62400, Name: IpConnection_3, Driver: GameNetDriver IpNetDriver_2, IsServer: YES, PC: None, Owner: None, Channels: 2, Time: 2017.05.30-10.31.49
[2017.05.30-10.31.49:595][206]LogNet: UChannel::Close: Sending CloseBunch. ChIndex == 0. Name: [UChannel] ChIndex: 0, Closing: 0 [UNetConnection] RemoteAddr: 127.0.0.1:62400, Name: IpConnection_3, Driver: GameNetDriver IpNetDriver_2, IsServer: YES, PC: None, Owner: None
[2017.05.30-10.31.49:596][206]LogNet: UChannel::CleanUp: ChIndex == 0. Closing connection. [UChannel] ChIndex: 0, Closing: 0 [UNetConnection] RemoteAddr: 127.0.0.1:7777, Name: IpConnection_2, Driver: GameNetDriver IpNetDriver_3, IsServer: NO, PC: None, Owner: None
[2017.05.30-10.31.49:596][206]LogNet: UNetConnection::Close: [UNetConnection] RemoteAddr: 127.0.0.1:7777, Name: IpConnection_2, Driver: GameNetDriver IpNetDriver_3, IsServer: NO, PC: None, Owner: None, Channels: 2, Time: 2017.05.30-10.31.49
[2017.05.30-10.31.49:596][206]LogNet: UChannel::Close: Sending CloseBunch. ChIndex == 0. Name: [UChannel] ChIndex: 0, Closing: 0 [UNetConnection] RemoteAddr: 127.0.0.1:7777, Name: IpConnection_2, Driver: GameNetDriver IpNetDriver_3, IsServer: NO, PC: None, Owner: None
[2017.05.30-10.31.49:605][206]LogExit: GameNetDriver None shut down
[2017.05.30-10.31.49:606][206]LogExit: GameNetDriver None shut down
[2017.05.30-10.31.49:686][207]LogPlayLevel:Display: Destroying online subsystem :Context_25
[2017.05.30-10.31.49:686][207]LogOnline:Display: OSS: FOnlineSubsystemNull::Shutdown()
[2017.05.30-10.31.49:686][207]LogPlayLevel:Display: Destroying online subsystem :Context_24
[2017.05.30-10.31.49:686][207]LogOnline:Display: OSS: FOnlineSubsystemNull::Shutdown()
[2017.05.30-10.31.56:522][500]Cmd: OBJ SAVEPACKAGE PACKAGE="/Game/Map/stage" FILE="../../../../../../Users/jcy/Documents/GitHub/UNNAMED/UNNAMED/Content/Map/stage.umap" SILENT=true AUTOSAVING=false KEEPDIRTY=false
[2017.05.30-10.31.57:563][500]LogSavePackage: Save=967.96ms
[2017.05.30-10.31.57:563][500]LogSavePackage: Moving '../../../../../../Users/jcy/Documents/GitHub/UNNAMED/UNNAMED/Saved/stage6B22CD5B4C369C28E5F07EA4C20C7E24.tmp' to '../../../../../../Users/jcy/Documents/GitHub/UNNAMED/UNNAMED/Content/Map/stage.umap'
[2017.05.30-10.31.57:660][500]LogSavePackage:Display: Finished SavePackage ../../../../../../Users/jcy/Documents/GitHub/UNNAMED/UNNAMED/Content/Map/stage.umap
[2017.05.30-10.31.57:713][500]Cmd: OBJ SAVEPACKAGE PACKAGE="/Game/Map/stage_BuiltData" FILE="../../../../../../Users/jcy/Documents/GitHub/UNNAMED/UNNAMED/Content/Map/stage_BuiltData.uasset" SILENT=true
[2017.05.30-10.32.00:037][500]LogSavePackage: Save=2265.03ms
[2017.05.30-10.32.00:037][500]LogSavePackage: Moving '../../../../../../Users/jcy/Documents/GitHub/UNNAMED/UNNAMED/Saved/stage_BuiltData122CA5B0439F7E91F9F624A92CC300D2.tmp' to '../../../../../../Users/jcy/Documents/GitHub/UNNAMED/UNNAMED/Content/Map/stage_BuiltData.uasset'
[2017.05.30-10.32.00:043][500]LogSavePackage:Display: Finished SavePackage ../../../../../../Users/jcy/Documents/GitHub/UNNAMED/UNNAMED/Content/Map/stage_BuiltData.uasset
[2017.05.30-10.32.42:100][177]BlueprintLog: New page: Compile AL
[2017.05.30-10.32.43:622][227]Cmd: OBJ SAVEPACKAGE PACKAGE="/Game/Widget/AL" FILE="../../../../../../Users/jcy/Documents/GitHub/UNNAMED/UNNAMED/Content/Widget/AL.uasset" SILENT=true
[2017.05.30-10.32.43:700][227]LogSavePackage: Save=34.78ms
[2017.05.30-10.32.43:700][227]LogSavePackage: Moving '../../../../../../Users/jcy/Documents/GitHub/UNNAMED/UNNAMED/Saved/AL3FE7421F4C6729DEDD36E29D68BDF3EF.tmp' to '../../../../../../Users/jcy/Documents/GitHub/UNNAMED/UNNAMED/Content/Widget/AL.uasset'
[2017.05.30-10.32.43:705][227]LogSavePackage:Display: Finished SavePackage ../../../../../../Users/jcy/Documents/GitHub/UNNAMED/UNNAMED/Content/Widget/AL.uasset
[2017.05.30-10.32.47:699][340]Cmd: OBJ SAVEPACKAGE PACKAGE="/Game/Widget/PHUD" FILE="../../../../../../Users/jcy/Documents/GitHub/UNNAMED/UNNAMED/Content/Widget/PHUD.uasset" SILENT=true
[2017.05.30-10.32.47:935][340]LogSavePackage: Save=172.33ms
[2017.05.30-10.32.47:935][340]LogSavePackage: Moving '../../../../../../Users/jcy/Documents/GitHub/UNNAMED/UNNAMED/Saved/PHUD8E92EA7E4F31FD9B75191B90A8983916.tmp' to '../../../../../../Users/jcy/Documents/GitHub/UNNAMED/UNNAMED/Content/Widget/PHUD.uasset'
[2017.05.30-10.32.47:940][340]LogSavePackage:Display: Finished SavePackage ../../../../../../Users/jcy/Documents/GitHub/UNNAMED/UNNAMED/Content/Widget/PHUD.uasset
[2017.05.30-10.32.48:189][340]LogActorComponent: UnregisterComponent: (/Engine/Transient.EditorFloorComp) Not registered. Aborting.
[2017.05.30-10.32.48:399][340]LogActorComponent: UnregisterComponent: (/Engine/Transient.EditorFloorComp) Not registered. Aborting.
[2017.05.30-10.32.48:561][340]LogActorComponent: UnregisterComponent: (/Engine/Transient.EditorFloorComp) Not registered. Aborting.
[2017.05.30-10.32.48:740][340]LogWindowsTextInputMethodSystem:Display: IME system now activated using TSF (Microsoft 입력기).
[2017.05.30-10.32.49:018][341]Cmd: QUIT_EDITOR
[2017.05.30-10.32.50:063][341]LogExit: Preparing to exit.
[2017.05.30-10.32.50:656][341]LogDirectoryWatcher: A directory notification for 'C:/Users/jcy/Documents/GitHub/UNNAMED/UNNAMED/Content/' was aborted.
[2017.05.30-10.32.50:791][341]LogExit: Editor shut down
[2017.05.30-10.32.50:791][341]LogExit: Transaction tracking system shut down
[2017.05.30-10.32.51:122][341]LogObj: Freed 0b from 0 cluster array pools.
[2017.05.30-10.32.51:123][341]LogExit: Object subsystem successfully closed.
[2017.05.30-10.32.51:157][341]LogD3D11RHI: Shutdown
[2017.05.30-10.32.51:157][341]LogD3D11RHI: CleanupD3DDevice
[2017.05.30-10.32.51:442][341]LogD3D11RHI: ~FD3D11DynamicRHI
[2017.05.30-10.32.51:481][341]LogModuleManager: Shutting down and abandoning module MovieSceneCapture (514)
[2017.05.30-10.32.51:481][341]LogModuleManager: Shutting down and abandoning module Voice (512)
[2017.05.30-10.32.51:481][341]LogModuleManager: Shutting down and abandoning module SequencerWidgets (510)
[2017.05.30-10.32.51:481][341]LogModuleManager: Shutting down and abandoning module SkeletonEditor (508)
[2017.05.30-10.32.51:481][341]LogModuleManager: Shutting down and abandoning module AnimationBlueprintEditor (506)
[2017.05.30-10.32.51:481][341]LogModuleManager: Shutting down and abandoning module BlueprintGraph (504)
[2017.05.30-10.32.51:481][341]LogModuleManager: Shutting down and abandoning module BlueprintProfiler (502)
[2017.05.30-10.32.51:481][341]LogModuleManager: Shutting down and abandoning module HierarchicalLODOutliner (500)
[2017.05.30-10.32.51:481][341]LogModuleManager: Shutting down and abandoning module CrashTracker (498)
[2017.05.30-10.32.51:481][341]LogModuleManager: Shutting down and abandoning module SceneOutliner (496)
[2017.05.30-10.32.51:482][341]LogModuleManager: Shutting down and abandoning module AddContentDialog (494)
[2017.05.30-10.32.51:482][341]LogDirectoryWatcher: A directory notification for 'C:/Program Files/Epic Games/UE_4.15/FeaturePacks/' was aborted.
[2017.05.30-10.32.51:486][341]LogModuleManager: Shutting down and abandoning module WidgetCarousel (493)
[2017.05.30-10.32.51:486][341]LogModuleManager: Shutting down and abandoning module EditorWidgets (490)
[2017.05.30-10.32.51:486][341]LogModuleManager: Shutting down and abandoning module CollectionManager (488)
[2017.05.30-10.32.51:486][341]LogDirectoryWatcher: A directory notification for 'C:/Users/jcy/Documents/GitHub/UNNAMED/UNNAMED/Content/Collections/' was aborted.
[2017.05.30-10.32.51:486][341]LogDirectoryWatcher: A directory notification for 'C:/Users/jcy/Documents/GitHub/UNNAMED/UNNAMED/Content/Developers/jcy/Collections/' was aborted.
[2017.05.30-10.32.51:486][341]LogDirectoryWatcher: A directory notification for 'C:/Users/jcy/Documents/GitHub/UNNAMED/UNNAMED/Saved/Collections/' was aborted.
[2017.05.30-10.32.51:486][341]LogModuleManager: Shutting down and abandoning module StatsViewer (486)
[2017.05.30-10.32.51:486][341]LogModuleManager: Shutting down and abandoning module FoliageEdit (484)
[2017.05.30-10.32.51:486][341]LogModuleManager: Shutting down and abandoning module LandscapeEditor (482)
[2017.05.30-10.32.51:486][341]LogModuleManager: Shutting down and abandoning module SceneDepthPickerMode (480)
[2017.05.30-10.32.51:486][341]LogModuleManager: Shutting down and abandoning module ActorPickerMode (478)
[2017.05.30-10.32.51:486][341]LogModuleManager: Shutting down and abandoning module GeometryMode (476)
[2017.05.30-10.32.51:486][341]LogModuleManager: Shutting down and abandoning module TextureAlignMode (474)
[2017.05.30-10.32.51:486][341]LogModuleManager: Shutting down and abandoning module BspMode (472)
[2017.05.30-10.32.51:486][341]LogModuleManager: Shutting down and abandoning module HardwareSurvey (470)
[2017.05.30-10.32.51:486][341]LogModuleManager: Shutting down and abandoning module SequenceRecorderSections (468)
[2017.05.30-10.32.51:486][341]LogModuleManager: Shutting down and abandoning module AutomationWorker (466)
[2017.05.30-10.32.51:486][341]LogModuleManager: Shutting down and abandoning module MatineeToLevelSequence (464)
[2017.05.30-10.32.51:486][341]LogModuleManager: Shutting down and abandoning module LevelSequenceEditor (462)
[2017.05.30-10.32.51:486][341]LogModuleManager: Shutting down and abandoning module PlacementMode (461)
[2017.05.30-10.32.51:486][341]LogModuleManager: Shutting down and abandoning module WmfMediaFactory (458)
[2017.05.30-10.32.51:486][341]LogModuleManager: Shutting down and abandoning module WmfMediaEditor (456)
[2017.05.30-10.32.51:486][341]LogModuleManager: Shutting down and abandoning module MfMediaFactory (454)
[2017.05.30-10.32.51:486][341]LogModuleManager: Shutting down and abandoning module MfMediaEditor (452)
[2017.05.30-10.32.51:486][341]LogModuleManager: Shutting down and abandoning module AvfMediaFactory (450)
[2017.05.30-10.32.51:486][341]LogModuleManager: Shutting down and abandoning module AvfMediaEditor (448)
[2017.05.30-10.32.51:486][341]LogModuleManager: Shutting down and abandoning module AndroidMediaFactory (446)
[2017.05.30-10.32.51:486][341]LogModuleManager: Shutting down and abandoning module Media (445)
[2017.05.30-10.32.51:486][341]LogModuleManager: Shutting down and abandoning module AndroidMediaEditor (442)
[2017.05.30-10.32.51:486][341]LogModuleManager: Shutting down and abandoning module CharacterAI (440)
[2017.05.30-10.32.51:486][341]LogModuleManager: Shutting down and abandoning module AudioCapture (438)
[2017.05.30-10.32.51:486][341]LogModuleManager: Shutting down and abandoning module SequenceRecorder (437)
[2017.05.30-10.32.51:486][341]LogModuleManager: Shutting down and abandoning module SmartSnapping (434)
[2017.05.30-10.32.51:486][341]LogModuleManager: Shutting down and abandoning module SessionServices (432)
[2017.05.30-10.32.51:486][341]LogModuleManager: Shutting down and abandoning module ViewportSnapping (430)
[2017.05.30-10.32.51:486][341]LogModuleManager: Shutting down and abandoning module ViewportInteraction (428)
[2017.05.30-10.32.51:486][341]LogModuleManager: Shutting down and abandoning module LogVisualizer (426)
[2017.05.30-10.32.51:486][341]LogModuleManager: Shutting down and abandoning module IntroTutorials (424)
[2017.05.30-10.32.51:487][341]LogModuleManager: Shutting down and abandoning module GameProjectGeneration (423)
[2017.05.30-10.32.51:487][341]LogModuleManager: Shutting down and abandoning module EditorLiveStreaming (420)
[2017.05.30-10.32.51:487][341]LogModuleManager: Shutting down and abandoning module IOSPlatformEditor (418)
[2017.05.30-10.32.51:487][341]LogModuleManager: Shutting down and abandoning module HTML5PlatformEditor (416)
[2017.05.30-10.32.51:487][341]LogModuleManager: Shutting down and abandoning module AndroidPlatformEditor (414)
[2017.05.30-10.32.51:487][341]LogModuleManager: Shutting down and abandoning module AndroidDeviceDetection (413)
[2017.05.30-10.32.51:861][341]LogModuleManager: Shutting down and abandoning module IOSRuntimeSettings (410)
[2017.05.30-10.32.51:861][341]LogModuleManager: Shutting down and abandoning module AndroidRuntimeSettings (408)
[2017.05.30-10.32.51:861][341]LogModuleManager: Shutting down and abandoning module InputBindingEditor (406)
[2017.05.30-10.32.51:861][341]LogModuleManager: Shutting down and abandoning module NiagaraEditor (404)
[2017.05.30-10.32.51:861][341]LogModuleManager: Shutting down and abandoning module MergeActors (402)
[2017.05.30-10.32.51:861][341]LogModuleManager: Shutting down and abandoning module SizeMap (400)
[2017.05.30-10.32.51:861][341]LogModuleManager: Shutting down and abandoning module TreeMap (398)
[2017.05.30-10.32.51:861][341]LogModuleManager: Shutting down and abandoning module ReferenceViewer (396)
[2017.05.30-10.32.51:861][341]LogModuleManager: Shutting down and abandoning module LocalizationDashboard (394)
[2017.05.30-10.32.51:861][341]LogModuleManager: Shutting down and abandoning module LocalizationService (393)
[2017.05.30-10.32.51:861][341]LogModuleManager: Shutting down and abandoning module HardwareTargeting (390)
[2017.05.30-10.32.51:861][341]LogModuleManager: Shutting down and abandoning module DeviceProfileEditor (388)
[2017.05.30-10.32.51:861][341]LogModuleManager: Shutting down and abandoning module UndoHistory (386)
[2017.05.30-10.32.51:861][341]LogModuleManager: Shutting down and abandoning module UserFeedback (384)
[2017.05.30-10.32.51:861][341]LogModuleManager: Shutting down and abandoning module XmlParser (382)
[2017.05.30-10.32.51:861][341]LogModuleManager: Shutting down and abandoning module Blutility (380)
[2017.05.30-10.32.51:861][341]LogModuleManager: Shutting down and abandoning module ProjectSettingsViewer (378)
[2017.05.30-10.32.51:862][341]LogModuleManager: Shutting down and abandoning module ProjectTargetPlatformEditor (377)
[2017.05.30-10.32.51:862][341]LogModuleManager: Shutting down and abandoning module EditorSettingsViewer (374)
[2017.05.30-10.32.51:862][341]LogModuleManager: Shutting down and abandoning module SettingsEditor (372)
[2017.05.30-10.32.51:862][341]LogModuleManager: Shutting down and abandoning module ProjectLauncher (370)
[2017.05.30-10.32.51:862][341]LogModuleManager: Shutting down and abandoning module SessionFrontend (368)
[2017.05.30-10.32.51:862][341]LogModuleManager: Shutting down and abandoning module ProfilerClient (366)
[2017.05.30-10.32.51:862][341]LogModuleManager: Shutting down and abandoning module DeviceManager (364)
[2017.05.30-10.32.51:862][341]LogModuleManager: Shutting down and abandoning module TargetDeviceServices (363)
[2017.05.30-10.32.51:905][341]LogModuleManager: Shutting down and abandoning module AutomationController (360)
[2017.05.30-10.32.51:905][341]LogModuleManager: Shutting down and abandoning module AutomationWindow (358)
[2017.05.30-10.32.51:905][341]LogModuleManager: Shutting down and abandoning module Layers (356)
[2017.05.30-10.32.51:905][341]LogModuleManager: Shutting down and abandoning module ComponentVisualizers (354)
[2017.05.30-10.32.51:905][341]LogModuleManager: Shutting down and abandoning module DetailCustomizations (352)
[2017.05.30-10.32.51:905][341]LogModuleManager: Shutting down and abandoning module PackagesDialog (350)
[2017.05.30-10.32.51:905][341]LogModuleManager: Shutting down and abandoning module Persona (348)
[2017.05.30-10.32.51:905][341]LogModuleManager: Shutting down and abandoning module AnimGraph (347)
[2017.05.30-10.32.51:905][341]LogModuleManager: Shutting down and abandoning module Kismet (344)
[2017.05.30-10.32.51:925][341]LogModuleManager: Shutting down and abandoning module GraphEditor (342)
[2017.05.30-10.32.51:926][341]LogModuleManager: Shutting down and abandoning module ClassViewer (340)
[2017.05.30-10.32.51:926][341]LogModuleManager: Shutting down and abandoning module Toolbox (338)
[2017.05.30-10.32.51:926][341]LogModuleManager: Shutting down and abandoning module ModuleUI (336)
[2017.05.30-10.32.51:926][341]LogModuleManager: Shutting down and abandoning module MovieSceneTools (334)
[2017.05.30-10.32.51:926][341]LogModuleManager: Shutting down and abandoning module OutputLog (332)
[2017.05.30-10.32.51:926][341]LogModuleManager: Shutting down and abandoning module GammaUI (330)
[2017.05.30-10.32.51:926][341]LogModuleManager: Shutting down and abandoning module Documentation (328)
[2017.05.30-10.32.51:926][341]LogModuleManager: Shutting down and abandoning module Niagara (326)
[2017.05.30-10.32.51:926][341]LogModuleManager: Shutting down and abandoning module StreamingPauseRendering (324)
[2017.05.30-10.32.51:926][341]LogModuleManager: Shutting down and abandoning module AnalyticsET (322)
[2017.05.30-10.32.51:926][341]LogModuleManager: Shutting down and abandoning module PortalServices (320)
[2017.05.30-10.32.51:926][341]LogModuleManager: Shutting down and abandoning module PortalRpc (318)
[2017.05.30-10.32.51:926][341]LogModuleManager: Shutting down and abandoning module MessagingRpc (316)
[2017.05.30-10.32.51:926][341]LogModuleManager: Shutting down and abandoning module AIModule (314)
[2017.05.30-10.32.51:926][341]LogModuleManager: Shutting down and abandoning module GameplayDebugger (313)
[2017.05.30-10.32.51:926][341]LogModuleManager: Shutting down and abandoning module AITestSuite (311)
[2017.05.30-10.32.51:926][341]LogModuleManager: Shutting down and abandoning module ProfilerService (308)
[2017.05.30-10.32.51:948][341]LogModuleManager: Shutting down and abandoning module TaskGraph (306)
[2017.05.30-10.32.51:948][341]LogModuleManager: Shutting down and abandoning module SteamVRController (304)
[2017.05.30-10.32.51:948][341]LogModuleManager: Shutting down and abandoning module SteamVR (302)
[2017.05.30-10.32.51:948][341]LogModuleManager: Shutting down and abandoning module ProceduralMeshComponentEditor (300)
[2017.05.30-10.32.51:948][341]LogModuleManager: Shutting down and abandoning module ProceduralMeshComponent (298)
[2017.05.30-10.32.51:948][341]LogModuleManager: Shutting down and abandoning module OculusLibrary (296)
[2017.05.30-10.32.51:948][341]LogModuleManager: Shutting down and abandoning module OculusInput (294)
[2017.05.30-10.32.51:948][341]LogModuleManager: Shutting down and abandoning module MobilePatchingUtils (292)
[2017.05.30-10.32.51:948][341]LogModuleManager: Shutting down and abandoning module CustomMeshComponent (290)
[2017.05.30-10.32.51:948][341]LogModuleManager: Shutting down and abandoning module CableComponent (288)
[2017.05.30-10.32.51:948][341]LogModuleManager: Shutting down and abandoning module ArchVisCharacter (286)
[2017.05.30-10.32.51:948][341]LogModuleManager: Shutting down and abandoning module MediaPlayerEditor (284)
[2017.05.30-10.32.51:948][341]LogModuleManager: Shutting down and abandoning module HTML5Networking (282)
[2017.05.30-10.32.51:948][341]LogModuleManager: Shutting down and abandoning module AlembicImporter (280)
[2017.05.30-10.32.51:948][341]LogModuleManager: Shutting down and abandoning module AlembicLibrary (279)
[2017.05.30-10.32.51:948][341]LogModuleManager: Shutting down and abandoning module GeometryCache (278)
[2017.05.30-10.32.51:948][341]LogModuleManager: Shutting down and abandoning module GeometryCacheEd (277)
[2017.05.30-10.32.51:948][341]LogModuleManager: Shutting down and abandoning module SuperSearchEditor (272)
[2017.05.30-10.32.51:948][341]LogModuleManager: Shutting down and abandoning module SuperSearch (271)
[2017.05.30-10.32.51:948][341]LogModuleManager: Shutting down and abandoning module SpeedTreeImporter (268)
[2017.05.30-10.32.51:948][341]LogModuleManager: Shutting down and abandoning module PluginBrowser (266)
[2017.05.30-10.32.51:948][341]LogModuleManager: Shutting down and abandoning module MobileLauncherProfileWizard (264)
[2017.05.30-10.32.51:948][341]LogModuleManager: Shutting down and abandoning module EpicSurvey (262)
[2017.05.30-10.32.51:948][341]LogModuleManager: Shutting down and abandoning module VisualStudioSourceCodeAccess (260)
[2017.05.30-10.32.51:948][341]LogModuleManager: Shutting down and abandoning module DesktopPlatform (259)
[2017.05.30-10.32.51:948][341]LogModuleManager: Shutting down and abandoning module UObjectPlugin (256)
[2017.05.30-10.32.51:948][341]LogModuleManager: Shutting down and abandoning module SubversionSourceControl (254)
[2017.05.30-10.32.51:948][341]LogModuleManager: Shutting down and abandoning module PerforceSourceControl (252)
[2017.05.30-10.32.51:948][341]LogModuleManager: Shutting down and abandoning module GitSourceControl (250)
[2017.05.30-10.32.51:948][341]LogModuleManager: Shutting down and abandoning module SourceControl (249)
[2017.05.30-10.32.51:948][341]LogModuleManager: Shutting down and abandoning module LightPropagationVolumeEditor (246)
[2017.05.30-10.32.51:948][341]LogModuleManager: Shutting down and abandoning module PaperTiledImporter (244)
[2017.05.30-10.32.51:948][341]LogModuleManager: Shutting down and abandoning module PaperSpriteSheetImporter (242)
[2017.05.30-10.32.51:948][341]LogModuleManager: Shutting down and abandoning module Paper2DEditor (240)
[2017.05.30-10.32.51:948][341]LogModuleManager: Shutting down and abandoning module MeshPaint (239)
[2017.05.30-10.32.51:948][341]LogModuleManager: Shutting down and abandoning module LevelEditor (237)
[2017.05.30-10.32.51:949][341]LogModuleManager: Shutting down and abandoning module PixelInspectorModule (236)
[2017.05.30-10.32.51:949][341]LogModuleManager: Shutting down and abandoning module MainFrame (234)
[2017.05.30-10.32.51:949][341]LogModuleManager: Shutting down and abandoning module HotReload (233)
[2017.05.30-10.32.51:950][341]LogModuleManager: Shutting down and abandoning module ContentBrowser (229)
[2017.05.30-10.32.51:953][341]LogModuleManager: Shutting down and abandoning module PhysXVehiclesEditor (226)
[2017.05.30-10.32.51:953][341]LogModuleManager: Shutting down and abandoning module PhysXVehicles (224)
[2017.05.30-10.32.51:953][341]LogModuleManager: Shutting down and abandoning module LocationServicesBPLibrary (222)
[2017.05.30-10.32.51:953][341]LogModuleManager: Shutting down and abandoning module UdpMessaging (220)
[2017.05.30-10.32.52:054][341]LogModuleManager: Shutting down and abandoning module TcpMessaging (218)
[2017.05.30-10.32.52:154][341]LogModuleManager: Shutting down and abandoning module GameplayTagsEditor (216)
[2017.05.30-10.32.52:154][341]LogModuleManager: Shutting down and abandoning module FacialAnimationEditor (214)
[2017.05.30-10.32.52:154][341]LogModuleManager: Shutting down and abandoning module FacialAnimation (212)
[2017.05.30-10.32.52:154][341]LogModuleManager: Shutting down and abandoning module LightPropagationVolumeRuntime (210)
[2017.05.30-10.32.52:154][341]LogModuleManager: Shutting down and abandoning module Paper2D (208)
[2017.05.30-10.32.52:154][341]LogModuleManager: Shutting down and abandoning module WindowsMoviePlayer (206)
[2017.05.30-10.32.52:154][341]LogModuleManager: Shutting down and abandoning module WmfMedia (204)
[2017.05.30-10.32.52:154][341]LogModuleManager: Shutting down and abandoning module MfMedia (202)
[2017.05.30-10.32.52:154][341]LogModuleManager: Shutting down and abandoning module MediaAssets (200)
[2017.05.30-10.32.52:154][341]LogModuleManager: Shutting down and abandoning module GameLiveStreaming (198)
[2017.05.30-10.32.52:154][341]LogModuleManager: Shutting down and abandoning module VREditor (196)
[2017.05.30-10.32.52:154][341]LogModuleManager: Shutting down and abandoning module GameplayTasksEditor (194)
[2017.05.30-10.32.52:154][341]LogModuleManager: Shutting down and abandoning module BehaviorTreeEditor (192)
[2017.05.30-10.32.52:154][341]LogModuleManager: Shutting down and abandoning module FunctionalTesting (190)
[2017.05.30-10.32.52:154][341]LogModuleManager: Shutting down and abandoning module CollisionAnalyzer (188)
[2017.05.30-10.32.52:155][341]LogModuleManager: Shutting down and abandoning module UMG (186)
[2017.05.30-10.32.52:155][341]LogModuleManager: Shutting down and abandoning module UMGEditor (185)
[2017.05.30-10.32.52:155][341]LogModuleManager: Shutting down and abandoning module Sequencer (184)
[2017.05.30-10.32.52:155][341]LogModuleManager: Shutting down and abandoning module AssetTools (182)
[2017.05.30-10.32.52:155][341]LogModuleManager: Shutting down and abandoning module MessageLog (181)
[2017.05.30-10.32.52:155][341]LogModuleManager: Shutting down and abandoning module WorkspaceMenuStructure (180)
[2017.05.30-10.32.52:155][341]LogModuleManager: Shutting down and abandoning module SlateReflector (174)
[2017.05.30-10.32.52:155][341]LogModuleManager: Shutting down and abandoning module Slate (172)
[2017.05.30-10.32.52:155][341]LogModuleManager: Shutting down and abandoning module EditorStyle (170)
[2017.05.30-10.32.52:159][341]LogModuleManager: Shutting down and abandoning module SourceCodeAccess (168)
[2017.05.30-10.32.52:159][341]LogModuleManager: Shutting down and abandoning module HeadMountedDisplay (166)
[2017.05.30-10.32.52:159][341]LogModuleManager: Shutting down and abandoning module XAudio2 (164)
[2017.05.30-10.32.52:159][341]LogModuleManager: Shutting down and abandoning module Networking (162)
[2017.05.30-10.32.52:159][341]LogModuleManager: Shutting down and abandoning module Core (160)
[2017.05.30-10.32.52:159][341]LogModuleManager: Shutting down and abandoning module AssetRegistry (158)
[2017.05.30-10.32.52:325][341]LogDirectoryWatcher: A directory notification for '../../../Engine/Content/' was aborted.
[2017.05.30-10.32.52:325][341]LogDirectoryWatcher: A directory notification for '../../../../../../Users/jcy/Documents/GitHub/UNNAMED/UNNAMED/Content/' was aborted.
[2017.05.30-10.32.52:325][341]LogDirectoryWatcher: A directory notification for '../../../Engine/Plugins/2D/Paper2D/Content/' was aborted.
[2017.05.30-10.32.52:325][341]LogModuleManager: Shutting down and abandoning module DirectoryWatcher (157)
[2017.05.30-10.32.52:326][341]LogModuleManager: Shutting down and abandoning module KismetCompiler (154)
[2017.05.30-10.32.52:326][341]LogModuleManager: Shutting down and abandoning module PhysXFormats (152)
[2017.05.30-10.32.52:326][341]LogModuleManager: Shutting down and abandoning module MeshUtilities (150)
[2017.05.30-10.32.52:326][341]LogModuleManager: Shutting down and abandoning module SimplygonSwarm (149)
[2017.05.30-10.32.52:326][341]LogModuleManager: Shutting down and abandoning module SimplygonMeshReduction (147)
[2017.05.30-10.32.52:326][341]LogModuleManager: Shutting down and abandoning module QuadricMeshReduction (145)
[2017.05.30-10.32.52:326][341]LogModuleManager: Shutting down and abandoning module PropertyEditor (143)
[2017.05.30-10.32.52:326][341]LogModuleManager: Shutting down and abandoning module DerivedDataCache (140)
[2017.05.30-10.32.52:405][341]LogDerivedDataCache: Shutdown
[2017.05.30-10.32.52:405][341]LogModuleManager: Shutting down and abandoning module TargetPlatform (138)
[2017.05.30-10.32.52:405][341]LogModuleManager: Shutting down and abandoning module VulkanShaderFormat (137)
[2017.05.30-10.32.52:405][341]LogModuleManager: Shutting down and abandoning module ShaderFormatOpenGL (135)
[2017.05.30-10.32.52:405][341]LogModuleManager: Shutting down and abandoning module ShaderFormatD3D (133)
[2017.05.30-10.32.52:405][341]LogModuleManager: Shutting down and abandoning module MetalShaderFormat (131)
[2017.05.30-10.32.52:405][341]LogModuleManager: Shutting down and abandoning module TextureFormatUncompressed (129)
[2017.05.30-10.32.52:405][341]LogModuleManager: Shutting down and abandoning module TextureFormatPVR (127)
[2017.05.30-10.32.52:405][341]LogModuleManager: Shutting down and abandoning module TextureFormatDXT (125)
[2017.05.30-10.32.52:405][341]LogModuleManager: Shutting down and abandoning module TextureFormatIntelISPCTexComp (123)
[2017.05.30-10.32.52:405][341]LogModuleManager: Shutting down and abandoning module TextureFormatASTC (121)
[2017.05.30-10.32.52:405][341]LogModuleManager: Shutting down and abandoning module ImageWrapper (120)
[2017.05.30-10.32.52:405][341]LogModuleManager: Shutting down and abandoning module TextureFormatAndroid (117)
[2017.05.30-10.32.52:405][341]LogModuleManager: Shutting down and abandoning module AudioFormatOpus (115)
[2017.05.30-10.32.52:406][341]LogModuleManager: Shutting down and abandoning module AudioFormatOgg (113)
[2017.05.30-10.32.52:406][341]LogModuleManager: Shutting down and abandoning module AudioFormatADPCM (111)
[2017.05.30-10.32.52:406][341]LogModuleManager: Shutting down and abandoning module LinuxTargetPlatform (109)
[2017.05.30-10.32.52:406][341]LogModuleManager: Shutting down and abandoning module LinuxServerTargetPlatform (107)
[2017.05.30-10.32.52:406][341]LogModuleManager: Shutting down and abandoning module LinuxNoEditorTargetPlatform (105)
[2017.05.30-10.32.52:406][341]LogModuleManager: Shutting down and abandoning module LinuxClientTargetPlatform (103)
[2017.05.30-10.32.52:406][341]LogModuleManager: Shutting down and abandoning module TVOSTargetPlatform (101)
[2017.05.30-10.32.52:406][341]LogModuleManager: Shutting down and abandoning module Messaging (99)
[2017.05.30-10.32.52:406][341]LogModuleManager: Shutting down and abandoning module IOSTargetPlatform (97)
[2017.05.30-10.32.52:406][341]LogModuleManager: Shutting down and abandoning module HTML5TargetPlatform (95)
[2017.05.30-10.32.52:406][341]LogModuleManager: Shutting down and abandoning module Android_PVRTCTargetPlatform (93)
[2017.05.30-10.32.52:406][341]LogModuleManager: Shutting down and abandoning module Android_MultiTargetPlatform (91)
[2017.05.30-10.32.52:406][341]LogModuleManager: Shutting down and abandoning module Android_ETC2TargetPlatform (89)
[2017.05.30-10.32.52:406][341]LogModuleManager: Shutting down and abandoning module Android_ETC1TargetPlatform (87)
[2017.05.30-10.32.52:406][341]LogModuleManager: Shutting down and abandoning module Android_DXTTargetPlatform (85)
[2017.05.30-10.32.52:406][341]LogModuleManager: Shutting down and abandoning module Android_ATCTargetPlatform (83)
[2017.05.30-10.32.52:406][341]LogModuleManager: Shutting down and abandoning module Android_ASTCTargetPlatform (81)
[2017.05.30-10.32.52:406][341]LogModuleManager: Shutting down and abandoning module AndroidTargetPlatform (79)
[2017.05.30-10.32.52:406][341]LogModuleManager: Shutting down and abandoning module WindowsTargetPlatform (77)
[2017.05.30-10.32.52:406][341]LogModuleManager: Shutting down and abandoning module WindowsServerTargetPlatform (75)
[2017.05.30-10.32.52:406][341]LogModuleManager: Shutting down and abandoning module WindowsNoEditorTargetPlatform (73)
[2017.05.30-10.32.52:406][341]LogModuleManager: Shutting down and abandoning module WindowsClientTargetPlatform (71)
[2017.05.30-10.32.52:406][341]LogModuleManager: Shutting down and abandoning module MacTargetPlatform (69)
[2017.05.30-10.32.52:406][341]LogModuleManager: Shutting down and abandoning module MacServerTargetPlatform (67)
[2017.05.30-10.32.52:406][341]LogModuleManager: Shutting down and abandoning module MacNoEditorTargetPlatform (65)
[2017.05.30-10.32.52:406][341]LogModuleManager: Shutting down and abandoning module MacClientTargetPlatform (63)
[2017.05.30-10.32.52:406][341]LogModuleManager: Shutting down and abandoning module AllDesktopTargetPlatform (61)
[2017.05.30-10.32.52:406][341]LogModuleManager: Shutting down and abandoning module InputCore (58)
[2017.05.30-10.32.52:406][341]LogModuleManager: Shutting down and abandoning module Settings (56)
[2017.05.30-10.32.52:406][341]LogModuleManager: Shutting down and abandoning module OculusRift (54)
[2017.05.30-10.32.52:406][341]LogModuleManager: Shutting down and abandoning module GearVR (52)
[2017.05.30-10.32.52:406][341]LogModuleManager: Shutting down and abandoning module ExampleDeviceProfileSelector (50)
[2017.05.30-10.32.52:406][341]LogModuleManager: Shutting down and abandoning module OnlineBlueprintSupport (48)
[2017.05.30-10.32.52:406][341]LogModuleManager: Shutting down and abandoning module OnlineSubsystem (44)
[2017.05.30-10.32.52:406][341]LogOnline:Display: OSS: FOnlineSubsystemNull::Shutdown()
[2017.05.30-10.32.52:406][341]LogOnline:Display: Unloading online subsystem: STEAM
[2017.05.30-10.32.52:407][341]LogOnline:Display: Unloading online subsystem: NULL
[2017.05.30-10.32.52:407][341]LogModuleManager: Shutting down and abandoning module XMPP (37)
[2017.05.30-10.32.52:407][341]LogModuleManager: Shutting down and abandoning module HTTP (35)
[2017.05.30-10.32.52:407][341]LogHttp:Display: Http module shutting down, but needs to wait on 1 outstanding Http requests:
[2017.05.30-10.32.52:407][341]LogHttp:Display: 	verb=[POST] url=[https://datarouter.ol.epicgames.com/datarouter/api/v1/public/data?SessionID=%7BE42C736F-4802-3C56-3E68-47840C9789A1%7D&AppID=UEEditor.Rocket.Release&AppVersion=4.15.1-3348071%2B%2B%2BUE4%2BRelease-4.15&UserID=a07495f74c58e19515019bb4e70f5d77%7C9b3181ca76214d4d8bfeb8cff36b7c1c%7C26ae4e54-a309-4a23-9817-c1f836c34cfa&AppEnvironment=datacollector-binary&UploadType=eteventstream] status=Processing
[2017.05.30-10.32.52:438][341]LogModuleManager: Shutting down and abandoning module SSL (34)
[2017.05.30-10.32.52:439][341]LogModuleManager: Shutting down and abandoning module AudioEditor (30)
[2017.05.30-10.32.52:439][341]LogModuleManager: Shutting down and abandoning module TextureCompressor (28)
[2017.05.30-10.32.52:439][341]LogModuleManager: Shutting down and abandoning module ShaderCore (26)
[2017.05.30-10.32.52:439][341]LogModuleManager: Shutting down and abandoning module Landscape (24)
[2017.05.30-10.32.52:439][341]LogModuleManager: Shutting down and abandoning module SlateRHIRenderer (22)
[2017.05.30-10.32.52:442][341]LogModuleManager: Shutting down and abandoning module OpenGLDrv (20)
[2017.05.30-10.32.52:442][341]LogModuleManager: Shutting down and abandoning module D3D11RHI (18)
[2017.05.30-10.32.52:442][341]LogModuleManager: Shutting down and abandoning module AnimGraphRuntime (16)
[2017.05.30-10.32.52:443][341]LogModuleManager: Shutting down and abandoning module Renderer (14)
[2017.05.30-10.32.52:443][341]LogModuleManager: Shutting down and abandoning module Engine (12)
[2017.05.30-10.32.52:443][341]LogModuleManager: Shutting down and abandoning module CoreUObject (10)
[2017.05.30-10.32.52:443][341]LogModuleManager: Shutting down and abandoning module NetworkFile (8)
[2017.05.30-10.32.52:443][341]LogModuleManager: Shutting down and abandoning module StreamingFile (6)
[2017.05.30-10.32.52:443][341]LogModuleManager: Shutting down and abandoning module SandboxFile (4)
[2017.05.30-10.32.52:443][341]LogModuleManager: Shutting down and abandoning module PakFile (2)
[2017.05.30-10.32.52:450][341]LogExit: Exiting.
[2017.05.30-10.32.52:454][341]Log file closed, 05/30/17 19:32:52
