Log file open, 12/28/17 23:44:31
LogInit:Display: Running engine for game: UNNAMED
LogPlatformFile: Not using cached read wrapper
LogInit:Display: RandInit(866866057) SRandInit(866866057).
LogTaskGraph: Started task graph with 5 named threads and 8 total threads with 1 sets of task threads.
LogStats: Stats thread started at 0.091706
LogInit: Using libcurl 7.47.1
LogInit:  - built for x86_64-pc-win32
LogInit:  - supports SSL with OpenSSL/1.0.2g
LogInit:  - supports HTTP deflate (compression) using libz 1.2.8
LogInit:  - other features:
LogInit:      CURL_VERSION_SSL
LogInit:      CURL_VERSION_LIBZ
LogInit:      CURL_VERSION_IPV6
LogInit:      CURL_VERSION_ASYNCHDNS
LogInit:      CURL_VERSION_LARGEFILE
LogInit:      CURL_VERSION_IDN
LogInit:  CurlRequestOptions (configurable via config and command line):
LogInit:  - bVerifyPeer = false  - Libcurl will NOT verify peer certificate
LogInit:  - bUseHttpProxy = false  - Libcurl will NOT use HTTP proxy
LogInit:  - bDontReuseConnections = false  - Libcurl will reuse connections
LogInit:  - CertBundlePath = nullptr  - Libcurl will use whatever was configured at build time.
LogOnline:Display: STEAM: Loading Steam SDK 1.32
LogInit: WinSock: version 1.1 (2.2), MaxSocks=32767, MaxUdp=65467
LogInit: Build: ++UE4+Release-4.15-CL-3450819
LogInit: Engine Version: 4.15.3-3450819+++UE4+Release-4.15
LogInit: Compatible Engine Version: 4.15.0-3299760+++UE4+Release-4.15
LogInit: Net CL: 3299760
LogDevObjectVersion: Number of dev versions registered: 14
LogDevObjectVersion:   Dev-Blueprints (B0D832E4-1F89-4F0D-ACCF-7EB736FD4AA2): 8
LogDevObjectVersion:   Dev-Build (E1C64328-A22C-4D53-A36C-8E866417BD8C): 0
LogDevObjectVersion:   Dev-Core (375EC13C-06E4-48FB-B500-84F0262A717E): 2
LogDevObjectVersion:   Dev-Editor (E4B068ED-F494-42E9-A231-DA0B2E46BB41): 14
LogDevObjectVersion:   Dev-Framework (CFFC743F-43B0-4480-9391-14DF171D2073): 22
LogDevObjectVersion:   Dev-Mobile (B02B49B5-BB20-44E9-A304-32B752E40360): 0
LogDevObjectVersion:   Dev-Networking (A4E4105C-59A1-49B5-A7C5-40C4547EDFEE): 0
LogDevObjectVersion:   Dev-Online (39C831C9-5AE6-47DC-9A44-9C173E1C8E7C): 0
LogDevObjectVersion:   Dev-Physics (78F01B33-EBEA-4F98-B9B4-84EACCB95AA2): 0
LogDevObjectVersion:   Dev-Platform (6631380F-2D4D-43E0-8009-CF276956A95A): 0
LogDevObjectVersion:   Dev-Rendering (12F88B9F-8875-4AFC-A67C-D90C383ABD29): 12
LogDevObjectVersion:   Dev-Sequencer (7B5AE74C-D270-4C10-A958-57980B212A5A): 3
LogDevObjectVersion:   Dev-VR (D7296918-1DD6-4BDD-9DE2-64A83CC13884): 0
LogDevObjectVersion:   Dev-LoadTimes (C2A15278-BFE7-4AFE-6C17-90FF531DF755): 1
LogInit: Compiled (64-bit): May 21 2017 11:02:34
LogInit: Compiled with Visual C++: 19.00.23026.00
LogInit: Build Configuration: Development
LogInit: Branch Name: ++UE4+Release-4.15
LogInit: Command line:  -game
LogInit: Base directory: C:/Program Files/Epic Games/UE_4.15/Engine/Binaries/Win64/
LogInit: Installed Engine Build: 1
LogInit: Presizing for max 8388607 objects, including 0 objects not considered by GC, pre-allocating 0 bytes for permanent pool.
LogInit: Object subsystem initialized
[2017.12.28-14.44.33:487][  0]LogInit: Selected Device Profile: [Windows]
[2017.12.28-14.44.33:487][  0]LogInit: Applying CVar settings loaded from the selected device profile: [Windows]
[2017.12.28-14.44.33:497][  0]LogInit: Computer: DESKTOP-F27I5IQ
[2017.12.28-14.44.33:497][  0]LogInit: User: duck2
[2017.12.28-14.44.33:497][  0]LogInit: CPU Page size=65536, Cores=4
[2017.12.28-14.44.33:497][  0]LogInit: High frequency timer resolution =3.117778 MHz
[2017.12.28-14.44.33:498][  0]LogMemory: Memory total: Physical=19.9GB (20GB approx)
[2017.12.28-14.44.33:498][  0]LogMemory: Platform Memory Stats for Windows
[2017.12.28-14.44.33:498][  0]LogMemory: Process Physical Memory: 298.96 MB used, 298.96 MB peak
[2017.12.28-14.44.33:498][  0]LogMemory: Process Virtual Memory: 275.41 MB used, 275.41 MB peak
[2017.12.28-14.44.33:498][  0]LogMemory: Physical Memory: 4820.74 MB used,  15559.41 MB free, 20380.15 MB total
[2017.12.28-14.44.33:498][  0]LogMemory: Virtual Memory: 782.25 MB used,  15559.41 MB free, 134217728.00 MB total
[2017.12.28-14.44.33:632][  0]LogTextLocalizationManager: No specific translations for ('ko-KR') exist, so ('ko') translations will be used.
[2017.12.28-14.44.33:687][  0]LogTextLocalizationManager:Warning: Loaded localization resources contain conflicting entries for (Namespace:KismetSchema, Key:Default):
Localization Resource: (C:/Program Files/Epic Games/UE_4.15/Engine/Content/Localization/EditorTutorials/ko/EditorTutorials.locres) Source String Hash: (940523119) Localized String: (디폴트)
Localization Resource: (C:/Program Files/Epic Games/UE_4.15/Engine/Content/Localization/Engine/ko/Engine.locres) Source String Hash: (940523119) Localized String: (기본)
[2017.12.28-14.44.33:688][  0]LogTextLocalizationManager:Warning: Loaded localization resources contain conflicting entries for (Namespace:UObjectToolTips, Key:AnimNode_AssetPlayerBase:InternalTimeAccumulator):
Localization Resource: (C:/Program Files/Epic Games/UE_4.15/Engine/Content/Localization/EditorTutorials/ko/EditorTutorials.locres) Source String Hash: (502993589) Localized String: (이 노드에서 애셋을 레퍼런싱하는 데 사용되는 누적 시간입니다.)
Localization Resource: (C:/Program Files/Epic Games/UE_4.15/Engine/Content/Localization/ToolTips/ko/ToolTips.locres) Source String Hash: (502993589) Localized String: (내부 시간 누산기 - 이 노드에서 애셋을 레퍼런싱하는 데 사용된 누적 시간입니다.)
Localization Resource: (C:/Program Files/Epic Games/UE_4.15/Engine/Content/Localization/Engine/ko/Engine.locres) Source String Hash: (502993589) Localized String: (이 노드에서 애셋을 레퍼런싱하는 데 사용된 누적 시간입니다.)
[2017.12.28-14.44.33:688][  0]LogTextLocalizationManager:Warning: Loaded localization resources contain conflicting entries for (Namespace:UObjectToolTips, Key:AnimNode_AssetPlayerBase:bIgnoreForRelevancyTest):
Localization Resource: (C:/Program Files/Epic Games/UE_4.15/Engine/Content/Localization/EditorTutorials/ko/EditorTutorials.locres) Source String Hash: (319969718) Localized String: (True 면, 스테이트에서 최고 가중치 애니메이션을 찾는 "Relevant anim" 노드는 이 노드를 무시합니다.
 )
Localization Resource: (C:/Program Files/Epic Games/UE_4.15/Engine/Content/Localization/ToolTips/ko/ToolTips.locres) Source String Hash: (319969718) Localized String: (연관성 테스트에 무시 - true 인 경우 스테이트 내 최고 웨이팅된 애니메이션을 찾는 "Relevant anim" (연관 애님) 노드가
이 노드를 무시합니다.)
Localization Resource: (C:/Program Files/Epic Games/UE_4.15/Engine/Content/Localization/Engine/ko/Engine.locres) Source String Hash: (319969718) Localized String: (True 면 스테이트 내 최고 웨이팅된 애니메이션을 찾는 "Relevant anim" 노드가 무시됩니다.
 )
[2017.12.28-14.44.33:688][  0]LogTextLocalizationManager:Warning: Loaded localization resources contain conflicting entries for (Namespace:UObjectToolTips, Key:AnimNode_AssetPlayerBase:BlendWeight):
Localization Resource: (C:/Program Files/Epic Games/UE_4.15/Engine/Content/Localization/EditorTutorials/ko/EditorTutorials.locres) Source String Hash: (-1232800293) Localized String: (이 노드에 마지막 걸린 블렌드웨이트 입니다.)
Localization Resource: (C:/Program Files/Epic Games/UE_4.15/Engine/Content/Localization/ToolTips/ko/ToolTips.locres) Source String Hash: (-1232800293) Localized String: (블렌드 웨이트 - 이 노드에 대해 마지막으로 접한 블렌드 웨이트입니다.)
Localization Resource: (C:/Program Files/Epic Games/UE_4.15/Engine/Content/Localization/Engine/ko/Engine.locres) Source String Hash: (-1232800293) Localized String: (이 노드에 대해 마지막 접한 블렌드 웨이트)
[2017.12.28-14.44.33:688][  0]LogTextLocalizationManager:Warning: Loaded localization resources contain conflicting entries for (Namespace:UObjectToolTips, Key:AnimNode_BlendSpacePlayer:bLoop):
Localization Resource: (C:/Program Files/Epic Games/UE_4.15/Engine/Content/Localization/EditorTutorials/ko/EditorTutorials.locres) Source String Hash: (2133979316) Localized String: (애니메이션이 끝까지 재생되면 반복할까요?)
Localization Resource: (C:/Program Files/Epic Games/UE_4.15/Engine/Content/Localization/ToolTips/ko/ToolTips.locres) Source String Hash: (2133979316) Localized String: (루프 - 애니메이션이 끝에 도달했을 때 계속 반복할까요?)
[2017.12.28-14.44.33:688][  0]LogTextLocalizationManager:Warning: Loaded localization resources contain conflicting entries for (Namespace:UObjectToolTips, Key:AnimNode_StateMachine:bSkipFirstUpdateTransition):
Localization Resource: (C:/Program Files/Epic Games/UE_4.15/Engine/Content/Localization/EditorTutorials/ko/EditorTutorials.locres) Source String Hash: (1865475011) Localized String: (첫 업데이트시 도입 상태에서의 트랜지션을 건너뛸까요? 
기본은 true 로, 첫 업데이트시에는 트랜지션 데이터를 버립니다.)
Localization Resource: (C:/Program Files/Epic Games/UE_4.15/Engine/Content/Localization/ToolTips/ko/ToolTips.locres) Source String Hash: (1865475011) Localized String: (첫 번째 업데이트 트랜지션 건너뛰기 - 첫 번째 업데이트에서 입력 스테이트의 트랜지션을 건너뜁니까?
디폴트는 true 고 첫 번째 업데이트의 트랜지션 데이터를 버립니다.)
[2017.12.28-14.44.33:688][  0]LogTextLocalizationManager:Warning: Loaded localization resources contain conflicting entries for (Namespace:UObjectToolTips, Key:AnimNode_BlendSpacePlayer:X):
Localization Resource: (C:/Program Files/Epic Games/UE_4.15/Engine/Content/Localization/EditorTutorials/ko/EditorTutorials.locres) Source String Hash: (2060772590) Localized String: (블렌드스페이스에서 샘플링할 X 좌표입니다.)
Localization Resource: (C:/Program Files/Epic Games/UE_4.15/Engine/Content/Localization/ToolTips/ko/ToolTips.locres) Source String Hash: (2060772590) Localized String: (X - 블렌드스페이스 샘플의 X 좌표입니다.)
[2017.12.28-14.44.33:688][  0]LogTextLocalizationManager:Warning: Loaded localization resources contain conflicting entries for (Namespace:UObjectToolTips, Key:AnimNode_BlendSpacePlayer:Y):
Localization Resource: (C:/Program Files/Epic Games/UE_4.15/Engine/Content/Localization/EditorTutorials/ko/EditorTutorials.locres) Source String Hash: (-1719607538) Localized String: (블렌드스페이스에서 샘플링할 Y 좌표입니다.)
Localization Resource: (C:/Program Files/Epic Games/UE_4.15/Engine/Content/Localization/ToolTips/ko/ToolTips.locres) Source String Hash: (-1719607538) Localized String: (Y - 블렌드스페이스 샘플의 Y 좌표입니다.)
[2017.12.28-14.44.33:688][  0]LogTextLocalizationManager:Warning: Loaded localization resources contain conflicting entries for (Namespace:UObjectToolTips, Key:AnimNode_BlendSpacePlayer:Z):
Localization Resource: (C:/Program Files/Epic Games/UE_4.15/Engine/Content/Localization/EditorTutorials/ko/EditorTutorials.locres) Source String Hash: (1728943471) Localized String: (블렌드스페이스에서 샘플링할 Z 좌표입니다.)
Localization Resource: (C:/Program Files/Epic Games/UE_4.15/Engine/Content/Localization/ToolTips/ko/ToolTips.locres) Source String Hash: (1728943471) Localized String: (Z - 블렌드스페이스 샘플의 Z 좌표입니다.)
[2017.12.28-14.44.33:688][  0]LogTextLocalizationManager:Warning: Loaded localization resources contain conflicting entries for (Namespace:UObjectToolTips, Key:AnimNode_BlendSpacePlayer:BlendSpace):
Localization Resource: (C:/Program Files/Epic Games/UE_4.15/Engine/Content/Localization/EditorTutorials/ko/EditorTutorials.locres) Source String Hash: (1599043277) Localized String: (재생할 블렌드스페이스 애셋입니다.)
Localization Resource: (C:/Program Files/Epic Games/UE_4.15/Engine/Content/Localization/ToolTips/ko/ToolTips.locres) Source String Hash: (1599043277) Localized String: (블렌드스페이스 - 재생할 블렌드스페이스 애셋입니다.)
[2017.12.28-14.44.33:688][  0]LogTextLocalizationManager:Warning: Loaded localization resources contain conflicting entries for (Namespace:UObjectToolTips, Key:AnimNode_StateMachine:MaxTransitionsPerFrame):
Localization Resource: (C:/Program Files/Epic Games/UE_4.15/Engine/Content/Localization/EditorTutorials/ko/EditorTutorials.locres) Source String Hash: (1567650430) Localized String: (이 머신에서 한 프레임 내 '동시에' 취할 수 있는 트랜지션 최대 수입니다.)
Localization Resource: (C:/Program Files/Epic Games/UE_4.15/Engine/Content/Localization/ToolTips/ko/ToolTips.locres) Source String Hash: (1567650430) Localized String: (프레임 당 최대 트랜지션 - 한 프레임에서 이 머신이 동시에 취할 수 있는 트랜지션 최대 수입니다.)
[2017.12.28-14.44.33:688][  0]LogTextLocalizationManager:Warning: Loaded localization resources contain conflicting entries for (Namespace:UObjectToolTips, Key:AnimNode_BlendSpacePlayer:PlayRate):
Localization Resource: (C:/Program Files/Epic Games/UE_4.15/Engine/Content/Localization/EditorTutorials/ko/EditorTutorials.locres) Source String Hash: (-1274923958) Localized String: (재생 속도 배수입니다. 음수가 되면 애니메이션을 역순으로 재생하게 됩니다.)
Localization Resource: (C:/Program Files/Epic Games/UE_4.15/Engine/Content/Localization/ToolTips/ko/ToolTips.locres) Source String Hash: (-1274923958) Localized String: (재생 속도 - 재생 속도 배수입니다. 음수가 되면 애니메이션을 거꾸로 재생합니다.)
[2017.12.28-14.44.33:688][  0]LogTextLocalizationManager:Warning: Loaded localization resources contain conflicting entries for (Namespace:UObjectToolTips, Key:AnimNode_BlendSpacePlayer:StartPosition):
Localization Resource: (C:/Program Files/Epic Games/UE_4.15/Engine/Content/Localization/EditorTutorials/ko/EditorTutorials.locres) Source String Hash: (-207153555) Localized String: (시작 위치 범위는 [0,1] 이며, 재초기화시에만 적용됩니다.
루핑을 하면, 1 회전 후 0.f 부터 시작할 것입니다.)
Localization Resource: (C:/Program Files/Epic Games/UE_4.15/Engine/Content/Localization/ToolTips/ko/ToolTips.locres) Source String Hash: (-207153555) Localized String: (시작 위치 - [0, 1] 범위의 시작 위치로, 재초기화할 때만 적용됩니다.
반복하면 1회전 후 0.f 부터 시작됩니다.)
[2017.12.28-14.44.33:688][  0]LogTextLocalizationManager:Warning: Loaded localization resources contain conflicting entries for (Namespace:UObjectToolTips, Key:CameraFilmbackSettings:SensorWidth):
Localization Resource: (C:/Program Files/Epic Games/UE_4.15/Engine/Content/Localization/ToolTips/ko/ToolTips.locres) Source String Hash: (-1448580153) Localized String: (센서 폭 - 필름백 또는 디지털 센서의 가로 크기로, mm 단위입니다.)
Localization Resource: (C:/Program Files/Epic Games/UE_4.15/Engine/Content/Localization/Engine/ko/Engine.locres) Source String Hash: (-1448580153) Localized String: (필름백 또는 디지털 센서의 가로 크기로, mm 단위입니다.)
[2017.12.28-14.44.33:688][  0]LogTextLocalizationManager:Warning: Loaded localization resources contain conflicting entries for (Namespace:UObjectToolTips, Key:CameraFilmbackSettings:SensorAspectRatio):
Localization Resource: (C:/Program Files/Epic Games/UE_4.15/Engine/Content/Localization/ToolTips/ko/ToolTips.locres) Source String Hash: (-194807515) Localized String: (센서 종횡비 - 읽기 전용입니다. 센서 치수에서 계산했습니다.)
Localization Resource: (C:/Program Files/Epic Games/UE_4.15/Engine/Content/Localization/Engine/ko/Engine.locres) Source String Hash: (-194807515) Localized String: (읽기 전용입니다. 센서 크기에서 계산했습니다.)
[2017.12.28-14.44.33:688][  0]LogTextLocalizationManager:Warning: Loaded localization resources contain conflicting entries for (Namespace:UObjectToolTips, Key:AnimNode_SequencePlayer:bLoopAnimation):
Localization Resource: (C:/Program Files/Epic Games/UE_4.15/Engine/Content/Localization/ToolTips/ko/ToolTips.locres) Source String Hash: (2133979316) Localized String: (루프 - 애니메이션이 끝에 도달했을 때 계속 반복시켜야 할까요?)
Localization Resource: (C:/Program Files/Epic Games/UE_4.15/Engine/Content/Localization/Engine/ko/Engine.locres) Source String Hash: (2133979316) Localized String: (애니메이션이 끝에 도달하면 계속해서 루핑시킬것인지 입니다.)
[2017.12.28-14.44.33:688][  0]LogTextLocalizationManager:Warning: Loaded localization resources contain conflicting entries for (Namespace:UObjectToolTips, Key:AnimNode_SequencePlayer:Sequence):
Localization Resource: (C:/Program Files/Epic Games/UE_4.15/Engine/Content/Localization/ToolTips/ko/ToolTips.locres) Source String Hash: (421436424) Localized String: (시퀀스 - 재생할 애니메이션 시퀀스 애셋입니다.)
Localization Resource: (C:/Program Files/Epic Games/UE_4.15/Engine/Content/Localization/Engine/ko/Engine.locres) Source String Hash: (421436424) Localized String: (재생할 애니메이션 시퀀스 애셋입니다.)
[2017.12.28-14.44.33:688][  0]LogTextLocalizationManager:Warning: Loaded localization resources contain conflicting entries for (Namespace:UObjectToolTips, Key:AnimNode_SequencePlayer:PlayRate):
Localization Resource: (C:/Program Files/Epic Games/UE_4.15/Engine/Content/Localization/ToolTips/ko/ToolTips.locres) Source String Hash: (-1274923958) Localized String: (재생 속도 - 재생 속도 배수입니다. 음수가 될 수 있으며, 그러면 애니메이션이 거꾸로 재생됩니다.)
Localization Resource: (C:/Program Files/Epic Games/UE_4.15/Engine/Content/Localization/Engine/ko/Engine.locres) Source String Hash: (-1274923958) Localized String: (플레이 속도 배수입니다. 음수가 되면 애니메이션이 역방향으로 재생됩니다.)
[2017.12.28-14.44.33:688][  0]LogTextLocalizationManager:Warning: Loaded localization resources contain conflicting entries for (Namespace:UObjectToolTips, Key:AnimNode_SequencePlayer:StartPosition):
Localization Resource: (C:/Program Files/Epic Games/UE_4.15/Engine/Content/Localization/ToolTips/ko/ToolTips.locres) Source String Hash: (771611000) Localized String: (시작 위치 - 시작 위치로 재초기화할 때만 적용됩니다.
반복하면, 1회전 후 0.f 부터 시작됩니다.)
Localization Resource: (C:/Program Files/Epic Games/UE_4.15/Engine/Content/Localization/Engine/ko/Engine.locres) Source String Hash: (771611000) Localized String: (시작 위치로, 재초기화시에만 적용됩니다.
루핑을 하면, 1회전 후 0.f 부터 시작할 것입니다.)
[2017.12.28-14.44.33:688][  0]LogTextLocalizationManager:Warning: Loaded localization resources contain conflicting entries for (Namespace:UObjectToolTips, Key:CameraFilmbackSettings:SensorHeight):
Localization Resource: (C:/Program Files/Epic Games/UE_4.15/Engine/Content/Localization/ToolTips/ko/ToolTips.locres) Source String Hash: (-1311569777) Localized String: (센서 높이 - 필름백 또는 디지털 센서의 세로 크기로, mm 단위입니다.)
Localization Resource: (C:/Program Files/Epic Games/UE_4.15/Engine/Content/Localization/Engine/ko/Engine.locres) Source String Hash: (-1311569777) Localized String: (필름백 또는 디지털 센서의 세로 크기로, mm 단위입니다.)
[2017.12.28-14.44.33:878][  0]LogD3D11RHI: D3D11 adapters:
[2017.12.28-14.44.33:959][  0]LogD3D11RHI:    0. 'NVIDIA GeForce GTX 970' (Feature Level 11_0)
[2017.12.28-14.44.33:959][  0]LogD3D11RHI:       4058/0/10190 MB DedicatedVideo/DedicatedSystem/SharedSystem, Outputs:1, VendorId:0x10de
[2017.12.28-14.44.33:970][  0]LogD3D11RHI:    1. 'Intel(R) HD Graphics 4600' (Feature Level 11_0)
[2017.12.28-14.44.33:970][  0]LogD3D11RHI:       112/0/2048 MB DedicatedVideo/DedicatedSystem/SharedSystem, Outputs:1, VendorId:0x8086
[2017.12.28-14.44.33:976][  0]LogD3D11RHI:    2. 'Microsoft Basic Render Driver' (Feature Level 11_0)
[2017.12.28-14.44.33:976][  0]LogD3D11RHI:       0/0/10190 MB DedicatedVideo/DedicatedSystem/SharedSystem, Outputs:0, VendorId:0x1414
[2017.12.28-14.44.33:976][  0]LogD3D11RHI: Chosen D3D11 Adapter: 0
[2017.12.28-14.44.33:984][  0]LogD3D11RHI: Creating new Direct3DDevice
[2017.12.28-14.44.33:985][  0]LogD3D11RHI:     GPU DeviceId: 0x13c2 (for the marketing name, search the web for "GPU Device Id")
[2017.12.28-14.44.33:985][  0]LogWindows: EnumDisplayDevices:
[2017.12.28-14.44.33:985][  0]LogWindows:    0. 'NVIDIA GeForce GTX 970' (P:1 D:1)
[2017.12.28-14.44.33:986][  0]LogWindows:    1. 'NVIDIA GeForce GTX 970' (P:0 D:0)
[2017.12.28-14.44.33:986][  0]LogWindows:    2. 'NVIDIA GeForce GTX 970' (P:0 D:0)
[2017.12.28-14.44.33:986][  0]LogWindows:    3. 'NVIDIA GeForce GTX 970' (P:0 D:0)
[2017.12.28-14.44.33:986][  0]LogWindows:    4. 'Intel(R) HD Graphics 4600' (P:0 D:1)
[2017.12.28-14.44.33:986][  0]LogWindows:    5. 'Intel(R) HD Graphics 4600' (P:0 D:0)
[2017.12.28-14.44.33:986][  0]LogWindows:    6. 'Intel(R) HD Graphics 4600' (P:0 D:0)
[2017.12.28-14.44.33:987][  0]LogWindows: DebugString: GetVideoDriverDetailsInvalid PrimaryIsNotTheChoosenAdapter GetVideoDriverDetailsInvalid PrimaryIsNotTheChoosenAdapter GetVideoDriverDetailsInvalid PrimaryIsNotTheChoosenAdapter GetVideoDriverDetailsInvalid PrimaryIsNotTheChoosenAdapter GetVideoDriverDetailsInvalid PrimaryIsNotTheChoosenAdapter GetVideoDriverDetailsInvalid PrimaryIsNotTheChoosenAdapter GetVideoDriverDetailsInvalid PrimaryIsNotTheChoosenAdapter FoundDriverCount:0 
[2017.12.28-14.44.33:987][  0]LogD3D11RHI:     Adapter Name: NVIDIA GeForce GTX 970
[2017.12.28-14.44.33:987][  0]LogD3D11RHI:   Driver Version: Unknown (internal:Unknown, unified:Unknown)
[2017.12.28-14.44.33:987][  0]LogD3D11RHI:      Driver Date: Unknown
[2017.12.28-14.44.33:987][  0]LogRHI: Texture pool is 1361 MB (70% of 1945 MB)
[2017.12.28-14.44.34:033][  0]LogD3D11RHI: Async texture creation enabled
[2017.12.28-14.44.34:072][  0]LogD3D11RHI: GPU Timing Frequency: 1000.000000 (Debug: 2 1)
[2017.12.28-14.44.34:121][  0]LogShaderCompilers: Guid format shader working directory is 27 characters bigger than the processId version (D:/UNNAMED/UNNAMED/Intermediate/Shaders/WorkingDirectory/10588/).
[2017.12.28-14.44.34:121][  0]LogShaderCompilers: Cleaned the shader compiler working directory 'C:/Users/duck2/AppData/Local/Temp/UnrealShaderWorkingDir/DE8580874E414364FC4403B3C6D245A4/'.
[2017.12.28-14.44.34:121][  0]LogShaderCompilers:Display: Using Local Shader Compiler.
[2017.12.28-14.44.35:618][  0]LogTemp:Display: Loaded TP WindowsClientTargetPlatform
[2017.12.28-14.44.35:696][  0]LogTemp:Display: Loaded TP WindowsNoEditorTargetPlatform
[2017.12.28-14.44.35:777][  0]LogTemp:Display: Loaded TP WindowsServerTargetPlatform
[2017.12.28-14.44.35:846][  0]LogTemp:Display: Loaded TP WindowsTargetPlatform
[2017.12.28-14.44.35:846][  0]LogTargetPlatformManager:Display: Building Assets For Windows
[2017.12.28-14.44.36:508][  0]LogDerivedDataCache:Display: Max Cache Size: 512 MB
[2017.12.28-14.44.36:558][  0]LogDerivedDataCache: Loaded boot cache 0.05s 50MB C:/Users/duck2/AppData/Local/UnrealEngine/4.15/DerivedDataCache/Boot.ddc.
[2017.12.28-14.44.36:558][  0]LogDerivedDataCache:Display: Loaded Boot cache: C:/Users/duck2/AppData/Local/UnrealEngine/4.15/DerivedDataCache/Boot.ddc
[2017.12.28-14.44.36:558][  0]LogDerivedDataCache: FDerivedDataBackendGraph:  Pak pak cache file D:/UNNAMED/UNNAMED/DerivedDataCache/DDC.ddp not found, will not use a pak cache.
[2017.12.28-14.44.36:558][  0]LogDerivedDataCache: Unable to find inner node Pak for hierarchical cache Hierarchy.
[2017.12.28-14.44.36:558][  0]LogDerivedDataCache: FDerivedDataBackendGraph:  CompressedPak pak cache file D:/UNNAMED/UNNAMED/DerivedDataCache/Compressed.ddp not found, will not use a pak cache.
[2017.12.28-14.44.36:558][  0]LogDerivedDataCache: Unable to find inner node CompressedPak for hierarchical cache Hierarchy.
[2017.12.28-14.44.36:578][  0]LogDerivedDataCache:Display: Pak cache opened for reading ../../../Engine/DerivedDataCache/Compressed.ddp.
[2017.12.28-14.44.36:591][  0]LogDerivedDataCache: Using Local data cache path C:/Users/duck2/AppData/Local/UnrealEngine/Common/DerivedDataCache: Writable
[2017.12.28-14.44.36:602][  0]LogSlate: Using Freetype 2.6.0
[2017.12.28-14.44.36:603][  0]LogSlate: SlateFontCache - WITH_FREETYPE: 1, WITH_HARFBUZZ: 1
[2017.12.28-14.44.36:603][  0]LogSlate: SlateFontCache - WITH_FREETYPE: 1, WITH_HARFBUZZ: 1
[2017.12.28-14.44.37:124][  0]LogAssetRegistry: FAssetRegistry took 0.0001 seconds to start up
[2017.12.28-14.44.37:142][  0]LogPackageLocalizationCache: Processed 3 localized package path(s) for 2 prioritized culture(s) in 0.018081 seconds
[2017.12.28-14.44.37:164][  0]LogInit: Selected Device Profile: [Windows]
[2017.12.28-14.44.37:167][  0]LogContentStreaming: Texture pool size is 1000.00 MB
[2017.12.28-14.44.37:455][  0]LogMeshUtilities: Using QuadricMeshReduction for automatic static mesh reduction
[2017.12.28-14.44.37:523][  0]LogSimplygon: Simplygon DLL not present - disabling.
[2017.12.28-14.44.37:599][  0]LogMeshUtilities: Using SimplygonSwarm for distributed automatic mesh merging
[2017.12.28-14.44.37:599][  0]LogMeshUtilities: No automatic skeletal mesh reduction module available
[2017.12.28-14.44.37:599][  0]LogMeshUtilities: No automatic mesh merging module available
[2017.12.28-14.44.38:221][  0]LogNetVersion: GetLocalNetworkVersion: CL: 3299760, ProjectName: unnamed, ProjectVersion: , EngineNetworkVersion: 2, GameNetworkVersion: 0, NetworkChecksum: 1184173371
[2017.12.28-14.44.39:513][  0]LogMoviePlayer: Initializing movie player
[2017.12.28-14.44.39:633][  0]LogWindowsTextInputMethodSystem:Display: IME system now activated using TSF (Microsoft 입력기).
[2017.12.28-14.44.39:634][  0]LogWindowsTextInputMethodSystem:Display: IME system now activated using TSF (Microsoft 입력기).
[2017.12.28-14.44.40:467][  0]SourceControl: 정보 소스 콘트롤이 꺼졌습니다.
[2017.12.28-14.44.40:467][  0]SourceControl: 정보 소스 콘트롤이 꺼졌습니다.
[2017.12.28-14.44.40:543][  0]SourceControl: 정보 소스 콘트롤이 꺼졌습니다.
[2017.12.28-14.44.41:578][  0]LogUObjectArray: 34415 objects as part of root set at end of initial load.
[2017.12.28-14.44.41:578][  0]LogUObjectAllocator: 7853184 out of 0 bytes used by permanent object pool.
[2017.12.28-14.44.41:578][  0]LogUObjectArray: CloseDisregardForGC: 0/0 objects in disregard for GC pool
[2017.12.28-14.44.41:717][  0]LogEngine: Initializing Engine...
[2017.12.28-14.44.41:718][  0]LogHMD: Failed to initialize OpenVR with code 110
[2017.12.28-14.44.41:841][  0]LogStats: UGameplayTagsManager::ConstructGameplayTagTree: Construct from data asset -  0.000 s
[2017.12.28-14.44.41:841][  0]LogStats: UGameplayTagsManager::ConstructGameplayTagTree: GameplayTagTreeChangedEvent.Broadcast -  0.000 s
[2017.12.28-14.44.41:852][  0]LogInit: XAudio2 using '헤드폰(High Definition Audio 장치)' : 2 channels at 44.1 kHz using 16 bits per sample (channel mask 0x3)
[2017.12.28-14.44.41:864][  0]LogInit: FAudioDevice initialized.
[2017.12.28-14.44.41:904][  0]LogDerivedDataCache: Saved boot cache 0.03s 50MB C:/Users/duck2/AppData/Local/UnrealEngine/4.15/DerivedDataCache/Boot.ddc.
[2017.12.28-14.44.41:909][  0]LogInit: Texture streaming: Enabled
[2017.12.28-14.44.41:926][  0]LogMaterial: Uniform references updated for custom material expression Custom.
[2017.12.28-14.44.44:120][  0]LogClass:Warning: Enum '/Game/BP/E_GameState.E_GameState' was upgraded to use FText to store its display name data. Please re-save this asset to avoid issues with localization and determinstic cooking.
[2017.12.28-14.44.45:247][  0]LogPackageName:Warning: String asset reference "Env_ALL_Artifacts.Mesh.Env_ALL_Terminus001" is in short form, which is unsupported and -- even if valid -- resolving it will be really slow.
[2017.12.28-14.44.45:247][  0]LogPackageName:Warning: Please consider resaving package in order to speed-up loading.
[2017.12.28-14.44.45:452][  0]LogPackageName: SearchForPackageOnDisk took   0.205s, but failed to resolve Env_ALL_Artifacts.
[2017.12.28-14.44.45:452][  0]LogPackageName:Warning: String asset reference "Env_ALL_Artifacts.Mesh.Env_ALL_Terminus001" could not be resolved.
[2017.12.28-14.44.45:490][  0]LogPackageName:Warning: String asset reference "FX_Meshes.UI.SM_SelectionMesh_01" is in short form, which is unsupported and -- even if valid -- resolving it will be really slow.
[2017.12.28-14.44.45:490][  0]LogPackageName:Warning: Please consider resaving package in order to speed-up loading.
[2017.12.28-14.44.45:685][  0]LogPackageName: SearchForPackageOnDisk took   0.195s, but failed to resolve FX_Meshes.
[2017.12.28-14.44.45:685][  0]LogPackageName:Warning: String asset reference "FX_Meshes.UI.SM_SelectionMesh_01" could not be resolved.
[2017.12.28-14.44.46:095][  0]LogInit:Display: Game Engine Initialized.
[2017.12.28-14.44.46:458][  0]LogInit:Display: Starting Game.
[2017.12.28-14.44.46:459][  0]LogNet: Browse: /Game/Map/Main?Name=Player
[2017.12.28-14.44.46:459][  0]LogLoad: LoadMap: /Game/Map/Main?Name=Player
[2017.12.28-14.44.46:564][  0]LogMemory: Platform Memory Stats for Windows
[2017.12.28-14.44.46:564][  0]LogMemory: Process Physical Memory: 888.79 MB used, 888.79 MB peak
[2017.12.28-14.44.46:564][  0]LogMemory: Process Virtual Memory: 973.37 MB used, 973.38 MB peak
[2017.12.28-14.44.46:564][  0]LogMemory: Physical Memory: 5556.29 MB used,  14823.86 MB free, 20380.15 MB total
[2017.12.28-14.44.46:564][  0]LogMemory: Virtual Memory: 1712.02 MB used,  14823.86 MB free, 134217728.00 MB total
[2017.12.28-14.44.46:564][  0]LogMemory: 
[2017.12.28-14.44.46:564][  0]Allocator Stats for TBB: (not implemented)
[2017.12.28-14.44.47:002][  0]LogAIModule: Creating AISystem for world Main
[2017.12.28-14.44.47:003][  0]LogLoad: Game class is 'pregame_C'
[2017.12.28-14.44.47:008][  0]LogWorld: Bringing World /Game/Map/Main.Main up for play (max tick rate 0) at 2017.12.28-23.44.47
[2017.12.28-14.44.47:009][  0]LogWorld: Bringing up level for play took: 0.003854
[2017.12.28-14.44.47:012][  0]LogSpawn:Warning: SpawnActor failed because no class was specified
[2017.12.28-14.44.47:012][  0]LogGameMode:Display: Match State Changed from EnteringMap to WaitingToStart
[2017.12.28-14.44.47:012][  0]LogGameState: Match State Changed from EnteringMap to WaitingToStart
[2017.12.28-14.44.47:012][  0]LogGameMode:Display: Match State Changed from WaitingToStart to InProgress
[2017.12.28-14.44.47:024][  0]r.SetRes = "1600x900"
[2017.12.28-14.44.47:024][  0]LogBlueprintUserMessages: [Main_C_0] 1.0
[2017.12.28-14.44.47:024][  0]LogGameState: Match State Changed from WaitingToStart to InProgress
[2017.12.28-14.44.47:024][  0]LogLoad: Took 0.565674 seconds to LoadMap(/Game/Map/Main)
[2017.12.28-14.44.47:029][  0]LogSlate: Took 0.002525 seconds to synchronously load lazily loaded font '../../../Engine/Content/Slate/Fonts/NanumGothic.ttf' (4243K)
[2017.12.28-14.44.47:143][  0]LogRenderer: Reallocating scene render targets to support 1600x900 NumSamples 1 (Frame:2).
[2017.12.28-14.44.47:462][  0]LogLoad: (Engine Initialization) Total time: 17.43 seconds
[2017.12.28-14.44.47:462][  0]LogLoad: (Engine Initialization) Total Blueprint compile time: 1.88 seconds
[2017.12.28-14.44.47:462][  0]LogExternalProfiler: Found external profiler: VSPerf
[2017.12.28-14.44.47:462][  0]LogExternalProfiler: Using external profiler: VSPerf
[2017.12.28-14.44.47:483][  0]LogOcInput: OculusInput pre-init called
[2017.12.28-14.44.47:968][ 31]LogAudio:Warning: Detected orphaned looping sound '메인화면'.
[2017.12.28-14.44.55:775][494]LogNetVersion: GetLocalNetworkVersion: CL: 3299760, ProjectName: unnamed, ProjectVersion: 1.0.0.0, EngineNetworkVersion: 2, GameNetworkVersion: 0, NetworkChecksum: 2893060150
[2017.12.28-14.44.57:186][514]LogPackageName: SearchForPackageOnDisk took   0.188s to resolve stage.umap.
[2017.12.28-14.44.57:186][514]LogGameMode:Display: Match State Changed from InProgress to LeavingMap
[2017.12.28-14.44.57:186][514]LogGameState: Match State Changed from InProgress to LeavingMap
[2017.12.28-14.44.57:377][514]LogPackageName: SearchForPackageOnDisk took   0.190s to resolve stage.umap.
[2017.12.28-14.44.57:377][514]LogNet: Browse: /Game/Map/stage?listen
[2017.12.28-14.44.57:377][514]LogLoad: LoadMap: /Game/Map/stage?listen
[2017.12.28-14.44.57:409][514]LogMemory: Platform Memory Stats for Windows
[2017.12.28-14.44.57:409][514]LogMemory: Process Physical Memory: 867.87 MB used, 931.34 MB peak
[2017.12.28-14.44.57:409][514]LogMemory: Process Virtual Memory: 1139.99 MB used, 1266.32 MB peak
[2017.12.28-14.44.57:409][514]LogMemory: Physical Memory: 5578.89 MB used,  14801.25 MB free, 20380.15 MB total
[2017.12.28-14.44.57:409][514]LogMemory: Virtual Memory: 2018.43 MB used,  14801.25 MB free, 134217728.00 MB total
[2017.12.28-14.44.57:409][514]LogMemory: 
[2017.12.28-14.44.57:409][514]Allocator Stats for TBB: (not implemented)
[2017.12.28-14.45.08:576][514]LogAIModule: Creating AISystem for world stage
[2017.12.28-14.45.08:576][514]LogLoad: Game class is 'MyGameMode_C'
[2017.12.28-14.45.08:578][514]LogNet:Display: SteamNetDriver_0 bound to port 7777
[2017.12.28-14.45.08:578][514]PacketHandlerLog: Loaded PacketHandler component: Engine.EngineHandlerComponentFactory (StatelessConnectHandlerComponent)
[2017.12.28-14.45.08:578][514]LogNet: GameNetDriver SteamNetDriver_0 IpNetDriver listening on port 7777
[2017.12.28-14.45.08:604][514]LogWorld: Bringing World /Game/Map/stage.stage up for play (max tick rate 0) at 2017.12.28-23.45.08
[2017.12.28-14.45.08:605][514]LogWorld: Bringing up level for play took: 0.025566
[2017.12.28-14.45.08:606][514]LogGameMode:Display: Match State Changed from EnteringMap to WaitingToStart
[2017.12.28-14.45.08:606][514]LogGameState: Match State Changed from EnteringMap to WaitingToStart
[2017.12.28-14.45.08:606][514]LogGameMode:Display: Match State Changed from WaitingToStart to InProgress
[2017.12.28-14.45.08:618][514]LogBlueprintUserMessages: [messageScroll_116] duck2283
[2017.12.28-14.45.08:624][514]LogGameState: Match State Changed from WaitingToStart to InProgress
[2017.12.28-14.45.08:626][514]LogLoad: Took 11.248954 seconds to LoadMap(/Game/Map/stage)
[2017.12.28-14.45.08:629][514]PIE:Warning: 경고 위젯이 포커스를 지원하지 않습니다. UserWidget 인 경우, bIsFocusable 을 true 로 설정해야 합니다.
[2017.12.28-14.45.08:675][514]LogAudio:Warning: Detected orphaned looping sound 'wind'.
[2017.12.28-14.45.08:675][514]LogSlate: Took 0.000358 seconds to synchronously load lazily loaded font '../../../Engine/Content/Slate/Fonts/Roboto-Regular.ttf' (155K)
[2017.12.28-14.45.08:690][515]LogNet: UNetDriver::TickDispatch: Very long time between ticks. DeltaTime: 11.50, Realtime: 0.06. SteamNetDriver_0
[2017.12.28-14.45.10:918][644]PIE:Error: 오류 SetInputMode_GameOnly 는 유효한 플레이어 컨트롤러를 타겟으로 기대합니다.
[2017.12.28-14.45.10:918][644]PIE:Error: 오류 SetInputMode_GameOnly 는 유효한 플레이어 컨트롤러를 타겟으로 기대합니다.
[2017.12.28-14.45.10:921][644]LogScriptCore:Warning: Script Msg: Divide by zero
Script call stack:
	Function /Game/Widget/PHUD.PHUD_C:RMouseSkillCoolTimeBar

[2017.12.28-14.45.10:922][644]LogScriptCore:Warning: Script Msg: Divide by zero
Script call stack:
	Function /Game/Widget/PHUD.PHUD_C:ShiftSkillCoolTimeBar

[2017.12.28-14.45.10:933][645]LogScriptCore:Warning: Script Msg: Divide by zero
Script call stack:
	Function /Game/Widget/PHUD.PHUD_C:RMouseSkillCoolTimeBar

[2017.12.28-14.45.10:933][645]LogScriptCore:Warning: Script Msg: Divide by zero
Script call stack:
	Function /Game/Widget/PHUD.PHUD_C:ShiftSkillCoolTimeBar

[2017.12.28-14.45.10:950][646]LogScriptCore:Warning: Script Msg: Divide by zero
Script call stack:
	Function /Game/Widget/PHUD.PHUD_C:RMouseSkillCoolTimeBar

[2017.12.28-14.45.10:950][646]LogScriptCore:Warning: Script Msg: Divide by zero
Script call stack:
	Function /Game/Widget/PHUD.PHUD_C:ShiftSkillCoolTimeBar

[2017.12.28-14.45.10:965][647]LogScriptCore:Warning: Script Msg: Divide by zero
Script call stack:
	Function /Game/Widget/PHUD.PHUD_C:RMouseSkillCoolTimeBar

[2017.12.28-14.45.10:965][647]LogScriptCore:Warning: Script Msg: Divide by zero
Script call stack:
	Function /Game/Widget/PHUD.PHUD_C:ShiftSkillCoolTimeBar

[2017.12.28-14.45.10:981][648]LogScriptCore:Warning: Script Msg: Divide by zero
Script call stack:
	Function /Game/Widget/PHUD.PHUD_C:RMouseSkillCoolTimeBar

[2017.12.28-14.45.10:981][648]LogScriptCore:Warning: Script Msg: Divide by zero
Script call stack:
	Function /Game/Widget/PHUD.PHUD_C:ShiftSkillCoolTimeBar

[2017.12.28-14.45.12:666][749]LogRenderer: Reallocating scene render targets to support 1920x1080 NumSamples 1 (Frame:754).
[2017.12.28-14.45.14:887][870]LogPackageName: SearchForPackageOnDisk took   0.220s to resolve Main.umap.
[2017.12.28-14.45.14:888][870]LogGameMode:Display: Match State Changed from InProgress to LeavingMap
[2017.12.28-14.45.14:888][870]LogGameState: Match State Changed from InProgress to LeavingMap
[2017.12.28-14.45.15:061][870]LogPackageName: SearchForPackageOnDisk took   0.173s to resolve Main.umap.
[2017.12.28-14.45.15:061][870]LogNet: Browse: /Game/Map/Main
[2017.12.28-14.45.15:062][870]LogLoad: LoadMap: /Game/Map/Main
[2017.12.28-14.45.15:062][870]LogNet: World NetDriver shutdown SteamNetDriver_0 [GameNetDriver]
[2017.12.28-14.45.15:090][870]LogNet: DestroyNamedNetDriver SteamNetDriver_0 [GameNetDriver]
[2017.12.28-14.45.15:090][870]LogExit: GameNetDriver SteamNetDriver_0 shut down
[2017.12.28-14.45.15:090][870]LogScript:Warning: Accessed None 이 CallFunc_K2_GetPawn_ReturnValue2 프로퍼티를 읽으려 합니다.
	MyGameMode_C /Game/Map/stage.stage:PersistentLevel.MyGameMode_C_0
	Function /Game/BP/MyGameMode.MyGameMode_C:ExecuteUbergraph_MyGameMode:0E45
[2017.12.28-14.45.15:090][870]LogScript:Warning: Script call stack:
	Function /Game/BP/MyGameMode.MyGameMode_C:K2_OnLogout
	Function /Game/BP/MyGameMode.MyGameMode_C:ExecuteUbergraph_MyGameMode

[2017.12.28-14.45.15:221][870]LogMemory: Platform Memory Stats for Windows
[2017.12.28-14.45.15:221][870]LogMemory: Process Physical Memory: 1301.58 MB used, 1481.02 MB peak
[2017.12.28-14.45.15:221][870]LogMemory: Process Virtual Memory: 2070.98 MB used, 2225.62 MB peak
[2017.12.28-14.45.15:221][870]LogMemory: Physical Memory: 6184.47 MB used,  14195.68 MB free, 20380.15 MB total
[2017.12.28-14.45.15:221][870]LogMemory: Virtual Memory: 2847.55 MB used,  14195.68 MB free, 134217728.00 MB total
[2017.12.28-14.45.15:221][870]LogMemory: 
[2017.12.28-14.45.15:221][870]Allocator Stats for TBB: (not implemented)
[2017.12.28-14.45.15:270][870]LogAIModule: Creating AISystem for world Main
[2017.12.28-14.45.15:270][870]LogLoad: Game class is 'pregame_C'
[2017.12.28-14.45.15:273][870]LogWorld: Bringing World /Game/Map/Main.Main up for play (max tick rate 0) at 2017.12.28-23.45.15
[2017.12.28-14.45.15:274][870]LogWorld: Bringing up level for play took: 0.001038
[2017.12.28-14.45.15:274][870]LogSpawn:Warning: SpawnActor failed because no class was specified
[2017.12.28-14.45.15:274][870]LogGameMode:Display: Match State Changed from EnteringMap to WaitingToStart
[2017.12.28-14.45.15:274][870]LogGameState: Match State Changed from EnteringMap to WaitingToStart
[2017.12.28-14.45.15:274][870]LogGameMode:Display: Match State Changed from WaitingToStart to InProgress
[2017.12.28-14.45.15:280][870]r.SetRes = "1600x900"
[2017.12.28-14.45.15:287][870]LogBlueprintUserMessages: [Main_C_0] 1.0
[2017.12.28-14.45.15:287][870]LogGameState: Match State Changed from WaitingToStart to InProgress
[2017.12.28-14.45.15:287][870]LogLoad: Took 0.225223 seconds to LoadMap(/Game/Map/Main)
[2017.12.28-14.45.15:445][874]LogAudio:Warning: Detected orphaned looping sound '메인화면'.
[2017.12.28-14.45.15:535][878]LogScriptCore:Warning: Script Msg: DestroySessionCallback - Invalid player state
[2017.12.28-14.45.21:196][214]LogPackageName: SearchForPackageOnDisk took   0.180s to resolve newMap.umap.
[2017.12.28-14.45.21:197][214]LogGameMode:Display: Match State Changed from InProgress to LeavingMap
[2017.12.28-14.45.21:197][214]LogGameState: Match State Changed from InProgress to LeavingMap
[2017.12.28-14.45.21:381][214]LogPackageName: SearchForPackageOnDisk took   0.184s to resolve newMap.umap.
[2017.12.28-14.45.21:381][214]LogNet: Browse: /Game/Map/newMap?listen
[2017.12.28-14.45.21:381][214]LogLoad: LoadMap: /Game/Map/newMap?listen
[2017.12.28-14.45.21:411][214]LogMemory: Platform Memory Stats for Windows
[2017.12.28-14.45.21:411][214]LogMemory: Process Physical Memory: 1042.00 MB used, 1481.02 MB peak
[2017.12.28-14.45.21:411][214]LogMemory: Process Virtual Memory: 1592.65 MB used, 2225.62 MB peak
[2017.12.28-14.45.21:411][214]LogMemory: Physical Memory: 5721.92 MB used,  14658.23 MB free, 20380.15 MB total
[2017.12.28-14.45.21:411][214]LogMemory: Virtual Memory: 2674.68 MB used,  14658.23 MB free, 134217728.00 MB total
[2017.12.28-14.45.21:411][214]LogMemory: 
[2017.12.28-14.45.21:411][214]Allocator Stats for TBB: (not implemented)
[2017.12.28-14.45.22:120][214]LogLinker:Warning: '/Game/Map/newMap_BuiltData' 파일을 찾을 수 없습니다.
[2017.12.28-14.45.22:120][214]LogUObjectGlobals:Warning: '/Game/Map/newMap_BuiltData': '/Game/Map/newMap_BuiltData' 파일을 찾을 수 없습니다. 로드에 실패했습니다.
[2017.12.28-14.45.22:120][214]LogLinker:Warning: NULL 로드중 '/Game/Map/newMap_BuiltData' 애셋에 대한 파일을 찾을 수 없습니다.
[2017.12.28-14.45.22:120][214]LogUObjectGlobals:Warning: '/Game/Map/newMap_BuiltData': NULL 로드중 '/Game/Map/newMap_BuiltData' 애셋에 대한 파일을 찾을 수 없습니다. 로드에 실패했습니다.
[2017.12.28-14.45.23:305][214]LogLinker:Warning: '/Game/Map/newMap_BuiltData' 파일을 찾을 수 없습니다.
[2017.12.28-14.45.23:305][214]LoadErrors: 정보 로드에 실패했습니다. /Game/Map/newMap_BuiltData.newMap_BuiltData 레퍼런싱한 것: PersistentLevel
[2017.12.28-14.45.23:305][214]LogUObjectGlobals:Warning: '/Game/Map/newMap_BuiltData': '/Game/Map/newMap_BuiltData' 파일을 찾을 수 없습니다. 로드에 실패했습니다.
[2017.12.28-14.45.23:305][214]LogLinker:Warning: NULL 로드중 '/Game/Map/newMap_BuiltData' 애셋에 대한 파일을 찾을 수 없습니다.
[2017.12.28-14.45.23:305][214]LoadErrors: 정보 로드에 실패했습니다. /Game/Map/newMap_BuiltData.newMap_BuiltData 레퍼런싱한 것: PersistentLevel
[2017.12.28-14.45.23:305][214]LogUObjectGlobals:Warning: '/Game/Map/newMap_BuiltData': NULL 로드중 '/Game/Map/newMap_BuiltData' 애셋에 대한 파일을 찾을 수 없습니다. 로드에 실패했습니다.
[2017.12.28-14.45.25:904][214]LogMaterial: Missing cached shader map for material 01_-_Default, compiling. 
[2017.12.28-14.45.25:904][214]LogMaterial:Warning: Failed to compile Material /Game/b/01_-_Default.01_-_Default for platform PCD3D_SM5, Default Material will be used in game.
[2017.12.28-14.45.25:904][214]LogMaterial:Warning: 	(Node TextureSample) TextureSample> Missing input texture
[2017.12.28-14.45.25:924][214]LogMaterial: Missing cached shader map for material 06_-_Default, compiling. 
[2017.12.28-14.45.25:924][214]LogMaterial:Warning: Failed to compile Material /Game/ThirdPersonBP/chain/06_-_Default.06_-_Default for platform PCD3D_SM5, Default Material will be used in game.
[2017.12.28-14.45.25:924][214]LogMaterial:Warning: 	(Node TextureSample) TextureSample> Missing input texture
[2017.12.28-14.45.25:939][214]LogAIModule: Creating AISystem for world newMap
[2017.12.28-14.45.25:939][214]LogLoad: Game class is 'MyGameMode_C'
[2017.12.28-14.45.25:940][214]LogNet:Display: SteamNetDriver_1 bound to port 7777
[2017.12.28-14.45.25:940][214]PacketHandlerLog: Loaded PacketHandler component: Engine.EngineHandlerComponentFactory (StatelessConnectHandlerComponent)
[2017.12.28-14.45.25:940][214]LogNet: GameNetDriver SteamNetDriver_1 IpNetDriver listening on port 7777
[2017.12.28-14.45.26:002][214]LogWorld: Bringing World /Game/Map/newMap.newMap up for play (max tick rate 0) at 2017.12.28-23.45.26
[2017.12.28-14.45.26:003][214]LogWorld: Bringing up level for play took: 0.061214
[2017.12.28-14.45.26:005][214]LogGameMode:Display: Match State Changed from EnteringMap to WaitingToStart
[2017.12.28-14.45.26:005][214]LogGameState: Match State Changed from EnteringMap to WaitingToStart
[2017.12.28-14.45.26:005][214]LogGameMode:Display: Match State Changed from WaitingToStart to InProgress
[2017.12.28-14.45.26:014][214]LogBlueprintUserMessages: [messageScroll_116] duck2283
[2017.12.28-14.45.26:021][214]LogGameState: Match State Changed from WaitingToStart to InProgress
[2017.12.28-14.45.26:023][214]LogLoad: Took 4.642052 seconds to LoadMap(/Game/Map/newMap)
[2017.12.28-14.45.26:041][215]LogAudio:Warning: Detected orphaned looping sound 'wind'.
[2017.12.28-14.45.26:042][215]PIE:Warning: 경고 위젯이 포커스를 지원하지 않습니다. UserWidget 인 경우, bIsFocusable 을 true 로 설정해야 합니다.
[2017.12.28-14.45.31:677][451]PIE:Error: 오류 SetInputMode_GameOnly 는 유효한 플레이어 컨트롤러를 타겟으로 기대합니다.
[2017.12.28-14.45.31:677][451]PIE:Error: 오류 SetInputMode_GameOnly 는 유효한 플레이어 컨트롤러를 타겟으로 기대합니다.
[2017.12.28-14.45.31:680][451]LogScriptCore:Warning: Script Msg: Divide by zero
Script call stack:
	Function /Game/Widget/PHUD.PHUD_C:RMouseSkillCoolTimeBar

[2017.12.28-14.45.31:680][451]LogScriptCore:Warning: Script Msg: Divide by zero
Script call stack:
	Function /Game/Widget/PHUD.PHUD_C:ShiftSkillCoolTimeBar

[2017.12.28-14.45.31:704][452]LogScriptCore:Warning: Script Msg: Divide by zero
Script call stack:
	Function /Game/Widget/PHUD.PHUD_C:RMouseSkillCoolTimeBar

[2017.12.28-14.45.31:704][452]LogScriptCore:Warning: Script Msg: Divide by zero
Script call stack:
	Function /Game/Widget/PHUD.PHUD_C:ShiftSkillCoolTimeBar

[2017.12.28-14.45.31:723][453]LogScriptCore:Warning: Script Msg: Divide by zero
Script call stack:
	Function /Game/Widget/PHUD.PHUD_C:RMouseSkillCoolTimeBar

[2017.12.28-14.45.31:723][453]LogScriptCore:Warning: Script Msg: Divide by zero
Script call stack:
	Function /Game/Widget/PHUD.PHUD_C:ShiftSkillCoolTimeBar

[2017.12.28-14.45.31:749][454]LogScriptCore:Warning: Script Msg: Divide by zero
Script call stack:
	Function /Game/Widget/PHUD.PHUD_C:RMouseSkillCoolTimeBar

[2017.12.28-14.45.31:749][454]LogScriptCore:Warning: Script Msg: Divide by zero
Script call stack:
	Function /Game/Widget/PHUD.PHUD_C:ShiftSkillCoolTimeBar

[2017.12.28-14.47.12:495][477]LogNet: NotifyAcceptingConnection accepted from: 76561198347402268:7777
[2017.12.28-14.47.12:495][477]LogHandshake: SendConnectChallenge. Timestamp: 111.487305, Cookie: 146203199014209128098083236069253087060190196092173116089253
[2017.12.28-14.47.12:496][477]LogNet: NotifyAcceptingConnection accepted from: 76561198347402268:7777
[2017.12.28-14.47.12:496][477]LogHandshake: SendConnectChallenge. Timestamp: 111.487305, Cookie: 146203199014209128098083236069253087060190196092173116089253
[2017.12.28-14.47.12:496][477]LogNet: NotifyAcceptingConnection accepted from: 76561198347402268:7777
[2017.12.28-14.47.12:496][477]LogHandshake: SendConnectChallenge. Timestamp: 111.487305, Cookie: 146203199014209128098083236069253087060190196092173116089253
[2017.12.28-14.47.12:496][477]LogNet: NotifyAcceptingConnection accepted from: 76561198347402268:7777
[2017.12.28-14.47.12:496][477]LogHandshake: SendConnectChallenge. Timestamp: 111.487305, Cookie: 146203199014209128098083236069253087060190196092173116089253
[2017.12.28-14.47.12:496][477]LogNet: NotifyAcceptingConnection accepted from: 76561198347402268:7777
[2017.12.28-14.47.12:496][477]LogHandshake: SendConnectChallenge. Timestamp: 111.487305, Cookie: 146203199014209128098083236069253087060190196092173116089253
[2017.12.28-14.47.12:512][478]LogNet: NotifyAcceptingConnection accepted from: 76561198347402268:7777
[2017.12.28-14.47.12:512][478]LogNet: Server accepting post-challenge connection from: 76561198347402268:7777
[2017.12.28-14.47.12:513][478]PacketHandlerLog: Loaded PacketHandler component: Engine.EngineHandlerComponentFactory (StatelessConnectHandlerComponent)
[2017.12.28-14.47.12:513][478]LogNet: NotifyAcceptedConnection: Name: newMap, TimeStamp: 12/28/17 23:47:12, [UNetConnection] RemoteAddr: 76561198347402268:7777, Name: SteamNetConnection_0, Driver: GameNetDriver SteamNetDriver_1, IsServer: YES, PC: NULL, Owner: NULL
[2017.12.28-14.47.12:513][478]LogNet: AddClientConnection: Added client connection: [UNetConnection] RemoteAddr: 76561198347402268:7777, Name: SteamNetConnection_0, Driver: GameNetDriver SteamNetDriver_1, IsServer: YES, PC: NULL, Owner: NULL
[2017.12.28-14.47.12:513][478]LogNet: NotifyAcceptingChannel Control 0 server World /Game/Map/newMap.newMap: Accepted
[2017.12.28-14.47.12:513][478]LogNet: Remote platform little endian=1
[2017.12.28-14.47.12:513][478]LogNet: This platform little endian=1
[2017.12.28-14.47.12:566][481]LogNet: Login request: /Game/Map/Main?Name=codemist userId: 76561198347402268
[2017.12.28-14.47.12:599][483]LogNet: Client netspeed is 10000
[2017.12.28-14.47.17:017][733]LogNet: Join request: /Game/Map/Main?Name=codemist?SplitscreenCount=1
[2017.12.28-14.47.17:020][733]LogNet: Join succeeded: codemist
[2017.12.28-14.51.11:223][ 53]LogPackageName: SearchForPackageOnDisk took   0.191s to resolve Main.umap.
[2017.12.28-14.51.11:225][ 53]LogGameMode:Display: Match State Changed from InProgress to LeavingMap
[2017.12.28-14.51.11:225][ 53]LogGameState: Match State Changed from InProgress to LeavingMap
[2017.12.28-14.51.11:410][ 53]LogPackageName: SearchForPackageOnDisk took   0.185s to resolve Main.umap.
[2017.12.28-14.51.11:410][ 53]LogNet: Browse: /Game/Map/Main
[2017.12.28-14.51.11:410][ 53]LogLoad: LoadMap: /Game/Map/Main
[2017.12.28-14.51.11:410][ 53]LogNet: World NetDriver shutdown SteamNetDriver_1 [GameNetDriver]
[2017.12.28-14.51.11:410][ 53]LogNet: DestroyNamedNetDriver SteamNetDriver_1 [GameNetDriver]
[2017.12.28-14.51.11:411][ 53]LogNet: UNetConnection::Cleanup: Closing open connection. [UNetConnection] RemoteAddr: 76561198347402268:7777, Name: SteamNetConnection_0, Driver: GameNetDriver SteamNetDriver_1, IsServer: YES, PC: playercon_C_1, Owner: playercon_C_1
[2017.12.28-14.51.11:411][ 53]LogNet: UNetConnection::Close: [UNetConnection] RemoteAddr: 76561198347402268:7777, Name: SteamNetConnection_0, Driver: GameNetDriver SteamNetDriver_1, IsServer: YES, PC: playercon_C_1, Owner: playercon_C_1, Channels: 55, Time: 2017.12.28-14.51.11
[2017.12.28-14.51.11:411][ 53]LogNet: UChannel::Close: Sending CloseBunch. ChIndex == 0. Name: [UChannel] ChIndex: 0, Closing: 0 [UNetConnection] RemoteAddr: 76561198347402268:7777, Name: SteamNetConnection_0, Driver: GameNetDriver SteamNetDriver_1, IsServer: YES, PC: playercon_C_1, Owner: playercon_C_1
[2017.12.28-14.51.11:412][ 53]LogScript:Warning: Accessed None 이 CallFunc_K2_GetPawn_ReturnValue2 프로퍼티를 읽으려 합니다.
	MyGameMode_C /Game/Map/newMap.newMap:PersistentLevel.MyGameMode_C_0
	Function /Game/BP/MyGameMode.MyGameMode_C:ExecuteUbergraph_MyGameMode:0E45
[2017.12.28-14.51.11:412][ 53]LogScript:Warning: Script call stack:
	Function /Game/BP/MyGameMode.MyGameMode_C:K2_OnLogout
	Function /Game/BP/MyGameMode.MyGameMode_C:ExecuteUbergraph_MyGameMode

[2017.12.28-14.51.11:412][ 53]LogExit: GameNetDriver SteamNetDriver_1 shut down
[2017.12.28-14.51.11:412][ 53]LogScript:Warning: Accessed None 이 CallFunc_K2_GetPawn_ReturnValue2 프로퍼티를 읽으려 합니다.
	MyGameMode_C /Game/Map/newMap.newMap:PersistentLevel.MyGameMode_C_0
	Function /Game/BP/MyGameMode.MyGameMode_C:ExecuteUbergraph_MyGameMode:0E45
[2017.12.28-14.51.11:412][ 53]LogScript:Warning: Script call stack:
	Function /Game/BP/MyGameMode.MyGameMode_C:K2_OnLogout
	Function /Game/BP/MyGameMode.MyGameMode_C:ExecuteUbergraph_MyGameMode

[2017.12.28-14.51.11:545][ 53]LogMemory: Platform Memory Stats for Windows
[2017.12.28-14.51.11:545][ 53]LogMemory: Process Physical Memory: 1089.23 MB used, 1481.02 MB peak
[2017.12.28-14.51.11:545][ 53]LogMemory: Process Virtual Memory: 1989.96 MB used, 2225.62 MB peak
[2017.12.28-14.51.11:545][ 53]LogMemory: Physical Memory: 5805.25 MB used,  14574.90 MB free, 20380.15 MB total
[2017.12.28-14.51.11:545][ 53]LogMemory: Virtual Memory: 2881.74 MB used,  14574.90 MB free, 134217728.00 MB total
[2017.12.28-14.51.11:545][ 53]LogMemory: 
[2017.12.28-14.51.11:545][ 53]Allocator Stats for TBB: (not implemented)
[2017.12.28-14.51.11:605][ 53]LogAIModule: Creating AISystem for world Main
[2017.12.28-14.51.11:605][ 53]LogLoad: Game class is 'pregame_C'
[2017.12.28-14.51.11:609][ 53]LogWorld: Bringing World /Game/Map/Main.Main up for play (max tick rate 0) at 2017.12.28-23.51.11
[2017.12.28-14.51.11:609][ 53]LogWorld: Bringing up level for play took: 0.001454
[2017.12.28-14.51.11:610][ 53]LogSpawn:Warning: SpawnActor failed because no class was specified
[2017.12.28-14.51.11:610][ 53]LogGameMode:Display: Match State Changed from EnteringMap to WaitingToStart
[2017.12.28-14.51.11:610][ 53]LogGameState: Match State Changed from EnteringMap to WaitingToStart
[2017.12.28-14.51.11:610][ 53]LogGameMode:Display: Match State Changed from WaitingToStart to InProgress
[2017.12.28-14.51.11:617][ 53]r.SetRes = "1600x900"
[2017.12.28-14.51.11:617][ 53]LogBlueprintUserMessages: [Main_C_0] 1.0
[2017.12.28-14.51.11:617][ 53]LogGameState: Match State Changed from WaitingToStart to InProgress
[2017.12.28-14.51.11:617][ 53]LogLoad: Took 0.207259 seconds to LoadMap(/Game/Map/Main)
[2017.12.28-14.51.11:718][ 59]LogAudio:Warning: Detected orphaned looping sound '메인화면'.
[2017.12.28-14.51.11:835][ 64]LogScriptCore:Warning: Script Msg: DestroySessionCallback - Invalid player state
[2017.12.28-14.51.17:992][419]Closing by request
[2017.12.28-14.51.17:992][419]LogWindows: FPlatformMisc::RequestExit(0)
[2017.12.28-14.51.17:994][420]LogMoviePlayer: Shutting down movie player
[2017.12.28-14.51.19:021][420]LogWindowsTextInputMethodSystem:Display: IME system now activated using TSF (Microsoft 입력기).
[2017.12.28-14.51.19:022][420]LogWindowsTextInputMethodSystem:Display: IME system now activated using TSF (Microsoft 입력기).
[2017.12.28-14.51.19:025][420]LogWindowsTextInputMethodSystem:Display: IME system now activated using TSF (Microsoft 입력기).
[2017.12.28-14.51.19:026][420]LogWindowsTextInputMethodSystem:Display: IME system now activated using TSF (Microsoft 입력기).
[2017.12.28-14.51.19:080][420]LogExit: Preparing to exit.
[2017.12.28-14.51.19:172][420]LogExit: Game engine shut down
[2017.12.28-14.51.19:250][420]LogObj: Freed 0b from 0 cluster array pools.
[2017.12.28-14.51.19:250][420]LogExit: Object subsystem successfully closed.
[2017.12.28-14.51.19:263][420]LogD3D11RHI: Shutdown
[2017.12.28-14.51.19:263][420]LogD3D11RHI: CleanupD3DDevice
[2017.12.28-14.51.19:410][420]LogD3D11RHI: ~FD3D11DynamicRHI
[2017.12.28-14.51.19:428][420]LogModuleManager: Shutting down and abandoning module SequenceRecorderSections (266)
[2017.12.28-14.51.19:428][420]LogModuleManager: Shutting down and abandoning module SequenceRecorder (264)
[2017.12.28-14.51.19:428][420]LogModuleManager: Shutting down and abandoning module AutomationController (262)
[2017.12.28-14.51.19:428][420]LogModuleManager: Shutting down and abandoning module AutomationWorker (260)
[2017.12.28-14.51.19:428][420]LogModuleManager: Shutting down and abandoning module AIModule (258)
[2017.12.28-14.51.19:428][420]LogModuleManager: Shutting down and abandoning module GameplayDebugger (257)
[2017.12.28-14.51.19:428][420]LogModuleManager: Shutting down and abandoning module AITestSuite (255)
[2017.12.28-14.51.19:428][420]LogModuleManager: Shutting down and abandoning module WmfMediaFactory (252)
[2017.12.28-14.51.19:428][420]LogModuleManager: Shutting down and abandoning module MfMediaFactory (250)
[2017.12.28-14.51.19:428][420]LogModuleManager: Shutting down and abandoning module AvfMediaFactory (248)
[2017.12.28-14.51.19:428][420]LogModuleManager: Shutting down and abandoning module AndroidMediaFactory (246)
[2017.12.28-14.51.19:428][420]LogModuleManager: Shutting down and abandoning module Media (245)
[2017.12.28-14.51.19:428][420]LogModuleManager: Shutting down and abandoning module CharacterAI (242)
[2017.12.28-14.51.19:428][420]LogModuleManager: Shutting down and abandoning module SessionServices (240)
[2017.12.28-14.51.19:428][420]LogModuleManager: Shutting down and abandoning module MovieSceneCapture (238)
[2017.12.28-14.51.19:428][420]LogModuleManager: Shutting down and abandoning module GeometryCache (236)
[2017.12.28-14.51.19:428][420]LogModuleManager: Shutting down and abandoning module GeometryCacheEd (235)
[2017.12.28-14.51.19:428][420]LogModuleManager: Shutting down and abandoning module Niagara (232)
[2017.12.28-14.51.19:428][420]LogModuleManager: Shutting down and abandoning module StreamingPauseRendering (230)
[2017.12.28-14.51.19:428][420]LogModuleManager: Shutting down and abandoning module PortalServices (228)
[2017.12.28-14.51.19:428][420]LogModuleManager: Shutting down and abandoning module PortalRpc (226)
[2017.12.28-14.51.19:428][420]LogModuleManager: Shutting down and abandoning module MessagingRpc (224)
[2017.12.28-14.51.19:428][420]LogModuleManager: Shutting down and abandoning module ProfilerService (222)
[2017.12.28-14.51.19:502][420]LogModuleManager: Shutting down and abandoning module TaskGraph (220)
[2017.12.28-14.51.19:502][420]LogModuleManager: Shutting down and abandoning module SteamVRController (218)
[2017.12.28-14.51.19:502][420]LogModuleManager: Shutting down and abandoning module SteamVR (216)
[2017.12.28-14.51.19:502][420]LogModuleManager: Shutting down and abandoning module ProceduralMeshComponent (214)
[2017.12.28-14.51.19:502][420]LogModuleManager: Shutting down and abandoning module OculusLibrary (212)
[2017.12.28-14.51.19:502][420]LogModuleManager: Shutting down and abandoning module OculusInput (210)
[2017.12.28-14.51.19:502][420]LogModuleManager: Shutting down and abandoning module MobilePatchingUtils (208)
[2017.12.28-14.51.19:502][420]LogModuleManager: Shutting down and abandoning module CustomMeshComponent (206)
[2017.12.28-14.51.19:502][420]LogModuleManager: Shutting down and abandoning module CableComponent (204)
[2017.12.28-14.51.19:502][420]LogModuleManager: Shutting down and abandoning module ArchVisCharacter (202)
[2017.12.28-14.51.19:502][420]LogModuleManager: Shutting down and abandoning module HTML5Networking (198)
[2017.12.28-14.51.19:502][420]LogModuleManager: Shutting down and abandoning module VisualStudioSourceCodeAccess (196)
[2017.12.28-14.51.19:502][420]LogModuleManager: Shutting down and abandoning module DesktopPlatform (195)
[2017.12.28-14.51.19:502][420]LogModuleManager: Shutting down and abandoning module HotReload (193)
[2017.12.28-14.51.19:502][420]LogModuleManager: Shutting down and abandoning module DirectoryWatcher (192)
[2017.12.28-14.51.19:502][420]LogModuleManager: Shutting down and abandoning module UObjectPlugin (188)
[2017.12.28-14.51.19:502][420]LogModuleManager: Shutting down and abandoning module SubversionSourceControl (186)
[2017.12.28-14.51.19:502][420]LogModuleManager: Shutting down and abandoning module PerforceSourceControl (184)
[2017.12.28-14.51.19:502][420]LogModuleManager: Shutting down and abandoning module SourceControl (183)
[2017.12.28-14.51.19:502][420]LogModuleManager: Shutting down and abandoning module PhysXVehiclesEditor (180)
[2017.12.28-14.51.19:502][420]LogModuleManager: Shutting down and abandoning module PhysXVehicles (178)
[2017.12.28-14.51.19:502][420]LogModuleManager: Shutting down and abandoning module LocationServicesBPLibrary (176)
[2017.12.28-14.51.19:502][420]LogModuleManager: Shutting down and abandoning module UdpMessaging (174)
[2017.12.28-14.51.19:502][420]LogModuleManager: Shutting down and abandoning module TcpMessaging (172)
[2017.12.28-14.51.19:502][420]LogModuleManager: Shutting down and abandoning module GameplayTagsEditor (170)
[2017.12.28-14.51.19:502][420]LogModuleManager: Shutting down and abandoning module FacialAnimation (168)
[2017.12.28-14.51.19:502][420]LogModuleManager: Shutting down and abandoning module LightPropagationVolumeRuntime (166)
[2017.12.28-14.51.19:502][420]LogModuleManager: Shutting down and abandoning module Paper2D (164)
[2017.12.28-14.51.19:502][420]LogModuleManager: Shutting down and abandoning module WindowsMoviePlayer (162)
[2017.12.28-14.51.19:502][420]LogModuleManager: Shutting down and abandoning module WmfMedia (160)
[2017.12.28-14.51.19:504][420]LogModuleManager: Shutting down and abandoning module MfMedia (158)
[2017.12.28-14.51.19:504][420]LogModuleManager: Shutting down and abandoning module MediaAssets (156)
[2017.12.28-14.51.19:504][420]LogModuleManager: Shutting down and abandoning module GameLiveStreaming (154)
[2017.12.28-14.51.19:504][420]LogModuleManager: Shutting down and abandoning module VREditor (152)
[2017.12.28-14.51.19:504][420]LogModuleManager: Shutting down and abandoning module GameplayTasksEditor (150)
[2017.12.28-14.51.19:504][420]LogModuleManager: Shutting down and abandoning module BehaviorTreeEditor (148)
[2017.12.28-14.51.19:504][420]LogModuleManager: Shutting down and abandoning module FunctionalTesting (146)
[2017.12.28-14.51.19:504][420]LogModuleManager: Shutting down and abandoning module CollisionAnalyzer (144)
[2017.12.28-14.51.19:504][420]LogModuleManager: Shutting down and abandoning module UMG (142)
[2017.12.28-14.51.19:504][420]LogModuleManager: Shutting down and abandoning module UMGEditor (141)
[2017.12.28-14.51.19:505][420]LogModuleManager: Shutting down and abandoning module Sequencer (140)
[2017.12.28-14.51.19:505][420]LogModuleManager: Shutting down and abandoning module AssetTools (138)
[2017.12.28-14.51.19:505][420]LogModuleManager: Shutting down and abandoning module MessageLog (137)
[2017.12.28-14.51.19:505][420]LogModuleManager: Shutting down and abandoning module WorkspaceMenuStructure (136)
[2017.12.28-14.51.19:505][420]LogModuleManager: Shutting down and abandoning module SlateReflector (130)
[2017.12.28-14.51.19:505][420]LogModuleManager: Shutting down and abandoning module Slate (128)
[2017.12.28-14.51.19:505][420]LogModuleManager: Shutting down and abandoning module EditorStyle (126)
[2017.12.28-14.51.19:508][420]LogModuleManager: Shutting down and abandoning module Messaging (124)
[2017.12.28-14.51.19:508][420]LogModuleManager: Shutting down and abandoning module SourceCodeAccess (122)
[2017.12.28-14.51.19:508][420]LogModuleManager: Shutting down and abandoning module HeadMountedDisplay (120)
[2017.12.28-14.51.19:508][420]LogModuleManager: Shutting down and abandoning module XAudio2 (118)
[2017.12.28-14.51.19:508][420]LogModuleManager: Shutting down and abandoning module Networking (116)
[2017.12.28-14.51.19:508][420]LogModuleManager: Shutting down and abandoning module Core (114)
[2017.12.28-14.51.19:508][420]LogModuleManager: Shutting down and abandoning module KismetCompiler (112)
[2017.12.28-14.51.19:508][420]LogModuleManager: Shutting down and abandoning module PhysXFormats (110)
[2017.12.28-14.51.19:508][420]LogModuleManager: Shutting down and abandoning module MeshUtilities (108)
[2017.12.28-14.51.19:508][420]LogModuleManager: Shutting down and abandoning module SimplygonSwarm (107)
[2017.12.28-14.51.19:508][420]LogModuleManager: Shutting down and abandoning module SimplygonMeshReduction (105)
[2017.12.28-14.51.19:508][420]LogModuleManager: Shutting down and abandoning module QuadricMeshReduction (103)
[2017.12.28-14.51.19:508][420]LogModuleManager: Shutting down and abandoning module PropertyEditor (101)
[2017.12.28-14.51.19:509][420]LogModuleManager: Shutting down and abandoning module AssetRegistry (98)
[2017.12.28-14.51.19:509][420]LogModuleManager: Shutting down and abandoning module DerivedDataCache (96)
[2017.12.28-14.51.19:544][420]LogDerivedDataCache: Shutdown
[2017.12.28-14.51.19:544][420]LogModuleManager: Shutting down and abandoning module TargetPlatform (94)
[2017.12.28-14.51.19:544][420]LogModuleManager: Shutting down and abandoning module VulkanShaderFormat (93)
[2017.12.28-14.51.19:544][420]LogModuleManager: Shutting down and abandoning module ShaderFormatOpenGL (91)
[2017.12.28-14.51.19:544][420]LogModuleManager: Shutting down and abandoning module ShaderFormatD3D (89)
[2017.12.28-14.51.19:544][420]LogModuleManager: Shutting down and abandoning module MetalShaderFormat (87)
[2017.12.28-14.51.19:544][420]LogModuleManager: Shutting down and abandoning module TextureFormatUncompressed (85)
[2017.12.28-14.51.19:544][420]LogModuleManager: Shutting down and abandoning module TextureFormatPVR (83)
[2017.12.28-14.51.19:544][420]LogModuleManager: Shutting down and abandoning module TextureFormatDXT (81)
[2017.12.28-14.51.19:544][420]LogModuleManager: Shutting down and abandoning module TextureFormatIntelISPCTexComp (79)
[2017.12.28-14.51.19:544][420]LogModuleManager: Shutting down and abandoning module TextureFormatASTC (77)
[2017.12.28-14.51.19:544][420]LogModuleManager: Shutting down and abandoning module ImageWrapper (76)
[2017.12.28-14.51.19:544][420]LogModuleManager: Shutting down and abandoning module TextureFormatAndroid (73)
[2017.12.28-14.51.19:544][420]LogModuleManager: Shutting down and abandoning module AudioFormatOpus (71)
[2017.12.28-14.51.19:544][420]LogModuleManager: Shutting down and abandoning module AudioFormatOgg (69)
[2017.12.28-14.51.19:544][420]LogModuleManager: Shutting down and abandoning module AudioFormatADPCM (67)
[2017.12.28-14.51.19:544][420]LogModuleManager: Shutting down and abandoning module WindowsTargetPlatform (65)
[2017.12.28-14.51.19:544][420]LogModuleManager: Shutting down and abandoning module WindowsServerTargetPlatform (63)
[2017.12.28-14.51.19:544][420]LogModuleManager: Shutting down and abandoning module WindowsNoEditorTargetPlatform (61)
[2017.12.28-14.51.19:544][420]LogModuleManager: Shutting down and abandoning module WindowsClientTargetPlatform (59)
[2017.12.28-14.51.19:544][420]LogModuleManager: Shutting down and abandoning module InputCore (56)
[2017.12.28-14.51.19:544][420]LogModuleManager: Shutting down and abandoning module Settings (54)
[2017.12.28-14.51.19:544][420]LogModuleManager: Shutting down and abandoning module OculusRift (52)
[2017.12.28-14.51.19:545][420]LogModuleManager: Shutting down and abandoning module GearVR (50)
[2017.12.28-14.51.19:545][420]LogModuleManager: Shutting down and abandoning module ExampleDeviceProfileSelector (48)
[2017.12.28-14.51.19:545][420]LogModuleManager: Shutting down and abandoning module OnlineBlueprintSupport (46)
[2017.12.28-14.51.19:545][420]LogModuleManager: Shutting down and abandoning module OnlineSubsystem (42)
[2017.12.28-14.51.19:545][420]LogOnline:Display: STEAM: OnlineSubsystemSteam::Shutdown()
[2017.12.28-14.51.19:572][420]LogOnline:Display: Unloading online subsystem: STEAM
[2017.12.28-14.51.19:572][420]LogOnline:Display: STEAM: OnlineSubsystemSteam::Shutdown()
[2017.12.28-14.51.19:572][420]LogOnline:Display: Unloading online subsystem: NULL
[2017.12.28-14.51.19:573][420]LogModuleManager: Shutting down and abandoning module XMPP (37)
[2017.12.28-14.51.19:573][420]LogModuleManager: Shutting down and abandoning module HTTP (35)
[2017.12.28-14.51.19:596][420]LogModuleManager: Shutting down and abandoning module SSL (34)
[2017.12.28-14.51.19:598][420]LogModuleManager: Shutting down and abandoning module AudioEditor (30)
[2017.12.28-14.51.19:598][420]LogModuleManager: Shutting down and abandoning module TextureCompressor (28)
[2017.12.28-14.51.19:598][420]LogModuleManager: Shutting down and abandoning module ShaderCore (26)
[2017.12.28-14.51.19:598][420]LogModuleManager: Shutting down and abandoning module Landscape (24)
[2017.12.28-14.51.19:598][420]LogModuleManager: Shutting down and abandoning module SlateRHIRenderer (22)
[2017.12.28-14.51.19:600][420]LogModuleManager: Shutting down and abandoning module OpenGLDrv (20)
[2017.12.28-14.51.19:600][420]LogModuleManager: Shutting down and abandoning module D3D11RHI (18)
[2017.12.28-14.51.19:600][420]LogModuleManager: Shutting down and abandoning module AnimGraphRuntime (16)
[2017.12.28-14.51.19:600][420]LogModuleManager: Shutting down and abandoning module Renderer (14)
[2017.12.28-14.51.19:600][420]LogModuleManager: Shutting down and abandoning module Engine (12)
[2017.12.28-14.51.19:600][420]LogModuleManager: Shutting down and abandoning module CoreUObject (10)
[2017.12.28-14.51.19:600][420]LogModuleManager: Shutting down and abandoning module NetworkFile (8)
[2017.12.28-14.51.19:600][420]LogModuleManager: Shutting down and abandoning module StreamingFile (6)
[2017.12.28-14.51.19:600][420]LogModuleManager: Shutting down and abandoning module SandboxFile (4)
[2017.12.28-14.51.19:600][420]LogModuleManager: Shutting down and abandoning module PakFile (2)
[2017.12.28-14.51.19:602][420]LogExit: Exiting.
[2017.12.28-14.51.19:606][420]Log file closed, 12/28/17 23:51:19
