Log file open, 10/30/16 23:31:51
LogInit:Display: Running engine for game: UNNAMED
LogPlatformFile: Not using cached read wrapper
LogInit:Display: RandInit(998419488) SRandInit(998419489).
LogTaskGraph: Started task graph with 4 named threads and 7 total threads with 1 sets of task threads.
LogStats: Stats thread started at 0.184257
LogInit: Version: 4.12.5-3039270+++UE4+Release-4.12
LogInit: API Version: 2992821
LogInit: Net Version: 3039270
LogDevObjectVersion: Number of dev versions registered: 13
LogDevObjectVersion:   Dev-Blueprints (B0D832E4-1F89-4F0D-ACCF-7EB736FD4AA2): 3
LogDevObjectVersion:   Dev-Build (E1C64328-A22C-4D53-A36C-8E866417BD8C): 0
LogDevObjectVersion:   Dev-Core (375EC13C-06E4-48FB-B500-84F0262A717E): 1
LogDevObjectVersion:   Dev-Editor (E4B068ED-F494-42E9-A231-DA0B2E46BB41): 2
LogDevObjectVersion:   Dev-Framework (CFFC743F-43B0-4480-9391-14DF171D2073): 6
LogDevObjectVersion:   Dev-Mobile (B02B49B5-BB20-44E9-A304-32B752E40360): 0
LogDevObjectVersion:   Dev-Networking (A4E4105C-59A1-49B5-A7C5-40C4547EDFEE): 0
LogDevObjectVersion:   Dev-Online (39C831C9-5AE6-47DC-9A44-9C173E1C8E7C): 0
LogDevObjectVersion:   Dev-Physics (78F01B33-EBEA-4F98-B9B4-84EACCB95AA2): 0
LogDevObjectVersion:   Dev-Platform (6631380F-2D4D-43E0-8009-CF276956A95A): 0
LogDevObjectVersion:   Dev-Rendering (12F88B9F-8875-4AFC-A67C-D90C383ABD29): 2
LogDevObjectVersion:   Dev-Sequencer (7B5AE74C-D270-4C10-A958-57980B212A5A): 0
LogDevObjectVersion:   Dev-VR (D7296918-1DD6-4BDD-9DE2-64A83CC13884): 0
LogInit: Compiled (64-bit): Jul  6 2016 09:09:46
LogInit: Compiled with Visual C++: 19.00.23026.00
LogInit: Build Configuration: Development
LogInit: Branch Name: ++UE4+Release-4.12
LogInit: Command line:  117.16.45.139 -game
LogInit: Base directory: C:/Program Files (x86)/Epic Games/4.12/Engine/Binaries/Win64/
LogInit: Installed Engine Build: 1
LogInit: Using libcurl 7.41.0
LogInit:  - built for x86_64-pc-win32
LogInit:  - supports SSL with WinSSL
LogInit:  - other features:
LogInit:      CURL_VERSION_SSL
LogInit:      CURL_VERSION_IPV6
LogInit:      CURL_VERSION_ASYNCHDNS
LogInit:      CURL_VERSION_LARGEFILE
LogInit:      CURL_VERSION_IDN
LogInit:  CurlRequestOptions (configurable via config and command line):
LogInit:  - bVerifyPeer = true  - Libcurl will verify peer certificate
LogInit:  - bUseHttpProxy = false  - Libcurl will NOT use HTTP proxy
LogInit:  - bDontReuseConnections = false  - Libcurl will reuse connections
LogInit:  - CertBundlePath = nullptr  - Libcurl will use whatever was configured at build time.
LogInit: Presizing for max 8388607 objects, including 0 objects not considered by GC, pre-allocating 0 bytes for permanent pool.
LogInit: Object subsystem initialized
[2016.10.30-14.31.51:845][  0]LogInit: Selected Device Profile: [Windows]
[2016.10.30-14.31.51:845][  0]LogInit: Applying CVar settings loaded from the selected device profile: [Windows]
[2016.10.30-14.31.51:856][  0]LogInit: Computer: DESKTOP-5I3HB32
[2016.10.30-14.31.51:856][  0]LogInit: User: jcy
[2016.10.30-14.31.51:856][  0]LogInit: CPU Page size=65536, Cores=4
[2016.10.30-14.31.51:856][  0]LogInit: High frequency timer resolution =2.533208 MHz
[2016.10.30-14.31.51:856][  0]LogMemory: Memory total: Physical=7.9GB (8GB approx)
[2016.10.30-14.31.51:856][  0]LogMemory: Platform Memory Stats for Windows
[2016.10.30-14.31.51:856][  0]LogMemory: Process Physical Memory: 191.09 MB used, 191.09 MB peak
[2016.10.30-14.31.51:856][  0]LogMemory: Process Virtual Memory: 195.21 MB used, 195.21 MB peak
[2016.10.30-14.31.51:856][  0]LogMemory: Physical Memory: 2709.70 MB used, 8113.86 MB total
[2016.10.30-14.31.51:856][  0]LogMemory: Virtual Memory: 553.27 MB used, 134217728.00 MB total
[2016.10.30-14.31.52:830][  0]LogD3D11RHI: D3D11 adapters:
[2016.10.30-14.31.53:360][  0]LogD3D11RHI:    0. 'NVIDIA GeForce GTX 960M' (Feature Level 11_0)
[2016.10.30-14.31.53:360][  0]LogD3D11RHI:       2018/0/4056 MB DedicatedVideo/DedicatedSystem/SharedSystem, Outputs:2, VendorId:0x10de
[2016.10.30-14.31.53:366][  0]LogD3D11RHI:    1. 'Intel(R) HD Graphics 4600' (Feature Level 11_0)
[2016.10.30-14.31.53:366][  0]LogD3D11RHI:       112/0/2048 MB DedicatedVideo/DedicatedSystem/SharedSystem, Outputs:0, VendorId:0x8086
[2016.10.30-14.31.53:368][  0]LogD3D11RHI:    2. 'Microsoft Basic Render Driver' (Feature Level 11_0)
[2016.10.30-14.31.53:368][  0]LogD3D11RHI:       0/0/4056 MB DedicatedVideo/DedicatedSystem/SharedSystem, Outputs:0, VendorId:0x1414
[2016.10.30-14.31.53:368][  0]LogD3D11RHI: Chosen D3D11 Adapter: 0
[2016.10.30-14.31.53:373][  0]LogD3D11RHI: Creating new Direct3DDevice
[2016.10.30-14.31.53:373][  0]LogD3D11RHI:     GPU DeviceId: 0x139b (for the marketing name, search the web for "GPU Device Id")
[2016.10.30-14.31.53:373][  0]LogWindows: EnumDisplayDevices:
[2016.10.30-14.31.53:373][  0]LogWindows:    0. 'Intel(R) HD Graphics 4600' (P:1 D:1)
[2016.10.30-14.31.53:374][  0]LogWindows:    1. 'Intel(R) HD Graphics 4600' (P:0 D:1)
[2016.10.30-14.31.53:374][  0]LogWindows:    2. 'Intel(R) HD Graphics 4600' (P:0 D:0)
[2016.10.30-14.31.53:374][  0]LogWindows: DebugString: PrimaryIsNotTheChoosenAdapter PrimaryIsNotTheChoosenAdapter PrimaryIsNotTheChoosenAdapter FoundDriverCount:0 
[2016.10.30-14.31.53:374][  0]LogD3D11RHI:     Adapter Name: NVIDIA GeForce GTX 960M
[2016.10.30-14.31.53:374][  0]LogD3D11RHI:   Driver Version: Unknown (internal:Unknown, unified:Unknown)
[2016.10.30-14.31.53:374][  0]LogD3D11RHI:      Driver Date: Unknown
[2016.10.30-14.31.53:374][  0]LogRHI: Texture pool is 1361 MB (70% of 1945 MB)
[2016.10.30-14.31.53:866][  0]LogD3D11RHI: Async texture creation enabled
[2016.10.30-14.31.53:977][  0]LogD3D11RHI: GPU Timing Frequency: 1000.000000 (Debug: 2 1)
[2016.10.30-14.31.53:977][  0]LogShaderCompilers: Guid format shader working directory is -16 characters bigger than the processId version (../../../../../../Users/jcy/Documents/GitHub/UNNAMED/UNNAMED/Intermediate/Shaders/WorkingDirectory/9852/).
[2016.10.30-14.31.53:978][  0]LogShaderCompilers: Cleaned the shader compiler working directory 'C:/Users/jcy/AppData/Local/Temp/UnrealShaderWorkingDir/EB6C404D401E47FAF3F1E4AD86833B5A/'.
[2016.10.30-14.31.53:978][  0]LogShaderCompilers:Display: Using Local Shader Compiler.
[2016.10.30-14.31.55:938][  0]LogTemp:Display: Loaded TP WindowsClientTargetPlatform
[2016.10.30-14.31.55:958][  0]LogTemp:Display: Loaded TP WindowsNoEditorTargetPlatform
[2016.10.30-14.31.56:000][  0]LogTemp:Display: Loaded TP WindowsServerTargetPlatform
[2016.10.30-14.31.56:030][  0]LogTemp:Display: Loaded TP WindowsTargetPlatform
[2016.10.30-14.31.56:030][  0]LogTargetPlatformManager:Display: Building Assets For Windows
[2016.10.30-14.31.56:891][  0]LogDerivedDataCache:Display: Max Cache Size: 512 MB
[2016.10.30-14.31.57:329][  0]LogDerivedDataCache: Loaded boot cache 0.44s 48MB C:/Users/jcy/AppData/Local/UnrealEngine/4.12/DerivedDataCache/Boot.ddc.
[2016.10.30-14.31.57:330][  0]LogDerivedDataCache:Display: Loaded Boot cache: C:/Users/jcy/AppData/Local/UnrealEngine/4.12/DerivedDataCache/Boot.ddc
[2016.10.30-14.31.57:330][  0]LogDerivedDataCache: FDerivedDataBackendGraph:  Pak pak cache file ../../../../../../Users/jcy/Documents/GitHub/UNNAMED/UNNAMED/DerivedDataCache/DDC.ddp not found, will not use a pak cache.
[2016.10.30-14.31.57:330][  0]LogDerivedDataCache: Unable to find inner node Pak for hierarchical cache Hierarchy.
[2016.10.30-14.31.57:330][  0]LogDerivedDataCache: FDerivedDataBackendGraph:  CompressedPak pak cache file ../../../../../../Users/jcy/Documents/GitHub/UNNAMED/UNNAMED/DerivedDataCache/Compressed.ddp not found, will not use a pak cache.
[2016.10.30-14.31.57:330][  0]LogDerivedDataCache: Unable to find inner node CompressedPak for hierarchical cache Hierarchy.
[2016.10.30-14.31.57:399][  0]LogDerivedDataCache:Display: Pak cache opened for reading ../../../Engine/DerivedDataCache/Compressed.ddp.
[2016.10.30-14.31.57:481][  0]LogDerivedDataCache: Using Local data cache path C:/Users/jcy/AppData/Local/UnrealEngine/Common/DerivedDataCache: Writable
[2016.10.30-14.32.00:432][  0]LogAssetRegistry: FAssetRegistry took 0.0001 seconds to start up
[2016.10.30-14.32.00:575][  0]LogPackageLocalizationCache: Processed 3 localized package path(s) for 1 prioritized culture(s) in 0.141433 seconds
[2016.10.30-14.32.00:615][  0]LogInit: Selected Device Profile: [Windows]
[2016.10.30-14.32.00:615][  0]LogContentStreaming: Texture pool size is 1000.00 MB
[2016.10.30-14.32.01:485][  0]LogMeshUtilities: No automatic mesh reduction module available
[2016.10.30-14.32.01:485][  0]LogMeshUtilities: No automatic mesh merging module available
[2016.10.30-14.32.01:485][  0]LogMeshUtilities: No distributed automatic mesh merging module available
[2016.10.30-14.32.03:248][  0]LogInit: WinSock: version 1.1 (2.2), MaxSocks=32767, MaxUdp=65467
[2016.10.30-14.32.06:045][  0]LogSlate: SlateFontCache - WITH_FREETYPE: 1, WITH_HARFBUZZ: 1
[2016.10.30-14.32.06:045][  0]LogSlate: SlateFontCache - WITH_FREETYPE: 1, WITH_HARFBUZZ: 1
[2016.10.30-14.32.06:616][  0]LogMoviePlayer: Initializing movie player
[2016.10.30-14.32.07:611][  0]LogWindowsMoviePlayer: Unable to load movie: ../../../../../../Users/jcy/Documents/GitHub/UNNAMED/UNNAMED/Content/Movies/Default_Startup.mp4
[2016.10.30-14.32.08:030][  0]SourceControl: Info Source control is disabled
[2016.10.30-14.32.08:031][  0]SourceControl: Info Source control is disabled
[2016.10.30-14.32.08:099][  0]SourceControl: Info Source control is disabled
[2016.10.30-14.32.08:652][  0]LogUObjectArray: 30985 objects as part of root set at end of initial load.
[2016.10.30-14.32.08:652][  0]LogUObjectAllocator: 6717240 out of 0 bytes used by permanent object pool.
[2016.10.30-14.32.08:652][  0]LogUObjectArray: CloseDisregardForGC: 0/0 objects in disregard for GC pool
[2016.10.30-14.32.09:070][  0]LogEngine: Initializing Engine...
[2016.10.30-14.32.09:114][  0]LogHMD: SteamVR failed to initialize.  Err: 110
[2016.10.30-14.32.09:115][  0]LogHMD: SteamVR failed to initialize.  Err: 110
[2016.10.30-14.32.09:572][  0]LogInit: XAudio2 using '스피커(Realtek High Definition Audio)' : 2 channels at 48 kHz using 32 bits per sample (channel mask 0x3)
[2016.10.30-14.32.09:605][  0]LogInit: FAudioDevice initialized.
[2016.10.30-14.32.09:642][  0]LogDerivedDataCache: Saved boot cache 0.04s 48MB C:/Users/jcy/AppData/Local/UnrealEngine/4.12/DerivedDataCache/Boot.ddc.
[2016.10.30-14.32.09:656][  0]LogInit: Texture streaming: Enabled
[2016.10.30-14.32.10:351][  0]LogNet: Browse: 117.16.45.139//Game/ThirdPersonBP/Maps/ThirdPersonExampleMap?Name=Player
[2016.10.30-14.32.10:352][  0]LogInit: WinSock: Socket queue 32768 / 32768
[2016.10.30-14.32.10:355][  0]LogInit: WinSock: I am DESKTOP-5I3HB32 (192.168.0.3:0)
[2016.10.30-14.32.10:355][  0]PacketHandlerLog: Loaded PacketHandler component: Engine.EngineHandlerComponentFactory (StatelessConnectHandlerComponent)
[2016.10.30-14.32.10:355][  0]LogNet: Game client on port 7777, rate 10000
[2016.10.30-14.32.10:356][  0]LogNet: GetLocalNetworkVersion: GEngineNetVersion: 3039270, ProjectName: unnamed, ProjectVersion: 1.0.0.0, InternalProtocolVersion: 9, LocalNetworkVersion: 1745645396
[2016.10.30-14.32.10:356][  0]LogLoad:Error: Failed to enter /Game/ThirdPersonBP/Maps/ThirdPersonExampleMap: . Please check the log for errors.
[2016.10.30-14.32.10:356][  0]LogNet: Browse: /Game/ThirdPersonBP/Maps/ThirdPersonExampleMap?Name=Player
[2016.10.30-14.32.10:356][  0]LogLoad: LoadMap: /Game/ThirdPersonBP/Maps/ThirdPersonExampleMap?Name=Player
[2016.10.30-14.32.10:379][  0]LogMemory: Platform Memory Stats for Windows
[2016.10.30-14.32.10:379][  0]LogMemory: Process Physical Memory: 432.69 MB used, 567.16 MB peak
[2016.10.30-14.32.10:379][  0]LogMemory: Process Virtual Memory: 639.95 MB used, 639.96 MB peak
[2016.10.30-14.32.10:379][  0]LogMemory: Physical Memory: 3039.59 MB used, 8113.86 MB total
[2016.10.30-14.32.10:379][  0]LogMemory: Virtual Memory: 1259.65 MB used, 134217728.00 MB total
[2016.10.30-14.32.10:379][  0]LogMemory: 
[2016.10.30-14.32.10:379][  0]Allocator Stats for TBB: (not implemented)
[2016.10.30-14.32.15:386][  0]LogAIModule: Creating AISystem for world ThirdPersonExampleMap
[2016.10.30-14.32.15:387][  0]LogWorld: Game class is 'ThirdPersonGameMode_C'
[2016.10.30-14.32.15:392][  0]LogWorld: Bringing World /Game/ThirdPersonBP/Maps/ThirdPersonExampleMap.ThirdPersonExampleMap up for play (max tick rate 0) at 2016.10.30-23.32.15
[2016.10.30-14.32.15:393][  0]LogWorld: Bringing up level for play took: 0.005247
[2016.10.30-14.32.15:455][  0]LogLoad: Took 5.099402 seconds to LoadMap(/Game/ThirdPersonBP/Maps/ThirdPersonExampleMap)
[2016.10.30-14.32.15:455][  0]LogInit:Display: Game Engine Initialized.
[2016.10.30-14.32.15:981][  0]LogLoad: Full Startup: 25.88 seconds (BP compile: 0.35 seconds)
[2016.10.30-14.32.15:981][  0]LogExternalProfiler: Found external profiler: VSPerf
[2016.10.30-14.32.15:981][  0]LogExternalProfiler: Using external profiler: VSPerf
[2016.10.30-14.32.16:011][  0]LogWindowsTextInputMethodSystem:Display: IME system now activated using TSF (Microsoft 입력기).
[2016.10.30-14.32.16:013][  0]LogOcInput: OculusInput pre-init called
[2016.10.30-14.32.16:014][  0]LogNet: UNetDriver::TickDispatch: Very long time between ticks. DeltaTime: 0.02, Realtime: 5.66. IpNetDriver_0
[2016.10.30-14.32.16:014][  0]LogHandshake: SendChallengeResponse. Timestamp: 508.410309, Cookie: 098205062037155189197011251150189191026233148243110069151144
[2016.10.30-14.32.16:076][  0]LogRenderer: Reallocating scene render targets to support 128x128 (Frame:1).
[2016.10.30-14.32.16:159][  1]LogRenderer: Reallocating scene render targets to support 1920x1080 (Frame:2).
[2016.10.30-14.32.16:401][ 15]LogNet: Welcomed by server (Level: /Game/ThirdPersonBP/Maps/ThirdPersonExampleMap, Game: /Game/ThirdPersonBP/Blueprints/ThirdPersonGameMode.ThirdPersonGameMode_C)
[2016.10.30-14.32.17:597][ 15]LogLoad: LoadMap: 117.16.45.139//Game/ThirdPersonBP/Maps/ThirdPersonExampleMap?Name=Player?game=/Game/ThirdPersonBP/Blueprints/ThirdPersonGameMode.ThirdPersonGameMode_C
[2016.10.30-14.32.17:598][ 15]LogBlueprintUserMessages: [ThirdPersonGameMode_C_0] 플레이어가 나갔습니다
[2016.10.30-14.32.17:598][ 15]LogBlueprintUserMessages: [ThirdPersonGameMode_C_0] 1
[2016.10.30-14.32.17:598][ 15]LogScript:Warning: Attempted to access PHUD_C_0 via property HUD, but PHUD_C_0 is pending kill
	playercon_C /Game/ThirdPersonBP/Maps/ThirdPersonExampleMap.ThirdPersonExampleMap:PersistentLevel.playercon_C_0
	Function /Game/playercon.playercon_C:ExecuteUbergraph_playercon:0141
[2016.10.30-14.32.17:598][ 15]LogScript:Warning: Script call stack:
	Function /Game/playercon.playercon_C:ReceiveEndPlay
	Function /Game/playercon.playercon_C:ExecuteUbergraph_playercon

[2016.10.30-14.32.17:599][ 15]LogScriptCore:Warning: A player controller must be provided in order to show the external login UI.

[2016.10.30-14.32.17:662][ 15]LogMemory: Platform Memory Stats for Windows
[2016.10.30-14.32.17:662][ 15]LogMemory: Process Physical Memory: 526.88 MB used, 567.16 MB peak
[2016.10.30-14.32.17:662][ 15]LogMemory: Process Virtual Memory: 1083.69 MB used, 1083.72 MB peak
[2016.10.30-14.32.17:662][ 15]LogMemory: Physical Memory: 3104.88 MB used, 8113.86 MB total
[2016.10.30-14.32.17:662][ 15]LogMemory: Virtual Memory: 1718.82 MB used, 134217728.00 MB total
[2016.10.30-14.32.17:662][ 15]LogMemory: 
[2016.10.30-14.32.17:662][ 15]Allocator Stats for TBB: (not implemented)
[2016.10.30-14.32.18:220][ 15]LogAIModule: Creating AISystem for world ThirdPersonExampleMap
[2016.10.30-14.32.18:224][ 15]LogWorld: Bringing World /Game/ThirdPersonBP/Maps/ThirdPersonExampleMap.ThirdPersonExampleMap up for play (max tick rate 0) at 2016.10.30-23.32.18
[2016.10.30-14.32.18:224][ 15]LogWorld: Bringing up level for play took: 0.002305
[2016.10.30-14.32.18:270][ 15]LogLoad: Took 0.672625 seconds to LoadMap(/Game/ThirdPersonBP/Maps/ThirdPersonExampleMap)
[2016.10.30-14.32.23:965][358]LogBlueprintUserMessages: [observer_C_0] -1
[2016.10.30-14.32.24:521][392]LogBlueprintUserMessages: [observer_C_0] 0
[2016.10.30-14.32.24:896][415]LogBlueprintUserMessages: [observer_C_0] -1
[2016.10.30-14.32.25:155][431]LogBlueprintUserMessages: [observer_C_0] 0
[2016.10.30-14.32.25:300][440]LogBlueprintUserMessages: [observer_C_0] -1
[2016.10.30-14.32.25:365][444]LogBlueprintUserMessages: [observer_C_0] 0
[2016.10.30-14.32.25:478][451]LogBlueprintUserMessages: [observer_C_0] -1
[2016.10.30-14.32.25:544][455]LogBlueprintUserMessages: [observer_C_0] 0
[2016.10.30-14.32.25:644][461]LogBlueprintUserMessages: [observer_C_0] -1
[2016.10.30-14.32.25:695][464]LogBlueprintUserMessages: [observer_C_0] 0
[2016.10.30-14.32.25:794][470]LogBlueprintUserMessages: [observer_C_0] -1
[2016.10.30-14.32.25:843][473]LogBlueprintUserMessages: [observer_C_0] 0
[2016.10.30-14.32.25:927][478]LogBlueprintUserMessages: [observer_C_0] -1
[2016.10.30-14.32.26:027][484]LogBlueprintUserMessages: [observer_C_0] 0
[2016.10.30-14.32.26:111][489]LogBlueprintUserMessages: [observer_C_0] -1
[2016.10.30-14.32.26:226][496]LogBlueprintUserMessages: [observer_C_0] 0
[2016.10.30-14.32.26:325][502]LogBlueprintUserMessages: [observer_C_0] -1
[2016.10.30-14.32.26:424][508]LogBlueprintUserMessages: [observer_C_0] 0
[2016.10.30-14.32.26:535][515]LogBlueprintUserMessages: [observer_C_0] -1
[2016.10.30-14.32.26:826][533]LogBlueprintUserMessages: [observer_C_0] 0
[2016.10.30-14.32.27:009][544]LogBlueprintUserMessages: [observer_C_0] -1
[2016.10.30-14.32.27:174][554]LogBlueprintUserMessages: [observer_C_0] 0
[2016.10.30-14.32.27:856][596]LogBlueprintUserMessages: [observer_C_0] 1
[2016.10.30-14.32.28:586][641]LogBlueprintUserMessages: [observer_C_0] 0
[2016.10.30-14.32.30:260][742]LogWindowsTextInputMethodSystem:Display: IME system now activated using TSF (Microsoft 입력기).
[2016.10.30-14.32.30:280][742]LogEngine: All Windows Closed
[2016.10.30-14.32.30:280][742]LogWindows: FPlatformMisc::RequestExit(0)
[2016.10.30-14.32.30:281][743]LogMoviePlayer: Shutting down movie player
[2016.10.30-14.32.31:123][743]LogNet: World NetDriver shutdown IpNetDriver_0 [GameNetDriver]
[2016.10.30-14.32.31:123][743]LogNet: DestroyNamedNetDriver IpNetDriver_0 [GameNetDriver]
[2016.10.30-14.32.31:123][743]LogNet: UNetConnection::Close: [UNetConnection] RemoteAddr: 117.16.45.139:7777, Name: IpConnection_0, Driver: GameNetDriver IpNetDriver_0, IsServer: NO, PC: playercon_C_0, Owner: playercon_C_0, Channels: 12, Time: 2016.10.30-14.32.31
[2016.10.30-14.32.31:123][743]LogNet: UChannel::Close: Sending CloseBunch. ChIndex == 0. Name: [UChannel] ChIndex: 0, Closing: 0 [UNetConnection] RemoteAddr: 117.16.45.139:7777, Name: IpConnection_0, Driver: GameNetDriver IpNetDriver_0, IsServer: NO, PC: playercon_C_0, Owner: playercon_C_0
[2016.10.30-14.32.31:134][743]LogExit: GameNetDriver IpNetDriver_0 shut down
[2016.10.30-14.32.31:160][743]LogExit: Preparing to exit.
[2016.10.30-14.32.31:229][743]LogExit: Game engine shut down
[2016.10.30-14.32.31:355][743]LogObj: Freed 0b from 0 cluster array pools.
[2016.10.30-14.32.31:355][743]LogExit: Object subsystem successfully closed.
[2016.10.30-14.32.31:375][743]LogD3D11RHI: Shutdown
[2016.10.30-14.32.31:375][743]LogD3D11RHI: CleanupD3DDevice
[2016.10.30-14.32.31:451][743]LogD3D11RHI: ~FD3D11DynamicRHI
[2016.10.30-14.32.31:463][743]LogModuleManager: Shutting down and abandoning module SequenceRecorderSections (112)
[2016.10.30-14.32.31:463][743]LogModuleManager: Shutting down and abandoning module SequenceRecorder (111)
[2016.10.30-14.32.31:463][743]LogModuleManager: Shutting down and abandoning module AutomationController (110)
[2016.10.30-14.32.31:464][743]LogModuleManager: Shutting down and abandoning module AutomationWorker (109)
[2016.10.30-14.32.31:464][743]LogModuleManager: Shutting down and abandoning module CharacterAI (108)
[2016.10.30-14.32.31:464][743]LogModuleManager: Shutting down and abandoning module SessionServices (107)
[2016.10.30-14.32.31:464][743]LogModuleManager: Shutting down and abandoning module GameplayDebugger (106)
[2016.10.30-14.32.31:464][743]LogModuleManager: Shutting down and abandoning module AITestSuite (105)
[2016.10.30-14.32.31:464][743]LogModuleManager: Shutting down and abandoning module AIModule (104)
[2016.10.30-14.32.31:464][743]LogModuleManager: Shutting down and abandoning module MovieSceneCapture (103)
[2016.10.30-14.32.31:464][743]LogModuleManager: Shutting down and abandoning module StreamingPauseRendering (102)
[2016.10.30-14.32.31:464][743]LogModuleManager: Shutting down and abandoning module PortalServices (101)
[2016.10.30-14.32.31:464][743]LogModuleManager: Shutting down and abandoning module PortalRpc (100)
[2016.10.30-14.32.31:464][743]LogModuleManager: Shutting down and abandoning module MessagingRpc (99)
[2016.10.30-14.32.31:464][743]LogModuleManager: Shutting down and abandoning module ProfilerService (98)
[2016.10.30-14.32.31:490][743]LogModuleManager: Shutting down and abandoning module TaskGraph (97)
[2016.10.30-14.32.31:490][743]LogModuleManager: Shutting down and abandoning module SlateRemote (96)
[2016.10.30-14.32.31:490][743]LogModuleManager: Shutting down and abandoning module SteamVRController (95)
[2016.10.30-14.32.31:490][743]LogModuleManager: Shutting down and abandoning module SteamVR (94)
[2016.10.30-14.32.31:490][743]LogModuleManager: Shutting down and abandoning module ProceduralMeshComponent (93)
[2016.10.30-14.32.31:490][743]LogModuleManager: Shutting down and abandoning module OculusLibrary (92)
[2016.10.30-14.32.31:490][743]LogModuleManager: Shutting down and abandoning module OculusInput (91)
[2016.10.30-14.32.31:490][743]LogModuleManager: Shutting down and abandoning module CustomMeshComponent (90)
[2016.10.30-14.32.31:490][743]LogModuleManager: Shutting down and abandoning module CableComponent (89)
[2016.10.30-14.32.31:490][743]LogModuleManager: Shutting down and abandoning module ArchVisCharacter (88)
[2016.10.30-14.32.31:490][743]LogModuleManager: Shutting down and abandoning module HTML5Networking (87)
[2016.10.30-14.32.31:490][743]LogModuleManager: Shutting down and abandoning module DesktopPlatform (86)
[2016.10.30-14.32.31:490][743]LogModuleManager: Shutting down and abandoning module DirectoryWatcher (85)
[2016.10.30-14.32.31:490][743]LogModuleManager: Shutting down and abandoning module HotReload (84)
[2016.10.30-14.32.31:490][743]LogModuleManager: Shutting down and abandoning module VisualStudioSourceCodeAccess (83)
[2016.10.30-14.32.31:490][743]LogModuleManager: Shutting down and abandoning module UObjectPlugin (82)
[2016.10.30-14.32.31:490][743]LogModuleManager: Shutting down and abandoning module SubversionSourceControl (81)
[2016.10.30-14.32.31:490][743]LogModuleManager: Shutting down and abandoning module SourceControl (80)
[2016.10.30-14.32.31:490][743]LogModuleManager: Shutting down and abandoning module PerforceSourceControl (79)
[2016.10.30-14.32.31:490][743]LogModuleManager: Shutting down and abandoning module UdpMessaging (78)
[2016.10.30-14.32.31:490][743]LogModuleManager: Shutting down and abandoning module LightPropagationVolumeRuntime (77)
[2016.10.30-14.32.31:490][743]LogModuleManager: Shutting down and abandoning module Paper2D (76)
[2016.10.30-14.32.31:490][743]LogModuleManager: Shutting down and abandoning module WindowsMoviePlayer (75)
[2016.10.30-14.32.31:490][743]LogModuleManager: Shutting down and abandoning module Media (74)
[2016.10.30-14.32.31:490][743]LogModuleManager: Shutting down and abandoning module WmfMedia (73)
[2016.10.30-14.32.31:490][743]LogModuleManager: Shutting down and abandoning module MediaAssets (72)
[2016.10.30-14.32.31:490][743]LogModuleManager: Shutting down and abandoning module GameLiveStreaming (71)
[2016.10.30-14.32.31:491][743]LogModuleManager: Shutting down and abandoning module GameplayTagsEditor (70)
[2016.10.30-14.32.31:491][743]LogModuleManager: Shutting down and abandoning module OnlineBlueprintSupport (69)
[2016.10.30-14.32.31:491][743]LogModuleManager: Shutting down and abandoning module VREditor (68)
[2016.10.30-14.32.31:491][743]LogModuleManager: Shutting down and abandoning module GameplayTasksEditor (67)
[2016.10.30-14.32.31:491][743]LogModuleManager: Shutting down and abandoning module PropertyEditor (66)
[2016.10.30-14.32.31:491][743]LogModuleManager: Shutting down and abandoning module BehaviorTreeEditor (65)
[2016.10.30-14.32.31:491][743]LogModuleManager: Shutting down and abandoning module FunctionalTesting (64)
[2016.10.30-14.32.31:491][743]LogModuleManager: Shutting down and abandoning module CollisionAnalyzer (63)
[2016.10.30-14.32.31:491][743]LogModuleManager: Shutting down and abandoning module Sequencer (62)
[2016.10.30-14.32.31:491][743]LogModuleManager: Shutting down and abandoning module WorkspaceMenuStructure (61)
[2016.10.30-14.32.31:491][743]LogModuleManager: Shutting down and abandoning module MessageLog (60)
[2016.10.30-14.32.31:491][743]LogModuleManager: Shutting down and abandoning module AssetTools (59)
[2016.10.30-14.32.31:491][743]LogModuleManager: Shutting down and abandoning module UMGEditor (58)
[2016.10.30-14.32.31:491][743]LogModuleManager: Shutting down and abandoning module UMG (57)
[2016.10.30-14.32.31:491][743]LogModuleManager: Shutting down and abandoning module SlateReflector (56)
[2016.10.30-14.32.31:491][743]LogModuleManager: Shutting down and abandoning module Slate (55)
[2016.10.30-14.32.31:491][743]LogModuleManager: Shutting down and abandoning module EditorStyle (54)
[2016.10.30-14.32.31:493][743]LogModuleManager: Shutting down and abandoning module Messaging (53)
[2016.10.30-14.32.31:493][743]LogModuleManager: Shutting down and abandoning module SourceCodeAccess (52)
[2016.10.30-14.32.31:493][743]LogModuleManager: Shutting down and abandoning module HeadMountedDisplay (51)
[2016.10.30-14.32.31:493][743]LogModuleManager: Shutting down and abandoning module XAudio2 (50)
[2016.10.30-14.32.31:493][743]LogModuleManager: Shutting down and abandoning module Networking (48)
[2016.10.30-14.32.31:493][743]LogModuleManager: Shutting down and abandoning module Core (47)
[2016.10.30-14.32.31:493][743]LogModuleManager: Shutting down and abandoning module KismetCompiler (46)
[2016.10.30-14.32.31:493][743]LogModuleManager: Shutting down and abandoning module PhysXFormats (45)
[2016.10.30-14.32.31:493][743]LogModuleManager: Shutting down and abandoning module MeshUtilities (44)
[2016.10.30-14.32.31:493][743]LogModuleManager: Shutting down and abandoning module AssetRegistry (43)
[2016.10.30-14.32.31:494][743]LogModuleManager: Shutting down and abandoning module DerivedDataCache (42)
[2016.10.30-14.32.31:517][743]LogDerivedDataCache: Shutdown
[2016.10.30-14.32.31:517][743]LogModuleManager: Shutting down and abandoning module VulkanShaderFormat (41)
[2016.10.30-14.32.31:517][743]LogModuleManager: Shutting down and abandoning module ShaderFormatOpenGL (40)
[2016.10.30-14.32.31:517][743]LogModuleManager: Shutting down and abandoning module ShaderFormatD3D (39)
[2016.10.30-14.32.31:517][743]LogModuleManager: Shutting down and abandoning module MetalShaderFormat (38)
[2016.10.30-14.32.31:517][743]LogModuleManager: Shutting down and abandoning module TextureFormatUncompressed (37)
[2016.10.30-14.32.31:517][743]LogModuleManager: Shutting down and abandoning module TextureFormatPVR (36)
[2016.10.30-14.32.31:517][743]LogModuleManager: Shutting down and abandoning module TextureFormatIntelISPCTexComp (35)
[2016.10.30-14.32.31:517][743]LogModuleManager: Shutting down and abandoning module TextureFormatDXT (34)
[2016.10.30-14.32.31:517][743]LogModuleManager: Shutting down and abandoning module ImageWrapper (33)
[2016.10.30-14.32.31:517][743]LogModuleManager: Shutting down and abandoning module TextureFormatASTC (32)
[2016.10.30-14.32.31:517][743]LogModuleManager: Shutting down and abandoning module TextureFormatAndroid (31)
[2016.10.30-14.32.31:517][743]LogModuleManager: Shutting down and abandoning module AudioFormatOpus (30)
[2016.10.30-14.32.31:517][743]LogModuleManager: Shutting down and abandoning module AudioFormatOgg (29)
[2016.10.30-14.32.31:517][743]LogModuleManager: Shutting down and abandoning module AudioFormatADPCM (28)
[2016.10.30-14.32.31:517][743]LogModuleManager: Shutting down and abandoning module WindowsTargetPlatform (27)
[2016.10.30-14.32.31:517][743]LogModuleManager: Shutting down and abandoning module WindowsServerTargetPlatform (26)
[2016.10.30-14.32.31:517][743]LogModuleManager: Shutting down and abandoning module WindowsNoEditorTargetPlatform (25)
[2016.10.30-14.32.31:517][743]LogModuleManager: Shutting down and abandoning module WindowsClientTargetPlatform (24)
[2016.10.30-14.32.31:517][743]LogModuleManager: Shutting down and abandoning module TargetPlatform (23)
[2016.10.30-14.32.31:517][743]LogModuleManager: Shutting down and abandoning module InputCore (22)
[2016.10.30-14.32.31:517][743]LogModuleManager: Shutting down and abandoning module Settings (21)
[2016.10.30-14.32.31:517][743]LogModuleManager: Shutting down and abandoning module OnlineSubsystem (19)
[2016.10.30-14.32.31:517][743]LogModuleManager: Shutting down and abandoning module HTTP (18)
[2016.10.30-14.32.31:517][743]LogModuleManager: Shutting down and abandoning module XMPP (17)
[2016.10.30-14.32.31:518][743]LogModuleManager: Shutting down and abandoning module OculusRift (16)
[2016.10.30-14.32.31:518][743]LogModuleManager: Shutting down and abandoning module ExampleDeviceProfileSelector (15)
[2016.10.30-14.32.31:518][743]LogModuleManager: Shutting down and abandoning module TextureCompressor (14)
[2016.10.30-14.32.31:518][743]LogModuleManager: Shutting down and abandoning module ShaderCore (13)
[2016.10.30-14.32.31:518][743]LogModuleManager: Shutting down and abandoning module Landscape (12)
[2016.10.30-14.32.31:518][743]LogModuleManager: Shutting down and abandoning module SlateRHIRenderer (11)
[2016.10.30-14.32.31:519][743]LogModuleManager: Shutting down and abandoning module OpenGLDrv (10)
[2016.10.30-14.32.31:519][743]LogModuleManager: Shutting down and abandoning module D3D11RHI (9)
[2016.10.30-14.32.31:519][743]LogModuleManager: Shutting down and abandoning module AnimGraphRuntime (8)
[2016.10.30-14.32.31:519][743]LogModuleManager: Shutting down and abandoning module Renderer (7)
[2016.10.30-14.32.31:519][743]LogModuleManager: Shutting down and abandoning module Engine (6)
[2016.10.30-14.32.31:519][743]LogModuleManager: Shutting down and abandoning module CoreUObject (5)
[2016.10.30-14.32.31:519][743]LogModuleManager: Shutting down and abandoning module NetworkFile (4)
[2016.10.30-14.32.31:519][743]LogModuleManager: Shutting down and abandoning module StreamingFile (3)
[2016.10.30-14.32.31:519][743]LogModuleManager: Shutting down and abandoning module SandboxFile (2)
[2016.10.30-14.32.31:519][743]LogModuleManager: Shutting down and abandoning module PakFile (1)
[2016.10.30-14.32.31:520][743]LogExit: Exiting.
[2016.10.30-14.32.31:521][743]Log file closed, 10/30/16 23:32:31
