Log file open, 04/19/17 03:09:04
LogInit:Display: Running engine for game: UNNAMED
LogPlatformFile: Not using cached read wrapper
LogInit:Display: RandInit(311933873) SRandInit(311933873).
LogTaskGraph: Started task graph with 5 named threads and 8 total threads with 1 sets of task threads.
LogStats: Stats thread started at 0.083045
LogInit: Using libcurl 7.47.1
LogInit:  - built for x86_64-pc-win32
LogInit:  - supports SSL with OpenSSL/1.0.2g
LogInit:  - supports HTTP deflate (compression) using libz 1.2.8
LogInit:  - other features:
LogInit:      CURL_VERSION_SSL
LogInit:      CURL_VERSION_LIBZ
LogInit:      CURL_VERSION_IPV6
LogInit:      CURL_VERSION_ASYNCHDNS
LogInit:      CURL_VERSION_LARGEFILE
LogInit:      CURL_VERSION_IDN
LogInit:  CurlRequestOptions (configurable via config and command line):
LogInit:  - bVerifyPeer = false  - Libcurl will NOT verify peer certificate
LogInit:  - bUseHttpProxy = false  - Libcurl will NOT use HTTP proxy
LogInit:  - bDontReuseConnections = false  - Libcurl will reuse connections
LogInit:  - CertBundlePath = nullptr  - Libcurl will use whatever was configured at build time.
LogModuleManager:Warning: No filename provided for module OnlineSubsystemSteam
LogModuleManager:Warning: ModuleManager: Unable to load module 'OnlineSubsystemSteam' because the file 'C:/Program Files/Epic Games/UE_4.15/Engine/Binaries/Win64/' was not found.
LogInit: WinSock: version 1.1 (2.2), MaxSocks=32767, MaxUdp=65467
LogInit: Build: ++UE4+Release-4.15-CL-3348071
LogInit: Engine Version: 4.15.1-3348071+++UE4+Release-4.15
LogInit: Compatible Engine Version: 4.15.0-3299760+++UE4+Release-4.15
LogInit: Net CL: 3299760
LogDevObjectVersion: Number of dev versions registered: 14
LogDevObjectVersion:   Dev-Blueprints (B0D832E4-1F89-4F0D-ACCF-7EB736FD4AA2): 8
LogDevObjectVersion:   Dev-Build (E1C64328-A22C-4D53-A36C-8E866417BD8C): 0
LogDevObjectVersion:   Dev-Core (375EC13C-06E4-48FB-B500-84F0262A717E): 2
LogDevObjectVersion:   Dev-Editor (E4B068ED-F494-42E9-A231-DA0B2E46BB41): 14
LogDevObjectVersion:   Dev-Framework (CFFC743F-43B0-4480-9391-14DF171D2073): 22
LogDevObjectVersion:   Dev-Mobile (B02B49B5-BB20-44E9-A304-32B752E40360): 0
LogDevObjectVersion:   Dev-Networking (A4E4105C-59A1-49B5-A7C5-40C4547EDFEE): 0
LogDevObjectVersion:   Dev-Online (39C831C9-5AE6-47DC-9A44-9C173E1C8E7C): 0
LogDevObjectVersion:   Dev-Physics (78F01B33-EBEA-4F98-B9B4-84EACCB95AA2): 0
LogDevObjectVersion:   Dev-Platform (6631380F-2D4D-43E0-8009-CF276956A95A): 0
LogDevObjectVersion:   Dev-Rendering (12F88B9F-8875-4AFC-A67C-D90C383ABD29): 12
LogDevObjectVersion:   Dev-Sequencer (7B5AE74C-D270-4C10-A958-57980B212A5A): 3
LogDevObjectVersion:   Dev-VR (D7296918-1DD6-4BDD-9DE2-64A83CC13884): 0
LogDevObjectVersion:   Dev-LoadTimes (C2A15278-BFE7-4AFE-6C17-90FF531DF755): 1
LogInit: Compiled (64-bit): Mar 15 2017 16:52:47
LogInit: Compiled with Visual C++: 19.00.23026.00
LogInit: Build Configuration: Development
LogInit: Branch Name: ++UE4+Release-4.15
LogInit: Command line:  /Temp/Autosaves/Game/Map/UEDPCMain -game -PIEVIACONSOLE -ResX=1280 -ResY=720  -Multiprocess -messaging -SessionName="Play in Standalone Game" -windowed 
LogInit: Base directory: C:/Program Files/Epic Games/UE_4.15/Engine/Binaries/Win64/
LogInit: Installed Engine Build: 1
LogInit: Presizing for max 8388607 objects, including 0 objects not considered by GC, pre-allocating 0 bytes for permanent pool.
LogInit: Object subsystem initialized
[2017.04.18-18.09.05:649][  0]LogInit: Selected Device Profile: [Windows]
[2017.04.18-18.09.05:649][  0]LogInit: Applying CVar settings loaded from the selected device profile: [Windows]
[2017.04.18-18.09.05:746][  0]LogInit: Computer: DESKTOP-5I3HB32
[2017.04.18-18.09.05:746][  0]LogInit: User: jcy
[2017.04.18-18.09.05:746][  0]LogInit: CPU Page size=65536, Cores=4
[2017.04.18-18.09.05:746][  0]LogInit: High frequency timer resolution =2.533211 MHz
[2017.04.18-18.09.05:747][  0]LogMemory: Memory total: Physical=11.9GB (12GB approx)
[2017.04.18-18.09.05:747][  0]LogMemory: Platform Memory Stats for Windows
[2017.04.18-18.09.05:747][  0]LogMemory: Process Physical Memory: 264.20 MB used, 264.20 MB peak
[2017.04.18-18.09.05:747][  0]LogMemory: Process Virtual Memory: 262.79 MB used, 262.79 MB peak
[2017.04.18-18.09.05:747][  0]LogMemory: Physical Memory: 6501.54 MB used,  5708.32 MB free, 12209.86 MB total
[2017.04.18-18.09.05:747][  0]LogMemory: Virtual Memory: 646.54 MB used,  5708.32 MB free, 134217728.00 MB total
[2017.04.18-18.09.05:944][  0]LogTextLocalizationManager: No specific translations for ('ko-KR') exist, so ('ko') translations will be used.
[2017.04.18-18.09.06:157][  0]LogTextLocalizationManager:Warning: Loaded localization resources contain conflicting entries for (Namespace:KismetSchema, Key:Default):
Localization Resource: (C:/Program Files/Epic Games/UE_4.15/Engine/Content/Localization/EditorTutorials/ko/EditorTutorials.locres) Source String Hash: (940523119) Localized String: (디폴트)
Localization Resource: (C:/Program Files/Epic Games/UE_4.15/Engine/Content/Localization/Engine/ko/Engine.locres) Source String Hash: (940523119) Localized String: (기본)
[2017.04.18-18.09.06:157][  0]LogTextLocalizationManager:Warning: Loaded localization resources contain conflicting entries for (Namespace:UObjectToolTips, Key:AnimNode_AssetPlayerBase:InternalTimeAccumulator):
Localization Resource: (C:/Program Files/Epic Games/UE_4.15/Engine/Content/Localization/EditorTutorials/ko/EditorTutorials.locres) Source String Hash: (502993589) Localized String: (이 노드에서 애셋을 레퍼런싱하는 데 사용되는 누적 시간입니다.)
Localization Resource: (C:/Program Files/Epic Games/UE_4.15/Engine/Content/Localization/ToolTips/ko/ToolTips.locres) Source String Hash: (502993589) Localized String: (내부 시간 누산기 - 이 노드에서 애셋을 레퍼런싱하는 데 사용된 누적 시간입니다.)
Localization Resource: (C:/Program Files/Epic Games/UE_4.15/Engine/Content/Localization/Engine/ko/Engine.locres) Source String Hash: (502993589) Localized String: (이 노드에서 애셋을 레퍼런싱하는 데 사용된 누적 시간입니다.)
[2017.04.18-18.09.06:157][  0]LogTextLocalizationManager:Warning: Loaded localization resources contain conflicting entries for (Namespace:UObjectToolTips, Key:AnimNode_AssetPlayerBase:bIgnoreForRelevancyTest):
Localization Resource: (C:/Program Files/Epic Games/UE_4.15/Engine/Content/Localization/EditorTutorials/ko/EditorTutorials.locres) Source String Hash: (319969718) Localized String: (True 면, 스테이트에서 최고 가중치 애니메이션을 찾는 "Relevant anim" 노드는 이 노드를 무시합니다.
 )
Localization Resource: (C:/Program Files/Epic Games/UE_4.15/Engine/Content/Localization/ToolTips/ko/ToolTips.locres) Source String Hash: (319969718) Localized String: (연관성 테스트에 무시 - true 인 경우 스테이트 내 최고 웨이팅된 애니메이션을 찾는 "Relevant anim" (연관 애님) 노드가
이 노드를 무시합니다.)
Localization Resource: (C:/Program Files/Epic Games/UE_4.15/Engine/Content/Localization/Engine/ko/Engine.locres) Source String Hash: (319969718) Localized String: (True 면 스테이트 내 최고 웨이팅된 애니메이션을 찾는 "Relevant anim" 노드가 무시됩니다.
 )
[2017.04.18-18.09.06:157][  0]LogTextLocalizationManager:Warning: Loaded localization resources contain conflicting entries for (Namespace:UObjectToolTips, Key:AnimNode_AssetPlayerBase:BlendWeight):
Localization Resource: (C:/Program Files/Epic Games/UE_4.15/Engine/Content/Localization/EditorTutorials/ko/EditorTutorials.locres) Source String Hash: (-1232800293) Localized String: (이 노드에 마지막 걸린 블렌드웨이트 입니다.)
Localization Resource: (C:/Program Files/Epic Games/UE_4.15/Engine/Content/Localization/ToolTips/ko/ToolTips.locres) Source String Hash: (-1232800293) Localized String: (블렌드 웨이트 - 이 노드에 대해 마지막으로 접한 블렌드 웨이트입니다.)
Localization Resource: (C:/Program Files/Epic Games/UE_4.15/Engine/Content/Localization/Engine/ko/Engine.locres) Source String Hash: (-1232800293) Localized String: (이 노드에 대해 마지막 접한 블렌드 웨이트)
[2017.04.18-18.09.06:157][  0]LogTextLocalizationManager:Warning: Loaded localization resources contain conflicting entries for (Namespace:UObjectToolTips, Key:AnimNode_BlendSpacePlayer:bLoop):
Localization Resource: (C:/Program Files/Epic Games/UE_4.15/Engine/Content/Localization/EditorTutorials/ko/EditorTutorials.locres) Source String Hash: (2133979316) Localized String: (애니메이션이 끝까지 재생되면 반복할까요?)
Localization Resource: (C:/Program Files/Epic Games/UE_4.15/Engine/Content/Localization/ToolTips/ko/ToolTips.locres) Source String Hash: (2133979316) Localized String: (루프 - 애니메이션이 끝에 도달했을 때 계속 반복할까요?)
[2017.04.18-18.09.06:157][  0]LogTextLocalizationManager:Warning: Loaded localization resources contain conflicting entries for (Namespace:UObjectToolTips, Key:AnimNode_StateMachine:bSkipFirstUpdateTransition):
Localization Resource: (C:/Program Files/Epic Games/UE_4.15/Engine/Content/Localization/EditorTutorials/ko/EditorTutorials.locres) Source String Hash: (1865475011) Localized String: (첫 업데이트시 도입 상태에서의 트랜지션을 건너뛸까요? 
기본은 true 로, 첫 업데이트시에는 트랜지션 데이터를 버립니다.)
Localization Resource: (C:/Program Files/Epic Games/UE_4.15/Engine/Content/Localization/ToolTips/ko/ToolTips.locres) Source String Hash: (1865475011) Localized String: (첫 번째 업데이트 트랜지션 건너뛰기 - 첫 번째 업데이트에서 입력 스테이트의 트랜지션을 건너뜁니까?
디폴트는 true 고 첫 번째 업데이트의 트랜지션 데이터를 버립니다.)
[2017.04.18-18.09.06:157][  0]LogTextLocalizationManager:Warning: Loaded localization resources contain conflicting entries for (Namespace:UObjectToolTips, Key:AnimNode_BlendSpacePlayer:X):
Localization Resource: (C:/Program Files/Epic Games/UE_4.15/Engine/Content/Localization/EditorTutorials/ko/EditorTutorials.locres) Source String Hash: (2060772590) Localized String: (블렌드스페이스에서 샘플링할 X 좌표입니다.)
Localization Resource: (C:/Program Files/Epic Games/UE_4.15/Engine/Content/Localization/ToolTips/ko/ToolTips.locres) Source String Hash: (2060772590) Localized String: (X - 블렌드스페이스 샘플의 X 좌표입니다.)
[2017.04.18-18.09.06:157][  0]LogTextLocalizationManager:Warning: Loaded localization resources contain conflicting entries for (Namespace:UObjectToolTips, Key:AnimNode_BlendSpacePlayer:Y):
Localization Resource: (C:/Program Files/Epic Games/UE_4.15/Engine/Content/Localization/EditorTutorials/ko/EditorTutorials.locres) Source String Hash: (-1719607538) Localized String: (블렌드스페이스에서 샘플링할 Y 좌표입니다.)
Localization Resource: (C:/Program Files/Epic Games/UE_4.15/Engine/Content/Localization/ToolTips/ko/ToolTips.locres) Source String Hash: (-1719607538) Localized String: (Y - 블렌드스페이스 샘플의 Y 좌표입니다.)
[2017.04.18-18.09.06:157][  0]LogTextLocalizationManager:Warning: Loaded localization resources contain conflicting entries for (Namespace:UObjectToolTips, Key:AnimNode_BlendSpacePlayer:Z):
Localization Resource: (C:/Program Files/Epic Games/UE_4.15/Engine/Content/Localization/EditorTutorials/ko/EditorTutorials.locres) Source String Hash: (1728943471) Localized String: (블렌드스페이스에서 샘플링할 Z 좌표입니다.)
Localization Resource: (C:/Program Files/Epic Games/UE_4.15/Engine/Content/Localization/ToolTips/ko/ToolTips.locres) Source String Hash: (1728943471) Localized String: (Z - 블렌드스페이스 샘플의 Z 좌표입니다.)
[2017.04.18-18.09.06:157][  0]LogTextLocalizationManager:Warning: Loaded localization resources contain conflicting entries for (Namespace:UObjectToolTips, Key:AnimNode_BlendSpacePlayer:BlendSpace):
Localization Resource: (C:/Program Files/Epic Games/UE_4.15/Engine/Content/Localization/EditorTutorials/ko/EditorTutorials.locres) Source String Hash: (1599043277) Localized String: (재생할 블렌드스페이스 애셋입니다.)
Localization Resource: (C:/Program Files/Epic Games/UE_4.15/Engine/Content/Localization/ToolTips/ko/ToolTips.locres) Source String Hash: (1599043277) Localized String: (블렌드스페이스 - 재생할 블렌드스페이스 애셋입니다.)
[2017.04.18-18.09.06:157][  0]LogTextLocalizationManager:Warning: Loaded localization resources contain conflicting entries for (Namespace:UObjectToolTips, Key:AnimNode_StateMachine:MaxTransitionsPerFrame):
Localization Resource: (C:/Program Files/Epic Games/UE_4.15/Engine/Content/Localization/EditorTutorials/ko/EditorTutorials.locres) Source String Hash: (1567650430) Localized String: (이 머신에서 한 프레임 내 '동시에' 취할 수 있는 트랜지션 최대 수입니다.)
Localization Resource: (C:/Program Files/Epic Games/UE_4.15/Engine/Content/Localization/ToolTips/ko/ToolTips.locres) Source String Hash: (1567650430) Localized String: (프레임 당 최대 트랜지션 - 한 프레임에서 이 머신이 동시에 취할 수 있는 트랜지션 최대 수입니다.)
[2017.04.18-18.09.06:157][  0]LogTextLocalizationManager:Warning: Loaded localization resources contain conflicting entries for (Namespace:UObjectToolTips, Key:AnimNode_BlendSpacePlayer:PlayRate):
Localization Resource: (C:/Program Files/Epic Games/UE_4.15/Engine/Content/Localization/EditorTutorials/ko/EditorTutorials.locres) Source String Hash: (-1274923958) Localized String: (재생 속도 배수입니다. 음수가 되면 애니메이션을 역순으로 재생하게 됩니다.)
Localization Resource: (C:/Program Files/Epic Games/UE_4.15/Engine/Content/Localization/ToolTips/ko/ToolTips.locres) Source String Hash: (-1274923958) Localized String: (재생 속도 - 재생 속도 배수입니다. 음수가 되면 애니메이션을 거꾸로 재생합니다.)
[2017.04.18-18.09.06:157][  0]LogTextLocalizationManager:Warning: Loaded localization resources contain conflicting entries for (Namespace:UObjectToolTips, Key:AnimNode_BlendSpacePlayer:StartPosition):
Localization Resource: (C:/Program Files/Epic Games/UE_4.15/Engine/Content/Localization/EditorTutorials/ko/EditorTutorials.locres) Source String Hash: (-207153555) Localized String: (시작 위치 범위는 [0,1] 이며, 재초기화시에만 적용됩니다.
루핑을 하면, 1 회전 후 0.f 부터 시작할 것입니다.)
Localization Resource: (C:/Program Files/Epic Games/UE_4.15/Engine/Content/Localization/ToolTips/ko/ToolTips.locres) Source String Hash: (-207153555) Localized String: (시작 위치 - [0, 1] 범위의 시작 위치로, 재초기화할 때만 적용됩니다.
반복하면 1회전 후 0.f 부터 시작됩니다.)
[2017.04.18-18.09.06:157][  0]LogTextLocalizationManager:Warning: Loaded localization resources contain conflicting entries for (Namespace:UObjectToolTips, Key:CameraFilmbackSettings:SensorWidth):
Localization Resource: (C:/Program Files/Epic Games/UE_4.15/Engine/Content/Localization/ToolTips/ko/ToolTips.locres) Source String Hash: (-1448580153) Localized String: (센서 폭 - 필름백 또는 디지털 센서의 가로 크기로, mm 단위입니다.)
Localization Resource: (C:/Program Files/Epic Games/UE_4.15/Engine/Content/Localization/Engine/ko/Engine.locres) Source String Hash: (-1448580153) Localized String: (필름백 또는 디지털 센서의 가로 크기로, mm 단위입니다.)
[2017.04.18-18.09.06:157][  0]LogTextLocalizationManager:Warning: Loaded localization resources contain conflicting entries for (Namespace:UObjectToolTips, Key:CameraFilmbackSettings:SensorAspectRatio):
Localization Resource: (C:/Program Files/Epic Games/UE_4.15/Engine/Content/Localization/ToolTips/ko/ToolTips.locres) Source String Hash: (-194807515) Localized String: (센서 종횡비 - 읽기 전용입니다. 센서 치수에서 계산했습니다.)
Localization Resource: (C:/Program Files/Epic Games/UE_4.15/Engine/Content/Localization/Engine/ko/Engine.locres) Source String Hash: (-194807515) Localized String: (읽기 전용입니다. 센서 크기에서 계산했습니다.)
[2017.04.18-18.09.06:157][  0]LogTextLocalizationManager:Warning: Loaded localization resources contain conflicting entries for (Namespace:UObjectToolTips, Key:AnimNode_SequencePlayer:bLoopAnimation):
Localization Resource: (C:/Program Files/Epic Games/UE_4.15/Engine/Content/Localization/ToolTips/ko/ToolTips.locres) Source String Hash: (2133979316) Localized String: (루프 - 애니메이션이 끝에 도달했을 때 계속 반복시켜야 할까요?)
Localization Resource: (C:/Program Files/Epic Games/UE_4.15/Engine/Content/Localization/Engine/ko/Engine.locres) Source String Hash: (2133979316) Localized String: (애니메이션이 끝에 도달하면 계속해서 루핑시킬것인지 입니다.)
[2017.04.18-18.09.06:157][  0]LogTextLocalizationManager:Warning: Loaded localization resources contain conflicting entries for (Namespace:UObjectToolTips, Key:AnimNode_SequencePlayer:Sequence):
Localization Resource: (C:/Program Files/Epic Games/UE_4.15/Engine/Content/Localization/ToolTips/ko/ToolTips.locres) Source String Hash: (421436424) Localized String: (시퀀스 - 재생할 애니메이션 시퀀스 애셋입니다.)
Localization Resource: (C:/Program Files/Epic Games/UE_4.15/Engine/Content/Localization/Engine/ko/Engine.locres) Source String Hash: (421436424) Localized String: (재생할 애니메이션 시퀀스 애셋입니다.)
[2017.04.18-18.09.06:157][  0]LogTextLocalizationManager:Warning: Loaded localization resources contain conflicting entries for (Namespace:UObjectToolTips, Key:AnimNode_SequencePlayer:PlayRate):
Localization Resource: (C:/Program Files/Epic Games/UE_4.15/Engine/Content/Localization/ToolTips/ko/ToolTips.locres) Source String Hash: (-1274923958) Localized String: (재생 속도 - 재생 속도 배수입니다. 음수가 될 수 있으며, 그러면 애니메이션이 거꾸로 재생됩니다.)
Localization Resource: (C:/Program Files/Epic Games/UE_4.15/Engine/Content/Localization/Engine/ko/Engine.locres) Source String Hash: (-1274923958) Localized String: (플레이 속도 배수입니다. 음수가 되면 애니메이션이 역방향으로 재생됩니다.)
[2017.04.18-18.09.06:157][  0]LogTextLocalizationManager:Warning: Loaded localization resources contain conflicting entries for (Namespace:UObjectToolTips, Key:AnimNode_SequencePlayer:StartPosition):
Localization Resource: (C:/Program Files/Epic Games/UE_4.15/Engine/Content/Localization/ToolTips/ko/ToolTips.locres) Source String Hash: (771611000) Localized String: (시작 위치 - 시작 위치로 재초기화할 때만 적용됩니다.
반복하면, 1회전 후 0.f 부터 시작됩니다.)
Localization Resource: (C:/Program Files/Epic Games/UE_4.15/Engine/Content/Localization/Engine/ko/Engine.locres) Source String Hash: (771611000) Localized String: (시작 위치로, 재초기화시에만 적용됩니다.
루핑을 하면, 1회전 후 0.f 부터 시작할 것입니다.)
[2017.04.18-18.09.06:157][  0]LogTextLocalizationManager:Warning: Loaded localization resources contain conflicting entries for (Namespace:UObjectToolTips, Key:CameraFilmbackSettings:SensorHeight):
Localization Resource: (C:/Program Files/Epic Games/UE_4.15/Engine/Content/Localization/ToolTips/ko/ToolTips.locres) Source String Hash: (-1311569777) Localized String: (센서 높이 - 필름백 또는 디지털 센서의 세로 크기로, mm 단위입니다.)
Localization Resource: (C:/Program Files/Epic Games/UE_4.15/Engine/Content/Localization/Engine/ko/Engine.locres) Source String Hash: (-1311569777) Localized String: (필름백 또는 디지털 센서의 세로 크기로, mm 단위입니다.)
[2017.04.18-18.09.06:324][  0]LogD3D11RHI: D3D11 adapters:
[2017.04.18-18.09.06:930][  0]LogD3D11RHI:    0. 'NVIDIA GeForce GTX 960M' (Feature Level 11_0)
[2017.04.18-18.09.06:930][  0]LogD3D11RHI:       2019/0/6104 MB DedicatedVideo/DedicatedSystem/SharedSystem, Outputs:2, VendorId:0x10de
[2017.04.18-18.09.06:936][  0]LogD3D11RHI:    1. 'Intel(R) HD Graphics 4600' (Feature Level 11_0)
[2017.04.18-18.09.06:936][  0]LogD3D11RHI:       112/0/2048 MB DedicatedVideo/DedicatedSystem/SharedSystem, Outputs:0, VendorId:0x8086
[2017.04.18-18.09.06:937][  0]LogD3D11RHI:    2. 'Microsoft Basic Render Driver' (Feature Level 11_0)
[2017.04.18-18.09.06:937][  0]LogD3D11RHI:       0/0/6104 MB DedicatedVideo/DedicatedSystem/SharedSystem, Outputs:0, VendorId:0x1414
[2017.04.18-18.09.06:937][  0]LogD3D11RHI: Chosen D3D11 Adapter: 0
[2017.04.18-18.09.06:943][  0]LogD3D11RHI: Creating new Direct3DDevice
[2017.04.18-18.09.06:943][  0]LogD3D11RHI:     GPU DeviceId: 0x139b (for the marketing name, search the web for "GPU Device Id")
[2017.04.18-18.09.06:943][  0]LogWindows: EnumDisplayDevices:
[2017.04.18-18.09.06:943][  0]LogWindows:    0. 'Intel(R) HD Graphics 4600' (P:1 D:1)
[2017.04.18-18.09.06:943][  0]LogWindows:    1. 'Intel(R) HD Graphics 4600' (P:0 D:1)
[2017.04.18-18.09.06:943][  0]LogWindows:    2. 'Intel(R) HD Graphics 4600' (P:0 D:0)
[2017.04.18-18.09.06:944][  0]LogWindows: DebugString: PrimaryIsNotTheChoosenAdapter PrimaryIsNotTheChoosenAdapter PrimaryIsNotTheChoosenAdapter FoundDriverCount:0 
[2017.04.18-18.09.06:944][  0]LogD3D11RHI:     Adapter Name: NVIDIA GeForce GTX 960M
[2017.04.18-18.09.06:944][  0]LogD3D11RHI:   Driver Version: Unknown (internal:Unknown, unified:Unknown)
[2017.04.18-18.09.06:944][  0]LogD3D11RHI:      Driver Date: Unknown
[2017.04.18-18.09.06:944][  0]LogRHI: Texture pool is 1361 MB (70% of 1945 MB)
[2017.04.18-18.09.07:499][  0]LogD3D11RHI: Async texture creation enabled
[2017.04.18-18.09.07:760][  0]LogD3D11RHI: GPU Timing Frequency: 1000.000000 (Debug: 2 1)
[2017.04.18-18.09.07:761][  0]LogShaderCompilers: Guid format shader working directory is -16 characters bigger than the processId version (../../../../../../Users/jcy/Documents/GitHub/UNNAMED/UNNAMED/Intermediate/Shaders/WorkingDirectory/9096/).
[2017.04.18-18.09.07:761][  0]LogShaderCompilers: Cleaned the shader compiler working directory 'C:/Users/jcy/AppData/Local/Temp/UnrealShaderWorkingDir/C9395BE64BBD50A2694604B774658F4A/'.
[2017.04.18-18.09.07:761][  0]LogShaderCompilers:Display: Using Local Shader Compiler.
[2017.04.18-18.09.09:792][  0]LogTemp:Display: Loaded TP WindowsClientTargetPlatform
[2017.04.18-18.09.09:849][  0]LogTemp:Display: Loaded TP WindowsNoEditorTargetPlatform
[2017.04.18-18.09.09:904][  0]LogTemp:Display: Loaded TP WindowsServerTargetPlatform
[2017.04.18-18.09.09:952][  0]LogTemp:Display: Loaded TP WindowsTargetPlatform
[2017.04.18-18.09.09:952][  0]LogTargetPlatformManager:Display: Building Assets For Windows
[2017.04.18-18.09.10:503][  0]LogDerivedDataCache:Display: Max Cache Size: 512 MB
[2017.04.18-18.09.11:041][  0]LogDerivedDataCache: Loaded boot cache 0.54s 60MB C:/Users/jcy/AppData/Local/UnrealEngine/4.15/DerivedDataCache/Boot.ddc.
[2017.04.18-18.09.11:041][  0]LogDerivedDataCache:Display: Loaded Boot cache: C:/Users/jcy/AppData/Local/UnrealEngine/4.15/DerivedDataCache/Boot.ddc
[2017.04.18-18.09.11:041][  0]LogDerivedDataCache: FDerivedDataBackendGraph:  Pak pak cache file ../../../../../../Users/jcy/Documents/GitHub/UNNAMED/UNNAMED/DerivedDataCache/DDC.ddp not found, will not use a pak cache.
[2017.04.18-18.09.11:041][  0]LogDerivedDataCache: Unable to find inner node Pak for hierarchical cache Hierarchy.
[2017.04.18-18.09.11:041][  0]LogDerivedDataCache: FDerivedDataBackendGraph:  CompressedPak pak cache file ../../../../../../Users/jcy/Documents/GitHub/UNNAMED/UNNAMED/DerivedDataCache/Compressed.ddp not found, will not use a pak cache.
[2017.04.18-18.09.11:041][  0]LogDerivedDataCache: Unable to find inner node CompressedPak for hierarchical cache Hierarchy.
[2017.04.18-18.09.11:071][  0]LogDerivedDataCache:Display: Pak cache opened for reading ../../../Engine/DerivedDataCache/Compressed.ddp.
[2017.04.18-18.09.11:083][  0]LogDerivedDataCache: Using Local data cache path C:/Users/jcy/AppData/Local/UnrealEngine/Common/DerivedDataCache: Writable
[2017.04.18-18.09.11:093][  0]LogSlate: Using Freetype 2.6.0
[2017.04.18-18.09.11:116][  0]LogSlate: SlateFontCache - WITH_FREETYPE: 1, WITH_HARFBUZZ: 1
[2017.04.18-18.09.11:116][  0]LogSlate: SlateFontCache - WITH_FREETYPE: 1, WITH_HARFBUZZ: 1
[2017.04.18-18.09.12:463][  0]LogAssetRegistry: FAssetRegistry took 0.0001 seconds to start up
[2017.04.18-18.09.12:469][  0]LogPackageLocalizationCache: Processed 3 localized package path(s) for 2 prioritized culture(s) in 0.006659 seconds
[2017.04.18-18.09.12:485][  0]LogInit: Selected Device Profile: [Windows]
[2017.04.18-18.09.12:486][  0]LogContentStreaming: Texture pool size is 1000.00 MB
[2017.04.18-18.09.12:696][  0]LogMeshUtilities: Using QuadricMeshReduction for automatic static mesh reduction
[2017.04.18-18.09.12:737][  0]LogSimplygon: Simplygon DLL not present - disabling.
[2017.04.18-18.09.12:784][  0]LogMeshUtilities: Using SimplygonSwarm for distributed automatic mesh merging
[2017.04.18-18.09.12:784][  0]LogMeshUtilities: No automatic skeletal mesh reduction module available
[2017.04.18-18.09.12:784][  0]LogMeshUtilities: No automatic mesh merging module available
[2017.04.18-18.09.13:349][  0]LogNetVersion: GetLocalNetworkVersion: CL: 3299760, ProjectName: unnamed, ProjectVersion: , EngineNetworkVersion: 2, GameNetworkVersion: 0, NetworkChecksum: 1184173371
[2017.04.18-18.09.14:490][  0]LogMoviePlayer: Initializing movie player
[2017.04.18-18.09.14:928][  0]LogTcpMessaging: Initializing TcpMessaging bridge
[2017.04.18-18.09.14:966][  0]LogUdpMessaging: Initializing bridge on interface 0.0.0.0:0 to multicast group 230.0.0.1:6666.
[2017.04.18-18.09.15:292][  0]SourceControl: 정보 소스 콘트롤이 꺼졌습니다.
[2017.04.18-18.09.15:292][  0]SourceControl: 정보 소스 콘트롤이 꺼졌습니다.
[2017.04.18-18.09.15:339][  0]SourceControl: 정보 소스 콘트롤이 꺼졌습니다.
[2017.04.18-18.09.15:953][  0]LogUObjectArray: 34408 objects as part of root set at end of initial load.
[2017.04.18-18.09.15:953][  0]LogUObjectAllocator: 7639328 out of 0 bytes used by permanent object pool.
[2017.04.18-18.09.15:953][  0]LogUObjectArray: CloseDisregardForGC: 0/0 objects in disregard for GC pool
[2017.04.18-18.09.16:272][  0]LogEngine: Initializing Engine...
[2017.04.18-18.09.16:272][  0]LogHMD: Failed to initialize OpenVR with code 110
[2017.04.18-18.09.16:376][  0]LogInit: XAudio2 using '스피커(Realtek High Definition Audio)' : 2 channels at 48 kHz using 32 bits per sample (channel mask 0x3)
[2017.04.18-18.09.16:402][  0]LogInit: FAudioDevice initialized.
[2017.04.18-18.09.16:422][  0]LogInit: Texture streaming: Enabled
[2017.04.18-18.09.16:465][  0]LogMaterial: Uniform references updated for custom material expression Custom.
[2017.04.18-18.09.17:464][  0]LogClass:Warning: Enum '/Game/BP/E_GameState.E_GameState' was upgraded to use FText to store its display name data. Please re-save this asset to avoid issues with localization and determinstic cooking.
[2017.04.18-18.09.17:497][  0]LogBlueprint:Warning: [Compiler MyGameinstance] 경고  Set Input Mode UI Only (Deprecated)  : 폐기되었습니다. Use the new version of Set Input Mode UI Only instead
[2017.04.18-18.09.17:497][  0]LogBlueprint:Warning: [Compiler MyGameinstance] 경고  Set Input Mode UI Only (Deprecated)  : 폐기되었습니다. Use the new version of Set Input Mode UI Only instead
[2017.04.18-18.09.17:498][  0]LogBlueprint:Warning: [Compiler MyGameinstance] 경고  Set Input Mode UI Only (Deprecated)  : 폐기되었습니다. Use the new version of Set Input Mode UI Only instead
[2017.04.18-18.09.17:498][  0]LogBlueprint:Warning: [Compiler MyGameinstance] 경고  Set Input Mode UI Only (Deprecated)  : 폐기되었습니다. Use the new version of Set Input Mode UI Only instead
[2017.04.18-18.09.17:498][  0]LogBlueprint:Warning: [Compiler MyGameinstance] 경고  Set Input Mode UI Only (Deprecated)  : 폐기되었습니다. Use the new version of Set Input Mode UI Only instead
[2017.04.18-18.09.17:498][  0]LogBlueprint:Warning: [Compiler MyGameinstance] 경고  Set Input Mode UI Only (Deprecated)  : 폐기되었습니다. Use the new version of Set Input Mode UI Only instead
[2017.04.18-18.09.17:499][  0]LogBlueprint:Warning: [Compiler MyGameinstance] 경고  Set Input Mode UI Only (Deprecated)  : 폐기되었습니다. Use the new version of Set Input Mode UI Only instead
[2017.04.18-18.09.17:514][  0]LogBlueprint:Warning: [Compiler MyGameinstance] 경고 [0014.13] MyGameinstance 컴파일에 성공했습니다만, 경고가 7 회 있습니다. [소요시간 47 ms] (/Game/BP/MyGameinstance.MyGameinstance)
[2017.04.18-18.09.17:517][  0]LogBlueprint:Warning: [Compiler MyGameinstance] 경고 [0014.13] MyGameinstance 컴파일에 성공했습니다만, 경고가 8 회 있습니다. [소요시간 2 ms] (/Game/BP/MyGameinstance.MyGameinstance)
[2017.04.18-18.09.17:517][  0]LogBlueprint:Warning: [Compiler MyGameinstance] 경고 [0014.13] MyGameinstance 컴파일에 성공했습니다만, 경고가 9 회 있습니다. [소요시간 0 ms] (/Game/BP/MyGameinstance.MyGameinstance)
[2017.04.18-18.09.17:628][  0]LogBlueprint:Warning: [Compiler MyGameinstance] 경고  Set Input Mode UI Only (Deprecated)  : 폐기되었습니다. Use the new version of Set Input Mode UI Only instead
[2017.04.18-18.09.17:628][  0]LogBlueprint:Warning: [Compiler MyGameinstance] 경고  Set Input Mode UI Only (Deprecated)  : 폐기되었습니다. Use the new version of Set Input Mode UI Only instead
[2017.04.18-18.09.17:629][  0]LogBlueprint:Warning: [Compiler MyGameinstance] 경고  Set Input Mode UI Only (Deprecated)  : 폐기되었습니다. Use the new version of Set Input Mode UI Only instead
[2017.04.18-18.09.17:629][  0]LogBlueprint:Warning: [Compiler MyGameinstance] 경고  Set Input Mode UI Only (Deprecated)  : 폐기되었습니다. Use the new version of Set Input Mode UI Only instead
[2017.04.18-18.09.17:629][  0]LogBlueprint:Warning: [Compiler MyGameinstance] 경고  Set Input Mode UI Only (Deprecated)  : 폐기되었습니다. Use the new version of Set Input Mode UI Only instead
[2017.04.18-18.09.17:629][  0]LogBlueprint:Warning: [Compiler MyGameinstance] 경고  Set Input Mode UI Only (Deprecated)  : 폐기되었습니다. Use the new version of Set Input Mode UI Only instead
[2017.04.18-18.09.17:630][  0]LogBlueprint:Warning: [Compiler MyGameinstance] 경고  Set Input Mode UI Only (Deprecated)  : 폐기되었습니다. Use the new version of Set Input Mode UI Only instead
[2017.04.18-18.09.17:645][  0]LogBlueprint:Warning: [Compiler MyGameinstance] 경고 [0014.26] MyGameinstance 컴파일에 성공했습니다만, 경고가 7 회 있습니다. [소요시간 48 ms] (/Game/BP/MyGameinstance.MyGameinstance)
[2017.04.18-18.09.17:645][  0]LogBlueprint:Warning: [Compiler MyGameinstance] 경고 [0014.26] MyGameinstance 컴파일에 성공했습니다만, 경고가 8 회 있습니다. [소요시간 0 ms] (/Game/BP/MyGameinstance.MyGameinstance)
[2017.04.18-18.09.17:649][  0]LogBlueprint:Warning: [Compiler MyGameinstance] 경고 [0014.26] MyGameinstance 컴파일에 성공했습니다만, 경고가 9 회 있습니다. [소요시간 3 ms] (/Game/BP/MyGameinstance.MyGameinstance)
[2017.04.18-18.09.17:709][  0]LogInit:Display: Game Engine Initialized.
[2017.04.18-18.09.17:886][  0]LogInit:Display: Starting Game.
[2017.04.18-18.09.17:887][  0]LogNet: Browse: /Temp/Autosaves/Game/Map/UEDPCMain?Name=Player
[2017.04.18-18.09.17:887][  0]LogLoad: LoadMap: /Temp/Autosaves/Game/Map/UEDPCMain?Name=Player
[2017.04.18-18.09.17:923][  0]LogMemory: Platform Memory Stats for Windows
[2017.04.18-18.09.17:923][  0]LogMemory: Process Physical Memory: 684.48 MB used, 699.25 MB peak
[2017.04.18-18.09.17:923][  0]LogMemory: Process Virtual Memory: 763.18 MB used, 763.19 MB peak
[2017.04.18-18.09.17:923][  0]LogMemory: Physical Memory: 6810.80 MB used,  5399.07 MB free, 12209.86 MB total
[2017.04.18-18.09.17:923][  0]LogMemory: Virtual Memory: 1360.51 MB used,  5399.07 MB free, 134217728.00 MB total
[2017.04.18-18.09.17:923][  0]LogMemory: 
[2017.04.18-18.09.17:923][  0]Allocator Stats for TBB: (not implemented)
[2017.04.18-18.09.18:132][  0]LogAIModule: Creating AISystem for world Main
[2017.04.18-18.09.18:132][  0]LogLoad: Game class is 'pregame_C'
[2017.04.18-18.09.18:134][  0]LogWorld: Bringing World /Temp/Autosaves/Game/Map/UEDPCMain.Main up for play (max tick rate 0) at 2017.04.19-03.09.18
[2017.04.18-18.09.18:134][  0]LogWorld: Bringing up level for play took: 0.000822
[2017.04.18-18.09.18:135][  0]LogSpawn:Warning: SpawnActor failed because no class was specified
[2017.04.18-18.09.18:169][  0]LogBlueprintUserMessages: [pregame_C_0] 로그인
[2017.04.18-18.09.18:169][  0]LogGameMode:Display: Match State Changed from EnteringMap to WaitingToStart
[2017.04.18-18.09.18:169][  0]LogGameState: Match State Changed from EnteringMap to WaitingToStart
[2017.04.18-18.09.18:169][  0]LogGameMode:Display: Match State Changed from WaitingToStart to InProgress
[2017.04.18-18.09.18:177][  0]LogBlueprintUserMessages: [Main_C_0] 0.598044
[2017.04.18-18.09.18:205][  0]LogGameState: Match State Changed from WaitingToStart to InProgress
[2017.04.18-18.09.18:205][  0]LogLoad: Took 0.318226 seconds to LoadMap(/Temp/Autosaves/Game/Map/UEDPCMain)
[2017.04.18-18.09.18:298][  0]LogSlate: Took 0.093355 seconds to synchronously load lazily loaded font '../../../Engine/Content/Slate/Fonts/NanumGothic.ttf' (4243K)
[2017.04.18-18.09.18:309][  0]LogSlate: Took 0.000559 seconds to synchronously load lazily loaded font '../../../Engine/Content/Slate/Fonts/Roboto-Regular.ttf' (155K)
[2017.04.18-18.09.18:538][  0]LogRenderer: Reallocating scene render targets to support 1280x720 NumSamples 1 (Frame:2).
[2017.04.18-18.09.18:538][  0]LogLoad: (Engine Initialization) Total time: 15.15 seconds
[2017.04.18-18.09.18:538][  0]LogLoad: (Engine Initialization) Total Blueprint compile time: 0.42 seconds
[2017.04.18-18.09.18:538][  0]LogExternalProfiler: Found external profiler: VSPerf
[2017.04.18-18.09.18:538][  0]LogExternalProfiler: Using external profiler: VSPerf
[2017.04.18-18.09.18:557][  0]LogOcInput: OculusInput pre-init called
[2017.04.18-18.09.32:878][879]LogWindowsTextInputMethodSystem:Display: IME system now activated using TSF (Microsoft 입력기).
[2017.04.18-18.09.32:886][879]LogBlueprintUserMessages: [pregame_C_0] 로그 아웃
[2017.04.18-18.09.32:886][879]LogEngine: All Windows Closed
[2017.04.18-18.09.32:886][879]LogWindows: FPlatformMisc::RequestExit(0)
[2017.04.18-18.09.32:887][880]LogMoviePlayer: Shutting down movie player
[2017.04.18-18.09.33:283][880]LogExit: Preparing to exit.
[2017.04.18-18.09.34:111][880]LogExit: Game engine shut down
[2017.04.18-18.09.34:169][880]LogObj: Freed 0b from 0 cluster array pools.
[2017.04.18-18.09.34:169][880]LogExit: Object subsystem successfully closed.
[2017.04.18-18.09.34:189][880]LogD3D11RHI: Shutdown
[2017.04.18-18.09.34:189][880]LogD3D11RHI: CleanupD3DDevice
[2017.04.18-18.09.34:224][880]LogD3D11RHI: ~FD3D11DynamicRHI
[2017.04.18-18.09.34:231][880]LogModuleManager: Shutting down and abandoning module SequenceRecorderSections (267)
[2017.04.18-18.09.34:232][880]LogModuleManager: Shutting down and abandoning module SequenceRecorder (265)
[2017.04.18-18.09.34:232][880]LogModuleManager: Shutting down and abandoning module AutomationController (263)
[2017.04.18-18.09.34:232][880]LogModuleManager: Shutting down and abandoning module AutomationWorker (261)
[2017.04.18-18.09.34:232][880]LogModuleManager: Shutting down and abandoning module Voice (259)
[2017.04.18-18.09.34:232][880]LogModuleManager: Shutting down and abandoning module AIModule (257)
[2017.04.18-18.09.34:232][880]LogModuleManager: Shutting down and abandoning module GameplayDebugger (256)
[2017.04.18-18.09.34:232][880]LogModuleManager: Shutting down and abandoning module AITestSuite (254)
[2017.04.18-18.09.34:232][880]LogModuleManager: Shutting down and abandoning module WmfMediaFactory (251)
[2017.04.18-18.09.34:232][880]LogModuleManager: Shutting down and abandoning module MfMediaFactory (249)
[2017.04.18-18.09.34:232][880]LogModuleManager: Shutting down and abandoning module AvfMediaFactory (247)
[2017.04.18-18.09.34:232][880]LogModuleManager: Shutting down and abandoning module AndroidMediaFactory (245)
[2017.04.18-18.09.34:232][880]LogModuleManager: Shutting down and abandoning module Media (244)
[2017.04.18-18.09.34:232][880]LogModuleManager: Shutting down and abandoning module CharacterAI (241)
[2017.04.18-18.09.34:232][880]LogModuleManager: Shutting down and abandoning module SessionServices (239)
[2017.04.18-18.09.34:232][880]LogModuleManager: Shutting down and abandoning module MovieSceneCapture (237)
[2017.04.18-18.09.34:232][880]LogModuleManager: Shutting down and abandoning module GeometryCache (235)
[2017.04.18-18.09.34:232][880]LogModuleManager: Shutting down and abandoning module GeometryCacheEd (234)
[2017.04.18-18.09.34:232][880]LogModuleManager: Shutting down and abandoning module Niagara (231)
[2017.04.18-18.09.34:232][880]LogModuleManager: Shutting down and abandoning module StreamingPauseRendering (229)
[2017.04.18-18.09.34:232][880]LogModuleManager: Shutting down and abandoning module PortalServices (227)
[2017.04.18-18.09.34:232][880]LogModuleManager: Shutting down and abandoning module PortalRpc (225)
[2017.04.18-18.09.34:232][880]LogModuleManager: Shutting down and abandoning module MessagingRpc (223)
[2017.04.18-18.09.34:232][880]LogModuleManager: Shutting down and abandoning module ProfilerService (221)
[2017.04.18-18.09.34:254][880]LogModuleManager: Shutting down and abandoning module TaskGraph (219)
[2017.04.18-18.09.34:254][880]LogModuleManager: Shutting down and abandoning module SteamVRController (217)
[2017.04.18-18.09.34:254][880]LogModuleManager: Shutting down and abandoning module SteamVR (215)
[2017.04.18-18.09.34:255][880]LogModuleManager: Shutting down and abandoning module ProceduralMeshComponent (213)
[2017.04.18-18.09.34:255][880]LogModuleManager: Shutting down and abandoning module OculusLibrary (211)
[2017.04.18-18.09.34:255][880]LogModuleManager: Shutting down and abandoning module OculusInput (209)
[2017.04.18-18.09.34:255][880]LogModuleManager: Shutting down and abandoning module MobilePatchingUtils (207)
[2017.04.18-18.09.34:255][880]LogModuleManager: Shutting down and abandoning module CustomMeshComponent (205)
[2017.04.18-18.09.34:255][880]LogModuleManager: Shutting down and abandoning module CableComponent (203)
[2017.04.18-18.09.34:255][880]LogModuleManager: Shutting down and abandoning module ArchVisCharacter (201)
[2017.04.18-18.09.34:255][880]LogModuleManager: Shutting down and abandoning module HTML5Networking (199)
[2017.04.18-18.09.34:255][880]LogModuleManager: Shutting down and abandoning module VisualStudioSourceCodeAccess (197)
[2017.04.18-18.09.34:255][880]LogModuleManager: Shutting down and abandoning module DesktopPlatform (196)
[2017.04.18-18.09.34:255][880]LogModuleManager: Shutting down and abandoning module HotReload (194)
[2017.04.18-18.09.34:255][880]LogModuleManager: Shutting down and abandoning module DirectoryWatcher (193)
[2017.04.18-18.09.34:255][880]LogModuleManager: Shutting down and abandoning module UObjectPlugin (189)
[2017.04.18-18.09.34:255][880]LogModuleManager: Shutting down and abandoning module SubversionSourceControl (187)
[2017.04.18-18.09.34:255][880]LogModuleManager: Shutting down and abandoning module PerforceSourceControl (185)
[2017.04.18-18.09.34:255][880]LogModuleManager: Shutting down and abandoning module SourceControl (184)
[2017.04.18-18.09.34:255][880]LogModuleManager: Shutting down and abandoning module PhysXVehiclesEditor (181)
[2017.04.18-18.09.34:255][880]LogModuleManager: Shutting down and abandoning module PhysXVehicles (179)
[2017.04.18-18.09.34:255][880]LogModuleManager: Shutting down and abandoning module LocationServicesBPLibrary (177)
[2017.04.18-18.09.34:255][880]LogModuleManager: Shutting down and abandoning module UdpMessaging (175)
[2017.04.18-18.09.34:356][880]LogModuleManager: Shutting down and abandoning module TcpMessaging (173)
[2017.04.18-18.09.34:938][880]LogModuleManager: Shutting down and abandoning module GameplayTagsEditor (171)
[2017.04.18-18.09.34:938][880]LogModuleManager: Shutting down and abandoning module FacialAnimation (169)
[2017.04.18-18.09.34:938][880]LogModuleManager: Shutting down and abandoning module LightPropagationVolumeRuntime (167)
[2017.04.18-18.09.34:938][880]LogModuleManager: Shutting down and abandoning module Paper2D (165)
[2017.04.18-18.09.34:938][880]LogModuleManager: Shutting down and abandoning module WindowsMoviePlayer (163)
[2017.04.18-18.09.34:938][880]LogModuleManager: Shutting down and abandoning module WmfMedia (161)
[2017.04.18-18.09.34:938][880]LogModuleManager: Shutting down and abandoning module MfMedia (159)
[2017.04.18-18.09.34:938][880]LogModuleManager: Shutting down and abandoning module MediaAssets (157)
[2017.04.18-18.09.34:938][880]LogModuleManager: Shutting down and abandoning module GameLiveStreaming (155)
[2017.04.18-18.09.34:938][880]LogModuleManager: Shutting down and abandoning module VREditor (153)
[2017.04.18-18.09.34:938][880]LogModuleManager: Shutting down and abandoning module GameplayTasksEditor (151)
[2017.04.18-18.09.34:938][880]LogModuleManager: Shutting down and abandoning module BehaviorTreeEditor (149)
[2017.04.18-18.09.34:938][880]LogModuleManager: Shutting down and abandoning module FunctionalTesting (147)
[2017.04.18-18.09.34:938][880]LogModuleManager: Shutting down and abandoning module CollisionAnalyzer (145)
[2017.04.18-18.09.34:938][880]LogModuleManager: Shutting down and abandoning module UMG (143)
[2017.04.18-18.09.34:938][880]LogModuleManager: Shutting down and abandoning module UMGEditor (142)
[2017.04.18-18.09.34:938][880]LogModuleManager: Shutting down and abandoning module Sequencer (141)
[2017.04.18-18.09.34:938][880]LogModuleManager: Shutting down and abandoning module AssetTools (139)
[2017.04.18-18.09.34:938][880]LogModuleManager: Shutting down and abandoning module MessageLog (138)
[2017.04.18-18.09.34:938][880]LogModuleManager: Shutting down and abandoning module WorkspaceMenuStructure (137)
[2017.04.18-18.09.34:938][880]LogModuleManager: Shutting down and abandoning module SlateReflector (131)
[2017.04.18-18.09.34:938][880]LogModuleManager: Shutting down and abandoning module Slate (129)
[2017.04.18-18.09.34:938][880]LogModuleManager: Shutting down and abandoning module EditorStyle (127)
[2017.04.18-18.09.34:940][880]LogModuleManager: Shutting down and abandoning module Messaging (125)
[2017.04.18-18.09.34:940][880]LogModuleManager: Shutting down and abandoning module SourceCodeAccess (123)
[2017.04.18-18.09.34:940][880]LogModuleManager: Shutting down and abandoning module HeadMountedDisplay (121)
[2017.04.18-18.09.34:940][880]LogModuleManager: Shutting down and abandoning module XAudio2 (119)
[2017.04.18-18.09.34:940][880]LogModuleManager: Shutting down and abandoning module Networking (117)
[2017.04.18-18.09.34:940][880]LogModuleManager: Shutting down and abandoning module Core (115)
[2017.04.18-18.09.34:940][880]LogModuleManager: Shutting down and abandoning module KismetCompiler (113)
[2017.04.18-18.09.34:940][880]LogModuleManager: Shutting down and abandoning module PhysXFormats (111)
[2017.04.18-18.09.34:940][880]LogModuleManager: Shutting down and abandoning module MeshUtilities (109)
[2017.04.18-18.09.34:940][880]LogModuleManager: Shutting down and abandoning module SimplygonSwarm (108)
[2017.04.18-18.09.34:940][880]LogModuleManager: Shutting down and abandoning module SimplygonMeshReduction (106)
[2017.04.18-18.09.34:940][880]LogModuleManager: Shutting down and abandoning module QuadricMeshReduction (104)
[2017.04.18-18.09.34:940][880]LogModuleManager: Shutting down and abandoning module PropertyEditor (102)
[2017.04.18-18.09.34:940][880]LogModuleManager: Shutting down and abandoning module AssetRegistry (99)
[2017.04.18-18.09.34:940][880]LogModuleManager: Shutting down and abandoning module DerivedDataCache (97)
[2017.04.18-18.09.35:094][880]LogDerivedDataCache: Shutdown
[2017.04.18-18.09.35:094][880]LogModuleManager: Shutting down and abandoning module TargetPlatform (95)
[2017.04.18-18.09.35:094][880]LogModuleManager: Shutting down and abandoning module VulkanShaderFormat (94)
[2017.04.18-18.09.35:094][880]LogModuleManager: Shutting down and abandoning module ShaderFormatOpenGL (92)
[2017.04.18-18.09.35:094][880]LogModuleManager: Shutting down and abandoning module ShaderFormatD3D (90)
[2017.04.18-18.09.35:094][880]LogModuleManager: Shutting down and abandoning module MetalShaderFormat (88)
[2017.04.18-18.09.35:094][880]LogModuleManager: Shutting down and abandoning module TextureFormatUncompressed (86)
[2017.04.18-18.09.35:094][880]LogModuleManager: Shutting down and abandoning module TextureFormatPVR (84)
[2017.04.18-18.09.35:094][880]LogModuleManager: Shutting down and abandoning module TextureFormatDXT (82)
[2017.04.18-18.09.35:094][880]LogModuleManager: Shutting down and abandoning module TextureFormatIntelISPCTexComp (80)
[2017.04.18-18.09.35:094][880]LogModuleManager: Shutting down and abandoning module TextureFormatASTC (78)
[2017.04.18-18.09.35:094][880]LogModuleManager: Shutting down and abandoning module ImageWrapper (77)
[2017.04.18-18.09.35:094][880]LogModuleManager: Shutting down and abandoning module TextureFormatAndroid (74)
[2017.04.18-18.09.35:094][880]LogModuleManager: Shutting down and abandoning module AudioFormatOpus (72)
[2017.04.18-18.09.35:094][880]LogModuleManager: Shutting down and abandoning module AudioFormatOgg (70)
[2017.04.18-18.09.35:094][880]LogModuleManager: Shutting down and abandoning module AudioFormatADPCM (68)
[2017.04.18-18.09.35:094][880]LogModuleManager: Shutting down and abandoning module WindowsTargetPlatform (66)
[2017.04.18-18.09.35:094][880]LogModuleManager: Shutting down and abandoning module WindowsServerTargetPlatform (64)
[2017.04.18-18.09.35:094][880]LogModuleManager: Shutting down and abandoning module WindowsNoEditorTargetPlatform (62)
[2017.04.18-18.09.35:094][880]LogModuleManager: Shutting down and abandoning module WindowsClientTargetPlatform (60)
[2017.04.18-18.09.35:094][880]LogModuleManager: Shutting down and abandoning module InputCore (57)
[2017.04.18-18.09.35:094][880]LogModuleManager: Shutting down and abandoning module Settings (55)
[2017.04.18-18.09.35:094][880]LogModuleManager: Shutting down and abandoning module OculusRift (53)
[2017.04.18-18.09.35:094][880]LogModuleManager: Shutting down and abandoning module GearVR (51)
[2017.04.18-18.09.35:094][880]LogModuleManager: Shutting down and abandoning module ExampleDeviceProfileSelector (49)
[2017.04.18-18.09.35:094][880]LogModuleManager: Shutting down and abandoning module OnlineBlueprintSupport (47)
[2017.04.18-18.09.35:094][880]LogModuleManager: Shutting down and abandoning module OnlineSubsystem (43)
[2017.04.18-18.09.35:094][880]LogOnline:Display: OSS: FOnlineSubsystemNull::Shutdown()
[2017.04.18-18.09.35:095][880]LogOnline:Display: Unloading online subsystem: NULL
[2017.04.18-18.09.35:095][880]LogModuleManager: Shutting down and abandoning module XMPP (37)
[2017.04.18-18.09.35:095][880]LogModuleManager: Shutting down and abandoning module HTTP (35)
[2017.04.18-18.09.35:125][880]LogModuleManager: Shutting down and abandoning module SSL (34)
[2017.04.18-18.09.35:126][880]LogModuleManager: Shutting down and abandoning module AudioEditor (30)
[2017.04.18-18.09.35:126][880]LogModuleManager: Shutting down and abandoning module TextureCompressor (28)
[2017.04.18-18.09.35:127][880]LogModuleManager: Shutting down and abandoning module ShaderCore (26)
[2017.04.18-18.09.35:127][880]LogModuleManager: Shutting down and abandoning module Landscape (24)
[2017.04.18-18.09.35:127][880]LogModuleManager: Shutting down and abandoning module SlateRHIRenderer (22)
[2017.04.18-18.09.35:127][880]LogModuleManager: Shutting down and abandoning module OpenGLDrv (20)
[2017.04.18-18.09.35:127][880]LogModuleManager: Shutting down and abandoning module D3D11RHI (18)
[2017.04.18-18.09.35:127][880]LogModuleManager: Shutting down and abandoning module AnimGraphRuntime (16)
[2017.04.18-18.09.35:127][880]LogModuleManager: Shutting down and abandoning module Renderer (14)
[2017.04.18-18.09.35:127][880]LogModuleManager: Shutting down and abandoning module Engine (12)
[2017.04.18-18.09.35:128][880]LogModuleManager: Shutting down and abandoning module CoreUObject (10)
[2017.04.18-18.09.35:128][880]LogModuleManager: Shutting down and abandoning module NetworkFile (8)
[2017.04.18-18.09.35:128][880]LogModuleManager: Shutting down and abandoning module StreamingFile (6)
[2017.04.18-18.09.35:128][880]LogModuleManager: Shutting down and abandoning module SandboxFile (4)
[2017.04.18-18.09.35:128][880]LogModuleManager: Shutting down and abandoning module PakFile (2)
[2017.04.18-18.09.35:129][880]LogExit: Exiting.
[2017.04.18-18.09.35:131][880]Log file closed, 04/19/17 03:09:35
