Log file open, 02/19/17 15:02:18
LogInit:Display: Running engine for game: UNNAMED
LogPlatformFile: Not using cached read wrapper
LogInit:Display: RandInit(1503665115) SRandInit(1503665116).
LogTaskGraph: Started task graph with 4 named threads and 7 total threads with 1 sets of task threads.
LogStats: Stats thread started at 0.239931
LogInit: Version: 4.12.5-3039270+++UE4+Release-4.12
LogInit: API Version: 2992821
LogInit: Net Version: 3039270
LogDevObjectVersion: Number of dev versions registered: 13
LogDevObjectVersion:   Dev-Blueprints (B0D832E4-1F89-4F0D-ACCF-7EB736FD4AA2): 3
LogDevObjectVersion:   Dev-Build (E1C64328-A22C-4D53-A36C-8E866417BD8C): 0
LogDevObjectVersion:   Dev-Core (375EC13C-06E4-48FB-B500-84F0262A717E): 1
LogDevObjectVersion:   Dev-Editor (E4B068ED-F494-42E9-A231-DA0B2E46BB41): 2
LogDevObjectVersion:   Dev-Framework (CFFC743F-43B0-4480-9391-14DF171D2073): 6
LogDevObjectVersion:   Dev-Mobile (B02B49B5-BB20-44E9-A304-32B752E40360): 0
LogDevObjectVersion:   Dev-Networking (A4E4105C-59A1-49B5-A7C5-40C4547EDFEE): 0
LogDevObjectVersion:   Dev-Online (39C831C9-5AE6-47DC-9A44-9C173E1C8E7C): 0
LogDevObjectVersion:   Dev-Physics (78F01B33-EBEA-4F98-B9B4-84EACCB95AA2): 0
LogDevObjectVersion:   Dev-Platform (6631380F-2D4D-43E0-8009-CF276956A95A): 0
LogDevObjectVersion:   Dev-Rendering (12F88B9F-8875-4AFC-A67C-D90C383ABD29): 2
LogDevObjectVersion:   Dev-Sequencer (7B5AE74C-D270-4C10-A958-57980B212A5A): 0
LogDevObjectVersion:   Dev-VR (D7296918-1DD6-4BDD-9DE2-64A83CC13884): 0
LogInit: Compiled (64-bit): Jul  6 2016 09:09:46
LogInit: Compiled with Visual C++: 19.00.23026.00
LogInit: Build Configuration: Development
LogInit: Branch Name: ++UE4+Release-4.12
LogInit: Command line:  
LogInit: Base directory: C:/Program Files (x86)/Epic Games/4.12/Engine/Binaries/Win64/
LogInit: Installed Engine Build: 1
LogInit: Using libcurl 7.41.0
LogInit:  - built for x86_64-pc-win32
LogInit:  - supports SSL with WinSSL
LogInit:  - other features:
LogInit:      CURL_VERSION_SSL
LogInit:      CURL_VERSION_IPV6
LogInit:      CURL_VERSION_ASYNCHDNS
LogInit:      CURL_VERSION_LARGEFILE
LogInit:      CURL_VERSION_IDN
LogInit:  CurlRequestOptions (configurable via config and command line):
LogInit:  - bVerifyPeer = true  - Libcurl will verify peer certificate
LogInit:  - bUseHttpProxy = false  - Libcurl will NOT use HTTP proxy
LogInit:  - bDontReuseConnections = false  - Libcurl will reuse connections
LogInit:  - CertBundlePath = nullptr  - Libcurl will use whatever was configured at build time.
LogOnline:Display: STEAM: Loading Steam SDK 1.32
LogOnline:Warning: STEAM: Steam API disabled!
LogOnline:Display: STEAM: OnlineSubsystemSteam::Shutdown()
LogInit: WinSock: version 1.1 (2.2), MaxSocks=32767, MaxUdp=65467
LogVoice:Warning: Failed to initialize voice interface
LogInit: Presizing for max 8388607 objects, including 0 objects not considered by GC, pre-allocating 0 bytes for permanent pool.
LogInit: Object subsystem initialized
[2017.02.19-06.02.19:339][  0]LogInit: Selected Device Profile: [Windows]
[2017.02.19-06.02.19:339][  0]LogInit: Applying CVar settings loaded from the selected device profile: [Windows]
[2017.02.19-06.02.19:389][  0]LogInit: Computer: DESKTOP-5I3HB32
[2017.02.19-06.02.19:390][  0]LogInit: User: jcy
[2017.02.19-06.02.19:390][  0]LogInit: CPU Page size=65536, Cores=4
[2017.02.19-06.02.19:390][  0]LogInit: High frequency timer resolution =2.533206 MHz
[2017.02.19-06.02.19:390][  0]LogMemory: Memory total: Physical=7.9GB (8GB approx)
[2017.02.19-06.02.19:390][  0]LogMemory: Platform Memory Stats for Windows
[2017.02.19-06.02.19:390][  0]LogMemory: Process Physical Memory: 193.09 MB used, 193.09 MB peak
[2017.02.19-06.02.19:390][  0]LogMemory: Process Virtual Memory: 195.55 MB used, 195.55 MB peak
[2017.02.19-06.02.19:390][  0]LogMemory: Physical Memory: 3091.42 MB used, 8113.86 MB total
[2017.02.19-06.02.19:390][  0]LogMemory: Virtual Memory: 556.82 MB used, 134217728.00 MB total
[2017.02.19-06.02.21:816][  0]LogD3D11RHI: D3D11 adapters:
[2017.02.19-06.02.23:148][  0]LogD3D11RHI:    0. 'NVIDIA GeForce GTX 960M' (Feature Level 11_0)
[2017.02.19-06.02.23:148][  0]LogD3D11RHI:       2019/0/4056 MB DedicatedVideo/DedicatedSystem/SharedSystem, Outputs:2, VendorId:0x10de
[2017.02.19-06.02.23:208][  0]LogD3D11RHI:    1. 'Intel(R) HD Graphics 4600' (Feature Level 11_0)
[2017.02.19-06.02.23:209][  0]LogD3D11RHI:       112/0/2048 MB DedicatedVideo/DedicatedSystem/SharedSystem, Outputs:0, VendorId:0x8086
[2017.02.19-06.02.23:250][  0]LogD3D11RHI:    2. 'Microsoft Basic Render Driver' (Feature Level 11_0)
[2017.02.19-06.02.23:250][  0]LogD3D11RHI:       0/0/4056 MB DedicatedVideo/DedicatedSystem/SharedSystem, Outputs:0, VendorId:0x1414
[2017.02.19-06.02.23:250][  0]LogD3D11RHI: Chosen D3D11 Adapter: 0
[2017.02.19-06.02.23:269][  0]LogD3D11RHI: Creating new Direct3DDevice
[2017.02.19-06.02.23:269][  0]LogD3D11RHI:     GPU DeviceId: 0x139b (for the marketing name, search the web for "GPU Device Id")
[2017.02.19-06.02.23:269][  0]LogWindows: EnumDisplayDevices:
[2017.02.19-06.02.23:269][  0]LogWindows:    0. 'Intel(R) HD Graphics 4600' (P:0 D:1)
[2017.02.19-06.02.23:269][  0]LogWindows:    1. 'Intel(R) HD Graphics 4600' (P:1 D:1)
[2017.02.19-06.02.23:270][  0]LogWindows:    2. 'Intel(R) HD Graphics 4600' (P:0 D:0)
[2017.02.19-06.02.23:270][  0]LogWindows: DebugString: PrimaryIsNotTheChoosenAdapter PrimaryIsNotTheChoosenAdapter PrimaryIsNotTheChoosenAdapter FoundDriverCount:0 
[2017.02.19-06.02.23:270][  0]LogD3D11RHI:     Adapter Name: NVIDIA GeForce GTX 960M
[2017.02.19-06.02.23:270][  0]LogD3D11RHI:   Driver Version: Unknown (internal:Unknown, unified:Unknown)
[2017.02.19-06.02.23:270][  0]LogD3D11RHI:      Driver Date: Unknown
[2017.02.19-06.02.23:270][  0]LogRHI: Texture pool is 1361 MB (70% of 1945 MB)
[2017.02.19-06.02.24:348][  0]LogD3D11RHI: Async texture creation enabled
[2017.02.19-06.02.25:909][  0]LogD3D11RHI: GPU Timing Frequency: 1000.000000 (Debug: 2 2)
[2017.02.19-06.02.25:910][  0]LogShaderCompilers: Guid format shader working directory is -17 characters bigger than the processId version (../../../../../../Users/jcy/Documents/GitHub/UNNAMED/UNNAMED/Intermediate/Shaders/WorkingDirectory/13920/).
[2017.02.19-06.02.25:910][  0]LogShaderCompilers: Cleaned the shader compiler working directory 'C:/Users/jcy/AppData/Local/Temp/UnrealShaderWorkingDir/820B652B417F574807FD7BBD67E872FC/'.
[2017.02.19-06.02.25:910][  0]LogShaderCompilers:Display: Using Local Shader Compiler.
[2017.02.19-06.02.33:862][  0]LogTemp:Display: Loaded TP AllDesktopTargetPlatform
[2017.02.19-06.02.33:927][  0]LogTemp:Display: Loaded TP WindowsClientTargetPlatform
[2017.02.19-06.02.33:999][  0]LogTemp:Display: Loaded TP WindowsNoEditorTargetPlatform
[2017.02.19-06.02.34:138][  0]LogTemp:Display: Loaded TP WindowsServerTargetPlatform
[2017.02.19-06.02.34:240][  0]LogTemp:Display: Loaded TP WindowsTargetPlatform
[2017.02.19-06.02.34:287][  0]LogTemp:Display: Loaded TP AndroidTargetPlatform
[2017.02.19-06.02.34:358][  0]LogTemp:Display: Loaded TP Android_ASTCTargetPlatform
[2017.02.19-06.02.34:430][  0]LogTemp:Display: Loaded TP Android_ATCTargetPlatform
[2017.02.19-06.02.34:484][  0]LogTemp:Display: Loaded TP Android_DXTTargetPlatform
[2017.02.19-06.02.34:563][  0]LogTemp:Display: Loaded TP Android_ETC1TargetPlatform
[2017.02.19-06.02.34:625][  0]LogTemp:Display: Loaded TP Android_ETC2TargetPlatform
[2017.02.19-06.02.34:773][  0]LogTemp:Display: Loaded TP Android_MultiTargetPlatform
[2017.02.19-06.02.34:773][  0]LogTemp:Display: Loaded TP Android_PVRTCTargetPlatform
[2017.02.19-06.02.34:818][  0]LogTemp:Display: Loaded TP HTML5TargetPlatform
[2017.02.19-06.02.35:007][  0]LogTemp:Display: Loaded TP IOSTargetPlatform
[2017.02.19-06.02.35:063][  0]LogTemp:Display: Loaded TP TVOSTargetPlatform
[2017.02.19-06.02.35:124][  0]LogTemp:Display: Loaded TP LinuxNoEditorTargetPlatform
[2017.02.19-06.02.35:184][  0]LogTemp:Display: Loaded TP LinuxServerTargetPlatform
[2017.02.19-06.02.35:250][  0]LogTemp:Display: Loaded TP LinuxTargetPlatform
[2017.02.19-06.02.35:250][  0]LogTargetPlatformManager:Display: Building Assets For Windows
[2017.02.19-06.02.36:819][  0]LogDerivedDataCache:Display: Max Cache Size: 512 MB
[2017.02.19-06.02.37:441][  0]LogDerivedDataCache: Loaded boot cache 0.62s 48MB C:/Users/jcy/AppData/Local/UnrealEngine/4.12/DerivedDataCache/Boot.ddc.
[2017.02.19-06.02.37:441][  0]LogDerivedDataCache:Display: Loaded Boot cache: C:/Users/jcy/AppData/Local/UnrealEngine/4.12/DerivedDataCache/Boot.ddc
[2017.02.19-06.02.37:442][  0]LogDerivedDataCache: FDerivedDataBackendGraph:  Pak pak cache file ../../../../../../Users/jcy/Documents/GitHub/UNNAMED/UNNAMED/DerivedDataCache/DDC.ddp not found, will not use a pak cache.
[2017.02.19-06.02.37:442][  0]LogDerivedDataCache: Unable to find inner node Pak for hierarchical cache Hierarchy.
[2017.02.19-06.02.37:443][  0]LogDerivedDataCache: FDerivedDataBackendGraph:  CompressedPak pak cache file ../../../../../../Users/jcy/Documents/GitHub/UNNAMED/UNNAMED/DerivedDataCache/Compressed.ddp not found, will not use a pak cache.
[2017.02.19-06.02.37:443][  0]LogDerivedDataCache: Unable to find inner node CompressedPak for hierarchical cache Hierarchy.
[2017.02.19-06.02.37:505][  0]LogDerivedDataCache:Display: Pak cache opened for reading ../../../Engine/DerivedDataCache/Compressed.ddp.
[2017.02.19-06.02.37:549][  0]LogDerivedDataCache: Using Local data cache path C:/Users/jcy/AppData/Local/UnrealEngine/Common/DerivedDataCache: Writable
[2017.02.19-06.02.40:918][  0]LogInit: Selected Device Profile: [Windows]
[2017.02.19-06.02.40:962][  0]LogContentStreaming: Texture pool size is 0.00 MB
[2017.02.19-06.02.42:047][  0]LogMeshUtilities: No automatic mesh reduction module available
[2017.02.19-06.02.42:047][  0]LogMeshUtilities: No automatic mesh merging module available
[2017.02.19-06.02.42:047][  0]LogMeshUtilities: No distributed automatic mesh merging module available
[2017.02.19-06.02.44:501][  0]LogAssetRegistry: FAssetRegistry took 0.0231 seconds to start up
[2017.02.19-06.02.44:541][  0]LogPackageLocalizationCache: Processed 3 localized package path(s) for 1 prioritized culture(s) in 0.034682 seconds
[2017.02.19-06.02.44:562][  0]LogUObjectArray: 28746 objects as part of root set at end of initial load.
[2017.02.19-06.02.44:562][  0]LogUObjectAllocator: 6069104 out of 0 bytes used by permanent object pool.
[2017.02.19-06.02.44:562][  0]LogUObjectArray: CloseDisregardForGC: 0/0 objects in disregard for GC pool
[2017.02.19-06.02.52:011][  0]LogSlate: SlateFontCache - WITH_FREETYPE: 1, WITH_HARFBUZZ: 1
[2017.02.19-06.02.52:011][  0]LogSlate: SlateFontCache - WITH_FREETYPE: 1, WITH_HARFBUZZ: 1
[2017.02.19-06.03.15:218][  0]LogUdpMessaging: Initializing bridge on interface 0.0.0.0:0 to multicast group 230.0.0.1:6666.
[2017.02.19-06.03.17:533][  0]SourceControl: Info Source control is disabled
[2017.02.19-06.03.17:583][  0]SourceControl: Info Source control is disabled
[2017.02.19-06.03.17:787][  0]SourceControl: Info Source control is disabled
[2017.02.19-06.03.18:015][  0]SourceControl: Info Source control is disabled
[2017.02.19-06.03.20:760][  0]LogEngine: Initializing Engine...
[2017.02.19-06.03.20:814][  0]LogHMD: SteamVR failed to initialize.  Err: 110
[2017.02.19-06.03.20:815][  0]LogHMD: SteamVR failed to initialize.  Err: 110
[2017.02.19-06.03.21:556][  0]LogAIModule: Creating AISystem for world NewWorld
[2017.02.19-06.03.21:602][  0]LogInit: XAudio2 using '스피커(Realtek High Definition Audio)' : 2 channels at 48 kHz using 32 bits per sample (channel mask 0x3)
[2017.02.19-06.03.21:668][  0]LogInit: FAudioDevice initialized.
[2017.02.19-06.03.21:739][  0]LogDerivedDataCache: Saved boot cache 0.07s 48MB C:/Users/jcy/AppData/Local/UnrealEngine/4.12/DerivedDataCache/Boot.ddc.
[2017.02.19-06.03.21:768][  0]LogInit: Texture streaming: Enabled
[2017.02.19-06.03.22:050][  0]LogInit: Transaction tracking system initialized
[2017.02.19-06.03.22:443][  0]BlueprintLog: New page: Editor Load
[2017.02.19-06.03.24:856][  0]LocalizationService: Info Localization service is disabled
[2017.02.19-06.03.26:017][  0]LogConsoleResponse:Display: 
[2017.02.19-06.03.28:162][  0]LogCook:Display: Max memory allowance for cook 8192mb
[2017.02.19-06.03.28:162][  0]LogCook:Display: Mobile HDR setting 1
[2017.02.19-06.03.29:072][  0]LogFileCache: Scanning file cache for directory 'C:/Users/jcy/Documents/GitHub/UNNAMED/UNNAMED/Content/' took 0.11s
[2017.02.19-06.03.30:415][  0]SourceControl: Info Source control is disabled
[2017.02.19-06.03.30:416][  0]Cmd: MAP LOAD FILE="../../../../../../Users/jcy/Documents/GitHub/UNNAMED/UNNAMED/Content/Map/Main.umap" TEMPLATE=0 SHOWPROGRESS=1 FEATURELEVEL=3
[2017.02.19-06.03.30:423][  0]LightingResults: New page: Lighting Build
[2017.02.19-06.03.30:429][  0]MapCheck: New page: Map Check
[2017.02.19-06.03.30:429][  0]LightingResults: New page: Lighting Build
[2017.02.19-06.03.31:578][  0]LogAIModule: Creating AISystem for world Main
[2017.02.19-06.03.31:582][  0]LogEditorServer: Finished looking for orphan Actors (0.000 secs)
[2017.02.19-06.03.31:583][  0]Cmd: MAP CHECKDEP NOCLEARLOG
[2017.02.19-06.03.31:748][  0]MapCheck: Info Map check complete: 0 Error(s), 0 Warning(s), took 164.39ms to complete.
[2017.02.19-06.03.31:748][  0]LogFileHelpers: Loading map 'Main' took 1.332
[2017.02.19-06.03.32:272][  0]LogCollectionManager: Loaded 1 collections in 0.011150 seconds
[2017.02.19-06.03.32:351][  0]LogFileCache: Scanning file cache for directory 'C:/Users/jcy/Documents/GitHub/UNNAMED/UNNAMED/Saved/Collections/' took 0.01s
[2017.02.19-06.03.32:351][  0]LogFileCache: Scanning file cache for directory 'C:/Users/jcy/Documents/GitHub/UNNAMED/UNNAMED/Content/Developers/jcy/Collections/' took 0.01s
[2017.02.19-06.03.32:351][  0]LogFileCache: Scanning file cache for directory 'C:/Users/jcy/Documents/GitHub/UNNAMED/UNNAMED/Content/Collections/' took 0.02s
[2017.02.19-06.03.32:351][  0]LogCollectionManager: Rebuilt the GUID cache for 1 collections in 0.000013 seconds
[2017.02.19-06.03.32:351][  0]LogCollectionManager: Rebuilt the hierarchy cache for 1 collections in 0.000000 seconds
[2017.02.19-06.03.32:375][  0]LogContentBrowser: Native class hierarchy populated in 0.0230 seconds. Added 2049 classes and 371 folders.
[2017.02.19-06.03.32:391][  0]LogStats: UGameplayTagsManager::ConstructGameplayTagTree: Construct from data asset -  0.000 s
[2017.02.19-06.03.32:391][  0]LogStats: UGameplayTagsManager::ConstructGameplayTagTree: GameplayTagTreeChangedEvent.Broadcast -  0.000 s
[2017.02.19-06.03.32:394][  0]LogContentBrowser: Native class hierarchy updated for 'GameplayTags' in 0.0022 seconds. Added 12 classes and 0 folders.
[2017.02.19-06.03.32:421][  0]LogContentBrowser: Native class hierarchy updated for 'WidgetCarousel' in 0.0006 seconds. Added 0 classes and 0 folders.
[2017.02.19-06.03.33:782][  0]LogContentBrowser: Native class hierarchy updated for 'AddContentDialog' in 0.0007 seconds. Added 0 classes and 0 folders.
[2017.02.19-06.03.33:907][  0]LogContentBrowser: Native class hierarchy updated for 'SceneOutliner' in 0.0015 seconds. Added 1 classes and 2 folders.
[2017.02.19-06.03.34:155][  0]LogCrashTracker: Crashtracker disabled due to settings.
[2017.02.19-06.03.34:173][  0]LogUObjectGlobals:Warning: Failed to find object 'Class None.'
[2017.02.19-06.03.34:340][  0]LogContentBrowser: Native class hierarchy updated for 'HierarchicalLODOutliner' in 0.0013 seconds. Added 1 classes and 2 folders.
[2017.02.19-06.03.34:341][  0]LogLoad: Full Startup: 80.54 seconds (BP compile: 0.57 seconds)
[2017.02.19-06.03.34:341][  0]LogExternalProfiler: Found external profiler: VSPerf
[2017.02.19-06.03.34:341][  0]LogExternalProfiler: Using external profiler: VSPerf
[2017.02.19-06.03.34:418][  0]LogWindowsTextInputMethodSystem:Display: IME system now activated using TSF (Microsoft 입력기).
[2017.02.19-06.03.34:424][  0]LogOcInput: OculusInput pre-init called
[2017.02.19-06.03.34:446][  0]LogContentStreaming: Texture pool size now 1000 MB
[2017.02.19-06.03.34:792][  0]LogRenderer: Reallocating scene render targets to support 1172x532 (Frame:2).
[2017.02.19-06.03.35:300][  5]LogAssetRegistry: Asset discovery search completed in 50.8215 seconds
[2017.02.19-06.03.35:300][  5]LogCollectionManager: Rebuilt the object cache for 1 collections in 0.000037 seconds (found 0 objects)
[2017.02.19-06.03.35:300][  5]LogCollectionManager: Fixed up redirectors for 1 collections in 0.000071 seconds (updated 0 objects)
[2017.02.19-06.03.41:021][  9]LogContentBrowser: Native class hierarchy updated for 'BlueprintGraph' in 0.0008 seconds. Added 111 classes and 0 folders.
[2017.02.19-06.19.21:926][ 91]LogActorComponent: UnregisterComponent: (/Engine/Transient.EditorFloorComp) Not registered. Aborting.
[2017.02.19-06.19.22:047][ 91]LogActorComponent: UnregisterComponent: (/Engine/Transient.EditorFloorComp) Not registered. Aborting.
[2017.02.19-06.19.22:114][ 91]LogWindowsTextInputMethodSystem:Display: IME system now activated using TSF (Microsoft 입력기).
[2017.02.19-06.19.22:352][ 92]Cmd: QUIT_EDITOR
[2017.02.19-06.19.22:446][ 92]LogExit: Preparing to exit.
[2017.02.19-06.19.22:915][ 92]LogExit: Editor shut down
[2017.02.19-06.19.22:915][ 92]LogExit: Transaction tracking system shut down
[2017.02.19-06.19.23:155][ 92]LogObj: Freed 0b from 0 cluster array pools.
[2017.02.19-06.19.23:155][ 92]LogExit: Object subsystem successfully closed.
[2017.02.19-06.19.23:185][ 92]LogD3D11RHI: Shutdown
[2017.02.19-06.19.23:186][ 92]LogD3D11RHI: CleanupD3DDevice
[2017.02.19-06.19.23:322][ 92]LogD3D11RHI: ~FD3D11DynamicRHI
[2017.02.19-06.19.23:362][ 92]LogModuleManager: Shutting down and abandoning module SequencerWidgets (218)
[2017.02.19-06.19.23:362][ 92]LogModuleManager: Shutting down and abandoning module BlueprintGraph (217)
[2017.02.19-06.19.23:363][ 92]LogModuleManager: Shutting down and abandoning module HierarchicalLODOutliner (216)
[2017.02.19-06.19.23:363][ 92]LogModuleManager: Shutting down and abandoning module CrashTracker (215)
[2017.02.19-06.19.23:363][ 92]LogModuleManager: Shutting down and abandoning module SceneOutliner (214)
[2017.02.19-06.19.23:363][ 92]LogModuleManager: Shutting down and abandoning module WidgetCarousel (213)
[2017.02.19-06.19.23:363][ 92]LogModuleManager: Shutting down and abandoning module AddContentDialog (212)
[2017.02.19-06.19.23:366][ 92]LogModuleManager: Shutting down and abandoning module GameplayTags (211)
[2017.02.19-06.19.23:366][ 92]LogModuleManager: Shutting down and abandoning module EditorWidgets (210)
[2017.02.19-06.19.23:366][ 92]LogModuleManager: Shutting down and abandoning module CollectionManager (209)
[2017.02.19-06.19.23:366][ 92]LogModuleManager: Shutting down and abandoning module StatsViewer (208)
[2017.02.19-06.19.23:366][ 92]LogModuleManager: Shutting down and abandoning module FoliageEdit (207)
[2017.02.19-06.19.23:366][ 92]LogModuleManager: Shutting down and abandoning module LandscapeEditor (206)
[2017.02.19-06.19.23:366][ 92]LogModuleManager: Shutting down and abandoning module SceneDepthPickerMode (205)
[2017.02.19-06.19.23:366][ 92]LogModuleManager: Shutting down and abandoning module ActorPickerMode (204)
[2017.02.19-06.19.23:366][ 92]LogModuleManager: Shutting down and abandoning module GeometryMode (203)
[2017.02.19-06.19.23:366][ 92]LogModuleManager: Shutting down and abandoning module TextureAlignMode (202)
[2017.02.19-06.19.23:366][ 92]LogModuleManager: Shutting down and abandoning module BspMode (201)
[2017.02.19-06.19.23:366][ 92]LogModuleManager: Shutting down and abandoning module HardwareSurvey (200)
[2017.02.19-06.19.23:367][ 92]LogModuleManager: Shutting down and abandoning module SequenceRecorderSections (199)
[2017.02.19-06.19.23:367][ 92]LogModuleManager: Shutting down and abandoning module SequenceRecorder (198)
[2017.02.19-06.19.23:367][ 92]LogModuleManager: Shutting down and abandoning module AutomationWorker (197)
[2017.02.19-06.19.23:367][ 92]LogModuleManager: Shutting down and abandoning module MatineeToLevelSequence (196)
[2017.02.19-06.19.23:367][ 92]LogModuleManager: Shutting down and abandoning module PlacementMode (195)
[2017.02.19-06.19.23:367][ 92]LogModuleManager: Shutting down and abandoning module LevelSequenceEditor (194)
[2017.02.19-06.19.23:367][ 92]LogModuleManager: Shutting down and abandoning module CharacterAI (193)
[2017.02.19-06.19.23:367][ 92]LogModuleManager: Shutting down and abandoning module SmartSnapping (192)
[2017.02.19-06.19.23:367][ 92]LogModuleManager: Shutting down and abandoning module SessionServices (191)
[2017.02.19-06.19.23:367][ 92]LogModuleManager: Shutting down and abandoning module ViewportSnapping (190)
[2017.02.19-06.19.23:367][ 92]LogModuleManager: Shutting down and abandoning module LogVisualizer (189)
[2017.02.19-06.19.23:367][ 92]LogModuleManager: Shutting down and abandoning module GameProjectGeneration (188)
[2017.02.19-06.19.23:367][ 92]LogModuleManager: Shutting down and abandoning module IntroTutorials (187)
[2017.02.19-06.19.23:367][ 92]LogModuleManager: Shutting down and abandoning module EditorLiveStreaming (186)
[2017.02.19-06.19.23:367][ 92]LogModuleManager: Shutting down and abandoning module IOSPlatformEditor (185)
[2017.02.19-06.19.23:367][ 92]LogModuleManager: Shutting down and abandoning module HTML5PlatformEditor (184)
[2017.02.19-06.19.23:367][ 92]LogModuleManager: Shutting down and abandoning module AndroidDeviceDetection (183)
[2017.02.19-06.19.23:877][ 92]LogModuleManager: Shutting down and abandoning module AndroidPlatformEditor (182)
[2017.02.19-06.19.23:877][ 92]LogModuleManager: Shutting down and abandoning module IOSRuntimeSettings (181)
[2017.02.19-06.19.23:877][ 92]LogModuleManager: Shutting down and abandoning module AndroidRuntimeSettings (180)
[2017.02.19-06.19.23:877][ 92]LogModuleManager: Shutting down and abandoning module MergeActors (179)
[2017.02.19-06.19.23:877][ 92]LogModuleManager: Shutting down and abandoning module SizeMap (178)
[2017.02.19-06.19.23:877][ 92]LogModuleManager: Shutting down and abandoning module TreeMap (177)
[2017.02.19-06.19.23:877][ 92]LogModuleManager: Shutting down and abandoning module ReferenceViewer (176)
[2017.02.19-06.19.23:877][ 92]LogModuleManager: Shutting down and abandoning module LocalizationService (175)
[2017.02.19-06.19.23:877][ 92]LogModuleManager: Shutting down and abandoning module LocalizationDashboard (174)
[2017.02.19-06.19.23:877][ 92]LogModuleManager: Shutting down and abandoning module HardwareTargeting (173)
[2017.02.19-06.19.23:877][ 92]LogModuleManager: Shutting down and abandoning module DeviceProfileEditor (172)
[2017.02.19-06.19.23:877][ 92]LogModuleManager: Shutting down and abandoning module UndoHistory (171)
[2017.02.19-06.19.23:877][ 92]LogModuleManager: Shutting down and abandoning module UserFeedback (170)
[2017.02.19-06.19.23:877][ 92]LogModuleManager: Shutting down and abandoning module XmlParser (169)
[2017.02.19-06.19.23:877][ 92]LogModuleManager: Shutting down and abandoning module Blutility (168)
[2017.02.19-06.19.23:877][ 92]LogModuleManager: Shutting down and abandoning module ProjectTargetPlatformEditor (167)
[2017.02.19-06.19.23:878][ 92]LogModuleManager: Shutting down and abandoning module ProjectSettingsViewer (166)
[2017.02.19-06.19.23:878][ 92]LogModuleManager: Shutting down and abandoning module InputBindingEditor (165)
[2017.02.19-06.19.23:878][ 92]LogModuleManager: Shutting down and abandoning module EditorSettingsViewer (164)
[2017.02.19-06.19.23:878][ 92]LogModuleManager: Shutting down and abandoning module SettingsEditor (163)
[2017.02.19-06.19.23:878][ 92]LogModuleManager: Shutting down and abandoning module ProjectLauncher (162)
[2017.02.19-06.19.23:878][ 92]LogModuleManager: Shutting down and abandoning module SessionFrontend (161)
[2017.02.19-06.19.23:878][ 92]LogModuleManager: Shutting down and abandoning module ProfilerClient (160)
[2017.02.19-06.19.23:878][ 92]LogModuleManager: Shutting down and abandoning module TargetDeviceServices (159)
[2017.02.19-06.19.23:878][ 92]LogModuleManager: Shutting down and abandoning module DeviceManager (158)
[2017.02.19-06.19.23:920][ 92]LogModuleManager: Shutting down and abandoning module AutomationController (157)
[2017.02.19-06.19.23:920][ 92]LogModuleManager: Shutting down and abandoning module AutomationWindow (156)
[2017.02.19-06.19.23:921][ 92]LogModuleManager: Shutting down and abandoning module Layers (155)
[2017.02.19-06.19.23:921][ 92]LogModuleManager: Shutting down and abandoning module ComponentVisualizers (154)
[2017.02.19-06.19.23:921][ 92]LogModuleManager: Shutting down and abandoning module DetailCustomizations (153)
[2017.02.19-06.19.23:921][ 92]LogModuleManager: Shutting down and abandoning module PackagesDialog (152)
[2017.02.19-06.19.23:921][ 92]LogModuleManager: Shutting down and abandoning module Persona (151)
[2017.02.19-06.19.23:921][ 92]LogModuleManager: Shutting down and abandoning module Kismet (150)
[2017.02.19-06.19.23:921][ 92]LogModuleManager: Shutting down and abandoning module GraphEditor (149)
[2017.02.19-06.19.23:922][ 92]LogModuleManager: Shutting down and abandoning module ClassViewer (148)
[2017.02.19-06.19.23:922][ 92]LogModuleManager: Shutting down and abandoning module Toolbox (147)
[2017.02.19-06.19.23:922][ 92]LogModuleManager: Shutting down and abandoning module ModuleUI (146)
[2017.02.19-06.19.23:922][ 92]LogModuleManager: Shutting down and abandoning module MovieSceneTools (145)
[2017.02.19-06.19.23:922][ 92]LogModuleManager: Shutting down and abandoning module OutputLog (144)
[2017.02.19-06.19.23:922][ 92]LogModuleManager: Shutting down and abandoning module GammaUI (143)
[2017.02.19-06.19.23:922][ 92]LogModuleManager: Shutting down and abandoning module Documentation (142)
[2017.02.19-06.19.23:922][ 92]LogModuleManager: Shutting down and abandoning module StreamingPauseRendering (141)
[2017.02.19-06.19.23:922][ 92]LogModuleManager: Shutting down and abandoning module AnalyticsET (140)
[2017.02.19-06.19.23:922][ 92]LogModuleManager: Shutting down and abandoning module Analytics (139)
[2017.02.19-06.19.23:922][ 92]LogModuleManager: Shutting down and abandoning module PortalServices (138)
[2017.02.19-06.19.23:922][ 92]LogModuleManager: Shutting down and abandoning module PortalRpc (137)
[2017.02.19-06.19.23:922][ 92]LogModuleManager: Shutting down and abandoning module MessagingRpc (136)
[2017.02.19-06.19.23:922][ 92]LogModuleManager: Shutting down and abandoning module GameplayDebugger (135)
[2017.02.19-06.19.23:922][ 92]LogModuleManager: Shutting down and abandoning module AITestSuite (134)
[2017.02.19-06.19.23:922][ 92]LogModuleManager: Shutting down and abandoning module AIModule (133)
[2017.02.19-06.19.23:922][ 92]LogModuleManager: Shutting down and abandoning module ProfilerService (132)
[2017.02.19-06.19.24:120][ 92]LogModuleManager: Shutting down and abandoning module TaskGraph (131)
[2017.02.19-06.19.24:120][ 92]LogModuleManager: Shutting down and abandoning module SlateRemote (130)
[2017.02.19-06.19.24:120][ 92]LogModuleManager: Shutting down and abandoning module SteamVRController (129)
[2017.02.19-06.19.24:120][ 92]LogModuleManager: Shutting down and abandoning module SteamVR (128)
[2017.02.19-06.19.24:120][ 92]LogModuleManager: Shutting down and abandoning module ProceduralMeshComponent (127)
[2017.02.19-06.19.24:120][ 92]LogModuleManager: Shutting down and abandoning module OculusLibrary (126)
[2017.02.19-06.19.24:120][ 92]LogModuleManager: Shutting down and abandoning module OculusInput (125)
[2017.02.19-06.19.24:120][ 92]LogModuleManager: Shutting down and abandoning module CustomMeshComponent (124)
[2017.02.19-06.19.24:120][ 92]LogModuleManager: Shutting down and abandoning module CableComponent (123)
[2017.02.19-06.19.24:120][ 92]LogModuleManager: Shutting down and abandoning module ArchVisCharacter (122)
[2017.02.19-06.19.24:120][ 92]LogModuleManager: Shutting down and abandoning module MediaPlayerEditor (121)
[2017.02.19-06.19.24:120][ 92]LogModuleManager: Shutting down and abandoning module HTML5Networking (120)
[2017.02.19-06.19.24:120][ 92]LogModuleManager: Shutting down and abandoning module SuperSearch (119)
[2017.02.19-06.19.24:120][ 92]LogModuleManager: Shutting down and abandoning module SuperSearchEditor (118)
[2017.02.19-06.19.24:120][ 92]LogModuleManager: Shutting down and abandoning module SpeedTreeImporter (117)
[2017.02.19-06.19.24:120][ 92]LogModuleManager: Shutting down and abandoning module PluginBrowser (116)
[2017.02.19-06.19.24:120][ 92]LogModuleManager: Shutting down and abandoning module EpicSurvey (115)
[2017.02.19-06.19.24:120][ 92]LogModuleManager: Shutting down and abandoning module DesktopPlatform (114)
[2017.02.19-06.19.24:120][ 92]LogModuleManager: Shutting down and abandoning module VisualStudioSourceCodeAccess (113)
[2017.02.19-06.19.24:120][ 92]LogModuleManager: Shutting down and abandoning module UObjectPlugin (112)
[2017.02.19-06.19.24:120][ 92]LogModuleManager: Shutting down and abandoning module SubversionSourceControl (111)
[2017.02.19-06.19.24:120][ 92]LogModuleManager: Shutting down and abandoning module PerforceSourceControl (110)
[2017.02.19-06.19.24:120][ 92]LogModuleManager: Shutting down and abandoning module SourceControl (109)
[2017.02.19-06.19.24:120][ 92]LogModuleManager: Shutting down and abandoning module GitSourceControl (108)
[2017.02.19-06.19.24:120][ 92]LogModuleManager: Shutting down and abandoning module LightPropagationVolumeEditor (107)
[2017.02.19-06.19.24:120][ 92]LogModuleManager: Shutting down and abandoning module PaperTiledImporter (106)
[2017.02.19-06.19.24:120][ 92]LogModuleManager: Shutting down and abandoning module PaperSpriteSheetImporter (105)
[2017.02.19-06.19.24:121][ 92]LogModuleManager: Shutting down and abandoning module MeshPaint (104)
[2017.02.19-06.19.24:121][ 92]LogModuleManager: Shutting down and abandoning module PixelInspectorModule (103)
[2017.02.19-06.19.24:121][ 92]LogModuleManager: Shutting down and abandoning module HotReload (102)
[2017.02.19-06.19.24:122][ 92]LogModuleManager: Shutting down and abandoning module MainFrame (101)
[2017.02.19-06.19.24:123][ 92]LogModuleManager: Shutting down and abandoning module LevelEditor (100)
[2017.02.19-06.19.24:124][ 92]LogModuleManager: Shutting down and abandoning module ContentBrowser (99)
[2017.02.19-06.19.24:125][ 92]LogModuleManager: Shutting down and abandoning module Paper2DEditor (98)
[2017.02.19-06.19.24:125][ 92]LogModuleManager: Shutting down and abandoning module UdpMessaging (97)
[2017.02.19-06.19.24:226][ 92]LogModuleManager: Shutting down and abandoning module LightPropagationVolumeRuntime (96)
[2017.02.19-06.19.24:226][ 92]LogModuleManager: Shutting down and abandoning module Paper2D (95)
[2017.02.19-06.19.24:226][ 92]LogModuleManager: Shutting down and abandoning module WindowsMoviePlayer (94)
[2017.02.19-06.19.24:226][ 92]LogModuleManager: Shutting down and abandoning module Media (93)
[2017.02.19-06.19.24:226][ 92]LogModuleManager: Shutting down and abandoning module WmfMedia (92)
[2017.02.19-06.19.24:261][ 92]LogModuleManager: Shutting down and abandoning module MediaAssets (91)
[2017.02.19-06.19.24:261][ 92]LogModuleManager: Shutting down and abandoning module GameLiveStreaming (90)
[2017.02.19-06.19.24:261][ 92]LogModuleManager: Shutting down and abandoning module GameplayTagsEditor (89)
[2017.02.19-06.19.24:261][ 92]LogModuleManager: Shutting down and abandoning module OnlineBlueprintSupport (88)
[2017.02.19-06.19.24:261][ 92]LogModuleManager: Shutting down and abandoning module VREditor (87)
[2017.02.19-06.19.24:261][ 92]LogModuleManager: Shutting down and abandoning module GameplayTasksEditor (86)
[2017.02.19-06.19.24:261][ 92]LogModuleManager: Shutting down and abandoning module PropertyEditor (85)
[2017.02.19-06.19.24:261][ 92]LogModuleManager: Shutting down and abandoning module BehaviorTreeEditor (84)
[2017.02.19-06.19.24:261][ 92]LogModuleManager: Shutting down and abandoning module FunctionalTesting (83)
[2017.02.19-06.19.24:261][ 92]LogModuleManager: Shutting down and abandoning module CollisionAnalyzer (82)
[2017.02.19-06.19.24:261][ 92]LogModuleManager: Shutting down and abandoning module Sequencer (81)
[2017.02.19-06.19.24:261][ 92]LogModuleManager: Shutting down and abandoning module WorkspaceMenuStructure (80)
[2017.02.19-06.19.24:261][ 92]LogModuleManager: Shutting down and abandoning module MessageLog (79)
[2017.02.19-06.19.24:261][ 92]LogModuleManager: Shutting down and abandoning module AssetTools (78)
[2017.02.19-06.19.24:261][ 92]LogModuleManager: Shutting down and abandoning module UMGEditor (77)
[2017.02.19-06.19.24:261][ 92]LogModuleManager: Shutting down and abandoning module UMG (76)
[2017.02.19-06.19.24:261][ 92]LogModuleManager: Shutting down and abandoning module SlateReflector (75)
[2017.02.19-06.19.24:261][ 92]LogModuleManager: Shutting down and abandoning module Slate (74)
[2017.02.19-06.19.24:261][ 92]LogModuleManager: Shutting down and abandoning module EditorStyle (73)
[2017.02.19-06.19.24:264][ 92]LogModuleManager: Shutting down and abandoning module SourceCodeAccess (72)
[2017.02.19-06.19.24:264][ 92]LogModuleManager: Shutting down and abandoning module HeadMountedDisplay (71)
[2017.02.19-06.19.24:264][ 92]LogModuleManager: Shutting down and abandoning module XAudio2 (70)
[2017.02.19-06.19.24:264][ 92]LogModuleManager: Shutting down and abandoning module Networking (69)
[2017.02.19-06.19.24:264][ 92]LogModuleManager: Shutting down and abandoning module Core (68)
[2017.02.19-06.19.24:264][ 92]LogModuleManager: Shutting down and abandoning module DirectoryWatcher (67)
[2017.02.19-06.19.24:265][ 92]LogModuleManager: Shutting down and abandoning module AssetRegistry (66)
[2017.02.19-06.19.24:498][ 92]LogModuleManager: Shutting down and abandoning module KismetCompiler (65)
[2017.02.19-06.19.24:498][ 92]LogModuleManager: Shutting down and abandoning module PhysXFormats (64)
[2017.02.19-06.19.24:498][ 92]LogModuleManager: Shutting down and abandoning module MeshUtilities (63)
[2017.02.19-06.19.24:498][ 92]LogModuleManager: Shutting down and abandoning module DerivedDataCache (62)
[2017.02.19-06.19.24:578][ 92]LogDerivedDataCache: Shutdown
[2017.02.19-06.19.24:578][ 92]LogModuleManager: Shutting down and abandoning module VulkanShaderFormat (61)
[2017.02.19-06.19.24:578][ 92]LogModuleManager: Shutting down and abandoning module ShaderFormatOpenGL (60)
[2017.02.19-06.19.24:578][ 92]LogModuleManager: Shutting down and abandoning module ShaderFormatD3D (59)
[2017.02.19-06.19.24:578][ 92]LogModuleManager: Shutting down and abandoning module MetalShaderFormat (58)
[2017.02.19-06.19.24:578][ 92]LogModuleManager: Shutting down and abandoning module TextureFormatUncompressed (57)
[2017.02.19-06.19.24:578][ 92]LogModuleManager: Shutting down and abandoning module TextureFormatPVR (56)
[2017.02.19-06.19.24:578][ 92]LogModuleManager: Shutting down and abandoning module TextureFormatIntelISPCTexComp (55)
[2017.02.19-06.19.24:578][ 92]LogModuleManager: Shutting down and abandoning module TextureFormatDXT (54)
[2017.02.19-06.19.24:578][ 92]LogModuleManager: Shutting down and abandoning module ImageWrapper (53)
[2017.02.19-06.19.24:578][ 92]LogModuleManager: Shutting down and abandoning module TextureFormatASTC (52)
[2017.02.19-06.19.24:578][ 92]LogModuleManager: Shutting down and abandoning module TextureFormatAndroid (51)
[2017.02.19-06.19.24:578][ 92]LogModuleManager: Shutting down and abandoning module AudioFormatOpus (50)
[2017.02.19-06.19.24:578][ 92]LogModuleManager: Shutting down and abandoning module AudioFormatOgg (49)
[2017.02.19-06.19.24:578][ 92]LogModuleManager: Shutting down and abandoning module AudioFormatADPCM (48)
[2017.02.19-06.19.24:578][ 92]LogModuleManager: Shutting down and abandoning module LinuxTargetPlatform (47)
[2017.02.19-06.19.24:578][ 92]LogModuleManager: Shutting down and abandoning module LinuxServerTargetPlatform (46)
[2017.02.19-06.19.24:578][ 92]LogModuleManager: Shutting down and abandoning module LinuxNoEditorTargetPlatform (45)
[2017.02.19-06.19.24:578][ 92]LogModuleManager: Shutting down and abandoning module TVOSTargetPlatform (44)
[2017.02.19-06.19.24:578][ 92]LogModuleManager: Shutting down and abandoning module Messaging (43)
[2017.02.19-06.19.24:578][ 92]LogModuleManager: Shutting down and abandoning module IOSTargetPlatform (42)
[2017.02.19-06.19.24:578][ 92]LogModuleManager: Shutting down and abandoning module HTML5TargetPlatform (41)
[2017.02.19-06.19.24:578][ 92]LogModuleManager: Shutting down and abandoning module Android_PVRTCTargetPlatform (40)
[2017.02.19-06.19.24:578][ 92]LogModuleManager: Shutting down and abandoning module Android_MultiTargetPlatform (39)
[2017.02.19-06.19.24:578][ 92]LogModuleManager: Shutting down and abandoning module Android_ETC2TargetPlatform (38)
[2017.02.19-06.19.24:578][ 92]LogModuleManager: Shutting down and abandoning module Android_ETC1TargetPlatform (37)
[2017.02.19-06.19.24:578][ 92]LogModuleManager: Shutting down and abandoning module Android_DXTTargetPlatform (36)
[2017.02.19-06.19.24:578][ 92]LogModuleManager: Shutting down and abandoning module Android_ATCTargetPlatform (35)
[2017.02.19-06.19.24:578][ 92]LogModuleManager: Shutting down and abandoning module Android_ASTCTargetPlatform (34)
[2017.02.19-06.19.24:578][ 92]LogModuleManager: Shutting down and abandoning module AndroidTargetPlatform (33)
[2017.02.19-06.19.24:578][ 92]LogModuleManager: Shutting down and abandoning module WindowsTargetPlatform (32)
[2017.02.19-06.19.24:578][ 92]LogModuleManager: Shutting down and abandoning module WindowsServerTargetPlatform (31)
[2017.02.19-06.19.24:578][ 92]LogModuleManager: Shutting down and abandoning module WindowsNoEditorTargetPlatform (30)
[2017.02.19-06.19.24:578][ 92]LogModuleManager: Shutting down and abandoning module WindowsClientTargetPlatform (29)
[2017.02.19-06.19.24:578][ 92]LogModuleManager: Shutting down and abandoning module AllDesktopTargetPlatform (28)
[2017.02.19-06.19.24:578][ 92]LogModuleManager: Shutting down and abandoning module TargetPlatform (27)
[2017.02.19-06.19.24:579][ 92]LogModuleManager: Shutting down and abandoning module InputCore (26)
[2017.02.19-06.19.24:579][ 92]LogModuleManager: Shutting down and abandoning module Settings (25)
[2017.02.19-06.19.24:579][ 92]LogModuleManager: Shutting down and abandoning module Voice (23)
[2017.02.19-06.19.24:579][ 92]LogModuleManager: Shutting down and abandoning module OnlineSubsystem (19)
[2017.02.19-06.19.24:579][ 92]LogOnline:Display: NULL: FOnlineSubsystemNull::Shutdown()
[2017.02.19-06.19.24:579][ 92]LogOnline:Display: Unloading online subsystem: STEAM
[2017.02.19-06.19.24:580][ 92]LogOnline:Display: Unloading online subsystem: NULL
[2017.02.19-06.19.24:580][ 92]LogModuleManager: Shutting down and abandoning module HTTP (18)
[2017.02.19-06.19.28:587][ 92]LogModuleManager: Shutting down and abandoning module XMPP (17)
[2017.02.19-06.19.28:587][ 92]LogModuleManager: Shutting down and abandoning module OculusRift (16)
[2017.02.19-06.19.28:587][ 92]LogModuleManager: Shutting down and abandoning module ExampleDeviceProfileSelector (15)
[2017.02.19-06.19.28:587][ 92]LogModuleManager: Shutting down and abandoning module TextureCompressor (14)
[2017.02.19-06.19.28:650][ 92]LogModuleManager: Shutting down and abandoning module ShaderCore (13)
[2017.02.19-06.19.28:650][ 92]LogModuleManager: Shutting down and abandoning module Landscape (12)
[2017.02.19-06.19.28:650][ 92]LogModuleManager: Shutting down and abandoning module SlateRHIRenderer (11)
[2017.02.19-06.19.28:653][ 92]LogModuleManager: Shutting down and abandoning module OpenGLDrv (10)
[2017.02.19-06.19.28:653][ 92]LogModuleManager: Shutting down and abandoning module D3D11RHI (9)
[2017.02.19-06.19.28:653][ 92]LogModuleManager: Shutting down and abandoning module AnimGraphRuntime (8)
[2017.02.19-06.19.28:653][ 92]LogModuleManager: Shutting down and abandoning module Renderer (7)
[2017.02.19-06.19.28:653][ 92]LogModuleManager: Shutting down and abandoning module Engine (6)
[2017.02.19-06.19.28:653][ 92]LogModuleManager: Shutting down and abandoning module CoreUObject (5)
[2017.02.19-06.19.28:653][ 92]LogModuleManager: Shutting down and abandoning module NetworkFile (4)
[2017.02.19-06.19.28:653][ 92]LogModuleManager: Shutting down and abandoning module StreamingFile (3)
[2017.02.19-06.19.28:653][ 92]LogModuleManager: Shutting down and abandoning module SandboxFile (2)
[2017.02.19-06.19.28:653][ 92]LogModuleManager: Shutting down and abandoning module PakFile (1)
[2017.02.19-06.19.28:655][ 92]LogExit: Exiting.
[2017.02.19-06.19.28:656][ 92]Log file closed, 02/19/17 15:19:28
