Log file open, 04/19/17 17:25:59
LogInit:Display: Running engine for game: UNNAMED
LogPlatformFile: Not using cached read wrapper
LogInit:Display: RandInit(1706923214) SRandInit(1706923214).
LogTaskGraph: Started task graph with 5 named threads and 8 total threads with 1 sets of task threads.
LogStats: Stats thread started at 0.104896
LogInit: Using libcurl 7.47.1
LogInit:  - built for x86_64-pc-win32
LogInit:  - supports SSL with OpenSSL/1.0.2g
LogInit:  - supports HTTP deflate (compression) using libz 1.2.8
LogInit:  - other features:
LogInit:      CURL_VERSION_SSL
LogInit:      CURL_VERSION_LIBZ
LogInit:      CURL_VERSION_IPV6
LogInit:      CURL_VERSION_ASYNCHDNS
LogInit:      CURL_VERSION_LARGEFILE
LogInit:      CURL_VERSION_IDN
LogInit:  CurlRequestOptions (configurable via config and command line):
LogInit:  - bVerifyPeer = false  - Libcurl will NOT verify peer certificate
LogInit:  - bUseHttpProxy = false  - Libcurl will NOT use HTTP proxy
LogInit:  - bDontReuseConnections = false  - Libcurl will reuse connections
LogInit:  - CertBundlePath = nullptr  - Libcurl will use whatever was configured at build time.
LogOnline:Display: STEAM: Loading Steam SDK 1.32
LogOnline:Warning: STEAM: Steam API disabled!
LogOnline:Display: STEAM: OnlineSubsystemSteam::Shutdown()
LogInit: WinSock: version 1.1 (2.2), MaxSocks=32767, MaxUdp=65467
LogInit: Build: ++UE4+Release-4.15-CL-3348071
LogInit: Engine Version: 4.15.1-3348071+++UE4+Release-4.15
LogInit: Compatible Engine Version: 4.15.0-3299760+++UE4+Release-4.15
LogInit: Net CL: 3299760
LogDevObjectVersion: Number of dev versions registered: 14
LogDevObjectVersion:   Dev-Blueprints (B0D832E4-1F89-4F0D-ACCF-7EB736FD4AA2): 8
LogDevObjectVersion:   Dev-Build (E1C64328-A22C-4D53-A36C-8E866417BD8C): 0
LogDevObjectVersion:   Dev-Core (375EC13C-06E4-48FB-B500-84F0262A717E): 2
LogDevObjectVersion:   Dev-Editor (E4B068ED-F494-42E9-A231-DA0B2E46BB41): 14
LogDevObjectVersion:   Dev-Framework (CFFC743F-43B0-4480-9391-14DF171D2073): 22
LogDevObjectVersion:   Dev-Mobile (B02B49B5-BB20-44E9-A304-32B752E40360): 0
LogDevObjectVersion:   Dev-Networking (A4E4105C-59A1-49B5-A7C5-40C4547EDFEE): 0
LogDevObjectVersion:   Dev-Online (39C831C9-5AE6-47DC-9A44-9C173E1C8E7C): 0
LogDevObjectVersion:   Dev-Physics (78F01B33-EBEA-4F98-B9B4-84EACCB95AA2): 0
LogDevObjectVersion:   Dev-Platform (6631380F-2D4D-43E0-8009-CF276956A95A): 0
LogDevObjectVersion:   Dev-Rendering (12F88B9F-8875-4AFC-A67C-D90C383ABD29): 12
LogDevObjectVersion:   Dev-Sequencer (7B5AE74C-D270-4C10-A958-57980B212A5A): 3
LogDevObjectVersion:   Dev-VR (D7296918-1DD6-4BDD-9DE2-64A83CC13884): 0
LogDevObjectVersion:   Dev-LoadTimes (C2A15278-BFE7-4AFE-6C17-90FF531DF755): 1
LogInit: Compiled (64-bit): Mar 15 2017 16:52:47
LogInit: Compiled with Visual C++: 19.00.23026.00
LogInit: Build Configuration: Development
LogInit: Branch Name: ++UE4+Release-4.15
LogInit: Command line:  
LogInit: Base directory: C:/Program Files/Epic Games/UE_4.15/Engine/Binaries/Win64/
LogInit: Installed Engine Build: 1
LogInit: Presizing for max 8388607 objects, including 0 objects not considered by GC, pre-allocating 0 bytes for permanent pool.
LogInit: Object subsystem initialized
[2017.04.19-08.26.01:547][  0]LogInit: Selected Device Profile: [Windows]
[2017.04.19-08.26.01:547][  0]LogInit: Applying CVar settings loaded from the selected device profile: [Windows]
[2017.04.19-08.26.01:559][  0]LogInit: Computer: DESKTOP-5I3HB32
[2017.04.19-08.26.01:559][  0]LogInit: User: jcy
[2017.04.19-08.26.01:559][  0]LogInit: CPU Page size=65536, Cores=4
[2017.04.19-08.26.01:559][  0]LogInit: High frequency timer resolution =2.533211 MHz
[2017.04.19-08.26.01:559][  0]LogMemory: Memory total: Physical=11.9GB (12GB approx)
[2017.04.19-08.26.01:559][  0]LogMemory: Platform Memory Stats for Windows
[2017.04.19-08.26.01:559][  0]LogMemory: Process Physical Memory: 265.45 MB used, 265.45 MB peak
[2017.04.19-08.26.01:559][  0]LogMemory: Process Virtual Memory: 262.80 MB used, 262.80 MB peak
[2017.04.19-08.26.01:559][  0]LogMemory: Physical Memory: 5474.49 MB used,  6735.38 MB free, 12209.86 MB total
[2017.04.19-08.26.01:559][  0]LogMemory: Virtual Memory: 647.71 MB used,  6735.38 MB free, 134217728.00 MB total
[2017.04.19-08.26.01:684][  0]LogInit: Overriding culture en with editor configuration.
[2017.04.19-08.26.02:533][  0]LogD3D11RHI: D3D11 adapters:
[2017.04.19-08.26.03:312][  0]LogD3D11RHI:    0. 'NVIDIA GeForce GTX 960M' (Feature Level 11_0)
[2017.04.19-08.26.03:312][  0]LogD3D11RHI:       2019/0/6104 MB DedicatedVideo/DedicatedSystem/SharedSystem, Outputs:2, VendorId:0x10de
[2017.04.19-08.26.03:317][  0]LogD3D11RHI:    1. 'Intel(R) HD Graphics 4600' (Feature Level 11_0)
[2017.04.19-08.26.03:317][  0]LogD3D11RHI:       112/0/2048 MB DedicatedVideo/DedicatedSystem/SharedSystem, Outputs:0, VendorId:0x8086
[2017.04.19-08.26.03:319][  0]LogD3D11RHI:    2. 'Microsoft Basic Render Driver' (Feature Level 11_0)
[2017.04.19-08.26.03:319][  0]LogD3D11RHI:       0/0/6104 MB DedicatedVideo/DedicatedSystem/SharedSystem, Outputs:0, VendorId:0x1414
[2017.04.19-08.26.03:319][  0]LogD3D11RHI: Chosen D3D11 Adapter: 0
[2017.04.19-08.26.03:326][  0]LogD3D11RHI: Creating new Direct3DDevice
[2017.04.19-08.26.03:326][  0]LogD3D11RHI:     GPU DeviceId: 0x139b (for the marketing name, search the web for "GPU Device Id")
[2017.04.19-08.26.03:326][  0]LogWindows: EnumDisplayDevices:
[2017.04.19-08.26.03:326][  0]LogWindows:    0. 'Intel(R) HD Graphics 4600' (P:1 D:1)
[2017.04.19-08.26.03:326][  0]LogWindows:    1. 'Intel(R) HD Graphics 4600' (P:0 D:1)
[2017.04.19-08.26.03:327][  0]LogWindows:    2. 'Intel(R) HD Graphics 4600' (P:0 D:0)
[2017.04.19-08.26.03:327][  0]LogWindows: DebugString: PrimaryIsNotTheChoosenAdapter PrimaryIsNotTheChoosenAdapter PrimaryIsNotTheChoosenAdapter FoundDriverCount:0 
[2017.04.19-08.26.03:327][  0]LogD3D11RHI:     Adapter Name: NVIDIA GeForce GTX 960M
[2017.04.19-08.26.03:327][  0]LogD3D11RHI:   Driver Version: Unknown (internal:Unknown, unified:Unknown)
[2017.04.19-08.26.03:327][  0]LogD3D11RHI:      Driver Date: Unknown
[2017.04.19-08.26.03:327][  0]LogRHI: Texture pool is 1361 MB (70% of 1945 MB)
[2017.04.19-08.26.04:069][  0]LogD3D11RHI: Async texture creation enabled
[2017.04.19-08.26.04:199][  0]LogD3D11RHI: GPU Timing Frequency: 1000.000000 (Debug: 2 1)
[2017.04.19-08.26.04:201][  0]LogShaderCompilers: Guid format shader working directory is -15 characters bigger than the processId version (../../../../../../Users/jcy/Documents/GitHub/UNNAMED/UNNAMED/Intermediate/Shaders/WorkingDirectory/480/).
[2017.04.19-08.26.04:201][  0]LogShaderCompilers: Cleaned the shader compiler working directory 'C:/Users/jcy/AppData/Local/Temp/UnrealShaderWorkingDir/A777B2674F1AECC531C24299A1BF9B12/'.
[2017.04.19-08.26.04:201][  0]LogShaderCompilers:Display: Using Local Shader Compiler.
[2017.04.19-08.26.05:654][  0]LogTemp:Display: Loaded TP AllDesktopTargetPlatform
[2017.04.19-08.26.05:727][  0]LogTemp:Display: Loaded TP MacClientTargetPlatform
[2017.04.19-08.26.05:797][  0]LogTemp:Display: Loaded TP MacNoEditorTargetPlatform
[2017.04.19-08.26.05:881][  0]LogTemp:Display: Loaded TP MacServerTargetPlatform
[2017.04.19-08.26.05:955][  0]LogTemp:Display: Loaded TP MacTargetPlatform
[2017.04.19-08.26.06:024][  0]LogTemp:Display: Loaded TP WindowsClientTargetPlatform
[2017.04.19-08.26.06:115][  0]LogTemp:Display: Loaded TP WindowsNoEditorTargetPlatform
[2017.04.19-08.26.06:183][  0]LogTemp:Display: Loaded TP WindowsServerTargetPlatform
[2017.04.19-08.26.06:241][  0]LogTemp:Display: Loaded TP WindowsTargetPlatform
[2017.04.19-08.26.06:314][  0]LogTemp:Display: Loaded TP AndroidTargetPlatform
[2017.04.19-08.26.06:387][  0]LogTemp:Display: Loaded TP Android_ASTCTargetPlatform
[2017.04.19-08.26.06:458][  0]LogTemp:Display: Loaded TP Android_ATCTargetPlatform
[2017.04.19-08.26.06:533][  0]LogTemp:Display: Loaded TP Android_DXTTargetPlatform
[2017.04.19-08.26.06:603][  0]LogTemp:Display: Loaded TP Android_ETC1TargetPlatform
[2017.04.19-08.26.06:676][  0]LogTemp:Display: Loaded TP Android_ETC2TargetPlatform
[2017.04.19-08.26.06:813][  0]LogTemp:Display: Loaded TP Android_MultiTargetPlatform
[2017.04.19-08.26.06:813][  0]LogTemp:Display: Loaded TP Android_PVRTCTargetPlatform
[2017.04.19-08.26.06:857][  0]LogTemp:Display: Loaded TP HTML5TargetPlatform
[2017.04.19-08.26.06:983][  0]LogTemp:Display: Loaded TP IOSTargetPlatform
[2017.04.19-08.26.07:069][  0]LogTemp:Display: Loaded TP TVOSTargetPlatform
[2017.04.19-08.26.07:138][  0]LogTemp:Display: Loaded TP LinuxClientTargetPlatform
[2017.04.19-08.26.07:203][  0]LogTemp:Display: Loaded TP LinuxNoEditorTargetPlatform
[2017.04.19-08.26.07:271][  0]LogTemp:Display: Loaded TP LinuxServerTargetPlatform
[2017.04.19-08.26.07:336][  0]LogTemp:Display: Loaded TP LinuxTargetPlatform
[2017.04.19-08.26.07:336][  0]LogTargetPlatformManager:Display: Building Assets For Windows
[2017.04.19-08.26.07:951][  0]LogDerivedDataCache:Display: Max Cache Size: 512 MB
[2017.04.19-08.26.08:042][  0]LogDerivedDataCache: Loaded boot cache 0.09s 60MB C:/Users/jcy/AppData/Local/UnrealEngine/4.15/DerivedDataCache/Boot.ddc.
[2017.04.19-08.26.08:042][  0]LogDerivedDataCache:Display: Loaded Boot cache: C:/Users/jcy/AppData/Local/UnrealEngine/4.15/DerivedDataCache/Boot.ddc
[2017.04.19-08.26.08:042][  0]LogDerivedDataCache: FDerivedDataBackendGraph:  Pak pak cache file ../../../../../../Users/jcy/Documents/GitHub/UNNAMED/UNNAMED/DerivedDataCache/DDC.ddp not found, will not use a pak cache.
[2017.04.19-08.26.08:042][  0]LogDerivedDataCache: Unable to find inner node Pak for hierarchical cache Hierarchy.
[2017.04.19-08.26.08:042][  0]LogDerivedDataCache: FDerivedDataBackendGraph:  CompressedPak pak cache file ../../../../../../Users/jcy/Documents/GitHub/UNNAMED/UNNAMED/DerivedDataCache/Compressed.ddp not found, will not use a pak cache.
[2017.04.19-08.26.08:042][  0]LogDerivedDataCache: Unable to find inner node CompressedPak for hierarchical cache Hierarchy.
[2017.04.19-08.26.08:085][  0]LogDerivedDataCache:Display: Pak cache opened for reading ../../../Engine/DerivedDataCache/Compressed.ddp.
[2017.04.19-08.26.08:098][  0]LogDerivedDataCache: Using Local data cache path C:/Users/jcy/AppData/Local/UnrealEngine/Common/DerivedDataCache: Writable
[2017.04.19-08.26.08:122][  0]LogSlate: Using Freetype 2.6.0
[2017.04.19-08.26.08:124][  0]LogSlate: SlateFontCache - WITH_FREETYPE: 1, WITH_HARFBUZZ: 1
[2017.04.19-08.26.08:124][  0]LogSlate: SlateFontCache - WITH_FREETYPE: 1, WITH_HARFBUZZ: 1
[2017.04.19-08.26.08:555][  0]LogInit: Selected Device Profile: [Windows]
[2017.04.19-08.26.08:560][  0]LogContentStreaming: Texture pool size is 0.00 MB
[2017.04.19-08.26.08:840][  0]LogMeshUtilities: Using QuadricMeshReduction for automatic static mesh reduction
[2017.04.19-08.26.08:894][  0]LogSimplygon: Simplygon DLL not present - disabling.
[2017.04.19-08.26.08:967][  0]LogMeshUtilities: Using SimplygonSwarm for distributed automatic mesh merging
[2017.04.19-08.26.08:967][  0]LogMeshUtilities: No automatic skeletal mesh reduction module available
[2017.04.19-08.26.08:967][  0]LogMeshUtilities: No automatic mesh merging module available
[2017.04.19-08.26.09:716][  0]LogNetVersion: GetLocalNetworkVersion: CL: 3299760, ProjectName: unnamed, ProjectVersion: , EngineNetworkVersion: 2, GameNetworkVersion: 0, NetworkChecksum: 1184173371
[2017.04.19-08.26.09:769][  0]LogAssetRegistry: FAssetRegistry took 0.0216 seconds to start up
[2017.04.19-08.26.09:823][  0]LogPackageLocalizationCache: Processed 3 localized package path(s) for 1 prioritized culture(s) in 0.018473 seconds
[2017.04.19-08.26.09:834][  0]LogUObjectArray: 32500 objects as part of root set at end of initial load.
[2017.04.19-08.26.09:834][  0]LogUObjectAllocator: 7290888 out of 0 bytes used by permanent object pool.
[2017.04.19-08.26.09:834][  0]LogUObjectArray: CloseDisregardForGC: 0/0 objects in disregard for GC pool
[2017.04.19-08.26.11:916][  0]LogTcpMessaging: Initializing TcpMessaging bridge
[2017.04.19-08.26.11:981][  0]LogUdpMessaging: Initializing bridge on interface 0.0.0.0:0 to multicast group 230.0.0.1:6666.
[2017.04.19-08.26.12:596][  0]LogMaterial: Uniform references updated for custom material expression Custom.
[2017.04.19-08.26.13:073][  0]SourceControl: Info Source control is disabled
[2017.04.19-08.26.13:075][  0]SourceControl: Info Source control is disabled
[2017.04.19-08.26.13:147][  0]SourceControl: Info Source control is disabled
[2017.04.19-08.26.13:213][  0]SourceControl: Info Source control is disabled
[2017.04.19-08.26.14:906][  0]LogEngine: Initializing Engine...
[2017.04.19-08.26.14:906][  0]LogHMD: Failed to initialize OpenVR with code 110
[2017.04.19-08.26.15:213][  0]LogAIModule: Creating AISystem for world Untitled
[2017.04.19-08.26.15:223][  0]LogInit: XAudio2 using '스피커(Realtek High Definition Audio)' : 2 channels at 48 kHz using 32 bits per sample (channel mask 0x3)
[2017.04.19-08.26.15:257][  0]LogInit: FAudioDevice initialized.
[2017.04.19-08.26.15:295][  0]LogDerivedDataCache: Saved boot cache 0.04s 60MB C:/Users/jcy/AppData/Local/UnrealEngine/4.15/DerivedDataCache/Boot.ddc.
[2017.04.19-08.26.15:313][  0]LogInit: Texture streaming: Enabled
[2017.04.19-08.26.15:442][  0]LogEngineSessionManager: EngineSessionManager initialized
[2017.04.19-08.26.15:559][  0]LogInit: Transaction tracking system initialized
[2017.04.19-08.26.16:016][  0]BlueprintLog: New page: Editor Load
[2017.04.19-08.26.17:174][  0]LocalizationService: Info Localization service is disabled
[2017.04.19-08.26.18:051][  0]LogConsoleResponse:Display: 
[2017.04.19-08.26.18:227][  0]LogCook:Display: Max memory allowance for cook 16384mb min free memory 0mb
[2017.04.19-08.26.18:227][  0]LogCook:Display: Mobile HDR setting 1
[2017.04.19-08.26.18:440][  0]LogFileCache: Scanning file cache for directory 'C:/Users/jcy/Documents/GitHub/UNNAMED/UNNAMED/Content/' took 0.06s
[2017.04.19-08.26.19:641][  0]SourceControl: Info Source control is disabled
[2017.04.19-08.26.19:641][  0]Cmd: MAP LOAD FILE="../../../../../../Users/jcy/Documents/GitHub/UNNAMED/UNNAMED/Content/Map/Main.umap" TEMPLATE=0 SHOWPROGRESS=1 FEATURELEVEL=3
[2017.04.19-08.26.19:642][  0]LightingResults: New page: Lighting Build
[2017.04.19-08.26.19:697][  0]MapCheck: New page: Map Check
[2017.04.19-08.26.19:697][  0]LightingResults: New page: Lighting Build
[2017.04.19-08.26.20:153][  0]LogClass:Warning: Enum '/Game/BP/E_GameState.E_GameState' was upgraded to use FText to store its display name data. Please re-save this asset to avoid issues with localization and determinstic cooking.
[2017.04.19-08.26.20:255][  0]LogBlueprint:Warning: [Compiler MyGameinstance] Warning  Set Input Mode UI Only (Deprecated)  is deprecated; Use the new version of Set Input Mode UI Only instead
[2017.04.19-08.26.20:255][  0]LogBlueprint:Warning: [Compiler MyGameinstance] Warning  Set Input Mode UI Only (Deprecated)  is deprecated; Use the new version of Set Input Mode UI Only instead
[2017.04.19-08.26.20:255][  0]LogBlueprint:Warning: [Compiler MyGameinstance] Warning  Set Input Mode UI Only (Deprecated)  is deprecated; Use the new version of Set Input Mode UI Only instead
[2017.04.19-08.26.20:256][  0]LogBlueprint:Warning: [Compiler MyGameinstance] Warning  Set Input Mode UI Only (Deprecated)  is deprecated; Use the new version of Set Input Mode UI Only instead
[2017.04.19-08.26.20:256][  0]LogBlueprint:Warning: [Compiler MyGameinstance] Warning  Set Input Mode UI Only (Deprecated)  is deprecated; Use the new version of Set Input Mode UI Only instead
[2017.04.19-08.26.20:257][  0]LogBlueprint:Warning: [Compiler MyGameinstance] Warning  Set Input Mode UI Only (Deprecated)  is deprecated; Use the new version of Set Input Mode UI Only instead
[2017.04.19-08.26.20:258][  0]LogBlueprint:Warning: [Compiler MyGameinstance] Warning  Set Input Mode UI Only (Deprecated)  is deprecated; Use the new version of Set Input Mode UI Only instead
[2017.04.19-08.26.20:291][  0]LogBlueprint:Warning: [Compiler MyGameinstance] Warning [0022.36] Compile of MyGameinstance successful, but with 7 Warning(s) [in 134 ms] (/Game/BP/MyGameinstance.MyGameinstance)
[2017.04.19-08.26.20:296][  0]LogBlueprint:Warning: [Compiler MyGameinstance] Warning [0022.37] Compile of MyGameinstance successful, but with 8 Warning(s) [in 5 ms] (/Game/BP/MyGameinstance.MyGameinstance)
[2017.04.19-08.26.20:296][  0]LogBlueprint:Warning: [Compiler MyGameinstance] Warning [0022.37] Compile of MyGameinstance successful, but with 9 Warning(s) [in 0 ms] (/Game/BP/MyGameinstance.MyGameinstance)
[2017.04.19-08.26.20:539][  0]LogBlueprint:Warning: [Compiler MyGameinstance] Warning  Set Input Mode UI Only (Deprecated)  is deprecated; Use the new version of Set Input Mode UI Only instead
[2017.04.19-08.26.20:539][  0]LogBlueprint:Warning: [Compiler MyGameinstance] Warning  Set Input Mode UI Only (Deprecated)  is deprecated; Use the new version of Set Input Mode UI Only instead
[2017.04.19-08.26.20:540][  0]LogBlueprint:Warning: [Compiler MyGameinstance] Warning  Set Input Mode UI Only (Deprecated)  is deprecated; Use the new version of Set Input Mode UI Only instead
[2017.04.19-08.26.20:541][  0]LogBlueprint:Warning: [Compiler MyGameinstance] Warning  Set Input Mode UI Only (Deprecated)  is deprecated; Use the new version of Set Input Mode UI Only instead
[2017.04.19-08.26.20:541][  0]LogBlueprint:Warning: [Compiler MyGameinstance] Warning  Set Input Mode UI Only (Deprecated)  is deprecated; Use the new version of Set Input Mode UI Only instead
[2017.04.19-08.26.20:541][  0]LogBlueprint:Warning: [Compiler MyGameinstance] Warning  Set Input Mode UI Only (Deprecated)  is deprecated; Use the new version of Set Input Mode UI Only instead
[2017.04.19-08.26.20:542][  0]LogBlueprint:Warning: [Compiler MyGameinstance] Warning  Set Input Mode UI Only (Deprecated)  is deprecated; Use the new version of Set Input Mode UI Only instead
[2017.04.19-08.26.20:573][  0]LogBlueprint:Warning: [Compiler MyGameinstance] Warning [0022.64] Compile of MyGameinstance successful, but with 7 Warning(s) [in 134 ms] (/Game/BP/MyGameinstance.MyGameinstance)
[2017.04.19-08.26.20:573][  0]LogBlueprint:Warning: [Compiler MyGameinstance] Warning [0022.64] Compile of MyGameinstance successful, but with 8 Warning(s) [in 0 ms] (/Game/BP/MyGameinstance.MyGameinstance)
[2017.04.19-08.26.20:578][  0]LogBlueprint:Warning: [Compiler MyGameinstance] Warning [0022.65] Compile of MyGameinstance successful, but with 9 Warning(s) [in 5 ms] (/Game/BP/MyGameinstance.MyGameinstance)
[2017.04.19-08.26.20:814][  0]LogAIModule: Creating AISystem for world Main
[2017.04.19-08.26.20:838][  0]LogEditorServer: Finished looking for orphan Actors (0.000 secs)
[2017.04.19-08.26.20:839][  0]Cmd: MAP CHECKDEP NOCLEARLOG
[2017.04.19-08.26.20:890][  0]MapCheck: Info Map check complete: 0 Error(s), 0 Warning(s), took 51.09ms to complete.
[2017.04.19-08.26.20:890][  0]LogFileHelpers: Loading map 'Main' took 1.249
[2017.04.19-08.26.21:018][  0]LogWindowsTextInputMethodSystem:Display: IME system now activated using TSF (Microsoft 입력기).
[2017.04.19-08.26.21:194][  0]LogCollectionManager: Loaded 1 collections in 0.005622 seconds
[2017.04.19-08.26.21:301][  0]LogFileCache: Scanning file cache for directory 'C:/Users/jcy/Documents/GitHub/UNNAMED/UNNAMED/Saved/Collections/' took 0.01s
[2017.04.19-08.26.21:301][  0]LogFileCache: Scanning file cache for directory 'C:/Users/jcy/Documents/GitHub/UNNAMED/UNNAMED/Content/Developers/jcy/Collections/' took 0.01s
[2017.04.19-08.26.21:301][  0]LogFileCache: Scanning file cache for directory 'C:/Users/jcy/Documents/GitHub/UNNAMED/UNNAMED/Content/Collections/' took 0.01s
[2017.04.19-08.26.21:301][  0]LogCollectionManager: Rebuilt the GUID cache for 1 collections in 0.000004 seconds
[2017.04.19-08.26.21:301][  0]LogCollectionManager: Rebuilt the hierarchy cache for 1 collections in 0.000000 seconds
[2017.04.19-08.26.21:311][  0]LogContentBrowser: Native class hierarchy populated in 0.0101 seconds. Added 2247 classes and 456 folders.
[2017.04.19-08.26.21:315][  0]LogStats: UGameplayTagsManager::ConstructGameplayTagTree: Construct from data asset -  0.000 s
[2017.04.19-08.26.21:315][  0]LogStats: UGameplayTagsManager::ConstructGameplayTagTree: GameplayTagTreeChangedEvent.Broadcast -  0.000 s
[2017.04.19-08.26.21:406][  0]LogContentBrowser: Native class hierarchy updated for 'WidgetCarousel' in 0.0011 seconds. Added 0 classes and 0 folders.
[2017.04.19-08.26.21:460][  0]LogContentBrowser: Native class hierarchy updated for 'AddContentDialog' in 0.0005 seconds. Added 0 classes and 0 folders.
[2017.04.19-08.26.21:509][  0]LogContentBrowser: Native class hierarchy updated for 'SceneOutliner' in 0.0006 seconds. Added 1 classes and 2 folders.
[2017.04.19-08.26.21:648][  0]LogCrashTracker: Crashtracker disabled due to settings.
[2017.04.19-08.26.21:669][  0]LogDirectoryWatcher:Warning: Failed to begin reading directory changes for ../../../../../../Users/jcy/Documents/GitHub/UNNAMED/UNNAMED/Plugins/. Error: 지정된 파일을 찾을 수 없습니다. (0x00000002)
[2017.04.19-08.26.21:822][  0]LogContentBrowser: Native class hierarchy updated for 'HierarchicalLODOutliner' in 0.0011 seconds. Added 1 classes and 2 folders.
[2017.04.19-08.26.21:823][  0]LogLoad: (Engine Initialization) Total time: 23.89 seconds
[2017.04.19-08.26.21:823][  0]LogLoad: (Engine Initialization) Total Blueprint compile time: 0.74 seconds
[2017.04.19-08.26.21:823][  0]LogExternalProfiler: Found external profiler: VSPerf
[2017.04.19-08.26.21:823][  0]LogExternalProfiler: Using external profiler: VSPerf
[2017.04.19-08.26.21:846][  0]LogOcInput: OculusInput pre-init called
[2017.04.19-08.26.21:868][  0]LogContentStreaming: Texture pool size now 1000 MB
[2017.04.19-08.26.21:871][  0]LogSlate: Took 0.000720 seconds to synchronously load lazily loaded font '../../../Engine/Content/Slate/Fonts/Roboto-Regular.ttf' (155K)
[2017.04.19-08.26.21:878][  0]LogSlate: Took 0.000245 seconds to synchronously load lazily loaded font '../../../Engine/Content/Slate/Fonts/Roboto-Bold.ttf' (160K)
[2017.04.19-08.26.21:886][  0]LogSlate: Took 0.000825 seconds to synchronously load lazily loaded font '../../../Engine/Content/Editor/Slate/Fonts/FontAwesome.ttf' (139K)
[2017.04.19-08.26.22:123][  0]LogRenderer: Reallocating scene render targets to support 1208x576 NumSamples 1 (Frame:2).
[2017.04.19-08.26.22:258][  2]LogSlate: Took 0.000265 seconds to synchronously load lazily loaded font '../../../Engine/Content/Slate/Fonts/Roboto-Light.ttf' (159K)
[2017.04.19-08.26.22:302][  2]LogSlate: Took 0.002943 seconds to synchronously load lazily loaded font '../../../Engine/Content/Slate/Fonts/DroidSansFallback.ttf' (3848K)
[2017.04.19-08.26.22:367][  4]LogAssetRegistry: Asset discovery search completed in 12.6192 seconds
[2017.04.19-08.26.22:367][  4]LogCollectionManager: Rebuilt the object cache for 1 collections in 0.000017 seconds (found 0 objects)
[2017.04.19-08.26.22:367][  4]LogCollectionManager: Fixed up redirectors for 1 collections in 0.000043 seconds (updated 0 objects)
[2017.04.19-08.26.31:465][542]LogTemp: Repeting last play command: Standalone Game
[2017.04.19-08.26.31:587][542]LogSlate: Took 0.000218 seconds to synchronously load lazily loaded font '../../../Engine/Content/Slate/Fonts/Roboto-Light.ttf' (159K)
[2017.04.19-08.26.31:601][542]Cmd: OBJ SAVEPACKAGE PACKAGE="/Game/Map/Main" FILE="../../../../../../Users/jcy/Documents/GitHub/UNNAMED/UNNAMED/Saved/Autosaves/Game/Map/UEDPCMain.umap" SILENT=true AUTOSAVING=true KEEPDIRTY=true
[2017.04.19-08.26.31:831][542]LogSavePackage: Save=115.65ms
[2017.04.19-08.26.31:831][542]LogSavePackage: Moving '../../../../../../Users/jcy/Documents/GitHub/UNNAMED/UNNAMED/Saved/UEDPCMain8B02190B4E23BA3E7D8FFB8C9330BDF4.tmp' to '../../../../../../Users/jcy/Documents/GitHub/UNNAMED/UNNAMED/Saved/Autosaves/Game/Map/UEDPCMain.umap'
[2017.04.19-08.26.31:833][542]LogSavePackage:Display: Finished SavePackage ../../../../../../Users/jcy/Documents/GitHub/UNNAMED/UNNAMED/Saved/Autosaves/Game/Map/UEDPCMain.umap
[2017.04.19-08.26.31:841][542]LogEditorTransaction: Undo Spawn Play From Here Start
[2017.04.19-08.27.23:787][898]LogHttp:Warning: 000001FB04B0B400: request failed, libcurl error: 35 (SSL connect error)
[2017.04.19-08.27.23:788][898]LogHttp:Warning: 000001FB04B0B400: libcurl info message cache 0 (  Trying 34.192.111.22...)
[2017.04.19-08.27.23:788][898]LogHttp:Warning: 000001FB04B0B400: libcurl info message cache 1 (Connected to datarouter.ol.epicgames.com (34.192.111.22) port 443 (#1))
[2017.04.19-08.27.23:788][898]LogHttp:Warning: 000001FB04B0B400: libcurl info message cache 2 (ALPN, offering http/1.1)
[2017.04.19-08.27.23:788][898]LogHttp:Warning: 000001FB04B0B400: libcurl info message cache 3 (Cipher selection: ALL:!EXPORT:!EXPORT40:!EXPORT56:!aNULL:!LOW:!RC4:@STRENGTH)
[2017.04.19-08.27.23:788][898]LogHttp:Warning: 000001FB04B0B400: libcurl info message cache 4 (Unknown SSL protocol error in connection to datarouter.ol.epicgames.com:443 )
[2017.04.19-08.27.23:788][898]LogHttp:Warning: 000001FB04B0B400: libcurl info message cache 5 (Closing connection 1)
[2017.04.19-08.30.51:289][682]LogDirectoryWatcher: A directory notification for '../../../Engine/Plugins/' was aborted.
[2017.04.19-08.34.49:134][713]LogContentBrowser: Native class hierarchy updated for 'BlueprintGraph' in 0.0009 seconds. Added 112 classes and 0 folders.
[2017.04.19-08.34.49:791][713]LogSlate: Took 0.000615 seconds to synchronously load lazily loaded font '../../../Engine/Content/Slate/Fonts/Roboto-Regular.ttf' (155K)
[2017.04.19-08.34.50:020][713]LogSlate: Took 0.000481 seconds to synchronously load lazily loaded font '../../../Engine/Content/Editor/Slate/Fonts/Roboto-BoldCondensed.ttf' (158K)
[2017.04.19-08.34.50:427][714]LogSlate: Took 0.023124 seconds to synchronously load lazily loaded font '../../../Engine/Content/Editor/Slate/Fonts/Roboto-Italic.ttf' (157K)
[2017.04.19-08.36.13:644][533]LogSlate: Took 0.000383 seconds to synchronously load lazily loaded font '../../../Engine/Content/Slate/Fonts/Roboto-Light.ttf' (159K)
[2017.04.19-08.36.22:813][560]LogFileHelpers: Editor autosave (incl. sublevels) for '/Game/Map/Main' took 0.030
[2017.04.19-08.36.22:817][560]OBJ SavePackage: Generating thumbnails for [1] asset(s) in package [/Game/Duek/현월] ([1] browsable assets)...
[2017.04.19-08.36.22:903][560]OBJ SavePackage:     Rendered thumbnail for [Blueprint /Game/Duek/현월.현월]
[2017.04.19-08.36.22:903][560]OBJ SavePackage: Finished generating thumbnails for package [/Game/Duek/현월]
[2017.04.19-08.36.22:903][560]Cmd: OBJ SAVEPACKAGE PACKAGE="/Game/Duek/현월" FILE="../../../../../../Users/jcy/Documents/GitHub/UNNAMED/UNNAMED/Saved/Autosaves/Game/Duek/현월_Auto1.uasset" SILENT=false AUTOSAVING=true
[2017.04.19-08.36.22:957][560]LogSavePackage: Save=38.50ms
[2017.04.19-08.36.22:957][560]LogSavePackage: Moving '../../../../../../Users/jcy/Documents/GitHub/UNNAMED/UNNAMED/Saved/현월_Auto1E538FC7245644A1E4C5E3C8A9644B623.tmp' to '../../../../../../Users/jcy/Documents/GitHub/UNNAMED/UNNAMED/Saved/Autosaves/Game/Duek/현월_Auto1.uasset'
[2017.04.19-08.36.22:971][560]LogSavePackage:Display: Finished SavePackage ../../../../../../Users/jcy/Documents/GitHub/UNNAMED/UNNAMED/Saved/Autosaves/Game/Duek/현월_Auto1.uasset
[2017.04.19-08.36.22:971][560]LogFileHelpers: Auto-saving content packages took 0.156
[2017.04.19-08.37.59:450][899]LogEditorViewport: Clicking on Actor (LMB): CameraActor (CameraActor)
[2017.04.19-08.40.45:031][124]Cmd: OBJ SAVEPACKAGE PACKAGE="/Game/Duek/현월" FILE="../../../../../../Users/jcy/Documents/GitHub/UNNAMED/UNNAMED/Content/Duek/현월.uasset" SILENT=true
[2017.04.19-08.40.45:102][124]LogSavePackage: Save=58.91ms
[2017.04.19-08.40.45:102][124]LogSavePackage: Moving '../../../../../../Users/jcy/Documents/GitHub/UNNAMED/UNNAMED/Saved/현월CA6EA53747CB0435C2A72FAEBD4B0547.tmp' to '../../../../../../Users/jcy/Documents/GitHub/UNNAMED/UNNAMED/Content/Duek/현월.uasset'
[2017.04.19-08.40.45:119][124]LogSavePackage:Display: Finished SavePackage ../../../../../../Users/jcy/Documents/GitHub/UNNAMED/UNNAMED/Content/Duek/현월.uasset
[2017.04.19-08.40.46:092][125]Cmd: QUIT_EDITOR
[2017.04.19-08.40.46:162][125]LogWindowsTextInputMethodSystem:Display: IME system now activated using TSF (Microsoft 입력기).
[2017.04.19-08.40.46:243][125]LogExit: Preparing to exit.
[2017.04.19-08.40.46:742][125]LogDirectoryWatcher: A directory notification for 'C:/Users/jcy/Documents/GitHub/UNNAMED/UNNAMED/Content/' was aborted.
[2017.04.19-08.40.46:816][125]LogExit: Editor shut down
[2017.04.19-08.40.46:816][125]LogExit: Transaction tracking system shut down
[2017.04.19-08.40.46:971][125]LogObj: Freed 0b from 0 cluster array pools.
[2017.04.19-08.40.46:972][125]LogExit: Object subsystem successfully closed.
[2017.04.19-08.40.46:983][125]LogD3D11RHI: Shutdown
[2017.04.19-08.40.46:983][125]LogD3D11RHI: CleanupD3DDevice
[2017.04.19-08.40.47:137][125]LogD3D11RHI: ~FD3D11DynamicRHI
[2017.04.19-08.40.47:174][125]LogModuleManager: Shutting down and abandoning module BlueprintGraph (504)
[2017.04.19-08.40.47:174][125]LogModuleManager: Shutting down and abandoning module BlueprintProfiler (502)
[2017.04.19-08.40.47:174][125]LogModuleManager: Shutting down and abandoning module HierarchicalLODOutliner (500)
[2017.04.19-08.40.47:174][125]LogModuleManager: Shutting down and abandoning module CrashTracker (498)
[2017.04.19-08.40.47:174][125]LogModuleManager: Shutting down and abandoning module SceneOutliner (496)
[2017.04.19-08.40.47:174][125]LogModuleManager: Shutting down and abandoning module AddContentDialog (494)
[2017.04.19-08.40.47:174][125]LogDirectoryWatcher: A directory notification for 'C:/Program Files/Epic Games/UE_4.15/FeaturePacks/' was aborted.
[2017.04.19-08.40.47:176][125]LogModuleManager: Shutting down and abandoning module WidgetCarousel (493)
[2017.04.19-08.40.47:176][125]LogModuleManager: Shutting down and abandoning module EditorWidgets (490)
[2017.04.19-08.40.47:176][125]LogModuleManager: Shutting down and abandoning module CollectionManager (488)
[2017.04.19-08.40.47:176][125]LogDirectoryWatcher: A directory notification for 'C:/Users/jcy/Documents/GitHub/UNNAMED/UNNAMED/Content/Collections/' was aborted.
[2017.04.19-08.40.47:176][125]LogDirectoryWatcher: A directory notification for 'C:/Users/jcy/Documents/GitHub/UNNAMED/UNNAMED/Content/Developers/jcy/Collections/' was aborted.
[2017.04.19-08.40.47:176][125]LogDirectoryWatcher: A directory notification for 'C:/Users/jcy/Documents/GitHub/UNNAMED/UNNAMED/Saved/Collections/' was aborted.
[2017.04.19-08.40.47:176][125]LogModuleManager: Shutting down and abandoning module StatsViewer (486)
[2017.04.19-08.40.47:176][125]LogModuleManager: Shutting down and abandoning module FoliageEdit (484)
[2017.04.19-08.40.47:176][125]LogModuleManager: Shutting down and abandoning module LandscapeEditor (482)
[2017.04.19-08.40.47:177][125]LogModuleManager: Shutting down and abandoning module SceneDepthPickerMode (480)
[2017.04.19-08.40.47:177][125]LogModuleManager: Shutting down and abandoning module ActorPickerMode (478)
[2017.04.19-08.40.47:177][125]LogModuleManager: Shutting down and abandoning module GeometryMode (476)
[2017.04.19-08.40.47:177][125]LogModuleManager: Shutting down and abandoning module TextureAlignMode (474)
[2017.04.19-08.40.47:177][125]LogModuleManager: Shutting down and abandoning module BspMode (472)
[2017.04.19-08.40.47:177][125]LogModuleManager: Shutting down and abandoning module HardwareSurvey (470)
[2017.04.19-08.40.47:177][125]LogModuleManager: Shutting down and abandoning module SequenceRecorderSections (468)
[2017.04.19-08.40.47:177][125]LogModuleManager: Shutting down and abandoning module AutomationWorker (466)
[2017.04.19-08.40.47:177][125]LogModuleManager: Shutting down and abandoning module MatineeToLevelSequence (464)
[2017.04.19-08.40.47:177][125]LogModuleManager: Shutting down and abandoning module LevelSequenceEditor (462)
[2017.04.19-08.40.47:177][125]LogModuleManager: Shutting down and abandoning module PlacementMode (461)
[2017.04.19-08.40.47:177][125]LogModuleManager: Shutting down and abandoning module WmfMediaFactory (458)
[2017.04.19-08.40.47:177][125]LogModuleManager: Shutting down and abandoning module WmfMediaEditor (456)
[2017.04.19-08.40.47:177][125]LogModuleManager: Shutting down and abandoning module MfMediaFactory (454)
[2017.04.19-08.40.47:177][125]LogModuleManager: Shutting down and abandoning module MfMediaEditor (452)
[2017.04.19-08.40.47:177][125]LogModuleManager: Shutting down and abandoning module AvfMediaFactory (450)
[2017.04.19-08.40.47:177][125]LogModuleManager: Shutting down and abandoning module AvfMediaEditor (448)
[2017.04.19-08.40.47:177][125]LogModuleManager: Shutting down and abandoning module AndroidMediaFactory (446)
[2017.04.19-08.40.47:178][125]LogModuleManager: Shutting down and abandoning module Media (445)
[2017.04.19-08.40.47:178][125]LogModuleManager: Shutting down and abandoning module AndroidMediaEditor (442)
[2017.04.19-08.40.47:178][125]LogModuleManager: Shutting down and abandoning module CharacterAI (440)
[2017.04.19-08.40.47:178][125]LogModuleManager: Shutting down and abandoning module AudioCapture (438)
[2017.04.19-08.40.47:178][125]LogModuleManager: Shutting down and abandoning module SequenceRecorder (437)
[2017.04.19-08.40.47:178][125]LogModuleManager: Shutting down and abandoning module SmartSnapping (434)
[2017.04.19-08.40.47:178][125]LogModuleManager: Shutting down and abandoning module SessionServices (432)
[2017.04.19-08.40.47:178][125]LogModuleManager: Shutting down and abandoning module ViewportSnapping (430)
[2017.04.19-08.40.47:178][125]LogModuleManager: Shutting down and abandoning module ViewportInteraction (428)
[2017.04.19-08.40.47:178][125]LogModuleManager: Shutting down and abandoning module LogVisualizer (426)
[2017.04.19-08.40.47:178][125]LogModuleManager: Shutting down and abandoning module IntroTutorials (424)
[2017.04.19-08.40.47:178][125]LogModuleManager: Shutting down and abandoning module GameProjectGeneration (423)
[2017.04.19-08.40.47:178][125]LogModuleManager: Shutting down and abandoning module EditorLiveStreaming (420)
[2017.04.19-08.40.47:178][125]LogModuleManager: Shutting down and abandoning module IOSPlatformEditor (418)
[2017.04.19-08.40.47:178][125]LogModuleManager: Shutting down and abandoning module HTML5PlatformEditor (416)
[2017.04.19-08.40.47:178][125]LogModuleManager: Shutting down and abandoning module AndroidPlatformEditor (414)
[2017.04.19-08.40.47:179][125]LogModuleManager: Shutting down and abandoning module AndroidDeviceDetection (413)
[2017.04.19-08.40.47:971][125]LogModuleManager: Shutting down and abandoning module IOSRuntimeSettings (410)
[2017.04.19-08.40.47:971][125]LogModuleManager: Shutting down and abandoning module AndroidRuntimeSettings (408)
[2017.04.19-08.40.47:971][125]LogModuleManager: Shutting down and abandoning module InputBindingEditor (406)
[2017.04.19-08.40.47:971][125]LogModuleManager: Shutting down and abandoning module NiagaraEditor (404)
[2017.04.19-08.40.47:971][125]LogModuleManager: Shutting down and abandoning module MergeActors (402)
[2017.04.19-08.40.47:971][125]LogModuleManager: Shutting down and abandoning module SizeMap (400)
[2017.04.19-08.40.47:971][125]LogModuleManager: Shutting down and abandoning module TreeMap (398)
[2017.04.19-08.40.47:971][125]LogModuleManager: Shutting down and abandoning module ReferenceViewer (396)
[2017.04.19-08.40.47:971][125]LogModuleManager: Shutting down and abandoning module LocalizationDashboard (394)
[2017.04.19-08.40.47:971][125]LogModuleManager: Shutting down and abandoning module LocalizationService (393)
[2017.04.19-08.40.47:971][125]LogModuleManager: Shutting down and abandoning module HardwareTargeting (390)
[2017.04.19-08.40.47:971][125]LogModuleManager: Shutting down and abandoning module DeviceProfileEditor (388)
[2017.04.19-08.40.47:971][125]LogModuleManager: Shutting down and abandoning module UndoHistory (386)
[2017.04.19-08.40.47:971][125]LogModuleManager: Shutting down and abandoning module UserFeedback (384)
[2017.04.19-08.40.47:971][125]LogModuleManager: Shutting down and abandoning module XmlParser (382)
[2017.04.19-08.40.47:971][125]LogModuleManager: Shutting down and abandoning module Blutility (380)
[2017.04.19-08.40.47:971][125]LogModuleManager: Shutting down and abandoning module ProjectSettingsViewer (378)
[2017.04.19-08.40.47:971][125]LogModuleManager: Shutting down and abandoning module ProjectTargetPlatformEditor (377)
[2017.04.19-08.40.47:972][125]LogModuleManager: Shutting down and abandoning module EditorSettingsViewer (374)
[2017.04.19-08.40.47:972][125]LogModuleManager: Shutting down and abandoning module SettingsEditor (372)
[2017.04.19-08.40.47:972][125]LogModuleManager: Shutting down and abandoning module ProjectLauncher (370)
[2017.04.19-08.40.47:972][125]LogModuleManager: Shutting down and abandoning module SessionFrontend (368)
[2017.04.19-08.40.47:972][125]LogModuleManager: Shutting down and abandoning module ProfilerClient (366)
[2017.04.19-08.40.47:972][125]LogModuleManager: Shutting down and abandoning module DeviceManager (364)
[2017.04.19-08.40.47:972][125]LogModuleManager: Shutting down and abandoning module TargetDeviceServices (363)
[2017.04.19-08.40.48:015][125]LogModuleManager: Shutting down and abandoning module AutomationController (360)
[2017.04.19-08.40.48:015][125]LogModuleManager: Shutting down and abandoning module AutomationWindow (358)
[2017.04.19-08.40.48:015][125]LogModuleManager: Shutting down and abandoning module Layers (356)
[2017.04.19-08.40.48:015][125]LogModuleManager: Shutting down and abandoning module ComponentVisualizers (354)
[2017.04.19-08.40.48:015][125]LogModuleManager: Shutting down and abandoning module DetailCustomizations (352)
[2017.04.19-08.40.48:015][125]LogModuleManager: Shutting down and abandoning module PackagesDialog (350)
[2017.04.19-08.40.48:016][125]LogModuleManager: Shutting down and abandoning module Persona (348)
[2017.04.19-08.40.48:016][125]LogModuleManager: Shutting down and abandoning module AnimGraph (347)
[2017.04.19-08.40.48:016][125]LogModuleManager: Shutting down and abandoning module Kismet (344)
[2017.04.19-08.40.48:025][125]LogModuleManager: Shutting down and abandoning module GraphEditor (342)
[2017.04.19-08.40.48:025][125]LogModuleManager: Shutting down and abandoning module ClassViewer (340)
[2017.04.19-08.40.48:025][125]LogModuleManager: Shutting down and abandoning module Toolbox (338)
[2017.04.19-08.40.48:025][125]LogModuleManager: Shutting down and abandoning module ModuleUI (336)
[2017.04.19-08.40.48:025][125]LogModuleManager: Shutting down and abandoning module MovieSceneTools (334)
[2017.04.19-08.40.48:025][125]LogModuleManager: Shutting down and abandoning module OutputLog (332)
[2017.04.19-08.40.48:025][125]LogModuleManager: Shutting down and abandoning module GammaUI (330)
[2017.04.19-08.40.48:025][125]LogModuleManager: Shutting down and abandoning module Documentation (328)
[2017.04.19-08.40.48:025][125]LogModuleManager: Shutting down and abandoning module Niagara (326)
[2017.04.19-08.40.48:025][125]LogModuleManager: Shutting down and abandoning module StreamingPauseRendering (324)
[2017.04.19-08.40.48:025][125]LogModuleManager: Shutting down and abandoning module AnalyticsET (322)
[2017.04.19-08.40.48:025][125]LogModuleManager: Shutting down and abandoning module PortalServices (320)
[2017.04.19-08.40.48:025][125]LogModuleManager: Shutting down and abandoning module PortalRpc (318)
[2017.04.19-08.40.48:025][125]LogModuleManager: Shutting down and abandoning module MessagingRpc (316)
[2017.04.19-08.40.48:025][125]LogModuleManager: Shutting down and abandoning module AIModule (314)
[2017.04.19-08.40.48:025][125]LogModuleManager: Shutting down and abandoning module GameplayDebugger (313)
[2017.04.19-08.40.48:025][125]LogModuleManager: Shutting down and abandoning module AITestSuite (311)
[2017.04.19-08.40.48:025][125]LogModuleManager: Shutting down and abandoning module ProfilerService (308)
[2017.04.19-08.40.48:091][125]LogModuleManager: Shutting down and abandoning module TaskGraph (306)
[2017.04.19-08.40.48:091][125]LogModuleManager: Shutting down and abandoning module SteamVRController (304)
[2017.04.19-08.40.48:091][125]LogModuleManager: Shutting down and abandoning module SteamVR (302)
[2017.04.19-08.40.48:091][125]LogModuleManager: Shutting down and abandoning module ProceduralMeshComponentEditor (300)
[2017.04.19-08.40.48:091][125]LogModuleManager: Shutting down and abandoning module ProceduralMeshComponent (298)
[2017.04.19-08.40.48:091][125]LogModuleManager: Shutting down and abandoning module OculusLibrary (296)
[2017.04.19-08.40.48:091][125]LogModuleManager: Shutting down and abandoning module OculusInput (294)
[2017.04.19-08.40.48:091][125]LogModuleManager: Shutting down and abandoning module MobilePatchingUtils (292)
[2017.04.19-08.40.48:091][125]LogModuleManager: Shutting down and abandoning module CustomMeshComponent (290)
[2017.04.19-08.40.48:091][125]LogModuleManager: Shutting down and abandoning module CableComponent (288)
[2017.04.19-08.40.48:091][125]LogModuleManager: Shutting down and abandoning module ArchVisCharacter (286)
[2017.04.19-08.40.48:091][125]LogModuleManager: Shutting down and abandoning module MediaPlayerEditor (284)
[2017.04.19-08.40.48:091][125]LogModuleManager: Shutting down and abandoning module HTML5Networking (282)
[2017.04.19-08.40.48:091][125]LogModuleManager: Shutting down and abandoning module AlembicImporter (280)
[2017.04.19-08.40.48:091][125]LogModuleManager: Shutting down and abandoning module AlembicLibrary (279)
[2017.04.19-08.40.48:091][125]LogModuleManager: Shutting down and abandoning module GeometryCache (278)
[2017.04.19-08.40.48:091][125]LogModuleManager: Shutting down and abandoning module GeometryCacheEd (277)
[2017.04.19-08.40.48:091][125]LogModuleManager: Shutting down and abandoning module SuperSearchEditor (272)
[2017.04.19-08.40.48:091][125]LogModuleManager: Shutting down and abandoning module SuperSearch (271)
[2017.04.19-08.40.48:091][125]LogModuleManager: Shutting down and abandoning module SpeedTreeImporter (268)
[2017.04.19-08.40.48:091][125]LogModuleManager: Shutting down and abandoning module PluginBrowser (266)
[2017.04.19-08.40.48:091][125]LogModuleManager: Shutting down and abandoning module MobileLauncherProfileWizard (264)
[2017.04.19-08.40.48:091][125]LogModuleManager: Shutting down and abandoning module EpicSurvey (262)
[2017.04.19-08.40.48:091][125]LogModuleManager: Shutting down and abandoning module VisualStudioSourceCodeAccess (260)
[2017.04.19-08.40.48:091][125]LogModuleManager: Shutting down and abandoning module DesktopPlatform (259)
[2017.04.19-08.40.48:091][125]LogModuleManager: Shutting down and abandoning module UObjectPlugin (256)
[2017.04.19-08.40.48:091][125]LogModuleManager: Shutting down and abandoning module SubversionSourceControl (254)
[2017.04.19-08.40.48:091][125]LogModuleManager: Shutting down and abandoning module PerforceSourceControl (252)
[2017.04.19-08.40.48:091][125]LogModuleManager: Shutting down and abandoning module GitSourceControl (250)
[2017.04.19-08.40.48:091][125]LogModuleManager: Shutting down and abandoning module SourceControl (249)
[2017.04.19-08.40.48:091][125]LogModuleManager: Shutting down and abandoning module LightPropagationVolumeEditor (246)
[2017.04.19-08.40.48:091][125]LogModuleManager: Shutting down and abandoning module PaperTiledImporter (244)
[2017.04.19-08.40.48:091][125]LogModuleManager: Shutting down and abandoning module PaperSpriteSheetImporter (242)
[2017.04.19-08.40.48:091][125]LogModuleManager: Shutting down and abandoning module Paper2DEditor (240)
[2017.04.19-08.40.48:091][125]LogModuleManager: Shutting down and abandoning module MeshPaint (239)
[2017.04.19-08.40.48:091][125]LogModuleManager: Shutting down and abandoning module LevelEditor (237)
[2017.04.19-08.40.48:096][125]LogModuleManager: Shutting down and abandoning module PixelInspectorModule (236)
[2017.04.19-08.40.48:096][125]LogModuleManager: Shutting down and abandoning module MainFrame (234)
[2017.04.19-08.40.48:096][125]LogModuleManager: Shutting down and abandoning module HotReload (233)
[2017.04.19-08.40.48:097][125]LogModuleManager: Shutting down and abandoning module ContentBrowser (229)
[2017.04.19-08.40.48:104][125]LogModuleManager: Shutting down and abandoning module PhysXVehiclesEditor (226)
[2017.04.19-08.40.48:104][125]LogModuleManager: Shutting down and abandoning module PhysXVehicles (224)
[2017.04.19-08.40.48:104][125]LogModuleManager: Shutting down and abandoning module LocationServicesBPLibrary (222)
[2017.04.19-08.40.48:104][125]LogModuleManager: Shutting down and abandoning module UdpMessaging (220)
[2017.04.19-08.40.48:204][125]LogModuleManager: Shutting down and abandoning module TcpMessaging (218)
[2017.04.19-08.40.48:305][125]LogModuleManager: Shutting down and abandoning module GameplayTagsEditor (216)
[2017.04.19-08.40.48:305][125]LogModuleManager: Shutting down and abandoning module FacialAnimationEditor (214)
[2017.04.19-08.40.48:305][125]LogModuleManager: Shutting down and abandoning module FacialAnimation (212)
[2017.04.19-08.40.48:305][125]LogModuleManager: Shutting down and abandoning module LightPropagationVolumeRuntime (210)
[2017.04.19-08.40.48:305][125]LogModuleManager: Shutting down and abandoning module Paper2D (208)
[2017.04.19-08.40.48:305][125]LogModuleManager: Shutting down and abandoning module WindowsMoviePlayer (206)
[2017.04.19-08.40.48:305][125]LogModuleManager: Shutting down and abandoning module WmfMedia (204)
[2017.04.19-08.40.48:305][125]LogModuleManager: Shutting down and abandoning module MfMedia (202)
[2017.04.19-08.40.48:305][125]LogModuleManager: Shutting down and abandoning module MediaAssets (200)
[2017.04.19-08.40.48:305][125]LogModuleManager: Shutting down and abandoning module GameLiveStreaming (198)
[2017.04.19-08.40.48:305][125]LogModuleManager: Shutting down and abandoning module VREditor (196)
[2017.04.19-08.40.48:305][125]LogModuleManager: Shutting down and abandoning module GameplayTasksEditor (194)
[2017.04.19-08.40.48:305][125]LogModuleManager: Shutting down and abandoning module BehaviorTreeEditor (192)
[2017.04.19-08.40.48:305][125]LogModuleManager: Shutting down and abandoning module FunctionalTesting (190)
[2017.04.19-08.40.48:305][125]LogModuleManager: Shutting down and abandoning module CollisionAnalyzer (188)
[2017.04.19-08.40.48:305][125]LogModuleManager: Shutting down and abandoning module UMG (186)
[2017.04.19-08.40.48:305][125]LogModuleManager: Shutting down and abandoning module UMGEditor (185)
[2017.04.19-08.40.48:305][125]LogModuleManager: Shutting down and abandoning module Sequencer (184)
[2017.04.19-08.40.48:305][125]LogModuleManager: Shutting down and abandoning module AssetTools (182)
[2017.04.19-08.40.48:305][125]LogModuleManager: Shutting down and abandoning module MessageLog (181)
[2017.04.19-08.40.48:305][125]LogModuleManager: Shutting down and abandoning module WorkspaceMenuStructure (180)
[2017.04.19-08.40.48:305][125]LogModuleManager: Shutting down and abandoning module SlateReflector (174)
[2017.04.19-08.40.48:305][125]LogModuleManager: Shutting down and abandoning module Slate (172)
[2017.04.19-08.40.48:305][125]LogModuleManager: Shutting down and abandoning module EditorStyle (170)
[2017.04.19-08.40.48:310][125]LogModuleManager: Shutting down and abandoning module SourceCodeAccess (168)
[2017.04.19-08.40.48:310][125]LogModuleManager: Shutting down and abandoning module HeadMountedDisplay (166)
[2017.04.19-08.40.48:310][125]LogModuleManager: Shutting down and abandoning module XAudio2 (164)
[2017.04.19-08.40.48:310][125]LogModuleManager: Shutting down and abandoning module Networking (162)
[2017.04.19-08.40.48:310][125]LogModuleManager: Shutting down and abandoning module Core (160)
[2017.04.19-08.40.48:310][125]LogModuleManager: Shutting down and abandoning module AssetRegistry (158)
[2017.04.19-08.40.48:566][125]LogDirectoryWatcher: A directory notification for '../../../Engine/Content/' was aborted.
[2017.04.19-08.40.48:567][125]LogDirectoryWatcher: A directory notification for '../../../../../../Users/jcy/Documents/GitHub/UNNAMED/UNNAMED/Content/' was aborted.
[2017.04.19-08.40.48:567][125]LogDirectoryWatcher: A directory notification for '../../../Engine/Plugins/2D/Paper2D/Content/' was aborted.
[2017.04.19-08.40.48:568][125]LogModuleManager: Shutting down and abandoning module DirectoryWatcher (157)
[2017.04.19-08.40.48:571][125]LogModuleManager: Shutting down and abandoning module KismetCompiler (154)
[2017.04.19-08.40.48:571][125]LogModuleManager: Shutting down and abandoning module PhysXFormats (152)
[2017.04.19-08.40.48:571][125]LogModuleManager: Shutting down and abandoning module MeshUtilities (150)
[2017.04.19-08.40.48:571][125]LogModuleManager: Shutting down and abandoning module SimplygonSwarm (149)
[2017.04.19-08.40.48:571][125]LogModuleManager: Shutting down and abandoning module SimplygonMeshReduction (147)
[2017.04.19-08.40.48:571][125]LogModuleManager: Shutting down and abandoning module QuadricMeshReduction (145)
[2017.04.19-08.40.48:571][125]LogModuleManager: Shutting down and abandoning module PropertyEditor (143)
[2017.04.19-08.40.48:572][125]LogModuleManager: Shutting down and abandoning module DerivedDataCache (140)
[2017.04.19-08.40.48:626][125]LogDerivedDataCache: Shutdown
[2017.04.19-08.40.48:626][125]LogModuleManager: Shutting down and abandoning module TargetPlatform (138)
[2017.04.19-08.40.48:626][125]LogModuleManager: Shutting down and abandoning module VulkanShaderFormat (137)
[2017.04.19-08.40.48:627][125]LogModuleManager: Shutting down and abandoning module ShaderFormatOpenGL (135)
[2017.04.19-08.40.48:627][125]LogModuleManager: Shutting down and abandoning module ShaderFormatD3D (133)
[2017.04.19-08.40.48:627][125]LogModuleManager: Shutting down and abandoning module MetalShaderFormat (131)
[2017.04.19-08.40.48:627][125]LogModuleManager: Shutting down and abandoning module TextureFormatUncompressed (129)
[2017.04.19-08.40.48:627][125]LogModuleManager: Shutting down and abandoning module TextureFormatPVR (127)
[2017.04.19-08.40.48:627][125]LogModuleManager: Shutting down and abandoning module TextureFormatDXT (125)
[2017.04.19-08.40.48:627][125]LogModuleManager: Shutting down and abandoning module TextureFormatIntelISPCTexComp (123)
[2017.04.19-08.40.48:628][125]LogModuleManager: Shutting down and abandoning module TextureFormatASTC (121)
[2017.04.19-08.40.48:628][125]LogModuleManager: Shutting down and abandoning module ImageWrapper (120)
[2017.04.19-08.40.48:628][125]LogModuleManager: Shutting down and abandoning module TextureFormatAndroid (117)
[2017.04.19-08.40.48:628][125]LogModuleManager: Shutting down and abandoning module AudioFormatOpus (115)
[2017.04.19-08.40.48:628][125]LogModuleManager: Shutting down and abandoning module AudioFormatOgg (113)
[2017.04.19-08.40.48:628][125]LogModuleManager: Shutting down and abandoning module AudioFormatADPCM (111)
[2017.04.19-08.40.48:628][125]LogModuleManager: Shutting down and abandoning module LinuxTargetPlatform (109)
[2017.04.19-08.40.48:628][125]LogModuleManager: Shutting down and abandoning module LinuxServerTargetPlatform (107)
[2017.04.19-08.40.48:628][125]LogModuleManager: Shutting down and abandoning module LinuxNoEditorTargetPlatform (105)
[2017.04.19-08.40.48:628][125]LogModuleManager: Shutting down and abandoning module LinuxClientTargetPlatform (103)
[2017.04.19-08.40.48:628][125]LogModuleManager: Shutting down and abandoning module TVOSTargetPlatform (101)
[2017.04.19-08.40.48:628][125]LogModuleManager: Shutting down and abandoning module Messaging (99)
[2017.04.19-08.40.48:628][125]LogModuleManager: Shutting down and abandoning module IOSTargetPlatform (97)
[2017.04.19-08.40.48:628][125]LogModuleManager: Shutting down and abandoning module HTML5TargetPlatform (95)
[2017.04.19-08.40.48:628][125]LogModuleManager: Shutting down and abandoning module Android_PVRTCTargetPlatform (93)
[2017.04.19-08.40.48:628][125]LogModuleManager: Shutting down and abandoning module Android_MultiTargetPlatform (91)
[2017.04.19-08.40.48:628][125]LogModuleManager: Shutting down and abandoning module Android_ETC2TargetPlatform (89)
[2017.04.19-08.40.48:628][125]LogModuleManager: Shutting down and abandoning module Android_ETC1TargetPlatform (87)
[2017.04.19-08.40.48:628][125]LogModuleManager: Shutting down and abandoning module Android_DXTTargetPlatform (85)
[2017.04.19-08.40.48:628][125]LogModuleManager: Shutting down and abandoning module Android_ATCTargetPlatform (83)
[2017.04.19-08.40.48:628][125]LogModuleManager: Shutting down and abandoning module Android_ASTCTargetPlatform (81)
[2017.04.19-08.40.48:628][125]LogModuleManager: Shutting down and abandoning module AndroidTargetPlatform (79)
[2017.04.19-08.40.48:628][125]LogModuleManager: Shutting down and abandoning module WindowsTargetPlatform (77)
[2017.04.19-08.40.48:628][125]LogModuleManager: Shutting down and abandoning module WindowsServerTargetPlatform (75)
[2017.04.19-08.40.48:628][125]LogModuleManager: Shutting down and abandoning module WindowsNoEditorTargetPlatform (73)
[2017.04.19-08.40.48:628][125]LogModuleManager: Shutting down and abandoning module WindowsClientTargetPlatform (71)
[2017.04.19-08.40.48:628][125]LogModuleManager: Shutting down and abandoning module MacTargetPlatform (69)
[2017.04.19-08.40.48:628][125]LogModuleManager: Shutting down and abandoning module MacServerTargetPlatform (67)
[2017.04.19-08.40.48:628][125]LogModuleManager: Shutting down and abandoning module MacNoEditorTargetPlatform (65)
[2017.04.19-08.40.48:628][125]LogModuleManager: Shutting down and abandoning module MacClientTargetPlatform (63)
[2017.04.19-08.40.48:628][125]LogModuleManager: Shutting down and abandoning module AllDesktopTargetPlatform (61)
[2017.04.19-08.40.48:628][125]LogModuleManager: Shutting down and abandoning module InputCore (58)
[2017.04.19-08.40.48:628][125]LogModuleManager: Shutting down and abandoning module Settings (56)
[2017.04.19-08.40.48:628][125]LogModuleManager: Shutting down and abandoning module OculusRift (54)
[2017.04.19-08.40.48:628][125]LogModuleManager: Shutting down and abandoning module GearVR (52)
[2017.04.19-08.40.48:628][125]LogModuleManager: Shutting down and abandoning module ExampleDeviceProfileSelector (50)
[2017.04.19-08.40.48:628][125]LogModuleManager: Shutting down and abandoning module OnlineBlueprintSupport (48)
[2017.04.19-08.40.48:628][125]LogModuleManager: Shutting down and abandoning module OnlineSubsystem (44)
[2017.04.19-08.40.48:628][125]LogOnline:Display: OSS: FOnlineSubsystemNull::Shutdown()
[2017.04.19-08.40.48:631][125]LogOnline:Display: Unloading online subsystem: STEAM
[2017.04.19-08.40.48:631][125]LogOnline:Display: Unloading online subsystem: NULL
[2017.04.19-08.40.48:631][125]LogModuleManager: Shutting down and abandoning module XMPP (37)
[2017.04.19-08.40.48:631][125]LogModuleManager: Shutting down and abandoning module HTTP (35)
[2017.04.19-08.40.48:631][125]LogHttp:Display: Http module shutting down, but needs to wait on 1 outstanding Http requests:
[2017.04.19-08.40.48:632][125]LogHttp:Display: 	verb=[POST] url=[https://datarouter.ol.epicgames.com/datarouter/api/v1/public/data?SessionID=%7B41CB0171-44C7-2486-5AE4-23BA3E944EB8%7D&AppID=UEEditor.Rocket.Release&AppVersion=4.15.1-3348071%2B%2B%2BUE4%2BRelease-4.15&UserID=a07495f74c58e19515019bb4e70f5d77%7C9b3181ca76214d4d8bfeb8cff36b7c1c%7C26ae4e54-a309-4a23-9817-c1f836c34cfa&AppEnvironment=datacollector-binary&UploadType=eteventstream] status=Processing
[2017.04.19-08.40.48:652][125]LogModuleManager: Shutting down and abandoning module SSL (34)
[2017.04.19-08.40.48:654][125]LogModuleManager: Shutting down and abandoning module AudioEditor (30)
[2017.04.19-08.40.48:654][125]LogModuleManager: Shutting down and abandoning module TextureCompressor (28)
[2017.04.19-08.40.48:654][125]LogModuleManager: Shutting down and abandoning module ShaderCore (26)
[2017.04.19-08.40.48:654][125]LogModuleManager: Shutting down and abandoning module Landscape (24)
[2017.04.19-08.40.48:654][125]LogModuleManager: Shutting down and abandoning module SlateRHIRenderer (22)
[2017.04.19-08.40.48:656][125]LogModuleManager: Shutting down and abandoning module OpenGLDrv (20)
[2017.04.19-08.40.48:656][125]LogModuleManager: Shutting down and abandoning module D3D11RHI (18)
[2017.04.19-08.40.48:656][125]LogModuleManager: Shutting down and abandoning module AnimGraphRuntime (16)
[2017.04.19-08.40.48:656][125]LogModuleManager: Shutting down and abandoning module Renderer (14)
[2017.04.19-08.40.48:656][125]LogModuleManager: Shutting down and abandoning module Engine (12)
[2017.04.19-08.40.48:657][125]LogModuleManager: Shutting down and abandoning module CoreUObject (10)
[2017.04.19-08.40.48:657][125]LogModuleManager: Shutting down and abandoning module NetworkFile (8)
[2017.04.19-08.40.48:657][125]LogModuleManager: Shutting down and abandoning module StreamingFile (6)
[2017.04.19-08.40.48:657][125]LogModuleManager: Shutting down and abandoning module SandboxFile (4)
[2017.04.19-08.40.48:657][125]LogModuleManager: Shutting down and abandoning module PakFile (2)
[2017.04.19-08.40.48:662][125]LogExit: Exiting.
[2017.04.19-08.40.48:716][125]Log file closed, 04/19/17 17:40:48
