Log file open, 12/05/16 01:30:14
LogInit:Display: Running engine for game: UNNAMED
LogPlatformFile: Not using cached read wrapper
LogInit:Display: RandInit(-1516504282) SRandInit(-1516504281).
LogTaskGraph: Started task graph with 4 named threads and 7 total threads with 1 sets of task threads.
LogStats: Stats thread started at 0.097957
LogInit: Version: 4.12.5-3039270+++UE4+Release-4.12
LogInit: API Version: 2992821
LogInit: Net Version: 3039270
LogDevObjectVersion: Number of dev versions registered: 13
LogDevObjectVersion:   Dev-Blueprints (B0D832E4-1F89-4F0D-ACCF-7EB736FD4AA2): 3
LogDevObjectVersion:   Dev-Build (E1C64328-A22C-4D53-A36C-8E866417BD8C): 0
LogDevObjectVersion:   Dev-Core (375EC13C-06E4-48FB-B500-84F0262A717E): 1
LogDevObjectVersion:   Dev-Editor (E4B068ED-F494-42E9-A231-DA0B2E46BB41): 2
LogDevObjectVersion:   Dev-Framework (CFFC743F-43B0-4480-9391-14DF171D2073): 6
LogDevObjectVersion:   Dev-Mobile (B02B49B5-BB20-44E9-A304-32B752E40360): 0
LogDevObjectVersion:   Dev-Networking (A4E4105C-59A1-49B5-A7C5-40C4547EDFEE): 0
LogDevObjectVersion:   Dev-Online (39C831C9-5AE6-47DC-9A44-9C173E1C8E7C): 0
LogDevObjectVersion:   Dev-Physics (78F01B33-EBEA-4F98-B9B4-84EACCB95AA2): 0
LogDevObjectVersion:   Dev-Platform (6631380F-2D4D-43E0-8009-CF276956A95A): 0
LogDevObjectVersion:   Dev-Rendering (12F88B9F-8875-4AFC-A67C-D90C383ABD29): 2
LogDevObjectVersion:   Dev-Sequencer (7B5AE74C-D270-4C10-A958-57980B212A5A): 0
LogDevObjectVersion:   Dev-VR (D7296918-1DD6-4BDD-9DE2-64A83CC13884): 0
LogInit: Compiled (64-bit): Jul  6 2016 09:09:46
LogInit: Compiled with Visual C++: 19.00.23026.00
LogInit: Build Configuration: Development
LogInit: Branch Name: ++UE4+Release-4.12
LogInit: Command line:  /Temp/Autosaves/Game/Map/UEDPCMain -game -PIEVIACONSOLE -ResX=1280 -ResY=720  -Multiprocess -windowed -messaging -SessionName="Play in Standalone Game" 
LogInit: Base directory: C:/Program Files (x86)/Epic Games/4.12/Engine/Binaries/Win64/
LogInit: Installed Engine Build: 1
LogInit: Using libcurl 7.41.0
LogInit:  - built for x86_64-pc-win32
LogInit:  - supports SSL with WinSSL
LogInit:  - other features:
LogInit:      CURL_VERSION_SSL
LogInit:      CURL_VERSION_IPV6
LogInit:      CURL_VERSION_ASYNCHDNS
LogInit:      CURL_VERSION_LARGEFILE
LogInit:      CURL_VERSION_IDN
LogInit:  CurlRequestOptions (configurable via config and command line):
LogInit:  - bVerifyPeer = true  - Libcurl will verify peer certificate
LogInit:  - bUseHttpProxy = false  - Libcurl will NOT use HTTP proxy
LogInit:  - bDontReuseConnections = false  - Libcurl will reuse connections
LogInit:  - CertBundlePath = nullptr  - Libcurl will use whatever was configured at build time.
LogOnline:Display: STEAM: Loading Steam SDK 1.32
LogInit: WinSock: version 1.1 (2.2), MaxSocks=32767, MaxUdp=65467
LogInit: Presizing for max 8388607 objects, including 0 objects not considered by GC, pre-allocating 0 bytes for permanent pool.
LogInit: Object subsystem initialized
[2016.12.04-16.30.15:164][  0]LogInit: Selected Device Profile: [Windows]
[2016.12.04-16.30.15:164][  0]LogInit: Applying CVar settings loaded from the selected device profile: [Windows]
[2016.12.04-16.30.15:168][  0]LogInit: Computer: DESKTOP-5I3HB32
[2016.12.04-16.30.15:168][  0]LogInit: User: jcy
[2016.12.04-16.30.15:168][  0]LogInit: CPU Page size=65536, Cores=4
[2016.12.04-16.30.15:168][  0]LogInit: High frequency timer resolution =2.533210 MHz
[2016.12.04-16.30.15:169][  0]LogMemory: Memory total: Physical=7.9GB (8GB approx)
[2016.12.04-16.30.15:169][  0]LogMemory: Platform Memory Stats for Windows
[2016.12.04-16.30.15:169][  0]LogMemory: Process Physical Memory: 228.83 MB used, 228.83 MB peak
[2016.12.04-16.30.15:169][  0]LogMemory: Process Virtual Memory: 213.35 MB used, 213.35 MB peak
[2016.12.04-16.30.15:169][  0]LogMemory: Physical Memory: 4918.73 MB used, 8113.86 MB total
[2016.12.04-16.30.15:169][  0]LogMemory: Virtual Memory: 671.28 MB used, 134217728.00 MB total
[2016.12.04-16.30.15:830][  0]LogD3D11RHI: D3D11 adapters:
[2016.12.04-16.30.16:423][  0]LogD3D11RHI:    0. 'NVIDIA GeForce GTX 960M' (Feature Level 11_0)
[2016.12.04-16.30.16:424][  0]LogD3D11RHI:       2018/0/4056 MB DedicatedVideo/DedicatedSystem/SharedSystem, Outputs:2, VendorId:0x10de
[2016.12.04-16.30.16:430][  0]LogD3D11RHI:    1. 'Intel(R) HD Graphics 4600' (Feature Level 11_0)
[2016.12.04-16.30.16:430][  0]LogD3D11RHI:       112/0/2048 MB DedicatedVideo/DedicatedSystem/SharedSystem, Outputs:0, VendorId:0x8086
[2016.12.04-16.30.16:431][  0]LogD3D11RHI:    2. 'Microsoft Basic Render Driver' (Feature Level 11_0)
[2016.12.04-16.30.16:431][  0]LogD3D11RHI:       0/0/4056 MB DedicatedVideo/DedicatedSystem/SharedSystem, Outputs:0, VendorId:0x1414
[2016.12.04-16.30.16:431][  0]LogD3D11RHI: Chosen D3D11 Adapter: 0
[2016.12.04-16.30.16:437][  0]LogD3D11RHI: Creating new Direct3DDevice
[2016.12.04-16.30.16:437][  0]LogD3D11RHI:     GPU DeviceId: 0x139b (for the marketing name, search the web for "GPU Device Id")
[2016.12.04-16.30.16:437][  0]LogWindows: EnumDisplayDevices:
[2016.12.04-16.30.16:437][  0]LogWindows:    0. 'Intel(R) HD Graphics 4600' (P:1 D:1)
[2016.12.04-16.30.16:437][  0]LogWindows:    1. 'Intel(R) HD Graphics 4600' (P:0 D:1)
[2016.12.04-16.30.16:437][  0]LogWindows:    2. 'Intel(R) HD Graphics 4600' (P:0 D:0)
[2016.12.04-16.30.16:438][  0]LogWindows: DebugString: PrimaryIsNotTheChoosenAdapter PrimaryIsNotTheChoosenAdapter PrimaryIsNotTheChoosenAdapter FoundDriverCount:0 
[2016.12.04-16.30.16:438][  0]LogD3D11RHI:     Adapter Name: NVIDIA GeForce GTX 960M
[2016.12.04-16.30.16:438][  0]LogD3D11RHI:   Driver Version: Unknown (internal:Unknown, unified:Unknown)
[2016.12.04-16.30.16:438][  0]LogD3D11RHI:      Driver Date: Unknown
[2016.12.04-16.30.16:438][  0]LogRHI: Texture pool is 1361 MB (70% of 1945 MB)
[2016.12.04-16.30.17:002][  0]LogD3D11RHI: Async texture creation enabled
[2016.12.04-16.30.17:247][  0]LogD3D11RHI: GPU Timing Frequency: 1000.000000 (Debug: 2 1)
[2016.12.04-16.30.17:248][  0]LogShaderCompilers: Guid format shader working directory is -17 characters bigger than the processId version (../../../../../../Users/jcy/Documents/GitHub/UNNAMED/UNNAMED/Intermediate/Shaders/WorkingDirectory/15756/).
[2016.12.04-16.30.17:248][  0]LogShaderCompilers: Cleaned the shader compiler working directory 'C:/Users/jcy/AppData/Local/Temp/UnrealShaderWorkingDir/72973610497A2BE9E971E2AD38837D0B/'.
[2016.12.04-16.30.17:248][  0]LogShaderCompilers:Display: Using Local Shader Compiler.
[2016.12.04-16.30.18:247][  0]LogTemp:Display: Loaded TP WindowsClientTargetPlatform
[2016.12.04-16.30.18:257][  0]LogTemp:Display: Loaded TP WindowsNoEditorTargetPlatform
[2016.12.04-16.30.18:267][  0]LogTemp:Display: Loaded TP WindowsServerTargetPlatform
[2016.12.04-16.30.18:278][  0]LogTemp:Display: Loaded TP WindowsTargetPlatform
[2016.12.04-16.30.18:278][  0]LogTargetPlatformManager:Display: Building Assets For Windows
[2016.12.04-16.30.18:387][  0]LogDerivedDataCache:Display: Max Cache Size: 512 MB
[2016.12.04-16.30.18:452][  0]LogDerivedDataCache: Loaded boot cache 0.07s 48MB C:/Users/jcy/AppData/Local/UnrealEngine/4.12/DerivedDataCache/Boot.ddc.
[2016.12.04-16.30.18:453][  0]LogDerivedDataCache:Display: Loaded Boot cache: C:/Users/jcy/AppData/Local/UnrealEngine/4.12/DerivedDataCache/Boot.ddc
[2016.12.04-16.30.18:453][  0]LogDerivedDataCache: FDerivedDataBackendGraph:  Pak pak cache file ../../../../../../Users/jcy/Documents/GitHub/UNNAMED/UNNAMED/DerivedDataCache/DDC.ddp not found, will not use a pak cache.
[2016.12.04-16.30.18:453][  0]LogDerivedDataCache: Unable to find inner node Pak for hierarchical cache Hierarchy.
[2016.12.04-16.30.18:453][  0]LogDerivedDataCache: FDerivedDataBackendGraph:  CompressedPak pak cache file ../../../../../../Users/jcy/Documents/GitHub/UNNAMED/UNNAMED/DerivedDataCache/Compressed.ddp not found, will not use a pak cache.
[2016.12.04-16.30.18:453][  0]LogDerivedDataCache: Unable to find inner node CompressedPak for hierarchical cache Hierarchy.
[2016.12.04-16.30.18:474][  0]LogDerivedDataCache:Display: Pak cache opened for reading ../../../Engine/DerivedDataCache/Compressed.ddp.
[2016.12.04-16.30.18:486][  0]LogDerivedDataCache: Using Local data cache path C:/Users/jcy/AppData/Local/UnrealEngine/Common/DerivedDataCache: Writable
[2016.12.04-16.30.18:772][  0]LogAssetRegistry: FAssetRegistry took 0.0001 seconds to start up
[2016.12.04-16.30.18:776][  0]LogPackageLocalizationCache: Processed 3 localized package path(s) for 1 prioritized culture(s) in 0.003648 seconds
[2016.12.04-16.30.18:780][  0]LogInit: Selected Device Profile: [Windows]
[2016.12.04-16.30.18:781][  0]LogContentStreaming: Texture pool size is 1000.00 MB
[2016.12.04-16.30.18:937][  0]LogMeshUtilities: No automatic mesh reduction module available
[2016.12.04-16.30.18:937][  0]LogMeshUtilities: No automatic mesh merging module available
[2016.12.04-16.30.18:937][  0]LogMeshUtilities: No distributed automatic mesh merging module available
[2016.12.04-16.30.19:358][  0]LogSlate: SlateFontCache - WITH_FREETYPE: 1, WITH_HARFBUZZ: 1
[2016.12.04-16.30.19:358][  0]LogSlate: SlateFontCache - WITH_FREETYPE: 1, WITH_HARFBUZZ: 1
[2016.12.04-16.30.19:430][  0]LogMoviePlayer: Initializing movie player
[2016.12.04-16.30.19:600][  0]LogWindowsMoviePlayer: Unable to load movie: ../../../../../../Users/jcy/Documents/GitHub/UNNAMED/UNNAMED/Content/Movies/Default_Startup.mp4
[2016.12.04-16.30.19:732][  0]LogUdpMessaging: Initializing bridge on interface 0.0.0.0:0 to multicast group 230.0.0.1:6666.
[2016.12.04-16.30.19:822][  0]SourceControl: Info Source control is disabled
[2016.12.04-16.30.19:822][  0]SourceControl: Info Source control is disabled
[2016.12.04-16.30.19:847][  0]SourceControl: Info Source control is disabled
[2016.12.04-16.30.20:030][  0]LogUObjectArray: 30992 objects as part of root set at end of initial load.
[2016.12.04-16.30.20:030][  0]LogUObjectAllocator: 6930712 out of 0 bytes used by permanent object pool.
[2016.12.04-16.30.20:030][  0]LogUObjectArray: CloseDisregardForGC: 0/0 objects in disregard for GC pool
[2016.12.04-16.30.20:090][  0]LogEngine: Initializing Engine...
[2016.12.04-16.30.20:091][  0]LogHMD: SteamVR failed to initialize.  Err: 110
[2016.12.04-16.30.20:092][  0]LogHMD: SteamVR failed to initialize.  Err: 110
[2016.12.04-16.30.20:236][  0]LogInit: XAudio2 using '스피커(Realtek High Definition Audio)' : 2 channels at 48 kHz using 32 bits per sample (channel mask 0x3)
[2016.12.04-16.30.20:264][  0]LogInit: FAudioDevice initialized.
[2016.12.04-16.30.20:270][  0]LogInit: Texture streaming: Enabled
[2016.12.04-16.30.20:668][  0]LogNet: Browse: /Temp/Autosaves/Game/Map/UEDPCMain?Name=Player
[2016.12.04-16.30.20:668][  0]LogLoad: LoadMap: /Temp/Autosaves/Game/Map/UEDPCMain?Name=Player
[2016.12.04-16.30.20:702][  0]LogMemory: Platform Memory Stats for Windows
[2016.12.04-16.30.20:702][  0]LogMemory: Process Physical Memory: 608.52 MB used, 627.88 MB peak
[2016.12.04-16.30.20:702][  0]LogMemory: Process Virtual Memory: 645.64 MB used, 648.95 MB peak
[2016.12.04-16.30.20:702][  0]LogMemory: Physical Memory: 5261.61 MB used, 8113.86 MB total
[2016.12.04-16.30.20:702][  0]LogMemory: Virtual Memory: 1352.28 MB used, 134217728.00 MB total
[2016.12.04-16.30.20:702][  0]LogMemory: 
[2016.12.04-16.30.20:702][  0]Allocator Stats for TBB: (not implemented)
[2016.12.04-16.30.20:734][  0]LogAIModule: Creating AISystem for world Main
[2016.12.04-16.30.20:735][  0]LogWorld: Game class is 'pregame_C'
[2016.12.04-16.30.20:737][  0]LogWorld: Bringing World /Temp/Autosaves/Game/Map/UEDPCMain.Main up for play (max tick rate 0) at 2016.12.05-01.30.20
[2016.12.04-16.30.20:737][  0]LogWorld: Bringing up level for play took: 0.001523
[2016.12.04-16.30.20:739][  0]LogSpawn:Warning: SpawnActor failed because no class was specified
[2016.12.04-16.30.20:739][  0]LogBlueprintUserMessages: [pregame_C_0] 로그인
[2016.12.04-16.30.20:740][  0]LogLoad: Took 0.071974 seconds to LoadMap(/Temp/Autosaves/Game/Map/UEDPCMain)
[2016.12.04-16.30.20:740][  0]LogInit:Display: Game Engine Initialized.
[2016.12.04-16.30.21:029][  0]LogLoad: Full Startup: 7.22 seconds (BP compile: 0.17 seconds)
[2016.12.04-16.30.21:029][  0]LogExternalProfiler: Found external profiler: VSPerf
[2016.12.04-16.30.21:029][  0]LogExternalProfiler: Using external profiler: VSPerf
[2016.12.04-16.30.21:051][  0]LogWindowsTextInputMethodSystem:Display: IME system now activated using TSF (Microsoft 입력기).
[2016.12.04-16.30.21:057][  0]LogOcInput: OculusInput pre-init called
[2016.12.04-16.30.21:188][  2]LogRenderer: Reallocating scene render targets to support 1280x720 (Frame:2).
[2016.12.04-16.30.22:688][ 71]LogPackageName: SearchForPackageOnDisk took   0.120s to resolve dd.umap.
[2016.12.04-16.30.22:774][ 71]LogPackageName: SearchForPackageOnDisk took   0.085s to resolve dd.umap.
[2016.12.04-16.30.22:774][ 71]LogNet: Browse: /Game/Map/dd?listen
[2016.12.04-16.30.22:774][ 71]LogLoad: LoadMap: /Game/Map/dd?listen
[2016.12.04-16.30.22:774][ 71]LogBlueprintUserMessages: [pregame_C_0] 로그 아웃
[2016.12.04-16.30.22:794][ 71]LogMemory: Platform Memory Stats for Windows
[2016.12.04-16.30.22:794][ 71]LogMemory: Process Physical Memory: 649.87 MB used, 649.87 MB peak
[2016.12.04-16.30.22:794][ 71]LogMemory: Process Virtual Memory: 845.30 MB used, 845.30 MB peak
[2016.12.04-16.30.22:794][ 71]LogMemory: Physical Memory: 5291.78 MB used, 8113.86 MB total
[2016.12.04-16.30.22:794][ 71]LogMemory: Virtual Memory: 1551.60 MB used, 134217728.00 MB total
[2016.12.04-16.30.22:794][ 71]LogMemory: 
[2016.12.04-16.30.22:794][ 71]Allocator Stats for TBB: (not implemented)
[2016.12.04-16.30.23:411][ 71]LogAIModule: Creating AISystem for world dd
[2016.12.04-16.30.23:412][ 71]LogWorld: Game class is 'MyGameMode_C'
[2016.12.04-16.30.23:412][ 71]LogNet:Display: SteamNetDriver_0 bound to port 7777
[2016.12.04-16.30.23:412][ 71]PacketHandlerLog: Loaded PacketHandler component: Engine.EngineHandlerComponentFactory (StatelessConnectHandlerComponent)
[2016.12.04-16.30.23:412][ 71]LogNet: GameNetDriver SteamNetDriver_0 IpNetDriver listening on port 7777
[2016.12.04-16.30.23:414][ 71]LogWorld: Bringing World /Game/Map/dd.dd up for play (max tick rate 0) at 2016.12.05-01.30.23
[2016.12.04-16.30.23:415][ 71]LogWorld: Bringing up level for play took: 0.001730
[2016.12.04-16.30.23:416][ 71]LogScript:Warning: Accessed None trying to read property CallFunc_K2_GetPawn_ReturnValue
	MyGameMode_C /Game/Map/dd.dd:PersistentLevel.MyGameMode_C_0
	Function /Game/BP/MyGameMode.MyGameMode_C:ExecuteUbergraph_MyGameMode:0492
[2016.12.04-16.30.23:416][ 71]LogScript:Warning: Script call stack:
	Function /Game/BP/MyGameMode.MyGameMode_C:K2_PostLogin
	Function /Game/BP/MyGameMode.MyGameMode_C:ExecuteUbergraph_MyGameMode
	Function /Game/BP/MyGameMode.MyGameMode_C:RespawnPlayerEvent
	Function /Game/BP/MyGameMode.MyGameMode_C:ExecuteUbergraph_MyGameMode

[2016.12.04-16.30.23:418][ 71]LogOnline:Warning: STEAM: Can't start an online session (Game) in state InProgress
[2016.12.04-16.30.23:419][ 71]LogScript:Warning: Accessed None trying to read property widget
	MyGameinstance_C /Engine/Transient.GameEngine_0:MyGameinstance_C_0
	Function /Game/BP/MyGameinstance.MyGameinstance_C:HideWidget:000A
[2016.12.04-16.30.23:419][ 71]LogScript:Warning: Script call stack:
	Function /Game/Map/dd.dd_C:ReceiveBeginPlay
	Function /Game/Map/dd.dd_C:ExecuteUbergraph_dd
	Function /Game/BP/MyGameinstance.MyGameinstance_C:StartPlayingState
	Function /Game/BP/MyGameinstance.MyGameinstance_C:HideWidget

[2016.12.04-16.30.23:419][ 71]LogLoad: Took 0.645215 seconds to LoadMap(/Game/Map/dd)
[2016.12.04-16.30.32:209][599]LogWindowsTextInputMethodSystem:Display: IME system now activated using TSF (Microsoft 입력기).
[2016.12.04-16.30.32:213][599]LogEngine: All Windows Closed
[2016.12.04-16.30.32:213][599]LogWindows: FPlatformMisc::RequestExit(0)
[2016.12.04-16.30.32:214][600]LogMoviePlayer: Shutting down movie player
[2016.12.04-16.30.33:099][600]LogNet: World NetDriver shutdown SteamNetDriver_0 [GameNetDriver]
[2016.12.04-16.30.33:099][600]LogNet: DestroyNamedNetDriver SteamNetDriver_0 [GameNetDriver]
[2016.12.04-16.30.33:099][600]LogExit: GameNetDriver SteamNetDriver_0 shut down
[2016.12.04-16.30.33:102][600]LogExit: Preparing to exit.
[2016.12.04-16.30.33:926][600]LogExit: Game engine shut down
[2016.12.04-16.30.34:117][600]LogObj: Freed 0b from 0 cluster array pools.
[2016.12.04-16.30.34:117][600]LogExit: Object subsystem successfully closed.
[2016.12.04-16.30.34:134][600]LogD3D11RHI: Shutdown
[2016.12.04-16.30.34:134][600]LogD3D11RHI: CleanupD3DDevice
[2016.12.04-16.30.34:247][600]LogD3D11RHI: ~FD3D11DynamicRHI
[2016.12.04-16.30.34:254][600]LogModuleManager: Shutting down and abandoning module SequenceRecorderSections (113)
[2016.12.04-16.30.34:254][600]LogModuleManager: Shutting down and abandoning module SequenceRecorder (112)
[2016.12.04-16.30.34:254][600]LogModuleManager: Shutting down and abandoning module AutomationController (111)
[2016.12.04-16.30.34:254][600]LogModuleManager: Shutting down and abandoning module AutomationWorker (110)
[2016.12.04-16.30.34:254][600]LogModuleManager: Shutting down and abandoning module CharacterAI (109)
[2016.12.04-16.30.34:254][600]LogModuleManager: Shutting down and abandoning module SessionServices (108)
[2016.12.04-16.30.34:254][600]LogModuleManager: Shutting down and abandoning module GameplayDebugger (107)
[2016.12.04-16.30.34:254][600]LogModuleManager: Shutting down and abandoning module AITestSuite (106)
[2016.12.04-16.30.34:254][600]LogModuleManager: Shutting down and abandoning module AIModule (105)
[2016.12.04-16.30.34:254][600]LogModuleManager: Shutting down and abandoning module MovieSceneCapture (104)
[2016.12.04-16.30.34:254][600]LogModuleManager: Shutting down and abandoning module StreamingPauseRendering (103)
[2016.12.04-16.30.34:254][600]LogModuleManager: Shutting down and abandoning module PortalServices (102)
[2016.12.04-16.30.34:254][600]LogModuleManager: Shutting down and abandoning module PortalRpc (101)
[2016.12.04-16.30.34:254][600]LogModuleManager: Shutting down and abandoning module MessagingRpc (100)
[2016.12.04-16.30.34:254][600]LogModuleManager: Shutting down and abandoning module ProfilerService (99)
[2016.12.04-16.30.34:313][600]LogModuleManager: Shutting down and abandoning module TaskGraph (98)
[2016.12.04-16.30.34:313][600]LogModuleManager: Shutting down and abandoning module SlateRemote (97)
[2016.12.04-16.30.34:313][600]LogModuleManager: Shutting down and abandoning module SteamVRController (96)
[2016.12.04-16.30.34:313][600]LogModuleManager: Shutting down and abandoning module SteamVR (95)
[2016.12.04-16.30.34:313][600]LogModuleManager: Shutting down and abandoning module ProceduralMeshComponent (94)
[2016.12.04-16.30.34:313][600]LogModuleManager: Shutting down and abandoning module OculusLibrary (93)
[2016.12.04-16.30.34:313][600]LogModuleManager: Shutting down and abandoning module OculusInput (92)
[2016.12.04-16.30.34:313][600]LogModuleManager: Shutting down and abandoning module CustomMeshComponent (91)
[2016.12.04-16.30.34:313][600]LogModuleManager: Shutting down and abandoning module CableComponent (90)
[2016.12.04-16.30.34:313][600]LogModuleManager: Shutting down and abandoning module ArchVisCharacter (89)
[2016.12.04-16.30.34:313][600]LogModuleManager: Shutting down and abandoning module HTML5Networking (88)
[2016.12.04-16.30.34:313][600]LogModuleManager: Shutting down and abandoning module DesktopPlatform (87)
[2016.12.04-16.30.34:313][600]LogModuleManager: Shutting down and abandoning module DirectoryWatcher (86)
[2016.12.04-16.30.34:313][600]LogModuleManager: Shutting down and abandoning module HotReload (85)
[2016.12.04-16.30.34:313][600]LogModuleManager: Shutting down and abandoning module VisualStudioSourceCodeAccess (84)
[2016.12.04-16.30.34:313][600]LogModuleManager: Shutting down and abandoning module UObjectPlugin (83)
[2016.12.04-16.30.34:313][600]LogModuleManager: Shutting down and abandoning module SubversionSourceControl (82)
[2016.12.04-16.30.34:313][600]LogModuleManager: Shutting down and abandoning module SourceControl (81)
[2016.12.04-16.30.34:314][600]LogModuleManager: Shutting down and abandoning module PerforceSourceControl (80)
[2016.12.04-16.30.34:314][600]LogModuleManager: Shutting down and abandoning module UdpMessaging (79)
[2016.12.04-16.30.34:414][600]LogModuleManager: Shutting down and abandoning module LightPropagationVolumeRuntime (78)
[2016.12.04-16.30.34:414][600]LogModuleManager: Shutting down and abandoning module Paper2D (77)
[2016.12.04-16.30.34:414][600]LogModuleManager: Shutting down and abandoning module WindowsMoviePlayer (76)
[2016.12.04-16.30.34:414][600]LogModuleManager: Shutting down and abandoning module Media (75)
[2016.12.04-16.30.34:414][600]LogModuleManager: Shutting down and abandoning module WmfMedia (74)
[2016.12.04-16.30.34:414][600]LogModuleManager: Shutting down and abandoning module MediaAssets (73)
[2016.12.04-16.30.34:414][600]LogModuleManager: Shutting down and abandoning module GameLiveStreaming (72)
[2016.12.04-16.30.34:414][600]LogModuleManager: Shutting down and abandoning module GameplayTagsEditor (71)
[2016.12.04-16.30.34:414][600]LogModuleManager: Shutting down and abandoning module OnlineBlueprintSupport (70)
[2016.12.04-16.30.34:414][600]LogModuleManager: Shutting down and abandoning module VREditor (69)
[2016.12.04-16.30.34:414][600]LogModuleManager: Shutting down and abandoning module GameplayTasksEditor (68)
[2016.12.04-16.30.34:414][600]LogModuleManager: Shutting down and abandoning module PropertyEditor (67)
[2016.12.04-16.30.34:414][600]LogModuleManager: Shutting down and abandoning module BehaviorTreeEditor (66)
[2016.12.04-16.30.34:414][600]LogModuleManager: Shutting down and abandoning module FunctionalTesting (65)
[2016.12.04-16.30.34:414][600]LogModuleManager: Shutting down and abandoning module CollisionAnalyzer (64)
[2016.12.04-16.30.34:414][600]LogModuleManager: Shutting down and abandoning module Sequencer (63)
[2016.12.04-16.30.34:414][600]LogModuleManager: Shutting down and abandoning module WorkspaceMenuStructure (62)
[2016.12.04-16.30.34:414][600]LogModuleManager: Shutting down and abandoning module MessageLog (61)
[2016.12.04-16.30.34:414][600]LogModuleManager: Shutting down and abandoning module AssetTools (60)
[2016.12.04-16.30.34:414][600]LogModuleManager: Shutting down and abandoning module UMGEditor (59)
[2016.12.04-16.30.34:414][600]LogModuleManager: Shutting down and abandoning module UMG (58)
[2016.12.04-16.30.34:414][600]LogModuleManager: Shutting down and abandoning module SlateReflector (57)
[2016.12.04-16.30.34:414][600]LogModuleManager: Shutting down and abandoning module Slate (56)
[2016.12.04-16.30.34:414][600]LogModuleManager: Shutting down and abandoning module EditorStyle (55)
[2016.12.04-16.30.34:416][600]LogModuleManager: Shutting down and abandoning module Messaging (54)
[2016.12.04-16.30.34:416][600]LogModuleManager: Shutting down and abandoning module SourceCodeAccess (53)
[2016.12.04-16.30.34:416][600]LogModuleManager: Shutting down and abandoning module HeadMountedDisplay (52)
[2016.12.04-16.30.34:416][600]LogModuleManager: Shutting down and abandoning module XAudio2 (51)
[2016.12.04-16.30.34:417][600]LogModuleManager: Shutting down and abandoning module Networking (50)
[2016.12.04-16.30.34:417][600]LogModuleManager: Shutting down and abandoning module Core (49)
[2016.12.04-16.30.34:417][600]LogModuleManager: Shutting down and abandoning module KismetCompiler (48)
[2016.12.04-16.30.34:417][600]LogModuleManager: Shutting down and abandoning module PhysXFormats (47)
[2016.12.04-16.30.34:417][600]LogModuleManager: Shutting down and abandoning module MeshUtilities (46)
[2016.12.04-16.30.34:417][600]LogModuleManager: Shutting down and abandoning module AssetRegistry (45)
[2016.12.04-16.30.34:417][600]LogModuleManager: Shutting down and abandoning module DerivedDataCache (44)
[2016.12.04-16.30.34:493][600]LogDerivedDataCache: Shutdown
[2016.12.04-16.30.34:493][600]LogModuleManager: Shutting down and abandoning module VulkanShaderFormat (43)
[2016.12.04-16.30.34:494][600]LogModuleManager: Shutting down and abandoning module ShaderFormatOpenGL (42)
[2016.12.04-16.30.34:494][600]LogModuleManager: Shutting down and abandoning module ShaderFormatD3D (41)
[2016.12.04-16.30.34:494][600]LogModuleManager: Shutting down and abandoning module MetalShaderFormat (40)
[2016.12.04-16.30.34:494][600]LogModuleManager: Shutting down and abandoning module TextureFormatUncompressed (39)
[2016.12.04-16.30.34:494][600]LogModuleManager: Shutting down and abandoning module TextureFormatPVR (38)
[2016.12.04-16.30.34:494][600]LogModuleManager: Shutting down and abandoning module TextureFormatIntelISPCTexComp (37)
[2016.12.04-16.30.34:494][600]LogModuleManager: Shutting down and abandoning module TextureFormatDXT (36)
[2016.12.04-16.30.34:494][600]LogModuleManager: Shutting down and abandoning module ImageWrapper (35)
[2016.12.04-16.30.34:494][600]LogModuleManager: Shutting down and abandoning module TextureFormatASTC (34)
[2016.12.04-16.30.34:494][600]LogModuleManager: Shutting down and abandoning module TextureFormatAndroid (33)
[2016.12.04-16.30.34:494][600]LogModuleManager: Shutting down and abandoning module AudioFormatOpus (32)
[2016.12.04-16.30.34:494][600]LogModuleManager: Shutting down and abandoning module AudioFormatOgg (31)
[2016.12.04-16.30.34:494][600]LogModuleManager: Shutting down and abandoning module AudioFormatADPCM (30)
[2016.12.04-16.30.34:494][600]LogModuleManager: Shutting down and abandoning module WindowsTargetPlatform (29)
[2016.12.04-16.30.34:494][600]LogModuleManager: Shutting down and abandoning module WindowsServerTargetPlatform (28)
[2016.12.04-16.30.34:494][600]LogModuleManager: Shutting down and abandoning module WindowsNoEditorTargetPlatform (27)
[2016.12.04-16.30.34:494][600]LogModuleManager: Shutting down and abandoning module WindowsClientTargetPlatform (26)
[2016.12.04-16.30.34:494][600]LogModuleManager: Shutting down and abandoning module TargetPlatform (25)
[2016.12.04-16.30.34:494][600]LogModuleManager: Shutting down and abandoning module InputCore (24)
[2016.12.04-16.30.34:494][600]LogModuleManager: Shutting down and abandoning module Settings (23)
[2016.12.04-16.30.34:494][600]LogModuleManager: Shutting down and abandoning module OnlineSubsystem (19)
[2016.12.04-16.30.34:494][600]LogOnline:Display: STEAM: OnlineSubsystemSteam::Shutdown()
[2016.12.04-16.30.34:526][600]LogOnline:Display: Unloading online subsystem: STEAM
[2016.12.04-16.30.34:526][600]LogOnline:Display: STEAM: OnlineSubsystemSteam::Shutdown()
[2016.12.04-16.30.34:526][600]LogModuleManager: Shutting down and abandoning module HTTP (18)
[2016.12.04-16.30.34:527][600]LogModuleManager: Shutting down and abandoning module XMPP (17)
[2016.12.04-16.30.34:527][600]LogModuleManager: Shutting down and abandoning module OculusRift (16)
[2016.12.04-16.30.34:527][600]LogModuleManager: Shutting down and abandoning module ExampleDeviceProfileSelector (15)
[2016.12.04-16.30.34:527][600]LogModuleManager: Shutting down and abandoning module TextureCompressor (14)
[2016.12.04-16.30.34:527][600]LogModuleManager: Shutting down and abandoning module ShaderCore (13)
[2016.12.04-16.30.34:527][600]LogModuleManager: Shutting down and abandoning module Landscape (12)
[2016.12.04-16.30.34:527][600]LogModuleManager: Shutting down and abandoning module SlateRHIRenderer (11)
[2016.12.04-16.30.34:530][600]LogModuleManager: Shutting down and abandoning module OpenGLDrv (10)
[2016.12.04-16.30.34:530][600]LogModuleManager: Shutting down and abandoning module D3D11RHI (9)
[2016.12.04-16.30.34:530][600]LogModuleManager: Shutting down and abandoning module AnimGraphRuntime (8)
[2016.12.04-16.30.34:530][600]LogModuleManager: Shutting down and abandoning module Renderer (7)
[2016.12.04-16.30.34:530][600]LogModuleManager: Shutting down and abandoning module Engine (6)
[2016.12.04-16.30.34:530][600]LogModuleManager: Shutting down and abandoning module CoreUObject (5)
[2016.12.04-16.30.34:530][600]LogModuleManager: Shutting down and abandoning module NetworkFile (4)
[2016.12.04-16.30.34:530][600]LogModuleManager: Shutting down and abandoning module StreamingFile (3)
[2016.12.04-16.30.34:530][600]LogModuleManager: Shutting down and abandoning module SandboxFile (2)
[2016.12.04-16.30.34:530][600]LogModuleManager: Shutting down and abandoning module PakFile (1)
[2016.12.04-16.30.34:532][600]LogExit: Exiting.
[2016.12.04-16.30.34:534][600]Log file closed, 12/05/16 01:30:34
