Log file open, 03/19/17 15:52:02
LogInit:Display: Running engine for game: UNNAMED
LogPlatformFile: Not using cached read wrapper
LogInit:Display: RandInit(-1107730634) SRandInit(-1107730633).
LogTaskGraph: Started task graph with 4 named threads and 7 total threads with 1 sets of task threads.
LogStats: Stats thread started at 0.267574
LogInit: Version: 4.12.5-3039270+++UE4+Release-4.12
LogInit: API Version: 2992821
LogInit: Net Version: 3039270
LogDevObjectVersion: Number of dev versions registered: 13
LogDevObjectVersion:   Dev-Blueprints (B0D832E4-1F89-4F0D-ACCF-7EB736FD4AA2): 3
LogDevObjectVersion:   Dev-Build (E1C64328-A22C-4D53-A36C-8E866417BD8C): 0
LogDevObjectVersion:   Dev-Core (375EC13C-06E4-48FB-B500-84F0262A717E): 1
LogDevObjectVersion:   Dev-Editor (E4B068ED-F494-42E9-A231-DA0B2E46BB41): 2
LogDevObjectVersion:   Dev-Framework (CFFC743F-43B0-4480-9391-14DF171D2073): 6
LogDevObjectVersion:   Dev-Mobile (B02B49B5-BB20-44E9-A304-32B752E40360): 0
LogDevObjectVersion:   Dev-Networking (A4E4105C-59A1-49B5-A7C5-40C4547EDFEE): 0
LogDevObjectVersion:   Dev-Online (39C831C9-5AE6-47DC-9A44-9C173E1C8E7C): 0
LogDevObjectVersion:   Dev-Physics (78F01B33-EBEA-4F98-B9B4-84EACCB95AA2): 0
LogDevObjectVersion:   Dev-Platform (6631380F-2D4D-43E0-8009-CF276956A95A): 0
LogDevObjectVersion:   Dev-Rendering (12F88B9F-8875-4AFC-A67C-D90C383ABD29): 2
LogDevObjectVersion:   Dev-Sequencer (7B5AE74C-D270-4C10-A958-57980B212A5A): 0
LogDevObjectVersion:   Dev-VR (D7296918-1DD6-4BDD-9DE2-64A83CC13884): 0
LogInit: Compiled (64-bit): Jul  6 2016 09:09:46
LogInit: Compiled with Visual C++: 19.00.23026.00
LogInit: Build Configuration: Development
LogInit: Branch Name: ++UE4+Release-4.12
LogInit: Command line:  
LogInit: Base directory: C:/Program Files (x86)/Epic Games/4.12/Engine/Binaries/Win64/
LogInit: Installed Engine Build: 1
LogInit: Using libcurl 7.41.0
LogInit:  - built for x86_64-pc-win32
LogInit:  - supports SSL with WinSSL
LogInit:  - other features:
LogInit:      CURL_VERSION_SSL
LogInit:      CURL_VERSION_IPV6
LogInit:      CURL_VERSION_ASYNCHDNS
LogInit:      CURL_VERSION_LARGEFILE
LogInit:      CURL_VERSION_IDN
LogInit:  CurlRequestOptions (configurable via config and command line):
LogInit:  - bVerifyPeer = true  - Libcurl will verify peer certificate
LogInit:  - bUseHttpProxy = false  - Libcurl will NOT use HTTP proxy
LogInit:  - bDontReuseConnections = false  - Libcurl will reuse connections
LogInit:  - CertBundlePath = nullptr  - Libcurl will use whatever was configured at build time.
LogOnline:Display: STEAM: Loading Steam SDK 1.32
LogOnline:Warning: STEAM: Steam API disabled!
LogOnline:Display: STEAM: OnlineSubsystemSteam::Shutdown()
LogInit: WinSock: version 1.1 (2.2), MaxSocks=32767, MaxUdp=65467
LogVoice:Warning: Failed to initialize voice interface
LogInit: Presizing for max 8388607 objects, including 0 objects not considered by GC, pre-allocating 0 bytes for permanent pool.
LogInit: Object subsystem initialized
[2017.03.19-06.52.02:627][  0]LogInit: Selected Device Profile: [Windows]
[2017.03.19-06.52.02:627][  0]LogInit: Applying CVar settings loaded from the selected device profile: [Windows]
[2017.03.19-06.52.02:696][  0]LogInit: Computer: DESKTOP-5I3HB32
[2017.03.19-06.52.02:696][  0]LogInit: User: jcy
[2017.03.19-06.52.02:696][  0]LogInit: CPU Page size=65536, Cores=4
[2017.03.19-06.52.02:696][  0]LogInit: High frequency timer resolution =2.533211 MHz
[2017.03.19-06.52.02:696][  0]LogMemory: Memory total: Physical=11.9GB (12GB approx)
[2017.03.19-06.52.02:696][  0]LogMemory: Platform Memory Stats for Windows
[2017.03.19-06.52.02:696][  0]LogMemory: Process Physical Memory: 193.26 MB used, 193.26 MB peak
[2017.03.19-06.52.02:696][  0]LogMemory: Process Virtual Memory: 195.66 MB used, 195.66 MB peak
[2017.03.19-06.52.02:696][  0]LogMemory: Physical Memory: 3253.77 MB used, 12209.86 MB total
[2017.03.19-06.52.02:696][  0]LogMemory: Virtual Memory: 542.87 MB used, 134217728.00 MB total
[2017.03.19-06.52.09:357][  0]LogD3D11RHI: D3D11 adapters:
[2017.03.19-06.52.10:056][  0]LogD3D11RHI:    0. 'NVIDIA GeForce GTX 960M' (Feature Level 11_0)
[2017.03.19-06.52.10:056][  0]LogD3D11RHI:       2019/0/6104 MB DedicatedVideo/DedicatedSystem/SharedSystem, Outputs:2, VendorId:0x10de
[2017.03.19-06.52.10:063][  0]LogD3D11RHI:    1. 'Intel(R) HD Graphics 4600' (Feature Level 11_0)
[2017.03.19-06.52.10:063][  0]LogD3D11RHI:       112/0/2048 MB DedicatedVideo/DedicatedSystem/SharedSystem, Outputs:0, VendorId:0x8086
[2017.03.19-06.52.10:065][  0]LogD3D11RHI:    2. 'Microsoft Basic Render Driver' (Feature Level 11_0)
[2017.03.19-06.52.10:065][  0]LogD3D11RHI:       0/0/6104 MB DedicatedVideo/DedicatedSystem/SharedSystem, Outputs:0, VendorId:0x1414
[2017.03.19-06.52.10:065][  0]LogD3D11RHI: Chosen D3D11 Adapter: 0
[2017.03.19-06.52.10:071][  0]LogD3D11RHI: Creating new Direct3DDevice
[2017.03.19-06.52.10:071][  0]LogD3D11RHI:     GPU DeviceId: 0x139b (for the marketing name, search the web for "GPU Device Id")
[2017.03.19-06.52.10:071][  0]LogWindows: EnumDisplayDevices:
[2017.03.19-06.52.10:071][  0]LogWindows:    0. 'Intel(R) HD Graphics 4600' (P:0 D:1)
[2017.03.19-06.52.10:071][  0]LogWindows:    1. 'Intel(R) HD Graphics 4600' (P:1 D:1)
[2017.03.19-06.52.10:071][  0]LogWindows:    2. 'Intel(R) HD Graphics 4600' (P:0 D:0)
[2017.03.19-06.52.10:071][  0]LogWindows: DebugString: PrimaryIsNotTheChoosenAdapter PrimaryIsNotTheChoosenAdapter PrimaryIsNotTheChoosenAdapter FoundDriverCount:0 
[2017.03.19-06.52.10:072][  0]LogD3D11RHI:     Adapter Name: NVIDIA GeForce GTX 960M
[2017.03.19-06.52.10:072][  0]LogD3D11RHI:   Driver Version: Unknown (internal:Unknown, unified:Unknown)
[2017.03.19-06.52.10:072][  0]LogD3D11RHI:      Driver Date: Unknown
[2017.03.19-06.52.10:072][  0]LogRHI: Texture pool is 1361 MB (70% of 1945 MB)
[2017.03.19-06.52.10:781][  0]LogD3D11RHI: Async texture creation enabled
[2017.03.19-06.52.10:868][  0]LogD3D11RHI: GPU Timing Frequency: 1000.000000 (Debug: 2 1)
[2017.03.19-06.52.10:868][  0]LogShaderCompilers: Guid format shader working directory is -16 characters bigger than the processId version (../../../../../../Users/jcy/Documents/GitHub/UNNAMED/UNNAMED/Intermediate/Shaders/WorkingDirectory/7324/).
[2017.03.19-06.52.10:868][  0]LogShaderCompilers: Cleaned the shader compiler working directory 'C:/Users/jcy/AppData/Local/Temp/UnrealShaderWorkingDir/B34ACB0F4C60DC284CC8CE9322A84B42/'.
[2017.03.19-06.52.10:868][  0]LogShaderCompilers:Display: Using Local Shader Compiler.
[2017.03.19-06.52.18:157][  0]LogTemp:Display: Loaded TP AllDesktopTargetPlatform
[2017.03.19-06.52.18:237][  0]LogTemp:Display: Loaded TP WindowsClientTargetPlatform
[2017.03.19-06.52.18:277][  0]LogTemp:Display: Loaded TP WindowsNoEditorTargetPlatform
[2017.03.19-06.52.18:322][  0]LogTemp:Display: Loaded TP WindowsServerTargetPlatform
[2017.03.19-06.52.18:375][  0]LogTemp:Display: Loaded TP WindowsTargetPlatform
[2017.03.19-06.52.18:414][  0]LogTemp:Display: Loaded TP AndroidTargetPlatform
[2017.03.19-06.52.18:487][  0]LogTemp:Display: Loaded TP Android_ASTCTargetPlatform
[2017.03.19-06.52.18:523][  0]LogTemp:Display: Loaded TP Android_ATCTargetPlatform
[2017.03.19-06.52.18:560][  0]LogTemp:Display: Loaded TP Android_DXTTargetPlatform
[2017.03.19-06.52.18:632][  0]LogTemp:Display: Loaded TP Android_ETC1TargetPlatform
[2017.03.19-06.52.18:708][  0]LogTemp:Display: Loaded TP Android_ETC2TargetPlatform
[2017.03.19-06.52.18:805][  0]LogTemp:Display: Loaded TP Android_MultiTargetPlatform
[2017.03.19-06.52.18:805][  0]LogTemp:Display: Loaded TP Android_PVRTCTargetPlatform
[2017.03.19-06.52.18:908][  0]LogTemp:Display: Loaded TP HTML5TargetPlatform
[2017.03.19-06.52.19:109][  0]LogTemp:Display: Loaded TP IOSTargetPlatform
[2017.03.19-06.52.19:145][  0]LogTemp:Display: Loaded TP TVOSTargetPlatform
[2017.03.19-06.52.19:214][  0]LogTemp:Display: Loaded TP LinuxNoEditorTargetPlatform
[2017.03.19-06.52.19:247][  0]LogTemp:Display: Loaded TP LinuxServerTargetPlatform
[2017.03.19-06.52.19:307][  0]LogTemp:Display: Loaded TP LinuxTargetPlatform
[2017.03.19-06.52.19:307][  0]LogTargetPlatformManager:Display: Building Assets For Windows
[2017.03.19-06.52.20:653][  0]LogDerivedDataCache:Display: Max Cache Size: 512 MB
[2017.03.19-06.52.21:062][  0]LogDerivedDataCache: Loaded boot cache 0.41s 48MB C:/Users/jcy/AppData/Local/UnrealEngine/4.12/DerivedDataCache/Boot.ddc.
[2017.03.19-06.52.21:062][  0]LogDerivedDataCache:Display: Loaded Boot cache: C:/Users/jcy/AppData/Local/UnrealEngine/4.12/DerivedDataCache/Boot.ddc
[2017.03.19-06.52.21:063][  0]LogDerivedDataCache: FDerivedDataBackendGraph:  Pak pak cache file ../../../../../../Users/jcy/Documents/GitHub/UNNAMED/UNNAMED/DerivedDataCache/DDC.ddp not found, will not use a pak cache.
[2017.03.19-06.52.21:063][  0]LogDerivedDataCache: Unable to find inner node Pak for hierarchical cache Hierarchy.
[2017.03.19-06.52.21:063][  0]LogDerivedDataCache: FDerivedDataBackendGraph:  CompressedPak pak cache file ../../../../../../Users/jcy/Documents/GitHub/UNNAMED/UNNAMED/DerivedDataCache/Compressed.ddp not found, will not use a pak cache.
[2017.03.19-06.52.21:063][  0]LogDerivedDataCache: Unable to find inner node CompressedPak for hierarchical cache Hierarchy.
[2017.03.19-06.52.21:123][  0]LogDerivedDataCache:Display: Pak cache opened for reading ../../../Engine/DerivedDataCache/Compressed.ddp.
[2017.03.19-06.52.21:151][  0]LogDerivedDataCache: Using Local data cache path C:/Users/jcy/AppData/Local/UnrealEngine/Common/DerivedDataCache: Writable
[2017.03.19-06.52.24:164][  0]LogInit: Selected Device Profile: [Windows]
[2017.03.19-06.52.24:232][  0]LogContentStreaming: Texture pool size is 0.00 MB
[2017.03.19-06.52.25:425][  0]LogMeshUtilities: No automatic mesh reduction module available
[2017.03.19-06.52.25:425][  0]LogMeshUtilities: No automatic mesh merging module available
[2017.03.19-06.52.25:425][  0]LogMeshUtilities: No distributed automatic mesh merging module available
[2017.03.19-06.52.28:483][  0]LogAssetRegistry: FAssetRegistry took 0.0221 seconds to start up
[2017.03.19-06.52.28:646][  0]LogPackageLocalizationCache: Processed 3 localized package path(s) for 1 prioritized culture(s) in 0.157225 seconds
[2017.03.19-06.52.28:652][  0]LogUObjectArray: 28746 objects as part of root set at end of initial load.
[2017.03.19-06.52.28:652][  0]LogUObjectAllocator: 6069104 out of 0 bytes used by permanent object pool.
[2017.03.19-06.52.28:652][  0]LogUObjectArray: CloseDisregardForGC: 0/0 objects in disregard for GC pool
[2017.03.19-06.52.35:691][  0]LogSlate: SlateFontCache - WITH_FREETYPE: 1, WITH_HARFBUZZ: 1
[2017.03.19-06.52.35:691][  0]LogSlate: SlateFontCache - WITH_FREETYPE: 1, WITH_HARFBUZZ: 1
[2017.03.19-06.53.07:877][  0]LogUdpMessaging: Initializing bridge on interface 0.0.0.0:0 to multicast group 230.0.0.1:6666.
[2017.03.19-06.53.09:924][  0]SourceControl: Info Source control is disabled
[2017.03.19-06.53.09:925][  0]SourceControl: Info Source control is disabled
[2017.03.19-06.53.10:002][  0]SourceControl: Info Source control is disabled
[2017.03.19-06.53.10:059][  0]SourceControl: Info Source control is disabled
[2017.03.19-06.53.11:920][  0]LogEngine: Initializing Engine...
[2017.03.19-06.53.12:046][  0]LogHMD: SteamVR failed to initialize.  Err: 110
[2017.03.19-06.53.12:047][  0]LogHMD: SteamVR failed to initialize.  Err: 110
[2017.03.19-06.53.13:118][  0]LogAIModule: Creating AISystem for world NewWorld
[2017.03.19-06.53.13:166][  0]LogInit: XAudio2 using '스피커(Realtek High Definition Audio)' : 2 channels at 48 kHz using 32 bits per sample (channel mask 0x3)
[2017.03.19-06.53.13:222][  0]LogInit: FAudioDevice initialized.
[2017.03.19-06.53.13:266][  0]LogDerivedDataCache: Saved boot cache 0.04s 48MB C:/Users/jcy/AppData/Local/UnrealEngine/4.12/DerivedDataCache/Boot.ddc.
[2017.03.19-06.53.13:273][  0]LogInit: Texture streaming: Enabled
[2017.03.19-06.53.18:996][  0]LogInit: Transaction tracking system initialized
[2017.03.19-06.53.19:823][  0]BlueprintLog: New page: Editor Load
[2017.03.19-06.53.24:618][  0]LocalizationService: Info Localization service is disabled
[2017.03.19-06.53.26:461][  0]LogConsoleResponse:Display: 
[2017.03.19-06.53.30:485][  0]LogCook:Display: Max memory allowance for cook 8192mb
[2017.03.19-06.53.30:485][  0]LogCook:Display: Mobile HDR setting 1
[2017.03.19-06.53.30:867][  0]LogFileCache: Scanning file cache for directory 'C:/Users/jcy/Documents/GitHub/UNNAMED/UNNAMED/Content/' took 0.06s
[2017.03.19-06.53.35:073][  0]SourceControl: Info Source control is disabled
[2017.03.19-06.53.35:073][  0]Cmd: MAP LOAD FILE="../../../../../../Users/jcy/Documents/GitHub/UNNAMED/UNNAMED/Content/Map/Main.umap" TEMPLATE=0 SHOWPROGRESS=1 FEATURELEVEL=3
[2017.03.19-06.53.35:089][  0]LightingResults: New page: Lighting Build
[2017.03.19-06.53.35:097][  0]MapCheck: New page: Map Check
[2017.03.19-06.53.35:097][  0]LightingResults: New page: Lighting Build
[2017.03.19-06.53.36:459][  0]LogAIModule: Creating AISystem for world Main
[2017.03.19-06.53.36:460][  0]LogEditorServer: Finished looking for orphan Actors (0.000 secs)
[2017.03.19-06.53.36:461][  0]Cmd: MAP CHECKDEP NOCLEARLOG
[2017.03.19-06.53.36:570][  0]MapCheck: Info Map check complete: 0 Error(s), 0 Warning(s), took 108.174ms to complete.
[2017.03.19-06.53.36:570][  0]LogFileHelpers: Loading map 'Main' took 1.497
[2017.03.19-06.53.37:769][  0]LogCollectionManager: Loaded 1 collections in 0.006715 seconds
[2017.03.19-06.53.37:824][  0]LogFileCache: Scanning file cache for directory 'C:/Users/jcy/Documents/GitHub/UNNAMED/UNNAMED/Saved/Collections/' took 0.01s
[2017.03.19-06.53.37:824][  0]LogFileCache: Scanning file cache for directory 'C:/Users/jcy/Documents/GitHub/UNNAMED/UNNAMED/Content/Developers/jcy/Collections/' took 0.01s
[2017.03.19-06.53.37:824][  0]LogFileCache: Scanning file cache for directory 'C:/Users/jcy/Documents/GitHub/UNNAMED/UNNAMED/Content/Collections/' took 0.01s
[2017.03.19-06.53.37:824][  0]LogCollectionManager: Rebuilt the GUID cache for 1 collections in 0.000009 seconds
[2017.03.19-06.53.37:824][  0]LogCollectionManager: Rebuilt the hierarchy cache for 1 collections in 0.000000 seconds
[2017.03.19-06.53.37:833][  0]LogContentBrowser: Native class hierarchy populated in 0.0093 seconds. Added 2049 classes and 371 folders.
[2017.03.19-06.53.37:841][  0]LogStats: UGameplayTagsManager::ConstructGameplayTagTree: Construct from data asset -  0.000 s
[2017.03.19-06.53.37:841][  0]LogStats: UGameplayTagsManager::ConstructGameplayTagTree: GameplayTagTreeChangedEvent.Broadcast -  0.000 s
[2017.03.19-06.53.37:842][  0]LogContentBrowser: Native class hierarchy updated for 'GameplayTags' in 0.0005 seconds. Added 12 classes and 0 folders.
[2017.03.19-06.53.37:853][  0]LogContentBrowser: Native class hierarchy updated for 'WidgetCarousel' in 0.0004 seconds. Added 0 classes and 0 folders.
[2017.03.19-06.53.45:828][  0]LogContentBrowser: Native class hierarchy updated for 'AddContentDialog' in 0.0023 seconds. Added 0 classes and 0 folders.
[2017.03.19-06.53.47:088][  0]LogContentBrowser: Native class hierarchy updated for 'SceneOutliner' in 0.0006 seconds. Added 1 classes and 2 folders.
[2017.03.19-06.53.48:037][  0]LogCrashTracker: Crashtracker disabled due to settings.
[2017.03.19-06.53.48:052][  0]LogUObjectGlobals:Warning: Failed to find object 'Class None.'
[2017.03.19-06.53.48:300][  0]LogContentBrowser: Native class hierarchy updated for 'HierarchicalLODOutliner' in 0.0010 seconds. Added 1 classes and 2 folders.
[2017.03.19-06.53.48:300][  0]LogLoad: Full Startup: 112.90 seconds (BP compile: 0.38 seconds)
[2017.03.19-06.53.48:300][  0]LogExternalProfiler: Found external profiler: VSPerf
[2017.03.19-06.53.48:300][  0]LogExternalProfiler: Using external profiler: VSPerf
[2017.03.19-06.53.48:641][  0]LogOcInput: OculusInput pre-init called
[2017.03.19-06.53.48:660][  0]LogContentStreaming: Texture pool size now 1000 MB
[2017.03.19-06.53.50:106][  0]LogRenderer: Reallocating scene render targets to support 1172x532 (Frame:2).
[2017.03.19-06.53.50:904][  3]LogAssetRegistry: Asset discovery search completed in 82.4427 seconds
[2017.03.19-06.53.50:904][  3]LogCollectionManager: Rebuilt the object cache for 1 collections in 0.000017 seconds (found 0 objects)
[2017.03.19-06.53.50:904][  3]LogCollectionManager: Fixed up redirectors for 1 collections in 0.000039 seconds (updated 0 objects)
[2017.03.19-06.54.43:038][  5]LogWindowsTextInputMethodSystem:Display: IME system now activated using TSF (Microsoft 입력기).
[2017.03.19-06.54.43:263][  6]Cmd: QUIT_EDITOR
[2017.03.19-06.54.43:331][  6]LogExit: Preparing to exit.
[2017.03.19-06.54.44:064][  6]LogExit: Editor shut down
[2017.03.19-06.54.44:064][  6]LogExit: Transaction tracking system shut down
[2017.03.19-06.54.44:180][  6]LogObj: Freed 0b from 0 cluster array pools.
[2017.03.19-06.54.44:181][  6]LogExit: Object subsystem successfully closed.
[2017.03.19-06.54.44:196][  6]LogD3D11RHI: Shutdown
[2017.03.19-06.54.44:196][  6]LogD3D11RHI: CleanupD3DDevice
[2017.03.19-06.54.44:277][  6]LogD3D11RHI: ~FD3D11DynamicRHI
[2017.03.19-06.54.44:322][  6]LogModuleManager: Shutting down and abandoning module HierarchicalLODOutliner (216)
[2017.03.19-06.54.44:322][  6]LogModuleManager: Shutting down and abandoning module CrashTracker (215)
[2017.03.19-06.54.44:322][  6]LogModuleManager: Shutting down and abandoning module SceneOutliner (214)
[2017.03.19-06.54.44:322][  6]LogModuleManager: Shutting down and abandoning module WidgetCarousel (213)
[2017.03.19-06.54.44:322][  6]LogModuleManager: Shutting down and abandoning module AddContentDialog (212)
[2017.03.19-06.54.44:323][  6]LogModuleManager: Shutting down and abandoning module GameplayTags (211)
[2017.03.19-06.54.44:323][  6]LogModuleManager: Shutting down and abandoning module EditorWidgets (210)
[2017.03.19-06.54.44:323][  6]LogModuleManager: Shutting down and abandoning module CollectionManager (209)
[2017.03.19-06.54.44:323][  6]LogModuleManager: Shutting down and abandoning module StatsViewer (208)
[2017.03.19-06.54.44:323][  6]LogModuleManager: Shutting down and abandoning module FoliageEdit (207)
[2017.03.19-06.54.44:323][  6]LogModuleManager: Shutting down and abandoning module LandscapeEditor (206)
[2017.03.19-06.54.44:324][  6]LogModuleManager: Shutting down and abandoning module SceneDepthPickerMode (205)
[2017.03.19-06.54.44:324][  6]LogModuleManager: Shutting down and abandoning module ActorPickerMode (204)
[2017.03.19-06.54.44:324][  6]LogModuleManager: Shutting down and abandoning module GeometryMode (203)
[2017.03.19-06.54.44:324][  6]LogModuleManager: Shutting down and abandoning module TextureAlignMode (202)
[2017.03.19-06.54.44:324][  6]LogModuleManager: Shutting down and abandoning module BspMode (201)
[2017.03.19-06.54.44:324][  6]LogModuleManager: Shutting down and abandoning module HardwareSurvey (200)
[2017.03.19-06.54.44:324][  6]LogModuleManager: Shutting down and abandoning module SequenceRecorderSections (199)
[2017.03.19-06.54.44:324][  6]LogModuleManager: Shutting down and abandoning module SequenceRecorder (198)
[2017.03.19-06.54.44:324][  6]LogModuleManager: Shutting down and abandoning module AutomationWorker (197)
[2017.03.19-06.54.44:324][  6]LogModuleManager: Shutting down and abandoning module MatineeToLevelSequence (196)
[2017.03.19-06.54.44:324][  6]LogModuleManager: Shutting down and abandoning module PlacementMode (195)
[2017.03.19-06.54.44:324][  6]LogModuleManager: Shutting down and abandoning module LevelSequenceEditor (194)
[2017.03.19-06.54.44:324][  6]LogModuleManager: Shutting down and abandoning module CharacterAI (193)
[2017.03.19-06.54.44:324][  6]LogModuleManager: Shutting down and abandoning module SmartSnapping (192)
[2017.03.19-06.54.44:324][  6]LogModuleManager: Shutting down and abandoning module SessionServices (191)
[2017.03.19-06.54.44:324][  6]LogModuleManager: Shutting down and abandoning module ViewportSnapping (190)
[2017.03.19-06.54.44:324][  6]LogModuleManager: Shutting down and abandoning module LogVisualizer (189)
[2017.03.19-06.54.44:324][  6]LogModuleManager: Shutting down and abandoning module GameProjectGeneration (188)
[2017.03.19-06.54.44:324][  6]LogModuleManager: Shutting down and abandoning module IntroTutorials (187)
[2017.03.19-06.54.44:324][  6]LogModuleManager: Shutting down and abandoning module EditorLiveStreaming (186)
[2017.03.19-06.54.44:324][  6]LogModuleManager: Shutting down and abandoning module IOSPlatformEditor (185)
[2017.03.19-06.54.44:324][  6]LogModuleManager: Shutting down and abandoning module HTML5PlatformEditor (184)
[2017.03.19-06.54.44:324][  6]LogModuleManager: Shutting down and abandoning module AndroidDeviceDetection (183)
[2017.03.19-06.54.44:602][  6]LogModuleManager: Shutting down and abandoning module AndroidPlatformEditor (182)
[2017.03.19-06.54.44:602][  6]LogModuleManager: Shutting down and abandoning module IOSRuntimeSettings (181)
[2017.03.19-06.54.44:602][  6]LogModuleManager: Shutting down and abandoning module AndroidRuntimeSettings (180)
[2017.03.19-06.54.44:602][  6]LogModuleManager: Shutting down and abandoning module MergeActors (179)
[2017.03.19-06.54.44:602][  6]LogModuleManager: Shutting down and abandoning module SizeMap (178)
[2017.03.19-06.54.44:602][  6]LogModuleManager: Shutting down and abandoning module TreeMap (177)
[2017.03.19-06.54.44:602][  6]LogModuleManager: Shutting down and abandoning module ReferenceViewer (176)
[2017.03.19-06.54.44:602][  6]LogModuleManager: Shutting down and abandoning module LocalizationService (175)
[2017.03.19-06.54.44:602][  6]LogModuleManager: Shutting down and abandoning module LocalizationDashboard (174)
[2017.03.19-06.54.44:602][  6]LogModuleManager: Shutting down and abandoning module HardwareTargeting (173)
[2017.03.19-06.54.44:602][  6]LogModuleManager: Shutting down and abandoning module DeviceProfileEditor (172)
[2017.03.19-06.54.44:602][  6]LogModuleManager: Shutting down and abandoning module UndoHistory (171)
[2017.03.19-06.54.44:602][  6]LogModuleManager: Shutting down and abandoning module UserFeedback (170)
[2017.03.19-06.54.44:602][  6]LogModuleManager: Shutting down and abandoning module XmlParser (169)
[2017.03.19-06.54.44:602][  6]LogModuleManager: Shutting down and abandoning module Blutility (168)
[2017.03.19-06.54.44:602][  6]LogModuleManager: Shutting down and abandoning module ProjectTargetPlatformEditor (167)
[2017.03.19-06.54.44:603][  6]LogModuleManager: Shutting down and abandoning module ProjectSettingsViewer (166)
[2017.03.19-06.54.44:603][  6]LogModuleManager: Shutting down and abandoning module InputBindingEditor (165)
[2017.03.19-06.54.44:603][  6]LogModuleManager: Shutting down and abandoning module EditorSettingsViewer (164)
[2017.03.19-06.54.44:603][  6]LogModuleManager: Shutting down and abandoning module SettingsEditor (163)
[2017.03.19-06.54.44:603][  6]LogModuleManager: Shutting down and abandoning module ProjectLauncher (162)
[2017.03.19-06.54.44:603][  6]LogModuleManager: Shutting down and abandoning module SessionFrontend (161)
[2017.03.19-06.54.44:603][  6]LogModuleManager: Shutting down and abandoning module ProfilerClient (160)
[2017.03.19-06.54.44:603][  6]LogModuleManager: Shutting down and abandoning module TargetDeviceServices (159)
[2017.03.19-06.54.44:603][  6]LogModuleManager: Shutting down and abandoning module DeviceManager (158)
[2017.03.19-06.54.44:645][  6]LogModuleManager: Shutting down and abandoning module AutomationController (157)
[2017.03.19-06.54.44:645][  6]LogModuleManager: Shutting down and abandoning module AutomationWindow (156)
[2017.03.19-06.54.44:645][  6]LogModuleManager: Shutting down and abandoning module Layers (155)
[2017.03.19-06.54.44:645][  6]LogModuleManager: Shutting down and abandoning module ComponentVisualizers (154)
[2017.03.19-06.54.44:645][  6]LogModuleManager: Shutting down and abandoning module DetailCustomizations (153)
[2017.03.19-06.54.44:645][  6]LogModuleManager: Shutting down and abandoning module PackagesDialog (152)
[2017.03.19-06.54.44:645][  6]LogModuleManager: Shutting down and abandoning module Persona (151)
[2017.03.19-06.54.44:645][  6]LogModuleManager: Shutting down and abandoning module Kismet (150)
[2017.03.19-06.54.44:646][  6]LogModuleManager: Shutting down and abandoning module GraphEditor (149)
[2017.03.19-06.54.44:646][  6]LogModuleManager: Shutting down and abandoning module ClassViewer (148)
[2017.03.19-06.54.44:646][  6]LogModuleManager: Shutting down and abandoning module Toolbox (147)
[2017.03.19-06.54.44:646][  6]LogModuleManager: Shutting down and abandoning module ModuleUI (146)
[2017.03.19-06.54.44:646][  6]LogModuleManager: Shutting down and abandoning module MovieSceneTools (145)
[2017.03.19-06.54.44:646][  6]LogModuleManager: Shutting down and abandoning module OutputLog (144)
[2017.03.19-06.54.44:646][  6]LogModuleManager: Shutting down and abandoning module GammaUI (143)
[2017.03.19-06.54.44:646][  6]LogModuleManager: Shutting down and abandoning module Documentation (142)
[2017.03.19-06.54.44:646][  6]LogModuleManager: Shutting down and abandoning module StreamingPauseRendering (141)
[2017.03.19-06.54.44:646][  6]LogModuleManager: Shutting down and abandoning module AnalyticsET (140)
[2017.03.19-06.54.44:646][  6]LogModuleManager: Shutting down and abandoning module Analytics (139)
[2017.03.19-06.54.44:646][  6]LogModuleManager: Shutting down and abandoning module PortalServices (138)
[2017.03.19-06.54.44:646][  6]LogModuleManager: Shutting down and abandoning module PortalRpc (137)
[2017.03.19-06.54.44:646][  6]LogModuleManager: Shutting down and abandoning module MessagingRpc (136)
[2017.03.19-06.54.44:646][  6]LogModuleManager: Shutting down and abandoning module GameplayDebugger (135)
[2017.03.19-06.54.44:646][  6]LogModuleManager: Shutting down and abandoning module AITestSuite (134)
[2017.03.19-06.54.44:646][  6]LogModuleManager: Shutting down and abandoning module AIModule (133)
[2017.03.19-06.54.44:646][  6]LogModuleManager: Shutting down and abandoning module ProfilerService (132)
[2017.03.19-06.54.44:702][  6]LogModuleManager: Shutting down and abandoning module TaskGraph (131)
[2017.03.19-06.54.44:702][  6]LogModuleManager: Shutting down and abandoning module SlateRemote (130)
[2017.03.19-06.54.44:702][  6]LogModuleManager: Shutting down and abandoning module SteamVRController (129)
[2017.03.19-06.54.44:702][  6]LogModuleManager: Shutting down and abandoning module SteamVR (128)
[2017.03.19-06.54.44:702][  6]LogModuleManager: Shutting down and abandoning module ProceduralMeshComponent (127)
[2017.03.19-06.54.44:702][  6]LogModuleManager: Shutting down and abandoning module OculusLibrary (126)
[2017.03.19-06.54.44:702][  6]LogModuleManager: Shutting down and abandoning module OculusInput (125)
[2017.03.19-06.54.44:702][  6]LogModuleManager: Shutting down and abandoning module CustomMeshComponent (124)
[2017.03.19-06.54.44:702][  6]LogModuleManager: Shutting down and abandoning module CableComponent (123)
[2017.03.19-06.54.44:702][  6]LogModuleManager: Shutting down and abandoning module ArchVisCharacter (122)
[2017.03.19-06.54.44:702][  6]LogModuleManager: Shutting down and abandoning module MediaPlayerEditor (121)
[2017.03.19-06.54.44:702][  6]LogModuleManager: Shutting down and abandoning module HTML5Networking (120)
[2017.03.19-06.54.44:702][  6]LogModuleManager: Shutting down and abandoning module SuperSearch (119)
[2017.03.19-06.54.44:702][  6]LogModuleManager: Shutting down and abandoning module SuperSearchEditor (118)
[2017.03.19-06.54.44:703][  6]LogModuleManager: Shutting down and abandoning module SpeedTreeImporter (117)
[2017.03.19-06.54.44:703][  6]LogModuleManager: Shutting down and abandoning module PluginBrowser (116)
[2017.03.19-06.54.44:703][  6]LogModuleManager: Shutting down and abandoning module EpicSurvey (115)
[2017.03.19-06.54.44:703][  6]LogModuleManager: Shutting down and abandoning module DesktopPlatform (114)
[2017.03.19-06.54.44:703][  6]LogModuleManager: Shutting down and abandoning module VisualStudioSourceCodeAccess (113)
[2017.03.19-06.54.44:703][  6]LogModuleManager: Shutting down and abandoning module UObjectPlugin (112)
[2017.03.19-06.54.44:703][  6]LogModuleManager: Shutting down and abandoning module SubversionSourceControl (111)
[2017.03.19-06.54.44:703][  6]LogModuleManager: Shutting down and abandoning module PerforceSourceControl (110)
[2017.03.19-06.54.44:703][  6]LogModuleManager: Shutting down and abandoning module SourceControl (109)
[2017.03.19-06.54.44:703][  6]LogModuleManager: Shutting down and abandoning module GitSourceControl (108)
[2017.03.19-06.54.44:703][  6]LogModuleManager: Shutting down and abandoning module LightPropagationVolumeEditor (107)
[2017.03.19-06.54.44:703][  6]LogModuleManager: Shutting down and abandoning module PaperTiledImporter (106)
[2017.03.19-06.54.44:703][  6]LogModuleManager: Shutting down and abandoning module PaperSpriteSheetImporter (105)
[2017.03.19-06.54.44:703][  6]LogModuleManager: Shutting down and abandoning module MeshPaint (104)
[2017.03.19-06.54.44:703][  6]LogModuleManager: Shutting down and abandoning module PixelInspectorModule (103)
[2017.03.19-06.54.44:703][  6]LogModuleManager: Shutting down and abandoning module HotReload (102)
[2017.03.19-06.54.44:703][  6]LogModuleManager: Shutting down and abandoning module MainFrame (101)
[2017.03.19-06.54.44:704][  6]LogModuleManager: Shutting down and abandoning module LevelEditor (100)
[2017.03.19-06.54.44:704][  6]LogModuleManager: Shutting down and abandoning module ContentBrowser (99)
[2017.03.19-06.54.44:705][  6]LogModuleManager: Shutting down and abandoning module Paper2DEditor (98)
[2017.03.19-06.54.44:705][  6]LogModuleManager: Shutting down and abandoning module UdpMessaging (97)
[2017.03.19-06.54.44:805][  6]LogModuleManager: Shutting down and abandoning module LightPropagationVolumeRuntime (96)
[2017.03.19-06.54.44:805][  6]LogModuleManager: Shutting down and abandoning module Paper2D (95)
[2017.03.19-06.54.44:805][  6]LogModuleManager: Shutting down and abandoning module WindowsMoviePlayer (94)
[2017.03.19-06.54.44:805][  6]LogModuleManager: Shutting down and abandoning module Media (93)
[2017.03.19-06.54.44:805][  6]LogModuleManager: Shutting down and abandoning module WmfMedia (92)
[2017.03.19-06.54.44:806][  6]LogModuleManager: Shutting down and abandoning module MediaAssets (91)
[2017.03.19-06.54.44:806][  6]LogModuleManager: Shutting down and abandoning module GameLiveStreaming (90)
[2017.03.19-06.54.44:806][  6]LogModuleManager: Shutting down and abandoning module GameplayTagsEditor (89)
[2017.03.19-06.54.44:806][  6]LogModuleManager: Shutting down and abandoning module OnlineBlueprintSupport (88)
[2017.03.19-06.54.44:806][  6]LogModuleManager: Shutting down and abandoning module VREditor (87)
[2017.03.19-06.54.44:806][  6]LogModuleManager: Shutting down and abandoning module GameplayTasksEditor (86)
[2017.03.19-06.54.44:806][  6]LogModuleManager: Shutting down and abandoning module PropertyEditor (85)
[2017.03.19-06.54.44:806][  6]LogModuleManager: Shutting down and abandoning module BehaviorTreeEditor (84)
[2017.03.19-06.54.44:806][  6]LogModuleManager: Shutting down and abandoning module FunctionalTesting (83)
[2017.03.19-06.54.44:806][  6]LogModuleManager: Shutting down and abandoning module CollisionAnalyzer (82)
[2017.03.19-06.54.44:806][  6]LogModuleManager: Shutting down and abandoning module Sequencer (81)
[2017.03.19-06.54.44:806][  6]LogModuleManager: Shutting down and abandoning module WorkspaceMenuStructure (80)
[2017.03.19-06.54.44:806][  6]LogModuleManager: Shutting down and abandoning module MessageLog (79)
[2017.03.19-06.54.44:806][  6]LogModuleManager: Shutting down and abandoning module AssetTools (78)
[2017.03.19-06.54.44:806][  6]LogModuleManager: Shutting down and abandoning module UMGEditor (77)
[2017.03.19-06.54.44:806][  6]LogModuleManager: Shutting down and abandoning module UMG (76)
[2017.03.19-06.54.44:806][  6]LogModuleManager: Shutting down and abandoning module SlateReflector (75)
[2017.03.19-06.54.44:806][  6]LogModuleManager: Shutting down and abandoning module Slate (74)
[2017.03.19-06.54.44:806][  6]LogModuleManager: Shutting down and abandoning module EditorStyle (73)
[2017.03.19-06.54.44:810][  6]LogModuleManager: Shutting down and abandoning module SourceCodeAccess (72)
[2017.03.19-06.54.44:810][  6]LogModuleManager: Shutting down and abandoning module HeadMountedDisplay (71)
[2017.03.19-06.54.44:810][  6]LogModuleManager: Shutting down and abandoning module XAudio2 (70)
[2017.03.19-06.54.44:810][  6]LogModuleManager: Shutting down and abandoning module Networking (69)
[2017.03.19-06.54.44:810][  6]LogModuleManager: Shutting down and abandoning module Core (68)
[2017.03.19-06.54.44:810][  6]LogModuleManager: Shutting down and abandoning module DirectoryWatcher (67)
[2017.03.19-06.54.44:811][  6]LogModuleManager: Shutting down and abandoning module AssetRegistry (66)
[2017.03.19-06.54.45:054][  6]LogModuleManager: Shutting down and abandoning module KismetCompiler (65)
[2017.03.19-06.54.45:054][  6]LogModuleManager: Shutting down and abandoning module PhysXFormats (64)
[2017.03.19-06.54.45:054][  6]LogModuleManager: Shutting down and abandoning module MeshUtilities (63)
[2017.03.19-06.54.45:054][  6]LogModuleManager: Shutting down and abandoning module DerivedDataCache (62)
[2017.03.19-06.54.45:104][  6]LogDerivedDataCache: Shutdown
[2017.03.19-06.54.45:104][  6]LogModuleManager: Shutting down and abandoning module VulkanShaderFormat (61)
[2017.03.19-06.54.45:104][  6]LogModuleManager: Shutting down and abandoning module ShaderFormatOpenGL (60)
[2017.03.19-06.54.45:104][  6]LogModuleManager: Shutting down and abandoning module ShaderFormatD3D (59)
[2017.03.19-06.54.45:104][  6]LogModuleManager: Shutting down and abandoning module MetalShaderFormat (58)
[2017.03.19-06.54.45:104][  6]LogModuleManager: Shutting down and abandoning module TextureFormatUncompressed (57)
[2017.03.19-06.54.45:104][  6]LogModuleManager: Shutting down and abandoning module TextureFormatPVR (56)
[2017.03.19-06.54.45:104][  6]LogModuleManager: Shutting down and abandoning module TextureFormatIntelISPCTexComp (55)
[2017.03.19-06.54.45:104][  6]LogModuleManager: Shutting down and abandoning module TextureFormatDXT (54)
[2017.03.19-06.54.45:104][  6]LogModuleManager: Shutting down and abandoning module ImageWrapper (53)
[2017.03.19-06.54.45:104][  6]LogModuleManager: Shutting down and abandoning module TextureFormatASTC (52)
[2017.03.19-06.54.45:104][  6]LogModuleManager: Shutting down and abandoning module TextureFormatAndroid (51)
[2017.03.19-06.54.45:104][  6]LogModuleManager: Shutting down and abandoning module AudioFormatOpus (50)
[2017.03.19-06.54.45:104][  6]LogModuleManager: Shutting down and abandoning module AudioFormatOgg (49)
[2017.03.19-06.54.45:104][  6]LogModuleManager: Shutting down and abandoning module AudioFormatADPCM (48)
[2017.03.19-06.54.45:104][  6]LogModuleManager: Shutting down and abandoning module LinuxTargetPlatform (47)
[2017.03.19-06.54.45:104][  6]LogModuleManager: Shutting down and abandoning module LinuxServerTargetPlatform (46)
[2017.03.19-06.54.45:104][  6]LogModuleManager: Shutting down and abandoning module LinuxNoEditorTargetPlatform (45)
[2017.03.19-06.54.45:104][  6]LogModuleManager: Shutting down and abandoning module TVOSTargetPlatform (44)
[2017.03.19-06.54.45:104][  6]LogModuleManager: Shutting down and abandoning module Messaging (43)
[2017.03.19-06.54.45:104][  6]LogModuleManager: Shutting down and abandoning module IOSTargetPlatform (42)
[2017.03.19-06.54.45:104][  6]LogModuleManager: Shutting down and abandoning module HTML5TargetPlatform (41)
[2017.03.19-06.54.45:104][  6]LogModuleManager: Shutting down and abandoning module Android_PVRTCTargetPlatform (40)
[2017.03.19-06.54.45:104][  6]LogModuleManager: Shutting down and abandoning module Android_MultiTargetPlatform (39)
[2017.03.19-06.54.45:104][  6]LogModuleManager: Shutting down and abandoning module Android_ETC2TargetPlatform (38)
[2017.03.19-06.54.45:104][  6]LogModuleManager: Shutting down and abandoning module Android_ETC1TargetPlatform (37)
[2017.03.19-06.54.45:104][  6]LogModuleManager: Shutting down and abandoning module Android_DXTTargetPlatform (36)
[2017.03.19-06.54.45:104][  6]LogModuleManager: Shutting down and abandoning module Android_ATCTargetPlatform (35)
[2017.03.19-06.54.45:104][  6]LogModuleManager: Shutting down and abandoning module Android_ASTCTargetPlatform (34)
[2017.03.19-06.54.45:104][  6]LogModuleManager: Shutting down and abandoning module AndroidTargetPlatform (33)
[2017.03.19-06.54.45:104][  6]LogModuleManager: Shutting down and abandoning module WindowsTargetPlatform (32)
[2017.03.19-06.54.45:104][  6]LogModuleManager: Shutting down and abandoning module WindowsServerTargetPlatform (31)
[2017.03.19-06.54.45:104][  6]LogModuleManager: Shutting down and abandoning module WindowsNoEditorTargetPlatform (30)
[2017.03.19-06.54.45:104][  6]LogModuleManager: Shutting down and abandoning module WindowsClientTargetPlatform (29)
[2017.03.19-06.54.45:104][  6]LogModuleManager: Shutting down and abandoning module AllDesktopTargetPlatform (28)
[2017.03.19-06.54.45:104][  6]LogModuleManager: Shutting down and abandoning module TargetPlatform (27)
[2017.03.19-06.54.45:104][  6]LogModuleManager: Shutting down and abandoning module InputCore (26)
[2017.03.19-06.54.45:104][  6]LogModuleManager: Shutting down and abandoning module Settings (25)
[2017.03.19-06.54.45:104][  6]LogModuleManager: Shutting down and abandoning module Voice (23)
[2017.03.19-06.54.45:104][  6]LogModuleManager: Shutting down and abandoning module OnlineSubsystem (19)
[2017.03.19-06.54.45:104][  6]LogOnline:Display: NULL: FOnlineSubsystemNull::Shutdown()
[2017.03.19-06.54.45:105][  6]LogOnline:Display: Unloading online subsystem: STEAM
[2017.03.19-06.54.45:105][  6]LogOnline:Display: Unloading online subsystem: NULL
[2017.03.19-06.54.45:105][  6]LogModuleManager: Shutting down and abandoning module HTTP (18)
[2017.03.19-06.54.49:668][  6]LogModuleManager: Shutting down and abandoning module XMPP (17)
[2017.03.19-06.54.49:668][  6]LogModuleManager: Shutting down and abandoning module OculusRift (16)
[2017.03.19-06.54.49:668][  6]LogModuleManager: Shutting down and abandoning module ExampleDeviceProfileSelector (15)
[2017.03.19-06.54.49:668][  6]LogModuleManager: Shutting down and abandoning module TextureCompressor (14)
[2017.03.19-06.54.49:669][  6]LogModuleManager: Shutting down and abandoning module ShaderCore (13)
[2017.03.19-06.54.49:669][  6]LogModuleManager: Shutting down and abandoning module Landscape (12)
[2017.03.19-06.54.49:669][  6]LogModuleManager: Shutting down and abandoning module SlateRHIRenderer (11)
[2017.03.19-06.54.49:670][  6]LogModuleManager: Shutting down and abandoning module OpenGLDrv (10)
[2017.03.19-06.54.49:670][  6]LogModuleManager: Shutting down and abandoning module D3D11RHI (9)
[2017.03.19-06.54.49:670][  6]LogModuleManager: Shutting down and abandoning module AnimGraphRuntime (8)
[2017.03.19-06.54.49:670][  6]LogModuleManager: Shutting down and abandoning module Renderer (7)
[2017.03.19-06.54.49:670][  6]LogModuleManager: Shutting down and abandoning module Engine (6)
[2017.03.19-06.54.49:670][  6]LogModuleManager: Shutting down and abandoning module CoreUObject (5)
[2017.03.19-06.54.49:670][  6]LogModuleManager: Shutting down and abandoning module NetworkFile (4)
[2017.03.19-06.54.49:670][  6]LogModuleManager: Shutting down and abandoning module StreamingFile (3)
[2017.03.19-06.54.49:670][  6]LogModuleManager: Shutting down and abandoning module SandboxFile (2)
[2017.03.19-06.54.49:670][  6]LogModuleManager: Shutting down and abandoning module PakFile (1)
[2017.03.19-06.54.49:675][  6]LogExit: Exiting.
[2017.03.19-06.54.49:679][  6]Log file closed, 03/19/17 15:54:49
