Log file open, 11/08/16 19:37:29
LogInit:Display: Running engine for game: UNNAMED
LogPlatformFile: Not using cached read wrapper
LogInit:Display: RandInit(347958176) SRandInit(347958177).
LogTaskGraph: Started task graph with 4 named threads and 7 total threads with 1 sets of task threads.
LogStats: Stats thread started at 0.410970
LogInit: Version: 4.12.5-3039270+++UE4+Release-4.12
LogInit: API Version: 2992821
LogInit: Net Version: 3039270
LogDevObjectVersion: Number of dev versions registered: 13
LogDevObjectVersion:   Dev-Blueprints (B0D832E4-1F89-4F0D-ACCF-7EB736FD4AA2): 3
LogDevObjectVersion:   Dev-Build (E1C64328-A22C-4D53-A36C-8E866417BD8C): 0
LogDevObjectVersion:   Dev-Core (375EC13C-06E4-48FB-B500-84F0262A717E): 1
LogDevObjectVersion:   Dev-Editor (E4B068ED-F494-42E9-A231-DA0B2E46BB41): 2
LogDevObjectVersion:   Dev-Framework (CFFC743F-43B0-4480-9391-14DF171D2073): 6
LogDevObjectVersion:   Dev-Mobile (B02B49B5-BB20-44E9-A304-32B752E40360): 0
LogDevObjectVersion:   Dev-Networking (A4E4105C-59A1-49B5-A7C5-40C4547EDFEE): 0
LogDevObjectVersion:   Dev-Online (39C831C9-5AE6-47DC-9A44-9C173E1C8E7C): 0
LogDevObjectVersion:   Dev-Physics (78F01B33-EBEA-4F98-B9B4-84EACCB95AA2): 0
LogDevObjectVersion:   Dev-Platform (6631380F-2D4D-43E0-8009-CF276956A95A): 0
LogDevObjectVersion:   Dev-Rendering (12F88B9F-8875-4AFC-A67C-D90C383ABD29): 2
LogDevObjectVersion:   Dev-Sequencer (7B5AE74C-D270-4C10-A958-57980B212A5A): 0
LogDevObjectVersion:   Dev-VR (D7296918-1DD6-4BDD-9DE2-64A83CC13884): 0
LogInit: Compiled (64-bit): Jul  6 2016 09:09:46
LogInit: Compiled with Visual C++: 19.00.23026.00
LogInit: Build Configuration: Development
LogInit: Branch Name: ++UE4+Release-4.12
LogInit: Command line:  
LogInit: Base directory: C:/Program Files (x86)/Epic Games/4.12/Engine/Binaries/Win64/
LogInit: Installed Engine Build: 1
LogInit: Using libcurl 7.41.0
LogInit:  - built for x86_64-pc-win32
LogInit:  - supports SSL with WinSSL
LogInit:  - other features:
LogInit:      CURL_VERSION_SSL
LogInit:      CURL_VERSION_IPV6
LogInit:      CURL_VERSION_ASYNCHDNS
LogInit:      CURL_VERSION_LARGEFILE
LogInit:      CURL_VERSION_IDN
LogInit:  CurlRequestOptions (configurable via config and command line):
LogInit:  - bVerifyPeer = true  - Libcurl will verify peer certificate
LogInit:  - bUseHttpProxy = false  - Libcurl will NOT use HTTP proxy
LogInit:  - bDontReuseConnections = false  - Libcurl will reuse connections
LogInit:  - CertBundlePath = nullptr  - Libcurl will use whatever was configured at build time.
LogInit: Presizing for max 8388607 objects, including 0 objects not considered by GC, pre-allocating 0 bytes for permanent pool.
LogInit: Object subsystem initialized
[2016.11.08-10.37.29:918][  0]LogInit: Selected Device Profile: [Windows]
[2016.11.08-10.37.29:918][  0]LogInit: Applying CVar settings loaded from the selected device profile: [Windows]
[2016.11.08-10.37.29:974][  0]LogInit: Computer: DESKTOP-5I3HB32
[2016.11.08-10.37.29:974][  0]LogInit: User: jcy
[2016.11.08-10.37.29:974][  0]LogInit: CPU Page size=65536, Cores=4
[2016.11.08-10.37.29:974][  0]LogInit: High frequency timer resolution =2.533208 MHz
[2016.11.08-10.37.29:975][  0]LogMemory: Memory total: Physical=7.9GB (8GB approx)
[2016.11.08-10.37.29:975][  0]LogMemory: Platform Memory Stats for Windows
[2016.11.08-10.37.29:975][  0]LogMemory: Process Physical Memory: 191.06 MB used, 191.06 MB peak
[2016.11.08-10.37.29:975][  0]LogMemory: Process Virtual Memory: 195.27 MB used, 195.27 MB peak
[2016.11.08-10.37.29:975][  0]LogMemory: Physical Memory: 3581.72 MB used, 8113.86 MB total
[2016.11.08-10.37.29:975][  0]LogMemory: Virtual Memory: 553.27 MB used, 134217728.00 MB total
[2016.11.08-10.37.31:875][  0]LogD3D11RHI: D3D11 adapters:
[2016.11.08-10.37.32:689][  0]LogD3D11RHI:    0. 'NVIDIA GeForce GTX 960M' (Feature Level 11_0)
[2016.11.08-10.37.32:689][  0]LogD3D11RHI:       2018/0/4056 MB DedicatedVideo/DedicatedSystem/SharedSystem, Outputs:2, VendorId:0x10de
[2016.11.08-10.37.32:703][  0]LogD3D11RHI:    1. 'Intel(R) HD Graphics 4600' (Feature Level 11_0)
[2016.11.08-10.37.32:703][  0]LogD3D11RHI:       112/0/2048 MB DedicatedVideo/DedicatedSystem/SharedSystem, Outputs:0, VendorId:0x8086
[2016.11.08-10.37.32:705][  0]LogD3D11RHI:    2. 'Microsoft Basic Render Driver' (Feature Level 11_0)
[2016.11.08-10.37.32:705][  0]LogD3D11RHI:       0/0/4056 MB DedicatedVideo/DedicatedSystem/SharedSystem, Outputs:0, VendorId:0x1414
[2016.11.08-10.37.32:705][  0]LogD3D11RHI: Chosen D3D11 Adapter: 0
[2016.11.08-10.37.32:711][  0]LogD3D11RHI: Creating new Direct3DDevice
[2016.11.08-10.37.32:711][  0]LogD3D11RHI:     GPU DeviceId: 0x139b (for the marketing name, search the web for "GPU Device Id")
[2016.11.08-10.37.32:711][  0]LogWindows: EnumDisplayDevices:
[2016.11.08-10.37.32:712][  0]LogWindows:    0. 'Intel(R) HD Graphics 4600' (P:1 D:1)
[2016.11.08-10.37.32:712][  0]LogWindows:    1. 'Intel(R) HD Graphics 4600' (P:0 D:1)
[2016.11.08-10.37.32:712][  0]LogWindows:    2. 'Intel(R) HD Graphics 4600' (P:0 D:0)
[2016.11.08-10.37.32:712][  0]LogWindows: DebugString: PrimaryIsNotTheChoosenAdapter PrimaryIsNotTheChoosenAdapter PrimaryIsNotTheChoosenAdapter FoundDriverCount:0 
[2016.11.08-10.37.32:712][  0]LogD3D11RHI:     Adapter Name: NVIDIA GeForce GTX 960M
[2016.11.08-10.37.32:712][  0]LogD3D11RHI:   Driver Version: Unknown (internal:Unknown, unified:Unknown)
[2016.11.08-10.37.32:712][  0]LogD3D11RHI:      Driver Date: Unknown
[2016.11.08-10.37.32:712][  0]LogRHI: Texture pool is 1361 MB (70% of 1945 MB)
[2016.11.08-10.37.33:225][  0]LogD3D11RHI: Async texture creation enabled
[2016.11.08-10.37.33:345][  0]LogD3D11RHI: GPU Timing Frequency: 1000.000000 (Debug: 2 2)
[2016.11.08-10.37.33:346][  0]LogShaderCompilers: Guid format shader working directory is -15 characters bigger than the processId version (../../../../../../Users/jcy/Documents/GitHub/UNNAMED/UNNAMED/Intermediate/Shaders/WorkingDirectory/408/).
[2016.11.08-10.37.33:347][  0]LogShaderCompilers: Cleaned the shader compiler working directory 'C:/Users/jcy/AppData/Local/Temp/UnrealShaderWorkingDir/F4AE880C441485082B0B36BC4AE1BF7B/'.
[2016.11.08-10.37.33:347][  0]LogShaderCompilers:Display: Using Local Shader Compiler.
[2016.11.08-10.37.38:258][  0]LogTemp:Display: Loaded TP AllDesktopTargetPlatform
[2016.11.08-10.37.38:289][  0]LogTemp:Display: Loaded TP WindowsClientTargetPlatform
[2016.11.08-10.37.38:341][  0]LogTemp:Display: Loaded TP WindowsNoEditorTargetPlatform
[2016.11.08-10.37.38:382][  0]LogTemp:Display: Loaded TP WindowsServerTargetPlatform
[2016.11.08-10.37.38:451][  0]LogTemp:Display: Loaded TP WindowsTargetPlatform
[2016.11.08-10.37.38:509][  0]LogTemp:Display: Loaded TP AndroidTargetPlatform
[2016.11.08-10.37.38:573][  0]LogTemp:Display: Loaded TP Android_ASTCTargetPlatform
[2016.11.08-10.37.38:614][  0]LogTemp:Display: Loaded TP Android_ATCTargetPlatform
[2016.11.08-10.37.38:649][  0]LogTemp:Display: Loaded TP Android_DXTTargetPlatform
[2016.11.08-10.37.38:698][  0]LogTemp:Display: Loaded TP Android_ETC1TargetPlatform
[2016.11.08-10.37.38:724][  0]LogTemp:Display: Loaded TP Android_ETC2TargetPlatform
[2016.11.08-10.37.38:804][  0]LogTemp:Display: Loaded TP Android_MultiTargetPlatform
[2016.11.08-10.37.38:804][  0]LogTemp:Display: Loaded TP Android_PVRTCTargetPlatform
[2016.11.08-10.37.38:836][  0]LogTemp:Display: Loaded TP HTML5TargetPlatform
[2016.11.08-10.37.39:014][  0]LogTemp:Display: Loaded TP IOSTargetPlatform
[2016.11.08-10.37.39:084][  0]LogTemp:Display: Loaded TP TVOSTargetPlatform
[2016.11.08-10.37.39:181][  0]LogTemp:Display: Loaded TP LinuxNoEditorTargetPlatform
[2016.11.08-10.37.39:257][  0]LogTemp:Display: Loaded TP LinuxServerTargetPlatform
[2016.11.08-10.37.39:360][  0]LogTemp:Display: Loaded TP LinuxTargetPlatform
[2016.11.08-10.37.39:360][  0]LogTargetPlatformManager:Display: Building Assets For Windows
[2016.11.08-10.37.40:873][  0]LogDerivedDataCache:Display: Max Cache Size: 512 MB
[2016.11.08-10.37.41:325][  0]LogDerivedDataCache: Loaded boot cache 0.45s 48MB C:/Users/jcy/AppData/Local/UnrealEngine/4.12/DerivedDataCache/Boot.ddc.
[2016.11.08-10.37.41:326][  0]LogDerivedDataCache:Display: Loaded Boot cache: C:/Users/jcy/AppData/Local/UnrealEngine/4.12/DerivedDataCache/Boot.ddc
[2016.11.08-10.37.41:326][  0]LogDerivedDataCache: FDerivedDataBackendGraph:  Pak pak cache file ../../../../../../Users/jcy/Documents/GitHub/UNNAMED/UNNAMED/DerivedDataCache/DDC.ddp not found, will not use a pak cache.
[2016.11.08-10.37.41:326][  0]LogDerivedDataCache: Unable to find inner node Pak for hierarchical cache Hierarchy.
[2016.11.08-10.37.41:326][  0]LogDerivedDataCache: FDerivedDataBackendGraph:  CompressedPak pak cache file ../../../../../../Users/jcy/Documents/GitHub/UNNAMED/UNNAMED/DerivedDataCache/Compressed.ddp not found, will not use a pak cache.
[2016.11.08-10.37.41:326][  0]LogDerivedDataCache: Unable to find inner node CompressedPak for hierarchical cache Hierarchy.
[2016.11.08-10.37.41:383][  0]LogDerivedDataCache:Display: Pak cache opened for reading ../../../Engine/DerivedDataCache/Compressed.ddp.
[2016.11.08-10.37.41:405][  0]LogDerivedDataCache: Using Local data cache path C:/Users/jcy/AppData/Local/UnrealEngine/Common/DerivedDataCache: Writable
[2016.11.08-10.37.43:334][  0]LogInit: Selected Device Profile: [Windows]
[2016.11.08-10.37.43:368][  0]LogContentStreaming: Texture pool size is 0.00 MB
[2016.11.08-10.37.44:212][  0]LogMeshUtilities: No automatic mesh reduction module available
[2016.11.08-10.37.44:212][  0]LogMeshUtilities: No automatic mesh merging module available
[2016.11.08-10.37.44:212][  0]LogMeshUtilities: No distributed automatic mesh merging module available
[2016.11.08-10.37.45:885][  0]LogAssetRegistry: FAssetRegistry took 0.0222 seconds to start up
[2016.11.08-10.37.45:925][  0]LogPackageLocalizationCache: Processed 3 localized package path(s) for 1 prioritized culture(s) in 0.034240 seconds
[2016.11.08-10.37.45:936][  0]LogUObjectArray: 28739 objects as part of root set at end of initial load.
[2016.11.08-10.37.45:936][  0]LogUObjectAllocator: 5855632 out of 0 bytes used by permanent object pool.
[2016.11.08-10.37.45:936][  0]LogUObjectArray: CloseDisregardForGC: 0/0 objects in disregard for GC pool
[2016.11.08-10.37.45:963][  0]LogInit: WinSock: version 1.1 (2.2), MaxSocks=32767, MaxUdp=65467
[2016.11.08-10.37.50:604][  0]LogSlate: SlateFontCache - WITH_FREETYPE: 1, WITH_HARFBUZZ: 1
[2016.11.08-10.37.50:604][  0]LogSlate: SlateFontCache - WITH_FREETYPE: 1, WITH_HARFBUZZ: 1
[2016.11.08-10.38.07:093][  0]LogUdpMessaging: Initializing bridge on interface 0.0.0.0:0 to multicast group 230.0.0.1:6666.
[2016.11.08-10.38.08:704][  0]SourceControl: Info Source control is disabled
[2016.11.08-10.38.08:723][  0]SourceControl: Info Source control is disabled
[2016.11.08-10.38.08:819][  0]SourceControl: Info Source control is disabled
[2016.11.08-10.38.08:926][  0]SourceControl: Info Source control is disabled
[2016.11.08-10.38.10:937][  0]LogEngine: Initializing Engine...
[2016.11.08-10.38.10:994][  0]LogHMD: SteamVR failed to initialize.  Err: 110
[2016.11.08-10.38.10:997][  0]LogHMD: SteamVR failed to initialize.  Err: 110
[2016.11.08-10.38.11:561][  0]LogAIModule: Creating AISystem for world NewWorld
[2016.11.08-10.38.11:595][  0]LogInit: XAudio2 using 'T24C350(인텔(R) 디스플레이 오디오)' : 2 channels at 48 kHz using 16 bits per sample (channel mask 0x3)
[2016.11.08-10.38.11:644][  0]LogInit: FAudioDevice initialized.
[2016.11.08-10.38.11:684][  0]LogDerivedDataCache: Saved boot cache 0.04s 48MB C:/Users/jcy/AppData/Local/UnrealEngine/4.12/DerivedDataCache/Boot.ddc.
[2016.11.08-10.38.11:693][  0]LogInit: Texture streaming: Enabled
[2016.11.08-10.38.12:143][  0]LogInit: Transaction tracking system initialized
[2016.11.08-10.38.12:562][  0]BlueprintLog: New page: Editor Load
[2016.11.08-10.38.14:466][  0]LocalizationService: Info Localization service is disabled
[2016.11.08-10.38.15:561][  0]LogConsoleResponse:Display: 
[2016.11.08-10.38.16:733][  0]LogCook:Display: Max memory allowance for cook 8192mb
[2016.11.08-10.38.16:733][  0]LogCook:Display: Mobile HDR setting 1
[2016.11.08-10.38.17:587][  0]LogFileCache: Scanning file cache for directory 'C:/Users/jcy/Documents/GitHub/UNNAMED/UNNAMED/Content/' took 0.03s
[2016.11.08-10.38.18:375][  0]SourceControl: Info Source control is disabled
[2016.11.08-10.38.18:375][  0]Cmd: MAP LOAD FILE="../../../../../../Users/jcy/Documents/GitHub/UNNAMED/UNNAMED/Content/ThirdPersonBP/Maps/ThirdPersonExampleMap.umap" TEMPLATE=0 SHOWPROGRESS=1 FEATURELEVEL=3
[2016.11.08-10.38.18:383][  0]LightingResults: New page: Lighting Build
[2016.11.08-10.38.18:395][  0]MapCheck: New page: Map Check
[2016.11.08-10.38.18:395][  0]LightingResults: New page: Lighting Build
[2016.11.08-10.38.22:309][  0]LogAIModule: Creating AISystem for world ThirdPersonExampleMap
[2016.11.08-10.38.22:512][  0]LogEditorServer: Finished looking for orphan Actors (0.000 secs)
[2016.11.08-10.38.22:513][  0]Cmd: MAP CHECKDEP NOCLEARLOG
[2016.11.08-10.38.22:641][  0]MapCheck: Info Map check complete: 0 Error(s), 0 Warning(s), took 127.341ms to complete.
[2016.11.08-10.38.22:641][  0]LogFileHelpers: Loading map 'ThirdPersonExampleMap' took 4.266
[2016.11.08-10.38.22:917][  0]LogCollectionManager: Loaded 1 collections in 0.003025 seconds
[2016.11.08-10.38.22:975][  0]LogFileCache: Scanning file cache for directory 'C:/Users/jcy/Documents/GitHub/UNNAMED/UNNAMED/Saved/Collections/' took 0.01s
[2016.11.08-10.38.22:975][  0]LogFileCache: Scanning file cache for directory 'C:/Users/jcy/Documents/GitHub/UNNAMED/UNNAMED/Content/Developers/jcy/Collections/' took 0.01s
[2016.11.08-10.38.22:975][  0]LogFileCache: Scanning file cache for directory 'C:/Users/jcy/Documents/GitHub/UNNAMED/UNNAMED/Content/Collections/' took 0.01s
[2016.11.08-10.38.22:975][  0]LogCollectionManager: Rebuilt the GUID cache for 1 collections in 0.000009 seconds
[2016.11.08-10.38.22:975][  0]LogCollectionManager: Rebuilt the hierarchy cache for 1 collections in 0.000000 seconds
[2016.11.08-10.38.22:984][  0]LogContentBrowser: Native class hierarchy populated in 0.0086 seconds. Added 2047 classes and 369 folders.
[2016.11.08-10.38.22:989][  0]LogStats: UGameplayTagsManager::ConstructGameplayTagTree: Construct from data asset -  0.000 s
[2016.11.08-10.38.22:989][  0]LogStats: UGameplayTagsManager::ConstructGameplayTagTree: GameplayTagTreeChangedEvent.Broadcast -  0.000 s
[2016.11.08-10.38.22:989][  0]LogContentBrowser: Native class hierarchy updated for 'GameplayTags' in 0.0005 seconds. Added 12 classes and 0 folders.
[2016.11.08-10.38.22:996][  0]LogContentBrowser: Native class hierarchy updated for 'WidgetCarousel' in 0.0004 seconds. Added 0 classes and 0 folders.
[2016.11.08-10.38.23:741][  0]LogContentBrowser: Native class hierarchy updated for 'AddContentDialog' in 0.0016 seconds. Added 0 classes and 0 folders.
[2016.11.08-10.38.23:882][  0]LogContentBrowser: Native class hierarchy updated for 'SceneOutliner' in 0.0005 seconds. Added 1 classes and 2 folders.
[2016.11.08-10.38.23:993][  0]LogCrashTracker: Crashtracker disabled due to settings.
[2016.11.08-10.38.23:998][  0]LogUObjectGlobals:Warning: Failed to find object 'Class None.'
[2016.11.08-10.38.24:107][  0]LogContentBrowser: Native class hierarchy updated for 'HierarchicalLODOutliner' in 0.0005 seconds. Added 1 classes and 2 folders.
[2016.11.08-10.38.24:108][  0]LogLoad: Full Startup: 57.85 seconds (BP compile: 0.39 seconds)
[2016.11.08-10.38.24:109][  0]LogExternalProfiler: Found external profiler: VSPerf
[2016.11.08-10.38.24:109][  0]LogExternalProfiler: Using external profiler: VSPerf
[2016.11.08-10.38.24:143][  0]LogWindowsTextInputMethodSystem:Display: IME system now activated using TSF (Microsoft 입력기).
[2016.11.08-10.38.24:203][  0]LogOcInput: OculusInput pre-init called
[2016.11.08-10.38.24:224][  0]LogContentStreaming: Texture pool size now 1000 MB
[2016.11.08-10.38.24:576][  0]LogRenderer: Reallocating scene render targets to support 1144x576 (Frame:2).
[2016.11.08-10.38.24:767][  1]LogAssetRegistry: Asset discovery search completed in 38.9044 seconds
[2016.11.08-10.38.24:767][  1]LogCollectionManager: Rebuilt the object cache for 1 collections in 0.000030 seconds (found 0 objects)
[2016.11.08-10.38.24:767][  1]LogCollectionManager: Fixed up redirectors for 1 collections in 0.000050 seconds (updated 0 objects)
[2016.11.08-10.40.47:207][249]LogBlueprintUserMessages: Early PlayInEditor Detection: Level '/Game/ThirdPersonBP/Maps/ThirdPersonExampleMap.ThirdPersonExampleMap:PersistentLevel' has LevelScriptBlueprint '/Game/ThirdPersonBP/Maps/ThirdPersonExampleMap.ThirdPersonExampleMap:PersistentLevel.ThirdPersonExampleMap' with GeneratedClass '/Game/ThirdPersonBP/Maps/ThirdPersonExampleMap.ThirdPersonExampleMap_C' with ClassGeneratedBy '/Game/ThirdPersonBP/Maps/ThirdPersonExampleMap.ThirdPersonExampleMap:PersistentLevel.ThirdPersonExampleMap'
[2016.11.08-10.40.47:207][249]LogPlayLevel: PlayLevel: No blueprints needed recompiling
[2016.11.08-10.40.47:214][249]PIE: New page: PIE session: ThirdPersonExampleMap (Nov 9, 2016, 4:40:47 AM)
[2016.11.08-10.40.47:215][249]LogPlayLevel: Creating play world package: /Game/ThirdPersonBP/Maps/UEDPIE_1_ThirdPersonExampleMap
[2016.11.08-10.40.47:240][249]LogPlayLevel: PIE: StaticDuplicateObject took: (0.025576s)
[2016.11.08-10.40.47:241][249]LogAIModule: Creating AISystem for world ThirdPersonExampleMap
[2016.11.08-10.40.47:241][249]LogPlayLevel: PIE: World Init took: (0.000912s)
[2016.11.08-10.40.47:242][249]LogPlayLevel: PIE: Created PIE world by copying editor world from /Game/ThirdPersonBP/Maps/ThirdPersonExampleMap.ThirdPersonExampleMap to /Game/ThirdPersonBP/Maps/UEDPIE_1_ThirdPersonExampleMap.ThirdPersonExampleMap (0.027153s)
[2016.11.08-10.40.47:307][249]LogInit: XAudio2 using 'T24C350(인텔(R) 디스플레이 오디오)' : 2 channels at 48 kHz using 16 bits per sample (channel mask 0x3)
[2016.11.08-10.40.47:315][249]LogInit: FAudioDevice initialized.
[2016.11.08-10.40.47:404][249]LogWorld: Game class is 'ThirdPersonGameMode_C'
[2016.11.08-10.40.47:412][249]LogWorld: Bringing World /Game/ThirdPersonBP/Maps/UEDPIE_1_ThirdPersonExampleMap.ThirdPersonExampleMap up for play (max tick rate 60) at 2016.11.08-19.40.47
[2016.11.08-10.40.47:413][249]LogWorld: Bringing up level for play took: 0.005016
[2016.11.08-10.40.47:418][249]LogContentBrowser: Native class hierarchy updated for 'MovieSceneCapture' in 0.0005 seconds. Added 11 classes and 0 folders.
[2016.11.08-10.40.47:425][249]LogBlueprintUserMessages: [ThirdPersonGameMode_C_0] Server: 2
[2016.11.08-10.40.47:426][249]LogInit: WinSock: Socket queue 131072 / 131072
[2016.11.08-10.40.47:429][249]LogInit: WinSock: I am DESKTOP-5I3HB32 (117.16.45.141:0)
[2016.11.08-10.40.47:429][249]PacketHandlerLog: Loaded PacketHandler component: Engine.EngineHandlerComponentFactory (StatelessConnectHandlerComponent)
[2016.11.08-10.40.47:429][249]LogNet: GameNetDriver IpNetDriver_0 IpNetDriver listening on port 7777
[2016.11.08-10.40.47:523][249]PIE: Info Play in editor start time for /Game/ThirdPersonBP/Maps/UEDPIE_1_ThirdPersonExampleMap -0.147
[2016.11.08-10.40.47:531][249]PIE: New page: PIE session: ThirdPersonExampleMap (Nov 9, 2016, 4:40:47 AM)
[2016.11.08-10.40.47:610][249]LogNet: Browse: 127.0.0.1//Game/ThirdPersonBP/Maps/ThirdPersonExampleMap
[2016.11.08-10.40.47:611][249]LogInit: WinSock: Socket queue 32768 / 32768
[2016.11.08-10.40.47:611][249]PacketHandlerLog: Loaded PacketHandler component: Engine.EngineHandlerComponentFactory (StatelessConnectHandlerComponent)
[2016.11.08-10.40.47:611][249]LogNet: Game client on port 7777, rate 10000
[2016.11.08-10.40.47:611][249]LogNet: GetLocalNetworkVersion: GEngineNetVersion: 3039270, ProjectName: unnamed, ProjectVersion: 1.0.0.0, InternalProtocolVersion: 9, LocalNetworkVersion: 1745645396
[2016.11.08-10.40.47:709][249]PIE: Info Play in editor start time for /Game/ThirdPersonBP/Maps/ThirdPersonExampleMap 0.039
[2016.11.08-10.40.47:715][249]PIE: New page: PIE session: ThirdPersonExampleMap (Nov 9, 2016, 4:40:47 AM)
[2016.11.08-10.40.47:800][249]LogNet: Browse: 127.0.0.1//Game/ThirdPersonBP/Maps/ThirdPersonExampleMap
[2016.11.08-10.40.47:800][249]LogInit: WinSock: Socket queue 32768 / 32768
[2016.11.08-10.40.47:800][249]PacketHandlerLog: Loaded PacketHandler component: Engine.EngineHandlerComponentFactory (StatelessConnectHandlerComponent)
[2016.11.08-10.40.47:800][249]LogNet: Game client on port 7777, rate 10000
[2016.11.08-10.40.47:800][249]LogNet: GetLocalNetworkVersion: GEngineNetVersion: 3039270, ProjectName: unnamed, ProjectVersion: 1.0.0.0, InternalProtocolVersion: 9, LocalNetworkVersion: 1745645396
[2016.11.08-10.40.47:881][249]PIE: Info Play in editor start time for /Game/ThirdPersonBP/Maps/ThirdPersonExampleMap 0.211
[2016.11.08-10.40.47:970][249]LogBlueprintUserMessages: Late PlayInEditor Detection: Level '/Game/ThirdPersonBP/Maps/ThirdPersonExampleMap.ThirdPersonExampleMap:PersistentLevel' has LevelScriptBlueprint '/Game/ThirdPersonBP/Maps/ThirdPersonExampleMap.ThirdPersonExampleMap:PersistentLevel.ThirdPersonExampleMap' with GeneratedClass '/Game/ThirdPersonBP/Maps/ThirdPersonExampleMap.ThirdPersonExampleMap_C' with ClassGeneratedBy '/Game/ThirdPersonBP/Maps/ThirdPersonExampleMap.ThirdPersonExampleMap:PersistentLevel.ThirdPersonExampleMap'
[2016.11.08-10.40.47:973][249]LogNet: NotifyAcceptingConnection: Server ThirdPersonExampleMap accept
[2016.11.08-10.40.47:973][249]LogHandshake: SendConnectChallenge. Timestamp: 0.016667, Cookie: 248143030082035245016225186063027173157254197126048097210095
[2016.11.08-10.40.47:974][249]LogNet: NotifyAcceptingConnection: Server ThirdPersonExampleMap accept
[2016.11.08-10.40.47:974][249]LogNet: NotifyAcceptingConnection: Server ThirdPersonExampleMap accept
[2016.11.08-10.40.47:974][249]LogHandshake: SendConnectChallenge. Timestamp: 0.016667, Cookie: 090004049013234217176210005252164232107239210008201006178190
[2016.11.08-10.40.47:974][249]LogNet: NotifyAcceptingConnection: Server ThirdPersonExampleMap accept
[2016.11.08-10.40.48:055][249]LogHandshake: SendChallengeResponse. Timestamp: 0.016667, Cookie: 248143030082035245016225186063027173157254197126048097210095
[2016.11.08-10.40.48:056][249]LogHandshake: SendChallengeResponse. Timestamp: 0.016667, Cookie: 090004049013234217176210005252164232107239210008201006178190
[2016.11.08-10.40.48:093][249]LogRenderer: Reallocating scene render targets to support 1292x756 (Frame:1495).
[2016.11.08-10.40.48:204][250]LogNet: NotifyAcceptingConnection: Server ThirdPersonExampleMap accept
[2016.11.08-10.40.48:204][250]LogNet: Server accepting post-challenge connection from: 127.0.0.1:56762
[2016.11.08-10.40.48:204][250]PacketHandlerLog: Loaded PacketHandler component: Engine.EngineHandlerComponentFactory (StatelessConnectHandlerComponent)
[2016.11.08-10.40.48:205][250]LogNet: NotifyAcceptedConnection: Name: ThirdPersonExampleMap, TimeStamp: 11/08/16 19:40:48, [UNetConnection] RemoteAddr: 127.0.0.1:56762, Name: IpConnection_2, Driver: GameNetDriver IpNetDriver_0, IsServer: YES, PC: NULL, Owner: NULL
[2016.11.08-10.40.48:205][250]LogNet: AddClientConnection: Added client connection: [UNetConnection] RemoteAddr: 127.0.0.1:56762, Name: IpConnection_2, Driver: GameNetDriver IpNetDriver_0, IsServer: YES, PC: NULL, Owner: NULL
[2016.11.08-10.40.48:205][250]LogNet: NotifyAcceptingConnection: Server ThirdPersonExampleMap accept
[2016.11.08-10.40.48:205][250]LogNet: Server accepting post-challenge connection from: 127.0.0.1:56763
[2016.11.08-10.40.48:205][250]PacketHandlerLog: Loaded PacketHandler component: Engine.EngineHandlerComponentFactory (StatelessConnectHandlerComponent)
[2016.11.08-10.40.48:205][250]LogNet: NotifyAcceptedConnection: Name: ThirdPersonExampleMap, TimeStamp: 11/08/16 19:40:48, [UNetConnection] RemoteAddr: 127.0.0.1:56763, Name: IpConnection_3, Driver: GameNetDriver IpNetDriver_0, IsServer: YES, PC: NULL, Owner: NULL
[2016.11.08-10.40.48:205][250]LogNet: AddClientConnection: Added client connection: [UNetConnection] RemoteAddr: 127.0.0.1:56763, Name: IpConnection_3, Driver: GameNetDriver IpNetDriver_0, IsServer: YES, PC: NULL, Owner: NULL
[2016.11.08-10.40.48:278][251]LogNet: NotifyAcceptingChannel Control 0 server World /Game/ThirdPersonBP/Maps/UEDPIE_1_ThirdPersonExampleMap.ThirdPersonExampleMap: Accepted
[2016.11.08-10.40.48:279][251]LogNet: Remote platform little endian=1
[2016.11.08-10.40.48:279][251]LogNet: This platform little endian=1
[2016.11.08-10.40.48:279][251]LogNet: GetLocalNetworkVersion: GEngineNetVersion: 3039270, ProjectName: unnamed, ProjectVersion: 1.0.0.0, InternalProtocolVersion: 9, LocalNetworkVersion: 1745645396
[2016.11.08-10.40.48:279][251]LogNet: NotifyAcceptingChannel Control 0 server World /Game/ThirdPersonBP/Maps/UEDPIE_1_ThirdPersonExampleMap.ThirdPersonExampleMap: Accepted
[2016.11.08-10.40.48:279][251]LogNet: Remote platform little endian=1
[2016.11.08-10.40.48:279][251]LogNet: This platform little endian=1
[2016.11.08-10.40.48:279][251]LogNet: GetLocalNetworkVersion: GEngineNetVersion: 3039270, ProjectName: unnamed, ProjectVersion: 1.0.0.0, InternalProtocolVersion: 9, LocalNetworkVersion: 1745645396
[2016.11.08-10.40.48:295][252]LogNet: Login request: /Game/ThirdPersonBP/Maps/ThirdPersonExampleMap userId: Invalid
[2016.11.08-10.40.48:295][252]LogNet: Login request: /Game/ThirdPersonBP/Maps/ThirdPersonExampleMap userId: Invalid
[2016.11.08-10.40.48:297][252]LogNet: Welcomed by server (Level: /Game/ThirdPersonBP/Maps/UEDPIE_1_ThirdPersonExampleMap, Game: /Game/ThirdPersonBP/Blueprints/ThirdPersonGameMode.ThirdPersonGameMode_C)
[2016.11.08-10.40.48:315][252]LogLoad: LoadMap: 127.0.0.1//Game/ThirdPersonBP/Maps/UEDPIE_1_ThirdPersonExampleMap?game=/Game/ThirdPersonBP/Blueprints/ThirdPersonGameMode.ThirdPersonGameMode_C
[2016.11.08-10.40.48:337][252]Cmd: MEM
[2016.11.08-10.40.48:355][252]LogMemory: Platform Memory Stats for Windows
[2016.11.08-10.40.48:355][252]LogMemory: Process Physical Memory: 967.21 MB used, 969.53 MB peak
[2016.11.08-10.40.48:355][252]LogMemory: Process Virtual Memory: 1795.19 MB used, 1796.58 MB peak
[2016.11.08-10.40.48:355][252]LogMemory: Physical Memory: 4389.14 MB used, 8113.86 MB total
[2016.11.08-10.40.48:355][252]LogMemory: Virtual Memory: 2546.91 MB used, 134217728.00 MB total
[2016.11.08-10.40.48:355][252]LogMemory: 
[2016.11.08-10.40.48:355][252]Allocator Stats for TBB: (not implemented)
[2016.11.08-10.40.48:374][252]LogWorld: PIE: Copying PIE streaming level from /Game/ThirdPersonBP/Maps/ThirdPersonExampleMap.ThirdPersonExampleMap to /Game/ThirdPersonBP/Maps/UEDPIE_2_ThirdPersonExampleMap.ThirdPersonExampleMap. OwningWorld: None
[2016.11.08-10.40.48:375][252]LogAIModule: Creating AISystem for world ThirdPersonExampleMap
[2016.11.08-10.40.48:381][252]LogWorld: Bringing World /Game/ThirdPersonBP/Maps/UEDPIE_2_ThirdPersonExampleMap.ThirdPersonExampleMap up for play (max tick rate 60) at 2016.11.08-19.40.48
[2016.11.08-10.40.48:382][252]LogWorld: Bringing up level for play took: 0.006144
[2016.11.08-10.40.48:383][252]LogLoad: Took 0.068694 seconds to LoadMap(/Game/ThirdPersonBP/Maps/UEDPIE_1_ThirdPersonExampleMap)
[2016.11.08-10.40.48:384][252]LogNet: Welcomed by server (Level: /Game/ThirdPersonBP/Maps/UEDPIE_1_ThirdPersonExampleMap, Game: /Game/ThirdPersonBP/Blueprints/ThirdPersonGameMode.ThirdPersonGameMode_C)
[2016.11.08-10.40.48:408][252]LogLoad: LoadMap: 127.0.0.1//Game/ThirdPersonBP/Maps/UEDPIE_1_ThirdPersonExampleMap?game=/Game/ThirdPersonBP/Blueprints/ThirdPersonGameMode.ThirdPersonGameMode_C
[2016.11.08-10.40.48:420][252]Cmd: MEM
[2016.11.08-10.40.48:430][252]LogMemory: Platform Memory Stats for Windows
[2016.11.08-10.40.48:430][252]LogMemory: Process Physical Memory: 981.07 MB used, 985.72 MB peak
[2016.11.08-10.40.48:430][252]LogMemory: Process Virtual Memory: 1824.07 MB used, 1827.63 MB peak
[2016.11.08-10.40.48:430][252]LogMemory: Physical Memory: 4404.59 MB used, 8113.86 MB total
[2016.11.08-10.40.48:430][252]LogMemory: Virtual Memory: 2578.91 MB used, 134217728.00 MB total
[2016.11.08-10.40.48:430][252]LogMemory: 
[2016.11.08-10.40.48:430][252]Allocator Stats for TBB: (not implemented)
[2016.11.08-10.40.48:434][252]LogWorld: PIE: Copying PIE streaming level from /Game/ThirdPersonBP/Maps/ThirdPersonExampleMap.ThirdPersonExampleMap to /Game/ThirdPersonBP/Maps/UEDPIE_3_ThirdPersonExampleMap.ThirdPersonExampleMap. OwningWorld: None
[2016.11.08-10.40.48:434][252]LogAIModule: Creating AISystem for world ThirdPersonExampleMap
[2016.11.08-10.40.48:448][252]LogWorld: Bringing World /Game/ThirdPersonBP/Maps/UEDPIE_3_ThirdPersonExampleMap.ThirdPersonExampleMap up for play (max tick rate 60) at 2016.11.08-19.40.48
[2016.11.08-10.40.48:448][252]LogWorld: Bringing up level for play took: 0.012121
[2016.11.08-10.40.48:449][252]LogLoad: Took 0.040273 seconds to LoadMap(/Game/ThirdPersonBP/Maps/UEDPIE_1_ThirdPersonExampleMap)
[2016.11.08-10.40.48:465][253]LogNet: Client netspeed is 10000
[2016.11.08-10.40.48:465][253]LogNet: Join request: /Game/ThirdPersonBP/Maps/ThirdPersonExampleMap?SplitscreenCount=1
[2016.11.08-10.40.48:471][253]LogBlueprintUserMessages: [ThirdPersonGameMode_C_0] Server: 3
[2016.11.08-10.40.48:471][253]LogNet: Join succeeded: 257
[2016.11.08-10.40.48:471][253]LogNet: Client netspeed is 10000
[2016.11.08-10.40.48:471][253]LogNet: Join request: /Game/ThirdPersonBP/Maps/ThirdPersonExampleMap?SplitscreenCount=1
[2016.11.08-10.40.48:473][253]LogNet: Join succeeded: 258
[2016.11.08-10.41.09:840][946]LogSpawn:Warning: SpawnActor failed because of collision at the spawn location [X=-900.482 Y=-90.091 Z=198.383] for [Bomb_C]
[2016.11.08-10.41.10:525][968]LogSpawn:Warning: SpawnActor failed because of collision at the spawn location [X=-831.433 Y=-403.277 Z=198.383] for [Bomb_C]
[2016.11.08-10.41.16:127][150]LogBlueprintUserMessages: Early EndPlayMap Detection: Level '/Game/ThirdPersonBP/Maps/ThirdPersonExampleMap.ThirdPersonExampleMap:PersistentLevel' has LevelScriptBlueprint '/Game/ThirdPersonBP/Maps/ThirdPersonExampleMap.ThirdPersonExampleMap:PersistentLevel.ThirdPersonExampleMap' with GeneratedClass '/Game/ThirdPersonBP/Maps/ThirdPersonExampleMap.ThirdPersonExampleMap_C' with ClassGeneratedBy '/Game/ThirdPersonBP/Maps/ThirdPersonExampleMap.ThirdPersonExampleMap:PersistentLevel.ThirdPersonExampleMap'
[2016.11.08-10.41.16:305][150]LogBlueprintUserMessages: Late EndPlayMap Detection: Level '/Game/ThirdPersonBP/Maps/ThirdPersonExampleMap.ThirdPersonExampleMap:PersistentLevel' has LevelScriptBlueprint '/Game/ThirdPersonBP/Maps/ThirdPersonExampleMap.ThirdPersonExampleMap:PersistentLevel.ThirdPersonExampleMap' with GeneratedClass '/Game/ThirdPersonBP/Maps/ThirdPersonExampleMap.ThirdPersonExampleMap_C' with ClassGeneratedBy '/Game/ThirdPersonBP/Maps/ThirdPersonExampleMap.ThirdPersonExampleMap:PersistentLevel.ThirdPersonExampleMap'
[2016.11.08-10.41.16:328][150]LogNet: UChannel::CleanUp: ChIndex == 0. Closing connection. [UChannel] ChIndex: 0, Closing: 0 [UNetConnection] RemoteAddr: 127.0.0.1:56763, Name: IpConnection_3, Driver: GameNetDriver IpNetDriver_0, IsServer: YES, PC: None, Owner: None
[2016.11.08-10.41.16:328][150]LogNet: UNetConnection::Close: [UNetConnection] RemoteAddr: 127.0.0.1:56763, Name: IpConnection_3, Driver: GameNetDriver IpNetDriver_0, IsServer: YES, PC: None, Owner: None, Channels: 2, Time: 2016.11.08-10.41.16
[2016.11.08-10.41.16:328][150]LogNet: UChannel::Close: Sending CloseBunch. ChIndex == 0. Name: [UChannel] ChIndex: 0, Closing: 0 [UNetConnection] RemoteAddr: 127.0.0.1:56763, Name: IpConnection_3, Driver: GameNetDriver IpNetDriver_0, IsServer: YES, PC: None, Owner: None
[2016.11.08-10.41.16:328][150]LogNet: UChannel::CleanUp: ChIndex == 0. Closing connection. [UChannel] ChIndex: 0, Closing: 0 [UNetConnection] RemoteAddr: 127.0.0.1:56762, Name: IpConnection_2, Driver: GameNetDriver IpNetDriver_0, IsServer: YES, PC: None, Owner: None
[2016.11.08-10.41.16:328][150]LogNet: UNetConnection::Close: [UNetConnection] RemoteAddr: 127.0.0.1:56762, Name: IpConnection_2, Driver: GameNetDriver IpNetDriver_0, IsServer: YES, PC: None, Owner: None, Channels: 2, Time: 2016.11.08-10.41.16
[2016.11.08-10.41.16:328][150]LogNet: UChannel::Close: Sending CloseBunch. ChIndex == 0. Name: [UChannel] ChIndex: 0, Closing: 0 [UNetConnection] RemoteAddr: 127.0.0.1:56762, Name: IpConnection_2, Driver: GameNetDriver IpNetDriver_0, IsServer: YES, PC: None, Owner: None
[2016.11.08-10.41.16:328][150]LogNet: UChannel::CleanUp: ChIndex == 0. Closing connection. [UChannel] ChIndex: 0, Closing: 0 [UNetConnection] RemoteAddr: 127.0.0.1:7777, Name: IpConnection_1, Driver: GameNetDriver IpNetDriver_2, IsServer: NO, PC: None, Owner: None
[2016.11.08-10.41.16:329][150]LogNet: UNetConnection::Close: [UNetConnection] RemoteAddr: 127.0.0.1:7777, Name: IpConnection_1, Driver: GameNetDriver IpNetDriver_2, IsServer: NO, PC: None, Owner: None, Channels: 2, Time: 2016.11.08-10.41.16
[2016.11.08-10.41.16:329][150]LogNet: UChannel::Close: Sending CloseBunch. ChIndex == 0. Name: [UChannel] ChIndex: 0, Closing: 0 [UNetConnection] RemoteAddr: 127.0.0.1:7777, Name: IpConnection_1, Driver: GameNetDriver IpNetDriver_2, IsServer: NO, PC: None, Owner: None
[2016.11.08-10.41.16:329][150]LogNet: UChannel::CleanUp: ChIndex == 0. Closing connection. [UChannel] ChIndex: 0, Closing: 0 [UNetConnection] RemoteAddr: 127.0.0.1:7777, Name: IpConnection_0, Driver: GameNetDriver IpNetDriver_1, IsServer: NO, PC: None, Owner: None
[2016.11.08-10.41.16:329][150]LogNet: UNetConnection::Close: [UNetConnection] RemoteAddr: 127.0.0.1:7777, Name: IpConnection_0, Driver: GameNetDriver IpNetDriver_1, IsServer: NO, PC: None, Owner: None, Channels: 2, Time: 2016.11.08-10.41.16
[2016.11.08-10.41.16:329][150]LogNet: UChannel::Close: Sending CloseBunch. ChIndex == 0. Name: [UChannel] ChIndex: 0, Closing: 0 [UNetConnection] RemoteAddr: 127.0.0.1:7777, Name: IpConnection_0, Driver: GameNetDriver IpNetDriver_1, IsServer: NO, PC: None, Owner: None
[2016.11.08-10.41.16:332][150]LogExit: GameNetDriver None shut down
[2016.11.08-10.41.16:332][150]LogExit: GameNetDriver None shut down
[2016.11.08-10.41.16:333][150]LogExit: GameNetDriver None shut down
[2016.11.08-10.42.12:926][821]LogWindowsTextInputMethodSystem:Display: IME system now activated using TSF (Microsoft 입력기).
[2016.11.08-10.42.13:134][822]Cmd: QUIT_EDITOR
[2016.11.08-10.42.13:454][822]LogExit: Preparing to exit.
[2016.11.08-10.42.14:382][822]LogExit: Editor shut down
[2016.11.08-10.42.14:383][822]LogExit: Transaction tracking system shut down
[2016.11.08-10.42.14:492][822]LogObj: Freed 0b from 0 cluster array pools.
[2016.11.08-10.42.14:492][822]LogExit: Object subsystem successfully closed.
[2016.11.08-10.42.14:508][822]LogD3D11RHI: Shutdown
[2016.11.08-10.42.14:508][822]LogD3D11RHI: CleanupD3DDevice
[2016.11.08-10.42.14:594][822]LogD3D11RHI: ~FD3D11DynamicRHI
[2016.11.08-10.42.14:615][822]LogModuleManager: Shutting down and abandoning module MovieSceneCapture (214)
[2016.11.08-10.42.14:615][822]LogModuleManager: Shutting down and abandoning module HierarchicalLODOutliner (213)
[2016.11.08-10.42.14:615][822]LogModuleManager: Shutting down and abandoning module CrashTracker (212)
[2016.11.08-10.42.14:615][822]LogModuleManager: Shutting down and abandoning module SceneOutliner (211)
[2016.11.08-10.42.14:615][822]LogModuleManager: Shutting down and abandoning module WidgetCarousel (210)
[2016.11.08-10.42.14:615][822]LogModuleManager: Shutting down and abandoning module AddContentDialog (209)
[2016.11.08-10.42.14:617][822]LogModuleManager: Shutting down and abandoning module GameplayTags (208)
[2016.11.08-10.42.14:617][822]LogModuleManager: Shutting down and abandoning module EditorWidgets (207)
[2016.11.08-10.42.14:617][822]LogModuleManager: Shutting down and abandoning module CollectionManager (206)
[2016.11.08-10.42.14:617][822]LogModuleManager: Shutting down and abandoning module StatsViewer (205)
[2016.11.08-10.42.14:617][822]LogModuleManager: Shutting down and abandoning module FoliageEdit (204)
[2016.11.08-10.42.14:617][822]LogModuleManager: Shutting down and abandoning module LandscapeEditor (203)
[2016.11.08-10.42.14:618][822]LogModuleManager: Shutting down and abandoning module SceneDepthPickerMode (202)
[2016.11.08-10.42.14:618][822]LogModuleManager: Shutting down and abandoning module ActorPickerMode (201)
[2016.11.08-10.42.14:618][822]LogModuleManager: Shutting down and abandoning module GeometryMode (200)
[2016.11.08-10.42.14:618][822]LogModuleManager: Shutting down and abandoning module TextureAlignMode (199)
[2016.11.08-10.42.14:618][822]LogModuleManager: Shutting down and abandoning module BspMode (198)
[2016.11.08-10.42.14:618][822]LogModuleManager: Shutting down and abandoning module HardwareSurvey (197)
[2016.11.08-10.42.14:618][822]LogModuleManager: Shutting down and abandoning module SequenceRecorderSections (196)
[2016.11.08-10.42.14:618][822]LogModuleManager: Shutting down and abandoning module SequenceRecorder (195)
[2016.11.08-10.42.14:618][822]LogModuleManager: Shutting down and abandoning module AutomationWorker (194)
[2016.11.08-10.42.14:618][822]LogModuleManager: Shutting down and abandoning module MatineeToLevelSequence (193)
[2016.11.08-10.42.14:618][822]LogModuleManager: Shutting down and abandoning module PlacementMode (192)
[2016.11.08-10.42.14:618][822]LogModuleManager: Shutting down and abandoning module LevelSequenceEditor (191)
[2016.11.08-10.42.14:618][822]LogModuleManager: Shutting down and abandoning module CharacterAI (190)
[2016.11.08-10.42.14:618][822]LogModuleManager: Shutting down and abandoning module SmartSnapping (189)
[2016.11.08-10.42.14:618][822]LogModuleManager: Shutting down and abandoning module SessionServices (188)
[2016.11.08-10.42.14:618][822]LogModuleManager: Shutting down and abandoning module ViewportSnapping (187)
[2016.11.08-10.42.14:618][822]LogModuleManager: Shutting down and abandoning module LogVisualizer (186)
[2016.11.08-10.42.14:618][822]LogModuleManager: Shutting down and abandoning module GameProjectGeneration (185)
[2016.11.08-10.42.14:618][822]LogModuleManager: Shutting down and abandoning module IntroTutorials (184)
[2016.11.08-10.42.14:618][822]LogModuleManager: Shutting down and abandoning module EditorLiveStreaming (183)
[2016.11.08-10.42.14:618][822]LogModuleManager: Shutting down and abandoning module IOSPlatformEditor (182)
[2016.11.08-10.42.14:618][822]LogModuleManager: Shutting down and abandoning module HTML5PlatformEditor (181)
[2016.11.08-10.42.14:618][822]LogModuleManager: Shutting down and abandoning module AndroidDeviceDetection (180)
[2016.11.08-10.42.15:271][822]LogModuleManager: Shutting down and abandoning module AndroidPlatformEditor (179)
[2016.11.08-10.42.15:271][822]LogModuleManager: Shutting down and abandoning module IOSRuntimeSettings (178)
[2016.11.08-10.42.15:271][822]LogModuleManager: Shutting down and abandoning module AndroidRuntimeSettings (177)
[2016.11.08-10.42.15:271][822]LogModuleManager: Shutting down and abandoning module MergeActors (176)
[2016.11.08-10.42.15:271][822]LogModuleManager: Shutting down and abandoning module SizeMap (175)
[2016.11.08-10.42.15:271][822]LogModuleManager: Shutting down and abandoning module TreeMap (174)
[2016.11.08-10.42.15:271][822]LogModuleManager: Shutting down and abandoning module ReferenceViewer (173)
[2016.11.08-10.42.15:272][822]LogModuleManager: Shutting down and abandoning module LocalizationService (172)
[2016.11.08-10.42.15:272][822]LogModuleManager: Shutting down and abandoning module LocalizationDashboard (171)
[2016.11.08-10.42.15:272][822]LogModuleManager: Shutting down and abandoning module HardwareTargeting (170)
[2016.11.08-10.42.15:272][822]LogModuleManager: Shutting down and abandoning module DeviceProfileEditor (169)
[2016.11.08-10.42.15:272][822]LogModuleManager: Shutting down and abandoning module UndoHistory (168)
[2016.11.08-10.42.15:272][822]LogModuleManager: Shutting down and abandoning module UserFeedback (167)
[2016.11.08-10.42.15:272][822]LogModuleManager: Shutting down and abandoning module XmlParser (166)
[2016.11.08-10.42.15:272][822]LogModuleManager: Shutting down and abandoning module Blutility (165)
[2016.11.08-10.42.15:272][822]LogModuleManager: Shutting down and abandoning module ProjectTargetPlatformEditor (164)
[2016.11.08-10.42.15:272][822]LogModuleManager: Shutting down and abandoning module ProjectSettingsViewer (163)
[2016.11.08-10.42.15:273][822]LogModuleManager: Shutting down and abandoning module InputBindingEditor (162)
[2016.11.08-10.42.15:273][822]LogModuleManager: Shutting down and abandoning module EditorSettingsViewer (161)
[2016.11.08-10.42.15:273][822]LogModuleManager: Shutting down and abandoning module SettingsEditor (160)
[2016.11.08-10.42.15:273][822]LogModuleManager: Shutting down and abandoning module ProjectLauncher (159)
[2016.11.08-10.42.15:273][822]LogModuleManager: Shutting down and abandoning module SessionFrontend (158)
[2016.11.08-10.42.15:273][822]LogModuleManager: Shutting down and abandoning module ProfilerClient (157)
[2016.11.08-10.42.15:273][822]LogModuleManager: Shutting down and abandoning module TargetDeviceServices (156)
[2016.11.08-10.42.15:273][822]LogModuleManager: Shutting down and abandoning module DeviceManager (155)
[2016.11.08-10.42.15:316][822]LogModuleManager: Shutting down and abandoning module AutomationController (154)
[2016.11.08-10.42.15:316][822]LogModuleManager: Shutting down and abandoning module AutomationWindow (153)
[2016.11.08-10.42.15:316][822]LogModuleManager: Shutting down and abandoning module Layers (152)
[2016.11.08-10.42.15:317][822]LogModuleManager: Shutting down and abandoning module ComponentVisualizers (151)
[2016.11.08-10.42.15:317][822]LogModuleManager: Shutting down and abandoning module DetailCustomizations (150)
[2016.11.08-10.42.15:317][822]LogModuleManager: Shutting down and abandoning module PackagesDialog (149)
[2016.11.08-10.42.15:317][822]LogModuleManager: Shutting down and abandoning module Persona (148)
[2016.11.08-10.42.15:317][822]LogModuleManager: Shutting down and abandoning module Kismet (147)
[2016.11.08-10.42.15:317][822]LogModuleManager: Shutting down and abandoning module GraphEditor (146)
[2016.11.08-10.42.15:317][822]LogModuleManager: Shutting down and abandoning module ClassViewer (145)
[2016.11.08-10.42.15:317][822]LogModuleManager: Shutting down and abandoning module Toolbox (144)
[2016.11.08-10.42.15:317][822]LogModuleManager: Shutting down and abandoning module ModuleUI (143)
[2016.11.08-10.42.15:317][822]LogModuleManager: Shutting down and abandoning module MovieSceneTools (142)
[2016.11.08-10.42.15:317][822]LogModuleManager: Shutting down and abandoning module OutputLog (141)
[2016.11.08-10.42.15:317][822]LogModuleManager: Shutting down and abandoning module GammaUI (140)
[2016.11.08-10.42.15:317][822]LogModuleManager: Shutting down and abandoning module Documentation (139)
[2016.11.08-10.42.15:317][822]LogModuleManager: Shutting down and abandoning module StreamingPauseRendering (138)
[2016.11.08-10.42.15:317][822]LogModuleManager: Shutting down and abandoning module AnalyticsET (137)
[2016.11.08-10.42.15:318][822]LogModuleManager: Shutting down and abandoning module Analytics (136)
[2016.11.08-10.42.15:318][822]LogModuleManager: Shutting down and abandoning module PortalServices (135)
[2016.11.08-10.42.15:318][822]LogModuleManager: Shutting down and abandoning module PortalRpc (134)
[2016.11.08-10.42.15:318][822]LogModuleManager: Shutting down and abandoning module MessagingRpc (133)
[2016.11.08-10.42.15:318][822]LogModuleManager: Shutting down and abandoning module GameplayDebugger (132)
[2016.11.08-10.42.15:318][822]LogModuleManager: Shutting down and abandoning module AITestSuite (131)
[2016.11.08-10.42.15:318][822]LogModuleManager: Shutting down and abandoning module AIModule (130)
[2016.11.08-10.42.15:318][822]LogModuleManager: Shutting down and abandoning module ProfilerService (129)
[2016.11.08-10.42.15:397][822]LogModuleManager: Shutting down and abandoning module TaskGraph (128)
[2016.11.08-10.42.15:397][822]LogModuleManager: Shutting down and abandoning module SlateRemote (127)
[2016.11.08-10.42.15:397][822]LogModuleManager: Shutting down and abandoning module SteamVRController (126)
[2016.11.08-10.42.15:397][822]LogModuleManager: Shutting down and abandoning module SteamVR (125)
[2016.11.08-10.42.15:397][822]LogModuleManager: Shutting down and abandoning module ProceduralMeshComponent (124)
[2016.11.08-10.42.15:398][822]LogModuleManager: Shutting down and abandoning module OculusLibrary (123)
[2016.11.08-10.42.15:398][822]LogModuleManager: Shutting down and abandoning module OculusInput (122)
[2016.11.08-10.42.15:398][822]LogModuleManager: Shutting down and abandoning module CustomMeshComponent (121)
[2016.11.08-10.42.15:398][822]LogModuleManager: Shutting down and abandoning module CableComponent (120)
[2016.11.08-10.42.15:398][822]LogModuleManager: Shutting down and abandoning module ArchVisCharacter (119)
[2016.11.08-10.42.15:398][822]LogModuleManager: Shutting down and abandoning module MediaPlayerEditor (118)
[2016.11.08-10.42.15:398][822]LogModuleManager: Shutting down and abandoning module HTML5Networking (117)
[2016.11.08-10.42.15:398][822]LogModuleManager: Shutting down and abandoning module SuperSearch (116)
[2016.11.08-10.42.15:398][822]LogModuleManager: Shutting down and abandoning module SuperSearchEditor (115)
[2016.11.08-10.42.15:398][822]LogModuleManager: Shutting down and abandoning module SpeedTreeImporter (114)
[2016.11.08-10.42.15:398][822]LogModuleManager: Shutting down and abandoning module PluginBrowser (113)
[2016.11.08-10.42.15:399][822]LogModuleManager: Shutting down and abandoning module EpicSurvey (112)
[2016.11.08-10.42.15:399][822]LogModuleManager: Shutting down and abandoning module DesktopPlatform (111)
[2016.11.08-10.42.15:399][822]LogModuleManager: Shutting down and abandoning module VisualStudioSourceCodeAccess (110)
[2016.11.08-10.42.15:399][822]LogModuleManager: Shutting down and abandoning module UObjectPlugin (109)
[2016.11.08-10.42.15:399][822]LogModuleManager: Shutting down and abandoning module SubversionSourceControl (108)
[2016.11.08-10.42.15:399][822]LogModuleManager: Shutting down and abandoning module PerforceSourceControl (107)
[2016.11.08-10.42.15:399][822]LogModuleManager: Shutting down and abandoning module SourceControl (106)
[2016.11.08-10.42.15:399][822]LogModuleManager: Shutting down and abandoning module GitSourceControl (105)
[2016.11.08-10.42.15:399][822]LogModuleManager: Shutting down and abandoning module LightPropagationVolumeEditor (104)
[2016.11.08-10.42.15:399][822]LogModuleManager: Shutting down and abandoning module PaperTiledImporter (103)
[2016.11.08-10.42.15:400][822]LogModuleManager: Shutting down and abandoning module PaperSpriteSheetImporter (102)
[2016.11.08-10.42.15:400][822]LogModuleManager: Shutting down and abandoning module MeshPaint (101)
[2016.11.08-10.42.15:400][822]LogModuleManager: Shutting down and abandoning module PixelInspectorModule (100)
[2016.11.08-10.42.15:400][822]LogModuleManager: Shutting down and abandoning module HotReload (99)
[2016.11.08-10.42.15:401][822]LogModuleManager: Shutting down and abandoning module MainFrame (98)
[2016.11.08-10.42.15:401][822]LogModuleManager: Shutting down and abandoning module LevelEditor (97)
[2016.11.08-10.42.15:404][822]LogModuleManager: Shutting down and abandoning module ContentBrowser (96)
[2016.11.08-10.42.15:407][822]LogModuleManager: Shutting down and abandoning module Paper2DEditor (95)
[2016.11.08-10.42.15:407][822]LogModuleManager: Shutting down and abandoning module UdpMessaging (94)
[2016.11.08-10.42.15:507][822]LogModuleManager: Shutting down and abandoning module LightPropagationVolumeRuntime (93)
[2016.11.08-10.42.15:507][822]LogModuleManager: Shutting down and abandoning module Paper2D (92)
[2016.11.08-10.42.15:507][822]LogModuleManager: Shutting down and abandoning module WindowsMoviePlayer (91)
[2016.11.08-10.42.15:507][822]LogModuleManager: Shutting down and abandoning module Media (90)
[2016.11.08-10.42.15:507][822]LogModuleManager: Shutting down and abandoning module WmfMedia (89)
[2016.11.08-10.42.15:507][822]LogModuleManager: Shutting down and abandoning module MediaAssets (88)
[2016.11.08-10.42.15:507][822]LogModuleManager: Shutting down and abandoning module GameLiveStreaming (87)
[2016.11.08-10.42.15:507][822]LogModuleManager: Shutting down and abandoning module GameplayTagsEditor (86)
[2016.11.08-10.42.15:507][822]LogModuleManager: Shutting down and abandoning module OnlineBlueprintSupport (85)
[2016.11.08-10.42.15:508][822]LogModuleManager: Shutting down and abandoning module VREditor (84)
[2016.11.08-10.42.15:508][822]LogModuleManager: Shutting down and abandoning module GameplayTasksEditor (83)
[2016.11.08-10.42.15:508][822]LogModuleManager: Shutting down and abandoning module PropertyEditor (82)
[2016.11.08-10.42.15:508][822]LogModuleManager: Shutting down and abandoning module BehaviorTreeEditor (81)
[2016.11.08-10.42.15:508][822]LogModuleManager: Shutting down and abandoning module FunctionalTesting (80)
[2016.11.08-10.42.15:508][822]LogModuleManager: Shutting down and abandoning module CollisionAnalyzer (79)
[2016.11.08-10.42.15:508][822]LogModuleManager: Shutting down and abandoning module Sequencer (78)
[2016.11.08-10.42.15:508][822]LogModuleManager: Shutting down and abandoning module WorkspaceMenuStructure (77)
[2016.11.08-10.42.15:508][822]LogModuleManager: Shutting down and abandoning module MessageLog (76)
[2016.11.08-10.42.15:508][822]LogModuleManager: Shutting down and abandoning module AssetTools (75)
[2016.11.08-10.42.15:508][822]LogModuleManager: Shutting down and abandoning module UMGEditor (74)
[2016.11.08-10.42.15:508][822]LogModuleManager: Shutting down and abandoning module UMG (73)
[2016.11.08-10.42.15:508][822]LogModuleManager: Shutting down and abandoning module SlateReflector (72)
[2016.11.08-10.42.15:508][822]LogModuleManager: Shutting down and abandoning module Slate (71)
[2016.11.08-10.42.15:508][822]LogModuleManager: Shutting down and abandoning module EditorStyle (70)
[2016.11.08-10.42.15:511][822]LogModuleManager: Shutting down and abandoning module SourceCodeAccess (69)
[2016.11.08-10.42.15:511][822]LogModuleManager: Shutting down and abandoning module HeadMountedDisplay (68)
[2016.11.08-10.42.15:511][822]LogModuleManager: Shutting down and abandoning module XAudio2 (67)
[2016.11.08-10.42.15:511][822]LogModuleManager: Shutting down and abandoning module Networking (65)
[2016.11.08-10.42.15:511][822]LogModuleManager: Shutting down and abandoning module Core (64)
[2016.11.08-10.42.15:511][822]LogModuleManager: Shutting down and abandoning module DirectoryWatcher (63)
[2016.11.08-10.42.15:512][822]LogModuleManager: Shutting down and abandoning module AssetRegistry (62)
[2016.11.08-10.42.15:702][822]LogModuleManager: Shutting down and abandoning module KismetCompiler (61)
[2016.11.08-10.42.15:702][822]LogModuleManager: Shutting down and abandoning module PhysXFormats (60)
[2016.11.08-10.42.15:702][822]LogModuleManager: Shutting down and abandoning module MeshUtilities (59)
[2016.11.08-10.42.15:702][822]LogModuleManager: Shutting down and abandoning module DerivedDataCache (58)
[2016.11.08-10.42.15:791][822]LogDerivedDataCache: Shutdown
[2016.11.08-10.42.15:791][822]LogModuleManager: Shutting down and abandoning module VulkanShaderFormat (57)
[2016.11.08-10.42.15:791][822]LogModuleManager: Shutting down and abandoning module ShaderFormatOpenGL (56)
[2016.11.08-10.42.15:791][822]LogModuleManager: Shutting down and abandoning module ShaderFormatD3D (55)
[2016.11.08-10.42.15:791][822]LogModuleManager: Shutting down and abandoning module MetalShaderFormat (54)
[2016.11.08-10.42.15:791][822]LogModuleManager: Shutting down and abandoning module TextureFormatUncompressed (53)
[2016.11.08-10.42.15:791][822]LogModuleManager: Shutting down and abandoning module TextureFormatPVR (52)
[2016.11.08-10.42.15:791][822]LogModuleManager: Shutting down and abandoning module TextureFormatIntelISPCTexComp (51)
[2016.11.08-10.42.15:791][822]LogModuleManager: Shutting down and abandoning module TextureFormatDXT (50)
[2016.11.08-10.42.15:791][822]LogModuleManager: Shutting down and abandoning module ImageWrapper (49)
[2016.11.08-10.42.15:791][822]LogModuleManager: Shutting down and abandoning module TextureFormatASTC (48)
[2016.11.08-10.42.15:791][822]LogModuleManager: Shutting down and abandoning module TextureFormatAndroid (47)
[2016.11.08-10.42.15:791][822]LogModuleManager: Shutting down and abandoning module AudioFormatOpus (46)
[2016.11.08-10.42.15:791][822]LogModuleManager: Shutting down and abandoning module AudioFormatOgg (45)
[2016.11.08-10.42.15:791][822]LogModuleManager: Shutting down and abandoning module AudioFormatADPCM (44)
[2016.11.08-10.42.15:791][822]LogModuleManager: Shutting down and abandoning module LinuxTargetPlatform (43)
[2016.11.08-10.42.15:791][822]LogModuleManager: Shutting down and abandoning module LinuxServerTargetPlatform (42)
[2016.11.08-10.42.15:791][822]LogModuleManager: Shutting down and abandoning module LinuxNoEditorTargetPlatform (41)
[2016.11.08-10.42.15:791][822]LogModuleManager: Shutting down and abandoning module TVOSTargetPlatform (40)
[2016.11.08-10.42.15:791][822]LogModuleManager: Shutting down and abandoning module Messaging (39)
[2016.11.08-10.42.15:791][822]LogModuleManager: Shutting down and abandoning module IOSTargetPlatform (38)
[2016.11.08-10.42.15:791][822]LogModuleManager: Shutting down and abandoning module HTML5TargetPlatform (37)
[2016.11.08-10.42.15:791][822]LogModuleManager: Shutting down and abandoning module Android_PVRTCTargetPlatform (36)
[2016.11.08-10.42.15:791][822]LogModuleManager: Shutting down and abandoning module Android_MultiTargetPlatform (35)
[2016.11.08-10.42.15:791][822]LogModuleManager: Shutting down and abandoning module Android_ETC2TargetPlatform (34)
[2016.11.08-10.42.15:791][822]LogModuleManager: Shutting down and abandoning module Android_ETC1TargetPlatform (33)
[2016.11.08-10.42.15:791][822]LogModuleManager: Shutting down and abandoning module Android_DXTTargetPlatform (32)
[2016.11.08-10.42.15:791][822]LogModuleManager: Shutting down and abandoning module Android_ATCTargetPlatform (31)
[2016.11.08-10.42.15:791][822]LogModuleManager: Shutting down and abandoning module Android_ASTCTargetPlatform (30)
[2016.11.08-10.42.15:791][822]LogModuleManager: Shutting down and abandoning module AndroidTargetPlatform (29)
[2016.11.08-10.42.15:791][822]LogModuleManager: Shutting down and abandoning module WindowsTargetPlatform (28)
[2016.11.08-10.42.15:791][822]LogModuleManager: Shutting down and abandoning module WindowsServerTargetPlatform (27)
[2016.11.08-10.42.15:791][822]LogModuleManager: Shutting down and abandoning module WindowsNoEditorTargetPlatform (26)
[2016.11.08-10.42.15:791][822]LogModuleManager: Shutting down and abandoning module WindowsClientTargetPlatform (25)
[2016.11.08-10.42.15:791][822]LogModuleManager: Shutting down and abandoning module AllDesktopTargetPlatform (24)
[2016.11.08-10.42.15:791][822]LogModuleManager: Shutting down and abandoning module TargetPlatform (23)
[2016.11.08-10.42.15:791][822]LogModuleManager: Shutting down and abandoning module InputCore (22)
[2016.11.08-10.42.15:791][822]LogModuleManager: Shutting down and abandoning module Settings (21)
[2016.11.08-10.42.15:791][822]LogModuleManager: Shutting down and abandoning module OnlineSubsystem (19)
[2016.11.08-10.42.15:791][822]LogModuleManager: Shutting down and abandoning module HTTP (18)
[2016.11.08-10.42.17:294][822]LogModuleManager: Shutting down and abandoning module XMPP (17)
[2016.11.08-10.42.17:294][822]LogModuleManager: Shutting down and abandoning module OculusRift (16)
[2016.11.08-10.42.17:294][822]LogModuleManager: Shutting down and abandoning module ExampleDeviceProfileSelector (15)
[2016.11.08-10.42.17:294][822]LogModuleManager: Shutting down and abandoning module TextureCompressor (14)
[2016.11.08-10.42.17:295][822]LogModuleManager: Shutting down and abandoning module ShaderCore (13)
[2016.11.08-10.42.17:295][822]LogModuleManager: Shutting down and abandoning module Landscape (12)
[2016.11.08-10.42.17:295][822]LogModuleManager: Shutting down and abandoning module SlateRHIRenderer (11)
[2016.11.08-10.42.17:298][822]LogModuleManager: Shutting down and abandoning module OpenGLDrv (10)
[2016.11.08-10.42.17:298][822]LogModuleManager: Shutting down and abandoning module D3D11RHI (9)
[2016.11.08-10.42.17:298][822]LogModuleManager: Shutting down and abandoning module AnimGraphRuntime (8)
[2016.11.08-10.42.17:298][822]LogModuleManager: Shutting down and abandoning module Renderer (7)
[2016.11.08-10.42.17:298][822]LogModuleManager: Shutting down and abandoning module Engine (6)
[2016.11.08-10.42.17:298][822]LogModuleManager: Shutting down and abandoning module CoreUObject (5)
[2016.11.08-10.42.17:298][822]LogModuleManager: Shutting down and abandoning module NetworkFile (4)
[2016.11.08-10.42.17:298][822]LogModuleManager: Shutting down and abandoning module StreamingFile (3)
[2016.11.08-10.42.17:298][822]LogModuleManager: Shutting down and abandoning module SandboxFile (2)
[2016.11.08-10.42.17:298][822]LogModuleManager: Shutting down and abandoning module PakFile (1)
[2016.11.08-10.42.17:301][822]LogExit: Exiting.
[2016.11.08-10.42.17:303][822]Log file closed, 11/08/16 19:42:17
