Log file open, 12/29/17 11:49:39
LogInit:Display: Running engine for game: UNNAMED
LogPlatformFile: Not using cached read wrapper
LogInit:Display: RandInit(-403485034) SRandInit(-403485034).
LogTaskGraph: Started task graph with 5 named threads and 8 total threads with 1 sets of task threads.
LogStats: Stats thread started at 0.118619
LogInit: Using libcurl 7.47.1
LogInit:  - built for x86_64-pc-win32
LogInit:  - supports SSL with OpenSSL/1.0.2g
LogInit:  - supports HTTP deflate (compression) using libz 1.2.8
LogInit:  - other features:
LogInit:      CURL_VERSION_SSL
LogInit:      CURL_VERSION_LIBZ
LogInit:      CURL_VERSION_IPV6
LogInit:      CURL_VERSION_ASYNCHDNS
LogInit:      CURL_VERSION_LARGEFILE
LogInit:      CURL_VERSION_IDN
LogInit:  CurlRequestOptions (configurable via config and command line):
LogInit:  - bVerifyPeer = false  - Libcurl will NOT verify peer certificate
LogInit:  - bUseHttpProxy = false  - Libcurl will NOT use HTTP proxy
LogInit:  - bDontReuseConnections = false  - Libcurl will reuse connections
LogInit:  - CertBundlePath = nullptr  - Libcurl will use whatever was configured at build time.
LogOnline:Display: STEAM: Loading Steam SDK 1.32
LogInit: WinSock: version 1.1 (2.2), MaxSocks=32767, MaxUdp=65467
LogInit: Build: ++UE4+Release-4.15-CL-3450819
LogInit: Engine Version: 4.15.3-3450819+++UE4+Release-4.15
LogInit: Compatible Engine Version: 4.15.0-3299760+++UE4+Release-4.15
LogInit: Net CL: 3299760
LogDevObjectVersion: Number of dev versions registered: 14
LogDevObjectVersion:   Dev-Blueprints (B0D832E4-1F89-4F0D-ACCF-7EB736FD4AA2): 8
LogDevObjectVersion:   Dev-Build (E1C64328-A22C-4D53-A36C-8E866417BD8C): 0
LogDevObjectVersion:   Dev-Core (375EC13C-06E4-48FB-B500-84F0262A717E): 2
LogDevObjectVersion:   Dev-Editor (E4B068ED-F494-42E9-A231-DA0B2E46BB41): 14
LogDevObjectVersion:   Dev-Framework (CFFC743F-43B0-4480-9391-14DF171D2073): 22
LogDevObjectVersion:   Dev-Mobile (B02B49B5-BB20-44E9-A304-32B752E40360): 0
LogDevObjectVersion:   Dev-Networking (A4E4105C-59A1-49B5-A7C5-40C4547EDFEE): 0
LogDevObjectVersion:   Dev-Online (39C831C9-5AE6-47DC-9A44-9C173E1C8E7C): 0
LogDevObjectVersion:   Dev-Physics (78F01B33-EBEA-4F98-B9B4-84EACCB95AA2): 0
LogDevObjectVersion:   Dev-Platform (6631380F-2D4D-43E0-8009-CF276956A95A): 0
LogDevObjectVersion:   Dev-Rendering (12F88B9F-8875-4AFC-A67C-D90C383ABD29): 12
LogDevObjectVersion:   Dev-Sequencer (7B5AE74C-D270-4C10-A958-57980B212A5A): 3
LogDevObjectVersion:   Dev-VR (D7296918-1DD6-4BDD-9DE2-64A83CC13884): 0
LogDevObjectVersion:   Dev-LoadTimes (C2A15278-BFE7-4AFE-6C17-90FF531DF755): 1
LogInit: Compiled (64-bit): May 21 2017 11:02:34
LogInit: Compiled with Visual C++: 19.00.23026.00
LogInit: Build Configuration: Development
LogInit: Branch Name: ++UE4+Release-4.15
LogInit: Command line:  -game
LogInit: Base directory: C:/Program Files/Epic Games/UE_4.15/Engine/Binaries/Win64/
LogInit: Installed Engine Build: 1
LogInit: Presizing for max 8388607 objects, including 0 objects not considered by GC, pre-allocating 0 bytes for permanent pool.
LogInit: Object subsystem initialized
[2017.12.29-02.49.41:913][  0]LogInit: Selected Device Profile: [Windows]
[2017.12.29-02.49.41:913][  0]LogInit: Applying CVar settings loaded from the selected device profile: [Windows]
[2017.12.29-02.49.41:940][  0]LogInit: Computer: DESKTOP-F27I5IQ
[2017.12.29-02.49.41:940][  0]LogInit: User: duck2
[2017.12.29-02.49.41:940][  0]LogInit: CPU Page size=65536, Cores=4
[2017.12.29-02.49.41:940][  0]LogInit: High frequency timer resolution =3.117779 MHz
[2017.12.29-02.49.41:941][  0]LogMemory: Memory total: Physical=19.9GB (20GB approx)
[2017.12.29-02.49.41:941][  0]LogMemory: Platform Memory Stats for Windows
[2017.12.29-02.49.41:941][  0]LogMemory: Process Physical Memory: 298.89 MB used, 298.89 MB peak
[2017.12.29-02.49.41:941][  0]LogMemory: Process Virtual Memory: 275.32 MB used, 275.32 MB peak
[2017.12.29-02.49.41:941][  0]LogMemory: Physical Memory: 4315.71 MB used,  16064.44 MB free, 20380.15 MB total
[2017.12.29-02.49.41:941][  0]LogMemory: Virtual Memory: 782.26 MB used,  16064.44 MB free, 134217728.00 MB total
[2017.12.29-02.49.42:178][  0]LogTextLocalizationManager: No specific translations for ('ko-KR') exist, so ('ko') translations will be used.
[2017.12.29-02.49.42:240][  0]LogTextLocalizationManager:Warning: Loaded localization resources contain conflicting entries for (Namespace:KismetSchema, Key:Default):
Localization Resource: (C:/Program Files/Epic Games/UE_4.15/Engine/Content/Localization/EditorTutorials/ko/EditorTutorials.locres) Source String Hash: (940523119) Localized String: (디폴트)
Localization Resource: (C:/Program Files/Epic Games/UE_4.15/Engine/Content/Localization/Engine/ko/Engine.locres) Source String Hash: (940523119) Localized String: (기본)
[2017.12.29-02.49.42:240][  0]LogTextLocalizationManager:Warning: Loaded localization resources contain conflicting entries for (Namespace:UObjectToolTips, Key:AnimNode_AssetPlayerBase:InternalTimeAccumulator):
Localization Resource: (C:/Program Files/Epic Games/UE_4.15/Engine/Content/Localization/EditorTutorials/ko/EditorTutorials.locres) Source String Hash: (502993589) Localized String: (이 노드에서 애셋을 레퍼런싱하는 데 사용되는 누적 시간입니다.)
Localization Resource: (C:/Program Files/Epic Games/UE_4.15/Engine/Content/Localization/ToolTips/ko/ToolTips.locres) Source String Hash: (502993589) Localized String: (내부 시간 누산기 - 이 노드에서 애셋을 레퍼런싱하는 데 사용된 누적 시간입니다.)
Localization Resource: (C:/Program Files/Epic Games/UE_4.15/Engine/Content/Localization/Engine/ko/Engine.locres) Source String Hash: (502993589) Localized String: (이 노드에서 애셋을 레퍼런싱하는 데 사용된 누적 시간입니다.)
[2017.12.29-02.49.42:240][  0]LogTextLocalizationManager:Warning: Loaded localization resources contain conflicting entries for (Namespace:UObjectToolTips, Key:AnimNode_AssetPlayerBase:bIgnoreForRelevancyTest):
Localization Resource: (C:/Program Files/Epic Games/UE_4.15/Engine/Content/Localization/EditorTutorials/ko/EditorTutorials.locres) Source String Hash: (319969718) Localized String: (True 면, 스테이트에서 최고 가중치 애니메이션을 찾는 "Relevant anim" 노드는 이 노드를 무시합니다.
 )
Localization Resource: (C:/Program Files/Epic Games/UE_4.15/Engine/Content/Localization/ToolTips/ko/ToolTips.locres) Source String Hash: (319969718) Localized String: (연관성 테스트에 무시 - true 인 경우 스테이트 내 최고 웨이팅된 애니메이션을 찾는 "Relevant anim" (연관 애님) 노드가
이 노드를 무시합니다.)
Localization Resource: (C:/Program Files/Epic Games/UE_4.15/Engine/Content/Localization/Engine/ko/Engine.locres) Source String Hash: (319969718) Localized String: (True 면 스테이트 내 최고 웨이팅된 애니메이션을 찾는 "Relevant anim" 노드가 무시됩니다.
 )
[2017.12.29-02.49.42:240][  0]LogTextLocalizationManager:Warning: Loaded localization resources contain conflicting entries for (Namespace:UObjectToolTips, Key:AnimNode_AssetPlayerBase:BlendWeight):
Localization Resource: (C:/Program Files/Epic Games/UE_4.15/Engine/Content/Localization/EditorTutorials/ko/EditorTutorials.locres) Source String Hash: (-1232800293) Localized String: (이 노드에 마지막 걸린 블렌드웨이트 입니다.)
Localization Resource: (C:/Program Files/Epic Games/UE_4.15/Engine/Content/Localization/ToolTips/ko/ToolTips.locres) Source String Hash: (-1232800293) Localized String: (블렌드 웨이트 - 이 노드에 대해 마지막으로 접한 블렌드 웨이트입니다.)
Localization Resource: (C:/Program Files/Epic Games/UE_4.15/Engine/Content/Localization/Engine/ko/Engine.locres) Source String Hash: (-1232800293) Localized String: (이 노드에 대해 마지막 접한 블렌드 웨이트)
[2017.12.29-02.49.42:240][  0]LogTextLocalizationManager:Warning: Loaded localization resources contain conflicting entries for (Namespace:UObjectToolTips, Key:AnimNode_BlendSpacePlayer:bLoop):
Localization Resource: (C:/Program Files/Epic Games/UE_4.15/Engine/Content/Localization/EditorTutorials/ko/EditorTutorials.locres) Source String Hash: (2133979316) Localized String: (애니메이션이 끝까지 재생되면 반복할까요?)
Localization Resource: (C:/Program Files/Epic Games/UE_4.15/Engine/Content/Localization/ToolTips/ko/ToolTips.locres) Source String Hash: (2133979316) Localized String: (루프 - 애니메이션이 끝에 도달했을 때 계속 반복할까요?)
[2017.12.29-02.49.42:240][  0]LogTextLocalizationManager:Warning: Loaded localization resources contain conflicting entries for (Namespace:UObjectToolTips, Key:AnimNode_StateMachine:bSkipFirstUpdateTransition):
Localization Resource: (C:/Program Files/Epic Games/UE_4.15/Engine/Content/Localization/EditorTutorials/ko/EditorTutorials.locres) Source String Hash: (1865475011) Localized String: (첫 업데이트시 도입 상태에서의 트랜지션을 건너뛸까요? 
기본은 true 로, 첫 업데이트시에는 트랜지션 데이터를 버립니다.)
Localization Resource: (C:/Program Files/Epic Games/UE_4.15/Engine/Content/Localization/ToolTips/ko/ToolTips.locres) Source String Hash: (1865475011) Localized String: (첫 번째 업데이트 트랜지션 건너뛰기 - 첫 번째 업데이트에서 입력 스테이트의 트랜지션을 건너뜁니까?
디폴트는 true 고 첫 번째 업데이트의 트랜지션 데이터를 버립니다.)
[2017.12.29-02.49.42:240][  0]LogTextLocalizationManager:Warning: Loaded localization resources contain conflicting entries for (Namespace:UObjectToolTips, Key:AnimNode_BlendSpacePlayer:X):
Localization Resource: (C:/Program Files/Epic Games/UE_4.15/Engine/Content/Localization/EditorTutorials/ko/EditorTutorials.locres) Source String Hash: (2060772590) Localized String: (블렌드스페이스에서 샘플링할 X 좌표입니다.)
Localization Resource: (C:/Program Files/Epic Games/UE_4.15/Engine/Content/Localization/ToolTips/ko/ToolTips.locres) Source String Hash: (2060772590) Localized String: (X - 블렌드스페이스 샘플의 X 좌표입니다.)
[2017.12.29-02.49.42:240][  0]LogTextLocalizationManager:Warning: Loaded localization resources contain conflicting entries for (Namespace:UObjectToolTips, Key:AnimNode_BlendSpacePlayer:Y):
Localization Resource: (C:/Program Files/Epic Games/UE_4.15/Engine/Content/Localization/EditorTutorials/ko/EditorTutorials.locres) Source String Hash: (-1719607538) Localized String: (블렌드스페이스에서 샘플링할 Y 좌표입니다.)
Localization Resource: (C:/Program Files/Epic Games/UE_4.15/Engine/Content/Localization/ToolTips/ko/ToolTips.locres) Source String Hash: (-1719607538) Localized String: (Y - 블렌드스페이스 샘플의 Y 좌표입니다.)
[2017.12.29-02.49.42:241][  0]LogTextLocalizationManager:Warning: Loaded localization resources contain conflicting entries for (Namespace:UObjectToolTips, Key:AnimNode_BlendSpacePlayer:Z):
Localization Resource: (C:/Program Files/Epic Games/UE_4.15/Engine/Content/Localization/EditorTutorials/ko/EditorTutorials.locres) Source String Hash: (1728943471) Localized String: (블렌드스페이스에서 샘플링할 Z 좌표입니다.)
Localization Resource: (C:/Program Files/Epic Games/UE_4.15/Engine/Content/Localization/ToolTips/ko/ToolTips.locres) Source String Hash: (1728943471) Localized String: (Z - 블렌드스페이스 샘플의 Z 좌표입니다.)
[2017.12.29-02.49.42:241][  0]LogTextLocalizationManager:Warning: Loaded localization resources contain conflicting entries for (Namespace:UObjectToolTips, Key:AnimNode_BlendSpacePlayer:BlendSpace):
Localization Resource: (C:/Program Files/Epic Games/UE_4.15/Engine/Content/Localization/EditorTutorials/ko/EditorTutorials.locres) Source String Hash: (1599043277) Localized String: (재생할 블렌드스페이스 애셋입니다.)
Localization Resource: (C:/Program Files/Epic Games/UE_4.15/Engine/Content/Localization/ToolTips/ko/ToolTips.locres) Source String Hash: (1599043277) Localized String: (블렌드스페이스 - 재생할 블렌드스페이스 애셋입니다.)
[2017.12.29-02.49.42:241][  0]LogTextLocalizationManager:Warning: Loaded localization resources contain conflicting entries for (Namespace:UObjectToolTips, Key:AnimNode_StateMachine:MaxTransitionsPerFrame):
Localization Resource: (C:/Program Files/Epic Games/UE_4.15/Engine/Content/Localization/EditorTutorials/ko/EditorTutorials.locres) Source String Hash: (1567650430) Localized String: (이 머신에서 한 프레임 내 '동시에' 취할 수 있는 트랜지션 최대 수입니다.)
Localization Resource: (C:/Program Files/Epic Games/UE_4.15/Engine/Content/Localization/ToolTips/ko/ToolTips.locres) Source String Hash: (1567650430) Localized String: (프레임 당 최대 트랜지션 - 한 프레임에서 이 머신이 동시에 취할 수 있는 트랜지션 최대 수입니다.)
[2017.12.29-02.49.42:241][  0]LogTextLocalizationManager:Warning: Loaded localization resources contain conflicting entries for (Namespace:UObjectToolTips, Key:AnimNode_BlendSpacePlayer:PlayRate):
Localization Resource: (C:/Program Files/Epic Games/UE_4.15/Engine/Content/Localization/EditorTutorials/ko/EditorTutorials.locres) Source String Hash: (-1274923958) Localized String: (재생 속도 배수입니다. 음수가 되면 애니메이션을 역순으로 재생하게 됩니다.)
Localization Resource: (C:/Program Files/Epic Games/UE_4.15/Engine/Content/Localization/ToolTips/ko/ToolTips.locres) Source String Hash: (-1274923958) Localized String: (재생 속도 - 재생 속도 배수입니다. 음수가 되면 애니메이션을 거꾸로 재생합니다.)
[2017.12.29-02.49.42:241][  0]LogTextLocalizationManager:Warning: Loaded localization resources contain conflicting entries for (Namespace:UObjectToolTips, Key:AnimNode_BlendSpacePlayer:StartPosition):
Localization Resource: (C:/Program Files/Epic Games/UE_4.15/Engine/Content/Localization/EditorTutorials/ko/EditorTutorials.locres) Source String Hash: (-207153555) Localized String: (시작 위치 범위는 [0,1] 이며, 재초기화시에만 적용됩니다.
루핑을 하면, 1 회전 후 0.f 부터 시작할 것입니다.)
Localization Resource: (C:/Program Files/Epic Games/UE_4.15/Engine/Content/Localization/ToolTips/ko/ToolTips.locres) Source String Hash: (-207153555) Localized String: (시작 위치 - [0, 1] 범위의 시작 위치로, 재초기화할 때만 적용됩니다.
반복하면 1회전 후 0.f 부터 시작됩니다.)
[2017.12.29-02.49.42:241][  0]LogTextLocalizationManager:Warning: Loaded localization resources contain conflicting entries for (Namespace:UObjectToolTips, Key:CameraFilmbackSettings:SensorWidth):
Localization Resource: (C:/Program Files/Epic Games/UE_4.15/Engine/Content/Localization/ToolTips/ko/ToolTips.locres) Source String Hash: (-1448580153) Localized String: (센서 폭 - 필름백 또는 디지털 센서의 가로 크기로, mm 단위입니다.)
Localization Resource: (C:/Program Files/Epic Games/UE_4.15/Engine/Content/Localization/Engine/ko/Engine.locres) Source String Hash: (-1448580153) Localized String: (필름백 또는 디지털 센서의 가로 크기로, mm 단위입니다.)
[2017.12.29-02.49.42:241][  0]LogTextLocalizationManager:Warning: Loaded localization resources contain conflicting entries for (Namespace:UObjectToolTips, Key:CameraFilmbackSettings:SensorAspectRatio):
Localization Resource: (C:/Program Files/Epic Games/UE_4.15/Engine/Content/Localization/ToolTips/ko/ToolTips.locres) Source String Hash: (-194807515) Localized String: (센서 종횡비 - 읽기 전용입니다. 센서 치수에서 계산했습니다.)
Localization Resource: (C:/Program Files/Epic Games/UE_4.15/Engine/Content/Localization/Engine/ko/Engine.locres) Source String Hash: (-194807515) Localized String: (읽기 전용입니다. 센서 크기에서 계산했습니다.)
[2017.12.29-02.49.42:241][  0]LogTextLocalizationManager:Warning: Loaded localization resources contain conflicting entries for (Namespace:UObjectToolTips, Key:AnimNode_SequencePlayer:bLoopAnimation):
Localization Resource: (C:/Program Files/Epic Games/UE_4.15/Engine/Content/Localization/ToolTips/ko/ToolTips.locres) Source String Hash: (2133979316) Localized String: (루프 - 애니메이션이 끝에 도달했을 때 계속 반복시켜야 할까요?)
Localization Resource: (C:/Program Files/Epic Games/UE_4.15/Engine/Content/Localization/Engine/ko/Engine.locres) Source String Hash: (2133979316) Localized String: (애니메이션이 끝에 도달하면 계속해서 루핑시킬것인지 입니다.)
[2017.12.29-02.49.42:241][  0]LogTextLocalizationManager:Warning: Loaded localization resources contain conflicting entries for (Namespace:UObjectToolTips, Key:AnimNode_SequencePlayer:Sequence):
Localization Resource: (C:/Program Files/Epic Games/UE_4.15/Engine/Content/Localization/ToolTips/ko/ToolTips.locres) Source String Hash: (421436424) Localized String: (시퀀스 - 재생할 애니메이션 시퀀스 애셋입니다.)
Localization Resource: (C:/Program Files/Epic Games/UE_4.15/Engine/Content/Localization/Engine/ko/Engine.locres) Source String Hash: (421436424) Localized String: (재생할 애니메이션 시퀀스 애셋입니다.)
[2017.12.29-02.49.42:241][  0]LogTextLocalizationManager:Warning: Loaded localization resources contain conflicting entries for (Namespace:UObjectToolTips, Key:AnimNode_SequencePlayer:PlayRate):
Localization Resource: (C:/Program Files/Epic Games/UE_4.15/Engine/Content/Localization/ToolTips/ko/ToolTips.locres) Source String Hash: (-1274923958) Localized String: (재생 속도 - 재생 속도 배수입니다. 음수가 될 수 있으며, 그러면 애니메이션이 거꾸로 재생됩니다.)
Localization Resource: (C:/Program Files/Epic Games/UE_4.15/Engine/Content/Localization/Engine/ko/Engine.locres) Source String Hash: (-1274923958) Localized String: (플레이 속도 배수입니다. 음수가 되면 애니메이션이 역방향으로 재생됩니다.)
[2017.12.29-02.49.42:241][  0]LogTextLocalizationManager:Warning: Loaded localization resources contain conflicting entries for (Namespace:UObjectToolTips, Key:AnimNode_SequencePlayer:StartPosition):
Localization Resource: (C:/Program Files/Epic Games/UE_4.15/Engine/Content/Localization/ToolTips/ko/ToolTips.locres) Source String Hash: (771611000) Localized String: (시작 위치 - 시작 위치로 재초기화할 때만 적용됩니다.
반복하면, 1회전 후 0.f 부터 시작됩니다.)
Localization Resource: (C:/Program Files/Epic Games/UE_4.15/Engine/Content/Localization/Engine/ko/Engine.locres) Source String Hash: (771611000) Localized String: (시작 위치로, 재초기화시에만 적용됩니다.
루핑을 하면, 1회전 후 0.f 부터 시작할 것입니다.)
[2017.12.29-02.49.42:241][  0]LogTextLocalizationManager:Warning: Loaded localization resources contain conflicting entries for (Namespace:UObjectToolTips, Key:CameraFilmbackSettings:SensorHeight):
Localization Resource: (C:/Program Files/Epic Games/UE_4.15/Engine/Content/Localization/ToolTips/ko/ToolTips.locres) Source String Hash: (-1311569777) Localized String: (센서 높이 - 필름백 또는 디지털 센서의 세로 크기로, mm 단위입니다.)
Localization Resource: (C:/Program Files/Epic Games/UE_4.15/Engine/Content/Localization/Engine/ko/Engine.locres) Source String Hash: (-1311569777) Localized String: (필름백 또는 디지털 센서의 세로 크기로, mm 단위입니다.)
[2017.12.29-02.49.42:453][  0]LogD3D11RHI: D3D11 adapters:
[2017.12.29-02.49.42:528][  0]LogD3D11RHI:    0. 'NVIDIA GeForce GTX 970' (Feature Level 11_0)
[2017.12.29-02.49.42:528][  0]LogD3D11RHI:       4058/0/10190 MB DedicatedVideo/DedicatedSystem/SharedSystem, Outputs:1, VendorId:0x10de
[2017.12.29-02.49.42:539][  0]LogD3D11RHI:    1. 'Intel(R) HD Graphics 4600' (Feature Level 11_0)
[2017.12.29-02.49.42:539][  0]LogD3D11RHI:       112/0/2048 MB DedicatedVideo/DedicatedSystem/SharedSystem, Outputs:1, VendorId:0x8086
[2017.12.29-02.49.42:544][  0]LogD3D11RHI:    2. 'Microsoft Basic Render Driver' (Feature Level 11_0)
[2017.12.29-02.49.42:544][  0]LogD3D11RHI:       0/0/10190 MB DedicatedVideo/DedicatedSystem/SharedSystem, Outputs:0, VendorId:0x1414
[2017.12.29-02.49.42:544][  0]LogD3D11RHI: Chosen D3D11 Adapter: 0
[2017.12.29-02.49.42:555][  0]LogD3D11RHI: Creating new Direct3DDevice
[2017.12.29-02.49.42:556][  0]LogD3D11RHI:     GPU DeviceId: 0x13c2 (for the marketing name, search the web for "GPU Device Id")
[2017.12.29-02.49.42:556][  0]LogWindows: EnumDisplayDevices:
[2017.12.29-02.49.42:556][  0]LogWindows:    0. 'NVIDIA GeForce GTX 970' (P:1 D:1)
[2017.12.29-02.49.42:556][  0]LogWindows:    1. 'NVIDIA GeForce GTX 970' (P:0 D:0)
[2017.12.29-02.49.42:556][  0]LogWindows:    2. 'NVIDIA GeForce GTX 970' (P:0 D:0)
[2017.12.29-02.49.42:556][  0]LogWindows:    3. 'NVIDIA GeForce GTX 970' (P:0 D:0)
[2017.12.29-02.49.42:557][  0]LogWindows:    4. 'Intel(R) HD Graphics 4600' (P:0 D:1)
[2017.12.29-02.49.42:557][  0]LogWindows:    5. 'Intel(R) HD Graphics 4600' (P:0 D:0)
[2017.12.29-02.49.42:557][  0]LogWindows:    6. 'Intel(R) HD Graphics 4600' (P:0 D:0)
[2017.12.29-02.49.42:557][  0]LogWindows: DebugString: GetVideoDriverDetailsInvalid PrimaryIsNotTheChoosenAdapter GetVideoDriverDetailsInvalid PrimaryIsNotTheChoosenAdapter GetVideoDriverDetailsInvalid PrimaryIsNotTheChoosenAdapter GetVideoDriverDetailsInvalid PrimaryIsNotTheChoosenAdapter GetVideoDriverDetailsInvalid PrimaryIsNotTheChoosenAdapter GetVideoDriverDetailsInvalid PrimaryIsNotTheChoosenAdapter GetVideoDriverDetailsInvalid PrimaryIsNotTheChoosenAdapter FoundDriverCount:0 
[2017.12.29-02.49.42:557][  0]LogD3D11RHI:     Adapter Name: NVIDIA GeForce GTX 970
[2017.12.29-02.49.42:557][  0]LogD3D11RHI:   Driver Version: Unknown (internal:Unknown, unified:Unknown)
[2017.12.29-02.49.42:557][  0]LogD3D11RHI:      Driver Date: Unknown
[2017.12.29-02.49.42:557][  0]LogRHI: Texture pool is 1361 MB (70% of 1945 MB)
[2017.12.29-02.49.42:604][  0]LogD3D11RHI: Async texture creation enabled
[2017.12.29-02.49.42:667][  0]LogD3D11RHI: GPU Timing Frequency: 1000.000000 (Debug: 2 1)
[2017.12.29-02.49.42:724][  0]LogShaderCompilers: Guid format shader working directory is 28 characters bigger than the processId version (D:/UNNAMED/UNNAMED/Intermediate/Shaders/WorkingDirectory/4628/).
[2017.12.29-02.49.42:724][  0]LogShaderCompilers: Cleaned the shader compiler working directory 'C:/Users/duck2/AppData/Local/Temp/UnrealShaderWorkingDir/C86B79D9487948ACD95EDE9B9D537D95/'.
[2017.12.29-02.49.42:725][  0]LogShaderCompilers:Display: Using Local Shader Compiler.
[2017.12.29-02.49.44:433][  0]LogTemp:Display: Loaded TP WindowsClientTargetPlatform
[2017.12.29-02.49.44:507][  0]LogTemp:Display: Loaded TP WindowsNoEditorTargetPlatform
[2017.12.29-02.49.44:582][  0]LogTemp:Display: Loaded TP WindowsServerTargetPlatform
[2017.12.29-02.49.44:647][  0]LogTemp:Display: Loaded TP WindowsTargetPlatform
[2017.12.29-02.49.44:647][  0]LogTargetPlatformManager:Display: Building Assets For Windows
[2017.12.29-02.49.45:296][  0]LogDerivedDataCache:Display: Max Cache Size: 512 MB
[2017.12.29-02.49.45:575][  0]LogDerivedDataCache: Loaded boot cache 0.28s 50MB C:/Users/duck2/AppData/Local/UnrealEngine/4.15/DerivedDataCache/Boot.ddc.
[2017.12.29-02.49.45:575][  0]LogDerivedDataCache:Display: Loaded Boot cache: C:/Users/duck2/AppData/Local/UnrealEngine/4.15/DerivedDataCache/Boot.ddc
[2017.12.29-02.49.45:575][  0]LogDerivedDataCache: FDerivedDataBackendGraph:  Pak pak cache file D:/UNNAMED/UNNAMED/DerivedDataCache/DDC.ddp not found, will not use a pak cache.
[2017.12.29-02.49.45:576][  0]LogDerivedDataCache: Unable to find inner node Pak for hierarchical cache Hierarchy.
[2017.12.29-02.49.45:576][  0]LogDerivedDataCache: FDerivedDataBackendGraph:  CompressedPak pak cache file D:/UNNAMED/UNNAMED/DerivedDataCache/Compressed.ddp not found, will not use a pak cache.
[2017.12.29-02.49.45:576][  0]LogDerivedDataCache: Unable to find inner node CompressedPak for hierarchical cache Hierarchy.
[2017.12.29-02.49.45:599][  0]LogDerivedDataCache:Display: Pak cache opened for reading ../../../Engine/DerivedDataCache/Compressed.ddp.
[2017.12.29-02.49.45:612][  0]LogDerivedDataCache: Using Local data cache path C:/Users/duck2/AppData/Local/UnrealEngine/Common/DerivedDataCache: Writable
[2017.12.29-02.49.45:634][  0]LogSlate: Using Freetype 2.6.0
[2017.12.29-02.49.45:639][  0]LogSlate: SlateFontCache - WITH_FREETYPE: 1, WITH_HARFBUZZ: 1
[2017.12.29-02.49.45:639][  0]LogSlate: SlateFontCache - WITH_FREETYPE: 1, WITH_HARFBUZZ: 1
[2017.12.29-02.49.46:810][  0]LogAssetRegistry: FAssetRegistry took 0.0014 seconds to start up
[2017.12.29-02.49.46:829][  0]LogPackageLocalizationCache: Processed 3 localized package path(s) for 2 prioritized culture(s) in 0.018468 seconds
[2017.12.29-02.49.46:884][  0]LogInit: Selected Device Profile: [Windows]
[2017.12.29-02.49.46:891][  0]LogContentStreaming: Texture pool size is 1000.00 MB
[2017.12.29-02.49.47:200][  0]LogMeshUtilities: Using QuadricMeshReduction for automatic static mesh reduction
[2017.12.29-02.49.47:267][  0]LogSimplygon: Simplygon DLL not present - disabling.
[2017.12.29-02.49.47:345][  0]LogMeshUtilities: Using SimplygonSwarm for distributed automatic mesh merging
[2017.12.29-02.49.47:345][  0]LogMeshUtilities: No automatic skeletal mesh reduction module available
[2017.12.29-02.49.47:345][  0]LogMeshUtilities: No automatic mesh merging module available
[2017.12.29-02.49.48:270][  0]LogNetVersion: GetLocalNetworkVersion: CL: 3299760, ProjectName: unnamed, ProjectVersion: , EngineNetworkVersion: 2, GameNetworkVersion: 0, NetworkChecksum: 1184173371
[2017.12.29-02.49.49:576][  0]LogMoviePlayer: Initializing movie player
[2017.12.29-02.49.50:558][  0]SourceControl: 정보 소스 콘트롤이 꺼졌습니다.
[2017.12.29-02.49.50:558][  0]SourceControl: 정보 소스 콘트롤이 꺼졌습니다.
[2017.12.29-02.49.50:632][  0]SourceControl: 정보 소스 콘트롤이 꺼졌습니다.
[2017.12.29-02.49.51:661][  0]LogUObjectArray: 34415 objects as part of root set at end of initial load.
[2017.12.29-02.49.51:661][  0]LogUObjectAllocator: 7853184 out of 0 bytes used by permanent object pool.
[2017.12.29-02.49.51:661][  0]LogUObjectArray: CloseDisregardForGC: 0/0 objects in disregard for GC pool
[2017.12.29-02.49.51:827][  0]LogEngine: Initializing Engine...
[2017.12.29-02.49.51:830][  0]LogHMD: Failed to initialize OpenVR with code 110
[2017.12.29-02.49.51:972][  0]LogStats: UGameplayTagsManager::ConstructGameplayTagTree: Construct from data asset -  0.000 s
[2017.12.29-02.49.51:973][  0]LogStats: UGameplayTagsManager::ConstructGameplayTagTree: GameplayTagTreeChangedEvent.Broadcast -  0.000 s
[2017.12.29-02.49.51:990][  0]LogInit: XAudio2 using '헤드폰(High Definition Audio 장치)' : 2 channels at 44.1 kHz using 16 bits per sample (channel mask 0x3)
[2017.12.29-02.49.52:016][  0]LogInit: FAudioDevice initialized.
[2017.12.29-02.49.52:059][  0]LogDerivedDataCache: Saved boot cache 0.03s 50MB C:/Users/duck2/AppData/Local/UnrealEngine/4.15/DerivedDataCache/Boot.ddc.
[2017.12.29-02.49.52:066][  0]LogInit: Texture streaming: Enabled
[2017.12.29-02.49.52:092][  0]LogMaterial: Uniform references updated for custom material expression Custom.
[2017.12.29-02.49.56:160][  0]LogClass:Warning: Enum '/Game/BP/E_GameState.E_GameState' was upgraded to use FText to store its display name data. Please re-save this asset to avoid issues with localization and determinstic cooking.
[2017.12.29-02.49.59:026][  0]LogPackageName:Warning: String asset reference "Env_ALL_Artifacts.Mesh.Env_ALL_Terminus001" is in short form, which is unsupported and -- even if valid -- resolving it will be really slow.
[2017.12.29-02.49.59:026][  0]LogPackageName:Warning: Please consider resaving package in order to speed-up loading.
[2017.12.29-02.50.00:133][  0]LogPackageName: SearchForPackageOnDisk took   1.106s, but failed to resolve Env_ALL_Artifacts.
[2017.12.29-02.50.00:133][  0]LogPackageName:Warning: String asset reference "Env_ALL_Artifacts.Mesh.Env_ALL_Terminus001" could not be resolved.
[2017.12.29-02.50.00:234][  0]LogPackageName:Warning: String asset reference "FX_Meshes.UI.SM_SelectionMesh_01" is in short form, which is unsupported and -- even if valid -- resolving it will be really slow.
[2017.12.29-02.50.00:234][  0]LogPackageName:Warning: Please consider resaving package in order to speed-up loading.
[2017.12.29-02.50.00:423][  0]LogPackageName: SearchForPackageOnDisk took   0.189s, but failed to resolve FX_Meshes.
[2017.12.29-02.50.00:423][  0]LogPackageName:Warning: String asset reference "FX_Meshes.UI.SM_SelectionMesh_01" could not be resolved.
[2017.12.29-02.50.01:137][  0]LogInit:Display: Game Engine Initialized.
[2017.12.29-02.50.01:411][  0]LogInit:Display: Starting Game.
[2017.12.29-02.50.01:411][  0]LogNet: Browse: /Game/Map/Main?Name=Player
[2017.12.29-02.50.01:412][  0]LogLoad: LoadMap: /Game/Map/Main?Name=Player
[2017.12.29-02.50.01:525][  0]LogMemory: Platform Memory Stats for Windows
[2017.12.29-02.50.01:525][  0]LogMemory: Process Physical Memory: 884.64 MB used, 884.64 MB peak
[2017.12.29-02.50.01:525][  0]LogMemory: Process Virtual Memory: 964.26 MB used, 964.27 MB peak
[2017.12.29-02.50.01:525][  0]LogMemory: Physical Memory: 5054.97 MB used,  15325.18 MB free, 20380.15 MB total
[2017.12.29-02.50.01:525][  0]LogMemory: Virtual Memory: 1696.88 MB used,  15325.18 MB free, 134217728.00 MB total
[2017.12.29-02.50.01:525][  0]LogMemory: 
[2017.12.29-02.50.01:525][  0]Allocator Stats for TBB: (not implemented)
[2017.12.29-02.50.01:900][  0]LogAIModule: Creating AISystem for world Main
[2017.12.29-02.50.01:900][  0]LogLoad: Game class is 'pregame_C'
[2017.12.29-02.50.01:909][  0]LogWorld: Bringing World /Game/Map/Main.Main up for play (max tick rate 0) at 2017.12.29-11.50.01
[2017.12.29-02.50.01:909][  0]LogWorld: Bringing up level for play took: 0.006594
[2017.12.29-02.50.01:913][  0]LogSpawn:Warning: SpawnActor failed because no class was specified
[2017.12.29-02.50.01:914][  0]LogGameMode:Display: Match State Changed from EnteringMap to WaitingToStart
[2017.12.29-02.50.01:914][  0]LogGameState: Match State Changed from EnteringMap to WaitingToStart
[2017.12.29-02.50.01:914][  0]LogGameMode:Display: Match State Changed from WaitingToStart to InProgress
[2017.12.29-02.50.01:940][  0]r.SetRes = "1600x900"
[2017.12.29-02.50.01:940][  0]LogBlueprintUserMessages: [Main_C_0] 1.0
[2017.12.29-02.50.01:940][  0]LogGameState: Match State Changed from WaitingToStart to InProgress
[2017.12.29-02.50.01:941][  0]LogLoad: Took 0.528735 seconds to LoadMap(/Game/Map/Main)
[2017.12.29-02.50.01:976][  0]LogSlate: Took 0.031069 seconds to synchronously load lazily loaded font '../../../Engine/Content/Slate/Fonts/NanumGothic.ttf' (4243K)
[2017.12.29-02.50.02:089][  0]LogRenderer: Reallocating scene render targets to support 1600x900 NumSamples 1 (Frame:2).
[2017.12.29-02.50.02:385][  0]LogLoad: (Engine Initialization) Total time: 24.29 seconds
[2017.12.29-02.50.02:385][  0]LogLoad: (Engine Initialization) Total Blueprint compile time: 1.83 seconds
[2017.12.29-02.50.02:385][  0]LogExternalProfiler: Found external profiler: VSPerf
[2017.12.29-02.50.02:385][  0]LogExternalProfiler: Using external profiler: VSPerf
[2017.12.29-02.50.02:404][  0]LogOcInput: OculusInput pre-init called
[2017.12.29-02.50.02:895][ 30]LogAudio:Warning: Detected orphaned looping sound '메인화면'.
[2017.12.29-02.50.17:275][920]LogNetVersion: GetLocalNetworkVersion: CL: 3299760, ProjectName: unnamed, ProjectVersion: 1.0.0.0, EngineNetworkVersion: 2, GameNetworkVersion: 0, NetworkChecksum: 2893060150
[2017.12.29-02.50.18:739][940]LogPackageName: SearchForPackageOnDisk took   0.193s to resolve stage.umap.
[2017.12.29-02.50.18:739][940]LogGameMode:Display: Match State Changed from InProgress to LeavingMap
[2017.12.29-02.50.18:739][940]LogGameState: Match State Changed from InProgress to LeavingMap
[2017.12.29-02.50.18:928][940]LogPackageName: SearchForPackageOnDisk took   0.189s to resolve stage.umap.
[2017.12.29-02.50.18:928][940]LogNet: Browse: /Game/Map/stage?listen
[2017.12.29-02.50.18:928][940]LogLoad: LoadMap: /Game/Map/stage?listen
[2017.12.29-02.50.18:958][940]LogMemory: Platform Memory Stats for Windows
[2017.12.29-02.50.18:958][940]LogMemory: Process Physical Memory: 870.00 MB used, 936.27 MB peak
[2017.12.29-02.50.18:958][940]LogMemory: Process Virtual Memory: 1142.90 MB used, 1273.06 MB peak
[2017.12.29-02.50.18:958][940]LogMemory: Physical Memory: 5113.94 MB used,  15266.21 MB free, 20380.15 MB total
[2017.12.29-02.50.18:958][940]LogMemory: Virtual Memory: 2014.18 MB used,  15266.21 MB free, 134217728.00 MB total
[2017.12.29-02.50.18:958][940]LogMemory: 
[2017.12.29-02.50.18:958][940]Allocator Stats for TBB: (not implemented)
[2017.12.29-02.50.29:811][940]LogAIModule: Creating AISystem for world stage
[2017.12.29-02.50.29:811][940]LogLoad: Game class is 'MyGameMode_C'
[2017.12.29-02.50.29:813][940]LogNet:Display: SteamNetDriver_0 bound to port 7777
[2017.12.29-02.50.29:813][940]PacketHandlerLog: Loaded PacketHandler component: Engine.EngineHandlerComponentFactory (StatelessConnectHandlerComponent)
[2017.12.29-02.50.29:814][940]LogNet: GameNetDriver SteamNetDriver_0 IpNetDriver listening on port 7777
[2017.12.29-02.50.29:843][940]LogWorld: Bringing World /Game/Map/stage.stage up for play (max tick rate 0) at 2017.12.29-11.50.29
[2017.12.29-02.50.29:845][940]LogWorld: Bringing up level for play took: 0.029705
[2017.12.29-02.50.29:847][940]LogGameMode:Display: Match State Changed from EnteringMap to WaitingToStart
[2017.12.29-02.50.29:847][940]LogGameState: Match State Changed from EnteringMap to WaitingToStart
[2017.12.29-02.50.29:847][940]LogGameMode:Display: Match State Changed from WaitingToStart to InProgress
[2017.12.29-02.50.29:858][940]LogBlueprintUserMessages: [messageScroll_116] duck2283
[2017.12.29-02.50.29:867][940]LogGameState: Match State Changed from WaitingToStart to InProgress
[2017.12.29-02.50.29:869][940]LogLoad: Took 10.940164 seconds to LoadMap(/Game/Map/stage)
[2017.12.29-02.50.29:872][940]PIE:Warning: 경고 위젯이 포커스를 지원하지 않습니다. UserWidget 인 경우, bIsFocusable 을 true 로 설정해야 합니다.
[2017.12.29-02.50.29:917][940]LogAudio:Warning: Detected orphaned looping sound 'wind'.
[2017.12.29-02.50.29:917][940]LogSlate: Took 0.001893 seconds to synchronously load lazily loaded font '../../../Engine/Content/Slate/Fonts/Roboto-Regular.ttf' (155K)
[2017.12.29-02.50.29:932][941]LogNet: UNetDriver::TickDispatch: Very long time between ticks. DeltaTime: 11.19, Realtime: 0.06. SteamNetDriver_0
[2017.12.29-02.50.32:506][ 92]PIE:Error: 오류 SetInputMode_GameOnly 는 유효한 플레이어 컨트롤러를 타겟으로 기대합니다.
[2017.12.29-02.50.32:506][ 92]PIE:Error: 오류 SetInputMode_GameOnly 는 유효한 플레이어 컨트롤러를 타겟으로 기대합니다.
[2017.12.29-02.50.32:510][ 92]LogScriptCore:Warning: Script Msg: Divide by zero
Script call stack:
	Function /Game/Widget/PHUD.PHUD_C:RMouseSkillCoolTimeBar

[2017.12.29-02.50.32:510][ 92]LogScriptCore:Warning: Script Msg: Divide by zero
Script call stack:
	Function /Game/Widget/PHUD.PHUD_C:ShiftSkillCoolTimeBar

[2017.12.29-02.50.32:520][ 93]LogScriptCore:Warning: Script Msg: Divide by zero
Script call stack:
	Function /Game/Widget/PHUD.PHUD_C:RMouseSkillCoolTimeBar

[2017.12.29-02.50.32:520][ 93]LogScriptCore:Warning: Script Msg: Divide by zero
Script call stack:
	Function /Game/Widget/PHUD.PHUD_C:ShiftSkillCoolTimeBar

[2017.12.29-02.50.32:536][ 94]LogScriptCore:Warning: Script Msg: Divide by zero
Script call stack:
	Function /Game/Widget/PHUD.PHUD_C:RMouseSkillCoolTimeBar

[2017.12.29-02.50.32:536][ 94]LogScriptCore:Warning: Script Msg: Divide by zero
Script call stack:
	Function /Game/Widget/PHUD.PHUD_C:ShiftSkillCoolTimeBar

[2017.12.29-02.50.32:564][ 95]LogScriptCore:Warning: Script Msg: Divide by zero
Script call stack:
	Function /Game/Widget/PHUD.PHUD_C:RMouseSkillCoolTimeBar

[2017.12.29-02.50.32:564][ 95]LogScriptCore:Warning: Script Msg: Divide by zero
Script call stack:
	Function /Game/Widget/PHUD.PHUD_C:ShiftSkillCoolTimeBar

[2017.12.29-02.50.32:587][ 96]LogScriptCore:Warning: Script Msg: Divide by zero
Script call stack:
	Function /Game/Widget/PHUD.PHUD_C:RMouseSkillCoolTimeBar

[2017.12.29-02.50.32:587][ 96]LogScriptCore:Warning: Script Msg: Divide by zero
Script call stack:
	Function /Game/Widget/PHUD.PHUD_C:ShiftSkillCoolTimeBar

[2017.12.29-02.50.33:809][172]LogNet: NotifyAcceptingConnection accepted from: 76561198347402268:7777
[2017.12.29-02.50.33:809][172]LogHandshake: SendConnectChallenge. Timestamp: 16.225229, Cookie: 134013246160057073156160002057223031195044025046176142089171
[2017.12.29-02.50.33:810][172]LogNet: NotifyAcceptingConnection accepted from: 76561198347402268:7777
[2017.12.29-02.50.33:810][172]LogHandshake: SendConnectChallenge. Timestamp: 16.225229, Cookie: 134013246160057073156160002057223031195044025046176142089171
[2017.12.29-02.50.33:810][172]LogNet: NotifyAcceptingConnection accepted from: 76561198347402268:7777
[2017.12.29-02.50.33:810][172]LogHandshake: SendConnectChallenge. Timestamp: 16.225229, Cookie: 134013246160057073156160002057223031195044025046176142089171
[2017.12.29-02.50.33:810][172]LogNet: NotifyAcceptingConnection accepted from: 76561198347402268:7777
[2017.12.29-02.50.33:810][172]LogHandshake: SendConnectChallenge. Timestamp: 16.225229, Cookie: 134013246160057073156160002057223031195044025046176142089171
[2017.12.29-02.50.33:810][172]LogNet: NotifyAcceptingConnection accepted from: 76561198347402268:7777
[2017.12.29-02.50.33:810][172]LogHandshake: SendConnectChallenge. Timestamp: 16.225229, Cookie: 134013246160057073156160002057223031195044025046176142089171
[2017.12.29-02.50.33:811][172]LogNet: NotifyAcceptingConnection accepted from: 76561198347402268:7777
[2017.12.29-02.50.33:811][172]LogHandshake: SendConnectChallenge. Timestamp: 16.225229, Cookie: 134013246160057073156160002057223031195044025046176142089171
[2017.12.29-02.50.33:811][172]LogNet: NotifyAcceptingConnection accepted from: 76561198347402268:7777
[2017.12.29-02.50.33:811][172]LogHandshake: SendConnectChallenge. Timestamp: 16.225229, Cookie: 134013246160057073156160002057223031195044025046176142089171
[2017.12.29-02.50.33:811][172]LogNet: NotifyAcceptingConnection accepted from: 76561198347402268:7777
[2017.12.29-02.50.33:811][172]LogHandshake: SendConnectChallenge. Timestamp: 16.225229, Cookie: 134013246160057073156160002057223031195044025046176142089171
[2017.12.29-02.50.33:811][172]LogNet: NotifyAcceptingConnection accepted from: 76561198347402268:7777
[2017.12.29-02.50.33:811][172]LogHandshake: SendConnectChallenge. Timestamp: 16.225229, Cookie: 134013246160057073156160002057223031195044025046176142089171
[2017.12.29-02.50.33:841][174]LogNet: NotifyAcceptingConnection accepted from: 76561198347402268:7777
[2017.12.29-02.50.33:841][174]LogNet: Server accepting post-challenge connection from: 76561198347402268:7777
[2017.12.29-02.50.33:841][174]PacketHandlerLog: Loaded PacketHandler component: Engine.EngineHandlerComponentFactory (StatelessConnectHandlerComponent)
[2017.12.29-02.50.33:841][174]LogNet: NotifyAcceptedConnection: Name: stage, TimeStamp: 12/29/17 11:50:33, [UNetConnection] RemoteAddr: 76561198347402268:7777, Name: SteamNetConnection_0, Driver: GameNetDriver SteamNetDriver_0, IsServer: YES, PC: NULL, Owner: NULL
[2017.12.29-02.50.33:841][174]LogNet: AddClientConnection: Added client connection: [UNetConnection] RemoteAddr: 76561198347402268:7777, Name: SteamNetConnection_0, Driver: GameNetDriver SteamNetDriver_0, IsServer: YES, PC: NULL, Owner: NULL
[2017.12.29-02.50.33:842][174]LogNet: NotifyAcceptingChannel Control 0 server World /Game/Map/stage.stage: Accepted
[2017.12.29-02.50.33:843][174]LogNet: Remote platform little endian=1
[2017.12.29-02.50.33:843][174]LogNet: This platform little endian=1
[2017.12.29-02.50.33:873][176]LogNet: Login request: /Game/Map/Main?Name=codemist userId: 76561198347402268
[2017.12.29-02.50.33:890][177]LogNet: Client netspeed is 10000
[2017.12.29-02.50.36:850][348]LogPackageName: SearchForPackageOnDisk took   0.198s to resolve Main.umap.
[2017.12.29-02.50.36:851][348]LogGameMode:Display: Match State Changed from InProgress to LeavingMap
[2017.12.29-02.50.36:851][348]LogGameState: Match State Changed from InProgress to LeavingMap
[2017.12.29-02.50.37:042][348]LogPackageName: SearchForPackageOnDisk took   0.190s to resolve Main.umap.
[2017.12.29-02.50.37:042][348]LogNet: Browse: /Game/Map/Main
[2017.12.29-02.50.37:042][348]LogLoad: LoadMap: /Game/Map/Main
[2017.12.29-02.50.37:042][348]LogNet: World NetDriver shutdown SteamNetDriver_0 [GameNetDriver]
[2017.12.29-02.50.37:043][348]LogNet: DestroyNamedNetDriver SteamNetDriver_0 [GameNetDriver]
[2017.12.29-02.50.37:043][348]LogNet: UNetConnection::Cleanup: Closing open connection. [UNetConnection] RemoteAddr: 76561198347402268:7777, Name: SteamNetConnection_0, Driver: GameNetDriver SteamNetDriver_0, IsServer: YES, PC: NULL, Owner: NULL
[2017.12.29-02.50.37:043][348]LogNet: UNetConnection::Close: [UNetConnection] RemoteAddr: 76561198347402268:7777, Name: SteamNetConnection_0, Driver: GameNetDriver SteamNetDriver_0, IsServer: YES, PC: NULL, Owner: NULL, Channels: 2, Time: 2017.12.29-02.50.37
[2017.12.29-02.50.37:043][348]LogNet: UChannel::Close: Sending CloseBunch. ChIndex == 0. Name: [UChannel] ChIndex: 0, Closing: 0 [UNetConnection] RemoteAddr: 76561198347402268:7777, Name: SteamNetConnection_0, Driver: GameNetDriver SteamNetDriver_0, IsServer: YES, PC: NULL, Owner: NULL
[2017.12.29-02.50.37:043][348]LogExit: GameNetDriver SteamNetDriver_0 shut down
[2017.12.29-02.50.37:044][348]LogScript:Warning: Accessed None 이 CallFunc_K2_GetPawn_ReturnValue2 프로퍼티를 읽으려 합니다.
	MyGameMode_C /Game/Map/stage.stage:PersistentLevel.MyGameMode_C_0
	Function /Game/BP/MyGameMode.MyGameMode_C:ExecuteUbergraph_MyGameMode:0E45
[2017.12.29-02.50.37:044][348]LogScript:Warning: Script call stack:
	Function /Game/BP/MyGameMode.MyGameMode_C:K2_OnLogout
	Function /Game/BP/MyGameMode.MyGameMode_C:ExecuteUbergraph_MyGameMode

[2017.12.29-02.50.37:186][348]LogMemory: Platform Memory Stats for Windows
[2017.12.29-02.50.37:186][348]LogMemory: Process Physical Memory: 1307.75 MB used, 1500.61 MB peak
[2017.12.29-02.50.37:186][348]LogMemory: Process Virtual Memory: 1788.61 MB used, 2048.25 MB peak
[2017.12.29-02.50.37:186][348]LogMemory: Physical Memory: 5690.40 MB used,  14689.75 MB free, 20380.15 MB total
[2017.12.29-02.50.37:186][348]LogMemory: Virtual Memory: 2603.55 MB used,  14689.75 MB free, 134217728.00 MB total
[2017.12.29-02.50.37:186][348]LogMemory: 
[2017.12.29-02.50.37:186][348]Allocator Stats for TBB: (not implemented)
[2017.12.29-02.50.37:244][348]LogAIModule: Creating AISystem for world Main
[2017.12.29-02.50.37:244][348]LogLoad: Game class is 'pregame_C'
[2017.12.29-02.50.37:248][348]LogWorld: Bringing World /Game/Map/Main.Main up for play (max tick rate 0) at 2017.12.29-11.50.37
[2017.12.29-02.50.37:248][348]LogWorld: Bringing up level for play took: 0.001106
[2017.12.29-02.50.37:250][348]LogSpawn:Warning: SpawnActor failed because no class was specified
[2017.12.29-02.50.37:250][348]LogGameMode:Display: Match State Changed from EnteringMap to WaitingToStart
[2017.12.29-02.50.37:250][348]LogGameState: Match State Changed from EnteringMap to WaitingToStart
[2017.12.29-02.50.37:250][348]LogGameMode:Display: Match State Changed from WaitingToStart to InProgress
[2017.12.29-02.50.37:256][348]r.SetRes = "1600x900"
[2017.12.29-02.50.37:256][348]LogBlueprintUserMessages: [Main_C_0] 1.0
[2017.12.29-02.50.37:256][348]LogGameState: Match State Changed from WaitingToStart to InProgress
[2017.12.29-02.50.37:257][348]LogLoad: Took 0.215072 seconds to LoadMap(/Game/Map/Main)
[2017.12.29-02.50.37:359][356]LogAudio:Warning: Detected orphaned looping sound '메인화면'.
[2017.12.29-02.50.37:426][360]LogScriptCore:Warning: Script Msg: DestroySessionCallback - Invalid player state
[2017.12.29-02.50.43:057][697]LogPackageName: SearchForPackageOnDisk took   0.187s to resolve newMap.umap.
[2017.12.29-02.50.43:058][697]LogGameMode:Display: Match State Changed from InProgress to LeavingMap
[2017.12.29-02.50.43:058][697]LogGameState: Match State Changed from InProgress to LeavingMap
[2017.12.29-02.50.43:242][697]LogPackageName: SearchForPackageOnDisk took   0.184s to resolve newMap.umap.
[2017.12.29-02.50.43:242][697]LogNet: Browse: /Game/Map/newMap?listen
[2017.12.29-02.50.43:242][697]LogLoad: LoadMap: /Game/Map/newMap?listen
[2017.12.29-02.50.43:271][697]LogMemory: Platform Memory Stats for Windows
[2017.12.29-02.50.43:271][697]LogMemory: Process Physical Memory: 1208.15 MB used, 1500.61 MB peak
[2017.12.29-02.50.43:271][697]LogMemory: Process Virtual Memory: 1497.66 MB used, 2048.25 MB peak
[2017.12.29-02.50.43:271][697]LogMemory: Physical Memory: 5479.02 MB used,  14901.13 MB free, 20380.15 MB total
[2017.12.29-02.50.43:271][697]LogMemory: Virtual Memory: 2489.05 MB used,  14901.13 MB free, 134217728.00 MB total
[2017.12.29-02.50.43:271][697]LogMemory: 
[2017.12.29-02.50.43:271][697]Allocator Stats for TBB: (not implemented)
[2017.12.29-02.50.48:492][697]LogMaterial: Missing cached shader map for material 01_-_Default, compiling. 
[2017.12.29-02.50.48:493][697]LogMaterial:Warning: Failed to compile Material /Game/b/01_-_Default.01_-_Default for platform PCD3D_SM5, Default Material will be used in game.
[2017.12.29-02.50.48:493][697]LogMaterial:Warning: 	(Node TextureSample) TextureSample> Missing input texture
[2017.12.29-02.50.48:803][697]LogMaterial: Missing cached shader map for material 06_-_Default, compiling. 
[2017.12.29-02.50.48:804][697]LogMaterial:Warning: Failed to compile Material /Game/ThirdPersonBP/chain/06_-_Default.06_-_Default for platform PCD3D_SM5, Default Material will be used in game.
[2017.12.29-02.50.48:804][697]LogMaterial:Warning: 	(Node TextureSample) TextureSample> Missing input texture
[2017.12.29-02.50.48:835][697]LogAIModule: Creating AISystem for world newMap
[2017.12.29-02.50.48:835][697]LogLoad: Game class is 'MyGameMode_C'
[2017.12.29-02.50.48:836][697]LogNet:Display: SteamNetDriver_1 bound to port 7777
[2017.12.29-02.50.48:837][697]PacketHandlerLog: Loaded PacketHandler component: Engine.EngineHandlerComponentFactory (StatelessConnectHandlerComponent)
[2017.12.29-02.50.48:837][697]LogNet: GameNetDriver SteamNetDriver_1 IpNetDriver listening on port 7777
[2017.12.29-02.50.48:902][697]LogWorld: Bringing World /Game/Map/newMap.newMap up for play (max tick rate 0) at 2017.12.29-11.50.48
[2017.12.29-02.50.48:904][697]LogWorld: Bringing up level for play took: 0.065604
[2017.12.29-02.50.48:905][697]LogGameMode:Display: Match State Changed from EnteringMap to WaitingToStart
[2017.12.29-02.50.48:905][697]LogGameState: Match State Changed from EnteringMap to WaitingToStart
[2017.12.29-02.50.48:905][697]LogGameMode:Display: Match State Changed from WaitingToStart to InProgress
[2017.12.29-02.50.48:915][697]LogBlueprintUserMessages: [messageScroll_116] duck2283
[2017.12.29-02.50.48:924][697]LogGameState: Match State Changed from WaitingToStart to InProgress
[2017.12.29-02.50.48:926][697]LogLoad: Took 5.683786 seconds to LoadMap(/Game/Map/newMap)
[2017.12.29-02.50.48:939][698]LogAudio:Warning: Detected orphaned looping sound 'wind'.
[2017.12.29-02.50.48:939][698]LogNet: UNetDriver::TickDispatch: Very long time between ticks. DeltaTime: 5.88, Realtime: 0.01. SteamNetDriver_1
[2017.12.29-02.50.48:940][698]PIE:Warning: 경고 위젯이 포커스를 지원하지 않습니다. UserWidget 인 경우, bIsFocusable 을 true 로 설정해야 합니다.
[2017.12.29-02.50.59:362][333]PIE:Error: 오류 SetInputMode_GameOnly 는 유효한 플레이어 컨트롤러를 타겟으로 기대합니다.
[2017.12.29-02.50.59:362][333]PIE:Error: 오류 SetInputMode_GameOnly 는 유효한 플레이어 컨트롤러를 타겟으로 기대합니다.
[2017.12.29-02.50.59:367][333]LogScriptCore:Warning: Script Msg: Divide by zero
Script call stack:
	Function /Game/Widget/PHUD.PHUD_C:RMouseSkillCoolTimeBar

[2017.12.29-02.50.59:367][333]LogScriptCore:Warning: Script Msg: Divide by zero
Script call stack:
	Function /Game/Widget/PHUD.PHUD_C:ShiftSkillCoolTimeBar

[2017.12.29-02.50.59:379][334]LogScriptCore:Warning: Script Msg: Divide by zero
Script call stack:
	Function /Game/Widget/PHUD.PHUD_C:RMouseSkillCoolTimeBar

[2017.12.29-02.50.59:379][334]LogScriptCore:Warning: Script Msg: Divide by zero
Script call stack:
	Function /Game/Widget/PHUD.PHUD_C:ShiftSkillCoolTimeBar

[2017.12.29-02.50.59:395][335]LogScriptCore:Warning: Script Msg: Divide by zero
Script call stack:
	Function /Game/Widget/PHUD.PHUD_C:RMouseSkillCoolTimeBar

[2017.12.29-02.50.59:396][335]LogScriptCore:Warning: Script Msg: Divide by zero
Script call stack:
	Function /Game/Widget/PHUD.PHUD_C:ShiftSkillCoolTimeBar

[2017.12.29-02.50.59:411][336]LogScriptCore:Warning: Script Msg: Divide by zero
Script call stack:
	Function /Game/Widget/PHUD.PHUD_C:RMouseSkillCoolTimeBar

[2017.12.29-02.50.59:411][336]LogScriptCore:Warning: Script Msg: Divide by zero
Script call stack:
	Function /Game/Widget/PHUD.PHUD_C:ShiftSkillCoolTimeBar

[2017.12.29-02.50.59:428][337]LogScriptCore:Warning: Script Msg: Divide by zero
Script call stack:
	Function /Game/Widget/PHUD.PHUD_C:RMouseSkillCoolTimeBar

[2017.12.29-02.50.59:428][337]LogScriptCore:Warning: Script Msg: Divide by zero
Script call stack:
	Function /Game/Widget/PHUD.PHUD_C:ShiftSkillCoolTimeBar

[2017.12.29-02.50.59:444][338]LogScriptCore:Warning: Script Msg: Divide by zero
Script call stack:
	Function /Game/Widget/PHUD.PHUD_C:RMouseSkillCoolTimeBar

[2017.12.29-02.50.59:444][338]LogScriptCore:Warning: Script Msg: Divide by zero
Script call stack:
	Function /Game/Widget/PHUD.PHUD_C:ShiftSkillCoolTimeBar

[2017.12.29-02.51.13:811][228]LogNet: NotifyAcceptingConnection accepted from: 76561198347402268:7777
[2017.12.29-02.51.13:811][228]LogNet: NotifyAcceptingConnection accepted from: 76561198347402268:7777
[2017.12.29-02.51.13:811][228]LogNet: NotifyAcceptingConnection accepted from: 76561198347402268:7777
[2017.12.29-02.51.13:811][228]LogNet: NotifyAcceptingConnection accepted from: 76561198347402268:7777
[2017.12.29-02.51.14:441][255]LogPackageName: SearchForPackageOnDisk took   0.193s to resolve Main.umap.
[2017.12.29-02.51.14:443][255]LogGameMode:Display: Match State Changed from InProgress to LeavingMap
[2017.12.29-02.51.14:443][255]LogGameState: Match State Changed from InProgress to LeavingMap
[2017.12.29-02.51.14:623][255]LogPackageName: SearchForPackageOnDisk took   0.179s to resolve Main.umap.
[2017.12.29-02.51.14:623][255]LogNet: Browse: /Game/Map/Main
[2017.12.29-02.51.14:623][255]LogLoad: LoadMap: /Game/Map/Main
[2017.12.29-02.51.14:623][255]LogNet: World NetDriver shutdown SteamNetDriver_1 [GameNetDriver]
[2017.12.29-02.51.14:623][255]LogNet: DestroyNamedNetDriver SteamNetDriver_1 [GameNetDriver]
[2017.12.29-02.51.14:623][255]LogExit: GameNetDriver SteamNetDriver_1 shut down
[2017.12.29-02.51.14:624][255]LogScript:Warning: Accessed None 이 CallFunc_K2_GetPawn_ReturnValue2 프로퍼티를 읽으려 합니다.
	MyGameMode_C /Game/Map/newMap.newMap:PersistentLevel.MyGameMode_C_0
	Function /Game/BP/MyGameMode.MyGameMode_C:ExecuteUbergraph_MyGameMode:0E45
[2017.12.29-02.51.14:624][255]LogScript:Warning: Script call stack:
	Function /Game/BP/MyGameMode.MyGameMode_C:K2_OnLogout
	Function /Game/BP/MyGameMode.MyGameMode_C:ExecuteUbergraph_MyGameMode

[2017.12.29-02.51.14:759][255]LogMemory: Platform Memory Stats for Windows
[2017.12.29-02.51.14:759][255]LogMemory: Process Physical Memory: 1341.97 MB used, 1506.37 MB peak
[2017.12.29-02.51.14:759][255]LogMemory: Process Virtual Memory: 1877.76 MB used, 2048.25 MB peak
[2017.12.29-02.51.14:759][255]LogMemory: Physical Memory: 5688.54 MB used,  14691.61 MB free, 20380.15 MB total
[2017.12.29-02.51.14:759][255]LogMemory: Virtual Memory: 2721.87 MB used,  14691.61 MB free, 134217728.00 MB total
[2017.12.29-02.51.14:759][255]LogMemory: 
[2017.12.29-02.51.14:759][255]Allocator Stats for TBB: (not implemented)
[2017.12.29-02.51.14:810][255]LogAIModule: Creating AISystem for world Main
[2017.12.29-02.51.14:810][255]LogLoad: Game class is 'pregame_C'
[2017.12.29-02.51.14:813][255]LogWorld: Bringing World /Game/Map/Main.Main up for play (max tick rate 0) at 2017.12.29-11.51.14
[2017.12.29-02.51.14:813][255]LogWorld: Bringing up level for play took: 0.001145
[2017.12.29-02.51.14:814][255]LogSpawn:Warning: SpawnActor failed because no class was specified
[2017.12.29-02.51.14:814][255]LogGameMode:Display: Match State Changed from EnteringMap to WaitingToStart
[2017.12.29-02.51.14:814][255]LogGameState: Match State Changed from EnteringMap to WaitingToStart
[2017.12.29-02.51.14:814][255]LogGameMode:Display: Match State Changed from WaitingToStart to InProgress
[2017.12.29-02.51.14:821][255]r.SetRes = "1600x900"
[2017.12.29-02.51.14:821][255]LogBlueprintUserMessages: [Main_C_0] 1.0
[2017.12.29-02.51.14:821][255]LogGameState: Match State Changed from WaitingToStart to InProgress
[2017.12.29-02.51.14:822][255]LogLoad: Took 0.198640 seconds to LoadMap(/Game/Map/Main)
[2017.12.29-02.51.14:926][263]LogAudio:Warning: Detected orphaned looping sound '메인화면'.
[2017.12.29-02.51.14:974][266]LogScriptCore:Warning: Script Msg: DestroySessionCallback - Invalid player state
[2017.12.29-02.51.20:522][609]Closing by request
[2017.12.29-02.51.20:522][609]LogWindows: FPlatformMisc::RequestExit(0)
[2017.12.29-02.51.20:524][610]LogMoviePlayer: Shutting down movie player
[2017.12.29-02.51.20:903][610]LogWindowsTextInputMethodSystem:Display: IME system now activated using TSF (Microsoft 입력기).
[2017.12.29-02.51.20:904][610]LogWindowsTextInputMethodSystem:Display: IME system now activated using TSF (Microsoft 입력기).
[2017.12.29-02.51.20:908][610]LogWindowsTextInputMethodSystem:Display: IME system now activated using TSF (Microsoft 입력기).
[2017.12.29-02.51.20:909][610]LogWindowsTextInputMethodSystem:Display: IME system now activated using TSF (Microsoft 입력기).
[2017.12.29-02.51.20:985][610]LogExit: Preparing to exit.
[2017.12.29-02.51.21:090][610]LogExit: Game engine shut down
[2017.12.29-02.51.21:190][610]LogObj: Freed 0b from 0 cluster array pools.
[2017.12.29-02.51.21:190][610]LogExit: Object subsystem successfully closed.
[2017.12.29-02.51.21:207][610]LogD3D11RHI: Shutdown
[2017.12.29-02.51.21:207][610]LogD3D11RHI: CleanupD3DDevice
[2017.12.29-02.51.21:291][610]LogD3D11RHI: ~FD3D11DynamicRHI
[2017.12.29-02.51.21:316][610]LogModuleManager: Shutting down and abandoning module SequenceRecorderSections (266)
[2017.12.29-02.51.21:316][610]LogModuleManager: Shutting down and abandoning module SequenceRecorder (264)
[2017.12.29-02.51.21:316][610]LogModuleManager: Shutting down and abandoning module AutomationController (262)
[2017.12.29-02.51.21:316][610]LogModuleManager: Shutting down and abandoning module AutomationWorker (260)
[2017.12.29-02.51.21:317][610]LogModuleManager: Shutting down and abandoning module AIModule (258)
[2017.12.29-02.51.21:317][610]LogModuleManager: Shutting down and abandoning module GameplayDebugger (257)
[2017.12.29-02.51.21:317][610]LogModuleManager: Shutting down and abandoning module AITestSuite (255)
[2017.12.29-02.51.21:317][610]LogModuleManager: Shutting down and abandoning module WmfMediaFactory (252)
[2017.12.29-02.51.21:317][610]LogModuleManager: Shutting down and abandoning module MfMediaFactory (250)
[2017.12.29-02.51.21:317][610]LogModuleManager: Shutting down and abandoning module AvfMediaFactory (248)
[2017.12.29-02.51.21:317][610]LogModuleManager: Shutting down and abandoning module AndroidMediaFactory (246)
[2017.12.29-02.51.21:317][610]LogModuleManager: Shutting down and abandoning module Media (245)
[2017.12.29-02.51.21:317][610]LogModuleManager: Shutting down and abandoning module CharacterAI (242)
[2017.12.29-02.51.21:317][610]LogModuleManager: Shutting down and abandoning module SessionServices (240)
[2017.12.29-02.51.21:317][610]LogModuleManager: Shutting down and abandoning module MovieSceneCapture (238)
[2017.12.29-02.51.21:317][610]LogModuleManager: Shutting down and abandoning module GeometryCache (236)
[2017.12.29-02.51.21:317][610]LogModuleManager: Shutting down and abandoning module GeometryCacheEd (235)
[2017.12.29-02.51.21:317][610]LogModuleManager: Shutting down and abandoning module Niagara (232)
[2017.12.29-02.51.21:317][610]LogModuleManager: Shutting down and abandoning module StreamingPauseRendering (230)
[2017.12.29-02.51.21:317][610]LogModuleManager: Shutting down and abandoning module PortalServices (228)
[2017.12.29-02.51.21:317][610]LogModuleManager: Shutting down and abandoning module PortalRpc (226)
[2017.12.29-02.51.21:317][610]LogModuleManager: Shutting down and abandoning module MessagingRpc (224)
[2017.12.29-02.51.21:317][610]LogModuleManager: Shutting down and abandoning module ProfilerService (222)
[2017.12.29-02.51.21:401][610]LogModuleManager: Shutting down and abandoning module TaskGraph (220)
[2017.12.29-02.51.21:402][610]LogModuleManager: Shutting down and abandoning module SteamVRController (218)
[2017.12.29-02.51.21:402][610]LogModuleManager: Shutting down and abandoning module SteamVR (216)
[2017.12.29-02.51.21:402][610]LogModuleManager: Shutting down and abandoning module ProceduralMeshComponent (214)
[2017.12.29-02.51.21:402][610]LogModuleManager: Shutting down and abandoning module OculusLibrary (212)
[2017.12.29-02.51.21:402][610]LogModuleManager: Shutting down and abandoning module OculusInput (210)
[2017.12.29-02.51.21:402][610]LogModuleManager: Shutting down and abandoning module MobilePatchingUtils (208)
[2017.12.29-02.51.21:402][610]LogModuleManager: Shutting down and abandoning module CustomMeshComponent (206)
[2017.12.29-02.51.21:402][610]LogModuleManager: Shutting down and abandoning module CableComponent (204)
[2017.12.29-02.51.21:402][610]LogModuleManager: Shutting down and abandoning module ArchVisCharacter (202)
[2017.12.29-02.51.21:402][610]LogModuleManager: Shutting down and abandoning module HTML5Networking (198)
[2017.12.29-02.51.21:402][610]LogModuleManager: Shutting down and abandoning module VisualStudioSourceCodeAccess (196)
[2017.12.29-02.51.21:402][610]LogModuleManager: Shutting down and abandoning module DesktopPlatform (195)
[2017.12.29-02.51.21:402][610]LogModuleManager: Shutting down and abandoning module HotReload (193)
[2017.12.29-02.51.21:402][610]LogModuleManager: Shutting down and abandoning module DirectoryWatcher (192)
[2017.12.29-02.51.21:403][610]LogModuleManager: Shutting down and abandoning module UObjectPlugin (188)
[2017.12.29-02.51.21:403][610]LogModuleManager: Shutting down and abandoning module SubversionSourceControl (186)
[2017.12.29-02.51.21:403][610]LogModuleManager: Shutting down and abandoning module PerforceSourceControl (184)
[2017.12.29-02.51.21:403][610]LogModuleManager: Shutting down and abandoning module SourceControl (183)
[2017.12.29-02.51.21:403][610]LogModuleManager: Shutting down and abandoning module PhysXVehiclesEditor (180)
[2017.12.29-02.51.21:403][610]LogModuleManager: Shutting down and abandoning module PhysXVehicles (178)
[2017.12.29-02.51.21:403][610]LogModuleManager: Shutting down and abandoning module LocationServicesBPLibrary (176)
[2017.12.29-02.51.21:403][610]LogModuleManager: Shutting down and abandoning module UdpMessaging (174)
[2017.12.29-02.51.21:403][610]LogModuleManager: Shutting down and abandoning module TcpMessaging (172)
[2017.12.29-02.51.21:403][610]LogModuleManager: Shutting down and abandoning module GameplayTagsEditor (170)
[2017.12.29-02.51.21:403][610]LogModuleManager: Shutting down and abandoning module FacialAnimation (168)
[2017.12.29-02.51.21:403][610]LogModuleManager: Shutting down and abandoning module LightPropagationVolumeRuntime (166)
[2017.12.29-02.51.21:403][610]LogModuleManager: Shutting down and abandoning module Paper2D (164)
[2017.12.29-02.51.21:404][610]LogModuleManager: Shutting down and abandoning module WindowsMoviePlayer (162)
[2017.12.29-02.51.21:404][610]LogModuleManager: Shutting down and abandoning module WmfMedia (160)
[2017.12.29-02.51.21:406][610]LogModuleManager: Shutting down and abandoning module MfMedia (158)
[2017.12.29-02.51.21:406][610]LogModuleManager: Shutting down and abandoning module MediaAssets (156)
[2017.12.29-02.51.21:406][610]LogModuleManager: Shutting down and abandoning module GameLiveStreaming (154)
[2017.12.29-02.51.21:406][610]LogModuleManager: Shutting down and abandoning module VREditor (152)
[2017.12.29-02.51.21:406][610]LogModuleManager: Shutting down and abandoning module GameplayTasksEditor (150)
[2017.12.29-02.51.21:406][610]LogModuleManager: Shutting down and abandoning module BehaviorTreeEditor (148)
[2017.12.29-02.51.21:407][610]LogModuleManager: Shutting down and abandoning module FunctionalTesting (146)
[2017.12.29-02.51.21:407][610]LogModuleManager: Shutting down and abandoning module CollisionAnalyzer (144)
[2017.12.29-02.51.21:407][610]LogModuleManager: Shutting down and abandoning module UMG (142)
[2017.12.29-02.51.21:407][610]LogModuleManager: Shutting down and abandoning module UMGEditor (141)
[2017.12.29-02.51.21:408][610]LogModuleManager: Shutting down and abandoning module Sequencer (140)
[2017.12.29-02.51.21:409][610]LogModuleManager: Shutting down and abandoning module AssetTools (138)
[2017.12.29-02.51.21:410][610]LogModuleManager: Shutting down and abandoning module MessageLog (137)
[2017.12.29-02.51.21:410][610]LogModuleManager: Shutting down and abandoning module WorkspaceMenuStructure (136)
[2017.12.29-02.51.21:410][610]LogModuleManager: Shutting down and abandoning module SlateReflector (130)
[2017.12.29-02.51.21:411][610]LogModuleManager: Shutting down and abandoning module Slate (128)
[2017.12.29-02.51.21:411][610]LogModuleManager: Shutting down and abandoning module EditorStyle (126)
[2017.12.29-02.51.21:414][610]LogModuleManager: Shutting down and abandoning module Messaging (124)
[2017.12.29-02.51.21:414][610]LogModuleManager: Shutting down and abandoning module SourceCodeAccess (122)
[2017.12.29-02.51.21:414][610]LogModuleManager: Shutting down and abandoning module HeadMountedDisplay (120)
[2017.12.29-02.51.21:414][610]LogModuleManager: Shutting down and abandoning module XAudio2 (118)
[2017.12.29-02.51.21:414][610]LogModuleManager: Shutting down and abandoning module Networking (116)
[2017.12.29-02.51.21:414][610]LogModuleManager: Shutting down and abandoning module Core (114)
[2017.12.29-02.51.21:414][610]LogModuleManager: Shutting down and abandoning module KismetCompiler (112)
[2017.12.29-02.51.21:414][610]LogModuleManager: Shutting down and abandoning module PhysXFormats (110)
[2017.12.29-02.51.21:414][610]LogModuleManager: Shutting down and abandoning module MeshUtilities (108)
[2017.12.29-02.51.21:415][610]LogModuleManager: Shutting down and abandoning module SimplygonSwarm (107)
[2017.12.29-02.51.21:415][610]LogModuleManager: Shutting down and abandoning module SimplygonMeshReduction (105)
[2017.12.29-02.51.21:415][610]LogModuleManager: Shutting down and abandoning module QuadricMeshReduction (103)
[2017.12.29-02.51.21:415][610]LogModuleManager: Shutting down and abandoning module PropertyEditor (101)
[2017.12.29-02.51.21:416][610]LogModuleManager: Shutting down and abandoning module AssetRegistry (98)
[2017.12.29-02.51.21:416][610]LogModuleManager: Shutting down and abandoning module DerivedDataCache (96)
[2017.12.29-02.51.21:687][610]LogDerivedDataCache: Shutdown
[2017.12.29-02.51.21:687][610]LogModuleManager: Shutting down and abandoning module TargetPlatform (94)
[2017.12.29-02.51.21:687][610]LogModuleManager: Shutting down and abandoning module VulkanShaderFormat (93)
[2017.12.29-02.51.21:687][610]LogModuleManager: Shutting down and abandoning module ShaderFormatOpenGL (91)
[2017.12.29-02.51.21:688][610]LogModuleManager: Shutting down and abandoning module ShaderFormatD3D (89)
[2017.12.29-02.51.21:688][610]LogModuleManager: Shutting down and abandoning module MetalShaderFormat (87)
[2017.12.29-02.51.21:688][610]LogModuleManager: Shutting down and abandoning module TextureFormatUncompressed (85)
[2017.12.29-02.51.21:688][610]LogModuleManager: Shutting down and abandoning module TextureFormatPVR (83)
[2017.12.29-02.51.21:688][610]LogModuleManager: Shutting down and abandoning module TextureFormatDXT (81)
[2017.12.29-02.51.21:688][610]LogModuleManager: Shutting down and abandoning module TextureFormatIntelISPCTexComp (79)
[2017.12.29-02.51.21:689][610]LogModuleManager: Shutting down and abandoning module TextureFormatASTC (77)
[2017.12.29-02.51.21:689][610]LogModuleManager: Shutting down and abandoning module ImageWrapper (76)
[2017.12.29-02.51.21:689][610]LogModuleManager: Shutting down and abandoning module TextureFormatAndroid (73)
[2017.12.29-02.51.21:689][610]LogModuleManager: Shutting down and abandoning module AudioFormatOpus (71)
[2017.12.29-02.51.21:689][610]LogModuleManager: Shutting down and abandoning module AudioFormatOgg (69)
[2017.12.29-02.51.21:689][610]LogModuleManager: Shutting down and abandoning module AudioFormatADPCM (67)
[2017.12.29-02.51.21:689][610]LogModuleManager: Shutting down and abandoning module WindowsTargetPlatform (65)
[2017.12.29-02.51.21:689][610]LogModuleManager: Shutting down and abandoning module WindowsServerTargetPlatform (63)
[2017.12.29-02.51.21:689][610]LogModuleManager: Shutting down and abandoning module WindowsNoEditorTargetPlatform (61)
[2017.12.29-02.51.21:689][610]LogModuleManager: Shutting down and abandoning module WindowsClientTargetPlatform (59)
[2017.12.29-02.51.21:689][610]LogModuleManager: Shutting down and abandoning module InputCore (56)
[2017.12.29-02.51.21:689][610]LogModuleManager: Shutting down and abandoning module Settings (54)
[2017.12.29-02.51.21:689][610]LogModuleManager: Shutting down and abandoning module OculusRift (52)
[2017.12.29-02.51.21:689][610]LogModuleManager: Shutting down and abandoning module GearVR (50)
[2017.12.29-02.51.21:689][610]LogModuleManager: Shutting down and abandoning module ExampleDeviceProfileSelector (48)
[2017.12.29-02.51.21:689][610]LogModuleManager: Shutting down and abandoning module OnlineBlueprintSupport (46)
[2017.12.29-02.51.21:689][610]LogModuleManager: Shutting down and abandoning module OnlineSubsystem (42)
[2017.12.29-02.51.21:689][610]LogOnline:Display: STEAM: OnlineSubsystemSteam::Shutdown()
[2017.12.29-02.51.21:716][610]LogOnline:Display: Unloading online subsystem: STEAM
[2017.12.29-02.51.21:716][610]LogOnline:Display: STEAM: OnlineSubsystemSteam::Shutdown()
[2017.12.29-02.51.21:716][610]LogOnline:Display: Unloading online subsystem: NULL
[2017.12.29-02.51.21:717][610]LogModuleManager: Shutting down and abandoning module XMPP (37)
[2017.12.29-02.51.21:717][610]LogModuleManager: Shutting down and abandoning module HTTP (35)
[2017.12.29-02.51.21:724][610]LogModuleManager: Shutting down and abandoning module SSL (34)
[2017.12.29-02.51.21:725][610]LogModuleManager: Shutting down and abandoning module AudioEditor (30)
[2017.12.29-02.51.21:726][610]LogModuleManager: Shutting down and abandoning module TextureCompressor (28)
[2017.12.29-02.51.21:726][610]LogModuleManager: Shutting down and abandoning module ShaderCore (26)
[2017.12.29-02.51.21:726][610]LogModuleManager: Shutting down and abandoning module Landscape (24)
[2017.12.29-02.51.21:726][610]LogModuleManager: Shutting down and abandoning module SlateRHIRenderer (22)
[2017.12.29-02.51.21:728][610]LogModuleManager: Shutting down and abandoning module OpenGLDrv (20)
[2017.12.29-02.51.21:729][610]LogModuleManager: Shutting down and abandoning module D3D11RHI (18)
[2017.12.29-02.51.21:729][610]LogModuleManager: Shutting down and abandoning module AnimGraphRuntime (16)
[2017.12.29-02.51.21:729][610]LogModuleManager: Shutting down and abandoning module Renderer (14)
[2017.12.29-02.51.21:729][610]LogModuleManager: Shutting down and abandoning module Engine (12)
[2017.12.29-02.51.21:729][610]LogModuleManager: Shutting down and abandoning module CoreUObject (10)
[2017.12.29-02.51.21:729][610]LogModuleManager: Shutting down and abandoning module NetworkFile (8)
[2017.12.29-02.51.21:729][610]LogModuleManager: Shutting down and abandoning module StreamingFile (6)
[2017.12.29-02.51.21:729][610]LogModuleManager: Shutting down and abandoning module SandboxFile (4)
[2017.12.29-02.51.21:729][610]LogModuleManager: Shutting down and abandoning module PakFile (2)
[2017.12.29-02.51.21:731][610]LogExit: Exiting.
[2017.12.29-02.51.21:734][610]Log file closed, 12/29/17 11:51:21
