Log file open, 06/16/17 08:37:01
LogInit:Display: Running engine for game: UNNAMED
LogPlatformFile: Not using cached read wrapper
LogInit:Display: RandInit(903049710) SRandInit(903049710).
LogTaskGraph: Started task graph with 5 named threads and 8 total threads with 1 sets of task threads.
LogStats: Stats thread started at 0.092257
LogInit: Using libcurl 7.47.1
LogInit:  - built for x86_64-pc-win32
LogInit:  - supports SSL with OpenSSL/1.0.2g
LogInit:  - supports HTTP deflate (compression) using libz 1.2.8
LogInit:  - other features:
LogInit:      CURL_VERSION_SSL
LogInit:      CURL_VERSION_LIBZ
LogInit:      CURL_VERSION_IPV6
LogInit:      CURL_VERSION_ASYNCHDNS
LogInit:      CURL_VERSION_LARGEFILE
LogInit:      CURL_VERSION_IDN
LogInit:  CurlRequestOptions (configurable via config and command line):
LogInit:  - bVerifyPeer = false  - Libcurl will NOT verify peer certificate
LogInit:  - bUseHttpProxy = false  - Libcurl will NOT use HTTP proxy
LogInit:  - bDontReuseConnections = false  - Libcurl will reuse connections
LogInit:  - CertBundlePath = nullptr  - Libcurl will use whatever was configured at build time.
LogOnline:Display: STEAM: Loading Steam SDK 1.32
LogInit: WinSock: version 1.1 (2.2), MaxSocks=32767, MaxUdp=65467
LogInit: Build: ++UE4+Release-4.15-CL-3450819
LogInit: Engine Version: 4.15.3-3450819+++UE4+Release-4.15
LogInit: Compatible Engine Version: 4.15.0-3299760+++UE4+Release-4.15
LogInit: Net CL: 3299760
LogDevObjectVersion: Number of dev versions registered: 14
LogDevObjectVersion:   Dev-Blueprints (B0D832E4-1F89-4F0D-ACCF-7EB736FD4AA2): 8
LogDevObjectVersion:   Dev-Build (E1C64328-A22C-4D53-A36C-8E866417BD8C): 0
LogDevObjectVersion:   Dev-Core (375EC13C-06E4-48FB-B500-84F0262A717E): 2
LogDevObjectVersion:   Dev-Editor (E4B068ED-F494-42E9-A231-DA0B2E46BB41): 14
LogDevObjectVersion:   Dev-Framework (CFFC743F-43B0-4480-9391-14DF171D2073): 22
LogDevObjectVersion:   Dev-Mobile (B02B49B5-BB20-44E9-A304-32B752E40360): 0
LogDevObjectVersion:   Dev-Networking (A4E4105C-59A1-49B5-A7C5-40C4547EDFEE): 0
LogDevObjectVersion:   Dev-Online (39C831C9-5AE6-47DC-9A44-9C173E1C8E7C): 0
LogDevObjectVersion:   Dev-Physics (78F01B33-EBEA-4F98-B9B4-84EACCB95AA2): 0
LogDevObjectVersion:   Dev-Platform (6631380F-2D4D-43E0-8009-CF276956A95A): 0
LogDevObjectVersion:   Dev-Rendering (12F88B9F-8875-4AFC-A67C-D90C383ABD29): 12
LogDevObjectVersion:   Dev-Sequencer (7B5AE74C-D270-4C10-A958-57980B212A5A): 3
LogDevObjectVersion:   Dev-VR (D7296918-1DD6-4BDD-9DE2-64A83CC13884): 0
LogDevObjectVersion:   Dev-LoadTimes (C2A15278-BFE7-4AFE-6C17-90FF531DF755): 1
LogInit: Compiled (64-bit): May 21 2017 11:02:34
LogInit: Compiled with Visual C++: 19.00.23026.00
LogInit: Build Configuration: Development
LogInit: Branch Name: ++UE4+Release-4.15
LogInit: Command line:  /Temp/Autosaves/Game/Map/UEDPCMain -game -PIEVIACONSOLE -WinX=100 -WinY=100 -ResX=1600 -ResY=900  -Multiprocess -messaging -SessionName="Play in Standalone Game" -windowed 
LogInit: Base directory: C:/Program Files/Epic Games/UE_4.15/Engine/Binaries/Win64/
LogInit: Installed Engine Build: 1
LogInit: Presizing for max 8388607 objects, including 0 objects not considered by GC, pre-allocating 0 bytes for permanent pool.
LogInit: Object subsystem initialized
[2017.06.15-23.37.02:870][  0]LogInit: Selected Device Profile: [Windows]
[2017.06.15-23.37.02:870][  0]LogInit: Applying CVar settings loaded from the selected device profile: [Windows]
[2017.06.15-23.37.02:874][  0]LogInit: Computer: DESKTOP-5I3HB32
[2017.06.15-23.37.02:874][  0]LogInit: User: jcy
[2017.06.15-23.37.02:874][  0]LogInit: CPU Page size=65536, Cores=4
[2017.06.15-23.37.02:874][  0]LogInit: High frequency timer resolution =2.533197 MHz
[2017.06.15-23.37.02:874][  0]LogMemory: Memory total: Physical=11.9GB (12GB approx)
[2017.06.15-23.37.02:874][  0]LogMemory: Platform Memory Stats for Windows
[2017.06.15-23.37.02:874][  0]LogMemory: Process Physical Memory: 304.37 MB used, 304.37 MB peak
[2017.06.15-23.37.02:874][  0]LogMemory: Process Virtual Memory: 283.76 MB used, 283.76 MB peak
[2017.06.15-23.37.02:874][  0]LogMemory: Physical Memory: 8123.72 MB used,  4086.14 MB free, 12209.86 MB total
[2017.06.15-23.37.02:874][  0]LogMemory: Virtual Memory: 751.96 MB used,  4086.14 MB free, 134217728.00 MB total
[2017.06.15-23.37.02:987][  0]LogTextLocalizationManager: No specific translations for ('ko-KR') exist, so ('ko') translations will be used.
[2017.06.15-23.37.03:036][  0]LogTextLocalizationManager:Warning: Loaded localization resources contain conflicting entries for (Namespace:KismetSchema, Key:Default):
Localization Resource: (C:/Program Files/Epic Games/UE_4.15/Engine/Content/Localization/EditorTutorials/ko/EditorTutorials.locres) Source String Hash: (940523119) Localized String: (디폴트)
Localization Resource: (C:/Program Files/Epic Games/UE_4.15/Engine/Content/Localization/Engine/ko/Engine.locres) Source String Hash: (940523119) Localized String: (기본)
[2017.06.15-23.37.03:037][  0]LogTextLocalizationManager:Warning: Loaded localization resources contain conflicting entries for (Namespace:UObjectToolTips, Key:AnimNode_AssetPlayerBase:InternalTimeAccumulator):
Localization Resource: (C:/Program Files/Epic Games/UE_4.15/Engine/Content/Localization/EditorTutorials/ko/EditorTutorials.locres) Source String Hash: (502993589) Localized String: (이 노드에서 애셋을 레퍼런싱하는 데 사용되는 누적 시간입니다.)
Localization Resource: (C:/Program Files/Epic Games/UE_4.15/Engine/Content/Localization/ToolTips/ko/ToolTips.locres) Source String Hash: (502993589) Localized String: (내부 시간 누산기 - 이 노드에서 애셋을 레퍼런싱하는 데 사용된 누적 시간입니다.)
Localization Resource: (C:/Program Files/Epic Games/UE_4.15/Engine/Content/Localization/Engine/ko/Engine.locres) Source String Hash: (502993589) Localized String: (이 노드에서 애셋을 레퍼런싱하는 데 사용된 누적 시간입니다.)
[2017.06.15-23.37.03:037][  0]LogTextLocalizationManager:Warning: Loaded localization resources contain conflicting entries for (Namespace:UObjectToolTips, Key:AnimNode_AssetPlayerBase:bIgnoreForRelevancyTest):
Localization Resource: (C:/Program Files/Epic Games/UE_4.15/Engine/Content/Localization/EditorTutorials/ko/EditorTutorials.locres) Source String Hash: (319969718) Localized String: (True 면, 스테이트에서 최고 가중치 애니메이션을 찾는 "Relevant anim" 노드는 이 노드를 무시합니다.
 )
Localization Resource: (C:/Program Files/Epic Games/UE_4.15/Engine/Content/Localization/ToolTips/ko/ToolTips.locres) Source String Hash: (319969718) Localized String: (연관성 테스트에 무시 - true 인 경우 스테이트 내 최고 웨이팅된 애니메이션을 찾는 "Relevant anim" (연관 애님) 노드가
이 노드를 무시합니다.)
Localization Resource: (C:/Program Files/Epic Games/UE_4.15/Engine/Content/Localization/Engine/ko/Engine.locres) Source String Hash: (319969718) Localized String: (True 면 스테이트 내 최고 웨이팅된 애니메이션을 찾는 "Relevant anim" 노드가 무시됩니다.
 )
[2017.06.15-23.37.03:037][  0]LogTextLocalizationManager:Warning: Loaded localization resources contain conflicting entries for (Namespace:UObjectToolTips, Key:AnimNode_AssetPlayerBase:BlendWeight):
Localization Resource: (C:/Program Files/Epic Games/UE_4.15/Engine/Content/Localization/EditorTutorials/ko/EditorTutorials.locres) Source String Hash: (-1232800293) Localized String: (이 노드에 마지막 걸린 블렌드웨이트 입니다.)
Localization Resource: (C:/Program Files/Epic Games/UE_4.15/Engine/Content/Localization/ToolTips/ko/ToolTips.locres) Source String Hash: (-1232800293) Localized String: (블렌드 웨이트 - 이 노드에 대해 마지막으로 접한 블렌드 웨이트입니다.)
Localization Resource: (C:/Program Files/Epic Games/UE_4.15/Engine/Content/Localization/Engine/ko/Engine.locres) Source String Hash: (-1232800293) Localized String: (이 노드에 대해 마지막 접한 블렌드 웨이트)
[2017.06.15-23.37.03:037][  0]LogTextLocalizationManager:Warning: Loaded localization resources contain conflicting entries for (Namespace:UObjectToolTips, Key:AnimNode_BlendSpacePlayer:bLoop):
Localization Resource: (C:/Program Files/Epic Games/UE_4.15/Engine/Content/Localization/EditorTutorials/ko/EditorTutorials.locres) Source String Hash: (2133979316) Localized String: (애니메이션이 끝까지 재생되면 반복할까요?)
Localization Resource: (C:/Program Files/Epic Games/UE_4.15/Engine/Content/Localization/ToolTips/ko/ToolTips.locres) Source String Hash: (2133979316) Localized String: (루프 - 애니메이션이 끝에 도달했을 때 계속 반복할까요?)
[2017.06.15-23.37.03:037][  0]LogTextLocalizationManager:Warning: Loaded localization resources contain conflicting entries for (Namespace:UObjectToolTips, Key:AnimNode_StateMachine:bSkipFirstUpdateTransition):
Localization Resource: (C:/Program Files/Epic Games/UE_4.15/Engine/Content/Localization/EditorTutorials/ko/EditorTutorials.locres) Source String Hash: (1865475011) Localized String: (첫 업데이트시 도입 상태에서의 트랜지션을 건너뛸까요? 
기본은 true 로, 첫 업데이트시에는 트랜지션 데이터를 버립니다.)
Localization Resource: (C:/Program Files/Epic Games/UE_4.15/Engine/Content/Localization/ToolTips/ko/ToolTips.locres) Source String Hash: (1865475011) Localized String: (첫 번째 업데이트 트랜지션 건너뛰기 - 첫 번째 업데이트에서 입력 스테이트의 트랜지션을 건너뜁니까?
디폴트는 true 고 첫 번째 업데이트의 트랜지션 데이터를 버립니다.)
[2017.06.15-23.37.03:037][  0]LogTextLocalizationManager:Warning: Loaded localization resources contain conflicting entries for (Namespace:UObjectToolTips, Key:AnimNode_BlendSpacePlayer:X):
Localization Resource: (C:/Program Files/Epic Games/UE_4.15/Engine/Content/Localization/EditorTutorials/ko/EditorTutorials.locres) Source String Hash: (2060772590) Localized String: (블렌드스페이스에서 샘플링할 X 좌표입니다.)
Localization Resource: (C:/Program Files/Epic Games/UE_4.15/Engine/Content/Localization/ToolTips/ko/ToolTips.locres) Source String Hash: (2060772590) Localized String: (X - 블렌드스페이스 샘플의 X 좌표입니다.)
[2017.06.15-23.37.03:037][  0]LogTextLocalizationManager:Warning: Loaded localization resources contain conflicting entries for (Namespace:UObjectToolTips, Key:AnimNode_BlendSpacePlayer:Y):
Localization Resource: (C:/Program Files/Epic Games/UE_4.15/Engine/Content/Localization/EditorTutorials/ko/EditorTutorials.locres) Source String Hash: (-1719607538) Localized String: (블렌드스페이스에서 샘플링할 Y 좌표입니다.)
Localization Resource: (C:/Program Files/Epic Games/UE_4.15/Engine/Content/Localization/ToolTips/ko/ToolTips.locres) Source String Hash: (-1719607538) Localized String: (Y - 블렌드스페이스 샘플의 Y 좌표입니다.)
[2017.06.15-23.37.03:037][  0]LogTextLocalizationManager:Warning: Loaded localization resources contain conflicting entries for (Namespace:UObjectToolTips, Key:AnimNode_BlendSpacePlayer:Z):
Localization Resource: (C:/Program Files/Epic Games/UE_4.15/Engine/Content/Localization/EditorTutorials/ko/EditorTutorials.locres) Source String Hash: (1728943471) Localized String: (블렌드스페이스에서 샘플링할 Z 좌표입니다.)
Localization Resource: (C:/Program Files/Epic Games/UE_4.15/Engine/Content/Localization/ToolTips/ko/ToolTips.locres) Source String Hash: (1728943471) Localized String: (Z - 블렌드스페이스 샘플의 Z 좌표입니다.)
[2017.06.15-23.37.03:037][  0]LogTextLocalizationManager:Warning: Loaded localization resources contain conflicting entries for (Namespace:UObjectToolTips, Key:AnimNode_BlendSpacePlayer:BlendSpace):
Localization Resource: (C:/Program Files/Epic Games/UE_4.15/Engine/Content/Localization/EditorTutorials/ko/EditorTutorials.locres) Source String Hash: (1599043277) Localized String: (재생할 블렌드스페이스 애셋입니다.)
Localization Resource: (C:/Program Files/Epic Games/UE_4.15/Engine/Content/Localization/ToolTips/ko/ToolTips.locres) Source String Hash: (1599043277) Localized String: (블렌드스페이스 - 재생할 블렌드스페이스 애셋입니다.)
[2017.06.15-23.37.03:037][  0]LogTextLocalizationManager:Warning: Loaded localization resources contain conflicting entries for (Namespace:UObjectToolTips, Key:AnimNode_StateMachine:MaxTransitionsPerFrame):
Localization Resource: (C:/Program Files/Epic Games/UE_4.15/Engine/Content/Localization/EditorTutorials/ko/EditorTutorials.locres) Source String Hash: (1567650430) Localized String: (이 머신에서 한 프레임 내 '동시에' 취할 수 있는 트랜지션 최대 수입니다.)
Localization Resource: (C:/Program Files/Epic Games/UE_4.15/Engine/Content/Localization/ToolTips/ko/ToolTips.locres) Source String Hash: (1567650430) Localized String: (프레임 당 최대 트랜지션 - 한 프레임에서 이 머신이 동시에 취할 수 있는 트랜지션 최대 수입니다.)
[2017.06.15-23.37.03:037][  0]LogTextLocalizationManager:Warning: Loaded localization resources contain conflicting entries for (Namespace:UObjectToolTips, Key:AnimNode_BlendSpacePlayer:PlayRate):
Localization Resource: (C:/Program Files/Epic Games/UE_4.15/Engine/Content/Localization/EditorTutorials/ko/EditorTutorials.locres) Source String Hash: (-1274923958) Localized String: (재생 속도 배수입니다. 음수가 되면 애니메이션을 역순으로 재생하게 됩니다.)
Localization Resource: (C:/Program Files/Epic Games/UE_4.15/Engine/Content/Localization/ToolTips/ko/ToolTips.locres) Source String Hash: (-1274923958) Localized String: (재생 속도 - 재생 속도 배수입니다. 음수가 되면 애니메이션을 거꾸로 재생합니다.)
[2017.06.15-23.37.03:037][  0]LogTextLocalizationManager:Warning: Loaded localization resources contain conflicting entries for (Namespace:UObjectToolTips, Key:AnimNode_BlendSpacePlayer:StartPosition):
Localization Resource: (C:/Program Files/Epic Games/UE_4.15/Engine/Content/Localization/EditorTutorials/ko/EditorTutorials.locres) Source String Hash: (-207153555) Localized String: (시작 위치 범위는 [0,1] 이며, 재초기화시에만 적용됩니다.
루핑을 하면, 1 회전 후 0.f 부터 시작할 것입니다.)
Localization Resource: (C:/Program Files/Epic Games/UE_4.15/Engine/Content/Localization/ToolTips/ko/ToolTips.locres) Source String Hash: (-207153555) Localized String: (시작 위치 - [0, 1] 범위의 시작 위치로, 재초기화할 때만 적용됩니다.
반복하면 1회전 후 0.f 부터 시작됩니다.)
[2017.06.15-23.37.03:037][  0]LogTextLocalizationManager:Warning: Loaded localization resources contain conflicting entries for (Namespace:UObjectToolTips, Key:CameraFilmbackSettings:SensorWidth):
Localization Resource: (C:/Program Files/Epic Games/UE_4.15/Engine/Content/Localization/ToolTips/ko/ToolTips.locres) Source String Hash: (-1448580153) Localized String: (센서 폭 - 필름백 또는 디지털 센서의 가로 크기로, mm 단위입니다.)
Localization Resource: (C:/Program Files/Epic Games/UE_4.15/Engine/Content/Localization/Engine/ko/Engine.locres) Source String Hash: (-1448580153) Localized String: (필름백 또는 디지털 센서의 가로 크기로, mm 단위입니다.)
[2017.06.15-23.37.03:037][  0]LogTextLocalizationManager:Warning: Loaded localization resources contain conflicting entries for (Namespace:UObjectToolTips, Key:CameraFilmbackSettings:SensorAspectRatio):
Localization Resource: (C:/Program Files/Epic Games/UE_4.15/Engine/Content/Localization/ToolTips/ko/ToolTips.locres) Source String Hash: (-194807515) Localized String: (센서 종횡비 - 읽기 전용입니다. 센서 치수에서 계산했습니다.)
Localization Resource: (C:/Program Files/Epic Games/UE_4.15/Engine/Content/Localization/Engine/ko/Engine.locres) Source String Hash: (-194807515) Localized String: (읽기 전용입니다. 센서 크기에서 계산했습니다.)
[2017.06.15-23.37.03:037][  0]LogTextLocalizationManager:Warning: Loaded localization resources contain conflicting entries for (Namespace:UObjectToolTips, Key:AnimNode_SequencePlayer:bLoopAnimation):
Localization Resource: (C:/Program Files/Epic Games/UE_4.15/Engine/Content/Localization/ToolTips/ko/ToolTips.locres) Source String Hash: (2133979316) Localized String: (루프 - 애니메이션이 끝에 도달했을 때 계속 반복시켜야 할까요?)
Localization Resource: (C:/Program Files/Epic Games/UE_4.15/Engine/Content/Localization/Engine/ko/Engine.locres) Source String Hash: (2133979316) Localized String: (애니메이션이 끝에 도달하면 계속해서 루핑시킬것인지 입니다.)
[2017.06.15-23.37.03:037][  0]LogTextLocalizationManager:Warning: Loaded localization resources contain conflicting entries for (Namespace:UObjectToolTips, Key:AnimNode_SequencePlayer:Sequence):
Localization Resource: (C:/Program Files/Epic Games/UE_4.15/Engine/Content/Localization/ToolTips/ko/ToolTips.locres) Source String Hash: (421436424) Localized String: (시퀀스 - 재생할 애니메이션 시퀀스 애셋입니다.)
Localization Resource: (C:/Program Files/Epic Games/UE_4.15/Engine/Content/Localization/Engine/ko/Engine.locres) Source String Hash: (421436424) Localized String: (재생할 애니메이션 시퀀스 애셋입니다.)
[2017.06.15-23.37.03:037][  0]LogTextLocalizationManager:Warning: Loaded localization resources contain conflicting entries for (Namespace:UObjectToolTips, Key:AnimNode_SequencePlayer:PlayRate):
Localization Resource: (C:/Program Files/Epic Games/UE_4.15/Engine/Content/Localization/ToolTips/ko/ToolTips.locres) Source String Hash: (-1274923958) Localized String: (재생 속도 - 재생 속도 배수입니다. 음수가 될 수 있으며, 그러면 애니메이션이 거꾸로 재생됩니다.)
Localization Resource: (C:/Program Files/Epic Games/UE_4.15/Engine/Content/Localization/Engine/ko/Engine.locres) Source String Hash: (-1274923958) Localized String: (플레이 속도 배수입니다. 음수가 되면 애니메이션이 역방향으로 재생됩니다.)
[2017.06.15-23.37.03:037][  0]LogTextLocalizationManager:Warning: Loaded localization resources contain conflicting entries for (Namespace:UObjectToolTips, Key:AnimNode_SequencePlayer:StartPosition):
Localization Resource: (C:/Program Files/Epic Games/UE_4.15/Engine/Content/Localization/ToolTips/ko/ToolTips.locres) Source String Hash: (771611000) Localized String: (시작 위치 - 시작 위치로 재초기화할 때만 적용됩니다.
반복하면, 1회전 후 0.f 부터 시작됩니다.)
Localization Resource: (C:/Program Files/Epic Games/UE_4.15/Engine/Content/Localization/Engine/ko/Engine.locres) Source String Hash: (771611000) Localized String: (시작 위치로, 재초기화시에만 적용됩니다.
루핑을 하면, 1회전 후 0.f 부터 시작할 것입니다.)
[2017.06.15-23.37.03:037][  0]LogTextLocalizationManager:Warning: Loaded localization resources contain conflicting entries for (Namespace:UObjectToolTips, Key:CameraFilmbackSettings:SensorHeight):
Localization Resource: (C:/Program Files/Epic Games/UE_4.15/Engine/Content/Localization/ToolTips/ko/ToolTips.locres) Source String Hash: (-1311569777) Localized String: (센서 높이 - 필름백 또는 디지털 센서의 세로 크기로, mm 단위입니다.)
Localization Resource: (C:/Program Files/Epic Games/UE_4.15/Engine/Content/Localization/Engine/ko/Engine.locres) Source String Hash: (-1311569777) Localized String: (필름백 또는 디지털 센서의 세로 크기로, mm 단위입니다.)
[2017.06.15-23.37.03:203][  0]LogD3D11RHI: D3D11 adapters:
[2017.06.15-23.37.03:816][  0]LogD3D11RHI:    0. 'NVIDIA GeForce GTX 960M' (Feature Level 11_0)
[2017.06.15-23.37.03:816][  0]LogD3D11RHI:       2019/0/6104 MB DedicatedVideo/DedicatedSystem/SharedSystem, Outputs:2, VendorId:0x10de
[2017.06.15-23.37.03:824][  0]LogD3D11RHI:    1. 'Intel(R) HD Graphics 4600' (Feature Level 11_0)
[2017.06.15-23.37.03:824][  0]LogD3D11RHI:       112/0/2048 MB DedicatedVideo/DedicatedSystem/SharedSystem, Outputs:0, VendorId:0x8086
[2017.06.15-23.37.03:827][  0]LogD3D11RHI:    2. 'Microsoft Basic Render Driver' (Feature Level 11_0)
[2017.06.15-23.37.03:827][  0]LogD3D11RHI:       0/0/6104 MB DedicatedVideo/DedicatedSystem/SharedSystem, Outputs:0, VendorId:0x1414
[2017.06.15-23.37.03:827][  0]LogD3D11RHI: Chosen D3D11 Adapter: 0
[2017.06.15-23.37.03:834][  0]LogD3D11RHI: Creating new Direct3DDevice
[2017.06.15-23.37.03:835][  0]LogD3D11RHI:     GPU DeviceId: 0x139b (for the marketing name, search the web for "GPU Device Id")
[2017.06.15-23.37.03:835][  0]LogWindows: EnumDisplayDevices:
[2017.06.15-23.37.03:835][  0]LogWindows:    0. 'Intel(R) HD Graphics 4600' (P:1 D:1)
[2017.06.15-23.37.03:835][  0]LogWindows:    1. 'Intel(R) HD Graphics 4600' (P:0 D:1)
[2017.06.15-23.37.03:835][  0]LogWindows:    2. 'Intel(R) HD Graphics 4600' (P:0 D:0)
[2017.06.15-23.37.03:836][  0]LogWindows: DebugString: PrimaryIsNotTheChoosenAdapter PrimaryIsNotTheChoosenAdapter PrimaryIsNotTheChoosenAdapter FoundDriverCount:0 
[2017.06.15-23.37.03:836][  0]LogD3D11RHI:     Adapter Name: NVIDIA GeForce GTX 960M
[2017.06.15-23.37.03:836][  0]LogD3D11RHI:   Driver Version: Unknown (internal:Unknown, unified:Unknown)
[2017.06.15-23.37.03:836][  0]LogD3D11RHI:      Driver Date: Unknown
[2017.06.15-23.37.03:836][  0]LogRHI: Texture pool is 1361 MB (70% of 1945 MB)
[2017.06.15-23.37.04:400][  0]LogD3D11RHI: Async texture creation enabled
[2017.06.15-23.37.04:527][  0]LogD3D11RHI: GPU Timing Frequency: 1000.000000 (Debug: 2 1)
[2017.06.15-23.37.04:528][  0]LogShaderCompilers: Guid format shader working directory is -16 characters bigger than the processId version (../../../../../../Users/jcy/Documents/GitHub/UNNAMED/UNNAMED/Intermediate/Shaders/WorkingDirectory/7140/).
[2017.06.15-23.37.04:528][  0]LogShaderCompilers: Cleaned the shader compiler working directory 'C:/Users/jcy/AppData/Local/Temp/UnrealShaderWorkingDir/B55262F1415D87DF03FBF59000C5E44E/'.
[2017.06.15-23.37.04:528][  0]LogShaderCompilers:Display: Using Local Shader Compiler.
[2017.06.15-23.37.05:830][  0]LogTemp:Display: Loaded TP WindowsClientTargetPlatform
[2017.06.15-23.37.05:896][  0]LogTemp:Display: Loaded TP WindowsNoEditorTargetPlatform
[2017.06.15-23.37.05:960][  0]LogTemp:Display: Loaded TP WindowsServerTargetPlatform
[2017.06.15-23.37.06:015][  0]LogTemp:Display: Loaded TP WindowsTargetPlatform
[2017.06.15-23.37.06:015][  0]LogTargetPlatformManager:Display: Building Assets For Windows
[2017.06.15-23.37.06:554][  0]LogDerivedDataCache:Display: Max Cache Size: 512 MB
[2017.06.15-23.37.06:606][  0]LogDerivedDataCache: Loaded boot cache 0.05s 50MB C:/Users/jcy/AppData/Local/UnrealEngine/4.15/DerivedDataCache/Boot.ddc.
[2017.06.15-23.37.06:606][  0]LogDerivedDataCache:Display: Loaded Boot cache: C:/Users/jcy/AppData/Local/UnrealEngine/4.15/DerivedDataCache/Boot.ddc
[2017.06.15-23.37.06:606][  0]LogDerivedDataCache: FDerivedDataBackendGraph:  Pak pak cache file ../../../../../../Users/jcy/Documents/GitHub/UNNAMED/UNNAMED/DerivedDataCache/DDC.ddp not found, will not use a pak cache.
[2017.06.15-23.37.06:606][  0]LogDerivedDataCache: Unable to find inner node Pak for hierarchical cache Hierarchy.
[2017.06.15-23.37.06:606][  0]LogDerivedDataCache: FDerivedDataBackendGraph:  CompressedPak pak cache file ../../../../../../Users/jcy/Documents/GitHub/UNNAMED/UNNAMED/DerivedDataCache/Compressed.ddp not found, will not use a pak cache.
[2017.06.15-23.37.06:606][  0]LogDerivedDataCache: Unable to find inner node CompressedPak for hierarchical cache Hierarchy.
[2017.06.15-23.37.06:622][  0]LogDerivedDataCache:Display: Pak cache opened for reading ../../../Engine/DerivedDataCache/Compressed.ddp.
[2017.06.15-23.37.06:634][  0]LogDerivedDataCache: Using Local data cache path C:/Users/jcy/AppData/Local/UnrealEngine/Common/DerivedDataCache: Writable
[2017.06.15-23.37.06:643][  0]LogSlate: Using Freetype 2.6.0
[2017.06.15-23.37.06:644][  0]LogSlate: SlateFontCache - WITH_FREETYPE: 1, WITH_HARFBUZZ: 1
[2017.06.15-23.37.06:644][  0]LogSlate: SlateFontCache - WITH_FREETYPE: 1, WITH_HARFBUZZ: 1
[2017.06.15-23.37.07:102][  0]LogAssetRegistry: FAssetRegistry took 0.0001 seconds to start up
[2017.06.15-23.37.07:109][  0]LogPackageLocalizationCache: Processed 3 localized package path(s) for 2 prioritized culture(s) in 0.006867 seconds
[2017.06.15-23.37.07:128][  0]LogInit: Selected Device Profile: [Windows]
[2017.06.15-23.37.07:129][  0]LogContentStreaming: Texture pool size is 1000.00 MB
[2017.06.15-23.37.07:362][  0]LogMeshUtilities: Using QuadricMeshReduction for automatic static mesh reduction
[2017.06.15-23.37.07:416][  0]LogSimplygon: Simplygon DLL not present - disabling.
[2017.06.15-23.37.07:481][  0]LogMeshUtilities: Using SimplygonSwarm for distributed automatic mesh merging
[2017.06.15-23.37.07:481][  0]LogMeshUtilities: No automatic skeletal mesh reduction module available
[2017.06.15-23.37.07:481][  0]LogMeshUtilities: No automatic mesh merging module available
[2017.06.15-23.37.08:016][  0]LogNetVersion: GetLocalNetworkVersion: CL: 3299760, ProjectName: unnamed, ProjectVersion: , EngineNetworkVersion: 2, GameNetworkVersion: 0, NetworkChecksum: 1184173371
[2017.06.15-23.37.09:070][  0]LogMoviePlayer: Initializing movie player
[2017.06.15-23.37.09:172][  0]LogWindowsTextInputMethodSystem:Display: IME system now activated using TSF (Microsoft 입력기).
[2017.06.15-23.37.09:561][  0]LogTcpMessaging: Initializing TcpMessaging bridge
[2017.06.15-23.37.09:610][  0]LogUdpMessaging: Initializing bridge on interface 0.0.0.0:0 to multicast group 230.0.0.1:6666.
[2017.06.15-23.37.09:994][  0]SourceControl: 정보 소스 콘트롤이 꺼졌습니다.
[2017.06.15-23.37.09:994][  0]SourceControl: 정보 소스 콘트롤이 꺼졌습니다.
[2017.06.15-23.37.10:056][  0]SourceControl: 정보 소스 콘트롤이 꺼졌습니다.
[2017.06.15-23.37.10:926][  0]LogUObjectArray: 34416 objects as part of root set at end of initial load.
[2017.06.15-23.37.10:926][  0]LogUObjectAllocator: 7853400 out of 0 bytes used by permanent object pool.
[2017.06.15-23.37.10:926][  0]LogUObjectArray: CloseDisregardForGC: 0/0 objects in disregard for GC pool
[2017.06.15-23.37.11:042][  0]LogEngine: Initializing Engine...
[2017.06.15-23.37.11:043][  0]LogHMD: Failed to initialize OpenVR with code 110
[2017.06.15-23.37.11:144][  0]LogStats: UGameplayTagsManager::ConstructGameplayTagTree: Construct from data asset -  0.000 s
[2017.06.15-23.37.11:144][  0]LogStats: UGameplayTagsManager::ConstructGameplayTagTree: GameplayTagTreeChangedEvent.Broadcast -  0.000 s
[2017.06.15-23.37.11:152][  0]LogInit: XAudio2 using 'EPSON PJ(인텔(R) 디스플레이 오디오)' : 2 channels at 48 kHz using 16 bits per sample (channel mask 0x3)
[2017.06.15-23.37.11:162][  0]LogInit: FAudioDevice initialized.
[2017.06.15-23.37.11:179][  0]LogInit: Texture streaming: Enabled
[2017.06.15-23.37.11:191][  0]LogMaterial: Uniform references updated for custom material expression Custom.
[2017.06.15-23.37.12:862][  0]LogClass:Warning: Enum '/Game/BP/E_GameState.E_GameState' was upgraded to use FText to store its display name data. Please re-save this asset to avoid issues with localization and determinstic cooking.
[2017.06.15-23.37.13:990][  0]LogInit:Display: Game Engine Initialized.
[2017.06.15-23.37.14:220][  0]LogInit:Display: Starting Game.
[2017.06.15-23.37.14:220][  0]LogNet: Browse: /Temp/Autosaves/Game/Map/UEDPCMain?Name=Player
[2017.06.15-23.37.14:220][  0]LogLoad: LoadMap: /Temp/Autosaves/Game/Map/UEDPCMain?Name=Player
[2017.06.15-23.37.14:306][  0]LogMemory: Platform Memory Stats for Windows
[2017.06.15-23.37.14:306][  0]LogMemory: Process Physical Memory: 893.59 MB used, 894.33 MB peak
[2017.06.15-23.37.14:306][  0]LogMemory: Process Virtual Memory: 972.66 MB used, 972.66 MB peak
[2017.06.15-23.37.14:306][  0]LogMemory: Physical Memory: 8648.86 MB used,  3561.01 MB free, 12209.86 MB total
[2017.06.15-23.37.14:306][  0]LogMemory: Virtual Memory: 1626.80 MB used,  3561.01 MB free, 134217728.00 MB total
[2017.06.15-23.37.14:306][  0]LogMemory: 
[2017.06.15-23.37.14:306][  0]Allocator Stats for TBB: (not implemented)
[2017.06.15-23.37.14:519][  0]LogAIModule: Creating AISystem for world Main
[2017.06.15-23.37.14:519][  0]LogLoad: Game class is 'pregame_C'
[2017.06.15-23.37.14:521][  0]LogWorld: Bringing World /Temp/Autosaves/Game/Map/UEDPCMain.Main up for play (max tick rate 0) at 2017.06.16-08.37.14
[2017.06.15-23.37.14:522][  0]LogWorld: Bringing up level for play took: 0.001150
[2017.06.15-23.37.14:523][  0]LogSpawn:Warning: SpawnActor failed because no class was specified
[2017.06.15-23.37.14:523][  0]LogGameMode:Display: Match State Changed from EnteringMap to WaitingToStart
[2017.06.15-23.37.14:523][  0]LogGameState: Match State Changed from EnteringMap to WaitingToStart
[2017.06.15-23.37.14:523][  0]LogGameMode:Display: Match State Changed from WaitingToStart to InProgress
[2017.06.15-23.37.14:529][  0]r.SetRes = "1600x900"
[2017.06.15-23.37.14:529][  0]LogBlueprintUserMessages: [Main_C_0] 1.0
[2017.06.15-23.37.14:529][  0]LogGameState: Match State Changed from WaitingToStart to InProgress
[2017.06.15-23.37.14:529][  0]LogLoad: Took 0.309028 seconds to LoadMap(/Temp/Autosaves/Game/Map/UEDPCMain)
[2017.06.15-23.37.14:533][  0]LogSlate: Took 0.002858 seconds to synchronously load lazily loaded font '../../../Engine/Content/Slate/Fonts/NanumGothic.ttf' (4243K)
[2017.06.15-23.37.14:773][  0]LogRenderer: Reallocating scene render targets to support 1600x900 NumSamples 1 (Frame:2).
[2017.06.15-23.37.14:773][  0]LogLoad: (Engine Initialization) Total time: 14.87 seconds
[2017.06.15-23.37.14:773][  0]LogLoad: (Engine Initialization) Total Blueprint compile time: 1.43 seconds
[2017.06.15-23.37.14:773][  0]LogExternalProfiler: Found external profiler: VSPerf
[2017.06.15-23.37.14:773][  0]LogExternalProfiler: Using external profiler: VSPerf
[2017.06.15-23.37.14:792][  0]LogOcInput: OculusInput pre-init called
[2017.06.15-23.37.15:278][ 23]LogAudio:Warning: Detected orphaned looping sound '메인화면'.
[2017.06.15-23.37.20:874][369]LogNetVersion: GetLocalNetworkVersion: CL: 3299760, ProjectName: unnamed, ProjectVersion: 1.0.0.0, EngineNetworkVersion: 2, GameNetworkVersion: 0, NetworkChecksum: 2893060150
[2017.06.15-23.37.22:167][386]LogPackageName: SearchForPackageOnDisk took   0.184s to resolve stage.umap.
[2017.06.15-23.37.22:168][386]LogGameMode:Display: Match State Changed from InProgress to LeavingMap
[2017.06.15-23.37.22:168][386]LogGameState: Match State Changed from InProgress to LeavingMap
[2017.06.15-23.37.22:347][386]LogPackageName: SearchForPackageOnDisk took   0.179s to resolve stage.umap.
[2017.06.15-23.37.22:347][386]LogNet: Browse: /Game/Map/stage?listen
[2017.06.15-23.37.22:347][386]LogLoad: LoadMap: /Game/Map/stage?listen
[2017.06.15-23.37.22:372][386]LogMemory: Platform Memory Stats for Windows
[2017.06.15-23.37.22:372][386]LogMemory: Process Physical Memory: 878.96 MB used, 940.80 MB peak
[2017.06.15-23.37.22:372][386]LogMemory: Process Virtual Memory: 1174.60 MB used, 1298.34 MB peak
[2017.06.15-23.37.22:372][386]LogMemory: Physical Memory: 8611.79 MB used,  3598.07 MB free, 12209.86 MB total
[2017.06.15-23.37.22:372][386]LogMemory: Virtual Memory: 1918.96 MB used,  3598.07 MB free, 134217728.00 MB total
[2017.06.15-23.37.22:372][386]LogMemory: 
[2017.06.15-23.37.22:372][386]Allocator Stats for TBB: (not implemented)
[2017.06.15-23.37.23:732][386]LogPackageName:Warning: String asset reference "FX_Meshes.UI.SM_SelectionMesh_01" is in short form, which is unsupported and -- even if valid -- resolving it will be really slow.
[2017.06.15-23.37.23:733][386]LogPackageName:Warning: Please consider resaving package in order to speed-up loading.
[2017.06.15-23.37.23:993][386]LogPackageName: SearchForPackageOnDisk took   0.260s, but failed to resolve FX_Meshes.
[2017.06.15-23.37.23:993][386]LogPackageName:Warning: String asset reference "FX_Meshes.UI.SM_SelectionMesh_01" could not be resolved.
[2017.06.15-23.37.25:265][386]LogAIModule: Creating AISystem for world stage
[2017.06.15-23.37.25:266][386]LogLoad: Game class is 'MyGameMode_C'
[2017.06.15-23.37.25:266][386]LogNet:Display: SteamNetDriver_0 bound to port 7777
[2017.06.15-23.37.25:266][386]PacketHandlerLog: Loaded PacketHandler component: Engine.EngineHandlerComponentFactory (StatelessConnectHandlerComponent)
[2017.06.15-23.37.25:266][386]LogNet: GameNetDriver SteamNetDriver_0 IpNetDriver listening on port 7777
[2017.06.15-23.37.25:289][386]LogWorld: Bringing World /Game/Map/stage.stage up for play (max tick rate 0) at 2017.06.16-08.37.25
[2017.06.15-23.37.25:290][386]LogWorld: Bringing up level for play took: 0.022765
[2017.06.15-23.37.25:291][386]LogGameMode:Display: Match State Changed from EnteringMap to WaitingToStart
[2017.06.15-23.37.25:291][386]LogGameState: Match State Changed from EnteringMap to WaitingToStart
[2017.06.15-23.37.25:291][386]LogGameMode:Display: Match State Changed from WaitingToStart to InProgress
[2017.06.15-23.37.25:300][386]LogBlueprintUserMessages: [messageScroll_116] darkjcy
[2017.06.15-23.37.25:306][386]LogGameState: Match State Changed from WaitingToStart to InProgress
[2017.06.15-23.37.25:308][386]LogLoad: Took 2.960786 seconds to LoadMap(/Game/Map/stage)
[2017.06.15-23.37.25:309][386]PIE:Warning: 경고 위젯이 포커스를 지원하지 않습니다. UserWidget 인 경우, bIsFocusable 을 true 로 설정해야 합니다.
[2017.06.15-23.37.25:352][386]LogAudio:Warning: Detected orphaned looping sound 'wind'.
[2017.06.15-23.37.25:352][386]LogSlate: Took 0.000245 seconds to synchronously load lazily loaded font '../../../Engine/Content/Slate/Fonts/Roboto-Regular.ttf' (155K)
[2017.06.15-23.37.29:936][670]LogScriptCore:Warning: Script Msg: Divide by zero
Script call stack:
	Function /Game/Widget/PHUD.PHUD_C:RMouseSkillCoolTimeBar

[2017.06.15-23.37.29:936][670]LogScriptCore:Warning: Script Msg: Divide by zero
Script call stack:
	Function /Game/Widget/PHUD.PHUD_C:ShiftSkillCoolTimeBar

[2017.06.15-23.37.29:950][671]LogScriptCore:Warning: Script Msg: Divide by zero
Script call stack:
	Function /Game/Widget/PHUD.PHUD_C:RMouseSkillCoolTimeBar

[2017.06.15-23.37.29:950][671]LogScriptCore:Warning: Script Msg: Divide by zero
Script call stack:
	Function /Game/Widget/PHUD.PHUD_C:ShiftSkillCoolTimeBar

[2017.06.15-23.37.29:965][672]LogScriptCore:Warning: Script Msg: Divide by zero
Script call stack:
	Function /Game/Widget/PHUD.PHUD_C:RMouseSkillCoolTimeBar

[2017.06.15-23.37.29:965][672]LogScriptCore:Warning: Script Msg: Divide by zero
Script call stack:
	Function /Game/Widget/PHUD.PHUD_C:ShiftSkillCoolTimeBar

[2017.06.15-23.37.29:983][673]LogScriptCore:Warning: Script Msg: Divide by zero
Script call stack:
	Function /Game/Widget/PHUD.PHUD_C:RMouseSkillCoolTimeBar

[2017.06.15-23.37.29:983][673]LogScriptCore:Warning: Script Msg: Divide by zero
Script call stack:
	Function /Game/Widget/PHUD.PHUD_C:ShiftSkillCoolTimeBar

[2017.06.15-23.37.30:000][674]LogScriptCore:Warning: Script Msg: Divide by zero
Script call stack:
	Function /Game/Widget/PHUD.PHUD_C:RMouseSkillCoolTimeBar

[2017.06.15-23.37.30:000][674]LogScriptCore:Warning: Script Msg: Divide by zero
Script call stack:
	Function /Game/Widget/PHUD.PHUD_C:ShiftSkillCoolTimeBar

[2017.06.15-23.37.30:015][675]LogScriptCore:Warning: Script Msg: Divide by zero
Script call stack:
	Function /Game/Widget/PHUD.PHUD_C:RMouseSkillCoolTimeBar

[2017.06.15-23.37.30:015][675]LogScriptCore:Warning: Script Msg: Divide by zero
Script call stack:
	Function /Game/Widget/PHUD.PHUD_C:ShiftSkillCoolTimeBar

[2017.06.15-23.39.26:883][910]LogBlueprintUserMessages: [bearT_C_2] Hello
[2017.06.15-23.39.26:883][910]LogBlueprintUserMessages: [Wolf_C_14] Hello
[2017.06.15-23.39.26:884][910]LogBlueprintUserMessages: [Wolf_C_12] Hello
[2017.06.15-23.39.26:884][910]LogBlueprintUserMessages: [Wolf_C_10] Hello
[2017.06.15-23.39.26:996][917]LogBlueprintUserMessages: [bearT_C_2] Hello
[2017.06.15-23.39.26:997][917]LogBlueprintUserMessages: [Wolf_C_14] Hello
[2017.06.15-23.39.26:997][917]LogBlueprintUserMessages: [Wolf_C_12] Hello
[2017.06.15-23.39.26:997][917]LogBlueprintUserMessages: [Wolf_C_10] Hello
[2017.06.15-23.39.28:577][ 15]LogBlueprintUserMessages: [Wolf_C_13] Hello
[2017.06.15-23.39.28:578][ 15]LogBlueprintUserMessages: [bearT_C_2] Hello
[2017.06.15-23.39.28:578][ 15]LogBlueprintUserMessages: [Wolf_C_12] Hello
[2017.06.15-23.39.30:271][120]LogBlueprintUserMessages: [Wolf_C_11] Hello
[2017.06.15-23.39.30:271][120]LogBlueprintUserMessages: [Wolf_C_14] Hello
[2017.06.15-23.39.30:271][120]LogBlueprintUserMessages: [bearT_C_2] Hello
[2017.06.15-23.39.30:271][120]LogBlueprintUserMessages: [Wolf_C_13] Hello
[2017.06.15-23.39.30:690][146]LogBlueprintUserMessages: [Wolf_C_14] Hello
[2017.06.15-23.39.30:690][146]LogBlueprintUserMessages: [bearT_C_2] Hello
[2017.06.15-23.39.32:755][274]LogBlueprintUserMessages: [Wolf_C_11] Hello
[2017.06.15-23.39.32:755][274]LogBlueprintUserMessages: [Wolf_C_13] Hello
[2017.06.15-23.39.32:755][274]LogBlueprintUserMessages: [Wolf_C_14] Hello
[2017.06.15-23.39.32:755][274]LogBlueprintUserMessages: [Wolf_C_12] Hello
[2017.06.15-23.39.32:756][274]LogBlueprintUserMessages: [bearT_C_2] Hello
[2017.06.15-23.39.32:756][274]LogBlueprintUserMessages: [Wolf_C_10] Hello
[2017.06.15-23.39.32:868][281]LogBlueprintUserMessages: [Wolf_C_11] Hello
[2017.06.15-23.39.32:868][281]LogBlueprintUserMessages: [Wolf_C_13] Hello
[2017.06.15-23.39.32:868][281]LogBlueprintUserMessages: [Wolf_C_14] Hello
[2017.06.15-23.39.32:869][281]LogBlueprintUserMessages: [Wolf_C_12] Hello
[2017.06.15-23.39.32:869][281]LogBlueprintUserMessages: [bearT_C_2] Hello
[2017.06.15-23.39.32:869][281]LogBlueprintUserMessages: [Wolf_C_10] Hello
[2017.06.15-23.39.34:755][398]LogBlueprintUserMessages: [Wolf_C_11] Hello
[2017.06.15-23.39.34:756][398]LogBlueprintUserMessages: [Wolf_C_14] Hello
[2017.06.15-23.39.34:756][398]LogBlueprintUserMessages: [Wolf_C_13] Hello
[2017.06.15-23.39.34:757][398]LogBlueprintUserMessages: [Wolf_C_12] Hello
[2017.06.15-23.39.35:175][424]LogBlueprintUserMessages: [Wolf_C_11] Hello
[2017.06.15-23.39.35:175][424]LogBlueprintUserMessages: [bearT_C_2] Hello
[2017.06.15-23.39.35:176][424]LogBlueprintUserMessages: [Wolf_C_13] Hello
[2017.06.15-23.39.35:176][424]LogBlueprintUserMessages: [Wolf_C_12] Hello
[2017.06.15-23.39.35:176][424]LogBlueprintUserMessages: [Wolf_C_10] Hello
[2017.06.15-23.39.35:964][473]LogBlueprintUserMessages: [Wolf_C_11] Hello
[2017.06.15-23.39.35:964][473]LogBlueprintUserMessages: [bearT_C_2] Hello
[2017.06.15-23.39.35:964][473]LogBlueprintUserMessages: [Wolf_C_10] Hello
[2017.06.15-23.39.36:383][499]LogBlueprintUserMessages: [bearT_C_2] Hello
[2017.06.15-23.39.36:383][499]LogBlueprintUserMessages: [Wolf_C_10] Hello
[2017.06.15-23.39.53:368][552]LogBlueprintUserMessages: [Wolf_C_7] Hello
[2017.06.15-23.39.53:368][552]LogBlueprintUserMessages: [Wolf_C_9] Hello
[2017.06.15-23.39.53:369][552]LogBlueprintUserMessages: [bearT_C_1] Hello
[2017.06.15-23.39.53:481][559]LogBlueprintUserMessages: [Wolf_C_9] Hello
[2017.06.15-23.39.53:481][559]LogBlueprintUserMessages: [bearT_C_1] Hello
[2017.06.15-23.39.54:643][631]LogBlueprintUserMessages: [Wolf_C_7] Hello
[2017.06.15-23.39.54:643][631]LogBlueprintUserMessages: [Wolf_C_9] Hello
[2017.06.15-23.39.54:643][631]LogBlueprintUserMessages: [bearT_C_1] Hello
[2017.06.15-23.39.55:062][657]LogBlueprintUserMessages: [Wolf_C_9] Hello
[2017.06.15-23.39.55:062][657]LogBlueprintUserMessages: [Wolf_C_7] Hello
[2017.06.15-23.39.55:062][657]LogBlueprintUserMessages: [bearT_C_1] Hello
[2017.06.15-23.39.56:029][717]LogBlueprintUserMessages: [bearT_C_1] Hello
[2017.06.15-23.39.57:449][805]LogBlueprintUserMessages: [Wolf_C_6] Hello
[2017.06.15-23.39.58:820][890]LogBlueprintUserMessages: [Wolf_C_8] Hello
[2017.06.15-23.39.58:820][890]LogBlueprintUserMessages: [Wolf_C_6] Hello
[2017.06.15-23.39.59:239][916]LogBlueprintUserMessages: [Wolf_C_8] Hello
[2017.06.15-23.39.59:240][916]LogBlueprintUserMessages: [Wolf_C_6] Hello
[2017.06.15-23.40.00:159][973]LogBlueprintUserMessages: [Wolf_C_8] Hello
[2017.06.15-23.40.01:449][ 53]LogBlueprintUserMessages: [Wolf_C_5] Hello
[2017.06.15-23.40.01:869][ 79]LogBlueprintUserMessages: [Wolf_C_5] Hello
[2017.06.15-23.40.02:661][128]LogBlueprintUserMessages: [Wolf_C_5] Hello
[2017.06.15-23.40.05:079][278]LogBlueprintUserMessages: [Wolf_C_1] Hello
[2017.06.15-23.40.05:080][278]LogBlueprintUserMessages: [Wolf_C_0] Hello
[2017.06.15-23.40.05:080][278]LogBlueprintUserMessages: [bearT_C_0] Hello
[2017.06.15-23.40.05:080][278]LogBlueprintUserMessages: [Wolf_C_4] Hello
[2017.06.15-23.40.05:080][278]LogBlueprintUserMessages: [Wolf_C_3] Hello
[2017.06.15-23.40.05:192][285]LogBlueprintUserMessages: [Wolf_C_1] Hello
[2017.06.15-23.40.05:192][285]LogBlueprintUserMessages: [Wolf_C_0] Hello
[2017.06.15-23.40.05:193][285]LogBlueprintUserMessages: [bearT_C_0] Hello
[2017.06.15-23.40.05:193][285]LogBlueprintUserMessages: [Wolf_C_3] Hello
[2017.06.15-23.40.05:193][285]LogBlueprintUserMessages: [Wolf_C_4] Hello
[2017.06.15-23.40.06:385][359]LogBlueprintUserMessages: [Wolf_C_3] Hello
[2017.06.15-23.40.06:385][359]LogBlueprintUserMessages: [Wolf_C_1] Hello
[2017.06.15-23.40.06:386][359]LogBlueprintUserMessages: [Wolf_C_4] Hello
[2017.06.15-23.40.06:386][359]LogBlueprintUserMessages: [Wolf_C_0] Hello
[2017.06.15-23.40.06:386][359]LogBlueprintUserMessages: [bearT_C_0] Hello
[2017.06.15-23.40.06:804][385]LogBlueprintUserMessages: [Wolf_C_3] Hello
[2017.06.15-23.40.06:804][385]LogBlueprintUserMessages: [Wolf_C_1] Hello
[2017.06.15-23.40.06:804][385]LogBlueprintUserMessages: [Wolf_C_4] Hello
[2017.06.15-23.40.06:804][385]LogBlueprintUserMessages: [Wolf_C_0] Hello
[2017.06.15-23.40.06:804][385]LogBlueprintUserMessages: [bearT_C_0] Hello
[2017.06.15-23.40.08:256][475]LogBlueprintUserMessages: [Wolf_C_2] Hello
[2017.06.15-23.40.08:675][501]LogBlueprintUserMessages: [Wolf_C_2] Hello
[2017.06.15-23.40.08:675][501]LogBlueprintUserMessages: [bearT_C_0] Hello
[2017.06.15-23.40.11:251][660]LogBlueprintUserMessages: [Wolf_C_2] Hello
[2017.06.15-23.40.23:816][439]LogBlueprintUserMessages: [Wolf_C_20] Hello
[2017.06.15-23.40.23:816][439]LogBlueprintUserMessages: [Wolf_C_21] Hello
[2017.06.15-23.40.23:816][439]LogBlueprintUserMessages: [bearT_C_4] Hello
[2017.06.15-23.40.23:817][439]LogBlueprintUserMessages: [Wolf_C_22] Hello
[2017.06.15-23.40.23:817][439]LogBlueprintUserMessages: [Wolf_C_24] Hello
[2017.06.15-23.40.23:817][439]LogBlueprintUserMessages: [Wolf_C_23] Hello
[2017.06.15-23.40.23:929][446]LogBlueprintUserMessages: [Wolf_C_20] Hello
[2017.06.15-23.40.23:929][446]LogBlueprintUserMessages: [Wolf_C_21] Hello
[2017.06.15-23.40.23:930][446]LogBlueprintUserMessages: [bearT_C_4] Hello
[2017.06.15-23.40.23:930][446]LogBlueprintUserMessages: [Wolf_C_22] Hello
[2017.06.15-23.40.23:930][446]LogBlueprintUserMessages: [Wolf_C_24] Hello
[2017.06.15-23.40.23:930][446]LogBlueprintUserMessages: [Wolf_C_23] Hello
[2017.06.15-23.40.25:643][552]LogBlueprintUserMessages: [Wolf_C_20] Hello
[2017.06.15-23.40.27:304][655]LogBlueprintUserMessages: [Wolf_C_22] Hello
[2017.06.15-23.40.27:304][655]LogBlueprintUserMessages: [Wolf_C_24] Hello
[2017.06.15-23.40.27:304][655]LogBlueprintUserMessages: [bearT_C_4] Hello
[2017.06.15-23.40.27:723][681]LogBlueprintUserMessages: [bearT_C_4] Hello
[2017.06.15-23.40.27:803][686]LogBlueprintUserMessages: [Wolf_C_23] Hello
[2017.06.15-23.40.29:112][767]LogBlueprintUserMessages: [Wolf_C_21] Hello
[2017.06.15-23.40.41:999][566]LogBlueprintUserMessages: [Wolf_C_18] Hello
[2017.06.15-23.40.41:999][566]LogBlueprintUserMessages: [Wolf_C_17] Hello
[2017.06.15-23.40.41:999][566]LogBlueprintUserMessages: [Wolf_C_19] Hello
[2017.06.15-23.40.41:999][566]LogBlueprintUserMessages: [Wolf_C_16] Hello
[2017.06.15-23.40.42:000][566]LogBlueprintUserMessages: [Wolf_C_15] Hello
[2017.06.15-23.40.42:112][573]LogBlueprintUserMessages: [Wolf_C_18] Hello
[2017.06.15-23.40.42:112][573]LogBlueprintUserMessages: [Wolf_C_17] Hello
[2017.06.15-23.40.42:112][573]LogBlueprintUserMessages: [Wolf_C_19] Hello
[2017.06.15-23.40.42:113][573]LogBlueprintUserMessages: [Wolf_C_16] Hello
[2017.06.15-23.40.42:113][573]LogBlueprintUserMessages: [Wolf_C_15] Hello
[2017.06.15-23.40.46:208][827]LogBlueprintUserMessages: [bearT_C_3] Hello
[2017.06.15-23.40.46:208][827]LogBlueprintUserMessages: [Wolf_C_15] Hello
[2017.06.15-23.40.46:627][853]LogBlueprintUserMessages: [bearT_C_3] Hello
[2017.06.15-23.40.47:644][916]LogBlueprintUserMessages: [bearT_C_3] Hello
[2017.06.15-23.40.47:644][916]LogBlueprintUserMessages: [Wolf_C_18] Hello
[2017.06.15-23.40.47:644][916]LogBlueprintUserMessages: [Wolf_C_17] Hello
[2017.06.15-23.40.47:644][916]LogBlueprintUserMessages: [Wolf_C_19] Hello
[2017.06.15-23.40.47:644][916]LogBlueprintUserMessages: [Wolf_C_16] Hello
[2017.06.15-23.42.24:467][914]LogBlueprintUserMessages: [B02_C_1] Hello
[2017.06.15-23.42.24:468][914]LogBlueprintUserMessages: [B03_C_1] Hello
[2017.06.15-23.42.24:679][927]LogBlueprintUserMessages: [B02_C_1] Hello
[2017.06.15-23.42.24:679][927]LogBlueprintUserMessages: [B03_C_1] Hello
[2017.06.15-23.42.25:099][953]LogBlueprintUserMessages: [B02_C_1] Hello
[2017.06.15-23.42.25:099][953]LogBlueprintUserMessages: [B03_C_1] Hello
[2017.06.15-23.42.27:388][ 93]LogBlueprintUserMessages: [B02_C_1] Hello
[2017.06.15-23.42.27:389][ 93]LogBlueprintUserMessages: [B03_C_1] Hello
[2017.06.15-23.42.27:500][100]LogBlueprintUserMessages: [B02_C_1] Hello
[2017.06.15-23.42.27:500][100]LogBlueprintUserMessages: [B03_C_1] Hello
[2017.06.15-23.42.29:420][219]LogBlueprintUserMessages: [B02_C_1] Hello
[2017.06.15-23.42.36:145][636]LogBlueprintUserMessages: [B03_C_1] Hello
[2017.06.15-23.42.43:920][118]LogBlueprintUserMessages: [B01_C_1] Hello
[2017.06.15-23.42.44:340][144]LogBlueprintUserMessages: [B01_C_1] Hello
[2017.06.15-23.42.44:662][164]LogBlueprintUserMessages: [B01_C_1] Hello
[2017.06.15-23.42.44:775][171]LogBlueprintUserMessages: [B01_C_1] Hello
[2017.06.15-23.42.46:210][260]LogBlueprintUserMessages: [B01_C_1] Hello
[2017.06.15-23.42.50:550][529]LogBlueprintUserMessages: [B01_C_1] Hello
[2017.06.15-23.45.21:112][859]LogBlueprintUserMessages: [A02_C_0] Hello
[2017.06.15-23.45.21:112][859]LogBlueprintUserMessages: [A01_C_0] Hello
[2017.06.15-23.45.23:418][  2]LogBlueprintUserMessages: [A01_C_0] Hello
[2017.06.15-23.45.23:419][  2]LogBlueprintUserMessages: [A02_C_0] Hello
[2017.06.15-23.45.23:531][  9]LogBlueprintUserMessages: [A01_C_0] Hello
[2017.06.15-23.45.23:531][  9]LogBlueprintUserMessages: [A02_C_0] Hello
[2017.06.15-23.45.25:614][138]LogBlueprintUserMessages: [A01_C_0] Hello
[2017.06.15-23.45.29:905][404]LogBlueprintUserMessages: [A02_C_1] Hello
[2017.06.15-23.45.29:905][404]LogBlueprintUserMessages: [A01_C_0] Hello
[2017.06.15-23.45.29:905][404]LogBlueprintUserMessages: [A02_C_0] Hello
[2017.06.15-23.45.30:018][411]LogBlueprintUserMessages: [A02_C_1] Hello
[2017.06.15-23.45.30:018][411]LogBlueprintUserMessages: [A01_C_0] Hello
[2017.06.15-23.45.30:019][411]LogBlueprintUserMessages: [A02_C_0] Hello
[2017.06.15-23.45.34:308][677]LogBlueprintUserMessages: [A02_C_0] Hello
[2017.06.15-23.45.34:339][679]LogBlueprintUserMessages: [A01_C_0] Hello
[2017.06.15-23.45.51:099][718]LogBlueprintUserMessages: [A01_C_0] Hello
[2017.06.15-23.45.51:212][725]LogBlueprintUserMessages: [A01_C_0] Hello
[2017.06.15-23.46.27:329][950]LogBlueprintUserMessages: [A02_C_1] Hello
[2017.06.15-23.46.27:361][952]LogBlueprintUserMessages: [A02_C_0] Hello
[2017.06.15-23.46.27:442][957]LogBlueprintUserMessages: [A02_C_0] Hello
[2017.06.15-23.46.27:442][957]LogBlueprintUserMessages: [A02_C_1] Hello
[2017.06.15-23.46.27:702][973]LogBlueprintUserMessages: [A02_C_1] Hello
[2017.06.15-23.46.27:717][974]LogBlueprintUserMessages: [A01_C_0] Hello
[2017.06.15-23.46.27:813][980]LogBlueprintUserMessages: [A02_C_1] Hello
[2017.06.15-23.46.34:347][385]LogBlueprintUserMessages: [A02_C_1] Hello
[2017.06.15-23.46.34:459][392]LogBlueprintUserMessages: [A02_C_1] Hello
[2017.06.15-23.46.39:979][732]LogBlueprintUserMessages: [A02_C_1] Hello
[2017.06.15-23.46.40:091][739]LogBlueprintUserMessages: [A02_C_1] Hello
[2017.06.15-23.49.29:972][288]LogPackageName: SearchForPackageOnDisk took   0.184s to resolve Main.umap.
[2017.06.15-23.49.29:974][288]LogGameMode:Display: Match State Changed from InProgress to LeavingMap
[2017.06.15-23.49.29:974][288]LogGameState: Match State Changed from InProgress to LeavingMap
[2017.06.15-23.49.30:148][288]LogPackageName: SearchForPackageOnDisk took   0.174s to resolve Main.umap.
[2017.06.15-23.49.30:149][288]LogNet: Browse: /Game/Map/Main
[2017.06.15-23.49.30:149][288]LogLoad: LoadMap: /Game/Map/Main
[2017.06.15-23.49.30:149][288]LogNet: World NetDriver shutdown SteamNetDriver_0 [GameNetDriver]
[2017.06.15-23.49.30:149][288]LogNet: DestroyNamedNetDriver SteamNetDriver_0 [GameNetDriver]
[2017.06.15-23.49.30:149][288]LogExit: GameNetDriver SteamNetDriver_0 shut down
[2017.06.15-23.49.30:149][288]LogScript:Warning: Accessed None 이 CallFunc_K2_GetPawn_ReturnValue2 프로퍼티를 읽으려 합니다.
	MyGameMode_C /Game/Map/stage.stage:PersistentLevel.MyGameMode_C_0
	Function /Game/BP/MyGameMode.MyGameMode_C:ExecuteUbergraph_MyGameMode:0EB7
[2017.06.15-23.49.30:149][288]LogScript:Warning: Script call stack:
	Function /Game/BP/MyGameMode.MyGameMode_C:K2_OnLogout
	Function /Game/BP/MyGameMode.MyGameMode_C:ExecuteUbergraph_MyGameMode

[2017.06.15-23.49.30:149][288]LogScriptCore:Warning: Script Msg: Attempted to access index 0 from array CallFunc_GetAllActorsOfClass_OutActors of length 0!
[2017.06.15-23.49.30:149][288]LogScript:Warning: Accessed None 이 LastPlayer 프로퍼티를 읽으려 합니다.
	gamestate_C /Game/Map/stage.stage:PersistentLevel.gamestate_C_0
	Function /Game/BP/gamestate.gamestate_C:ExecuteUbergraph_gamestate:010E
[2017.06.15-23.49.30:149][288]LogScript:Warning: Script call stack:
	Function /Game/BP/MyGameMode.MyGameMode_C:K2_OnLogout
	Function /Game/BP/MyGameMode.MyGameMode_C:ExecuteUbergraph_MyGameMode
	Function /Game/BP/gamestate.gamestate_C:PlayerCountCheck
	Function /Game/BP/gamestate.gamestate_C:ExecuteUbergraph_gamestate

[2017.06.15-23.49.30:149][288]LogScript:Warning: Accessed None 이 CallFunc_GetController_ReturnValue 프로퍼티를 읽으려 합니다.
	gamestate_C /Game/Map/stage.stage:PersistentLevel.gamestate_C_0
	Function /Game/BP/gamestate.gamestate_C:ExecuteUbergraph_gamestate:0160
[2017.06.15-23.49.30:149][288]LogScript:Warning: Script call stack:
	Function /Game/BP/MyGameMode.MyGameMode_C:K2_OnLogout
	Function /Game/BP/MyGameMode.MyGameMode_C:ExecuteUbergraph_MyGameMode
	Function /Game/BP/gamestate.gamestate_C:PlayerCountCheck
	Function /Game/BP/gamestate.gamestate_C:ExecuteUbergraph_gamestate

[2017.06.15-23.49.30:149][288]LogScript:Warning: Accessed None
	gamestate_C /Game/Map/stage.stage:PersistentLevel.gamestate_C_0
	Function /Game/BP/gamestate.gamestate_C:ExecuteUbergraph_gamestate:0175
[2017.06.15-23.49.30:149][288]LogScript:Warning: Script call stack:
	Function /Game/BP/MyGameMode.MyGameMode_C:K2_OnLogout
	Function /Game/BP/MyGameMode.MyGameMode_C:ExecuteUbergraph_MyGameMode
	Function /Game/BP/gamestate.gamestate_C:PlayerCountCheck
	Function /Game/BP/gamestate.gamestate_C:ExecuteUbergraph_gamestate

[2017.06.15-23.49.30:149][288]LogScript:Warning: Accessed None 이 LastPlayer 프로퍼티를 읽으려 합니다.
	gamestate_C /Game/Map/stage.stage:PersistentLevel.gamestate_C_0
	Function /Game/BP/gamestate.gamestate_C:OnRep_GameEnd:0028
[2017.06.15-23.49.30:149][288]LogScript:Warning: Script call stack:
	Function /Game/BP/MyGameMode.MyGameMode_C:K2_OnLogout
	Function /Game/BP/MyGameMode.MyGameMode_C:ExecuteUbergraph_MyGameMode
	Function /Game/BP/gamestate.gamestate_C:PlayerCountCheck
	Function /Game/BP/gamestate.gamestate_C:ExecuteUbergraph_gamestate
	Function /Game/BP/gamestate.gamestate_C:OnRep_GameEnd

[2017.06.15-23.49.30:271][288]LogMemory: Platform Memory Stats for Windows
[2017.06.15-23.49.30:271][288]LogMemory: Process Physical Memory: 1394.57 MB used, 1539.18 MB peak
[2017.06.15-23.49.30:271][288]LogMemory: Process Virtual Memory: 1913.20 MB used, 2050.22 MB peak
[2017.06.15-23.49.30:271][288]LogMemory: Physical Memory: 8169.25 MB used,  4040.61 MB free, 12209.86 MB total
[2017.06.15-23.49.30:271][288]LogMemory: Virtual Memory: 2613.46 MB used,  4040.61 MB free, 134217728.00 MB total
[2017.06.15-23.49.30:271][288]LogMemory: 
[2017.06.15-23.49.30:271][288]Allocator Stats for TBB: (not implemented)
[2017.06.15-23.49.30:322][288]LogAIModule: Creating AISystem for world Main
[2017.06.15-23.49.30:323][288]LogLoad: Game class is 'pregame_C'
[2017.06.15-23.49.30:326][288]LogWorld: Bringing World /Game/Map/Main.Main up for play (max tick rate 0) at 2017.06.16-08.49.30
[2017.06.15-23.49.30:326][288]LogWorld: Bringing up level for play took: 0.000987
[2017.06.15-23.49.30:327][288]LogSpawn:Warning: SpawnActor failed because no class was specified
[2017.06.15-23.49.30:327][288]LogGameMode:Display: Match State Changed from EnteringMap to WaitingToStart
[2017.06.15-23.49.30:327][288]LogGameState: Match State Changed from EnteringMap to WaitingToStart
[2017.06.15-23.49.30:327][288]LogGameMode:Display: Match State Changed from WaitingToStart to InProgress
[2017.06.15-23.49.30:332][288]r.SetRes = "1600x900"
[2017.06.15-23.49.30:333][288]LogBlueprintUserMessages: [Main_C_0] 1.0
[2017.06.15-23.49.30:333][288]LogGameState: Match State Changed from WaitingToStart to InProgress
[2017.06.15-23.49.30:333][288]LogLoad: Took 0.184060 seconds to LoadMap(/Game/Map/Main)
[2017.06.15-23.49.30:562][292]LogAudio:Warning: Detected orphaned looping sound '메인화면'.
[2017.06.15-23.49.30:643][297]LogScriptCore:Warning: Script Msg: DestroySessionCallback - Invalid player state
[2017.06.15-23.49.35:464][595]Closing by request
[2017.06.15-23.49.35:464][595]LogWindows: FPlatformMisc::RequestExit(0)
[2017.06.15-23.49.35:465][596]LogMoviePlayer: Shutting down movie player
[2017.06.15-23.49.36:343][596]LogExit: Preparing to exit.
[2017.06.15-23.49.37:052][596]LogExit: Game engine shut down
[2017.06.15-23.49.37:123][596]LogObj: Freed 0b from 0 cluster array pools.
[2017.06.15-23.49.37:123][596]LogExit: Object subsystem successfully closed.
[2017.06.15-23.49.37:144][596]LogD3D11RHI: Shutdown
[2017.06.15-23.49.37:144][596]LogD3D11RHI: CleanupD3DDevice
[2017.06.15-23.49.37:236][596]LogD3D11RHI: ~FD3D11DynamicRHI
[2017.06.15-23.49.37:252][596]LogModuleManager: Shutting down and abandoning module SequenceRecorderSections (266)
[2017.06.15-23.49.37:252][596]LogModuleManager: Shutting down and abandoning module SequenceRecorder (264)
[2017.06.15-23.49.37:252][596]LogModuleManager: Shutting down and abandoning module AutomationController (262)
[2017.06.15-23.49.37:252][596]LogModuleManager: Shutting down and abandoning module AutomationWorker (260)
[2017.06.15-23.49.37:252][596]LogModuleManager: Shutting down and abandoning module AIModule (258)
[2017.06.15-23.49.37:252][596]LogModuleManager: Shutting down and abandoning module GameplayDebugger (257)
[2017.06.15-23.49.37:252][596]LogModuleManager: Shutting down and abandoning module AITestSuite (255)
[2017.06.15-23.49.37:252][596]LogModuleManager: Shutting down and abandoning module WmfMediaFactory (252)
[2017.06.15-23.49.37:252][596]LogModuleManager: Shutting down and abandoning module MfMediaFactory (250)
[2017.06.15-23.49.37:252][596]LogModuleManager: Shutting down and abandoning module AvfMediaFactory (248)
[2017.06.15-23.49.37:252][596]LogModuleManager: Shutting down and abandoning module AndroidMediaFactory (246)
[2017.06.15-23.49.37:252][596]LogModuleManager: Shutting down and abandoning module Media (245)
[2017.06.15-23.49.37:252][596]LogModuleManager: Shutting down and abandoning module CharacterAI (242)
[2017.06.15-23.49.37:252][596]LogModuleManager: Shutting down and abandoning module SessionServices (240)
[2017.06.15-23.49.37:252][596]LogModuleManager: Shutting down and abandoning module MovieSceneCapture (238)
[2017.06.15-23.49.37:252][596]LogModuleManager: Shutting down and abandoning module GeometryCache (236)
[2017.06.15-23.49.37:252][596]LogModuleManager: Shutting down and abandoning module GeometryCacheEd (235)
[2017.06.15-23.49.37:252][596]LogModuleManager: Shutting down and abandoning module Niagara (232)
[2017.06.15-23.49.37:252][596]LogModuleManager: Shutting down and abandoning module StreamingPauseRendering (230)
[2017.06.15-23.49.37:252][596]LogModuleManager: Shutting down and abandoning module PortalServices (228)
[2017.06.15-23.49.37:252][596]LogModuleManager: Shutting down and abandoning module PortalRpc (226)
[2017.06.15-23.49.37:252][596]LogModuleManager: Shutting down and abandoning module MessagingRpc (224)
[2017.06.15-23.49.37:252][596]LogModuleManager: Shutting down and abandoning module ProfilerService (222)
[2017.06.15-23.49.37:275][596]LogModuleManager: Shutting down and abandoning module TaskGraph (220)
[2017.06.15-23.49.37:275][596]LogModuleManager: Shutting down and abandoning module SteamVRController (218)
[2017.06.15-23.49.37:275][596]LogModuleManager: Shutting down and abandoning module SteamVR (216)
[2017.06.15-23.49.37:275][596]LogModuleManager: Shutting down and abandoning module ProceduralMeshComponent (214)
[2017.06.15-23.49.37:275][596]LogModuleManager: Shutting down and abandoning module OculusLibrary (212)
[2017.06.15-23.49.37:275][596]LogModuleManager: Shutting down and abandoning module OculusInput (210)
[2017.06.15-23.49.37:275][596]LogModuleManager: Shutting down and abandoning module MobilePatchingUtils (208)
[2017.06.15-23.49.37:275][596]LogModuleManager: Shutting down and abandoning module CustomMeshComponent (206)
[2017.06.15-23.49.37:275][596]LogModuleManager: Shutting down and abandoning module CableComponent (204)
[2017.06.15-23.49.37:275][596]LogModuleManager: Shutting down and abandoning module ArchVisCharacter (202)
[2017.06.15-23.49.37:275][596]LogModuleManager: Shutting down and abandoning module HTML5Networking (198)
[2017.06.15-23.49.37:275][596]LogModuleManager: Shutting down and abandoning module VisualStudioSourceCodeAccess (196)
[2017.06.15-23.49.37:275][596]LogModuleManager: Shutting down and abandoning module DesktopPlatform (195)
[2017.06.15-23.49.37:275][596]LogModuleManager: Shutting down and abandoning module HotReload (193)
[2017.06.15-23.49.37:275][596]LogModuleManager: Shutting down and abandoning module DirectoryWatcher (192)
[2017.06.15-23.49.37:275][596]LogModuleManager: Shutting down and abandoning module UObjectPlugin (188)
[2017.06.15-23.49.37:275][596]LogModuleManager: Shutting down and abandoning module SubversionSourceControl (186)
[2017.06.15-23.49.37:275][596]LogModuleManager: Shutting down and abandoning module PerforceSourceControl (184)
[2017.06.15-23.49.37:275][596]LogModuleManager: Shutting down and abandoning module SourceControl (183)
[2017.06.15-23.49.37:275][596]LogModuleManager: Shutting down and abandoning module PhysXVehiclesEditor (180)
[2017.06.15-23.49.37:275][596]LogModuleManager: Shutting down and abandoning module PhysXVehicles (178)
[2017.06.15-23.49.37:275][596]LogModuleManager: Shutting down and abandoning module LocationServicesBPLibrary (176)
[2017.06.15-23.49.37:275][596]LogModuleManager: Shutting down and abandoning module UdpMessaging (174)
[2017.06.15-23.49.37:376][596]LogModuleManager: Shutting down and abandoning module TcpMessaging (172)
[2017.06.15-23.49.37:850][596]LogModuleManager: Shutting down and abandoning module GameplayTagsEditor (170)
[2017.06.15-23.49.37:850][596]LogModuleManager: Shutting down and abandoning module FacialAnimation (168)
[2017.06.15-23.49.37:850][596]LogModuleManager: Shutting down and abandoning module LightPropagationVolumeRuntime (166)
[2017.06.15-23.49.37:850][596]LogModuleManager: Shutting down and abandoning module Paper2D (164)
[2017.06.15-23.49.37:850][596]LogModuleManager: Shutting down and abandoning module WindowsMoviePlayer (162)
[2017.06.15-23.49.37:850][596]LogModuleManager: Shutting down and abandoning module WmfMedia (160)
[2017.06.15-23.49.37:850][596]LogModuleManager: Shutting down and abandoning module MfMedia (158)
[2017.06.15-23.49.37:850][596]LogModuleManager: Shutting down and abandoning module MediaAssets (156)
[2017.06.15-23.49.37:850][596]LogModuleManager: Shutting down and abandoning module GameLiveStreaming (154)
[2017.06.15-23.49.37:850][596]LogModuleManager: Shutting down and abandoning module VREditor (152)
[2017.06.15-23.49.37:850][596]LogModuleManager: Shutting down and abandoning module GameplayTasksEditor (150)
[2017.06.15-23.49.37:850][596]LogModuleManager: Shutting down and abandoning module BehaviorTreeEditor (148)
[2017.06.15-23.49.37:850][596]LogModuleManager: Shutting down and abandoning module FunctionalTesting (146)
[2017.06.15-23.49.37:850][596]LogModuleManager: Shutting down and abandoning module CollisionAnalyzer (144)
[2017.06.15-23.49.37:850][596]LogModuleManager: Shutting down and abandoning module UMG (142)
[2017.06.15-23.49.37:850][596]LogModuleManager: Shutting down and abandoning module UMGEditor (141)
[2017.06.15-23.49.37:850][596]LogModuleManager: Shutting down and abandoning module Sequencer (140)
[2017.06.15-23.49.37:850][596]LogModuleManager: Shutting down and abandoning module AssetTools (138)
[2017.06.15-23.49.37:850][596]LogModuleManager: Shutting down and abandoning module MessageLog (137)
[2017.06.15-23.49.37:850][596]LogModuleManager: Shutting down and abandoning module WorkspaceMenuStructure (136)
[2017.06.15-23.49.37:850][596]LogModuleManager: Shutting down and abandoning module SlateReflector (130)
[2017.06.15-23.49.37:850][596]LogModuleManager: Shutting down and abandoning module Slate (128)
[2017.06.15-23.49.37:850][596]LogModuleManager: Shutting down and abandoning module EditorStyle (126)
[2017.06.15-23.49.37:853][596]LogModuleManager: Shutting down and abandoning module Messaging (124)
[2017.06.15-23.49.37:853][596]LogModuleManager: Shutting down and abandoning module SourceCodeAccess (122)
[2017.06.15-23.49.37:853][596]LogModuleManager: Shutting down and abandoning module HeadMountedDisplay (120)
[2017.06.15-23.49.37:853][596]LogModuleManager: Shutting down and abandoning module XAudio2 (118)
[2017.06.15-23.49.37:853][596]LogModuleManager: Shutting down and abandoning module Networking (116)
[2017.06.15-23.49.37:853][596]LogModuleManager: Shutting down and abandoning module Core (114)
[2017.06.15-23.49.37:853][596]LogModuleManager: Shutting down and abandoning module KismetCompiler (112)
[2017.06.15-23.49.37:853][596]LogModuleManager: Shutting down and abandoning module PhysXFormats (110)
[2017.06.15-23.49.37:853][596]LogModuleManager: Shutting down and abandoning module MeshUtilities (108)
[2017.06.15-23.49.37:853][596]LogModuleManager: Shutting down and abandoning module SimplygonSwarm (107)
[2017.06.15-23.49.37:853][596]LogModuleManager: Shutting down and abandoning module SimplygonMeshReduction (105)
[2017.06.15-23.49.37:853][596]LogModuleManager: Shutting down and abandoning module QuadricMeshReduction (103)
[2017.06.15-23.49.37:853][596]LogModuleManager: Shutting down and abandoning module PropertyEditor (101)
[2017.06.15-23.49.37:853][596]LogModuleManager: Shutting down and abandoning module AssetRegistry (98)
[2017.06.15-23.49.37:853][596]LogModuleManager: Shutting down and abandoning module DerivedDataCache (96)
[2017.06.15-23.49.37:864][596]LogDerivedDataCache: Shutdown
[2017.06.15-23.49.37:864][596]LogModuleManager: Shutting down and abandoning module TargetPlatform (94)
[2017.06.15-23.49.37:864][596]LogModuleManager: Shutting down and abandoning module VulkanShaderFormat (93)
[2017.06.15-23.49.37:864][596]LogModuleManager: Shutting down and abandoning module ShaderFormatOpenGL (91)
[2017.06.15-23.49.37:864][596]LogModuleManager: Shutting down and abandoning module ShaderFormatD3D (89)
[2017.06.15-23.49.37:864][596]LogModuleManager: Shutting down and abandoning module MetalShaderFormat (87)
[2017.06.15-23.49.37:864][596]LogModuleManager: Shutting down and abandoning module TextureFormatUncompressed (85)
[2017.06.15-23.49.37:864][596]LogModuleManager: Shutting down and abandoning module TextureFormatPVR (83)
[2017.06.15-23.49.37:864][596]LogModuleManager: Shutting down and abandoning module TextureFormatDXT (81)
[2017.06.15-23.49.37:864][596]LogModuleManager: Shutting down and abandoning module TextureFormatIntelISPCTexComp (79)
[2017.06.15-23.49.37:864][596]LogModuleManager: Shutting down and abandoning module TextureFormatASTC (77)
[2017.06.15-23.49.37:864][596]LogModuleManager: Shutting down and abandoning module ImageWrapper (76)
[2017.06.15-23.49.37:864][596]LogModuleManager: Shutting down and abandoning module TextureFormatAndroid (73)
[2017.06.15-23.49.37:864][596]LogModuleManager: Shutting down and abandoning module AudioFormatOpus (71)
[2017.06.15-23.49.37:864][596]LogModuleManager: Shutting down and abandoning module AudioFormatOgg (69)
[2017.06.15-23.49.37:864][596]LogModuleManager: Shutting down and abandoning module AudioFormatADPCM (67)
[2017.06.15-23.49.37:864][596]LogModuleManager: Shutting down and abandoning module WindowsTargetPlatform (65)
[2017.06.15-23.49.37:864][596]LogModuleManager: Shutting down and abandoning module WindowsServerTargetPlatform (63)
[2017.06.15-23.49.37:864][596]LogModuleManager: Shutting down and abandoning module WindowsNoEditorTargetPlatform (61)
[2017.06.15-23.49.37:864][596]LogModuleManager: Shutting down and abandoning module WindowsClientTargetPlatform (59)
[2017.06.15-23.49.37:864][596]LogModuleManager: Shutting down and abandoning module InputCore (56)
[2017.06.15-23.49.37:864][596]LogModuleManager: Shutting down and abandoning module Settings (54)
[2017.06.15-23.49.37:864][596]LogModuleManager: Shutting down and abandoning module OculusRift (52)
[2017.06.15-23.49.37:864][596]LogModuleManager: Shutting down and abandoning module GearVR (50)
[2017.06.15-23.49.37:864][596]LogModuleManager: Shutting down and abandoning module ExampleDeviceProfileSelector (48)
[2017.06.15-23.49.37:864][596]LogModuleManager: Shutting down and abandoning module OnlineBlueprintSupport (46)
[2017.06.15-23.49.37:864][596]LogModuleManager: Shutting down and abandoning module OnlineSubsystem (42)
[2017.06.15-23.49.37:864][596]LogOnline:Display: STEAM: OnlineSubsystemSteam::Shutdown()
[2017.06.15-23.49.37:890][596]LogOnline:Display: Unloading online subsystem: STEAM
[2017.06.15-23.49.37:890][596]LogOnline:Display: STEAM: OnlineSubsystemSteam::Shutdown()
[2017.06.15-23.49.37:890][596]LogOnline:Display: Unloading online subsystem: NULL
[2017.06.15-23.49.37:890][596]LogModuleManager: Shutting down and abandoning module XMPP (37)
[2017.06.15-23.49.37:890][596]LogModuleManager: Shutting down and abandoning module HTTP (35)
[2017.06.15-23.49.37:915][596]LogModuleManager: Shutting down and abandoning module SSL (34)
[2017.06.15-23.49.37:916][596]LogModuleManager: Shutting down and abandoning module AudioEditor (30)
[2017.06.15-23.49.37:916][596]LogModuleManager: Shutting down and abandoning module TextureCompressor (28)
[2017.06.15-23.49.37:916][596]LogModuleManager: Shutting down and abandoning module ShaderCore (26)
[2017.06.15-23.49.37:916][596]LogModuleManager: Shutting down and abandoning module Landscape (24)
[2017.06.15-23.49.37:916][596]LogModuleManager: Shutting down and abandoning module SlateRHIRenderer (22)
[2017.06.15-23.49.37:918][596]LogModuleManager: Shutting down and abandoning module OpenGLDrv (20)
[2017.06.15-23.49.37:918][596]LogModuleManager: Shutting down and abandoning module D3D11RHI (18)
[2017.06.15-23.49.37:918][596]LogModuleManager: Shutting down and abandoning module AnimGraphRuntime (16)
[2017.06.15-23.49.37:918][596]LogModuleManager: Shutting down and abandoning module Renderer (14)
[2017.06.15-23.49.37:918][596]LogModuleManager: Shutting down and abandoning module Engine (12)
[2017.06.15-23.49.37:918][596]LogModuleManager: Shutting down and abandoning module CoreUObject (10)
[2017.06.15-23.49.37:918][596]LogModuleManager: Shutting down and abandoning module NetworkFile (8)
[2017.06.15-23.49.37:918][596]LogModuleManager: Shutting down and abandoning module StreamingFile (6)
[2017.06.15-23.49.37:918][596]LogModuleManager: Shutting down and abandoning module SandboxFile (4)
[2017.06.15-23.49.37:918][596]LogModuleManager: Shutting down and abandoning module PakFile (2)
[2017.06.15-23.49.37:919][596]LogExit: Exiting.
[2017.06.15-23.49.37:921][596]Log file closed, 06/16/17 08:49:37
