Log file open, 12/09/16 09:01:08
LogInit:Display: Running engine for game: UNNAMED
LogPlatformFile: Not using cached read wrapper
LogInit:Display: RandInit(1917962704) SRandInit(1917962704).
LogTaskGraph: Started task graph with 4 named threads and 7 total threads with 1 sets of task threads.
LogStats: Stats thread started at 0.082216
LogInit: Version: 4.12.5-3039270+++UE4+Release-4.12
LogInit: API Version: 2992821
LogInit: Net Version: 3039270
LogDevObjectVersion: Number of dev versions registered: 13
LogDevObjectVersion:   Dev-Blueprints (B0D832E4-1F89-4F0D-ACCF-7EB736FD4AA2): 3
LogDevObjectVersion:   Dev-Build (E1C64328-A22C-4D53-A36C-8E866417BD8C): 0
LogDevObjectVersion:   Dev-Core (375EC13C-06E4-48FB-B500-84F0262A717E): 1
LogDevObjectVersion:   Dev-Editor (E4B068ED-F494-42E9-A231-DA0B2E46BB41): 2
LogDevObjectVersion:   Dev-Framework (CFFC743F-43B0-4480-9391-14DF171D2073): 6
LogDevObjectVersion:   Dev-Mobile (B02B49B5-BB20-44E9-A304-32B752E40360): 0
LogDevObjectVersion:   Dev-Networking (A4E4105C-59A1-49B5-A7C5-40C4547EDFEE): 0
LogDevObjectVersion:   Dev-Online (39C831C9-5AE6-47DC-9A44-9C173E1C8E7C): 0
LogDevObjectVersion:   Dev-Physics (78F01B33-EBEA-4F98-B9B4-84EACCB95AA2): 0
LogDevObjectVersion:   Dev-Platform (6631380F-2D4D-43E0-8009-CF276956A95A): 0
LogDevObjectVersion:   Dev-Rendering (12F88B9F-8875-4AFC-A67C-D90C383ABD29): 2
LogDevObjectVersion:   Dev-Sequencer (7B5AE74C-D270-4C10-A958-57980B212A5A): 0
LogDevObjectVersion:   Dev-VR (D7296918-1DD6-4BDD-9DE2-64A83CC13884): 0
LogInit: Compiled (64-bit): Jul  6 2016 09:09:46
LogInit: Compiled with Visual C++: 19.00.23026.00
LogInit: Build Configuration: Development
LogInit: Branch Name: ++UE4+Release-4.12
LogInit: Command line:  
LogInit: Base directory: C:/Program Files (x86)/Epic Games/4.12/Engine/Binaries/Win64/
LogInit: Installed Engine Build: 1
LogInit: Using libcurl 7.41.0
LogInit:  - built for x86_64-pc-win32
LogInit:  - supports SSL with WinSSL
LogInit:  - other features:
LogInit:      CURL_VERSION_SSL
LogInit:      CURL_VERSION_IPV6
LogInit:      CURL_VERSION_ASYNCHDNS
LogInit:      CURL_VERSION_LARGEFILE
LogInit:      CURL_VERSION_IDN
LogInit:  CurlRequestOptions (configurable via config and command line):
LogInit:  - bVerifyPeer = true  - Libcurl will verify peer certificate
LogInit:  - bUseHttpProxy = false  - Libcurl will NOT use HTTP proxy
LogInit:  - bDontReuseConnections = false  - Libcurl will reuse connections
LogInit:  - CertBundlePath = nullptr  - Libcurl will use whatever was configured at build time.
LogOnline:Display: STEAM: Loading Steam SDK 1.32
LogOnline:Warning: STEAM: Steam API disabled!
LogOnline:Display: STEAM: OnlineSubsystemSteam::Shutdown()
LogInit: WinSock: version 1.1 (2.2), MaxSocks=32767, MaxUdp=65467
LogVoice:Warning: Failed to initialize voice interface
LogInit: Presizing for max 8388607 objects, including 0 objects not considered by GC, pre-allocating 0 bytes for permanent pool.
LogInit: Object subsystem initialized
[2016.12.09-00.01.08:740][  0]LogInit: Selected Device Profile: [Windows]
[2016.12.09-00.01.08:740][  0]LogInit: Applying CVar settings loaded from the selected device profile: [Windows]
[2016.12.09-00.01.08:763][  0]LogInit: Computer: DESKTOP-5I3HB32
[2016.12.09-00.01.08:763][  0]LogInit: User: jcy
[2016.12.09-00.01.08:763][  0]LogInit: CPU Page size=65536, Cores=4
[2016.12.09-00.01.08:763][  0]LogInit: High frequency timer resolution =2.533210 MHz
[2016.12.09-00.01.08:764][  0]LogMemory: Memory total: Physical=7.9GB (8GB approx)
[2016.12.09-00.01.08:764][  0]LogMemory: Platform Memory Stats for Windows
[2016.12.09-00.01.08:764][  0]LogMemory: Process Physical Memory: 193.46 MB used, 193.46 MB peak
[2016.12.09-00.01.08:764][  0]LogMemory: Process Virtual Memory: 195.67 MB used, 195.67 MB peak
[2016.12.09-00.01.08:764][  0]LogMemory: Physical Memory: 3440.71 MB used, 8113.86 MB total
[2016.12.09-00.01.08:764][  0]LogMemory: Virtual Memory: 556.81 MB used, 134217728.00 MB total
[2016.12.09-00.01.09:582][  0]LogD3D11RHI: D3D11 adapters:
[2016.12.09-00.01.10:110][  0]LogD3D11RHI:    0. 'NVIDIA GeForce GTX 960M' (Feature Level 11_0)
[2016.12.09-00.01.10:110][  0]LogD3D11RHI:       2018/0/4056 MB DedicatedVideo/DedicatedSystem/SharedSystem, Outputs:2, VendorId:0x10de
[2016.12.09-00.01.10:116][  0]LogD3D11RHI:    1. 'Intel(R) HD Graphics 4600' (Feature Level 11_0)
[2016.12.09-00.01.10:116][  0]LogD3D11RHI:       112/0/2048 MB DedicatedVideo/DedicatedSystem/SharedSystem, Outputs:0, VendorId:0x8086
[2016.12.09-00.01.10:117][  0]LogD3D11RHI:    2. 'Microsoft Basic Render Driver' (Feature Level 11_0)
[2016.12.09-00.01.10:117][  0]LogD3D11RHI:       0/0/4056 MB DedicatedVideo/DedicatedSystem/SharedSystem, Outputs:0, VendorId:0x1414
[2016.12.09-00.01.10:117][  0]LogD3D11RHI: Chosen D3D11 Adapter: 0
[2016.12.09-00.01.10:121][  0]LogD3D11RHI: Creating new Direct3DDevice
[2016.12.09-00.01.10:121][  0]LogD3D11RHI:     GPU DeviceId: 0x139b (for the marketing name, search the web for "GPU Device Id")
[2016.12.09-00.01.10:121][  0]LogWindows: EnumDisplayDevices:
[2016.12.09-00.01.10:121][  0]LogWindows:    0. 'Intel(R) HD Graphics 4600' (P:1 D:1)
[2016.12.09-00.01.10:122][  0]LogWindows:    1. 'Intel(R) HD Graphics 4600' (P:0 D:1)
[2016.12.09-00.01.10:122][  0]LogWindows:    2. 'Intel(R) HD Graphics 4600' (P:0 D:0)
[2016.12.09-00.01.10:122][  0]LogWindows: DebugString: PrimaryIsNotTheChoosenAdapter PrimaryIsNotTheChoosenAdapter PrimaryIsNotTheChoosenAdapter FoundDriverCount:0 
[2016.12.09-00.01.10:122][  0]LogD3D11RHI:     Adapter Name: NVIDIA GeForce GTX 960M
[2016.12.09-00.01.10:122][  0]LogD3D11RHI:   Driver Version: Unknown (internal:Unknown, unified:Unknown)
[2016.12.09-00.01.10:122][  0]LogD3D11RHI:      Driver Date: Unknown
[2016.12.09-00.01.10:122][  0]LogRHI: Texture pool is 1361 MB (70% of 1945 MB)
[2016.12.09-00.01.10:613][  0]LogD3D11RHI: Async texture creation enabled
[2016.12.09-00.01.10:900][  0]LogD3D11RHI: GPU Timing Frequency: 1000.000000 (Debug: 2 1)
[2016.12.09-00.01.10:900][  0]LogShaderCompilers: Guid format shader working directory is -17 characters bigger than the processId version (../../../../../../Users/jcy/Documents/GitHub/UNNAMED/UNNAMED/Intermediate/Shaders/WorkingDirectory/13416/).
[2016.12.09-00.01.10:900][  0]LogShaderCompilers: Cleaned the shader compiler working directory 'C:/Users/jcy/AppData/Local/Temp/UnrealShaderWorkingDir/37F1FA274AD2C67003D40EB8FA6D7C50/'.
[2016.12.09-00.01.10:900][  0]LogShaderCompilers:Display: Using Local Shader Compiler.
[2016.12.09-00.01.13:500][  0]LogTemp:Display: Loaded TP AllDesktopTargetPlatform
[2016.12.09-00.01.13:509][  0]LogTemp:Display: Loaded TP WindowsClientTargetPlatform
[2016.12.09-00.01.13:519][  0]LogTemp:Display: Loaded TP WindowsNoEditorTargetPlatform
[2016.12.09-00.01.13:529][  0]LogTemp:Display: Loaded TP WindowsServerTargetPlatform
[2016.12.09-00.01.13:538][  0]LogTemp:Display: Loaded TP WindowsTargetPlatform
[2016.12.09-00.01.13:547][  0]LogTemp:Display: Loaded TP AndroidTargetPlatform
[2016.12.09-00.01.13:554][  0]LogTemp:Display: Loaded TP Android_ASTCTargetPlatform
[2016.12.09-00.01.13:562][  0]LogTemp:Display: Loaded TP Android_ATCTargetPlatform
[2016.12.09-00.01.13:569][  0]LogTemp:Display: Loaded TP Android_DXTTargetPlatform
[2016.12.09-00.01.13:577][  0]LogTemp:Display: Loaded TP Android_ETC1TargetPlatform
[2016.12.09-00.01.13:584][  0]LogTemp:Display: Loaded TP Android_ETC2TargetPlatform
[2016.12.09-00.01.13:599][  0]LogTemp:Display: Loaded TP Android_MultiTargetPlatform
[2016.12.09-00.01.13:599][  0]LogTemp:Display: Loaded TP Android_PVRTCTargetPlatform
[2016.12.09-00.01.13:600][  0]LogTemp:Display: Loaded TP HTML5TargetPlatform
[2016.12.09-00.01.13:623][  0]LogTemp:Display: Loaded TP IOSTargetPlatform
[2016.12.09-00.01.13:630][  0]LogTemp:Display: Loaded TP TVOSTargetPlatform
[2016.12.09-00.01.13:637][  0]LogTemp:Display: Loaded TP LinuxNoEditorTargetPlatform
[2016.12.09-00.01.13:644][  0]LogTemp:Display: Loaded TP LinuxServerTargetPlatform
[2016.12.09-00.01.13:688][  0]LogTemp:Display: Loaded TP LinuxTargetPlatform
[2016.12.09-00.01.13:688][  0]LogTargetPlatformManager:Display: Building Assets For Windows
[2016.12.09-00.01.13:778][  0]LogDerivedDataCache:Display: Max Cache Size: 512 MB
[2016.12.09-00.01.13:839][  0]LogDerivedDataCache: Loaded boot cache 0.06s 48MB C:/Users/jcy/AppData/Local/UnrealEngine/4.12/DerivedDataCache/Boot.ddc.
[2016.12.09-00.01.13:840][  0]LogDerivedDataCache:Display: Loaded Boot cache: C:/Users/jcy/AppData/Local/UnrealEngine/4.12/DerivedDataCache/Boot.ddc
[2016.12.09-00.01.13:840][  0]LogDerivedDataCache: FDerivedDataBackendGraph:  Pak pak cache file ../../../../../../Users/jcy/Documents/GitHub/UNNAMED/UNNAMED/DerivedDataCache/DDC.ddp not found, will not use a pak cache.
[2016.12.09-00.01.13:840][  0]LogDerivedDataCache: Unable to find inner node Pak for hierarchical cache Hierarchy.
[2016.12.09-00.01.13:840][  0]LogDerivedDataCache: FDerivedDataBackendGraph:  CompressedPak pak cache file ../../../../../../Users/jcy/Documents/GitHub/UNNAMED/UNNAMED/DerivedDataCache/Compressed.ddp not found, will not use a pak cache.
[2016.12.09-00.01.13:840][  0]LogDerivedDataCache: Unable to find inner node CompressedPak for hierarchical cache Hierarchy.
[2016.12.09-00.01.13:856][  0]LogDerivedDataCache:Display: Pak cache opened for reading ../../../Engine/DerivedDataCache/Compressed.ddp.
[2016.12.09-00.01.13:868][  0]LogDerivedDataCache: Using Local data cache path C:/Users/jcy/AppData/Local/UnrealEngine/Common/DerivedDataCache: Writable
[2016.12.09-00.01.14:041][  0]LogInit: Selected Device Profile: [Windows]
[2016.12.09-00.01.14:042][  0]LogContentStreaming: Texture pool size is 0.00 MB
[2016.12.09-00.01.14:190][  0]LogMeshUtilities: No automatic mesh reduction module available
[2016.12.09-00.01.14:190][  0]LogMeshUtilities: No automatic mesh merging module available
[2016.12.09-00.01.14:190][  0]LogMeshUtilities: No distributed automatic mesh merging module available
[2016.12.09-00.01.14:517][  0]LogAssetRegistry: FAssetRegistry took 0.0218 seconds to start up
[2016.12.09-00.01.14:536][  0]LogPackageLocalizationCache: Processed 3 localized package path(s) for 1 prioritized culture(s) in 0.015983 seconds
[2016.12.09-00.01.14:542][  0]LogUObjectArray: 28746 objects as part of root set at end of initial load.
[2016.12.09-00.01.14:542][  0]LogUObjectAllocator: 6069104 out of 0 bytes used by permanent object pool.
[2016.12.09-00.01.14:542][  0]LogUObjectArray: CloseDisregardForGC: 0/0 objects in disregard for GC pool
[2016.12.09-00.01.14:856][  0]LogSlate: SlateFontCache - WITH_FREETYPE: 1, WITH_HARFBUZZ: 1
[2016.12.09-00.01.14:856][  0]LogSlate: SlateFontCache - WITH_FREETYPE: 1, WITH_HARFBUZZ: 1
[2016.12.09-00.01.34:999][  0]LogUdpMessaging: Initializing bridge on interface 0.0.0.0:0 to multicast group 230.0.0.1:6666.
[2016.12.09-00.01.35:517][  0]SourceControl: Info Source control is disabled
[2016.12.09-00.01.35:518][  0]SourceControl: Info Source control is disabled
[2016.12.09-00.01.35:529][  0]SourceControl: Info Source control is disabled
[2016.12.09-00.01.35:539][  0]SourceControl: Info Source control is disabled
[2016.12.09-00.01.35:922][  0]LogEngine: Initializing Engine...
[2016.12.09-00.01.35:922][  0]LogHMD: SteamVR failed to initialize.  Err: 110
[2016.12.09-00.01.35:923][  0]LogHMD: SteamVR failed to initialize.  Err: 110
[2016.12.09-00.01.36:059][  0]LogAIModule: Creating AISystem for world NewWorld
[2016.12.09-00.01.36:062][  0]LogInit: XAudio2 using '스피커(Realtek High Definition Audio)' : 2 channels at 48 kHz using 32 bits per sample (channel mask 0x3)
[2016.12.09-00.01.36:199][  0]LogInit: FAudioDevice initialized.
[2016.12.09-00.01.36:231][  0]LogDerivedDataCache: Saved boot cache 0.03s 48MB C:/Users/jcy/AppData/Local/UnrealEngine/4.12/DerivedDataCache/Boot.ddc.
[2016.12.09-00.01.36:241][  0]LogInit: Texture streaming: Enabled
[2016.12.09-00.01.36:268][  0]LogInit: Transaction tracking system initialized
[2016.12.09-00.01.36:298][  0]BlueprintLog: New page: Editor Load
[2016.12.09-00.01.36:423][  0]LocalizationService: Info Localization service is disabled
[2016.12.09-00.01.36:580][  0]LogConsoleResponse:Display: 
[2016.12.09-00.01.36:889][  0]LogCook:Display: Max memory allowance for cook 8192mb
[2016.12.09-00.01.36:889][  0]LogCook:Display: Mobile HDR setting 1
[2016.12.09-00.01.36:913][  0]LogFileCache: Scanning file cache for directory 'C:/Users/jcy/Documents/GitHub/UNNAMED/UNNAMED/Content/' took 0.02s
[2016.12.09-00.01.37:399][  0]SourceControl: Info Source control is disabled
[2016.12.09-00.01.37:400][  0]Cmd: MAP LOAD FILE="../../../../../../Users/jcy/Documents/GitHub/UNNAMED/UNNAMED/Content/Map/Main.umap" TEMPLATE=0 SHOWPROGRESS=1 FEATURELEVEL=3
[2016.12.09-00.01.37:400][  0]LightingResults: New page: Lighting Build
[2016.12.09-00.01.37:404][  0]MapCheck: New page: Map Check
[2016.12.09-00.01.37:404][  0]LightingResults: New page: Lighting Build
[2016.12.09-00.01.37:836][  0]LogAIModule: Creating AISystem for world Main
[2016.12.09-00.01.37:837][  0]LogEditorServer: Finished looking for orphan Actors (0.000 secs)
[2016.12.09-00.01.37:838][  0]Cmd: MAP CHECKDEP NOCLEARLOG
[2016.12.09-00.01.37:874][  0]MapCheck: Info Map check complete: 0 Error(s), 0 Warning(s), took 36.101ms to complete.
[2016.12.09-00.01.37:874][  0]LogFileHelpers: Loading map 'Main' took 0.474
[2016.12.09-00.01.38:089][  0]LogCollectionManager: Loaded 1 collections in 0.005440 seconds
[2016.12.09-00.01.38:135][  0]LogFileCache: Scanning file cache for directory 'C:/Users/jcy/Documents/GitHub/UNNAMED/UNNAMED/Saved/Collections/' took 0.01s
[2016.12.09-00.01.38:135][  0]LogFileCache: Scanning file cache for directory 'C:/Users/jcy/Documents/GitHub/UNNAMED/UNNAMED/Content/Developers/jcy/Collections/' took 0.01s
[2016.12.09-00.01.38:135][  0]LogFileCache: Scanning file cache for directory 'C:/Users/jcy/Documents/GitHub/UNNAMED/UNNAMED/Content/Collections/' took 0.01s
[2016.12.09-00.01.38:135][  0]LogCollectionManager: Rebuilt the GUID cache for 1 collections in 0.000006 seconds
[2016.12.09-00.01.38:135][  0]LogCollectionManager: Rebuilt the hierarchy cache for 1 collections in 0.000000 seconds
[2016.12.09-00.01.38:143][  0]LogContentBrowser: Native class hierarchy populated in 0.0077 seconds. Added 2049 classes and 371 folders.
[2016.12.09-00.01.38:147][  0]LogStats: UGameplayTagsManager::ConstructGameplayTagTree: Construct from data asset -  0.000 s
[2016.12.09-00.01.38:147][  0]LogStats: UGameplayTagsManager::ConstructGameplayTagTree: GameplayTagTreeChangedEvent.Broadcast -  0.000 s
[2016.12.09-00.01.38:148][  0]LogContentBrowser: Native class hierarchy updated for 'GameplayTags' in 0.0004 seconds. Added 12 classes and 0 folders.
[2016.12.09-00.01.38:154][  0]LogContentBrowser: Native class hierarchy updated for 'WidgetCarousel' in 0.0003 seconds. Added 0 classes and 0 folders.
[2016.12.09-00.01.39:600][  0]LogContentBrowser: Native class hierarchy updated for 'AddContentDialog' in 0.0004 seconds. Added 0 classes and 0 folders.
[2016.12.09-00.01.39:605][  0]LogContentBrowser: Native class hierarchy updated for 'SceneOutliner' in 0.0003 seconds. Added 1 classes and 2 folders.
[2016.12.09-00.01.39:672][  0]LogCrashTracker: Crashtracker disabled due to settings.
[2016.12.09-00.01.39:677][  0]LogUObjectGlobals:Warning: Failed to find object 'Class None.'
[2016.12.09-00.01.39:705][  0]LogContentBrowser: Native class hierarchy updated for 'HierarchicalLODOutliner' in 0.0004 seconds. Added 1 classes and 2 folders.
[2016.12.09-00.01.39:705][  0]LogLoad: Full Startup: 32.01 seconds (BP compile: 0.26 seconds)
[2016.12.09-00.01.39:705][  0]LogExternalProfiler: Found external profiler: VSPerf
[2016.12.09-00.01.39:705][  0]LogExternalProfiler: Using external profiler: VSPerf
[2016.12.09-00.01.39:728][  0]LogOcInput: OculusInput pre-init called
[2016.12.09-00.01.39:753][  0]LogContentStreaming: Texture pool size now 1000 MB
[2016.12.09-00.01.40:060][  0]LogRenderer: Reallocating scene render targets to support 1044x524 (Frame:2).
[2016.12.09-00.01.40:195][  2]LogAssetRegistry: Asset discovery search completed in 25.6996 seconds
[2016.12.09-00.01.40:195][  2]LogCollectionManager: Rebuilt the object cache for 1 collections in 0.000010 seconds (found 0 objects)
[2016.12.09-00.01.40:195][  2]LogCollectionManager: Fixed up redirectors for 1 collections in 0.000024 seconds (updated 0 objects)
[2016.12.09-00.01.41:519][ 31]LogContentBrowser: Native class hierarchy updated for 'BlueprintGraph' in 0.0008 seconds. Added 111 classes and 0 folders.
[2016.12.09-00.02.21:576][231]Cmd: OBJ SAVEPACKAGE PACKAGE="/Game/Map/Main" FILE="../../../../../../Users/jcy/Documents/GitHub/UNNAMED/UNNAMED/Saved/Autosaves/Game/Map/UEDPCMain.umap" SILENT=true AUTOSAVING=true KEEPDIRTY=true
[2016.12.09-00.02.21:708][231]LogSavePackage: Save=96.82ms
[2016.12.09-00.02.21:708][231]LogSavePackage: Moving '../../../../../../Users/jcy/Documents/GitHub/UNNAMED/UNNAMED/Saved/UEDPCMain66DF498A49DC1E0B6B48EEBFD8FEB21C.tmp' to '../../../../../../Users/jcy/Documents/GitHub/UNNAMED/UNNAMED/Saved/Autosaves/Game/Map/UEDPCMain.umap'
[2016.12.09-00.02.21:710][231]LogSavePackage:Display: Finished SavePackage ../../../../../../Users/jcy/Documents/GitHub/UNNAMED/UNNAMED/Saved/Autosaves/Game/Map/UEDPCMain.umap
[2016.12.09-00.02.21:720][231]LogEditorTransaction: Undo Spawn Play From Here Start
[2016.12.09-00.12.22:039][402]LogActorComponent: UnregisterComponent: (/Engine/Transient.EditorFloorComp) Not registered. Aborting.
[2016.12.09-00.12.22:204][402]LogActorComponent: UnregisterComponent: (/Engine/Transient.EditorFloorComp) Not registered. Aborting.
[2016.12.09-00.12.25:062][543]LogWindowsTextInputMethodSystem:Display: IME system now activated using TSF (Microsoft 입력기).
[2016.12.09-00.12.25:276][544]Cmd: QUIT_EDITOR
[2016.12.09-00.12.25:353][544]LogExit: Preparing to exit.
[2016.12.09-00.12.26:487][544]LogExit: Editor shut down
[2016.12.09-00.12.26:487][544]LogExit: Transaction tracking system shut down
[2016.12.09-00.12.26:660][544]LogObj: Freed 0b from 0 cluster array pools.
[2016.12.09-00.12.26:660][544]LogExit: Object subsystem successfully closed.
[2016.12.09-00.12.26:678][544]LogD3D11RHI: Shutdown
[2016.12.09-00.12.26:678][544]LogD3D11RHI: CleanupD3DDevice
[2016.12.09-00.12.26:741][544]LogD3D11RHI: ~FD3D11DynamicRHI
[2016.12.09-00.12.26:754][544]LogModuleManager: Shutting down and abandoning module SequencerWidgets (218)
[2016.12.09-00.12.26:754][544]LogModuleManager: Shutting down and abandoning module BlueprintGraph (217)
[2016.12.09-00.12.26:754][544]LogModuleManager: Shutting down and abandoning module HierarchicalLODOutliner (216)
[2016.12.09-00.12.26:754][544]LogModuleManager: Shutting down and abandoning module CrashTracker (215)
[2016.12.09-00.12.26:754][544]LogModuleManager: Shutting down and abandoning module SceneOutliner (214)
[2016.12.09-00.12.26:754][544]LogModuleManager: Shutting down and abandoning module WidgetCarousel (213)
[2016.12.09-00.12.26:754][544]LogModuleManager: Shutting down and abandoning module AddContentDialog (212)
[2016.12.09-00.12.26:755][544]LogModuleManager: Shutting down and abandoning module GameplayTags (211)
[2016.12.09-00.12.26:755][544]LogModuleManager: Shutting down and abandoning module EditorWidgets (210)
[2016.12.09-00.12.26:755][544]LogModuleManager: Shutting down and abandoning module CollectionManager (209)
[2016.12.09-00.12.26:755][544]LogModuleManager: Shutting down and abandoning module StatsViewer (208)
[2016.12.09-00.12.26:755][544]LogModuleManager: Shutting down and abandoning module FoliageEdit (207)
[2016.12.09-00.12.26:755][544]LogModuleManager: Shutting down and abandoning module LandscapeEditor (206)
[2016.12.09-00.12.26:755][544]LogModuleManager: Shutting down and abandoning module SceneDepthPickerMode (205)
[2016.12.09-00.12.26:755][544]LogModuleManager: Shutting down and abandoning module ActorPickerMode (204)
[2016.12.09-00.12.26:755][544]LogModuleManager: Shutting down and abandoning module GeometryMode (203)
[2016.12.09-00.12.26:755][544]LogModuleManager: Shutting down and abandoning module TextureAlignMode (202)
[2016.12.09-00.12.26:755][544]LogModuleManager: Shutting down and abandoning module BspMode (201)
[2016.12.09-00.12.26:755][544]LogModuleManager: Shutting down and abandoning module HardwareSurvey (200)
[2016.12.09-00.12.26:756][544]LogModuleManager: Shutting down and abandoning module SequenceRecorderSections (199)
[2016.12.09-00.12.26:756][544]LogModuleManager: Shutting down and abandoning module SequenceRecorder (198)
[2016.12.09-00.12.26:756][544]LogModuleManager: Shutting down and abandoning module AutomationWorker (197)
[2016.12.09-00.12.26:756][544]LogModuleManager: Shutting down and abandoning module MatineeToLevelSequence (196)
[2016.12.09-00.12.26:756][544]LogModuleManager: Shutting down and abandoning module PlacementMode (195)
[2016.12.09-00.12.26:756][544]LogModuleManager: Shutting down and abandoning module LevelSequenceEditor (194)
[2016.12.09-00.12.26:756][544]LogModuleManager: Shutting down and abandoning module CharacterAI (193)
[2016.12.09-00.12.26:756][544]LogModuleManager: Shutting down and abandoning module SmartSnapping (192)
[2016.12.09-00.12.26:756][544]LogModuleManager: Shutting down and abandoning module SessionServices (191)
[2016.12.09-00.12.26:756][544]LogModuleManager: Shutting down and abandoning module ViewportSnapping (190)
[2016.12.09-00.12.26:756][544]LogModuleManager: Shutting down and abandoning module LogVisualizer (189)
[2016.12.09-00.12.26:756][544]LogModuleManager: Shutting down and abandoning module GameProjectGeneration (188)
[2016.12.09-00.12.26:756][544]LogModuleManager: Shutting down and abandoning module IntroTutorials (187)
[2016.12.09-00.12.26:756][544]LogModuleManager: Shutting down and abandoning module EditorLiveStreaming (186)
[2016.12.09-00.12.26:756][544]LogModuleManager: Shutting down and abandoning module IOSPlatformEditor (185)
[2016.12.09-00.12.26:756][544]LogModuleManager: Shutting down and abandoning module HTML5PlatformEditor (184)
[2016.12.09-00.12.26:756][544]LogModuleManager: Shutting down and abandoning module AndroidDeviceDetection (183)
[2016.12.09-00.12.26:757][544]LogModuleManager: Shutting down and abandoning module AndroidPlatformEditor (182)
[2016.12.09-00.12.26:757][544]LogModuleManager: Shutting down and abandoning module IOSRuntimeSettings (181)
[2016.12.09-00.12.26:757][544]LogModuleManager: Shutting down and abandoning module AndroidRuntimeSettings (180)
[2016.12.09-00.12.26:757][544]LogModuleManager: Shutting down and abandoning module MergeActors (179)
[2016.12.09-00.12.26:757][544]LogModuleManager: Shutting down and abandoning module SizeMap (178)
[2016.12.09-00.12.26:757][544]LogModuleManager: Shutting down and abandoning module TreeMap (177)
[2016.12.09-00.12.26:757][544]LogModuleManager: Shutting down and abandoning module ReferenceViewer (176)
[2016.12.09-00.12.26:757][544]LogModuleManager: Shutting down and abandoning module LocalizationService (175)
[2016.12.09-00.12.26:757][544]LogModuleManager: Shutting down and abandoning module LocalizationDashboard (174)
[2016.12.09-00.12.26:757][544]LogModuleManager: Shutting down and abandoning module HardwareTargeting (173)
[2016.12.09-00.12.26:757][544]LogModuleManager: Shutting down and abandoning module DeviceProfileEditor (172)
[2016.12.09-00.12.26:757][544]LogModuleManager: Shutting down and abandoning module UndoHistory (171)
[2016.12.09-00.12.26:757][544]LogModuleManager: Shutting down and abandoning module UserFeedback (170)
[2016.12.09-00.12.26:757][544]LogModuleManager: Shutting down and abandoning module XmlParser (169)
[2016.12.09-00.12.26:757][544]LogModuleManager: Shutting down and abandoning module Blutility (168)
[2016.12.09-00.12.26:757][544]LogModuleManager: Shutting down and abandoning module ProjectTargetPlatformEditor (167)
[2016.12.09-00.12.26:757][544]LogModuleManager: Shutting down and abandoning module ProjectSettingsViewer (166)
[2016.12.09-00.12.26:758][544]LogModuleManager: Shutting down and abandoning module InputBindingEditor (165)
[2016.12.09-00.12.26:758][544]LogModuleManager: Shutting down and abandoning module EditorSettingsViewer (164)
[2016.12.09-00.12.26:758][544]LogModuleManager: Shutting down and abandoning module SettingsEditor (163)
[2016.12.09-00.12.26:758][544]LogModuleManager: Shutting down and abandoning module ProjectLauncher (162)
[2016.12.09-00.12.26:758][544]LogModuleManager: Shutting down and abandoning module SessionFrontend (161)
[2016.12.09-00.12.26:758][544]LogModuleManager: Shutting down and abandoning module ProfilerClient (160)
[2016.12.09-00.12.26:758][544]LogModuleManager: Shutting down and abandoning module TargetDeviceServices (159)
[2016.12.09-00.12.26:758][544]LogModuleManager: Shutting down and abandoning module DeviceManager (158)
[2016.12.09-00.12.26:801][544]LogModuleManager: Shutting down and abandoning module AutomationController (157)
[2016.12.09-00.12.26:801][544]LogModuleManager: Shutting down and abandoning module AutomationWindow (156)
[2016.12.09-00.12.26:801][544]LogModuleManager: Shutting down and abandoning module Layers (155)
[2016.12.09-00.12.26:801][544]LogModuleManager: Shutting down and abandoning module ComponentVisualizers (154)
[2016.12.09-00.12.26:801][544]LogModuleManager: Shutting down and abandoning module DetailCustomizations (153)
[2016.12.09-00.12.26:801][544]LogModuleManager: Shutting down and abandoning module PackagesDialog (152)
[2016.12.09-00.12.26:801][544]LogModuleManager: Shutting down and abandoning module Persona (151)
[2016.12.09-00.12.26:801][544]LogModuleManager: Shutting down and abandoning module Kismet (150)
[2016.12.09-00.12.26:801][544]LogModuleManager: Shutting down and abandoning module GraphEditor (149)
[2016.12.09-00.12.26:801][544]LogModuleManager: Shutting down and abandoning module ClassViewer (148)
[2016.12.09-00.12.26:801][544]LogModuleManager: Shutting down and abandoning module Toolbox (147)
[2016.12.09-00.12.26:801][544]LogModuleManager: Shutting down and abandoning module ModuleUI (146)
[2016.12.09-00.12.26:801][544]LogModuleManager: Shutting down and abandoning module MovieSceneTools (145)
[2016.12.09-00.12.26:801][544]LogModuleManager: Shutting down and abandoning module OutputLog (144)
[2016.12.09-00.12.26:801][544]LogModuleManager: Shutting down and abandoning module GammaUI (143)
[2016.12.09-00.12.26:801][544]LogModuleManager: Shutting down and abandoning module Documentation (142)
[2016.12.09-00.12.26:801][544]LogModuleManager: Shutting down and abandoning module StreamingPauseRendering (141)
[2016.12.09-00.12.26:801][544]LogModuleManager: Shutting down and abandoning module AnalyticsET (140)
[2016.12.09-00.12.26:801][544]LogModuleManager: Shutting down and abandoning module Analytics (139)
[2016.12.09-00.12.26:801][544]LogModuleManager: Shutting down and abandoning module PortalServices (138)
[2016.12.09-00.12.26:801][544]LogModuleManager: Shutting down and abandoning module PortalRpc (137)
[2016.12.09-00.12.26:801][544]LogModuleManager: Shutting down and abandoning module MessagingRpc (136)
[2016.12.09-00.12.26:801][544]LogModuleManager: Shutting down and abandoning module GameplayDebugger (135)
[2016.12.09-00.12.26:801][544]LogModuleManager: Shutting down and abandoning module AITestSuite (134)
[2016.12.09-00.12.26:801][544]LogModuleManager: Shutting down and abandoning module AIModule (133)
[2016.12.09-00.12.26:801][544]LogModuleManager: Shutting down and abandoning module ProfilerService (132)
[2016.12.09-00.12.26:912][544]LogModuleManager: Shutting down and abandoning module TaskGraph (131)
[2016.12.09-00.12.26:912][544]LogModuleManager: Shutting down and abandoning module SlateRemote (130)
[2016.12.09-00.12.26:912][544]LogModuleManager: Shutting down and abandoning module SteamVRController (129)
[2016.12.09-00.12.26:912][544]LogModuleManager: Shutting down and abandoning module SteamVR (128)
[2016.12.09-00.12.26:912][544]LogModuleManager: Shutting down and abandoning module ProceduralMeshComponent (127)
[2016.12.09-00.12.26:912][544]LogModuleManager: Shutting down and abandoning module OculusLibrary (126)
[2016.12.09-00.12.26:912][544]LogModuleManager: Shutting down and abandoning module OculusInput (125)
[2016.12.09-00.12.26:912][544]LogModuleManager: Shutting down and abandoning module CustomMeshComponent (124)
[2016.12.09-00.12.26:912][544]LogModuleManager: Shutting down and abandoning module CableComponent (123)
[2016.12.09-00.12.26:912][544]LogModuleManager: Shutting down and abandoning module ArchVisCharacter (122)
[2016.12.09-00.12.26:912][544]LogModuleManager: Shutting down and abandoning module MediaPlayerEditor (121)
[2016.12.09-00.12.26:912][544]LogModuleManager: Shutting down and abandoning module HTML5Networking (120)
[2016.12.09-00.12.26:912][544]LogModuleManager: Shutting down and abandoning module SuperSearch (119)
[2016.12.09-00.12.26:912][544]LogModuleManager: Shutting down and abandoning module SuperSearchEditor (118)
[2016.12.09-00.12.26:912][544]LogModuleManager: Shutting down and abandoning module SpeedTreeImporter (117)
[2016.12.09-00.12.26:912][544]LogModuleManager: Shutting down and abandoning module PluginBrowser (116)
[2016.12.09-00.12.26:912][544]LogModuleManager: Shutting down and abandoning module EpicSurvey (115)
[2016.12.09-00.12.26:913][544]LogModuleManager: Shutting down and abandoning module DesktopPlatform (114)
[2016.12.09-00.12.26:913][544]LogModuleManager: Shutting down and abandoning module VisualStudioSourceCodeAccess (113)
[2016.12.09-00.12.26:913][544]LogModuleManager: Shutting down and abandoning module UObjectPlugin (112)
[2016.12.09-00.12.26:913][544]LogModuleManager: Shutting down and abandoning module SubversionSourceControl (111)
[2016.12.09-00.12.26:913][544]LogModuleManager: Shutting down and abandoning module PerforceSourceControl (110)
[2016.12.09-00.12.26:913][544]LogModuleManager: Shutting down and abandoning module SourceControl (109)
[2016.12.09-00.12.26:913][544]LogModuleManager: Shutting down and abandoning module GitSourceControl (108)
[2016.12.09-00.12.26:913][544]LogModuleManager: Shutting down and abandoning module LightPropagationVolumeEditor (107)
[2016.12.09-00.12.26:913][544]LogModuleManager: Shutting down and abandoning module PaperTiledImporter (106)
[2016.12.09-00.12.26:913][544]LogModuleManager: Shutting down and abandoning module PaperSpriteSheetImporter (105)
[2016.12.09-00.12.26:913][544]LogModuleManager: Shutting down and abandoning module MeshPaint (104)
[2016.12.09-00.12.26:913][544]LogModuleManager: Shutting down and abandoning module PixelInspectorModule (103)
[2016.12.09-00.12.26:913][544]LogModuleManager: Shutting down and abandoning module HotReload (102)
[2016.12.09-00.12.26:913][544]LogModuleManager: Shutting down and abandoning module MainFrame (101)
[2016.12.09-00.12.26:913][544]LogModuleManager: Shutting down and abandoning module LevelEditor (100)
[2016.12.09-00.12.26:914][544]LogModuleManager: Shutting down and abandoning module ContentBrowser (99)
[2016.12.09-00.12.26:915][544]LogModuleManager: Shutting down and abandoning module Paper2DEditor (98)
[2016.12.09-00.12.26:915][544]LogModuleManager: Shutting down and abandoning module UdpMessaging (97)
[2016.12.09-00.12.27:015][544]LogModuleManager: Shutting down and abandoning module LightPropagationVolumeRuntime (96)
[2016.12.09-00.12.27:015][544]LogModuleManager: Shutting down and abandoning module Paper2D (95)
[2016.12.09-00.12.27:015][544]LogModuleManager: Shutting down and abandoning module WindowsMoviePlayer (94)
[2016.12.09-00.12.27:015][544]LogModuleManager: Shutting down and abandoning module Media (93)
[2016.12.09-00.12.27:015][544]LogModuleManager: Shutting down and abandoning module WmfMedia (92)
[2016.12.09-00.12.27:015][544]LogModuleManager: Shutting down and abandoning module MediaAssets (91)
[2016.12.09-00.12.27:015][544]LogModuleManager: Shutting down and abandoning module GameLiveStreaming (90)
[2016.12.09-00.12.27:015][544]LogModuleManager: Shutting down and abandoning module GameplayTagsEditor (89)
[2016.12.09-00.12.27:015][544]LogModuleManager: Shutting down and abandoning module OnlineBlueprintSupport (88)
[2016.12.09-00.12.27:015][544]LogModuleManager: Shutting down and abandoning module VREditor (87)
[2016.12.09-00.12.27:015][544]LogModuleManager: Shutting down and abandoning module GameplayTasksEditor (86)
[2016.12.09-00.12.27:015][544]LogModuleManager: Shutting down and abandoning module PropertyEditor (85)
[2016.12.09-00.12.27:015][544]LogModuleManager: Shutting down and abandoning module BehaviorTreeEditor (84)
[2016.12.09-00.12.27:015][544]LogModuleManager: Shutting down and abandoning module FunctionalTesting (83)
[2016.12.09-00.12.27:015][544]LogModuleManager: Shutting down and abandoning module CollisionAnalyzer (82)
[2016.12.09-00.12.27:015][544]LogModuleManager: Shutting down and abandoning module Sequencer (81)
[2016.12.09-00.12.27:015][544]LogModuleManager: Shutting down and abandoning module WorkspaceMenuStructure (80)
[2016.12.09-00.12.27:015][544]LogModuleManager: Shutting down and abandoning module MessageLog (79)
[2016.12.09-00.12.27:015][544]LogModuleManager: Shutting down and abandoning module AssetTools (78)
[2016.12.09-00.12.27:015][544]LogModuleManager: Shutting down and abandoning module UMGEditor (77)
[2016.12.09-00.12.27:015][544]LogModuleManager: Shutting down and abandoning module UMG (76)
[2016.12.09-00.12.27:016][544]LogModuleManager: Shutting down and abandoning module SlateReflector (75)
[2016.12.09-00.12.27:016][544]LogModuleManager: Shutting down and abandoning module Slate (74)
[2016.12.09-00.12.27:016][544]LogModuleManager: Shutting down and abandoning module EditorStyle (73)
[2016.12.09-00.12.27:018][544]LogModuleManager: Shutting down and abandoning module SourceCodeAccess (72)
[2016.12.09-00.12.27:018][544]LogModuleManager: Shutting down and abandoning module HeadMountedDisplay (71)
[2016.12.09-00.12.27:018][544]LogModuleManager: Shutting down and abandoning module XAudio2 (70)
[2016.12.09-00.12.27:018][544]LogModuleManager: Shutting down and abandoning module Networking (69)
[2016.12.09-00.12.27:018][544]LogModuleManager: Shutting down and abandoning module Core (68)
[2016.12.09-00.12.27:018][544]LogModuleManager: Shutting down and abandoning module DirectoryWatcher (67)
[2016.12.09-00.12.27:019][544]LogModuleManager: Shutting down and abandoning module AssetRegistry (66)
[2016.12.09-00.12.27:192][544]LogModuleManager: Shutting down and abandoning module KismetCompiler (65)
[2016.12.09-00.12.27:192][544]LogModuleManager: Shutting down and abandoning module PhysXFormats (64)
[2016.12.09-00.12.27:192][544]LogModuleManager: Shutting down and abandoning module MeshUtilities (63)
[2016.12.09-00.12.27:192][544]LogModuleManager: Shutting down and abandoning module DerivedDataCache (62)
[2016.12.09-00.12.27:292][544]LogDerivedDataCache: Shutdown
[2016.12.09-00.12.27:292][544]LogModuleManager: Shutting down and abandoning module VulkanShaderFormat (61)
[2016.12.09-00.12.27:292][544]LogModuleManager: Shutting down and abandoning module ShaderFormatOpenGL (60)
[2016.12.09-00.12.27:292][544]LogModuleManager: Shutting down and abandoning module ShaderFormatD3D (59)
[2016.12.09-00.12.27:292][544]LogModuleManager: Shutting down and abandoning module MetalShaderFormat (58)
[2016.12.09-00.12.27:292][544]LogModuleManager: Shutting down and abandoning module TextureFormatUncompressed (57)
[2016.12.09-00.12.27:292][544]LogModuleManager: Shutting down and abandoning module TextureFormatPVR (56)
[2016.12.09-00.12.27:292][544]LogModuleManager: Shutting down and abandoning module TextureFormatIntelISPCTexComp (55)
[2016.12.09-00.12.27:292][544]LogModuleManager: Shutting down and abandoning module TextureFormatDXT (54)
[2016.12.09-00.12.27:292][544]LogModuleManager: Shutting down and abandoning module ImageWrapper (53)
[2016.12.09-00.12.27:292][544]LogModuleManager: Shutting down and abandoning module TextureFormatASTC (52)
[2016.12.09-00.12.27:292][544]LogModuleManager: Shutting down and abandoning module TextureFormatAndroid (51)
[2016.12.09-00.12.27:292][544]LogModuleManager: Shutting down and abandoning module AudioFormatOpus (50)
[2016.12.09-00.12.27:293][544]LogModuleManager: Shutting down and abandoning module AudioFormatOgg (49)
[2016.12.09-00.12.27:293][544]LogModuleManager: Shutting down and abandoning module AudioFormatADPCM (48)
[2016.12.09-00.12.27:293][544]LogModuleManager: Shutting down and abandoning module LinuxTargetPlatform (47)
[2016.12.09-00.12.27:293][544]LogModuleManager: Shutting down and abandoning module LinuxServerTargetPlatform (46)
[2016.12.09-00.12.27:293][544]LogModuleManager: Shutting down and abandoning module LinuxNoEditorTargetPlatform (45)
[2016.12.09-00.12.27:293][544]LogModuleManager: Shutting down and abandoning module TVOSTargetPlatform (44)
[2016.12.09-00.12.27:293][544]LogModuleManager: Shutting down and abandoning module Messaging (43)
[2016.12.09-00.12.27:293][544]LogModuleManager: Shutting down and abandoning module IOSTargetPlatform (42)
[2016.12.09-00.12.27:293][544]LogModuleManager: Shutting down and abandoning module HTML5TargetPlatform (41)
[2016.12.09-00.12.27:293][544]LogModuleManager: Shutting down and abandoning module Android_PVRTCTargetPlatform (40)
[2016.12.09-00.12.27:293][544]LogModuleManager: Shutting down and abandoning module Android_MultiTargetPlatform (39)
[2016.12.09-00.12.27:293][544]LogModuleManager: Shutting down and abandoning module Android_ETC2TargetPlatform (38)
[2016.12.09-00.12.27:293][544]LogModuleManager: Shutting down and abandoning module Android_ETC1TargetPlatform (37)
[2016.12.09-00.12.27:293][544]LogModuleManager: Shutting down and abandoning module Android_DXTTargetPlatform (36)
[2016.12.09-00.12.27:293][544]LogModuleManager: Shutting down and abandoning module Android_ATCTargetPlatform (35)
[2016.12.09-00.12.27:293][544]LogModuleManager: Shutting down and abandoning module Android_ASTCTargetPlatform (34)
[2016.12.09-00.12.27:293][544]LogModuleManager: Shutting down and abandoning module AndroidTargetPlatform (33)
[2016.12.09-00.12.27:293][544]LogModuleManager: Shutting down and abandoning module WindowsTargetPlatform (32)
[2016.12.09-00.12.27:293][544]LogModuleManager: Shutting down and abandoning module WindowsServerTargetPlatform (31)
[2016.12.09-00.12.27:293][544]LogModuleManager: Shutting down and abandoning module WindowsNoEditorTargetPlatform (30)
[2016.12.09-00.12.27:293][544]LogModuleManager: Shutting down and abandoning module WindowsClientTargetPlatform (29)
[2016.12.09-00.12.27:293][544]LogModuleManager: Shutting down and abandoning module AllDesktopTargetPlatform (28)
[2016.12.09-00.12.27:293][544]LogModuleManager: Shutting down and abandoning module TargetPlatform (27)
[2016.12.09-00.12.27:293][544]LogModuleManager: Shutting down and abandoning module InputCore (26)
[2016.12.09-00.12.27:293][544]LogModuleManager: Shutting down and abandoning module Settings (25)
[2016.12.09-00.12.27:294][544]LogModuleManager: Shutting down and abandoning module Voice (23)
[2016.12.09-00.12.27:294][544]LogModuleManager: Shutting down and abandoning module OnlineSubsystem (19)
[2016.12.09-00.12.27:294][544]LogOnline:Display: NULL: FOnlineSubsystemNull::Shutdown()
[2016.12.09-00.12.27:295][544]LogOnline:Display: Unloading online subsystem: STEAM
[2016.12.09-00.12.27:295][544]LogOnline:Display: Unloading online subsystem: NULL
[2016.12.09-00.12.27:295][544]LogModuleManager: Shutting down and abandoning module HTTP (18)
[2016.12.09-00.12.31:805][544]LogModuleManager: Shutting down and abandoning module XMPP (17)
[2016.12.09-00.12.31:805][544]LogModuleManager: Shutting down and abandoning module OculusRift (16)
[2016.12.09-00.12.31:805][544]LogModuleManager: Shutting down and abandoning module ExampleDeviceProfileSelector (15)
[2016.12.09-00.12.31:805][544]LogModuleManager: Shutting down and abandoning module TextureCompressor (14)
[2016.12.09-00.12.31:805][544]LogModuleManager: Shutting down and abandoning module ShaderCore (13)
[2016.12.09-00.12.31:805][544]LogModuleManager: Shutting down and abandoning module Landscape (12)
[2016.12.09-00.12.31:805][544]LogModuleManager: Shutting down and abandoning module SlateRHIRenderer (11)
[2016.12.09-00.12.31:808][544]LogModuleManager: Shutting down and abandoning module OpenGLDrv (10)
[2016.12.09-00.12.31:808][544]LogModuleManager: Shutting down and abandoning module D3D11RHI (9)
[2016.12.09-00.12.31:808][544]LogModuleManager: Shutting down and abandoning module AnimGraphRuntime (8)
[2016.12.09-00.12.31:808][544]LogModuleManager: Shutting down and abandoning module Renderer (7)
[2016.12.09-00.12.31:808][544]LogModuleManager: Shutting down and abandoning module Engine (6)
[2016.12.09-00.12.31:808][544]LogModuleManager: Shutting down and abandoning module CoreUObject (5)
[2016.12.09-00.12.31:808][544]LogModuleManager: Shutting down and abandoning module NetworkFile (4)
[2016.12.09-00.12.31:808][544]LogModuleManager: Shutting down and abandoning module StreamingFile (3)
[2016.12.09-00.12.31:808][544]LogModuleManager: Shutting down and abandoning module SandboxFile (2)
[2016.12.09-00.12.31:808][544]LogModuleManager: Shutting down and abandoning module PakFile (1)
[2016.12.09-00.12.31:810][544]LogExit: Exiting.
[2016.12.09-00.12.31:812][544]Log file closed, 12/09/16 09:12:31
