Log file open, 03/22/17 19:18:44
LogInit:Display: Running engine for game: UNNAMED
LogPlatformFile: Not using cached read wrapper
LogInit:Display: RandInit(-208594985) SRandInit(-208594982).
LogTaskGraph: Started task graph with 4 named threads and 7 total threads with 1 sets of task threads.
LogStats: Stats thread started at 0.104885
LogInit: Version: 4.12.5-3039270+++UE4+Release-4.12
LogInit: API Version: 2992821
LogInit: Net Version: 3039270
LogDevObjectVersion: Number of dev versions registered: 13
LogDevObjectVersion:   Dev-Blueprints (B0D832E4-1F89-4F0D-ACCF-7EB736FD4AA2): 3
LogDevObjectVersion:   Dev-Build (E1C64328-A22C-4D53-A36C-8E866417BD8C): 0
LogDevObjectVersion:   Dev-Core (375EC13C-06E4-48FB-B500-84F0262A717E): 1
LogDevObjectVersion:   Dev-Editor (E4B068ED-F494-42E9-A231-DA0B2E46BB41): 2
LogDevObjectVersion:   Dev-Framework (CFFC743F-43B0-4480-9391-14DF171D2073): 6
LogDevObjectVersion:   Dev-Mobile (B02B49B5-BB20-44E9-A304-32B752E40360): 0
LogDevObjectVersion:   Dev-Networking (A4E4105C-59A1-49B5-A7C5-40C4547EDFEE): 0
LogDevObjectVersion:   Dev-Online (39C831C9-5AE6-47DC-9A44-9C173E1C8E7C): 0
LogDevObjectVersion:   Dev-Physics (78F01B33-EBEA-4F98-B9B4-84EACCB95AA2): 0
LogDevObjectVersion:   Dev-Platform (6631380F-2D4D-43E0-8009-CF276956A95A): 0
LogDevObjectVersion:   Dev-Rendering (12F88B9F-8875-4AFC-A67C-D90C383ABD29): 2
LogDevObjectVersion:   Dev-Sequencer (7B5AE74C-D270-4C10-A958-57980B212A5A): 0
LogDevObjectVersion:   Dev-VR (D7296918-1DD6-4BDD-9DE2-64A83CC13884): 0
LogInit: Compiled (64-bit): Jul  6 2016 09:09:46
LogInit: Compiled with Visual C++: 19.00.23026.00
LogInit: Build Configuration: Development
LogInit: Branch Name: ++UE4+Release-4.12
LogInit: Command line:  /Temp/Autosaves/Game/Map/UEDPCMain -game -PIEVIACONSOLE -ResX=1280 -ResY=720  -Multiprocess -windowed -messaging -SessionName="Play in Standalone Game" 
LogInit: Base directory: C:/Program Files (x86)/Epic Games/4.12/Engine/Binaries/Win64/
LogInit: Installed Engine Build: 1
LogInit: Using libcurl 7.41.0
LogInit:  - built for x86_64-pc-win32
LogInit:  - supports SSL with WinSSL
LogInit:  - other features:
LogInit:      CURL_VERSION_SSL
LogInit:      CURL_VERSION_IPV6
LogInit:      CURL_VERSION_ASYNCHDNS
LogInit:      CURL_VERSION_LARGEFILE
LogInit:      CURL_VERSION_IDN
LogInit:  CurlRequestOptions (configurable via config and command line):
LogInit:  - bVerifyPeer = true  - Libcurl will verify peer certificate
LogInit:  - bUseHttpProxy = false  - Libcurl will NOT use HTTP proxy
LogInit:  - bDontReuseConnections = false  - Libcurl will reuse connections
LogInit:  - CertBundlePath = nullptr  - Libcurl will use whatever was configured at build time.
LogOnline:Display: STEAM: Loading Steam SDK 1.32
LogInit: WinSock: version 1.1 (2.2), MaxSocks=32767, MaxUdp=65467
LogInit: Presizing for max 8388607 objects, including 0 objects not considered by GC, pre-allocating 0 bytes for permanent pool.
LogInit: Object subsystem initialized
[2017.03.22-10.18.45:354][  0]LogInit: Selected Device Profile: [Windows]
[2017.03.22-10.18.45:354][  0]LogInit: Applying CVar settings loaded from the selected device profile: [Windows]
[2017.03.22-10.18.45:360][  0]LogInit: Computer: DESKTOP-5I3HB32
[2017.03.22-10.18.45:360][  0]LogInit: User: jcy
[2017.03.22-10.18.45:360][  0]LogInit: CPU Page size=65536, Cores=4
[2017.03.22-10.18.45:360][  0]LogInit: High frequency timer resolution =2.533211 MHz
[2017.03.22-10.18.45:360][  0]LogMemory: Memory total: Physical=11.9GB (12GB approx)
[2017.03.22-10.18.45:360][  0]LogMemory: Platform Memory Stats for Windows
[2017.03.22-10.18.45:360][  0]LogMemory: Process Physical Memory: 230.54 MB used, 230.54 MB peak
[2017.03.22-10.18.45:360][  0]LogMemory: Process Virtual Memory: 216.46 MB used, 216.46 MB peak
[2017.03.22-10.18.45:360][  0]LogMemory: Physical Memory: 5380.01 MB used, 12209.86 MB total
[2017.03.22-10.18.45:360][  0]LogMemory: Virtual Memory: 670.71 MB used, 134217728.00 MB total
[2017.03.22-10.18.45:895][  0]LogD3D11RHI: D3D11 adapters:
[2017.03.22-10.18.46:634][  0]LogD3D11RHI:    0. 'NVIDIA GeForce GTX 960M' (Feature Level 11_0)
[2017.03.22-10.18.46:634][  0]LogD3D11RHI:       2019/0/6104 MB DedicatedVideo/DedicatedSystem/SharedSystem, Outputs:2, VendorId:0x10de
[2017.03.22-10.18.46:642][  0]LogD3D11RHI:    1. 'Intel(R) HD Graphics 4600' (Feature Level 11_0)
[2017.03.22-10.18.46:642][  0]LogD3D11RHI:       112/0/2048 MB DedicatedVideo/DedicatedSystem/SharedSystem, Outputs:0, VendorId:0x8086
[2017.03.22-10.18.46:645][  0]LogD3D11RHI:    2. 'Microsoft Basic Render Driver' (Feature Level 11_0)
[2017.03.22-10.18.46:645][  0]LogD3D11RHI:       0/0/6104 MB DedicatedVideo/DedicatedSystem/SharedSystem, Outputs:0, VendorId:0x1414
[2017.03.22-10.18.46:645][  0]LogD3D11RHI: Chosen D3D11 Adapter: 0
[2017.03.22-10.18.46:651][  0]LogD3D11RHI: Creating new Direct3DDevice
[2017.03.22-10.18.46:652][  0]LogD3D11RHI:     GPU DeviceId: 0x139b (for the marketing name, search the web for "GPU Device Id")
[2017.03.22-10.18.46:652][  0]LogWindows: EnumDisplayDevices:
[2017.03.22-10.18.46:653][  0]LogWindows:    0. 'Intel(R) HD Graphics 4600' (P:0 D:1)
[2017.03.22-10.18.46:653][  0]LogWindows:    1. 'Intel(R) HD Graphics 4600' (P:1 D:1)
[2017.03.22-10.18.46:653][  0]LogWindows:    2. 'Intel(R) HD Graphics 4600' (P:0 D:0)
[2017.03.22-10.18.46:654][  0]LogWindows: DebugString: PrimaryIsNotTheChoosenAdapter PrimaryIsNotTheChoosenAdapter PrimaryIsNotTheChoosenAdapter FoundDriverCount:0 
[2017.03.22-10.18.46:654][  0]LogD3D11RHI:     Adapter Name: NVIDIA GeForce GTX 960M
[2017.03.22-10.18.46:654][  0]LogD3D11RHI:   Driver Version: Unknown (internal:Unknown, unified:Unknown)
[2017.03.22-10.18.46:654][  0]LogD3D11RHI:      Driver Date: Unknown
[2017.03.22-10.18.46:654][  0]LogRHI: Texture pool is 1361 MB (70% of 1945 MB)
[2017.03.22-10.18.47:322][  0]LogD3D11RHI: Async texture creation enabled
[2017.03.22-10.18.47:884][  0]LogD3D11RHI: GPU Timing Frequency: 1000.000000 (Debug: 2 1)
[2017.03.22-10.18.47:885][  0]LogShaderCompilers: Guid format shader working directory is -16 characters bigger than the processId version (../../../../../../Users/jcy/Documents/GitHub/UNNAMED/UNNAMED/Intermediate/Shaders/WorkingDirectory/9200/).
[2017.03.22-10.18.47:885][  0]LogShaderCompilers: Cleaned the shader compiler working directory 'C:/Users/jcy/AppData/Local/Temp/UnrealShaderWorkingDir/2B7C4FC5457637019B84BA88F5F408FA/'.
[2017.03.22-10.18.47:885][  0]LogShaderCompilers:Display: Using Local Shader Compiler.
[2017.03.22-10.18.52:912][  0]LogTemp:Display: Loaded TP WindowsClientTargetPlatform
[2017.03.22-10.18.52:927][  0]LogTemp:Display: Loaded TP WindowsNoEditorTargetPlatform
[2017.03.22-10.18.52:940][  0]LogTemp:Display: Loaded TP WindowsServerTargetPlatform
[2017.03.22-10.18.52:954][  0]LogTemp:Display: Loaded TP WindowsTargetPlatform
[2017.03.22-10.18.52:954][  0]LogTargetPlatformManager:Display: Building Assets For Windows
[2017.03.22-10.18.53:103][  0]LogDerivedDataCache:Display: Max Cache Size: 512 MB
[2017.03.22-10.18.53:166][  0]LogDerivedDataCache: Loaded boot cache 0.06s 48MB C:/Users/jcy/AppData/Local/UnrealEngine/4.12/DerivedDataCache/Boot.ddc.
[2017.03.22-10.18.53:167][  0]LogDerivedDataCache:Display: Loaded Boot cache: C:/Users/jcy/AppData/Local/UnrealEngine/4.12/DerivedDataCache/Boot.ddc
[2017.03.22-10.18.53:167][  0]LogDerivedDataCache: FDerivedDataBackendGraph:  Pak pak cache file ../../../../../../Users/jcy/Documents/GitHub/UNNAMED/UNNAMED/DerivedDataCache/DDC.ddp not found, will not use a pak cache.
[2017.03.22-10.18.53:167][  0]LogDerivedDataCache: Unable to find inner node Pak for hierarchical cache Hierarchy.
[2017.03.22-10.18.53:167][  0]LogDerivedDataCache: FDerivedDataBackendGraph:  CompressedPak pak cache file ../../../../../../Users/jcy/Documents/GitHub/UNNAMED/UNNAMED/DerivedDataCache/Compressed.ddp not found, will not use a pak cache.
[2017.03.22-10.18.53:167][  0]LogDerivedDataCache: Unable to find inner node CompressedPak for hierarchical cache Hierarchy.
[2017.03.22-10.18.53:187][  0]LogDerivedDataCache:Display: Pak cache opened for reading ../../../Engine/DerivedDataCache/Compressed.ddp.
[2017.03.22-10.18.53:199][  0]LogDerivedDataCache: Using Local data cache path C:/Users/jcy/AppData/Local/UnrealEngine/Common/DerivedDataCache: Writable
[2017.03.22-10.18.53:591][  0]LogAssetRegistry: FAssetRegistry took 0.0001 seconds to start up
[2017.03.22-10.18.53:594][  0]LogPackageLocalizationCache: Processed 3 localized package path(s) for 1 prioritized culture(s) in 0.003028 seconds
[2017.03.22-10.18.53:598][  0]LogInit: Selected Device Profile: [Windows]
[2017.03.22-10.18.53:599][  0]LogContentStreaming: Texture pool size is 1000.00 MB
[2017.03.22-10.18.53:773][  0]LogMeshUtilities: No automatic mesh reduction module available
[2017.03.22-10.18.53:773][  0]LogMeshUtilities: No automatic mesh merging module available
[2017.03.22-10.18.53:773][  0]LogMeshUtilities: No distributed automatic mesh merging module available
[2017.03.22-10.18.54:411][  0]LogSlate: SlateFontCache - WITH_FREETYPE: 1, WITH_HARFBUZZ: 1
[2017.03.22-10.18.54:411][  0]LogSlate: SlateFontCache - WITH_FREETYPE: 1, WITH_HARFBUZZ: 1
[2017.03.22-10.18.58:222][  0]LogMoviePlayer: Initializing movie player
[2017.03.22-10.18.58:353][  0]LogWindowsMoviePlayer: Unable to load movie: ../../../../../../Users/jcy/Documents/GitHub/UNNAMED/UNNAMED/Content/Movies/Default_Startup.mp4
[2017.03.22-10.18.58:469][  0]LogUdpMessaging: Initializing bridge on interface 0.0.0.0:0 to multicast group 230.0.0.1:6666.
[2017.03.22-10.18.58:552][  0]SourceControl: Info Source control is disabled
[2017.03.22-10.18.58:552][  0]SourceControl: Info Source control is disabled
[2017.03.22-10.18.58:575][  0]SourceControl: Info Source control is disabled
[2017.03.22-10.18.58:938][  0]LogUObjectArray: 30992 objects as part of root set at end of initial load.
[2017.03.22-10.18.58:938][  0]LogUObjectAllocator: 6930704 out of 0 bytes used by permanent object pool.
[2017.03.22-10.18.58:938][  0]LogUObjectArray: CloseDisregardForGC: 0/0 objects in disregard for GC pool
[2017.03.22-10.18.59:269][  0]LogEngine: Initializing Engine...
[2017.03.22-10.18.59:272][  0]LogHMD: SteamVR failed to initialize.  Err: 110
[2017.03.22-10.18.59:274][  0]LogHMD: SteamVR failed to initialize.  Err: 110
[2017.03.22-10.18.59:532][  0]LogInit: XAudio2 using '스피커(Realtek High Definition Audio)' : 2 channels at 48 kHz using 32 bits per sample (channel mask 0x3)
[2017.03.22-10.18.59:593][  0]LogInit: FAudioDevice initialized.
[2017.03.22-10.18.59:601][  0]LogInit: Texture streaming: Enabled
[2017.03.22-10.19.00:093][  0]LogNet: Browse: /Temp/Autosaves/Game/Map/UEDPCMain?Name=Player
[2017.03.22-10.19.00:093][  0]LogLoad: LoadMap: /Temp/Autosaves/Game/Map/UEDPCMain?Name=Player
[2017.03.22-10.19.00:139][  0]LogMemory: Platform Memory Stats for Windows
[2017.03.22-10.19.00:139][  0]LogMemory: Process Physical Memory: 610.12 MB used, 630.93 MB peak
[2017.03.22-10.19.00:139][  0]LogMemory: Process Virtual Memory: 648.82 MB used, 648.83 MB peak
[2017.03.22-10.19.00:139][  0]LogMemory: Physical Memory: 5716.78 MB used, 12209.86 MB total
[2017.03.22-10.19.00:139][  0]LogMemory: Virtual Memory: 1329.48 MB used, 134217728.00 MB total
[2017.03.22-10.19.00:139][  0]LogMemory: 
[2017.03.22-10.19.00:139][  0]Allocator Stats for TBB: (not implemented)
[2017.03.22-10.19.00:175][  0]LogAIModule: Creating AISystem for world Main
[2017.03.22-10.19.00:176][  0]LogWorld: Game class is 'pregame_C'
[2017.03.22-10.19.00:177][  0]LogWorld: Bringing World /Temp/Autosaves/Game/Map/UEDPCMain.Main up for play (max tick rate 0) at 2017.03.22-19.19.00
[2017.03.22-10.19.00:178][  0]LogWorld: Bringing up level for play took: 0.001151
[2017.03.22-10.19.00:180][  0]LogSpawn:Warning: SpawnActor failed because no class was specified
[2017.03.22-10.19.00:180][  0]LogBlueprintUserMessages: [pregame_C_0] 로그인
[2017.03.22-10.19.00:194][  0]LogLoad: Took 0.101532 seconds to LoadMap(/Temp/Autosaves/Game/Map/UEDPCMain)
[2017.03.22-10.19.00:195][  0]LogInit:Display: Game Engine Initialized.
[2017.03.22-10.19.00:465][  0]LogLoad: Full Startup: 16.43 seconds (BP compile: 0.28 seconds)
[2017.03.22-10.19.00:465][  0]LogExternalProfiler: Found external profiler: VSPerf
[2017.03.22-10.19.00:465][  0]LogExternalProfiler: Using external profiler: VSPerf
[2017.03.22-10.19.00:485][  0]LogWindowsTextInputMethodSystem:Display: IME system now activated using TSF (Microsoft 입력기).
[2017.03.22-10.19.00:487][  0]LogOcInput: OculusInput pre-init called
[2017.03.22-10.19.00:631][  2]LogRenderer: Reallocating scene render targets to support 1280x720 (Frame:2).
[2017.03.22-10.20.13:960][538]LogWindowsTextInputMethodSystem:Display: IME system now activated using TSF (Microsoft 입력기).
[2017.03.22-10.20.13:963][538]LogBlueprintUserMessages: [pregame_C_0] 로그 아웃
[2017.03.22-10.20.13:964][538]LogEngine: All Windows Closed
[2017.03.22-10.20.13:964][538]LogWindows: FPlatformMisc::RequestExit(0)
[2017.03.22-10.20.13:964][539]LogMoviePlayer: Shutting down movie player
[2017.03.22-10.20.14:308][539]LogExit: Preparing to exit.
[2017.03.22-10.20.14:627][539]LogExit: Game engine shut down
[2017.03.22-10.20.14:722][539]LogObj: Freed 0b from 0 cluster array pools.
[2017.03.22-10.20.14:722][539]LogExit: Object subsystem successfully closed.
[2017.03.22-10.20.14:738][539]LogD3D11RHI: Shutdown
[2017.03.22-10.20.14:738][539]LogD3D11RHI: CleanupD3DDevice
[2017.03.22-10.20.14:803][539]LogD3D11RHI: ~FD3D11DynamicRHI
[2017.03.22-10.20.14:817][539]LogModuleManager: Shutting down and abandoning module SequenceRecorderSections (113)
[2017.03.22-10.20.14:817][539]LogModuleManager: Shutting down and abandoning module SequenceRecorder (112)
[2017.03.22-10.20.14:817][539]LogModuleManager: Shutting down and abandoning module AutomationController (111)
[2017.03.22-10.20.14:817][539]LogModuleManager: Shutting down and abandoning module AutomationWorker (110)
[2017.03.22-10.20.14:817][539]LogModuleManager: Shutting down and abandoning module CharacterAI (109)
[2017.03.22-10.20.14:817][539]LogModuleManager: Shutting down and abandoning module SessionServices (108)
[2017.03.22-10.20.14:817][539]LogModuleManager: Shutting down and abandoning module GameplayDebugger (107)
[2017.03.22-10.20.14:817][539]LogModuleManager: Shutting down and abandoning module AITestSuite (106)
[2017.03.22-10.20.14:817][539]LogModuleManager: Shutting down and abandoning module AIModule (105)
[2017.03.22-10.20.14:817][539]LogModuleManager: Shutting down and abandoning module MovieSceneCapture (104)
[2017.03.22-10.20.14:817][539]LogModuleManager: Shutting down and abandoning module StreamingPauseRendering (103)
[2017.03.22-10.20.14:817][539]LogModuleManager: Shutting down and abandoning module PortalServices (102)
[2017.03.22-10.20.14:817][539]LogModuleManager: Shutting down and abandoning module PortalRpc (101)
[2017.03.22-10.20.14:817][539]LogModuleManager: Shutting down and abandoning module MessagingRpc (100)
[2017.03.22-10.20.14:817][539]LogModuleManager: Shutting down and abandoning module ProfilerService (99)
[2017.03.22-10.20.15:052][539]LogModuleManager: Shutting down and abandoning module TaskGraph (98)
[2017.03.22-10.20.15:052][539]LogModuleManager: Shutting down and abandoning module SlateRemote (97)
[2017.03.22-10.20.15:052][539]LogModuleManager: Shutting down and abandoning module SteamVRController (96)
[2017.03.22-10.20.15:052][539]LogModuleManager: Shutting down and abandoning module SteamVR (95)
[2017.03.22-10.20.15:052][539]LogModuleManager: Shutting down and abandoning module ProceduralMeshComponent (94)
[2017.03.22-10.20.15:052][539]LogModuleManager: Shutting down and abandoning module OculusLibrary (93)
[2017.03.22-10.20.15:052][539]LogModuleManager: Shutting down and abandoning module OculusInput (92)
[2017.03.22-10.20.15:052][539]LogModuleManager: Shutting down and abandoning module CustomMeshComponent (91)
[2017.03.22-10.20.15:052][539]LogModuleManager: Shutting down and abandoning module CableComponent (90)
[2017.03.22-10.20.15:052][539]LogModuleManager: Shutting down and abandoning module ArchVisCharacter (89)
[2017.03.22-10.20.15:052][539]LogModuleManager: Shutting down and abandoning module HTML5Networking (88)
[2017.03.22-10.20.15:052][539]LogModuleManager: Shutting down and abandoning module DesktopPlatform (87)
[2017.03.22-10.20.15:052][539]LogModuleManager: Shutting down and abandoning module DirectoryWatcher (86)
[2017.03.22-10.20.15:052][539]LogModuleManager: Shutting down and abandoning module HotReload (85)
[2017.03.22-10.20.15:052][539]LogModuleManager: Shutting down and abandoning module VisualStudioSourceCodeAccess (84)
[2017.03.22-10.20.15:052][539]LogModuleManager: Shutting down and abandoning module UObjectPlugin (83)
[2017.03.22-10.20.15:052][539]LogModuleManager: Shutting down and abandoning module SubversionSourceControl (82)
[2017.03.22-10.20.15:052][539]LogModuleManager: Shutting down and abandoning module SourceControl (81)
[2017.03.22-10.20.15:052][539]LogModuleManager: Shutting down and abandoning module PerforceSourceControl (80)
[2017.03.22-10.20.15:052][539]LogModuleManager: Shutting down and abandoning module UdpMessaging (79)
[2017.03.22-10.20.15:152][539]LogModuleManager: Shutting down and abandoning module LightPropagationVolumeRuntime (78)
[2017.03.22-10.20.15:152][539]LogModuleManager: Shutting down and abandoning module Paper2D (77)
[2017.03.22-10.20.15:152][539]LogModuleManager: Shutting down and abandoning module WindowsMoviePlayer (76)
[2017.03.22-10.20.15:153][539]LogModuleManager: Shutting down and abandoning module Media (75)
[2017.03.22-10.20.15:153][539]LogModuleManager: Shutting down and abandoning module WmfMedia (74)
[2017.03.22-10.20.15:153][539]LogModuleManager: Shutting down and abandoning module MediaAssets (73)
[2017.03.22-10.20.15:153][539]LogModuleManager: Shutting down and abandoning module GameLiveStreaming (72)
[2017.03.22-10.20.15:153][539]LogModuleManager: Shutting down and abandoning module GameplayTagsEditor (71)
[2017.03.22-10.20.15:154][539]LogModuleManager: Shutting down and abandoning module OnlineBlueprintSupport (70)
[2017.03.22-10.20.15:154][539]LogModuleManager: Shutting down and abandoning module VREditor (69)
[2017.03.22-10.20.15:154][539]LogModuleManager: Shutting down and abandoning module GameplayTasksEditor (68)
[2017.03.22-10.20.15:154][539]LogModuleManager: Shutting down and abandoning module PropertyEditor (67)
[2017.03.22-10.20.15:154][539]LogModuleManager: Shutting down and abandoning module BehaviorTreeEditor (66)
[2017.03.22-10.20.15:154][539]LogModuleManager: Shutting down and abandoning module FunctionalTesting (65)
[2017.03.22-10.20.15:154][539]LogModuleManager: Shutting down and abandoning module CollisionAnalyzer (64)
[2017.03.22-10.20.15:154][539]LogModuleManager: Shutting down and abandoning module Sequencer (63)
[2017.03.22-10.20.15:154][539]LogModuleManager: Shutting down and abandoning module WorkspaceMenuStructure (62)
[2017.03.22-10.20.15:154][539]LogModuleManager: Shutting down and abandoning module MessageLog (61)
[2017.03.22-10.20.15:154][539]LogModuleManager: Shutting down and abandoning module AssetTools (60)
[2017.03.22-10.20.15:154][539]LogModuleManager: Shutting down and abandoning module UMGEditor (59)
[2017.03.22-10.20.15:154][539]LogModuleManager: Shutting down and abandoning module UMG (58)
[2017.03.22-10.20.15:154][539]LogModuleManager: Shutting down and abandoning module SlateReflector (57)
[2017.03.22-10.20.15:154][539]LogModuleManager: Shutting down and abandoning module Slate (56)
[2017.03.22-10.20.15:154][539]LogModuleManager: Shutting down and abandoning module EditorStyle (55)
[2017.03.22-10.20.15:158][539]LogModuleManager: Shutting down and abandoning module Messaging (54)
[2017.03.22-10.20.15:158][539]LogModuleManager: Shutting down and abandoning module SourceCodeAccess (53)
[2017.03.22-10.20.15:158][539]LogModuleManager: Shutting down and abandoning module HeadMountedDisplay (52)
[2017.03.22-10.20.15:158][539]LogModuleManager: Shutting down and abandoning module XAudio2 (51)
[2017.03.22-10.20.15:158][539]LogModuleManager: Shutting down and abandoning module Networking (50)
[2017.03.22-10.20.15:158][539]LogModuleManager: Shutting down and abandoning module Core (49)
[2017.03.22-10.20.15:158][539]LogModuleManager: Shutting down and abandoning module KismetCompiler (48)
[2017.03.22-10.20.15:158][539]LogModuleManager: Shutting down and abandoning module PhysXFormats (47)
[2017.03.22-10.20.15:158][539]LogModuleManager: Shutting down and abandoning module MeshUtilities (46)
[2017.03.22-10.20.15:158][539]LogModuleManager: Shutting down and abandoning module AssetRegistry (45)
[2017.03.22-10.20.15:158][539]LogModuleManager: Shutting down and abandoning module DerivedDataCache (44)
[2017.03.22-10.20.15:324][539]LogDerivedDataCache: Shutdown
[2017.03.22-10.20.15:324][539]LogModuleManager: Shutting down and abandoning module VulkanShaderFormat (43)
[2017.03.22-10.20.15:325][539]LogModuleManager: Shutting down and abandoning module ShaderFormatOpenGL (42)
[2017.03.22-10.20.15:325][539]LogModuleManager: Shutting down and abandoning module ShaderFormatD3D (41)
[2017.03.22-10.20.15:325][539]LogModuleManager: Shutting down and abandoning module MetalShaderFormat (40)
[2017.03.22-10.20.15:325][539]LogModuleManager: Shutting down and abandoning module TextureFormatUncompressed (39)
[2017.03.22-10.20.15:325][539]LogModuleManager: Shutting down and abandoning module TextureFormatPVR (38)
[2017.03.22-10.20.15:325][539]LogModuleManager: Shutting down and abandoning module TextureFormatIntelISPCTexComp (37)
[2017.03.22-10.20.15:325][539]LogModuleManager: Shutting down and abandoning module TextureFormatDXT (36)
[2017.03.22-10.20.15:325][539]LogModuleManager: Shutting down and abandoning module ImageWrapper (35)
[2017.03.22-10.20.15:325][539]LogModuleManager: Shutting down and abandoning module TextureFormatASTC (34)
[2017.03.22-10.20.15:325][539]LogModuleManager: Shutting down and abandoning module TextureFormatAndroid (33)
[2017.03.22-10.20.15:325][539]LogModuleManager: Shutting down and abandoning module AudioFormatOpus (32)
[2017.03.22-10.20.15:325][539]LogModuleManager: Shutting down and abandoning module AudioFormatOgg (31)
[2017.03.22-10.20.15:325][539]LogModuleManager: Shutting down and abandoning module AudioFormatADPCM (30)
[2017.03.22-10.20.15:325][539]LogModuleManager: Shutting down and abandoning module WindowsTargetPlatform (29)
[2017.03.22-10.20.15:325][539]LogModuleManager: Shutting down and abandoning module WindowsServerTargetPlatform (28)
[2017.03.22-10.20.15:325][539]LogModuleManager: Shutting down and abandoning module WindowsNoEditorTargetPlatform (27)
[2017.03.22-10.20.15:325][539]LogModuleManager: Shutting down and abandoning module WindowsClientTargetPlatform (26)
[2017.03.22-10.20.15:325][539]LogModuleManager: Shutting down and abandoning module TargetPlatform (25)
[2017.03.22-10.20.15:325][539]LogModuleManager: Shutting down and abandoning module InputCore (24)
[2017.03.22-10.20.15:325][539]LogModuleManager: Shutting down and abandoning module Settings (23)
[2017.03.22-10.20.15:325][539]LogModuleManager: Shutting down and abandoning module OnlineSubsystem (19)
[2017.03.22-10.20.15:325][539]LogOnline:Display: STEAM: OnlineSubsystemSteam::Shutdown()
[2017.03.22-10.20.15:350][539]LogOnline:Display: Unloading online subsystem: STEAM
[2017.03.22-10.20.15:350][539]LogOnline:Display: STEAM: OnlineSubsystemSteam::Shutdown()
[2017.03.22-10.20.15:350][539]LogModuleManager: Shutting down and abandoning module HTTP (18)
[2017.03.22-10.20.15:350][539]LogModuleManager: Shutting down and abandoning module XMPP (17)
[2017.03.22-10.20.15:350][539]LogModuleManager: Shutting down and abandoning module OculusRift (16)
[2017.03.22-10.20.15:350][539]LogModuleManager: Shutting down and abandoning module ExampleDeviceProfileSelector (15)
[2017.03.22-10.20.15:350][539]LogModuleManager: Shutting down and abandoning module TextureCompressor (14)
[2017.03.22-10.20.15:350][539]LogModuleManager: Shutting down and abandoning module ShaderCore (13)
[2017.03.22-10.20.15:350][539]LogModuleManager: Shutting down and abandoning module Landscape (12)
[2017.03.22-10.20.15:350][539]LogModuleManager: Shutting down and abandoning module SlateRHIRenderer (11)
[2017.03.22-10.20.15:351][539]LogModuleManager: Shutting down and abandoning module OpenGLDrv (10)
[2017.03.22-10.20.15:351][539]LogModuleManager: Shutting down and abandoning module D3D11RHI (9)
[2017.03.22-10.20.15:351][539]LogModuleManager: Shutting down and abandoning module AnimGraphRuntime (8)
[2017.03.22-10.20.15:351][539]LogModuleManager: Shutting down and abandoning module Renderer (7)
[2017.03.22-10.20.15:351][539]LogModuleManager: Shutting down and abandoning module Engine (6)
[2017.03.22-10.20.15:351][539]LogModuleManager: Shutting down and abandoning module CoreUObject (5)
[2017.03.22-10.20.15:351][539]LogModuleManager: Shutting down and abandoning module NetworkFile (4)
[2017.03.22-10.20.15:351][539]LogModuleManager: Shutting down and abandoning module StreamingFile (3)
[2017.03.22-10.20.15:351][539]LogModuleManager: Shutting down and abandoning module SandboxFile (2)
[2017.03.22-10.20.15:351][539]LogModuleManager: Shutting down and abandoning module PakFile (1)
[2017.03.22-10.20.15:354][539]LogExit: Exiting.
[2017.03.22-10.20.15:357][539]Log file closed, 03/22/17 19:20:15
