Log file open, 03/10/17 11:57:12
LogInit:Display: Running engine for game: UNNAMED
LogPlatformFile: Not using cached read wrapper
LogInit:Display: RandInit(-1105605635) SRandInit(-1105605630).
LogTaskGraph: Started task graph with 4 named threads and 7 total threads with 1 sets of task threads.
LogStats: Stats thread started at 0.101047
LogInit: Version: 4.12.5-3039270+++UE4+Release-4.12
LogInit: API Version: 2992821
LogInit: Net Version: 3039270
LogDevObjectVersion: Number of dev versions registered: 13
LogDevObjectVersion:   Dev-Blueprints (B0D832E4-1F89-4F0D-ACCF-7EB736FD4AA2): 3
LogDevObjectVersion:   Dev-Build (E1C64328-A22C-4D53-A36C-8E866417BD8C): 0
LogDevObjectVersion:   Dev-Core (375EC13C-06E4-48FB-B500-84F0262A717E): 1
LogDevObjectVersion:   Dev-Editor (E4B068ED-F494-42E9-A231-DA0B2E46BB41): 2
LogDevObjectVersion:   Dev-Framework (CFFC743F-43B0-4480-9391-14DF171D2073): 6
LogDevObjectVersion:   Dev-Mobile (B02B49B5-BB20-44E9-A304-32B752E40360): 0
LogDevObjectVersion:   Dev-Networking (A4E4105C-59A1-49B5-A7C5-40C4547EDFEE): 0
LogDevObjectVersion:   Dev-Online (39C831C9-5AE6-47DC-9A44-9C173E1C8E7C): 0
LogDevObjectVersion:   Dev-Physics (78F01B33-EBEA-4F98-B9B4-84EACCB95AA2): 0
LogDevObjectVersion:   Dev-Platform (6631380F-2D4D-43E0-8009-CF276956A95A): 0
LogDevObjectVersion:   Dev-Rendering (12F88B9F-8875-4AFC-A67C-D90C383ABD29): 2
LogDevObjectVersion:   Dev-Sequencer (7B5AE74C-D270-4C10-A958-57980B212A5A): 0
LogDevObjectVersion:   Dev-VR (D7296918-1DD6-4BDD-9DE2-64A83CC13884): 0
LogInit: Compiled (64-bit): Jul  6 2016 09:09:46
LogInit: Compiled with Visual C++: 19.00.23026.00
LogInit: Build Configuration: Development
LogInit: Branch Name: ++UE4+Release-4.12
LogInit: Command line:  
LogInit: Base directory: C:/Program Files (x86)/Epic Games/4.12/Engine/Binaries/Win64/
LogInit: Installed Engine Build: 1
LogInit: Using libcurl 7.41.0
LogInit:  - built for x86_64-pc-win32
LogInit:  - supports SSL with WinSSL
LogInit:  - other features:
LogInit:      CURL_VERSION_SSL
LogInit:      CURL_VERSION_IPV6
LogInit:      CURL_VERSION_ASYNCHDNS
LogInit:      CURL_VERSION_LARGEFILE
LogInit:      CURL_VERSION_IDN
LogInit:  CurlRequestOptions (configurable via config and command line):
LogInit:  - bVerifyPeer = true  - Libcurl will verify peer certificate
LogInit:  - bUseHttpProxy = false  - Libcurl will NOT use HTTP proxy
LogInit:  - bDontReuseConnections = false  - Libcurl will reuse connections
LogInit:  - CertBundlePath = nullptr  - Libcurl will use whatever was configured at build time.
LogOnline:Display: STEAM: Loading Steam SDK 1.32
LogOnline:Warning: STEAM: Steam API disabled!
LogOnline:Display: STEAM: OnlineSubsystemSteam::Shutdown()
LogInit: WinSock: version 1.1 (2.2), MaxSocks=32767, MaxUdp=65467
LogVoice:Warning: Failed to initialize voice interface
LogInit: Presizing for max 8388607 objects, including 0 objects not considered by GC, pre-allocating 0 bytes for permanent pool.
LogInit: Object subsystem initialized
[2017.03.10-02.57.12:822][  0]LogInit: Selected Device Profile: [Windows]
[2017.03.10-02.57.12:822][  0]LogInit: Applying CVar settings loaded from the selected device profile: [Windows]
[2017.03.10-02.57.12:833][  0]LogInit: Computer: DESKTOP-5I3HB32
[2017.03.10-02.57.12:833][  0]LogInit: User: jcy
[2017.03.10-02.57.12:833][  0]LogInit: CPU Page size=65536, Cores=4
[2017.03.10-02.57.12:834][  0]LogInit: High frequency timer resolution =2.533199 MHz
[2017.03.10-02.57.12:834][  0]LogMemory: Memory total: Physical=7.9GB (8GB approx)
[2017.03.10-02.57.12:834][  0]LogMemory: Platform Memory Stats for Windows
[2017.03.10-02.57.12:834][  0]LogMemory: Process Physical Memory: 193.21 MB used, 193.21 MB peak
[2017.03.10-02.57.12:834][  0]LogMemory: Process Virtual Memory: 195.62 MB used, 195.62 MB peak
[2017.03.10-02.57.12:834][  0]LogMemory: Physical Memory: 5019.13 MB used, 8113.86 MB total
[2017.03.10-02.57.12:834][  0]LogMemory: Virtual Memory: 556.82 MB used, 134217728.00 MB total
[2017.03.10-02.57.13:410][  0]LogD3D11RHI: D3D11 adapters:
[2017.03.10-02.57.14:152][  0]LogD3D11RHI:    0. 'NVIDIA GeForce GTX 960M' (Feature Level 11_0)
[2017.03.10-02.57.14:152][  0]LogD3D11RHI:       2019/0/4056 MB DedicatedVideo/DedicatedSystem/SharedSystem, Outputs:1, VendorId:0x10de
[2017.03.10-02.57.14:159][  0]LogD3D11RHI:    1. 'Intel(R) HD Graphics 4600' (Feature Level 11_0)
[2017.03.10-02.57.14:159][  0]LogD3D11RHI:       112/0/2048 MB DedicatedVideo/DedicatedSystem/SharedSystem, Outputs:0, VendorId:0x8086
[2017.03.10-02.57.14:161][  0]LogD3D11RHI:    2. 'Microsoft Basic Render Driver' (Feature Level 11_0)
[2017.03.10-02.57.14:161][  0]LogD3D11RHI:       0/0/4056 MB DedicatedVideo/DedicatedSystem/SharedSystem, Outputs:0, VendorId:0x1414
[2017.03.10-02.57.14:161][  0]LogD3D11RHI: Chosen D3D11 Adapter: 0
[2017.03.10-02.57.14:166][  0]LogD3D11RHI: Creating new Direct3DDevice
[2017.03.10-02.57.14:167][  0]LogD3D11RHI:     GPU DeviceId: 0x139b (for the marketing name, search the web for "GPU Device Id")
[2017.03.10-02.57.14:167][  0]LogWindows: EnumDisplayDevices:
[2017.03.10-02.57.14:167][  0]LogWindows:    0. 'Intel(R) HD Graphics 4600' (P:1 D:1)
[2017.03.10-02.57.14:168][  0]LogWindows:    1. 'Intel(R) HD Graphics 4600' (P:0 D:0)
[2017.03.10-02.57.14:168][  0]LogWindows:    2. 'Intel(R) HD Graphics 4600' (P:0 D:0)
[2017.03.10-02.57.14:168][  0]LogWindows: DebugString: PrimaryIsNotTheChoosenAdapter PrimaryIsNotTheChoosenAdapter PrimaryIsNotTheChoosenAdapter FoundDriverCount:0 
[2017.03.10-02.57.14:168][  0]LogD3D11RHI:     Adapter Name: NVIDIA GeForce GTX 960M
[2017.03.10-02.57.14:168][  0]LogD3D11RHI:   Driver Version: Unknown (internal:Unknown, unified:Unknown)
[2017.03.10-02.57.14:168][  0]LogD3D11RHI:      Driver Date: Unknown
[2017.03.10-02.57.14:168][  0]LogRHI: Texture pool is 1361 MB (70% of 1945 MB)
[2017.03.10-02.57.14:865][  0]LogD3D11RHI: Async texture creation enabled
[2017.03.10-02.57.15:397][  0]LogD3D11RHI: GPU Timing Frequency: 1000.000000 (Debug: 2 1)
[2017.03.10-02.57.15:397][  0]LogShaderCompilers: Guid format shader working directory is -16 characters bigger than the processId version (../../../../../../Users/jcy/Documents/GitHub/UNNAMED/UNNAMED/Intermediate/Shaders/WorkingDirectory/9356/).
[2017.03.10-02.57.15:398][  0]LogShaderCompilers: Cleaned the shader compiler working directory 'C:/Users/jcy/AppData/Local/Temp/UnrealShaderWorkingDir/ECE8FE0841080B7E958E8D845871BF08/'.
[2017.03.10-02.57.15:398][  0]LogShaderCompilers:Display: Using Local Shader Compiler.
[2017.03.10-02.57.16:842][  0]LogTemp:Display: Loaded TP AllDesktopTargetPlatform
[2017.03.10-02.57.16:858][  0]LogTemp:Display: Loaded TP WindowsClientTargetPlatform
[2017.03.10-02.57.16:882][  0]LogTemp:Display: Loaded TP WindowsNoEditorTargetPlatform
[2017.03.10-02.57.16:905][  0]LogTemp:Display: Loaded TP WindowsServerTargetPlatform
[2017.03.10-02.57.16:926][  0]LogTemp:Display: Loaded TP WindowsTargetPlatform
[2017.03.10-02.57.16:946][  0]LogTemp:Display: Loaded TP AndroidTargetPlatform
[2017.03.10-02.57.16:958][  0]LogTemp:Display: Loaded TP Android_ASTCTargetPlatform
[2017.03.10-02.57.16:974][  0]LogTemp:Display: Loaded TP Android_ATCTargetPlatform
[2017.03.10-02.57.16:994][  0]LogTemp:Display: Loaded TP Android_DXTTargetPlatform
[2017.03.10-02.57.17:007][  0]LogTemp:Display: Loaded TP Android_ETC1TargetPlatform
[2017.03.10-02.57.17:026][  0]LogTemp:Display: Loaded TP Android_ETC2TargetPlatform
[2017.03.10-02.57.17:051][  0]LogTemp:Display: Loaded TP Android_MultiTargetPlatform
[2017.03.10-02.57.17:051][  0]LogTemp:Display: Loaded TP Android_PVRTCTargetPlatform
[2017.03.10-02.57.17:052][  0]LogTemp:Display: Loaded TP HTML5TargetPlatform
[2017.03.10-02.57.17:085][  0]LogTemp:Display: Loaded TP IOSTargetPlatform
[2017.03.10-02.57.17:094][  0]LogTemp:Display: Loaded TP TVOSTargetPlatform
[2017.03.10-02.57.17:107][  0]LogTemp:Display: Loaded TP LinuxNoEditorTargetPlatform
[2017.03.10-02.57.17:120][  0]LogTemp:Display: Loaded TP LinuxServerTargetPlatform
[2017.03.10-02.57.17:133][  0]LogTemp:Display: Loaded TP LinuxTargetPlatform
[2017.03.10-02.57.17:133][  0]LogTargetPlatformManager:Display: Building Assets For Windows
[2017.03.10-02.57.17:286][  0]LogDerivedDataCache:Display: Max Cache Size: 512 MB
[2017.03.10-02.57.17:367][  0]LogDerivedDataCache: Loaded boot cache 0.08s 48MB C:/Users/jcy/AppData/Local/UnrealEngine/4.12/DerivedDataCache/Boot.ddc.
[2017.03.10-02.57.17:368][  0]LogDerivedDataCache:Display: Loaded Boot cache: C:/Users/jcy/AppData/Local/UnrealEngine/4.12/DerivedDataCache/Boot.ddc
[2017.03.10-02.57.17:368][  0]LogDerivedDataCache: FDerivedDataBackendGraph:  Pak pak cache file ../../../../../../Users/jcy/Documents/GitHub/UNNAMED/UNNAMED/DerivedDataCache/DDC.ddp not found, will not use a pak cache.
[2017.03.10-02.57.17:368][  0]LogDerivedDataCache: Unable to find inner node Pak for hierarchical cache Hierarchy.
[2017.03.10-02.57.17:368][  0]LogDerivedDataCache: FDerivedDataBackendGraph:  CompressedPak pak cache file ../../../../../../Users/jcy/Documents/GitHub/UNNAMED/UNNAMED/DerivedDataCache/Compressed.ddp not found, will not use a pak cache.
[2017.03.10-02.57.17:368][  0]LogDerivedDataCache: Unable to find inner node CompressedPak for hierarchical cache Hierarchy.
[2017.03.10-02.57.17:390][  0]LogDerivedDataCache:Display: Pak cache opened for reading ../../../Engine/DerivedDataCache/Compressed.ddp.
[2017.03.10-02.57.17:404][  0]LogDerivedDataCache: Using Local data cache path C:/Users/jcy/AppData/Local/UnrealEngine/Common/DerivedDataCache: Writable
[2017.03.10-02.57.17:690][  0]LogInit: Selected Device Profile: [Windows]
[2017.03.10-02.57.17:691][  0]LogContentStreaming: Texture pool size is 0.00 MB
[2017.03.10-02.57.17:907][  0]LogMeshUtilities: No automatic mesh reduction module available
[2017.03.10-02.57.17:907][  0]LogMeshUtilities: No automatic mesh merging module available
[2017.03.10-02.57.17:907][  0]LogMeshUtilities: No distributed automatic mesh merging module available
[2017.03.10-02.57.18:272][  0]LogAssetRegistry: FAssetRegistry took 0.0241 seconds to start up
[2017.03.10-02.57.18:302][  0]LogPackageLocalizationCache: Processed 3 localized package path(s) for 1 prioritized culture(s) in 0.020681 seconds
[2017.03.10-02.57.18:312][  0]LogUObjectArray: 28746 objects as part of root set at end of initial load.
[2017.03.10-02.57.18:312][  0]LogUObjectAllocator: 6069096 out of 0 bytes used by permanent object pool.
[2017.03.10-02.57.18:312][  0]LogUObjectArray: CloseDisregardForGC: 0/0 objects in disregard for GC pool
[2017.03.10-02.57.18:646][  0]LogSlate: SlateFontCache - WITH_FREETYPE: 1, WITH_HARFBUZZ: 1
[2017.03.10-02.57.18:646][  0]LogSlate: SlateFontCache - WITH_FREETYPE: 1, WITH_HARFBUZZ: 1
[2017.03.10-02.57.19:735][  0]LogUdpMessaging: Initializing bridge on interface 0.0.0.0:0 to multicast group 230.0.0.1:6666.
[2017.03.10-02.57.20:069][  0]SourceControl: Info Source control is disabled
[2017.03.10-02.57.20:071][  0]SourceControl: Info Source control is disabled
[2017.03.10-02.57.20:087][  0]SourceControl: Info Source control is disabled
[2017.03.10-02.57.20:105][  0]SourceControl: Info Source control is disabled
[2017.03.10-02.57.20:486][  0]LogEngine: Initializing Engine...
[2017.03.10-02.57.20:487][  0]LogHMD: SteamVR failed to initialize.  Err: 110
[2017.03.10-02.57.20:490][  0]LogHMD: SteamVR failed to initialize.  Err: 110
[2017.03.10-02.57.20:670][  0]LogAIModule: Creating AISystem for world NewWorld
[2017.03.10-02.57.20:675][  0]LogInit: XAudio2 using '스피커(Realtek High Definition Audio)' : 2 channels at 48 kHz using 32 bits per sample (channel mask 0x3)
[2017.03.10-02.57.20:707][  0]LogInit: FAudioDevice initialized.
[2017.03.10-02.57.20:755][  0]LogDerivedDataCache: Saved boot cache 0.05s 48MB C:/Users/jcy/AppData/Local/UnrealEngine/4.12/DerivedDataCache/Boot.ddc.
[2017.03.10-02.57.20:764][  0]LogInit: Texture streaming: Enabled
[2017.03.10-02.57.20:812][  0]LogInit: Transaction tracking system initialized
[2017.03.10-02.57.20:870][  0]BlueprintLog: New page: Editor Load
[2017.03.10-02.57.21:026][  0]LocalizationService: Info Localization service is disabled
[2017.03.10-02.57.21:133][  0]LogConsoleResponse:Display: 
[2017.03.10-02.57.21:281][  0]LogCook:Display: Max memory allowance for cook 8192mb
[2017.03.10-02.57.21:281][  0]LogCook:Display: Mobile HDR setting 1
[2017.03.10-02.57.21:481][  0]LogFileCache: Scanning file cache for directory 'C:/Users/jcy/Documents/GitHub/UNNAMED/UNNAMED/Content/' took 0.06s
[2017.03.10-02.57.21:481][  0]SourceControl: Info Source control is disabled
[2017.03.10-02.57.21:481][  0]Cmd: MAP LOAD FILE="../../../../../../Users/jcy/Documents/GitHub/UNNAMED/UNNAMED/Content/Map/Main.umap" TEMPLATE=0 SHOWPROGRESS=1 FEATURELEVEL=3
[2017.03.10-02.57.21:481][  0]LightingResults: New page: Lighting Build
[2017.03.10-02.57.21:486][  0]MapCheck: New page: Map Check
[2017.03.10-02.57.21:486][  0]LightingResults: New page: Lighting Build
[2017.03.10-02.57.22:076][  0]LogAIModule: Creating AISystem for world Main
[2017.03.10-02.57.22:077][  0]LogEditorServer: Finished looking for orphan Actors (0.000 secs)
[2017.03.10-02.57.22:077][  0]Cmd: MAP CHECKDEP NOCLEARLOG
[2017.03.10-02.57.22:185][  0]MapCheck: Info Map check complete: 0 Error(s), 0 Warning(s), took 107.027ms to complete.
[2017.03.10-02.57.22:185][  0]LogFileHelpers: Loading map 'Main' took 0.704
[2017.03.10-02.57.22:355][  0]LogCollectionManager: Loaded 1 collections in 0.003699 seconds
[2017.03.10-02.57.22:405][  0]LogFileCache: Scanning file cache for directory 'C:/Users/jcy/Documents/GitHub/UNNAMED/UNNAMED/Saved/Collections/' took 0.01s
[2017.03.10-02.57.22:405][  0]LogFileCache: Scanning file cache for directory 'C:/Users/jcy/Documents/GitHub/UNNAMED/UNNAMED/Content/Developers/jcy/Collections/' took 0.01s
[2017.03.10-02.57.22:405][  0]LogFileCache: Scanning file cache for directory 'C:/Users/jcy/Documents/GitHub/UNNAMED/UNNAMED/Content/Collections/' took 0.01s
[2017.03.10-02.57.22:405][  0]LogCollectionManager: Rebuilt the GUID cache for 1 collections in 0.000008 seconds
[2017.03.10-02.57.22:405][  0]LogCollectionManager: Rebuilt the hierarchy cache for 1 collections in 0.000000 seconds
[2017.03.10-02.57.22:426][  0]LogContentBrowser: Native class hierarchy populated in 0.0205 seconds. Added 2049 classes and 371 folders.
[2017.03.10-02.57.22:440][  0]LogStats: UGameplayTagsManager::ConstructGameplayTagTree: Construct from data asset -  0.000 s
[2017.03.10-02.57.22:440][  0]LogStats: UGameplayTagsManager::ConstructGameplayTagTree: GameplayTagTreeChangedEvent.Broadcast -  0.000 s
[2017.03.10-02.57.22:441][  0]LogContentBrowser: Native class hierarchy updated for 'GameplayTags' in 0.0011 seconds. Added 12 classes and 0 folders.
[2017.03.10-02.57.22:457][  0]LogContentBrowser: Native class hierarchy updated for 'WidgetCarousel' in 0.0004 seconds. Added 0 classes and 0 folders.
[2017.03.10-02.57.22:532][  0]LogContentBrowser: Native class hierarchy updated for 'AddContentDialog' in 0.0010 seconds. Added 0 classes and 0 folders.
[2017.03.10-02.57.22:540][  0]LogContentBrowser: Native class hierarchy updated for 'SceneOutliner' in 0.0004 seconds. Added 1 classes and 2 folders.
[2017.03.10-02.57.22:606][  0]LogCrashTracker: Crashtracker disabled due to settings.
[2017.03.10-02.57.22:612][  0]LogUObjectGlobals:Warning: Failed to find object 'Class None.'
[2017.03.10-02.57.22:641][  0]LogContentBrowser: Native class hierarchy updated for 'HierarchicalLODOutliner' in 0.0004 seconds. Added 1 classes and 2 folders.
[2017.03.10-02.57.22:641][  0]LogLoad: Full Startup: 11.12 seconds (BP compile: 0.27 seconds)
[2017.03.10-02.57.22:641][  0]LogExternalProfiler: Found external profiler: VSPerf
[2017.03.10-02.57.22:641][  0]LogExternalProfiler: Using external profiler: VSPerf
[2017.03.10-02.57.22:678][  0]LogWindowsTextInputMethodSystem:Display: IME system now activated using TSF (Microsoft 입력기).
[2017.03.10-02.57.22:684][  0]LogOcInput: OculusInput pre-init called
[2017.03.10-02.57.22:710][  0]LogContentStreaming: Texture pool size now 1000 MB
[2017.03.10-02.57.22:876][  0]LogRenderer: Reallocating scene render targets to support 1172x532 (Frame:2).
[2017.03.10-02.57.23:062][  2]LogAssetRegistry: Asset discovery search completed in 4.8142 seconds
[2017.03.10-02.57.23:063][  2]LogCollectionManager: Rebuilt the object cache for 1 collections in 0.000016 seconds (found 0 objects)
[2017.03.10-02.57.23:063][  2]LogCollectionManager: Fixed up redirectors for 1 collections in 0.000034 seconds (updated 0 objects)
[2017.03.10-02.57.25:727][ 38]LogContentBrowser: Native class hierarchy updated for 'BlueprintGraph' in 0.0008 seconds. Added 111 classes and 0 folders.
[2017.03.10-02.57.42:770][964]Cmd: OBJ SAVEPACKAGE PACKAGE="/Game/Map/Main" FILE="../../../../../../Users/jcy/Documents/GitHub/UNNAMED/UNNAMED/Saved/Autosaves/Game/Map/UEDPCMain.umap" SILENT=true AUTOSAVING=true KEEPDIRTY=true
[2017.03.10-02.57.42:917][964]LogSavePackage: Save=98.31ms
[2017.03.10-02.57.42:917][964]LogSavePackage: Moving '../../../../../../Users/jcy/Documents/GitHub/UNNAMED/UNNAMED/Saved/UEDPCMainC723F09A419C0DC8C55B1D811943536C.tmp' to '../../../../../../Users/jcy/Documents/GitHub/UNNAMED/UNNAMED/Saved/Autosaves/Game/Map/UEDPCMain.umap'
[2017.03.10-02.57.42:920][964]LogSavePackage:Display: Finished SavePackage ../../../../../../Users/jcy/Documents/GitHub/UNNAMED/UNNAMED/Saved/Autosaves/Game/Map/UEDPCMain.umap
[2017.03.10-02.57.42:932][964]LogEditorTransaction: Undo Spawn Play From Here Start
[2017.03.10-03.13.52:773][411]Cmd: OBJ SAVEPACKAGE PACKAGE="/Game/Map/Main" FILE="../../../../../../Users/jcy/Documents/GitHub/UNNAMED/UNNAMED/Saved/Autosaves/Game/Map/UEDPCMain.umap" SILENT=true AUTOSAVING=true KEEPDIRTY=true
[2017.03.10-03.13.52:912][411]LogSavePackage: Save=90.68ms
[2017.03.10-03.13.52:912][411]LogSavePackage: Moving '../../../../../../Users/jcy/Documents/GitHub/UNNAMED/UNNAMED/Saved/UEDPCMain2CAB54B04D884B60BD11A6AFEFF968CE.tmp' to '../../../../../../Users/jcy/Documents/GitHub/UNNAMED/UNNAMED/Saved/Autosaves/Game/Map/UEDPCMain.umap'
[2017.03.10-03.13.52:914][411]LogSavePackage:Display: Finished SavePackage ../../../../../../Users/jcy/Documents/GitHub/UNNAMED/UNNAMED/Saved/Autosaves/Game/Map/UEDPCMain.umap
[2017.03.10-03.13.52:917][411]LogEditorTransaction: Undo Spawn Play From Here Start
[2017.03.10-03.15.23:966][873]Cmd: OBJ SAVEPACKAGE PACKAGE="/Game/Map/Main" FILE="../../../../../../Users/jcy/Documents/GitHub/UNNAMED/UNNAMED/Saved/Autosaves/Game/Map/UEDPCMain.umap" SILENT=true AUTOSAVING=true KEEPDIRTY=true
[2017.03.10-03.15.24:109][873]LogSavePackage: Save=94.25ms
[2017.03.10-03.15.24:109][873]LogSavePackage: Moving '../../../../../../Users/jcy/Documents/GitHub/UNNAMED/UNNAMED/Saved/UEDPCMain6DEAE0EB46DD5E508D7CADAE321696ED.tmp' to '../../../../../../Users/jcy/Documents/GitHub/UNNAMED/UNNAMED/Saved/Autosaves/Game/Map/UEDPCMain.umap'
[2017.03.10-03.15.24:110][873]LogSavePackage:Display: Finished SavePackage ../../../../../../Users/jcy/Documents/GitHub/UNNAMED/UNNAMED/Saved/Autosaves/Game/Map/UEDPCMain.umap
[2017.03.10-03.15.24:114][873]LogEditorTransaction: Undo Spawn Play From Here Start
[2017.03.10-03.28.12:821][283]Cmd: OBJ SAVEPACKAGE PACKAGE="/Game/Map/Main" FILE="../../../../../../Users/jcy/Documents/GitHub/UNNAMED/UNNAMED/Saved/Autosaves/Game/Map/UEDPCMain.umap" SILENT=true AUTOSAVING=true KEEPDIRTY=true
[2017.03.10-03.28.13:029][283]LogSavePackage: Save=146.93ms
[2017.03.10-03.28.13:029][283]LogSavePackage: Moving '../../../../../../Users/jcy/Documents/GitHub/UNNAMED/UNNAMED/Saved/UEDPCMain0FA35FA64924970B28EC29BFFDBB1B01.tmp' to '../../../../../../Users/jcy/Documents/GitHub/UNNAMED/UNNAMED/Saved/Autosaves/Game/Map/UEDPCMain.umap'
[2017.03.10-03.28.13:033][283]LogSavePackage:Display: Finished SavePackage ../../../../../../Users/jcy/Documents/GitHub/UNNAMED/UNNAMED/Saved/Autosaves/Game/Map/UEDPCMain.umap
[2017.03.10-03.28.13:070][283]LogEditorTransaction: Undo Spawn Play From Here Start
[2017.03.10-03.33.38:870][504]Cmd: OBJ SAVEPACKAGE PACKAGE="/Game/Map/Main" FILE="../../../../../../Users/jcy/Documents/GitHub/UNNAMED/UNNAMED/Saved/Autosaves/Game/Map/UEDPCMain.umap" SILENT=true AUTOSAVING=true KEEPDIRTY=true
[2017.03.10-03.33.39:060][504]LogSavePackage: Save=97.92ms
[2017.03.10-03.33.39:060][504]LogSavePackage: Moving '../../../../../../Users/jcy/Documents/GitHub/UNNAMED/UNNAMED/Saved/UEDPCMain68B5118B46DA5C4B1E7BE1AF88679BFE.tmp' to '../../../../../../Users/jcy/Documents/GitHub/UNNAMED/UNNAMED/Saved/Autosaves/Game/Map/UEDPCMain.umap'
[2017.03.10-03.33.39:062][504]LogSavePackage:Display: Finished SavePackage ../../../../../../Users/jcy/Documents/GitHub/UNNAMED/UNNAMED/Saved/Autosaves/Game/Map/UEDPCMain.umap
[2017.03.10-03.33.39:068][504]LogEditorTransaction: Undo Spawn Play From Here Start
[2017.03.10-03.47.17:045][957]LogWindowsTextInputMethodSystem:Display: IME system now activated using TSF (Microsoft 입력기).
[2017.03.10-03.47.17:317][958]Cmd: QUIT_EDITOR
[2017.03.10-03.47.17:438][958]LogExit: Preparing to exit.
[2017.03.10-03.47.18:422][958]LogExit: Editor shut down
[2017.03.10-03.47.18:425][958]LogExit: Transaction tracking system shut down
[2017.03.10-03.47.18:961][958]LogObj: Freed 0b from 0 cluster array pools.
[2017.03.10-03.47.18:962][958]LogExit: Object subsystem successfully closed.
[2017.03.10-03.47.19:007][958]LogD3D11RHI: Shutdown
[2017.03.10-03.47.19:007][958]LogD3D11RHI: CleanupD3DDevice
[2017.03.10-03.47.19:157][958]LogD3D11RHI: ~FD3D11DynamicRHI
[2017.03.10-03.47.19:186][958]LogModuleManager: Shutting down and abandoning module BlueprintGraph (217)
[2017.03.10-03.47.19:186][958]LogModuleManager: Shutting down and abandoning module HierarchicalLODOutliner (216)
[2017.03.10-03.47.19:186][958]LogModuleManager: Shutting down and abandoning module CrashTracker (215)
[2017.03.10-03.47.19:186][958]LogModuleManager: Shutting down and abandoning module SceneOutliner (214)
[2017.03.10-03.47.19:186][958]LogModuleManager: Shutting down and abandoning module WidgetCarousel (213)
[2017.03.10-03.47.19:186][958]LogModuleManager: Shutting down and abandoning module AddContentDialog (212)
[2017.03.10-03.47.19:193][958]LogModuleManager: Shutting down and abandoning module GameplayTags (211)
[2017.03.10-03.47.19:193][958]LogModuleManager: Shutting down and abandoning module EditorWidgets (210)
[2017.03.10-03.47.19:193][958]LogModuleManager: Shutting down and abandoning module CollectionManager (209)
[2017.03.10-03.47.19:194][958]LogModuleManager: Shutting down and abandoning module StatsViewer (208)
[2017.03.10-03.47.19:194][958]LogModuleManager: Shutting down and abandoning module FoliageEdit (207)
[2017.03.10-03.47.19:194][958]LogModuleManager: Shutting down and abandoning module LandscapeEditor (206)
[2017.03.10-03.47.19:194][958]LogModuleManager: Shutting down and abandoning module SceneDepthPickerMode (205)
[2017.03.10-03.47.19:194][958]LogModuleManager: Shutting down and abandoning module ActorPickerMode (204)
[2017.03.10-03.47.19:194][958]LogModuleManager: Shutting down and abandoning module GeometryMode (203)
[2017.03.10-03.47.19:194][958]LogModuleManager: Shutting down and abandoning module TextureAlignMode (202)
[2017.03.10-03.47.19:194][958]LogModuleManager: Shutting down and abandoning module BspMode (201)
[2017.03.10-03.47.19:194][958]LogModuleManager: Shutting down and abandoning module HardwareSurvey (200)
[2017.03.10-03.47.19:194][958]LogModuleManager: Shutting down and abandoning module SequenceRecorderSections (199)
[2017.03.10-03.47.19:194][958]LogModuleManager: Shutting down and abandoning module SequenceRecorder (198)
[2017.03.10-03.47.19:194][958]LogModuleManager: Shutting down and abandoning module AutomationWorker (197)
[2017.03.10-03.47.19:194][958]LogModuleManager: Shutting down and abandoning module MatineeToLevelSequence (196)
[2017.03.10-03.47.19:194][958]LogModuleManager: Shutting down and abandoning module PlacementMode (195)
[2017.03.10-03.47.19:194][958]LogModuleManager: Shutting down and abandoning module LevelSequenceEditor (194)
[2017.03.10-03.47.19:195][958]LogModuleManager: Shutting down and abandoning module CharacterAI (193)
[2017.03.10-03.47.19:195][958]LogModuleManager: Shutting down and abandoning module SmartSnapping (192)
[2017.03.10-03.47.19:195][958]LogModuleManager: Shutting down and abandoning module SessionServices (191)
[2017.03.10-03.47.19:195][958]LogModuleManager: Shutting down and abandoning module ViewportSnapping (190)
[2017.03.10-03.47.19:195][958]LogModuleManager: Shutting down and abandoning module LogVisualizer (189)
[2017.03.10-03.47.19:195][958]LogModuleManager: Shutting down and abandoning module GameProjectGeneration (188)
[2017.03.10-03.47.19:195][958]LogModuleManager: Shutting down and abandoning module IntroTutorials (187)
[2017.03.10-03.47.19:195][958]LogModuleManager: Shutting down and abandoning module EditorLiveStreaming (186)
[2017.03.10-03.47.19:195][958]LogModuleManager: Shutting down and abandoning module IOSPlatformEditor (185)
[2017.03.10-03.47.19:195][958]LogModuleManager: Shutting down and abandoning module HTML5PlatformEditor (184)
[2017.03.10-03.47.19:195][958]LogModuleManager: Shutting down and abandoning module AndroidDeviceDetection (183)
[2017.03.10-03.47.19:464][958]LogModuleManager: Shutting down and abandoning module AndroidPlatformEditor (182)
[2017.03.10-03.47.19:464][958]LogModuleManager: Shutting down and abandoning module IOSRuntimeSettings (181)
[2017.03.10-03.47.19:464][958]LogModuleManager: Shutting down and abandoning module AndroidRuntimeSettings (180)
[2017.03.10-03.47.19:464][958]LogModuleManager: Shutting down and abandoning module MergeActors (179)
[2017.03.10-03.47.19:464][958]LogModuleManager: Shutting down and abandoning module SizeMap (178)
[2017.03.10-03.47.19:464][958]LogModuleManager: Shutting down and abandoning module TreeMap (177)
[2017.03.10-03.47.19:464][958]LogModuleManager: Shutting down and abandoning module ReferenceViewer (176)
[2017.03.10-03.47.19:464][958]LogModuleManager: Shutting down and abandoning module LocalizationService (175)
[2017.03.10-03.47.19:464][958]LogModuleManager: Shutting down and abandoning module LocalizationDashboard (174)
[2017.03.10-03.47.19:464][958]LogModuleManager: Shutting down and abandoning module HardwareTargeting (173)
[2017.03.10-03.47.19:465][958]LogModuleManager: Shutting down and abandoning module DeviceProfileEditor (172)
[2017.03.10-03.47.19:465][958]LogModuleManager: Shutting down and abandoning module UndoHistory (171)
[2017.03.10-03.47.19:465][958]LogModuleManager: Shutting down and abandoning module UserFeedback (170)
[2017.03.10-03.47.19:465][958]LogModuleManager: Shutting down and abandoning module XmlParser (169)
[2017.03.10-03.47.19:465][958]LogModuleManager: Shutting down and abandoning module Blutility (168)
[2017.03.10-03.47.19:465][958]LogModuleManager: Shutting down and abandoning module ProjectTargetPlatformEditor (167)
[2017.03.10-03.47.19:465][958]LogModuleManager: Shutting down and abandoning module ProjectSettingsViewer (166)
[2017.03.10-03.47.19:465][958]LogModuleManager: Shutting down and abandoning module InputBindingEditor (165)
[2017.03.10-03.47.19:465][958]LogModuleManager: Shutting down and abandoning module EditorSettingsViewer (164)
[2017.03.10-03.47.19:465][958]LogModuleManager: Shutting down and abandoning module SettingsEditor (163)
[2017.03.10-03.47.19:465][958]LogModuleManager: Shutting down and abandoning module ProjectLauncher (162)
[2017.03.10-03.47.19:466][958]LogModuleManager: Shutting down and abandoning module SessionFrontend (161)
[2017.03.10-03.47.19:466][958]LogModuleManager: Shutting down and abandoning module ProfilerClient (160)
[2017.03.10-03.47.19:466][958]LogModuleManager: Shutting down and abandoning module TargetDeviceServices (159)
[2017.03.10-03.47.19:466][958]LogModuleManager: Shutting down and abandoning module DeviceManager (158)
[2017.03.10-03.47.19:508][958]LogModuleManager: Shutting down and abandoning module AutomationController (157)
[2017.03.10-03.47.19:508][958]LogModuleManager: Shutting down and abandoning module AutomationWindow (156)
[2017.03.10-03.47.19:508][958]LogModuleManager: Shutting down and abandoning module Layers (155)
[2017.03.10-03.47.19:508][958]LogModuleManager: Shutting down and abandoning module ComponentVisualizers (154)
[2017.03.10-03.47.19:508][958]LogModuleManager: Shutting down and abandoning module DetailCustomizations (153)
[2017.03.10-03.47.19:508][958]LogModuleManager: Shutting down and abandoning module PackagesDialog (152)
[2017.03.10-03.47.19:509][958]LogModuleManager: Shutting down and abandoning module Persona (151)
[2017.03.10-03.47.19:509][958]LogModuleManager: Shutting down and abandoning module Kismet (150)
[2017.03.10-03.47.19:509][958]LogModuleManager: Shutting down and abandoning module GraphEditor (149)
[2017.03.10-03.47.19:509][958]LogModuleManager: Shutting down and abandoning module ClassViewer (148)
[2017.03.10-03.47.19:512][958]LogModuleManager: Shutting down and abandoning module Toolbox (147)
[2017.03.10-03.47.19:512][958]LogModuleManager: Shutting down and abandoning module ModuleUI (146)
[2017.03.10-03.47.19:512][958]LogModuleManager: Shutting down and abandoning module MovieSceneTools (145)
[2017.03.10-03.47.19:512][958]LogModuleManager: Shutting down and abandoning module OutputLog (144)
[2017.03.10-03.47.19:512][958]LogModuleManager: Shutting down and abandoning module GammaUI (143)
[2017.03.10-03.47.19:512][958]LogModuleManager: Shutting down and abandoning module Documentation (142)
[2017.03.10-03.47.19:512][958]LogModuleManager: Shutting down and abandoning module StreamingPauseRendering (141)
[2017.03.10-03.47.19:512][958]LogModuleManager: Shutting down and abandoning module AnalyticsET (140)
[2017.03.10-03.47.19:512][958]LogModuleManager: Shutting down and abandoning module Analytics (139)
[2017.03.10-03.47.19:512][958]LogModuleManager: Shutting down and abandoning module PortalServices (138)
[2017.03.10-03.47.19:512][958]LogModuleManager: Shutting down and abandoning module PortalRpc (137)
[2017.03.10-03.47.19:512][958]LogModuleManager: Shutting down and abandoning module MessagingRpc (136)
[2017.03.10-03.47.19:512][958]LogModuleManager: Shutting down and abandoning module GameplayDebugger (135)
[2017.03.10-03.47.19:512][958]LogModuleManager: Shutting down and abandoning module AITestSuite (134)
[2017.03.10-03.47.19:512][958]LogModuleManager: Shutting down and abandoning module AIModule (133)
[2017.03.10-03.47.19:512][958]LogModuleManager: Shutting down and abandoning module ProfilerService (132)
[2017.03.10-03.47.19:615][958]LogModuleManager: Shutting down and abandoning module TaskGraph (131)
[2017.03.10-03.47.19:615][958]LogModuleManager: Shutting down and abandoning module SlateRemote (130)
[2017.03.10-03.47.19:615][958]LogModuleManager: Shutting down and abandoning module SteamVRController (129)
[2017.03.10-03.47.19:615][958]LogModuleManager: Shutting down and abandoning module SteamVR (128)
[2017.03.10-03.47.19:615][958]LogModuleManager: Shutting down and abandoning module ProceduralMeshComponent (127)
[2017.03.10-03.47.19:615][958]LogModuleManager: Shutting down and abandoning module OculusLibrary (126)
[2017.03.10-03.47.19:615][958]LogModuleManager: Shutting down and abandoning module OculusInput (125)
[2017.03.10-03.47.19:615][958]LogModuleManager: Shutting down and abandoning module CustomMeshComponent (124)
[2017.03.10-03.47.19:615][958]LogModuleManager: Shutting down and abandoning module CableComponent (123)
[2017.03.10-03.47.19:615][958]LogModuleManager: Shutting down and abandoning module ArchVisCharacter (122)
[2017.03.10-03.47.19:615][958]LogModuleManager: Shutting down and abandoning module MediaPlayerEditor (121)
[2017.03.10-03.47.19:616][958]LogModuleManager: Shutting down and abandoning module HTML5Networking (120)
[2017.03.10-03.47.19:616][958]LogModuleManager: Shutting down and abandoning module SuperSearch (119)
[2017.03.10-03.47.19:616][958]LogModuleManager: Shutting down and abandoning module SuperSearchEditor (118)
[2017.03.10-03.47.19:616][958]LogModuleManager: Shutting down and abandoning module SpeedTreeImporter (117)
[2017.03.10-03.47.19:616][958]LogModuleManager: Shutting down and abandoning module PluginBrowser (116)
[2017.03.10-03.47.19:616][958]LogModuleManager: Shutting down and abandoning module EpicSurvey (115)
[2017.03.10-03.47.19:616][958]LogModuleManager: Shutting down and abandoning module DesktopPlatform (114)
[2017.03.10-03.47.19:616][958]LogModuleManager: Shutting down and abandoning module VisualStudioSourceCodeAccess (113)
[2017.03.10-03.47.19:616][958]LogModuleManager: Shutting down and abandoning module UObjectPlugin (112)
[2017.03.10-03.47.19:617][958]LogModuleManager: Shutting down and abandoning module SubversionSourceControl (111)
[2017.03.10-03.47.19:617][958]LogModuleManager: Shutting down and abandoning module PerforceSourceControl (110)
[2017.03.10-03.47.19:617][958]LogModuleManager: Shutting down and abandoning module SourceControl (109)
[2017.03.10-03.47.19:617][958]LogModuleManager: Shutting down and abandoning module GitSourceControl (108)
[2017.03.10-03.47.19:617][958]LogModuleManager: Shutting down and abandoning module LightPropagationVolumeEditor (107)
[2017.03.10-03.47.19:617][958]LogModuleManager: Shutting down and abandoning module PaperTiledImporter (106)
[2017.03.10-03.47.19:617][958]LogModuleManager: Shutting down and abandoning module PaperSpriteSheetImporter (105)
[2017.03.10-03.47.19:617][958]LogModuleManager: Shutting down and abandoning module MeshPaint (104)
[2017.03.10-03.47.19:617][958]LogModuleManager: Shutting down and abandoning module PixelInspectorModule (103)
[2017.03.10-03.47.19:617][958]LogModuleManager: Shutting down and abandoning module HotReload (102)
[2017.03.10-03.47.19:619][958]LogModuleManager: Shutting down and abandoning module MainFrame (101)
[2017.03.10-03.47.19:619][958]LogModuleManager: Shutting down and abandoning module LevelEditor (100)
[2017.03.10-03.47.19:622][958]LogModuleManager: Shutting down and abandoning module ContentBrowser (99)
[2017.03.10-03.47.19:626][958]LogModuleManager: Shutting down and abandoning module Paper2DEditor (98)
[2017.03.10-03.47.19:627][958]LogModuleManager: Shutting down and abandoning module UdpMessaging (97)
[2017.03.10-03.47.19:727][958]LogModuleManager: Shutting down and abandoning module LightPropagationVolumeRuntime (96)
[2017.03.10-03.47.19:727][958]LogModuleManager: Shutting down and abandoning module Paper2D (95)
[2017.03.10-03.47.19:727][958]LogModuleManager: Shutting down and abandoning module WindowsMoviePlayer (94)
[2017.03.10-03.47.19:728][958]LogModuleManager: Shutting down and abandoning module Media (93)
[2017.03.10-03.47.19:728][958]LogModuleManager: Shutting down and abandoning module WmfMedia (92)
[2017.03.10-03.47.19:729][958]LogModuleManager: Shutting down and abandoning module MediaAssets (91)
[2017.03.10-03.47.19:729][958]LogModuleManager: Shutting down and abandoning module GameLiveStreaming (90)
[2017.03.10-03.47.19:730][958]LogModuleManager: Shutting down and abandoning module GameplayTagsEditor (89)
[2017.03.10-03.47.19:730][958]LogModuleManager: Shutting down and abandoning module OnlineBlueprintSupport (88)
[2017.03.10-03.47.19:730][958]LogModuleManager: Shutting down and abandoning module VREditor (87)
[2017.03.10-03.47.19:730][958]LogModuleManager: Shutting down and abandoning module GameplayTasksEditor (86)
[2017.03.10-03.47.19:730][958]LogModuleManager: Shutting down and abandoning module PropertyEditor (85)
[2017.03.10-03.47.19:731][958]LogModuleManager: Shutting down and abandoning module BehaviorTreeEditor (84)
[2017.03.10-03.47.19:731][958]LogModuleManager: Shutting down and abandoning module FunctionalTesting (83)
[2017.03.10-03.47.19:731][958]LogModuleManager: Shutting down and abandoning module CollisionAnalyzer (82)
[2017.03.10-03.47.19:731][958]LogModuleManager: Shutting down and abandoning module Sequencer (81)
[2017.03.10-03.47.19:732][958]LogModuleManager: Shutting down and abandoning module WorkspaceMenuStructure (80)
[2017.03.10-03.47.19:732][958]LogModuleManager: Shutting down and abandoning module MessageLog (79)
[2017.03.10-03.47.19:732][958]LogModuleManager: Shutting down and abandoning module AssetTools (78)
[2017.03.10-03.47.19:732][958]LogModuleManager: Shutting down and abandoning module UMGEditor (77)
[2017.03.10-03.47.19:733][958]LogModuleManager: Shutting down and abandoning module UMG (76)
[2017.03.10-03.47.19:733][958]LogModuleManager: Shutting down and abandoning module SlateReflector (75)
[2017.03.10-03.47.19:733][958]LogModuleManager: Shutting down and abandoning module Slate (74)
[2017.03.10-03.47.19:733][958]LogModuleManager: Shutting down and abandoning module EditorStyle (73)
[2017.03.10-03.47.19:761][958]LogModuleManager: Shutting down and abandoning module SourceCodeAccess (72)
[2017.03.10-03.47.19:761][958]LogModuleManager: Shutting down and abandoning module HeadMountedDisplay (71)
[2017.03.10-03.47.19:761][958]LogModuleManager: Shutting down and abandoning module XAudio2 (70)
[2017.03.10-03.47.19:761][958]LogModuleManager: Shutting down and abandoning module Networking (69)
[2017.03.10-03.47.19:762][958]LogModuleManager: Shutting down and abandoning module Core (68)
[2017.03.10-03.47.19:762][958]LogModuleManager: Shutting down and abandoning module DirectoryWatcher (67)
[2017.03.10-03.47.19:792][958]LogModuleManager: Shutting down and abandoning module AssetRegistry (66)
[2017.03.10-03.47.20:206][958]LogModuleManager: Shutting down and abandoning module KismetCompiler (65)
[2017.03.10-03.47.20:206][958]LogModuleManager: Shutting down and abandoning module PhysXFormats (64)
[2017.03.10-03.47.20:206][958]LogModuleManager: Shutting down and abandoning module MeshUtilities (63)
[2017.03.10-03.47.20:207][958]LogModuleManager: Shutting down and abandoning module DerivedDataCache (62)
[2017.03.10-03.47.20:249][958]LogDerivedDataCache: Shutdown
[2017.03.10-03.47.20:249][958]LogModuleManager: Shutting down and abandoning module VulkanShaderFormat (61)
[2017.03.10-03.47.20:249][958]LogModuleManager: Shutting down and abandoning module ShaderFormatOpenGL (60)
[2017.03.10-03.47.20:249][958]LogModuleManager: Shutting down and abandoning module ShaderFormatD3D (59)
[2017.03.10-03.47.20:249][958]LogModuleManager: Shutting down and abandoning module MetalShaderFormat (58)
[2017.03.10-03.47.20:249][958]LogModuleManager: Shutting down and abandoning module TextureFormatUncompressed (57)
[2017.03.10-03.47.20:249][958]LogModuleManager: Shutting down and abandoning module TextureFormatPVR (56)
[2017.03.10-03.47.20:249][958]LogModuleManager: Shutting down and abandoning module TextureFormatIntelISPCTexComp (55)
[2017.03.10-03.47.20:250][958]LogModuleManager: Shutting down and abandoning module TextureFormatDXT (54)
[2017.03.10-03.47.20:250][958]LogModuleManager: Shutting down and abandoning module ImageWrapper (53)
[2017.03.10-03.47.20:250][958]LogModuleManager: Shutting down and abandoning module TextureFormatASTC (52)
[2017.03.10-03.47.20:250][958]LogModuleManager: Shutting down and abandoning module TextureFormatAndroid (51)
[2017.03.10-03.47.20:250][958]LogModuleManager: Shutting down and abandoning module AudioFormatOpus (50)
[2017.03.10-03.47.20:250][958]LogModuleManager: Shutting down and abandoning module AudioFormatOgg (49)
[2017.03.10-03.47.20:250][958]LogModuleManager: Shutting down and abandoning module AudioFormatADPCM (48)
[2017.03.10-03.47.20:250][958]LogModuleManager: Shutting down and abandoning module LinuxTargetPlatform (47)
[2017.03.10-03.47.20:250][958]LogModuleManager: Shutting down and abandoning module LinuxServerTargetPlatform (46)
[2017.03.10-03.47.20:251][958]LogModuleManager: Shutting down and abandoning module LinuxNoEditorTargetPlatform (45)
[2017.03.10-03.47.20:251][958]LogModuleManager: Shutting down and abandoning module TVOSTargetPlatform (44)
[2017.03.10-03.47.20:251][958]LogModuleManager: Shutting down and abandoning module Messaging (43)
[2017.03.10-03.47.20:251][958]LogModuleManager: Shutting down and abandoning module IOSTargetPlatform (42)
[2017.03.10-03.47.20:251][958]LogModuleManager: Shutting down and abandoning module HTML5TargetPlatform (41)
[2017.03.10-03.47.20:251][958]LogModuleManager: Shutting down and abandoning module Android_PVRTCTargetPlatform (40)
[2017.03.10-03.47.20:251][958]LogModuleManager: Shutting down and abandoning module Android_MultiTargetPlatform (39)
[2017.03.10-03.47.20:251][958]LogModuleManager: Shutting down and abandoning module Android_ETC2TargetPlatform (38)
[2017.03.10-03.47.20:251][958]LogModuleManager: Shutting down and abandoning module Android_ETC1TargetPlatform (37)
[2017.03.10-03.47.20:251][958]LogModuleManager: Shutting down and abandoning module Android_DXTTargetPlatform (36)
[2017.03.10-03.47.20:251][958]LogModuleManager: Shutting down and abandoning module Android_ATCTargetPlatform (35)
[2017.03.10-03.47.20:251][958]LogModuleManager: Shutting down and abandoning module Android_ASTCTargetPlatform (34)
[2017.03.10-03.47.20:251][958]LogModuleManager: Shutting down and abandoning module AndroidTargetPlatform (33)
[2017.03.10-03.47.20:251][958]LogModuleManager: Shutting down and abandoning module WindowsTargetPlatform (32)
[2017.03.10-03.47.20:251][958]LogModuleManager: Shutting down and abandoning module WindowsServerTargetPlatform (31)
[2017.03.10-03.47.20:251][958]LogModuleManager: Shutting down and abandoning module WindowsNoEditorTargetPlatform (30)
[2017.03.10-03.47.20:251][958]LogModuleManager: Shutting down and abandoning module WindowsClientTargetPlatform (29)
[2017.03.10-03.47.20:252][958]LogModuleManager: Shutting down and abandoning module AllDesktopTargetPlatform (28)
[2017.03.10-03.47.20:252][958]LogModuleManager: Shutting down and abandoning module TargetPlatform (27)
[2017.03.10-03.47.20:252][958]LogModuleManager: Shutting down and abandoning module InputCore (26)
[2017.03.10-03.47.20:252][958]LogModuleManager: Shutting down and abandoning module Settings (25)
[2017.03.10-03.47.20:252][958]LogModuleManager: Shutting down and abandoning module Voice (23)
[2017.03.10-03.47.20:252][958]LogModuleManager: Shutting down and abandoning module OnlineSubsystem (19)
[2017.03.10-03.47.20:252][958]LogOnline:Display: NULL: FOnlineSubsystemNull::Shutdown()
[2017.03.10-03.47.20:256][958]LogOnline:Display: Unloading online subsystem: STEAM
[2017.03.10-03.47.20:257][958]LogOnline:Display: Unloading online subsystem: NULL
[2017.03.10-03.47.20:257][958]LogModuleManager: Shutting down and abandoning module HTTP (18)
[2017.03.10-03.47.24:278][958]LogModuleManager: Shutting down and abandoning module XMPP (17)
[2017.03.10-03.47.24:278][958]LogModuleManager: Shutting down and abandoning module OculusRift (16)
[2017.03.10-03.47.24:278][958]LogModuleManager: Shutting down and abandoning module ExampleDeviceProfileSelector (15)
[2017.03.10-03.47.24:278][958]LogModuleManager: Shutting down and abandoning module TextureCompressor (14)
[2017.03.10-03.47.24:279][958]LogModuleManager: Shutting down and abandoning module ShaderCore (13)
[2017.03.10-03.47.24:279][958]LogModuleManager: Shutting down and abandoning module Landscape (12)
[2017.03.10-03.47.24:279][958]LogModuleManager: Shutting down and abandoning module SlateRHIRenderer (11)
[2017.03.10-03.47.24:328][958]LogModuleManager: Shutting down and abandoning module OpenGLDrv (10)
[2017.03.10-03.47.24:328][958]LogModuleManager: Shutting down and abandoning module D3D11RHI (9)
[2017.03.10-03.47.24:328][958]LogModuleManager: Shutting down and abandoning module AnimGraphRuntime (8)
[2017.03.10-03.47.24:328][958]LogModuleManager: Shutting down and abandoning module Renderer (7)
[2017.03.10-03.47.24:328][958]LogModuleManager: Shutting down and abandoning module Engine (6)
[2017.03.10-03.47.24:328][958]LogModuleManager: Shutting down and abandoning module CoreUObject (5)
[2017.03.10-03.47.24:328][958]LogModuleManager: Shutting down and abandoning module NetworkFile (4)
[2017.03.10-03.47.24:328][958]LogModuleManager: Shutting down and abandoning module StreamingFile (3)
[2017.03.10-03.47.24:328][958]LogModuleManager: Shutting down and abandoning module SandboxFile (2)
[2017.03.10-03.47.24:328][958]LogModuleManager: Shutting down and abandoning module PakFile (1)
[2017.03.10-03.47.24:332][958]LogExit: Exiting.
[2017.03.10-03.47.24:344][958]Log file closed, 03/10/17 12:47:24
