Log file open, 12/09/16 09:02:22
LogInit:Display: Running engine for game: UNNAMED
LogPlatformFile: Not using cached read wrapper
LogInit:Display: RandInit(2105586327) SRandInit(2105586328).
LogTaskGraph: Started task graph with 4 named threads and 7 total threads with 1 sets of task threads.
LogStats: Stats thread started at 0.103117
LogInit: Version: 4.12.5-3039270+++UE4+Release-4.12
LogInit: API Version: 2992821
LogInit: Net Version: 3039270
LogDevObjectVersion: Number of dev versions registered: 13
LogDevObjectVersion:   Dev-Blueprints (B0D832E4-1F89-4F0D-ACCF-7EB736FD4AA2): 3
LogDevObjectVersion:   Dev-Build (E1C64328-A22C-4D53-A36C-8E866417BD8C): 0
LogDevObjectVersion:   Dev-Core (375EC13C-06E4-48FB-B500-84F0262A717E): 1
LogDevObjectVersion:   Dev-Editor (E4B068ED-F494-42E9-A231-DA0B2E46BB41): 2
LogDevObjectVersion:   Dev-Framework (CFFC743F-43B0-4480-9391-14DF171D2073): 6
LogDevObjectVersion:   Dev-Mobile (B02B49B5-BB20-44E9-A304-32B752E40360): 0
LogDevObjectVersion:   Dev-Networking (A4E4105C-59A1-49B5-A7C5-40C4547EDFEE): 0
LogDevObjectVersion:   Dev-Online (39C831C9-5AE6-47DC-9A44-9C173E1C8E7C): 0
LogDevObjectVersion:   Dev-Physics (78F01B33-EBEA-4F98-B9B4-84EACCB95AA2): 0
LogDevObjectVersion:   Dev-Platform (6631380F-2D4D-43E0-8009-CF276956A95A): 0
LogDevObjectVersion:   Dev-Rendering (12F88B9F-8875-4AFC-A67C-D90C383ABD29): 2
LogDevObjectVersion:   Dev-Sequencer (7B5AE74C-D270-4C10-A958-57980B212A5A): 0
LogDevObjectVersion:   Dev-VR (D7296918-1DD6-4BDD-9DE2-64A83CC13884): 0
LogInit: Compiled (64-bit): Jul  6 2016 09:09:46
LogInit: Compiled with Visual C++: 19.00.23026.00
LogInit: Build Configuration: Development
LogInit: Branch Name: ++UE4+Release-4.12
LogInit: Command line:  /Temp/Autosaves/Game/Map/UEDPCMain -game -PIEVIACONSOLE -ResX=1280 -ResY=720  -Multiprocess -windowed -messaging -SessionName="Play in Standalone Game" 
LogInit: Base directory: C:/Program Files (x86)/Epic Games/4.12/Engine/Binaries/Win64/
LogInit: Installed Engine Build: 1
LogInit: Using libcurl 7.41.0
LogInit:  - built for x86_64-pc-win32
LogInit:  - supports SSL with WinSSL
LogInit:  - other features:
LogInit:      CURL_VERSION_SSL
LogInit:      CURL_VERSION_IPV6
LogInit:      CURL_VERSION_ASYNCHDNS
LogInit:      CURL_VERSION_LARGEFILE
LogInit:      CURL_VERSION_IDN
LogInit:  CurlRequestOptions (configurable via config and command line):
LogInit:  - bVerifyPeer = true  - Libcurl will verify peer certificate
LogInit:  - bUseHttpProxy = false  - Libcurl will NOT use HTTP proxy
LogInit:  - bDontReuseConnections = false  - Libcurl will reuse connections
LogInit:  - CertBundlePath = nullptr  - Libcurl will use whatever was configured at build time.
LogOnline:Display: STEAM: Loading Steam SDK 1.32
LogInit: WinSock: version 1.1 (2.2), MaxSocks=32767, MaxUdp=65467
LogInit: Presizing for max 8388607 objects, including 0 objects not considered by GC, pre-allocating 0 bytes for permanent pool.
LogInit: Object subsystem initialized
[2016.12.09-00.02.23:137][  0]LogInit: Selected Device Profile: [Windows]
[2016.12.09-00.02.23:137][  0]LogInit: Applying CVar settings loaded from the selected device profile: [Windows]
[2016.12.09-00.02.23:141][  0]LogInit: Computer: DESKTOP-5I3HB32
[2016.12.09-00.02.23:141][  0]LogInit: User: jcy
[2016.12.09-00.02.23:141][  0]LogInit: CPU Page size=65536, Cores=4
[2016.12.09-00.02.23:141][  0]LogInit: High frequency timer resolution =2.533210 MHz
[2016.12.09-00.02.23:141][  0]LogMemory: Memory total: Physical=7.9GB (8GB approx)
[2016.12.09-00.02.23:141][  0]LogMemory: Platform Memory Stats for Windows
[2016.12.09-00.02.23:141][  0]LogMemory: Process Physical Memory: 228.69 MB used, 228.69 MB peak
[2016.12.09-00.02.23:141][  0]LogMemory: Process Virtual Memory: 213.31 MB used, 213.31 MB peak
[2016.12.09-00.02.23:141][  0]LogMemory: Physical Memory: 4612.72 MB used, 8113.86 MB total
[2016.12.09-00.02.23:141][  0]LogMemory: Virtual Memory: 671.24 MB used, 134217728.00 MB total
[2016.12.09-00.02.23:840][  0]LogD3D11RHI: D3D11 adapters:
[2016.12.09-00.02.24:483][  0]LogD3D11RHI:    0. 'NVIDIA GeForce GTX 960M' (Feature Level 11_0)
[2016.12.09-00.02.24:483][  0]LogD3D11RHI:       2018/0/4056 MB DedicatedVideo/DedicatedSystem/SharedSystem, Outputs:2, VendorId:0x10de
[2016.12.09-00.02.24:490][  0]LogD3D11RHI:    1. 'Intel(R) HD Graphics 4600' (Feature Level 11_0)
[2016.12.09-00.02.24:490][  0]LogD3D11RHI:       112/0/2048 MB DedicatedVideo/DedicatedSystem/SharedSystem, Outputs:0, VendorId:0x8086
[2016.12.09-00.02.24:491][  0]LogD3D11RHI:    2. 'Microsoft Basic Render Driver' (Feature Level 11_0)
[2016.12.09-00.02.24:491][  0]LogD3D11RHI:       0/0/4056 MB DedicatedVideo/DedicatedSystem/SharedSystem, Outputs:0, VendorId:0x1414
[2016.12.09-00.02.24:491][  0]LogD3D11RHI: Chosen D3D11 Adapter: 0
[2016.12.09-00.02.24:500][  0]LogD3D11RHI: Creating new Direct3DDevice
[2016.12.09-00.02.24:500][  0]LogD3D11RHI:     GPU DeviceId: 0x139b (for the marketing name, search the web for "GPU Device Id")
[2016.12.09-00.02.24:500][  0]LogWindows: EnumDisplayDevices:
[2016.12.09-00.02.24:500][  0]LogWindows:    0. 'Intel(R) HD Graphics 4600' (P:1 D:1)
[2016.12.09-00.02.24:500][  0]LogWindows:    1. 'Intel(R) HD Graphics 4600' (P:0 D:1)
[2016.12.09-00.02.24:500][  0]LogWindows:    2. 'Intel(R) HD Graphics 4600' (P:0 D:0)
[2016.12.09-00.02.24:501][  0]LogWindows: DebugString: PrimaryIsNotTheChoosenAdapter PrimaryIsNotTheChoosenAdapter PrimaryIsNotTheChoosenAdapter FoundDriverCount:0 
[2016.12.09-00.02.24:501][  0]LogD3D11RHI:     Adapter Name: NVIDIA GeForce GTX 960M
[2016.12.09-00.02.24:501][  0]LogD3D11RHI:   Driver Version: Unknown (internal:Unknown, unified:Unknown)
[2016.12.09-00.02.24:501][  0]LogD3D11RHI:      Driver Date: Unknown
[2016.12.09-00.02.24:501][  0]LogRHI: Texture pool is 1361 MB (70% of 1945 MB)
[2016.12.09-00.02.25:049][  0]LogD3D11RHI: Async texture creation enabled
[2016.12.09-00.02.25:266][  0]LogD3D11RHI: GPU Timing Frequency: 1000.000000 (Debug: 2 1)
[2016.12.09-00.02.25:267][  0]LogShaderCompilers: Guid format shader working directory is -16 characters bigger than the processId version (../../../../../../Users/jcy/Documents/GitHub/UNNAMED/UNNAMED/Intermediate/Shaders/WorkingDirectory/5916/).
[2016.12.09-00.02.25:267][  0]LogShaderCompilers: Cleaned the shader compiler working directory 'C:/Users/jcy/AppData/Local/Temp/UnrealShaderWorkingDir/19A2CFD445255B37E8841486DEFB206B/'.
[2016.12.09-00.02.25:267][  0]LogShaderCompilers:Display: Using Local Shader Compiler.
[2016.12.09-00.02.26:244][  0]LogTemp:Display: Loaded TP WindowsClientTargetPlatform
[2016.12.09-00.02.26:255][  0]LogTemp:Display: Loaded TP WindowsNoEditorTargetPlatform
[2016.12.09-00.02.26:265][  0]LogTemp:Display: Loaded TP WindowsServerTargetPlatform
[2016.12.09-00.02.26:276][  0]LogTemp:Display: Loaded TP WindowsTargetPlatform
[2016.12.09-00.02.26:276][  0]LogTargetPlatformManager:Display: Building Assets For Windows
[2016.12.09-00.02.26:385][  0]LogDerivedDataCache:Display: Max Cache Size: 512 MB
[2016.12.09-00.02.26:448][  0]LogDerivedDataCache: Loaded boot cache 0.06s 48MB C:/Users/jcy/AppData/Local/UnrealEngine/4.12/DerivedDataCache/Boot.ddc.
[2016.12.09-00.02.26:449][  0]LogDerivedDataCache:Display: Loaded Boot cache: C:/Users/jcy/AppData/Local/UnrealEngine/4.12/DerivedDataCache/Boot.ddc
[2016.12.09-00.02.26:449][  0]LogDerivedDataCache: FDerivedDataBackendGraph:  Pak pak cache file ../../../../../../Users/jcy/Documents/GitHub/UNNAMED/UNNAMED/DerivedDataCache/DDC.ddp not found, will not use a pak cache.
[2016.12.09-00.02.26:449][  0]LogDerivedDataCache: Unable to find inner node Pak for hierarchical cache Hierarchy.
[2016.12.09-00.02.26:449][  0]LogDerivedDataCache: FDerivedDataBackendGraph:  CompressedPak pak cache file ../../../../../../Users/jcy/Documents/GitHub/UNNAMED/UNNAMED/DerivedDataCache/Compressed.ddp not found, will not use a pak cache.
[2016.12.09-00.02.26:449][  0]LogDerivedDataCache: Unable to find inner node CompressedPak for hierarchical cache Hierarchy.
[2016.12.09-00.02.26:467][  0]LogDerivedDataCache:Display: Pak cache opened for reading ../../../Engine/DerivedDataCache/Compressed.ddp.
[2016.12.09-00.02.26:480][  0]LogDerivedDataCache: Using Local data cache path C:/Users/jcy/AppData/Local/UnrealEngine/Common/DerivedDataCache: Writable
[2016.12.09-00.02.26:753][  0]LogAssetRegistry: FAssetRegistry took 0.0001 seconds to start up
[2016.12.09-00.02.26:756][  0]LogPackageLocalizationCache: Processed 3 localized package path(s) for 1 prioritized culture(s) in 0.003254 seconds
[2016.12.09-00.02.26:760][  0]LogInit: Selected Device Profile: [Windows]
[2016.12.09-00.02.26:761][  0]LogContentStreaming: Texture pool size is 1000.00 MB
[2016.12.09-00.02.26:917][  0]LogMeshUtilities: No automatic mesh reduction module available
[2016.12.09-00.02.26:917][  0]LogMeshUtilities: No automatic mesh merging module available
[2016.12.09-00.02.26:917][  0]LogMeshUtilities: No distributed automatic mesh merging module available
[2016.12.09-00.02.27:328][  0]LogSlate: SlateFontCache - WITH_FREETYPE: 1, WITH_HARFBUZZ: 1
[2016.12.09-00.02.27:328][  0]LogSlate: SlateFontCache - WITH_FREETYPE: 1, WITH_HARFBUZZ: 1
[2016.12.09-00.02.27:401][  0]LogMoviePlayer: Initializing movie player
[2016.12.09-00.02.27:485][  0]LogWindowsMoviePlayer: Unable to load movie: ../../../../../../Users/jcy/Documents/GitHub/UNNAMED/UNNAMED/Content/Movies/Default_Startup.mp4
[2016.12.09-00.02.27:600][  0]LogUdpMessaging: Initializing bridge on interface 0.0.0.0:0 to multicast group 230.0.0.1:6666.
[2016.12.09-00.02.27:683][  0]SourceControl: Info Source control is disabled
[2016.12.09-00.02.27:683][  0]SourceControl: Info Source control is disabled
[2016.12.09-00.02.27:697][  0]SourceControl: Info Source control is disabled
[2016.12.09-00.02.27:902][  0]LogUObjectArray: 30992 objects as part of root set at end of initial load.
[2016.12.09-00.02.27:902][  0]LogUObjectAllocator: 6930712 out of 0 bytes used by permanent object pool.
[2016.12.09-00.02.27:902][  0]LogUObjectArray: CloseDisregardForGC: 0/0 objects in disregard for GC pool
[2016.12.09-00.02.27:960][  0]LogEngine: Initializing Engine...
[2016.12.09-00.02.27:961][  0]LogHMD: SteamVR failed to initialize.  Err: 110
[2016.12.09-00.02.27:962][  0]LogHMD: SteamVR failed to initialize.  Err: 110
[2016.12.09-00.02.28:104][  0]LogInit: XAudio2 using '스피커(Realtek High Definition Audio)' : 2 channels at 48 kHz using 32 bits per sample (channel mask 0x3)
[2016.12.09-00.02.28:133][  0]LogInit: FAudioDevice initialized.
[2016.12.09-00.02.28:149][  0]LogInit: Texture streaming: Enabled
[2016.12.09-00.02.28:574][  0]LogNet: Browse: /Temp/Autosaves/Game/Map/UEDPCMain?Name=Player
[2016.12.09-00.02.28:574][  0]LogLoad: LoadMap: /Temp/Autosaves/Game/Map/UEDPCMain?Name=Player
[2016.12.09-00.02.28:610][  0]LogMemory: Platform Memory Stats for Windows
[2016.12.09-00.02.28:610][  0]LogMemory: Process Physical Memory: 610.18 MB used, 627.68 MB peak
[2016.12.09-00.02.28:610][  0]LogMemory: Process Virtual Memory: 645.95 MB used, 649.28 MB peak
[2016.12.09-00.02.28:610][  0]LogMemory: Physical Memory: 4911.17 MB used, 8113.86 MB total
[2016.12.09-00.02.28:610][  0]LogMemory: Virtual Memory: 1331.17 MB used, 134217728.00 MB total
[2016.12.09-00.02.28:610][  0]LogMemory: 
[2016.12.09-00.02.28:610][  0]Allocator Stats for TBB: (not implemented)
[2016.12.09-00.02.28:639][  0]LogAIModule: Creating AISystem for world Main
[2016.12.09-00.02.28:639][  0]LogWorld: Game class is 'pregame_C'
[2016.12.09-00.02.28:641][  0]LogWorld: Bringing World /Temp/Autosaves/Game/Map/UEDPCMain.Main up for play (max tick rate 0) at 2016.12.09-09.02.28
[2016.12.09-00.02.28:641][  0]LogWorld: Bringing up level for play took: 0.000908
[2016.12.09-00.02.28:642][  0]LogSpawn:Warning: SpawnActor failed because no class was specified
[2016.12.09-00.02.28:642][  0]LogBlueprintUserMessages: [pregame_C_0] 로그인
[2016.12.09-00.02.28:644][  0]LogLoad: Took 0.069768 seconds to LoadMap(/Temp/Autosaves/Game/Map/UEDPCMain)
[2016.12.09-00.02.28:644][  0]LogInit:Display: Game Engine Initialized.
[2016.12.09-00.02.28:881][  0]LogLoad: Full Startup: 7.14 seconds (BP compile: 0.16 seconds)
[2016.12.09-00.02.28:881][  0]LogExternalProfiler: Found external profiler: VSPerf
[2016.12.09-00.02.28:881][  0]LogExternalProfiler: Using external profiler: VSPerf
[2016.12.09-00.02.28:900][  0]LogWindowsTextInputMethodSystem:Display: IME system now activated using TSF (Microsoft 입력기).
[2016.12.09-00.02.28:903][  0]LogOcInput: OculusInput pre-init called
[2016.12.09-00.02.29:009][  2]LogRenderer: Reallocating scene render targets to support 1280x720 (Frame:2).
[2016.12.09-00.02.34:476][327]LogPackageName: SearchForPackageOnDisk took   0.096s to resolve map01.umap.
[2016.12.09-00.02.34:575][327]LogPackageName: SearchForPackageOnDisk took   0.098s to resolve map01.umap.
[2016.12.09-00.02.34:575][327]LogNet: Browse: /Game/Map/map01?listen
[2016.12.09-00.02.34:575][327]LogLoad: LoadMap: /Game/Map/map01?listen
[2016.12.09-00.02.34:575][327]LogBlueprintUserMessages: [pregame_C_0] 로그 아웃
[2016.12.09-00.02.34:592][327]LogMemory: Platform Memory Stats for Windows
[2016.12.09-00.02.34:592][327]LogMemory: Process Physical Memory: 646.27 MB used, 647.84 MB peak
[2016.12.09-00.02.34:592][327]LogMemory: Process Virtual Memory: 854.83 MB used, 861.17 MB peak
[2016.12.09-00.02.34:592][327]LogMemory: Physical Memory: 4934.75 MB used, 8113.86 MB total
[2016.12.09-00.02.34:592][327]LogMemory: Virtual Memory: 1558.63 MB used, 134217728.00 MB total
[2016.12.09-00.02.34:592][327]LogMemory: 
[2016.12.09-00.02.34:592][327]Allocator Stats for TBB: (not implemented)
[2016.12.09-00.02.36:582][327]LogAIModule: Creating AISystem for world map01
[2016.12.09-00.02.36:582][327]LogWorld: Game class is 'MyGameMode_C'
[2016.12.09-00.02.36:583][327]LogNet:Display: SteamNetDriver_0 bound to port 7777
[2016.12.09-00.02.36:583][327]PacketHandlerLog: Loaded PacketHandler component: Engine.EngineHandlerComponentFactory (StatelessConnectHandlerComponent)
[2016.12.09-00.02.36:583][327]LogNet: GameNetDriver SteamNetDriver_0 IpNetDriver listening on port 7777
[2016.12.09-00.02.36:592][327]LogWorld: Bringing World /Game/Map/map01.map01 up for play (max tick rate 0) at 2016.12.09-09.02.36
[2016.12.09-00.02.36:594][327]LogWorld: Bringing up level for play took: 0.010340
[2016.12.09-00.02.36:595][327]LogScript:Warning: Accessed None trying to read property CallFunc_K2_GetPawn_ReturnValue
	MyGameMode_C /Game/Map/map01.map01:PersistentLevel.MyGameMode_C_0
	Function /Game/BP/MyGameMode.MyGameMode_C:ExecuteUbergraph_MyGameMode:0492
[2016.12.09-00.02.36:595][327]LogScript:Warning: Script call stack:
	Function /Game/BP/MyGameMode.MyGameMode_C:K2_PostLogin
	Function /Game/BP/MyGameMode.MyGameMode_C:ExecuteUbergraph_MyGameMode
	Function /Game/BP/MyGameMode.MyGameMode_C:RespawnPlayerEvent
	Function /Game/BP/MyGameMode.MyGameMode_C:ExecuteUbergraph_MyGameMode

[2016.12.09-00.02.36:596][327]LogOnline:Warning: STEAM: Can't start an online session (Game) in state InProgress
[2016.12.09-00.02.36:598][327]LogScript:Warning: Accessed None trying to read property widget
	MyGameinstance_C /Engine/Transient.GameEngine_0:MyGameinstance_C_0
	Function /Game/BP/MyGameinstance.MyGameinstance_C:HideWidget:000A
[2016.12.09-00.02.36:598][327]LogScript:Warning: Script call stack:
	Function /Game/Map/map01.map01_C:ReceiveBeginPlay
	Function /Game/Map/map01.map01_C:ExecuteUbergraph_map01
	Function /Game/BP/MyGameinstance.MyGameinstance_C:StartPlayingState
	Function /Game/BP/MyGameinstance.MyGameinstance_C:HideWidget

[2016.12.09-00.02.36:599][327]LogLoad: Took 2.023549 seconds to LoadMap(/Game/Map/map01)
[2016.12.09-00.02.50:720][188]LogNet: NotifyAcceptingConnection: Server map01 accept
[2016.12.09-00.02.50:720][188]LogHandshake: SendConnectChallenge. Timestamp: 16.456495, Cookie: 027138056004070087117085224231075215244084161047116139038043
[2016.12.09-00.02.50:721][188]LogNet: NotifyAcceptingConnection: Server map01 accept
[2016.12.09-00.02.50:721][188]LogNet: NotifyAcceptingConnection: Server map01 accept
[2016.12.09-00.02.50:721][188]LogNet: NotifyAcceptingConnection: Server map01 accept
[2016.12.09-00.02.50:721][188]LogNet: NotifyAcceptingConnection: Server map01 accept
[2016.12.09-00.02.50:721][188]LogNet: NotifyAcceptingConnection: Server map01 accept
[2016.12.09-00.02.50:721][188]LogNet: NotifyAcceptingConnection: Server map01 accept
[2016.12.09-00.02.50:721][188]LogNet: NotifyAcceptingConnection: Server map01 accept
[2016.12.09-00.02.50:721][188]LogHandshake: SendConnectChallenge. Timestamp: 16.456495, Cookie: 027138056004070087117085224231075215244084161047116139038043
[2016.12.09-00.02.50:721][188]LogNet: NotifyAcceptingConnection: Server map01 accept
[2016.12.09-00.02.50:721][188]LogNet: NotifyAcceptingConnection: Server map01 accept
[2016.12.09-00.02.50:721][188]LogNet: NotifyAcceptingConnection: Server map01 accept
[2016.12.09-00.02.50:721][188]LogNet: NotifyAcceptingConnection: Server map01 accept
[2016.12.09-00.02.50:721][188]LogNet: NotifyAcceptingConnection: Server map01 accept
[2016.12.09-00.02.50:721][188]LogNet: NotifyAcceptingConnection: Server map01 accept
[2016.12.09-00.02.50:721][188]LogHandshake: SendConnectChallenge. Timestamp: 16.456495, Cookie: 027138056004070087117085224231075215244084161047116139038043
[2016.12.09-00.02.50:721][188]LogNet: NotifyAcceptingConnection: Server map01 accept
[2016.12.09-00.02.50:721][188]LogNet: NotifyAcceptingConnection: Server map01 accept
[2016.12.09-00.02.50:721][188]LogNet: NotifyAcceptingConnection: Server map01 accept
[2016.12.09-00.02.50:722][188]LogNet: NotifyAcceptingConnection: Server map01 accept
[2016.12.09-00.02.50:722][188]LogNet: NotifyAcceptingConnection: Server map01 accept
[2016.12.09-00.02.50:722][188]LogNet: NotifyAcceptingConnection: Server map01 accept
[2016.12.09-00.02.50:722][188]LogHandshake: SendConnectChallenge. Timestamp: 16.456495, Cookie: 027138056004070087117085224231075215244084161047116139038043
[2016.12.09-00.02.50:722][188]LogNet: NotifyAcceptingConnection: Server map01 accept
[2016.12.09-00.02.50:722][188]LogNet: NotifyAcceptingConnection: Server map01 accept
[2016.12.09-00.02.50:722][188]LogNet: NotifyAcceptingConnection: Server map01 accept
[2016.12.09-00.02.50:722][188]LogNet: NotifyAcceptingConnection: Server map01 accept
[2016.12.09-00.02.50:722][188]LogNet: NotifyAcceptingConnection: Server map01 accept
[2016.12.09-00.02.50:722][188]LogNet: NotifyAcceptingConnection: Server map01 accept
[2016.12.09-00.02.50:722][188]LogHandshake: SendConnectChallenge. Timestamp: 16.456495, Cookie: 027138056004070087117085224231075215244084161047116139038043
[2016.12.09-00.02.50:752][190]LogNet: NotifyAcceptingConnection: Server map01 accept
[2016.12.09-00.02.50:752][190]LogNet: Server accepting post-challenge connection from: 76561198348838308:7777
[2016.12.09-00.02.50:752][190]PacketHandlerLog: Loaded PacketHandler component: Engine.EngineHandlerComponentFactory (StatelessConnectHandlerComponent)
[2016.12.09-00.02.50:752][190]LogNet: NotifyAcceptedConnection: Name: map01, TimeStamp: 12/09/16 09:02:50, [UNetConnection] RemoteAddr: 76561198348838308:7777, Name: SteamNetConnection_0, Driver: GameNetDriver SteamNetDriver_0, IsServer: YES, PC: NULL, Owner: NULL
[2016.12.09-00.02.50:752][190]LogNet: AddClientConnection: Added client connection: [UNetConnection] RemoteAddr: 76561198348838308:7777, Name: SteamNetConnection_0, Driver: GameNetDriver SteamNetDriver_0, IsServer: YES, PC: NULL, Owner: NULL
[2016.12.09-00.02.50:946][202]LogNet: NotifyAcceptingChannel Control 0 server World /Game/Map/map01.map01: Accepted
[2016.12.09-00.02.50:946][202]LogNet: Remote platform little endian=1
[2016.12.09-00.02.50:946][202]LogNet: This platform little endian=1
[2016.12.09-00.02.50:946][202]LogNet: GetLocalNetworkVersion: GEngineNetVersion: 3039270, ProjectName: unnamed, ProjectVersion: 1.0.0.0, InternalProtocolVersion: 9, LocalNetworkVersion: 1745645396
[2016.12.09-00.02.50:994][205]LogNet: Login request: /Game/Map/Main?Name=Codemist_C userId: 76561198348838308
[2016.12.09-00.02.51:043][208]LogNet: Client netspeed is 10000
[2016.12.09-00.02.58:300][658]LogNet: Join request: /Game/Map/Main?Name=Codemist_C?SplitscreenCount=1
[2016.12.09-00.02.58:310][658]LogNet: Join succeeded: Codemist_C
[2016.12.09-00.03.16:576][791]LogBlueprintUserMessages: [bearT_114] 곰9000.0
[2016.12.09-00.03.16:787][804]LogBlueprintUserMessages: [bearT_114] 곰8000.0
[2016.12.09-00.03.17:318][837]LogBlueprintUserMessages: [Mixamo_Heraklios_C_0] 9900.0
[2016.12.09-00.03.17:383][841]LogBlueprintUserMessages: [bearT_114] 곰7000.0
[2016.12.09-00.03.17:383][841]LogBlueprintUserMessages: [Mixamo_Heraklios_C_0] 9800.0
[2016.12.09-00.03.17:512][849]LogBlueprintUserMessages: [bearT_114] 곰6000.0
[2016.12.09-00.03.17:512][849]LogBlueprintUserMessages: [Mixamo_Heraklios_C_0] 9700.0
[2016.12.09-00.03.17:642][857]LogBlueprintUserMessages: [bearT_114] 곰5000.0
[2016.12.09-00.03.17:852][870]LogBlueprintUserMessages: [bearT_114] 곰4000.0
[2016.12.09-00.03.18:480][909]LogBlueprintUserMessages: [Mixamo_Heraklios_C_0] 9600.0
[2016.12.09-00.03.18:496][910]LogBlueprintUserMessages: [bearT_114] 곰3000.0
[2016.12.09-00.03.18:496][910]LogBlueprintUserMessages: [Mixamo_Heraklios_C_0] 9500.0
[2016.12.09-00.03.18:721][924]LogBlueprintUserMessages: [bearT_114] 곰2000.0
[2016.12.09-00.03.18:915][936]LogBlueprintUserMessages: [bearT_114] 곰1000.0
[2016.12.09-00.03.19:657][982]LogBlueprintUserMessages: [Mixamo_Heraklios_C_0] 9400.0
[2016.12.09-00.03.19:690][984]LogBlueprintUserMessages: [Mixamo_Heraklios_C_0] 9300.0
[2016.12.09-00.03.19:690][984]LogBlueprintUserMessages: [bearT_114] 곰0.0
[2016.12.09-00.03.19:738][987]LogBlueprintUserMessages: [Mixamo_Heraklios_C_0] 9200.0
[2016.12.09-00.03.19:738][987]LogBlueprintUserMessages: [bearT_114] 곰-1000.0
[2016.12.09-00.03.22:544][161]LogBlueprintUserMessages: [Mixamo_Heraklios_C_0] 9100.0
[2016.12.09-00.03.31:528][718]LogBlueprintUserMessages: [Mixamo_Heraklios_C_2] 9000.0
[2016.12.09-00.03.31:674][727]LogBlueprintUserMessages: [Mixamo_Heraklios_C_2] 8000.0
[2016.12.09-00.03.31:706][729]LogBlueprintUserMessages: [Mixamo_Heraklios_C_2] 7000.0
[2016.12.09-00.03.31:996][747]LogBlueprintUserMessages: [Mixamo_Heraklios_C_2] 6000.0
[2016.12.09-00.03.32:111][754]LogBlueprintUserMessages: [Mixamo_Heraklios_C_2] 5000.0
[2016.12.09-00.03.32:222][761]LogBlueprintUserMessages: [Mixamo_Heraklios_C_2] 4000.0
[2016.12.09-00.03.32:739][793]LogBlueprintUserMessages: [Mixamo_Heraklios_C_2] 3000.0
[2016.12.09-00.03.33:029][811]LogBlueprintUserMessages: [Mixamo_Heraklios_C_2] 2000.0
[2016.12.09-00.03.33:803][859]LogBlueprintUserMessages: [Mixamo_Heraklios_C_2] 1000.0
[2016.12.09-00.03.33:851][862]LogBlueprintUserMessages: [Mixamo_Heraklios_C_0] 8100.0
[2016.12.09-00.03.34:093][877]LogBlueprintUserMessages: [Mixamo_Heraklios_C_2] 0.0
[2016.12.09-00.03.34:577][907]LogBlueprintUserMessages: [Mixamo_Heraklios_C_2] -1000.0
[2016.12.09-00.03.34:740][917]LogBlueprintUserMessages: [Mixamo_Heraklios_C_2] -2000.0
[2016.12.09-00.03.37:159][ 66]LogBlueprintUserMessages: [Mixamo_Heraklios_C_2] -3000.0
[2016.12.09-00.03.37:529][ 89]LogBlueprintUserMessages: [Mixamo_Heraklios_C_2] -4000.0
[2016.12.09-00.03.37:771][104]LogBlueprintUserMessages: [Mixamo_Heraklios_C_2] -5000.0
[2016.12.09-00.03.37:787][105]LogBlueprintUserMessages: [Mixamo_Heraklios_C_2] -6000.0
[2016.12.09-00.03.37:788][105]LogBlueprintUserMessages: [Mixamo_Heraklios_C_0] 7100.0
[2016.12.09-00.03.37:836][108]LogBlueprintUserMessages: [Mixamo_Heraklios_C_0] 6100.0
[2016.12.09-00.03.38:594][155]LogBlueprintUserMessages: [Mixamo_Heraklios_C_2] -7000.0
[2016.12.09-00.03.38:950][177]LogBlueprintUserMessages: [Mixamo_Heraklios_C_0] 5100.0
[2016.12.09-00.03.56:820][285]LogBlueprintUserMessages: [bearT3_365] 곰9000.0
[2016.12.09-00.03.57:030][298]LogBlueprintUserMessages: [bearT3_365] 곰8000.0
[2016.12.09-00.03.57:562][331]LogBlueprintUserMessages: [Mixamo_Heraklios_C_0] 5000.0
[2016.12.09-00.03.57:627][335]LogBlueprintUserMessages: [bearT3_365] 곰7000.0
[2016.12.09-00.03.57:627][335]LogBlueprintUserMessages: [Mixamo_Heraklios_C_0] 4900.0
[2016.12.09-00.03.57:885][351]LogBlueprintUserMessages: [bearT3_365] 곰6000.0
[2016.12.09-00.03.58:095][364]LogBlueprintUserMessages: [bearT3_365] 곰5000.0
[2016.12.09-00.03.58:740][404]LogBlueprintUserMessages: [Mixamo_Heraklios_C_0] 4800.0
[2016.12.09-00.03.58:740][404]LogBlueprintUserMessages: [bearT3_365] 곰4000.0
[2016.12.09-00.03.58:740][404]LogBlueprintUserMessages: [Mixamo_Heraklios_C_0] 4700.0
[2016.12.09-00.03.58:969][418]LogBlueprintUserMessages: [bearT3_365] 곰3000.0
[2016.12.09-00.03.59:159][430]LogBlueprintUserMessages: [bearT3_365] 곰2000.0
[2016.12.09-00.03.59:917][477]LogBlueprintUserMessages: [Mixamo_Heraklios_C_0] 4600.0
[2016.12.09-00.03.59:933][478]LogBlueprintUserMessages: [Mixamo_Heraklios_C_0] 4500.0
[2016.12.09-00.03.59:933][478]LogBlueprintUserMessages: [bearT3_365] 곰1000.0
[2016.12.09-00.04.00:030][484]LogBlueprintUserMessages: [bearT3_365] 곰0.0
[2016.12.09-00.04.11:143][173]LogBlueprintUserMessages: [bearT6_892] 곰9000.0
[2016.12.09-00.04.11:805][214]LogBlueprintUserMessages: [Mixamo_Heraklios_C_2] -7100.0
[2016.12.09-00.04.11:885][219]LogBlueprintUserMessages: [Mixamo_Heraklios_C_2] -7200.0
[2016.12.09-00.04.11:886][219]LogBlueprintUserMessages: [bearT6_892] 곰8000.0
[2016.12.09-00.04.11:966][224]LogBlueprintUserMessages: [bearT6_892] 곰7000.0
[2016.12.09-00.04.11:966][224]LogBlueprintUserMessages: [Mixamo_Heraklios_C_2] -7300.0
[2016.12.09-00.04.12:401][251]LogBlueprintUserMessages: [bearT6_892] 곰6000.0
[2016.12.09-00.04.12:982][287]LogBlueprintUserMessages: [Mixamo_Heraklios_C_2] -7400.0
[2016.12.09-00.04.13:047][291]LogBlueprintUserMessages: [Mixamo_Heraklios_C_2] -7500.0
[2016.12.09-00.04.13:047][291]LogBlueprintUserMessages: [bearT6_892] 곰5000.0
[2016.12.09-00.04.14:160][360]LogBlueprintUserMessages: [Mixamo_Heraklios_C_2] -7600.0
[2016.12.09-00.04.14:192][362]LogBlueprintUserMessages: [Mixamo_Heraklios_C_2] -7700.0
[2016.12.09-00.04.14:192][362]LogBlueprintUserMessages: [bearT6_892] 곰4000.0
[2016.12.09-00.04.14:450][378]LogBlueprintUserMessages: [Mixamo_Heraklios_C_2] -7800.0
[2016.12.09-00.04.17:434][563]LogBlueprintUserMessages: [Mixamo_Heraklios_C_0] 4400.0
[2016.12.09-00.04.17:450][564]LogBlueprintUserMessages: [Mixamo_Heraklios_C_0] 4300.0
[2016.12.09-00.04.17:482][566]LogBlueprintUserMessages: [Mixamo_Heraklios_C_0] 4200.0
[2016.12.09-00.04.17:531][569]LogBlueprintUserMessages: [Mixamo_Heraklios_C_0] 4100.0
[2016.12.09-00.04.17:644][576]LogBlueprintUserMessages: [bearT6_892] 곰3000.0
[2016.12.09-00.04.18:063][602]LogBlueprintUserMessages: [bearT6_892] 곰2000.0
[2016.12.09-00.04.18:112][605]LogBlueprintUserMessages: [Mixamo_Heraklios_C_0] 4000.0
[2016.12.09-00.04.18:386][622]LogBlueprintUserMessages: [Mixamo_Heraklios_C_0] 3900.0
[2016.12.09-00.04.22:531][879]LogBlueprintUserMessages: [bearT6_892] 곰1000.0
[2016.12.09-00.04.22:531][879]LogBlueprintUserMessages: [Mixamo_Heraklios_C_0] 3800.0
[2016.12.09-00.04.22:563][881]LogBlueprintUserMessages: [Mixamo_Heraklios_C_0] 3700.0
[2016.12.09-00.04.22:580][882]LogBlueprintUserMessages: [Mixamo_Heraklios_C_0] 3600.0
[2016.12.09-00.04.22:580][882]LogBlueprintUserMessages: [bearT6_892] 곰0.0
[2016.12.09-00.04.51:840][696]LogBlueprintUserMessages: [bearT4_562] 곰9000.0
[2016.12.09-00.04.52:211][719]LogBlueprintUserMessages: [bearT4_562] 곰8000.0
[2016.12.09-00.04.52:452][734]LogBlueprintUserMessages: [Mixamo_Heraklios_C_2] -7900.0
[2016.12.09-00.04.52:486][736]LogBlueprintUserMessages: [bearT4_562] 곰7000.0
[2016.12.09-00.04.52:759][753]LogBlueprintUserMessages: [Mixamo_Heraklios_C_2] -8000.0
[2016.12.09-00.04.53:340][789]LogBlueprintUserMessages: [bearT4_562] 곰6000.0
[2016.12.09-00.04.53:630][807]LogBlueprintUserMessages: [Mixamo_Heraklios_C_2] -8100.0
[2016.12.09-00.04.53:678][810]LogBlueprintUserMessages: [Mixamo_Heraklios_C_2] -8200.0
[2016.12.09-00.04.53:678][810]LogBlueprintUserMessages: [bearT4_562] 곰5000.0
[2016.12.09-00.04.53:936][826]LogBlueprintUserMessages: [Mixamo_Heraklios_C_2] -8300.0
[2016.12.09-00.04.54:678][872]LogBlueprintUserMessages: [bearT4_562] 곰4000.0
[2016.12.09-00.04.54:808][880]LogBlueprintUserMessages: [Mixamo_Heraklios_C_2] -8400.0
[2016.12.09-00.04.54:920][887]LogBlueprintUserMessages: [bearT4_562] 곰3000.0
[2016.12.09-00.04.54:920][887]LogBlueprintUserMessages: [Mixamo_Heraklios_C_2] -8500.0
[2016.12.09-00.04.55:098][898]LogBlueprintUserMessages: [Mixamo_Heraklios_C_2] -8600.0
[2016.12.09-00.05.03:888][443]LogBlueprintUserMessages: [Mixamo_Heraklios_C_2] -8700.0
[2016.12.09-00.05.05:066][516]LogBlueprintUserMessages: [Mixamo_Heraklios_C_2] -8800.0
[2016.12.09-00.05.06:245][589]LogBlueprintUserMessages: [Mixamo_Heraklios_C_2] -8900.0
[2016.12.09-00.05.08:324][718]LogBlueprintUserMessages: [bearT4_562] 곰2000.0
[2016.12.09-00.05.08:501][729]LogBlueprintUserMessages: [Mixamo_Heraklios_C_0] 3500.0
[2016.12.09-00.05.08:550][732]LogBlueprintUserMessages: [Mixamo_Heraklios_C_0] 3400.0
[2016.12.09-00.05.08:550][732]LogBlueprintUserMessages: [bearT4_562] 곰1000.0
[2016.12.09-00.05.08:663][739]LogBlueprintUserMessages: [bearT4_562] 곰0.0
[2016.12.09-00.05.13:808][ 58]LogBlueprintUserMessages: [Mixamo_Heraklios_C_2] -9000.0
[2016.12.09-00.05.15:986][193]LogBlueprintUserMessages: [bearT2_92] 곰9000.0
[2016.12.09-00.05.16:163][204]LogBlueprintUserMessages: [bearT2_92] 곰8000.0
[2016.12.09-00.05.16:566][229]LogBlueprintUserMessages: [Mixamo_Heraklios_C_2] -9100.0
[2016.12.09-00.05.16:599][231]LogBlueprintUserMessages: [bearT2_92] 곰7000.0
[2016.12.09-00.05.16:663][235]LogBlueprintUserMessages: [Mixamo_Heraklios_C_2] -9200.0
[2016.12.09-00.05.16:663][235]LogBlueprintUserMessages: [bearT2_92] 곰6000.0
[2016.12.09-00.05.17:002][256]LogBlueprintUserMessages: [Mixamo_Heraklios_C_2] -9300.0
[2016.12.09-00.05.17:002][256]LogBlueprintUserMessages: [bearT2_92] 곰5000.0
[2016.12.09-00.05.17:195][268]LogBlueprintUserMessages: [bearT2_92] 곰4000.0
[2016.12.09-00.05.17:631][295]LogBlueprintUserMessages: [bearT2_92] 곰3000.0
[2016.12.09-00.05.17:743][302]LogBlueprintUserMessages: [Mixamo_Heraklios_C_2] -9400.0
[2016.12.09-00.05.17:792][305]LogBlueprintUserMessages: [Mixamo_Heraklios_C_2] -9500.0
[2016.12.09-00.05.17:792][305]LogBlueprintUserMessages: [bearT2_92] 곰2000.0
[2016.12.09-00.05.18:050][321]LogBlueprintUserMessages: [bearT2_92] 곰1000.0
[2016.12.09-00.05.18:179][329]LogBlueprintUserMessages: [Mixamo_Heraklios_C_2] -9600.0
[2016.12.09-00.05.18:294][336]LogBlueprintUserMessages: [bearT2_92] 곰0.0
[2016.12.09-00.05.31:939][182]LogBlueprintUserMessages: [bearT5_745] 곰9000.0
[2016.12.09-00.05.32:213][199]LogBlueprintUserMessages: [bearT5_745] 곰8000.0
[2016.12.09-00.05.32:423][212]LogBlueprintUserMessages: [bearT5_745] 곰7000.0
[2016.12.09-00.05.32:519][218]LogBlueprintUserMessages: [Mixamo_Heraklios_C_2] -9700.0
[2016.12.09-00.05.32:552][220]LogBlueprintUserMessages: [Mixamo_Heraklios_C_2] -9800.0
[2016.12.09-00.05.32:552][220]LogBlueprintUserMessages: [bearT5_745] 곰6000.0
[2016.12.09-00.05.32:890][241]LogBlueprintUserMessages: [bearT5_745] 곰5000.0
[2016.12.09-00.05.32:955][245]LogBlueprintUserMessages: [Mixamo_Heraklios_C_2] -9900.0
[2016.12.09-00.05.33:100][254]LogBlueprintUserMessages: [bearT5_745] 곰4000.0
[2016.12.09-00.05.33:310][267]LogBlueprintUserMessages: [bearT5_745] 곰3000.0
[2016.12.09-00.05.33:697][291]LogBlueprintUserMessages: [Mixamo_Heraklios_C_2] -10000.0
[2016.12.09-00.05.33:730][293]LogBlueprintUserMessages: [Mixamo_Heraklios_C_2] -10100.0
[2016.12.09-00.05.33:730][293]LogBlueprintUserMessages: [bearT5_745] 곰2000.0
[2016.12.09-00.05.33:907][304]LogBlueprintUserMessages: [bearT5_745] 곰1000.0
[2016.12.09-00.05.34:132][318]LogBlueprintUserMessages: [bearT5_745] 곰0.0
[2016.12.09-00.05.34:133][318]LogBlueprintUserMessages: [Mixamo_Heraklios_C_2] -10200.0
[2016.12.09-00.06.56:717][438]LogNet: NotifyAcceptingConnection: Server map01 accept
[2016.12.09-00.06.56:717][438]LogHandshake: SendConnectChallenge. Timestamp: 262.446930, Cookie: 244216231119188161138125188250176043012027024174033254055038
[2016.12.09-00.06.56:717][438]LogNet: NotifyAcceptingConnection: Server map01 accept
[2016.12.09-00.06.56:717][438]LogNet: NotifyAcceptingConnection: Server map01 accept
[2016.12.09-00.06.56:717][438]LogNet: NotifyAcceptingConnection: Server map01 accept
[2016.12.09-00.06.56:718][438]LogNet: NotifyAcceptingConnection: Server map01 accept
[2016.12.09-00.06.56:718][438]LogNet: NotifyAcceptingConnection: Server map01 accept
[2016.12.09-00.06.56:718][438]LogNet: NotifyAcceptingConnection: Server map01 accept
[2016.12.09-00.06.56:718][438]LogNet: NotifyAcceptingConnection: Server map01 accept
[2016.12.09-00.06.56:718][438]LogNet: NotifyAcceptingConnection: Server map01 accept
[2016.12.09-00.06.56:718][438]LogHandshake: SendConnectChallenge. Timestamp: 262.446930, Cookie: 244216231119188161138125188250176043012027024174033254055038
[2016.12.09-00.06.56:718][438]LogNet: NotifyAcceptingConnection: Server map01 accept
[2016.12.09-00.06.56:718][438]LogNet: NotifyAcceptingConnection: Server map01 accept
[2016.12.09-00.06.56:718][438]LogNet: NotifyAcceptingConnection: Server map01 accept
[2016.12.09-00.06.56:718][438]LogNet: NotifyAcceptingConnection: Server map01 accept
[2016.12.09-00.06.56:718][438]LogNet: NotifyAcceptingConnection: Server map01 accept
[2016.12.09-00.06.56:718][438]LogNet: NotifyAcceptingConnection: Server map01 accept
[2016.12.09-00.06.56:718][438]LogHandshake: SendConnectChallenge. Timestamp: 262.446930, Cookie: 244216231119188161138125188250176043012027024174033254055038
[2016.12.09-00.06.56:718][438]LogNet: NotifyAcceptingConnection: Server map01 accept
[2016.12.09-00.06.56:718][438]LogNet: NotifyAcceptingConnection: Server map01 accept
[2016.12.09-00.06.56:718][438]LogNet: NotifyAcceptingConnection: Server map01 accept
[2016.12.09-00.06.56:718][438]LogNet: NotifyAcceptingConnection: Server map01 accept
[2016.12.09-00.06.56:719][438]LogNet: NotifyAcceptingConnection: Server map01 accept
[2016.12.09-00.06.56:719][438]LogNet: NotifyAcceptingConnection: Server map01 accept
[2016.12.09-00.06.56:719][438]LogHandshake: SendConnectChallenge. Timestamp: 262.446930, Cookie: 244216231119188161138125188250176043012027024174033254055038
[2016.12.09-00.06.56:719][438]LogNet: NotifyAcceptingConnection: Server map01 accept
[2016.12.09-00.06.56:719][438]LogNet: NotifyAcceptingConnection: Server map01 accept
[2016.12.09-00.06.56:719][438]LogNet: NotifyAcceptingConnection: Server map01 accept
[2016.12.09-00.06.56:719][438]LogNet: NotifyAcceptingConnection: Server map01 accept
[2016.12.09-00.06.56:719][438]LogNet: NotifyAcceptingConnection: Server map01 accept
[2016.12.09-00.06.56:719][438]LogNet: NotifyAcceptingConnection: Server map01 accept
[2016.12.09-00.06.56:719][438]LogHandshake: SendConnectChallenge. Timestamp: 262.446930, Cookie: 244216231119188161138125188250176043012027024174033254055038
[2016.12.09-00.06.56:733][439]LogNet: NotifyAcceptingConnection: Server map01 accept
[2016.12.09-00.06.56:733][439]LogNet: Server accepting post-challenge connection from: 76561198346569143:7777
[2016.12.09-00.06.56:733][439]PacketHandlerLog: Loaded PacketHandler component: Engine.EngineHandlerComponentFactory (StatelessConnectHandlerComponent)
[2016.12.09-00.06.56:733][439]LogNet: NotifyAcceptedConnection: Name: map01, TimeStamp: 12/09/16 09:06:56, [UNetConnection] RemoteAddr: 76561198346569143:7777, Name: SteamNetConnection_1, Driver: GameNetDriver SteamNetDriver_0, IsServer: YES, PC: NULL, Owner: NULL
[2016.12.09-00.06.56:733][439]LogNet: AddClientConnection: Added client connection: [UNetConnection] RemoteAddr: 76561198346569143:7777, Name: SteamNetConnection_1, Driver: GameNetDriver SteamNetDriver_0, IsServer: YES, PC: NULL, Owner: NULL
[2016.12.09-00.06.56:750][440]LogNet: NotifyAcceptingChannel Control 0 server World /Game/Map/map01.map01: Accepted
[2016.12.09-00.06.56:750][440]LogNet: Remote platform little endian=1
[2016.12.09-00.06.56:750][440]LogNet: This platform little endian=1
[2016.12.09-00.06.56:750][440]LogNet: GetLocalNetworkVersion: GEngineNetVersion: 3039270, ProjectName: unnamed, ProjectVersion: 1.0.0.0, InternalProtocolVersion: 9, LocalNetworkVersion: 1745645396
[2016.12.09-00.06.56:845][446]LogNet: Login request: /Game/Map/Main?Name=whitevines userId: 76561198346569143
[2016.12.09-00.06.56:861][447]LogNet: Client netspeed is 10000
[2016.12.09-00.07.41:459][212]LogNet: Join request: /Game/Map/Main?Name=whitevines?SplitscreenCount=1
[2016.12.09-00.07.41:464][212]LogNet: Join succeeded: whitevines
[2016.12.09-00.08.29:505][189]LogBlueprintUserMessages: [Mixamo_Heraklios_C_0] 2400.0
[2016.12.09-00.08.35:585][566]LogBlueprintUserMessages: [Mixamo_Heraklios_C_0] 1400.0
[2016.12.09-00.08.41:699][945]LogBlueprintUserMessages: [Mixamo_Heraklios_C_4] 9000.0
[2016.12.09-00.08.41:957][961]LogBlueprintUserMessages: [Mixamo_Heraklios_C_4] 8000.0
[2016.12.09-00.08.42:764][ 11]LogBlueprintUserMessages: [Mixamo_Heraklios_C_4] 7000.0
[2016.12.09-00.08.43:021][ 27]LogBlueprintUserMessages: [Mixamo_Heraklios_C_4] 6000.0
[2016.12.09-00.08.43:828][ 77]LogBlueprintUserMessages: [Mixamo_Heraklios_C_4] 5000.0
[2016.12.09-00.08.46:601][249]LogBlueprintUserMessages: [Mixamo_Heraklios_C_4] 4000.0
[2016.12.09-00.08.46:602][249]LogBlueprintUserMessages: [Mixamo_Heraklios_C_0] 400.0
[2016.12.09-00.08.46:619][250]LogBlueprintUserMessages: [Mixamo_Heraklios_C_4] 3000.0
[2016.12.09-00.08.46:843][264]LogBlueprintUserMessages: [Mixamo_Heraklios_C_4] 2000.0
[2016.12.09-00.08.46:860][265]LogBlueprintUserMessages: [Mixamo_Heraklios_C_4] 1000.0
[2016.12.09-00.08.46:860][265]LogBlueprintUserMessages: [Mixamo_Heraklios_C_0] -600.0
[2016.12.09-00.08.47:666][315]LogBlueprintUserMessages: [Mixamo_Heraklios_C_4] 0.0
[2016.12.09-00.08.47:667][315]LogBlueprintUserMessages: [Mixamo_Heraklios_C_0] -1600.0
[2016.12.09-00.08.47:682][316]LogBlueprintUserMessages: [Mixamo_Heraklios_C_4] -1000.0
[2016.12.09-00.08.47:910][330]LogBlueprintUserMessages: [Mixamo_Heraklios_C_4] -2000.0
[2016.12.09-00.08.47:924][331]LogBlueprintUserMessages: [Mixamo_Heraklios_C_4] -3000.0
[2016.12.09-00.08.47:925][331]LogBlueprintUserMessages: [Mixamo_Heraklios_C_0] -2600.0
[2016.12.09-00.08.48:747][382]LogBlueprintUserMessages: [Mixamo_Heraklios_C_4] -4000.0
[2016.12.09-00.08.48:975][396]LogBlueprintUserMessages: [Mixamo_Heraklios_C_4] -5000.0
[2016.12.09-00.08.52:102][590]LogBlueprintUserMessages: [Mixamo_Heraklios_C_0] -3600.0
[2016.12.09-00.08.54:634][747]LogBlueprintUserMessages: [Mixamo_Heraklios_C_4] -6000.0
[2016.12.09-00.08.54:828][759]LogBlueprintUserMessages: [Mixamo_Heraklios_C_4] -7000.0
[2016.12.09-00.08.55:699][813]LogBlueprintUserMessages: [Mixamo_Heraklios_C_4] -8000.0
[2016.12.09-00.08.55:892][825]LogBlueprintUserMessages: [Mixamo_Heraklios_C_4] -9000.0
[2016.12.09-00.08.55:909][826]LogBlueprintUserMessages: [Mixamo_Heraklios_C_4] -10000.0
[2016.12.09-00.08.56:764][879]LogBlueprintUserMessages: [Mixamo_Heraklios_C_4] -11000.0
[2016.12.09-00.08.56:780][880]LogBlueprintUserMessages: [Mixamo_Heraklios_C_4] -12000.0
[2016.12.09-00.08.56:957][891]LogBlueprintUserMessages: [Mixamo_Heraklios_C_4] -13000.0
[2016.12.09-00.08.56:975][892]LogBlueprintUserMessages: [Mixamo_Heraklios_C_4] -14000.0
[2016.12.09-00.08.57:828][945]LogBlueprintUserMessages: [Mixamo_Heraklios_C_4] -15000.0
[2016.12.09-00.08.57:844][946]LogBlueprintUserMessages: [Mixamo_Heraklios_C_4] -16000.0
[2016.12.09-00.08.58:021][957]LogBlueprintUserMessages: [Mixamo_Heraklios_C_4] -17000.0
[2016.12.09-00.08.58:038][958]LogBlueprintUserMessages: [Mixamo_Heraklios_C_4] -18000.0
[2016.12.09-00.08.58:894][ 11]LogBlueprintUserMessages: [Mixamo_Heraklios_C_4] -19000.0
[2016.12.09-00.08.58:909][ 12]LogBlueprintUserMessages: [Mixamo_Heraklios_C_4] -20000.0
[2016.12.09-00.08.59:086][ 23]LogBlueprintUserMessages: [Mixamo_Heraklios_C_4] -21000.0
[2016.12.09-00.08.59:102][ 24]LogBlueprintUserMessages: [Mixamo_Heraklios_C_4] -22000.0
[2016.12.09-00.09.01:828][193]LogBlueprintUserMessages: [Mixamo_Heraklios_C_4] -23000.0
[2016.12.09-00.09.01:973][202]LogBlueprintUserMessages: [Mixamo_Heraklios_C_4] -24000.0
[2016.12.09-00.09.02:892][259]LogBlueprintUserMessages: [Mixamo_Heraklios_C_4] -25000.0
[2016.12.09-00.09.03:054][269]LogBlueprintUserMessages: [Mixamo_Heraklios_C_4] -26000.0
[2016.12.09-00.09.09:942][696]LogBlueprintUserMessages: [Mixamo_Heraklios_C_0] -4600.0
[2016.12.09-00.09.10:409][725]LogBlueprintUserMessages: [Mixamo_Heraklios_C_0] -5600.0
[2016.12.09-00.09.10:765][747]LogBlueprintUserMessages: [Mixamo_Heraklios_C_0] -6600.0
[2016.12.09-00.09.10:942][758]LogBlueprintUserMessages: [Mixamo_Heraklios_C_0] -7600.0
[2016.12.09-00.09.11:135][770]LogBlueprintUserMessages: [Mixamo_Heraklios_C_0] -8600.0
[2016.12.09-00.09.11:232][776]LogBlueprintUserMessages: [Mixamo_Heraklios_C_0] -9600.0
[2016.12.09-00.09.11:474][791]LogBlueprintUserMessages: [Mixamo_Heraklios_C_0] -10600.0
[2016.12.09-00.09.11:846][814]LogBlueprintUserMessages: [Mixamo_Heraklios_C_0] -11600.0
[2016.12.09-00.09.12:022][825]LogBlueprintUserMessages: [Mixamo_Heraklios_C_0] -12600.0
[2016.12.09-00.09.12:216][837]LogBlueprintUserMessages: [Mixamo_Heraklios_C_0] -13600.0
[2016.12.09-00.09.35:040][252]LogBlueprintUserMessages: [Mixamo_Heraklios_C_2] -11200.0
[2016.12.09-00.09.35:475][279]LogBlueprintUserMessages: [Mixamo_Heraklios_C_2] -12200.0
[2016.12.09-00.09.35:475][279]LogBlueprintUserMessages: [Mixamo_Heraklios_C_2] -13200.0
[2016.12.09-00.09.35:685][292]LogBlueprintUserMessages: [Mixamo_Heraklios_C_2] -14200.0
[2016.12.09-00.09.35:700][293]LogBlueprintUserMessages: [Mixamo_Heraklios_C_2] -15200.0
[2016.12.09-00.09.36:539][345]LogBlueprintUserMessages: [Mixamo_Heraklios_C_2] -16200.0
[2016.12.09-00.09.36:749][358]LogBlueprintUserMessages: [Mixamo_Heraklios_C_2] -17200.0
[2016.12.09-00.09.36:765][359]LogBlueprintUserMessages: [Mixamo_Heraklios_C_2] -18200.0
[2016.12.09-00.09.37:604][411]LogBlueprintUserMessages: [Mixamo_Heraklios_C_2] -19200.0
[2016.12.09-00.09.37:621][412]LogBlueprintUserMessages: [Mixamo_Heraklios_C_2] -20200.0
[2016.12.09-00.09.37:814][424]LogBlueprintUserMessages: [Mixamo_Heraklios_C_2] -21200.0
[2016.12.09-00.09.37:830][425]LogBlueprintUserMessages: [Mixamo_Heraklios_C_2] -22200.0
[2016.12.09-00.09.38:668][477]LogBlueprintUserMessages: [Mixamo_Heraklios_C_2] -23200.0
[2016.12.09-00.09.38:685][478]LogBlueprintUserMessages: [Mixamo_Heraklios_C_2] -24200.0
[2016.12.09-00.09.38:878][490]LogBlueprintUserMessages: [Mixamo_Heraklios_C_2] -25200.0
[2016.12.09-00.09.38:894][491]LogBlueprintUserMessages: [Mixamo_Heraklios_C_2] -26200.0
[2016.12.09-00.09.39:733][543]LogBlueprintUserMessages: [Mixamo_Heraklios_C_2] -27200.0
[2016.12.09-00.09.39:749][544]LogBlueprintUserMessages: [Mixamo_Heraklios_C_2] -28200.0
[2016.12.09-00.09.39:943][556]LogBlueprintUserMessages: [Mixamo_Heraklios_C_2] -29200.0
[2016.12.09-00.09.39:959][557]LogBlueprintUserMessages: [Mixamo_Heraklios_C_2] -30200.0
[2016.12.09-00.09.40:798][609]LogBlueprintUserMessages: [Mixamo_Heraklios_C_2] -31200.0
[2016.12.09-00.09.40:814][610]LogBlueprintUserMessages: [Mixamo_Heraklios_C_2] -32200.0
[2016.12.09-00.09.41:007][622]LogBlueprintUserMessages: [Mixamo_Heraklios_C_2] -33200.0
[2016.12.09-00.09.41:862][675]LogBlueprintUserMessages: [Mixamo_Heraklios_C_2] -34200.0
[2016.12.09-00.09.41:878][676]LogBlueprintUserMessages: [Mixamo_Heraklios_C_2] -35200.0
[2016.12.09-00.09.42:072][688]LogBlueprintUserMessages: [Mixamo_Heraklios_C_2] -36200.0
[2016.12.09-00.09.42:927][741]LogBlueprintUserMessages: [Mixamo_Heraklios_C_2] -37200.0
[2016.12.09-00.09.42:943][742]LogBlueprintUserMessages: [Mixamo_Heraklios_C_2] -38200.0
[2016.12.09-00.09.43:152][755]LogBlueprintUserMessages: [Mixamo_Heraklios_C_2] -39200.0
[2016.12.09-00.09.43:168][756]LogBlueprintUserMessages: [Mixamo_Heraklios_C_2] -40200.0
[2016.12.09-00.09.44:008][808]LogBlueprintUserMessages: [Mixamo_Heraklios_C_2] -41200.0
[2016.12.09-00.09.44:008][808]LogBlueprintUserMessages: [Mixamo_Heraklios_C_2] -42200.0
[2016.12.09-00.09.44:217][821]LogBlueprintUserMessages: [Mixamo_Heraklios_C_2] -43200.0
[2016.12.09-00.09.44:233][822]LogBlueprintUserMessages: [Mixamo_Heraklios_C_2] -44200.0
[2016.12.09-00.09.45:072][874]LogBlueprintUserMessages: [Mixamo_Heraklios_C_2] -45200.0
[2016.12.09-00.09.45:282][887]LogBlueprintUserMessages: [Mixamo_Heraklios_C_2] -46200.0
[2016.12.09-00.09.45:298][888]LogBlueprintUserMessages: [Mixamo_Heraklios_C_2] -47200.0
[2016.12.09-00.09.45:620][908]LogBlueprintUserMessages: [Mixamo_Heraklios_C_2] -48200.0
[2016.12.09-00.09.45:639][909]LogBlueprintUserMessages: [Mixamo_Heraklios_C_2] -49200.0
[2016.12.09-00.09.45:959][929]LogBlueprintUserMessages: [Mixamo_Heraklios_C_2] -50200.0
[2016.12.09-00.09.46:137][940]LogBlueprintUserMessages: [Mixamo_Heraklios_C_2] -51200.0
[2016.12.09-00.09.46:153][941]LogBlueprintUserMessages: [Mixamo_Heraklios_C_2] -52200.0
[2016.12.09-00.09.46:153][941]LogBlueprintUserMessages: [Mixamo_Heraklios_C_2] -53200.0
[2016.12.09-00.09.46:185][943]LogBlueprintUserMessages: [Mixamo_Heraklios_C_4] -27000.0
[2016.12.09-00.09.46:186][943]LogBlueprintUserMessages: [Mixamo_Heraklios_C_2] -54200.0
[2016.12.09-00.09.46:298][950]LogBlueprintUserMessages: [Mixamo_Heraklios_C_4] -28000.0
[2016.12.09-00.09.46:314][951]LogBlueprintUserMessages: [Mixamo_Heraklios_C_2] -55200.0
[2016.12.09-00.09.46:347][953]LogBlueprintUserMessages: [Mixamo_Heraklios_C_2] -56200.0
[2016.12.09-00.09.46:347][953]LogBlueprintUserMessages: [Mixamo_Heraklios_C_0] -14600.0
[2016.12.09-00.09.46:347][953]LogBlueprintUserMessages: [Mixamo_Heraklios_C_4] -29000.0
[2016.12.09-00.09.46:363][954]LogBlueprintUserMessages: [Mixamo_Heraklios_C_2] -57200.0
[2016.12.09-00.09.46:577][967]LogBlueprintUserMessages: [Mixamo_Heraklios_C_2] -58200.0
[2016.12.09-00.09.47:012][994]LogBlueprintUserMessages: [Mixamo_Heraklios_C_2] -59200.0
[2016.12.09-00.09.47:205][  6]LogBlueprintUserMessages: [Mixamo_Heraklios_C_2] -60200.0
[2016.12.09-00.09.47:221][  7]LogBlueprintUserMessages: [Mixamo_Heraklios_C_2] -61200.0
[2016.12.09-00.09.47:254][  9]LogBlueprintUserMessages: [Mixamo_Heraklios_C_4] -30000.0
[2016.12.09-00.09.47:368][ 16]LogBlueprintUserMessages: [Mixamo_Heraklios_C_4] -31000.0
[2016.12.09-00.09.47:385][ 17]LogBlueprintUserMessages: [Mixamo_Heraklios_C_2] -62200.0
[2016.12.09-00.09.47:417][ 19]LogBlueprintUserMessages: [Mixamo_Heraklios_C_2] -63200.0
[2016.12.09-00.09.47:417][ 19]LogBlueprintUserMessages: [Mixamo_Heraklios_C_0] -15600.0
[2016.12.09-00.09.47:417][ 19]LogBlueprintUserMessages: [Mixamo_Heraklios_C_4] -32000.0
[2016.12.09-00.09.47:433][ 20]LogBlueprintUserMessages: [Mixamo_Heraklios_C_2] -64200.0
[2016.12.09-00.09.47:657][ 34]LogBlueprintUserMessages: [Mixamo_Heraklios_C_2] -65200.0
[2016.12.09-00.09.48:077][ 60]LogBlueprintUserMessages: [Mixamo_Heraklios_C_4] -33000.0
[2016.12.09-00.09.48:270][ 72]LogBlueprintUserMessages: [Mixamo_Heraklios_C_2] -66200.0
[2016.12.09-00.09.48:287][ 73]LogBlueprintUserMessages: [Mixamo_Heraklios_C_2] -67200.0
[2016.12.09-00.09.48:318][ 75]LogBlueprintUserMessages: [Mixamo_Heraklios_C_4] -34000.0
[2016.12.09-00.09.48:367][ 78]LogBlueprintUserMessages: [Mixamo_Heraklios_C_2] -68200.0
[2016.12.09-00.09.48:432][ 82]LogBlueprintUserMessages: [Mixamo_Heraklios_C_4] -35000.0
[2016.12.09-00.09.48:481][ 85]LogBlueprintUserMessages: [Mixamo_Heraklios_C_2] -69200.0
[2016.12.09-00.09.48:496][ 86]LogBlueprintUserMessages: [Mixamo_Heraklios_C_2] -70200.0
[2016.12.09-00.09.48:545][ 89]LogBlueprintUserMessages: [Mixamo_Heraklios_C_2] -71200.0
[2016.12.09-00.09.48:576][ 91]LogBlueprintUserMessages: [Mixamo_Heraklios_C_2] -72200.0
[2016.12.09-00.09.48:802][105]LogBlueprintUserMessages: [Mixamo_Heraklios_C_2] -73200.0
[2016.12.09-00.09.48:802][105]LogBlueprintUserMessages: [Mixamo_Heraklios_C_2] -74200.0
[2016.12.09-00.09.48:998][117]LogBlueprintUserMessages: [Mixamo_Heraklios_C_2] -75200.0
[2016.12.09-00.09.49:334][138]LogBlueprintUserMessages: [Mixamo_Heraklios_C_2] -76200.0
[2016.12.09-00.09.49:350][139]LogBlueprintUserMessages: [Mixamo_Heraklios_C_2] -77200.0
[2016.12.09-00.09.49:383][141]LogBlueprintUserMessages: [Mixamo_Heraklios_C_4] -36000.0
[2016.12.09-00.09.49:415][143]LogBlueprintUserMessages: [Mixamo_Heraklios_C_2] -78200.0
[2016.12.09-00.09.49:513][149]LogBlueprintUserMessages: [Mixamo_Heraklios_C_4] -37000.0
[2016.12.09-00.09.49:544][151]LogBlueprintUserMessages: [Mixamo_Heraklios_C_2] -79200.0
[2016.12.09-00.09.49:560][152]LogBlueprintUserMessages: [Mixamo_Heraklios_C_2] -80200.0
[2016.12.09-00.09.49:641][157]LogBlueprintUserMessages: [Mixamo_Heraklios_C_2] -81200.0
[2016.12.09-00.09.49:641][157]LogBlueprintUserMessages: [Mixamo_Heraklios_C_2] -82200.0
[2016.12.09-00.09.49:883][172]LogBlueprintUserMessages: [Mixamo_Heraklios_C_2] -83200.0
[2016.12.09-00.09.50:077][184]LogBlueprintUserMessages: [Mixamo_Heraklios_C_2] -84200.0
[2016.12.09-00.09.50:399][204]LogBlueprintUserMessages: [Mixamo_Heraklios_C_2] -85200.0
[2016.12.09-00.09.50:415][205]LogBlueprintUserMessages: [Mixamo_Heraklios_C_2] -86200.0
[2016.12.09-00.09.50:448][207]LogBlueprintUserMessages: [Mixamo_Heraklios_C_4] -38000.0
[2016.12.09-00.09.50:480][209]LogBlueprintUserMessages: [Mixamo_Heraklios_C_2] -87200.0
[2016.12.09-00.09.50:578][215]LogBlueprintUserMessages: [Mixamo_Heraklios_C_4] -39000.0
[2016.12.09-00.09.50:609][217]LogBlueprintUserMessages: [Mixamo_Heraklios_C_2] -88200.0
[2016.12.09-00.09.50:625][218]LogBlueprintUserMessages: [Mixamo_Heraklios_C_2] -89200.0
[2016.12.09-00.09.50:674][221]LogBlueprintUserMessages: [Mixamo_Heraklios_C_2] -90200.0
[2016.12.09-00.09.50:706][223]LogBlueprintUserMessages: [Mixamo_Heraklios_C_2] -91200.0
[2016.12.09-00.09.50:948][238]LogBlueprintUserMessages: [Mixamo_Heraklios_C_2] -92200.0
[2016.12.09-00.09.50:948][238]LogBlueprintUserMessages: [Mixamo_Heraklios_C_2] -93200.0
[2016.12.09-00.09.51:126][249]LogBlueprintUserMessages: [Mixamo_Heraklios_C_2] -94200.0
[2016.12.09-00.09.51:463][270]LogBlueprintUserMessages: [Mixamo_Heraklios_C_2] -95200.0
[2016.12.09-00.09.51:480][271]LogBlueprintUserMessages: [Mixamo_Heraklios_C_2] -96200.0
[2016.12.09-00.09.51:512][273]LogBlueprintUserMessages: [Mixamo_Heraklios_C_4] -40000.0
[2016.12.09-00.09.51:544][275]LogBlueprintUserMessages: [Mixamo_Heraklios_C_2] -97200.0
[2016.12.09-00.09.51:643][281]LogBlueprintUserMessages: [Mixamo_Heraklios_C_4] -41000.0
[2016.12.09-00.09.51:673][283]LogBlueprintUserMessages: [Mixamo_Heraklios_C_2] -98200.0
[2016.12.09-00.09.51:722][286]LogBlueprintUserMessages: [Mixamo_Heraklios_C_2] -99200.0
[2016.12.09-00.09.51:786][290]LogBlueprintUserMessages: [Mixamo_Heraklios_C_2] -100200.0
[2016.12.09-00.09.51:996][303]LogBlueprintUserMessages: [Mixamo_Heraklios_C_2] -101200.0
[2016.12.09-00.09.51:996][303]LogBlueprintUserMessages: [Mixamo_Heraklios_C_2] -102200.0
[2016.12.09-00.09.52:205][316]LogBlueprintUserMessages: [Mixamo_Heraklios_C_2] -103200.0
[2016.12.09-00.09.52:660][344]LogBlueprintUserMessages: [Mixamo_Heraklios_C_2] -104200.0
[2016.12.09-00.09.53:077][370]LogBlueprintUserMessages: [Mixamo_Heraklios_C_2] -105200.0
[2016.12.09-00.09.53:078][370]LogBlueprintUserMessages: [Mixamo_Heraklios_C_2] -106200.0
[2016.12.09-00.09.53:271][382]LogBlueprintUserMessages: [Mixamo_Heraklios_C_2] -107200.0
[2016.12.09-00.09.53:690][408]LogBlueprintUserMessages: [Mixamo_Heraklios_C_2] -108200.0
[2016.12.09-00.09.53:883][420]LogBlueprintUserMessages: [Mixamo_Heraklios_C_2] -109200.0
[2016.12.09-00.09.53:900][421]LogBlueprintUserMessages: [Mixamo_Heraklios_C_2] -110200.0
[2016.12.09-00.09.54:141][436]LogBlueprintUserMessages: [Mixamo_Heraklios_C_2] -111200.0
[2016.12.09-00.09.54:142][436]LogBlueprintUserMessages: [Mixamo_Heraklios_C_2] -112200.0
[2016.12.09-00.09.54:335][448]LogBlueprintUserMessages: [Mixamo_Heraklios_C_2] -113200.0
[2016.12.09-00.09.54:771][475]LogBlueprintUserMessages: [Mixamo_Heraklios_C_2] -114200.0
[2016.12.09-00.09.54:932][485]LogBlueprintUserMessages: [Mixamo_Heraklios_C_2] -115200.0
[2016.12.09-00.09.54:980][488]LogBlueprintUserMessages: [Mixamo_Heraklios_C_2] -116200.0
[2016.12.09-00.09.55:206][502]LogBlueprintUserMessages: [Mixamo_Heraklios_C_2] -117200.0
[2016.12.09-00.09.55:206][502]LogBlueprintUserMessages: [Mixamo_Heraklios_C_2] -118200.0
[2016.12.09-00.09.55:400][514]LogBlueprintUserMessages: [Mixamo_Heraklios_C_2] -119200.0
[2016.12.09-00.09.55:819][540]LogBlueprintUserMessages: [Mixamo_Heraklios_C_2] -120200.0
[2016.12.09-00.09.56:013][552]LogBlueprintUserMessages: [Mixamo_Heraklios_C_2] -121200.0
[2016.12.09-00.09.56:306][570]LogBlueprintUserMessages: [Mixamo_Heraklios_C_2] -122200.0
[2016.12.09-00.09.56:306][570]LogBlueprintUserMessages: [Mixamo_Heraklios_C_2] -123200.0
[2016.12.09-00.09.56:448][579]LogBlueprintUserMessages: [Mixamo_Heraklios_C_2] -124200.0
[2016.12.09-00.09.58:416][701]LogBlueprintUserMessages: [Mixamo_Heraklios_C_4] -42000.0
[2016.12.09-00.09.58:464][704]LogBlueprintUserMessages: [Mixamo_Heraklios_C_4] -43000.0
[2016.12.09-00.09.58:786][724]LogBlueprintUserMessages: [Mixamo_Heraklios_C_4] -44000.0
[2016.12.09-00.09.58:982][736]LogBlueprintUserMessages: [Mixamo_Heraklios_C_0] -16600.0
[2016.12.09-00.09.59:206][750]LogBlueprintUserMessages: [Mixamo_Heraklios_C_0] -17600.0
[2016.12.09-00.09.59:448][765]LogBlueprintUserMessages: [Mixamo_Heraklios_C_0] -18600.0
[2016.12.09-00.09.59:754][784]LogBlueprintUserMessages: [Mixamo_Heraklios_C_0] -19600.0
[2016.12.09-00.10.00:317][818]LogBlueprintUserMessages: [Mixamo_Heraklios_C_0] -20600.0
[2016.12.09-00.10.00:491][829]LogBlueprintUserMessages: [Mixamo_Heraklios_C_0] -21600.0
[2016.12.09-00.10.00:555][833]LogBlueprintUserMessages: [Mixamo_Heraklios_C_4] -45000.0
[2016.12.09-00.10.00:813][849]LogBlueprintUserMessages: [Mixamo_Heraklios_C_0] -22600.0
[2016.12.09-00.10.00:894][854]LogBlueprintUserMessages: [Mixamo_Heraklios_C_4] -46000.0
[2016.12.09-00.10.00:894][854]LogBlueprintUserMessages: [Mixamo_Heraklios_C_0] -23600.0
[2016.12.09-00.10.01:345][882]LogBlueprintUserMessages: [Mixamo_Heraklios_C_0] -24600.0
[2016.12.09-00.10.01:588][897]LogBlueprintUserMessages: [Mixamo_Heraklios_C_0] -25600.0
[2016.12.09-00.10.01:733][906]LogBlueprintUserMessages: [Mixamo_Heraklios_C_0] -26600.0
[2016.12.09-00.10.01:894][916]LogBlueprintUserMessages: [Mixamo_Heraklios_C_0] -27600.0
[2016.12.09-00.10.02:426][949]LogBlueprintUserMessages: [Mixamo_Heraklios_C_0] -28600.0
[2016.12.09-00.10.02:620][961]LogBlueprintUserMessages: [Mixamo_Heraklios_C_0] -29600.0
[2016.12.09-00.10.02:943][981]LogBlueprintUserMessages: [Mixamo_Heraklios_C_0] -30600.0
[2016.12.09-00.10.02:959][982]LogBlueprintUserMessages: [Mixamo_Heraklios_C_0] -31600.0
[2016.12.09-00.10.03:281][  2]LogBlueprintUserMessages: [Mixamo_Heraklios_C_0] -32600.0
[2016.12.09-00.10.03:523][ 17]LogBlueprintUserMessages: [Mixamo_Heraklios_C_0] -33600.0
[2016.12.09-00.10.03:539][ 18]LogBlueprintUserMessages: [Mixamo_Heraklios_C_0] -34600.0
[2016.12.09-00.10.03:669][ 26]LogBlueprintUserMessages: [Mixamo_Heraklios_C_4] -47000.0
[2016.12.09-00.10.03:701][ 28]LogBlueprintUserMessages: [Mixamo_Heraklios_C_0] -35600.0
[2016.12.09-00.10.03:942][ 43]LogBlueprintUserMessages: [Mixamo_Heraklios_C_4] -48000.0
[2016.12.09-00.10.03:991][ 46]LogBlueprintUserMessages: [Mixamo_Heraklios_C_0] -36600.0
[2016.12.09-00.10.04:249][ 62]LogBlueprintUserMessages: [Mixamo_Heraklios_C_4] -49000.0
[2016.12.09-00.10.04:491][ 77]LogBlueprintUserMessages: [Mixamo_Heraklios_C_4] -50000.0
[2016.12.09-00.10.04:572][ 82]LogBlueprintUserMessages: [Mixamo_Heraklios_C_0] -37600.0
[2016.12.09-00.10.04:588][ 83]LogBlueprintUserMessages: [Mixamo_Heraklios_C_0] -38600.0
[2016.12.09-00.10.04:588][ 83]LogBlueprintUserMessages: [Mixamo_Heraklios_C_0] -39600.0
[2016.12.09-00.10.04:765][ 94]LogBlueprintUserMessages: [Mixamo_Heraklios_C_0] -40600.0
[2016.12.09-00.10.04:781][ 95]LogBlueprintUserMessages: [Mixamo_Heraklios_C_0] -41600.0
[2016.12.09-00.10.04:798][ 96]LogBlueprintUserMessages: [Mixamo_Heraklios_C_0] -42600.0
[2016.12.09-00.10.04:814][ 97]LogBlueprintUserMessages: [Mixamo_Heraklios_C_0] -43600.0
[2016.12.09-00.10.05:088][114]LogBlueprintUserMessages: [Mixamo_Heraklios_C_0] -44600.0
[2016.12.09-00.10.05:104][115]LogBlueprintUserMessages: [Mixamo_Heraklios_C_0] -45600.0
[2016.12.09-00.10.05:878][163]LogBlueprintUserMessages: [Mixamo_Heraklios_C_0] -46600.0
[2016.12.09-00.10.05:943][167]LogBlueprintUserMessages: [Mixamo_Heraklios_C_4] -51000.0
[2016.12.09-00.10.05:959][168]LogBlueprintUserMessages: [Mixamo_Heraklios_C_0] -47600.0
[2016.12.09-00.10.06:284][188]LogBlueprintUserMessages: [Mixamo_Heraklios_C_4] -52000.0
[2016.12.09-00.10.06:556][205]LogBlueprintUserMessages: [Mixamo_Heraklios_C_4] -53000.0
[2016.12.09-00.10.06:927][228]LogBlueprintUserMessages: [Mixamo_Heraklios_C_0] -48600.0
[2016.12.09-00.10.07:023][234]LogBlueprintUserMessages: [Mixamo_Heraklios_C_0] -49600.0
[2016.12.09-00.10.07:346][254]LogBlueprintUserMessages: [Mixamo_Heraklios_C_4] -54000.0
[2016.12.09-00.10.07:621][271]LogBlueprintUserMessages: [Mixamo_Heraklios_C_4] -55000.0
[2016.12.09-00.10.08:008][295]LogBlueprintUserMessages: [Mixamo_Heraklios_C_0] -50600.0
[2016.12.09-00.10.08:072][299]LogBlueprintUserMessages: [Mixamo_Heraklios_C_0] -51600.0
[2016.12.09-00.10.08:426][321]LogBlueprintUserMessages: [Mixamo_Heraklios_C_4] -56000.0
[2016.12.09-00.10.08:443][322]LogBlueprintUserMessages: [Mixamo_Heraklios_C_4] -57000.0
[2016.12.09-00.10.08:685][337]LogBlueprintUserMessages: [Mixamo_Heraklios_C_4] -58000.0
[2016.12.09-00.10.09:492][387]LogBlueprintUserMessages: [Mixamo_Heraklios_C_2] -125200.0
[2016.12.09-00.10.09:702][400]LogBlueprintUserMessages: [Mixamo_Heraklios_C_2] -126200.0
[2016.12.09-00.10.10:008][419]LogBlueprintUserMessages: [Mixamo_Heraklios_C_2] -127200.0
[2016.12.09-00.10.11:636][520]LogBlueprintUserMessages: [Mixamo_Heraklios_C_2] -128200.0
[2016.12.09-00.10.12:076][547]LogBlueprintUserMessages: [Mixamo_Heraklios_C_2] -129200.0
[2016.12.09-00.10.22:287][180]LogBlueprintUserMessages: [Mixamo_Heraklios_C_0] -52600.0
[2016.12.09-00.10.59:877][509]LogBlueprintUserMessages: [Mixamo_Heraklios_C_4] -59000.0
[2016.12.09-00.11.58:608][148]LogEngine: All Windows Closed
[2016.12.09-00.11.58:608][148]LogWindows: FPlatformMisc::RequestExit(0)
[2016.12.09-00.11.58:609][149]LogMoviePlayer: Shutting down movie player
[2016.12.09-00.11.59:222][149]LogNet: World NetDriver shutdown SteamNetDriver_0 [GameNetDriver]
[2016.12.09-00.11.59:222][149]LogNet: DestroyNamedNetDriver SteamNetDriver_0 [GameNetDriver]
[2016.12.09-00.11.59:223][149]LogNet: UNetConnection::Cleanup: Closing open connection. [UNetConnection] RemoteAddr: 76561198346569143:7777, Name: SteamNetConnection_1, Driver: GameNetDriver SteamNetDriver_0, IsServer: YES, PC: playercon_C_2, Owner: playercon_C_2
[2016.12.09-00.11.59:223][149]LogNet: UNetConnection::Close: [UNetConnection] RemoteAddr: 76561198346569143:7777, Name: SteamNetConnection_1, Driver: GameNetDriver SteamNetDriver_0, IsServer: YES, PC: playercon_C_2, Owner: playercon_C_2, Channels: 12, Time: 2016.12.09-00.11.59
[2016.12.09-00.11.59:223][149]LogNet: UChannel::Close: Sending CloseBunch. ChIndex == 0. Name: [UChannel] ChIndex: 0, Closing: 0 [UNetConnection] RemoteAddr: 76561198346569143:7777, Name: SteamNetConnection_1, Driver: GameNetDriver SteamNetDriver_0, IsServer: YES, PC: playercon_C_2, Owner: playercon_C_2
[2016.12.09-00.11.59:223][149]LogNet: UNetConnection::Cleanup: Closing open connection. [UNetConnection] RemoteAddr: 76561198348838308:7777, Name: SteamNetConnection_0, Driver: GameNetDriver SteamNetDriver_0, IsServer: YES, PC: playercon_C_1, Owner: playercon_C_1
[2016.12.09-00.11.59:223][149]LogNet: UNetConnection::Close: [UNetConnection] RemoteAddr: 76561198348838308:7777, Name: SteamNetConnection_0, Driver: GameNetDriver SteamNetDriver_0, IsServer: YES, PC: playercon_C_1, Owner: playercon_C_1, Channels: 12, Time: 2016.12.09-00.11.59
[2016.12.09-00.11.59:223][149]LogNet: UChannel::Close: Sending CloseBunch. ChIndex == 0. Name: [UChannel] ChIndex: 0, Closing: 0 [UNetConnection] RemoteAddr: 76561198348838308:7777, Name: SteamNetConnection_0, Driver: GameNetDriver SteamNetDriver_0, IsServer: YES, PC: playercon_C_1, Owner: playercon_C_1
[2016.12.09-00.11.59:224][149]LogExit: GameNetDriver SteamNetDriver_0 shut down
[2016.12.09-00.11.59:228][149]LogExit: Preparing to exit.
[2016.12.09-00.12.00:037][149]LogExit: Game engine shut down
[2016.12.09-00.12.00:223][149]LogObj: Freed 0b from 0 cluster array pools.
[2016.12.09-00.12.00:223][149]LogExit: Object subsystem successfully closed.
[2016.12.09-00.12.00:246][149]LogD3D11RHI: Shutdown
[2016.12.09-00.12.00:246][149]LogD3D11RHI: CleanupD3DDevice
[2016.12.09-00.12.00:406][149]LogD3D11RHI: ~FD3D11DynamicRHI
[2016.12.09-00.12.00:419][149]LogModuleManager: Shutting down and abandoning module SequenceRecorderSections (113)
[2016.12.09-00.12.00:419][149]LogModuleManager: Shutting down and abandoning module SequenceRecorder (112)
[2016.12.09-00.12.00:419][149]LogModuleManager: Shutting down and abandoning module AutomationController (111)
[2016.12.09-00.12.00:419][149]LogModuleManager: Shutting down and abandoning module AutomationWorker (110)
[2016.12.09-00.12.00:419][149]LogModuleManager: Shutting down and abandoning module CharacterAI (109)
[2016.12.09-00.12.00:419][149]LogModuleManager: Shutting down and abandoning module SessionServices (108)
[2016.12.09-00.12.00:419][149]LogModuleManager: Shutting down and abandoning module GameplayDebugger (107)
[2016.12.09-00.12.00:419][149]LogModuleManager: Shutting down and abandoning module AITestSuite (106)
[2016.12.09-00.12.00:419][149]LogModuleManager: Shutting down and abandoning module AIModule (105)
[2016.12.09-00.12.00:419][149]LogModuleManager: Shutting down and abandoning module MovieSceneCapture (104)
[2016.12.09-00.12.00:419][149]LogModuleManager: Shutting down and abandoning module StreamingPauseRendering (103)
[2016.12.09-00.12.00:419][149]LogModuleManager: Shutting down and abandoning module PortalServices (102)
[2016.12.09-00.12.00:419][149]LogModuleManager: Shutting down and abandoning module PortalRpc (101)
[2016.12.09-00.12.00:419][149]LogModuleManager: Shutting down and abandoning module MessagingRpc (100)
[2016.12.09-00.12.00:419][149]LogModuleManager: Shutting down and abandoning module ProfilerService (99)
[2016.12.09-00.12.00:604][149]LogModuleManager: Shutting down and abandoning module TaskGraph (98)
[2016.12.09-00.12.00:604][149]LogModuleManager: Shutting down and abandoning module SlateRemote (97)
[2016.12.09-00.12.00:604][149]LogModuleManager: Shutting down and abandoning module SteamVRController (96)
[2016.12.09-00.12.00:604][149]LogModuleManager: Shutting down and abandoning module SteamVR (95)
[2016.12.09-00.12.00:604][149]LogModuleManager: Shutting down and abandoning module ProceduralMeshComponent (94)
[2016.12.09-00.12.00:604][149]LogModuleManager: Shutting down and abandoning module OculusLibrary (93)
[2016.12.09-00.12.00:604][149]LogModuleManager: Shutting down and abandoning module OculusInput (92)
[2016.12.09-00.12.00:604][149]LogModuleManager: Shutting down and abandoning module CustomMeshComponent (91)
[2016.12.09-00.12.00:604][149]LogModuleManager: Shutting down and abandoning module CableComponent (90)
[2016.12.09-00.12.00:604][149]LogModuleManager: Shutting down and abandoning module ArchVisCharacter (89)
[2016.12.09-00.12.00:604][149]LogModuleManager: Shutting down and abandoning module HTML5Networking (88)
[2016.12.09-00.12.00:604][149]LogModuleManager: Shutting down and abandoning module DesktopPlatform (87)
[2016.12.09-00.12.00:604][149]LogModuleManager: Shutting down and abandoning module DirectoryWatcher (86)
[2016.12.09-00.12.00:604][149]LogModuleManager: Shutting down and abandoning module HotReload (85)
[2016.12.09-00.12.00:604][149]LogModuleManager: Shutting down and abandoning module VisualStudioSourceCodeAccess (84)
[2016.12.09-00.12.00:604][149]LogModuleManager: Shutting down and abandoning module UObjectPlugin (83)
[2016.12.09-00.12.00:604][149]LogModuleManager: Shutting down and abandoning module SubversionSourceControl (82)
[2016.12.09-00.12.00:604][149]LogModuleManager: Shutting down and abandoning module SourceControl (81)
[2016.12.09-00.12.00:604][149]LogModuleManager: Shutting down and abandoning module PerforceSourceControl (80)
[2016.12.09-00.12.00:604][149]LogModuleManager: Shutting down and abandoning module UdpMessaging (79)
[2016.12.09-00.12.00:705][149]LogModuleManager: Shutting down and abandoning module LightPropagationVolumeRuntime (78)
[2016.12.09-00.12.00:705][149]LogModuleManager: Shutting down and abandoning module Paper2D (77)
[2016.12.09-00.12.00:705][149]LogModuleManager: Shutting down and abandoning module WindowsMoviePlayer (76)
[2016.12.09-00.12.00:705][149]LogModuleManager: Shutting down and abandoning module Media (75)
[2016.12.09-00.12.00:705][149]LogModuleManager: Shutting down and abandoning module WmfMedia (74)
[2016.12.09-00.12.00:705][149]LogModuleManager: Shutting down and abandoning module MediaAssets (73)
[2016.12.09-00.12.00:705][149]LogModuleManager: Shutting down and abandoning module GameLiveStreaming (72)
[2016.12.09-00.12.00:706][149]LogModuleManager: Shutting down and abandoning module GameplayTagsEditor (71)
[2016.12.09-00.12.00:706][149]LogModuleManager: Shutting down and abandoning module OnlineBlueprintSupport (70)
[2016.12.09-00.12.00:706][149]LogModuleManager: Shutting down and abandoning module VREditor (69)
[2016.12.09-00.12.00:706][149]LogModuleManager: Shutting down and abandoning module GameplayTasksEditor (68)
[2016.12.09-00.12.00:706][149]LogModuleManager: Shutting down and abandoning module PropertyEditor (67)
[2016.12.09-00.12.00:706][149]LogModuleManager: Shutting down and abandoning module BehaviorTreeEditor (66)
[2016.12.09-00.12.00:706][149]LogModuleManager: Shutting down and abandoning module FunctionalTesting (65)
[2016.12.09-00.12.00:706][149]LogModuleManager: Shutting down and abandoning module CollisionAnalyzer (64)
[2016.12.09-00.12.00:706][149]LogModuleManager: Shutting down and abandoning module Sequencer (63)
[2016.12.09-00.12.00:706][149]LogModuleManager: Shutting down and abandoning module WorkspaceMenuStructure (62)
[2016.12.09-00.12.00:706][149]LogModuleManager: Shutting down and abandoning module MessageLog (61)
[2016.12.09-00.12.00:706][149]LogModuleManager: Shutting down and abandoning module AssetTools (60)
[2016.12.09-00.12.00:706][149]LogModuleManager: Shutting down and abandoning module UMGEditor (59)
[2016.12.09-00.12.00:706][149]LogModuleManager: Shutting down and abandoning module UMG (58)
[2016.12.09-00.12.00:706][149]LogModuleManager: Shutting down and abandoning module SlateReflector (57)
[2016.12.09-00.12.00:706][149]LogModuleManager: Shutting down and abandoning module Slate (56)
[2016.12.09-00.12.00:706][149]LogModuleManager: Shutting down and abandoning module EditorStyle (55)
[2016.12.09-00.12.00:709][149]LogModuleManager: Shutting down and abandoning module Messaging (54)
[2016.12.09-00.12.00:709][149]LogModuleManager: Shutting down and abandoning module SourceCodeAccess (53)
[2016.12.09-00.12.00:709][149]LogModuleManager: Shutting down and abandoning module HeadMountedDisplay (52)
[2016.12.09-00.12.00:709][149]LogModuleManager: Shutting down and abandoning module XAudio2 (51)
[2016.12.09-00.12.00:709][149]LogModuleManager: Shutting down and abandoning module Networking (50)
[2016.12.09-00.12.00:709][149]LogModuleManager: Shutting down and abandoning module Core (49)
[2016.12.09-00.12.00:709][149]LogModuleManager: Shutting down and abandoning module KismetCompiler (48)
[2016.12.09-00.12.00:709][149]LogModuleManager: Shutting down and abandoning module PhysXFormats (47)
[2016.12.09-00.12.00:709][149]LogModuleManager: Shutting down and abandoning module MeshUtilities (46)
[2016.12.09-00.12.00:709][149]LogModuleManager: Shutting down and abandoning module AssetRegistry (45)
[2016.12.09-00.12.00:709][149]LogModuleManager: Shutting down and abandoning module DerivedDataCache (44)
[2016.12.09-00.12.00:740][149]LogDerivedDataCache: Shutdown
[2016.12.09-00.12.00:740][149]LogModuleManager: Shutting down and abandoning module VulkanShaderFormat (43)
[2016.12.09-00.12.00:740][149]LogModuleManager: Shutting down and abandoning module ShaderFormatOpenGL (42)
[2016.12.09-00.12.00:740][149]LogModuleManager: Shutting down and abandoning module ShaderFormatD3D (41)
[2016.12.09-00.12.00:740][149]LogModuleManager: Shutting down and abandoning module MetalShaderFormat (40)
[2016.12.09-00.12.00:740][149]LogModuleManager: Shutting down and abandoning module TextureFormatUncompressed (39)
[2016.12.09-00.12.00:740][149]LogModuleManager: Shutting down and abandoning module TextureFormatPVR (38)
[2016.12.09-00.12.00:740][149]LogModuleManager: Shutting down and abandoning module TextureFormatIntelISPCTexComp (37)
[2016.12.09-00.12.00:740][149]LogModuleManager: Shutting down and abandoning module TextureFormatDXT (36)
[2016.12.09-00.12.00:740][149]LogModuleManager: Shutting down and abandoning module ImageWrapper (35)
[2016.12.09-00.12.00:740][149]LogModuleManager: Shutting down and abandoning module TextureFormatASTC (34)
[2016.12.09-00.12.00:740][149]LogModuleManager: Shutting down and abandoning module TextureFormatAndroid (33)
[2016.12.09-00.12.00:740][149]LogModuleManager: Shutting down and abandoning module AudioFormatOpus (32)
[2016.12.09-00.12.00:740][149]LogModuleManager: Shutting down and abandoning module AudioFormatOgg (31)
[2016.12.09-00.12.00:740][149]LogModuleManager: Shutting down and abandoning module AudioFormatADPCM (30)
[2016.12.09-00.12.00:740][149]LogModuleManager: Shutting down and abandoning module WindowsTargetPlatform (29)
[2016.12.09-00.12.00:740][149]LogModuleManager: Shutting down and abandoning module WindowsServerTargetPlatform (28)
[2016.12.09-00.12.00:740][149]LogModuleManager: Shutting down and abandoning module WindowsNoEditorTargetPlatform (27)
[2016.12.09-00.12.00:740][149]LogModuleManager: Shutting down and abandoning module WindowsClientTargetPlatform (26)
[2016.12.09-00.12.00:740][149]LogModuleManager: Shutting down and abandoning module TargetPlatform (25)
[2016.12.09-00.12.00:740][149]LogModuleManager: Shutting down and abandoning module InputCore (24)
[2016.12.09-00.12.00:740][149]LogModuleManager: Shutting down and abandoning module Settings (23)
[2016.12.09-00.12.00:740][149]LogModuleManager: Shutting down and abandoning module OnlineSubsystem (19)
[2016.12.09-00.12.00:740][149]LogOnline:Display: STEAM: OnlineSubsystemSteam::Shutdown()
[2016.12.09-00.12.00:779][149]LogOnline:Display: Unloading online subsystem: STEAM
[2016.12.09-00.12.00:779][149]LogOnline:Display: STEAM: OnlineSubsystemSteam::Shutdown()
[2016.12.09-00.12.00:779][149]LogModuleManager: Shutting down and abandoning module HTTP (18)
[2016.12.09-00.12.00:779][149]LogModuleManager: Shutting down and abandoning module XMPP (17)
[2016.12.09-00.12.00:779][149]LogModuleManager: Shutting down and abandoning module OculusRift (16)
[2016.12.09-00.12.00:779][149]LogModuleManager: Shutting down and abandoning module ExampleDeviceProfileSelector (15)
[2016.12.09-00.12.00:779][149]LogModuleManager: Shutting down and abandoning module TextureCompressor (14)
[2016.12.09-00.12.00:779][149]LogModuleManager: Shutting down and abandoning module ShaderCore (13)
[2016.12.09-00.12.00:779][149]LogModuleManager: Shutting down and abandoning module Landscape (12)
[2016.12.09-00.12.00:779][149]LogModuleManager: Shutting down and abandoning module SlateRHIRenderer (11)
[2016.12.09-00.12.00:786][149]LogModuleManager: Shutting down and abandoning module OpenGLDrv (10)
[2016.12.09-00.12.00:786][149]LogModuleManager: Shutting down and abandoning module D3D11RHI (9)
[2016.12.09-00.12.00:786][149]LogModuleManager: Shutting down and abandoning module AnimGraphRuntime (8)
[2016.12.09-00.12.00:786][149]LogModuleManager: Shutting down and abandoning module Renderer (7)
[2016.12.09-00.12.00:786][149]LogModuleManager: Shutting down and abandoning module Engine (6)
[2016.12.09-00.12.00:786][149]LogModuleManager: Shutting down and abandoning module CoreUObject (5)
[2016.12.09-00.12.00:786][149]LogModuleManager: Shutting down and abandoning module NetworkFile (4)
[2016.12.09-00.12.00:786][149]LogModuleManager: Shutting down and abandoning module StreamingFile (3)
[2016.12.09-00.12.00:786][149]LogModuleManager: Shutting down and abandoning module SandboxFile (2)
[2016.12.09-00.12.00:786][149]LogModuleManager: Shutting down and abandoning module PakFile (1)
[2016.12.09-00.12.00:788][149]LogExit: Exiting.
[2016.12.09-00.12.00:790][149]Log file closed, 12/09/16 09:12:00
