Log file open, 10/13/16 20:49:07
LogInit:Display: Running engine for game: UNNAMED
LogPlatformFile: Not using cached read wrapper
LogInit:Display: RandInit(781902673) SRandInit(781902676).
LogTaskGraph: Started task graph with 4 named threads and 7 total threads with 1 sets of task threads.
LogStats: Stats thread started at 0.220176
LogInit: Version: 4.12.5-3039270+++UE4+Release-4.12
LogInit: API Version: 2992821
LogInit: Net Version: 3039270
LogDevObjectVersion: Number of dev versions registered: 13
LogDevObjectVersion:   Dev-Blueprints (B0D832E4-1F89-4F0D-ACCF-7EB736FD4AA2): 3
LogDevObjectVersion:   Dev-Build (E1C64328-A22C-4D53-A36C-8E866417BD8C): 0
LogDevObjectVersion:   Dev-Core (375EC13C-06E4-48FB-B500-84F0262A717E): 1
LogDevObjectVersion:   Dev-Editor (E4B068ED-F494-42E9-A231-DA0B2E46BB41): 2
LogDevObjectVersion:   Dev-Framework (CFFC743F-43B0-4480-9391-14DF171D2073): 6
LogDevObjectVersion:   Dev-Mobile (B02B49B5-BB20-44E9-A304-32B752E40360): 0
LogDevObjectVersion:   Dev-Networking (A4E4105C-59A1-49B5-A7C5-40C4547EDFEE): 0
LogDevObjectVersion:   Dev-Online (39C831C9-5AE6-47DC-9A44-9C173E1C8E7C): 0
LogDevObjectVersion:   Dev-Physics (78F01B33-EBEA-4F98-B9B4-84EACCB95AA2): 0
LogDevObjectVersion:   Dev-Platform (6631380F-2D4D-43E0-8009-CF276956A95A): 0
LogDevObjectVersion:   Dev-Rendering (12F88B9F-8875-4AFC-A67C-D90C383ABD29): 2
LogDevObjectVersion:   Dev-Sequencer (7B5AE74C-D270-4C10-A958-57980B212A5A): 0
LogDevObjectVersion:   Dev-VR (D7296918-1DD6-4BDD-9DE2-64A83CC13884): 0
LogInit: Compiled (64-bit): Jul  6 2016 09:09:46
LogInit: Compiled with Visual C++: 19.00.23026.00
LogInit: Build Configuration: Development
LogInit: Branch Name: ++UE4+Release-4.12
LogInit: Command line:  
LogInit: Base directory: C:/Program Files (x86)/Epic Games/4.12/Engine/Binaries/Win64/
LogInit: Installed Engine Build: 1
LogInit: Using libcurl 7.41.0
LogInit:  - built for x86_64-pc-win32
LogInit:  - supports SSL with WinSSL
LogInit:  - other features:
LogInit:      CURL_VERSION_SSL
LogInit:      CURL_VERSION_IPV6
LogInit:      CURL_VERSION_ASYNCHDNS
LogInit:      CURL_VERSION_LARGEFILE
LogInit:      CURL_VERSION_IDN
LogInit:  CurlRequestOptions (configurable via config and command line):
LogInit:  - bVerifyPeer = true  - Libcurl will verify peer certificate
LogInit:  - bUseHttpProxy = false  - Libcurl will NOT use HTTP proxy
LogInit:  - bDontReuseConnections = false  - Libcurl will reuse connections
LogInit:  - CertBundlePath = nullptr  - Libcurl will use whatever was configured at build time.
LogInit: Presizing for max 8388607 objects, including 0 objects not considered by GC, pre-allocating 0 bytes for permanent pool.
LogInit: Object subsystem initialized
[2016.10.13-11.49.07:941][  0]LogInit: Selected Device Profile: [Windows]
[2016.10.13-11.49.07:941][  0]LogInit: Applying CVar settings loaded from the selected device profile: [Windows]
[2016.10.13-11.49.07:952][  0]LogInit: Computer: DESKTOP-5I3HB32
[2016.10.13-11.49.07:952][  0]LogInit: User: jcy
[2016.10.13-11.49.07:952][  0]LogInit: CPU Page size=65536, Cores=4
[2016.10.13-11.49.07:952][  0]LogInit: High frequency timer resolution =2.533207 MHz
[2016.10.13-11.49.07:952][  0]LogMemory: Memory total: Physical=7.9GB (8GB approx)
[2016.10.13-11.49.07:952][  0]LogMemory: Platform Memory Stats for Windows
[2016.10.13-11.49.07:952][  0]LogMemory: Process Physical Memory: 190.92 MB used, 190.92 MB peak
[2016.10.13-11.49.07:952][  0]LogMemory: Process Virtual Memory: 195.06 MB used, 195.06 MB peak
[2016.10.13-11.49.07:952][  0]LogMemory: Physical Memory: 2572.13 MB used, 8113.86 MB total
[2016.10.13-11.49.07:952][  0]LogMemory: Virtual Memory: 553.25 MB used, 134217728.00 MB total
[2016.10.13-11.49.08:908][  0]LogD3D11RHI: D3D11 adapters:
[2016.10.13-11.49.09:491][  0]LogD3D11RHI:    0. 'NVIDIA GeForce GTX 960M' (Feature Level 11_0)
[2016.10.13-11.49.09:491][  0]LogD3D11RHI:       2018/0/4056 MB DedicatedVideo/DedicatedSystem/SharedSystem, Outputs:2, VendorId:0x10de
[2016.10.13-11.49.09:499][  0]LogD3D11RHI:    1. 'Intel(R) HD Graphics 4600' (Feature Level 11_0)
[2016.10.13-11.49.09:499][  0]LogD3D11RHI:       112/0/2048 MB DedicatedVideo/DedicatedSystem/SharedSystem, Outputs:0, VendorId:0x8086
[2016.10.13-11.49.09:501][  0]LogD3D11RHI:    2. 'Microsoft Basic Render Driver' (Feature Level 11_0)
[2016.10.13-11.49.09:501][  0]LogD3D11RHI:       0/0/4056 MB DedicatedVideo/DedicatedSystem/SharedSystem, Outputs:0, VendorId:0x1414
[2016.10.13-11.49.09:501][  0]LogD3D11RHI: Chosen D3D11 Adapter: 0
[2016.10.13-11.49.09:506][  0]LogD3D11RHI: Creating new Direct3DDevice
[2016.10.13-11.49.09:506][  0]LogD3D11RHI:     GPU DeviceId: 0x139b (for the marketing name, search the web for "GPU Device Id")
[2016.10.13-11.49.09:506][  0]LogWindows: EnumDisplayDevices:
[2016.10.13-11.49.09:507][  0]LogWindows:    0. 'Intel(R) HD Graphics 4600' (P:1 D:1)
[2016.10.13-11.49.09:507][  0]LogWindows:    1. 'Intel(R) HD Graphics 4600' (P:0 D:1)
[2016.10.13-11.49.09:507][  0]LogWindows:    2. 'Intel(R) HD Graphics 4600' (P:0 D:0)
[2016.10.13-11.49.09:507][  0]LogWindows: DebugString: PrimaryIsNotTheChoosenAdapter PrimaryIsNotTheChoosenAdapter PrimaryIsNotTheChoosenAdapter FoundDriverCount:0 
[2016.10.13-11.49.09:507][  0]LogD3D11RHI:     Adapter Name: NVIDIA GeForce GTX 960M
[2016.10.13-11.49.09:507][  0]LogD3D11RHI:   Driver Version: Unknown (internal:Unknown, unified:Unknown)
[2016.10.13-11.49.09:507][  0]LogD3D11RHI:      Driver Date: Unknown
[2016.10.13-11.49.09:508][  0]LogRHI: Texture pool is 1361 MB (70% of 1945 MB)
[2016.10.13-11.49.09:980][  0]LogD3D11RHI: Async texture creation enabled
[2016.10.13-11.49.10:130][  0]LogD3D11RHI: GPU Timing Frequency: 1000.000000 (Debug: 2 1)
[2016.10.13-11.49.10:131][  0]LogShaderCompilers: Guid format shader working directory is -16 characters bigger than the processId version (../../../../../../Users/jcy/Documents/GitHub/UNNAMED/UNNAMED/Intermediate/Shaders/WorkingDirectory/9780/).
[2016.10.13-11.49.10:131][  0]LogShaderCompilers: Cleaned the shader compiler working directory 'C:/Users/jcy/AppData/Local/Temp/UnrealShaderWorkingDir/4DFD8D354DD3992E6A62A2811BD19D70/'.
[2016.10.13-11.49.10:131][  0]LogShaderCompilers:Display: Using Local Shader Compiler.
[2016.10.13-11.49.14:204][  0]LogTemp:Display: Loaded TP AllDesktopTargetPlatform
[2016.10.13-11.49.14:230][  0]LogTemp:Display: Loaded TP WindowsClientTargetPlatform
[2016.10.13-11.49.14:247][  0]LogTemp:Display: Loaded TP WindowsNoEditorTargetPlatform
[2016.10.13-11.49.14:268][  0]LogTemp:Display: Loaded TP WindowsServerTargetPlatform
[2016.10.13-11.49.14:295][  0]LogTemp:Display: Loaded TP WindowsTargetPlatform
[2016.10.13-11.49.14:310][  0]LogTemp:Display: Loaded TP AndroidTargetPlatform
[2016.10.13-11.49.14:343][  0]LogTemp:Display: Loaded TP Android_ASTCTargetPlatform
[2016.10.13-11.49.14:368][  0]LogTemp:Display: Loaded TP Android_ATCTargetPlatform
[2016.10.13-11.49.14:383][  0]LogTemp:Display: Loaded TP Android_DXTTargetPlatform
[2016.10.13-11.49.14:422][  0]LogTemp:Display: Loaded TP Android_ETC1TargetPlatform
[2016.10.13-11.49.14:437][  0]LogTemp:Display: Loaded TP Android_ETC2TargetPlatform
[2016.10.13-11.49.14:483][  0]LogTemp:Display: Loaded TP Android_MultiTargetPlatform
[2016.10.13-11.49.14:483][  0]LogTemp:Display: Loaded TP Android_PVRTCTargetPlatform
[2016.10.13-11.49.14:505][  0]LogTemp:Display: Loaded TP HTML5TargetPlatform
[2016.10.13-11.49.14:627][  0]LogTemp:Display: Loaded TP IOSTargetPlatform
[2016.10.13-11.49.14:648][  0]LogTemp:Display: Loaded TP TVOSTargetPlatform
[2016.10.13-11.49.14:670][  0]LogTemp:Display: Loaded TP LinuxNoEditorTargetPlatform
[2016.10.13-11.49.14:698][  0]LogTemp:Display: Loaded TP LinuxServerTargetPlatform
[2016.10.13-11.49.14:731][  0]LogTemp:Display: Loaded TP LinuxTargetPlatform
[2016.10.13-11.49.14:731][  0]LogTargetPlatformManager:Display: Building Assets For Windows
[2016.10.13-11.49.15:851][  0]LogDerivedDataCache:Display: Max Cache Size: 512 MB
[2016.10.13-11.49.16:395][  0]LogDerivedDataCache: Loaded boot cache 0.54s 48MB C:/Users/jcy/AppData/Local/UnrealEngine/4.12/DerivedDataCache/Boot.ddc.
[2016.10.13-11.49.16:396][  0]LogDerivedDataCache:Display: Loaded Boot cache: C:/Users/jcy/AppData/Local/UnrealEngine/4.12/DerivedDataCache/Boot.ddc
[2016.10.13-11.49.16:396][  0]LogDerivedDataCache: FDerivedDataBackendGraph:  Pak pak cache file ../../../../../../Users/jcy/Documents/GitHub/UNNAMED/UNNAMED/DerivedDataCache/DDC.ddp not found, will not use a pak cache.
[2016.10.13-11.49.16:396][  0]LogDerivedDataCache: Unable to find inner node Pak for hierarchical cache Hierarchy.
[2016.10.13-11.49.16:397][  0]LogDerivedDataCache: FDerivedDataBackendGraph:  CompressedPak pak cache file ../../../../../../Users/jcy/Documents/GitHub/UNNAMED/UNNAMED/DerivedDataCache/Compressed.ddp not found, will not use a pak cache.
[2016.10.13-11.49.16:397][  0]LogDerivedDataCache: Unable to find inner node CompressedPak for hierarchical cache Hierarchy.
[2016.10.13-11.49.16:492][  0]LogDerivedDataCache:Display: Pak cache opened for reading ../../../Engine/DerivedDataCache/Compressed.ddp.
[2016.10.13-11.49.16:524][  0]LogDerivedDataCache: Using Local data cache path C:/Users/jcy/AppData/Local/UnrealEngine/Common/DerivedDataCache: Writable
[2016.10.13-11.49.18:772][  0]LogInit: Selected Device Profile: [Windows]
[2016.10.13-11.49.18:861][  0]LogContentStreaming: Texture pool size is 0.00 MB
[2016.10.13-11.49.19:903][  0]LogMeshUtilities: No automatic mesh reduction module available
[2016.10.13-11.49.19:903][  0]LogMeshUtilities: No automatic mesh merging module available
[2016.10.13-11.49.19:903][  0]LogMeshUtilities: No distributed automatic mesh merging module available
[2016.10.13-11.49.22:726][  0]LogAssetRegistry: FAssetRegistry took 0.0220 seconds to start up
[2016.10.13-11.49.22:961][  0]LogPackageLocalizationCache: Processed 3 localized package path(s) for 1 prioritized culture(s) in 0.231608 seconds
[2016.10.13-11.49.22:975][  0]LogUObjectArray: 28739 objects as part of root set at end of initial load.
[2016.10.13-11.49.22:975][  0]LogUObjectAllocator: 5855632 out of 0 bytes used by permanent object pool.
[2016.10.13-11.49.22:975][  0]LogUObjectArray: CloseDisregardForGC: 0/0 objects in disregard for GC pool
[2016.10.13-11.49.23:005][  0]LogInit: WinSock: version 1.1 (2.2), MaxSocks=32767, MaxUdp=65467
[2016.10.13-11.49.28:871][  0]LogSlate: SlateFontCache - WITH_FREETYPE: 1, WITH_HARFBUZZ: 1
[2016.10.13-11.49.28:871][  0]LogSlate: SlateFontCache - WITH_FREETYPE: 1, WITH_HARFBUZZ: 1
[2016.10.13-11.49.43:824][  0]LogUdpMessaging: Initializing bridge on interface 0.0.0.0:0 to multicast group 230.0.0.1:6666.
[2016.10.13-11.49.45:510][  0]SourceControl: Info Source control is disabled
[2016.10.13-11.49.45:514][  0]SourceControl: Info Source control is disabled
[2016.10.13-11.49.45:662][  0]SourceControl: Info Source control is disabled
[2016.10.13-11.49.45:821][  0]SourceControl: Info Source control is disabled
[2016.10.13-11.49.47:183][  0]LogEngine: Initializing Engine...
[2016.10.13-11.49.47:218][  0]LogHMD: SteamVR failed to initialize.  Err: 110
[2016.10.13-11.49.47:218][  0]LogHMD: SteamVR failed to initialize.  Err: 110
[2016.10.13-11.49.47:975][  0]LogAIModule: Creating AISystem for world NewWorld
[2016.10.13-11.49.48:016][  0]LogInit: XAudio2 using 'T24C350(인텔(R) 디스플레이 오디오)' : 2 channels at 48 kHz using 16 bits per sample (channel mask 0x3)
[2016.10.13-11.49.48:058][  0]LogInit: FAudioDevice initialized.
[2016.10.13-11.49.48:103][  0]LogDerivedDataCache: Saved boot cache 0.04s 48MB C:/Users/jcy/AppData/Local/UnrealEngine/4.12/DerivedDataCache/Boot.ddc.
[2016.10.13-11.49.48:110][  0]LogInit: Texture streaming: Enabled
[2016.10.13-11.49.48:469][  0]LogWindowsTextInputMethodSystem:Display: IME system now activated using TSF (Microsoft 입력기).
[2016.10.13-11.49.50:228][  0]LogInit: Transaction tracking system initialized
[2016.10.13-11.49.51:473][  0]BlueprintLog: New page: Editor Load
[2016.10.13-11.49.53:554][  0]LocalizationService: Info Localization service is disabled
[2016.10.13-11.49.55:311][  0]LogConsoleResponse:Display: 
[2016.10.13-11.49.58:453][  0]LogCook:Display: Max memory allowance for cook 8192mb
[2016.10.13-11.49.58:453][  0]LogCook:Display: Mobile HDR setting 1
[2016.10.13-11.49.59:180][  0]LogFileCache: Scanning file cache for directory 'C:/Users/jcy/Documents/GitHub/UNNAMED/UNNAMED/Content/' took 0.04s
[2016.10.13-11.50.01:527][  0]SourceControl: Info Source control is disabled
[2016.10.13-11.50.01:527][  0]Cmd: MAP LOAD FILE="../../../../../../Users/jcy/Documents/GitHub/UNNAMED/UNNAMED/Content/ThirdPersonBP/Maps/ThirdPersonExampleMap.umap" TEMPLATE=0 SHOWPROGRESS=1 FEATURELEVEL=3
[2016.10.13-11.50.01:624][  0]LightingResults: New page: Lighting Build
[2016.10.13-11.50.01:637][  0]MapCheck: New page: Map Check
[2016.10.13-11.50.01:638][  0]LightingResults: New page: Lighting Build
[2016.10.13-11.50.09:474][  0]LogAIModule: Creating AISystem for world ThirdPersonExampleMap
[2016.10.13-11.50.09:562][  0]LogEditorServer: Finished looking for orphan Actors (0.000 secs)
[2016.10.13-11.50.09:563][  0]Cmd: MAP CHECKDEP NOCLEARLOG
[2016.10.13-11.50.09:701][  0]MapCheck: Info Map check complete: 0 Error(s), 0 Warning(s), took 138.182ms to complete.
[2016.10.13-11.50.09:701][  0]LogFileHelpers: Loading map 'ThirdPersonExampleMap' took 8.174
[2016.10.13-11.50.10:178][  0]LogCollectionManager: Loaded 1 collections in 0.003216 seconds
[2016.10.13-11.50.10:226][  0]LogFileCache: Scanning file cache for directory 'C:/Users/jcy/Documents/GitHub/UNNAMED/UNNAMED/Saved/Collections/' took 0.01s
[2016.10.13-11.50.10:226][  0]LogFileCache: Scanning file cache for directory 'C:/Users/jcy/Documents/GitHub/UNNAMED/UNNAMED/Content/Developers/jcy/Collections/' took 0.01s
[2016.10.13-11.50.10:226][  0]LogFileCache: Scanning file cache for directory 'C:/Users/jcy/Documents/GitHub/UNNAMED/UNNAMED/Content/Collections/' took 0.01s
[2016.10.13-11.50.10:226][  0]LogCollectionManager: Rebuilt the GUID cache for 1 collections in 0.000012 seconds
[2016.10.13-11.50.10:226][  0]LogCollectionManager: Rebuilt the hierarchy cache for 1 collections in 0.000000 seconds
[2016.10.13-11.50.10:235][  0]LogContentBrowser: Native class hierarchy populated in 0.0084 seconds. Added 2047 classes and 369 folders.
[2016.10.13-11.50.10:239][  0]LogStats: UGameplayTagsManager::ConstructGameplayTagTree: Construct from data asset -  0.000 s
[2016.10.13-11.50.10:239][  0]LogStats: UGameplayTagsManager::ConstructGameplayTagTree: GameplayTagTreeChangedEvent.Broadcast -  0.000 s
[2016.10.13-11.50.10:240][  0]LogContentBrowser: Native class hierarchy updated for 'GameplayTags' in 0.0005 seconds. Added 12 classes and 0 folders.
[2016.10.13-11.50.10:246][  0]LogContentBrowser: Native class hierarchy updated for 'WidgetCarousel' in 0.0004 seconds. Added 0 classes and 0 folders.
[2016.10.13-11.50.11:299][  0]LogContentBrowser: Native class hierarchy updated for 'AddContentDialog' in 0.0008 seconds. Added 0 classes and 0 folders.
[2016.10.13-11.50.11:372][  0]LogContentBrowser: Native class hierarchy updated for 'SceneOutliner' in 0.0005 seconds. Added 1 classes and 2 folders.
[2016.10.13-11.50.11:516][  0]LogCrashTracker: Crashtracker disabled due to settings.
[2016.10.13-11.50.11:524][  0]LogUObjectGlobals:Warning: Failed to find object 'Class None.'
[2016.10.13-11.50.11:626][  0]LogContentBrowser: Native class hierarchy updated for 'HierarchicalLODOutliner' in 0.0005 seconds. Added 1 classes and 2 folders.
[2016.10.13-11.50.11:626][  0]LogLoad: Full Startup: 65.55 seconds (BP compile: 0.46 seconds)
[2016.10.13-11.50.11:626][  0]LogExternalProfiler: Found external profiler: VSPerf
[2016.10.13-11.50.11:626][  0]LogExternalProfiler: Using external profiler: VSPerf
[2016.10.13-11.50.11:651][  0]LogOcInput: OculusInput pre-init called
[2016.10.13-11.50.11:669][  0]LogContentStreaming: Texture pool size now 1000 MB
[2016.10.13-11.50.12:107][  0]LogRenderer: Reallocating scene render targets to support 1144x576 (Frame:2).
[2016.10.13-11.50.13:335][  2]LogAssetRegistry: Asset discovery search completed in 50.6310 seconds
[2016.10.13-11.50.13:335][  2]LogCollectionManager: Rebuilt the object cache for 1 collections in 0.000011 seconds (found 0 objects)
[2016.10.13-11.50.13:335][  2]LogCollectionManager: Fixed up redirectors for 1 collections in 0.000032 seconds (updated 0 objects)
[2016.10.13-11.50.17:276][180]LogEditorViewport: Clicking on Actor (LMB): StaticMeshActor (a1)
[2016.10.13-11.50.20:587][322]LogBlueprintUserMessages: Early PlayInEditor Detection: Level '/Game/ThirdPersonBP/Maps/ThirdPersonExampleMap.ThirdPersonExampleMap:PersistentLevel' has LevelScriptBlueprint '/Game/ThirdPersonBP/Maps/ThirdPersonExampleMap.ThirdPersonExampleMap:PersistentLevel.ThirdPersonExampleMap' with GeneratedClass '/Game/ThirdPersonBP/Maps/ThirdPersonExampleMap.ThirdPersonExampleMap_C' with ClassGeneratedBy '/Game/ThirdPersonBP/Maps/ThirdPersonExampleMap.ThirdPersonExampleMap:PersistentLevel.ThirdPersonExampleMap'
[2016.10.13-11.50.20:587][322]LogPlayLevel: PlayLevel: No blueprints needed recompiling
[2016.10.13-11.50.20:587][322]PIE: New page: PIE session: ThirdPersonExampleMap (Oct 14, 2016, 5:50:20 AM)
[2016.10.13-11.50.20:587][322]LogPlayLevel: Creating play world package: /Game/ThirdPersonBP/Maps/UEDPIE_0_ThirdPersonExampleMap
[2016.10.13-11.50.20:592][322]LogPlayLevel: PIE: StaticDuplicateObject took: (0.005053s)
[2016.10.13-11.50.20:593][322]LogAIModule: Creating AISystem for world ThirdPersonExampleMap
[2016.10.13-11.50.20:593][322]LogPlayLevel: PIE: World Init took: (0.000598s)
[2016.10.13-11.50.20:593][322]LogPlayLevel: PIE: Created PIE world by copying editor world from /Game/ThirdPersonBP/Maps/ThirdPersonExampleMap.ThirdPersonExampleMap to /Game/ThirdPersonBP/Maps/UEDPIE_0_ThirdPersonExampleMap.ThirdPersonExampleMap (0.005956s)
[2016.10.13-11.50.20:637][322]LogInit: XAudio2 using 'T24C350(인텔(R) 디스플레이 오디오)' : 2 channels at 48 kHz using 16 bits per sample (channel mask 0x3)
[2016.10.13-11.50.20:646][322]LogInit: FAudioDevice initialized.
[2016.10.13-11.50.20:726][322]LogWorld: Game class is 'ThirdPersonGameMode_C'
[2016.10.13-11.50.20:735][322]LogWorld: Bringing World /Game/ThirdPersonBP/Maps/UEDPIE_0_ThirdPersonExampleMap.ThirdPersonExampleMap up for play (max tick rate 60) at 2016.10.13-20.50.20
[2016.10.13-11.50.20:736][322]LogWorld: Bringing up level for play took: 0.008686
[2016.10.13-11.50.20:741][322]LogContentBrowser: Native class hierarchy updated for 'MovieSceneCapture' in 0.0005 seconds. Added 11 classes and 0 folders.
[2016.10.13-11.50.20:881][322]PIE: Info Play in editor start time for /Game/ThirdPersonBP/Maps/UEDPIE_0_ThirdPersonExampleMap -0.691
[2016.10.13-11.50.20:882][322]LogBlueprintUserMessages: Late PlayInEditor Detection: Level '/Game/ThirdPersonBP/Maps/ThirdPersonExampleMap.ThirdPersonExampleMap:PersistentLevel' has LevelScriptBlueprint '/Game/ThirdPersonBP/Maps/ThirdPersonExampleMap.ThirdPersonExampleMap:PersistentLevel.ThirdPersonExampleMap' with GeneratedClass '/Game/ThirdPersonBP/Maps/ThirdPersonExampleMap.ThirdPersonExampleMap_C' with ClassGeneratedBy '/Game/ThirdPersonBP/Maps/ThirdPersonExampleMap.ThirdPersonExampleMap:PersistentLevel.ThirdPersonExampleMap'
[2016.10.13-11.50.20:993][322]LogRenderer: Reallocating scene render targets to support 1292x756 (Frame:321).
[2016.10.13-11.50.27:345][650]LogBlueprintUserMessages: Early EndPlayMap Detection: Level '/Game/ThirdPersonBP/Maps/ThirdPersonExampleMap.ThirdPersonExampleMap:PersistentLevel' has LevelScriptBlueprint '/Game/ThirdPersonBP/Maps/ThirdPersonExampleMap.ThirdPersonExampleMap:PersistentLevel.ThirdPersonExampleMap' with GeneratedClass '/Game/ThirdPersonBP/Maps/ThirdPersonExampleMap.ThirdPersonExampleMap_C' with ClassGeneratedBy '/Game/ThirdPersonBP/Maps/ThirdPersonExampleMap.ThirdPersonExampleMap:PersistentLevel.ThirdPersonExampleMap'
[2016.10.13-11.50.27:431][650]LogBlueprintUserMessages: Late EndPlayMap Detection: Level '/Game/ThirdPersonBP/Maps/ThirdPersonExampleMap.ThirdPersonExampleMap:PersistentLevel' has LevelScriptBlueprint '/Game/ThirdPersonBP/Maps/ThirdPersonExampleMap.ThirdPersonExampleMap:PersistentLevel.ThirdPersonExampleMap' with GeneratedClass '/Game/ThirdPersonBP/Maps/ThirdPersonExampleMap.ThirdPersonExampleMap_C' with ClassGeneratedBy '/Game/ThirdPersonBP/Maps/ThirdPersonExampleMap.ThirdPersonExampleMap:PersistentLevel.ThirdPersonExampleMap'
[2016.10.13-11.51.04:213][800]LogContentBrowser: Native class hierarchy updated for 'BlueprintGraph' in 0.0019 seconds. Added 111 classes and 0 folders.
[2016.10.13-11.53.56:343][719]LogBlueprintUserMessages: Early PlayInEditor Detection: Level '/Game/ThirdPersonBP/Maps/ThirdPersonExampleMap.ThirdPersonExampleMap:PersistentLevel' has LevelScriptBlueprint '/Game/ThirdPersonBP/Maps/ThirdPersonExampleMap.ThirdPersonExampleMap:PersistentLevel.ThirdPersonExampleMap' with GeneratedClass '/Game/ThirdPersonBP/Maps/ThirdPersonExampleMap.ThirdPersonExampleMap_C' with ClassGeneratedBy '/Game/ThirdPersonBP/Maps/ThirdPersonExampleMap.ThirdPersonExampleMap:PersistentLevel.ThirdPersonExampleMap'
[2016.10.13-11.53.56:343][719]BlueprintLog: New page: Pre-Play auto-recompile
[2016.10.13-11.53.56:356][719]LogPlayLevel: [PlayLevel] Compiling PHUD before play...
[2016.10.13-11.53.56:483][719]LogPlayLevel: PlayLevel: Blueprint regeneration took 140 ms (2 blueprints)
[2016.10.13-11.53.56:483][719]LogPlayLevel: [PlayLevel] Compiling playercon before play...
[2016.10.13-11.53.56:656][719]LogPlayLevel: PlayLevel: Blueprint regeneration took 313 ms (4 blueprints)
[2016.10.13-11.53.56:657][719]LogPlayLevel: [PlayLevel] Compiling ThirdPersonGameMode before play...
[2016.10.13-11.53.56:769][719]LogPlayLevel: PlayLevel: Blueprint regeneration took 426 ms (4 blueprints)
[2016.10.13-11.53.56:770][719]LogPlayLevel: [PlayLevel] Compiling ChattingTXT before play...
[2016.10.13-11.53.56:877][719]LogPlayLevel: PlayLevel: Blueprint regeneration took 534 ms (4 blueprints)
[2016.10.13-11.53.56:951][719]PIE: New page: PIE session: ThirdPersonExampleMap (Oct 14, 2016, 5:53:56 AM)
[2016.10.13-11.53.56:951][719]LogPlayLevel: Creating play world package: /Game/ThirdPersonBP/Maps/UEDPIE_1_ThirdPersonExampleMap
[2016.10.13-11.53.56:956][719]LogPlayLevel: PIE: StaticDuplicateObject took: (0.004249s)
[2016.10.13-11.53.56:956][719]LogAIModule: Creating AISystem for world ThirdPersonExampleMap
[2016.10.13-11.53.56:956][719]LogPlayLevel: PIE: World Init took: (0.000643s)
[2016.10.13-11.53.56:956][719]LogPlayLevel: PIE: Created PIE world by copying editor world from /Game/ThirdPersonBP/Maps/ThirdPersonExampleMap.ThirdPersonExampleMap to /Game/ThirdPersonBP/Maps/UEDPIE_1_ThirdPersonExampleMap.ThirdPersonExampleMap (0.005112s)
[2016.10.13-11.53.56:978][719]LogInit: XAudio2 using 'T24C350(인텔(R) 디스플레이 오디오)' : 2 channels at 48 kHz using 16 bits per sample (channel mask 0x3)
[2016.10.13-11.53.56:986][719]LogInit: FAudioDevice initialized.
[2016.10.13-11.53.57:052][719]LogWorld: Game class is 'ThirdPersonGameMode_C'
[2016.10.13-11.53.57:058][719]LogWorld: Bringing World /Game/ThirdPersonBP/Maps/UEDPIE_1_ThirdPersonExampleMap.ThirdPersonExampleMap up for play (max tick rate 60) at 2016.10.13-20.53.57
[2016.10.13-11.53.57:058][719]LogWorld: Bringing up level for play took: 0.005712
[2016.10.13-11.53.57:060][719]LogInit: WinSock: Socket queue 131072 / 131072
[2016.10.13-11.53.57:062][719]LogInit: WinSock: I am DESKTOP-5I3HB32 (192.168.0.72:0)
[2016.10.13-11.53.57:062][719]PacketHandlerLog: Loaded PacketHandler component: Engine.EngineHandlerComponentFactory (StatelessConnectHandlerComponent)
[2016.10.13-11.53.57:062][719]LogNet: GameNetDriver IpNetDriver_0 IpNetDriver listening on port 7777
[2016.10.13-11.53.57:209][719]PIE: Info Play in editor start time for /Game/ThirdPersonBP/Maps/UEDPIE_1_ThirdPersonExampleMap -0.364
[2016.10.13-11.53.57:214][719]PIE: New page: PIE session: ThirdPersonExampleMap (Oct 14, 2016, 5:53:57 AM)
[2016.10.13-11.53.57:301][719]LogNet: Browse: 127.0.0.1//Game/ThirdPersonBP/Maps/ThirdPersonExampleMap
[2016.10.13-11.53.57:302][719]LogInit: WinSock: Socket queue 32768 / 32768
[2016.10.13-11.53.57:303][719]PacketHandlerLog: Loaded PacketHandler component: Engine.EngineHandlerComponentFactory (StatelessConnectHandlerComponent)
[2016.10.13-11.53.57:303][719]LogNet: Game client on port 7777, rate 10000
[2016.10.13-11.53.57:304][719]LogNet: GetLocalNetworkVersion: GEngineNetVersion: 3039270, ProjectName: unnamed, ProjectVersion: 1.0.0.0, InternalProtocolVersion: 9, LocalNetworkVersion: 1745645396
[2016.10.13-11.53.57:442][719]PIE: Info Play in editor start time for /Game/ThirdPersonBP/Maps/ThirdPersonExampleMap -0.13
[2016.10.13-11.53.57:576][719]LogBlueprintUserMessages: Late PlayInEditor Detection: Level '/Game/ThirdPersonBP/Maps/ThirdPersonExampleMap.ThirdPersonExampleMap:PersistentLevel' has LevelScriptBlueprint '/Game/ThirdPersonBP/Maps/ThirdPersonExampleMap.ThirdPersonExampleMap:PersistentLevel.ThirdPersonExampleMap' with GeneratedClass '/Game/ThirdPersonBP/Maps/ThirdPersonExampleMap.ThirdPersonExampleMap_C' with ClassGeneratedBy '/Game/ThirdPersonBP/Maps/ThirdPersonExampleMap.ThirdPersonExampleMap:PersistentLevel.ThirdPersonExampleMap'
[2016.10.13-11.53.57:577][719]LogNet: NotifyAcceptingConnection: Server ThirdPersonExampleMap accept
[2016.10.13-11.53.57:577][719]LogHandshake: SendConnectChallenge. Timestamp: 0.017190, Cookie: 051021200046155137247119008192194135109066108089056016056165
[2016.10.13-11.53.57:577][719]LogNet: NotifyAcceptingConnection: Server ThirdPersonExampleMap accept
[2016.10.13-11.53.57:602][719]LogHandshake: SendChallengeResponse. Timestamp: 0.017190, Cookie: 051021200046155137247119008192194135109066108089056016056165
[2016.10.13-11.53.57:779][720]LogNet: NotifyAcceptingConnection: Server ThirdPersonExampleMap accept
[2016.10.13-11.53.57:779][720]LogNet: Server accepting post-challenge connection from: 127.0.0.1:63754
[2016.10.13-11.53.57:779][720]PacketHandlerLog: Loaded PacketHandler component: Engine.EngineHandlerComponentFactory (StatelessConnectHandlerComponent)
[2016.10.13-11.53.57:779][720]LogNet: NotifyAcceptedConnection: Name: ThirdPersonExampleMap, TimeStamp: 10/13/16 20:53:57, [UNetConnection] RemoteAddr: 127.0.0.1:63754, Name: IpConnection_1, Driver: GameNetDriver IpNetDriver_0, IsServer: YES, PC: NULL, Owner: NULL
[2016.10.13-11.53.57:779][720]LogNet: AddClientConnection: Added client connection: [UNetConnection] RemoteAddr: 127.0.0.1:63754, Name: IpConnection_1, Driver: GameNetDriver IpNetDriver_0, IsServer: YES, PC: NULL, Owner: NULL
[2016.10.13-11.53.57:822][721]LogNet: NotifyAcceptingChannel Control 0 server World /Game/ThirdPersonBP/Maps/UEDPIE_1_ThirdPersonExampleMap.ThirdPersonExampleMap: Accepted
[2016.10.13-11.53.57:822][721]LogNet: Remote platform little endian=1
[2016.10.13-11.53.57:822][721]LogNet: This platform little endian=1
[2016.10.13-11.53.57:822][721]LogNet: GetLocalNetworkVersion: GEngineNetVersion: 3039270, ProjectName: unnamed, ProjectVersion: 1.0.0.0, InternalProtocolVersion: 9, LocalNetworkVersion: 1745645396
[2016.10.13-11.53.57:846][722]LogNet: Login request: /Game/ThirdPersonBP/Maps/ThirdPersonExampleMap userId: Invalid
[2016.10.13-11.53.57:850][722]LogNet: Welcomed by server (Level: /Game/ThirdPersonBP/Maps/UEDPIE_1_ThirdPersonExampleMap, Game: /Game/ThirdPersonBP/Blueprints/ThirdPersonGameMode.ThirdPersonGameMode_C)
[2016.10.13-11.53.57:855][722]LogLoad: LoadMap: 127.0.0.1//Game/ThirdPersonBP/Maps/UEDPIE_1_ThirdPersonExampleMap?game=/Game/ThirdPersonBP/Blueprints/ThirdPersonGameMode.ThirdPersonGameMode_C
[2016.10.13-11.53.57:879][722]Cmd: MEM
[2016.10.13-11.53.57:899][722]LogMemory: Platform Memory Stats for Windows
[2016.10.13-11.53.57:899][722]LogMemory: Process Physical Memory: 966.49 MB used, 967.68 MB peak
[2016.10.13-11.53.57:899][722]LogMemory: Process Virtual Memory: 1876.44 MB used, 1876.44 MB peak
[2016.10.13-11.53.57:899][722]LogMemory: Physical Memory: 3688.10 MB used, 8113.86 MB total
[2016.10.13-11.53.57:899][722]LogMemory: Virtual Memory: 2653.95 MB used, 134217728.00 MB total
[2016.10.13-11.53.57:899][722]LogMemory: 
[2016.10.13-11.53.57:899][722]Allocator Stats for TBB: (not implemented)
[2016.10.13-11.53.57:903][722]LogWorld: PIE: Copying PIE streaming level from /Game/ThirdPersonBP/Maps/ThirdPersonExampleMap.ThirdPersonExampleMap to /Game/ThirdPersonBP/Maps/UEDPIE_2_ThirdPersonExampleMap.ThirdPersonExampleMap. OwningWorld: None
[2016.10.13-11.53.57:904][722]LogAIModule: Creating AISystem for world ThirdPersonExampleMap
[2016.10.13-11.53.57:911][722]LogWorld: Bringing World /Game/ThirdPersonBP/Maps/UEDPIE_2_ThirdPersonExampleMap.ThirdPersonExampleMap up for play (max tick rate 60) at 2016.10.13-20.53.57
[2016.10.13-11.53.57:911][722]LogWorld: Bringing up level for play took: 0.006230
[2016.10.13-11.53.57:912][722]LogLoad: Took 0.057006 seconds to LoadMap(/Game/ThirdPersonBP/Maps/UEDPIE_1_ThirdPersonExampleMap)
[2016.10.13-11.53.57:944][723]LogNet: Client netspeed is 10000
[2016.10.13-11.53.57:944][723]LogNet: Join request: /Game/ThirdPersonBP/Maps/ThirdPersonExampleMap?SplitscreenCount=1
[2016.10.13-11.53.57:950][723]LogNet: Join succeeded: 258
[2016.10.13-11.54.04:412][904]LogBlueprintUserMessages: Early EndPlayMap Detection: Level '/Game/ThirdPersonBP/Maps/ThirdPersonExampleMap.ThirdPersonExampleMap:PersistentLevel' has LevelScriptBlueprint '/Game/ThirdPersonBP/Maps/ThirdPersonExampleMap.ThirdPersonExampleMap:PersistentLevel.ThirdPersonExampleMap' with GeneratedClass '/Game/ThirdPersonBP/Maps/ThirdPersonExampleMap.ThirdPersonExampleMap_C' with ClassGeneratedBy '/Game/ThirdPersonBP/Maps/ThirdPersonExampleMap.ThirdPersonExampleMap:PersistentLevel.ThirdPersonExampleMap'
[2016.10.13-11.54.04:560][904]LogBlueprintUserMessages: Late EndPlayMap Detection: Level '/Game/ThirdPersonBP/Maps/ThirdPersonExampleMap.ThirdPersonExampleMap:PersistentLevel' has LevelScriptBlueprint '/Game/ThirdPersonBP/Maps/ThirdPersonExampleMap.ThirdPersonExampleMap:PersistentLevel.ThirdPersonExampleMap' with GeneratedClass '/Game/ThirdPersonBP/Maps/ThirdPersonExampleMap.ThirdPersonExampleMap_C' with ClassGeneratedBy '/Game/ThirdPersonBP/Maps/ThirdPersonExampleMap.ThirdPersonExampleMap:PersistentLevel.ThirdPersonExampleMap'
[2016.10.13-11.54.04:584][904]LogNet: UChannel::CleanUp: ChIndex == 0. Closing connection. [UChannel] ChIndex: 0, Closing: 0 [UNetConnection] RemoteAddr: 127.0.0.1:63754, Name: IpConnection_1, Driver: GameNetDriver IpNetDriver_0, IsServer: YES, PC: None, Owner: None
[2016.10.13-11.54.04:584][904]LogNet: UNetConnection::Close: [UNetConnection] RemoteAddr: 127.0.0.1:63754, Name: IpConnection_1, Driver: GameNetDriver IpNetDriver_0, IsServer: YES, PC: None, Owner: None, Channels: 2, Time: 2016.10.13-11.54.04
[2016.10.13-11.54.04:584][904]LogNet: UChannel::Close: Sending CloseBunch. ChIndex == 0. Name: [UChannel] ChIndex: 0, Closing: 0 [UNetConnection] RemoteAddr: 127.0.0.1:63754, Name: IpConnection_1, Driver: GameNetDriver IpNetDriver_0, IsServer: YES, PC: None, Owner: None
[2016.10.13-11.54.04:585][904]LogNet: UChannel::CleanUp: ChIndex == 0. Closing connection. [UChannel] ChIndex: 0, Closing: 0 [UNetConnection] RemoteAddr: 127.0.0.1:7777, Name: IpConnection_0, Driver: GameNetDriver IpNetDriver_1, IsServer: NO, PC: None, Owner: None
[2016.10.13-11.54.04:586][904]LogNet: UNetConnection::Close: [UNetConnection] RemoteAddr: 127.0.0.1:7777, Name: IpConnection_0, Driver: GameNetDriver IpNetDriver_1, IsServer: NO, PC: None, Owner: None, Channels: 2, Time: 2016.10.13-11.54.04
[2016.10.13-11.54.04:586][904]LogNet: UChannel::Close: Sending CloseBunch. ChIndex == 0. Name: [UChannel] ChIndex: 0, Closing: 0 [UNetConnection] RemoteAddr: 127.0.0.1:7777, Name: IpConnection_0, Driver: GameNetDriver IpNetDriver_1, IsServer: NO, PC: None, Owner: None
[2016.10.13-11.54.04:594][904]LogExit: GameNetDriver None shut down
[2016.10.13-11.54.04:594][904]LogExit: GameNetDriver None shut down
[2016.10.13-11.54.06:461][  8]LogBlueprintUserMessages: Early PlayInEditor Detection: Level '/Game/ThirdPersonBP/Maps/ThirdPersonExampleMap.ThirdPersonExampleMap:PersistentLevel' has LevelScriptBlueprint '/Game/ThirdPersonBP/Maps/ThirdPersonExampleMap.ThirdPersonExampleMap:PersistentLevel.ThirdPersonExampleMap' with GeneratedClass '/Game/ThirdPersonBP/Maps/ThirdPersonExampleMap.ThirdPersonExampleMap_C' with ClassGeneratedBy '/Game/ThirdPersonBP/Maps/ThirdPersonExampleMap.ThirdPersonExampleMap:PersistentLevel.ThirdPersonExampleMap'
[2016.10.13-11.54.06:461][  8]LogPlayLevel: PlayLevel: No blueprints needed recompiling
[2016.10.13-11.54.06:467][  8]PIE: New page: PIE session: ThirdPersonExampleMap (Oct 14, 2016, 5:54:06 AM)
[2016.10.13-11.54.06:467][  8]LogPlayLevel: Creating play world package: /Game/ThirdPersonBP/Maps/UEDPIE_1_ThirdPersonExampleMap
[2016.10.13-11.54.06:472][  8]LogPlayLevel: PIE: StaticDuplicateObject took: (0.004672s)
[2016.10.13-11.54.06:473][  8]LogAIModule: Creating AISystem for world ThirdPersonExampleMap
[2016.10.13-11.54.06:473][  8]LogPlayLevel: PIE: World Init took: (0.000615s)
[2016.10.13-11.54.06:473][  8]LogPlayLevel: PIE: Created PIE world by copying editor world from /Game/ThirdPersonBP/Maps/ThirdPersonExampleMap.ThirdPersonExampleMap to /Game/ThirdPersonBP/Maps/UEDPIE_1_ThirdPersonExampleMap.ThirdPersonExampleMap (0.005556s)
[2016.10.13-11.54.06:501][  8]LogInit: XAudio2 using 'T24C350(인텔(R) 디스플레이 오디오)' : 2 channels at 48 kHz using 16 bits per sample (channel mask 0x3)
[2016.10.13-11.54.06:508][  8]LogInit: FAudioDevice initialized.
[2016.10.13-11.54.06:576][  8]LogWorld: Game class is 'ThirdPersonGameMode_C'
[2016.10.13-11.54.06:586][  8]LogWorld: Bringing World /Game/ThirdPersonBP/Maps/UEDPIE_1_ThirdPersonExampleMap.ThirdPersonExampleMap up for play (max tick rate 60) at 2016.10.13-20.54.06
[2016.10.13-11.54.06:587][  8]LogWorld: Bringing up level for play took: 0.008975
[2016.10.13-11.54.06:588][  8]LogInit: WinSock: Socket queue 131072 / 131072
[2016.10.13-11.54.06:589][  8]PacketHandlerLog: Loaded PacketHandler component: Engine.EngineHandlerComponentFactory (StatelessConnectHandlerComponent)
[2016.10.13-11.54.06:589][  8]LogNet: GameNetDriver IpNetDriver_2 IpNetDriver listening on port 7777
[2016.10.13-11.54.06:808][  8]PIE: Info Play in editor start time for /Game/ThirdPersonBP/Maps/UEDPIE_1_ThirdPersonExampleMap 1.236
[2016.10.13-11.54.06:816][  8]PIE: New page: PIE session: ThirdPersonExampleMap (Oct 14, 2016, 5:54:06 AM)
[2016.10.13-11.54.06:880][  8]LogNet: Browse: 127.0.0.1//Game/ThirdPersonBP/Maps/ThirdPersonExampleMap
[2016.10.13-11.54.06:880][  8]LogInit: WinSock: Socket queue 32768 / 32768
[2016.10.13-11.54.06:881][  8]PacketHandlerLog: Loaded PacketHandler component: Engine.EngineHandlerComponentFactory (StatelessConnectHandlerComponent)
[2016.10.13-11.54.06:881][  8]LogNet: Game client on port 7777, rate 10000
[2016.10.13-11.54.06:881][  8]LogNet: GetLocalNetworkVersion: GEngineNetVersion: 3039270, ProjectName: unnamed, ProjectVersion: 1.0.0.0, InternalProtocolVersion: 9, LocalNetworkVersion: 1745645396
[2016.10.13-11.54.07:087][  8]PIE: Info Play in editor start time for /Game/ThirdPersonBP/Maps/ThirdPersonExampleMap 1.514
[2016.10.13-11.54.07:257][  8]LogBlueprintUserMessages: Late PlayInEditor Detection: Level '/Game/ThirdPersonBP/Maps/ThirdPersonExampleMap.ThirdPersonExampleMap:PersistentLevel' has LevelScriptBlueprint '/Game/ThirdPersonBP/Maps/ThirdPersonExampleMap.ThirdPersonExampleMap:PersistentLevel.ThirdPersonExampleMap' with GeneratedClass '/Game/ThirdPersonBP/Maps/ThirdPersonExampleMap.ThirdPersonExampleMap_C' with ClassGeneratedBy '/Game/ThirdPersonBP/Maps/ThirdPersonExampleMap.ThirdPersonExampleMap:PersistentLevel.ThirdPersonExampleMap'
[2016.10.13-11.54.07:258][  8]LogNet: NotifyAcceptingConnection: Server ThirdPersonExampleMap accept
[2016.10.13-11.54.07:258][  8]LogHandshake: SendConnectChallenge. Timestamp: 0.017070, Cookie: 101183217253061142128025060068150219057235214146212067244057
[2016.10.13-11.54.07:258][  8]LogNet: NotifyAcceptingConnection: Server ThirdPersonExampleMap accept
[2016.10.13-11.54.07:259][  8]LogHandshake: SendChallengeResponse. Timestamp: 0.017070, Cookie: 101183217253061142128025060068150219057235214146212067244057
[2016.10.13-11.54.07:394][  9]LogNet: NotifyAcceptingConnection: Server ThirdPersonExampleMap accept
[2016.10.13-11.54.07:394][  9]LogNet: Server accepting post-challenge connection from: 127.0.0.1:62784
[2016.10.13-11.54.07:394][  9]PacketHandlerLog: Loaded PacketHandler component: Engine.EngineHandlerComponentFactory (StatelessConnectHandlerComponent)
[2016.10.13-11.54.07:394][  9]LogNet: NotifyAcceptedConnection: Name: ThirdPersonExampleMap, TimeStamp: 10/13/16 20:54:07, [UNetConnection] RemoteAddr: 127.0.0.1:62784, Name: IpConnection_3, Driver: GameNetDriver IpNetDriver_2, IsServer: YES, PC: NULL, Owner: NULL
[2016.10.13-11.54.07:394][  9]LogNet: AddClientConnection: Added client connection: [UNetConnection] RemoteAddr: 127.0.0.1:62784, Name: IpConnection_3, Driver: GameNetDriver IpNetDriver_2, IsServer: YES, PC: NULL, Owner: NULL
[2016.10.13-11.54.07:456][ 11]LogNet: NotifyAcceptingChannel Control 0 server World /Game/ThirdPersonBP/Maps/UEDPIE_1_ThirdPersonExampleMap.ThirdPersonExampleMap: Accepted
[2016.10.13-11.54.07:456][ 11]LogNet: Remote platform little endian=1
[2016.10.13-11.54.07:456][ 11]LogNet: This platform little endian=1
[2016.10.13-11.54.07:456][ 11]LogNet: GetLocalNetworkVersion: GEngineNetVersion: 3039270, ProjectName: unnamed, ProjectVersion: 1.0.0.0, InternalProtocolVersion: 9, LocalNetworkVersion: 1745645396
[2016.10.13-11.54.07:477][ 12]LogNet: Login request: /Game/ThirdPersonBP/Maps/ThirdPersonExampleMap userId: Invalid
[2016.10.13-11.54.07:478][ 12]LogNet: Welcomed by server (Level: /Game/ThirdPersonBP/Maps/UEDPIE_1_ThirdPersonExampleMap, Game: /Game/ThirdPersonBP/Blueprints/ThirdPersonGameMode.ThirdPersonGameMode_C)
[2016.10.13-11.54.07:488][ 12]LogLoad: LoadMap: 127.0.0.1//Game/ThirdPersonBP/Maps/UEDPIE_1_ThirdPersonExampleMap?game=/Game/ThirdPersonBP/Blueprints/ThirdPersonGameMode.ThirdPersonGameMode_C
[2016.10.13-11.54.07:512][ 12]Cmd: MEM
[2016.10.13-11.54.07:537][ 12]LogMemory: Platform Memory Stats for Windows
[2016.10.13-11.54.07:537][ 12]LogMemory: Process Physical Memory: 1054.98 MB used, 1058.77 MB peak
[2016.10.13-11.54.07:537][ 12]LogMemory: Process Virtual Memory: 1918.58 MB used, 1928.98 MB peak
[2016.10.13-11.54.07:537][ 12]LogMemory: Physical Memory: 3738.18 MB used, 8113.86 MB total
[2016.10.13-11.54.07:537][ 12]LogMemory: Virtual Memory: 2702.12 MB used, 134217728.00 MB total
[2016.10.13-11.54.07:537][ 12]LogMemory: 
[2016.10.13-11.54.07:537][ 12]Allocator Stats for TBB: (not implemented)
[2016.10.13-11.54.07:542][ 12]LogWorld: PIE: Copying PIE streaming level from /Game/ThirdPersonBP/Maps/ThirdPersonExampleMap.ThirdPersonExampleMap to /Game/ThirdPersonBP/Maps/UEDPIE_2_ThirdPersonExampleMap.ThirdPersonExampleMap. OwningWorld: None
[2016.10.13-11.54.07:542][ 12]LogAIModule: Creating AISystem for world ThirdPersonExampleMap
[2016.10.13-11.54.07:549][ 12]LogWorld: Bringing World /Game/ThirdPersonBP/Maps/UEDPIE_2_ThirdPersonExampleMap.ThirdPersonExampleMap up for play (max tick rate 60) at 2016.10.13-20.54.07
[2016.10.13-11.54.07:549][ 12]LogWorld: Bringing up level for play took: 0.005770
[2016.10.13-11.54.07:550][ 12]LogLoad: Took 0.062377 seconds to LoadMap(/Game/ThirdPersonBP/Maps/UEDPIE_1_ThirdPersonExampleMap)
[2016.10.13-11.54.07:580][ 13]LogNet: Client netspeed is 10000
[2016.10.13-11.54.07:580][ 13]LogNet: Join request: /Game/ThirdPersonBP/Maps/ThirdPersonExampleMap?SplitscreenCount=1
[2016.10.13-11.54.07:584][ 13]LogNet: Join succeeded: 260
[2016.10.13-11.54.33:327][667]LogBlueprintUserMessages: Early EndPlayMap Detection: Level '/Game/ThirdPersonBP/Maps/ThirdPersonExampleMap.ThirdPersonExampleMap:PersistentLevel' has LevelScriptBlueprint '/Game/ThirdPersonBP/Maps/ThirdPersonExampleMap.ThirdPersonExampleMap:PersistentLevel.ThirdPersonExampleMap' with GeneratedClass '/Game/ThirdPersonBP/Maps/ThirdPersonExampleMap.ThirdPersonExampleMap_C' with ClassGeneratedBy '/Game/ThirdPersonBP/Maps/ThirdPersonExampleMap.ThirdPersonExampleMap:PersistentLevel.ThirdPersonExampleMap'
[2016.10.13-11.54.33:491][667]LogBlueprintUserMessages: Late EndPlayMap Detection: Level '/Game/ThirdPersonBP/Maps/ThirdPersonExampleMap.ThirdPersonExampleMap:PersistentLevel' has LevelScriptBlueprint '/Game/ThirdPersonBP/Maps/ThirdPersonExampleMap.ThirdPersonExampleMap:PersistentLevel.ThirdPersonExampleMap' with GeneratedClass '/Game/ThirdPersonBP/Maps/ThirdPersonExampleMap.ThirdPersonExampleMap_C' with ClassGeneratedBy '/Game/ThirdPersonBP/Maps/ThirdPersonExampleMap.ThirdPersonExampleMap:PersistentLevel.ThirdPersonExampleMap'
[2016.10.13-11.54.33:524][667]LogNet: UChannel::CleanUp: ChIndex == 0. Closing connection. [UChannel] ChIndex: 0, Closing: 0 [UNetConnection] RemoteAddr: 127.0.0.1:62784, Name: IpConnection_3, Driver: GameNetDriver IpNetDriver_2, IsServer: YES, PC: None, Owner: None
[2016.10.13-11.54.33:524][667]LogNet: UNetConnection::Close: [UNetConnection] RemoteAddr: 127.0.0.1:62784, Name: IpConnection_3, Driver: GameNetDriver IpNetDriver_2, IsServer: YES, PC: None, Owner: None, Channels: 2, Time: 2016.10.13-11.54.33
[2016.10.13-11.54.33:524][667]LogNet: UChannel::Close: Sending CloseBunch. ChIndex == 0. Name: [UChannel] ChIndex: 0, Closing: 0 [UNetConnection] RemoteAddr: 127.0.0.1:62784, Name: IpConnection_3, Driver: GameNetDriver IpNetDriver_2, IsServer: YES, PC: None, Owner: None
[2016.10.13-11.54.33:524][667]LogNet: UChannel::CleanUp: ChIndex == 0. Closing connection. [UChannel] ChIndex: 0, Closing: 0 [UNetConnection] RemoteAddr: 127.0.0.1:7777, Name: IpConnection_2, Driver: GameNetDriver IpNetDriver_3, IsServer: NO, PC: None, Owner: None
[2016.10.13-11.54.33:524][667]LogNet: UNetConnection::Close: [UNetConnection] RemoteAddr: 127.0.0.1:7777, Name: IpConnection_2, Driver: GameNetDriver IpNetDriver_3, IsServer: NO, PC: None, Owner: None, Channels: 2, Time: 2016.10.13-11.54.33
[2016.10.13-11.54.33:524][667]LogNet: UChannel::Close: Sending CloseBunch. ChIndex == 0. Name: [UChannel] ChIndex: 0, Closing: 0 [UNetConnection] RemoteAddr: 127.0.0.1:7777, Name: IpConnection_2, Driver: GameNetDriver IpNetDriver_3, IsServer: NO, PC: None, Owner: None
[2016.10.13-11.54.33:528][667]LogExit: GameNetDriver None shut down
[2016.10.13-11.54.33:528][667]LogExit: GameNetDriver None shut down
[2016.10.13-11.57.48:181][826]LogBlueprintUserMessages: Early PlayInEditor Detection: Level '/Game/ThirdPersonBP/Maps/ThirdPersonExampleMap.ThirdPersonExampleMap:PersistentLevel' has LevelScriptBlueprint '/Game/ThirdPersonBP/Maps/ThirdPersonExampleMap.ThirdPersonExampleMap:PersistentLevel.ThirdPersonExampleMap' with GeneratedClass '/Game/ThirdPersonBP/Maps/ThirdPersonExampleMap.ThirdPersonExampleMap_C' with ClassGeneratedBy '/Game/ThirdPersonBP/Maps/ThirdPersonExampleMap.ThirdPersonExampleMap:PersistentLevel.ThirdPersonExampleMap'
[2016.10.13-11.57.48:181][826]BlueprintLog: New page: Pre-Play auto-recompile
[2016.10.13-11.57.48:197][826]LogPlayLevel: [PlayLevel] Compiling PHUD before play...
[2016.10.13-11.57.48:319][826]LogPlayLevel: PlayLevel: Blueprint regeneration took 137 ms (2 blueprints)
[2016.10.13-11.57.48:319][826]LogPlayLevel: [PlayLevel] Compiling playercon before play...
[2016.10.13-11.57.48:446][826]LogPlayLevel: PlayLevel: Blueprint regeneration took 264 ms (4 blueprints)
[2016.10.13-11.57.48:447][826]LogPlayLevel: [PlayLevel] Compiling ThirdPersonGameMode before play...
[2016.10.13-11.57.48:544][826]LogPlayLevel: PlayLevel: Blueprint regeneration took 362 ms (4 blueprints)
[2016.10.13-11.57.48:544][826]LogPlayLevel: [PlayLevel] Compiling ChattingTXT before play...
[2016.10.13-11.57.48:635][826]LogPlayLevel: PlayLevel: Blueprint regeneration took 453 ms (4 blueprints)
[2016.10.13-11.57.48:666][826]PIE: New page: PIE session: ThirdPersonExampleMap (Oct 14, 2016, 5:57:48 AM)
[2016.10.13-11.57.48:666][826]LogPlayLevel: Creating play world package: /Game/ThirdPersonBP/Maps/UEDPIE_1_ThirdPersonExampleMap
[2016.10.13-11.57.48:670][826]LogPlayLevel: PIE: StaticDuplicateObject took: (0.004768s)
[2016.10.13-11.57.48:671][826]LogAIModule: Creating AISystem for world ThirdPersonExampleMap
[2016.10.13-11.57.48:671][826]LogPlayLevel: PIE: World Init took: (0.000754s)
[2016.10.13-11.57.48:671][826]LogPlayLevel: PIE: Created PIE world by copying editor world from /Game/ThirdPersonBP/Maps/ThirdPersonExampleMap.ThirdPersonExampleMap to /Game/ThirdPersonBP/Maps/UEDPIE_1_ThirdPersonExampleMap.ThirdPersonExampleMap (0.005822s)
[2016.10.13-11.57.48:693][826]LogInit: XAudio2 using 'T24C350(인텔(R) 디스플레이 오디오)' : 2 channels at 48 kHz using 16 bits per sample (channel mask 0x3)
[2016.10.13-11.57.48:701][826]LogInit: FAudioDevice initialized.
[2016.10.13-11.57.48:767][826]LogWorld: Game class is 'ThirdPersonGameMode_C'
[2016.10.13-11.57.48:778][826]LogWorld: Bringing World /Game/ThirdPersonBP/Maps/UEDPIE_1_ThirdPersonExampleMap.ThirdPersonExampleMap up for play (max tick rate 60) at 2016.10.13-20.57.48
[2016.10.13-11.57.48:779][826]LogWorld: Bringing up level for play took: 0.008980
[2016.10.13-11.57.48:780][826]LogInit: WinSock: Socket queue 131072 / 131072
[2016.10.13-11.57.48:781][826]PacketHandlerLog: Loaded PacketHandler component: Engine.EngineHandlerComponentFactory (StatelessConnectHandlerComponent)
[2016.10.13-11.57.48:781][826]LogNet: GameNetDriver IpNetDriver_4 IpNetDriver listening on port 7777
[2016.10.13-11.57.48:914][826]PIE: Info Play in editor start time for /Game/ThirdPersonBP/Maps/UEDPIE_1_ThirdPersonExampleMap 0.999
[2016.10.13-11.57.48:921][826]PIE: New page: PIE session: ThirdPersonExampleMap (Oct 14, 2016, 5:57:48 AM)
[2016.10.13-11.57.49:010][826]LogNet: Browse: 127.0.0.1//Game/ThirdPersonBP/Maps/ThirdPersonExampleMap
[2016.10.13-11.57.49:010][826]LogInit: WinSock: Socket queue 32768 / 32768
[2016.10.13-11.57.49:011][826]PacketHandlerLog: Loaded PacketHandler component: Engine.EngineHandlerComponentFactory (StatelessConnectHandlerComponent)
[2016.10.13-11.57.49:011][826]LogNet: Game client on port 7777, rate 10000
[2016.10.13-11.57.49:012][826]LogNet: GetLocalNetworkVersion: GEngineNetVersion: 3039270, ProjectName: unnamed, ProjectVersion: 1.0.0.0, InternalProtocolVersion: 9, LocalNetworkVersion: 1745645396
[2016.10.13-11.57.49:171][826]PIE: Info Play in editor start time for /Game/ThirdPersonBP/Maps/ThirdPersonExampleMap 1.256
[2016.10.13-11.57.49:299][826]LogBlueprintUserMessages: Late PlayInEditor Detection: Level '/Game/ThirdPersonBP/Maps/ThirdPersonExampleMap.ThirdPersonExampleMap:PersistentLevel' has LevelScriptBlueprint '/Game/ThirdPersonBP/Maps/ThirdPersonExampleMap.ThirdPersonExampleMap:PersistentLevel.ThirdPersonExampleMap' with GeneratedClass '/Game/ThirdPersonBP/Maps/ThirdPersonExampleMap.ThirdPersonExampleMap_C' with ClassGeneratedBy '/Game/ThirdPersonBP/Maps/ThirdPersonExampleMap.ThirdPersonExampleMap:PersistentLevel.ThirdPersonExampleMap'
[2016.10.13-11.57.49:299][826]LogNet: NotifyAcceptingConnection: Server ThirdPersonExampleMap accept
[2016.10.13-11.57.49:299][826]LogHandshake: SendConnectChallenge. Timestamp: 0.018219, Cookie: 192025060148124043077015059003210165085144224163025179094087
[2016.10.13-11.57.49:299][826]LogNet: NotifyAcceptingConnection: Server ThirdPersonExampleMap accept
[2016.10.13-11.57.49:301][826]LogHandshake: SendChallengeResponse. Timestamp: 0.018219, Cookie: 192025060148124043077015059003210165085144224163025179094087
[2016.10.13-11.57.49:491][827]LogNet: NotifyAcceptingConnection: Server ThirdPersonExampleMap accept
[2016.10.13-11.57.49:491][827]LogNet: Server accepting post-challenge connection from: 127.0.0.1:63460
[2016.10.13-11.57.49:492][827]PacketHandlerLog: Loaded PacketHandler component: Engine.EngineHandlerComponentFactory (StatelessConnectHandlerComponent)
[2016.10.13-11.57.49:492][827]LogNet: NotifyAcceptedConnection: Name: ThirdPersonExampleMap, TimeStamp: 10/13/16 20:57:49, [UNetConnection] RemoteAddr: 127.0.0.1:63460, Name: IpConnection_5, Driver: GameNetDriver IpNetDriver_4, IsServer: YES, PC: NULL, Owner: NULL
[2016.10.13-11.57.49:492][827]LogNet: AddClientConnection: Added client connection: [UNetConnection] RemoteAddr: 127.0.0.1:63460, Name: IpConnection_5, Driver: GameNetDriver IpNetDriver_4, IsServer: YES, PC: NULL, Owner: NULL
[2016.10.13-11.57.49:535][828]LogNet: NotifyAcceptingChannel Control 0 server World /Game/ThirdPersonBP/Maps/UEDPIE_1_ThirdPersonExampleMap.ThirdPersonExampleMap: Accepted
[2016.10.13-11.57.49:535][828]LogNet: Remote platform little endian=1
[2016.10.13-11.57.49:535][828]LogNet: This platform little endian=1
[2016.10.13-11.57.49:535][828]LogNet: GetLocalNetworkVersion: GEngineNetVersion: 3039270, ProjectName: unnamed, ProjectVersion: 1.0.0.0, InternalProtocolVersion: 9, LocalNetworkVersion: 1745645396
[2016.10.13-11.57.49:564][829]LogNet: Login request: /Game/ThirdPersonBP/Maps/ThirdPersonExampleMap userId: Invalid
[2016.10.13-11.57.49:567][829]LogNet: Welcomed by server (Level: /Game/ThirdPersonBP/Maps/UEDPIE_1_ThirdPersonExampleMap, Game: /Game/ThirdPersonBP/Blueprints/ThirdPersonGameMode.ThirdPersonGameMode_C)
[2016.10.13-11.57.49:571][829]LogLoad: LoadMap: 127.0.0.1//Game/ThirdPersonBP/Maps/UEDPIE_1_ThirdPersonExampleMap?game=/Game/ThirdPersonBP/Blueprints/ThirdPersonGameMode.ThirdPersonGameMode_C
[2016.10.13-11.57.49:599][829]Cmd: MEM
[2016.10.13-11.57.49:617][829]LogMemory: Platform Memory Stats for Windows
[2016.10.13-11.57.49:617][829]LogMemory: Process Physical Memory: 987.93 MB used, 1062.22 MB peak
[2016.10.13-11.57.49:617][829]LogMemory: Process Virtual Memory: 1919.64 MB used, 1966.66 MB peak
[2016.10.13-11.57.49:617][829]LogMemory: Physical Memory: 3597.41 MB used, 8113.86 MB total
[2016.10.13-11.57.49:617][829]LogMemory: Virtual Memory: 2709.68 MB used, 134217728.00 MB total
[2016.10.13-11.57.49:617][829]LogMemory: 
[2016.10.13-11.57.49:617][829]Allocator Stats for TBB: (not implemented)
[2016.10.13-11.57.49:622][829]LogWorld: PIE: Copying PIE streaming level from /Game/ThirdPersonBP/Maps/ThirdPersonExampleMap.ThirdPersonExampleMap to /Game/ThirdPersonBP/Maps/UEDPIE_2_ThirdPersonExampleMap.ThirdPersonExampleMap. OwningWorld: None
[2016.10.13-11.57.49:623][829]LogAIModule: Creating AISystem for world ThirdPersonExampleMap
[2016.10.13-11.57.49:629][829]LogWorld: Bringing World /Game/ThirdPersonBP/Maps/UEDPIE_2_ThirdPersonExampleMap.ThirdPersonExampleMap up for play (max tick rate 60) at 2016.10.13-20.57.49
[2016.10.13-11.57.49:629][829]LogWorld: Bringing up level for play took: 0.005587
[2016.10.13-11.57.49:630][829]LogLoad: Took 0.058467 seconds to LoadMap(/Game/ThirdPersonBP/Maps/UEDPIE_1_ThirdPersonExampleMap)
[2016.10.13-11.57.49:661][830]LogNet: Client netspeed is 10000
[2016.10.13-11.57.49:661][830]LogNet: Join request: /Game/ThirdPersonBP/Maps/ThirdPersonExampleMap?SplitscreenCount=1
[2016.10.13-11.57.49:665][830]LogNet: Join succeeded: 262
[2016.10.13-11.57.49:666][830]LogCharacterMovement:Warning: GetSimulationTimeStep() - Max iterations 8 hit while remaining time 0.284086 > MaxSimulationTimeStep (0.050) for 'ThirdPersonCharacter_C_1', movement 'Falling'
[2016.10.13-11.58.04:931][334]LogBlueprintUserMessages: Early EndPlayMap Detection: Level '/Game/ThirdPersonBP/Maps/ThirdPersonExampleMap.ThirdPersonExampleMap:PersistentLevel' has LevelScriptBlueprint '/Game/ThirdPersonBP/Maps/ThirdPersonExampleMap.ThirdPersonExampleMap:PersistentLevel.ThirdPersonExampleMap' with GeneratedClass '/Game/ThirdPersonBP/Maps/ThirdPersonExampleMap.ThirdPersonExampleMap_C' with ClassGeneratedBy '/Game/ThirdPersonBP/Maps/ThirdPersonExampleMap.ThirdPersonExampleMap:PersistentLevel.ThirdPersonExampleMap'
[2016.10.13-11.58.05:098][334]LogBlueprintUserMessages: Late EndPlayMap Detection: Level '/Game/ThirdPersonBP/Maps/ThirdPersonExampleMap.ThirdPersonExampleMap:PersistentLevel' has LevelScriptBlueprint '/Game/ThirdPersonBP/Maps/ThirdPersonExampleMap.ThirdPersonExampleMap:PersistentLevel.ThirdPersonExampleMap' with GeneratedClass '/Game/ThirdPersonBP/Maps/ThirdPersonExampleMap.ThirdPersonExampleMap_C' with ClassGeneratedBy '/Game/ThirdPersonBP/Maps/ThirdPersonExampleMap.ThirdPersonExampleMap:PersistentLevel.ThirdPersonExampleMap'
[2016.10.13-11.58.05:133][334]LogNet: UChannel::CleanUp: ChIndex == 0. Closing connection. [UChannel] ChIndex: 0, Closing: 0 [UNetConnection] RemoteAddr: 127.0.0.1:63460, Name: IpConnection_5, Driver: GameNetDriver IpNetDriver_4, IsServer: YES, PC: None, Owner: None
[2016.10.13-11.58.05:133][334]LogNet: UNetConnection::Close: [UNetConnection] RemoteAddr: 127.0.0.1:63460, Name: IpConnection_5, Driver: GameNetDriver IpNetDriver_4, IsServer: YES, PC: None, Owner: None, Channels: 2, Time: 2016.10.13-11.58.05
[2016.10.13-11.58.05:133][334]LogNet: UChannel::Close: Sending CloseBunch. ChIndex == 0. Name: [UChannel] ChIndex: 0, Closing: 0 [UNetConnection] RemoteAddr: 127.0.0.1:63460, Name: IpConnection_5, Driver: GameNetDriver IpNetDriver_4, IsServer: YES, PC: None, Owner: None
[2016.10.13-11.58.05:134][334]LogNet: UChannel::CleanUp: ChIndex == 0. Closing connection. [UChannel] ChIndex: 0, Closing: 0 [UNetConnection] RemoteAddr: 127.0.0.1:7777, Name: IpConnection_4, Driver: GameNetDriver IpNetDriver_5, IsServer: NO, PC: None, Owner: None
[2016.10.13-11.58.05:134][334]LogNet: UNetConnection::Close: [UNetConnection] RemoteAddr: 127.0.0.1:7777, Name: IpConnection_4, Driver: GameNetDriver IpNetDriver_5, IsServer: NO, PC: None, Owner: None, Channels: 2, Time: 2016.10.13-11.58.05
[2016.10.13-11.58.05:134][334]LogNet: UChannel::Close: Sending CloseBunch. ChIndex == 0. Name: [UChannel] ChIndex: 0, Closing: 0 [UNetConnection] RemoteAddr: 127.0.0.1:7777, Name: IpConnection_4, Driver: GameNetDriver IpNetDriver_5, IsServer: NO, PC: None, Owner: None
[2016.10.13-11.58.05:137][334]LogExit: GameNetDriver None shut down
[2016.10.13-11.58.05:137][334]LogExit: GameNetDriver None shut down
[2016.10.13-12.03.02:593][854]LogFileHelpers: Editor autosave (incl. sublevels) for '/Game/ThirdPersonBP/Maps/ThirdPersonExampleMap' took 0.024
[2016.10.13-12.03.02:595][854]OBJ SavePackage: Generating thumbnails for [0] asset(s) in package [/Game/PHUD] ([1] browsable assets)...
[2016.10.13-12.03.02:595][854]OBJ SavePackage: Finished generating thumbnails for package [/Game/PHUD]
[2016.10.13-12.03.02:595][854]Cmd: OBJ SAVEPACKAGE PACKAGE="/Game/PHUD" FILE="../../../../../../Users/jcy/Documents/GitHub/UNNAMED/UNNAMED/Saved/Autosaves/Game/PHUD_Auto1.uasset" SILENT=false AUTOSAVING=true
[2016.10.13-12.03.02:745][854]LogSavePackage: Save=53.44ms
[2016.10.13-12.03.02:745][854]LogSavePackage: Moving '../../../../../../Users/jcy/Documents/GitHub/UNNAMED/UNNAMED/Saved/PHUD_Auto1606F1EC743FD841710129DA4E57C254D.tmp' to '../../../../../../Users/jcy/Documents/GitHub/UNNAMED/UNNAMED/Saved/Autosaves/Game/PHUD_Auto1.uasset'
[2016.10.13-12.03.02:747][854]LogSavePackage:Display: Finished SavePackage ../../../../../../Users/jcy/Documents/GitHub/UNNAMED/UNNAMED/Saved/Autosaves/Game/PHUD_Auto1.uasset
[2016.10.13-12.03.02:747][854]LogFileHelpers: Auto-saving content packages took 0.153
[2016.10.13-12.03.16:931][696]BlueprintLog: New page: Compile PHUD
[2016.10.13-12.03.17:074][696]BlueprintEditorCompileResults: Info [0850.65] Compile of PHUD successful! [in 142 ms] (/Game/PHUD.PHUD)
[2016.10.13-12.03.43:733][226]BlueprintLog: New page: Compile PHUD
[2016.10.13-12.03.43:850][226]BlueprintEditorCompileResults: Info [0877.43] Compile of PHUD successful! [in 117 ms] (/Game/PHUD.PHUD)
[2016.10.13-12.03.47:544][442]LogBlueprintUserMessages: Early PlayInEditor Detection: Level '/Game/ThirdPersonBP/Maps/ThirdPersonExampleMap.ThirdPersonExampleMap:PersistentLevel' has LevelScriptBlueprint '/Game/ThirdPersonBP/Maps/ThirdPersonExampleMap.ThirdPersonExampleMap:PersistentLevel.ThirdPersonExampleMap' with GeneratedClass '/Game/ThirdPersonBP/Maps/ThirdPersonExampleMap.ThirdPersonExampleMap_C' with ClassGeneratedBy '/Game/ThirdPersonBP/Maps/ThirdPersonExampleMap.ThirdPersonExampleMap:PersistentLevel.ThirdPersonExampleMap'
[2016.10.13-12.03.47:544][442]LogPlayLevel: PlayLevel: No blueprints needed recompiling
[2016.10.13-12.03.47:550][442]PIE: New page: PIE session: ThirdPersonExampleMap (Oct 14, 2016, 6:03:47 AM)
[2016.10.13-12.03.47:550][442]LogPlayLevel: Creating play world package: /Game/ThirdPersonBP/Maps/UEDPIE_1_ThirdPersonExampleMap
[2016.10.13-12.03.47:555][442]LogPlayLevel: PIE: StaticDuplicateObject took: (0.004892s)
[2016.10.13-12.03.47:556][442]LogAIModule: Creating AISystem for world ThirdPersonExampleMap
[2016.10.13-12.03.47:556][442]LogPlayLevel: PIE: World Init took: (0.000739s)
[2016.10.13-12.03.47:556][442]LogPlayLevel: PIE: Created PIE world by copying editor world from /Game/ThirdPersonBP/Maps/ThirdPersonExampleMap.ThirdPersonExampleMap to /Game/ThirdPersonBP/Maps/UEDPIE_1_ThirdPersonExampleMap.ThirdPersonExampleMap (0.005881s)
[2016.10.13-12.03.47:582][442]LogInit: XAudio2 using 'T24C350(인텔(R) 디스플레이 오디오)' : 2 channels at 48 kHz using 16 bits per sample (channel mask 0x3)
[2016.10.13-12.03.47:592][442]LogInit: FAudioDevice initialized.
[2016.10.13-12.03.47:657][442]LogWorld: Game class is 'ThirdPersonGameMode_C'
[2016.10.13-12.03.47:666][442]LogWorld: Bringing World /Game/ThirdPersonBP/Maps/UEDPIE_1_ThirdPersonExampleMap.ThirdPersonExampleMap up for play (max tick rate 60) at 2016.10.13-21.03.47
[2016.10.13-12.03.47:666][442]LogWorld: Bringing up level for play took: 0.006093
[2016.10.13-12.03.47:669][442]LogInit: WinSock: Socket queue 131072 / 131072
[2016.10.13-12.03.47:670][442]PacketHandlerLog: Loaded PacketHandler component: Engine.EngineHandlerComponentFactory (StatelessConnectHandlerComponent)
[2016.10.13-12.03.47:671][442]LogNet: GameNetDriver IpNetDriver_6 IpNetDriver listening on port 7777
[2016.10.13-12.03.47:907][442]PIE: Info Play in editor start time for /Game/ThirdPersonBP/Maps/UEDPIE_1_ThirdPersonExampleMap -0.008
[2016.10.13-12.03.47:913][442]PIE: New page: PIE session: ThirdPersonExampleMap (Oct 14, 2016, 6:03:47 AM)
[2016.10.13-12.03.47:977][442]LogNet: Browse: 127.0.0.1//Game/ThirdPersonBP/Maps/ThirdPersonExampleMap
[2016.10.13-12.03.47:977][442]LogInit: WinSock: Socket queue 32768 / 32768
[2016.10.13-12.03.47:977][442]PacketHandlerLog: Loaded PacketHandler component: Engine.EngineHandlerComponentFactory (StatelessConnectHandlerComponent)
[2016.10.13-12.03.47:978][442]LogNet: Game client on port 7777, rate 10000
[2016.10.13-12.03.47:978][442]LogNet: GetLocalNetworkVersion: GEngineNetVersion: 3039270, ProjectName: unnamed, ProjectVersion: 1.0.0.0, InternalProtocolVersion: 9, LocalNetworkVersion: 1745645396
[2016.10.13-12.03.48:147][442]PIE: Info Play in editor start time for /Game/ThirdPersonBP/Maps/ThirdPersonExampleMap 0.232
[2016.10.13-12.03.48:308][442]LogBlueprintUserMessages: Late PlayInEditor Detection: Level '/Game/ThirdPersonBP/Maps/ThirdPersonExampleMap.ThirdPersonExampleMap:PersistentLevel' has LevelScriptBlueprint '/Game/ThirdPersonBP/Maps/ThirdPersonExampleMap.ThirdPersonExampleMap:PersistentLevel.ThirdPersonExampleMap' with GeneratedClass '/Game/ThirdPersonBP/Maps/ThirdPersonExampleMap.ThirdPersonExampleMap_C' with ClassGeneratedBy '/Game/ThirdPersonBP/Maps/ThirdPersonExampleMap.ThirdPersonExampleMap:PersistentLevel.ThirdPersonExampleMap'
[2016.10.13-12.03.48:308][442]LogNet: NotifyAcceptingConnection: Server ThirdPersonExampleMap accept
[2016.10.13-12.03.48:308][442]LogHandshake: SendConnectChallenge. Timestamp: 0.016667, Cookie: 246129032173099139047076011253061097252235101066006223199014
[2016.10.13-12.03.48:308][442]LogNet: NotifyAcceptingConnection: Server ThirdPersonExampleMap accept
[2016.10.13-12.03.48:310][442]LogHandshake: SendChallengeResponse. Timestamp: 0.016667, Cookie: 246129032173099139047076011253061097252235101066006223199014
[2016.10.13-12.03.48:457][443]LogNet: NotifyAcceptingConnection: Server ThirdPersonExampleMap accept
[2016.10.13-12.03.48:457][443]LogNet: Server accepting post-challenge connection from: 127.0.0.1:51812
[2016.10.13-12.03.48:458][443]PacketHandlerLog: Loaded PacketHandler component: Engine.EngineHandlerComponentFactory (StatelessConnectHandlerComponent)
[2016.10.13-12.03.48:458][443]LogNet: NotifyAcceptedConnection: Name: ThirdPersonExampleMap, TimeStamp: 10/13/16 21:03:48, [UNetConnection] RemoteAddr: 127.0.0.1:51812, Name: IpConnection_7, Driver: GameNetDriver IpNetDriver_6, IsServer: YES, PC: NULL, Owner: NULL
[2016.10.13-12.03.48:458][443]LogNet: AddClientConnection: Added client connection: [UNetConnection] RemoteAddr: 127.0.0.1:51812, Name: IpConnection_7, Driver: GameNetDriver IpNetDriver_6, IsServer: YES, PC: NULL, Owner: NULL
[2016.10.13-12.03.48:507][445]LogNet: NotifyAcceptingChannel Control 0 server World /Game/ThirdPersonBP/Maps/UEDPIE_1_ThirdPersonExampleMap.ThirdPersonExampleMap: Accepted
[2016.10.13-12.03.48:507][445]LogNet: Remote platform little endian=1
[2016.10.13-12.03.48:507][445]LogNet: This platform little endian=1
[2016.10.13-12.03.48:507][445]LogNet: GetLocalNetworkVersion: GEngineNetVersion: 3039270, ProjectName: unnamed, ProjectVersion: 1.0.0.0, InternalProtocolVersion: 9, LocalNetworkVersion: 1745645396
[2016.10.13-12.03.48:529][446]LogNet: Login request: /Game/ThirdPersonBP/Maps/ThirdPersonExampleMap userId: Invalid
[2016.10.13-12.03.48:531][446]LogNet: Welcomed by server (Level: /Game/ThirdPersonBP/Maps/UEDPIE_1_ThirdPersonExampleMap, Game: /Game/ThirdPersonBP/Blueprints/ThirdPersonGameMode.ThirdPersonGameMode_C)
[2016.10.13-12.03.48:541][446]LogLoad: LoadMap: 127.0.0.1//Game/ThirdPersonBP/Maps/UEDPIE_1_ThirdPersonExampleMap?game=/Game/ThirdPersonBP/Blueprints/ThirdPersonGameMode.ThirdPersonGameMode_C
[2016.10.13-12.03.48:564][446]Cmd: MEM
[2016.10.13-12.03.48:584][446]LogMemory: Platform Memory Stats for Windows
[2016.10.13-12.03.48:584][446]LogMemory: Process Physical Memory: 1068.35 MB used, 1070.49 MB peak
[2016.10.13-12.03.48:584][446]LogMemory: Process Virtual Memory: 1999.77 MB used, 1999.77 MB peak
[2016.10.13-12.03.48:584][446]LogMemory: Physical Memory: 3670.98 MB used, 8113.86 MB total
[2016.10.13-12.03.48:584][446]LogMemory: Virtual Memory: 2798.21 MB used, 134217728.00 MB total
[2016.10.13-12.03.48:584][446]LogMemory: 
[2016.10.13-12.03.48:584][446]Allocator Stats for TBB: (not implemented)
[2016.10.13-12.03.48:589][446]LogWorld: PIE: Copying PIE streaming level from /Game/ThirdPersonBP/Maps/ThirdPersonExampleMap.ThirdPersonExampleMap to /Game/ThirdPersonBP/Maps/UEDPIE_2_ThirdPersonExampleMap.ThirdPersonExampleMap. OwningWorld: None
[2016.10.13-12.03.48:589][446]LogAIModule: Creating AISystem for world ThirdPersonExampleMap
[2016.10.13-12.03.48:595][446]LogWorld: Bringing World /Game/ThirdPersonBP/Maps/UEDPIE_2_ThirdPersonExampleMap.ThirdPersonExampleMap up for play (max tick rate 60) at 2016.10.13-21.03.48
[2016.10.13-12.03.48:596][446]LogWorld: Bringing up level for play took: 0.005414
[2016.10.13-12.03.48:596][446]LogLoad: Took 0.055001 seconds to LoadMap(/Game/ThirdPersonBP/Maps/UEDPIE_1_ThirdPersonExampleMap)
[2016.10.13-12.03.48:625][447]LogNet: Client netspeed is 10000
[2016.10.13-12.03.48:625][447]LogNet: Join request: /Game/ThirdPersonBP/Maps/ThirdPersonExampleMap?SplitscreenCount=1
[2016.10.13-12.03.48:630][447]LogNet: Join succeeded: 264
[2016.10.13-12.04.00:659][852]LogBlueprintUserMessages: Early EndPlayMap Detection: Level '/Game/ThirdPersonBP/Maps/ThirdPersonExampleMap.ThirdPersonExampleMap:PersistentLevel' has LevelScriptBlueprint '/Game/ThirdPersonBP/Maps/ThirdPersonExampleMap.ThirdPersonExampleMap:PersistentLevel.ThirdPersonExampleMap' with GeneratedClass '/Game/ThirdPersonBP/Maps/ThirdPersonExampleMap.ThirdPersonExampleMap_C' with ClassGeneratedBy '/Game/ThirdPersonBP/Maps/ThirdPersonExampleMap.ThirdPersonExampleMap:PersistentLevel.ThirdPersonExampleMap'
[2016.10.13-12.04.00:843][852]LogBlueprintUserMessages: Late EndPlayMap Detection: Level '/Game/ThirdPersonBP/Maps/ThirdPersonExampleMap.ThirdPersonExampleMap:PersistentLevel' has LevelScriptBlueprint '/Game/ThirdPersonBP/Maps/ThirdPersonExampleMap.ThirdPersonExampleMap:PersistentLevel.ThirdPersonExampleMap' with GeneratedClass '/Game/ThirdPersonBP/Maps/ThirdPersonExampleMap.ThirdPersonExampleMap_C' with ClassGeneratedBy '/Game/ThirdPersonBP/Maps/ThirdPersonExampleMap.ThirdPersonExampleMap:PersistentLevel.ThirdPersonExampleMap'
[2016.10.13-12.04.00:875][852]LogNet: UChannel::CleanUp: ChIndex == 0. Closing connection. [UChannel] ChIndex: 0, Closing: 0 [UNetConnection] RemoteAddr: 127.0.0.1:51812, Name: IpConnection_7, Driver: GameNetDriver IpNetDriver_6, IsServer: YES, PC: playercon_C_1, Owner: playercon_C_1
[2016.10.13-12.04.00:875][852]LogNet: UNetConnection::Close: [UNetConnection] RemoteAddr: 127.0.0.1:51812, Name: IpConnection_7, Driver: GameNetDriver IpNetDriver_6, IsServer: YES, PC: playercon_C_1, Owner: playercon_C_1, Channels: 17, Time: 2016.10.13-12.04.00
[2016.10.13-12.04.00:875][852]LogNet: UChannel::Close: Sending CloseBunch. ChIndex == 0. Name: [UChannel] ChIndex: 0, Closing: 0 [UNetConnection] RemoteAddr: 127.0.0.1:51812, Name: IpConnection_7, Driver: GameNetDriver IpNetDriver_6, IsServer: YES, PC: playercon_C_1, Owner: playercon_C_1
[2016.10.13-12.04.00:875][852]LogNet: UChannel::CleanUp: ChIndex == 0. Closing connection. [UChannel] ChIndex: 0, Closing: 0 [UNetConnection] RemoteAddr: 127.0.0.1:7777, Name: IpConnection_6, Driver: GameNetDriver IpNetDriver_7, IsServer: NO, PC: playercon_C_0, Owner: playercon_C_0
[2016.10.13-12.04.00:875][852]LogNet: UNetConnection::Close: [UNetConnection] RemoteAddr: 127.0.0.1:7777, Name: IpConnection_6, Driver: GameNetDriver IpNetDriver_7, IsServer: NO, PC: playercon_C_0, Owner: playercon_C_0, Channels: 17, Time: 2016.10.13-12.04.00
[2016.10.13-12.04.00:875][852]LogNet: UChannel::Close: Sending CloseBunch. ChIndex == 0. Name: [UChannel] ChIndex: 0, Closing: 0 [UNetConnection] RemoteAddr: 127.0.0.1:7777, Name: IpConnection_6, Driver: GameNetDriver IpNetDriver_7, IsServer: NO, PC: playercon_C_0, Owner: playercon_C_0
[2016.10.13-12.04.00:883][852]LogExit: GameNetDriver None shut down
[2016.10.13-12.04.00:883][852]LogExit: GameNetDriver None shut down
[2016.10.13-12.04.04:503][ 58]Cmd: OBJ SAVEPACKAGE PACKAGE="/Game/PHUD" FILE="../../../../../../Users/jcy/Documents/GitHub/UNNAMED/UNNAMED/Content/PHUD.uasset" SILENT=true
[2016.10.13-12.04.04:611][ 58]LogSavePackage: Save=53.35ms
[2016.10.13-12.04.04:611][ 58]LogSavePackage: Moving '../../../../../../Users/jcy/Documents/GitHub/UNNAMED/UNNAMED/Saved/PHUDBB2F7EE84D088CCC8ED0A7BDD08A63C7.tmp' to '../../../../../../Users/jcy/Documents/GitHub/UNNAMED/UNNAMED/Content/PHUD.uasset'
[2016.10.13-12.04.04:613][ 58]LogSavePackage:Display: Finished SavePackage ../../../../../../Users/jcy/Documents/GitHub/UNNAMED/UNNAMED/Content/PHUD.uasset
[2016.10.13-12.04.38:521][883]LogSavePackage: Save=216.03ms
[2016.10.13-12.04.38:521][883]LogSavePackage: Moving '../../../../../../Users/jcy/Documents/GitHub/UNNAMED/UNNAMED/Saved/ThirdPersonExampleMap98217AEE404E9CB8D85367B1EC575474.tmp' to '../../../../../../Users/jcy/Documents/GitHub/UNNAMED/UNNAMED/Content/ThirdPersonBP/Maps/ThirdPersonExampleMap.umap'
[2016.10.13-12.04.38:523][883]LogSavePackage:Display: Finished SavePackage ../../../../../../Users/jcy/Documents/GitHub/UNNAMED/UNNAMED/Content/ThirdPersonBP/Maps/ThirdPersonExampleMap.umap
[2016.10.13-12.04.39:556][928]LogSavePackage: Save=148.26ms
[2016.10.13-12.04.39:557][928]LogSavePackage: Moving '../../../../../../Users/jcy/Documents/GitHub/UNNAMED/UNNAMED/Saved/ThirdPersonExampleMap57F71A9442F48D12ECC9C893C9CAD912.tmp' to '../../../../../../Users/jcy/Documents/GitHub/UNNAMED/UNNAMED/Content/ThirdPersonBP/Maps/ThirdPersonExampleMap.umap'
[2016.10.13-12.04.39:558][928]LogSavePackage:Display: Finished SavePackage ../../../../../../Users/jcy/Documents/GitHub/UNNAMED/UNNAMED/Content/ThirdPersonBP/Maps/ThirdPersonExampleMap.umap
[2016.10.13-12.04.40:419][962]LogSavePackage: Save=151.13ms
[2016.10.13-12.04.40:420][962]LogSavePackage: Moving '../../../../../../Users/jcy/Documents/GitHub/UNNAMED/UNNAMED/Saved/ThirdPersonExampleMapD099C4044E1E619292E6ECB859547567.tmp' to '../../../../../../Users/jcy/Documents/GitHub/UNNAMED/UNNAMED/Content/ThirdPersonBP/Maps/ThirdPersonExampleMap.umap'
[2016.10.13-12.04.40:421][962]LogSavePackage:Display: Finished SavePackage ../../../../../../Users/jcy/Documents/GitHub/UNNAMED/UNNAMED/Content/ThirdPersonBP/Maps/ThirdPersonExampleMap.umap
[2016.10.13-12.04.41:223][993]LogSavePackage: Save=149.25ms
[2016.10.13-12.04.41:223][993]LogSavePackage: Moving '../../../../../../Users/jcy/Documents/GitHub/UNNAMED/UNNAMED/Saved/ThirdPersonExampleMap661F5A7141B4A8C18EF391B3BADEF12E.tmp' to '../../../../../../Users/jcy/Documents/GitHub/UNNAMED/UNNAMED/Content/ThirdPersonBP/Maps/ThirdPersonExampleMap.umap'
[2016.10.13-12.04.41:225][993]LogSavePackage:Display: Finished SavePackage ../../../../../../Users/jcy/Documents/GitHub/UNNAMED/UNNAMED/Content/ThirdPersonBP/Maps/ThirdPersonExampleMap.umap
[2016.10.13-12.04.45:743][238]Cmd: OBJ SAVEPACKAGE PACKAGE="/Game/PHUD" FILE="../../../../../../Users/jcy/Documents/GitHub/UNNAMED/UNNAMED/Content/PHUD.uasset" SILENT=true
[2016.10.13-12.04.45:850][238]LogSavePackage: Save=58.45ms
[2016.10.13-12.04.45:850][238]LogSavePackage: Moving '../../../../../../Users/jcy/Documents/GitHub/UNNAMED/UNNAMED/Saved/PHUD5977876A4643691D2A0776B3B6EF51C7.tmp' to '../../../../../../Users/jcy/Documents/GitHub/UNNAMED/UNNAMED/Content/PHUD.uasset'
[2016.10.13-12.04.45:852][238]LogSavePackage:Display: Finished SavePackage ../../../../../../Users/jcy/Documents/GitHub/UNNAMED/UNNAMED/Content/PHUD.uasset
[2016.10.13-12.04.49:030][403]LogWindowsTextInputMethodSystem:Display: IME system now activated using TSF (Microsoft 입력기).
[2016.10.13-12.04.49:268][404]Cmd: QUIT_EDITOR
[2016.10.13-12.04.50:022][404]LogExit: Preparing to exit.
[2016.10.13-12.04.50:817][404]LogExit: Editor shut down
[2016.10.13-12.04.50:818][404]LogExit: Transaction tracking system shut down
[2016.10.13-12.04.50:979][404]LogObj: Freed 0b from 0 cluster array pools.
[2016.10.13-12.04.50:979][404]LogExit: Object subsystem successfully closed.
[2016.10.13-12.04.50:999][404]LogD3D11RHI: Shutdown
[2016.10.13-12.04.50:999][404]LogD3D11RHI: CleanupD3DDevice
[2016.10.13-12.04.51:117][404]LogD3D11RHI: ~FD3D11DynamicRHI
[2016.10.13-12.04.51:152][404]LogModuleManager: Shutting down and abandoning module SequencerWidgets (216)
[2016.10.13-12.04.51:152][404]LogModuleManager: Shutting down and abandoning module BlueprintGraph (215)
[2016.10.13-12.04.51:152][404]LogModuleManager: Shutting down and abandoning module MovieSceneCapture (214)
[2016.10.13-12.04.51:152][404]LogModuleManager: Shutting down and abandoning module HierarchicalLODOutliner (213)
[2016.10.13-12.04.51:152][404]LogModuleManager: Shutting down and abandoning module CrashTracker (212)
[2016.10.13-12.04.51:152][404]LogModuleManager: Shutting down and abandoning module SceneOutliner (211)
[2016.10.13-12.04.51:152][404]LogModuleManager: Shutting down and abandoning module WidgetCarousel (210)
[2016.10.13-12.04.51:152][404]LogModuleManager: Shutting down and abandoning module AddContentDialog (209)
[2016.10.13-12.04.51:155][404]LogModuleManager: Shutting down and abandoning module GameplayTags (208)
[2016.10.13-12.04.51:155][404]LogModuleManager: Shutting down and abandoning module EditorWidgets (207)
[2016.10.13-12.04.51:155][404]LogModuleManager: Shutting down and abandoning module CollectionManager (206)
[2016.10.13-12.04.51:155][404]LogModuleManager: Shutting down and abandoning module StatsViewer (205)
[2016.10.13-12.04.51:155][404]LogModuleManager: Shutting down and abandoning module FoliageEdit (204)
[2016.10.13-12.04.51:155][404]LogModuleManager: Shutting down and abandoning module LandscapeEditor (203)
[2016.10.13-12.04.51:155][404]LogModuleManager: Shutting down and abandoning module SceneDepthPickerMode (202)
[2016.10.13-12.04.51:155][404]LogModuleManager: Shutting down and abandoning module ActorPickerMode (201)
[2016.10.13-12.04.51:155][404]LogModuleManager: Shutting down and abandoning module GeometryMode (200)
[2016.10.13-12.04.51:155][404]LogModuleManager: Shutting down and abandoning module TextureAlignMode (199)
[2016.10.13-12.04.51:155][404]LogModuleManager: Shutting down and abandoning module BspMode (198)
[2016.10.13-12.04.51:155][404]LogModuleManager: Shutting down and abandoning module HardwareSurvey (197)
[2016.10.13-12.04.51:155][404]LogModuleManager: Shutting down and abandoning module SequenceRecorderSections (196)
[2016.10.13-12.04.51:155][404]LogModuleManager: Shutting down and abandoning module SequenceRecorder (195)
[2016.10.13-12.04.51:155][404]LogModuleManager: Shutting down and abandoning module AutomationWorker (194)
[2016.10.13-12.04.51:155][404]LogModuleManager: Shutting down and abandoning module MatineeToLevelSequence (193)
[2016.10.13-12.04.51:155][404]LogModuleManager: Shutting down and abandoning module PlacementMode (192)
[2016.10.13-12.04.51:155][404]LogModuleManager: Shutting down and abandoning module LevelSequenceEditor (191)
[2016.10.13-12.04.51:156][404]LogModuleManager: Shutting down and abandoning module CharacterAI (190)
[2016.10.13-12.04.51:156][404]LogModuleManager: Shutting down and abandoning module SmartSnapping (189)
[2016.10.13-12.04.51:156][404]LogModuleManager: Shutting down and abandoning module SessionServices (188)
[2016.10.13-12.04.51:156][404]LogModuleManager: Shutting down and abandoning module ViewportSnapping (187)
[2016.10.13-12.04.51:156][404]LogModuleManager: Shutting down and abandoning module LogVisualizer (186)
[2016.10.13-12.04.51:156][404]LogModuleManager: Shutting down and abandoning module GameProjectGeneration (185)
[2016.10.13-12.04.51:156][404]LogModuleManager: Shutting down and abandoning module IntroTutorials (184)
[2016.10.13-12.04.51:156][404]LogModuleManager: Shutting down and abandoning module EditorLiveStreaming (183)
[2016.10.13-12.04.51:156][404]LogModuleManager: Shutting down and abandoning module IOSPlatformEditor (182)
[2016.10.13-12.04.51:156][404]LogModuleManager: Shutting down and abandoning module HTML5PlatformEditor (181)
[2016.10.13-12.04.51:156][404]LogModuleManager: Shutting down and abandoning module AndroidDeviceDetection (180)
[2016.10.13-12.04.51:372][404]LogModuleManager: Shutting down and abandoning module AndroidPlatformEditor (179)
[2016.10.13-12.04.51:372][404]LogModuleManager: Shutting down and abandoning module IOSRuntimeSettings (178)
[2016.10.13-12.04.51:372][404]LogModuleManager: Shutting down and abandoning module AndroidRuntimeSettings (177)
[2016.10.13-12.04.51:372][404]LogModuleManager: Shutting down and abandoning module MergeActors (176)
[2016.10.13-12.04.51:372][404]LogModuleManager: Shutting down and abandoning module SizeMap (175)
[2016.10.13-12.04.51:372][404]LogModuleManager: Shutting down and abandoning module TreeMap (174)
[2016.10.13-12.04.51:373][404]LogModuleManager: Shutting down and abandoning module ReferenceViewer (173)
[2016.10.13-12.04.51:373][404]LogModuleManager: Shutting down and abandoning module LocalizationService (172)
[2016.10.13-12.04.51:373][404]LogModuleManager: Shutting down and abandoning module LocalizationDashboard (171)
[2016.10.13-12.04.51:373][404]LogModuleManager: Shutting down and abandoning module HardwareTargeting (170)
[2016.10.13-12.04.51:373][404]LogModuleManager: Shutting down and abandoning module DeviceProfileEditor (169)
[2016.10.13-12.04.51:373][404]LogModuleManager: Shutting down and abandoning module UndoHistory (168)
[2016.10.13-12.04.51:373][404]LogModuleManager: Shutting down and abandoning module UserFeedback (167)
[2016.10.13-12.04.51:373][404]LogModuleManager: Shutting down and abandoning module XmlParser (166)
[2016.10.13-12.04.51:373][404]LogModuleManager: Shutting down and abandoning module Blutility (165)
[2016.10.13-12.04.51:373][404]LogModuleManager: Shutting down and abandoning module ProjectTargetPlatformEditor (164)
[2016.10.13-12.04.51:374][404]LogModuleManager: Shutting down and abandoning module ProjectSettingsViewer (163)
[2016.10.13-12.04.51:374][404]LogModuleManager: Shutting down and abandoning module InputBindingEditor (162)
[2016.10.13-12.04.51:375][404]LogModuleManager: Shutting down and abandoning module EditorSettingsViewer (161)
[2016.10.13-12.04.51:375][404]LogModuleManager: Shutting down and abandoning module SettingsEditor (160)
[2016.10.13-12.04.51:375][404]LogModuleManager: Shutting down and abandoning module ProjectLauncher (159)
[2016.10.13-12.04.51:375][404]LogModuleManager: Shutting down and abandoning module SessionFrontend (158)
[2016.10.13-12.04.51:375][404]LogModuleManager: Shutting down and abandoning module ProfilerClient (157)
[2016.10.13-12.04.51:376][404]LogModuleManager: Shutting down and abandoning module TargetDeviceServices (156)
[2016.10.13-12.04.51:376][404]LogModuleManager: Shutting down and abandoning module DeviceManager (155)
[2016.10.13-12.04.51:419][404]LogModuleManager: Shutting down and abandoning module AutomationController (154)
[2016.10.13-12.04.51:419][404]LogModuleManager: Shutting down and abandoning module AutomationWindow (153)
[2016.10.13-12.04.51:419][404]LogModuleManager: Shutting down and abandoning module Layers (152)
[2016.10.13-12.04.51:419][404]LogModuleManager: Shutting down and abandoning module ComponentVisualizers (151)
[2016.10.13-12.04.51:419][404]LogModuleManager: Shutting down and abandoning module DetailCustomizations (150)
[2016.10.13-12.04.51:419][404]LogModuleManager: Shutting down and abandoning module PackagesDialog (149)
[2016.10.13-12.04.51:419][404]LogModuleManager: Shutting down and abandoning module Persona (148)
[2016.10.13-12.04.51:419][404]LogModuleManager: Shutting down and abandoning module Kismet (147)
[2016.10.13-12.04.51:420][404]LogModuleManager: Shutting down and abandoning module GraphEditor (146)
[2016.10.13-12.04.51:420][404]LogModuleManager: Shutting down and abandoning module ClassViewer (145)
[2016.10.13-12.04.51:420][404]LogModuleManager: Shutting down and abandoning module Toolbox (144)
[2016.10.13-12.04.51:420][404]LogModuleManager: Shutting down and abandoning module ModuleUI (143)
[2016.10.13-12.04.51:420][404]LogModuleManager: Shutting down and abandoning module MovieSceneTools (142)
[2016.10.13-12.04.51:420][404]LogModuleManager: Shutting down and abandoning module OutputLog (141)
[2016.10.13-12.04.51:420][404]LogModuleManager: Shutting down and abandoning module GammaUI (140)
[2016.10.13-12.04.51:420][404]LogModuleManager: Shutting down and abandoning module Documentation (139)
[2016.10.13-12.04.51:420][404]LogModuleManager: Shutting down and abandoning module StreamingPauseRendering (138)
[2016.10.13-12.04.51:420][404]LogModuleManager: Shutting down and abandoning module AnalyticsET (137)
[2016.10.13-12.04.51:420][404]LogModuleManager: Shutting down and abandoning module Analytics (136)
[2016.10.13-12.04.51:420][404]LogModuleManager: Shutting down and abandoning module PortalServices (135)
[2016.10.13-12.04.51:420][404]LogModuleManager: Shutting down and abandoning module PortalRpc (134)
[2016.10.13-12.04.51:420][404]LogModuleManager: Shutting down and abandoning module MessagingRpc (133)
[2016.10.13-12.04.51:420][404]LogModuleManager: Shutting down and abandoning module GameplayDebugger (132)
[2016.10.13-12.04.51:420][404]LogModuleManager: Shutting down and abandoning module AITestSuite (131)
[2016.10.13-12.04.51:420][404]LogModuleManager: Shutting down and abandoning module AIModule (130)
[2016.10.13-12.04.51:420][404]LogModuleManager: Shutting down and abandoning module ProfilerService (129)
[2016.10.13-12.04.51:551][404]LogModuleManager: Shutting down and abandoning module TaskGraph (128)
[2016.10.13-12.04.51:551][404]LogModuleManager: Shutting down and abandoning module SlateRemote (127)
[2016.10.13-12.04.51:551][404]LogModuleManager: Shutting down and abandoning module SteamVRController (126)
[2016.10.13-12.04.51:551][404]LogModuleManager: Shutting down and abandoning module SteamVR (125)
[2016.10.13-12.04.51:551][404]LogModuleManager: Shutting down and abandoning module ProceduralMeshComponent (124)
[2016.10.13-12.04.51:551][404]LogModuleManager: Shutting down and abandoning module OculusLibrary (123)
[2016.10.13-12.04.51:551][404]LogModuleManager: Shutting down and abandoning module OculusInput (122)
[2016.10.13-12.04.51:551][404]LogModuleManager: Shutting down and abandoning module CustomMeshComponent (121)
[2016.10.13-12.04.51:551][404]LogModuleManager: Shutting down and abandoning module CableComponent (120)
[2016.10.13-12.04.51:551][404]LogModuleManager: Shutting down and abandoning module ArchVisCharacter (119)
[2016.10.13-12.04.51:551][404]LogModuleManager: Shutting down and abandoning module MediaPlayerEditor (118)
[2016.10.13-12.04.51:551][404]LogModuleManager: Shutting down and abandoning module HTML5Networking (117)
[2016.10.13-12.04.51:551][404]LogModuleManager: Shutting down and abandoning module SuperSearch (116)
[2016.10.13-12.04.51:551][404]LogModuleManager: Shutting down and abandoning module SuperSearchEditor (115)
[2016.10.13-12.04.51:551][404]LogModuleManager: Shutting down and abandoning module SpeedTreeImporter (114)
[2016.10.13-12.04.51:551][404]LogModuleManager: Shutting down and abandoning module PluginBrowser (113)
[2016.10.13-12.04.51:552][404]LogModuleManager: Shutting down and abandoning module EpicSurvey (112)
[2016.10.13-12.04.51:552][404]LogModuleManager: Shutting down and abandoning module DesktopPlatform (111)
[2016.10.13-12.04.51:552][404]LogModuleManager: Shutting down and abandoning module VisualStudioSourceCodeAccess (110)
[2016.10.13-12.04.51:552][404]LogModuleManager: Shutting down and abandoning module UObjectPlugin (109)
[2016.10.13-12.04.51:552][404]LogModuleManager: Shutting down and abandoning module SubversionSourceControl (108)
[2016.10.13-12.04.51:552][404]LogModuleManager: Shutting down and abandoning module PerforceSourceControl (107)
[2016.10.13-12.04.51:552][404]LogModuleManager: Shutting down and abandoning module SourceControl (106)
[2016.10.13-12.04.51:552][404]LogModuleManager: Shutting down and abandoning module GitSourceControl (105)
[2016.10.13-12.04.51:552][404]LogModuleManager: Shutting down and abandoning module LightPropagationVolumeEditor (104)
[2016.10.13-12.04.51:552][404]LogModuleManager: Shutting down and abandoning module PaperTiledImporter (103)
[2016.10.13-12.04.51:552][404]LogModuleManager: Shutting down and abandoning module PaperSpriteSheetImporter (102)
[2016.10.13-12.04.51:552][404]LogModuleManager: Shutting down and abandoning module MeshPaint (101)
[2016.10.13-12.04.51:552][404]LogModuleManager: Shutting down and abandoning module PixelInspectorModule (100)
[2016.10.13-12.04.51:552][404]LogModuleManager: Shutting down and abandoning module HotReload (99)
[2016.10.13-12.04.51:554][404]LogModuleManager: Shutting down and abandoning module MainFrame (98)
[2016.10.13-12.04.51:554][404]LogModuleManager: Shutting down and abandoning module LevelEditor (97)
[2016.10.13-12.04.51:555][404]LogModuleManager: Shutting down and abandoning module ContentBrowser (96)
[2016.10.13-12.04.51:561][404]LogModuleManager: Shutting down and abandoning module Paper2DEditor (95)
[2016.10.13-12.04.51:561][404]LogModuleManager: Shutting down and abandoning module UdpMessaging (94)
[2016.10.13-12.04.51:662][404]LogModuleManager: Shutting down and abandoning module LightPropagationVolumeRuntime (93)
[2016.10.13-12.04.51:662][404]LogModuleManager: Shutting down and abandoning module Paper2D (92)
[2016.10.13-12.04.51:662][404]LogModuleManager: Shutting down and abandoning module WindowsMoviePlayer (91)
[2016.10.13-12.04.51:662][404]LogModuleManager: Shutting down and abandoning module Media (90)
[2016.10.13-12.04.51:662][404]LogModuleManager: Shutting down and abandoning module WmfMedia (89)
[2016.10.13-12.04.51:663][404]LogModuleManager: Shutting down and abandoning module MediaAssets (88)
[2016.10.13-12.04.51:663][404]LogModuleManager: Shutting down and abandoning module GameLiveStreaming (87)
[2016.10.13-12.04.51:663][404]LogModuleManager: Shutting down and abandoning module GameplayTagsEditor (86)
[2016.10.13-12.04.51:663][404]LogModuleManager: Shutting down and abandoning module OnlineBlueprintSupport (85)
[2016.10.13-12.04.51:663][404]LogModuleManager: Shutting down and abandoning module VREditor (84)
[2016.10.13-12.04.51:663][404]LogModuleManager: Shutting down and abandoning module GameplayTasksEditor (83)
[2016.10.13-12.04.51:663][404]LogModuleManager: Shutting down and abandoning module PropertyEditor (82)
[2016.10.13-12.04.51:663][404]LogModuleManager: Shutting down and abandoning module BehaviorTreeEditor (81)
[2016.10.13-12.04.51:663][404]LogModuleManager: Shutting down and abandoning module FunctionalTesting (80)
[2016.10.13-12.04.51:663][404]LogModuleManager: Shutting down and abandoning module CollisionAnalyzer (79)
[2016.10.13-12.04.51:663][404]LogModuleManager: Shutting down and abandoning module Sequencer (78)
[2016.10.13-12.04.51:664][404]LogModuleManager: Shutting down and abandoning module WorkspaceMenuStructure (77)
[2016.10.13-12.04.51:664][404]LogModuleManager: Shutting down and abandoning module MessageLog (76)
[2016.10.13-12.04.51:664][404]LogModuleManager: Shutting down and abandoning module AssetTools (75)
[2016.10.13-12.04.51:664][404]LogModuleManager: Shutting down and abandoning module UMGEditor (74)
[2016.10.13-12.04.51:664][404]LogModuleManager: Shutting down and abandoning module UMG (73)
[2016.10.13-12.04.51:664][404]LogModuleManager: Shutting down and abandoning module SlateReflector (72)
[2016.10.13-12.04.51:664][404]LogModuleManager: Shutting down and abandoning module Slate (71)
[2016.10.13-12.04.51:664][404]LogModuleManager: Shutting down and abandoning module EditorStyle (70)
[2016.10.13-12.04.51:677][404]LogModuleManager: Shutting down and abandoning module SourceCodeAccess (69)
[2016.10.13-12.04.51:677][404]LogModuleManager: Shutting down and abandoning module HeadMountedDisplay (68)
[2016.10.13-12.04.51:677][404]LogModuleManager: Shutting down and abandoning module XAudio2 (67)
[2016.10.13-12.04.51:677][404]LogModuleManager: Shutting down and abandoning module Networking (65)
[2016.10.13-12.04.51:677][404]LogModuleManager: Shutting down and abandoning module Core (64)
[2016.10.13-12.04.51:677][404]LogModuleManager: Shutting down and abandoning module DirectoryWatcher (63)
[2016.10.13-12.04.51:679][404]LogModuleManager: Shutting down and abandoning module AssetRegistry (62)
[2016.10.13-12.04.51:833][404]LogModuleManager: Shutting down and abandoning module KismetCompiler (61)
[2016.10.13-12.04.51:833][404]LogModuleManager: Shutting down and abandoning module PhysXFormats (60)
[2016.10.13-12.04.51:833][404]LogModuleManager: Shutting down and abandoning module MeshUtilities (59)
[2016.10.13-12.04.51:833][404]LogModuleManager: Shutting down and abandoning module DerivedDataCache (58)
[2016.10.13-12.04.51:869][404]LogDerivedDataCache: Shutdown
[2016.10.13-12.04.51:869][404]LogModuleManager: Shutting down and abandoning module VulkanShaderFormat (57)
[2016.10.13-12.04.51:869][404]LogModuleManager: Shutting down and abandoning module ShaderFormatOpenGL (56)
[2016.10.13-12.04.51:869][404]LogModuleManager: Shutting down and abandoning module ShaderFormatD3D (55)
[2016.10.13-12.04.51:869][404]LogModuleManager: Shutting down and abandoning module MetalShaderFormat (54)
[2016.10.13-12.04.51:869][404]LogModuleManager: Shutting down and abandoning module TextureFormatUncompressed (53)
[2016.10.13-12.04.51:869][404]LogModuleManager: Shutting down and abandoning module TextureFormatPVR (52)
[2016.10.13-12.04.51:869][404]LogModuleManager: Shutting down and abandoning module TextureFormatIntelISPCTexComp (51)
[2016.10.13-12.04.51:869][404]LogModuleManager: Shutting down and abandoning module TextureFormatDXT (50)
[2016.10.13-12.04.51:869][404]LogModuleManager: Shutting down and abandoning module ImageWrapper (49)
[2016.10.13-12.04.51:869][404]LogModuleManager: Shutting down and abandoning module TextureFormatASTC (48)
[2016.10.13-12.04.51:869][404]LogModuleManager: Shutting down and abandoning module TextureFormatAndroid (47)
[2016.10.13-12.04.51:869][404]LogModuleManager: Shutting down and abandoning module AudioFormatOpus (46)
[2016.10.13-12.04.51:869][404]LogModuleManager: Shutting down and abandoning module AudioFormatOgg (45)
[2016.10.13-12.04.51:869][404]LogModuleManager: Shutting down and abandoning module AudioFormatADPCM (44)
[2016.10.13-12.04.51:869][404]LogModuleManager: Shutting down and abandoning module LinuxTargetPlatform (43)
[2016.10.13-12.04.51:869][404]LogModuleManager: Shutting down and abandoning module LinuxServerTargetPlatform (42)
[2016.10.13-12.04.51:869][404]LogModuleManager: Shutting down and abandoning module LinuxNoEditorTargetPlatform (41)
[2016.10.13-12.04.51:869][404]LogModuleManager: Shutting down and abandoning module TVOSTargetPlatform (40)
[2016.10.13-12.04.51:869][404]LogModuleManager: Shutting down and abandoning module Messaging (39)
[2016.10.13-12.04.51:869][404]LogModuleManager: Shutting down and abandoning module IOSTargetPlatform (38)
[2016.10.13-12.04.51:869][404]LogModuleManager: Shutting down and abandoning module HTML5TargetPlatform (37)
[2016.10.13-12.04.51:869][404]LogModuleManager: Shutting down and abandoning module Android_PVRTCTargetPlatform (36)
[2016.10.13-12.04.51:869][404]LogModuleManager: Shutting down and abandoning module Android_MultiTargetPlatform (35)
[2016.10.13-12.04.51:869][404]LogModuleManager: Shutting down and abandoning module Android_ETC2TargetPlatform (34)
[2016.10.13-12.04.51:869][404]LogModuleManager: Shutting down and abandoning module Android_ETC1TargetPlatform (33)
[2016.10.13-12.04.51:869][404]LogModuleManager: Shutting down and abandoning module Android_DXTTargetPlatform (32)
[2016.10.13-12.04.51:869][404]LogModuleManager: Shutting down and abandoning module Android_ATCTargetPlatform (31)
[2016.10.13-12.04.51:869][404]LogModuleManager: Shutting down and abandoning module Android_ASTCTargetPlatform (30)
[2016.10.13-12.04.51:869][404]LogModuleManager: Shutting down and abandoning module AndroidTargetPlatform (29)
[2016.10.13-12.04.51:869][404]LogModuleManager: Shutting down and abandoning module WindowsTargetPlatform (28)
[2016.10.13-12.04.51:869][404]LogModuleManager: Shutting down and abandoning module WindowsServerTargetPlatform (27)
[2016.10.13-12.04.51:869][404]LogModuleManager: Shutting down and abandoning module WindowsNoEditorTargetPlatform (26)
[2016.10.13-12.04.51:869][404]LogModuleManager: Shutting down and abandoning module WindowsClientTargetPlatform (25)
[2016.10.13-12.04.51:869][404]LogModuleManager: Shutting down and abandoning module AllDesktopTargetPlatform (24)
[2016.10.13-12.04.51:869][404]LogModuleManager: Shutting down and abandoning module TargetPlatform (23)
[2016.10.13-12.04.51:869][404]LogModuleManager: Shutting down and abandoning module InputCore (22)
[2016.10.13-12.04.51:869][404]LogModuleManager: Shutting down and abandoning module Settings (21)
[2016.10.13-12.04.51:869][404]LogModuleManager: Shutting down and abandoning module OnlineSubsystem (19)
[2016.10.13-12.04.51:869][404]LogModuleManager: Shutting down and abandoning module HTTP (18)
[2016.10.13-12.04.53:372][404]LogModuleManager: Shutting down and abandoning module XMPP (17)
[2016.10.13-12.04.53:372][404]LogModuleManager: Shutting down and abandoning module OculusRift (16)
[2016.10.13-12.04.53:372][404]LogModuleManager: Shutting down and abandoning module ExampleDeviceProfileSelector (15)
[2016.10.13-12.04.53:372][404]LogModuleManager: Shutting down and abandoning module TextureCompressor (14)
[2016.10.13-12.04.53:372][404]LogModuleManager: Shutting down and abandoning module ShaderCore (13)
[2016.10.13-12.04.53:372][404]LogModuleManager: Shutting down and abandoning module Landscape (12)
[2016.10.13-12.04.53:372][404]LogModuleManager: Shutting down and abandoning module SlateRHIRenderer (11)
[2016.10.13-12.04.53:374][404]LogModuleManager: Shutting down and abandoning module OpenGLDrv (10)
[2016.10.13-12.04.53:374][404]LogModuleManager: Shutting down and abandoning module D3D11RHI (9)
[2016.10.13-12.04.53:374][404]LogModuleManager: Shutting down and abandoning module AnimGraphRuntime (8)
[2016.10.13-12.04.53:374][404]LogModuleManager: Shutting down and abandoning module Renderer (7)
[2016.10.13-12.04.53:374][404]LogModuleManager: Shutting down and abandoning module Engine (6)
[2016.10.13-12.04.53:374][404]LogModuleManager: Shutting down and abandoning module CoreUObject (5)
[2016.10.13-12.04.53:374][404]LogModuleManager: Shutting down and abandoning module NetworkFile (4)
[2016.10.13-12.04.53:374][404]LogModuleManager: Shutting down and abandoning module StreamingFile (3)
[2016.10.13-12.04.53:374][404]LogModuleManager: Shutting down and abandoning module SandboxFile (2)
[2016.10.13-12.04.53:374][404]LogModuleManager: Shutting down and abandoning module PakFile (1)
[2016.10.13-12.04.53:376][404]LogExit: Exiting.
[2016.10.13-12.04.53:378][404]Log file closed, 10/13/16 21:04:53
