Log file open, 12/07/16 19:10:03
LogInit:Display: Running engine for game: UNNAMED
LogPlatformFile: Not using cached read wrapper
LogInit:Display: RandInit(327264774) SRandInit(327264775).
LogTaskGraph: Started task graph with 4 named threads and 7 total threads with 1 sets of task threads.
LogStats: Stats thread started at 0.095266
LogInit: Version: 4.12.5-3039270+++UE4+Release-4.12
LogInit: API Version: 2992821
LogInit: Net Version: 3039270
LogDevObjectVersion: Number of dev versions registered: 13
LogDevObjectVersion:   Dev-Blueprints (B0D832E4-1F89-4F0D-ACCF-7EB736FD4AA2): 3
LogDevObjectVersion:   Dev-Build (E1C64328-A22C-4D53-A36C-8E866417BD8C): 0
LogDevObjectVersion:   Dev-Core (375EC13C-06E4-48FB-B500-84F0262A717E): 1
LogDevObjectVersion:   Dev-Editor (E4B068ED-F494-42E9-A231-DA0B2E46BB41): 2
LogDevObjectVersion:   Dev-Framework (CFFC743F-43B0-4480-9391-14DF171D2073): 6
LogDevObjectVersion:   Dev-Mobile (B02B49B5-BB20-44E9-A304-32B752E40360): 0
LogDevObjectVersion:   Dev-Networking (A4E4105C-59A1-49B5-A7C5-40C4547EDFEE): 0
LogDevObjectVersion:   Dev-Online (39C831C9-5AE6-47DC-9A44-9C173E1C8E7C): 0
LogDevObjectVersion:   Dev-Physics (78F01B33-EBEA-4F98-B9B4-84EACCB95AA2): 0
LogDevObjectVersion:   Dev-Platform (6631380F-2D4D-43E0-8009-CF276956A95A): 0
LogDevObjectVersion:   Dev-Rendering (12F88B9F-8875-4AFC-A67C-D90C383ABD29): 2
LogDevObjectVersion:   Dev-Sequencer (7B5AE74C-D270-4C10-A958-57980B212A5A): 0
LogDevObjectVersion:   Dev-VR (D7296918-1DD6-4BDD-9DE2-64A83CC13884): 0
LogInit: Compiled (64-bit): Jul  6 2016 09:09:46
LogInit: Compiled with Visual C++: 19.00.23026.00
LogInit: Build Configuration: Development
LogInit: Branch Name: ++UE4+Release-4.12
LogInit: Command line:  
LogInit: Base directory: C:/Program Files (x86)/Epic Games/4.12/Engine/Binaries/Win64/
LogInit: Installed Engine Build: 1
LogInit: Using libcurl 7.41.0
LogInit:  - built for x86_64-pc-win32
LogInit:  - supports SSL with WinSSL
LogInit:  - other features:
LogInit:      CURL_VERSION_SSL
LogInit:      CURL_VERSION_IPV6
LogInit:      CURL_VERSION_ASYNCHDNS
LogInit:      CURL_VERSION_LARGEFILE
LogInit:      CURL_VERSION_IDN
LogInit:  CurlRequestOptions (configurable via config and command line):
LogInit:  - bVerifyPeer = true  - Libcurl will verify peer certificate
LogInit:  - bUseHttpProxy = false  - Libcurl will NOT use HTTP proxy
LogInit:  - bDontReuseConnections = false  - Libcurl will reuse connections
LogInit:  - CertBundlePath = nullptr  - Libcurl will use whatever was configured at build time.
LogOnline:Display: STEAM: Loading Steam SDK 1.32
LogOnline:Warning: STEAM: Steam API disabled!
LogOnline:Display: STEAM: OnlineSubsystemSteam::Shutdown()
LogInit: WinSock: version 1.1 (2.2), MaxSocks=32767, MaxUdp=65467
LogVoice:Warning: Failed to initialize voice interface
LogInit: Presizing for max 8388607 objects, including 0 objects not considered by GC, pre-allocating 0 bytes for permanent pool.
LogInit: Object subsystem initialized
[2016.12.07-10.10.04:105][  0]LogInit: Selected Device Profile: [Windows]
[2016.12.07-10.10.04:105][  0]LogInit: Applying CVar settings loaded from the selected device profile: [Windows]
[2016.12.07-10.10.04:147][  0]LogInit: Computer: DESKTOP-5I3HB32
[2016.12.07-10.10.04:147][  0]LogInit: User: jcy
[2016.12.07-10.10.04:147][  0]LogInit: CPU Page size=65536, Cores=4
[2016.12.07-10.10.04:147][  0]LogInit: High frequency timer resolution =2.533210 MHz
[2016.12.07-10.10.04:147][  0]LogMemory: Memory total: Physical=7.9GB (8GB approx)
[2016.12.07-10.10.04:147][  0]LogMemory: Platform Memory Stats for Windows
[2016.12.07-10.10.04:147][  0]LogMemory: Process Physical Memory: 193.32 MB used, 193.32 MB peak
[2016.12.07-10.10.04:147][  0]LogMemory: Process Virtual Memory: 195.64 MB used, 195.64 MB peak
[2016.12.07-10.10.04:147][  0]LogMemory: Physical Memory: 4782.78 MB used, 8113.86 MB total
[2016.12.07-10.10.04:147][  0]LogMemory: Virtual Memory: 556.81 MB used, 134217728.00 MB total
[2016.12.07-10.10.05:754][  0]LogD3D11RHI: D3D11 adapters:
[2016.12.07-10.10.06:444][  0]LogD3D11RHI:    0. 'NVIDIA GeForce GTX 960M' (Feature Level 11_0)
[2016.12.07-10.10.06:444][  0]LogD3D11RHI:       2018/0/4056 MB DedicatedVideo/DedicatedSystem/SharedSystem, Outputs:2, VendorId:0x10de
[2016.12.07-10.10.06:451][  0]LogD3D11RHI:    1. 'Intel(R) HD Graphics 4600' (Feature Level 11_0)
[2016.12.07-10.10.06:451][  0]LogD3D11RHI:       112/0/2048 MB DedicatedVideo/DedicatedSystem/SharedSystem, Outputs:0, VendorId:0x8086
[2016.12.07-10.10.06:452][  0]LogD3D11RHI:    2. 'Microsoft Basic Render Driver' (Feature Level 11_0)
[2016.12.07-10.10.06:452][  0]LogD3D11RHI:       0/0/4056 MB DedicatedVideo/DedicatedSystem/SharedSystem, Outputs:0, VendorId:0x1414
[2016.12.07-10.10.06:452][  0]LogD3D11RHI: Chosen D3D11 Adapter: 0
[2016.12.07-10.10.06:459][  0]LogD3D11RHI: Creating new Direct3DDevice
[2016.12.07-10.10.06:459][  0]LogD3D11RHI:     GPU DeviceId: 0x139b (for the marketing name, search the web for "GPU Device Id")
[2016.12.07-10.10.06:459][  0]LogWindows: EnumDisplayDevices:
[2016.12.07-10.10.06:459][  0]LogWindows:    0. 'Intel(R) HD Graphics 4600' (P:1 D:1)
[2016.12.07-10.10.06:459][  0]LogWindows:    1. 'Intel(R) HD Graphics 4600' (P:0 D:1)
[2016.12.07-10.10.06:460][  0]LogWindows:    2. 'Intel(R) HD Graphics 4600' (P:0 D:0)
[2016.12.07-10.10.06:460][  0]LogWindows: DebugString: PrimaryIsNotTheChoosenAdapter PrimaryIsNotTheChoosenAdapter PrimaryIsNotTheChoosenAdapter FoundDriverCount:0 
[2016.12.07-10.10.06:460][  0]LogD3D11RHI:     Adapter Name: NVIDIA GeForce GTX 960M
[2016.12.07-10.10.06:460][  0]LogD3D11RHI:   Driver Version: Unknown (internal:Unknown, unified:Unknown)
[2016.12.07-10.10.06:460][  0]LogD3D11RHI:      Driver Date: Unknown
[2016.12.07-10.10.06:460][  0]LogRHI: Texture pool is 1361 MB (70% of 1945 MB)
[2016.12.07-10.10.07:118][  0]LogD3D11RHI: Async texture creation enabled
[2016.12.07-10.10.07:401][  0]LogD3D11RHI: GPU Timing Frequency: 1000.000000 (Debug: 2 1)
[2016.12.07-10.10.07:402][  0]LogShaderCompilers: Guid format shader working directory is -16 characters bigger than the processId version (../../../../../../Users/jcy/Documents/GitHub/UNNAMED/UNNAMED/Intermediate/Shaders/WorkingDirectory/2576/).
[2016.12.07-10.10.07:402][  0]LogShaderCompilers: Cleaned the shader compiler working directory 'C:/Users/jcy/AppData/Local/Temp/UnrealShaderWorkingDir/EA1929D84EECBDE565B89FAFC4551D06/'.
[2016.12.07-10.10.07:402][  0]LogShaderCompilers:Display: Using Local Shader Compiler.
[2016.12.07-10.10.08:552][  0]LogTemp:Display: Loaded TP AllDesktopTargetPlatform
[2016.12.07-10.10.08:566][  0]LogTemp:Display: Loaded TP WindowsClientTargetPlatform
[2016.12.07-10.10.08:581][  0]LogTemp:Display: Loaded TP WindowsNoEditorTargetPlatform
[2016.12.07-10.10.08:594][  0]LogTemp:Display: Loaded TP WindowsServerTargetPlatform
[2016.12.07-10.10.08:606][  0]LogTemp:Display: Loaded TP WindowsTargetPlatform
[2016.12.07-10.10.08:617][  0]LogTemp:Display: Loaded TP AndroidTargetPlatform
[2016.12.07-10.10.08:627][  0]LogTemp:Display: Loaded TP Android_ASTCTargetPlatform
[2016.12.07-10.10.08:637][  0]LogTemp:Display: Loaded TP Android_ATCTargetPlatform
[2016.12.07-10.10.08:645][  0]LogTemp:Display: Loaded TP Android_DXTTargetPlatform
[2016.12.07-10.10.08:655][  0]LogTemp:Display: Loaded TP Android_ETC1TargetPlatform
[2016.12.07-10.10.08:665][  0]LogTemp:Display: Loaded TP Android_ETC2TargetPlatform
[2016.12.07-10.10.08:687][  0]LogTemp:Display: Loaded TP Android_MultiTargetPlatform
[2016.12.07-10.10.08:687][  0]LogTemp:Display: Loaded TP Android_PVRTCTargetPlatform
[2016.12.07-10.10.08:690][  0]LogTemp:Display: Loaded TP HTML5TargetPlatform
[2016.12.07-10.10.08:720][  0]LogTemp:Display: Loaded TP IOSTargetPlatform
[2016.12.07-10.10.08:729][  0]LogTemp:Display: Loaded TP TVOSTargetPlatform
[2016.12.07-10.10.08:737][  0]LogTemp:Display: Loaded TP LinuxNoEditorTargetPlatform
[2016.12.07-10.10.08:745][  0]LogTemp:Display: Loaded TP LinuxServerTargetPlatform
[2016.12.07-10.10.08:779][  0]LogTemp:Display: Loaded TP LinuxTargetPlatform
[2016.12.07-10.10.08:780][  0]LogTargetPlatformManager:Display: Building Assets For Windows
[2016.12.07-10.10.08:895][  0]LogDerivedDataCache:Display: Max Cache Size: 512 MB
[2016.12.07-10.10.08:973][  0]LogDerivedDataCache: Loaded boot cache 0.08s 48MB C:/Users/jcy/AppData/Local/UnrealEngine/4.12/DerivedDataCache/Boot.ddc.
[2016.12.07-10.10.08:974][  0]LogDerivedDataCache:Display: Loaded Boot cache: C:/Users/jcy/AppData/Local/UnrealEngine/4.12/DerivedDataCache/Boot.ddc
[2016.12.07-10.10.08:974][  0]LogDerivedDataCache: FDerivedDataBackendGraph:  Pak pak cache file ../../../../../../Users/jcy/Documents/GitHub/UNNAMED/UNNAMED/DerivedDataCache/DDC.ddp not found, will not use a pak cache.
[2016.12.07-10.10.08:974][  0]LogDerivedDataCache: Unable to find inner node Pak for hierarchical cache Hierarchy.
[2016.12.07-10.10.08:974][  0]LogDerivedDataCache: FDerivedDataBackendGraph:  CompressedPak pak cache file ../../../../../../Users/jcy/Documents/GitHub/UNNAMED/UNNAMED/DerivedDataCache/Compressed.ddp not found, will not use a pak cache.
[2016.12.07-10.10.08:974][  0]LogDerivedDataCache: Unable to find inner node CompressedPak for hierarchical cache Hierarchy.
[2016.12.07-10.10.08:996][  0]LogDerivedDataCache:Display: Pak cache opened for reading ../../../Engine/DerivedDataCache/Compressed.ddp.
[2016.12.07-10.10.09:008][  0]LogDerivedDataCache: Using Local data cache path C:/Users/jcy/AppData/Local/UnrealEngine/Common/DerivedDataCache: Writable
[2016.12.07-10.10.09:242][  0]LogInit: Selected Device Profile: [Windows]
[2016.12.07-10.10.09:243][  0]LogContentStreaming: Texture pool size is 0.00 MB
[2016.12.07-10.10.09:453][  0]LogMeshUtilities: No automatic mesh reduction module available
[2016.12.07-10.10.09:453][  0]LogMeshUtilities: No automatic mesh merging module available
[2016.12.07-10.10.09:453][  0]LogMeshUtilities: No distributed automatic mesh merging module available
[2016.12.07-10.10.09:828][  0]LogAssetRegistry: FAssetRegistry took 0.0219 seconds to start up
[2016.12.07-10.10.09:895][  0]LogPackageLocalizationCache: Processed 3 localized package path(s) for 1 prioritized culture(s) in 0.062863 seconds
[2016.12.07-10.10.09:903][  0]LogUObjectArray: 28746 objects as part of root set at end of initial load.
[2016.12.07-10.10.09:903][  0]LogUObjectAllocator: 6069104 out of 0 bytes used by permanent object pool.
[2016.12.07-10.10.09:903][  0]LogUObjectArray: CloseDisregardForGC: 0/0 objects in disregard for GC pool
[2016.12.07-10.10.10:443][  0]LogSlate: SlateFontCache - WITH_FREETYPE: 1, WITH_HARFBUZZ: 1
[2016.12.07-10.10.10:443][  0]LogSlate: SlateFontCache - WITH_FREETYPE: 1, WITH_HARFBUZZ: 1
[2016.12.07-10.10.30:866][  0]LogUdpMessaging: Initializing bridge on interface 0.0.0.0:0 to multicast group 230.0.0.1:6666.
[2016.12.07-10.10.31:453][  0]SourceControl: Info Source control is disabled
[2016.12.07-10.10.31:454][  0]SourceControl: Info Source control is disabled
[2016.12.07-10.10.31:466][  0]SourceControl: Info Source control is disabled
[2016.12.07-10.10.31:476][  0]SourceControl: Info Source control is disabled
[2016.12.07-10.10.31:908][  0]LogEngine: Initializing Engine...
[2016.12.07-10.10.31:909][  0]LogHMD: SteamVR failed to initialize.  Err: 110
[2016.12.07-10.10.31:910][  0]LogHMD: SteamVR failed to initialize.  Err: 110
[2016.12.07-10.10.32:078][  0]LogAIModule: Creating AISystem for world NewWorld
[2016.12.07-10.10.32:084][  0]LogInit: XAudio2 using '스피커(Realtek High Definition Audio)' : 2 channels at 48 kHz using 32 bits per sample (channel mask 0x3)
[2016.12.07-10.10.32:114][  0]LogInit: FAudioDevice initialized.
[2016.12.07-10.10.32:151][  0]LogDerivedDataCache: Saved boot cache 0.04s 48MB C:/Users/jcy/AppData/Local/UnrealEngine/4.12/DerivedDataCache/Boot.ddc.
[2016.12.07-10.10.32:165][  0]LogInit: Texture streaming: Enabled
[2016.12.07-10.10.32:199][  0]LogInit: Transaction tracking system initialized
[2016.12.07-10.10.32:238][  0]BlueprintLog: New page: Editor Load
[2016.12.07-10.10.32:371][  0]LocalizationService: Info Localization service is disabled
[2016.12.07-10.10.32:539][  0]LogConsoleResponse:Display: 
[2016.12.07-10.10.32:973][  0]LogCook:Display: Max memory allowance for cook 8192mb
[2016.12.07-10.10.32:973][  0]LogCook:Display: Mobile HDR setting 1
[2016.12.07-10.10.33:125][  0]LogFileCache: Scanning file cache for directory 'C:/Users/jcy/Documents/GitHub/UNNAMED/UNNAMED/Content/' took 0.03s
[2016.12.07-10.10.33:414][  0]SourceControl: Info Source control is disabled
[2016.12.07-10.10.33:414][  0]Cmd: MAP LOAD FILE="../../../../../../Users/jcy/Documents/GitHub/UNNAMED/UNNAMED/Content/Map/Main.umap" TEMPLATE=0 SHOWPROGRESS=1 FEATURELEVEL=3
[2016.12.07-10.10.33:440][  0]LightingResults: New page: Lighting Build
[2016.12.07-10.10.33:445][  0]MapCheck: New page: Map Check
[2016.12.07-10.10.33:445][  0]LightingResults: New page: Lighting Build
[2016.12.07-10.10.34:380][  0]LogAIModule: Creating AISystem for world Main
[2016.12.07-10.10.34:382][  0]LogEditorServer: Finished looking for orphan Actors (0.000 secs)
[2016.12.07-10.10.34:382][  0]Cmd: MAP CHECKDEP NOCLEARLOG
[2016.12.07-10.10.34:427][  0]MapCheck: Info Map check complete: 0 Error(s), 0 Warning(s), took 44.472ms to complete.
[2016.12.07-10.10.34:427][  0]LogFileHelpers: Loading map 'Main' took 1.013
[2016.12.07-10.10.34:725][  0]LogCrashTracker: Crashtracker disabled due to settings.
[2016.12.07-10.10.34:732][  0]LogUObjectGlobals:Warning: Failed to find object 'Class None.'
[2016.12.07-10.10.34:763][  0]LogLoad: Full Startup: 32.15 seconds (BP compile: 0.29 seconds)
[2016.12.07-10.10.34:763][  0]LogExternalProfiler: Found external profiler: VSPerf
[2016.12.07-10.10.34:763][  0]LogExternalProfiler: Using external profiler: VSPerf
[2016.12.07-10.10.35:105][  0]LogOcInput: OculusInput pre-init called
[2016.12.07-10.10.35:122][  0]LogContentStreaming: Texture pool size now 1000 MB
[2016.12.07-10.10.35:341][  0]LogRenderer: Reallocating scene render targets to support 1144x924 (Frame:2).
[2016.12.07-10.10.35:472][  1]LogAssetRegistry: Asset discovery search completed in 25.6656 seconds
[2016.12.07-10.10.35:500][  1]LogCollectionManager: Loaded 1 collections in 0.021725 seconds
[2016.12.07-10.10.35:535][  1]LogFileCache: Scanning file cache for directory 'C:/Users/jcy/Documents/GitHub/UNNAMED/UNNAMED/Saved/Collections/' took 0.01s
[2016.12.07-10.10.35:535][  1]LogFileCache: Scanning file cache for directory 'C:/Users/jcy/Documents/GitHub/UNNAMED/UNNAMED/Content/Developers/jcy/Collections/' took 0.01s
[2016.12.07-10.10.35:535][  1]LogFileCache: Scanning file cache for directory 'C:/Users/jcy/Documents/GitHub/UNNAMED/UNNAMED/Content/Collections/' took 0.01s
[2016.12.07-10.10.35:535][  1]LogCollectionManager: Rebuilt the object cache for 1 collections in 0.000004 seconds (found 0 objects)
[2016.12.07-10.10.35:535][  1]LogCollectionManager: Fixed up redirectors for 1 collections in 0.000066 seconds (updated 0 objects)
[2016.12.07-10.10.41:033][577]LogCollectionManager: Rebuilt the GUID cache for 1 collections in 0.000002 seconds
[2016.12.07-10.10.41:033][577]LogCollectionManager: Rebuilt the hierarchy cache for 1 collections in 0.000000 seconds
[2016.12.07-10.10.41:040][577]LogContentBrowser: Native class hierarchy populated in 0.0076 seconds. Added 2051 classes and 375 folders.
[2016.12.07-10.10.41:048][577]LogStats: UGameplayTagsManager::ConstructGameplayTagTree: Construct from data asset -  0.000 s
[2016.12.07-10.10.41:048][577]LogStats: UGameplayTagsManager::ConstructGameplayTagTree: GameplayTagTreeChangedEvent.Broadcast -  0.000 s
[2016.12.07-10.10.41:050][577]LogContentBrowser: Native class hierarchy updated for 'GameplayTags' in 0.0016 seconds. Added 12 classes and 0 folders.
[2016.12.07-10.10.41:059][577]LogContentBrowser: Native class hierarchy updated for 'WidgetCarousel' in 0.0005 seconds. Added 0 classes and 0 folders.
[2016.12.07-10.10.41:719][577]LogContentBrowser: Native class hierarchy updated for 'AddContentDialog' in 0.0004 seconds. Added 0 classes and 0 folders.
[2016.12.07-10.10.50:539][401]LogContentBrowser: Native class hierarchy updated for 'BlueprintGraph' in 0.0008 seconds. Added 111 classes and 0 folders.
[2016.12.07-10.20.35:543][547]LogFileHelpers: Editor autosave (incl. sublevels) for '/Game/Map/Main' took 0.186
[2016.12.07-10.20.35:546][547]OBJ SavePackage: Generating thumbnails for [1] asset(s) in package [/Game/Bomb] ([1] browsable assets)...
[2016.12.07-10.20.35:576][547]OBJ SavePackage:     Rendered thumbnail for [Blueprint /Game/Bomb.Bomb]
[2016.12.07-10.20.35:576][547]OBJ SavePackage: Finished generating thumbnails for package [/Game/Bomb]
[2016.12.07-10.20.35:576][547]Cmd: OBJ SAVEPACKAGE PACKAGE="/Game/Bomb" FILE="../../../../../../Users/jcy/Documents/GitHub/UNNAMED/UNNAMED/Saved/Autosaves/Game/Bomb_Auto1.uasset" SILENT=false AUTOSAVING=true
[2016.12.07-10.20.36:120][547]LogSavePackage: Save=78.87ms
[2016.12.07-10.20.36:120][547]LogSavePackage: Moving '../../../../../../Users/jcy/Documents/GitHub/UNNAMED/UNNAMED/Saved/Bomb_Auto1729F0BA14C7A6C67910554BDD59BD408.tmp' to '../../../../../../Users/jcy/Documents/GitHub/UNNAMED/UNNAMED/Saved/Autosaves/Game/Bomb_Auto1.uasset'
[2016.12.07-10.20.36:156][547]LogSavePackage:Display: Finished SavePackage ../../../../../../Users/jcy/Documents/GitHub/UNNAMED/UNNAMED/Saved/Autosaves/Game/Bomb_Auto1.uasset
[2016.12.07-10.20.36:156][547]LogFileHelpers: Auto-saving content packages took 0.611
[2016.12.07-10.25.24:077][996]Cmd: OBJ SAVEPACKAGE PACKAGE="/Game/SP_damege" FILE="../../../../../../Users/jcy/Documents/GitHub/UNNAMED/UNNAMED/Content/SP_damege.uasset" SILENT=true
[2016.12.07-10.25.24:185][996]LogSavePackage: Save=34.50ms
[2016.12.07-10.25.24:185][996]LogSavePackage: Moving '../../../../../../Users/jcy/Documents/GitHub/UNNAMED/UNNAMED/Saved/SP_damege635F8DE1409E50FF9FCCCEB7C7C4D5FA.tmp' to '../../../../../../Users/jcy/Documents/GitHub/UNNAMED/UNNAMED/Content/SP_damege.uasset'
[2016.12.07-10.25.24:188][996]LogSavePackage:Display: Finished SavePackage ../../../../../../Users/jcy/Documents/GitHub/UNNAMED/UNNAMED/Content/SP_damege.uasset
[2016.12.07-10.37.42:218][792]Cmd: OBJ SAVEPACKAGE PACKAGE="/Game/Bomb" FILE="../../../../../../Users/jcy/Documents/GitHub/UNNAMED/UNNAMED/Content/Bomb.uasset" SILENT=true
[2016.12.07-10.37.42:312][792]LogSavePackage: Save=30.48ms
[2016.12.07-10.37.42:312][792]LogSavePackage: Moving '../../../../../../Users/jcy/Documents/GitHub/UNNAMED/UNNAMED/Saved/BombE2EC6CF44534EA962000F1B817055E0D.tmp' to '../../../../../../Users/jcy/Documents/GitHub/UNNAMED/UNNAMED/Content/Bomb.uasset'
[2016.12.07-10.37.42:315][792]LogSavePackage:Display: Finished SavePackage ../../../../../../Users/jcy/Documents/GitHub/UNNAMED/UNNAMED/Content/Bomb.uasset
[2016.12.07-10.37.42:334][792]Cmd: OBJ SAVEPACKAGE PACKAGE="/Game/SP_damege" FILE="../../../../../../Users/jcy/Documents/GitHub/UNNAMED/UNNAMED/Content/SP_damege.uasset" SILENT=true
[2016.12.07-10.37.42:432][792]LogSavePackage: Save=35.57ms
[2016.12.07-10.37.42:432][792]LogSavePackage: Moving '../../../../../../Users/jcy/Documents/GitHub/UNNAMED/UNNAMED/Saved/SP_damege3B30D2854F03749BBDFE8F962189D2A2.tmp' to '../../../../../../Users/jcy/Documents/GitHub/UNNAMED/UNNAMED/Content/SP_damege.uasset'
[2016.12.07-10.37.42:434][792]LogSavePackage:Display: Finished SavePackage ../../../../../../Users/jcy/Documents/GitHub/UNNAMED/UNNAMED/Content/SP_damege.uasset
[2016.12.07-10.37.42:538][792]Cmd: OBJ SAVEPACKAGE PACKAGE="/Game/Map/Main" FILE="../../../../../../Users/jcy/Documents/GitHub/UNNAMED/UNNAMED/Saved/Autosaves/Game/Map/UEDPCMain.umap" SILENT=true AUTOSAVING=true KEEPDIRTY=true
[2016.12.07-10.37.42:733][792]LogSavePackage: Save=137.86ms
[2016.12.07-10.37.42:733][792]LogSavePackage: Moving '../../../../../../Users/jcy/Documents/GitHub/UNNAMED/UNNAMED/Saved/UEDPCMain65377AEE44D251F856F327A144E1B815.tmp' to '../../../../../../Users/jcy/Documents/GitHub/UNNAMED/UNNAMED/Saved/Autosaves/Game/Map/UEDPCMain.umap'
[2016.12.07-10.37.42:734][792]LogSavePackage:Display: Finished SavePackage ../../../../../../Users/jcy/Documents/GitHub/UNNAMED/UNNAMED/Saved/Autosaves/Game/Map/UEDPCMain.umap
[2016.12.07-10.37.42:740][792]LogEditorTransaction: Undo Spawn Play From Here Start
[2016.12.07-10.38.01:181][245]Cmd: OBJ SAVEPACKAGE PACKAGE="/Game/SP_damege" FILE="../../../../../../Users/jcy/Documents/GitHub/UNNAMED/UNNAMED/Content/SP_damege.uasset" SILENT=true
[2016.12.07-10.38.01:265][245]LogSavePackage: Save=32.15ms
[2016.12.07-10.38.01:265][245]LogSavePackage: Moving '../../../../../../Users/jcy/Documents/GitHub/UNNAMED/UNNAMED/Saved/SP_damege7412076A42CEE44DC5E4879B382354E7.tmp' to '../../../../../../Users/jcy/Documents/GitHub/UNNAMED/UNNAMED/Content/SP_damege.uasset'
[2016.12.07-10.38.01:268][245]LogSavePackage:Display: Finished SavePackage ../../../../../../Users/jcy/Documents/GitHub/UNNAMED/UNNAMED/Content/SP_damege.uasset
[2016.12.07-10.38.01:305][245]Cmd: OBJ SAVEPACKAGE PACKAGE="/Game/Map/Main" FILE="../../../../../../Users/jcy/Documents/GitHub/UNNAMED/UNNAMED/Saved/Autosaves/Game/Map/UEDPCMain.umap" SILENT=true AUTOSAVING=true KEEPDIRTY=true
[2016.12.07-10.38.01:459][245]LogSavePackage: Save=102.98ms
[2016.12.07-10.38.01:459][245]LogSavePackage: Moving '../../../../../../Users/jcy/Documents/GitHub/UNNAMED/UNNAMED/Saved/UEDPCMain77A88AD646652CA89660D39B40960E3F.tmp' to '../../../../../../Users/jcy/Documents/GitHub/UNNAMED/UNNAMED/Saved/Autosaves/Game/Map/UEDPCMain.umap'
[2016.12.07-10.38.01:460][245]LogSavePackage:Display: Finished SavePackage ../../../../../../Users/jcy/Documents/GitHub/UNNAMED/UNNAMED/Saved/Autosaves/Game/Map/UEDPCMain.umap
[2016.12.07-10.38.01:465][245]LogEditorTransaction: Undo Spawn Play From Here Start
[2016.12.07-10.38.36:107][237]BlueprintLog: New page: Compile SP_damege
[2016.12.07-10.38.36:360][237]BlueprintEditorCompileResults: Info [1713.75] Compile of SP_damege successful! [in 253 ms] (/Game/SP_damege.SP_damege)
[2016.12.07-10.38.39:710][317]Cmd: OBJ SAVEPACKAGE PACKAGE="/Game/SP_damege" FILE="../../../../../../Users/jcy/Documents/GitHub/UNNAMED/UNNAMED/Content/SP_damege.uasset" SILENT=true
[2016.12.07-10.38.39:797][317]LogSavePackage: Save=31.12ms
[2016.12.07-10.38.39:797][317]LogSavePackage: Moving '../../../../../../Users/jcy/Documents/GitHub/UNNAMED/UNNAMED/Saved/SP_damege6C1DA51D464FEE5C1C64869597B70817.tmp' to '../../../../../../Users/jcy/Documents/GitHub/UNNAMED/UNNAMED/Content/SP_damege.uasset'
[2016.12.07-10.38.39:800][317]LogSavePackage:Display: Finished SavePackage ../../../../../../Users/jcy/Documents/GitHub/UNNAMED/UNNAMED/Content/SP_damege.uasset
[2016.12.07-10.38.39:844][317]Cmd: OBJ SAVEPACKAGE PACKAGE="/Game/Map/Main" FILE="../../../../../../Users/jcy/Documents/GitHub/UNNAMED/UNNAMED/Saved/Autosaves/Game/Map/UEDPCMain.umap" SILENT=true AUTOSAVING=true KEEPDIRTY=true
[2016.12.07-10.38.39:990][317]LogSavePackage: Save=94.57ms
[2016.12.07-10.38.39:990][317]LogSavePackage: Moving '../../../../../../Users/jcy/Documents/GitHub/UNNAMED/UNNAMED/Saved/UEDPCMain0C5B143A4878EF23AE2742B3FA44F30E.tmp' to '../../../../../../Users/jcy/Documents/GitHub/UNNAMED/UNNAMED/Saved/Autosaves/Game/Map/UEDPCMain.umap'
[2016.12.07-10.38.39:993][317]LogSavePackage:Display: Finished SavePackage ../../../../../../Users/jcy/Documents/GitHub/UNNAMED/UNNAMED/Saved/Autosaves/Game/Map/UEDPCMain.umap
[2016.12.07-10.38.39:997][317]LogEditorTransaction: Undo Spawn Play From Here Start
[2016.12.07-10.39.15:087][588]Cmd: OBJ SAVEPACKAGE PACKAGE="/Game/SP_damege" FILE="../../../../../../Users/jcy/Documents/GitHub/UNNAMED/UNNAMED/Content/SP_damege.uasset" SILENT=true
[2016.12.07-10.39.15:172][588]LogSavePackage: Save=34.16ms
[2016.12.07-10.39.15:172][588]LogSavePackage: Moving '../../../../../../Users/jcy/Documents/GitHub/UNNAMED/UNNAMED/Saved/SP_damege8E796890413E8F390F9F2291DF9F95FF.tmp' to '../../../../../../Users/jcy/Documents/GitHub/UNNAMED/UNNAMED/Content/SP_damege.uasset'
[2016.12.07-10.39.15:175][588]LogSavePackage:Display: Finished SavePackage ../../../../../../Users/jcy/Documents/GitHub/UNNAMED/UNNAMED/Content/SP_damege.uasset
[2016.12.07-10.39.15:218][588]Cmd: OBJ SAVEPACKAGE PACKAGE="/Game/Map/Main" FILE="../../../../../../Users/jcy/Documents/GitHub/UNNAMED/UNNAMED/Saved/Autosaves/Game/Map/UEDPCMain.umap" SILENT=true AUTOSAVING=true KEEPDIRTY=true
[2016.12.07-10.39.15:375][588]LogSavePackage: Save=102.69ms
[2016.12.07-10.39.15:375][588]LogSavePackage: Moving '../../../../../../Users/jcy/Documents/GitHub/UNNAMED/UNNAMED/Saved/UEDPCMain8526DEF04ABA2406F6872681DD032C79.tmp' to '../../../../../../Users/jcy/Documents/GitHub/UNNAMED/UNNAMED/Saved/Autosaves/Game/Map/UEDPCMain.umap'
[2016.12.07-10.39.15:378][588]LogSavePackage:Display: Finished SavePackage ../../../../../../Users/jcy/Documents/GitHub/UNNAMED/UNNAMED/Saved/Autosaves/Game/Map/UEDPCMain.umap
[2016.12.07-10.39.15:384][588]LogEditorTransaction: Undo Spawn Play From Here Start
[2016.12.07-10.39.54:907][256]Cmd: OBJ SAVEPACKAGE PACKAGE="/Game/SP_damege" FILE="../../../../../../Users/jcy/Documents/GitHub/UNNAMED/UNNAMED/Content/SP_damege.uasset" SILENT=true
[2016.12.07-10.39.54:984][256]LogSavePackage: Save=24.37ms
[2016.12.07-10.39.54:984][256]LogSavePackage: Moving '../../../../../../Users/jcy/Documents/GitHub/UNNAMED/UNNAMED/Saved/SP_damegeA2B1D68E4450026EAEAF319012E155B9.tmp' to '../../../../../../Users/jcy/Documents/GitHub/UNNAMED/UNNAMED/Content/SP_damege.uasset'
[2016.12.07-10.39.54:987][256]LogSavePackage:Display: Finished SavePackage ../../../../../../Users/jcy/Documents/GitHub/UNNAMED/UNNAMED/Content/SP_damege.uasset
[2016.12.07-10.39.55:033][256]Cmd: OBJ SAVEPACKAGE PACKAGE="/Game/Map/Main" FILE="../../../../../../Users/jcy/Documents/GitHub/UNNAMED/UNNAMED/Saved/Autosaves/Game/Map/UEDPCMain.umap" SILENT=true AUTOSAVING=true KEEPDIRTY=true
[2016.12.07-10.39.55:200][256]LogSavePackage: Save=106.48ms
[2016.12.07-10.39.55:200][256]LogSavePackage: Moving '../../../../../../Users/jcy/Documents/GitHub/UNNAMED/UNNAMED/Saved/UEDPCMain34DC0AEE42FD9D0BFD5AA6B8BA645F53.tmp' to '../../../../../../Users/jcy/Documents/GitHub/UNNAMED/UNNAMED/Saved/Autosaves/Game/Map/UEDPCMain.umap'
[2016.12.07-10.39.55:201][256]LogSavePackage:Display: Finished SavePackage ../../../../../../Users/jcy/Documents/GitHub/UNNAMED/UNNAMED/Saved/Autosaves/Game/Map/UEDPCMain.umap
[2016.12.07-10.39.55:206][256]LogEditorTransaction: Undo Spawn Play From Here Start
[2016.12.07-10.40.14:539][794]Cmd: OBJ SAVEPACKAGE PACKAGE="/Game/SP_damege" FILE="../../../../../../Users/jcy/Documents/GitHub/UNNAMED/UNNAMED/Content/SP_damege.uasset" SILENT=true
[2016.12.07-10.40.14:627][794]LogSavePackage: Save=34.82ms
[2016.12.07-10.40.14:627][794]LogSavePackage: Moving '../../../../../../Users/jcy/Documents/GitHub/UNNAMED/UNNAMED/Saved/SP_damegeBE3D01E747DD13A5F14E5E885D822945.tmp' to '../../../../../../Users/jcy/Documents/GitHub/UNNAMED/UNNAMED/Content/SP_damege.uasset'
[2016.12.07-10.40.14:630][794]LogSavePackage:Display: Finished SavePackage ../../../../../../Users/jcy/Documents/GitHub/UNNAMED/UNNAMED/Content/SP_damege.uasset
[2016.12.07-10.40.14:669][794]Cmd: OBJ SAVEPACKAGE PACKAGE="/Game/Map/Main" FILE="../../../../../../Users/jcy/Documents/GitHub/UNNAMED/UNNAMED/Saved/Autosaves/Game/Map/UEDPCMain.umap" SILENT=true AUTOSAVING=true KEEPDIRTY=true
[2016.12.07-10.40.14:828][794]LogSavePackage: Save=107.38ms
[2016.12.07-10.40.14:828][794]LogSavePackage: Moving '../../../../../../Users/jcy/Documents/GitHub/UNNAMED/UNNAMED/Saved/UEDPCMain5FE57BBA4B568BBCAA76A7B54B248FC9.tmp' to '../../../../../../Users/jcy/Documents/GitHub/UNNAMED/UNNAMED/Saved/Autosaves/Game/Map/UEDPCMain.umap'
[2016.12.07-10.40.14:830][794]LogSavePackage:Display: Finished SavePackage ../../../../../../Users/jcy/Documents/GitHub/UNNAMED/UNNAMED/Saved/Autosaves/Game/Map/UEDPCMain.umap
[2016.12.07-10.40.14:834][794]LogEditorTransaction: Undo Spawn Play From Here Start
[2016.12.07-10.40.48:874][383]LogActorComponent: UnregisterComponent: (/Engine/Transient.EditorFloorComp) Not registered. Aborting.
[2016.12.07-10.40.48:982][383]LogActorComponent: UnregisterComponent: (/Engine/Transient.EditorFloorComp) Not registered. Aborting.
[2016.12.07-12.26.06:664][357]LogWindowsTextInputMethodSystem:Display: IME system now activated using TSF (Microsoft 입력기).
[2016.12.07-12.26.06:948][358]Cmd: QUIT_EDITOR
[2016.12.07-12.26.07:046][358]LogExit: Preparing to exit.
[2016.12.07-12.26.07:668][358]LogExit: Editor shut down
[2016.12.07-12.26.07:674][358]LogExit: Transaction tracking system shut down
[2016.12.07-12.26.08:185][358]LogObj: Freed 0b from 0 cluster array pools.
[2016.12.07-12.26.08:188][358]LogExit: Object subsystem successfully closed.
[2016.12.07-12.26.08:230][358]LogD3D11RHI: Shutdown
[2016.12.07-12.26.08:230][358]LogD3D11RHI: CleanupD3DDevice
[2016.12.07-12.26.08:394][358]LogD3D11RHI: ~FD3D11DynamicRHI
[2016.12.07-12.26.08:423][358]LogModuleManager: Shutting down and abandoning module BlueprintGraph (217)
[2016.12.07-12.26.08:423][358]LogModuleManager: Shutting down and abandoning module WidgetCarousel (216)
[2016.12.07-12.26.08:423][358]LogModuleManager: Shutting down and abandoning module AddContentDialog (215)
[2016.12.07-12.26.08:433][358]LogModuleManager: Shutting down and abandoning module GameplayTags (214)
[2016.12.07-12.26.08:433][358]LogModuleManager: Shutting down and abandoning module EditorWidgets (213)
[2016.12.07-12.26.08:433][358]LogModuleManager: Shutting down and abandoning module CollectionManager (212)
[2016.12.07-12.26.08:434][358]LogModuleManager: Shutting down and abandoning module HierarchicalLODOutliner (211)
[2016.12.07-12.26.08:434][358]LogModuleManager: Shutting down and abandoning module CrashTracker (210)
[2016.12.07-12.26.08:434][358]LogModuleManager: Shutting down and abandoning module SceneOutliner (209)
[2016.12.07-12.26.08:434][358]LogModuleManager: Shutting down and abandoning module StatsViewer (208)
[2016.12.07-12.26.08:434][358]LogModuleManager: Shutting down and abandoning module FoliageEdit (207)
[2016.12.07-12.26.08:434][358]LogModuleManager: Shutting down and abandoning module LandscapeEditor (206)
[2016.12.07-12.26.08:434][358]LogModuleManager: Shutting down and abandoning module SceneDepthPickerMode (205)
[2016.12.07-12.26.08:434][358]LogModuleManager: Shutting down and abandoning module ActorPickerMode (204)
[2016.12.07-12.26.08:434][358]LogModuleManager: Shutting down and abandoning module GeometryMode (203)
[2016.12.07-12.26.08:434][358]LogModuleManager: Shutting down and abandoning module TextureAlignMode (202)
[2016.12.07-12.26.08:434][358]LogModuleManager: Shutting down and abandoning module BspMode (201)
[2016.12.07-12.26.08:434][358]LogModuleManager: Shutting down and abandoning module HardwareSurvey (200)
[2016.12.07-12.26.08:434][358]LogModuleManager: Shutting down and abandoning module SequenceRecorderSections (199)
[2016.12.07-12.26.08:434][358]LogModuleManager: Shutting down and abandoning module SequenceRecorder (198)
[2016.12.07-12.26.08:435][358]LogModuleManager: Shutting down and abandoning module AutomationWorker (197)
[2016.12.07-12.26.08:435][358]LogModuleManager: Shutting down and abandoning module MatineeToLevelSequence (196)
[2016.12.07-12.26.08:435][358]LogModuleManager: Shutting down and abandoning module PlacementMode (195)
[2016.12.07-12.26.08:435][358]LogModuleManager: Shutting down and abandoning module LevelSequenceEditor (194)
[2016.12.07-12.26.08:436][358]LogModuleManager: Shutting down and abandoning module CharacterAI (193)
[2016.12.07-12.26.08:436][358]LogModuleManager: Shutting down and abandoning module SmartSnapping (192)
[2016.12.07-12.26.08:436][358]LogModuleManager: Shutting down and abandoning module SessionServices (191)
[2016.12.07-12.26.08:436][358]LogModuleManager: Shutting down and abandoning module ViewportSnapping (190)
[2016.12.07-12.26.08:436][358]LogModuleManager: Shutting down and abandoning module LogVisualizer (189)
[2016.12.07-12.26.08:437][358]LogModuleManager: Shutting down and abandoning module GameProjectGeneration (188)
[2016.12.07-12.26.08:437][358]LogModuleManager: Shutting down and abandoning module IntroTutorials (187)
[2016.12.07-12.26.08:438][358]LogModuleManager: Shutting down and abandoning module EditorLiveStreaming (186)
[2016.12.07-12.26.08:438][358]LogModuleManager: Shutting down and abandoning module IOSPlatformEditor (185)
[2016.12.07-12.26.08:438][358]LogModuleManager: Shutting down and abandoning module HTML5PlatformEditor (184)
[2016.12.07-12.26.08:438][358]LogModuleManager: Shutting down and abandoning module AndroidDeviceDetection (183)
[2016.12.07-12.26.08:513][358]LogModuleManager: Shutting down and abandoning module AndroidPlatformEditor (182)
[2016.12.07-12.26.08:513][358]LogModuleManager: Shutting down and abandoning module IOSRuntimeSettings (181)
[2016.12.07-12.26.08:513][358]LogModuleManager: Shutting down and abandoning module AndroidRuntimeSettings (180)
[2016.12.07-12.26.08:513][358]LogModuleManager: Shutting down and abandoning module MergeActors (179)
[2016.12.07-12.26.08:513][358]LogModuleManager: Shutting down and abandoning module SizeMap (178)
[2016.12.07-12.26.08:513][358]LogModuleManager: Shutting down and abandoning module TreeMap (177)
[2016.12.07-12.26.08:513][358]LogModuleManager: Shutting down and abandoning module ReferenceViewer (176)
[2016.12.07-12.26.08:513][358]LogModuleManager: Shutting down and abandoning module LocalizationService (175)
[2016.12.07-12.26.08:513][358]LogModuleManager: Shutting down and abandoning module LocalizationDashboard (174)
[2016.12.07-12.26.08:513][358]LogModuleManager: Shutting down and abandoning module HardwareTargeting (173)
[2016.12.07-12.26.08:513][358]LogModuleManager: Shutting down and abandoning module DeviceProfileEditor (172)
[2016.12.07-12.26.08:513][358]LogModuleManager: Shutting down and abandoning module UndoHistory (171)
[2016.12.07-12.26.08:513][358]LogModuleManager: Shutting down and abandoning module UserFeedback (170)
[2016.12.07-12.26.08:513][358]LogModuleManager: Shutting down and abandoning module XmlParser (169)
[2016.12.07-12.26.08:513][358]LogModuleManager: Shutting down and abandoning module Blutility (168)
[2016.12.07-12.26.08:513][358]LogModuleManager: Shutting down and abandoning module ProjectTargetPlatformEditor (167)
[2016.12.07-12.26.08:514][358]LogModuleManager: Shutting down and abandoning module ProjectSettingsViewer (166)
[2016.12.07-12.26.08:514][358]LogModuleManager: Shutting down and abandoning module InputBindingEditor (165)
[2016.12.07-12.26.08:515][358]LogModuleManager: Shutting down and abandoning module EditorSettingsViewer (164)
[2016.12.07-12.26.08:515][358]LogModuleManager: Shutting down and abandoning module SettingsEditor (163)
[2016.12.07-12.26.08:515][358]LogModuleManager: Shutting down and abandoning module ProjectLauncher (162)
[2016.12.07-12.26.08:515][358]LogModuleManager: Shutting down and abandoning module SessionFrontend (161)
[2016.12.07-12.26.08:515][358]LogModuleManager: Shutting down and abandoning module ProfilerClient (160)
[2016.12.07-12.26.08:515][358]LogModuleManager: Shutting down and abandoning module TargetDeviceServices (159)
[2016.12.07-12.26.08:515][358]LogModuleManager: Shutting down and abandoning module DeviceManager (158)
[2016.12.07-12.26.08:558][358]LogModuleManager: Shutting down and abandoning module AutomationController (157)
[2016.12.07-12.26.08:558][358]LogModuleManager: Shutting down and abandoning module AutomationWindow (156)
[2016.12.07-12.26.08:558][358]LogModuleManager: Shutting down and abandoning module Layers (155)
[2016.12.07-12.26.08:558][358]LogModuleManager: Shutting down and abandoning module ComponentVisualizers (154)
[2016.12.07-12.26.08:558][358]LogModuleManager: Shutting down and abandoning module DetailCustomizations (153)
[2016.12.07-12.26.08:558][358]LogModuleManager: Shutting down and abandoning module PackagesDialog (152)
[2016.12.07-12.26.08:559][358]LogModuleManager: Shutting down and abandoning module Persona (151)
[2016.12.07-12.26.08:559][358]LogModuleManager: Shutting down and abandoning module Kismet (150)
[2016.12.07-12.26.08:559][358]LogModuleManager: Shutting down and abandoning module GraphEditor (149)
[2016.12.07-12.26.08:559][358]LogModuleManager: Shutting down and abandoning module ClassViewer (148)
[2016.12.07-12.26.08:559][358]LogModuleManager: Shutting down and abandoning module Toolbox (147)
[2016.12.07-12.26.08:559][358]LogModuleManager: Shutting down and abandoning module ModuleUI (146)
[2016.12.07-12.26.08:559][358]LogModuleManager: Shutting down and abandoning module MovieSceneTools (145)
[2016.12.07-12.26.08:559][358]LogModuleManager: Shutting down and abandoning module OutputLog (144)
[2016.12.07-12.26.08:559][358]LogModuleManager: Shutting down and abandoning module GammaUI (143)
[2016.12.07-12.26.08:559][358]LogModuleManager: Shutting down and abandoning module Documentation (142)
[2016.12.07-12.26.08:560][358]LogModuleManager: Shutting down and abandoning module StreamingPauseRendering (141)
[2016.12.07-12.26.08:560][358]LogModuleManager: Shutting down and abandoning module AnalyticsET (140)
[2016.12.07-12.26.08:560][358]LogModuleManager: Shutting down and abandoning module Analytics (139)
[2016.12.07-12.26.08:560][358]LogModuleManager: Shutting down and abandoning module PortalServices (138)
[2016.12.07-12.26.08:560][358]LogModuleManager: Shutting down and abandoning module PortalRpc (137)
[2016.12.07-12.26.08:560][358]LogModuleManager: Shutting down and abandoning module MessagingRpc (136)
[2016.12.07-12.26.08:560][358]LogModuleManager: Shutting down and abandoning module GameplayDebugger (135)
[2016.12.07-12.26.08:560][358]LogModuleManager: Shutting down and abandoning module AITestSuite (134)
[2016.12.07-12.26.08:560][358]LogModuleManager: Shutting down and abandoning module AIModule (133)
[2016.12.07-12.26.08:560][358]LogModuleManager: Shutting down and abandoning module ProfilerService (132)
[2016.12.07-12.26.08:607][358]LogModuleManager: Shutting down and abandoning module TaskGraph (131)
[2016.12.07-12.26.08:608][358]LogModuleManager: Shutting down and abandoning module SlateRemote (130)
[2016.12.07-12.26.08:608][358]LogModuleManager: Shutting down and abandoning module SteamVRController (129)
[2016.12.07-12.26.08:608][358]LogModuleManager: Shutting down and abandoning module SteamVR (128)
[2016.12.07-12.26.08:608][358]LogModuleManager: Shutting down and abandoning module ProceduralMeshComponent (127)
[2016.12.07-12.26.08:608][358]LogModuleManager: Shutting down and abandoning module OculusLibrary (126)
[2016.12.07-12.26.08:608][358]LogModuleManager: Shutting down and abandoning module OculusInput (125)
[2016.12.07-12.26.08:608][358]LogModuleManager: Shutting down and abandoning module CustomMeshComponent (124)
[2016.12.07-12.26.08:608][358]LogModuleManager: Shutting down and abandoning module CableComponent (123)
[2016.12.07-12.26.08:608][358]LogModuleManager: Shutting down and abandoning module ArchVisCharacter (122)
[2016.12.07-12.26.08:608][358]LogModuleManager: Shutting down and abandoning module MediaPlayerEditor (121)
[2016.12.07-12.26.08:608][358]LogModuleManager: Shutting down and abandoning module HTML5Networking (120)
[2016.12.07-12.26.08:608][358]LogModuleManager: Shutting down and abandoning module SuperSearch (119)
[2016.12.07-12.26.08:608][358]LogModuleManager: Shutting down and abandoning module SuperSearchEditor (118)
[2016.12.07-12.26.08:608][358]LogModuleManager: Shutting down and abandoning module SpeedTreeImporter (117)
[2016.12.07-12.26.08:608][358]LogModuleManager: Shutting down and abandoning module PluginBrowser (116)
[2016.12.07-12.26.08:608][358]LogModuleManager: Shutting down and abandoning module EpicSurvey (115)
[2016.12.07-12.26.08:608][358]LogModuleManager: Shutting down and abandoning module DesktopPlatform (114)
[2016.12.07-12.26.08:608][358]LogModuleManager: Shutting down and abandoning module VisualStudioSourceCodeAccess (113)
[2016.12.07-12.26.08:608][358]LogModuleManager: Shutting down and abandoning module UObjectPlugin (112)
[2016.12.07-12.26.08:608][358]LogModuleManager: Shutting down and abandoning module SubversionSourceControl (111)
[2016.12.07-12.26.08:608][358]LogModuleManager: Shutting down and abandoning module PerforceSourceControl (110)
[2016.12.07-12.26.08:608][358]LogModuleManager: Shutting down and abandoning module SourceControl (109)
[2016.12.07-12.26.08:609][358]LogModuleManager: Shutting down and abandoning module GitSourceControl (108)
[2016.12.07-12.26.08:609][358]LogModuleManager: Shutting down and abandoning module LightPropagationVolumeEditor (107)
[2016.12.07-12.26.08:609][358]LogModuleManager: Shutting down and abandoning module PaperTiledImporter (106)
[2016.12.07-12.26.08:609][358]LogModuleManager: Shutting down and abandoning module PaperSpriteSheetImporter (105)
[2016.12.07-12.26.08:609][358]LogModuleManager: Shutting down and abandoning module MeshPaint (104)
[2016.12.07-12.26.08:609][358]LogModuleManager: Shutting down and abandoning module PixelInspectorModule (103)
[2016.12.07-12.26.08:609][358]LogModuleManager: Shutting down and abandoning module HotReload (102)
[2016.12.07-12.26.08:609][358]LogModuleManager: Shutting down and abandoning module MainFrame (101)
[2016.12.07-12.26.08:609][358]LogModuleManager: Shutting down and abandoning module LevelEditor (100)
[2016.12.07-12.26.08:611][358]LogModuleManager: Shutting down and abandoning module ContentBrowser (99)
[2016.12.07-12.26.08:613][358]LogModuleManager: Shutting down and abandoning module Paper2DEditor (98)
[2016.12.07-12.26.08:613][358]LogModuleManager: Shutting down and abandoning module UdpMessaging (97)
[2016.12.07-12.26.08:714][358]LogModuleManager: Shutting down and abandoning module LightPropagationVolumeRuntime (96)
[2016.12.07-12.26.08:714][358]LogModuleManager: Shutting down and abandoning module Paper2D (95)
[2016.12.07-12.26.08:714][358]LogModuleManager: Shutting down and abandoning module WindowsMoviePlayer (94)
[2016.12.07-12.26.08:714][358]LogModuleManager: Shutting down and abandoning module Media (93)
[2016.12.07-12.26.08:714][358]LogModuleManager: Shutting down and abandoning module WmfMedia (92)
[2016.12.07-12.26.08:714][358]LogModuleManager: Shutting down and abandoning module MediaAssets (91)
[2016.12.07-12.26.08:714][358]LogModuleManager: Shutting down and abandoning module GameLiveStreaming (90)
[2016.12.07-12.26.08:715][358]LogModuleManager: Shutting down and abandoning module GameplayTagsEditor (89)
[2016.12.07-12.26.08:715][358]LogModuleManager: Shutting down and abandoning module OnlineBlueprintSupport (88)
[2016.12.07-12.26.08:715][358]LogModuleManager: Shutting down and abandoning module VREditor (87)
[2016.12.07-12.26.08:715][358]LogModuleManager: Shutting down and abandoning module GameplayTasksEditor (86)
[2016.12.07-12.26.08:715][358]LogModuleManager: Shutting down and abandoning module PropertyEditor (85)
[2016.12.07-12.26.08:715][358]LogModuleManager: Shutting down and abandoning module BehaviorTreeEditor (84)
[2016.12.07-12.26.08:715][358]LogModuleManager: Shutting down and abandoning module FunctionalTesting (83)
[2016.12.07-12.26.08:715][358]LogModuleManager: Shutting down and abandoning module CollisionAnalyzer (82)
[2016.12.07-12.26.08:715][358]LogModuleManager: Shutting down and abandoning module Sequencer (81)
[2016.12.07-12.26.08:715][358]LogModuleManager: Shutting down and abandoning module WorkspaceMenuStructure (80)
[2016.12.07-12.26.08:715][358]LogModuleManager: Shutting down and abandoning module MessageLog (79)
[2016.12.07-12.26.08:715][358]LogModuleManager: Shutting down and abandoning module AssetTools (78)
[2016.12.07-12.26.08:715][358]LogModuleManager: Shutting down and abandoning module UMGEditor (77)
[2016.12.07-12.26.08:716][358]LogModuleManager: Shutting down and abandoning module UMG (76)
[2016.12.07-12.26.08:716][358]LogModuleManager: Shutting down and abandoning module SlateReflector (75)
[2016.12.07-12.26.08:716][358]LogModuleManager: Shutting down and abandoning module Slate (74)
[2016.12.07-12.26.08:716][358]LogModuleManager: Shutting down and abandoning module EditorStyle (73)
[2016.12.07-12.26.08:724][358]LogModuleManager: Shutting down and abandoning module SourceCodeAccess (72)
[2016.12.07-12.26.08:724][358]LogModuleManager: Shutting down and abandoning module HeadMountedDisplay (71)
[2016.12.07-12.26.08:725][358]LogModuleManager: Shutting down and abandoning module XAudio2 (70)
[2016.12.07-12.26.08:725][358]LogModuleManager: Shutting down and abandoning module Networking (69)
[2016.12.07-12.26.08:725][358]LogModuleManager: Shutting down and abandoning module Core (68)
[2016.12.07-12.26.08:725][358]LogModuleManager: Shutting down and abandoning module DirectoryWatcher (67)
[2016.12.07-12.26.08:736][358]LogModuleManager: Shutting down and abandoning module AssetRegistry (66)
[2016.12.07-12.26.09:032][358]LogModuleManager: Shutting down and abandoning module KismetCompiler (65)
[2016.12.07-12.26.09:032][358]LogModuleManager: Shutting down and abandoning module PhysXFormats (64)
[2016.12.07-12.26.09:032][358]LogModuleManager: Shutting down and abandoning module MeshUtilities (63)
[2016.12.07-12.26.09:032][358]LogModuleManager: Shutting down and abandoning module DerivedDataCache (62)
[2016.12.07-12.26.09:059][358]LogDerivedDataCache: Shutdown
[2016.12.07-12.26.09:059][358]LogModuleManager: Shutting down and abandoning module VulkanShaderFormat (61)
[2016.12.07-12.26.09:059][358]LogModuleManager: Shutting down and abandoning module ShaderFormatOpenGL (60)
[2016.12.07-12.26.09:059][358]LogModuleManager: Shutting down and abandoning module ShaderFormatD3D (59)
[2016.12.07-12.26.09:059][358]LogModuleManager: Shutting down and abandoning module MetalShaderFormat (58)
[2016.12.07-12.26.09:059][358]LogModuleManager: Shutting down and abandoning module TextureFormatUncompressed (57)
[2016.12.07-12.26.09:059][358]LogModuleManager: Shutting down and abandoning module TextureFormatPVR (56)
[2016.12.07-12.26.09:059][358]LogModuleManager: Shutting down and abandoning module TextureFormatIntelISPCTexComp (55)
[2016.12.07-12.26.09:060][358]LogModuleManager: Shutting down and abandoning module TextureFormatDXT (54)
[2016.12.07-12.26.09:060][358]LogModuleManager: Shutting down and abandoning module ImageWrapper (53)
[2016.12.07-12.26.09:060][358]LogModuleManager: Shutting down and abandoning module TextureFormatASTC (52)
[2016.12.07-12.26.09:060][358]LogModuleManager: Shutting down and abandoning module TextureFormatAndroid (51)
[2016.12.07-12.26.09:060][358]LogModuleManager: Shutting down and abandoning module AudioFormatOpus (50)
[2016.12.07-12.26.09:060][358]LogModuleManager: Shutting down and abandoning module AudioFormatOgg (49)
[2016.12.07-12.26.09:060][358]LogModuleManager: Shutting down and abandoning module AudioFormatADPCM (48)
[2016.12.07-12.26.09:060][358]LogModuleManager: Shutting down and abandoning module LinuxTargetPlatform (47)
[2016.12.07-12.26.09:060][358]LogModuleManager: Shutting down and abandoning module LinuxServerTargetPlatform (46)
[2016.12.07-12.26.09:060][358]LogModuleManager: Shutting down and abandoning module LinuxNoEditorTargetPlatform (45)
[2016.12.07-12.26.09:060][358]LogModuleManager: Shutting down and abandoning module TVOSTargetPlatform (44)
[2016.12.07-12.26.09:060][358]LogModuleManager: Shutting down and abandoning module Messaging (43)
[2016.12.07-12.26.09:060][358]LogModuleManager: Shutting down and abandoning module IOSTargetPlatform (42)
[2016.12.07-12.26.09:060][358]LogModuleManager: Shutting down and abandoning module HTML5TargetPlatform (41)
[2016.12.07-12.26.09:060][358]LogModuleManager: Shutting down and abandoning module Android_PVRTCTargetPlatform (40)
[2016.12.07-12.26.09:060][358]LogModuleManager: Shutting down and abandoning module Android_MultiTargetPlatform (39)
[2016.12.07-12.26.09:060][358]LogModuleManager: Shutting down and abandoning module Android_ETC2TargetPlatform (38)
[2016.12.07-12.26.09:060][358]LogModuleManager: Shutting down and abandoning module Android_ETC1TargetPlatform (37)
[2016.12.07-12.26.09:060][358]LogModuleManager: Shutting down and abandoning module Android_DXTTargetPlatform (36)
[2016.12.07-12.26.09:060][358]LogModuleManager: Shutting down and abandoning module Android_ATCTargetPlatform (35)
[2016.12.07-12.26.09:060][358]LogModuleManager: Shutting down and abandoning module Android_ASTCTargetPlatform (34)
[2016.12.07-12.26.09:060][358]LogModuleManager: Shutting down and abandoning module AndroidTargetPlatform (33)
[2016.12.07-12.26.09:060][358]LogModuleManager: Shutting down and abandoning module WindowsTargetPlatform (32)
[2016.12.07-12.26.09:061][358]LogModuleManager: Shutting down and abandoning module WindowsServerTargetPlatform (31)
[2016.12.07-12.26.09:061][358]LogModuleManager: Shutting down and abandoning module WindowsNoEditorTargetPlatform (30)
[2016.12.07-12.26.09:061][358]LogModuleManager: Shutting down and abandoning module WindowsClientTargetPlatform (29)
[2016.12.07-12.26.09:061][358]LogModuleManager: Shutting down and abandoning module AllDesktopTargetPlatform (28)
[2016.12.07-12.26.09:061][358]LogModuleManager: Shutting down and abandoning module TargetPlatform (27)
[2016.12.07-12.26.09:061][358]LogModuleManager: Shutting down and abandoning module InputCore (26)
[2016.12.07-12.26.09:061][358]LogModuleManager: Shutting down and abandoning module Settings (25)
[2016.12.07-12.26.09:061][358]LogModuleManager: Shutting down and abandoning module Voice (23)
[2016.12.07-12.26.09:061][358]LogModuleManager: Shutting down and abandoning module OnlineSubsystem (19)
[2016.12.07-12.26.09:061][358]LogOnline:Display: NULL: FOnlineSubsystemNull::Shutdown()
[2016.12.07-12.26.09:062][358]LogOnline:Display: Unloading online subsystem: STEAM
[2016.12.07-12.26.09:062][358]LogOnline:Display: Unloading online subsystem: NULL
[2016.12.07-12.26.09:062][358]LogModuleManager: Shutting down and abandoning module HTTP (18)
[2016.12.07-12.26.13:574][358]LogModuleManager: Shutting down and abandoning module XMPP (17)
[2016.12.07-12.26.13:574][358]LogModuleManager: Shutting down and abandoning module OculusRift (16)
[2016.12.07-12.26.13:574][358]LogModuleManager: Shutting down and abandoning module ExampleDeviceProfileSelector (15)
[2016.12.07-12.26.13:574][358]LogModuleManager: Shutting down and abandoning module TextureCompressor (14)
[2016.12.07-12.26.13:575][358]LogModuleManager: Shutting down and abandoning module ShaderCore (13)
[2016.12.07-12.26.13:575][358]LogModuleManager: Shutting down and abandoning module Landscape (12)
[2016.12.07-12.26.13:575][358]LogModuleManager: Shutting down and abandoning module SlateRHIRenderer (11)
[2016.12.07-12.26.13:599][358]LogModuleManager: Shutting down and abandoning module OpenGLDrv (10)
[2016.12.07-12.26.13:599][358]LogModuleManager: Shutting down and abandoning module D3D11RHI (9)
[2016.12.07-12.26.13:599][358]LogModuleManager: Shutting down and abandoning module AnimGraphRuntime (8)
[2016.12.07-12.26.13:599][358]LogModuleManager: Shutting down and abandoning module Renderer (7)
[2016.12.07-12.26.13:599][358]LogModuleManager: Shutting down and abandoning module Engine (6)
[2016.12.07-12.26.13:599][358]LogModuleManager: Shutting down and abandoning module CoreUObject (5)
[2016.12.07-12.26.13:599][358]LogModuleManager: Shutting down and abandoning module NetworkFile (4)
[2016.12.07-12.26.13:599][358]LogModuleManager: Shutting down and abandoning module StreamingFile (3)
[2016.12.07-12.26.13:599][358]LogModuleManager: Shutting down and abandoning module SandboxFile (2)
[2016.12.07-12.26.13:599][358]LogModuleManager: Shutting down and abandoning module PakFile (1)
[2016.12.07-12.26.13:601][358]LogExit: Exiting.
[2016.12.07-12.26.13:608][358]Log file closed, 12/07/16 21:26:13
