Log file open, 03/29/17 01:41:59
LogInit:Display: Running engine for game: UNNAMED
LogPlatformFile: Not using cached read wrapper
LogInit:Display: RandInit(1970520329) SRandInit(1970520330).
LogTaskGraph: Started task graph with 4 named threads and 7 total threads with 1 sets of task threads.
LogStats: Stats thread started at 0.084498
LogInit: Version: 4.12.5-3039270+++UE4+Release-4.12
LogInit: API Version: 2992821
LogInit: Net Version: 3039270
LogDevObjectVersion: Number of dev versions registered: 13
LogDevObjectVersion:   Dev-Blueprints (B0D832E4-1F89-4F0D-ACCF-7EB736FD4AA2): 3
LogDevObjectVersion:   Dev-Build (E1C64328-A22C-4D53-A36C-8E866417BD8C): 0
LogDevObjectVersion:   Dev-Core (375EC13C-06E4-48FB-B500-84F0262A717E): 1
LogDevObjectVersion:   Dev-Editor (E4B068ED-F494-42E9-A231-DA0B2E46BB41): 2
LogDevObjectVersion:   Dev-Framework (CFFC743F-43B0-4480-9391-14DF171D2073): 6
LogDevObjectVersion:   Dev-Mobile (B02B49B5-BB20-44E9-A304-32B752E40360): 0
LogDevObjectVersion:   Dev-Networking (A4E4105C-59A1-49B5-A7C5-40C4547EDFEE): 0
LogDevObjectVersion:   Dev-Online (39C831C9-5AE6-47DC-9A44-9C173E1C8E7C): 0
LogDevObjectVersion:   Dev-Physics (78F01B33-EBEA-4F98-B9B4-84EACCB95AA2): 0
LogDevObjectVersion:   Dev-Platform (6631380F-2D4D-43E0-8009-CF276956A95A): 0
LogDevObjectVersion:   Dev-Rendering (12F88B9F-8875-4AFC-A67C-D90C383ABD29): 2
LogDevObjectVersion:   Dev-Sequencer (7B5AE74C-D270-4C10-A958-57980B212A5A): 0
LogDevObjectVersion:   Dev-VR (D7296918-1DD6-4BDD-9DE2-64A83CC13884): 0
LogInit: Compiled (64-bit): Jul  6 2016 09:09:46
LogInit: Compiled with Visual C++: 19.00.23026.00
LogInit: Build Configuration: Development
LogInit: Branch Name: ++UE4+Release-4.12
LogInit: Command line:  
LogInit: Base directory: C:/Program Files (x86)/Epic Games/4.12/Engine/Binaries/Win64/
LogInit: Installed Engine Build: 1
LogFileManager:Warning: Error deleting file: ../../../../../../Users/jcy/Documents/GitHub/UNNAMED/UNNAMED/Saved/Logs/UNNAMED.log (Error Code 32)
LogInit: Using libcurl 7.41.0
LogInit:  - built for x86_64-pc-win32
LogInit:  - supports SSL with WinSSL
LogInit:  - other features:
LogInit:      CURL_VERSION_SSL
LogInit:      CURL_VERSION_IPV6
LogInit:      CURL_VERSION_ASYNCHDNS
LogInit:      CURL_VERSION_LARGEFILE
LogInit:      CURL_VERSION_IDN
LogInit:  CurlRequestOptions (configurable via config and command line):
LogInit:  - bVerifyPeer = true  - Libcurl will verify peer certificate
LogInit:  - bUseHttpProxy = false  - Libcurl will NOT use HTTP proxy
LogInit:  - bDontReuseConnections = false  - Libcurl will reuse connections
LogInit:  - CertBundlePath = nullptr  - Libcurl will use whatever was configured at build time.
LogOnline:Display: STEAM: Loading Steam SDK 1.32
LogOnline:Warning: STEAM: Steam API disabled!
LogOnline:Display: STEAM: OnlineSubsystemSteam::Shutdown()
LogInit: WinSock: version 1.1 (2.2), MaxSocks=32767, MaxUdp=65467
LogVoice:Warning: Failed to initialize voice interface
LogInit: Presizing for max 8388607 objects, including 0 objects not considered by GC, pre-allocating 0 bytes for permanent pool.
LogInit: Object subsystem initialized
[2017.03.28-16.41.59:177][  0]LogInit: Selected Device Profile: [Windows]
[2017.03.28-16.41.59:177][  0]LogInit: Applying CVar settings loaded from the selected device profile: [Windows]
[2017.03.28-16.41.59:200][  0]LogInit: Computer: DESKTOP-5I3HB32
[2017.03.28-16.41.59:200][  0]LogInit: User: jcy
[2017.03.28-16.41.59:200][  0]LogInit: CPU Page size=65536, Cores=4
[2017.03.28-16.41.59:200][  0]LogInit: High frequency timer resolution =2.533208 MHz
[2017.03.28-16.41.59:201][  0]LogMemory: Memory total: Physical=11.9GB (12GB approx)
[2017.03.28-16.41.59:201][  0]LogMemory: Platform Memory Stats for Windows
[2017.03.28-16.41.59:201][  0]LogMemory: Process Physical Memory: 193.25 MB used, 193.25 MB peak
[2017.03.28-16.41.59:201][  0]LogMemory: Process Virtual Memory: 195.62 MB used, 195.62 MB peak
[2017.03.28-16.41.59:201][  0]LogMemory: Physical Memory: 5582.04 MB used, 12209.86 MB total
[2017.03.28-16.41.59:201][  0]LogMemory: Virtual Memory: 557.04 MB used, 134217728.00 MB total
[2017.03.28-16.41.59:799][  0]LogD3D11RHI: D3D11 adapters:
[2017.03.28-16.42.00:535][  0]LogD3D11RHI:    0. 'NVIDIA GeForce GTX 960M' (Feature Level 11_0)
[2017.03.28-16.42.00:535][  0]LogD3D11RHI:       2019/0/6104 MB DedicatedVideo/DedicatedSystem/SharedSystem, Outputs:2, VendorId:0x10de
[2017.03.28-16.42.00:543][  0]LogD3D11RHI:    1. 'Intel(R) HD Graphics 4600' (Feature Level 11_0)
[2017.03.28-16.42.00:543][  0]LogD3D11RHI:       112/0/2048 MB DedicatedVideo/DedicatedSystem/SharedSystem, Outputs:0, VendorId:0x8086
[2017.03.28-16.42.00:544][  0]LogD3D11RHI:    2. 'Microsoft Basic Render Driver' (Feature Level 11_0)
[2017.03.28-16.42.00:544][  0]LogD3D11RHI:       0/0/6104 MB DedicatedVideo/DedicatedSystem/SharedSystem, Outputs:0, VendorId:0x1414
[2017.03.28-16.42.00:544][  0]LogD3D11RHI: Chosen D3D11 Adapter: 0
[2017.03.28-16.42.00:550][  0]LogD3D11RHI: Creating new Direct3DDevice
[2017.03.28-16.42.00:550][  0]LogD3D11RHI:     GPU DeviceId: 0x139b (for the marketing name, search the web for "GPU Device Id")
[2017.03.28-16.42.00:550][  0]LogWindows: EnumDisplayDevices:
[2017.03.28-16.42.00:550][  0]LogWindows:    0. 'Intel(R) HD Graphics 4600' (P:1 D:1)
[2017.03.28-16.42.00:551][  0]LogWindows:    1. 'Intel(R) HD Graphics 4600' (P:0 D:1)
[2017.03.28-16.42.00:552][  0]LogWindows:    2. 'Intel(R) HD Graphics 4600' (P:0 D:0)
[2017.03.28-16.42.00:553][  0]LogWindows: DebugString: PrimaryIsNotTheChoosenAdapter PrimaryIsNotTheChoosenAdapter PrimaryIsNotTheChoosenAdapter FoundDriverCount:0 
[2017.03.28-16.42.00:553][  0]LogD3D11RHI:     Adapter Name: NVIDIA GeForce GTX 960M
[2017.03.28-16.42.00:553][  0]LogD3D11RHI:   Driver Version: Unknown (internal:Unknown, unified:Unknown)
[2017.03.28-16.42.00:553][  0]LogD3D11RHI:      Driver Date: Unknown
[2017.03.28-16.42.00:553][  0]LogRHI: Texture pool is 1361 MB (70% of 1945 MB)
[2017.03.28-16.42.01:174][  0]LogD3D11RHI: Async texture creation enabled
[2017.03.28-16.42.01:565][  0]LogD3D11RHI: GPU Timing Frequency: 1000.000000 (Debug: 2 1)
[2017.03.28-16.42.01:565][  0]LogShaderCompilers: Guid format shader working directory is -17 characters bigger than the processId version (../../../../../../Users/jcy/Documents/GitHub/UNNAMED/UNNAMED/Intermediate/Shaders/WorkingDirectory/12120/).
[2017.03.28-16.42.01:565][  0]LogShaderCompilers: Cleaned the shader compiler working directory 'C:/Users/jcy/AppData/Local/Temp/UnrealShaderWorkingDir/499F8EA14A2CACD540F9D09A52882410/'.
[2017.03.28-16.42.01:565][  0]LogShaderCompilers:Display: Using Local Shader Compiler.
[2017.03.28-16.42.02:894][  0]LogTemp:Display: Loaded TP AllDesktopTargetPlatform
[2017.03.28-16.42.02:905][  0]LogTemp:Display: Loaded TP WindowsClientTargetPlatform
[2017.03.28-16.42.02:917][  0]LogTemp:Display: Loaded TP WindowsNoEditorTargetPlatform
[2017.03.28-16.42.02:928][  0]LogTemp:Display: Loaded TP WindowsServerTargetPlatform
[2017.03.28-16.42.02:938][  0]LogTemp:Display: Loaded TP WindowsTargetPlatform
[2017.03.28-16.42.02:949][  0]LogTemp:Display: Loaded TP AndroidTargetPlatform
[2017.03.28-16.42.02:958][  0]LogTemp:Display: Loaded TP Android_ASTCTargetPlatform
[2017.03.28-16.42.02:967][  0]LogTemp:Display: Loaded TP Android_ATCTargetPlatform
[2017.03.28-16.42.02:975][  0]LogTemp:Display: Loaded TP Android_DXTTargetPlatform
[2017.03.28-16.42.02:984][  0]LogTemp:Display: Loaded TP Android_ETC1TargetPlatform
[2017.03.28-16.42.02:995][  0]LogTemp:Display: Loaded TP Android_ETC2TargetPlatform
[2017.03.28-16.42.03:014][  0]LogTemp:Display: Loaded TP Android_MultiTargetPlatform
[2017.03.28-16.42.03:014][  0]LogTemp:Display: Loaded TP Android_PVRTCTargetPlatform
[2017.03.28-16.42.03:015][  0]LogTemp:Display: Loaded TP HTML5TargetPlatform
[2017.03.28-16.42.03:044][  0]LogTemp:Display: Loaded TP IOSTargetPlatform
[2017.03.28-16.42.03:051][  0]LogTemp:Display: Loaded TP TVOSTargetPlatform
[2017.03.28-16.42.03:060][  0]LogTemp:Display: Loaded TP LinuxNoEditorTargetPlatform
[2017.03.28-16.42.03:069][  0]LogTemp:Display: Loaded TP LinuxServerTargetPlatform
[2017.03.28-16.42.03:095][  0]LogTemp:Display: Loaded TP LinuxTargetPlatform
[2017.03.28-16.42.03:095][  0]LogTargetPlatformManager:Display: Building Assets For Windows
[2017.03.28-16.42.03:206][  0]LogDerivedDataCache:Display: Max Cache Size: 512 MB
[2017.03.28-16.42.03:267][  0]LogDerivedDataCache: Loaded boot cache 0.06s 48MB C:/Users/jcy/AppData/Local/UnrealEngine/4.12/DerivedDataCache/Boot.ddc.
[2017.03.28-16.42.03:268][  0]LogDerivedDataCache:Display: Loaded Boot cache: C:/Users/jcy/AppData/Local/UnrealEngine/4.12/DerivedDataCache/Boot.ddc
[2017.03.28-16.42.03:268][  0]LogDerivedDataCache: FDerivedDataBackendGraph:  Pak pak cache file ../../../../../../Users/jcy/Documents/GitHub/UNNAMED/UNNAMED/DerivedDataCache/DDC.ddp not found, will not use a pak cache.
[2017.03.28-16.42.03:268][  0]LogDerivedDataCache: Unable to find inner node Pak for hierarchical cache Hierarchy.
[2017.03.28-16.42.03:268][  0]LogDerivedDataCache: FDerivedDataBackendGraph:  CompressedPak pak cache file ../../../../../../Users/jcy/Documents/GitHub/UNNAMED/UNNAMED/DerivedDataCache/Compressed.ddp not found, will not use a pak cache.
[2017.03.28-16.42.03:268][  0]LogDerivedDataCache: Unable to find inner node CompressedPak for hierarchical cache Hierarchy.
[2017.03.28-16.42.03:291][  0]LogDerivedDataCache:Display: Pak cache opened for reading ../../../Engine/DerivedDataCache/Compressed.ddp.
[2017.03.28-16.42.03:303][  0]LogDerivedDataCache: Using Local data cache path C:/Users/jcy/AppData/Local/UnrealEngine/Common/DerivedDataCache: Writable
[2017.03.28-16.42.03:524][  0]LogInit: Selected Device Profile: [Windows]
[2017.03.28-16.42.03:525][  0]LogContentStreaming: Texture pool size is 0.00 MB
[2017.03.28-16.42.03:725][  0]LogMeshUtilities: No automatic mesh reduction module available
[2017.03.28-16.42.03:725][  0]LogMeshUtilities: No automatic mesh merging module available
[2017.03.28-16.42.03:726][  0]LogMeshUtilities: No distributed automatic mesh merging module available
[2017.03.28-16.42.04:075][  0]LogAssetRegistry: FAssetRegistry took 0.0214 seconds to start up
[2017.03.28-16.42.04:100][  0]LogPackageLocalizationCache: Processed 3 localized package path(s) for 1 prioritized culture(s) in 0.019788 seconds
[2017.03.28-16.42.04:107][  0]LogUObjectArray: 28746 objects as part of root set at end of initial load.
[2017.03.28-16.42.04:107][  0]LogUObjectAllocator: 6069096 out of 0 bytes used by permanent object pool.
[2017.03.28-16.42.04:107][  0]LogUObjectArray: CloseDisregardForGC: 0/0 objects in disregard for GC pool
[2017.03.28-16.42.04:460][  0]LogSlate: SlateFontCache - WITH_FREETYPE: 1, WITH_HARFBUZZ: 1
[2017.03.28-16.42.04:460][  0]LogSlate: SlateFontCache - WITH_FREETYPE: 1, WITH_HARFBUZZ: 1
[2017.03.28-16.42.26:742][  0]LogUdpMessaging: Initializing bridge on interface 0.0.0.0:0 to multicast group 230.0.0.1:6666.
[2017.03.28-16.42.27:446][  0]SourceControl: Info Source control is disabled
[2017.03.28-16.42.27:447][  0]SourceControl: Info Source control is disabled
[2017.03.28-16.42.27:458][  0]SourceControl: Info Source control is disabled
[2017.03.28-16.42.27:468][  0]SourceControl: Info Source control is disabled
[2017.03.28-16.42.27:981][  0]LogEngine: Initializing Engine...
[2017.03.28-16.42.27:981][  0]LogHMD: SteamVR failed to initialize.  Err: 110
[2017.03.28-16.42.27:982][  0]LogHMD: SteamVR failed to initialize.  Err: 110
[2017.03.28-16.42.28:116][  0]LogAIModule: Creating AISystem for world NewWorld
[2017.03.28-16.42.28:128][  0]LogInit: XAudio2 using '스피커(Realtek High Definition Audio)' : 2 channels at 48 kHz using 32 bits per sample (channel mask 0x3)
[2017.03.28-16.42.28:205][  0]LogInit: FAudioDevice initialized.
[2017.03.28-16.42.28:232][  0]LogDerivedDataCache: Saved boot cache 0.03s 48MB C:/Users/jcy/AppData/Local/UnrealEngine/4.12/DerivedDataCache/Boot.ddc.
[2017.03.28-16.42.28:241][  0]LogInit: Texture streaming: Enabled
[2017.03.28-16.42.28:271][  0]LogInit: Transaction tracking system initialized
[2017.03.28-16.42.28:301][  0]BlueprintLog: New page: Editor Load
[2017.03.28-16.42.28:416][  0]LocalizationService: Info Localization service is disabled
[2017.03.28-16.42.28:581][  0]LogConsoleResponse:Display: 
[2017.03.28-16.42.28:987][  0]LogCook:Display: Max memory allowance for cook 8192mb
[2017.03.28-16.42.28:987][  0]LogCook:Display: Mobile HDR setting 1
[2017.03.28-16.42.29:464][  0]LogFileCache: Scanning file cache for directory 'C:/Users/jcy/Documents/GitHub/UNNAMED/UNNAMED/Content/' took 0.05s
[2017.03.28-16.42.29:464][  0]SourceControl: Info Source control is disabled
[2017.03.28-16.42.29:464][  0]Cmd: MAP LOAD FILE="../../../../../../Users/jcy/Documents/GitHub/UNNAMED/UNNAMED/Content/Map/Main.umap" TEMPLATE=0 SHOWPROGRESS=1 FEATURELEVEL=3
[2017.03.28-16.42.29:465][  0]LightingResults: New page: Lighting Build
[2017.03.28-16.42.29:469][  0]MapCheck: New page: Map Check
[2017.03.28-16.42.29:469][  0]LightingResults: New page: Lighting Build
[2017.03.28-16.42.30:125][  0]LogAIModule: Creating AISystem for world Main
[2017.03.28-16.42.30:126][  0]LogEditorServer: Finished looking for orphan Actors (0.000 secs)
[2017.03.28-16.42.30:126][  0]Cmd: MAP CHECKDEP NOCLEARLOG
[2017.03.28-16.42.30:165][  0]MapCheck: Info Map check complete: 0 Error(s), 0 Warning(s), took 38.549ms to complete.
[2017.03.28-16.42.30:165][  0]LogFileHelpers: Loading map 'Main' took 0.701
[2017.03.28-16.42.30:375][  0]LogCollectionManager: Loaded 1 collections in 0.005189 seconds
[2017.03.28-16.42.30:439][  0]LogFileCache: Scanning file cache for directory 'C:/Users/jcy/Documents/GitHub/UNNAMED/UNNAMED/Saved/Collections/' took 0.01s
[2017.03.28-16.42.30:439][  0]LogFileCache: Scanning file cache for directory 'C:/Users/jcy/Documents/GitHub/UNNAMED/UNNAMED/Content/Developers/jcy/Collections/' took 0.01s
[2017.03.28-16.42.30:439][  0]LogFileCache: Scanning file cache for directory 'C:/Users/jcy/Documents/GitHub/UNNAMED/UNNAMED/Content/Collections/' took 0.01s
[2017.03.28-16.42.30:439][  0]LogCollectionManager: Rebuilt the GUID cache for 1 collections in 0.000011 seconds
[2017.03.28-16.42.30:439][  0]LogCollectionManager: Rebuilt the hierarchy cache for 1 collections in 0.000001 seconds
[2017.03.28-16.42.30:456][  0]LogContentBrowser: Native class hierarchy populated in 0.0168 seconds. Added 2049 classes and 371 folders.
[2017.03.28-16.42.30:460][  0]LogStats: UGameplayTagsManager::ConstructGameplayTagTree: Construct from data asset -  0.000 s
[2017.03.28-16.42.30:460][  0]LogStats: UGameplayTagsManager::ConstructGameplayTagTree: GameplayTagTreeChangedEvent.Broadcast -  0.000 s
[2017.03.28-16.42.30:461][  0]LogContentBrowser: Native class hierarchy updated for 'GameplayTags' in 0.0004 seconds. Added 12 classes and 0 folders.
[2017.03.28-16.42.30:468][  0]LogContentBrowser: Native class hierarchy updated for 'WidgetCarousel' in 0.0004 seconds. Added 0 classes and 0 folders.
[2017.03.28-16.42.31:830][  0]LogContentBrowser: Native class hierarchy updated for 'AddContentDialog' in 0.0005 seconds. Added 0 classes and 0 folders.
[2017.03.28-16.42.31:835][  0]LogContentBrowser: Native class hierarchy updated for 'SceneOutliner' in 0.0003 seconds. Added 1 classes and 2 folders.
[2017.03.28-16.42.31:892][  0]LogCrashTracker: Crashtracker disabled due to settings.
[2017.03.28-16.42.31:897][  0]LogUObjectGlobals:Warning: Failed to find object 'Class None.'
[2017.03.28-16.42.31:924][  0]LogContentBrowser: Native class hierarchy updated for 'HierarchicalLODOutliner' in 0.0004 seconds. Added 1 classes and 2 folders.
[2017.03.28-16.42.31:925][  0]LogLoad: Full Startup: 34.03 seconds (BP compile: 0.34 seconds)
[2017.03.28-16.42.31:925][  0]LogExternalProfiler: Found external profiler: VSPerf
[2017.03.28-16.42.31:925][  0]LogExternalProfiler: Using external profiler: VSPerf
[2017.03.28-16.42.31:977][  0]LogWindowsTextInputMethodSystem:Display: IME system now activated using TSF (Microsoft 입력기).
[2017.03.28-16.42.31:986][  0]LogOcInput: OculusInput pre-init called
[2017.03.28-16.42.32:005][  0]LogContentStreaming: Texture pool size now 1000 MB
[2017.03.28-16.42.32:326][  0]LogRenderer: Reallocating scene render targets to support 1172x532 (Frame:2).
[2017.03.28-16.42.32:525][  3]LogAssetRegistry: Asset discovery search completed in 28.4714 seconds
[2017.03.28-16.42.32:525][  3]LogCollectionManager: Rebuilt the object cache for 1 collections in 0.000008 seconds (found 0 objects)
[2017.03.28-16.42.32:525][  3]LogCollectionManager: Fixed up redirectors for 1 collections in 0.000044 seconds (updated 0 objects)
[2017.03.28-16.42.33:331][ 28]LogContentBrowser: Native class hierarchy updated for 'BlueprintGraph' in 0.0007 seconds. Added 111 classes and 0 folders.
[2017.03.28-16.43.04:388][432]LogAIModule: Creating AISystem for world map01
[2017.03.28-16.43.04:532][432]Cmd: MAP LOAD FILE="../../../../../../Users/jcy/Documents/GitHub/UNNAMED/UNNAMED/Content/Map/map01.umap" TEMPLATE=0 SHOWPROGRESS=1 FEATURELEVEL=3
[2017.03.28-16.43.04:532][432]LightingResults: New page: Lighting Build
[2017.03.28-16.43.04:533][432]LoadErrors: New page: Loading map: map01.umap
[2017.03.28-16.43.04:533][432]MapCheck: New page: Map Check
[2017.03.28-16.43.04:533][432]LightingResults: New page: Lighting Build
[2017.03.28-16.43.04:703][432]LogEditorServer: Finished looking for orphan Actors (0.000 secs)
[2017.03.28-16.43.04:768][432]Cmd: MAP CHECKDEP NOCLEARLOG
[2017.03.28-16.43.04:857][432]MapCheck: Info Map check complete: 0 Error(s), 0 Warning(s), took 88.389ms to complete.
[2017.03.28-16.43.04:857][432]LogFileHelpers: Loading map 'map01' took 0.325
[2017.03.28-16.44.11:135][305]LogBlueprintUserMessages: Early PlayInEditor Detection: Level '/Game/Map/map01.map01:PersistentLevel' has LevelScriptBlueprint '/Game/Map/map01.map01:PersistentLevel.map01' with GeneratedClass '/Game/Map/map01.map01_C' with ClassGeneratedBy '/Game/Map/map01.map01:PersistentLevel.map01'
[2017.03.28-16.44.11:135][305]BlueprintLog: New page: Pre-Play auto-recompile
[2017.03.28-16.44.11:161][305]LogPlayLevel: [PlayLevel] Compiling MyGameMode before play...
[2017.03.28-16.44.11:335][305]LogPlayLevel: PlayLevel: Blueprint regeneration took 199 ms (2 blueprints)
[2017.03.28-16.44.11:336][305]LogPlayLevel: [PlayLevel] Compiling playercon before play...
[2017.03.28-16.44.11:575][305]LogPlayLevel: PlayLevel: Blueprint regeneration took 439 ms (7 blueprints)
[2017.03.28-16.44.11:576][305]LogPlayLevel: [PlayLevel] Compiling Mixamo_Heraklios before play...
[2017.03.28-16.44.11:711][305]LogPlayLevel: PlayLevel: Blueprint regeneration took 575 ms (7 blueprints)
[2017.03.28-16.44.11:711][305]LogPlayLevel: [PlayLevel] Compiling ChattingTXT before play...
[2017.03.28-16.44.11:828][305]LogPlayLevel: PlayLevel: Blueprint regeneration took 692 ms (7 blueprints)
[2017.03.28-16.44.11:829][305]LogPlayLevel: [PlayLevel] Compiling PHUD before play...
[2017.03.28-16.44.11:986][305]LogPlayLevel: PlayLevel: Blueprint regeneration took 850 ms (7 blueprints)
[2017.03.28-16.44.11:987][305]LogPlayLevel: [PlayLevel] Compiling PlayerInfo before play...
[2017.03.28-16.44.12:113][305]LogPlayLevel: PlayLevel: Blueprint regeneration took 977 ms (7 blueprints)
[2017.03.28-16.44.12:113][305]LogPlayLevel: [PlayLevel] Compiling AL before play...
[2017.03.28-16.44.12:230][305]LogPlayLevel: PlayLevel: Blueprint regeneration took 1094 ms (7 blueprints)
[2017.03.28-16.44.12:273][305]PIE: New page: PIE session: map01 (Mar 29, 2017, 10:44:12 AM)
[2017.03.28-16.44.12:273][305]LogPlayLevel: Creating play world package: /Game/Map/UEDPIE_0_map01
[2017.03.28-16.44.12:319][305]LogPlayLevel: PIE: StaticDuplicateObject took: (0.046168s)
[2017.03.28-16.44.12:320][305]LogAIModule: Creating AISystem for world map01
[2017.03.28-16.44.12:320][305]LogPlayLevel: PIE: World Init took: (0.000861s)
[2017.03.28-16.44.12:320][305]LogPlayLevel: PIE: Created PIE world by copying editor world from /Game/Map/map01.map01 to /Game/Map/UEDPIE_0_map01.map01 (0.047389s)
[2017.03.28-16.44.12:359][305]LogInit: XAudio2 using '스피커(Realtek High Definition Audio)' : 2 channels at 48 kHz using 32 bits per sample (channel mask 0x3)
[2017.03.28-16.44.12:436][305]LogInit: FAudioDevice initialized.
[2017.03.28-16.44.12:506][305]LogWorld: Game class is 'MyGameMode_C'
[2017.03.28-16.44.12:522][305]LogWorld: Bringing World /Game/Map/UEDPIE_0_map01.map01 up for play (max tick rate 60) at 2017.03.29-01.44.12
[2017.03.28-16.44.12:525][305]LogWorld: Bringing up level for play took: 0.018067
[2017.03.28-16.44.12:537][305]LogVoice:Warning: Failed to initialize voice interface
[2017.03.28-16.44.12:579][305]LogContentBrowser: Native class hierarchy updated for 'MovieSceneCapture' in 0.0017 seconds. Added 11 classes and 0 folders.
[2017.03.28-16.44.12:580][305]LogScript:Warning: Accessed None trying to read property CallFunc_K2_GetPawn_ReturnValue
	MyGameMode_C /Game/Map/UEDPIE_0_map01.map01:PersistentLevel.MyGameMode_C_0
	Function /Game/BP/MyGameMode.MyGameMode_C:ExecuteUbergraph_MyGameMode:0A0F
[2017.03.28-16.44.12:580][305]PIE:Error: Error Blueprint Runtime Error: Accessed None trying to read property CallFunc_K2_GetPawn_ReturnValue from function: 'ExecuteUbergraph_MyGameMode' from node: DestroyActor in graph: EventGraph in object: MyGameMode with description: Accessed None trying to read property CallFunc_K2_GetPawn_ReturnValue
[2017.03.28-16.44.12:598][305]LogBlueprintUserMessages: [messageScroll_116] DESKTOP-5I3HB32-2928
[2017.03.28-16.44.12:608][305]PIE: Info Play in editor start time for /Game/Map/UEDPIE_0_map01 2.077
[2017.03.28-16.44.12:608][305]LogBlueprintUserMessages: Late PlayInEditor Detection: Level '/Game/Map/map01.map01:PersistentLevel' has LevelScriptBlueprint '/Game/Map/map01.map01:PersistentLevel.map01' with GeneratedClass '/Game/Map/map01.map01_C' with ClassGeneratedBy '/Game/Map/map01.map01:PersistentLevel.map01'
[2017.03.28-16.44.12:899][306]LogCharacterMovement:Warning: GetSimulationTimeStep() - Max iterations 8 hit while remaining time 0.100000 > MaxSimulationTimeStep (0.050) for 'Dari_C_0', movement 'Walking'
[2017.03.28-16.44.57:522][965]LogBlueprintUserMessages: Early EndPlayMap Detection: Level '/Game/Map/map01.map01:PersistentLevel' has LevelScriptBlueprint '/Game/Map/map01.map01:PersistentLevel.map01' with GeneratedClass '/Game/Map/map01.map01_C' with ClassGeneratedBy '/Game/Map/map01.map01:PersistentLevel.map01'
[2017.03.28-16.44.57:566][965]LogOnline:Display: NULL: FOnlineSubsystemNull::Shutdown()
[2017.03.28-16.44.57:567][965]LogPlayLevel:Display: Shutting down PIE online subsystems
[2017.03.28-16.44.57:567][965]LogBlueprintUserMessages: Late EndPlayMap Detection: Level '/Game/Map/map01.map01:PersistentLevel' has LevelScriptBlueprint '/Game/Map/map01.map01:PersistentLevel.map01' with GeneratedClass '/Game/Map/map01.map01_C' with ClassGeneratedBy '/Game/Map/map01.map01:PersistentLevel.map01'
[2017.03.28-16.44.57:702][966]LogPlayLevel:Display: Destroying online subsystem :Context_7
[2017.03.28-16.44.57:702][966]LogOnline:Display: NULL: FOnlineSubsystemNull::Shutdown()
[2017.03.28-16.45.23:535][384]LogSlate:Warning: Prevented a slow task dialog from being summoned while a context menu was open
[2017.03.28-16.45.32:790][928]LogBlueprintUserMessages: Early PlayInEditor Detection: Level '/Game/Map/map01.map01:PersistentLevel' has LevelScriptBlueprint '/Game/Map/map01.map01:PersistentLevel.map01' with GeneratedClass '/Game/Map/map01.map01_C' with ClassGeneratedBy '/Game/Map/map01.map01:PersistentLevel.map01'
[2017.03.28-16.45.32:790][928]LogPlayLevel: PlayLevel: No blueprints needed recompiling
[2017.03.28-16.45.32:790][928]PIE: New page: PIE session: map01 (Mar 29, 2017, 10:45:32 AM)
[2017.03.28-16.45.32:791][928]LogPlayLevel: Creating play world package: /Game/Map/UEDPIE_0_map01
[2017.03.28-16.45.32:834][928]LogPlayLevel: PIE: StaticDuplicateObject took: (0.043065s)
[2017.03.28-16.45.32:835][928]LogAIModule: Creating AISystem for world map01
[2017.03.28-16.45.32:835][928]LogPlayLevel: PIE: World Init took: (0.000997s)
[2017.03.28-16.45.32:835][928]LogPlayLevel: PIE: Created PIE world by copying editor world from /Game/Map/map01.map01 to /Game/Map/UEDPIE_0_map01.map01 (0.044469s)
[2017.03.28-16.45.32:881][928]LogInit: XAudio2 using '스피커(Realtek High Definition Audio)' : 2 channels at 48 kHz using 32 bits per sample (channel mask 0x3)
[2017.03.28-16.45.32:960][928]LogInit: FAudioDevice initialized.
[2017.03.28-16.45.33:012][928]LogWorld: Game class is 'MyGameMode_C'
[2017.03.28-16.45.33:031][928]LogWorld: Bringing World /Game/Map/UEDPIE_0_map01.map01 up for play (max tick rate 60) at 2017.03.29-01.45.33
[2017.03.28-16.45.33:035][928]LogWorld: Bringing up level for play took: 0.022086
[2017.03.28-16.45.33:047][928]LogVoice:Warning: Failed to initialize voice interface
[2017.03.28-16.45.33:086][928]LogScript:Warning: Accessed None trying to read property CallFunc_K2_GetPawn_ReturnValue
	MyGameMode_C /Game/Map/UEDPIE_0_map01.map01:PersistentLevel.MyGameMode_C_0
	Function /Game/BP/MyGameMode.MyGameMode_C:ExecuteUbergraph_MyGameMode:0A0F
[2017.03.28-16.45.33:086][928]PIE:Error: Error Blueprint Runtime Error: Accessed None trying to read property CallFunc_K2_GetPawn_ReturnValue from function: 'ExecuteUbergraph_MyGameMode' from node: DestroyActor in graph: EventGraph in object: MyGameMode with description: Accessed None trying to read property CallFunc_K2_GetPawn_ReturnValue
[2017.03.28-16.45.33:097][928]LogBlueprintUserMessages: [messageScroll_116] DESKTOP-5I3HB32-9D5C
[2017.03.28-16.45.33:103][928]PIE: Info Play in editor start time for /Game/Map/UEDPIE_0_map01 0.572
[2017.03.28-16.45.33:103][928]LogBlueprintUserMessages: Late PlayInEditor Detection: Level '/Game/Map/map01.map01:PersistentLevel' has LevelScriptBlueprint '/Game/Map/map01.map01:PersistentLevel.map01' with GeneratedClass '/Game/Map/map01.map01_C' with ClassGeneratedBy '/Game/Map/map01.map01:PersistentLevel.map01'
[2017.03.28-16.45.33:150][929]LogCharacterMovement:Warning: GetSimulationTimeStep() - Max iterations 8 hit while remaining time 0.100000 > MaxSimulationTimeStep (0.050) for 'Dari_C_0', movement 'Walking'
[2017.03.28-16.45.35:450][ 63]LogBlueprintUserMessages: Early EndPlayMap Detection: Level '/Game/Map/map01.map01:PersistentLevel' has LevelScriptBlueprint '/Game/Map/map01.map01:PersistentLevel.map01' with GeneratedClass '/Game/Map/map01.map01_C' with ClassGeneratedBy '/Game/Map/map01.map01:PersistentLevel.map01'
[2017.03.28-16.45.35:487][ 63]LogOnline:Display: NULL: FOnlineSubsystemNull::Shutdown()
[2017.03.28-16.45.35:488][ 63]LogPlayLevel:Display: Shutting down PIE online subsystems
[2017.03.28-16.45.35:488][ 63]LogBlueprintUserMessages: Late EndPlayMap Detection: Level '/Game/Map/map01.map01:PersistentLevel' has LevelScriptBlueprint '/Game/Map/map01.map01:PersistentLevel.map01' with GeneratedClass '/Game/Map/map01.map01_C' with ClassGeneratedBy '/Game/Map/map01.map01:PersistentLevel.map01'
[2017.03.28-16.45.35:575][ 64]LogPlayLevel:Display: Destroying online subsystem :Context_8
[2017.03.28-16.45.35:575][ 64]LogOnline:Display: NULL: FOnlineSubsystemNull::Shutdown()
[2017.03.28-16.46.24:542][902]LogBlueprintUserMessages: Early PlayInEditor Detection: Level '/Game/Map/map01.map01:PersistentLevel' has LevelScriptBlueprint '/Game/Map/map01.map01:PersistentLevel.map01' with GeneratedClass '/Game/Map/map01.map01_C' with ClassGeneratedBy '/Game/Map/map01.map01:PersistentLevel.map01'
[2017.03.28-16.46.24:543][902]BlueprintLog: New page: Pre-Play auto-recompile
[2017.03.28-16.46.24:570][902]LogPlayLevel: [PlayLevel] Compiling MyGameMode before play...
[2017.03.28-16.46.24:832][902]LogPlayLevel: PlayLevel: Blueprint regeneration took 289 ms (2 blueprints)
[2017.03.28-16.46.24:833][902]LogPlayLevel: [PlayLevel] Compiling playercon before play...
[2017.03.28-16.46.25:084][902]LogPlayLevel: PlayLevel: Blueprint regeneration took 542 ms (7 blueprints)
[2017.03.28-16.46.25:085][902]LogPlayLevel: [PlayLevel] Compiling Mixamo_Heraklios before play...
[2017.03.28-16.46.25:224][902]LogPlayLevel: PlayLevel: Blueprint regeneration took 681 ms (7 blueprints)
[2017.03.28-16.46.25:224][902]LogPlayLevel: [PlayLevel] Compiling ChattingTXT before play...
[2017.03.28-16.46.25:353][902]LogPlayLevel: PlayLevel: Blueprint regeneration took 810 ms (7 blueprints)
[2017.03.28-16.46.25:355][902]LogPlayLevel: [PlayLevel] Compiling PHUD before play...
[2017.03.28-16.46.25:518][902]LogPlayLevel: PlayLevel: Blueprint regeneration took 976 ms (7 blueprints)
[2017.03.28-16.46.25:519][902]LogPlayLevel: [PlayLevel] Compiling PlayerInfo before play...
[2017.03.28-16.46.25:659][902]LogPlayLevel: PlayLevel: Blueprint regeneration took 1117 ms (7 blueprints)
[2017.03.28-16.46.25:660][902]LogPlayLevel: [PlayLevel] Compiling AL before play...
[2017.03.28-16.46.25:785][902]LogPlayLevel: PlayLevel: Blueprint regeneration took 1242 ms (7 blueprints)
[2017.03.28-16.46.25:830][902]PIE: New page: PIE session: map01 (Mar 29, 2017, 10:46:25 AM)
[2017.03.28-16.46.25:830][902]LogPlayLevel: Creating play world package: /Game/Map/UEDPIE_0_map01
[2017.03.28-16.46.25:872][902]LogPlayLevel: PIE: StaticDuplicateObject took: (0.041950s)
[2017.03.28-16.46.25:873][902]LogAIModule: Creating AISystem for world map01
[2017.03.28-16.46.25:873][902]LogPlayLevel: PIE: World Init took: (0.000833s)
[2017.03.28-16.46.25:873][902]LogPlayLevel: PIE: Created PIE world by copying editor world from /Game/Map/map01.map01 to /Game/Map/UEDPIE_0_map01.map01 (0.043090s)
[2017.03.28-16.46.25:915][902]LogInit: XAudio2 using '스피커(Realtek High Definition Audio)' : 2 channels at 48 kHz using 32 bits per sample (channel mask 0x3)
[2017.03.28-16.46.25:996][902]LogInit: FAudioDevice initialized.
[2017.03.28-16.46.26:050][902]LogWorld: Game class is 'MyGameMode_C'
[2017.03.28-16.46.26:069][902]LogWorld: Bringing World /Game/Map/UEDPIE_0_map01.map01 up for play (max tick rate 60) at 2017.03.29-01.46.26
[2017.03.28-16.46.26:073][902]LogWorld: Bringing up level for play took: 0.021532
[2017.03.28-16.46.26:085][902]LogVoice:Warning: Failed to initialize voice interface
[2017.03.28-16.46.26:091][902]LogBlueprintUserMessages: [messageScroll_116] DESKTOP-5I3HB32-9A3F
[2017.03.28-16.46.26:093][902]PIE: Info Play in editor start time for /Game/Map/UEDPIE_0_map01 1.563
[2017.03.28-16.46.26:093][902]LogBlueprintUserMessages: Late PlayInEditor Detection: Level '/Game/Map/map01.map01:PersistentLevel' has LevelScriptBlueprint '/Game/Map/map01.map01:PersistentLevel.map01' with GeneratedClass '/Game/Map/map01.map01_C' with ClassGeneratedBy '/Game/Map/map01.map01:PersistentLevel.map01'
[2017.03.28-16.46.26:275][903]LogCharacterMovement:Warning: GetSimulationTimeStep() - Max iterations 8 hit while remaining time 0.100000 > MaxSimulationTimeStep (0.050) for 'Dari_C_0', movement 'Walking'
[2017.03.28-16.46.27:396][968]LogBlueprintUserMessages: Early EndPlayMap Detection: Level '/Game/Map/map01.map01:PersistentLevel' has LevelScriptBlueprint '/Game/Map/map01.map01:PersistentLevel.map01' with GeneratedClass '/Game/Map/map01.map01_C' with ClassGeneratedBy '/Game/Map/map01.map01:PersistentLevel.map01'
[2017.03.28-16.46.27:475][968]LogOnline:Display: NULL: FOnlineSubsystemNull::Shutdown()
[2017.03.28-16.46.27:476][968]LogPlayLevel:Display: Shutting down PIE online subsystems
[2017.03.28-16.46.27:476][968]LogBlueprintUserMessages: Late EndPlayMap Detection: Level '/Game/Map/map01.map01:PersistentLevel' has LevelScriptBlueprint '/Game/Map/map01.map01:PersistentLevel.map01' with GeneratedClass '/Game/Map/map01.map01_C' with ClassGeneratedBy '/Game/Map/map01.map01:PersistentLevel.map01'
[2017.03.28-16.46.27:560][969]LogPlayLevel:Display: Destroying online subsystem :Context_9
[2017.03.28-16.46.27:560][969]LogOnline:Display: NULL: FOnlineSubsystemNull::Shutdown()
[2017.03.28-16.46.29:455][ 80]LogBlueprintUserMessages: Early PlayInEditor Detection: Level '/Game/Map/map01.map01:PersistentLevel' has LevelScriptBlueprint '/Game/Map/map01.map01:PersistentLevel.map01' with GeneratedClass '/Game/Map/map01.map01_C' with ClassGeneratedBy '/Game/Map/map01.map01:PersistentLevel.map01'
[2017.03.28-16.46.29:455][ 80]LogPlayLevel: PlayLevel: No blueprints needed recompiling
[2017.03.28-16.46.29:455][ 80]PIE: New page: PIE session: map01 (Mar 29, 2017, 10:46:29 AM)
[2017.03.28-16.46.29:455][ 80]LogPlayLevel: Creating play world package: /Game/Map/UEDPIE_0_map01
[2017.03.28-16.46.29:494][ 80]LogPlayLevel: PIE: StaticDuplicateObject took: (0.038746s)
[2017.03.28-16.46.29:495][ 80]LogAIModule: Creating AISystem for world map01
[2017.03.28-16.46.29:495][ 80]LogPlayLevel: PIE: World Init took: (0.001035s)
[2017.03.28-16.46.29:495][ 80]LogPlayLevel: PIE: Created PIE world by copying editor world from /Game/Map/map01.map01 to /Game/Map/UEDPIE_0_map01.map01 (0.040189s)
[2017.03.28-16.46.29:541][ 80]LogInit: XAudio2 using '스피커(Realtek High Definition Audio)' : 2 channels at 48 kHz using 32 bits per sample (channel mask 0x3)
[2017.03.28-16.46.29:623][ 80]LogInit: FAudioDevice initialized.
[2017.03.28-16.46.29:688][ 80]LogWorld: Game class is 'MyGameMode_C'
[2017.03.28-16.46.29:706][ 80]LogWorld: Bringing World /Game/Map/UEDPIE_0_map01.map01 up for play (max tick rate 60) at 2017.03.29-01.46.29
[2017.03.28-16.46.29:710][ 80]LogWorld: Bringing up level for play took: 0.021405
[2017.03.28-16.46.29:722][ 80]LogVoice:Warning: Failed to initialize voice interface
[2017.03.28-16.46.29:728][ 80]LogBlueprintUserMessages: [messageScroll_116] DESKTOP-5I3HB32-A1DB
[2017.03.28-16.46.29:731][ 80]PIE: Info Play in editor start time for /Game/Map/UEDPIE_0_map01 1.201
[2017.03.28-16.46.29:732][ 80]LogBlueprintUserMessages: Late PlayInEditor Detection: Level '/Game/Map/map01.map01:PersistentLevel' has LevelScriptBlueprint '/Game/Map/map01.map01:PersistentLevel.map01' with GeneratedClass '/Game/Map/map01.map01_C' with ClassGeneratedBy '/Game/Map/map01.map01:PersistentLevel.map01'
[2017.03.28-16.46.40:549][716]LogBlueprintUserMessages: Early EndPlayMap Detection: Level '/Game/Map/map01.map01:PersistentLevel' has LevelScriptBlueprint '/Game/Map/map01.map01:PersistentLevel.map01' with GeneratedClass '/Game/Map/map01.map01_C' with ClassGeneratedBy '/Game/Map/map01.map01:PersistentLevel.map01'
[2017.03.28-16.46.40:586][716]LogOnline:Display: NULL: FOnlineSubsystemNull::Shutdown()
[2017.03.28-16.46.40:586][716]LogPlayLevel:Display: Shutting down PIE online subsystems
[2017.03.28-16.46.40:586][716]LogBlueprintUserMessages: Late EndPlayMap Detection: Level '/Game/Map/map01.map01:PersistentLevel' has LevelScriptBlueprint '/Game/Map/map01.map01:PersistentLevel.map01' with GeneratedClass '/Game/Map/map01.map01_C' with ClassGeneratedBy '/Game/Map/map01.map01:PersistentLevel.map01'
[2017.03.28-16.46.40:661][717]LogPlayLevel:Display: Destroying online subsystem :Context_10
[2017.03.28-16.46.40:661][717]LogOnline:Display: NULL: FOnlineSubsystemNull::Shutdown()
[2017.03.28-16.52.26:042][109]BlueprintLog: New page: Compile playercon
[2017.03.28-16.52.26:555][109]BlueprintEditorCompileResults: Info [0628.66] Compile of playercon successful! [in 513 ms] (/Game/BP/playercon.playercon)
[2017.03.28-16.54.26:092][213]LogFileHelpers: Editor autosave (incl. sublevels) for '/Game/Map/map01' took 0.031
[2017.03.28-16.54.26:094][213]OBJ SavePackage: Generating thumbnails for [0] asset(s) in package [/Game/BP/MyGameMode] ([1] browsable assets)...
[2017.03.28-16.54.26:094][213]OBJ SavePackage: Finished generating thumbnails for package [/Game/BP/MyGameMode]
[2017.03.28-16.54.26:094][213]Cmd: OBJ SAVEPACKAGE PACKAGE="/Game/BP/MyGameMode" FILE="../../../../../../Users/jcy/Documents/GitHub/UNNAMED/UNNAMED/Saved/Autosaves/Game/BP/MyGameMode_Auto1.uasset" SILENT=false AUTOSAVING=true
[2017.03.28-16.54.26:248][213]LogSavePackage: Save=105.94ms
[2017.03.28-16.54.26:248][213]LogSavePackage: Moving '../../../../../../Users/jcy/Documents/GitHub/UNNAMED/UNNAMED/Saved/MyGameMode_Auto1423D04694A253B68B17B858BD8EA58EF.tmp' to '../../../../../../Users/jcy/Documents/GitHub/UNNAMED/UNNAMED/Saved/Autosaves/Game/BP/MyGameMode_Auto1.uasset'
[2017.03.28-16.54.26:267][213]LogSavePackage:Display: Finished SavePackage ../../../../../../Users/jcy/Documents/GitHub/UNNAMED/UNNAMED/Saved/Autosaves/Game/BP/MyGameMode_Auto1.uasset
[2017.03.28-16.54.26:268][213]OBJ SavePackage: Generating thumbnails for [0] asset(s) in package [/Game/BP/playercon] ([1] browsable assets)...
[2017.03.28-16.54.26:268][213]OBJ SavePackage: Finished generating thumbnails for package [/Game/BP/playercon]
[2017.03.28-16.54.26:268][213]Cmd: OBJ SAVEPACKAGE PACKAGE="/Game/BP/playercon" FILE="../../../../../../Users/jcy/Documents/GitHub/UNNAMED/UNNAMED/Saved/Autosaves/Game/BP/playercon_Auto1.uasset" SILENT=false AUTOSAVING=true
[2017.03.28-16.54.26:351][213]LogSavePackage: Save=44.12ms
[2017.03.28-16.54.26:351][213]LogSavePackage: Moving '../../../../../../Users/jcy/Documents/GitHub/UNNAMED/UNNAMED/Saved/playercon_Auto1AEE9BEEB4024FD1FEE9ED5B7A1D7A48F.tmp' to '../../../../../../Users/jcy/Documents/GitHub/UNNAMED/UNNAMED/Saved/Autosaves/Game/BP/playercon_Auto1.uasset'
[2017.03.28-16.54.26:353][213]LogSavePackage:Display: Finished SavePackage ../../../../../../Users/jcy/Documents/GitHub/UNNAMED/UNNAMED/Saved/Autosaves/Game/BP/playercon_Auto1.uasset
[2017.03.28-16.54.26:353][213]LogFileHelpers: Auto-saving content packages took 0.260
[2017.03.28-16.55.50:976][232]BlueprintLog: New page: Compile playercon
[2017.03.28-16.55.51:293][232]BlueprintEditorCompileResults: Info [0833.40] Compile of playercon successful! [in 316 ms] (/Game/BP/playercon.playercon)
[2017.03.28-16.56.59:634][177]BlueprintLog: New page: Compile MyGameMode
[2017.03.28-16.56.59:840][177]BlueprintEditorCompileResults: Info [0901.94] Compile of MyGameMode successful! [in 205 ms] (/Game/BP/MyGameMode.MyGameMode)
[2017.03.28-16.57.02:215][306]LogSlate:Warning: Prevented a slow task dialog from being summoned while a context menu was open
[2017.03.28-16.57.09:874][750]BlueprintLog: New page: Compile playercon
[2017.03.28-16.57.10:192][750]BlueprintEditorCompileResults: Info [0912.30] Compile of playercon successful! [in 318 ms] (/Game/BP/playercon.playercon)
[2017.03.28-16.57.11:248][799]LogBlueprintUserMessages: Early PlayInEditor Detection: Level '/Game/Map/map01.map01:PersistentLevel' has LevelScriptBlueprint '/Game/Map/map01.map01:PersistentLevel.map01' with GeneratedClass '/Game/Map/map01.map01_C' with ClassGeneratedBy '/Game/Map/map01.map01:PersistentLevel.map01'
[2017.03.28-16.57.11:248][799]LogPlayLevel: PlayLevel: No blueprints needed recompiling
[2017.03.28-16.57.11:248][799]PIE: New page: PIE session: map01 (Mar 29, 2017, 10:57:11 AM)
[2017.03.28-16.57.11:248][799]LogPlayLevel: Creating play world package: /Game/Map/UEDPIE_0_map01
[2017.03.28-16.57.11:288][799]LogPlayLevel: PIE: StaticDuplicateObject took: (0.040043s)
[2017.03.28-16.57.11:289][799]LogAIModule: Creating AISystem for world map01
[2017.03.28-16.57.11:289][799]LogPlayLevel: PIE: World Init took: (0.000846s)
[2017.03.28-16.57.11:289][799]LogPlayLevel: PIE: Created PIE world by copying editor world from /Game/Map/map01.map01 to /Game/Map/UEDPIE_0_map01.map01 (0.041246s)
[2017.03.28-16.57.11:406][799]LogInit: XAudio2 using '스피커(Realtek High Definition Audio)' : 2 channels at 48 kHz using 32 bits per sample (channel mask 0x3)
[2017.03.28-16.57.11:505][799]LogInit: FAudioDevice initialized.
[2017.03.28-16.57.11:565][799]LogWorld: Game class is 'MyGameMode_C'
[2017.03.28-16.57.11:583][799]LogWorld: Bringing World /Game/Map/UEDPIE_0_map01.map01 up for play (max tick rate 60) at 2017.03.29-01.57.11
[2017.03.28-16.57.11:588][799]LogWorld: Bringing up level for play took: 0.021390
[2017.03.28-16.57.11:600][799]LogVoice:Warning: Failed to initialize voice interface
[2017.03.28-16.57.11:655][799]LogBlueprintUserMessages: [messageScroll_116] DESKTOP-5I3HB32-C44A
[2017.03.28-16.57.11:657][799]PIE: Info Play in editor start time for /Game/Map/UEDPIE_0_map01 1.127
[2017.03.28-16.57.11:658][799]LogBlueprintUserMessages: Late PlayInEditor Detection: Level '/Game/Map/map01.map01:PersistentLevel' has LevelScriptBlueprint '/Game/Map/map01.map01:PersistentLevel.map01' with GeneratedClass '/Game/Map/map01.map01_C' with ClassGeneratedBy '/Game/Map/map01.map01:PersistentLevel.map01'
[2017.03.28-16.57.11:691][800]LogCharacterMovement:Warning: GetSimulationTimeStep() - Max iterations 8 hit while remaining time 0.088503 > MaxSimulationTimeStep (0.050) for 'Character_0', movement 'Walking'
[2017.03.28-16.57.15:116][985]LogBlueprintUserMessages: Early EndPlayMap Detection: Level '/Game/Map/map01.map01:PersistentLevel' has LevelScriptBlueprint '/Game/Map/map01.map01:PersistentLevel.map01' with GeneratedClass '/Game/Map/map01.map01_C' with ClassGeneratedBy '/Game/Map/map01.map01:PersistentLevel.map01'
[2017.03.28-16.57.15:153][985]LogOnline:Display: NULL: FOnlineSubsystemNull::Shutdown()
[2017.03.28-16.57.15:154][985]LogPlayLevel:Display: Shutting down PIE online subsystems
[2017.03.28-16.57.15:154][985]LogBlueprintUserMessages: Late EndPlayMap Detection: Level '/Game/Map/map01.map01:PersistentLevel' has LevelScriptBlueprint '/Game/Map/map01.map01:PersistentLevel.map01' with GeneratedClass '/Game/Map/map01.map01_C' with ClassGeneratedBy '/Game/Map/map01.map01:PersistentLevel.map01'
[2017.03.28-16.57.15:239][986]LogPlayLevel:Display: Destroying online subsystem :Context_12
[2017.03.28-16.57.15:239][986]LogOnline:Display: NULL: FOnlineSubsystemNull::Shutdown()
[2017.03.28-16.58.35:310][662]LogSlate:Warning: Prevented a slow task dialog from being summoned while a context menu was open
[2017.03.28-16.58.58:485][963]LogBlueprintUserMessages: Early PlayInEditor Detection: Level '/Game/Map/map01.map01:PersistentLevel' has LevelScriptBlueprint '/Game/Map/map01.map01:PersistentLevel.map01' with GeneratedClass '/Game/Map/map01.map01_C' with ClassGeneratedBy '/Game/Map/map01.map01:PersistentLevel.map01'
[2017.03.28-16.58.58:485][963]BlueprintLog: New page: Pre-Play auto-recompile
[2017.03.28-16.58.58:534][963]LogPlayLevel: [PlayLevel] Compiling MyGameMode before play...
[2017.03.28-16.58.58:711][963]LogPlayLevel: PlayLevel: Blueprint regeneration took 226 ms (2 blueprints)
[2017.03.28-16.58.58:715][963]LogPlayLevel: [PlayLevel] Compiling playercon before play...
[2017.03.28-16.58.58:956][963]LogPlayLevel: PlayLevel: Blueprint regeneration took 471 ms (7 blueprints)
[2017.03.28-16.58.58:957][963]LogPlayLevel: [PlayLevel] Compiling Mixamo_Heraklios before play...
[2017.03.28-16.58.59:089][963]LogPlayLevel: PlayLevel: Blueprint regeneration took 603 ms (7 blueprints)
[2017.03.28-16.58.59:089][963]LogPlayLevel: [PlayLevel] Compiling ChattingTXT before play...
[2017.03.28-16.58.59:209][963]LogPlayLevel: PlayLevel: Blueprint regeneration took 724 ms (7 blueprints)
[2017.03.28-16.58.59:210][963]LogPlayLevel: [PlayLevel] Compiling PHUD before play...
[2017.03.28-16.58.59:397][963]LogPlayLevel: PlayLevel: Blueprint regeneration took 911 ms (7 blueprints)
[2017.03.28-16.58.59:398][963]LogPlayLevel: [PlayLevel] Compiling PlayerInfo before play...
[2017.03.28-16.58.59:531][963]LogPlayLevel: PlayLevel: Blueprint regeneration took 1045 ms (7 blueprints)
[2017.03.28-16.58.59:531][963]LogPlayLevel: [PlayLevel] Compiling AL before play...
[2017.03.28-16.58.59:650][963]LogPlayLevel: PlayLevel: Blueprint regeneration took 1165 ms (7 blueprints)
[2017.03.28-16.58.59:698][963]PIE: New page: PIE session: map01 (Mar 29, 2017, 10:58:59 AM)
[2017.03.28-16.58.59:698][963]LogPlayLevel: Creating play world package: /Game/Map/UEDPIE_0_map01
[2017.03.28-16.58.59:736][963]LogPlayLevel: PIE: StaticDuplicateObject took: (0.038577s)
[2017.03.28-16.58.59:737][963]LogAIModule: Creating AISystem for world map01
[2017.03.28-16.58.59:737][963]LogPlayLevel: PIE: World Init took: (0.000863s)
[2017.03.28-16.58.59:738][963]LogPlayLevel: PIE: Created PIE world by copying editor world from /Game/Map/map01.map01 to /Game/Map/UEDPIE_0_map01.map01 (0.039745s)
[2017.03.28-16.58.59:785][963]LogInit: XAudio2 using '스피커(Realtek High Definition Audio)' : 2 channels at 48 kHz using 32 bits per sample (channel mask 0x3)
[2017.03.28-16.58.59:859][963]LogInit: FAudioDevice initialized.
[2017.03.28-16.58.59:918][963]LogWorld: Game class is 'MyGameMode_C'
[2017.03.28-16.58.59:938][963]LogWorld: Bringing World /Game/Map/UEDPIE_0_map01.map01 up for play (max tick rate 60) at 2017.03.29-01.58.59
[2017.03.28-16.58.59:942][963]LogWorld: Bringing up level for play took: 0.022713
[2017.03.28-16.58.59:954][963]LogVoice:Warning: Failed to initialize voice interface
[2017.03.28-16.58.59:955][963]LogBlueprintUserMessages: [MyGameMode_C_0] awdawdwa
[2017.03.28-16.58.59:960][963]LogBlueprintUserMessages: [messageScroll_116] DESKTOP-5I3HB32-CE5E
[2017.03.28-16.58.59:963][963]PIE: Info Play in editor start time for /Game/Map/UEDPIE_0_map01 1.433
[2017.03.28-16.58.59:963][963]LogBlueprintUserMessages: Late PlayInEditor Detection: Level '/Game/Map/map01.map01:PersistentLevel' has LevelScriptBlueprint '/Game/Map/map01.map01:PersistentLevel.map01' with GeneratedClass '/Game/Map/map01.map01_C' with ClassGeneratedBy '/Game/Map/map01.map01:PersistentLevel.map01'
[2017.03.28-16.59.00:161][964]LogCharacterMovement:Warning: GetSimulationTimeStep() - Max iterations 8 hit while remaining time 0.088503 > MaxSimulationTimeStep (0.050) for 'Character_0', movement 'Walking'
[2017.03.28-16.59.02:809][122]LogBlueprintUserMessages: Early EndPlayMap Detection: Level '/Game/Map/map01.map01:PersistentLevel' has LevelScriptBlueprint '/Game/Map/map01.map01:PersistentLevel.map01' with GeneratedClass '/Game/Map/map01.map01_C' with ClassGeneratedBy '/Game/Map/map01.map01:PersistentLevel.map01'
[2017.03.28-16.59.02:846][122]LogOnline:Display: NULL: FOnlineSubsystemNull::Shutdown()
[2017.03.28-16.59.02:847][122]LogPlayLevel:Display: Shutting down PIE online subsystems
[2017.03.28-16.59.02:847][122]LogBlueprintUserMessages: Late EndPlayMap Detection: Level '/Game/Map/map01.map01:PersistentLevel' has LevelScriptBlueprint '/Game/Map/map01.map01:PersistentLevel.map01' with GeneratedClass '/Game/Map/map01.map01_C' with ClassGeneratedBy '/Game/Map/map01.map01:PersistentLevel.map01'
[2017.03.28-16.59.02:942][123]LogPlayLevel:Display: Destroying online subsystem :Context_13
[2017.03.28-16.59.02:942][123]LogOnline:Display: NULL: FOnlineSubsystemNull::Shutdown()
[2017.03.28-16.59.20:979][161]BlueprintLog: New page: Compile MyGameMode
[2017.03.28-16.59.21:324][161]BlueprintEditorCompileResults: Info [1043.43] Compile of MyGameMode successful! [in 344 ms] (/Game/BP/MyGameMode.MyGameMode)
[2017.03.28-16.59.24:558][335]LogBlueprintUserMessages: Early PlayInEditor Detection: Level '/Game/Map/map01.map01:PersistentLevel' has LevelScriptBlueprint '/Game/Map/map01.map01:PersistentLevel.map01' with GeneratedClass '/Game/Map/map01.map01_C' with ClassGeneratedBy '/Game/Map/map01.map01:PersistentLevel.map01'
[2017.03.28-16.59.24:558][335]LogPlayLevel: PlayLevel: No blueprints needed recompiling
[2017.03.28-16.59.24:558][335]PIE: New page: PIE session: map01 (Mar 29, 2017, 10:59:24 AM)
[2017.03.28-16.59.24:558][335]LogPlayLevel: Creating play world package: /Game/Map/UEDPIE_0_map01
[2017.03.28-16.59.24:597][335]LogPlayLevel: PIE: StaticDuplicateObject took: (0.039184s)
[2017.03.28-16.59.24:598][335]LogAIModule: Creating AISystem for world map01
[2017.03.28-16.59.24:598][335]LogPlayLevel: PIE: World Init took: (0.000936s)
[2017.03.28-16.59.24:599][335]LogPlayLevel: PIE: Created PIE world by copying editor world from /Game/Map/map01.map01 to /Game/Map/UEDPIE_0_map01.map01 (0.040500s)
[2017.03.28-16.59.24:651][335]LogInit: XAudio2 using '스피커(Realtek High Definition Audio)' : 2 channels at 48 kHz using 32 bits per sample (channel mask 0x3)
[2017.03.28-16.59.24:734][335]LogInit: FAudioDevice initialized.
[2017.03.28-16.59.24:789][335]LogWorld: Game class is 'MyGameMode_C'
[2017.03.28-16.59.24:808][335]LogWorld: Bringing World /Game/Map/UEDPIE_0_map01.map01 up for play (max tick rate 60) at 2017.03.29-01.59.24
[2017.03.28-16.59.24:812][335]LogWorld: Bringing up level for play took: 0.022031
[2017.03.28-16.59.24:823][335]LogVoice:Warning: Failed to initialize voice interface
[2017.03.28-16.59.24:825][335]LogBlueprintUserMessages: [MyGameMode_C_0] awdawdwa
[2017.03.28-16.59.24:830][335]LogBlueprintUserMessages: [messageScroll_116] DESKTOP-5I3HB32-24DF
[2017.03.28-16.59.24:833][335]PIE: Info Play in editor start time for /Game/Map/UEDPIE_0_map01 0.302
[2017.03.28-16.59.24:833][335]LogBlueprintUserMessages: Late PlayInEditor Detection: Level '/Game/Map/map01.map01:PersistentLevel' has LevelScriptBlueprint '/Game/Map/map01.map01:PersistentLevel.map01' with GeneratedClass '/Game/Map/map01.map01_C' with ClassGeneratedBy '/Game/Map/map01.map01:PersistentLevel.map01'
[2017.03.28-16.59.26:981][459]LogBlueprintUserMessages: Early EndPlayMap Detection: Level '/Game/Map/map01.map01:PersistentLevel' has LevelScriptBlueprint '/Game/Map/map01.map01:PersistentLevel.map01' with GeneratedClass '/Game/Map/map01.map01_C' with ClassGeneratedBy '/Game/Map/map01.map01:PersistentLevel.map01'
[2017.03.28-16.59.27:019][459]LogOnline:Display: NULL: FOnlineSubsystemNull::Shutdown()
[2017.03.28-16.59.27:019][459]LogPlayLevel:Display: Shutting down PIE online subsystems
[2017.03.28-16.59.27:019][459]LogBlueprintUserMessages: Late EndPlayMap Detection: Level '/Game/Map/map01.map01:PersistentLevel' has LevelScriptBlueprint '/Game/Map/map01.map01:PersistentLevel.map01' with GeneratedClass '/Game/Map/map01.map01_C' with ClassGeneratedBy '/Game/Map/map01.map01:PersistentLevel.map01'
[2017.03.28-16.59.27:111][460]LogPlayLevel:Display: Destroying online subsystem :Context_14
[2017.03.28-16.59.27:111][460]LogOnline:Display: NULL: FOnlineSubsystemNull::Shutdown()
[2017.03.28-16.59.31:498][697]LogBlueprintUserMessages: Early PlayInEditor Detection: Level '/Game/Map/map01.map01:PersistentLevel' has LevelScriptBlueprint '/Game/Map/map01.map01:PersistentLevel.map01' with GeneratedClass '/Game/Map/map01.map01_C' with ClassGeneratedBy '/Game/Map/map01.map01:PersistentLevel.map01'
[2017.03.28-16.59.31:498][697]BlueprintLog: New page: Pre-Play auto-recompile
[2017.03.28-16.59.31:535][697]LogPlayLevel: [PlayLevel] Compiling MyGameMode before play...
[2017.03.28-16.59.31:697][697]LogPlayLevel: PlayLevel: Blueprint regeneration took 199 ms (2 blueprints)
[2017.03.28-16.59.31:701][697]LogPlayLevel: [PlayLevel] Compiling playercon before play...
[2017.03.28-16.59.31:952][697]LogPlayLevel: PlayLevel: Blueprint regeneration took 454 ms (7 blueprints)
[2017.03.28-16.59.31:953][697]LogPlayLevel: [PlayLevel] Compiling Mixamo_Heraklios before play...
[2017.03.28-16.59.32:085][697]LogPlayLevel: PlayLevel: Blueprint regeneration took 587 ms (7 blueprints)
[2017.03.28-16.59.32:086][697]LogPlayLevel: [PlayLevel] Compiling ChattingTXT before play...
[2017.03.28-16.59.32:214][697]LogPlayLevel: PlayLevel: Blueprint regeneration took 715 ms (7 blueprints)
[2017.03.28-16.59.32:215][697]LogPlayLevel: [PlayLevel] Compiling PHUD before play...
[2017.03.28-16.59.32:402][697]LogPlayLevel: PlayLevel: Blueprint regeneration took 904 ms (7 blueprints)
[2017.03.28-16.59.32:405][697]LogPlayLevel: [PlayLevel] Compiling PlayerInfo before play...
[2017.03.28-16.59.32:552][697]LogPlayLevel: PlayLevel: Blueprint regeneration took 1053 ms (7 blueprints)
[2017.03.28-16.59.32:552][697]LogPlayLevel: [PlayLevel] Compiling AL before play...
[2017.03.28-16.59.32:673][697]LogPlayLevel: PlayLevel: Blueprint regeneration took 1175 ms (7 blueprints)
[2017.03.28-16.59.32:717][697]PIE: New page: PIE session: map01 (Mar 29, 2017, 10:59:32 AM)
[2017.03.28-16.59.32:717][697]LogPlayLevel: Creating play world package: /Game/Map/UEDPIE_0_map01
[2017.03.28-16.59.32:756][697]LogPlayLevel: PIE: StaticDuplicateObject took: (0.039150s)
[2017.03.28-16.59.32:757][697]LogAIModule: Creating AISystem for world map01
[2017.03.28-16.59.32:757][697]LogPlayLevel: PIE: World Init took: (0.000828s)
[2017.03.28-16.59.32:757][697]LogPlayLevel: PIE: Created PIE world by copying editor world from /Game/Map/map01.map01 to /Game/Map/UEDPIE_0_map01.map01 (0.040271s)
[2017.03.28-16.59.32:798][697]LogInit: XAudio2 using '스피커(Realtek High Definition Audio)' : 2 channels at 48 kHz using 32 bits per sample (channel mask 0x3)
[2017.03.28-16.59.32:877][697]LogInit: FAudioDevice initialized.
[2017.03.28-16.59.32:934][697]LogWorld: Game class is 'MyGameMode_C'
[2017.03.28-16.59.32:952][697]LogWorld: Bringing World /Game/Map/UEDPIE_0_map01.map01 up for play (max tick rate 60) at 2017.03.29-01.59.32
[2017.03.28-16.59.32:955][697]LogWorld: Bringing up level for play took: 0.020352
[2017.03.28-16.59.32:968][697]LogVoice:Warning: Failed to initialize voice interface
[2017.03.28-16.59.32:969][697]LogBlueprintUserMessages: [MyGameMode_C_0] awdawdwa
[2017.03.28-16.59.32:973][697]LogBlueprintUserMessages: [messageScroll_116] DESKTOP-5I3HB32-62D2
[2017.03.28-16.59.32:976][697]PIE: Info Play in editor start time for /Game/Map/UEDPIE_0_map01 2.446
[2017.03.28-16.59.32:977][697]LogBlueprintUserMessages: Late PlayInEditor Detection: Level '/Game/Map/map01.map01:PersistentLevel' has LevelScriptBlueprint '/Game/Map/map01.map01:PersistentLevel.map01' with GeneratedClass '/Game/Map/map01.map01_C' with ClassGeneratedBy '/Game/Map/map01.map01:PersistentLevel.map01'
[2017.03.28-16.59.33:217][698]LogCharacterMovement:Warning: GetSimulationTimeStep() - Max iterations 8 hit while remaining time 0.088503 > MaxSimulationTimeStep (0.050) for 'Character_0', movement 'Walking'
[2017.03.28-16.59.34:949][795]LogBlueprintUserMessages: Early EndPlayMap Detection: Level '/Game/Map/map01.map01:PersistentLevel' has LevelScriptBlueprint '/Game/Map/map01.map01:PersistentLevel.map01' with GeneratedClass '/Game/Map/map01.map01_C' with ClassGeneratedBy '/Game/Map/map01.map01:PersistentLevel.map01'
[2017.03.28-16.59.34:988][795]LogOnline:Display: NULL: FOnlineSubsystemNull::Shutdown()
[2017.03.28-16.59.34:989][795]LogPlayLevel:Display: Shutting down PIE online subsystems
[2017.03.28-16.59.34:989][795]LogBlueprintUserMessages: Late EndPlayMap Detection: Level '/Game/Map/map01.map01:PersistentLevel' has LevelScriptBlueprint '/Game/Map/map01.map01:PersistentLevel.map01' with GeneratedClass '/Game/Map/map01.map01_C' with ClassGeneratedBy '/Game/Map/map01.map01:PersistentLevel.map01'
[2017.03.28-16.59.35:084][796]LogPlayLevel:Display: Destroying online subsystem :Context_15
[2017.03.28-16.59.35:084][796]LogOnline:Display: NULL: FOnlineSubsystemNull::Shutdown()
[2017.03.28-16.59.41:356][156]LogEditorTransaction: Undo Break Pin Links
[2017.03.28-16.59.42:071][176]LogEditorTransaction: Undo Promote To Variable
[2017.03.28-16.59.42:543][184]LogEditorTransaction: Undo Change String Pin Value
[2017.03.28-16.59.43:075][195]LogEditorTransaction: Undo Create Pin Link
[2017.03.28-16.59.43:917][244]LogEditorTransaction: Undo Add Node
[2017.03.28-16.59.44:765][278]LogEditorTransaction: Undo Move Node
[2017.03.28-16.59.45:313][297]LogEditorTransaction: Undo Create Pin Link
[2017.03.28-16.59.45:737][309]LogEditorTransaction: Undo Create Pin Link
[2017.03.28-16.59.46:276][328]LogEditorTransaction: Undo Move Node
[2017.03.28-16.59.46:814][347]LogEditorTransaction: Undo Add Node
[2017.03.28-16.59.47:360][366]LogEditorTransaction: Undo Change Class Pin Value
[2017.03.28-16.59.48:002][388]LogEditorTransaction: Undo Add Node
[2017.03.28-16.59.48:582][405]LogEditorTransaction: Undo Move Node
[2017.03.28-16.59.50:999][405]LogStats: FPlatformStackWalk::StackWalkAndDump -  2.194 s
[2017.03.28-16.59.50:999][405]LogOutputDevice:Warning: === Handled error: ===

Ensure condition failed: CurPin->GetOuter() == GraphNode [File:D:\Build\++UE4+Release-4.12+Compile\Sync\Engine\Source\Editor\GraphEditor\Private\SGraphNode.cpp] [Line: 1034]
Graph node ('Get SelectCharacter' - /Game/BP/MyGameMode.MyGameMode:EventGraph.K2Node_VariableGet_276) has an invalid input pin: 'Target'; (with a bad Package outer: '/Engine/Transient'); skiping creation of a widget for this pin.
Stack: 
UE4Editor-Core.dll!FWindowsPlatformStackWalk::StackWalkAndDump() [d:\build\++ue4+release-4.12+compile\sync\engine\source\runtime\core\private\windows\windowsplatformstackwalk.cpp:183]
UE4Editor-Core.dll!FDebug::EnsureFailed() [d:\build\++ue4+release-4.12+compile\sync\engine\source\runtime\core\private\misc\outputdevice.cpp:327]
UE4Editor-Core.dll!FDebug::OptionallyLogFormattedEnsureMessageReturningFalse() [d:\build\++ue4+release-4.12+compile\sync\engine\source\runtime\core\private\misc\outputdevice.cpp:451]
UE4Editor-GraphEditor.dll!SGraphNode::CreatePinWidgets() [d:\build\++ue4+release-4.12+compile\sync\engine\source\editor\grapheditor\private\sgraphnode.cpp:1027]
UE4Editor-GraphEditor.dll!SGraphNodeK2Var::UpdateGraphNode() [d:\build\++ue4+release-4.12+compile\sync\engine\source\editor\grapheditor\private\kismetnodes\sgraphnodek2var.cpp:309]
UE4Editor-GraphEditor.dll!SGraphNodeK2Var::Construct() [d:\build\++ue4+release-4.12+compile\sync\engine\source\editor\grapheditor\private\kismetnodes\sgraphnodek2var.cpp:20]
UE4Editor-GraphEditor.dll!TDecl<SGraphNodeK2Var,RequiredArgs::T1RequiredArgs<UK2Node * __ptr64 & __ptr64> >::operator<<=() [d:\build\++ue4+release-4.12+compile\sync\engine\source\runtime\slatecore\public\widgets\declarativesyntaxsupport.h:1080]
UE4Editor-GraphEditor.dll!FNodeFactory::CreateNodeWidget() [d:\build\++ue4+release-4.12+compile\sync\engine\source\editor\grapheditor\private\nodefactory.cpp:174]
UE4Editor-GraphEditor.dll!SGraphPanel::AddNode() [d:\build\++ue4+release-4.12+compile\sync\engine\source\editor\grapheditor\private\sgraphpanel.cpp:1339]
UE4Editor-GraphEditor.dll!SGraphPanel::Update() [d:\build\++ue4+release-4.12+compile\sync\engine\source\editor\grapheditor\private\sgraphpanel.cpp:1424]
UE4Editor-GraphEditor.dll!SGraphEditorImpl::TriggerRefresh() [d:\build\++ue4+release-4.12+compile\sync\engine\source\editor\grapheditor\private\sgrapheditorimpl.cpp:437]
UE4Editor-GraphEditor.dll!TBaseSPMethodDelegateInstance<0,SGraphEditorImpl,0,enum EActiveTimerReturnType __cdecl(double,float)>::Execute() [d:\build\++ue4+release-4.12+compile\sync\engine\source\runtime\core\public\delegates\delegateinstancesimpl_variadics.inl:321]
UE4Editor-SlateCore.dll!FActiveTimerHandle::ExecuteIfPending() [d:\build\++ue4+release-4.12+compile\sync\engine\source\runtime\slatecore\private\application\activetimerhandle.cpp:48]
UE4Editor-SlateCore.dll!SWidget::ExecuteActiveTimers() [d:\build\++ue4+release-4.12+compile\sync\engine\source\runtime\slatecore\private\widgets\swidget.cpp:721]
UE4Editor-SlateCore.dll!SWidget::Paint() [d:\build\++ue4+release-4.12+compile\sync\engine\source\runtime\slatecore\private\widgets\swidget.cpp:653]
UE4Editor-Slate.dll!SBox::OnPaint() [d:\build\++ue4+release-4.12+compile\sync\engine\source\runtime\slate\private\widgets\layout\sbox.cpp:171]
UE4Editor-SlateCore.dll!SWidget::Paint() [d:\build\++ue4+release-4.12+compile\sync\engine\source\runtime\slatecore\private\widgets\swidget.cpp:660]
UE4Editor-SlateCore.dll!SCompoundWidget::OnPaint() [d:\build\++ue4+release-4.12+compile\sync\engine\source\runtime\slatecore\private\widgets\scompoundwidget.cpp:25]
UE4Editor-SlateCore.dll!SWidget::Paint() [d:\build\++ue4+release-4.12+compile\sync\engine\source\runtime\slatecore\private\widgets\swidget.cpp:660]
UE4Editor-SlateCore.dll!SCompoundWidget::OnPaint() [d:\build\++ue4+release-4.12+compile\sync\engine\source\runtime\slatecore\private\widgets\scompoundwidget.cpp:25]
UE4Editor-Slate.dll!SBorder::OnPaint() [d:\build\++ue4+release-4.12+compile\sync\engine\source\runtime\slate\private\widgets\layout\sborder.cpp:90]
UE4Editor-SlateCore.dll!SWidget::Paint() [d:\build\++ue4+release-4.12+compile\sync\engine\source\runtime\slatecore\private\widgets\swidget.cpp:660]
UE4Editor-SlateCore.dll!SOverlay::OnPaint() [d:\build\++ue4+release-4.12+compile\sync\engine\source\runtime\slatecore\private\widgets\soverlay.cpp:100]
UE4Editor-SlateCore.dll!SWidget::Paint() [d:\build\++ue4+release-4.12+compile\sync\engine\source\runtime\slatecore\private\widgets\swidget.cpp:660]
UE4Editor-SlateCore.dll!SPanel::PaintArrangedChildren() [d:\build\++ue4+release-4.12+compile\sync\engine\source\runtime\slatecore\private\widgets\spanel.cpp:44]
UE4Editor-SlateCore.dll!SPanel::OnPaint() [d:\build\++ue4+release-4.12+compile\sync\engine\source\runtime\slatecore\private\widgets\spanel.cpp:19]
UE4Editor-SlateCore.dll!SWidget::Paint() [d:\build\++ue4+release-4.12+compile\sync\engine\source\runtime\slatecore\private\widgets\swidget.cpp:660]
UE4Editor-SlateCore.dll!SCompoundWidget::OnPaint() [d:\build\++ue4+release-4.12+compile\sync\engine\source\runtime\slatecore\private\widgets\scompoundwidget.cpp:25]
UE4Editor-SlateCore.dll!SWidget::Paint() [d:\build\++ue4+release-4.12+compile\sync\engine\source\runtime\slatecore\private\widgets\swidget.cpp:660]
UE4Editor-SlateCore.dll!SPanel::PaintArrangedChildren() [d:\build\++ue4+release-4.12+compile\sync\engine\source\runtime\slatecore\private\widgets\spanel.cpp:44]
UE4Editor-Slate.dll!SSplitter::OnPaint() [d:\build\++ue4+release-4.12+compile\sync\engine\source\runtime\slate\private\widgets\layout\ssplitter.cpp:166]
UE4Editor-SlateCore.dll!SWidget::Paint() [d:\build\++ue4+release-4.12+compile\sync\engine\source\runtime\slatecore\private\widgets\swidget.cpp:660]
UE4Editor-SlateCore.dll!SCompoundWidget::OnPaint() [d:\build\++ue4+release-4.12+compile\sync\engine\source\runtime\slatecore\private\widgets\scompoundwidget.cpp:25]
UE4Editor-SlateCore.dll!SWidget::Paint() [d:\build\++ue4+release-4.12+compile\sync\engine\source\runtime\slatecore\private\widgets\swidget.cpp:660]
UE4Editor-SlateCore.dll!SPanel::PaintArrangedChildren() [d:\build\++ue4+release-4.12+compile\sync\engine\source\runtime\slatecore\private\widgets\spanel.cpp:44]
UE4Editor-Slate.dll!SSplitter::OnPaint() [d:\build\++ue4+release-4.12+compile\sync\engine\source\runtime\slate\private\widgets\layout\ssplitter.cpp:166]
UE4Editor-SlateCore.dll!SWidget::Paint() [d:\build\++ue4+release-4.12+compile\sync\engine\source\runtime\slatecore\private\widgets\swidget.cpp:660]
UE4Editor-SlateCore.dll!SOverlay::OnPaint() [d:\build\++ue4+release-4.12+compile\sync\engine\source\runtime\slatecore\private\widgets\soverlay.cpp:100]
UE4Editor-SlateCore.dll!SWidget::Paint() [d:\build\++ue4+release-4.12+compile\sync\engine\source\runtime\slatecore\private\widgets\swidget.cpp:660]
UE4Editor-SlateCore.dll!SCompoundWidget::OnPaint() [d:\build\++ue4+release-4.12+compile\sync\engine\source\runtime\slatecore\private\widgets\scompoundwidget.cpp:25]
UE4Editor-SlateCore.dll!SWidget::Paint() [d:\build\++ue4+release-4.12+compile\sync\engine\source\runtime\slatecore\private\widgets\swidget.cpp:660]
UE4Editor-SlateCore.dll!SPanel::PaintArrangedChildren() [d:\build\++ue4+release-4.12+compile\sync\engine\source\runtime\slatecore\private\widgets\spanel.cpp:44]
UE4Editor-SlateCore.dll!SPanel::OnPaint() [d:\build\++ue4+release-4.12+compile\sync\engine\source\runtime\slatecore\private\widgets\spanel.cpp:19]
UE4Editor-SlateCore.dll!SWidget::Paint() [d:\build\++ue4+release-4.12+compile\sync\engine\source\runtime\slatecore\private\widgets\swidget.cpp:660]
UE4Editor-SlateCore.dll!SCompoundWidget::OnPaint() [d:\build\++ue4+release-4.12+compile\sync\engine\source\runtime\slatecore\private\widgets\scompoundwidget.cpp:25]
UE4Editor-SlateCore.dll!SWidget::Paint() [d:\build\++ue4+release-4.12+compile\sync\engine\source\runtime\slatecore\private\widgets\swidget.cpp:660]
UE4Editor-SlateCore.dll!SCompoundWidget::OnPaint() [d:\build\++ue4+release-4.12+compile\sync\engine\source\runtime\slatecore\private\widgets\scompoundwidget.cpp:25]
UE4Editor-Slate.dll!SBorder::OnPaint() [d:\build\++ue4+release-4.12+compile\sync\engine\source\runtime\slate\private\widgets\layout\sborder.cpp:90]
UE4Editor-SlateCore.dll!SWidget::Paint() [d:\build\++ue4+release-4.12+compile\sync\engine\source\runtime\slatecore\private\widgets\swidget.cpp:660]
UE4Editor-SlateCore.dll!SOverlay::OnPaint() [d:\build\++ue4+release-4.12+compile\sync\engine\source\runtime\slatecore\private\widgets\soverlay.cpp:100]
UE4Editor-SlateCore.dll!SWidget::Paint() [d:\build\++ue4+release-4.12+compile\sync\engine\source\runtime\slatecore\private\widgets\swidget.cpp:660]
UE4Editor-SlateCore.dll!SPanel::PaintArrangedChildren() [d:\build\++ue4+release-4.12+compile\sync\engine\source\runtime\slatecore\private\widgets\spanel.cpp:44]
UE4Editor-SlateCore.dll!SPanel::OnPaint() [d:\build\++ue4+release-4.12+compile\sync\engine\source\runtime\slatecore\private\widgets\spanel.cpp:19]
UE4Editor-SlateCore.dll!SWidget::Paint() [d:\build\++ue4+release-4.12+compile\sync\engine\source\runtime\slatecore\private\widgets\swidget.cpp:660]
UE4Editor-SlateCore.dll!SCompoundWidget::OnPaint() [d:\build\++ue4+release-4.12+compile\sync\engine\source\runtime\slatecore\private\widgets\scompoundwidget.cpp:25]
UE4Editor-SlateCore.dll!SWidget::Paint() [d:\build\++ue4+release-4.12+compile\sync\engine\source\runtime\slatecore\private\widgets\swidget.cpp:660]
UE4Editor-SlateCore.dll!SPanel::PaintArrangedChildren() [d:\build\++ue4+release-4.12+compile\sync\engine\source\runtime\slatecore\private\widgets\spanel.cpp:44]
UE4Editor-Slate.dll!SSplitter::OnPaint() [d:\build\++ue4+release-4.12+compile\sync\engine\source\runtime\slate\private\widgets\layout\ssplitter.cpp:166]
UE4Editor-SlateCore.dll!SWidget::Paint() [d:\build\++ue4+release-4.12+compile\sync\engine\source\runtime\slatecore\private\widgets\swidget.cpp:660]
UE4Editor-SlateCore.dll!SOverlay::OnPaint() [d:\build\++ue4+release-4.12+compile\sync\engine\source\runtime\slatecore\private\widgets\soverlay.cpp:100]
UE4Editor-SlateCore.dll!SWidget::Paint() [d:\build\++ue4+release-4.12+compile\sync\engine\source\runtime\slatecore\private\widgets\swidget.cpp:660]
UE4Editor-SlateCore.dll!SCompoundWidget::OnPaint() [d:\build\++ue4+release-4.12+compile\sync\engine\source\runtime\slatecore\private\widgets\scompoundwidget.cpp:25]
UE4Editor-SlateCore.dll!SWidget::Paint() [d:\build\++ue4+release-4.12+compile\sync\engine\source\runtime\slatecore\private\widgets\swidget.cpp:660]
UE4Editor-SlateCore.dll!SPanel::PaintArrangedChildren() [d:\build\++ue4+release-4.12+compile\sync\engine\source\runtime\slatecore\private\widgets\spanel.cpp:44]
UE4Editor-SlateCore.dll!SPanel::OnPaint() [d:\build\++ue4+release-4.12+compile\sync\engine\source\runtime\slatecore\private\widgets\spanel.cpp:19]
UE4Editor-SlateCore.dll!SWidget::Paint() [d:\build\++ue4+release-4.12+compile\sync\engine\source\runtime\slatecore\private\widgets\swidget.cpp:660]
UE4Editor-SlateCore.dll!SPanel::PaintArrangedChildren() [d:\build\++ue4+release-4.12+compile\sync\engine\source\runtime\slatecore\private\widgets\spanel.cpp:44]
UE4Editor-SlateCore.dll!SPanel::OnPaint() [d:\build\++ue4+release-4.12+compile\sync\engine\source\runtime\slatecore\private\widgets\spanel.cpp:19]
UE4Editor-SlateCore.dll!SWidget::Paint() [d:\build\++ue4+release-4.12+compile\sync\engine\source\runtime\slatecore\private\widgets\swidget.cpp:660]
UE4Editor-SlateCore.dll!SOverlay::OnPaint() [d:\build\++ue4+release-4.12+compile\sync\engine\source\runtime\slatecore\private\widgets\soverlay.cpp:100]
UE4Editor-SlateCore.dll!SWidget::Paint() [d:\build\++ue4+release-4.12+compile\sync\engine\source\runtime\slatecore\private\widgets\swidget.cpp:660]
UE4Editor-SlateCore.dll!SCompoundWidget::OnPaint() [d:\build\++ue4+release-4.12+compile\sync\engine\source\runtime\slatecore\private\widgets\scompoundwidget.cpp:25]
UE4Editor-SlateCore.dll!SWindow::OnPaint() [d:\build\++ue4+release-4.12+compile\sync\engine\source\runtime\slatecore\private\widgets\swindow.cpp:1761]
UE4Editor-SlateCore.dll!SWidget::Paint() [d:\build\++ue4+release-4.12+compile\sync\engine\source\runtime\slatecore\private\widgets\swidget.cpp:660]
UE4Editor-Slate.dll!FSlateApplication::DrawWindowAndChildren() [d:\build\++ue4+release-4.12+compile\sync\engine\source\runtime\slate\private\framework\application\slateapplication.cpp:1008]
UE4Editor-Slate.dll!FSlateApplication::DrawWindowAndChildren() [d:\build\++ue4+release-4.12+compile\sync\engine\source\runtime\slate\private\framework\application\slateapplication.cpp:1091]
UE4Editor-Slate.dll!FSlateApplication::PrivateDrawWindows() [d:\build\++ue4+release-4.12+compile\sync\engine\source\runtime\slate\private\framework\application\slateapplication.cpp:1237]
UE4Editor-Slate.dll!FSlateApplication::DrawWindows() [d:\build\++ue4+release-4.12+compile\sync\engine\source\runtime\slate\private\framework\application\slateapplication.cpp:969]
UE4Editor-Slate.dll!FSlateApplication::TickApplication() [d:\build\++ue4+release-4.12+compile\sync\engine\source\runtime\slate\private\framework\application\slateapplication.cpp:1558]
UE4Editor-Slate.dll!FSlateApplication::Tick() [d:\build\++ue4+release-4.12+compile\sync\engine\source\runtime\slate\private\framework\application\slateapplication.cpp:1350]
UE4Editor.exe!FEngineLoop::Tick() [d:\build\++ue4+release-4.12+compile\sync\engine\source\runtime\launch\private\launchengineloop.cpp:2810]
UE4Editor.exe!GuardedMain() [d:\build\++ue4+release-4.12+compile\sync\engine\source\runtime\launch\private\launch.cpp:148]
UE4Editor.exe!GuardedMainWrapper() [d:\build\++ue4+release-4.12+compile\sync\engine\source\runtime\launch\private\windows\launchwindows.cpp:126]
UE4Editor.exe!WinMain() [d:\build\++ue4+release-4.12+compile\sync\engine\source\runtime\launch\private\windows\launchwindows.cpp:200]
UE4Editor.exe!__scrt_common_main_seh() [f:\dd\vctools\crt\vcstartup\src\startup\exe_common.inl:264]
KERNEL32.DLL
ntdll.dll
ntdll.dll

[2017.03.28-16.59.50:999][405]LogStats:                SubmitErrorReport -  0.000 s
[2017.03.28-16.59.51:474][405]LogStats:                    SendNewReport -  0.474 s
[2017.03.28-16.59.51:474][405]LogStats:             FDebug::EnsureFailed -  2.668 s
[2017.03.28-16.59.51:482][406]LogEditorTransaction: Undo Move Node
[2017.03.28-16.59.51:557][406]LogEditorTransaction: Undo Break Pin Links
[2017.03.28-16.59.51:575][406]LogEditorTransaction: Undo Move Node
[2017.03.28-16.59.57:218][718]LogEditorTransaction: Undo Edit Select Character
[2017.03.28-17.00.03:691][ 94]LogWindows: Windows GetLastError: 작업을 완료했습니다. (0)
[2017.03.28-17.00.04:327][ 94]LogCrashTracker: 


[2017.03.28-17.00.04:327][ 94]LogCrashTracker: 


[2017.03.28-17.00.04:327][ 94]LogWindows:Error: === Critical error: ===
Fatal error: [File:D:\Build\++UE4+Release-4.12+Compile\Sync\Engine\Source\Runtime\CoreUObject\Private\Templates\Casts.cpp] [Line: 11] 
Cast of Package /Engine/Transient to EdGraphNode failed




[2017.03.28-17.00.04:372][ 94]LogExit: Executing StaticShutdownAfterError
[2017.03.28-17.00.04:382][ 94]LogWindows: FPlatformMisc::RequestExit(1)
[2017.03.28-17.00.04:382][ 94]Log file closed, 03/29/17 02:00:04
