Log file open, 06/10/17 05:25:44
LogInit:Display: Running engine for game: UNNAMED
LogPlatformFile: Not using cached read wrapper
LogInit:Display: RandInit(1789215756) SRandInit(1789215756).
LogTaskGraph: Started task graph with 5 named threads and 8 total threads with 1 sets of task threads.
LogStats: Stats thread started at 0.684056
LogInit: Using libcurl 7.47.1
LogInit:  - built for x86_64-pc-win32
LogInit:  - supports SSL with OpenSSL/1.0.2g
LogInit:  - supports HTTP deflate (compression) using libz 1.2.8
LogInit:  - other features:
LogInit:      CURL_VERSION_SSL
LogInit:      CURL_VERSION_LIBZ
LogInit:      CURL_VERSION_IPV6
LogInit:      CURL_VERSION_ASYNCHDNS
LogInit:      CURL_VERSION_LARGEFILE
LogInit:      CURL_VERSION_IDN
LogInit:  CurlRequestOptions (configurable via config and command line):
LogInit:  - bVerifyPeer = false  - Libcurl will NOT verify peer certificate
LogInit:  - bUseHttpProxy = false  - Libcurl will NOT use HTTP proxy
LogInit:  - bDontReuseConnections = false  - Libcurl will reuse connections
LogInit:  - CertBundlePath = nullptr  - Libcurl will use whatever was configured at build time.
LogOnline:Display: STEAM: Loading Steam SDK 1.32
LogInit: WinSock: version 1.1 (2.2), MaxSocks=32767, MaxUdp=65467
LogInit: Build: ++UE4+Release-4.15-CL-3348071
LogInit: Engine Version: 4.15.1-3348071+++UE4+Release-4.15
LogInit: Compatible Engine Version: 4.15.0-3299760+++UE4+Release-4.15
LogInit: Net CL: 3299760
LogDevObjectVersion: Number of dev versions registered: 14
LogDevObjectVersion:   Dev-Blueprints (B0D832E4-1F89-4F0D-ACCF-7EB736FD4AA2): 8
LogDevObjectVersion:   Dev-Build (E1C64328-A22C-4D53-A36C-8E866417BD8C): 0
LogDevObjectVersion:   Dev-Core (375EC13C-06E4-48FB-B500-84F0262A717E): 2
LogDevObjectVersion:   Dev-Editor (E4B068ED-F494-42E9-A231-DA0B2E46BB41): 14
LogDevObjectVersion:   Dev-Framework (CFFC743F-43B0-4480-9391-14DF171D2073): 22
LogDevObjectVersion:   Dev-Mobile (B02B49B5-BB20-44E9-A304-32B752E40360): 0
LogDevObjectVersion:   Dev-Networking (A4E4105C-59A1-49B5-A7C5-40C4547EDFEE): 0
LogDevObjectVersion:   Dev-Online (39C831C9-5AE6-47DC-9A44-9C173E1C8E7C): 0
LogDevObjectVersion:   Dev-Physics (78F01B33-EBEA-4F98-B9B4-84EACCB95AA2): 0
LogDevObjectVersion:   Dev-Platform (6631380F-2D4D-43E0-8009-CF276956A95A): 0
LogDevObjectVersion:   Dev-Rendering (12F88B9F-8875-4AFC-A67C-D90C383ABD29): 12
LogDevObjectVersion:   Dev-Sequencer (7B5AE74C-D270-4C10-A958-57980B212A5A): 3
LogDevObjectVersion:   Dev-VR (D7296918-1DD6-4BDD-9DE2-64A83CC13884): 0
LogDevObjectVersion:   Dev-LoadTimes (C2A15278-BFE7-4AFE-6C17-90FF531DF755): 1
LogInit: Compiled (64-bit): Mar 15 2017 16:52:47
LogInit: Compiled with Visual C++: 19.00.23026.00
LogInit: Build Configuration: Development
LogInit: Branch Name: ++UE4+Release-4.15
LogInit: Command line:  -game
LogInit: Base directory: C:/Program Files/Epic Games/UE_4.15/Engine/Binaries/Win64/
LogInit: Installed Engine Build: 1
LogInit: Presizing for max 8388607 objects, including 0 objects not considered by GC, pre-allocating 0 bytes for permanent pool.
LogInit: Object subsystem initialized
[2017.06.09-20.25.47:880][  0]LogInit: Selected Device Profile: [Windows]
[2017.06.09-20.25.47:880][  0]LogInit: Applying CVar settings loaded from the selected device profile: [Windows]
[2017.06.09-20.25.48:076][  0]LogInit: Computer: DESKTOP-5I3HB32
[2017.06.09-20.25.48:076][  0]LogInit: User: jcy
[2017.06.09-20.25.48:076][  0]LogInit: CPU Page size=65536, Cores=4
[2017.06.09-20.25.48:076][  0]LogInit: High frequency timer resolution =2.533211 MHz
[2017.06.09-20.25.48:098][  0]LogMemory: Memory total: Physical=11.9GB (12GB approx)
[2017.06.09-20.25.48:114][  0]LogMemory: Platform Memory Stats for Windows
[2017.06.09-20.25.48:114][  0]LogMemory: Process Physical Memory: 303.85 MB used, 303.85 MB peak
[2017.06.09-20.25.48:114][  0]LogMemory: Process Virtual Memory: 283.58 MB used, 283.58 MB peak
[2017.06.09-20.25.48:114][  0]LogMemory: Physical Memory: 3658.33 MB used,  8551.53 MB free, 12209.86 MB total
[2017.06.09-20.25.48:114][  0]LogMemory: Virtual Memory: 751.81 MB used,  8551.53 MB free, 134217728.00 MB total
[2017.06.09-20.25.49:119][  0]LogTextLocalizationManager: No specific translations for ('ko-KR') exist, so ('ko') translations will be used.
[2017.06.09-20.25.49:290][  0]LogTextLocalizationManager:Warning: Loaded localization resources contain conflicting entries for (Namespace:KismetSchema, Key:Default):
Localization Resource: (C:/Program Files/Epic Games/UE_4.15/Engine/Content/Localization/EditorTutorials/ko/EditorTutorials.locres) Source String Hash: (940523119) Localized String: (디폴트)
Localization Resource: (C:/Program Files/Epic Games/UE_4.15/Engine/Content/Localization/Engine/ko/Engine.locres) Source String Hash: (940523119) Localized String: (기본)
[2017.06.09-20.25.49:290][  0]LogTextLocalizationManager:Warning: Loaded localization resources contain conflicting entries for (Namespace:UObjectToolTips, Key:AnimNode_AssetPlayerBase:InternalTimeAccumulator):
Localization Resource: (C:/Program Files/Epic Games/UE_4.15/Engine/Content/Localization/EditorTutorials/ko/EditorTutorials.locres) Source String Hash: (502993589) Localized String: (이 노드에서 애셋을 레퍼런싱하는 데 사용되는 누적 시간입니다.)
Localization Resource: (C:/Program Files/Epic Games/UE_4.15/Engine/Content/Localization/ToolTips/ko/ToolTips.locres) Source String Hash: (502993589) Localized String: (내부 시간 누산기 - 이 노드에서 애셋을 레퍼런싱하는 데 사용된 누적 시간입니다.)
Localization Resource: (C:/Program Files/Epic Games/UE_4.15/Engine/Content/Localization/Engine/ko/Engine.locres) Source String Hash: (502993589) Localized String: (이 노드에서 애셋을 레퍼런싱하는 데 사용된 누적 시간입니다.)
[2017.06.09-20.25.49:290][  0]LogTextLocalizationManager:Warning: Loaded localization resources contain conflicting entries for (Namespace:UObjectToolTips, Key:AnimNode_AssetPlayerBase:bIgnoreForRelevancyTest):
Localization Resource: (C:/Program Files/Epic Games/UE_4.15/Engine/Content/Localization/EditorTutorials/ko/EditorTutorials.locres) Source String Hash: (319969718) Localized String: (True 면, 스테이트에서 최고 가중치 애니메이션을 찾는 "Relevant anim" 노드는 이 노드를 무시합니다.
 )
Localization Resource: (C:/Program Files/Epic Games/UE_4.15/Engine/Content/Localization/ToolTips/ko/ToolTips.locres) Source String Hash: (319969718) Localized String: (연관성 테스트에 무시 - true 인 경우 스테이트 내 최고 웨이팅된 애니메이션을 찾는 "Relevant anim" (연관 애님) 노드가
이 노드를 무시합니다.)
Localization Resource: (C:/Program Files/Epic Games/UE_4.15/Engine/Content/Localization/Engine/ko/Engine.locres) Source String Hash: (319969718) Localized String: (True 면 스테이트 내 최고 웨이팅된 애니메이션을 찾는 "Relevant anim" 노드가 무시됩니다.
 )
[2017.06.09-20.25.49:290][  0]LogTextLocalizationManager:Warning: Loaded localization resources contain conflicting entries for (Namespace:UObjectToolTips, Key:AnimNode_AssetPlayerBase:BlendWeight):
Localization Resource: (C:/Program Files/Epic Games/UE_4.15/Engine/Content/Localization/EditorTutorials/ko/EditorTutorials.locres) Source String Hash: (-1232800293) Localized String: (이 노드에 마지막 걸린 블렌드웨이트 입니다.)
Localization Resource: (C:/Program Files/Epic Games/UE_4.15/Engine/Content/Localization/ToolTips/ko/ToolTips.locres) Source String Hash: (-1232800293) Localized String: (블렌드 웨이트 - 이 노드에 대해 마지막으로 접한 블렌드 웨이트입니다.)
Localization Resource: (C:/Program Files/Epic Games/UE_4.15/Engine/Content/Localization/Engine/ko/Engine.locres) Source String Hash: (-1232800293) Localized String: (이 노드에 대해 마지막 접한 블렌드 웨이트)
[2017.06.09-20.25.49:290][  0]LogTextLocalizationManager:Warning: Loaded localization resources contain conflicting entries for (Namespace:UObjectToolTips, Key:AnimNode_BlendSpacePlayer:bLoop):
Localization Resource: (C:/Program Files/Epic Games/UE_4.15/Engine/Content/Localization/EditorTutorials/ko/EditorTutorials.locres) Source String Hash: (2133979316) Localized String: (애니메이션이 끝까지 재생되면 반복할까요?)
Localization Resource: (C:/Program Files/Epic Games/UE_4.15/Engine/Content/Localization/ToolTips/ko/ToolTips.locres) Source String Hash: (2133979316) Localized String: (루프 - 애니메이션이 끝에 도달했을 때 계속 반복할까요?)
[2017.06.09-20.25.49:290][  0]LogTextLocalizationManager:Warning: Loaded localization resources contain conflicting entries for (Namespace:UObjectToolTips, Key:AnimNode_StateMachine:bSkipFirstUpdateTransition):
Localization Resource: (C:/Program Files/Epic Games/UE_4.15/Engine/Content/Localization/EditorTutorials/ko/EditorTutorials.locres) Source String Hash: (1865475011) Localized String: (첫 업데이트시 도입 상태에서의 트랜지션을 건너뛸까요? 
기본은 true 로, 첫 업데이트시에는 트랜지션 데이터를 버립니다.)
Localization Resource: (C:/Program Files/Epic Games/UE_4.15/Engine/Content/Localization/ToolTips/ko/ToolTips.locres) Source String Hash: (1865475011) Localized String: (첫 번째 업데이트 트랜지션 건너뛰기 - 첫 번째 업데이트에서 입력 스테이트의 트랜지션을 건너뜁니까?
디폴트는 true 고 첫 번째 업데이트의 트랜지션 데이터를 버립니다.)
[2017.06.09-20.25.49:290][  0]LogTextLocalizationManager:Warning: Loaded localization resources contain conflicting entries for (Namespace:UObjectToolTips, Key:AnimNode_BlendSpacePlayer:X):
Localization Resource: (C:/Program Files/Epic Games/UE_4.15/Engine/Content/Localization/EditorTutorials/ko/EditorTutorials.locres) Source String Hash: (2060772590) Localized String: (블렌드스페이스에서 샘플링할 X 좌표입니다.)
Localization Resource: (C:/Program Files/Epic Games/UE_4.15/Engine/Content/Localization/ToolTips/ko/ToolTips.locres) Source String Hash: (2060772590) Localized String: (X - 블렌드스페이스 샘플의 X 좌표입니다.)
[2017.06.09-20.25.49:290][  0]LogTextLocalizationManager:Warning: Loaded localization resources contain conflicting entries for (Namespace:UObjectToolTips, Key:AnimNode_BlendSpacePlayer:Y):
Localization Resource: (C:/Program Files/Epic Games/UE_4.15/Engine/Content/Localization/EditorTutorials/ko/EditorTutorials.locres) Source String Hash: (-1719607538) Localized String: (블렌드스페이스에서 샘플링할 Y 좌표입니다.)
Localization Resource: (C:/Program Files/Epic Games/UE_4.15/Engine/Content/Localization/ToolTips/ko/ToolTips.locres) Source String Hash: (-1719607538) Localized String: (Y - 블렌드스페이스 샘플의 Y 좌표입니다.)
[2017.06.09-20.25.49:290][  0]LogTextLocalizationManager:Warning: Loaded localization resources contain conflicting entries for (Namespace:UObjectToolTips, Key:AnimNode_BlendSpacePlayer:Z):
Localization Resource: (C:/Program Files/Epic Games/UE_4.15/Engine/Content/Localization/EditorTutorials/ko/EditorTutorials.locres) Source String Hash: (1728943471) Localized String: (블렌드스페이스에서 샘플링할 Z 좌표입니다.)
Localization Resource: (C:/Program Files/Epic Games/UE_4.15/Engine/Content/Localization/ToolTips/ko/ToolTips.locres) Source String Hash: (1728943471) Localized String: (Z - 블렌드스페이스 샘플의 Z 좌표입니다.)
[2017.06.09-20.25.49:290][  0]LogTextLocalizationManager:Warning: Loaded localization resources contain conflicting entries for (Namespace:UObjectToolTips, Key:AnimNode_BlendSpacePlayer:BlendSpace):
Localization Resource: (C:/Program Files/Epic Games/UE_4.15/Engine/Content/Localization/EditorTutorials/ko/EditorTutorials.locres) Source String Hash: (1599043277) Localized String: (재생할 블렌드스페이스 애셋입니다.)
Localization Resource: (C:/Program Files/Epic Games/UE_4.15/Engine/Content/Localization/ToolTips/ko/ToolTips.locres) Source String Hash: (1599043277) Localized String: (블렌드스페이스 - 재생할 블렌드스페이스 애셋입니다.)
[2017.06.09-20.25.49:290][  0]LogTextLocalizationManager:Warning: Loaded localization resources contain conflicting entries for (Namespace:UObjectToolTips, Key:AnimNode_StateMachine:MaxTransitionsPerFrame):
Localization Resource: (C:/Program Files/Epic Games/UE_4.15/Engine/Content/Localization/EditorTutorials/ko/EditorTutorials.locres) Source String Hash: (1567650430) Localized String: (이 머신에서 한 프레임 내 '동시에' 취할 수 있는 트랜지션 최대 수입니다.)
Localization Resource: (C:/Program Files/Epic Games/UE_4.15/Engine/Content/Localization/ToolTips/ko/ToolTips.locres) Source String Hash: (1567650430) Localized String: (프레임 당 최대 트랜지션 - 한 프레임에서 이 머신이 동시에 취할 수 있는 트랜지션 최대 수입니다.)
[2017.06.09-20.25.49:290][  0]LogTextLocalizationManager:Warning: Loaded localization resources contain conflicting entries for (Namespace:UObjectToolTips, Key:AnimNode_BlendSpacePlayer:PlayRate):
Localization Resource: (C:/Program Files/Epic Games/UE_4.15/Engine/Content/Localization/EditorTutorials/ko/EditorTutorials.locres) Source String Hash: (-1274923958) Localized String: (재생 속도 배수입니다. 음수가 되면 애니메이션을 역순으로 재생하게 됩니다.)
Localization Resource: (C:/Program Files/Epic Games/UE_4.15/Engine/Content/Localization/ToolTips/ko/ToolTips.locres) Source String Hash: (-1274923958) Localized String: (재생 속도 - 재생 속도 배수입니다. 음수가 되면 애니메이션을 거꾸로 재생합니다.)
[2017.06.09-20.25.49:290][  0]LogTextLocalizationManager:Warning: Loaded localization resources contain conflicting entries for (Namespace:UObjectToolTips, Key:AnimNode_BlendSpacePlayer:StartPosition):
Localization Resource: (C:/Program Files/Epic Games/UE_4.15/Engine/Content/Localization/EditorTutorials/ko/EditorTutorials.locres) Source String Hash: (-207153555) Localized String: (시작 위치 범위는 [0,1] 이며, 재초기화시에만 적용됩니다.
루핑을 하면, 1 회전 후 0.f 부터 시작할 것입니다.)
Localization Resource: (C:/Program Files/Epic Games/UE_4.15/Engine/Content/Localization/ToolTips/ko/ToolTips.locres) Source String Hash: (-207153555) Localized String: (시작 위치 - [0, 1] 범위의 시작 위치로, 재초기화할 때만 적용됩니다.
반복하면 1회전 후 0.f 부터 시작됩니다.)
[2017.06.09-20.25.49:290][  0]LogTextLocalizationManager:Warning: Loaded localization resources contain conflicting entries for (Namespace:UObjectToolTips, Key:CameraFilmbackSettings:SensorWidth):
Localization Resource: (C:/Program Files/Epic Games/UE_4.15/Engine/Content/Localization/ToolTips/ko/ToolTips.locres) Source String Hash: (-1448580153) Localized String: (센서 폭 - 필름백 또는 디지털 센서의 가로 크기로, mm 단위입니다.)
Localization Resource: (C:/Program Files/Epic Games/UE_4.15/Engine/Content/Localization/Engine/ko/Engine.locres) Source String Hash: (-1448580153) Localized String: (필름백 또는 디지털 센서의 가로 크기로, mm 단위입니다.)
[2017.06.09-20.25.49:290][  0]LogTextLocalizationManager:Warning: Loaded localization resources contain conflicting entries for (Namespace:UObjectToolTips, Key:CameraFilmbackSettings:SensorAspectRatio):
Localization Resource: (C:/Program Files/Epic Games/UE_4.15/Engine/Content/Localization/ToolTips/ko/ToolTips.locres) Source String Hash: (-194807515) Localized String: (센서 종횡비 - 읽기 전용입니다. 센서 치수에서 계산했습니다.)
Localization Resource: (C:/Program Files/Epic Games/UE_4.15/Engine/Content/Localization/Engine/ko/Engine.locres) Source String Hash: (-194807515) Localized String: (읽기 전용입니다. 센서 크기에서 계산했습니다.)
[2017.06.09-20.25.49:290][  0]LogTextLocalizationManager:Warning: Loaded localization resources contain conflicting entries for (Namespace:UObjectToolTips, Key:AnimNode_SequencePlayer:bLoopAnimation):
Localization Resource: (C:/Program Files/Epic Games/UE_4.15/Engine/Content/Localization/ToolTips/ko/ToolTips.locres) Source String Hash: (2133979316) Localized String: (루프 - 애니메이션이 끝에 도달했을 때 계속 반복시켜야 할까요?)
Localization Resource: (C:/Program Files/Epic Games/UE_4.15/Engine/Content/Localization/Engine/ko/Engine.locres) Source String Hash: (2133979316) Localized String: (애니메이션이 끝에 도달하면 계속해서 루핑시킬것인지 입니다.)
[2017.06.09-20.25.49:290][  0]LogTextLocalizationManager:Warning: Loaded localization resources contain conflicting entries for (Namespace:UObjectToolTips, Key:AnimNode_SequencePlayer:Sequence):
Localization Resource: (C:/Program Files/Epic Games/UE_4.15/Engine/Content/Localization/ToolTips/ko/ToolTips.locres) Source String Hash: (421436424) Localized String: (시퀀스 - 재생할 애니메이션 시퀀스 애셋입니다.)
Localization Resource: (C:/Program Files/Epic Games/UE_4.15/Engine/Content/Localization/Engine/ko/Engine.locres) Source String Hash: (421436424) Localized String: (재생할 애니메이션 시퀀스 애셋입니다.)
[2017.06.09-20.25.49:290][  0]LogTextLocalizationManager:Warning: Loaded localization resources contain conflicting entries for (Namespace:UObjectToolTips, Key:AnimNode_SequencePlayer:PlayRate):
Localization Resource: (C:/Program Files/Epic Games/UE_4.15/Engine/Content/Localization/ToolTips/ko/ToolTips.locres) Source String Hash: (-1274923958) Localized String: (재생 속도 - 재생 속도 배수입니다. 음수가 될 수 있으며, 그러면 애니메이션이 거꾸로 재생됩니다.)
Localization Resource: (C:/Program Files/Epic Games/UE_4.15/Engine/Content/Localization/Engine/ko/Engine.locres) Source String Hash: (-1274923958) Localized String: (플레이 속도 배수입니다. 음수가 되면 애니메이션이 역방향으로 재생됩니다.)
[2017.06.09-20.25.49:290][  0]LogTextLocalizationManager:Warning: Loaded localization resources contain conflicting entries for (Namespace:UObjectToolTips, Key:AnimNode_SequencePlayer:StartPosition):
Localization Resource: (C:/Program Files/Epic Games/UE_4.15/Engine/Content/Localization/ToolTips/ko/ToolTips.locres) Source String Hash: (771611000) Localized String: (시작 위치 - 시작 위치로 재초기화할 때만 적용됩니다.
반복하면, 1회전 후 0.f 부터 시작됩니다.)
Localization Resource: (C:/Program Files/Epic Games/UE_4.15/Engine/Content/Localization/Engine/ko/Engine.locres) Source String Hash: (771611000) Localized String: (시작 위치로, 재초기화시에만 적용됩니다.
루핑을 하면, 1회전 후 0.f 부터 시작할 것입니다.)
[2017.06.09-20.25.49:290][  0]LogTextLocalizationManager:Warning: Loaded localization resources contain conflicting entries for (Namespace:UObjectToolTips, Key:CameraFilmbackSettings:SensorHeight):
Localization Resource: (C:/Program Files/Epic Games/UE_4.15/Engine/Content/Localization/ToolTips/ko/ToolTips.locres) Source String Hash: (-1311569777) Localized String: (센서 높이 - 필름백 또는 디지털 센서의 세로 크기로, mm 단위입니다.)
Localization Resource: (C:/Program Files/Epic Games/UE_4.15/Engine/Content/Localization/Engine/ko/Engine.locres) Source String Hash: (-1311569777) Localized String: (필름백 또는 디지털 센서의 세로 크기로, mm 단위입니다.)
[2017.06.09-20.25.49:876][  0]LogD3D11RHI: D3D11 adapters:
[2017.06.09-20.25.50:679][  0]LogD3D11RHI:    0. 'NVIDIA GeForce GTX 960M' (Feature Level 11_0)
[2017.06.09-20.25.50:679][  0]LogD3D11RHI:       2019/0/6104 MB DedicatedVideo/DedicatedSystem/SharedSystem, Outputs:2, VendorId:0x10de
[2017.06.09-20.25.50:706][  0]LogD3D11RHI:    1. 'Intel(R) HD Graphics 4600' (Feature Level 11_0)
[2017.06.09-20.25.50:706][  0]LogD3D11RHI:       112/0/2048 MB DedicatedVideo/DedicatedSystem/SharedSystem, Outputs:0, VendorId:0x8086
[2017.06.09-20.25.50:721][  0]LogD3D11RHI:    2. 'Microsoft Basic Render Driver' (Feature Level 11_0)
[2017.06.09-20.25.50:721][  0]LogD3D11RHI:       0/0/6104 MB DedicatedVideo/DedicatedSystem/SharedSystem, Outputs:0, VendorId:0x1414
[2017.06.09-20.25.50:721][  0]LogD3D11RHI: Chosen D3D11 Adapter: 0
[2017.06.09-20.25.50:736][  0]LogD3D11RHI: Creating new Direct3DDevice
[2017.06.09-20.25.50:737][  0]LogD3D11RHI:     GPU DeviceId: 0x139b (for the marketing name, search the web for "GPU Device Id")
[2017.06.09-20.25.50:737][  0]LogWindows: EnumDisplayDevices:
[2017.06.09-20.25.50:737][  0]LogWindows:    0. 'Intel(R) HD Graphics 4600' (P:0 D:1)
[2017.06.09-20.25.50:738][  0]LogWindows:    1. 'Intel(R) HD Graphics 4600' (P:1 D:1)
[2017.06.09-20.25.50:739][  0]LogWindows:    2. 'Intel(R) HD Graphics 4600' (P:0 D:0)
[2017.06.09-20.25.50:740][  0]LogWindows: DebugString: PrimaryIsNotTheChoosenAdapter PrimaryIsNotTheChoosenAdapter PrimaryIsNotTheChoosenAdapter FoundDriverCount:0 
[2017.06.09-20.25.50:740][  0]LogD3D11RHI:     Adapter Name: NVIDIA GeForce GTX 960M
[2017.06.09-20.25.50:740][  0]LogD3D11RHI:   Driver Version: Unknown (internal:Unknown, unified:Unknown)
[2017.06.09-20.25.50:740][  0]LogD3D11RHI:      Driver Date: Unknown
[2017.06.09-20.25.50:740][  0]LogRHI: Texture pool is 1361 MB (70% of 1945 MB)
[2017.06.09-20.25.51:326][  0]LogD3D11RHI: Async texture creation enabled
[2017.06.09-20.25.51:908][  0]LogD3D11RHI: GPU Timing Frequency: 1000.000000 (Debug: 2 1)
[2017.06.09-20.25.52:007][  0]LogShaderCompilers: Guid format shader working directory is -17 characters bigger than the processId version (../../../../../../Users/jcy/Documents/GitHub/UNNAMED/UNNAMED/Intermediate/Shaders/WorkingDirectory/16512/).
[2017.06.09-20.25.52:007][  0]LogShaderCompilers: Cleaned the shader compiler working directory 'C:/Users/jcy/AppData/Local/Temp/UnrealShaderWorkingDir/3AC5335949F4D3A0A67A2C867CA231CE/'.
[2017.06.09-20.25.52:007][  0]LogShaderCompilers:Display: Using Local Shader Compiler.
[2017.06.09-20.25.56:216][  0]LogTemp:Display: Loaded TP WindowsClientTargetPlatform
[2017.06.09-20.25.56:288][  0]LogTemp:Display: Loaded TP WindowsNoEditorTargetPlatform
[2017.06.09-20.25.56:359][  0]LogTemp:Display: Loaded TP WindowsServerTargetPlatform
[2017.06.09-20.25.56:437][  0]LogTemp:Display: Loaded TP WindowsTargetPlatform
[2017.06.09-20.25.56:437][  0]LogTargetPlatformManager:Display: Building Assets For Windows
[2017.06.09-20.25.57:598][  0]LogDerivedDataCache:Display: Max Cache Size: 512 MB
[2017.06.09-20.25.58:082][  0]LogDerivedDataCache: Loaded boot cache 0.46s 50MB C:/Users/jcy/AppData/Local/UnrealEngine/4.15/DerivedDataCache/Boot.ddc.
[2017.06.09-20.25.58:082][  0]LogDerivedDataCache:Display: Loaded Boot cache: C:/Users/jcy/AppData/Local/UnrealEngine/4.15/DerivedDataCache/Boot.ddc
[2017.06.09-20.25.58:082][  0]LogDerivedDataCache: FDerivedDataBackendGraph:  Pak pak cache file ../../../../../../Users/jcy/Documents/GitHub/UNNAMED/UNNAMED/DerivedDataCache/DDC.ddp not found, will not use a pak cache.
[2017.06.09-20.25.58:082][  0]LogDerivedDataCache: Unable to find inner node Pak for hierarchical cache Hierarchy.
[2017.06.09-20.25.58:082][  0]LogDerivedDataCache: FDerivedDataBackendGraph:  CompressedPak pak cache file ../../../../../../Users/jcy/Documents/GitHub/UNNAMED/UNNAMED/DerivedDataCache/Compressed.ddp not found, will not use a pak cache.
[2017.06.09-20.25.58:082][  0]LogDerivedDataCache: Unable to find inner node CompressedPak for hierarchical cache Hierarchy.
[2017.06.09-20.25.58:129][  0]LogDerivedDataCache:Display: Pak cache opened for reading ../../../Engine/DerivedDataCache/Compressed.ddp.
[2017.06.09-20.25.58:157][  0]LogDerivedDataCache: Using Local data cache path C:/Users/jcy/AppData/Local/UnrealEngine/Common/DerivedDataCache: Writable
[2017.06.09-20.25.58:434][  0]LogSlate: Using Freetype 2.6.0
[2017.06.09-20.25.58:735][  0]LogSlate: SlateFontCache - WITH_FREETYPE: 1, WITH_HARFBUZZ: 1
[2017.06.09-20.25.58:735][  0]LogSlate: SlateFontCache - WITH_FREETYPE: 1, WITH_HARFBUZZ: 1
[2017.06.09-20.26.06:101][  0]LogAssetRegistry: FAssetRegistry took 0.0027 seconds to start up
[2017.06.09-20.26.06:193][  0]LogPackageLocalizationCache: Processed 3 localized package path(s) for 2 prioritized culture(s) in 0.090731 seconds
[2017.06.09-20.26.06:729][  0]LogInit: Selected Device Profile: [Windows]
[2017.06.09-20.26.06:797][  0]LogContentStreaming: Texture pool size is 1000.00 MB
[2017.06.09-20.26.07:952][  0]LogMeshUtilities: Using QuadricMeshReduction for automatic static mesh reduction
[2017.06.09-20.26.08:039][  0]LogSimplygon: Simplygon DLL not present - disabling.
[2017.06.09-20.26.08:139][  0]LogMeshUtilities: Using SimplygonSwarm for distributed automatic mesh merging
[2017.06.09-20.26.08:139][  0]LogMeshUtilities: No automatic skeletal mesh reduction module available
[2017.06.09-20.26.08:139][  0]LogMeshUtilities: No automatic mesh merging module available
[2017.06.09-20.26.13:512][  0]LogNetVersion: GetLocalNetworkVersion: CL: 3299760, ProjectName: unnamed, ProjectVersion: , EngineNetworkVersion: 2, GameNetworkVersion: 0, NetworkChecksum: 1184173371
[2017.06.09-20.26.15:696][  0]LogMoviePlayer: Initializing movie player
[2017.06.09-20.26.15:888][  0]LogWindowsTextInputMethodSystem:Display: IME system now activated using TSF (Microsoft 입력기).
[2017.06.09-20.26.17:306][  0]SourceControl: 정보 소스 콘트롤이 꺼졌습니다.
[2017.06.09-20.26.17:306][  0]SourceControl: 정보 소스 콘트롤이 꺼졌습니다.
[2017.06.09-20.26.17:415][  0]SourceControl: 정보 소스 콘트롤이 꺼졌습니다.
[2017.06.09-20.26.18:581][  0]LogUObjectArray: 34416 objects as part of root set at end of initial load.
[2017.06.09-20.26.18:581][  0]LogUObjectAllocator: 7853408 out of 0 bytes used by permanent object pool.
[2017.06.09-20.26.18:581][  0]LogUObjectArray: CloseDisregardForGC: 0/0 objects in disregard for GC pool
[2017.06.09-20.26.19:426][  0]LogEngine: Initializing Engine...
[2017.06.09-20.26.19:449][  0]LogHMD: Failed to initialize OpenVR with code 110
[2017.06.09-20.26.20:278][  0]LogInit: XAudio2 using '스피커(Realtek High Definition Audio)' : 2 channels at 48 kHz using 32 bits per sample (channel mask 0x3)
[2017.06.09-20.26.20:457][  0]LogInit: FAudioDevice initialized.
[2017.06.09-20.26.20:495][  0]LogDerivedDataCache: Saved boot cache 0.03s 50MB C:/Users/jcy/AppData/Local/UnrealEngine/4.15/DerivedDataCache/Boot.ddc.
[2017.06.09-20.26.20:502][  0]LogInit: Texture streaming: Enabled
[2017.06.09-20.26.20:756][  0]LogMaterial: Uniform references updated for custom material expression Custom.
[2017.06.09-20.26.23:151][  0]LogBlueprint:Warning: [W_mainMenu] '방만들기' variable not found. Base class was probably changed.
[2017.06.09-20.26.23:151][  0]LogBlueprint:Warning: [W_mainMenu] '방만들기' variable not found. Base class was probably changed.
[2017.06.09-20.26.23:151][  0]LogBlueprint:Warning: [W_mainMenu] '방만들기' variable not found. Base class was probably changed.
[2017.06.09-20.26.23:226][  0]LogClass:Warning: Enum '/Game/BP/E_GameState.E_GameState' was upgraded to use FText to store its display name data. Please re-save this asset to avoid issues with localization and determinstic cooking.
[2017.06.09-20.26.23:888][  0]LogInit:Display: Game Engine Initialized.
[2017.06.09-20.26.24:402][  0]LogInit:Display: Starting Game.
[2017.06.09-20.26.24:423][  0]LogNet: Browse: /Game/Map/Main?Name=Player
[2017.06.09-20.26.24:423][  0]LogLoad: LoadMap: /Game/Map/Main?Name=Player
[2017.06.09-20.26.24:763][  0]LogMemory: Platform Memory Stats for Windows
[2017.06.09-20.26.24:763][  0]LogMemory: Process Physical Memory: 715.44 MB used, 727.81 MB peak
[2017.06.09-20.26.24:763][  0]LogMemory: Process Virtual Memory: 764.77 MB used, 764.78 MB peak
[2017.06.09-20.26.24:763][  0]LogMemory: Physical Memory: 4148.03 MB used,  8061.83 MB free, 12209.86 MB total
[2017.06.09-20.26.24:763][  0]LogMemory: Virtual Memory: 1426.75 MB used,  8061.83 MB free, 134217728.00 MB total
[2017.06.09-20.26.24:763][  0]LogMemory: 
[2017.06.09-20.26.24:763][  0]Allocator Stats for TBB: (not implemented)
[2017.06.09-20.26.38:031][  0]LogAIModule: Creating AISystem for world Main
[2017.06.09-20.26.38:031][  0]LogLoad: Game class is 'pregame_C'
[2017.06.09-20.26.38:167][  0]LogWorld: Bringing World /Game/Map/Main.Main up for play (max tick rate 0) at 2017.06.10-05.26.38
[2017.06.09-20.26.38:192][  0]LogWorld: Bringing up level for play took: 0.153767
[2017.06.09-20.26.38:291][  0]LogSpawn:Warning: SpawnActor failed because no class was specified
[2017.06.09-20.26.38:302][  0]LogGameMode:Display: Match State Changed from EnteringMap to WaitingToStart
[2017.06.09-20.26.38:310][  0]LogGameState: Match State Changed from EnteringMap to WaitingToStart
[2017.06.09-20.26.38:310][  0]LogGameMode:Display: Match State Changed from WaitingToStart to InProgress
[2017.06.09-20.26.38:417][  0]LogBlueprintUserMessages: [Main_C_0] 1.0
[2017.06.09-20.26.38:426][  0]LogBlueprintUserMessages: [MyGameinstance_C_0] 스타트업
[2017.06.09-20.26.38:562][  0]LogGameState: Match State Changed from WaitingToStart to InProgress
[2017.06.09-20.26.38:572][  0]LogLoad: Took 14.149472 seconds to LoadMap(/Game/Map/Main)
[2017.06.09-20.26.38:652][  0]LogSlate: Took 0.053140 seconds to synchronously load lazily loaded font '../../../Engine/Content/Slate/Fonts/NanumGothic.ttf' (4243K)
[2017.06.09-20.26.39:178][  0]LogRenderer: Reallocating scene render targets to support 1400x876 NumSamples 1 (Frame:2).
[2017.06.09-20.26.39:178][  0]LogLoad: (Engine Initialization) Total time: 56.97 seconds
[2017.06.09-20.26.39:178][  0]LogLoad: (Engine Initialization) Total Blueprint compile time: 1.88 seconds
[2017.06.09-20.26.39:178][  0]LogExternalProfiler: Found external profiler: VSPerf
[2017.06.09-20.26.39:178][  0]LogExternalProfiler: Using external profiler: VSPerf
[2017.06.09-20.26.39:229][  0]LogOcInput: OculusInput pre-init called
[2017.06.09-20.26.39:689][ 24]LogAudio:Warning: Detected orphaned looping sound '메인화면'.
[2017.06.09-20.26.50:383][683]r.SetRes = "1920x1080"
[2017.06.09-20.26.50:414][683]LogRenderer: Reallocating scene render targets to support 1920x1080 NumSamples 1 (Frame:686).
[2017.06.09-20.26.52:215][792]r.SetRes = "1600x900"
[2017.06.09-20.26.52:244][792]LogRenderer: Reallocating scene render targets to support 1600x900 NumSamples 1 (Frame:796).
[2017.06.09-20.26.55:268][976]LogBlueprintUserMessages: [Setting_114] lsk
[2017.06.09-20.26.57:710][127]LogBlueprintUserMessages: [MyGameinstance_C_0] 메인메뉴
[2017.06.09-20.26.57:745][127]LogNetVersion: GetLocalNetworkVersion: CL: 3299760, ProjectName: unnamed, ProjectVersion: 1.0.0.0, EngineNetworkVersion: 2, GameNetworkVersion: 0, NetworkChecksum: 2893060150
[2017.06.09-20.27.00:875][144]LogPackageName: SearchForPackageOnDisk took   2.074s to resolve stage.umap.
[2017.06.09-20.27.00:885][144]LogGameMode:Display: Match State Changed from InProgress to LeavingMap
[2017.06.09-20.27.00:885][144]LogGameState: Match State Changed from InProgress to LeavingMap
[2017.06.09-20.27.01:082][144]LogPackageName: SearchForPackageOnDisk took   0.197s to resolve stage.umap.
[2017.06.09-20.27.01:082][144]LogNet: Browse: /Game/Map/stage?listen
[2017.06.09-20.27.01:082][144]LogLoad: LoadMap: /Game/Map/stage?listen
[2017.06.09-20.27.01:198][144]LogMemory: Platform Memory Stats for Windows
[2017.06.09-20.27.01:198][144]LogMemory: Process Physical Memory: 984.39 MB used, 994.81 MB peak
[2017.06.09-20.27.01:198][144]LogMemory: Process Virtual Memory: 1154.94 MB used, 1421.22 MB peak
[2017.06.09-20.27.01:198][144]LogMemory: Physical Memory: 4418.95 MB used,  7790.91 MB free, 12209.86 MB total
[2017.06.09-20.27.01:198][144]LogMemory: Virtual Memory: 1910.92 MB used,  7790.91 MB free, 134217728.00 MB total
[2017.06.09-20.27.01:198][144]LogMemory: 
[2017.06.09-20.27.01:198][144]Allocator Stats for TBB: (not implemented)
[2017.06.09-20.27.25:050][144]LogPackageName:Warning: String asset reference "FX_Meshes.UI.SM_SelectionMesh_01" is in short form, which is unsupported and -- even if valid -- resolving it will be really slow.
[2017.06.09-20.27.25:050][144]LogPackageName:Warning: Please consider resaving package in order to speed-up loading.
[2017.06.09-20.27.25:496][144]LogPackageName: SearchForPackageOnDisk took   0.446s, but failed to resolve FX_Meshes.
[2017.06.09-20.27.25:496][144]LogPackageName:Warning: String asset reference "FX_Meshes.UI.SM_SelectionMesh_01" could not be resolved.
[2017.06.09-20.27.41:327][144]LogAIModule: Creating AISystem for world stage
[2017.06.09-20.27.41:328][144]LogLoad: Game class is 'MyGameMode_C'
[2017.06.09-20.27.41:343][144]LogNet:Display: SteamNetDriver_0 bound to port 7777
[2017.06.09-20.27.41:358][144]PacketHandlerLog: Loaded PacketHandler component: Engine.EngineHandlerComponentFactory (StatelessConnectHandlerComponent)
[2017.06.09-20.27.41:359][144]LogNet: GameNetDriver SteamNetDriver_0 IpNetDriver listening on port 7777
[2017.06.09-20.27.41:409][144]LogWorld: Bringing World /Game/Map/stage.stage up for play (max tick rate 0) at 2017.06.10-05.27.41
[2017.06.09-20.27.41:433][144]LogWorld: Bringing up level for play took: 0.073085
[2017.06.09-20.27.41:455][144]LogGameMode:Display: Match State Changed from EnteringMap to WaitingToStart
[2017.06.09-20.27.41:455][144]LogGameState: Match State Changed from EnteringMap to WaitingToStart
[2017.06.09-20.27.41:455][144]LogGameMode:Display: Match State Changed from WaitingToStart to InProgress
[2017.06.09-20.27.41:472][144]LogBlueprintUserMessages: [messageScroll_116] darkjcy
[2017.06.09-20.27.41:476][144]LogBlueprintUserMessages: [playercon_C_0] 1
[2017.06.09-20.27.41:476][144]LogBlueprintUserMessages: [MyGameinstance_C_0] 로딩스크린
[2017.06.09-20.27.41:477][144]LogGameState: Match State Changed from WaitingToStart to InProgress
[2017.06.09-20.27.41:489][144]LogLoad: Took 40.407192 seconds to LoadMap(/Game/Map/stage)
[2017.06.09-20.27.41:536][144]PIE:Warning: 경고 위젯이 포커스를 지원하지 않습니다. UserWidget 인 경우, bIsFocusable 을 true 로 설정해야 합니다.
[2017.06.09-20.27.41:606][144]LogSlate: Took 0.011863 seconds to synchronously load lazily loaded font '../../../Engine/Content/Slate/Fonts/Roboto-Regular.ttf' (155K)
[2017.06.09-20.27.41:632][145]LogNet: UNetDriver::TickDispatch: Very long time between ticks. DeltaTime: 40.75, Realtime: 0.12. SteamNetDriver_0
[2017.06.09-20.27.46:874][454]LogScriptCore:Warning: Script Msg: Divide by zero
Script call stack:
	Function /Game/Widget/PHUD.PHUD_C:RMouseSkillCoolTimeBar

[2017.06.09-20.27.46:874][454]LogScriptCore:Warning: Script Msg: Divide by zero
Script call stack:
	Function /Game/Widget/PHUD.PHUD_C:ShiftSkillCoolTimeBar

[2017.06.09-20.28.54:689][635]LogBlueprintUserMessages: [Wolf_C_8] 200
[2017.06.09-20.28.54:721][637]LogBlueprintUserMessages: [Wolf_C_5] 200
[2017.06.09-20.28.54:753][639]LogBlueprintUserMessages: [Wolf_C_9] 200
[2017.06.09-20.28.54:753][639]LogBlueprintUserMessages: [Wolf_C_6] 200
[2017.06.09-20.28.57:823][829]LogBlueprintUserMessages: [Wolf_C_8] 200
[2017.06.09-20.28.57:823][829]LogBlueprintUserMessages: [Wolf_C_5] 200
[2017.06.09-20.28.57:823][829]LogBlueprintUserMessages: [Wolf_C_6] 200
[2017.06.09-20.28.57:824][829]LogBlueprintUserMessages: [Wolf_C_9] 200
[2017.06.09-20.28.57:824][829]LogBlueprintUserMessages: [Wolf_C_7] 200
[2017.06.09-20.28.58:081][845]LogBlueprintUserMessages: [Wolf_C_8] 200
[2017.06.09-20.28.58:081][845]LogBlueprintUserMessages: [Wolf_C_5] 200
[2017.06.09-20.28.58:082][845]LogBlueprintUserMessages: [Wolf_C_6] 200
[2017.06.09-20.28.58:082][845]LogBlueprintUserMessages: [Wolf_C_9] 200
[2017.06.09-20.28.58:082][845]LogBlueprintUserMessages: [Wolf_C_7] 200
[2017.06.09-20.28.58:746][886]LogBlueprintUserMessages: [Wolf_C_8] 200
[2017.06.09-20.28.58:747][886]LogBlueprintUserMessages: [Wolf_C_5] 200
[2017.06.09-20.28.58:747][886]LogBlueprintUserMessages: [Wolf_C_6] 200
[2017.06.09-20.28.58:747][886]LogBlueprintUserMessages: [Wolf_C_9] 200
[2017.06.09-20.28.58:747][886]LogBlueprintUserMessages: [Wolf_C_7] 200
[2017.06.09-20.28.59:639][941]LogBlueprintUserMessages: [Wolf_C_5] 200
[2017.06.09-20.28.59:639][941]LogBlueprintUserMessages: [Wolf_C_8] 200
[2017.06.09-20.28.59:640][941]LogBlueprintUserMessages: [Wolf_C_6] 200
[2017.06.09-20.28.59:640][941]LogBlueprintUserMessages: [Wolf_C_9] 200
[2017.06.09-20.28.59:640][941]LogBlueprintUserMessages: [Wolf_C_7] 200
[2017.06.09-20.29.19:510][171]LogBlueprintUserMessages: [Wolf_C_24] 200
[2017.06.09-20.29.19:543][173]LogBlueprintUserMessages: [Wolf_C_20] 200
[2017.06.09-20.29.19:558][174]LogBlueprintUserMessages: [Wolf_C_21] 200
[2017.06.09-20.29.19:591][176]LogBlueprintUserMessages: [Wolf_C_23] 200
[2017.06.09-20.29.23:243][402]LogBlueprintUserMessages: [Wolf_C_22] 200
[2017.06.09-20.29.23:243][402]LogBlueprintUserMessages: [Wolf_C_24] 200
[2017.06.09-20.29.23:244][402]LogBlueprintUserMessages: [Wolf_C_20] 200
[2017.06.09-20.29.23:244][402]LogBlueprintUserMessages: [Wolf_C_21] 200
[2017.06.09-20.29.23:501][418]LogBlueprintUserMessages: [Wolf_C_22] 200
[2017.06.09-20.29.23:501][418]LogBlueprintUserMessages: [Wolf_C_24] 200
[2017.06.09-20.29.23:501][418]LogBlueprintUserMessages: [Wolf_C_20] 200
[2017.06.09-20.29.23:501][418]LogBlueprintUserMessages: [Wolf_C_21] 200
[2017.06.09-20.29.24:162][459]LogBlueprintUserMessages: [Wolf_C_22] 200
[2017.06.09-20.29.24:162][459]LogBlueprintUserMessages: [Wolf_C_24] 200
[2017.06.09-20.29.24:162][459]LogBlueprintUserMessages: [Wolf_C_20] 200
[2017.06.09-20.29.24:163][459]LogBlueprintUserMessages: [Wolf_C_21] 200
[2017.06.09-20.29.25:049][514]LogBlueprintUserMessages: [Wolf_C_22] 200
[2017.06.09-20.29.25:050][514]LogBlueprintUserMessages: [Wolf_C_24] 200
[2017.06.09-20.29.25:050][514]LogBlueprintUserMessages: [Wolf_C_20] 200
[2017.06.09-20.29.25:050][514]LogBlueprintUserMessages: [Wolf_C_21] 200
[2017.06.09-20.29.25:392][535]LogBlueprintUserMessages: [Wolf_C_20] 200
[2017.06.09-20.29.25:393][535]LogBlueprintUserMessages: [Wolf_C_22] 200
[2017.06.09-20.29.25:393][535]LogBlueprintUserMessages: [Wolf_C_24] 200
[2017.06.09-20.29.25:393][535]LogBlueprintUserMessages: [Wolf_C_21] 200
[2017.06.09-20.29.26:053][576]LogBlueprintUserMessages: [Wolf_C_20] 200
[2017.06.09-20.29.26:054][576]LogBlueprintUserMessages: [Wolf_C_22] 200
[2017.06.09-20.29.26:054][576]LogBlueprintUserMessages: [Wolf_C_24] 200
[2017.06.09-20.29.26:054][576]LogBlueprintUserMessages: [Wolf_C_21] 200
[2017.06.09-20.29.26:844][625]LogBlueprintUserMessages: [Wolf_C_24] 200
[2017.06.09-20.29.26:845][625]LogBlueprintUserMessages: [Wolf_C_21] 200
[2017.06.09-20.29.26:845][625]LogBlueprintUserMessages: [Wolf_C_20] 200
[2017.06.09-20.29.26:845][625]LogBlueprintUserMessages: [Wolf_C_22] 200
[2017.06.09-20.29.26:859][626]LogBlueprintUserMessages: [Wolf_C_23] 200
[2017.06.09-20.29.27:199][647]LogBlueprintUserMessages: [Wolf_C_20] 200
[2017.06.09-20.29.27:199][647]LogBlueprintUserMessages: [Wolf_C_22] 200
[2017.06.09-20.29.27:199][647]LogBlueprintUserMessages: [Wolf_C_24] 200
[2017.06.09-20.29.27:200][647]LogBlueprintUserMessages: [Wolf_C_21] 200
[2017.06.09-20.29.27:880][689]LogBlueprintUserMessages: [Wolf_C_22] 200
[2017.06.09-20.29.27:880][689]LogBlueprintUserMessages: [Wolf_C_20] 200
[2017.06.09-20.29.27:880][689]LogBlueprintUserMessages: [Wolf_C_24] 200
[2017.06.09-20.29.27:881][689]LogBlueprintUserMessages: [Wolf_C_21] 200
[2017.06.09-20.29.28:654][737]LogBlueprintUserMessages: [Wolf_C_21] 200
[2017.06.09-20.29.28:654][737]LogBlueprintUserMessages: [Wolf_C_20] 200
[2017.06.09-20.29.29:315][778]LogBlueprintUserMessages: [Wolf_C_21] 200
[2017.06.09-20.29.29:315][778]LogBlueprintUserMessages: [Wolf_C_20] 200
[2017.06.09-20.29.29:999][820]LogBlueprintUserMessages: [Wolf_C_23] 200
[2017.06.09-20.29.29:999][820]LogBlueprintUserMessages: [Wolf_C_20] 200
[2017.06.09-20.29.30:000][820]LogBlueprintUserMessages: [Wolf_C_21] 200
[2017.06.09-20.29.30:661][861]LogBlueprintUserMessages: [Wolf_C_23] 200
[2017.06.09-20.29.30:661][861]LogBlueprintUserMessages: [Wolf_C_20] 200
[2017.06.09-20.29.30:662][861]LogBlueprintUserMessages: [Wolf_C_21] 200
[2017.06.09-20.29.39:395][401]LogBlueprintUserMessages: [Wolf_C_23] 200
[2017.06.09-20.29.39:411][402]LogBlueprintUserMessages: [Wolf_C_21] 200
[2017.06.09-20.29.39:427][403]LogBlueprintUserMessages: [Wolf_C_20] 200
[2017.06.09-20.29.39:460][405]LogBlueprintUserMessages: [Wolf_C_24] 200
[2017.06.09-20.29.42:548][596]LogBlueprintUserMessages: [Wolf_C_21] 500
[2017.06.09-20.29.42:548][596]LogBlueprintUserMessages: [Wolf_C_24] 500
[2017.06.09-20.29.42:549][596]LogBlueprintUserMessages: [Wolf_C_23] 500
[2017.06.09-20.29.42:549][596]LogBlueprintUserMessages: [Wolf_C_20] 500
[2017.06.09-20.29.42:580][598]LogBlueprintUserMessages: [Wolf_C_21] 200
[2017.06.09-20.29.42:581][598]LogBlueprintUserMessages: [Wolf_C_24] 200
[2017.06.09-20.29.42:581][598]LogBlueprintUserMessages: [Wolf_C_23] 200
[2017.06.09-20.29.42:581][598]LogBlueprintUserMessages: [Wolf_C_20] 200
[2017.06.09-20.29.43:439][651]LogBlueprintUserMessages: [Wolf_C_21] 200
[2017.06.09-20.29.43:439][651]LogBlueprintUserMessages: [Wolf_C_20] 200
[2017.06.09-20.30.07:484][138]LogWindowsTextInputMethodSystem:Display: IME system now activated using TSF (Microsoft 입력기).
[2017.06.09-20.30.07:491][138]LogWindowsTextInputMethodSystem:Display: IME system now activated using TSF (Microsoft 입력기).
[2017.06.09-20.30.07:501][138]LogEngine: All Windows Closed
[2017.06.09-20.30.07:501][138]LogWindows: FPlatformMisc::RequestExit(0)
[2017.06.09-20.30.07:501][139]LogMoviePlayer: Shutting down movie player
[2017.06.09-20.30.07:531][139]LogNet: World NetDriver shutdown SteamNetDriver_0 [GameNetDriver]
[2017.06.09-20.30.07:571][139]LogNet: DestroyNamedNetDriver SteamNetDriver_0 [GameNetDriver]
[2017.06.09-20.30.07:581][139]LogExit: GameNetDriver SteamNetDriver_0 shut down
[2017.06.09-20.30.07:621][139]LogExit: Preparing to exit.
[2017.06.09-20.30.07:814][139]LogExit: Game engine shut down
[2017.06.09-20.30.08:181][139]LogObj: Freed 0b from 0 cluster array pools.
[2017.06.09-20.30.08:181][139]LogExit: Object subsystem successfully closed.
[2017.06.09-20.30.08:237][139]LogD3D11RHI: Shutdown
[2017.06.09-20.30.08:237][139]LogD3D11RHI: CleanupD3DDevice
[2017.06.09-20.30.08:447][139]LogD3D11RHI: ~FD3D11DynamicRHI
[2017.06.09-20.30.08:715][139]LogModuleManager: Shutting down and abandoning module SequenceRecorderSections (266)
[2017.06.09-20.30.08:715][139]LogModuleManager: Shutting down and abandoning module SequenceRecorder (264)
[2017.06.09-20.30.08:715][139]LogModuleManager: Shutting down and abandoning module AutomationController (262)
[2017.06.09-20.30.08:715][139]LogModuleManager: Shutting down and abandoning module AutomationWorker (260)
[2017.06.09-20.30.08:715][139]LogModuleManager: Shutting down and abandoning module AIModule (258)
[2017.06.09-20.30.08:715][139]LogModuleManager: Shutting down and abandoning module GameplayDebugger (257)
[2017.06.09-20.30.08:715][139]LogModuleManager: Shutting down and abandoning module AITestSuite (255)
[2017.06.09-20.30.08:715][139]LogModuleManager: Shutting down and abandoning module WmfMediaFactory (252)
[2017.06.09-20.30.08:715][139]LogModuleManager: Shutting down and abandoning module MfMediaFactory (250)
[2017.06.09-20.30.08:715][139]LogModuleManager: Shutting down and abandoning module AvfMediaFactory (248)
[2017.06.09-20.30.08:715][139]LogModuleManager: Shutting down and abandoning module AndroidMediaFactory (246)
[2017.06.09-20.30.08:715][139]LogModuleManager: Shutting down and abandoning module Media (245)
[2017.06.09-20.30.08:715][139]LogModuleManager: Shutting down and abandoning module CharacterAI (242)
[2017.06.09-20.30.08:715][139]LogModuleManager: Shutting down and abandoning module SessionServices (240)
[2017.06.09-20.30.08:715][139]LogModuleManager: Shutting down and abandoning module MovieSceneCapture (238)
[2017.06.09-20.30.08:715][139]LogModuleManager: Shutting down and abandoning module GeometryCache (236)
[2017.06.09-20.30.08:715][139]LogModuleManager: Shutting down and abandoning module GeometryCacheEd (235)
[2017.06.09-20.30.08:715][139]LogModuleManager: Shutting down and abandoning module Niagara (232)
[2017.06.09-20.30.08:715][139]LogModuleManager: Shutting down and abandoning module StreamingPauseRendering (230)
[2017.06.09-20.30.08:715][139]LogModuleManager: Shutting down and abandoning module PortalServices (228)
[2017.06.09-20.30.08:715][139]LogModuleManager: Shutting down and abandoning module PortalRpc (226)
[2017.06.09-20.30.08:715][139]LogModuleManager: Shutting down and abandoning module MessagingRpc (224)
[2017.06.09-20.30.08:715][139]LogModuleManager: Shutting down and abandoning module ProfilerService (222)
[2017.06.09-20.30.08:744][139]LogModuleManager: Shutting down and abandoning module TaskGraph (220)
[2017.06.09-20.30.08:754][139]LogModuleManager: Shutting down and abandoning module SteamVRController (218)
[2017.06.09-20.30.08:754][139]LogModuleManager: Shutting down and abandoning module SteamVR (216)
[2017.06.09-20.30.08:754][139]LogModuleManager: Shutting down and abandoning module ProceduralMeshComponent (214)
[2017.06.09-20.30.08:754][139]LogModuleManager: Shutting down and abandoning module OculusLibrary (212)
[2017.06.09-20.30.08:754][139]LogModuleManager: Shutting down and abandoning module OculusInput (210)
[2017.06.09-20.30.08:754][139]LogModuleManager: Shutting down and abandoning module MobilePatchingUtils (208)
[2017.06.09-20.30.08:754][139]LogModuleManager: Shutting down and abandoning module CustomMeshComponent (206)
[2017.06.09-20.30.08:754][139]LogModuleManager: Shutting down and abandoning module CableComponent (204)
[2017.06.09-20.30.08:754][139]LogModuleManager: Shutting down and abandoning module ArchVisCharacter (202)
[2017.06.09-20.30.08:754][139]LogModuleManager: Shutting down and abandoning module HTML5Networking (198)
[2017.06.09-20.30.08:754][139]LogModuleManager: Shutting down and abandoning module VisualStudioSourceCodeAccess (196)
[2017.06.09-20.30.08:754][139]LogModuleManager: Shutting down and abandoning module DesktopPlatform (195)
[2017.06.09-20.30.08:761][139]LogModuleManager: Shutting down and abandoning module HotReload (193)
[2017.06.09-20.30.08:761][139]LogModuleManager: Shutting down and abandoning module DirectoryWatcher (192)
[2017.06.09-20.30.08:768][139]LogModuleManager: Shutting down and abandoning module UObjectPlugin (188)
[2017.06.09-20.30.08:768][139]LogModuleManager: Shutting down and abandoning module SubversionSourceControl (186)
[2017.06.09-20.30.08:768][139]LogModuleManager: Shutting down and abandoning module PerforceSourceControl (184)
[2017.06.09-20.30.08:768][139]LogModuleManager: Shutting down and abandoning module SourceControl (183)
[2017.06.09-20.30.08:787][139]LogModuleManager: Shutting down and abandoning module PhysXVehiclesEditor (180)
[2017.06.09-20.30.08:787][139]LogModuleManager: Shutting down and abandoning module PhysXVehicles (178)
[2017.06.09-20.30.08:787][139]LogModuleManager: Shutting down and abandoning module LocationServicesBPLibrary (176)
[2017.06.09-20.30.08:787][139]LogModuleManager: Shutting down and abandoning module UdpMessaging (174)
[2017.06.09-20.30.08:787][139]LogModuleManager: Shutting down and abandoning module TcpMessaging (172)
[2017.06.09-20.30.08:787][139]LogModuleManager: Shutting down and abandoning module GameplayTagsEditor (170)
[2017.06.09-20.30.08:787][139]LogModuleManager: Shutting down and abandoning module FacialAnimation (168)
[2017.06.09-20.30.08:787][139]LogModuleManager: Shutting down and abandoning module LightPropagationVolumeRuntime (166)
[2017.06.09-20.30.08:787][139]LogModuleManager: Shutting down and abandoning module Paper2D (164)
[2017.06.09-20.30.08:787][139]LogModuleManager: Shutting down and abandoning module WindowsMoviePlayer (162)
[2017.06.09-20.30.08:787][139]LogModuleManager: Shutting down and abandoning module WmfMedia (160)
[2017.06.09-20.30.08:787][139]LogModuleManager: Shutting down and abandoning module MfMedia (158)
[2017.06.09-20.30.08:787][139]LogModuleManager: Shutting down and abandoning module MediaAssets (156)
[2017.06.09-20.30.08:787][139]LogModuleManager: Shutting down and abandoning module GameLiveStreaming (154)
[2017.06.09-20.30.08:787][139]LogModuleManager: Shutting down and abandoning module VREditor (152)
[2017.06.09-20.30.08:787][139]LogModuleManager: Shutting down and abandoning module GameplayTasksEditor (150)
[2017.06.09-20.30.08:787][139]LogModuleManager: Shutting down and abandoning module BehaviorTreeEditor (148)
[2017.06.09-20.30.08:799][139]LogModuleManager: Shutting down and abandoning module FunctionalTesting (146)
[2017.06.09-20.30.08:799][139]LogModuleManager: Shutting down and abandoning module CollisionAnalyzer (144)
[2017.06.09-20.30.08:804][139]LogModuleManager: Shutting down and abandoning module UMG (142)
[2017.06.09-20.30.08:804][139]LogModuleManager: Shutting down and abandoning module UMGEditor (141)
[2017.06.09-20.30.08:813][139]LogModuleManager: Shutting down and abandoning module Sequencer (140)
[2017.06.09-20.30.08:821][139]LogModuleManager: Shutting down and abandoning module AssetTools (138)
[2017.06.09-20.30.08:835][139]LogModuleManager: Shutting down and abandoning module MessageLog (137)
[2017.06.09-20.30.08:835][139]LogModuleManager: Shutting down and abandoning module WorkspaceMenuStructure (136)
[2017.06.09-20.30.08:835][139]LogModuleManager: Shutting down and abandoning module SlateReflector (130)
[2017.06.09-20.30.08:855][139]LogModuleManager: Shutting down and abandoning module Slate (128)
[2017.06.09-20.30.08:855][139]LogModuleManager: Shutting down and abandoning module EditorStyle (126)
[2017.06.09-20.30.08:858][139]LogModuleManager: Shutting down and abandoning module Messaging (124)
[2017.06.09-20.30.08:858][139]LogModuleManager: Shutting down and abandoning module SourceCodeAccess (122)
[2017.06.09-20.30.08:858][139]LogModuleManager: Shutting down and abandoning module HeadMountedDisplay (120)
[2017.06.09-20.30.08:858][139]LogModuleManager: Shutting down and abandoning module XAudio2 (118)
[2017.06.09-20.30.08:858][139]LogModuleManager: Shutting down and abandoning module Networking (116)
[2017.06.09-20.30.08:858][139]LogModuleManager: Shutting down and abandoning module Core (114)
[2017.06.09-20.30.08:858][139]LogModuleManager: Shutting down and abandoning module KismetCompiler (112)
[2017.06.09-20.30.08:858][139]LogModuleManager: Shutting down and abandoning module PhysXFormats (110)
[2017.06.09-20.30.08:858][139]LogModuleManager: Shutting down and abandoning module MeshUtilities (108)
[2017.06.09-20.30.08:866][139]LogModuleManager: Shutting down and abandoning module SimplygonSwarm (107)
[2017.06.09-20.30.08:866][139]LogModuleManager: Shutting down and abandoning module SimplygonMeshReduction (105)
[2017.06.09-20.30.08:866][139]LogModuleManager: Shutting down and abandoning module QuadricMeshReduction (103)
[2017.06.09-20.30.08:866][139]LogModuleManager: Shutting down and abandoning module PropertyEditor (101)
[2017.06.09-20.30.08:884][139]LogModuleManager: Shutting down and abandoning module AssetRegistry (98)
[2017.06.09-20.30.08:884][139]LogModuleManager: Shutting down and abandoning module DerivedDataCache (96)
[2017.06.09-20.30.08:886][139]LogDerivedDataCache: Shutdown
[2017.06.09-20.30.08:886][139]LogModuleManager: Shutting down and abandoning module TargetPlatform (94)
[2017.06.09-20.30.08:886][139]LogModuleManager: Shutting down and abandoning module VulkanShaderFormat (93)
[2017.06.09-20.30.08:886][139]LogModuleManager: Shutting down and abandoning module ShaderFormatOpenGL (91)
[2017.06.09-20.30.08:896][139]LogModuleManager: Shutting down and abandoning module ShaderFormatD3D (89)
[2017.06.09-20.30.08:896][139]LogModuleManager: Shutting down and abandoning module MetalShaderFormat (87)
[2017.06.09-20.30.08:905][139]LogModuleManager: Shutting down and abandoning module TextureFormatUncompressed (85)
[2017.06.09-20.30.08:905][139]LogModuleManager: Shutting down and abandoning module TextureFormatPVR (83)
[2017.06.09-20.30.08:905][139]LogModuleManager: Shutting down and abandoning module TextureFormatDXT (81)
[2017.06.09-20.30.08:905][139]LogModuleManager: Shutting down and abandoning module TextureFormatIntelISPCTexComp (79)
[2017.06.09-20.30.08:905][139]LogModuleManager: Shutting down and abandoning module TextureFormatASTC (77)
[2017.06.09-20.30.08:905][139]LogModuleManager: Shutting down and abandoning module ImageWrapper (76)
[2017.06.09-20.30.08:905][139]LogModuleManager: Shutting down and abandoning module TextureFormatAndroid (73)
[2017.06.09-20.30.08:905][139]LogModuleManager: Shutting down and abandoning module AudioFormatOpus (71)
[2017.06.09-20.30.08:905][139]LogModuleManager: Shutting down and abandoning module AudioFormatOgg (69)
[2017.06.09-20.30.08:905][139]LogModuleManager: Shutting down and abandoning module AudioFormatADPCM (67)
[2017.06.09-20.30.08:905][139]LogModuleManager: Shutting down and abandoning module WindowsTargetPlatform (65)
[2017.06.09-20.30.08:905][139]LogModuleManager: Shutting down and abandoning module WindowsServerTargetPlatform (63)
[2017.06.09-20.30.08:905][139]LogModuleManager: Shutting down and abandoning module WindowsNoEditorTargetPlatform (61)
[2017.06.09-20.30.08:905][139]LogModuleManager: Shutting down and abandoning module WindowsClientTargetPlatform (59)
[2017.06.09-20.30.08:906][139]LogModuleManager: Shutting down and abandoning module InputCore (56)
[2017.06.09-20.30.08:906][139]LogModuleManager: Shutting down and abandoning module Settings (54)
[2017.06.09-20.30.08:906][139]LogModuleManager: Shutting down and abandoning module OculusRift (52)
[2017.06.09-20.30.08:906][139]LogModuleManager: Shutting down and abandoning module GearVR (50)
[2017.06.09-20.30.08:906][139]LogModuleManager: Shutting down and abandoning module ExampleDeviceProfileSelector (48)
[2017.06.09-20.30.08:906][139]LogModuleManager: Shutting down and abandoning module OnlineBlueprintSupport (46)
[2017.06.09-20.30.08:906][139]LogModuleManager: Shutting down and abandoning module OnlineSubsystem (42)
[2017.06.09-20.30.08:916][139]LogOnline:Display: STEAM: OnlineSubsystemSteam::Shutdown()
[2017.06.09-20.30.08:963][139]LogOnline:Display: Unloading online subsystem: STEAM
[2017.06.09-20.30.08:963][139]LogOnline:Display: STEAM: OnlineSubsystemSteam::Shutdown()
[2017.06.09-20.30.08:963][139]LogOnline:Display: Unloading online subsystem: NULL
[2017.06.09-20.30.08:989][139]LogModuleManager: Shutting down and abandoning module XMPP (37)
[2017.06.09-20.30.09:002][139]LogModuleManager: Shutting down and abandoning module HTTP (35)
[2017.06.09-20.30.09:037][139]LogModuleManager: Shutting down and abandoning module SSL (34)
[2017.06.09-20.30.09:045][139]LogModuleManager: Shutting down and abandoning module AudioEditor (30)
[2017.06.09-20.30.09:045][139]LogModuleManager: Shutting down and abandoning module TextureCompressor (28)
[2017.06.09-20.30.09:058][139]LogModuleManager: Shutting down and abandoning module ShaderCore (26)
[2017.06.09-20.30.09:058][139]LogModuleManager: Shutting down and abandoning module Landscape (24)
[2017.06.09-20.30.09:058][139]LogModuleManager: Shutting down and abandoning module SlateRHIRenderer (22)
[2017.06.09-20.30.09:070][139]LogModuleManager: Shutting down and abandoning module OpenGLDrv (20)
[2017.06.09-20.30.09:077][139]LogModuleManager: Shutting down and abandoning module D3D11RHI (18)
[2017.06.09-20.30.09:077][139]LogModuleManager: Shutting down and abandoning module AnimGraphRuntime (16)
[2017.06.09-20.30.09:077][139]LogModuleManager: Shutting down and abandoning module Renderer (14)
[2017.06.09-20.30.09:077][139]LogModuleManager: Shutting down and abandoning module Engine (12)
[2017.06.09-20.30.09:077][139]LogModuleManager: Shutting down and abandoning module CoreUObject (10)
[2017.06.09-20.30.09:077][139]LogModuleManager: Shutting down and abandoning module NetworkFile (8)
[2017.06.09-20.30.09:086][139]LogModuleManager: Shutting down and abandoning module StreamingFile (6)
[2017.06.09-20.30.09:096][139]LogModuleManager: Shutting down and abandoning module SandboxFile (4)
[2017.06.09-20.30.09:096][139]LogModuleManager: Shutting down and abandoning module PakFile (2)
[2017.06.09-20.30.09:114][139]LogExit: Exiting.
[2017.06.09-20.30.09:116][139]Log file closed, 06/10/17 05:30:09
