Log file open, 05/31/17 02:47:27
LogInit:Display: Running engine for game: UNNAMED
LogPlatformFile: Not using cached read wrapper
LogInit:Display: RandInit(1786574580) SRandInit(1786574580).
LogTaskGraph: Started task graph with 5 named threads and 8 total threads with 1 sets of task threads.
LogStats: Stats thread started at 0.101874
LogInit: Using libcurl 7.47.1
LogInit:  - built for x86_64-pc-win32
LogInit:  - supports SSL with OpenSSL/1.0.2g
LogInit:  - supports HTTP deflate (compression) using libz 1.2.8
LogInit:  - other features:
LogInit:      CURL_VERSION_SSL
LogInit:      CURL_VERSION_LIBZ
LogInit:      CURL_VERSION_IPV6
LogInit:      CURL_VERSION_ASYNCHDNS
LogInit:      CURL_VERSION_LARGEFILE
LogInit:      CURL_VERSION_IDN
LogInit:  CurlRequestOptions (configurable via config and command line):
LogInit:  - bVerifyPeer = false  - Libcurl will NOT verify peer certificate
LogInit:  - bUseHttpProxy = false  - Libcurl will NOT use HTTP proxy
LogInit:  - bDontReuseConnections = false  - Libcurl will reuse connections
LogInit:  - CertBundlePath = nullptr  - Libcurl will use whatever was configured at build time.
LogOnline:Display: STEAM: Loading Steam SDK 1.32
LogOnline:Warning: STEAM: Steam API disabled!
LogOnline:Display: STEAM: OnlineSubsystemSteam::Shutdown()
LogInit: WinSock: version 1.1 (2.2), MaxSocks=32767, MaxUdp=65467
LogInit: Build: ++UE4+Release-4.15-CL-3348071
LogInit: Engine Version: 4.15.1-3348071+++UE4+Release-4.15
LogInit: Compatible Engine Version: 4.15.0-3299760+++UE4+Release-4.15
LogInit: Net CL: 3299760
LogDevObjectVersion: Number of dev versions registered: 14
LogDevObjectVersion:   Dev-Blueprints (B0D832E4-1F89-4F0D-ACCF-7EB736FD4AA2): 8
LogDevObjectVersion:   Dev-Build (E1C64328-A22C-4D53-A36C-8E866417BD8C): 0
LogDevObjectVersion:   Dev-Core (375EC13C-06E4-48FB-B500-84F0262A717E): 2
LogDevObjectVersion:   Dev-Editor (E4B068ED-F494-42E9-A231-DA0B2E46BB41): 14
LogDevObjectVersion:   Dev-Framework (CFFC743F-43B0-4480-9391-14DF171D2073): 22
LogDevObjectVersion:   Dev-Mobile (B02B49B5-BB20-44E9-A304-32B752E40360): 0
LogDevObjectVersion:   Dev-Networking (A4E4105C-59A1-49B5-A7C5-40C4547EDFEE): 0
LogDevObjectVersion:   Dev-Online (39C831C9-5AE6-47DC-9A44-9C173E1C8E7C): 0
LogDevObjectVersion:   Dev-Physics (78F01B33-EBEA-4F98-B9B4-84EACCB95AA2): 0
LogDevObjectVersion:   Dev-Platform (6631380F-2D4D-43E0-8009-CF276956A95A): 0
LogDevObjectVersion:   Dev-Rendering (12F88B9F-8875-4AFC-A67C-D90C383ABD29): 12
LogDevObjectVersion:   Dev-Sequencer (7B5AE74C-D270-4C10-A958-57980B212A5A): 3
LogDevObjectVersion:   Dev-VR (D7296918-1DD6-4BDD-9DE2-64A83CC13884): 0
LogDevObjectVersion:   Dev-LoadTimes (C2A15278-BFE7-4AFE-6C17-90FF531DF755): 1
LogInit: Compiled (64-bit): Mar 15 2017 16:52:47
LogInit: Compiled with Visual C++: 19.00.23026.00
LogInit: Build Configuration: Development
LogInit: Branch Name: ++UE4+Release-4.15
LogInit: Command line:  
LogInit: Base directory: C:/Program Files/Epic Games/UE_4.15/Engine/Binaries/Win64/
LogInit: Installed Engine Build: 1
LogInit: Presizing for max 8388607 objects, including 0 objects not considered by GC, pre-allocating 0 bytes for permanent pool.
LogInit: Object subsystem initialized
[2017.05.30-17.47.28:737][  0]LogInit: Selected Device Profile: [Windows]
[2017.05.30-17.47.28:737][  0]LogInit: Applying CVar settings loaded from the selected device profile: [Windows]
[2017.05.30-17.47.28:746][  0]LogInit: Computer: DESKTOP-5I3HB32
[2017.05.30-17.47.28:746][  0]LogInit: User: jcy
[2017.05.30-17.47.28:746][  0]LogInit: CPU Page size=65536, Cores=4
[2017.05.30-17.47.28:746][  0]LogInit: High frequency timer resolution =2.533206 MHz
[2017.05.30-17.47.28:746][  0]LogMemory: Memory total: Physical=11.9GB (12GB approx)
[2017.05.30-17.47.28:746][  0]LogMemory: Platform Memory Stats for Windows
[2017.05.30-17.47.28:746][  0]LogMemory: Process Physical Memory: 267.73 MB used, 267.73 MB peak
[2017.05.30-17.47.28:746][  0]LogMemory: Process Virtual Memory: 262.67 MB used, 262.67 MB peak
[2017.05.30-17.47.28:746][  0]LogMemory: Physical Memory: 4031.21 MB used,  8178.65 MB free, 12209.86 MB total
[2017.05.30-17.47.28:746][  0]LogMemory: Virtual Memory: 633.54 MB used,  8178.65 MB free, 134217728.00 MB total
[2017.05.30-17.47.28:856][  0]LogInit: Overriding culture en with editor configuration.
[2017.05.30-17.47.29:764][  0]LogD3D11RHI: D3D11 adapters:
[2017.05.30-17.47.30:474][  0]LogD3D11RHI:    0. 'NVIDIA GeForce GTX 960M' (Feature Level 11_0)
[2017.05.30-17.47.30:474][  0]LogD3D11RHI:       2019/0/6104 MB DedicatedVideo/DedicatedSystem/SharedSystem, Outputs:2, VendorId:0x10de
[2017.05.30-17.47.30:484][  0]LogD3D11RHI:    1. 'Intel(R) HD Graphics 4600' (Feature Level 11_0)
[2017.05.30-17.47.30:484][  0]LogD3D11RHI:       112/0/2048 MB DedicatedVideo/DedicatedSystem/SharedSystem, Outputs:0, VendorId:0x8086
[2017.05.30-17.47.30:486][  0]LogD3D11RHI:    2. 'Microsoft Basic Render Driver' (Feature Level 11_0)
[2017.05.30-17.47.30:486][  0]LogD3D11RHI:       0/0/6104 MB DedicatedVideo/DedicatedSystem/SharedSystem, Outputs:0, VendorId:0x1414
[2017.05.30-17.47.30:486][  0]LogD3D11RHI: Chosen D3D11 Adapter: 0
[2017.05.30-17.47.30:491][  0]LogD3D11RHI: Creating new Direct3DDevice
[2017.05.30-17.47.30:491][  0]LogD3D11RHI:     GPU DeviceId: 0x139b (for the marketing name, search the web for "GPU Device Id")
[2017.05.30-17.47.30:491][  0]LogWindows: EnumDisplayDevices:
[2017.05.30-17.47.30:491][  0]LogWindows:    0. 'Intel(R) HD Graphics 4600' (P:1 D:1)
[2017.05.30-17.47.30:492][  0]LogWindows:    1. 'Intel(R) HD Graphics 4600' (P:0 D:1)
[2017.05.30-17.47.30:492][  0]LogWindows:    2. 'Intel(R) HD Graphics 4600' (P:0 D:0)
[2017.05.30-17.47.30:492][  0]LogWindows: DebugString: PrimaryIsNotTheChoosenAdapter PrimaryIsNotTheChoosenAdapter PrimaryIsNotTheChoosenAdapter FoundDriverCount:0 
[2017.05.30-17.47.30:492][  0]LogD3D11RHI:     Adapter Name: NVIDIA GeForce GTX 960M
[2017.05.30-17.47.30:492][  0]LogD3D11RHI:   Driver Version: Unknown (internal:Unknown, unified:Unknown)
[2017.05.30-17.47.30:492][  0]LogD3D11RHI:      Driver Date: Unknown
[2017.05.30-17.47.30:492][  0]LogRHI: Texture pool is 1361 MB (70% of 1945 MB)
[2017.05.30-17.47.31:137][  0]LogD3D11RHI: Async texture creation enabled
[2017.05.30-17.47.31:344][  0]LogD3D11RHI: GPU Timing Frequency: 1000.000000 (Debug: 2 1)
[2017.05.30-17.47.31:345][  0]LogShaderCompilers: Guid format shader working directory is -16 characters bigger than the processId version (../../../../../../Users/jcy/Documents/GitHub/UNNAMED/UNNAMED/Intermediate/Shaders/WorkingDirectory/2488/).
[2017.05.30-17.47.31:345][  0]LogShaderCompilers: Cleaned the shader compiler working directory 'C:/Users/jcy/AppData/Local/Temp/UnrealShaderWorkingDir/53E9C72943423E9FB82A00AEF835A186/'.
[2017.05.30-17.47.31:345][  0]LogShaderCompilers:Display: Using Local Shader Compiler.
[2017.05.30-17.47.32:756][  0]LogTemp:Display: Loaded TP AllDesktopTargetPlatform
[2017.05.30-17.47.32:833][  0]LogTemp:Display: Loaded TP MacClientTargetPlatform
[2017.05.30-17.47.32:909][  0]LogTemp:Display: Loaded TP MacNoEditorTargetPlatform
[2017.05.30-17.47.32:984][  0]LogTemp:Display: Loaded TP MacServerTargetPlatform
[2017.05.30-17.47.33:062][  0]LogTemp:Display: Loaded TP MacTargetPlatform
[2017.05.30-17.47.33:132][  0]LogTemp:Display: Loaded TP WindowsClientTargetPlatform
[2017.05.30-17.47.33:206][  0]LogTemp:Display: Loaded TP WindowsNoEditorTargetPlatform
[2017.05.30-17.47.33:281][  0]LogTemp:Display: Loaded TP WindowsServerTargetPlatform
[2017.05.30-17.47.33:342][  0]LogTemp:Display: Loaded TP WindowsTargetPlatform
[2017.05.30-17.47.33:418][  0]LogTemp:Display: Loaded TP AndroidTargetPlatform
[2017.05.30-17.47.33:490][  0]LogTemp:Display: Loaded TP Android_ASTCTargetPlatform
[2017.05.30-17.47.33:564][  0]LogTemp:Display: Loaded TP Android_ATCTargetPlatform
[2017.05.30-17.47.33:653][  0]LogTemp:Display: Loaded TP Android_DXTTargetPlatform
[2017.05.30-17.47.33:728][  0]LogTemp:Display: Loaded TP Android_ETC1TargetPlatform
[2017.05.30-17.47.33:802][  0]LogTemp:Display: Loaded TP Android_ETC2TargetPlatform
[2017.05.30-17.47.33:947][  0]LogTemp:Display: Loaded TP Android_MultiTargetPlatform
[2017.05.30-17.47.33:947][  0]LogTemp:Display: Loaded TP Android_PVRTCTargetPlatform
[2017.05.30-17.47.34:001][  0]LogTemp:Display: Loaded TP HTML5TargetPlatform
[2017.05.30-17.47.34:134][  0]LogTemp:Display: Loaded TP IOSTargetPlatform
[2017.05.30-17.47.34:177][  0]LogTemp:Display: Loaded TP TVOSTargetPlatform
[2017.05.30-17.47.34:258][  0]LogTemp:Display: Loaded TP LinuxClientTargetPlatform
[2017.05.30-17.47.34:333][  0]LogTemp:Display: Loaded TP LinuxNoEditorTargetPlatform
[2017.05.30-17.47.34:407][  0]LogTemp:Display: Loaded TP LinuxServerTargetPlatform
[2017.05.30-17.47.34:483][  0]LogTemp:Display: Loaded TP LinuxTargetPlatform
[2017.05.30-17.47.34:483][  0]LogTargetPlatformManager:Display: Building Assets For Windows
[2017.05.30-17.47.35:083][  0]LogDerivedDataCache:Display: Max Cache Size: 512 MB
[2017.05.30-17.47.35:178][  0]LogDerivedDataCache: Loaded boot cache 0.09s 50MB C:/Users/jcy/AppData/Local/UnrealEngine/4.15/DerivedDataCache/Boot.ddc.
[2017.05.30-17.47.35:178][  0]LogDerivedDataCache:Display: Loaded Boot cache: C:/Users/jcy/AppData/Local/UnrealEngine/4.15/DerivedDataCache/Boot.ddc
[2017.05.30-17.47.35:178][  0]LogDerivedDataCache: FDerivedDataBackendGraph:  Pak pak cache file ../../../../../../Users/jcy/Documents/GitHub/UNNAMED/UNNAMED/DerivedDataCache/DDC.ddp not found, will not use a pak cache.
[2017.05.30-17.47.35:178][  0]LogDerivedDataCache: Unable to find inner node Pak for hierarchical cache Hierarchy.
[2017.05.30-17.47.35:178][  0]LogDerivedDataCache: FDerivedDataBackendGraph:  CompressedPak pak cache file ../../../../../../Users/jcy/Documents/GitHub/UNNAMED/UNNAMED/DerivedDataCache/Compressed.ddp not found, will not use a pak cache.
[2017.05.30-17.47.35:178][  0]LogDerivedDataCache: Unable to find inner node CompressedPak for hierarchical cache Hierarchy.
[2017.05.30-17.47.35:197][  0]LogDerivedDataCache:Display: Pak cache opened for reading ../../../Engine/DerivedDataCache/Compressed.ddp.
[2017.05.30-17.47.35:210][  0]LogDerivedDataCache: Using Local data cache path C:/Users/jcy/AppData/Local/UnrealEngine/Common/DerivedDataCache: Writable
[2017.05.30-17.47.35:227][  0]LogSlate: Using Freetype 2.6.0
[2017.05.30-17.47.35:228][  0]LogSlate: SlateFontCache - WITH_FREETYPE: 1, WITH_HARFBUZZ: 1
[2017.05.30-17.47.35:228][  0]LogSlate: SlateFontCache - WITH_FREETYPE: 1, WITH_HARFBUZZ: 1
[2017.05.30-17.47.35:674][  0]LogInit: Selected Device Profile: [Windows]
[2017.05.30-17.47.35:677][  0]LogContentStreaming: Texture pool size is 0.00 MB
[2017.05.30-17.47.36:006][  0]LogMeshUtilities: Using QuadricMeshReduction for automatic static mesh reduction
[2017.05.30-17.47.36:067][  0]LogSimplygon: Simplygon DLL not present - disabling.
[2017.05.30-17.47.36:142][  0]LogMeshUtilities: Using SimplygonSwarm for distributed automatic mesh merging
[2017.05.30-17.47.36:142][  0]LogMeshUtilities: No automatic skeletal mesh reduction module available
[2017.05.30-17.47.36:142][  0]LogMeshUtilities: No automatic mesh merging module available
[2017.05.30-17.47.36:917][  0]LogNetVersion: GetLocalNetworkVersion: CL: 3299760, ProjectName: unnamed, ProjectVersion: , EngineNetworkVersion: 2, GameNetworkVersion: 0, NetworkChecksum: 1184173371
[2017.05.30-17.47.36:968][  0]LogAssetRegistry: FAssetRegistry took 0.0218 seconds to start up
[2017.05.30-17.47.37:034][  0]LogPackageLocalizationCache: Processed 3 localized package path(s) for 1 prioritized culture(s) in 0.034954 seconds
[2017.05.30-17.47.37:044][  0]LogUObjectArray: 32501 objects as part of root set at end of initial load.
[2017.05.30-17.47.37:044][  0]LogUObjectAllocator: 7291104 out of 0 bytes used by permanent object pool.
[2017.05.30-17.47.37:044][  0]LogUObjectArray: CloseDisregardForGC: 0/0 objects in disregard for GC pool
[2017.05.30-17.47.39:794][  0]LogTcpMessaging: Initializing TcpMessaging bridge
[2017.05.30-17.47.39:853][  0]LogUdpMessaging: Initializing bridge on interface 0.0.0.0:0 to multicast group 230.0.0.1:6666.
[2017.05.30-17.47.40:517][  0]LogMaterial: Uniform references updated for custom material expression Custom.
[2017.05.30-17.47.41:075][  0]SourceControl: Info Source control is disabled
[2017.05.30-17.47.41:077][  0]SourceControl: Info Source control is disabled
[2017.05.30-17.47.41:149][  0]SourceControl: Info Source control is disabled
[2017.05.30-17.47.41:224][  0]SourceControl: Info Source control is disabled
[2017.05.30-17.47.43:059][  0]LogEngine: Initializing Engine...
[2017.05.30-17.47.43:060][  0]LogHMD: Failed to initialize OpenVR with code 110
[2017.05.30-17.47.43:389][  0]LogAIModule: Creating AISystem for world Untitled
[2017.05.30-17.47.43:398][  0]LogInit: XAudio2 using '스피커(Realtek High Definition Audio)' : 2 channels at 48 kHz using 32 bits per sample (channel mask 0x3)
[2017.05.30-17.47.43:445][  0]LogInit: FAudioDevice initialized.
[2017.05.30-17.47.43:492][  0]LogDerivedDataCache: Saved boot cache 0.05s 50MB C:/Users/jcy/AppData/Local/UnrealEngine/4.15/DerivedDataCache/Boot.ddc.
[2017.05.30-17.47.43:508][  0]LogInit: Texture streaming: Enabled
[2017.05.30-17.47.43:636][  0]LogEngineSessionManager: EngineSessionManager initialized
[2017.05.30-17.47.43:764][  0]LogInit: Transaction tracking system initialized
[2017.05.30-17.47.44:283][  0]BlueprintLog: New page: Editor Load
[2017.05.30-17.47.45:576][  0]LocalizationService: Info Localization service is disabled
[2017.05.30-17.47.46:594][  0]LogConsoleResponse:Display: 
[2017.05.30-17.47.46:751][  0]LogCook:Display: Max memory allowance for cook 16384mb min free memory 0mb
[2017.05.30-17.47.46:751][  0]LogCook:Display: Mobile HDR setting 1
[2017.05.30-17.47.47:703][  0]LogFileCache: Scanning file cache for directory 'C:/Users/jcy/Documents/GitHub/UNNAMED/UNNAMED/Content/' took 0.07s
[2017.05.30-17.47.48:373][  0]SourceControl: Info Source control is disabled
[2017.05.30-17.47.48:373][  0]Cmd: MAP LOAD FILE="../../../../../../Users/jcy/Documents/GitHub/UNNAMED/UNNAMED/Content/Map/map01.umap" TEMPLATE=0 SHOWPROGRESS=1 FEATURELEVEL=3
[2017.05.30-17.47.48:374][  0]LightingResults: New page: Lighting Build
[2017.05.30-17.47.48:440][  0]MapCheck: New page: Map Check
[2017.05.30-17.47.48:440][  0]LightingResults: New page: Lighting Build
[2017.05.30-17.47.49:564][  0]LogClass:Warning: Enum '/Game/BP/E_GameState.E_GameState' was upgraded to use FText to store its display name data. Please re-save this asset to avoid issues with localization and determinstic cooking.
[2017.05.30-17.47.50:055][  0]LogBlueprint:Warning: [Compiler DariAniBP] Warning  dari_jump_Anim to TripleShot  will never be taken, please connect something to  Can Enter Transition
[2017.05.30-17.47.50:055][  0]LogBlueprint:Warning: [Compiler DariAniBP] Warning  Idle to dari_shift_Anim  will never be taken, please connect something to  Can Enter Transition
[2017.05.30-17.47.50:055][  0]LogBlueprint:Warning: [Compiler DariAniBP] Warning  dari_run_Anim to dari_shift_Anim  will never be taken, please connect something to  Can Enter Transition
[2017.05.30-17.47.50:068][  0]LogBlueprint:Warning: [Compiler DariAniBP] Warning [0024.54] Compile of DariAniBP successful, but with 3 Warning(s) [in 24 ms] (/Game/C_Dari/DariAniBP.DariAniBP)
[2017.05.30-17.47.50:069][  0]LogBlueprint:Warning: [Compiler DariAniBP] Warning [0024.54] Compile of DariAniBP successful, but with 4 Warning(s) [in 0 ms] (/Game/C_Dari/DariAniBP.DariAniBP)
[2017.05.30-17.47.50:069][  0]LogBlueprint:Warning: [Compiler DariAniBP] Warning [0024.54] Compile of DariAniBP successful, but with 5 Warning(s) [in 0 ms] (/Game/C_Dari/DariAniBP.DariAniBP)
[2017.05.30-17.47.51:504][  0]LogBlueprint:Warning: [Compiler DariAniBP] Warning  dari_jump_Anim to TripleShot  will never be taken, please connect something to  Can Enter Transition
[2017.05.30-17.47.51:504][  0]LogBlueprint:Warning: [Compiler DariAniBP] Warning  Idle to dari_shift_Anim  will never be taken, please connect something to  Can Enter Transition
[2017.05.30-17.47.51:504][  0]LogBlueprint:Warning: [Compiler DariAniBP] Warning  dari_run_Anim to dari_shift_Anim  will never be taken, please connect something to  Can Enter Transition
[2017.05.30-17.47.51:516][  0]LogBlueprint:Warning: [Compiler DariAniBP] Warning [0025.98] Compile of DariAniBP successful, but with 3 Warning(s) [in 19 ms] (/Game/C_Dari/DariAniBP.DariAniBP)
[2017.05.30-17.47.51:516][  0]LogBlueprint:Warning: [Compiler DariAniBP] Warning [0025.98] Compile of DariAniBP successful, but with 4 Warning(s) [in 0 ms] (/Game/C_Dari/DariAniBP.DariAniBP)
[2017.05.30-17.47.51:516][  0]LogBlueprint:Warning: [Compiler DariAniBP] Warning [0025.98] Compile of DariAniBP successful, but with 5 Warning(s) [in 0 ms] (/Game/C_Dari/DariAniBP.DariAniBP)
[2017.05.30-17.47.53:332][  0]LogAIModule: Creating AISystem for world map01
[2017.05.30-17.47.53:390][  0]LogEditorServer: Finished looking for orphan Actors (0.000 secs)
[2017.05.30-17.47.53:391][  0]Cmd: MAP CHECKDEP NOCLEARLOG
[2017.05.30-17.47.53:596][  0]MapCheck: Info Map check complete: 0 Error(s), 0 Warning(s), took 205.362ms to complete.
[2017.05.30-17.47.53:596][  0]LogFileHelpers: Loading map 'map01' took 5.224
[2017.05.30-17.47.53:898][  0]LogCollectionManager: Loaded 1 collections in 0.004584 seconds
[2017.05.30-17.47.54:016][  0]LogFileCache: Scanning file cache for directory 'C:/Users/jcy/Documents/GitHub/UNNAMED/UNNAMED/Saved/Collections/' took 0.01s
[2017.05.30-17.47.54:016][  0]LogFileCache: Scanning file cache for directory 'C:/Users/jcy/Documents/GitHub/UNNAMED/UNNAMED/Content/Developers/jcy/Collections/' took 0.01s
[2017.05.30-17.47.54:016][  0]LogFileCache: Scanning file cache for directory 'C:/Users/jcy/Documents/GitHub/UNNAMED/UNNAMED/Content/Collections/' took 0.01s
[2017.05.30-17.47.54:016][  0]LogCollectionManager: Rebuilt the GUID cache for 1 collections in 0.000012 seconds
[2017.05.30-17.47.54:016][  0]LogCollectionManager: Rebuilt the hierarchy cache for 1 collections in 0.000000 seconds
[2017.05.30-17.47.54:031][  0]LogContentBrowser: Native class hierarchy populated in 0.0141 seconds. Added 2247 classes and 456 folders.
[2017.05.30-17.47.54:037][  0]LogStats: UGameplayTagsManager::ConstructGameplayTagTree: Construct from data asset -  0.000 s
[2017.05.30-17.47.54:037][  0]LogStats: UGameplayTagsManager::ConstructGameplayTagTree: GameplayTagTreeChangedEvent.Broadcast -  0.000 s
[2017.05.30-17.47.54:138][  0]LogContentBrowser: Native class hierarchy updated for 'WidgetCarousel' in 0.0010 seconds. Added 0 classes and 0 folders.
[2017.05.30-17.47.54:220][  0]LogContentBrowser: Native class hierarchy updated for 'AddContentDialog' in 0.0013 seconds. Added 0 classes and 0 folders.
[2017.05.30-17.47.54:313][  0]LogContentBrowser: Native class hierarchy updated for 'SceneOutliner' in 0.0006 seconds. Added 1 classes and 2 folders.
[2017.05.30-17.47.54:530][  0]LogCrashTracker: Crashtracker disabled due to settings.
[2017.05.30-17.47.54:545][  0]LogUObjectGlobals:Warning: Failed to find object 'Class None.'
[2017.05.30-17.47.54:646][  0]LogContentBrowser: Native class hierarchy updated for 'HierarchicalLODOutliner' in 0.0006 seconds. Added 1 classes and 2 folders.
[2017.05.30-17.47.54:647][  0]LogLoad: (Engine Initialization) Total time: 29.11 seconds
[2017.05.30-17.47.54:647][  0]LogLoad: (Engine Initialization) Total Blueprint compile time: 2.11 seconds
[2017.05.30-17.47.54:647][  0]LogExternalProfiler: Found external profiler: VSPerf
[2017.05.30-17.47.54:647][  0]LogExternalProfiler: Using external profiler: VSPerf
[2017.05.30-17.47.54:670][  0]LogOcInput: OculusInput pre-init called
[2017.05.30-17.47.54:693][  0]LogContentStreaming: Texture pool size now 1000 MB
[2017.05.30-17.47.54:694][  0]LogSlate: Took 0.000257 seconds to synchronously load lazily loaded font '../../../Engine/Content/Slate/Fonts/Roboto-Regular.ttf' (155K)
[2017.05.30-17.47.54:699][  0]LogSlate: Took 0.000754 seconds to synchronously load lazily loaded font '../../../Engine/Content/Slate/Fonts/Roboto-Bold.ttf' (160K)
[2017.05.30-17.47.54:705][  0]LogSlate: Took 0.000415 seconds to synchronously load lazily loaded font '../../../Engine/Content/Editor/Slate/Fonts/FontAwesome.ttf' (139K)
[2017.05.30-17.47.54:899][  0]LogSlate: Took 0.000769 seconds to synchronously load lazily loaded font '../../../Engine/Content/Slate/Fonts/Roboto-Light.ttf' (159K)
[2017.05.30-17.47.54:939][  0]LogRenderer: Reallocating scene render targets to support 1160x576 NumSamples 1 (Frame:2).
[2017.05.30-17.47.54:939][  0]LogSlate: Took 0.003078 seconds to synchronously load lazily loaded font '../../../Engine/Content/Slate/Fonts/DroidSansFallback.ttf' (3848K)
[2017.05.30-17.47.55:231][  4]LogAssetRegistry: Asset discovery search completed in 18.2852 seconds
[2017.05.30-17.47.55:232][  4]LogCollectionManager: Rebuilt the object cache for 1 collections in 0.000020 seconds (found 0 objects)
[2017.05.30-17.47.55:232][  4]LogCollectionManager: Fixed up redirectors for 1 collections in 0.000043 seconds (updated 0 objects)
[2017.05.30-17.47.55:711][ 24]LogSlate: Took 0.000247 seconds to synchronously load lazily loaded font '../../../Engine/Content/Slate/Fonts/Roboto-Light.ttf' (159K)
[2017.05.30-17.47.56:439][ 24]LogContentBrowser: Native class hierarchy updated for 'BlueprintGraph' in 0.0010 seconds. Added 112 classes and 0 folders.
[2017.05.30-17.47.58:422][ 24]LogMaterial: Missing cached shader map for material textmat2, compiling. 
[2017.05.30-17.47.58:423][ 24]LogTemp:Display: Added material ShaderMap 0x000002782D088B80 with Material 0x000002782CE45D00 to ShaderMapsBeingCompiled
[2017.05.30-17.47.58:464][ 24]LogTemp:Display: Kicking off shader compilation for textmat2, GameThreadShaderMap 0x000002782D088B80
[2017.05.30-17.47.58:590][ 24]LogMaterial: Missing cached shader map for material textmat2, compiling. 
[2017.05.30-17.47.58:591][ 24]LogTemp:Display: Added material ShaderMap 0x00000277AC1CA400 with Material 0x000002782CE45D00 to ShaderMapsBeingCompiled
[2017.05.30-17.47.58:610][ 24]LogTemp:Display: Kicking off shader compilation for textmat2, GameThreadShaderMap 0x00000277AC1CA400
[2017.05.30-17.47.58:610][ 24]LogMaterial: 0.00 seconds spent updating 1 materials, 1 interfaces, 0 instances, 0 with static permutations.
[2017.05.30-17.47.58:651][ 24]LogMaterial: Missing cached shader map for material FMatExpressionPreview MaterialExpressionFontSampleParameter_2, compiling. 
[2017.05.30-17.47.58:652][ 24]LogTemp:Display: Added material ShaderMap 0x00000277ABFCEE80 with Material 0x00000277AC037A00 to ShaderMapsBeingCompiled
[2017.05.30-17.47.58:657][ 24]LogTemp:Display: Kicking off shader compilation for FMatExpressionPreview MaterialExpressionFontSampleParameter_2, GameThreadShaderMap 0x00000277ABFCEE80
[2017.05.30-17.47.58:685][ 24]LogMaterial: Missing cached shader map for material textmat, compiling. 
[2017.05.30-17.47.58:686][ 24]LogTemp:Display: Added material ShaderMap 0x00000277ABFCC100 with Material 0x00000277AC050E00 to ShaderMapsBeingCompiled
[2017.05.30-17.47.58:724][ 24]LogTemp:Display: Kicking off shader compilation for textmat, GameThreadShaderMap 0x00000277ABFCC100
[2017.05.30-17.47.58:911][ 24]LogMaterial: Missing cached shader map for material textmat, compiling. 
[2017.05.30-17.47.58:912][ 24]LogTemp:Display: Added material ShaderMap 0x00000278332E2780 with Material 0x00000277AC050E00 to ShaderMapsBeingCompiled
[2017.05.30-17.47.58:950][ 24]LogTemp:Display: Kicking off shader compilation for textmat, GameThreadShaderMap 0x00000278332E2780
[2017.05.30-17.47.58:950][ 24]LogMaterial: 0.00 seconds spent updating 1 materials, 1 interfaces, 0 instances, 0 with static permutations.
[2017.05.30-17.47.58:978][ 24]LogMaterial: Missing cached shader map for material FMatExpressionPreview MaterialExpressionFontSampleParameter_2, compiling. 
[2017.05.30-17.47.58:980][ 24]LogTemp:Display: Added material ShaderMap 0x000002783407E780 with Material 0x0000027834173A00 to ShaderMapsBeingCompiled
[2017.05.30-17.47.58:984][ 24]LogTemp:Display: Kicking off shader compilation for FMatExpressionPreview MaterialExpressionFontSampleParameter_2, GameThreadShaderMap 0x000002783407E780
[2017.05.30-17.47.59:766][ 24]LogSlate: Took 0.000514 seconds to synchronously load lazily loaded font '../../../Engine/Content/Editor/Slate/Fonts/Roboto-BoldCondensed.ttf' (158K)
[2017.05.30-17.48.01:494][ 60]LogTemp:Display: Finished compile of shader map 0x00000277AC1CA400
[2017.05.30-17.48.01:494][ 60]LogTemp:Display: Shader map textmat2 complete, GameThreadShaderMap 0x00000277AC1CA400, marking material textmat2 as finished
[2017.05.30-17.48.01:494][ 60]LogTemp:Display: Marking material as finished 0x000002782CE45D00
[2017.05.30-17.48.01:527][ 61]MaterialEditorStats: Info Base pass shader with only dynamic lighting: 67 instructions
[2017.05.30-17.48.01:527][ 61]MaterialEditorStats: Info Vertex shader: 32 instructions
[2017.05.30-17.48.01:527][ 61]MaterialEditorStats: Info Texture samplers: 1/16
[2017.05.30-17.48.01:529][ 61]LogTemp:Display: Finished compile of shader map 0x00000277ABFCEE80
[2017.05.30-17.48.01:529][ 61]LogTemp:Display: Shader map FMatExpressionPreview MaterialExpressionFontSampleParameter_2 complete, GameThreadShaderMap 0x00000277ABFCEE80, marking material FMatExpressionPreview MaterialExpressionFontSampleParameter_2 as finished
[2017.05.30-17.48.01:529][ 61]LogTemp:Display: Marking material as finished 0x00000277AC037A00
[2017.05.30-17.48.03:912][135]LogTemp:Display: Finished compile of shader map 0x00000278332E2780
[2017.05.30-17.48.03:912][135]LogTemp:Display: Shader map textmat complete, GameThreadShaderMap 0x00000278332E2780, marking material textmat as finished
[2017.05.30-17.48.03:912][135]LogTemp:Display: Marking material as finished 0x00000277AC050E00
[2017.05.30-17.48.03:939][136]MaterialEditorStats: Info Base pass shader with only dynamic lighting: 67 instructions
[2017.05.30-17.48.03:939][136]MaterialEditorStats: Info Vertex shader: 32 instructions
[2017.05.30-17.48.03:939][136]MaterialEditorStats: Info Texture samplers: 1/16
[2017.05.30-17.48.03:940][136]LogTemp:Display: Finished compile of shader map 0x000002783407E780
[2017.05.30-17.48.03:940][136]LogTemp:Display: Shader map FMatExpressionPreview MaterialExpressionFontSampleParameter_2 complete, GameThreadShaderMap 0x000002783407E780, marking material FMatExpressionPreview MaterialExpressionFontSampleParameter_2 as finished
[2017.05.30-17.48.03:940][136]LogTemp:Display: Marking material as finished 0x0000027834173A00
[2017.05.30-17.48.07:138][313]LogEditorViewport: Clicking on Actor (LMB): StaticMeshActor (Floor)
[2017.05.30-17.48.07:932][353]LogEditorViewport: Clicking on Actor (LMB): ShowDamage_C (ShowDamage)
[2017.05.30-17.48.08:879][403]Cmd: DELETE
[2017.05.30-17.48.08:879][403]Cmd: ACTOR DELETE
[2017.05.30-17.48.08:881][403]LogEditorActor: Deleted Actor: ShowDamage_C
[2017.05.30-17.48.08:987][403]LogEditorActor: Deleted 1 Actors (0.108 secs)
[2017.05.30-17.48.27:017][404]Cmd: TRANSACTION UNDO
[2017.05.30-17.48.27:017][404]LogEditorTransaction: Undo Delete Actors
[2017.05.30-17.48.27:052][404]LogMaterial: Missing cached shader map for material textmat2, compiling. 
[2017.05.30-17.48.27:053][404]LogTemp:Display: Added material ShaderMap 0x0000027784929280 with Material 0x000002782CE45D00 to ShaderMapsBeingCompiled
[2017.05.30-17.48.27:074][404]LogTemp:Display: Kicking off shader compilation for textmat2, GameThreadShaderMap 0x0000027784929280
[2017.05.30-17.48.27:074][404]LogMaterial: 0.00 seconds spent updating 1 materials, 1 interfaces, 0 instances, 0 with static permutations.
[2017.05.30-17.48.27:078][404]LogMaterial: Missing cached shader map for material textmat, compiling. 
[2017.05.30-17.48.27:078][404]LogTemp:Display: Added material ShaderMap 0x0000027781C36780 with Material 0x00000277AC050E00 to ShaderMapsBeingCompiled
[2017.05.30-17.48.27:108][404]LogTemp:Display: Kicking off shader compilation for textmat, GameThreadShaderMap 0x0000027781C36780
[2017.05.30-17.48.27:109][404]LogMaterial: 0.00 seconds spent updating 1 materials, 1 interfaces, 0 instances, 0 with static permutations.
[2017.05.30-17.48.27:135][404]LogSlate: Took 0.000397 seconds to synchronously load lazily loaded font '../../../Engine/Content/Slate/Fonts/Roboto-Light.ttf' (159K)
[2017.05.30-17.48.28:464][446]LogEditorTransaction: Undo Clicking on Actors
[2017.05.30-17.48.28:572][446]LogMaterial: Missing cached shader map for material textmat2, compiling. 
[2017.05.30-17.48.28:574][446]LogTemp:Display: Added material ShaderMap 0x0000027780C68480 with Material 0x000002782CE45D00 to ShaderMapsBeingCompiled
[2017.05.30-17.48.28:615][446]LogTemp:Display: Kicking off shader compilation for textmat2, GameThreadShaderMap 0x0000027780C68480
[2017.05.30-17.48.28:616][446]LogMaterial: 0.00 seconds spent updating 1 materials, 1 interfaces, 0 instances, 0 with static permutations.
[2017.05.30-17.48.28:621][446]LogMaterial: Missing cached shader map for material textmat, compiling. 
[2017.05.30-17.48.28:623][446]LogTemp:Display: Added material ShaderMap 0x0000027781B99600 with Material 0x00000277AC050E00 to ShaderMapsBeingCompiled
[2017.05.30-17.48.28:657][446]LogTemp:Display: Kicking off shader compilation for textmat, GameThreadShaderMap 0x0000027781B99600
[2017.05.30-17.48.28:658][446]LogMaterial: 0.00 seconds spent updating 1 materials, 1 interfaces, 0 instances, 0 with static permutations.
[2017.05.30-17.48.29:420][467]LogTemp:Display: Finished compile of shader map 0x0000027784929280
[2017.05.30-17.48.29:420][467]LogTemp:Display: Shader map textmat2 complete, GameThreadShaderMap 0x0000027784929280, marking material textmat2 as finished
[2017.05.30-17.48.29:420][467]LogTemp:Display: Marking material as finished 0x000002782CE45D00
[2017.05.30-17.48.31:631][523]LogTemp:Display: Finished compile of shader map 0x0000027780C68480
[2017.05.30-17.48.31:631][523]LogTemp:Display: Shader map textmat2 complete, GameThreadShaderMap 0x0000027780C68480, marking material textmat2 as finished
[2017.05.30-17.48.31:631][523]LogTemp:Display: Marking material as finished 0x000002782CE45D00
[2017.05.30-17.48.33:792][581]LogTemp:Display: Finished compile of shader map 0x0000027781B99600
[2017.05.30-17.48.33:792][581]LogTemp:Display: Shader map textmat complete, GameThreadShaderMap 0x0000027781B99600, marking material textmat as finished
[2017.05.30-17.48.33:792][581]LogTemp:Display: Marking material as finished 0x00000277AC050E00
[2017.05.30-17.48.37:917][800]MaterialEditorStats: Info Base pass shader with only dynamic lighting: 67 instructions
[2017.05.30-17.48.37:917][800]MaterialEditorStats: Info Vertex shader: 32 instructions
[2017.05.30-17.48.37:917][800]MaterialEditorStats: Info Texture samplers: 1/16
[2017.05.30-17.48.37:918][800]MaterialEditorStats: Info Base pass shader with only dynamic lighting: 67 instructions
[2017.05.30-17.48.37:918][800]MaterialEditorStats: Info Vertex shader: 32 instructions
[2017.05.30-17.48.37:918][800]MaterialEditorStats: Info Texture samplers: 1/16
[2017.05.30-17.48.44:092][102]BlueprintLog: New page: Compile duek
[2017.05.30-17.48.46:853][206]LogSlate: Took 0.000335 seconds to synchronously load lazily loaded font '../../../Engine/Content/Editor/Slate/Fonts/Roboto-Italic.ttf' (157K)
[2017.05.30-17.50.04:820][751]LogTemp: Repeting last play command: New Editor Window (PIE)
[2017.05.30-17.50.04:866][751]LogBlueprintUserMessages: Early PlayInEditor Detection: Level '/Game/Map/map01.map01:PersistentLevel' has LevelScriptBlueprint '/Game/Map/map01.map01:PersistentLevel.map01' with GeneratedClass '/Game/Map/map01.map01_C' with ClassGeneratedBy '/Game/Map/map01.map01:PersistentLevel.map01'
[2017.05.30-17.50.04:867][751]BlueprintLog: New page: Pre-Play auto-recompile
[2017.05.30-17.50.04:867][751]LogPlayLevel: [PlayLevel] Compiling ShowDamage before play...
[2017.05.30-17.50.05:366][751]LogPlayLevel: PlayLevel: Blueprint regeneration took 499 ms (1 blueprints)
[2017.05.30-17.50.05:366][751]LogOnline:Display: OSS: FOnlineSubsystemNull::Shutdown()
[2017.05.30-17.50.05:368][751]LogOnline:Warning: STEAM: Steam API disabled!
[2017.05.30-17.50.05:368][751]LogOnline:Display: STEAM: OnlineSubsystemSteam::Shutdown()
[2017.05.30-17.50.05:386][751]PIE: New page: PIE session: map01 (May 31, 2017, 11:50:05 AM)
[2017.05.30-17.50.05:387][751]LogPlayLevel: Creating play world package: /Game/Map/UEDPIE_1_map01
[2017.05.30-17.50.05:415][751]LogPlayLevel: PIE: StaticDuplicateObject took: (0.028696s)
[2017.05.30-17.50.05:416][751]LogAIModule: Creating AISystem for world map01
[2017.05.30-17.50.05:417][751]LogPlayLevel: PIE: World Init took: (0.001278s)
[2017.05.30-17.50.05:417][751]LogPlayLevel: PIE: Created PIE world by copying editor world from /Game/Map/map01.map01 to /Game/Map/UEDPIE_1_map01.map01 (0.030410s)
[2017.05.30-17.50.05:455][751]LogInit: XAudio2 using '스피커(Realtek High Definition Audio)' : 2 channels at 48 kHz using 32 bits per sample (channel mask 0x3)
[2017.05.30-17.50.05:496][751]LogInit: FAudioDevice initialized.
[2017.05.30-17.50.05:545][751]LogStats:Warning: MetaData mismatch. Did you assign a stat to two groups? New //STATGROUP_Threads//OnlineAsyncTaskThreadNull DefaultInstance///Thread_22e8_0///####STATCAT_Advanced#### old //STATGROUP_Threads//OnlineAsyncTaskThreadNull DefaultInstance///Thread_312c_0///####STATCAT_Advanced####
[2017.05.30-17.50.05:592][751]LogLoad: Game class is 'MyGameMode_C'
[2017.05.30-17.50.05:599][751]LogWorld: Bringing World /Game/Map/UEDPIE_1_map01.map01 up for play (max tick rate 60) at 2017.05.31-02.50.05
[2017.05.30-17.50.05:602][751]LogWorld: Bringing up level for play took: 0.009255
[2017.05.30-17.50.05:724][751]LogContentBrowser: Native class hierarchy updated for 'MovieSceneCapture' in 0.0008 seconds. Added 11 classes and 0 folders.
[2017.05.30-17.50.05:725][751]LogInit: WinSock: Socket queue 131072 / 131072
[2017.05.30-17.50.05:725][751]LogInit: WinSock: I am DESKTOP-5I3HB32 (192.168.1.2:0)
[2017.05.30-17.50.05:725][751]PacketHandlerLog: Loaded PacketHandler component: Engine.EngineHandlerComponentFactory (StatelessConnectHandlerComponent)
[2017.05.30-17.50.05:725][751]LogNet: GameNetDriver IpNetDriver_0 IpNetDriver listening on port 7777
[2017.05.30-17.50.05:725][751]LogGameMode:Display: Match State Changed from EnteringMap to WaitingToStart
[2017.05.30-17.50.05:725][751]LogGameState: Match State Changed from EnteringMap to WaitingToStart
[2017.05.30-17.50.05:725][751]LogGameMode:Display: Match State Changed from WaitingToStart to InProgress
[2017.05.30-17.50.05:735][751]LogBlueprintUserMessages: [messageScroll_116] Server: DESKTOP-5I3HB32-1A7C
[2017.05.30-17.50.05:741][751]LogBlueprintUserMessages: [playercon_C_0] Server: 1
[2017.05.30-17.50.05:742][751]LogGameState: Match State Changed from WaitingToStart to InProgress
[2017.05.30-17.50.05:753][751]PIE: Info Play in editor start time for /Game/Map/UEDPIE_1_map01 0.114
[2017.05.30-17.50.05:761][751]PIE: New page: PIE session: map01 (May 31, 2017, 11:50:05 AM)
[2017.05.30-17.50.05:850][751]LogNet: Browse: 127.0.0.1//Game/Map/Main
[2017.05.30-17.50.05:851][751]LogInit: WinSock: Socket queue 32768 / 32768
[2017.05.30-17.50.05:851][751]PacketHandlerLog: Loaded PacketHandler component: Engine.EngineHandlerComponentFactory (StatelessConnectHandlerComponent)
[2017.05.30-17.50.05:852][751]LogNet: Game client on port 7777, rate 10000
[2017.05.30-17.50.05:852][751]LogNetVersion: GetLocalNetworkVersion: CL: 3299760, ProjectName: unnamed, ProjectVersion: 1.0.0.0, EngineNetworkVersion: 2, GameNetworkVersion: 0, NetworkChecksum: 2893060150
[2017.05.30-17.50.05:852][751]LogNet: UPendingNetGame::InitNetDriver: Sending hello. [UNetConnection] RemoteAddr: 127.0.0.1:7777, Name: IpConnection_0, Driver: PendingNetDriver IpNetDriver_1, IsServer: NO, PC: NULL, Owner: NULL
[2017.05.30-17.50.05:862][751]PIE: Info Play in editor start time for /Game/Map/Main 0.223
[2017.05.30-17.50.05:892][751]LogBlueprintUserMessages: Late PlayInEditor Detection: Level '/Game/Map/map01.map01:PersistentLevel' has LevelScriptBlueprint '/Game/Map/map01.map01:PersistentLevel.map01' with GeneratedClass '/Game/Map/map01.map01_C' with ClassGeneratedBy '/Game/Map/map01.map01:PersistentLevel.map01'
[2017.05.30-17.50.05:893][751]LogNet: NotifyAcceptingConnection accepted from: 127.0.0.1:53974
[2017.05.30-17.50.05:893][751]LogHandshake: SendConnectChallenge. Timestamp: 0.022999, Cookie: 197177010098222253085070019111003069128151196093243133123090
[2017.05.30-17.50.05:948][751]LogHandshake: SendChallengeResponse. Timestamp: 0.022999, Cookie: 197177010098222253085070019111003069128151196093243133123090
[2017.05.30-17.50.06:086][751]LogRenderer: Reallocating scene render targets to support 1292x756 NumSamples 1 (Frame:4520).
[2017.05.30-17.50.06:179][752]LogNet: NotifyAcceptingConnection accepted from: 127.0.0.1:53974
[2017.05.30-17.50.06:179][752]LogNet: Server accepting post-challenge connection from: 127.0.0.1:53974
[2017.05.30-17.50.06:179][752]PacketHandlerLog: Loaded PacketHandler component: Engine.EngineHandlerComponentFactory (StatelessConnectHandlerComponent)
[2017.05.30-17.50.06:179][752]LogNet: NotifyAcceptedConnection: Name: map01, TimeStamp: 05/31/17 02:50:06, [UNetConnection] RemoteAddr: 127.0.0.1:53974, Name: IpConnection_1, Driver: GameNetDriver IpNetDriver_0, IsServer: YES, PC: NULL, Owner: NULL
[2017.05.30-17.50.06:179][752]LogNet: AddClientConnection: Added client connection: [UNetConnection] RemoteAddr: 127.0.0.1:53974, Name: IpConnection_1, Driver: GameNetDriver IpNetDriver_0, IsServer: YES, PC: NULL, Owner: NULL
[2017.05.30-17.50.06:179][752]LogNet: NotifyAcceptingChannel Control 0 server World /Game/Map/UEDPIE_1_map01.map01: Accepted
[2017.05.30-17.50.06:179][752]LogNet: Remote platform little endian=1
[2017.05.30-17.50.06:179][752]LogNet: This platform little endian=1
[2017.05.30-17.50.06:181][752]PIE:Warning: Warning This widget does not support focus.  If this is a UserWidget, you should set bIsFocusable to true.
[2017.05.30-17.50.06:185][752]LogBlueprintUserMessages: [CharacterSelect_278] Server: duek_C
[2017.05.30-17.50.06:329][753]LogNet: Login request: /Game/Map/Main?Name=DESKTOP-5I3HB32-4DC4C94F4D03CCC8CB5B8FA6DE4AE6B0 userId: DESKTOP-5I3HB32-4DC4C94F4D03CCC8CB5B8FA6DE4AE6B0
[2017.05.30-17.50.06:330][753]LogNet: Welcomed by server (Level: /Game/Map/UEDPIE_1_map01, Game: /Game/BP/MyGameMode.MyGameMode_C)
[2017.05.30-17.50.06:330][753]LogLoad: LoadMap: 127.0.0.1//Game/Map/UEDPIE_1_map01?game=/Game/BP/MyGameMode.MyGameMode_C
[2017.05.30-17.50.06:359][753]Cmd: MEM
[2017.05.30-17.50.06:383][753]LogMemory: Platform Memory Stats for Windows
[2017.05.30-17.50.06:383][753]LogMemory: Process Physical Memory: 2000.48 MB used, 2000.99 MB peak
[2017.05.30-17.50.06:383][753]LogMemory: Process Virtual Memory: 3571.06 MB used, 3572.25 MB peak
[2017.05.30-17.50.06:383][753]LogMemory: Physical Memory: 5978.36 MB used,  6231.50 MB free, 12209.86 MB total
[2017.05.30-17.50.06:383][753]LogMemory: Virtual Memory: 4350.13 MB used,  6231.50 MB free, 134217728.00 MB total
[2017.05.30-17.50.06:383][753]LogMemory: 
[2017.05.30-17.50.06:383][753]Allocator Stats for TBB: (not implemented)
[2017.05.30-17.50.06:415][753]LogAIModule: Creating AISystem for world map01
[2017.05.30-17.50.06:446][753]LogWorld: Bringing World /Game/Map/UEDPIE_2_map01.map01 up for play (max tick rate 60) at 2017.05.31-02.50.06
[2017.05.30-17.50.06:447][753]LogWorld: Bringing up level for play took: 0.030866
[2017.05.30-17.50.06:447][753]LogLoad: Took 0.117165 seconds to LoadMap(/Game/Map/UEDPIE_1_map01)
[2017.05.30-17.50.06:502][754]LogNet: Client netspeed is 10000
[2017.05.30-17.50.06:503][754]LogNet: Join request: /Game/Map/Main?Name=DESKTOP-5I3HB32-4DC4C94F4D03CCC8CB5B8FA6DE4AE6B0?SplitscreenCount=1
[2017.05.30-17.50.06:503][754]LogOnline:Warning: OSS: No game present to join for session (Game)
[2017.05.30-17.50.06:505][754]LogNet: Join succeeded: DESKTOP-5I3HB32-4DC4
[2017.05.30-17.50.06:593][756]LogOnline:Warning: OSS: No game present to join for session (Game)
[2017.05.30-17.50.06:679][757]LogBlueprintUserMessages: [PHUD_C_1] Client -2: lsk
[2017.05.30-17.50.06:697][758]LogOnline:Warning: OSS: No game present to join for session (Game)
[2017.05.30-17.50.06:800][761]PIE:Warning: Warning This widget does not support focus.  If this is a UserWidget, you should set bIsFocusable to true.
[2017.05.30-17.50.06:803][761]LogBlueprintUserMessages: [CharacterSelect_278] Client 1: Ribecca_C
[2017.05.30-17.51.03:320][773]LogStats: FPlatformStackWalk::StackWalkAndDump - 56.095 s
[2017.05.30-17.51.03:320][773]LogOutputDevice:Error: === Handled ensure: ===
[2017.05.30-17.51.03:320][773]LogOutputDevice:Error: 
[2017.05.30-17.51.03:320][773]LogOutputDevice:Error: Ensure condition failed: !Primitive->Bounds.BoxExtent.ContainsNaN() && !Primitive->Bounds.Origin.ContainsNaN() && !FMath::IsNaN(Primitive->Bounds.SphereRadius) && FMath::IsFinite(Primitive->Bounds.SphereRadius) [File:D:\Build\++UE4+Release-4.15+Compile\Sync\Engine\Source\Runtime\Renderer\Private\RendererScene.cpp] [Line: 840]
[2017.05.30-17.51.03:320][773]LogOutputDevice:Error: Nans found on Bounds for Primitive TextRender: Origin X=0.000 Y=0.000 Z=0.000, BoxExtent X=224431804776448.000 Y=26148200702699110400.000 Z=7470914329412370432.000, SphereRadius inf
[2017.05.30-17.51.03:320][773]LogOutputDevice:Error: Stack: 
[2017.05.30-17.51.03:320][773]LogOutputDevice:Error: UE4Editor-Core.dll!FWindowsPlatformStackWalk::StackWalkAndDump() [d:\build\++ue4+release-4.15+compile\sync\engine\source\runtime\core\private\windows\windowsplatformstackwalk.cpp:200]
[2017.05.30-17.51.03:320][773]LogOutputDevice:Error: UE4Editor-Core.dll!FDebug::EnsureFailed() [d:\build\++ue4+release-4.15+compile\sync\engine\source\runtime\core\private\misc\assertionmacros.cpp:233]
[2017.05.30-17.51.03:320][773]LogOutputDevice:Error: UE4Editor-Core.dll!FDebug::OptionallyLogFormattedEnsureMessageReturningFalse() [d:\build\++ue4+release-4.15+compile\sync\engine\source\runtime\core\private\misc\assertionmacros.cpp:360]
[2017.05.30-17.51.03:320][773]LogOutputDevice:Error: UE4Editor-Renderer.dll!FScene::UpdatePrimitiveTransform() [d:\build\++ue4+release-4.15+compile\sync\engine\source\runtime\renderer\private\rendererscene.cpp:839]
[2017.05.30-17.51.03:320][773]LogOutputDevice:Error: UE4Editor-Engine.dll!UPrimitiveComponent::SendRenderTransform_Concurrent() [d:\build\++ue4+release-4.15+compile\sync\engine\source\runtime\engine\private\components\primitivecomponent.cpp:439]
[2017.05.30-17.51.03:320][773]LogOutputDevice:Error: UE4Editor-Engine.dll!UActorComponent::DoDeferredRenderUpdates_Concurrent() [d:\build\++ue4+release-4.15+compile\sync\engine\source\runtime\engine\private\components\actorcomponent.cpp:1339]
[2017.05.30-17.51.03:320][773]LogOutputDevice:Error: UE4Editor-Engine.dll!<lambda_84ef201158980e38c95774b626cde698>::operator()() [d:\build\++ue4+release-4.15+compile\sync\engine\source\runtime\engine\private\leveltick.cpp:935]
[2017.05.30-17.51.03:320][773]LogOutputDevice:Error: UE4Editor-Engine.dll!ParallelForWithPreWork() [d:\build\++ue4+release-4.15+compile\sync\engine\source\runtime\core\public\async\parallelfor.h:221]
[2017.05.30-17.51.03:320][773]LogOutputDevice:Error: UE4Editor-Engine.dll!UWorld::SendAllEndOfFrameUpdates() [d:\build\++ue4+release-4.15+compile\sync\engine\source\runtime\engine\private\leveltick.cpp:949]
[2017.05.30-17.51.03:320][773]LogOutputDevice:Error: UE4Editor-Renderer.dll!FRendererModule::BeginRenderingViewFamily() [d:\build\++ue4+release-4.15+compile\sync\engine\source\runtime\renderer\private\scenerendering.cpp:1834]
[2017.05.30-17.51.03:320][773]LogOutputDevice:Error: UE4Editor-Engine.dll!UGameViewportClient::Draw() [d:\build\++ue4+release-4.15+compile\sync\engine\source\runtime\engine\private\gameviewportclient.cpp:1172]
[2017.05.30-17.51.03:320][773]LogOutputDevice:Error: UE4Editor-Engine.dll!FViewport::Draw() [d:\build\++ue4+release-4.15+compile\sync\engine\source\runtime\engine\private\unrealclient.cpp:1185]
[2017.05.30-17.51.03:320][773]LogOutputDevice:Error: UE4Editor-UnrealEd.dll!UEditorEngine::Tick() [d:\build\++ue4+release-4.15+compile\sync\engine\source\editor\unrealed\private\editorengine.cpp:1823]
[2017.05.30-17.51.03:320][773]LogOutputDevice:Error: UE4Editor-UnrealEd.dll!UUnrealEdEngine::Tick() [d:\build\++ue4+release-4.15+compile\sync\engine\source\editor\unrealed\private\unrealedengine.cpp:391]
[2017.05.30-17.51.03:320][773]LogOutputDevice:Error: UE4Editor.exe!FEngineLoop::Tick() [d:\build\++ue4+release-4.15+compile\sync\engine\source\runtime\launch\private\launchengineloop.cpp:3025]
[2017.05.30-17.51.03:320][773]LogOutputDevice:Error: UE4Editor.exe!GuardedMain() [d:\build\++ue4+release-4.15+compile\sync\engine\source\runtime\launch\private\launch.cpp:166]
[2017.05.30-17.51.03:320][773]LogOutputDevice:Error: UE4Editor.exe!GuardedMainWrapper() [d:\build\++ue4+release-4.15+compile\sync\engine\source\runtime\launch\private\windows\launchwindows.cpp:134]
[2017.05.30-17.51.03:320][773]LogOutputDevice:Error: UE4Editor.exe!WinMain() [d:\build\++ue4+release-4.15+compile\sync\engine\source\runtime\launch\private\windows\launchwindows.cpp:210]
[2017.05.30-17.51.03:320][773]LogOutputDevice:Error: UE4Editor.exe!__scrt_common_main_seh() [f:\dd\vctools\crt\vcstartup\src\startup\exe_common.inl:264]
[2017.05.30-17.51.03:320][773]LogOutputDevice:Error: KERNEL32.DLL!0x0000000095032774
[2017.05.30-17.51.03:320][773]LogOutputDevice:Error: ntdll.dll!0x00000000977F0D61
[2017.05.30-17.51.03:320][773]LogOutputDevice:Error: 
[2017.05.30-17.51.03:329][773]LogStats:                SubmitErrorReport -  0.000 s
